------------------------------------------------------------
/usr/bin/pip3 run on Wed Oct 28 00:40:16 2020
Downloading/unpacking pathlib2
  Getting page https://pypi.python.org/simple/pathlib2/
  URLs to search for versions for pathlib2:
  * https://pypi.python.org/simple/pathlib2/
  Analyzing links from page https://pypi.org/simple/pathlib2/
    Found link https://files.pythonhosted.org/packages/23/6b/3a91ba851df061f16a20dca26691f3eb8502c25d8db4353aa264113475d4/pathlib2-2.0-py2.py3-none-any.whl#sha256=1477c8da008b672b50d24482966eaf3dc4ebeb488ec218f3a2a6c6e4d4258a9b (from https://pypi.org/simple/pathlib2/), version: 2.0
    Found link https://files.pythonhosted.org/packages/68/a8/21f66c7bd2f7be594d30a3d4f9c1e466155706cc1262100b16c2762bb369/pathlib2-2.0.tar.gz#sha256=5d88844f6026ff355fa9cba2dede42a74c3f63c792509491250fad5578ebe792 (from https://pypi.org/simple/pathlib2/), version: 2.0
    Found link https://files.pythonhosted.org/packages/a1/2d/afbdb347ec81c3927436a84e294b018468c85c26376b7dd68ece81c34e68/pathlib2-2.0.1-py2.py3-none-any.whl#sha256=a2b8137490b369f61e751dd41f6cd79cc44b49e4d4cd848bd2bc77f4a21b5693 (from https://pypi.org/simple/pathlib2/), version: 2.0.1
    Found link https://files.pythonhosted.org/packages/aa/6a/2a39c10193458685bd30af3dc7bee4ad294f3daa0d6349b379c22439fcb2/pathlib2-2.0.1.tar.gz#sha256=25488c80f3b07785b483380d476db14f702679514d61003bf86846b4c233957f (from https://pypi.org/simple/pathlib2/), version: 2.0.1
    Found link https://files.pythonhosted.org/packages/b8/1b/02efe53150500722d1b5bbe3d9dd5a417fe07df05566595cf9114ced3c39/pathlib2-2.1.0-py2.py3-none-any.whl#sha256=24e0b33e1333b55e73c9d1e9a8342417d519f7789a9d3b440f4acd00ea45157e (from https://pypi.org/simple/pathlib2/), version: 2.1.0
    Found link https://files.pythonhosted.org/packages/c9/27/8448b10d8440c08efeff0794adf7d0ed27adb98372c70c7b38f3947d4749/pathlib2-2.1.0.tar.gz#sha256=deb3a960c1d55868dfbcac98432358b92ba89d95029cddd4040db1f27405055c (from https://pypi.org/simple/pathlib2/), version: 2.1.0
    Found link https://files.pythonhosted.org/packages/46/a7/b9075f38fc385b0df237a2dda147f9c8caa52af47cb121c76d43733e3ebb/pathlib2-2.2.0-py2.py3-none-any.whl#sha256=f7028dc0537d37a6f87d13856d45427b71d3c722eb91058ea2605daeddaa7435 (from https://pypi.org/simple/pathlib2/), version: 2.2.0
    Found link https://files.pythonhosted.org/packages/7e/29/8f106fbb7e00db38dd94512041fe17ac368f0738f369fd24ed0c2e9137e3/pathlib2-2.2.0.tar.gz#sha256=a34e82120e503ebeee9e4c4f6a6f199b117a58819d18ed0c7f8cc944d435086b (from https://pypi.org/simple/pathlib2/), version: 2.2.0
    Found link https://files.pythonhosted.org/packages/a4/ec/cf874077622c302317753c06f6cbead4ed9fb9db0aff73268d67301d6250/pathlib2-2.2.1-py2.py3-none-any.whl#sha256=31b7bac38144612b18fb55adc4285e34a766ae64fdb1200c72e0b0cdd632ef4b (from https://pypi.org/simple/pathlib2/), version: 2.2.1
    Found link https://files.pythonhosted.org/packages/ab/d8/ac7489d50146f29d0a14f65545698f4545d8a6b739b24b05859942048b56/pathlib2-2.2.1.tar.gz#sha256=ce9007df617ef6b7bd8a31cd2089ed0c1fed1f7c23cf2bf1ba140b3dd563175d (from https://pypi.org/simple/pathlib2/), version: 2.2.1
    Found link https://files.pythonhosted.org/packages/74/4e/68add57f8b993bb5da70c22c7eebb4266c7b66cab15095a1578cc6a62b1a/pathlib2-2.3.0-py2.py3-none-any.whl#sha256=db3e43032d23787d3e9aec8c7ef1e0d2c3c589d5f303477661ebda2ca6d4bfba (from https://pypi.org/simple/pathlib2/), version: 2.3.0
    Found link https://files.pythonhosted.org/packages/a1/14/df0deb867c2733f7d857523c10942b3d6612a1b222502fdffa9439943dfb/pathlib2-2.3.0.tar.gz#sha256=d32550b75a818b289bd4c1f96b60c89957811da205afcceab75bc8b4857ea5b3 (from https://pypi.org/simple/pathlib2/), version: 2.3.0
    Found link https://files.pythonhosted.org/packages/66/a7/9f8d84f31728d78beade9b1271ccbfb290c41c1e4dc13dbd4997ad594dcd/pathlib2-2.3.2-py2.py3-none-any.whl#sha256=d1aa2a11ba7b8f7b21ab852b1fb5afb277e1bb99d5dfc663380b5015c0d80c5a (from https://pypi.org/simple/pathlib2/), version: 2.3.2
    Found link https://files.pythonhosted.org/packages/db/a8/7d6439c1aec525ed70810abee5b7d7f3aa35347f59bc28343e8f62019aa2/pathlib2-2.3.2.tar.gz#sha256=8eb170f8d0d61825e09a95b38be068299ddeda82f35e96c3301a8a5e7604cb83 (from https://pypi.org/simple/pathlib2/), version: 2.3.2
    Found link https://files.pythonhosted.org/packages/2a/46/c696dcf1c7aad917b39b875acdc5451975e3a9b4890dca8329983201c97a/pathlib2-2.3.3-py2.py3-none-any.whl#sha256=5887121d7f7df3603bca2f710e7219f3eca0eb69e0b7cc6e0a022e155ac931a7 (from https://pypi.org/simple/pathlib2/), version: 2.3.3
    Found link https://files.pythonhosted.org/packages/bf/d7/a2568f4596b75d2c6e2b4094a7e64f620decc7887f69a1f2811931ea15b9/pathlib2-2.3.3.tar.gz#sha256=25199318e8cc3c25dcb45cbe084cc061051336d5a9ea2a12448d3d8cb748f742 (from https://pypi.org/simple/pathlib2/), version: 2.3.3
    Found link https://files.pythonhosted.org/packages/67/c6/4dbf5dfdbe1140cadf765c3896acc098578626c35721bc7d3eb35f6a8fc1/pathlib2-2.3.4-py2.py3-none-any.whl#sha256=2156525d6576d21c4dcaddfa427fae887ef89a7a9de5cbfe0728b3aafa78427e (from https://pypi.org/simple/pathlib2/), version: 2.3.4
    Found link https://files.pythonhosted.org/packages/b5/f4/9c7cc726ece2498b6c8b62d3262aa43f59039b953fe23c9964ac5e18d40b/pathlib2-2.3.4.tar.gz#sha256=446014523bb9be5c28128c4d2a10ad6bb60769e78bd85658fe44a450674e0ef8 (from https://pypi.org/simple/pathlib2/), version: 2.3.4
    Found link https://files.pythonhosted.org/packages/e9/45/9c82d3666af4ef9f221cbb954e1d77ddbb513faf552aea6df5f37f1a4859/pathlib2-2.3.5-py2.py3-none-any.whl#sha256=0ec8205a157c80d7acc301c0b18fbd5d44fe655968f5d947b6ecef5290fc35db (from https://pypi.org/simple/pathlib2/), version: 2.3.5
    Found link https://files.pythonhosted.org/packages/94/d8/65c86584e7e97ef824a1845c72bbe95d79f5b306364fa778a3c3e401b309/pathlib2-2.3.5.tar.gz#sha256=6cd9a47b597b37cc57de1c05e56fb1a1c9cc9fab04fe78c29acd090418529868 (from https://pypi.org/simple/pathlib2/), version: 2.3.5
  Using version 2.3.5 (newest of versions: 2.3.5, 2.3.5, 2.3.4, 2.3.4, 2.3.3, 2.3.3, 2.3.2, 2.3.2, 2.3.0, 2.3.0, 2.2.1, 2.2.1, 2.2.0, 2.2.0, 2.1.0, 2.1.0, 2.0.1, 2.0.1, 2.0, 2.0)
  Downloading pathlib2-2.3.5-py2.py3-none-any.whl
  Downloading from URL https://files.pythonhosted.org/packages/e9/45/9c82d3666af4ef9f221cbb954e1d77ddbb513faf552aea6df5f37f1a4859/pathlib2-2.3.5-py2.py3-none-any.whl#sha256=0ec8205a157c80d7acc301c0b18fbd5d44fe655968f5d947b6ecef5290fc35db (from https://pypi.org/simple/pathlib2/)
Requirement already satisfied (use --upgrade to upgrade): six in /usr/local/lib/python3.4/dist-packages (from pathlib2)
Downloading/unpacking scandir (from pathlib2)
  Getting page https://pypi.python.org/simple/scandir/
  URLs to search for versions for scandir (from pathlib2):
  * https://pypi.python.org/simple/scandir/
  Analyzing links from page https://pypi.org/simple/scandir/
    Found link https://files.pythonhosted.org/packages/32/22/328ff34c06e681d677f5d13b9716287941f928bc76705c15bf0a5f028adf/scandir-0.4.tar.gz#sha256=a7665a760cba1b1f9a60cc77e149af547a1a22754dbce52968ea2f80a450a2aa (from https://pypi.org/simple/scandir/), version: 0.4
    Skipping link https://files.pythonhosted.org/packages/77/17/e90ea30b4c92590319d46d0b75d8d8eb0deaf8bd4f70fa613f5381519b84/scandir-0.4.win-amd64-py2.7.exe#sha256=caf4ab19554fe6e1c234db25dd21fc69bc3bd31278e2ec046b82a33b0b8db6ff (from https://pypi.org/simple/scandir/); unknown archive format: .exe
    Found link https://files.pythonhosted.org/packages/3a/05/f4936fde0aa8ce3b646b6014c59417c8cc7c1958df41e05bc77fcb098743/scandir-0.4.zip#sha256=445434d7478d62b4fd4a001585509cb978138e746c4e9b3522e1c18bd0c8defd (from https://pypi.org/simple/scandir/), version: 0.4
    Found link https://files.pythonhosted.org/packages/a4/a5/676e192847862c15d494787b6c22cbad6ddc0dc779830f2038f0f584f13d/scandir-0.5.tar.gz#sha256=330590a0216ddd85c8f2bd24f4f5139fd441ce7847b2f21eb8a9423224131946 (from https://pypi.org/simple/scandir/), version: 0.5
    Skipping link https://files.pythonhosted.org/packages/60/40/e1fbf6b216b9a16d7dcc6b9d4bcc4f0fd1b45a0da290b80e1e843b5be3c4/scandir-0.5.win-amd64-py2.7.exe#sha256=8bc1878b0e7dd03a7401fcf39b08e357545b3ac5bae20f4dee0befaef9b30ea5 (from https://pypi.org/simple/scandir/); unknown archive format: .exe
    Found link https://files.pythonhosted.org/packages/55/ab/10194045ec802aa825d75c6318ce18868c11d1df34655f30ce222ae355ad/scandir-0.5.zip#sha256=29e4f8a244d409766263cd6fbc58ad55182812eab5b0c0caf1270125b602f690 (from https://pypi.org/simple/scandir/), version: 0.5
    Found link https://files.pythonhosted.org/packages/8e/36/af0953f6fd80aed58239c1a58753ff3ebcb7b0dd56e8c65ac561760972a9/scandir-0.6.tar.gz#sha256=3b1817f7de15fb20dee71c1519b665be34e50222131ec28483644c172565eba2 (from https://pypi.org/simple/scandir/), version: 0.6
    Skipping link https://files.pythonhosted.org/packages/0c/7f/69ba6d477c45dc29c34a5740d324186ac3288295c72bf65b6feb2808435c/scandir-0.6.win-amd64-py2.7.exe#sha256=cc13b2f60d615a29e7d4183e4b62601bb7b6f600e141473ec1f91168f91a04c9 (from https://pypi.org/simple/scandir/); unknown archive format: .exe
    Found link https://files.pythonhosted.org/packages/b1/1b/a9943dea8a03c976184379eb13998fe63b6189db1d9faa8d23b60a8d7020/scandir-0.6.zip#sha256=5db5fa5882868927eeaaf7b8cd622b110042ba06315709f3d5f8d19255c57a17 (from https://pypi.org/simple/scandir/), version: 0.6
    Found link https://files.pythonhosted.org/packages/cc/1a/78d9c4fe1fa93cc3f21235acd1561aa57fb01b720e0e1f9346f0bdaba9a5/scandir-0.8.tar.gz#sha256=39fc21fe76eb7da06e11bf66294b296bdc297210bd9c215f0ba39233a6121ae4 (from https://pypi.org/simple/scandir/), version: 0.8
    Skipping link https://files.pythonhosted.org/packages/c2/df/768b6a48e90f7df58b370c7627c24bdd007e66c5cffa804b513039684c4f/scandir-0.8.win-amd64-py2.7.exe#sha256=a46e7feaa9067f07c28f707b6ff16fc7fe33b4d40b41ac9116c28ebb24ecda60 (from https://pypi.org/simple/scandir/); unknown archive format: .exe
    Found link https://files.pythonhosted.org/packages/c5/f4/e37cf215661864305aa3f1bab710fb3496c727e8e6e089968f642cdb808a/scandir-0.8.zip#sha256=40c4d9e3ba6c35129547242b52dba5f7ba89c8281f63c888437ce44166be7627 (from https://pypi.org/simple/scandir/), version: 0.8
    Found link https://files.pythonhosted.org/packages/f2/a3/32be28185cb1614ce8743fb62cfb0890f82faed779a1aeee9a377a9dbf3d/scandir-0.9.tar.gz#sha256=2a115e7793f3ab0efec76f88f25f182ae6df5b4ff5700d13f1d0f39b5f94f1bc (from https://pypi.org/simple/scandir/), version: 0.9
    Skipping link https://files.pythonhosted.org/packages/4c/89/b9361d808f0f70b426f460bb31765f2031d4a273578c933364725fd13ba2/scandir-0.9.win-amd64-py2.7.exe#sha256=3f99d6a43eb724495441bf66d0ffd6169a8c35ecce2fba2cfa696a5e0f4e77d5 (from https://pypi.org/simple/scandir/); unknown archive format: .exe
    Found link https://files.pythonhosted.org/packages/18/d2/c1dbe15186dc2cdd4c0b7c6d2ccf819dc76c7d889a6db89cd9bdb2e0b92b/scandir-0.9.zip#sha256=cdfe76daea890cebbaa3326b319447edc97cfd9e168cd050ebe7316db2e701af (from https://pypi.org/simple/scandir/), version: 0.9
    Found link https://files.pythonhosted.org/packages/9c/9a/6c60c4e1afb37f8e32c40eb95d036109b4e61aea60374f7f176f907efaad/scandir-1.0.tar.gz#sha256=e3757b6872e6ab57844605eff3f1cbbf6e08a4acf5c17e7794ef715f04a4f4d4 (from https://pypi.org/simple/scandir/), version: 1.0
    Skipping link https://files.pythonhosted.org/packages/d5/bd/75ce0af85b5b7062bfadc4d2f1b968f6d991ad56608af0a684761f9e074e/scandir-1.0.win-amd64-py2.7.exe#sha256=cbc94bd18fd69ae05770e0bd55d2e4170985da99dd80fc1eb961ab09e9301ead (from https://pypi.org/simple/scandir/); unknown archive format: .exe
    Found link https://files.pythonhosted.org/packages/d8/0c/149d490018ec0132e470613ef0bd4340d3d610d97a04d468660e2669c718/scandir-1.0.zip#sha256=24153e3f20f073f051ba07f1b733e683430ba6485a163f49efab5e0928737e88 (from https://pypi.org/simple/scandir/), version: 1.0
    Found link https://files.pythonhosted.org/packages/79/aa/85018ce834b8b8437e1f1d4fac1cef51b8b529e3a45c76ad7c15295456fe/scandir-1.1.tar.gz#sha256=3a3be7a7ef07f59731a084832f231032fd87df6200e6a703695ac1832b190d28 (from https://pypi.org/simple/scandir/), version: 1.1
    Skipping link https://files.pythonhosted.org/packages/fb/2b/16c0db8c450ffc73518076c24f5a0e6bdaf3dc40dc9b50bbca6afdb32ec7/scandir-1.1.win-amd64-py2.7.exe#sha256=e83fe00d630756d0f15a969dceb2da04464a14d0c02842a1562a7c8f7c962e99 (from https://pypi.org/simple/scandir/); unknown archive format: .exe
    Found link https://files.pythonhosted.org/packages/f2/f4/06c89d0d94a3205b81fb029b357226d7f33e990e5e0a5ebcd676e6006438/scandir-1.1.zip#sha256=c2d73ef989def870a7f32af8dafa94c1f55064f711f02b9656979b6468ee532c (from https://pypi.org/simple/scandir/), version: 1.1
    Found link https://files.pythonhosted.org/packages/8d/3d/983ace1ff2e0dd20a9e1f58b63984b0058a63bf8435cadddc036be098404/scandir-1.2.tar.gz#sha256=e31c0ce9a21cbb4f3fe838fedd7072bdd0b233d80203eafe46872a02f985c1ce (from https://pypi.org/simple/scandir/), version: 1.2
    Skipping link https://files.pythonhosted.org/packages/8d/eb/a8a5477068f6012f5a0cf29462aac395ba1eec3ed02ef12a82f5e7d8b1a8/scandir-1.2.win-amd64-py2.7.exe#sha256=c5b7cc400cf90abe039b238c723f0518fc53e4ddfc62f9f3380485a7d0583806 (from https://pypi.org/simple/scandir/); unknown archive format: .exe
    Found link https://files.pythonhosted.org/packages/87/cc/58734a67eb9d46a6f8580ef27b793329145a4f016929acf83ec864d177b6/scandir-1.2.zip#sha256=2a9bb1ed2510399c5d13882253c0b938b3d35939d5216521fc443ef8b5dfa809 (from https://pypi.org/simple/scandir/), version: 1.2
    Found link https://files.pythonhosted.org/packages/b1/73/493f392cd7e1549361e7727f75dea1c9f3a627350973018857578c8c5598/scandir-1.3.tar.gz#sha256=b57987392228376a6782ec26aeb5cae7878c7d426e85af85753b7c5ee6e14012 (from https://pypi.org/simple/scandir/), version: 1.3
    Found link https://files.pythonhosted.org/packages/19/a5/cd03025d882acedf2d7d3b92e108a147463ed71346e215b1ee7850a1a1cf/scandir-1.3.zip#sha256=46cbaa8bad687481cbe8dc9e959e4fd84017899d51c777bf10b94aac486a1668 (from https://pypi.org/simple/scandir/), version: 1.3
    Found link https://files.pythonhosted.org/packages/95/40/ddbcd295ee58d5c1126645890bcf87853e4075547308884e4f8ada27f195/scandir-1.4.tar.gz#sha256=ada8d3ddc82fd168b3f46feb393d37c722ed0553a10a3ce5426ddc5ec17d597a (from https://pypi.org/simple/scandir/), version: 1.4
    Found link https://files.pythonhosted.org/packages/16/3d/afa548d8488589d6b24b76a6006ce13b3df2651fd2aac355203faa8ec6af/scandir-1.4.zip#sha256=aa4705b089660d419ecea91f3f38f704fdb46006a6ecb53732a224c24ec4dab3 (from https://pypi.org/simple/scandir/), version: 1.4
    Found link https://files.pythonhosted.org/packages/bd/f4/3143e0289faf0883228017dbc6387a66d0b468df646645e29e1eb89ea10e/scandir-1.5.tar.gz#sha256=c2612d1a487d80fb4701b4a91ca1b8f8a695b1ae820570815e85e8c8b23f1283 (from https://pypi.org/simple/scandir/), version: 1.5
    Skipping https://files.pythonhosted.org/packages/ad/ba/72797d0d2cd7b9d2a2ca06bce94f59b8864dc737548c8169bbdf90be22ff/scandir-1.6-cp27-cp27m-win32.whl#sha256=913d0d04f3ea8f38a52a38e930a08deacd3643d71875a0751a5c01e006102998 (from https://pypi.org/simple/scandir/) because it is not compatible with this Python
    Skipping https://files.pythonhosted.org/packages/11/a1/1d8ad784bb1755b74e4e1b6a0d44575444c9a0e3982a09e1af74e5791854/scandir-1.6-cp27-cp27m-win_amd64.whl#sha256=eb9d4a55bbeb0473a9c7d3ff81e12d44f0ad86daff48b02a95e2398c87ff1a00 (from https://pypi.org/simple/scandir/) because it is not compatible with this Python
    Skipping https://files.pythonhosted.org/packages/a8/40/accb6524ca41dfeb872dc47a1d1cd000ea17b0dc91defa00f908a2e4f08a/scandir-1.6-cp33-cp33m-win32.whl#sha256=2b28d118b372de8950f85b65d8ddfd43643f139a5b721281dd6532bed6b8321c (from https://pypi.org/simple/scandir/) because it is not compatible with this Python
    Skipping https://files.pythonhosted.org/packages/1d/74/c7c1c39ef76cc7b26517f32cc9ff09b125f4cecfb0c209d323ebc10f7f61/scandir-1.6-cp33-cp33m-win_amd64.whl#sha256=f14476800cfdd6809d5130840f78ca3c08aa25544113e2b33a0b2fe914583d69 (from https://pypi.org/simple/scandir/) because it is not compatible with this Python
    Skipping https://files.pythonhosted.org/packages/c9/2a/882991b0a295c3d31e38b2d06f53f5c70cec395ecf888a1adebe0181b7df/scandir-1.6-cp34-cp34m-win32.whl#sha256=6db5aadb667bb709cc23921203e9c27f08225506a9b84b7ebe2b645dee47a4dd (from https://pypi.org/simple/scandir/) because it is not compatible with this Python
    Skipping https://files.pythonhosted.org/packages/c4/4a/b035858ccfc0149ebe6097398386cb3764e5de5efa35b8e278c56ab1ae93/scandir-1.6-cp34-cp34m-win_amd64.whl#sha256=8129fe7b9211d080457e0ff87397d85bb9be6ebb482b6be6ad9700059ac2e516 (from https://pypi.org/simple/scandir/) because it is not compatible with this Python
    Skipping https://files.pythonhosted.org/packages/b6/ef/c6d7419e4f4dcb848981b7f6d8315eda16ba6da695d5c8e05825c313b744/scandir-1.6-cp35-cp35m-win32.whl#sha256=8fe782abf9314f2733c09d2191c1b3047475218ddbae90052b5c0f1a4215d5e2 (from https://pypi.org/simple/scandir/) because it is not compatible with this Python
    Skipping https://files.pythonhosted.org/packages/4d/e7/8c8274f66aa02c7d10ace8b66d629ee40509a25e7dc4a70f2ff2c2fa074c/scandir-1.6-cp35-cp35m-win_amd64.whl#sha256=a93b6cc872eeccdc91b4c1c1e510820bee17f79c9455064fb8d3b73b51e52024 (from https://pypi.org/simple/scandir/) because it is not compatible with this Python
    Skipping https://files.pythonhosted.org/packages/a5/b0/bf8e5789e64834ae897880127f19c7efd15f5fbe4ea5250c3827cd888a0e/scandir-1.6-cp36-cp36m-win32.whl#sha256=9851e782da220073093da68b3451e3c33b10f84eca2aec17a24661c7c63357a2 (from https://pypi.org/simple/scandir/) because it is not compatible with this Python
    Skipping https://files.pythonhosted.org/packages/a0/ed/a5c8ba9d939611adfb909c647f04091549d54eab1b116bcf2431ff501713/scandir-1.6-cp36-cp36m-win_amd64.whl#sha256=937d27e367af994afd3792904b794a82645ea9616dd336f5030e0b50e527eb57 (from https://pypi.org/simple/scandir/) because it is not compatible with this Python
    Found link https://files.pythonhosted.org/packages/77/3f/916f524f50ee65e3f465a280d2851bd63685250fddb3020c212b3977664d/scandir-1.6.tar.gz#sha256=e0278a2d4bc6c0569aedbe66bf26c8ab5b2b08378b3289de49257f23ac624338 (from https://pypi.org/simple/scandir/), version: 1.6
    Skipping https://files.pythonhosted.org/packages/58/d2/188a7e8fa7905c4bb42f55e672a3ed45f2b726041b1398ad8c04c0914a24/scandir-1.7-cp27-cp27m-win32.whl#sha256=f39dd5affde2860fb28176d2233f318ccca97c55019407ee8172b3fba0b211db (from https://pypi.org/simple/scandir/) because it is not compatible with this Python
    Skipping https://files.pythonhosted.org/packages/e8/cf/c31ae350170504d204f08d2a51fbd56fea565c9031cddc84cc68ece3b0f6/scandir-1.7-cp27-cp27m-win_amd64.whl#sha256=7729b8444c5f5187649ff58501e7c2ad22b84d7dc28f738f64c5b615913fec22 (from https://pypi.org/simple/scandir/) because it is not compatible with this Python
    Skipping https://files.pythonhosted.org/packages/03/28/7982073672e7620db4e8a94c59a2ef404754ee3b82c1d23da010a54c6619/scandir-1.7-cp33-cp33m-win32.whl#sha256=b6cb611a18a828146a178362a36a2c6557c51c596ded4314cb516dd8c947b4ce (from https://pypi.org/simple/scandir/) because it is not compatible with this Python
    Skipping https://files.pythonhosted.org/packages/2b/ec/fa1d81e23137a18941d864af00d92e895498726a4e50e73a19e4f4664a0d/scandir-1.7-cp33-cp33m-win_amd64.whl#sha256=d985e36eb3effebb20434e6cd7495440b4ba676a22f3ec61e9fff9f3e2995238 (from https://pypi.org/simple/scandir/) because it is not compatible with this Python
    Skipping https://files.pythonhosted.org/packages/e9/ab/3174f435b6f8bef3469d68e605c1b4d9ca75834fd2b30289dce82ad5d07b/scandir-1.7-cp34-cp34m-win32.whl#sha256=24f32112c483ac6c4a40b62f1282e61ecca7977153b66a0d26a9583a716dcb64 (from https://pypi.org/simple/scandir/) because it is not compatible with this Python
    Skipping https://files.pythonhosted.org/packages/7c/26/4e187a07507815ce3888afcdf71d7b58e85df77d5fdf801944b463e6366e/scandir-1.7-cp34-cp34m-win_amd64.whl#sha256=b55a091b91f9e6c9c7129889b2f58df329530172a99172de9e784545342a45e6 (from https://pypi.org/simple/scandir/) because it is not compatible with this Python
    Skipping https://files.pythonhosted.org/packages/45/bb/0d5432599fad9cddee1ec95b188f66534d00f9abea00e58f8209b8bb1d03/scandir-1.7-cp35-cp35m-win32.whl#sha256=f91418e82edb5a43b020fa15e30a41d730b71c5957536749366bf63cc05427b1 (from https://pypi.org/simple/scandir/) because it is not compatible with this Python
    Skipping https://files.pythonhosted.org/packages/88/4f/82bb78b9d706d0eb72c89e4a457c96245272c75a06177b32a28fe554e0d2/scandir-1.7-cp35-cp35m-win_amd64.whl#sha256=6c80092f8fe3e62c3da3110067589c6661c722b0889906d2974e5150f1314523 (from https://pypi.org/simple/scandir/) because it is not compatible with this Python
    Skipping https://files.pythonhosted.org/packages/9b/0b/4648de76277a6807d2c23ab1bb35ba6c1f82cf98f429c89cd43303872f9c/scandir-1.7-cp36-cp36m-win32.whl#sha256=96dfc553f50946deb6d1cd762bac5cf122832c4aa253c885ca357ef53dd8d072 (from https://pypi.org/simple/scandir/) because it is not compatible with this Python
    Skipping https://files.pythonhosted.org/packages/48/57/507dd79199dc37efaf882e5076b55d803c17abcb38360fc1f2d0796400cf/scandir-1.7-cp36-cp36m-win_amd64.whl#sha256=8e3ca5925cc13787aeafbf08f055a8066c091fc20bfa8783235b916cf047afbe (from https://pypi.org/simple/scandir/) because it is not compatible with this Python
    Found link https://files.pythonhosted.org/packages/13/bb/e541b74230bbf7a20a3949a2ee6631be299378a784f5445aa5d0047c192b/scandir-1.7.tar.gz#sha256=b2d55be869c4f716084a19b1e16932f0769711316ba62de941320bf2be84763d (from https://pypi.org/simple/scandir/), version: 1.7
    Skipping https://files.pythonhosted.org/packages/d0/a6/ca23bcd406a9d5fe9075defedf5efe2f53d9fd6eea2c074ad7afcdbc8ad4/scandir-1.8-cp27-cp27m-win32.whl#sha256=7f94d5967d61d1b5e415840b3a8995cb00a90893b9628451745e57a3749546d6 (from https://pypi.org/simple/scandir/) because it is not compatible with this Python
    Skipping https://files.pythonhosted.org/packages/f4/64/a89fe53f95c46c1411ed6f31b30fbb41e9f78632e150c44818a908a8af54/scandir-1.8-cp27-cp27m-win_amd64.whl#sha256=11e3bd756b13db4baca364985575eeef4781ce35ce66e2324811091b39b97cdb (from https://pypi.org/simple/scandir/) because it is not compatible with this Python
    Skipping https://files.pythonhosted.org/packages/2e/0f/2f4132192c13ddc7a6ed861b53502b49e106ccd060be7f7a8ea1f983507f/scandir-1.8-cp34-cp34m-win32.whl#sha256=f70d557a271ee9973087dc704daea205c95f021ee149f1605592bb0b1571ad78 (from https://pypi.org/simple/scandir/) because it is not compatible with this Python
    Skipping https://files.pythonhosted.org/packages/d2/01/20217b3a24656e8a2dacd5a8b71722830fa012c3c20fa91b6c26644576e1/scandir-1.8-cp34-cp34m-win_amd64.whl#sha256=9f703e6b8eb53211d39c0f10e5c02f86e9a989fd44913b5c992259312d9bd59d (from https://pypi.org/simple/scandir/) because it is not compatible with this Python
    Skipping https://files.pythonhosted.org/packages/ba/63/59ce9cad0f7b24afa9cfb474eaec8ded12babc43d6ac4e031a3f953e183d/scandir-1.8-cp35-cp35m-win32.whl#sha256=8231e327a3a1c090b4f09ba40cc0b75a85939812d0e8f4c83acd745df3ed6c23 (from https://pypi.org/simple/scandir/) because it is not compatible with this Python
    Skipping https://files.pythonhosted.org/packages/7d/2f/f13277f9a12cb62b42600b363268c40bf1e3d4cfcdea1066ca1950313119/scandir-1.8-cp35-cp35m-win_amd64.whl#sha256=b0e0b4e6de8f8aae41a9fb4834127ee125668c363a79c62eb9f9c77de58e7b71 (from https://pypi.org/simple/scandir/) because it is not compatible with this Python
    Skipping https://files.pythonhosted.org/packages/1e/46/e31bfe000217aacf7fee372e37763706580bc5f26f3cab36171482f3f194/scandir-1.8-cp36-cp36m-win32.whl#sha256=49345923704d611458335872925802620fcf895e1c67074dd8ea715e579f2581 (from https://pypi.org/simple/scandir/) because it is not compatible with this Python
    Skipping https://files.pythonhosted.org/packages/03/eb/73497595944c7c16b9504ef9bd9242666eb1256af43da83f013dc01aa099/scandir-1.8-cp36-cp36m-win_amd64.whl#sha256=01babbf0fea42a135f6e24747cac63225399d97a67a9a7eedc1f0510b63122db (from https://pypi.org/simple/scandir/) because it is not compatible with this Python
    Skipping https://files.pythonhosted.org/packages/ef/4f/49767cffa4447f2512b9e74b89994683fc60b75058b3b32577e3024cb310/scandir-1.8-cp37-cp37m-win32.whl#sha256=b009e15a3d73376a84f8d8fad9b5ab6d9f96cb7606bdb867a4c882f10508e57e (from https://pypi.org/simple/scandir/) because it is not compatible with this Python
    Skipping https://files.pythonhosted.org/packages/01/a0/cc973d20bfe083072f2d92dcc9e2c58574024e4292492ad9827b835c71c1/scandir-1.8-cp37-cp37m-win_amd64.whl#sha256=0f0059d907817cd3c07f1b658611aabd1af0a4bdc4bb7b211dfd8962d5bd46ba (from https://pypi.org/simple/scandir/) because it is not compatible with this Python
    Found link https://files.pythonhosted.org/packages/50/a4/141939a8d213b2cf1b1d6b2704c6f6c07d4f1903df532af887c8e64e6815/scandir-1.8.tar.gz#sha256=8d5011d3a99042c4d90e8adda0052d4475aae3d57bb927012267a6c59186d870 (from https://pypi.org/simple/scandir/), version: 1.8
    Skipping https://files.pythonhosted.org/packages/9e/a5/56b4dec02b16bb720cac9872fccd63b61a815b70633ef15bfe3ea5ce4488/scandir-1.9.0-cp27-cp27m-win32.whl#sha256=f5c71e29b4e2af7ccdc03a020c626ede51da471173b4a6ad1e904f2b2e04b4bd (from https://pypi.org/simple/scandir/) because it is not compatible with this Python
    Skipping https://files.pythonhosted.org/packages/43/db/fb071a52252d210d0c30843690b0e098ba75e67aff4b7eac27639a84ade7/scandir-1.9.0-cp27-cp27m-win_amd64.whl#sha256=1b5c314e39f596875e5a95dd81af03730b338c277c54a454226978d5ba95dbb6 (from https://pypi.org/simple/scandir/) because it is not compatible with this Python
    Skipping https://files.pythonhosted.org/packages/c0/6f/45b0c805f2e98c76ca73d5c827566677910aad03fc01aca9cc3c4de1cefa/scandir-1.9.0-cp34-cp34m-win32.whl#sha256=346619f72eb0ddc4cf355ceffd225fa52506c92a2ff05318cfabd02a144e7c4e (from https://pypi.org/simple/scandir/) because it is not compatible with this Python
    Skipping https://files.pythonhosted.org/packages/cb/40/8eb5af0929dcb4c0b71c6d49d816376746ead0b713ae6914f079be5f6c9a/scandir-1.9.0-cp34-cp34m-win_amd64.whl#sha256=1444134990356c81d12f30e4b311379acfbbcd03e0bab591de2696a3b126d58e (from https://pypi.org/simple/scandir/) because it is not compatible with this Python
    Skipping https://files.pythonhosted.org/packages/ee/1e/d93e37f2c8fbe59c228c0d2a9a7d8b5f75f3b185273430ef0b33ff8550f0/scandir-1.9.0-cp35-cp35m-win32.whl#sha256=61859fd7e40b8c71e609c202db5b0c1dbec0d5c7f1449dec2245575bdc866792 (from https://pypi.org/simple/scandir/) because it is not compatible with this Python
    Skipping https://files.pythonhosted.org/packages/65/91/85974609fe7f65d0bce3387dfde34e96786158bcc5198a0c307b28b11cdf/scandir-1.9.0-cp35-cp35m-win_amd64.whl#sha256=c7708f29d843fc2764310732e41f0ce27feadde453261859ec0fca7865dfc41b (from https://pypi.org/simple/scandir/) because it is not compatible with this Python
    Skipping https://files.pythonhosted.org/packages/90/b4/70f891a902e3e01f3896dcadec695d8585ba649e5a0ea0a3a91040665433/scandir-1.9.0-cp36-cp36m-win32.whl#sha256=c9009c527929f6e25604aec39b0a43c3f831d2947d89d6caaab22f057b7055c8 (from https://pypi.org/simple/scandir/) because it is not compatible with this Python
    Skipping https://files.pythonhosted.org/packages/fe/f8/34d9af2346360b14997b52500b602bd9b555f3964c9814815572251ca9da/scandir-1.9.0-cp36-cp36m-win_amd64.whl#sha256=c14701409f311e7a9b7ec8e337f0815baf7ac95776cc78b419a1e6d49889a383 (from https://pypi.org/simple/scandir/) because it is not compatible with this Python
    Skipping https://files.pythonhosted.org/packages/bb/77/12db4a5e3dac85da829269e0f2c5d4d3521cbb6335200e7d3184e3a594ea/scandir-1.9.0-cp37-cp37m-win32.whl#sha256=04b8adb105f2ed313a7c2ef0f1cf7aff4871aa7a1883fa4d8c44b5551ab052d6 (from https://pypi.org/simple/scandir/) because it is not compatible with this Python
    Skipping https://files.pythonhosted.org/packages/31/db/1307d0f7a6869e0ecc00fd75b407a0d804e576799dd94ccf4e9fc9d57399/scandir-1.9.0-cp37-cp37m-win_amd64.whl#sha256=a5e232a0bf188362fa00123cc0bb842d363a292de7126126df5527b6a369586a (from https://pypi.org/simple/scandir/) because it is not compatible with this Python
    Found link https://files.pythonhosted.org/packages/16/2a/557af1181e6b4e30254d5a6163b18f5053791ca66e251e77ab08887e8fe3/scandir-1.9.0.tar.gz#sha256=44975e209c4827fc18a3486f257154d34ec6eaec0f90fef0cca1caa482db7064 (from https://pypi.org/simple/scandir/), version: 1.9.0
    Skipping https://files.pythonhosted.org/packages/c6/8c/43cc3799c79c435d1a236783993b2e04a2c750b4f91ef3630ec442490df5/scandir-1.10.0-cp27-cp27m-win32.whl#sha256=92c85ac42f41ffdc35b6da57ed991575bdbe69db895507af88b9f499b701c188 (from https://pypi.org/simple/scandir/) because it is not compatible with this Python
    Skipping https://files.pythonhosted.org/packages/f9/d0/6b7b38eaf9964510f5c32aa5aaf9f419864d2e0ebe34274e6cba5689a0c5/scandir-1.10.0-cp27-cp27m-win_amd64.whl#sha256=cb925555f43060a1745d0a321cca94bcea927c50114b623d73179189a4e100ac (from https://pypi.org/simple/scandir/) because it is not compatible with this Python
    Skipping https://files.pythonhosted.org/packages/04/86/417b435bd94a4e0176c10acea5b866a47a045848a346c6930fc846b2f016/scandir-1.10.0-cp34-cp34m-win32.whl#sha256=2c712840c2e2ee8dfaf36034080108d30060d759c7b73a01a52251cc8989f11f (from https://pypi.org/simple/scandir/) because it is not compatible with this Python
    Skipping https://files.pythonhosted.org/packages/77/3a/7f6111552b4736a08a72c37d6b8852cf77c02042a3124a8806f67008ad45/scandir-1.10.0-cp34-cp34m-win_amd64.whl#sha256=2586c94e907d99617887daed6c1d102b5ca28f1085f90446554abf1faf73123e (from https://pypi.org/simple/scandir/) because it is not compatible with this Python
    Skipping https://files.pythonhosted.org/packages/cd/a1/d5c3e22090ebead6d24abbe0f85641f002db44316c0a422d68d2fa258a8c/scandir-1.10.0-cp35-cp35m-win32.whl#sha256=2b8e3888b11abb2217a32af0766bc06b65cc4a928d8727828ee68af5a967fa6f (from https://pypi.org/simple/scandir/) because it is not compatible with this Python
    Skipping https://files.pythonhosted.org/packages/b7/5d/c0dc3933bd79fdca4780f84fffb2291672f3db8f0093c5d2ce629b7cb656/scandir-1.10.0-cp35-cp35m-win_amd64.whl#sha256=8c5922863e44ffc00c5c693190648daa6d15e7c1207ed02d6f46a8dcc2869d32 (from https://pypi.org/simple/scandir/) because it is not compatible with this Python
    Skipping https://files.pythonhosted.org/packages/25/c5/257e7f38127de5221a57e6afd0eb6ad0a85412c92644bf8265f20085b22a/scandir-1.10.0-cp36-cp36m-win32.whl#sha256=2ae41f43797ca0c11591c0c35f2f5875fa99f8797cb1a1fd440497ec0ae4b022 (from https://pypi.org/simple/scandir/) because it is not compatible with this Python
    Skipping https://files.pythonhosted.org/packages/a0/c3/8b8244553f4cf8682825e46d264f0bf3b8f7a51c9ba4745c8aa9182da4e5/scandir-1.10.0-cp36-cp36m-win_amd64.whl#sha256=7d2d7a06a252764061a020407b997dd036f7bd6a175a5ba2b345f0a357f0b3f4 (from https://pypi.org/simple/scandir/) because it is not compatible with this Python
    Skipping https://files.pythonhosted.org/packages/9b/47/4bf2941582c731b0c3a7aee7a3129063fe7dad5382cd662f3766dac619b2/scandir-1.10.0-cp37-cp37m-win32.whl#sha256=67f15b6f83e6507fdc6fca22fedf6ef8b334b399ca27c6b568cbfaa82a364173 (from https://pypi.org/simple/scandir/) because it is not compatible with this Python
    Skipping https://files.pythonhosted.org/packages/cb/06/cee31a831784ae66073fff7df58f823a1f6bc3947dc48a76f877b17eb52b/scandir-1.10.0-cp37-cp37m-win_amd64.whl#sha256=b24086f2375c4a094a6b51e78b4cf7ca16c721dcee2eddd7aa6494b42d6d519d (from https://pypi.org/simple/scandir/) because it is not compatible with this Python
    Found link https://files.pythonhosted.org/packages/df/f5/9c052db7bd54d0cbf1bc0bb6554362bba1012d03e5888950a4f5c5dadc4e/scandir-1.10.0.tar.gz#sha256=4d4631f6062e658e9007ab3149a9b914f3548cb38bfb021c64f39a025ce578ae (from https://pypi.org/simple/scandir/), version: 1.10.0
  Using version 1.10.0 (newest of versions: 1.10.0, 1.9.0, 1.8, 1.7, 1.6, 1.5, 1.4, 1.4, 1.3, 1.3, 1.2, 1.2, 1.1, 1.1, 1.0, 1.0, 0.9, 0.9, 0.8, 0.8, 0.6, 0.6, 0.5, 0.5, 0.4, 0.4)
  Downloading scandir-1.10.0.tar.gz
  Downloading from URL https://files.pythonhosted.org/packages/df/f5/9c052db7bd54d0cbf1bc0bb6554362bba1012d03e5888950a4f5c5dadc4e/scandir-1.10.0.tar.gz#sha256=4d4631f6062e658e9007ab3149a9b914f3548cb38bfb021c64f39a025ce578ae (from https://pypi.org/simple/scandir/)
  Running setup.py (path:/tmp/pip_build_fetch/scandir/setup.py) egg_info for package scandir
    running egg_info
    creating pip-egg-info/scandir.egg-info
    writing top-level names to pip-egg-info/scandir.egg-info/top_level.txt
    writing dependency_links to pip-egg-info/scandir.egg-info/dependency_links.txt
    writing pip-egg-info/scandir.egg-info/PKG-INFO
    writing manifest file 'pip-egg-info/scandir.egg-info/SOURCES.txt'
    warning: manifest_maker: standard file '-c' not found
    
    reading manifest file 'pip-egg-info/scandir.egg-info/SOURCES.txt'
    reading manifest template 'MANIFEST.in'
    writing manifest file 'pip-egg-info/scandir.egg-info/SOURCES.txt'
  Source in /tmp/pip_build_fetch/scandir has version 1.10.0, which satisfies requirement scandir (from pathlib2)
Installing collected packages: pathlib2, scandir
Cleaning up...
  Removing temporary dir /tmp/pip_build_fetch...
Exception:
Traceback (most recent call last):
  File "/usr/lib/python3/dist-packages/pip/basecommand.py", line 122, in main
    status = self.run(options, args)
  File "/usr/lib/python3/dist-packages/pip/commands/install.py", line 283, in run
    requirement_set.install(install_options, global_options, root=options.root_path)
  File "/usr/lib/python3/dist-packages/pip/req.py", line 1436, in install
    requirement.install(install_options, global_options, *args, **kwargs)
  File "/usr/lib/python3/dist-packages/pip/req.py", line 672, in install
    self.move_wheel_files(self.source_dir, root=root)
  File "/usr/lib/python3/dist-packages/pip/req.py", line 902, in move_wheel_files
    pycompile=self.pycompile,
  File "/usr/lib/python3/dist-packages/pip/wheel.py", line 206, in move_wheel_files
    clobber(source, lib_dir, True)
  File "/usr/lib/python3/dist-packages/pip/wheel.py", line 193, in clobber
    os.makedirs(destsubdir)
  File "/usr/lib/python3.4/os.py", line 237, in makedirs
    mkdir(name, mode)
PermissionError: [Errno 13] Permission denied: '/usr/local/lib/python3.4/dist-packages/pathlib2'
