[rospy.client][INFO] 2020-11-02 00:54:38,517: init_node, name[/rostful_server], pid[3377]
[xmlrpc][INFO] 2020-11-02 00:54:38,518: XML-RPC server binding to 0.0.0.0:0
[xmlrpc][INFO] 2020-11-02 00:54:38,518: Started XML-RPC server [http://freight1207:55221/]
[rospy.impl.masterslave][INFO] 2020-11-02 00:54:38,518: _ready: http://freight1207:55221/
[rospy.init][INFO] 2020-11-02 00:54:38,518: ROS Slave URI: [http://freight1207:55221/]
[xmlrpc][INFO] 2020-11-02 00:54:38,518: xml rpc node: starting XML-RPC server
[rospy.registration][INFO] 2020-11-02 00:54:38,518: Registering with master node http://localhost:11311
[rospy.init][INFO] 2020-11-02 00:54:38,618: registered with master
[rospy.rosout][INFO] 2020-11-02 00:54:38,619: initializing /rosout core topic
[rospy.rosout][INFO] 2020-11-02 00:54:38,621: connected to core topic /rosout
[rospy.simtime][INFO] 2020-11-02 00:54:38,622: /use_sim_time is not set, will not subscribe to simulated time [/clock] topic
[rosout][WARNING] 2020-11-02 00:54:38,626: rostful_server: Delaying the start 1 seconds
[rospy.internal][INFO] 2020-11-02 00:54:38,832: topic[/rosout] adding connection to [/rosout], count 0
[rosout][INFO] 2020-11-02 00:54:39,660: rostful_server: Started server on port 8080
[rospy.internal][INFO] 2020-11-02 00:54:39,684: topic[/enable_software_runstop] adding connection to [http://freight1207:55221/], count 0
[rospy.internal][INFO] 2020-11-02 00:54:39,685: topic[/enable_software_runstop] adding connection to [/rostful_server], count 0
[rospy.internal][INFO] 2020-11-02 00:54:39,748: topic[/enable_software_runstop] adding connection to [/software_runstop], count 1
[rosout][INFO] 2020-11-02 00:55:10,721: rostful_server: Shutting down the server
[rospy.core][INFO] 2020-11-02 00:55:10,721: signal_shutdown [Closing]
[rospy.internal][INFO] 2020-11-02 00:55:10,723: topic[/enable_software_runstop] removing connection to /rostful_server
[rospy.internal][INFO] 2020-11-02 00:55:10,723: topic[/enable_software_runstop] removing connection to /software_runstop
[rospy.internal][INFO] 2020-11-02 00:55:10,723: topic[/rosout] removing connection to /rosout
[rospy.internal][INFO] 2020-11-02 00:55:10,724: topic[/enable_software_runstop] removing connection to http://freight1207:55221/
[rospy.impl.masterslave][INFO] 2020-11-02 00:55:10,724: Closing
[rospy.internal][ERROR] 2020-11-02 00:55:10,725: Unable to initiate TCP/IP socket to freight1207:37968 (http://freight1207:55221/): Traceback (most recent call last):
  File "/opt/ros/indigo/lib/python2.7/dist-packages/rospy/impl/tcpros_base.py", line 557, in connect
    self.read_header()
  File "/opt/ros/indigo/lib/python2.7/dist-packages/rospy/impl/tcpros_base.py", line 619, in read_header
    self._validate_header(read_ros_handshake_header(sock, self.read_buff, self.protocol.buff_size))
  File "/opt/ros/indigo/lib/python2.7/dist-packages/rospy/impl/tcpros_base.py", line 580, in _validate_header
    raise TransportInitError("remote error reported: %s"%header['error'])
TransportInitError: remote error reported: node shutting down

[rospy.core][INFO] 2020-11-02 00:55:11,338: signal_shutdown [atexit]
