[rospy.client][INFO] 2020-11-09 22:37:43,892: init_node, name[/rosbridge_websocket], pid[3375]
[xmlrpc][INFO] 2020-11-09 22:37:43,892: XML-RPC server binding to 0.0.0.0:0
[xmlrpc][INFO] 2020-11-09 22:37:43,893: Started XML-RPC server [http://freight1207:55100/]
[rospy.init][INFO] 2020-11-09 22:37:43,893: ROS Slave URI: [http://freight1207:55100/]
[rospy.impl.masterslave][INFO] 2020-11-09 22:37:43,893: _ready: http://freight1207:55100/
[xmlrpc][INFO] 2020-11-09 22:37:43,893: xml rpc node: starting XML-RPC server
[rospy.registration][INFO] 2020-11-09 22:37:43,894: Registering with master node http://localhost:11311
[rospy.init][INFO] 2020-11-09 22:37:43,993: registered with master
[rospy.rosout][INFO] 2020-11-09 22:37:43,993: initializing /rosout core topic
[rospy.rosout][INFO] 2020-11-09 22:37:43,995: connected to core topic /rosout
[rospy.simtime][INFO] 2020-11-09 22:37:43,995: /use_sim_time is not set, will not subscribe to simulated time [/clock] topic
[rosout][INFO] 2020-11-09 22:37:44,005: Rosbridge WebSocket server started on port 9090
[rospy.internal][INFO] 2020-11-09 22:37:44,221: topic[/rosout] adding connection to [/rosout], count 0
[rosout][INFO] 2020-11-09 22:38:30,699: Client connected.  1 clients total.
[rosout][INFO] 2020-11-09 22:38:31,134: [Client 0] Subscribed to /listener
[rospy.internal][INFO] 2020-11-09 22:38:31,276: topic impl's ref count is zero, deleting topic /listener...
[rosout][INFO] 2020-11-09 22:38:31,277: Client disconnected. 0 clients total.
[rosout][INFO] 2020-11-09 22:38:31,293: Client connected.  1 clients total.
[rosout][INFO] 2020-11-09 22:38:31,302: [Client 1] Subscribed to /listener
[rospy.internal][INFO] 2020-11-09 22:38:31,686: topic impl's ref count is zero, deleting topic /listener...
[rosout][INFO] 2020-11-09 22:38:31,687: Client disconnected. 0 clients total.
[rosout][INFO] 2020-11-09 22:38:31,706: Client connected.  1 clients total.
[rosout][INFO] 2020-11-09 22:38:31,716: [Client 2] Subscribed to /listener
[rospy.internal][INFO] 2020-11-09 22:38:31,853: topic impl's ref count is zero, deleting topic /listener...
[rosout][INFO] 2020-11-09 22:38:31,854: Client disconnected. 0 clients total.
[rosout][INFO] 2020-11-09 22:38:31,876: Client connected.  1 clients total.
[rosout][INFO] 2020-11-09 22:38:31,884: [Client 3] Subscribed to /listener
[rospy.internal][INFO] 2020-11-09 22:38:35,240: topic impl's ref count is zero, deleting topic /listener...
[rosout][INFO] 2020-11-09 22:38:35,243: Client disconnected. 0 clients total.
[rosout][INFO] 2020-11-09 22:38:35,262: Client connected.  1 clients total.
[rosout][INFO] 2020-11-09 22:38:35,274: [Client 4] Subscribed to /listener
[rospy.internal][INFO] 2020-11-09 22:38:35,706: topic impl's ref count is zero, deleting topic /listener...
[rosout][INFO] 2020-11-09 22:38:35,707: Client disconnected. 0 clients total.
[rosout][INFO] 2020-11-09 22:38:35,726: Client connected.  1 clients total.
[rosout][INFO] 2020-11-09 22:38:35,733: [Client 5] Subscribed to /listener
[rospy.internal][INFO] 2020-11-09 22:38:35,945: topic impl's ref count is zero, deleting topic /listener...
[rosout][INFO] 2020-11-09 22:38:35,946: Client disconnected. 0 clients total.
[rosout][INFO] 2020-11-09 22:38:35,965: Client connected.  1 clients total.
[rosout][INFO] 2020-11-09 22:38:35,972: [Client 6] Subscribed to /listener
[rospy.internal][INFO] 2020-11-09 22:38:36,173: topic impl's ref count is zero, deleting topic /listener...
[rosout][INFO] 2020-11-09 22:38:36,174: Client disconnected. 0 clients total.
[rosout][INFO] 2020-11-09 22:38:36,195: Client connected.  1 clients total.
[rosout][INFO] 2020-11-09 22:38:36,202: [Client 7] Subscribed to /listener
[rospy.internal][INFO] 2020-11-09 22:38:36,478: topic impl's ref count is zero, deleting topic /listener...
[rosout][INFO] 2020-11-09 22:38:36,479: Client disconnected. 0 clients total.
[rosout][INFO] 2020-11-09 22:38:36,496: Client connected.  1 clients total.
[rosout][INFO] 2020-11-09 22:38:36,503: [Client 8] Subscribed to /listener
[rospy.internal][INFO] 2020-11-09 22:40:57,748: topic impl's ref count is zero, deleting topic /listener...
[rosout][INFO] 2020-11-09 22:40:57,749: Client disconnected. 0 clients total.
[rosout][INFO] 2020-11-09 22:40:57,787: Client connected.  1 clients total.
[rosout][INFO] 2020-11-09 22:40:57,818: [Client 9] Subscribed to /listener
[rospy.internal][INFO] 2020-11-09 22:40:59,555: topic impl's ref count is zero, deleting topic /listener...
[rosout][INFO] 2020-11-09 22:40:59,557: Client disconnected. 0 clients total.
[rosout][INFO] 2020-11-09 22:40:59,588: Client connected.  1 clients total.
[rosout][INFO] 2020-11-09 22:40:59,600: [Client 10] Subscribed to /listener
[rospy.internal][INFO] 2020-11-09 22:40:59,789: topic impl's ref count is zero, deleting topic /listener...
[rosout][INFO] 2020-11-09 22:40:59,791: Client disconnected. 0 clients total.
[rosout][INFO] 2020-11-09 22:40:59,820: Client connected.  1 clients total.
[rosout][INFO] 2020-11-09 22:40:59,855: [Client 11] Subscribed to /listener
[rospy.internal][INFO] 2020-11-09 22:41:00,011: topic impl's ref count is zero, deleting topic /listener...
[rosout][INFO] 2020-11-09 22:41:00,012: Client disconnected. 0 clients total.
[rosout][INFO] 2020-11-09 22:41:00,081: Client connected.  1 clients total.
[rosout][INFO] 2020-11-09 22:41:00,094: [Client 12] Subscribed to /listener
[rospy.internal][INFO] 2020-11-09 22:41:00,216: topic impl's ref count is zero, deleting topic /listener...
[rosout][INFO] 2020-11-09 22:41:00,217: Client disconnected. 0 clients total.
[rosout][INFO] 2020-11-09 22:41:00,263: Client connected.  1 clients total.
[rosout][INFO] 2020-11-09 22:41:00,289: [Client 13] Subscribed to /listener
[rospy.internal][INFO] 2020-11-09 22:41:00,731: topic impl's ref count is zero, deleting topic /listener...
[rosout][INFO] 2020-11-09 22:41:00,732: Client disconnected. 0 clients total.
[rosout][INFO] 2020-11-09 22:41:00,769: Client connected.  1 clients total.
[rosout][INFO] 2020-11-09 22:41:00,796: [Client 14] Subscribed to /listener
[rospy.internal][INFO] 2020-11-09 22:41:00,919: topic impl's ref count is zero, deleting topic /listener...
[rosout][INFO] 2020-11-09 22:41:00,920: Client disconnected. 0 clients total.
[rosout][INFO] 2020-11-09 22:41:00,973: Client connected.  1 clients total.
[rosout][INFO] 2020-11-09 22:41:01,002: [Client 15] Subscribed to /listener
[rospy.internal][INFO] 2020-11-09 22:41:01,131: topic impl's ref count is zero, deleting topic /listener...
[rosout][INFO] 2020-11-09 22:41:01,133: Client disconnected. 0 clients total.
[rosout][INFO] 2020-11-09 22:41:01,175: Client connected.  1 clients total.
[rosout][INFO] 2020-11-09 22:41:01,186: [Client 16] Subscribed to /listener
[rospy.internal][INFO] 2020-11-09 22:41:01,302: topic impl's ref count is zero, deleting topic /listener...
[rosout][INFO] 2020-11-09 22:41:01,303: Client disconnected. 0 clients total.
[rosout][INFO] 2020-11-09 22:41:01,356: Client connected.  1 clients total.
[rosout][INFO] 2020-11-09 22:41:01,411: [Client 17] Subscribed to /listener
[rospy.internal][INFO] 2020-11-09 22:41:01,500: topic impl's ref count is zero, deleting topic /listener...
[rosout][INFO] 2020-11-09 22:41:01,501: Client disconnected. 0 clients total.
[rosout][INFO] 2020-11-09 22:41:01,581: Client connected.  1 clients total.
[rosout][INFO] 2020-11-09 22:41:01,607: [Client 18] Subscribed to /listener
[rospy.internal][INFO] 2020-11-09 22:41:01,727: topic impl's ref count is zero, deleting topic /listener...
[rosout][INFO] 2020-11-09 22:41:01,728: Client disconnected. 0 clients total.
[rosout][INFO] 2020-11-09 22:41:01,783: Client connected.  1 clients total.
[rosout][INFO] 2020-11-09 22:41:01,832: [Client 19] Subscribed to /listener
[rospy.internal][INFO] 2020-11-09 22:42:07,674: topic impl's ref count is zero, deleting topic /listener...
[rosout][INFO] 2020-11-09 22:42:07,675: Client disconnected. 0 clients total.
[rosout][INFO] 2020-11-09 22:42:07,752: Client connected.  1 clients total.
[rosout][INFO] 2020-11-09 22:42:07,772: [Client 20] Subscribed to /listener
[rospy.internal][INFO] 2020-11-09 22:42:09,074: topic impl's ref count is zero, deleting topic /listener...
[rosout][INFO] 2020-11-09 22:42:09,076: Client disconnected. 0 clients total.
[rosout][INFO] 2020-11-09 22:42:09,123: Client connected.  1 clients total.
[rosout][INFO] 2020-11-09 22:42:09,159: [Client 21] Subscribed to /listener
[rospy.internal][INFO] 2020-11-09 22:42:20,048: topic impl's ref count is zero, deleting topic /listener...
[rosout][INFO] 2020-11-09 22:42:20,049: Client disconnected. 0 clients total.
[rosout][INFO] 2020-11-09 22:42:20,097: Client connected.  1 clients total.
[rosout][INFO] 2020-11-09 22:42:20,116: [Client 22] Subscribed to /listener
[rospy.internal][INFO] 2020-11-09 22:42:21,615: topic impl's ref count is zero, deleting topic /listener...
[rosout][INFO] 2020-11-09 22:42:21,617: Client disconnected. 0 clients total.
[rosout][INFO] 2020-11-09 22:42:21,649: Client connected.  1 clients total.
[rosout][INFO] 2020-11-09 22:42:21,682: [Client 23] Subscribed to /listener
[rospy.internal][INFO] 2020-11-09 22:42:23,460: topic impl's ref count is zero, deleting topic /listener...
[rosout][INFO] 2020-11-09 22:42:23,461: Client disconnected. 0 clients total.
[rosout][INFO] 2020-11-09 22:42:23,518: Client connected.  1 clients total.
[rosout][INFO] 2020-11-09 22:42:23,544: [Client 24] Subscribed to /listener
[rospy.internal][INFO] 2020-11-09 22:43:34,891: topic impl's ref count is zero, deleting topic /listener...
[rosout][INFO] 2020-11-09 22:43:34,893: Client disconnected. 0 clients total.
[rosout][INFO] 2020-11-09 22:43:34,932: Client connected.  1 clients total.
[rosout][INFO] 2020-11-09 22:43:34,950: [Client 25] Subscribed to /listener
[rospy.internal][INFO] 2020-11-09 22:43:37,528: topic impl's ref count is zero, deleting topic /listener...
[rosout][INFO] 2020-11-09 22:43:37,529: Client disconnected. 0 clients total.
[rosout][INFO] 2020-11-09 22:43:37,579: Client connected.  1 clients total.
[rosout][INFO] 2020-11-09 22:43:37,597: [Client 26] Subscribed to /listener
[rospy.internal][INFO] 2020-11-09 22:43:50,797: topic impl's ref count is zero, deleting topic /listener...
[rosout][INFO] 2020-11-09 22:43:50,798: Client disconnected. 0 clients total.
[rosout][INFO] 2020-11-09 22:43:50,841: Client connected.  1 clients total.
[rosout][INFO] 2020-11-09 22:43:50,861: [Client 27] Subscribed to /listener
[rospy.internal][INFO] 2020-11-09 22:43:51,533: topic impl's ref count is zero, deleting topic /listener...
[rosout][INFO] 2020-11-09 22:43:51,534: Client disconnected. 0 clients total.
[rosout][INFO] 2020-11-09 22:43:51,568: Client connected.  1 clients total.
[rosout][INFO] 2020-11-09 22:43:51,593: [Client 28] Subscribed to /listener
[rospy.internal][INFO] 2020-11-09 22:43:52,189: topic impl's ref count is zero, deleting topic /listener...
[rosout][INFO] 2020-11-09 22:43:52,193: Client disconnected. 0 clients total.
[rosout][INFO] 2020-11-09 22:43:52,221: Client connected.  1 clients total.
[rosout][INFO] 2020-11-09 22:43:52,242: [Client 29] Subscribed to /listener
[rospy.internal][INFO] 2020-11-09 22:43:53,490: topic impl's ref count is zero, deleting topic /listener...
[rosout][INFO] 2020-11-09 22:43:53,491: Client disconnected. 0 clients total.
[rosout][INFO] 2020-11-09 22:43:53,519: Client connected.  1 clients total.
[rosout][INFO] 2020-11-09 22:43:53,536: [Client 30] Subscribed to /listener
[rospy.internal][INFO] 2020-11-09 22:43:54,155: topic impl's ref count is zero, deleting topic /listener...
[rosout][INFO] 2020-11-09 22:43:54,157: Client disconnected. 0 clients total.
[rosout][INFO] 2020-11-09 22:43:54,188: Client connected.  1 clients total.
[rosout][INFO] 2020-11-09 22:43:54,198: [Client 31] Subscribed to /listener
[rospy.internal][INFO] 2020-11-09 22:43:55,175: topic impl's ref count is zero, deleting topic /listener...
[rosout][INFO] 2020-11-09 22:43:55,177: Client disconnected. 0 clients total.
[rosout][INFO] 2020-11-09 22:43:55,207: Client connected.  1 clients total.
[rosout][INFO] 2020-11-09 22:43:55,222: [Client 32] Subscribed to /listener
[rospy.internal][INFO] 2020-11-09 22:43:56,498: topic impl's ref count is zero, deleting topic /listener...
[rosout][INFO] 2020-11-09 22:43:56,499: Client disconnected. 0 clients total.
[rosout][INFO] 2020-11-09 22:43:56,541: Client connected.  1 clients total.
[rosout][INFO] 2020-11-09 22:43:56,558: [Client 33] Subscribed to /listener
[rospy.internal][INFO] 2020-11-09 22:43:57,591: topic impl's ref count is zero, deleting topic /listener...
[rosout][INFO] 2020-11-09 22:43:57,593: Client disconnected. 0 clients total.
[rosout][INFO] 2020-11-09 22:43:57,618: Client connected.  1 clients total.
[rosout][INFO] 2020-11-09 22:43:57,629: [Client 34] Subscribed to /listener
[rospy.internal][INFO] 2020-11-09 22:44:28,080: topic impl's ref count is zero, deleting topic /listener...
[rosout][INFO] 2020-11-09 22:44:28,081: Client disconnected. 0 clients total.
[rosout][INFO] 2020-11-09 22:44:42,788: Client connected.  1 clients total.
[rosout][INFO] 2020-11-09 22:44:42,816: [Client 35] Subscribed to /listener
[rospy.internal][INFO] 2020-11-09 22:44:44,342: topic impl's ref count is zero, deleting topic /listener...
[rosout][INFO] 2020-11-09 22:44:44,343: Client disconnected. 0 clients total.
[rosout][INFO] 2020-11-09 22:44:44,355: Client connected.  1 clients total.
[rosout][INFO] 2020-11-09 22:44:44,388: [Client 36] Subscribed to /listener
[rospy.internal][INFO] 2020-11-09 22:44:45,174: topic impl's ref count is zero, deleting topic /listener...
[rosout][INFO] 2020-11-09 22:44:45,175: Client disconnected. 0 clients total.
[rosout][INFO] 2020-11-09 22:44:45,203: Client connected.  1 clients total.
[rosout][INFO] 2020-11-09 22:44:45,217: [Client 37] Subscribed to /listener
[rospy.internal][INFO] 2020-11-09 22:44:45,785: topic impl's ref count is zero, deleting topic /listener...
[rosout][INFO] 2020-11-09 22:44:45,786: Client disconnected. 0 clients total.
[rosout][INFO] 2020-11-09 22:44:45,824: Client connected.  1 clients total.
[rosout][INFO] 2020-11-09 22:44:45,843: [Client 38] Subscribed to /listener
[rospy.internal][INFO] 2020-11-09 22:44:46,705: topic impl's ref count is zero, deleting topic /listener...
[rosout][INFO] 2020-11-09 22:44:46,707: Client disconnected. 0 clients total.
[rosout][INFO] 2020-11-09 22:44:46,732: Client connected.  1 clients total.
[rosout][INFO] 2020-11-09 22:44:46,743: [Client 39] Subscribed to /listener
[rospy.internal][INFO] 2020-11-09 22:47:14,697: topic impl's ref count is zero, deleting topic /listener...
[rosout][INFO] 2020-11-09 22:47:14,698: Client disconnected. 0 clients total.
[rosout][INFO] 2020-11-09 22:47:14,731: Client connected.  1 clients total.
[rosout][INFO] 2020-11-09 22:47:14,740: [Client 40] Subscribed to /listener
[rospy.core][INFO] 2020-11-09 22:48:05,915: signal_shutdown [signal-2]
[rospy.internal][INFO] 2020-11-09 22:48:05,919: topic[/rosout] removing connection to /rosout
[rospy.impl.masterslave][INFO] 2020-11-09 22:48:05,919: signal-2
[rospy.core][INFO] 2020-11-09 22:48:06,035: signal_shutdown [atexit]
[rospy.client][INFO] 2020-11-09 22:48:07,549: init_node, name[/rosbridge_websocket], pid[6570]
[xmlrpc][INFO] 2020-11-09 22:48:07,550: XML-RPC server binding to 0.0.0.0:0
[xmlrpc][INFO] 2020-11-09 22:48:07,550: Started XML-RPC server [http://freight1207:54624/]
[rospy.init][INFO] 2020-11-09 22:48:07,550: ROS Slave URI: [http://freight1207:54624/]
[rospy.impl.masterslave][INFO] 2020-11-09 22:48:07,550: _ready: http://freight1207:54624/
[xmlrpc][INFO] 2020-11-09 22:48:07,550: xml rpc node: starting XML-RPC server
[rospy.registration][INFO] 2020-11-09 22:48:07,551: Registering with master node http://localhost:11311
[rospy.init][INFO] 2020-11-09 22:48:07,650: registered with master
[rospy.rosout][INFO] 2020-11-09 22:48:07,651: initializing /rosout core topic
[rospy.rosout][INFO] 2020-11-09 22:48:07,652: connected to core topic /rosout
[rospy.simtime][INFO] 2020-11-09 22:48:07,653: /use_sim_time is not set, will not subscribe to simulated time [/clock] topic
[rosout][INFO] 2020-11-09 22:48:07,664: Rosbridge WebSocket server started on port 9090
[rospy.internal][INFO] 2020-11-09 22:48:07,924: topic[/rosout] adding connection to [/rosout], count 0
[rosout][INFO] 2020-11-09 22:48:15,454: Client connected.  1 clients total.
[rosout][INFO] 2020-11-09 22:48:15,914: [Client 0] Subscribed to /listener
[rospy.internal][INFO] 2020-11-09 22:48:16,142: topic impl's ref count is zero, deleting topic /listener...
[rosout][INFO] 2020-11-09 22:48:16,143: Client disconnected. 0 clients total.
[rosout][INFO] 2020-11-09 22:48:16,167: Client connected.  1 clients total.
[rosout][INFO] 2020-11-09 22:48:16,184: [Client 1] Subscribed to /listener
[rospy.internal][INFO] 2020-11-09 22:48:16,606: topic impl's ref count is zero, deleting topic /listener...
[rosout][INFO] 2020-11-09 22:48:16,608: Client disconnected. 0 clients total.
[rosout][INFO] 2020-11-09 22:48:16,657: Client connected.  1 clients total.
[rosout][INFO] 2020-11-09 22:48:16,683: [Client 2] Subscribed to /listener
[rospy.internal][INFO] 2020-11-09 22:48:17,094: topic impl's ref count is zero, deleting topic /listener...
[rosout][INFO] 2020-11-09 22:48:17,096: Client disconnected. 0 clients total.
[rosout][INFO] 2020-11-09 22:48:17,117: Client connected.  1 clients total.
[rosout][INFO] 2020-11-09 22:48:17,159: [Client 3] Subscribed to /listener
[rospy.internal][INFO] 2020-11-09 22:48:17,451: topic impl's ref count is zero, deleting topic /listener...
[rosout][INFO] 2020-11-09 22:48:17,452: Client disconnected. 0 clients total.
[rosout][INFO] 2020-11-09 22:48:17,487: Client connected.  1 clients total.
[rosout][INFO] 2020-11-09 22:48:17,506: [Client 4] Subscribed to /listener
[rospy.internal][INFO] 2020-11-09 22:48:17,852: topic impl's ref count is zero, deleting topic /listener...
[rosout][INFO] 2020-11-09 22:48:17,853: Client disconnected. 0 clients total.
[rosout][INFO] 2020-11-09 22:48:17,908: Client connected.  1 clients total.
[rosout][INFO] 2020-11-09 22:48:17,928: [Client 5] Subscribed to /listener
[rospy.internal][INFO] 2020-11-09 22:48:18,247: topic impl's ref count is zero, deleting topic /listener...
[rosout][INFO] 2020-11-09 22:48:18,248: Client disconnected. 0 clients total.
[rosout][INFO] 2020-11-09 22:48:18,312: Client connected.  1 clients total.
[rosout][INFO] 2020-11-09 22:48:18,326: [Client 6] Subscribed to /listener
[rospy.internal][INFO] 2020-11-09 22:50:02,054: topic impl's ref count is zero, deleting topic /listener...
[rosout][INFO] 2020-11-09 22:50:02,055: Client disconnected. 0 clients total.
[rosout][INFO] 2020-11-09 22:50:02,119: Client connected.  1 clients total.
[rosout][INFO] 2020-11-09 22:50:02,151: [Client 7] Subscribed to /listener
[rospy.internal][INFO] 2020-11-09 22:50:03,047: topic impl's ref count is zero, deleting topic /listener...
[rosout][INFO] 2020-11-09 22:50:03,048: Client disconnected. 0 clients total.
[rosout][INFO] 2020-11-09 22:50:03,825: Client connected.  1 clients total.
[rosout][INFO] 2020-11-09 22:50:03,835: Client disconnected. 0 clients total.
[rosout][INFO] 2020-11-09 22:50:03,873: Client connected.  1 clients total.
[rosout][INFO] 2020-11-09 22:50:03,890: [Client 9] Subscribed to /listener
[rospy.internal][INFO] 2020-11-09 22:50:04,634: topic impl's ref count is zero, deleting topic /listener...
[rosout][INFO] 2020-11-09 22:50:04,636: Client disconnected. 0 clients total.
[rosout][INFO] 2020-11-09 22:50:04,655: Client connected.  1 clients total.
[rosout][INFO] 2020-11-09 22:50:04,676: [Client 10] Subscribed to /listener
[rospy.internal][INFO] 2020-11-09 22:50:05,325: topic impl's ref count is zero, deleting topic /listener...
[rosout][INFO] 2020-11-09 22:50:05,326: Client disconnected. 0 clients total.
[rosout][INFO] 2020-11-09 22:50:05,357: Client connected.  1 clients total.
[rosout][INFO] 2020-11-09 22:50:05,377: [Client 11] Subscribed to /listener
[rospy.client][INFO] 2020-11-09 22:54:38,138: init_node, name[/rosbridge_websocket], pid[7889]
[xmlrpc][INFO] 2020-11-09 22:54:38,138: XML-RPC server binding to 0.0.0.0:0
[xmlrpc][INFO] 2020-11-09 22:54:38,138: Started XML-RPC server [http://freight1207:59448/]
[rospy.init][INFO] 2020-11-09 22:54:38,138: ROS Slave URI: [http://freight1207:59448/]
[rospy.impl.masterslave][INFO] 2020-11-09 22:54:38,138: _ready: http://freight1207:59448/
[xmlrpc][INFO] 2020-11-09 22:54:38,139: xml rpc node: starting XML-RPC server
[rospy.registration][INFO] 2020-11-09 22:54:38,139: Registering with master node http://localhost:11311
[rospy.init][INFO] 2020-11-09 22:54:38,239: registered with master
[rospy.rosout][INFO] 2020-11-09 22:54:38,239: initializing /rosout core topic
[rospy.rosout][INFO] 2020-11-09 22:54:38,241: connected to core topic /rosout
[rospy.simtime][INFO] 2020-11-09 22:54:38,241: /use_sim_time is not set, will not subscribe to simulated time [/clock] topic
[rosout][WARNING] 2020-11-09 22:54:38,252: Unable to start server: [Errno 98] Address already in use Retrying in 5s.
[rospy.impl.masterslave][INFO] 2020-11-09 22:54:38,326: external shutdown request from [/master]: new node registered with same name
[rospy.core][INFO] 2020-11-09 22:54:38,327: signal_shutdown [external shutdown request from [/master]: [new node registered with same name]]
[rospy.internal][INFO] 2020-11-09 22:54:38,329: topic[/rosout] removing connection to /rosout
[rospy.core][INFO] 2020-11-09 22:54:38,432: signal_shutdown [atexit]
[rospy.internal][INFO] 2020-11-09 22:54:38,527: topic[/rosout] adding connection to [/rosout], count 0
[rosout][INFO] 2020-11-09 22:54:43,256: Rosbridge WebSocket server started on port 9090
[rospy.core][INFO] 2020-11-09 22:55:12,866: signal_shutdown [signal-2]
[rospy.internal][INFO] 2020-11-09 22:55:12,868: topic[/rosout] removing connection to /rosout
[rospy.impl.masterslave][INFO] 2020-11-09 22:55:12,868: signal-2
[rospy.core][INFO] 2020-11-09 22:55:13,032: signal_shutdown [atexit]
[rospy.client][INFO] 2020-11-09 22:58:15,863: init_node, name[/rosbridge_websocket], pid[8887]
[xmlrpc][INFO] 2020-11-09 22:58:15,863: XML-RPC server binding to 0.0.0.0:0
[xmlrpc][INFO] 2020-11-09 22:58:15,863: Started XML-RPC server [http://freight1207:54097/]
[rospy.init][INFO] 2020-11-09 22:58:15,863: ROS Slave URI: [http://freight1207:54097/]
[rospy.impl.masterslave][INFO] 2020-11-09 22:58:15,864: _ready: http://freight1207:54097/
[xmlrpc][INFO] 2020-11-09 22:58:15,864: xml rpc node: starting XML-RPC server
[rospy.registration][INFO] 2020-11-09 22:58:15,864: Registering with master node http://localhost:11311
[rospy.init][INFO] 2020-11-09 22:58:15,964: registered with master
[rospy.rosout][INFO] 2020-11-09 22:58:15,964: initializing /rosout core topic
[rospy.rosout][INFO] 2020-11-09 22:58:15,966: connected to core topic /rosout
[rospy.simtime][INFO] 2020-11-09 22:58:15,966: /use_sim_time is not set, will not subscribe to simulated time [/clock] topic
[rosout][INFO] 2020-11-09 22:58:15,977: Rosbridge WebSocket server started on port 9090
[rospy.internal][INFO] 2020-11-09 22:58:16,212: topic[/rosout] adding connection to [/rosout], count 0
[rospy.core][INFO] 2020-11-09 23:31:52,706: signal_shutdown [signal-2]
[rospy.internal][INFO] 2020-11-09 23:31:52,711: topic[/rosout] removing connection to /rosout
[rospy.impl.masterslave][INFO] 2020-11-09 23:31:52,712: signal-2
[rospy.core][INFO] 2020-11-09 23:31:52,843: signal_shutdown [atexit]
[rospy.client][INFO] 2020-11-10 00:46:37,243: init_node, name[/rosbridge_websocket], pid[18429]
[xmlrpc][INFO] 2020-11-10 00:46:37,243: XML-RPC server binding to 0.0.0.0:0
[xmlrpc][INFO] 2020-11-10 00:46:37,244: Started XML-RPC server [http://freight1207:35428/]
[rospy.init][INFO] 2020-11-10 00:46:37,244: ROS Slave URI: [http://freight1207:35428/]
[rospy.impl.masterslave][INFO] 2020-11-10 00:46:37,244: _ready: http://freight1207:35428/
[xmlrpc][INFO] 2020-11-10 00:46:37,244: xml rpc node: starting XML-RPC server
[rospy.registration][INFO] 2020-11-10 00:46:37,244: Registering with master node http://localhost:11311
[rospy.init][INFO] 2020-11-10 00:46:37,344: registered with master
[rospy.rosout][INFO] 2020-11-10 00:46:37,344: initializing /rosout core topic
[rospy.rosout][INFO] 2020-11-10 00:46:37,346: connected to core topic /rosout
[rospy.simtime][INFO] 2020-11-10 00:46:37,347: /use_sim_time is not set, will not subscribe to simulated time [/clock] topic
[rosout][INFO] 2020-11-10 00:46:37,357: Rosbridge WebSocket server started on port 9090
[rospy.internal][INFO] 2020-11-10 00:46:37,547: topic[/rosout] adding connection to [/rosout], count 0
[rosout][INFO] 2020-11-10 00:46:40,806: Client connected.  1 clients total.
[rospy.internal][INFO] 2020-11-10 00:46:43,556: topic[/cmd_vel] adding connection to [/cmd_vel_mux], count 0
[rosout][INFO] 2020-11-10 00:46:47,282: Client disconnected. 0 clients total.
[rospy.internal][INFO] 2020-11-10 00:46:57,282: topic impl's ref count is zero, deleting topic /cmd_vel...
[rospy.internal][INFO] 2020-11-10 00:46:57,282: topic[/cmd_vel] removing connection to /cmd_vel_mux
[rospy.core][INFO] 2020-11-10 00:52:13,698: signal_shutdown [signal-15]
[rospy.registration][WARNING] 2020-11-10 00:52:13,698: cannot unregister with master due to network issues
[rospy.internal][INFO] 2020-11-10 00:52:13,698: topic[/rosout] removing connection to /rosout
[rospy.impl.masterslave][INFO] 2020-11-10 00:52:13,699: signal-15
[rospy.core][INFO] 2020-11-10 00:52:13,712: signal_shutdown [signal-2]
[rospy.core][INFO] 2020-11-10 00:52:13,830: signal_shutdown [atexit]
