[rospy.client][INFO] 2020-11-02 23:19:55,658: init_node, name[/rostful_server], pid[4802]
[xmlrpc][INFO] 2020-11-02 23:19:55,659: XML-RPC server binding to 0.0.0.0:0
[xmlrpc][INFO] 2020-11-02 23:19:55,659: Started XML-RPC server [http://freight1207:51911/]
[rospy.impl.masterslave][INFO] 2020-11-02 23:19:55,659: _ready: http://freight1207:51911/
[rospy.init][INFO] 2020-11-02 23:19:55,659: ROS Slave URI: [http://freight1207:51911/]
[xmlrpc][INFO] 2020-11-02 23:19:55,659: xml rpc node: starting XML-RPC server
[rospy.registration][INFO] 2020-11-02 23:19:55,660: Registering with master node http://localhost:11311
[rospy.init][INFO] 2020-11-02 23:19:55,759: registered with master
[rospy.rosout][INFO] 2020-11-02 23:19:55,760: initializing /rosout core topic
[rospy.rosout][INFO] 2020-11-02 23:19:55,761: connected to core topic /rosout
[rospy.simtime][INFO] 2020-11-02 23:19:55,762: /use_sim_time is not set, will not subscribe to simulated time [/clock] topic
[rosout][WARNING] 2020-11-02 23:19:55,766: rostful_server: Delaying the start 1 seconds
[rospy.internal][INFO] 2020-11-02 23:19:56,010: topic[/rosout] adding connection to [/rosout], count 0
[rosout][INFO] 2020-11-02 23:19:56,809: rostful_server: Started server on port 8080
[rospy.internal][INFO] 2020-11-02 23:19:56,826: topic[/enable_software_runstop] adding connection to [http://freight1207:51911/], count 0
[rospy.internal][INFO] 2020-11-02 23:19:56,827: topic[/enable_software_runstop] adding connection to [/rostful_server], count 0
[rospy.internal][INFO] 2020-11-02 23:19:56,854: topic[/enable_software_runstop] adding connection to [/software_runstop], count 1
[rosout][INFO] 2020-11-02 23:21:35,151: rostful_server: Shutting down the server
[rospy.core][INFO] 2020-11-02 23:21:35,151: signal_shutdown [Closing]
[rospy.internal][INFO] 2020-11-02 23:21:35,153: topic[/enable_software_runstop] removing connection to /rostful_server
[rospy.internal][INFO] 2020-11-02 23:21:35,153: topic[/enable_software_runstop] removing connection to /software_runstop
[rospy.internal][ERROR] 2020-11-02 23:21:35,154: Unable to initiate TCP/IP socket to freight1207:38860 (http://freight1207:51911/): Traceback (most recent call last):
  File "/opt/ros/indigo/lib/python2.7/dist-packages/rospy/impl/tcpros_base.py", line 557, in connect
    self.read_header()
  File "/opt/ros/indigo/lib/python2.7/dist-packages/rospy/impl/tcpros_base.py", line 619, in read_header
    self._validate_header(read_ros_handshake_header(sock, self.read_buff, self.protocol.buff_size))
  File "/opt/ros/indigo/lib/python2.7/dist-packages/rospy/impl/tcpros_base.py", line 580, in _validate_header
    raise TransportInitError("remote error reported: %s"%header['error'])
TransportInitError: remote error reported: node shutting down

[rospy.internal][INFO] 2020-11-02 23:21:35,154: topic[/rosout] removing connection to /rosout
[rospy.internal][INFO] 2020-11-02 23:21:35,154: topic[/enable_software_runstop] removing connection to http://freight1207:51911/
[rospy.impl.masterslave][INFO] 2020-11-02 23:21:35,154: Closing
[rospy.core][INFO] 2020-11-02 23:21:35,262: signal_shutdown [atexit]
[rospy.client][INFO] 2020-11-02 23:21:58,802: init_node, name[/rostful_server], pid[7139]
[xmlrpc][INFO] 2020-11-02 23:21:58,802: XML-RPC server binding to 0.0.0.0:0
[xmlrpc][INFO] 2020-11-02 23:21:58,803: Started XML-RPC server [http://freight1207:57907/]
[rospy.init][INFO] 2020-11-02 23:21:58,803: ROS Slave URI: [http://freight1207:57907/]
[rospy.impl.masterslave][INFO] 2020-11-02 23:21:58,803: _ready: http://freight1207:57907/
[xmlrpc][INFO] 2020-11-02 23:21:58,804: xml rpc node: starting XML-RPC server
[rospy.registration][INFO] 2020-11-02 23:21:58,804: Registering with master node http://localhost:11311
[rospy.init][INFO] 2020-11-02 23:21:58,903: registered with master
[rospy.rosout][INFO] 2020-11-02 23:21:58,904: initializing /rosout core topic
[rospy.rosout][INFO] 2020-11-02 23:21:58,905: connected to core topic /rosout
[rospy.simtime][INFO] 2020-11-02 23:21:58,906: /use_sim_time is not set, will not subscribe to simulated time [/clock] topic
[rosout][WARNING] 2020-11-02 23:21:58,910: rostful_server: Delaying the start 1 seconds
[rospy.internal][INFO] 2020-11-02 23:21:59,156: topic[/rosout] adding connection to [/rosout], count 0
[rosout][INFO] 2020-11-02 23:21:59,964: rostful_server: Started server on port 8080
[rospy.internal][INFO] 2020-11-02 23:21:59,972: topic[/current/pose] adding connection to [http://freight1207:57907/], count 0
[rospy.internal][INFO] 2020-11-02 23:21:59,973: topic[/enable_software_runstop] adding connection to [http://freight1207:57907/], count 0
[rospy.internal][INFO] 2020-11-02 23:21:59,974: topic[/local_control/initialpose] adding connection to [http://freight1207:57907/], count 0
[rospy.internal][INFO] 2020-11-02 23:21:59,976: topic[/local_control/cancel] adding connection to [http://freight1207:57907/], count 0
[rospy.internal][INFO] 2020-11-02 23:21:59,976: topic[/current/pose] adding connection to [/rostful_server], count 0
[rospy.internal][INFO] 2020-11-02 23:21:59,976: topic[/local_control/goto] adding connection to [http://freight1207:57907/], count 0
[rospy.internal][INFO] 2020-11-02 23:21:59,977: topic[/enable_software_runstop] adding connection to [/rostful_server], count 0
[rospy.internal][INFO] 2020-11-02 23:21:59,977: topic[/local_control/initialpose] adding connection to [/rostful_server], count 0
[rospy.internal][INFO] 2020-11-02 23:21:59,978: topic[/local_control/cancel] adding connection to [/rostful_server], count 0
[rospy.internal][INFO] 2020-11-02 23:21:59,978: topic[/local_control/goto] adding connection to [/rostful_server], count 0
[rospy.internal][INFO] 2020-11-02 23:21:59,993: topic[/enable_software_runstop] adding connection to [/software_runstop], count 1
[rospy.internal][INFO] 2020-11-02 23:22:01,287: topic[/current/pose] adding connection to [http://freight1207:50627/], count 1
[rospy.internal][INFO] 2020-11-02 23:22:01,463: topic[/local_control/initialpose] adding connection to [/local_control_initialpose], count 1
[rospy.internal][INFO] 2020-11-02 23:22:01,463: topic[/local_control/goto] adding connection to [/local_control_navigation], count 1
[rospy.internal][INFO] 2020-11-02 23:22:01,463: topic[/local_control/cancel] adding connection to [/local_control_navigation], count 1
[rosout][WARNING] 2020-11-02 23:22:06,229: publishing header: 
  seq: 0
  stamp: 
    secs: 0
    nsecs:         0
  frame_id: ''
goals: 
  - 
    locationX: -6.73
    locationY: -2.53
    orientation: 0.4
  - 
    locationX: -5.83
    locationY: -2.15
    orientation: 0.18 to topic /local_control/goto
[rosout][WARNING] 2020-11-02 23:22:11,315: publishing header: 
  seq: 0
  stamp: 
    secs: 0
    nsecs:         0
  frame_id: ''
goals: 
  - 
    locationX: -5.83
    locationY: -2.15
    orientation: 0.18
  - 
    locationX: -4.58
    locationY: -1.75
    orientation: 0.18 to topic /local_control/goto
[rosout][WARNING] 2020-11-02 23:22:16,359: publishing header: 
  seq: 0
  stamp: 
    secs: 0
    nsecs:         0
  frame_id: ''
goals: 
  - 
    locationX: -4.58
    locationY: -1.75
    orientation: 0.18
  - 
    locationX: -3.54
    locationY: -1.35
    orientation: 0.19 to topic /local_control/goto
[rosout][WARNING] 2020-11-02 23:22:31,948: publishing header: 
  seq: 0
  stamp: 
    secs: 0
    nsecs:         0
  frame_id: ''
goals: 
  - 
    locationX: -3.54
    locationY: -1.35
    orientation: 0.19
  - 
    locationX: -2.5
    locationY: -0.91
    orientation: 0.2 to topic /local_control/goto
[rosout][WARNING] 2020-11-02 23:22:37,039: publishing header: 
  seq: 0
  stamp: 
    secs: 0
    nsecs:         0
  frame_id: ''
goals: 
  - 
    locationX: -2.5
    locationY: -0.91
    orientation: 0.2
  - 
    locationX: -1.43
    locationY: -0.44
    orientation: 0.2 to topic /local_control/goto
[rosout][WARNING] 2020-11-02 23:22:42,181: publishing header: 
  seq: 0
  stamp: 
    secs: 0
    nsecs:         0
  frame_id: ''
goals: 
  - 
    locationX: -6.73
    locationY: -2.53
    orientation: 0.4
  - 
    locationX: -5.83
    locationY: -2.15
    orientation: 0.18 to topic /local_control/goto
[rosout][WARNING] 2020-11-02 23:22:47,375: publishing header: 
  seq: 0
  stamp: 
    secs: 0
    nsecs:         0
  frame_id: ''
goals: 
  - 
    locationX: -5.83
    locationY: -2.15
    orientation: 0.18
  - 
    locationX: -4.58
    locationY: -1.75
    orientation: 0.18 to topic /local_control/goto
[rosout][WARNING] 2020-11-02 23:22:52,508: publishing header: 
  seq: 0
  stamp: 
    secs: 0
    nsecs:         0
  frame_id: ''
goals: 
  - 
    locationX: -4.58
    locationY: -1.75
    orientation: 0.18
  - 
    locationX: -3.54
    locationY: -1.35
    orientation: 0.19 to topic /local_control/goto
[rosout][WARNING] 2020-11-02 23:22:57,607: publishing header: 
  seq: 0
  stamp: 
    secs: 0
    nsecs:         0
  frame_id: ''
goals: 
  - 
    locationX: -3.54
    locationY: -1.35
    orientation: 0.19
  - 
    locationX: -2.5
    locationY: -0.91
    orientation: 0.2 to topic /local_control/goto
[rosout][WARNING] 2020-11-02 23:23:02,699: publishing header: 
  seq: 0
  stamp: 
    secs: 0
    nsecs:         0
  frame_id: ''
goals: 
  - 
    locationX: -2.5
    locationY: -0.91
    orientation: 0.2
  - 
    locationX: -1.43
    locationY: -0.44
    orientation: 0.2 to topic /local_control/goto
[rosout][WARNING] 2020-11-02 23:23:07,792: publishing header: 
  seq: 0
  stamp: 
    secs: 0
    nsecs:         0
  frame_id: ''
goals: 
  - 
    locationX: -6.73
    locationY: -2.53
    orientation: 0.4
  - 
    locationX: -5.83
    locationY: -2.15
    orientation: 0.18 to topic /local_control/goto
[rosout][WARNING] 2020-11-02 23:23:12,931: publishing header: 
  seq: 0
  stamp: 
    secs: 0
    nsecs:         0
  frame_id: ''
goals: 
  - 
    locationX: -5.83
    locationY: -2.15
    orientation: 0.18
  - 
    locationX: -4.58
    locationY: -1.75
    orientation: 0.18 to topic /local_control/goto
[rosout][WARNING] 2020-11-02 23:23:18,088: publishing header: 
  seq: 0
  stamp: 
    secs: 0
    nsecs:         0
  frame_id: ''
goals: 
  - 
    locationX: -4.58
    locationY: -1.75
    orientation: 0.18
  - 
    locationX: -3.54
    locationY: -1.35
    orientation: 0.19 to topic /local_control/goto
[rosout][WARNING] 2020-11-02 23:23:23,135: publishing header: 
  seq: 0
  stamp: 
    secs: 0
    nsecs:         0
  frame_id: ''
goals: 
  - 
    locationX: -3.54
    locationY: -1.35
    orientation: 0.19
  - 
    locationX: -2.5
    locationY: -0.91
    orientation: 0.2 to topic /local_control/goto
[rosout][WARNING] 2020-11-02 23:23:28,353: publishing header: 
  seq: 0
  stamp: 
    secs: 0
    nsecs:         0
  frame_id: ''
goals: 
  - 
    locationX: -2.5
    locationY: -0.91
    orientation: 0.2
  - 
    locationX: -1.43
    locationY: -0.44
    orientation: 0.2 to topic /local_control/goto
[rosout][WARNING] 2020-11-02 23:23:33,484: publishing header: 
  seq: 0
  stamp: 
    secs: 0
    nsecs:         0
  frame_id: ''
goals: 
  - 
    locationX: -6.73
    locationY: -2.53
    orientation: 0.4
  - 
    locationX: -5.83
    locationY: -2.15
    orientation: 0.18 to topic /local_control/goto
[rosout][WARNING] 2020-11-02 23:23:38,660: publishing header: 
  seq: 0
  stamp: 
    secs: 0
    nsecs:         0
  frame_id: ''
goals: 
  - 
    locationX: -5.83
    locationY: -2.15
    orientation: 0.18
  - 
    locationX: -4.58
    locationY: -1.75
    orientation: 0.18 to topic /local_control/goto
[rospy.internal][WARNING] 2020-11-02 23:23:41,492: Unknown error initiating TCP/IP socket to freight1207:47540 (http://freight1207:50627/): Traceback (most recent call last):
  File "/opt/ros/indigo/lib/python2.7/dist-packages/rospy/impl/tcpros_base.py", line 557, in connect
    self.read_header()
  File "/opt/ros/indigo/lib/python2.7/dist-packages/rospy/impl/tcpros_base.py", line 619, in read_header
    self._validate_header(read_ros_handshake_header(sock, self.read_buff, self.protocol.buff_size))
  File "/opt/ros/indigo/lib/python2.7/dist-packages/rosgraph/network.py", line 363, in read_ros_handshake_header
    d = sock.recv(buff_size)
error: [Errno 104] Connection reset by peer

[rospy.internal][INFO] 2020-11-02 23:23:41,492: topic[/current/pose] removing connection to http://freight1207:50627/
[rosout][WARNING] 2020-11-02 23:23:43,856: publishing header: 
  seq: 0
  stamp: 
    secs: 0
    nsecs:         0
  frame_id: ''
goals: 
  - 
    locationX: -4.58
    locationY: -1.75
    orientation: 0.18
  - 
    locationX: -3.54
    locationY: -1.35
    orientation: 0.19 to topic /local_control/goto
[rosout][WARNING] 2020-11-02 23:23:49,001: publishing header: 
  seq: 0
  stamp: 
    secs: 0
    nsecs:         0
  frame_id: ''
goals: 
  - 
    locationX: -3.54
    locationY: -1.35
    orientation: 0.19
  - 
    locationX: -2.5
    locationY: -0.91
    orientation: 0.2 to topic /local_control/goto
[rospy.internal][INFO] 2020-11-02 23:23:49,003: topic[/local_control/goto] removing connection to /local_control_navigation
[rosout][WARNING] 2020-11-02 23:23:54,158: publishing header: 
  seq: 0
  stamp: 
    secs: 0
    nsecs:         0
  frame_id: ''
goals: 
  - 
    locationX: -2.5
    locationY: -0.91
    orientation: 0.2
  - 
    locationX: -1.43
    locationY: -0.44
    orientation: 0.2 to topic /local_control/goto
[rosout][WARNING] 2020-11-02 23:23:59,314: publishing header: 
  seq: 0
  stamp: 
    secs: 0
    nsecs:         0
  frame_id: ''
goals: 
  - 
    locationX: -6.73
    locationY: -2.53
    orientation: 0.4
  - 
    locationX: -5.83
    locationY: -2.15
    orientation: 0.18 to topic /local_control/goto
[rosout][WARNING] 2020-11-02 23:24:04,699: publishing header: 
  seq: 0
  stamp: 
    secs: 0
    nsecs:         0
  frame_id: ''
goals: 
  - 
    locationX: -5.83
    locationY: -2.15
    orientation: 0.18
  - 
    locationX: -4.58
    locationY: -1.75
    orientation: 0.18 to topic /local_control/goto
[rosout][WARNING] 2020-11-02 23:24:09,807: publishing header: 
  seq: 0
  stamp: 
    secs: 0
    nsecs:         0
  frame_id: ''
goals: 
  - 
    locationX: -4.58
    locationY: -1.75
    orientation: 0.18
  - 
    locationX: -3.54
    locationY: -1.35
    orientation: 0.19 to topic /local_control/goto
[rosout][WARNING] 2020-11-02 23:24:16,864: publishing header: 
  seq: 0
  stamp: 
    secs: 0
    nsecs:         0
  frame_id: ''
goals: 
  - 
    locationX: -3.54
    locationY: -1.35
    orientation: 0.19
  - 
    locationX: -2.5
    locationY: -0.91
    orientation: 0.2 to topic /local_control/goto
[rosout][WARNING] 2020-11-02 23:24:21,900: publishing header: 
  seq: 0
  stamp: 
    secs: 0
    nsecs:         0
  frame_id: ''
goals: 
  - 
    locationX: -2.5
    locationY: -0.91
    orientation: 0.2
  - 
    locationX: -1.43
    locationY: -0.44
    orientation: 0.2 to topic /local_control/goto
[rosout][WARNING] 2020-11-02 23:24:26,932: publishing header: 
  seq: 0
  stamp: 
    secs: 0
    nsecs:         0
  frame_id: ''
goals: 
  - 
    locationX: -6.73
    locationY: -2.53
    orientation: 0.4
  - 
    locationX: -5.83
    locationY: -2.15
    orientation: 0.18 to topic /local_control/goto
[rosout][WARNING] 2020-11-02 23:24:31,983: publishing header: 
  seq: 0
  stamp: 
    secs: 0
    nsecs:         0
  frame_id: ''
goals: 
  - 
    locationX: -5.83
    locationY: -2.15
    orientation: 0.18
  - 
    locationX: -4.58
    locationY: -1.75
    orientation: 0.18 to topic /local_control/goto
[rosout][WARNING] 2020-11-02 23:24:37,032: publishing header: 
  seq: 0
  stamp: 
    secs: 0
    nsecs:         0
  frame_id: ''
goals: 
  - 
    locationX: -4.58
    locationY: -1.75
    orientation: 0.18
  - 
    locationX: -3.54
    locationY: -1.35
    orientation: 0.19 to topic /local_control/goto
[rosout][WARNING] 2020-11-02 23:24:42,073: publishing header: 
  seq: 0
  stamp: 
    secs: 0
    nsecs:         0
  frame_id: ''
goals: 
  - 
    locationX: -3.54
    locationY: -1.35
    orientation: 0.19
  - 
    locationX: -2.5
    locationY: -0.91
    orientation: 0.2 to topic /local_control/goto
[rosout][WARNING] 2020-11-02 23:24:47,101: publishing header: 
  seq: 0
  stamp: 
    secs: 0
    nsecs:         0
  frame_id: ''
goals: 
  - 
    locationX: -2.5
    locationY: -0.91
    orientation: 0.2
  - 
    locationX: -1.43
    locationY: -0.44
    orientation: 0.2 to topic /local_control/goto
[rosout][WARNING] 2020-11-02 23:24:52,143: publishing header: 
  seq: 0
  stamp: 
    secs: 0
    nsecs:         0
  frame_id: ''
goals: 
  - 
    locationX: -6.73
    locationY: -2.53
    orientation: 0.4
  - 
    locationX: -5.83
    locationY: -2.15
    orientation: 0.18 to topic /local_control/goto
[rosout][WARNING] 2020-11-02 23:24:57,229: publishing header: 
  seq: 0
  stamp: 
    secs: 0
    nsecs:         0
  frame_id: ''
goals: 
  - 
    locationX: -5.83
    locationY: -2.15
    orientation: 0.18
  - 
    locationX: -4.58
    locationY: -1.75
    orientation: 0.18 to topic /local_control/goto
[rosout][WARNING] 2020-11-02 23:25:02,322: publishing header: 
  seq: 0
  stamp: 
    secs: 0
    nsecs:         0
  frame_id: ''
goals: 
  - 
    locationX: -4.58
    locationY: -1.75
    orientation: 0.18
  - 
    locationX: -3.54
    locationY: -1.35
    orientation: 0.19 to topic /local_control/goto
[rosout][WARNING] 2020-11-02 23:25:07,369: publishing header: 
  seq: 0
  stamp: 
    secs: 0
    nsecs:         0
  frame_id: ''
goals: 
  - 
    locationX: -3.54
    locationY: -1.35
    orientation: 0.19
  - 
    locationX: -2.5
    locationY: -0.91
    orientation: 0.2 to topic /local_control/goto
[rosout][WARNING] 2020-11-02 23:25:12,400: publishing header: 
  seq: 0
  stamp: 
    secs: 0
    nsecs:         0
  frame_id: ''
goals: 
  - 
    locationX: -2.5
    locationY: -0.91
    orientation: 0.2
  - 
    locationX: -1.43
    locationY: -0.44
    orientation: 0.2 to topic /local_control/goto
[rosout][WARNING] 2020-11-02 23:25:17,438: publishing header: 
  seq: 0
  stamp: 
    secs: 0
    nsecs:         0
  frame_id: ''
goals: 
  - 
    locationX: -6.73
    locationY: -2.53
    orientation: 0.4
  - 
    locationX: -5.83
    locationY: -2.15
    orientation: 0.18 to topic /local_control/goto
[rosout][WARNING] 2020-11-02 23:25:22,647: publishing header: 
  seq: 0
  stamp: 
    secs: 0
    nsecs:         0
  frame_id: ''
goals: 
  - 
    locationX: -5.83
    locationY: -2.15
    orientation: 0.18
  - 
    locationX: -4.58
    locationY: -1.75
    orientation: 0.18 to topic /local_control/goto
[rosout][WARNING] 2020-11-02 23:25:27,706: publishing header: 
  seq: 0
  stamp: 
    secs: 0
    nsecs:         0
  frame_id: ''
goals: 
  - 
    locationX: -4.58
    locationY: -1.75
    orientation: 0.18
  - 
    locationX: -3.54
    locationY: -1.35
    orientation: 0.19 to topic /local_control/goto
[rosout][WARNING] 2020-11-02 23:25:32,765: publishing header: 
  seq: 0
  stamp: 
    secs: 0
    nsecs:         0
  frame_id: ''
goals: 
  - 
    locationX: -3.54
    locationY: -1.35
    orientation: 0.19
  - 
    locationX: -2.5
    locationY: -0.91
    orientation: 0.2 to topic /local_control/goto
[rosout][WARNING] 2020-11-02 23:25:39,733: publishing header: 
  seq: 0
  stamp: 
    secs: 0
    nsecs:         0
  frame_id: ''
goals: 
  - 
    locationX: -2.5
    locationY: -0.91
    orientation: 0.2
  - 
    locationX: -1.43
    locationY: -0.44
    orientation: 0.2 to topic /local_control/goto
[rosout][WARNING] 2020-11-02 23:25:44,804: publishing header: 
  seq: 0
  stamp: 
    secs: 0
    nsecs:         0
  frame_id: ''
goals: 
  - 
    locationX: -6.73
    locationY: -2.53
    orientation: 0.4
  - 
    locationX: -5.83
    locationY: -2.15
    orientation: 0.18 to topic /local_control/goto
[rosout][WARNING] 2020-11-02 23:25:50,494: publishing header: 
  seq: 0
  stamp: 
    secs: 0
    nsecs:         0
  frame_id: ''
goals: 
  - 
    locationX: -5.83
    locationY: -2.15
    orientation: 0.18
  - 
    locationX: -4.58
    locationY: -1.75
    orientation: 0.18 to topic /local_control/goto
[rosout][WARNING] 2020-11-02 23:25:56,134: publishing header: 
  seq: 0
  stamp: 
    secs: 0
    nsecs:         0
  frame_id: ''
goals: 
  - 
    locationX: -4.58
    locationY: -1.75
    orientation: 0.18
  - 
    locationX: -3.54
    locationY: -1.35
    orientation: 0.19 to topic /local_control/goto
[rosout][WARNING] 2020-11-02 23:26:01,201: publishing header: 
  seq: 0
  stamp: 
    secs: 0
    nsecs:         0
  frame_id: ''
goals: 
  - 
    locationX: -3.54
    locationY: -1.35
    orientation: 0.19
  - 
    locationX: -2.5
    locationY: -0.91
    orientation: 0.2 to topic /local_control/goto
[rosout][WARNING] 2020-11-02 23:26:06,955: publishing header: 
  seq: 0
  stamp: 
    secs: 0
    nsecs:         0
  frame_id: ''
goals: 
  - 
    locationX: -2.5
    locationY: -0.91
    orientation: 0.2
  - 
    locationX: -1.43
    locationY: -0.44
    orientation: 0.2 to topic /local_control/goto
[rosout][WARNING] 2020-11-02 23:26:12,261: publishing header: 
  seq: 0
  stamp: 
    secs: 0
    nsecs:         0
  frame_id: ''
goals: 
  - 
    locationX: -6.73
    locationY: -2.53
    orientation: 0.4
  - 
    locationX: -5.83
    locationY: -2.15
    orientation: 0.18 to topic /local_control/goto
[rosout][WARNING] 2020-11-02 23:26:18,292: publishing header: 
  seq: 0
  stamp: 
    secs: 0
    nsecs:         0
  frame_id: ''
goals: 
  - 
    locationX: -5.83
    locationY: -2.15
    orientation: 0.18
  - 
    locationX: -4.58
    locationY: -1.75
    orientation: 0.18 to topic /local_control/goto
[rosout][WARNING] 2020-11-02 23:26:23,314: publishing header: 
  seq: 0
  stamp: 
    secs: 0
    nsecs:         0
  frame_id: ''
goals: 
  - 
    locationX: -4.58
    locationY: -1.75
    orientation: 0.18
  - 
    locationX: -3.54
    locationY: -1.35
    orientation: 0.19 to topic /local_control/goto
[rosout][WARNING] 2020-11-02 23:26:28,370: publishing header: 
  seq: 0
  stamp: 
    secs: 0
    nsecs:         0
  frame_id: ''
goals: 
  - 
    locationX: -3.54
    locationY: -1.35
    orientation: 0.19
  - 
    locationX: -2.5
    locationY: -0.91
    orientation: 0.2 to topic /local_control/goto
[rosout][WARNING] 2020-11-02 23:26:33,397: publishing header: 
  seq: 0
  stamp: 
    secs: 0
    nsecs:         0
  frame_id: ''
goals: 
  - 
    locationX: -2.5
    locationY: -0.91
    orientation: 0.2
  - 
    locationX: -1.43
    locationY: -0.44
    orientation: 0.2 to topic /local_control/goto
[rosout][WARNING] 2020-11-02 23:26:38,528: publishing header: 
  seq: 0
  stamp: 
    secs: 0
    nsecs:         0
  frame_id: ''
goals: 
  - 
    locationX: -6.73
    locationY: -2.53
    orientation: 0.4
  - 
    locationX: -5.83
    locationY: -2.15
    orientation: 0.18 to topic /local_control/goto
[rosout][WARNING] 2020-11-02 23:26:43,564: publishing header: 
  seq: 0
  stamp: 
    secs: 0
    nsecs:         0
  frame_id: ''
goals: 
  - 
    locationX: -5.83
    locationY: -2.15
    orientation: 0.18
  - 
    locationX: -4.58
    locationY: -1.75
    orientation: 0.18 to topic /local_control/goto
[rosout][WARNING] 2020-11-02 23:26:48,646: publishing header: 
  seq: 0
  stamp: 
    secs: 0
    nsecs:         0
  frame_id: ''
goals: 
  - 
    locationX: -4.58
    locationY: -1.75
    orientation: 0.18
  - 
    locationX: -3.54
    locationY: -1.35
    orientation: 0.19 to topic /local_control/goto
[rosout][WARNING] 2020-11-02 23:26:53,800: publishing header: 
  seq: 0
  stamp: 
    secs: 0
    nsecs:         0
  frame_id: ''
goals: 
  - 
    locationX: -3.54
    locationY: -1.35
    orientation: 0.19
  - 
    locationX: -2.5
    locationY: -0.91
    orientation: 0.2 to topic /local_control/goto
[rosout][WARNING] 2020-11-02 23:26:58,837: publishing header: 
  seq: 0
  stamp: 
    secs: 0
    nsecs:         0
  frame_id: ''
goals: 
  - 
    locationX: -2.5
    locationY: -0.91
    orientation: 0.2
  - 
    locationX: -1.43
    locationY: -0.44
    orientation: 0.2 to topic /local_control/goto
[rosout][INFO] 2020-11-02 23:27:04,854: rostful_server: Shutting down the server
[rospy.core][INFO] 2020-11-02 23:27:04,854: signal_shutdown [Closing]
[rospy.internal][INFO] 2020-11-02 23:27:04,857: topic[/enable_software_runstop] removing connection to /rostful_server
[rospy.internal][INFO] 2020-11-02 23:27:04,858: topic[/enable_software_runstop] removing connection to /software_runstop
[rospy.internal][INFO] 2020-11-02 23:27:04,858: topic[/local_control/goto] removing connection to /rostful_server
[rospy.internal][ERROR] 2020-11-02 23:27:04,858: Unable to initiate TCP/IP socket to freight1207:45488 (http://freight1207:57907/): Traceback (most recent call last):
  File "/opt/ros/indigo/lib/python2.7/dist-packages/rospy/impl/tcpros_base.py", line 557, in connect
    self.read_header()
  File "/opt/ros/indigo/lib/python2.7/dist-packages/rospy/impl/tcpros_base.py", line 619, in read_header
    self._validate_header(read_ros_handshake_header(sock, self.read_buff, self.protocol.buff_size))
  File "/opt/ros/indigo/lib/python2.7/dist-packages/rospy/impl/tcpros_base.py", line 580, in _validate_header
    raise TransportInitError("remote error reported: %s"%header['error'])
TransportInitError: remote error reported: node shutting down

[rospy.internal][ERROR] 2020-11-02 23:27:04,858: Unable to initiate TCP/IP socket to freight1207:45488 (http://freight1207:57907/): Traceback (most recent call last):
  File "/opt/ros/indigo/lib/python2.7/dist-packages/rospy/impl/tcpros_base.py", line 557, in connect
    self.read_header()
  File "/opt/ros/indigo/lib/python2.7/dist-packages/rospy/impl/tcpros_base.py", line 619, in read_header
    self._validate_header(read_ros_handshake_header(sock, self.read_buff, self.protocol.buff_size))
  File "/opt/ros/indigo/lib/python2.7/dist-packages/rospy/impl/tcpros_base.py", line 580, in _validate_header
    raise TransportInitError("remote error reported: %s"%header['error'])
TransportInitError: remote error reported: node shutting down

[rospy.internal][INFO] 2020-11-02 23:27:04,858: topic[/rosout] removing connection to /rosout
[rospy.internal][INFO] 2020-11-02 23:27:04,859: topic[/local_control/initialpose] removing connection to /rostful_server
[rospy.internal][INFO] 2020-11-02 23:27:04,859: topic[/local_control/initialpose] removing connection to /local_control_initialpose
[rospy.internal][INFO] 2020-11-02 23:27:04,859: topic[/local_control/cancel] removing connection to /rostful_server
[rospy.internal][INFO] 2020-11-02 23:27:04,859: topic[/local_control/cancel] removing connection to /local_control_navigation
[rospy.internal][ERROR] 2020-11-02 23:27:04,859: Unable to initiate TCP/IP socket to freight1207:45488 (http://freight1207:57907/): Traceback (most recent call last):
  File "/opt/ros/indigo/lib/python2.7/dist-packages/rospy/impl/tcpros_base.py", line 557, in connect
    self.read_header()
  File "/opt/ros/indigo/lib/python2.7/dist-packages/rospy/impl/tcpros_base.py", line 619, in read_header
    self._validate_header(read_ros_handshake_header(sock, self.read_buff, self.protocol.buff_size))
  File "/opt/ros/indigo/lib/python2.7/dist-packages/rospy/impl/tcpros_base.py", line 580, in _validate_header
    raise TransportInitError("remote error reported: %s"%header['error'])
TransportInitError: remote error reported: node shutting down

[rospy.internal][INFO] 2020-11-02 23:27:04,859: topic[/current/pose] removing connection to /rostful_server
[rospy.internal][INFO] 2020-11-02 23:27:04,860: topic[/enable_software_runstop] removing connection to http://freight1207:57907/
[rospy.internal][INFO] 2020-11-02 23:27:04,860: topic[/local_control/initialpose] removing connection to http://freight1207:57907/
[rospy.internal][ERROR] 2020-11-02 23:27:04,860: Unable to initiate TCP/IP socket to freight1207:45488 (http://freight1207:57907/): Traceback (most recent call last):
  File "/opt/ros/indigo/lib/python2.7/dist-packages/rospy/impl/tcpros_base.py", line 557, in connect
    self.read_header()
  File "/opt/ros/indigo/lib/python2.7/dist-packages/rospy/impl/tcpros_base.py", line 619, in read_header
    self._validate_header(read_ros_handshake_header(sock, self.read_buff, self.protocol.buff_size))
  File "/opt/ros/indigo/lib/python2.7/dist-packages/rospy/impl/tcpros_base.py", line 580, in _validate_header
    raise TransportInitError("remote error reported: %s"%header['error'])
TransportInitError: remote error reported: node shutting down

[rospy.internal][INFO] 2020-11-02 23:27:04,860: topic[/local_control/goto] removing connection to http://freight1207:57907/
[rospy.internal][ERROR] 2020-11-02 23:27:04,860: Unable to initiate TCP/IP socket to freight1207:45488 (http://freight1207:57907/): Traceback (most recent call last):
  File "/opt/ros/indigo/lib/python2.7/dist-packages/rospy/impl/tcpros_base.py", line 557, in connect
    self.read_header()
  File "/opt/ros/indigo/lib/python2.7/dist-packages/rospy/impl/tcpros_base.py", line 619, in read_header
    self._validate_header(read_ros_handshake_header(sock, self.read_buff, self.protocol.buff_size))
  File "/opt/ros/indigo/lib/python2.7/dist-packages/rospy/impl/tcpros_base.py", line 580, in _validate_header
    raise TransportInitError("remote error reported: %s"%header['error'])
TransportInitError: remote error reported: node shutting down

[rospy.internal][INFO] 2020-11-02 23:27:04,860: topic[/local_control/cancel] removing connection to http://freight1207:57907/
[rospy.internal][INFO] 2020-11-02 23:27:04,860: topic[/current/pose] removing connection to http://freight1207:57907/
[rospy.impl.masterslave][INFO] 2020-11-02 23:27:04,861: Closing
[rospy.core][INFO] 2020-11-02 23:27:04,992: signal_shutdown [atexit]
[rospy.client][INFO] 2020-11-02 23:27:22,978: init_node, name[/rostful_server], pid[9441]
[xmlrpc][INFO] 2020-11-02 23:27:22,978: XML-RPC server binding to 0.0.0.0:0
[xmlrpc][INFO] 2020-11-02 23:27:22,978: Started XML-RPC server [http://freight1207:55948/]
[rospy.init][INFO] 2020-11-02 23:27:22,979: ROS Slave URI: [http://freight1207:55948/]
[rospy.impl.masterslave][INFO] 2020-11-02 23:27:22,979: _ready: http://freight1207:55948/
[xmlrpc][INFO] 2020-11-02 23:27:22,979: xml rpc node: starting XML-RPC server
[rospy.registration][INFO] 2020-11-02 23:27:22,979: Registering with master node http://localhost:11311
[rospy.init][INFO] 2020-11-02 23:27:23,079: registered with master
[rospy.rosout][INFO] 2020-11-02 23:27:23,079: initializing /rosout core topic
[rospy.rosout][INFO] 2020-11-02 23:27:23,081: connected to core topic /rosout
[rospy.simtime][INFO] 2020-11-02 23:27:23,082: /use_sim_time is not set, will not subscribe to simulated time [/clock] topic
[rosout][WARNING] 2020-11-02 23:27:23,086: rostful_server: Delaying the start 1 seconds
[rospy.internal][INFO] 2020-11-02 23:27:23,316: topic[/rosout] adding connection to [/rosout], count 0
[rospy.internal][INFO] 2020-11-02 23:27:24,129: topic[/enable_software_runstop] adding connection to [/software_runstop], count 0
[rospy.internal][INFO] 2020-11-02 23:27:24,146: topic[/current/pose] adding connection to [http://freight1207:55948/], count 0
[rospy.internal][INFO] 2020-11-02 23:27:24,146: topic[/enable_software_runstop] adding connection to [http://freight1207:55948/], count 0
[rospy.internal][INFO] 2020-11-02 23:27:24,148: topic[/local_control/initialpose] adding connection to [http://freight1207:55948/], count 0
[rospy.internal][INFO] 2020-11-02 23:27:24,149: topic[/current/pose] adding connection to [/rostful_server], count 0
[rospy.internal][INFO] 2020-11-02 23:27:24,149: topic[/local_control/cancel] adding connection to [http://freight1207:55948/], count 0
[rospy.internal][INFO] 2020-11-02 23:27:24,150: topic[/enable_software_runstop] adding connection to [/rostful_server], count 1
[rospy.internal][INFO] 2020-11-02 23:27:24,150: topic[/local_control/goto] adding connection to [http://freight1207:55948/], count 0
[rospy.internal][INFO] 2020-11-02 23:27:24,151: topic[/local_control/initialpose] adding connection to [/rostful_server], count 0
[rospy.internal][INFO] 2020-11-02 23:27:24,151: topic[/local_control/cancel] adding connection to [/rostful_server], count 0
[rospy.internal][INFO] 2020-11-02 23:27:24,151: topic[/local_control/goto] adding connection to [/rostful_server], count 0
[rosout][INFO] 2020-11-02 23:27:24,153: rostful_server: Started server on port 8080
[rospy.internal][INFO] 2020-11-02 23:27:25,763: topic[/current/pose] adding connection to [http://freight1207:54118/], count 1
[rospy.internal][INFO] 2020-11-02 23:27:25,923: topic[/local_control/goto] adding connection to [/local_control_navigation], count 1
[rospy.internal][INFO] 2020-11-02 23:27:25,923: topic[/local_control/cancel] adding connection to [/local_control_navigation], count 1
[rospy.internal][INFO] 2020-11-02 23:27:25,923: topic[/local_control/initialpose] adding connection to [/local_control_initialpose], count 1
[rosout][WARNING] 2020-11-02 23:27:38,113: publishing header: 
  seq: 0
  stamp: 
    secs: 0
    nsecs:         0
  frame_id: ''
goals: 
  - 
    locationX: -6.73
    locationY: -2.53
    orientation: 0.4
  - 
    locationX: -5.83
    locationY: -2.15
    orientation: 0.18 to topic /local_control/goto
[rosout][WARNING] 2020-11-02 23:27:43,181: publishing header: 
  seq: 0
  stamp: 
    secs: 0
    nsecs:         0
  frame_id: ''
goals: 
  - 
    locationX: -6.43
    locationY: -2.23
    orientation: 0.4
  - 
    locationX: -5.83
    locationY: -2.15
    orientation: 0.18 to topic /local_control/goto
[rosout][WARNING] 2020-11-02 23:27:48,305: publishing header: 
  seq: 0
  stamp: 
    secs: 0
    nsecs:         0
  frame_id: ''
goals: 
  - 
    locationX: -6.13
    locationY: -1.93
    orientation: 0.4
  - 
    locationX: -5.83
    locationY: -2.15
    orientation: 0.18 to topic /local_control/goto
[rosout][WARNING] 2020-11-02 23:27:53,361: publishing header: 
  seq: 0
  stamp: 
    secs: 0
    nsecs:         0
  frame_id: ''
goals: 
  - 
    locationX: -5.83
    locationY: -1.63
    orientation: 0.4
  - 
    locationX: -5.83
    locationY: -2.15
    orientation: 0.18 to topic /local_control/goto
[rosout][WARNING] 2020-11-02 23:27:58,409: publishing header: 
  seq: 0
  stamp: 
    secs: 0
    nsecs:         0
  frame_id: ''
goals: 
  - 
    locationX: -5.53
    locationY: -1.33
    orientation: 0.4
  - 
    locationX: -5.83
    locationY: -2.15
    orientation: 0.18 to topic /local_control/goto
[rosout][WARNING] 2020-11-02 23:28:03,573: publishing header: 
  seq: 0
  stamp: 
    secs: 0
    nsecs:         0
  frame_id: ''
goals: 
  - 
    locationX: -5.23
    locationY: -1.03
    orientation: 0.4
  - 
    locationX: -5.83
    locationY: -2.15
    orientation: 0.18 to topic /local_control/goto
[rosout][WARNING] 2020-11-02 23:28:08,636: publishing header: 
  seq: 0
  stamp: 
    secs: 0
    nsecs:         0
  frame_id: ''
goals: 
  - 
    locationX: -4.93
    locationY: -0.73
    orientation: 0.4
  - 
    locationX: -5.83
    locationY: -2.15
    orientation: 0.18 to topic /local_control/goto
[rosout][WARNING] 2020-11-02 23:28:13,683: publishing header: 
  seq: 0
  stamp: 
    secs: 0
    nsecs:         0
  frame_id: ''
goals: 
  - 
    locationX: -4.63
    locationY: -0.43
    orientation: 0.4
  - 
    locationX: -5.83
    locationY: -2.15
    orientation: 0.18 to topic /local_control/goto
[rospy.internal][WARNING] 2020-11-02 23:28:14,300: Unknown error initiating TCP/IP socket to freight1207:42118 (http://freight1207:54118/): Traceback (most recent call last):
  File "/opt/ros/indigo/lib/python2.7/dist-packages/rospy/impl/tcpros_base.py", line 557, in connect
    self.read_header()
  File "/opt/ros/indigo/lib/python2.7/dist-packages/rospy/impl/tcpros_base.py", line 619, in read_header
    self._validate_header(read_ros_handshake_header(sock, self.read_buff, self.protocol.buff_size))
  File "/opt/ros/indigo/lib/python2.7/dist-packages/rosgraph/network.py", line 363, in read_ros_handshake_header
    d = sock.recv(buff_size)
error: [Errno 104] Connection reset by peer

[rospy.internal][INFO] 2020-11-02 23:28:14,300: topic[/current/pose] removing connection to http://freight1207:54118/
[rosout][INFO] 2020-11-02 23:33:07,471: rostful_server: Shutting down the server
[rospy.core][INFO] 2020-11-02 23:33:07,472: signal_shutdown [Closing]
[rospy.internal][INFO] 2020-11-02 23:33:07,475: topic[/enable_software_runstop] removing connection to /software_runstop
[rospy.internal][INFO] 2020-11-02 23:33:07,475: topic[/enable_software_runstop] removing connection to /rostful_server
[rospy.internal][INFO] 2020-11-02 23:33:07,475: topic[/local_control/goto] removing connection to /rostful_server
[rospy.internal][INFO] 2020-11-02 23:33:07,476: topic[/local_control/goto] removing connection to /local_control_navigation
[rospy.internal][ERROR] 2020-11-02 23:33:07,476: Unable to initiate TCP/IP socket to freight1207:38595 (http://freight1207:55948/): Traceback (most recent call last):
  File "/opt/ros/indigo/lib/python2.7/dist-packages/rospy/impl/tcpros_base.py", line 557, in connect
    self.read_header()
  File "/opt/ros/indigo/lib/python2.7/dist-packages/rospy/impl/tcpros_base.py", line 619, in read_header
    self._validate_header(read_ros_handshake_header(sock, self.read_buff, self.protocol.buff_size))
  File "/opt/ros/indigo/lib/python2.7/dist-packages/rospy/impl/tcpros_base.py", line 580, in _validate_header
    raise TransportInitError("remote error reported: %s"%header['error'])
TransportInitError: remote error reported: node shutting down

[rospy.internal][INFO] 2020-11-02 23:33:07,476: topic[/rosout] removing connection to /rosout
[rospy.internal][INFO] 2020-11-02 23:33:07,476: topic[/local_control/initialpose] removing connection to /rostful_server
[rospy.internal][ERROR] 2020-11-02 23:33:07,476: Unable to initiate TCP/IP socket to freight1207:38595 (http://freight1207:55948/): Traceback (most recent call last):
  File "/opt/ros/indigo/lib/python2.7/dist-packages/rospy/impl/tcpros_base.py", line 557, in connect
    self.read_header()
  File "/opt/ros/indigo/lib/python2.7/dist-packages/rospy/impl/tcpros_base.py", line 619, in read_header
    self._validate_header(read_ros_handshake_header(sock, self.read_buff, self.protocol.buff_size))
  File "/opt/ros/indigo/lib/python2.7/dist-packages/rospy/impl/tcpros_base.py", line 580, in _validate_header
    raise TransportInitError("remote error reported: %s"%header['error'])
TransportInitError: remote error reported: node shutting down

[rospy.internal][INFO] 2020-11-02 23:33:07,477: topic[/local_control/initialpose] removing connection to /local_control_initialpose
[rospy.internal][ERROR] 2020-11-02 23:33:07,477: Unable to initiate TCP/IP socket to freight1207:38595 (http://freight1207:55948/): Traceback (most recent call last):
  File "/opt/ros/indigo/lib/python2.7/dist-packages/rospy/impl/tcpros_base.py", line 557, in connect
    self.read_header()
  File "/opt/ros/indigo/lib/python2.7/dist-packages/rospy/impl/tcpros_base.py", line 619, in read_header
    self._validate_header(read_ros_handshake_header(sock, self.read_buff, self.protocol.buff_size))
  File "/opt/ros/indigo/lib/python2.7/dist-packages/rospy/impl/tcpros_base.py", line 580, in _validate_header
    raise TransportInitError("remote error reported: %s"%header['error'])
TransportInitError: remote error reported: node shutting down

[rospy.internal][INFO] 2020-11-02 23:33:07,477: topic[/local_control/cancel] removing connection to /rostful_server
[rospy.internal][INFO] 2020-11-02 23:33:07,477: topic[/local_control/cancel] removing connection to /local_control_navigation
[rospy.internal][ERROR] 2020-11-02 23:33:07,477: Unable to initiate TCP/IP socket to freight1207:38595 (http://freight1207:55948/): Traceback (most recent call last):
  File "/opt/ros/indigo/lib/python2.7/dist-packages/rospy/impl/tcpros_base.py", line 557, in connect
    self.read_header()
  File "/opt/ros/indigo/lib/python2.7/dist-packages/rospy/impl/tcpros_base.py", line 619, in read_header
    self._validate_header(read_ros_handshake_header(sock, self.read_buff, self.protocol.buff_size))
  File "/opt/ros/indigo/lib/python2.7/dist-packages/rospy/impl/tcpros_base.py", line 580, in _validate_header
    raise TransportInitError("remote error reported: %s"%header['error'])
TransportInitError: remote error reported: node shutting down

[rospy.internal][INFO] 2020-11-02 23:33:07,477: topic[/current/pose] removing connection to /rostful_server
[rospy.internal][INFO] 2020-11-02 23:33:07,478: topic[/enable_software_runstop] removing connection to http://freight1207:55948/
[rospy.internal][INFO] 2020-11-02 23:33:07,478: topic[/local_control/initialpose] removing connection to http://freight1207:55948/
[rospy.internal][INFO] 2020-11-02 23:33:07,478: topic[/local_control/goto] removing connection to http://freight1207:55948/
[rospy.internal][INFO] 2020-11-02 23:33:07,478: topic[/local_control/cancel] removing connection to http://freight1207:55948/
[rospy.internal][INFO] 2020-11-02 23:33:07,478: topic[/current/pose] removing connection to http://freight1207:55948/
[rospy.internal][WARNING] 2020-11-02 23:33:07,478: Unknown error initiating TCP/IP socket to freight1207:38595 (http://freight1207:55948/): Traceback (most recent call last):
  File "/opt/ros/indigo/lib/python2.7/dist-packages/rospy/impl/tcpros_base.py", line 557, in connect
    self.read_header()
  File "/opt/ros/indigo/lib/python2.7/dist-packages/rospy/impl/tcpros_base.py", line 619, in read_header
    self._validate_header(read_ros_handshake_header(sock, self.read_buff, self.protocol.buff_size))
  File "/opt/ros/indigo/lib/python2.7/dist-packages/rosgraph/network.py", line 363, in read_ros_handshake_header
    d = sock.recv(buff_size)
error: [Errno 104] Connection reset by peer

[rospy.impl.masterslave][INFO] 2020-11-02 23:33:07,478: Closing
[rospy.core][INFO] 2020-11-02 23:33:07,582: signal_shutdown [atexit]
[rospy.client][INFO] 2020-11-02 23:33:50,115: init_node, name[/rostful_server], pid[13047]
[xmlrpc][INFO] 2020-11-02 23:33:50,115: XML-RPC server binding to 0.0.0.0:0
[xmlrpc][INFO] 2020-11-02 23:33:50,115: Started XML-RPC server [http://freight1207:36231/]
[rospy.init][INFO] 2020-11-02 23:33:50,115: ROS Slave URI: [http://freight1207:36231/]
[rospy.impl.masterslave][INFO] 2020-11-02 23:33:50,115: _ready: http://freight1207:36231/
[xmlrpc][INFO] 2020-11-02 23:33:50,116: xml rpc node: starting XML-RPC server
[rospy.registration][INFO] 2020-11-02 23:33:50,116: Registering with master node http://localhost:11311
[rospy.init][INFO] 2020-11-02 23:33:50,216: registered with master
[rospy.rosout][INFO] 2020-11-02 23:33:50,216: initializing /rosout core topic
[rospy.rosout][INFO] 2020-11-02 23:33:50,218: connected to core topic /rosout
[rospy.simtime][INFO] 2020-11-02 23:33:50,218: /use_sim_time is not set, will not subscribe to simulated time [/clock] topic
[rosout][WARNING] 2020-11-02 23:33:50,223: rostful_server: Delaying the start 1 seconds
[rospy.internal][INFO] 2020-11-02 23:33:50,446: topic[/rosout] adding connection to [/rosout], count 0
[rospy.internal][INFO] 2020-11-02 23:33:51,283: topic[/enable_software_runstop] adding connection to [http://freight1207:36231/], count 0
[rospy.internal][INFO] 2020-11-02 23:33:51,284: topic[/current/pose] adding connection to [http://freight1207:36231/], count 0
[rospy.internal][INFO] 2020-11-02 23:33:51,285: topic[/local_control/cancel] adding connection to [http://freight1207:36231/], count 0
[rospy.internal][INFO] 2020-11-02 23:33:51,286: topic[/local_control/initialpose] adding connection to [http://freight1207:36231/], count 0
[rospy.internal][INFO] 2020-11-02 23:33:51,287: topic[/local_control/goto] adding connection to [http://freight1207:36231/], count 0
[rospy.internal][INFO] 2020-11-02 23:33:51,287: topic[/enable_software_runstop] adding connection to [/rostful_server], count 0
[rospy.internal][INFO] 2020-11-02 23:33:51,288: topic[/current/pose] adding connection to [/rostful_server], count 0
[rospy.internal][INFO] 2020-11-02 23:33:51,288: topic[/local_control/cancel] adding connection to [/rostful_server], count 0
[rospy.internal][INFO] 2020-11-02 23:33:51,288: topic[/local_control/initialpose] adding connection to [/rostful_server], count 0
[rospy.internal][INFO] 2020-11-02 23:33:51,289: topic[/local_control/goto] adding connection to [/rostful_server], count 0
[rosout][INFO] 2020-11-02 23:33:51,294: rostful_server: Started server on port 8080
[rospy.internal][INFO] 2020-11-02 23:33:51,322: topic[/enable_software_runstop] adding connection to [/software_runstop], count 1
[rospy.internal][INFO] 2020-11-02 23:34:02,600: topic[/current/pose] adding connection to [http://freight1207:52765/], count 1
[rospy.internal][INFO] 2020-11-02 23:34:02,765: topic[/local_control/initialpose] adding connection to [/local_control_initialpose], count 1
[rospy.internal][INFO] 2020-11-02 23:34:02,765: topic[/local_control/goto] adding connection to [/local_control_navigation], count 1
[rospy.internal][INFO] 2020-11-02 23:34:02,765: topic[/local_control/cancel] adding connection to [/local_control_navigation], count 1
[rosout][WARNING] 2020-11-02 23:34:09,806: publishing header: 
  seq: 0
  stamp: 
    secs: 0
    nsecs:         0
  frame_id: ''
goals: 
  - 
    locationX: -7.32
    locationY: -2.51
    orientation: 0.102
  - 
    locationX: -5.89
    locationY: -1.99
    orientation: 0.17 to topic /local_control/goto
[rosout][WARNING] 2020-11-02 23:34:14,866: publishing header: 
  seq: 0
  stamp: 
    secs: 0
    nsecs:         0
  frame_id: ''
goals: 
  - 
    locationX: -5.89
    locationY: -1.99
    orientation: 0.102
  - 
    locationX: -3.89
    locationY: -0.99
    orientation: 0.17 to topic /local_control/goto
[rosout][WARNING] 2020-11-02 23:34:19,987: publishing header: 
  seq: 0
  stamp: 
    secs: 0
    nsecs:         0
  frame_id: ''
goals: 
  - 
    locationX: -3.89
    locationY: -0.99
    orientation: 0.102
  - 
    locationX: -1.89
    locationY: 0.01
    orientation: 0.17 to topic /local_control/goto
[rosout][WARNING] 2020-11-02 23:34:25,098: publishing header: 
  seq: 0
  stamp: 
    secs: 0
    nsecs:         0
  frame_id: ''
goals: 
  - 
    locationX: -1.89
    locationY: 0.01
    orientation: 0.102
  - 
    locationX: 0.11
    locationY: 1.01
    orientation: 0.17 to topic /local_control/goto
[rosout][WARNING] 2020-11-02 23:34:30,149: publishing header: 
  seq: 0
  stamp: 
    secs: 0
    nsecs:         0
  frame_id: ''
goals: 
  - 
    locationX: 0.11
    locationY: 1.01
    orientation: 0.102
  - 
    locationX: 2.11
    locationY: 2.01
    orientation: 0.17 to topic /local_control/goto
[rosout][WARNING] 2020-11-02 23:34:35,248: publishing header: 
  seq: 0
  stamp: 
    secs: 0
    nsecs:         0
  frame_id: ''
goals: 
  - 
    locationX: 2.11
    locationY: 2.01
    orientation: 0.102
  - 
    locationX: 4.11
    locationY: 3.01
    orientation: 0.17 to topic /local_control/goto
[rosout][WARNING] 2020-11-02 23:34:40,350: publishing header: 
  seq: 0
  stamp: 
    secs: 0
    nsecs:         0
  frame_id: ''
goals: 
  - 
    locationX: 4.11
    locationY: 3.01
    orientation: 0.102
  - 
    locationX: 6.11
    locationY: 4.01
    orientation: 0.17 to topic /local_control/goto
[rosout][INFO] 2020-11-02 23:34:49,970: rostful_server: Shutting down the server
[rospy.core][INFO] 2020-11-02 23:34:49,971: signal_shutdown [Closing]
[rospy.internal][INFO] 2020-11-02 23:34:49,974: topic[/enable_software_runstop] removing connection to /rostful_server
[rospy.internal][INFO] 2020-11-02 23:34:49,974: topic[/enable_software_runstop] removing connection to /software_runstop
[rospy.internal][INFO] 2020-11-02 23:34:49,974: topic[/local_control/goto] removing connection to /rostful_server
[rospy.internal][INFO] 2020-11-02 23:34:49,975: topic[/local_control/goto] removing connection to /local_control_navigation
[rospy.internal][INFO] 2020-11-02 23:34:49,975: topic[/rosout] removing connection to /rosout
[rospy.internal][INFO] 2020-11-02 23:34:49,975: topic[/local_control/initialpose] removing connection to /rostful_server
[rospy.internal][INFO] 2020-11-02 23:34:49,975: topic[/local_control/initialpose] removing connection to /local_control_initialpose
[rospy.internal][ERROR] 2020-11-02 23:34:49,975: Unable to initiate TCP/IP socket to freight1207:38575 (http://freight1207:36231/): Traceback (most recent call last):
  File "/opt/ros/indigo/lib/python2.7/dist-packages/rospy/impl/tcpros_base.py", line 557, in connect
    self.read_header()
  File "/opt/ros/indigo/lib/python2.7/dist-packages/rospy/impl/tcpros_base.py", line 619, in read_header
    self._validate_header(read_ros_handshake_header(sock, self.read_buff, self.protocol.buff_size))
  File "/opt/ros/indigo/lib/python2.7/dist-packages/rospy/impl/tcpros_base.py", line 580, in _validate_header
    raise TransportInitError("remote error reported: %s"%header['error'])
TransportInitError: remote error reported: node shutting down

[rospy.internal][ERROR] 2020-11-02 23:34:49,975: Unable to initiate TCP/IP socket to freight1207:38575 (http://freight1207:36231/): Traceback (most recent call last):
  File "/opt/ros/indigo/lib/python2.7/dist-packages/rospy/impl/tcpros_base.py", line 557, in connect
    self.read_header()
  File "/opt/ros/indigo/lib/python2.7/dist-packages/rospy/impl/tcpros_base.py", line 619, in read_header
    self._validate_header(read_ros_handshake_header(sock, self.read_buff, self.protocol.buff_size))
  File "/opt/ros/indigo/lib/python2.7/dist-packages/rospy/impl/tcpros_base.py", line 580, in _validate_header
    raise TransportInitError("remote error reported: %s"%header['error'])
TransportInitError: remote error reported: node shutting down

[rospy.internal][INFO] 2020-11-02 23:34:49,976: topic[/local_control/cancel] removing connection to /rostful_server
[rospy.internal][ERROR] 2020-11-02 23:34:49,976: Unable to initiate TCP/IP socket to freight1207:38575 (http://freight1207:36231/): Traceback (most recent call last):
  File "/opt/ros/indigo/lib/python2.7/dist-packages/rospy/impl/tcpros_base.py", line 557, in connect
    self.read_header()
  File "/opt/ros/indigo/lib/python2.7/dist-packages/rospy/impl/tcpros_base.py", line 619, in read_header
    self._validate_header(read_ros_handshake_header(sock, self.read_buff, self.protocol.buff_size))
  File "/opt/ros/indigo/lib/python2.7/dist-packages/rospy/impl/tcpros_base.py", line 580, in _validate_header
    raise TransportInitError("remote error reported: %s"%header['error'])
TransportInitError: remote error reported: node shutting down

[rospy.internal][INFO] 2020-11-02 23:34:49,976: topic[/local_control/cancel] removing connection to /local_control_navigation
[rospy.internal][ERROR] 2020-11-02 23:34:49,976: Unable to initiate TCP/IP socket to freight1207:38575 (http://freight1207:36231/): Traceback (most recent call last):
  File "/opt/ros/indigo/lib/python2.7/dist-packages/rospy/impl/tcpros_base.py", line 557, in connect
    self.read_header()
  File "/opt/ros/indigo/lib/python2.7/dist-packages/rospy/impl/tcpros_base.py", line 619, in read_header
    self._validate_header(read_ros_handshake_header(sock, self.read_buff, self.protocol.buff_size))
  File "/opt/ros/indigo/lib/python2.7/dist-packages/rospy/impl/tcpros_base.py", line 580, in _validate_header
    raise TransportInitError("remote error reported: %s"%header['error'])
TransportInitError: remote error reported: node shutting down

[rospy.internal][INFO] 2020-11-02 23:34:49,976: topic[/current/pose] removing connection to /rostful_server
[rospy.internal][INFO] 2020-11-02 23:34:49,977: topic[/enable_software_runstop] removing connection to http://freight1207:36231/
[rospy.internal][INFO] 2020-11-02 23:34:49,977: topic[/local_control/initialpose] removing connection to http://freight1207:36231/
[rospy.internal][INFO] 2020-11-02 23:34:49,977: topic[/local_control/goto] removing connection to http://freight1207:36231/
[rospy.internal][INFO] 2020-11-02 23:34:49,977: topic[/local_control/cancel] removing connection to http://freight1207:36231/
[rospy.internal][ERROR] 2020-11-02 23:34:49,977: Unable to initiate TCP/IP socket to freight1207:38575 (http://freight1207:36231/): Traceback (most recent call last):
  File "/opt/ros/indigo/lib/python2.7/dist-packages/rospy/impl/tcpros_base.py", line 557, in connect
    self.read_header()
  File "/opt/ros/indigo/lib/python2.7/dist-packages/rospy/impl/tcpros_base.py", line 619, in read_header
    self._validate_header(read_ros_handshake_header(sock, self.read_buff, self.protocol.buff_size))
  File "/opt/ros/indigo/lib/python2.7/dist-packages/rospy/impl/tcpros_base.py", line 580, in _validate_header
    raise TransportInitError("remote error reported: %s"%header['error'])
TransportInitError: remote error reported: node shutting down

[rospy.internal][INFO] 2020-11-02 23:34:49,977: topic[/current/pose] removing connection to http://freight1207:36231/
[rospy.internal][INFO] 2020-11-02 23:34:49,977: topic[/current/pose] removing connection to http://freight1207:52765/
[rospy.impl.masterslave][INFO] 2020-11-02 23:34:49,978: Closing
[rospy.core][INFO] 2020-11-02 23:34:50,592: signal_shutdown [atexit]
