[rospy.client][INFO] 2020-11-04 00:35:56,376: init_node, name[/rosbridge_websocket], pid[14995]
[xmlrpc][INFO] 2020-11-04 00:35:56,376: XML-RPC server binding to 0.0.0.0:0
[xmlrpc][INFO] 2020-11-04 00:35:56,377: Started XML-RPC server [http://freight1207:37059/]
[rospy.init][INFO] 2020-11-04 00:35:56,377: ROS Slave URI: [http://freight1207:37059/]
[rospy.impl.masterslave][INFO] 2020-11-04 00:35:56,377: _ready: http://freight1207:37059/
[xmlrpc][INFO] 2020-11-04 00:35:56,377: xml rpc node: starting XML-RPC server
[rospy.registration][INFO] 2020-11-04 00:35:56,377: Registering with master node http://localhost:11311
[rospy.init][INFO] 2020-11-04 00:35:56,477: registered with master
[rospy.rosout][INFO] 2020-11-04 00:35:56,477: initializing /rosout core topic
[rospy.rosout][INFO] 2020-11-04 00:35:56,479: connected to core topic /rosout
[rospy.simtime][INFO] 2020-11-04 00:35:56,480: /use_sim_time is not set, will not subscribe to simulated time [/clock] topic
[rosout][INFO] 2020-11-04 00:35:56,491: Rosbridge WebSocket server started on port 9090
[rospy.internal][INFO] 2020-11-04 00:35:56,754: topic[/rosout] adding connection to [/rosout], count 0
[rosout][INFO] 2020-11-04 00:35:58,372: Client connected.  1 clients total.
[rospy.internal][INFO] 2020-11-04 00:36:06,768: topic[/cmd_vel] adding connection to [/cmd_vel_mux], count 0
[rosout][INFO] 2020-11-04 00:49:11,197: Client disconnected. 0 clients total.
[rosout][INFO] 2020-11-04 00:49:14,340: Client connected.  1 clients total.
[rospy.internal][INFO] 2020-11-04 00:49:21,197: topic impl's ref count is zero, deleting topic /cmd_vel...
[rospy.internal][INFO] 2020-11-04 00:49:21,198: topic[/cmd_vel] removing connection to /cmd_vel_mux
[rosout][INFO] 2020-11-04 00:49:37,822: Client disconnected. 0 clients total.
[rospy.core][INFO] 2020-11-04 03:00:58,274: signal_shutdown [signal-2]
[rospy.internal][INFO] 2020-11-04 03:00:58,279: topic[/rosout] removing connection to /rosout
[rospy.impl.masterslave][INFO] 2020-11-04 03:00:58,279: signal-2
[rospy.core][INFO] 2020-11-04 03:00:58,380: signal_shutdown [atexit]
