[rospy.client][INFO] 2020-11-04 00:54:44,755: init_node, name[/sound_play], pid[16088]
[xmlrpc][INFO] 2020-11-04 00:54:44,755: XML-RPC server binding to 0.0.0.0:0
[xmlrpc][INFO] 2020-11-04 00:54:44,755: Started XML-RPC server [http://freight1207:36363/]
[rospy.init][INFO] 2020-11-04 00:54:44,755: ROS Slave URI: [http://freight1207:36363/]
[rospy.impl.masterslave][INFO] 2020-11-04 00:54:44,755: _ready: http://freight1207:36363/
[xmlrpc][INFO] 2020-11-04 00:54:44,756: xml rpc node: starting XML-RPC server
[rospy.registration][INFO] 2020-11-04 00:54:44,756: Registering with master node http://localhost:11311
[rospy.init][INFO] 2020-11-04 00:54:44,856: registered with master
[rospy.rosout][INFO] 2020-11-04 00:54:44,856: initializing /rosout core topic
[rospy.rosout][INFO] 2020-11-04 00:54:44,857: connected to core topic /rosout
[rospy.simtime][INFO] 2020-11-04 00:54:44,858: /use_sim_time is not set, will not subscribe to simulated time [/clock] topic
[rospy.internal][INFO] 2020-11-04 00:54:45,086: topic[/rosout] adding connection to [/rosout], count 0
[rospy.impl.masterslave][INFO] 2020-11-04 00:54:45,586: external shutdown request from [/master]: new node registered with same name
[rospy.core][INFO] 2020-11-04 00:54:45,586: signal_shutdown [external shutdown request from [/master]: [new node registered with same name]]
[rospy.internal][INFO] 2020-11-04 00:54:45,591: topic[/rosout] removing connection to /rosout
[rosout][WARNING] 2020-11-04 00:54:45,868: Sound command issued, but no node is subscribed to the topic. Perhaps you forgot to run soundplay_node.py?
[rospy.core][INFO] 2020-11-04 00:54:46,870: signal_shutdown [atexit]
[rospy.client][INFO] 2020-11-04 00:54:57,654: init_node, name[/sound_play], pid[16229]
[xmlrpc][INFO] 2020-11-04 00:54:57,655: XML-RPC server binding to 0.0.0.0:0
[xmlrpc][INFO] 2020-11-04 00:54:57,655: Started XML-RPC server [http://freight1207:39496/]
[rospy.init][INFO] 2020-11-04 00:54:57,655: ROS Slave URI: [http://freight1207:39496/]
[rospy.impl.masterslave][INFO] 2020-11-04 00:54:57,655: _ready: http://freight1207:39496/
[xmlrpc][INFO] 2020-11-04 00:54:57,655: xml rpc node: starting XML-RPC server
[rospy.registration][INFO] 2020-11-04 00:54:57,656: Registering with master node http://localhost:11311
[rospy.init][INFO] 2020-11-04 00:54:57,755: registered with master
[rospy.rosout][INFO] 2020-11-04 00:54:57,755: initializing /rosout core topic
[rospy.rosout][INFO] 2020-11-04 00:54:57,757: connected to core topic /rosout
[rospy.simtime][INFO] 2020-11-04 00:54:57,758: /use_sim_time is not set, will not subscribe to simulated time [/clock] topic
[rospy.internal][INFO] 2020-11-04 00:54:58,007: topic[/rosout] adding connection to [/rosout], count 0
[rospy.core][INFO] 2020-11-04 00:54:58,312: signal_shutdown [signal-2]
[rospy.internal][INFO] 2020-11-04 00:54:58,315: topic[/rosout] removing connection to /rosout
[rospy.impl.masterslave][INFO] 2020-11-04 00:54:58,315: signal-2
[rosout][WARNING] 2020-11-04 00:54:58,446: Sound command issued, but no node is subscribed to the topic. Perhaps you forgot to run soundplay_node.py?
[rospy.core][INFO] 2020-11-04 00:54:59,448: signal_shutdown [atexit]
