[roslaunch][INFO] 2020-10-19 19:56:36,426: Checking log directory for disk usage. This may take awhile.
Press Ctrl-C to interrupt
[roslaunch][INFO] 2020-10-19 19:56:36,428: Done checking log file disk usage. Usage is <1GB.
[roslaunch][INFO] 2020-10-19 19:56:36,429: roslaunch starting with args ['/opt/ros/indigo/bin/roslaunch', 'fetch_navigation', 'freight_nav.launch']
[roslaunch][INFO] 2020-10-19 19:56:36,429: roslaunch env is {'ROS_DISTRO': 'indigo', 'LESSOPEN': '| /usr/bin/lesspipe %s', 'SSH_CLIENT': '192.168.30.25 49959 22', 'CPATH': '/home/fetch/catkin_ws/devel/include:/opt/ros/indigo/include', 'LOGNAME': 'fetch', 'USER': 'fetch', 'HOME': '/home/fetch', 'PATH': '/opt/ros/indigo/bin:/usr/local/sbin:/usr/local/bin:/usr/sbin:/usr/bin:/sbin:/bin:/usr/games:/usr/local/games', 'CMAKE_PREFIX_PATH': '/home/fetch/catkin_ws/devel:/opt/ros/indigo', 'LD_LIBRARY_PATH': '/home/fetch/catkin_ws/devel/lib:/opt/ros/indigo/lib:/opt/ros/indigo/lib/x86_64-linux-gnu', 'LANG': 'en_US.UTF-8', 'TERM': 'xterm-256color', 'SHELL': '/bin/bash', 'SHLVL': '1', 'QT_QPA_PLATFORMTHEME': 'appmenu-qt5', 'ROS_LOG_FILENAME': '/home/fetch/.ros/log/033359c0-127e-11eb-b22e-000babe55698/roslaunch-freight1207-5074.log', 'ROS_ETC_DIR': '/opt/ros/indigo/etc/ros', 'XDG_RUNTIME_DIR': '/run/user/1000', 'PYTHONPATH': '/home/fetch/catkin_ws/devel/lib/python2.7/dist-packages:/opt/ros/indigo/lib/python2.7/dist-packages', 'ROS_ROOT': '/opt/ros/indigo/share/ros', 'PKG_CONFIG_PATH': '/home/fetch/catkin_ws/devel/lib/pkgconfig:/opt/ros/indigo/lib/pkgconfig:/opt/ros/indigo/lib/x86_64-linux-gnu/pkgconfig', 'ROS_PACKAGE_PATH': '/home/fetch/catkin_ws/src:/opt/ros/indigo/share:/opt/ros/indigo/stacks', 'XDG_SESSION_ID': '3', '_': '/opt/ros/indigo/bin/roslaunch', 'SSH_CONNECTION': '192.168.30.25 49959 192.168.30.22 22', 'LESSCLOSE': '/usr/bin/lesspipe %s %s', 'SSH_TTY': '/dev/pts/8', 'OLDPWD': '/opt/ros/indigo/share/fetch_navigation', 'PWD': '/opt/ros/indigo/share/fetch_navigation/launch', 'ROS_MASTER_URI': 'http://localhost:11311', 'MAIL': '/var/mail/fetch', 'LS_COLORS': 'rs=0:di=01;34:ln=01;36:mh=00:pi=40;33:so=01;35:do=01;35:bd=40;33;01:cd=40;33;01:or=40;31;01:su=37;41:sg=30;43:ca=30;41:tw=30;42:ow=34;42:st=37;44:ex=01;32:*.tar=01;31:*.tgz=01;31:*.arj=01;31:*.taz=01;31:*.lzh=01;31:*.lzma=01;31:*.tlz=01;31:*.txz=01;31:*.zip=01;31:*.z=01;31:*.Z=01;31:*.dz=01;31:*.gz=01;31:*.lz=01;31:*.xz=01;31:*.bz2=01;31:*.bz=01;31:*.tbz=01;31:*.tbz2=01;31:*.tz=01;31:*.deb=01;31:*.rpm=01;31:*.jar=01;31:*.war=01;31:*.ear=01;31:*.sar=01;31:*.rar=01;31:*.ace=01;31:*.zoo=01;31:*.cpio=01;31:*.7z=01;31:*.rz=01;31:*.jpg=01;35:*.jpeg=01;35:*.gif=01;35:*.bmp=01;35:*.pbm=01;35:*.pgm=01;35:*.ppm=01;35:*.tga=01;35:*.xbm=01;35:*.xpm=01;35:*.tif=01;35:*.tiff=01;35:*.png=01;35:*.svg=01;35:*.svgz=01;35:*.mng=01;35:*.pcx=01;35:*.mov=01;35:*.mpg=01;35:*.mpeg=01;35:*.m2v=01;35:*.mkv=01;35:*.webm=01;35:*.ogm=01;35:*.mp4=01;35:*.m4v=01;35:*.mp4v=01;35:*.vob=01;35:*.qt=01;35:*.nuv=01;35:*.wmv=01;35:*.asf=01;35:*.rm=01;35:*.rmvb=01;35:*.flc=01;35:*.avi=01;35:*.fli=01;35:*.flv=01;35:*.gl=01;35:*.dl=01;35:*.xcf=01;35:*.xwd=01;35:*.yuv=01;35:*.cgm=01;35:*.emf=01;35:*.axv=01;35:*.anx=01;35:*.ogv=01;35:*.ogx=01;35:*.aac=00;36:*.au=00;36:*.flac=00;36:*.mid=00;36:*.midi=00;36:*.mka=00;36:*.mp3=00;36:*.mpc=00;36:*.ogg=00;36:*.ra=00;36:*.wav=00;36:*.axa=00;36:*.oga=00;36:*.spx=00;36:*.xspf=00;36:'}
[roslaunch][INFO] 2020-10-19 19:56:36,429: starting in server mode
[roslaunch.parent][INFO] 2020-10-19 19:56:36,429: starting roslaunch parent run
[roslaunch][INFO] 2020-10-19 19:56:36,429: loading roscore config file /opt/ros/indigo/etc/ros/roscore.xml
[roslaunch][INFO] 2020-10-19 19:56:36,487: Added core node of type [rosout/rosout] in namespace [/]
[roslaunch.config][INFO] 2020-10-19 19:56:36,487: loading config file /opt/ros/indigo/share/fetch_navigation/launch/freight_nav.launch
[roslaunch][INFO] 2020-10-19 19:56:36,506: Added node of type [map_server/map_server] in namespace [/]
[roslaunch][INFO] 2020-10-19 19:56:36,507: Added node of type [map_server/map_server] in namespace [/]
[roslaunch][INFO] 2020-10-19 19:56:36,512: Added node of type [amcl/amcl] in namespace [/]
[roslaunch][INFO] 2020-10-19 19:56:36,529: Added node of type [move_base/move_base] in namespace [/]
[roslaunch][INFO] 2020-10-19 19:56:36,529: ... selected machine [] for node of type [map_server/map_server]
[roslaunch][INFO] 2020-10-19 19:56:36,529: ... selected machine [] for node of type [map_server/map_server]
[roslaunch][INFO] 2020-10-19 19:56:36,529: ... selected machine [] for node of type [amcl/amcl]
[roslaunch][INFO] 2020-10-19 19:56:36,529: ... selected machine [] for node of type [move_base/move_base]
[roslaunch.pmon][INFO] 2020-10-19 19:56:36,530: start_process_monitor: creating ProcessMonitor
[roslaunch.pmon][INFO] 2020-10-19 19:56:36,530: created process monitor <ProcessMonitor(ProcessMonitor-1, initial daemon)>
[roslaunch.pmon][INFO] 2020-10-19 19:56:36,530: start_process_monitor: ProcessMonitor started
[roslaunch.parent][INFO] 2020-10-19 19:56:36,530: starting parent XML-RPC server
[roslaunch.server][INFO] 2020-10-19 19:56:36,530: starting roslaunch XML-RPC server
[roslaunch.server][INFO] 2020-10-19 19:56:36,530: waiting for roslaunch XML-RPC server to initialize
[xmlrpc][INFO] 2020-10-19 19:56:36,531: XML-RPC server binding to 0.0.0.0:0
[xmlrpc][INFO] 2020-10-19 19:56:36,531: Started XML-RPC server [http://freight1207:49404/]
[xmlrpc][INFO] 2020-10-19 19:56:36,531: xml rpc node: starting XML-RPC server
[roslaunch][INFO] 2020-10-19 19:56:36,542: started roslaunch server http://freight1207:49404/
[roslaunch.parent][INFO] 2020-10-19 19:56:36,542: ... parent XML-RPC server started
[roslaunch][INFO] 2020-10-19 19:56:36,543: master.is_running[http://localhost:11311]
[roslaunch][INFO] 2020-10-19 19:56:36,543: master.is_running[http://localhost:11311]
[roslaunch][INFO] 2020-10-19 19:56:36,544: ROS_MASTER_URI=http://localhost:11311
[roslaunch][INFO] 2020-10-19 19:56:36,545: setting /roslaunch/uris/host_freight1207__49404' to http://freight1207:49404/
[roslaunch][INFO] 2020-10-19 19:56:36,547: load_parameters starting ...
[roslaunch][INFO] 2020-10-19 19:56:36,566: ... load_parameters complete
[roslaunch][INFO] 2020-10-19 19:56:36,566: launch_nodes: launching local nodes ...
[roslaunch][INFO] 2020-10-19 19:56:36,566: ... preparing to launch node of type [map_server/map_server]
[roslaunch][INFO] 2020-10-19 19:56:36,566: create_node_process: package[map_server] type[map_server] machine[Machine(name[] env_loader[None] address[localhost] ssh_port[22] user[None] assignable[True] timeout[10.0])] master_uri[http://localhost:11311]
[roslaunch][INFO] 2020-10-19 19:56:36,566: process[map_server-1]: env[{'ROS_DISTRO': 'indigo', 'LESSOPEN': '| /usr/bin/lesspipe %s', 'SSH_CLIENT': '192.168.30.25 49959 22', 'CPATH': '/home/fetch/catkin_ws/devel/include:/opt/ros/indigo/include', 'LOGNAME': 'fetch', 'USER': 'fetch', 'HOME': '/home/fetch', 'PATH': '/opt/ros/indigo/bin:/usr/local/sbin:/usr/local/bin:/usr/sbin:/usr/bin:/sbin:/bin:/usr/games:/usr/local/games', 'CMAKE_PREFIX_PATH': '/home/fetch/catkin_ws/devel:/opt/ros/indigo', 'ROS_LOG_FILENAME': '/home/fetch/.ros/log/033359c0-127e-11eb-b22e-000babe55698/roslaunch-freight1207-5074.log', 'LANG': 'en_US.UTF-8', 'TERM': 'xterm-256color', 'SHELL': '/bin/bash', 'SHLVL': '1', 'QT_QPA_PLATFORMTHEME': 'appmenu-qt5', 'LD_LIBRARY_PATH': '/home/fetch/catkin_ws/devel/lib:/opt/ros/indigo/lib:/opt/ros/indigo/lib/x86_64-linux-gnu', 'ROS_MASTER_URI': 'http://localhost:11311', 'XDG_RUNTIME_DIR': '/run/user/1000', 'PYTHONPATH': '/home/fetch/catkin_ws/devel/lib/python2.7/dist-packages:/opt/ros/indigo/lib/python2.7/dist-packages', 'ROS_ROOT': '/opt/ros/indigo/share/ros', 'PKG_CONFIG_PATH': '/home/fetch/catkin_ws/devel/lib/pkgconfig:/opt/ros/indigo/lib/pkgconfig:/opt/ros/indigo/lib/x86_64-linux-gnu/pkgconfig', 'ROS_PACKAGE_PATH': '/home/fetch/catkin_ws/src:/opt/ros/indigo/share:/opt/ros/indigo/stacks', 'XDG_SESSION_ID': '3', '_': '/opt/ros/indigo/bin/roslaunch', 'LS_COLORS': 'rs=0:di=01;34:ln=01;36:mh=00:pi=40;33:so=01;35:do=01;35:bd=40;33;01:cd=40;33;01:or=40;31;01:su=37;41:sg=30;43:ca=30;41:tw=30;42:ow=34;42:st=37;44:ex=01;32:*.tar=01;31:*.tgz=01;31:*.arj=01;31:*.taz=01;31:*.lzh=01;31:*.lzma=01;31:*.tlz=01;31:*.txz=01;31:*.zip=01;31:*.z=01;31:*.Z=01;31:*.dz=01;31:*.gz=01;31:*.lz=01;31:*.xz=01;31:*.bz2=01;31:*.bz=01;31:*.tbz=01;31:*.tbz2=01;31:*.tz=01;31:*.deb=01;31:*.rpm=01;31:*.jar=01;31:*.war=01;31:*.ear=01;31:*.sar=01;31:*.rar=01;31:*.ace=01;31:*.zoo=01;31:*.cpio=01;31:*.7z=01;31:*.rz=01;31:*.jpg=01;35:*.jpeg=01;35:*.gif=01;35:*.bmp=01;35:*.pbm=01;35:*.pgm=01;35:*.ppm=01;35:*.tga=01;35:*.xbm=01;35:*.xpm=01;35:*.tif=01;35:*.tiff=01;35:*.png=01;35:*.svg=01;35:*.svgz=01;35:*.mng=01;35:*.pcx=01;35:*.mov=01;35:*.mpg=01;35:*.mpeg=01;35:*.m2v=01;35:*.mkv=01;35:*.webm=01;35:*.ogm=01;35:*.mp4=01;35:*.m4v=01;35:*.mp4v=01;35:*.vob=01;35:*.qt=01;35:*.nuv=01;35:*.wmv=01;35:*.asf=01;35:*.rm=01;35:*.rmvb=01;35:*.flc=01;35:*.avi=01;35:*.fli=01;35:*.flv=01;35:*.gl=01;35:*.dl=01;35:*.xcf=01;35:*.xwd=01;35:*.yuv=01;35:*.cgm=01;35:*.emf=01;35:*.axv=01;35:*.anx=01;35:*.ogv=01;35:*.ogx=01;35:*.aac=00;36:*.au=00;36:*.flac=00;36:*.mid=00;36:*.midi=00;36:*.mka=00;36:*.mp3=00;36:*.mpc=00;36:*.ogg=00;36:*.ra=00;36:*.wav=00;36:*.axa=00;36:*.oga=00;36:*.spx=00;36:*.xspf=00;36:', 'LESSCLOSE': '/usr/bin/lesspipe %s %s', 'SSH_TTY': '/dev/pts/8', 'OLDPWD': '/opt/ros/indigo/share/fetch_navigation', 'PWD': '/opt/ros/indigo/share/fetch_navigation/launch', 'ROS_ETC_DIR': '/opt/ros/indigo/etc/ros', 'MAIL': '/var/mail/fetch', 'SSH_CONNECTION': '192.168.30.25 49959 192.168.30.22 22'}]
[roslaunch][INFO] 2020-10-19 19:56:36,584: process[map_server-1]: args[[u'/opt/ros/indigo/lib/map_server/map_server', '/home/fetch/map1.yaml', u'__name:=map_server']]
[roslaunch][INFO] 2020-10-19 19:56:36,584: ... created process [map_server-1]
[roslaunch.pmon][INFO] 2020-10-19 19:56:36,584: ProcessMonitor.register[map_server-1]
[roslaunch.pmon][INFO] 2020-10-19 19:56:36,584: ProcessMonitor.register[map_server-1] complete
[roslaunch][INFO] 2020-10-19 19:56:36,584: ... registered process [map_server-1]
[roslaunch][INFO] 2020-10-19 19:56:36,584: process[map_server-1]: starting os process
[roslaunch][INFO] 2020-10-19 19:56:36,584: process[map_server-1]: start w/ args [[u'/opt/ros/indigo/lib/map_server/map_server', '/home/fetch/map1.yaml', u'__name:=map_server', u'__log:=/home/fetch/.ros/log/033359c0-127e-11eb-b22e-000babe55698/map_server-1.log']]
[roslaunch][INFO] 2020-10-19 19:56:36,584: process[map_server-1]: cwd will be [/home/fetch/.ros]
[roslaunch][INFO] 2020-10-19 19:56:36,586: process[map_server-1]: started with pid [5092]
[roslaunch][INFO] 2020-10-19 19:56:36,586: ... successfully launched [map_server-1]
[roslaunch][INFO] 2020-10-19 19:56:36,586: ... preparing to launch node of type [map_server/map_server]
[roslaunch][INFO] 2020-10-19 19:56:36,586: create_node_process: package[map_server] type[map_server] machine[Machine(name[] env_loader[None] address[localhost] ssh_port[22] user[None] assignable[True] timeout[10.0])] master_uri[http://localhost:11311]
[roslaunch][INFO] 2020-10-19 19:56:36,586: process[map_keepout_server-2]: env[{'ROS_DISTRO': 'indigo', 'LESSOPEN': '| /usr/bin/lesspipe %s', 'SSH_CLIENT': '192.168.30.25 49959 22', 'CPATH': '/home/fetch/catkin_ws/devel/include:/opt/ros/indigo/include', 'LOGNAME': 'fetch', 'USER': 'fetch', 'HOME': '/home/fetch', 'PATH': '/opt/ros/indigo/bin:/usr/local/sbin:/usr/local/bin:/usr/sbin:/usr/bin:/sbin:/bin:/usr/games:/usr/local/games', 'CMAKE_PREFIX_PATH': '/home/fetch/catkin_ws/devel:/opt/ros/indigo', 'ROS_LOG_FILENAME': '/home/fetch/.ros/log/033359c0-127e-11eb-b22e-000babe55698/roslaunch-freight1207-5074.log', 'LANG': 'en_US.UTF-8', 'TERM': 'xterm-256color', 'SHELL': '/bin/bash', 'SHLVL': '1', 'QT_QPA_PLATFORMTHEME': 'appmenu-qt5', 'LD_LIBRARY_PATH': '/home/fetch/catkin_ws/devel/lib:/opt/ros/indigo/lib:/opt/ros/indigo/lib/x86_64-linux-gnu', 'ROS_MASTER_URI': 'http://localhost:11311', 'XDG_RUNTIME_DIR': '/run/user/1000', 'PYTHONPATH': '/home/fetch/catkin_ws/devel/lib/python2.7/dist-packages:/opt/ros/indigo/lib/python2.7/dist-packages', 'ROS_ROOT': '/opt/ros/indigo/share/ros', 'PKG_CONFIG_PATH': '/home/fetch/catkin_ws/devel/lib/pkgconfig:/opt/ros/indigo/lib/pkgconfig:/opt/ros/indigo/lib/x86_64-linux-gnu/pkgconfig', 'ROS_PACKAGE_PATH': '/home/fetch/catkin_ws/src:/opt/ros/indigo/share:/opt/ros/indigo/stacks', 'XDG_SESSION_ID': '3', '_': '/opt/ros/indigo/bin/roslaunch', 'LS_COLORS': 'rs=0:di=01;34:ln=01;36:mh=00:pi=40;33:so=01;35:do=01;35:bd=40;33;01:cd=40;33;01:or=40;31;01:su=37;41:sg=30;43:ca=30;41:tw=30;42:ow=34;42:st=37;44:ex=01;32:*.tar=01;31:*.tgz=01;31:*.arj=01;31:*.taz=01;31:*.lzh=01;31:*.lzma=01;31:*.tlz=01;31:*.txz=01;31:*.zip=01;31:*.z=01;31:*.Z=01;31:*.dz=01;31:*.gz=01;31:*.lz=01;31:*.xz=01;31:*.bz2=01;31:*.bz=01;31:*.tbz=01;31:*.tbz2=01;31:*.tz=01;31:*.deb=01;31:*.rpm=01;31:*.jar=01;31:*.war=01;31:*.ear=01;31:*.sar=01;31:*.rar=01;31:*.ace=01;31:*.zoo=01;31:*.cpio=01;31:*.7z=01;31:*.rz=01;31:*.jpg=01;35:*.jpeg=01;35:*.gif=01;35:*.bmp=01;35:*.pbm=01;35:*.pgm=01;35:*.ppm=01;35:*.tga=01;35:*.xbm=01;35:*.xpm=01;35:*.tif=01;35:*.tiff=01;35:*.png=01;35:*.svg=01;35:*.svgz=01;35:*.mng=01;35:*.pcx=01;35:*.mov=01;35:*.mpg=01;35:*.mpeg=01;35:*.m2v=01;35:*.mkv=01;35:*.webm=01;35:*.ogm=01;35:*.mp4=01;35:*.m4v=01;35:*.mp4v=01;35:*.vob=01;35:*.qt=01;35:*.nuv=01;35:*.wmv=01;35:*.asf=01;35:*.rm=01;35:*.rmvb=01;35:*.flc=01;35:*.avi=01;35:*.fli=01;35:*.flv=01;35:*.gl=01;35:*.dl=01;35:*.xcf=01;35:*.xwd=01;35:*.yuv=01;35:*.cgm=01;35:*.emf=01;35:*.axv=01;35:*.anx=01;35:*.ogv=01;35:*.ogx=01;35:*.aac=00;36:*.au=00;36:*.flac=00;36:*.mid=00;36:*.midi=00;36:*.mka=00;36:*.mp3=00;36:*.mpc=00;36:*.ogg=00;36:*.ra=00;36:*.wav=00;36:*.axa=00;36:*.oga=00;36:*.spx=00;36:*.xspf=00;36:', 'LESSCLOSE': '/usr/bin/lesspipe %s %s', 'SSH_TTY': '/dev/pts/8', 'OLDPWD': '/opt/ros/indigo/share/fetch_navigation', 'PWD': '/opt/ros/indigo/share/fetch_navigation/launch', 'ROS_ETC_DIR': '/opt/ros/indigo/etc/ros', 'MAIL': '/var/mail/fetch', 'SSH_CONNECTION': '192.168.30.25 49959 192.168.30.22 22'}]
[roslaunch][INFO] 2020-10-19 19:56:36,587: process[map_keepout_server-2]: args[[u'/opt/ros/indigo/lib/map_server/map_server', '/opt/ros/indigo/share/fetch_maps/maps/3_1_16_keepout.yaml', u'map:=map_keepout', u'static_map:=static_map_keepout', u'__name:=map_keepout_server']]
[roslaunch][INFO] 2020-10-19 19:56:36,587: ... created process [map_keepout_server-2]
[roslaunch.pmon][INFO] 2020-10-19 19:56:36,587: ProcessMonitor.register[map_keepout_server-2]
[roslaunch.pmon][INFO] 2020-10-19 19:56:36,587: ProcessMonitor.register[map_keepout_server-2] complete
[roslaunch][INFO] 2020-10-19 19:56:36,587: ... registered process [map_keepout_server-2]
[roslaunch][INFO] 2020-10-19 19:56:36,587: process[map_keepout_server-2]: starting os process
[roslaunch][INFO] 2020-10-19 19:56:36,587: process[map_keepout_server-2]: start w/ args [[u'/opt/ros/indigo/lib/map_server/map_server', '/opt/ros/indigo/share/fetch_maps/maps/3_1_16_keepout.yaml', u'map:=map_keepout', u'static_map:=static_map_keepout', u'__name:=map_keepout_server', u'__log:=/home/fetch/.ros/log/033359c0-127e-11eb-b22e-000babe55698/map_keepout_server-2.log']]
[roslaunch][INFO] 2020-10-19 19:56:36,587: process[map_keepout_server-2]: cwd will be [/home/fetch/.ros]
[roslaunch][INFO] 2020-10-19 19:56:36,589: process[map_keepout_server-2]: started with pid [5093]
[roslaunch][INFO] 2020-10-19 19:56:36,589: ... successfully launched [map_keepout_server-2]
[roslaunch][INFO] 2020-10-19 19:56:36,589: ... preparing to launch node of type [amcl/amcl]
[roslaunch][INFO] 2020-10-19 19:56:36,589: create_node_process: package[amcl] type[amcl] machine[Machine(name[] env_loader[None] address[localhost] ssh_port[22] user[None] assignable[True] timeout[10.0])] master_uri[http://localhost:11311]
[roslaunch][INFO] 2020-10-19 19:56:36,589: process[amcl-3]: env[{'ROS_DISTRO': 'indigo', 'LESSOPEN': '| /usr/bin/lesspipe %s', 'SSH_CLIENT': '192.168.30.25 49959 22', 'CPATH': '/home/fetch/catkin_ws/devel/include:/opt/ros/indigo/include', 'LOGNAME': 'fetch', 'USER': 'fetch', 'HOME': '/home/fetch', 'PATH': '/opt/ros/indigo/bin:/usr/local/sbin:/usr/local/bin:/usr/sbin:/usr/bin:/sbin:/bin:/usr/games:/usr/local/games', 'CMAKE_PREFIX_PATH': '/home/fetch/catkin_ws/devel:/opt/ros/indigo', 'ROS_LOG_FILENAME': '/home/fetch/.ros/log/033359c0-127e-11eb-b22e-000babe55698/roslaunch-freight1207-5074.log', 'LANG': 'en_US.UTF-8', 'TERM': 'xterm-256color', 'SHELL': '/bin/bash', 'SHLVL': '1', 'QT_QPA_PLATFORMTHEME': 'appmenu-qt5', 'LD_LIBRARY_PATH': '/home/fetch/catkin_ws/devel/lib:/opt/ros/indigo/lib:/opt/ros/indigo/lib/x86_64-linux-gnu', 'ROS_MASTER_URI': 'http://localhost:11311', 'XDG_RUNTIME_DIR': '/run/user/1000', 'PYTHONPATH': '/home/fetch/catkin_ws/devel/lib/python2.7/dist-packages:/opt/ros/indigo/lib/python2.7/dist-packages', 'ROS_ROOT': '/opt/ros/indigo/share/ros', 'PKG_CONFIG_PATH': '/home/fetch/catkin_ws/devel/lib/pkgconfig:/opt/ros/indigo/lib/pkgconfig:/opt/ros/indigo/lib/x86_64-linux-gnu/pkgconfig', 'ROS_PACKAGE_PATH': '/home/fetch/catkin_ws/src:/opt/ros/indigo/share:/opt/ros/indigo/stacks', 'XDG_SESSION_ID': '3', '_': '/opt/ros/indigo/bin/roslaunch', 'LS_COLORS': 'rs=0:di=01;34:ln=01;36:mh=00:pi=40;33:so=01;35:do=01;35:bd=40;33;01:cd=40;33;01:or=40;31;01:su=37;41:sg=30;43:ca=30;41:tw=30;42:ow=34;42:st=37;44:ex=01;32:*.tar=01;31:*.tgz=01;31:*.arj=01;31:*.taz=01;31:*.lzh=01;31:*.lzma=01;31:*.tlz=01;31:*.txz=01;31:*.zip=01;31:*.z=01;31:*.Z=01;31:*.dz=01;31:*.gz=01;31:*.lz=01;31:*.xz=01;31:*.bz2=01;31:*.bz=01;31:*.tbz=01;31:*.tbz2=01;31:*.tz=01;31:*.deb=01;31:*.rpm=01;31:*.jar=01;31:*.war=01;31:*.ear=01;31:*.sar=01;31:*.rar=01;31:*.ace=01;31:*.zoo=01;31:*.cpio=01;31:*.7z=01;31:*.rz=01;31:*.jpg=01;35:*.jpeg=01;35:*.gif=01;35:*.bmp=01;35:*.pbm=01;35:*.pgm=01;35:*.ppm=01;35:*.tga=01;35:*.xbm=01;35:*.xpm=01;35:*.tif=01;35:*.tiff=01;35:*.png=01;35:*.svg=01;35:*.svgz=01;35:*.mng=01;35:*.pcx=01;35:*.mov=01;35:*.mpg=01;35:*.mpeg=01;35:*.m2v=01;35:*.mkv=01;35:*.webm=01;35:*.ogm=01;35:*.mp4=01;35:*.m4v=01;35:*.mp4v=01;35:*.vob=01;35:*.qt=01;35:*.nuv=01;35:*.wmv=01;35:*.asf=01;35:*.rm=01;35:*.rmvb=01;35:*.flc=01;35:*.avi=01;35:*.fli=01;35:*.flv=01;35:*.gl=01;35:*.dl=01;35:*.xcf=01;35:*.xwd=01;35:*.yuv=01;35:*.cgm=01;35:*.emf=01;35:*.axv=01;35:*.anx=01;35:*.ogv=01;35:*.ogx=01;35:*.aac=00;36:*.au=00;36:*.flac=00;36:*.mid=00;36:*.midi=00;36:*.mka=00;36:*.mp3=00;36:*.mpc=00;36:*.ogg=00;36:*.ra=00;36:*.wav=00;36:*.axa=00;36:*.oga=00;36:*.spx=00;36:*.xspf=00;36:', 'LESSCLOSE': '/usr/bin/lesspipe %s %s', 'SSH_TTY': '/dev/pts/8', 'OLDPWD': '/opt/ros/indigo/share/fetch_navigation', 'PWD': '/opt/ros/indigo/share/fetch_navigation/launch', 'ROS_ETC_DIR': '/opt/ros/indigo/etc/ros', 'MAIL': '/var/mail/fetch', 'SSH_CONNECTION': '192.168.30.25 49959 192.168.30.22 22'}]
[roslaunch][INFO] 2020-10-19 19:56:36,590: process[amcl-3]: args[[u'/opt/ros/indigo/lib/amcl/amcl', u'scan:=base_scan', u'map:=map', u'__name:=amcl']]
[roslaunch][INFO] 2020-10-19 19:56:36,590: ... created process [amcl-3]
[roslaunch.pmon][INFO] 2020-10-19 19:56:36,590: ProcessMonitor.register[amcl-3]
[roslaunch.pmon][INFO] 2020-10-19 19:56:36,590: ProcessMonitor.register[amcl-3] complete
[roslaunch][INFO] 2020-10-19 19:56:36,590: ... registered process [amcl-3]
[roslaunch][INFO] 2020-10-19 19:56:36,590: process[amcl-3]: starting os process
[roslaunch][INFO] 2020-10-19 19:56:36,590: process[amcl-3]: start w/ args [[u'/opt/ros/indigo/lib/amcl/amcl', u'scan:=base_scan', u'map:=map', u'__name:=amcl', u'__log:=/home/fetch/.ros/log/033359c0-127e-11eb-b22e-000babe55698/amcl-3.log']]
[roslaunch][INFO] 2020-10-19 19:56:36,590: process[amcl-3]: cwd will be [/home/fetch/.ros]
[roslaunch][INFO] 2020-10-19 19:56:36,594: process[amcl-3]: started with pid [5094]
[roslaunch][INFO] 2020-10-19 19:56:36,594: ... successfully launched [amcl-3]
[roslaunch][INFO] 2020-10-19 19:56:36,594: ... preparing to launch node of type [move_base/move_base]
[roslaunch][INFO] 2020-10-19 19:56:36,594: create_node_process: package[move_base] type[move_base] machine[Machine(name[] env_loader[None] address[localhost] ssh_port[22] user[None] assignable[True] timeout[10.0])] master_uri[http://localhost:11311]
[roslaunch][INFO] 2020-10-19 19:56:36,595: process[move_base-4]: env[{'ROS_DISTRO': 'indigo', 'LESSOPEN': '| /usr/bin/lesspipe %s', 'SSH_CLIENT': '192.168.30.25 49959 22', 'CPATH': '/home/fetch/catkin_ws/devel/include:/opt/ros/indigo/include', 'LOGNAME': 'fetch', 'USER': 'fetch', 'HOME': '/home/fetch', 'PATH': '/opt/ros/indigo/bin:/usr/local/sbin:/usr/local/bin:/usr/sbin:/usr/bin:/sbin:/bin:/usr/games:/usr/local/games', 'CMAKE_PREFIX_PATH': '/home/fetch/catkin_ws/devel:/opt/ros/indigo', 'ROS_LOG_FILENAME': '/home/fetch/.ros/log/033359c0-127e-11eb-b22e-000babe55698/roslaunch-freight1207-5074.log', 'LANG': 'en_US.UTF-8', 'TERM': 'xterm-256color', 'SHELL': '/bin/bash', 'SHLVL': '1', 'QT_QPA_PLATFORMTHEME': 'appmenu-qt5', 'LD_LIBRARY_PATH': '/home/fetch/catkin_ws/devel/lib:/opt/ros/indigo/lib:/opt/ros/indigo/lib/x86_64-linux-gnu', 'ROS_MASTER_URI': 'http://localhost:11311', 'XDG_RUNTIME_DIR': '/run/user/1000', 'PYTHONPATH': '/home/fetch/catkin_ws/devel/lib/python2.7/dist-packages:/opt/ros/indigo/lib/python2.7/dist-packages', 'ROS_ROOT': '/opt/ros/indigo/share/ros', 'PKG_CONFIG_PATH': '/home/fetch/catkin_ws/devel/lib/pkgconfig:/opt/ros/indigo/lib/pkgconfig:/opt/ros/indigo/lib/x86_64-linux-gnu/pkgconfig', 'ROS_PACKAGE_PATH': '/home/fetch/catkin_ws/src:/opt/ros/indigo/share:/opt/ros/indigo/stacks', 'XDG_SESSION_ID': '3', '_': '/opt/ros/indigo/bin/roslaunch', 'LS_COLORS': 'rs=0:di=01;34:ln=01;36:mh=00:pi=40;33:so=01;35:do=01;35:bd=40;33;01:cd=40;33;01:or=40;31;01:su=37;41:sg=30;43:ca=30;41:tw=30;42:ow=34;42:st=37;44:ex=01;32:*.tar=01;31:*.tgz=01;31:*.arj=01;31:*.taz=01;31:*.lzh=01;31:*.lzma=01;31:*.tlz=01;31:*.txz=01;31:*.zip=01;31:*.z=01;31:*.Z=01;31:*.dz=01;31:*.gz=01;31:*.lz=01;31:*.xz=01;31:*.bz2=01;31:*.bz=01;31:*.tbz=01;31:*.tbz2=01;31:*.tz=01;31:*.deb=01;31:*.rpm=01;31:*.jar=01;31:*.war=01;31:*.ear=01;31:*.sar=01;31:*.rar=01;31:*.ace=01;31:*.zoo=01;31:*.cpio=01;31:*.7z=01;31:*.rz=01;31:*.jpg=01;35:*.jpeg=01;35:*.gif=01;35:*.bmp=01;35:*.pbm=01;35:*.pgm=01;35:*.ppm=01;35:*.tga=01;35:*.xbm=01;35:*.xpm=01;35:*.tif=01;35:*.tiff=01;35:*.png=01;35:*.svg=01;35:*.svgz=01;35:*.mng=01;35:*.pcx=01;35:*.mov=01;35:*.mpg=01;35:*.mpeg=01;35:*.m2v=01;35:*.mkv=01;35:*.webm=01;35:*.ogm=01;35:*.mp4=01;35:*.m4v=01;35:*.mp4v=01;35:*.vob=01;35:*.qt=01;35:*.nuv=01;35:*.wmv=01;35:*.asf=01;35:*.rm=01;35:*.rmvb=01;35:*.flc=01;35:*.avi=01;35:*.fli=01;35:*.flv=01;35:*.gl=01;35:*.dl=01;35:*.xcf=01;35:*.xwd=01;35:*.yuv=01;35:*.cgm=01;35:*.emf=01;35:*.axv=01;35:*.anx=01;35:*.ogv=01;35:*.ogx=01;35:*.aac=00;36:*.au=00;36:*.flac=00;36:*.mid=00;36:*.midi=00;36:*.mka=00;36:*.mp3=00;36:*.mpc=00;36:*.ogg=00;36:*.ra=00;36:*.wav=00;36:*.axa=00;36:*.oga=00;36:*.spx=00;36:*.xspf=00;36:', 'LESSCLOSE': '/usr/bin/lesspipe %s %s', 'SSH_TTY': '/dev/pts/8', 'OLDPWD': '/opt/ros/indigo/share/fetch_navigation', 'PWD': '/opt/ros/indigo/share/fetch_navigation/launch', 'ROS_ETC_DIR': '/opt/ros/indigo/etc/ros', 'MAIL': '/var/mail/fetch', 'SSH_CONNECTION': '192.168.30.25 49959 192.168.30.22 22'}]
[roslaunch][INFO] 2020-10-19 19:56:36,595: process[move_base-4]: args[[u'/opt/ros/indigo/lib/move_base/move_base', u'cmd_vel:=cmd_vel', u'odom:=odom', u'map:=map_keepout', u'__name:=move_base']]
[roslaunch][INFO] 2020-10-19 19:56:36,595: ... created process [move_base-4]
[roslaunch.pmon][INFO] 2020-10-19 19:56:36,595: ProcessMonitor.register[move_base-4]
[roslaunch.pmon][INFO] 2020-10-19 19:56:36,595: ProcessMonitor.register[move_base-4] complete
[roslaunch][INFO] 2020-10-19 19:56:36,595: ... registered process [move_base-4]
[roslaunch][INFO] 2020-10-19 19:56:36,596: process[move_base-4]: starting os process
[roslaunch][INFO] 2020-10-19 19:56:36,596: process[move_base-4]: start w/ args [[u'/opt/ros/indigo/lib/move_base/move_base', u'cmd_vel:=cmd_vel', u'odom:=odom', u'map:=map_keepout', u'__name:=move_base', u'__log:=/home/fetch/.ros/log/033359c0-127e-11eb-b22e-000babe55698/move_base-4.log']]
[roslaunch][INFO] 2020-10-19 19:56:36,596: process[move_base-4]: cwd will be [/home/fetch/.ros]
[roslaunch][INFO] 2020-10-19 19:56:36,597: process[move_base-4]: started with pid [5099]
[roslaunch][INFO] 2020-10-19 19:56:36,598: ... successfully launched [move_base-4]
[roslaunch][INFO] 2020-10-19 19:56:36,598: ... launch_nodes complete
[roslaunch.pmon][INFO] 2020-10-19 19:56:36,598: registrations completed <ProcessMonitor(ProcessMonitor-1, started daemon 140443559094016)>
[roslaunch.parent][INFO] 2020-10-19 19:56:36,598: ... roslaunch parent running, waiting for process exit
[roslaunch][INFO] 2020-10-19 19:56:36,598: spin
[roslaunch.pmon][INFO] 2020-10-19 19:57:07,287: ProcessMonitor.shutdown <ProcessMonitor(ProcessMonitor-1, started daemon 140443559094016)>
[roslaunch.pmon][INFO] 2020-10-19 19:57:07,382: ProcessMonitor._post_run <ProcessMonitor(ProcessMonitor-1, started daemon 140443559094016)>
[roslaunch.pmon][INFO] 2020-10-19 19:57:07,382: ProcessMonitor._post_run <ProcessMonitor(ProcessMonitor-1, started daemon 140443559094016)>: remaining procs are [<roslaunch.nodeprocess.LocalProcess object at 0x7fbb90954510>, <roslaunch.nodeprocess.LocalProcess object at 0x7fbb90954e90>, <roslaunch.nodeprocess.LocalProcess object at 0x7fbb90954390>, <roslaunch.nodeprocess.LocalProcess object at 0x7fbb8eef5ad0>]
[roslaunch.pmon][INFO] 2020-10-19 19:57:07,382: ProcessMonitor exit: killing move_base-4
[roslaunch][INFO] 2020-10-19 19:57:07,382: [move_base-4] killing on exit
[roslaunch.pmon][INFO] 2020-10-19 19:57:07,383: ProcessMonitor exit: killing amcl-3
[roslaunch][INFO] 2020-10-19 19:57:07,383: [amcl-3] killing on exit
[roslaunch][INFO] 2020-10-19 19:57:07,383: process[move_base-4]: killing os process with pid[5099] pgid[5099]
[roslaunch.pmon][INFO] 2020-10-19 19:57:07,383: ProcessMonitor exit: killing map_keepout_server-2
[roslaunch.pmon][INFO] 2020-10-19 19:57:07,383: ProcessMonitor exit: killing map_server-1
[roslaunch][INFO] 2020-10-19 19:57:07,383: process[amcl-3]: killing os process with pid[5094] pgid[5094]
[roslaunch][INFO] 2020-10-19 19:57:07,383: [move_base-4] sending SIGINT to pgid [5099]
[roslaunch][INFO] 2020-10-19 19:57:07,383: [map_keepout_server-2] killing on exit
[roslaunch][INFO] 2020-10-19 19:57:07,384: [map_server-1] killing on exit
[roslaunch][INFO] 2020-10-19 19:57:07,384: [amcl-3] sending SIGINT to pgid [5094]
[roslaunch][INFO] 2020-10-19 19:57:07,384: [move_base-4] sent SIGINT to pgid [5099]
[roslaunch][INFO] 2020-10-19 19:57:07,384: process[map_keepout_server-2]: killing os process with pid[5093] pgid[5093]
[roslaunch][INFO] 2020-10-19 19:57:07,384: process[map_server-1]: killing os process with pid[5092] pgid[5092]
[roslaunch][INFO] 2020-10-19 19:57:07,384: [amcl-3] sent SIGINT to pgid [5094]
[roslaunch][INFO] 2020-10-19 19:57:07,385: [map_keepout_server-2] sending SIGINT to pgid [5093]
[roslaunch][INFO] 2020-10-19 19:57:07,385: [map_server-1] sending SIGINT to pgid [5092]
[roslaunch][INFO] 2020-10-19 19:57:07,385: [map_keepout_server-2] sent SIGINT to pgid [5093]
[roslaunch][INFO] 2020-10-19 19:57:07,385: [map_server-1] sent SIGINT to pgid [5092]
[roslaunch][INFO] 2020-10-19 19:57:07,585: process[amcl-3]: SIGINT killed with return value 0
[roslaunch][INFO] 2020-10-19 19:57:07,585: process[map_keepout_server-2]: SIGINT killed with return value 0
[roslaunch][INFO] 2020-10-19 19:57:07,585: process[map_server-1]: SIGINT killed with return value 0
[roslaunch][INFO] 2020-10-19 19:57:07,785: process[move_base-4]: SIGINT killed with return value 0
[roslaunch.pmon][INFO] 2020-10-19 19:57:07,785: ProcessMonitor exit: cleaning up data structures and signals
[roslaunch.pmon][INFO] 2020-10-19 19:57:07,785: ProcessMonitor exit: pmon has shutdown
[roslaunch][INFO] 2020-10-19 19:57:07,802: process monitor is done spinning, initiating full shutdown
[roslaunch][INFO] 2020-10-19 19:57:07,802: runner.stop()
[roslaunch][INFO] 2020-10-19 19:57:07,802: shutting down processing monitor...
[roslaunch][INFO] 2020-10-19 19:57:07,802: shutting down processing monitor <ProcessMonitor(ProcessMonitor-1, stopped daemon 140443559094016)>
[roslaunch.pmon][INFO] 2020-10-19 19:57:07,802: ProcessMonitor.shutdown <ProcessMonitor(ProcessMonitor-1, stopped daemon 140443559094016)>
[roslaunch][INFO] 2020-10-19 19:57:07,802: ... shutting down processing monitor complete
[roslaunch][INFO] 2020-10-19 19:57:07,802: done
[roslaunch.pmon][INFO] 2020-10-19 19:57:07,802: ProcessMonitor.shutdown <ProcessMonitor(ProcessMonitor-1, stopped daemon 140443559094016)>
[rospy.core][INFO] 2020-10-19 19:57:07,802: signal_shutdown [atexit]
