[roslaunch][INFO] 2020-10-25 19:19:24,836: Checking log directory for disk usage. This may take awhile.
Press Ctrl-C to interrupt
[roslaunch][INFO] 2020-10-25 19:19:24,848: Done checking log file disk usage. Usage is <1GB.
[roslaunch][INFO] 2020-10-25 19:19:24,848: roslaunch starting with args ['/opt/ros/indigo/bin/roslaunch', 'rostful', 'rostful_server.launch']
[roslaunch][INFO] 2020-10-25 19:19:24,848: roslaunch env is {'MANDATORY_PATH': '/usr/share/gconf/ubuntu.mandatory.path', 'ROS_DISTRO': 'indigo', 'ROS_LOG_FILENAME': '/home/fetch/.ros/log/990247c6-1725-11eb-9313-000babe55698/roslaunch-freight1207-4055.log', 'XDG_GREETER_DATA_DIR': '/var/lib/lightdm-data/fetch', 'GNOME_DESKTOP_SESSION_ID': 'this-is-deprecated', 'LESSOPEN': '| /usr/bin/lesspipe %s', 'PKG_CONFIG_PATH': '/home/fetch/catkin_ws/devel/lib/pkgconfig:/opt/ros/indigo/lib/pkgconfig', 'CPATH': '/home/fetch/catkin_ws/devel/include:/opt/ros/indigo/include', 'LOGNAME': 'fetch', 'WINDOWID': '56623115', 'PATH': '/opt/ros/indigo/bin:/usr/local/sbin:/usr/local/bin:/usr/sbin:/usr/bin:/sbin:/bin:/usr/games:/usr/local/games', 'XDG_VTNR': '7', 'GNOME_KEYRING_CONTROL': '/run/user/1000/keyring-FaHoM5', 'CMAKE_PREFIX_PATH': '/home/fetch/catkin_ws/devel:/opt/ros/indigo', 'LD_LIBRARY_PATH': '/home/fetch/catkin_ws/devel/lib:/opt/ros/indigo/lib', 'LANG': 'en_US.UTF-8', 'TERM': 'xterm-256color', 'SHELL': '/bin/bash', 'XDG_SESSION_PATH': '/org/freedesktop/DisplayManager/Session0', 'XAUTHORITY': '/home/fetch/.Xauthority', 'LANGUAGE': 'en_US', 'SESSION_MANAGER': 'local/freight1207:@/tmp/.ICE-unix/1507,unix/freight1207:/tmp/.ICE-unix/1507', 'SHLVL': '1', 'LESSCLOSE': '/usr/bin/lesspipe %s %s', 'QT_QPA_PLATFORMTHEME': 'appmenu-qt5', 'JOB': 'dbus', 'TEXTDOMAIN': 'im-config', 'QT4_IM_MODULE': 'xim', 'CLUTTER_IM_MODULE': 'xim', 'SESSION': 'ubuntu', 'SESSIONTYPE': 'gnome-session', 'XMODIFIERS': '@im=ibus', 'ROS_ETC_DIR': '/opt/ros/indigo/etc/ros', 'GPG_AGENT_INFO': '/run/user/1000/keyring-FaHoM5/gpg:0:1', 'HOME': '/home/fetch', 'SELINUX_INIT': 'YES', 'COMPIZ_BIN_PATH': '/usr/bin/', 'XDG_RUNTIME_DIR': '/run/user/1000', 'INSTANCE': '', 'PYTHONPATH': '/home/fetch/catkin_ws/devel/lib/python2.7/dist-packages:/opt/ros/indigo/lib/python2.7/dist-packages', 'COMPIZ_CONFIG_PROFILE': 'ubuntu', 'SSH_AUTH_SOCK': '/run/user/1000/keyring-FaHoM5/ssh', 'VTE_VERSION': '3409', 'ROS_ROOT': '/opt/ros/indigo/share/ros', 'GDMSESSION': 'ubuntu', 'IM_CONFIG_PHASE': '1', 'TEXTDOMAINDIR': '/usr/share/locale/', 'GNOME_KEYRING_PID': '1444', 'XDG_SEAT_PATH': '/org/freedesktop/DisplayManager/Seat0', 'ROS_PACKAGE_PATH': '/home/fetch/catkin_ws/src:/opt/ros/indigo/share:/opt/ros/indigo/stacks', 'XDG_CURRENT_DESKTOP': 'Unity', 'XDG_SESSION_ID': 'c2', 'DBUS_SESSION_BUS_ADDRESS': 'unix:abstract=/tmp/dbus-6ZMz9tLikt', '_': '/opt/ros/indigo/bin/roslaunch', 'DEFAULTS_PATH': '/usr/share/gconf/ubuntu.default.path', 'GTK_IM_MODULE': 'ibus', 'DESKTOP_SESSION': 'ubuntu', 'UPSTART_SESSION': 'unix:abstract=/com/ubuntu/upstart-session/1000/1312', 'XDG_CONFIG_DIRS': '/etc/xdg/xdg-ubuntu:/usr/share/upstart/xdg:/etc/xdg', 'GTK_MODULES': 'overlay-scrollbar:unity-gtk-module', 'XDG_SEAT': 'seat0', 'OLDPWD': '/home/fetch', 'GDM_LANG': 'en_US', 'XDG_DATA_DIRS': '/usr/share/ubuntu:/usr/share/gnome:/usr/local/share/:/usr/share/', 'PWD': '/home/fetch/catkin_ws/src/rostful/rostful/launch', 'QT_IM_MODULE': 'ibus', 'ROS_MASTER_URI': 'http://localhost:11311', 'COLORTERM': 'gnome-terminal', 'DISPLAY': ':0', 'XDG_MENU_PREFIX': 'gnome-', 'LS_COLORS': 'rs=0:di=01;34:ln=01;36:mh=00:pi=40;33:so=01;35:do=01;35:bd=40;33;01:cd=40;33;01:or=40;31;01:su=37;41:sg=30;43:ca=30;41:tw=30;42:ow=34;42:st=37;44:ex=01;32:*.tar=01;31:*.tgz=01;31:*.arj=01;31:*.taz=01;31:*.lzh=01;31:*.lzma=01;31:*.tlz=01;31:*.txz=01;31:*.zip=01;31:*.z=01;31:*.Z=01;31:*.dz=01;31:*.gz=01;31:*.lz=01;31:*.xz=01;31:*.bz2=01;31:*.bz=01;31:*.tbz=01;31:*.tbz2=01;31:*.tz=01;31:*.deb=01;31:*.rpm=01;31:*.jar=01;31:*.war=01;31:*.ear=01;31:*.sar=01;31:*.rar=01;31:*.ace=01;31:*.zoo=01;31:*.cpio=01;31:*.7z=01;31:*.rz=01;31:*.jpg=01;35:*.jpeg=01;35:*.gif=01;35:*.bmp=01;35:*.pbm=01;35:*.pgm=01;35:*.ppm=01;35:*.tga=01;35:*.xbm=01;35:*.xpm=01;35:*.tif=01;35:*.tiff=01;35:*.png=01;35:*.svg=01;35:*.svgz=01;35:*.mng=01;35:*.pcx=01;35:*.mov=01;35:*.mpg=01;35:*.mpeg=01;35:*.m2v=01;35:*.mkv=01;35:*.webm=01;35:*.ogm=01;35:*.mp4=01;35:*.m4v=01;35:*.mp4v=01;35:*.vob=01;35:*.qt=01;35:*.nuv=01;35:*.wmv=01;35:*.asf=01;35:*.rm=01;35:*.rmvb=01;35:*.flc=01;35:*.avi=01;35:*.fli=01;35:*.flv=01;35:*.gl=01;35:*.dl=01;35:*.xcf=01;35:*.xwd=01;35:*.yuv=01;35:*.cgm=01;35:*.emf=01;35:*.axv=01;35:*.anx=01;35:*.ogv=01;35:*.ogx=01;35:*.aac=00;36:*.au=00;36:*.flac=00;36:*.mid=00;36:*.midi=00;36:*.mka=00;36:*.mp3=00;36:*.mpc=00;36:*.ogg=00;36:*.ra=00;36:*.wav=00;36:*.axa=00;36:*.oga=00;36:*.spx=00;36:*.xspf=00;36:', 'USER': 'fetch'}
[roslaunch][INFO] 2020-10-25 19:19:24,848: starting in server mode
[roslaunch.parent][INFO] 2020-10-25 19:19:24,848: starting roslaunch parent run
[roslaunch][INFO] 2020-10-25 19:19:24,848: loading roscore config file /opt/ros/indigo/etc/ros/roscore.xml
[roslaunch][INFO] 2020-10-25 19:19:24,915: Added core node of type [rosout/rosout] in namespace [/]
[roslaunch.config][INFO] 2020-10-25 19:19:24,915: loading config file /home/fetch/catkin_ws/src/rostful/rostful/launch/rostful_server.launch
[roslaunch][INFO] 2020-10-25 19:19:24,916: Added node of type [rostful/server] in namespace [/]
[roslaunch][INFO] 2020-10-25 19:19:24,916: ... selected machine [] for node of type [rostful/server]
[roslaunch.pmon][INFO] 2020-10-25 19:19:24,917: start_process_monitor: creating ProcessMonitor
[roslaunch.pmon][INFO] 2020-10-25 19:19:24,917: created process monitor <ProcessMonitor(ProcessMonitor-1, initial daemon)>
[roslaunch.pmon][INFO] 2020-10-25 19:19:24,917: start_process_monitor: ProcessMonitor started
[roslaunch.parent][INFO] 2020-10-25 19:19:24,917: starting parent XML-RPC server
[roslaunch.server][INFO] 2020-10-25 19:19:24,917: starting roslaunch XML-RPC server
[roslaunch.server][INFO] 2020-10-25 19:19:24,917: waiting for roslaunch XML-RPC server to initialize
[xmlrpc][INFO] 2020-10-25 19:19:24,917: XML-RPC server binding to 0.0.0.0:0
[xmlrpc][INFO] 2020-10-25 19:19:24,917: Started XML-RPC server [http://freight1207:39554/]
[xmlrpc][INFO] 2020-10-25 19:19:24,917: xml rpc node: starting XML-RPC server
[roslaunch][INFO] 2020-10-25 19:19:24,928: started roslaunch server http://freight1207:39554/
[roslaunch.parent][INFO] 2020-10-25 19:19:24,928: ... parent XML-RPC server started
[roslaunch][INFO] 2020-10-25 19:19:24,928: master.is_running[http://localhost:11311]
[roslaunch][INFO] 2020-10-25 19:19:24,929: master.is_running[http://localhost:11311]
[roslaunch][INFO] 2020-10-25 19:19:24,930: ROS_MASTER_URI=http://localhost:11311
[roslaunch][INFO] 2020-10-25 19:19:24,931: setting /roslaunch/uris/host_freight1207__39554' to http://freight1207:39554/
[roslaunch][INFO] 2020-10-25 19:19:24,933: load_parameters starting ...
[roslaunch][INFO] 2020-10-25 19:19:24,934: ... load_parameters complete
[roslaunch][INFO] 2020-10-25 19:19:24,934: launch_nodes: launching local nodes ...
[roslaunch][INFO] 2020-10-25 19:19:24,935: ... preparing to launch node of type [rostful/server]
[roslaunch][INFO] 2020-10-25 19:19:24,935: create_node_process: package[rostful] type[server] machine[Machine(name[] env_loader[None] address[localhost] ssh_port[22] user[None] assignable[True] timeout[10.0])] master_uri[http://localhost:11311]
[roslaunch][INFO] 2020-10-25 19:19:24,935: process[rostful_server-1]: env[{'QT_QPA_PLATFORMTHEME': 'appmenu-qt5', 'ROS_DISTRO': 'indigo', 'XDG_GREETER_DATA_DIR': '/var/lib/lightdm-data/fetch', 'GNOME_DESKTOP_SESSION_ID': 'this-is-deprecated', 'LESSOPEN': '| /usr/bin/lesspipe %s', 'XDG_SEAT_PATH': '/org/freedesktop/DisplayManager/Seat0', 'CPATH': '/home/fetch/catkin_ws/devel/include:/opt/ros/indigo/include', 'LOGNAME': 'fetch', 'XDG_SEAT': 'seat0', 'PATH': '/opt/ros/indigo/bin:/usr/local/sbin:/usr/local/bin:/usr/sbin:/usr/bin:/sbin:/bin:/usr/games:/usr/local/games', 'XDG_VTNR': '7', 'GNOME_KEYRING_CONTROL': '/run/user/1000/keyring-FaHoM5', 'CMAKE_PREFIX_PATH': '/home/fetch/catkin_ws/devel:/opt/ros/indigo', 'LD_LIBRARY_PATH': '/home/fetch/catkin_ws/devel/lib:/opt/ros/indigo/lib', 'LANG': 'en_US.UTF-8', 'TERM': 'xterm-256color', 'SHELL': '/bin/bash', 'XDG_SESSION_PATH': '/org/freedesktop/DisplayManager/Session0', 'XAUTHORITY': '/home/fetch/.Xauthority', 'LANGUAGE': 'en_US', 'SESSION_MANAGER': 'local/freight1207:@/tmp/.ICE-unix/1507,unix/freight1207:/tmp/.ICE-unix/1507', 'SHLVL': '1', 'MANDATORY_PATH': '/usr/share/gconf/ubuntu.mandatory.path', 'CLUTTER_IM_MODULE': 'xim', 'ROS_LOG_FILENAME': '/home/fetch/.ros/log/990247c6-1725-11eb-9313-000babe55698/roslaunch-freight1207-4055.log', 'TEXTDOMAIN': 'im-config', 'JOB': 'dbus', 'WINDOWID': '56623115', 'SESSIONTYPE': 'gnome-session', 'XMODIFIERS': '@im=ibus', 'ROS_MASTER_URI': 'http://localhost:11311', 'GPG_AGENT_INFO': '/run/user/1000/keyring-FaHoM5/gpg:0:1', 'HOME': '/home/fetch', 'QT4_IM_MODULE': 'xim', 'SELINUX_INIT': 'YES', 'SSH_AUTH_SOCK': '/run/user/1000/keyring-FaHoM5/ssh', 'XDG_RUNTIME_DIR': '/run/user/1000', 'GTK_IM_MODULE': 'ibus', 'PYTHONPATH': '/home/fetch/catkin_ws/devel/lib/python2.7/dist-packages:/opt/ros/indigo/lib/python2.7/dist-packages', 'COMPIZ_CONFIG_PROFILE': 'ubuntu', 'COMPIZ_BIN_PATH': '/usr/bin/', 'VTE_VERSION': '3409', 'ROS_ROOT': '/opt/ros/indigo/share/ros', 'GDMSESSION': 'ubuntu', 'IM_CONFIG_PHASE': '1', 'TEXTDOMAINDIR': '/usr/share/locale/', 'XDG_DATA_DIRS': '/usr/share/ubuntu:/usr/share/gnome:/usr/local/share/:/usr/share/', 'PKG_CONFIG_PATH': '/home/fetch/catkin_ws/devel/lib/pkgconfig:/opt/ros/indigo/lib/pkgconfig', 'ROS_PACKAGE_PATH': '/home/fetch/catkin_ws/src:/opt/ros/indigo/share:/opt/ros/indigo/stacks', 'XDG_CURRENT_DESKTOP': 'Unity', 'XDG_SESSION_ID': 'c2', 'DBUS_SESSION_BUS_ADDRESS': 'unix:abstract=/tmp/dbus-6ZMz9tLikt', '_': '/opt/ros/indigo/bin/roslaunch', 'DEFAULTS_PATH': '/usr/share/gconf/ubuntu.default.path', 'SESSION': 'ubuntu', 'DESKTOP_SESSION': 'ubuntu', 'UPSTART_SESSION': 'unix:abstract=/com/ubuntu/upstart-session/1000/1312', 'LESSCLOSE': '/usr/bin/lesspipe %s %s', 'GNOME_KEYRING_PID': '1444', 'OLDPWD': '/home/fetch', 'LS_COLORS': 'rs=0:di=01;34:ln=01;36:mh=00:pi=40;33:so=01;35:do=01;35:bd=40;33;01:cd=40;33;01:or=40;31;01:su=37;41:sg=30;43:ca=30;41:tw=30;42:ow=34;42:st=37;44:ex=01;32:*.tar=01;31:*.tgz=01;31:*.arj=01;31:*.taz=01;31:*.lzh=01;31:*.lzma=01;31:*.tlz=01;31:*.txz=01;31:*.zip=01;31:*.z=01;31:*.Z=01;31:*.dz=01;31:*.gz=01;31:*.lz=01;31:*.xz=01;31:*.bz2=01;31:*.bz=01;31:*.tbz=01;31:*.tbz2=01;31:*.tz=01;31:*.deb=01;31:*.rpm=01;31:*.jar=01;31:*.war=01;31:*.ear=01;31:*.sar=01;31:*.rar=01;31:*.ace=01;31:*.zoo=01;31:*.cpio=01;31:*.7z=01;31:*.rz=01;31:*.jpg=01;35:*.jpeg=01;35:*.gif=01;35:*.bmp=01;35:*.pbm=01;35:*.pgm=01;35:*.ppm=01;35:*.tga=01;35:*.xbm=01;35:*.xpm=01;35:*.tif=01;35:*.tiff=01;35:*.png=01;35:*.svg=01;35:*.svgz=01;35:*.mng=01;35:*.pcx=01;35:*.mov=01;35:*.mpg=01;35:*.mpeg=01;35:*.m2v=01;35:*.mkv=01;35:*.webm=01;35:*.ogm=01;35:*.mp4=01;35:*.m4v=01;35:*.mp4v=01;35:*.vob=01;35:*.qt=01;35:*.nuv=01;35:*.wmv=01;35:*.asf=01;35:*.rm=01;35:*.rmvb=01;35:*.flc=01;35:*.avi=01;35:*.fli=01;35:*.flv=01;35:*.gl=01;35:*.dl=01;35:*.xcf=01;35:*.xwd=01;35:*.yuv=01;35:*.cgm=01;35:*.emf=01;35:*.axv=01;35:*.anx=01;35:*.ogv=01;35:*.ogx=01;35:*.aac=00;36:*.au=00;36:*.flac=00;36:*.mid=00;36:*.midi=00;36:*.mka=00;36:*.mp3=00;36:*.mpc=00;36:*.ogg=00;36:*.ra=00;36:*.wav=00;36:*.axa=00;36:*.oga=00;36:*.spx=00;36:*.xspf=00;36:', 'GDM_LANG': 'en_US', 'GTK_MODULES': 'overlay-scrollbar:unity-gtk-module', 'INSTANCE': '', 'PWD': '/home/fetch/catkin_ws/src/rostful/rostful/launch', 'QT_IM_MODULE': 'ibus', 'ROS_ETC_DIR': '/opt/ros/indigo/etc/ros', 'COLORTERM': 'gnome-terminal', 'DISPLAY': ':0', 'XDG_MENU_PREFIX': 'gnome-', 'XDG_CONFIG_DIRS': '/etc/xdg/xdg-ubuntu:/usr/share/upstart/xdg:/etc/xdg', 'USER': 'fetch'}]
[roslaunch][INFO] 2020-10-25 19:19:24,958: process[rostful_server-1]: args[[u'/home/fetch/catkin_ws/src/rostful/rostful/scripts/server', '--host', '192.168.70.5', '-p', '8080', '--topics', '/local_control/goto', '/local_control/initialpose', '/local_control/cancel', '/local_control/initialpose', '/enable_software_runstop', '/remote_control', '/cmd_dock', '/cmd_undock', '/current/pose', u'__name:=rostful_server']]
[roslaunch][INFO] 2020-10-25 19:19:24,958: ... created process [rostful_server-1]
[roslaunch.pmon][INFO] 2020-10-25 19:19:24,958: ProcessMonitor.register[rostful_server-1]
[roslaunch.pmon][INFO] 2020-10-25 19:19:24,958: ProcessMonitor.register[rostful_server-1] complete
[roslaunch][INFO] 2020-10-25 19:19:24,958: ... registered process [rostful_server-1]
[roslaunch][INFO] 2020-10-25 19:19:24,958: process[rostful_server-1]: starting os process
[roslaunch][INFO] 2020-10-25 19:19:24,958: process[rostful_server-1]: start w/ args [[u'/home/fetch/catkin_ws/src/rostful/rostful/scripts/server', '--host', '192.168.70.5', '-p', '8080', '--topics', '/local_control/goto', '/local_control/initialpose', '/local_control/cancel', '/local_control/initialpose', '/enable_software_runstop', '/remote_control', '/cmd_dock', '/cmd_undock', '/current/pose', u'__name:=rostful_server', u'__log:=/home/fetch/.ros/log/990247c6-1725-11eb-9313-000babe55698/rostful_server-1.log']]
[roslaunch][INFO] 2020-10-25 19:19:24,958: process[rostful_server-1]: cwd will be [/home/fetch/.ros]
[roslaunch][INFO] 2020-10-25 19:19:24,960: process[rostful_server-1]: started with pid [4073]
[roslaunch][INFO] 2020-10-25 19:19:24,960: ... successfully launched [rostful_server-1]
[roslaunch][INFO] 2020-10-25 19:19:24,960: ... launch_nodes complete
[roslaunch.pmon][INFO] 2020-10-25 19:19:24,961: registrations completed <ProcessMonitor(ProcessMonitor-1, started daemon 140119250708224)>
[roslaunch.parent][INFO] 2020-10-25 19:19:24,961: ... roslaunch parent running, waiting for process exit
[roslaunch][INFO] 2020-10-25 19:19:24,961: spin
[roslaunch.pmon][INFO] 2020-10-25 19:24:00,367: ProcessMonitor.shutdown <ProcessMonitor(ProcessMonitor-1, started daemon 140119250708224)>
[roslaunch.pmon][INFO] 2020-10-25 19:24:00,372: ProcessMonitor._post_run <ProcessMonitor(ProcessMonitor-1, started daemon 140119250708224)>
[roslaunch.pmon][INFO] 2020-10-25 19:24:00,372: ProcessMonitor._post_run <ProcessMonitor(ProcessMonitor-1, started daemon 140119250708224)>: remaining procs are [<roslaunch.nodeprocess.LocalProcess object at 0x7f700e524850>]
[roslaunch.pmon][INFO] 2020-10-25 19:24:00,373: ProcessMonitor exit: killing rostful_server-1
[roslaunch][INFO] 2020-10-25 19:24:00,373: [rostful_server-1] killing on exit
[roslaunch][INFO] 2020-10-25 19:24:00,373: process[rostful_server-1]: killing os process with pid[4073] pgid[4073]
[roslaunch][INFO] 2020-10-25 19:24:00,373: [rostful_server-1] sending SIGINT to pgid [4073]
[roslaunch][INFO] 2020-10-25 19:24:00,374: [rostful_server-1] sent SIGINT to pgid [4073]
[roslaunch][INFO] 2020-10-25 19:24:00,574: process[rostful_server-1]: SIGINT killed with return value 0
[roslaunch.pmon][INFO] 2020-10-25 19:24:00,574: ProcessMonitor exit: cleaning up data structures and signals
[roslaunch.pmon][INFO] 2020-10-25 19:24:00,574: ProcessMonitor exit: pmon has shutdown
[roslaunch][INFO] 2020-10-25 19:24:00,581: process monitor is done spinning, initiating full shutdown
[roslaunch][INFO] 2020-10-25 19:24:00,581: runner.stop()
[roslaunch][INFO] 2020-10-25 19:24:00,581: shutting down processing monitor...
[roslaunch][INFO] 2020-10-25 19:24:00,581: shutting down processing monitor <ProcessMonitor(ProcessMonitor-1, stopped daemon 140119250708224)>
[roslaunch.pmon][INFO] 2020-10-25 19:24:00,581: ProcessMonitor.shutdown <ProcessMonitor(ProcessMonitor-1, stopped daemon 140119250708224)>
[roslaunch][INFO] 2020-10-25 19:24:00,581: ... shutting down processing monitor complete
[roslaunch][INFO] 2020-10-25 19:24:00,581: done
[roslaunch.pmon][INFO] 2020-10-25 19:24:00,581: ProcessMonitor.shutdown <ProcessMonitor(ProcessMonitor-1, stopped daemon 140119250708224)>
[rospy.core][INFO] 2020-10-25 19:24:00,581: signal_shutdown [atexit]
