[roslaunch][INFO] 2020-10-25 19:32:44,334: Checking log directory for disk usage. This may take awhile.
Press Ctrl-C to interrupt
[roslaunch][INFO] 2020-10-25 19:32:44,336: Done checking log file disk usage. Usage is <1GB.
[roslaunch][INFO] 2020-10-25 19:32:44,337: roslaunch starting with args ['/opt/ros/indigo/bin/roslaunch', 'fetch_navigation', 'freight_nav.launch']
[roslaunch][INFO] 2020-10-25 19:32:44,337: roslaunch env is {'ROS_DISTRO': 'indigo', 'LESSOPEN': '| /usr/bin/lesspipe %s', 'SSH_CLIENT': '192.168.70.3 58797 22', 'CPATH': '/home/fetch/catkin_ws/devel/include:/opt/ros/indigo/include', 'LOGNAME': 'fetch', 'USER': 'fetch', 'PATH': '/opt/ros/indigo/bin:/usr/local/sbin:/usr/local/bin:/usr/sbin:/usr/bin:/sbin:/bin:/usr/games:/usr/local/games', 'HOME': '/home/fetch', 'CMAKE_PREFIX_PATH': '/home/fetch/catkin_ws/devel:/opt/ros/indigo', 'LD_LIBRARY_PATH': '/home/fetch/catkin_ws/devel/lib:/opt/ros/indigo/lib', 'LANG': 'en_US.UTF-8', 'TERM': 'xterm-256color', 'SHELL': '/bin/bash', 'ROS_LOG_FILENAME': '/home/fetch/.ros/log/990247c6-1725-11eb-9313-000babe55698/roslaunch-freight1207-9384.log', 'SHLVL': '1', 'QT_QPA_PLATFORMTHEME': 'appmenu-qt5', 'DISPLAY': 'localhost:10.0', 'ROS_ETC_DIR': '/opt/ros/indigo/etc/ros', 'XDG_RUNTIME_DIR': '/run/user/1000', 'PYTHONPATH': '/home/fetch/catkin_ws/devel/lib/python2.7/dist-packages:/opt/ros/indigo/lib/python2.7/dist-packages', 'ROS_ROOT': '/opt/ros/indigo/share/ros', 'PKG_CONFIG_PATH': '/home/fetch/catkin_ws/devel/lib/pkgconfig:/opt/ros/indigo/lib/pkgconfig', 'ROS_PACKAGE_PATH': '/home/fetch/catkin_ws/src:/opt/ros/indigo/share:/opt/ros/indigo/stacks', 'XDG_SESSION_ID': '4', '_': '/opt/ros/indigo/bin/roslaunch', 'SSH_CONNECTION': '192.168.70.3 58797 192.168.70.5 22', 'LESSCLOSE': '/usr/bin/lesspipe %s %s', 'SSH_TTY': '/dev/pts/3', 'PWD': '/home/fetch', 'ROS_MASTER_URI': 'http://localhost:11311', 'MAIL': '/var/mail/fetch', 'LS_COLORS': 'rs=0:di=01;34:ln=01;36:mh=00:pi=40;33:so=01;35:do=01;35:bd=40;33;01:cd=40;33;01:or=40;31;01:su=37;41:sg=30;43:ca=30;41:tw=30;42:ow=34;42:st=37;44:ex=01;32:*.tar=01;31:*.tgz=01;31:*.arj=01;31:*.taz=01;31:*.lzh=01;31:*.lzma=01;31:*.tlz=01;31:*.txz=01;31:*.zip=01;31:*.z=01;31:*.Z=01;31:*.dz=01;31:*.gz=01;31:*.lz=01;31:*.xz=01;31:*.bz2=01;31:*.bz=01;31:*.tbz=01;31:*.tbz2=01;31:*.tz=01;31:*.deb=01;31:*.rpm=01;31:*.jar=01;31:*.war=01;31:*.ear=01;31:*.sar=01;31:*.rar=01;31:*.ace=01;31:*.zoo=01;31:*.cpio=01;31:*.7z=01;31:*.rz=01;31:*.jpg=01;35:*.jpeg=01;35:*.gif=01;35:*.bmp=01;35:*.pbm=01;35:*.pgm=01;35:*.ppm=01;35:*.tga=01;35:*.xbm=01;35:*.xpm=01;35:*.tif=01;35:*.tiff=01;35:*.png=01;35:*.svg=01;35:*.svgz=01;35:*.mng=01;35:*.pcx=01;35:*.mov=01;35:*.mpg=01;35:*.mpeg=01;35:*.m2v=01;35:*.mkv=01;35:*.webm=01;35:*.ogm=01;35:*.mp4=01;35:*.m4v=01;35:*.mp4v=01;35:*.vob=01;35:*.qt=01;35:*.nuv=01;35:*.wmv=01;35:*.asf=01;35:*.rm=01;35:*.rmvb=01;35:*.flc=01;35:*.avi=01;35:*.fli=01;35:*.flv=01;35:*.gl=01;35:*.dl=01;35:*.xcf=01;35:*.xwd=01;35:*.yuv=01;35:*.cgm=01;35:*.emf=01;35:*.axv=01;35:*.anx=01;35:*.ogv=01;35:*.ogx=01;35:*.aac=00;36:*.au=00;36:*.flac=00;36:*.mid=00;36:*.midi=00;36:*.mka=00;36:*.mp3=00;36:*.mpc=00;36:*.ogg=00;36:*.ra=00;36:*.wav=00;36:*.axa=00;36:*.oga=00;36:*.spx=00;36:*.xspf=00;36:'}
[roslaunch][INFO] 2020-10-25 19:32:44,337: starting in server mode
[roslaunch.parent][INFO] 2020-10-25 19:32:44,337: starting roslaunch parent run
[roslaunch][INFO] 2020-10-25 19:32:44,337: loading roscore config file /opt/ros/indigo/etc/ros/roscore.xml
[roslaunch][INFO] 2020-10-25 19:32:44,403: Added core node of type [rosout/rosout] in namespace [/]
[roslaunch.config][INFO] 2020-10-25 19:32:44,403: loading config file /opt/ros/indigo/share/fetch_navigation/launch/freight_nav.launch
[roslaunch][INFO] 2020-10-25 19:32:44,425: Added node of type [map_server/map_server] in namespace [/]
[roslaunch][INFO] 2020-10-25 19:32:44,426: Added node of type [rviz/rviz] in namespace [/]
[roslaunch][INFO] 2020-10-25 19:32:44,431: Added node of type [amcl/amcl] in namespace [/]
[roslaunch][INFO] 2020-10-25 19:32:44,448: Added node of type [move_base/move_base] in namespace [/]
[roslaunch][INFO] 2020-10-25 19:32:44,448: ... selected machine [] for node of type [map_server/map_server]
[roslaunch][INFO] 2020-10-25 19:32:44,448: ... selected machine [] for node of type [rviz/rviz]
[roslaunch][INFO] 2020-10-25 19:32:44,448: ... selected machine [] for node of type [amcl/amcl]
[roslaunch][INFO] 2020-10-25 19:32:44,448: ... selected machine [] for node of type [move_base/move_base]
[roslaunch.pmon][INFO] 2020-10-25 19:32:44,448: start_process_monitor: creating ProcessMonitor
[roslaunch.pmon][INFO] 2020-10-25 19:32:44,449: created process monitor <ProcessMonitor(ProcessMonitor-1, initial daemon)>
[roslaunch.pmon][INFO] 2020-10-25 19:32:44,449: start_process_monitor: ProcessMonitor started
[roslaunch.parent][INFO] 2020-10-25 19:32:44,449: starting parent XML-RPC server
[roslaunch.server][INFO] 2020-10-25 19:32:44,449: starting roslaunch XML-RPC server
[xmlrpc][INFO] 2020-10-25 19:32:44,449: XML-RPC server binding to 0.0.0.0:0
[roslaunch.server][INFO] 2020-10-25 19:32:44,449: waiting for roslaunch XML-RPC server to initialize
[xmlrpc][INFO] 2020-10-25 19:32:44,449: Started XML-RPC server [http://freight1207:39172/]
[xmlrpc][INFO] 2020-10-25 19:32:44,449: xml rpc node: starting XML-RPC server
[roslaunch][INFO] 2020-10-25 19:32:44,460: started roslaunch server http://freight1207:39172/
[roslaunch.parent][INFO] 2020-10-25 19:32:44,461: ... parent XML-RPC server started
[roslaunch][INFO] 2020-10-25 19:32:44,461: master.is_running[http://localhost:11311]
[roslaunch][INFO] 2020-10-25 19:32:44,462: master.is_running[http://localhost:11311]
[roslaunch][INFO] 2020-10-25 19:32:44,463: ROS_MASTER_URI=http://localhost:11311
[roslaunch][INFO] 2020-10-25 19:32:44,464: setting /roslaunch/uris/host_freight1207__39172' to http://freight1207:39172/
[roslaunch][INFO] 2020-10-25 19:32:44,466: load_parameters starting ...
[roslaunch][INFO] 2020-10-25 19:32:44,484: ... load_parameters complete
[roslaunch][INFO] 2020-10-25 19:32:44,484: launch_nodes: launching local nodes ...
[roslaunch][INFO] 2020-10-25 19:32:44,484: ... preparing to launch node of type [map_server/map_server]
[roslaunch][INFO] 2020-10-25 19:32:44,484: create_node_process: package[map_server] type[map_server] machine[Machine(name[] env_loader[None] address[localhost] ssh_port[22] user[None] assignable[True] timeout[10.0])] master_uri[http://localhost:11311]
[roslaunch][INFO] 2020-10-25 19:32:44,484: process[map_server-1]: env[{'ROS_DISTRO': 'indigo', 'LESSOPEN': '| /usr/bin/lesspipe %s', 'SSH_CLIENT': '192.168.70.3 58797 22', 'CPATH': '/home/fetch/catkin_ws/devel/include:/opt/ros/indigo/include', 'LOGNAME': 'fetch', 'USER': 'fetch', 'PATH': '/opt/ros/indigo/bin:/usr/local/sbin:/usr/local/bin:/usr/sbin:/usr/bin:/sbin:/bin:/usr/games:/usr/local/games', 'HOME': '/home/fetch', 'CMAKE_PREFIX_PATH': '/home/fetch/catkin_ws/devel:/opt/ros/indigo', 'ROS_LOG_FILENAME': '/home/fetch/.ros/log/990247c6-1725-11eb-9313-000babe55698/roslaunch-freight1207-9384.log', 'LANG': 'en_US.UTF-8', 'TERM': 'xterm-256color', 'SHELL': '/bin/bash', 'SHLVL': '1', 'QT_QPA_PLATFORMTHEME': 'appmenu-qt5', 'DISPLAY': 'localhost:10.0', 'ROS_MASTER_URI': 'http://localhost:11311', 'XDG_RUNTIME_DIR': '/run/user/1000', 'PYTHONPATH': '/home/fetch/catkin_ws/devel/lib/python2.7/dist-packages:/opt/ros/indigo/lib/python2.7/dist-packages', 'ROS_ROOT': '/opt/ros/indigo/share/ros', 'PKG_CONFIG_PATH': '/home/fetch/catkin_ws/devel/lib/pkgconfig:/opt/ros/indigo/lib/pkgconfig', 'ROS_PACKAGE_PATH': '/home/fetch/catkin_ws/src:/opt/ros/indigo/share:/opt/ros/indigo/stacks', 'XDG_SESSION_ID': '4', '_': '/opt/ros/indigo/bin/roslaunch', 'LD_LIBRARY_PATH': '/home/fetch/catkin_ws/devel/lib:/opt/ros/indigo/lib', 'LS_COLORS': 'rs=0:di=01;34:ln=01;36:mh=00:pi=40;33:so=01;35:do=01;35:bd=40;33;01:cd=40;33;01:or=40;31;01:su=37;41:sg=30;43:ca=30;41:tw=30;42:ow=34;42:st=37;44:ex=01;32:*.tar=01;31:*.tgz=01;31:*.arj=01;31:*.taz=01;31:*.lzh=01;31:*.lzma=01;31:*.tlz=01;31:*.txz=01;31:*.zip=01;31:*.z=01;31:*.Z=01;31:*.dz=01;31:*.gz=01;31:*.lz=01;31:*.xz=01;31:*.bz2=01;31:*.bz=01;31:*.tbz=01;31:*.tbz2=01;31:*.tz=01;31:*.deb=01;31:*.rpm=01;31:*.jar=01;31:*.war=01;31:*.ear=01;31:*.sar=01;31:*.rar=01;31:*.ace=01;31:*.zoo=01;31:*.cpio=01;31:*.7z=01;31:*.rz=01;31:*.jpg=01;35:*.jpeg=01;35:*.gif=01;35:*.bmp=01;35:*.pbm=01;35:*.pgm=01;35:*.ppm=01;35:*.tga=01;35:*.xbm=01;35:*.xpm=01;35:*.tif=01;35:*.tiff=01;35:*.png=01;35:*.svg=01;35:*.svgz=01;35:*.mng=01;35:*.pcx=01;35:*.mov=01;35:*.mpg=01;35:*.mpeg=01;35:*.m2v=01;35:*.mkv=01;35:*.webm=01;35:*.ogm=01;35:*.mp4=01;35:*.m4v=01;35:*.mp4v=01;35:*.vob=01;35:*.qt=01;35:*.nuv=01;35:*.wmv=01;35:*.asf=01;35:*.rm=01;35:*.rmvb=01;35:*.flc=01;35:*.avi=01;35:*.fli=01;35:*.flv=01;35:*.gl=01;35:*.dl=01;35:*.xcf=01;35:*.xwd=01;35:*.yuv=01;35:*.cgm=01;35:*.emf=01;35:*.axv=01;35:*.anx=01;35:*.ogv=01;35:*.ogx=01;35:*.aac=00;36:*.au=00;36:*.flac=00;36:*.mid=00;36:*.midi=00;36:*.mka=00;36:*.mp3=00;36:*.mpc=00;36:*.ogg=00;36:*.ra=00;36:*.wav=00;36:*.axa=00;36:*.oga=00;36:*.spx=00;36:*.xspf=00;36:', 'LESSCLOSE': '/usr/bin/lesspipe %s %s', 'SSH_TTY': '/dev/pts/3', 'PWD': '/home/fetch', 'ROS_ETC_DIR': '/opt/ros/indigo/etc/ros', 'MAIL': '/var/mail/fetch', 'SSH_CONNECTION': '192.168.70.3 58797 192.168.70.5 22'}]
[roslaunch][INFO] 2020-10-25 19:32:44,505: process[map_server-1]: args[[u'/opt/ros/indigo/lib/map_server/map_server', '/home/fetch/mapmap.yaml', u'__name:=map_server']]
[roslaunch][INFO] 2020-10-25 19:32:44,506: ... created process [map_server-1]
[roslaunch.pmon][INFO] 2020-10-25 19:32:44,506: ProcessMonitor.register[map_server-1]
[roslaunch.pmon][INFO] 2020-10-25 19:32:44,506: ProcessMonitor.register[map_server-1] complete
[roslaunch][INFO] 2020-10-25 19:32:44,506: ... registered process [map_server-1]
[roslaunch][INFO] 2020-10-25 19:32:44,506: process[map_server-1]: starting os process
[roslaunch][INFO] 2020-10-25 19:32:44,506: process[map_server-1]: start w/ args [[u'/opt/ros/indigo/lib/map_server/map_server', '/home/fetch/mapmap.yaml', u'__name:=map_server', u'__log:=/home/fetch/.ros/log/990247c6-1725-11eb-9313-000babe55698/map_server-1.log']]
[roslaunch][INFO] 2020-10-25 19:32:44,506: process[map_server-1]: cwd will be [/home/fetch/.ros]
[roslaunch][INFO] 2020-10-25 19:32:44,507: process[map_server-1]: started with pid [9402]
[roslaunch][INFO] 2020-10-25 19:32:44,508: ... successfully launched [map_server-1]
[roslaunch][INFO] 2020-10-25 19:32:44,508: ... preparing to launch node of type [rviz/rviz]
[roslaunch][INFO] 2020-10-25 19:32:44,508: create_node_process: package[rviz] type[rviz] machine[Machine(name[] env_loader[None] address[localhost] ssh_port[22] user[None] assignable[True] timeout[10.0])] master_uri[http://localhost:11311]
[roslaunch][INFO] 2020-10-25 19:32:44,508: process[rviz-2]: env[{'ROS_DISTRO': 'indigo', 'LESSOPEN': '| /usr/bin/lesspipe %s', 'SSH_CLIENT': '192.168.70.3 58797 22', 'CPATH': '/home/fetch/catkin_ws/devel/include:/opt/ros/indigo/include', 'LOGNAME': 'fetch', 'USER': 'fetch', 'PATH': '/opt/ros/indigo/bin:/usr/local/sbin:/usr/local/bin:/usr/sbin:/usr/bin:/sbin:/bin:/usr/games:/usr/local/games', 'HOME': '/home/fetch', 'CMAKE_PREFIX_PATH': '/home/fetch/catkin_ws/devel:/opt/ros/indigo', 'ROS_LOG_FILENAME': '/home/fetch/.ros/log/990247c6-1725-11eb-9313-000babe55698/roslaunch-freight1207-9384.log', 'LANG': 'en_US.UTF-8', 'TERM': 'xterm-256color', 'SHELL': '/bin/bash', 'SHLVL': '1', 'QT_QPA_PLATFORMTHEME': 'appmenu-qt5', 'DISPLAY': 'localhost:10.0', 'ROS_MASTER_URI': 'http://localhost:11311', 'XDG_RUNTIME_DIR': '/run/user/1000', 'PYTHONPATH': '/home/fetch/catkin_ws/devel/lib/python2.7/dist-packages:/opt/ros/indigo/lib/python2.7/dist-packages', 'ROS_ROOT': '/opt/ros/indigo/share/ros', 'PKG_CONFIG_PATH': '/home/fetch/catkin_ws/devel/lib/pkgconfig:/opt/ros/indigo/lib/pkgconfig', 'ROS_PACKAGE_PATH': '/home/fetch/catkin_ws/src:/opt/ros/indigo/share:/opt/ros/indigo/stacks', 'XDG_SESSION_ID': '4', '_': '/opt/ros/indigo/bin/roslaunch', 'LD_LIBRARY_PATH': '/home/fetch/catkin_ws/devel/lib:/opt/ros/indigo/lib', 'LS_COLORS': 'rs=0:di=01;34:ln=01;36:mh=00:pi=40;33:so=01;35:do=01;35:bd=40;33;01:cd=40;33;01:or=40;31;01:su=37;41:sg=30;43:ca=30;41:tw=30;42:ow=34;42:st=37;44:ex=01;32:*.tar=01;31:*.tgz=01;31:*.arj=01;31:*.taz=01;31:*.lzh=01;31:*.lzma=01;31:*.tlz=01;31:*.txz=01;31:*.zip=01;31:*.z=01;31:*.Z=01;31:*.dz=01;31:*.gz=01;31:*.lz=01;31:*.xz=01;31:*.bz2=01;31:*.bz=01;31:*.tbz=01;31:*.tbz2=01;31:*.tz=01;31:*.deb=01;31:*.rpm=01;31:*.jar=01;31:*.war=01;31:*.ear=01;31:*.sar=01;31:*.rar=01;31:*.ace=01;31:*.zoo=01;31:*.cpio=01;31:*.7z=01;31:*.rz=01;31:*.jpg=01;35:*.jpeg=01;35:*.gif=01;35:*.bmp=01;35:*.pbm=01;35:*.pgm=01;35:*.ppm=01;35:*.tga=01;35:*.xbm=01;35:*.xpm=01;35:*.tif=01;35:*.tiff=01;35:*.png=01;35:*.svg=01;35:*.svgz=01;35:*.mng=01;35:*.pcx=01;35:*.mov=01;35:*.mpg=01;35:*.mpeg=01;35:*.m2v=01;35:*.mkv=01;35:*.webm=01;35:*.ogm=01;35:*.mp4=01;35:*.m4v=01;35:*.mp4v=01;35:*.vob=01;35:*.qt=01;35:*.nuv=01;35:*.wmv=01;35:*.asf=01;35:*.rm=01;35:*.rmvb=01;35:*.flc=01;35:*.avi=01;35:*.fli=01;35:*.flv=01;35:*.gl=01;35:*.dl=01;35:*.xcf=01;35:*.xwd=01;35:*.yuv=01;35:*.cgm=01;35:*.emf=01;35:*.axv=01;35:*.anx=01;35:*.ogv=01;35:*.ogx=01;35:*.aac=00;36:*.au=00;36:*.flac=00;36:*.mid=00;36:*.midi=00;36:*.mka=00;36:*.mp3=00;36:*.mpc=00;36:*.ogg=00;36:*.ra=00;36:*.wav=00;36:*.axa=00;36:*.oga=00;36:*.spx=00;36:*.xspf=00;36:', 'LESSCLOSE': '/usr/bin/lesspipe %s %s', 'SSH_TTY': '/dev/pts/3', 'PWD': '/home/fetch', 'ROS_ETC_DIR': '/opt/ros/indigo/etc/ros', 'MAIL': '/var/mail/fetch', 'SSH_CONNECTION': '192.168.70.3 58797 192.168.70.5 22'}]
[roslaunch][INFO] 2020-10-25 19:32:44,510: process[rviz-2]: args[[u'/opt/ros/indigo/lib/rviz/rviz', '/opt/ros/indigo/share/fetch_navigation/config/navigation.rviz', u'__name:=rviz']]
[roslaunch][INFO] 2020-10-25 19:32:44,510: ... created process [rviz-2]
[roslaunch.pmon][INFO] 2020-10-25 19:32:44,510: ProcessMonitor.register[rviz-2]
[roslaunch.pmon][INFO] 2020-10-25 19:32:44,510: ProcessMonitor.register[rviz-2] complete
[roslaunch][INFO] 2020-10-25 19:32:44,510: ... registered process [rviz-2]
[roslaunch][INFO] 2020-10-25 19:32:44,510: process[rviz-2]: starting os process
[roslaunch][INFO] 2020-10-25 19:32:44,510: process[rviz-2]: start w/ args [[u'/opt/ros/indigo/lib/rviz/rviz', '/opt/ros/indigo/share/fetch_navigation/config/navigation.rviz', u'__name:=rviz', u'__log:=/home/fetch/.ros/log/990247c6-1725-11eb-9313-000babe55698/rviz-2.log']]
[roslaunch][INFO] 2020-10-25 19:32:44,510: process[rviz-2]: cwd will be [/home/fetch/.ros]
[roslaunch][INFO] 2020-10-25 19:32:44,512: process[rviz-2]: started with pid [9403]
[roslaunch][INFO] 2020-10-25 19:32:44,512: ... successfully launched [rviz-2]
[roslaunch][INFO] 2020-10-25 19:32:44,512: ... preparing to launch node of type [amcl/amcl]
[roslaunch][INFO] 2020-10-25 19:32:44,512: create_node_process: package[amcl] type[amcl] machine[Machine(name[] env_loader[None] address[localhost] ssh_port[22] user[None] assignable[True] timeout[10.0])] master_uri[http://localhost:11311]
[roslaunch][INFO] 2020-10-25 19:32:44,513: process[amcl-3]: env[{'ROS_DISTRO': 'indigo', 'LESSOPEN': '| /usr/bin/lesspipe %s', 'SSH_CLIENT': '192.168.70.3 58797 22', 'CPATH': '/home/fetch/catkin_ws/devel/include:/opt/ros/indigo/include', 'LOGNAME': 'fetch', 'USER': 'fetch', 'PATH': '/opt/ros/indigo/bin:/usr/local/sbin:/usr/local/bin:/usr/sbin:/usr/bin:/sbin:/bin:/usr/games:/usr/local/games', 'HOME': '/home/fetch', 'CMAKE_PREFIX_PATH': '/home/fetch/catkin_ws/devel:/opt/ros/indigo', 'ROS_LOG_FILENAME': '/home/fetch/.ros/log/990247c6-1725-11eb-9313-000babe55698/roslaunch-freight1207-9384.log', 'LANG': 'en_US.UTF-8', 'TERM': 'xterm-256color', 'SHELL': '/bin/bash', 'SHLVL': '1', 'QT_QPA_PLATFORMTHEME': 'appmenu-qt5', 'DISPLAY': 'localhost:10.0', 'ROS_MASTER_URI': 'http://localhost:11311', 'XDG_RUNTIME_DIR': '/run/user/1000', 'PYTHONPATH': '/home/fetch/catkin_ws/devel/lib/python2.7/dist-packages:/opt/ros/indigo/lib/python2.7/dist-packages', 'ROS_ROOT': '/opt/ros/indigo/share/ros', 'PKG_CONFIG_PATH': '/home/fetch/catkin_ws/devel/lib/pkgconfig:/opt/ros/indigo/lib/pkgconfig', 'ROS_PACKAGE_PATH': '/home/fetch/catkin_ws/src:/opt/ros/indigo/share:/opt/ros/indigo/stacks', 'XDG_SESSION_ID': '4', '_': '/opt/ros/indigo/bin/roslaunch', 'LD_LIBRARY_PATH': '/home/fetch/catkin_ws/devel/lib:/opt/ros/indigo/lib', 'LS_COLORS': 'rs=0:di=01;34:ln=01;36:mh=00:pi=40;33:so=01;35:do=01;35:bd=40;33;01:cd=40;33;01:or=40;31;01:su=37;41:sg=30;43:ca=30;41:tw=30;42:ow=34;42:st=37;44:ex=01;32:*.tar=01;31:*.tgz=01;31:*.arj=01;31:*.taz=01;31:*.lzh=01;31:*.lzma=01;31:*.tlz=01;31:*.txz=01;31:*.zip=01;31:*.z=01;31:*.Z=01;31:*.dz=01;31:*.gz=01;31:*.lz=01;31:*.xz=01;31:*.bz2=01;31:*.bz=01;31:*.tbz=01;31:*.tbz2=01;31:*.tz=01;31:*.deb=01;31:*.rpm=01;31:*.jar=01;31:*.war=01;31:*.ear=01;31:*.sar=01;31:*.rar=01;31:*.ace=01;31:*.zoo=01;31:*.cpio=01;31:*.7z=01;31:*.rz=01;31:*.jpg=01;35:*.jpeg=01;35:*.gif=01;35:*.bmp=01;35:*.pbm=01;35:*.pgm=01;35:*.ppm=01;35:*.tga=01;35:*.xbm=01;35:*.xpm=01;35:*.tif=01;35:*.tiff=01;35:*.png=01;35:*.svg=01;35:*.svgz=01;35:*.mng=01;35:*.pcx=01;35:*.mov=01;35:*.mpg=01;35:*.mpeg=01;35:*.m2v=01;35:*.mkv=01;35:*.webm=01;35:*.ogm=01;35:*.mp4=01;35:*.m4v=01;35:*.mp4v=01;35:*.vob=01;35:*.qt=01;35:*.nuv=01;35:*.wmv=01;35:*.asf=01;35:*.rm=01;35:*.rmvb=01;35:*.flc=01;35:*.avi=01;35:*.fli=01;35:*.flv=01;35:*.gl=01;35:*.dl=01;35:*.xcf=01;35:*.xwd=01;35:*.yuv=01;35:*.cgm=01;35:*.emf=01;35:*.axv=01;35:*.anx=01;35:*.ogv=01;35:*.ogx=01;35:*.aac=00;36:*.au=00;36:*.flac=00;36:*.mid=00;36:*.midi=00;36:*.mka=00;36:*.mp3=00;36:*.mpc=00;36:*.ogg=00;36:*.ra=00;36:*.wav=00;36:*.axa=00;36:*.oga=00;36:*.spx=00;36:*.xspf=00;36:', 'LESSCLOSE': '/usr/bin/lesspipe %s %s', 'SSH_TTY': '/dev/pts/3', 'PWD': '/home/fetch', 'ROS_ETC_DIR': '/opt/ros/indigo/etc/ros', 'MAIL': '/var/mail/fetch', 'SSH_CONNECTION': '192.168.70.3 58797 192.168.70.5 22'}]
[roslaunch][INFO] 2020-10-25 19:32:44,513: process[amcl-3]: args[[u'/opt/ros/indigo/lib/amcl/amcl', u'scan:=base_scan', u'map:=map', u'__name:=amcl']]
[roslaunch][INFO] 2020-10-25 19:32:44,513: ... created process [amcl-3]
[roslaunch.pmon][INFO] 2020-10-25 19:32:44,513: ProcessMonitor.register[amcl-3]
[roslaunch.pmon][INFO] 2020-10-25 19:32:44,513: ProcessMonitor.register[amcl-3] complete
[roslaunch][INFO] 2020-10-25 19:32:44,513: ... registered process [amcl-3]
[roslaunch][INFO] 2020-10-25 19:32:44,513: process[amcl-3]: starting os process
[roslaunch][INFO] 2020-10-25 19:32:44,513: process[amcl-3]: start w/ args [[u'/opt/ros/indigo/lib/amcl/amcl', u'scan:=base_scan', u'map:=map', u'__name:=amcl', u'__log:=/home/fetch/.ros/log/990247c6-1725-11eb-9313-000babe55698/amcl-3.log']]
[roslaunch][INFO] 2020-10-25 19:32:44,513: process[amcl-3]: cwd will be [/home/fetch/.ros]
[roslaunch][INFO] 2020-10-25 19:32:44,515: process[amcl-3]: started with pid [9404]
[roslaunch][INFO] 2020-10-25 19:32:44,515: ... successfully launched [amcl-3]
[roslaunch][INFO] 2020-10-25 19:32:44,515: ... preparing to launch node of type [move_base/move_base]
[roslaunch][INFO] 2020-10-25 19:32:44,515: create_node_process: package[move_base] type[move_base] machine[Machine(name[] env_loader[None] address[localhost] ssh_port[22] user[None] assignable[True] timeout[10.0])] master_uri[http://localhost:11311]
[roslaunch][INFO] 2020-10-25 19:32:44,516: process[move_base-4]: env[{'ROS_DISTRO': 'indigo', 'LESSOPEN': '| /usr/bin/lesspipe %s', 'SSH_CLIENT': '192.168.70.3 58797 22', 'CPATH': '/home/fetch/catkin_ws/devel/include:/opt/ros/indigo/include', 'LOGNAME': 'fetch', 'USER': 'fetch', 'PATH': '/opt/ros/indigo/bin:/usr/local/sbin:/usr/local/bin:/usr/sbin:/usr/bin:/sbin:/bin:/usr/games:/usr/local/games', 'HOME': '/home/fetch', 'CMAKE_PREFIX_PATH': '/home/fetch/catkin_ws/devel:/opt/ros/indigo', 'ROS_LOG_FILENAME': '/home/fetch/.ros/log/990247c6-1725-11eb-9313-000babe55698/roslaunch-freight1207-9384.log', 'LANG': 'en_US.UTF-8', 'TERM': 'xterm-256color', 'SHELL': '/bin/bash', 'SHLVL': '1', 'QT_QPA_PLATFORMTHEME': 'appmenu-qt5', 'DISPLAY': 'localhost:10.0', 'ROS_MASTER_URI': 'http://localhost:11311', 'XDG_RUNTIME_DIR': '/run/user/1000', 'PYTHONPATH': '/home/fetch/catkin_ws/devel/lib/python2.7/dist-packages:/opt/ros/indigo/lib/python2.7/dist-packages', 'ROS_ROOT': '/opt/ros/indigo/share/ros', 'PKG_CONFIG_PATH': '/home/fetch/catkin_ws/devel/lib/pkgconfig:/opt/ros/indigo/lib/pkgconfig', 'ROS_PACKAGE_PATH': '/home/fetch/catkin_ws/src:/opt/ros/indigo/share:/opt/ros/indigo/stacks', 'XDG_SESSION_ID': '4', '_': '/opt/ros/indigo/bin/roslaunch', 'LD_LIBRARY_PATH': '/home/fetch/catkin_ws/devel/lib:/opt/ros/indigo/lib', 'LS_COLORS': 'rs=0:di=01;34:ln=01;36:mh=00:pi=40;33:so=01;35:do=01;35:bd=40;33;01:cd=40;33;01:or=40;31;01:su=37;41:sg=30;43:ca=30;41:tw=30;42:ow=34;42:st=37;44:ex=01;32:*.tar=01;31:*.tgz=01;31:*.arj=01;31:*.taz=01;31:*.lzh=01;31:*.lzma=01;31:*.tlz=01;31:*.txz=01;31:*.zip=01;31:*.z=01;31:*.Z=01;31:*.dz=01;31:*.gz=01;31:*.lz=01;31:*.xz=01;31:*.bz2=01;31:*.bz=01;31:*.tbz=01;31:*.tbz2=01;31:*.tz=01;31:*.deb=01;31:*.rpm=01;31:*.jar=01;31:*.war=01;31:*.ear=01;31:*.sar=01;31:*.rar=01;31:*.ace=01;31:*.zoo=01;31:*.cpio=01;31:*.7z=01;31:*.rz=01;31:*.jpg=01;35:*.jpeg=01;35:*.gif=01;35:*.bmp=01;35:*.pbm=01;35:*.pgm=01;35:*.ppm=01;35:*.tga=01;35:*.xbm=01;35:*.xpm=01;35:*.tif=01;35:*.tiff=01;35:*.png=01;35:*.svg=01;35:*.svgz=01;35:*.mng=01;35:*.pcx=01;35:*.mov=01;35:*.mpg=01;35:*.mpeg=01;35:*.m2v=01;35:*.mkv=01;35:*.webm=01;35:*.ogm=01;35:*.mp4=01;35:*.m4v=01;35:*.mp4v=01;35:*.vob=01;35:*.qt=01;35:*.nuv=01;35:*.wmv=01;35:*.asf=01;35:*.rm=01;35:*.rmvb=01;35:*.flc=01;35:*.avi=01;35:*.fli=01;35:*.flv=01;35:*.gl=01;35:*.dl=01;35:*.xcf=01;35:*.xwd=01;35:*.yuv=01;35:*.cgm=01;35:*.emf=01;35:*.axv=01;35:*.anx=01;35:*.ogv=01;35:*.ogx=01;35:*.aac=00;36:*.au=00;36:*.flac=00;36:*.mid=00;36:*.midi=00;36:*.mka=00;36:*.mp3=00;36:*.mpc=00;36:*.ogg=00;36:*.ra=00;36:*.wav=00;36:*.axa=00;36:*.oga=00;36:*.spx=00;36:*.xspf=00;36:', 'LESSCLOSE': '/usr/bin/lesspipe %s %s', 'SSH_TTY': '/dev/pts/3', 'PWD': '/home/fetch', 'ROS_ETC_DIR': '/opt/ros/indigo/etc/ros', 'MAIL': '/var/mail/fetch', 'SSH_CONNECTION': '192.168.70.3 58797 192.168.70.5 22'}]
[roslaunch][INFO] 2020-10-25 19:32:44,516: process[move_base-4]: args[[u'/opt/ros/indigo/lib/move_base/move_base', u'cmd_vel:=cmd_vel', u'odom:=odom', u'map:=map', u'__name:=move_base']]
[roslaunch][INFO] 2020-10-25 19:32:44,516: ... created process [move_base-4]
[roslaunch.pmon][INFO] 2020-10-25 19:32:44,516: ProcessMonitor.register[move_base-4]
[roslaunch.pmon][INFO] 2020-10-25 19:32:44,516: ProcessMonitor.register[move_base-4] complete
[roslaunch][INFO] 2020-10-25 19:32:44,516: ... registered process [move_base-4]
[roslaunch][INFO] 2020-10-25 19:32:44,516: process[move_base-4]: starting os process
[roslaunch][INFO] 2020-10-25 19:32:44,516: process[move_base-4]: start w/ args [[u'/opt/ros/indigo/lib/move_base/move_base', u'cmd_vel:=cmd_vel', u'odom:=odom', u'map:=map', u'__name:=move_base', u'__log:=/home/fetch/.ros/log/990247c6-1725-11eb-9313-000babe55698/move_base-4.log']]
[roslaunch][INFO] 2020-10-25 19:32:44,517: process[move_base-4]: cwd will be [/home/fetch/.ros]
[roslaunch][INFO] 2020-10-25 19:32:44,518: process[move_base-4]: started with pid [9405]
[roslaunch][INFO] 2020-10-25 19:32:44,518: ... successfully launched [move_base-4]
[roslaunch][INFO] 2020-10-25 19:32:44,518: ... launch_nodes complete
[roslaunch.pmon][INFO] 2020-10-25 19:32:44,518: registrations completed <ProcessMonitor(ProcessMonitor-1, started daemon 140528109393664)>
[roslaunch.parent][INFO] 2020-10-25 19:32:44,518: ... roslaunch parent running, waiting for process exit
[roslaunch][INFO] 2020-10-25 19:32:44,519: spin
[roslaunch.pmon][INFO] 2020-10-25 19:44:19,226: ProcessMonitor.shutdown <ProcessMonitor(ProcessMonitor-1, started daemon 140528109393664)>
[roslaunch.pmon][INFO] 2020-10-25 19:44:19,268: ProcessMonitor._post_run <ProcessMonitor(ProcessMonitor-1, started daemon 140528109393664)>
[roslaunch.pmon][INFO] 2020-10-25 19:44:19,268: ProcessMonitor._post_run <ProcessMonitor(ProcessMonitor-1, started daemon 140528109393664)>: remaining procs are [<roslaunch.nodeprocess.LocalProcess object at 0x7fcf402cc9d0>, <roslaunch.nodeprocess.LocalProcess object at 0x7fcf402cc310>, <roslaunch.nodeprocess.LocalProcess object at 0x7fcf402cc5d0>, <roslaunch.nodeprocess.LocalProcess object at 0x7fcf402cc990>]
[roslaunch.pmon][INFO] 2020-10-25 19:44:19,268: ProcessMonitor exit: killing move_base-4
[roslaunch][INFO] 2020-10-25 19:44:19,268: [move_base-4] killing on exit
[roslaunch.pmon][INFO] 2020-10-25 19:44:19,268: ProcessMonitor exit: killing amcl-3
[roslaunch][INFO] 2020-10-25 19:44:19,268: process[move_base-4]: killing os process with pid[9405] pgid[9405]
[roslaunch][INFO] 2020-10-25 19:44:19,269: [move_base-4] sending SIGINT to pgid [9405]
[roslaunch.pmon][INFO] 2020-10-25 19:44:19,269: ProcessMonitor exit: killing rviz-2
[roslaunch][INFO] 2020-10-25 19:44:19,269: [amcl-3] killing on exit
[roslaunch][INFO] 2020-10-25 19:44:19,269: [move_base-4] sent SIGINT to pgid [9405]
[roslaunch][INFO] 2020-10-25 19:44:19,269: [rviz-2] killing on exit
[roslaunch.pmon][INFO] 2020-10-25 19:44:19,269: ProcessMonitor exit: killing map_server-1
[roslaunch][INFO] 2020-10-25 19:44:19,269: process[amcl-3]: killing os process with pid[9404] pgid[9404]
[roslaunch][INFO] 2020-10-25 19:44:19,269: process[rviz-2]: killing os process with pid[9403] pgid[9403]
[roslaunch][INFO] 2020-10-25 19:44:19,270: [map_server-1] killing on exit
[roslaunch][INFO] 2020-10-25 19:44:19,270: [amcl-3] sending SIGINT to pgid [9404]
[roslaunch][INFO] 2020-10-25 19:44:19,270: [rviz-2] sending SIGINT to pgid [9403]
[roslaunch][INFO] 2020-10-25 19:44:19,270: [rviz-2] sent SIGINT to pgid [9403]
[roslaunch][INFO] 2020-10-25 19:44:19,270: process[map_server-1]: killing os process with pid[9402] pgid[9402]
[roslaunch][INFO] 2020-10-25 19:44:19,271: [map_server-1] sending SIGINT to pgid [9402]
[roslaunch][INFO] 2020-10-25 19:44:19,271: [map_server-1] sent SIGINT to pgid [9402]
[roslaunch][INFO] 2020-10-25 19:44:19,270: [amcl-3] sent SIGINT to pgid [9404]
[roslaunch][INFO] 2020-10-25 19:44:19,471: process[map_server-1]: SIGINT killed with return value 0
[roslaunch][INFO] 2020-10-25 19:44:19,571: process[amcl-3]: SIGINT killed with return value 0
[roslaunch][INFO] 2020-10-25 19:44:19,770: process[move_base-4]: SIGINT killed with return value 0
[roslaunch][INFO] 2020-10-25 19:44:21,674: process[rviz-2]: SIGINT killed with return value 0
[roslaunch.pmon][INFO] 2020-10-25 19:44:21,674: ProcessMonitor exit: cleaning up data structures and signals
[roslaunch.pmon][INFO] 2020-10-25 19:44:21,674: ProcessMonitor exit: pmon has shutdown
[roslaunch][INFO] 2020-10-25 19:44:21,696: process monitor is done spinning, initiating full shutdown
[roslaunch][INFO] 2020-10-25 19:44:21,696: runner.stop()
[roslaunch][INFO] 2020-10-25 19:44:21,696: shutting down processing monitor...
[roslaunch][INFO] 2020-10-25 19:44:21,696: shutting down processing monitor <ProcessMonitor(ProcessMonitor-1, stopped daemon 140528109393664)>
[roslaunch.pmon][INFO] 2020-10-25 19:44:21,696: ProcessMonitor.shutdown <ProcessMonitor(ProcessMonitor-1, stopped daemon 140528109393664)>
[roslaunch][INFO] 2020-10-25 19:44:21,696: ... shutting down processing monitor complete
[roslaunch][INFO] 2020-10-25 19:44:21,696: done
[roslaunch.pmon][INFO] 2020-10-25 19:44:21,696: ProcessMonitor.shutdown <ProcessMonitor(ProcessMonitor-1, stopped daemon 140528109393664)>
[rospy.core][INFO] 2020-10-25 19:44:21,696: signal_shutdown [atexit]
