[rospy.client][INFO] 2020-10-25 19:19:25,530: init_node, name[/rostful_server], pid[4073]
[xmlrpc][INFO] 2020-10-25 19:19:25,530: XML-RPC server binding to 0.0.0.0:0
[xmlrpc][INFO] 2020-10-25 19:19:25,530: Started XML-RPC server [http://freight1207:57861/]
[rospy.init][INFO] 2020-10-25 19:19:25,531: ROS Slave URI: [http://freight1207:57861/]
[rospy.impl.masterslave][INFO] 2020-10-25 19:19:25,531: _ready: http://freight1207:57861/
[xmlrpc][INFO] 2020-10-25 19:19:25,531: xml rpc node: starting XML-RPC server
[rospy.registration][INFO] 2020-10-25 19:19:25,531: Registering with master node http://localhost:11311
[rospy.init][INFO] 2020-10-25 19:19:25,631: registered with master
[rospy.rosout][INFO] 2020-10-25 19:19:25,631: initializing /rosout core topic
[rospy.rosout][INFO] 2020-10-25 19:19:25,633: connected to core topic /rosout
[rospy.simtime][INFO] 2020-10-25 19:19:25,633: /use_sim_time is not set, will not subscribe to simulated time [/clock] topic
[rosout][WARNING] 2020-10-25 19:19:25,638: rostful_server: Delaying the start 1 seconds
[rospy.internal][INFO] 2020-10-25 19:19:25,871: topic[/rosout] adding connection to [/rosout], count 0
[rospy.internal][INFO] 2020-10-25 19:19:26,699: topic[/enable_software_runstop] adding connection to [http://freight1207:57861/], count 0
[rospy.internal][INFO] 2020-10-25 19:19:26,704: topic[/enable_software_runstop] adding connection to [/rostful_server], count 0
[rosout][INFO] 2020-10-25 19:19:26,713: rostful_server: Started server on port 8080
[rospy.internal][INFO] 2020-10-25 19:19:26,802: topic[/enable_software_runstop] adding connection to [/software_runstop], count 1
[rosout][INFO] 2020-10-25 19:24:00,374: rostful_server: Shutting down the server
[rospy.core][INFO] 2020-10-25 19:24:00,374: signal_shutdown [Closing]
[rospy.internal][INFO] 2020-10-25 19:24:00,376: topic[/enable_software_runstop] removing connection to /rostful_server
[rospy.internal][INFO] 2020-10-25 19:24:00,376: topic[/enable_software_runstop] removing connection to /software_runstop
[rospy.internal][INFO] 2020-10-25 19:24:00,376: topic[/rosout] removing connection to /rosout
[rospy.internal][INFO] 2020-10-25 19:24:00,377: topic[/enable_software_runstop] removing connection to http://freight1207:57861/
[rospy.impl.masterslave][INFO] 2020-10-25 19:24:00,377: Closing
[rospy.internal][ERROR] 2020-10-25 19:24:00,378: Unable to initiate TCP/IP socket to freight1207:51594 (http://freight1207:57861/): Traceback (most recent call last):
  File "/opt/ros/indigo/lib/python2.7/dist-packages/rospy/impl/tcpros_base.py", line 557, in connect
    self.read_header()
  File "/opt/ros/indigo/lib/python2.7/dist-packages/rospy/impl/tcpros_base.py", line 619, in read_header
    self._validate_header(read_ros_handshake_header(sock, self.read_buff, self.protocol.buff_size))
  File "/opt/ros/indigo/lib/python2.7/dist-packages/rospy/impl/tcpros_base.py", line 580, in _validate_header
    raise TransportInitError("remote error reported: %s"%header['error'])
TransportInitError: remote error reported: node shutting down

[rospy.core][INFO] 2020-10-25 19:24:00,478: signal_shutdown [atexit]
