[roslaunch][INFO] 2020-11-03 18:25:04,955: Checking log directory for disk usage. This may take awhile.
Press Ctrl-C to interrupt
[roslaunch][INFO] 2020-11-03 18:25:04,958: Done checking log file disk usage. Usage is <1GB.
[roslaunch][INFO] 2020-11-03 18:25:04,959: roslaunch starting with args ['roscore', '--core']
[roslaunch][INFO] 2020-11-03 18:25:04,959: roslaunch env is {'ROS_DISTRO': 'indigo', 'NVM_CD_FLAGS': '', 'LESSOPEN': '| /usr/bin/lesspipe %s', 'SSH_CLIENT': '172.22.77.105 50251 22', 'CPATH': '/home/fetch/catkin_ws/devel/include:/opt/ros/indigo/include', 'LOGNAME': 'fetch', 'USER': 'fetch', 'NVM_DIR': '/home/fetch/.nvm', 'HOME': '/home/fetch', 'PATH': '/home/fetch/.nvm/versions/node/v10.15.3/bin:/opt/ros/indigo/bin:/usr/local/sbin:/usr/local/bin:/usr/sbin:/usr/bin:/sbin:/bin:/usr/games:/usr/local/games', 'VIRTUALENVWRAPPER_SCRIPT': '/usr/share/virtualenvwrapper/virtualenvwrapper.sh', 'LD_LIBRARY_PATH': '/home/fetch/catkin_ws/devel/lib:/opt/ros/indigo/lib', 'LANG': 'en_US.UTF-8', 'TERM': 'xterm-256color', 'SHELL': '/bin/bash', 'ROS_LOG_FILENAME': '/home/fetch/.ros/log/f30d44de-1e44-11eb-9173-000babe55698/roslaunch-freight1207-4042.log', 'SHLVL': '1', 'QT_QPA_PLATFORMTHEME': 'appmenu-qt5', 'ROS_ETC_DIR': '/opt/ros/indigo/etc/ros', 'DISPLAY': 'localhost:10.0', 'NVM_BIN': '/home/fetch/.nvm/versions/node/v10.15.3/bin', '_VIRTUALENVWRAPPER_API': ' mkvirtualenv rmvirtualenv lsvirtualenv showvirtualenv workon add2virtualenv cdsitepackages cdvirtualenv lssitepackages toggleglobalsitepackages cpvirtualenv setvirtualenvproject mkproject cdproject mktmpenv mkvirtualenv rmvirtualenv lsvirtualenv showvirtualenv workon add2virtualenv cdsitepackages cdvirtualenv lssitepackages toggleglobalsitepackages cpvirtualenv setvirtualenvproject mkproject cdproject mktmpenv', 'CMAKE_PREFIX_PATH': '/home/fetch/catkin_ws/devel:/opt/ros/indigo', 'XDG_RUNTIME_DIR': '/run/user/1000', 'PYTHONPATH': '/home/fetch/catkin_ws/devel/lib/python2.7/dist-packages:/opt/ros/indigo/lib/python2.7/dist-packages', 'ROS_ROOT': '/opt/ros/indigo/share/ros', 'PKG_CONFIG_PATH': '/home/fetch/catkin_ws/devel/lib/pkgconfig:/opt/ros/indigo/lib/pkgconfig', 'ROS_PACKAGE_PATH': '/home/fetch/catkin_ws/src:/opt/ros/indigo/share:/opt/ros/indigo/stacks', 'XDG_SESSION_ID': '1', '_': '/opt/ros/indigo/bin/roscore', 'SSH_CONNECTION': '172.22.77.105 50251 172.22.77.172 22', 'LESSCLOSE': '/usr/bin/lesspipe %s %s', 'SSH_TTY': '/dev/pts/1', 'ROSLISP_PACKAGE_DIRECTORIES': '/home/fetch/catkin_ws/devel/share/common-lisp', 'PWD': '/home/fetch', 'ROS_MASTER_URI': 'http://localhost:11311', 'MAIL': '/var/mail/fetch', 'LS_COLORS': 'rs=0:di=01;34:ln=01;36:mh=00:pi=40;33:so=01;35:do=01;35:bd=40;33;01:cd=40;33;01:or=40;31;01:su=37;41:sg=30;43:ca=30;41:tw=30;42:ow=34;42:st=37;44:ex=01;32:*.tar=01;31:*.tgz=01;31:*.arj=01;31:*.taz=01;31:*.lzh=01;31:*.lzma=01;31:*.tlz=01;31:*.txz=01;31:*.zip=01;31:*.z=01;31:*.Z=01;31:*.dz=01;31:*.gz=01;31:*.lz=01;31:*.xz=01;31:*.bz2=01;31:*.bz=01;31:*.tbz=01;31:*.tbz2=01;31:*.tz=01;31:*.deb=01;31:*.rpm=01;31:*.jar=01;31:*.war=01;31:*.ear=01;31:*.sar=01;31:*.rar=01;31:*.ace=01;31:*.zoo=01;31:*.cpio=01;31:*.7z=01;31:*.rz=01;31:*.jpg=01;35:*.jpeg=01;35:*.gif=01;35:*.bmp=01;35:*.pbm=01;35:*.pgm=01;35:*.ppm=01;35:*.tga=01;35:*.xbm=01;35:*.xpm=01;35:*.tif=01;35:*.tiff=01;35:*.png=01;35:*.svg=01;35:*.svgz=01;35:*.mng=01;35:*.pcx=01;35:*.mov=01;35:*.mpg=01;35:*.mpeg=01;35:*.m2v=01;35:*.mkv=01;35:*.webm=01;35:*.ogm=01;35:*.mp4=01;35:*.m4v=01;35:*.mp4v=01;35:*.vob=01;35:*.qt=01;35:*.nuv=01;35:*.wmv=01;35:*.asf=01;35:*.rm=01;35:*.rmvb=01;35:*.flc=01;35:*.avi=01;35:*.fli=01;35:*.flv=01;35:*.gl=01;35:*.dl=01;35:*.xcf=01;35:*.xwd=01;35:*.yuv=01;35:*.cgm=01;35:*.emf=01;35:*.axv=01;35:*.anx=01;35:*.ogv=01;35:*.ogx=01;35:*.aac=00;36:*.au=00;36:*.flac=00;36:*.mid=00;36:*.midi=00;36:*.mka=00;36:*.mp3=00;36:*.mpc=00;36:*.ogg=00;36:*.ra=00;36:*.wav=00;36:*.axa=00;36:*.oga=00;36:*.spx=00;36:*.xspf=00;36:'}
[roslaunch][INFO] 2020-11-03 18:25:04,959: starting in server mode
[roslaunch.parent][INFO] 2020-11-03 18:25:04,959: starting roslaunch parent run
[roslaunch][INFO] 2020-11-03 18:25:04,959: loading roscore config file /opt/ros/indigo/etc/ros/roscore.xml
[roslaunch][INFO] 2020-11-03 18:25:05,031: Added core node of type [rosout/rosout] in namespace [/]
[roslaunch.pmon][INFO] 2020-11-03 18:25:05,031: start_process_monitor: creating ProcessMonitor
[roslaunch.pmon][INFO] 2020-11-03 18:25:05,031: created process monitor <ProcessMonitor(ProcessMonitor-1, initial daemon)>
[roslaunch.pmon][INFO] 2020-11-03 18:25:05,032: start_process_monitor: ProcessMonitor started
[roslaunch.parent][INFO] 2020-11-03 18:25:05,032: starting parent XML-RPC server
[roslaunch.server][INFO] 2020-11-03 18:25:05,032: starting roslaunch XML-RPC server
[roslaunch.server][INFO] 2020-11-03 18:25:05,032: waiting for roslaunch XML-RPC server to initialize
[xmlrpc][INFO] 2020-11-03 18:25:05,032: XML-RPC server binding to 0.0.0.0:0
[xmlrpc][INFO] 2020-11-03 18:25:05,032: Started XML-RPC server [http://freight1207:37273/]
[xmlrpc][INFO] 2020-11-03 18:25:05,032: xml rpc node: starting XML-RPC server
[roslaunch][INFO] 2020-11-03 18:25:05,043: started roslaunch server http://freight1207:37273/
[roslaunch.parent][INFO] 2020-11-03 18:25:05,043: ... parent XML-RPC server started
[roslaunch][INFO] 2020-11-03 18:25:05,043: master.is_running[http://freight1207:11311/]
[roslaunch][INFO] 2020-11-03 18:25:05,044: auto-starting new master
[roslaunch][INFO] 2020-11-03 18:25:05,045: create_master_process: rosmaster, /opt/ros/indigo/share/ros, 11311, 3, None
[roslaunch][INFO] 2020-11-03 18:25:05,045: process[master]: launching with args [['rosmaster', '--core', '-p', '11311', '-w', '3']]
[roslaunch.pmon][INFO] 2020-11-03 18:25:05,045: ProcessMonitor.register[master]
[roslaunch.pmon][INFO] 2020-11-03 18:25:05,045: ProcessMonitor.register[master] complete
[roslaunch][INFO] 2020-11-03 18:25:05,045: process[master]: starting os process
[roslaunch][INFO] 2020-11-03 18:25:05,045: process[master]: start w/ args [['rosmaster', '--core', '-p', '11311', '-w', '3', '__log:=/home/fetch/.ros/log/f30d44de-1e44-11eb-9173-000babe55698/master.log']]
[roslaunch][INFO] 2020-11-03 18:25:05,045: process[master]: cwd will be [/home/fetch/.ros]
[roslaunch][INFO] 2020-11-03 18:25:05,046: process[master]: started with pid [4054]
[roslaunch][INFO] 2020-11-03 18:25:05,047: master.is_running[http://freight1207:11311/]
[roslaunch][INFO] 2020-11-03 18:25:05,147: master.is_running[http://freight1207:11311/]
[roslaunch][INFO] 2020-11-03 18:25:05,148: master.is_running[http://freight1207:11311/]
[roslaunch][INFO] 2020-11-03 18:25:05,149: ROS_MASTER_URI=http://freight1207:11311/
[roslaunch][INFO] 2020-11-03 18:25:05,150: setting /run_id to f30d44de-1e44-11eb-9173-000babe55698
[roslaunch][INFO] 2020-11-03 18:25:05,151: setting /roslaunch/uris/host_freight1207__37273' to http://freight1207:37273/
[roslaunch][INFO] 2020-11-03 18:25:05,152: ... preparing to launch node of type [rosout/rosout]
[roslaunch][INFO] 2020-11-03 18:25:05,153: create_node_process: package[rosout] type[rosout] machine[Machine(name[] env_loader[None] address[localhost] ssh_port[22] user[None] assignable[True] timeout[10.0])] master_uri[http://freight1207:11311/]
[roslaunch][INFO] 2020-11-03 18:25:05,153: process[rosout-1]: env[{'ROS_DISTRO': 'indigo', 'NVM_CD_FLAGS': '', 'LESSOPEN': '| /usr/bin/lesspipe %s', 'SSH_CLIENT': '172.22.77.105 50251 22', 'CPATH': '/home/fetch/catkin_ws/devel/include:/opt/ros/indigo/include', 'LOGNAME': 'fetch', 'USER': 'fetch', 'NVM_DIR': '/home/fetch/.nvm', 'HOME': '/home/fetch', 'PATH': '/home/fetch/.nvm/versions/node/v10.15.3/bin:/opt/ros/indigo/bin:/usr/local/sbin:/usr/local/bin:/usr/sbin:/usr/bin:/sbin:/bin:/usr/games:/usr/local/games', 'VIRTUALENVWRAPPER_SCRIPT': '/usr/share/virtualenvwrapper/virtualenvwrapper.sh', 'ROS_LOG_FILENAME': '/home/fetch/.ros/log/f30d44de-1e44-11eb-9173-000babe55698/roslaunch-freight1207-4042.log', 'LANG': 'en_US.UTF-8', 'TERM': 'xterm-256color', 'SHELL': '/bin/bash', 'SHLVL': '1', 'QT_QPA_PLATFORMTHEME': 'appmenu-qt5', 'DISPLAY': 'localhost:10.0', 'NVM_BIN': '/home/fetch/.nvm/versions/node/v10.15.3/bin', '_VIRTUALENVWRAPPER_API': ' mkvirtualenv rmvirtualenv lsvirtualenv showvirtualenv workon add2virtualenv cdsitepackages cdvirtualenv lssitepackages toggleglobalsitepackages cpvirtualenv setvirtualenvproject mkproject cdproject mktmpenv mkvirtualenv rmvirtualenv lsvirtualenv showvirtualenv workon add2virtualenv cdsitepackages cdvirtualenv lssitepackages toggleglobalsitepackages cpvirtualenv setvirtualenvproject mkproject cdproject mktmpenv', 'CMAKE_PREFIX_PATH': '/home/fetch/catkin_ws/devel:/opt/ros/indigo', 'XDG_RUNTIME_DIR': '/run/user/1000', 'PYTHONPATH': '/home/fetch/catkin_ws/devel/lib/python2.7/dist-packages:/opt/ros/indigo/lib/python2.7/dist-packages', 'ROS_ROOT': '/opt/ros/indigo/share/ros', 'PKG_CONFIG_PATH': '/home/fetch/catkin_ws/devel/lib/pkgconfig:/opt/ros/indigo/lib/pkgconfig', 'ROS_PACKAGE_PATH': '/home/fetch/catkin_ws/src:/opt/ros/indigo/share:/opt/ros/indigo/stacks', 'XDG_SESSION_ID': '1', '_': '/opt/ros/indigo/bin/roscore', 'LD_LIBRARY_PATH': '/home/fetch/catkin_ws/devel/lib:/opt/ros/indigo/lib', 'LS_COLORS': 'rs=0:di=01;34:ln=01;36:mh=00:pi=40;33:so=01;35:do=01;35:bd=40;33;01:cd=40;33;01:or=40;31;01:su=37;41:sg=30;43:ca=30;41:tw=30;42:ow=34;42:st=37;44:ex=01;32:*.tar=01;31:*.tgz=01;31:*.arj=01;31:*.taz=01;31:*.lzh=01;31:*.lzma=01;31:*.tlz=01;31:*.txz=01;31:*.zip=01;31:*.z=01;31:*.Z=01;31:*.dz=01;31:*.gz=01;31:*.lz=01;31:*.xz=01;31:*.bz2=01;31:*.bz=01;31:*.tbz=01;31:*.tbz2=01;31:*.tz=01;31:*.deb=01;31:*.rpm=01;31:*.jar=01;31:*.war=01;31:*.ear=01;31:*.sar=01;31:*.rar=01;31:*.ace=01;31:*.zoo=01;31:*.cpio=01;31:*.7z=01;31:*.rz=01;31:*.jpg=01;35:*.jpeg=01;35:*.gif=01;35:*.bmp=01;35:*.pbm=01;35:*.pgm=01;35:*.ppm=01;35:*.tga=01;35:*.xbm=01;35:*.xpm=01;35:*.tif=01;35:*.tiff=01;35:*.png=01;35:*.svg=01;35:*.svgz=01;35:*.mng=01;35:*.pcx=01;35:*.mov=01;35:*.mpg=01;35:*.mpeg=01;35:*.m2v=01;35:*.mkv=01;35:*.webm=01;35:*.ogm=01;35:*.mp4=01;35:*.m4v=01;35:*.mp4v=01;35:*.vob=01;35:*.qt=01;35:*.nuv=01;35:*.wmv=01;35:*.asf=01;35:*.rm=01;35:*.rmvb=01;35:*.flc=01;35:*.avi=01;35:*.fli=01;35:*.flv=01;35:*.gl=01;35:*.dl=01;35:*.xcf=01;35:*.xwd=01;35:*.yuv=01;35:*.cgm=01;35:*.emf=01;35:*.axv=01;35:*.anx=01;35:*.ogv=01;35:*.ogx=01;35:*.aac=00;36:*.au=00;36:*.flac=00;36:*.mid=00;36:*.midi=00;36:*.mka=00;36:*.mp3=00;36:*.mpc=00;36:*.ogg=00;36:*.ra=00;36:*.wav=00;36:*.axa=00;36:*.oga=00;36:*.spx=00;36:*.xspf=00;36:', 'LESSCLOSE': '/usr/bin/lesspipe %s %s', 'SSH_TTY': '/dev/pts/1', 'ROSLISP_PACKAGE_DIRECTORIES': '/home/fetch/catkin_ws/devel/share/common-lisp', 'PWD': '/home/fetch', 'ROS_ETC_DIR': '/opt/ros/indigo/etc/ros', 'ROS_MASTER_URI': 'http://freight1207:11311/', 'MAIL': '/var/mail/fetch', 'SSH_CONNECTION': '172.22.77.105 50251 172.22.77.172 22'}]
[roslaunch][INFO] 2020-11-03 18:25:05,189: process[rosout-1]: args[[u'/opt/ros/indigo/lib/rosout/rosout', u'__name:=rosout']]
[roslaunch][INFO] 2020-11-03 18:25:05,189: ... created process [rosout-1]
[roslaunch.pmon][INFO] 2020-11-03 18:25:05,189: ProcessMonitor.register[rosout-1]
[roslaunch.pmon][INFO] 2020-11-03 18:25:05,189: ProcessMonitor.register[rosout-1] complete
[roslaunch][INFO] 2020-11-03 18:25:05,189: ... registered process [rosout-1]
[roslaunch][INFO] 2020-11-03 18:25:05,189: process[rosout-1]: starting os process
[roslaunch][INFO] 2020-11-03 18:25:05,189: process[rosout-1]: start w/ args [[u'/opt/ros/indigo/lib/rosout/rosout', u'__name:=rosout', u'__log:=/home/fetch/.ros/log/f30d44de-1e44-11eb-9173-000babe55698/rosout-1.log']]
[roslaunch][INFO] 2020-11-03 18:25:05,190: process[rosout-1]: cwd will be [/home/fetch/.ros]
[roslaunch][INFO] 2020-11-03 18:25:05,191: process[rosout-1]: started with pid [4067]
[roslaunch][INFO] 2020-11-03 18:25:05,191: ... successfully launched [rosout-1]
[roslaunch][INFO] 2020-11-03 18:25:05,191: load_parameters starting ...
[roslaunch][INFO] 2020-11-03 18:25:05,194: ... load_parameters complete
[roslaunch][INFO] 2020-11-03 18:25:05,194: launch_nodes: launching local nodes ...
[roslaunch][INFO] 2020-11-03 18:25:05,194: ... launch_nodes complete
[roslaunch.pmon][INFO] 2020-11-03 18:25:05,194: registrations completed <ProcessMonitor(ProcessMonitor-1, started daemon 140065964791552)>
[roslaunch.parent][INFO] 2020-11-03 18:25:05,194: ... roslaunch parent running, waiting for process exit
[roslaunch][INFO] 2020-11-03 18:25:05,194: spin
[roslaunch.pmon][INFO] 2020-11-03 18:27:19,713: ProcessMonitor.shutdown <ProcessMonitor(ProcessMonitor-1, started daemon 140065964791552)>
[roslaunch.pmon][INFO] 2020-11-03 18:27:19,769: ProcessMonitor._post_run <ProcessMonitor(ProcessMonitor-1, started daemon 140065964791552)>
[roslaunch.pmon][INFO] 2020-11-03 18:27:19,769: ProcessMonitor._post_run <ProcessMonitor(ProcessMonitor-1, started daemon 140065964791552)>: remaining procs are [<roslaunch.nodeprocess.LocalProcess object at 0x7f63a614e510>, <roslaunch.nodeprocess.LocalProcess object at 0x7f63a614ea10>]
[roslaunch.pmon][INFO] 2020-11-03 18:27:19,770: ProcessMonitor exit: killing rosout-1
[roslaunch][INFO] 2020-11-03 18:27:19,771: [rosout-1] killing on exit
[roslaunch][INFO] 2020-11-03 18:27:19,771: process[rosout-1]: killing os process with pid[4067] pgid[4067]
[roslaunch][INFO] 2020-11-03 18:27:19,771: [rosout-1] sending SIGINT to pgid [4067]
[roslaunch][INFO] 2020-11-03 18:27:19,771: [rosout-1] sent SIGINT to pgid [4067]
[roslaunch][INFO] 2020-11-03 18:27:20,071: process[rosout-1]: SIGINT killed with return value 0
[roslaunch.pmon][INFO] 2020-11-03 18:27:20,071: ProcessMonitor exit: killing master
[roslaunch][INFO] 2020-11-03 18:27:20,072: [master] killing on exit
[roslaunch][INFO] 2020-11-03 18:27:20,072: process[master]: killing os process with pid[4054] pgid[4054]
[roslaunch][INFO] 2020-11-03 18:27:20,072: [master] sending SIGINT to pgid [4054]
[roslaunch][INFO] 2020-11-03 18:27:20,072: [master] sent SIGINT to pgid [4054]
[roslaunch][INFO] 2020-11-03 18:27:20,272: process[master]: SIGINT killed with return value 0
[roslaunch.pmon][INFO] 2020-11-03 18:27:20,272: ProcessMonitor exit: cleaning up data structures and signals
[roslaunch.pmon][INFO] 2020-11-03 18:27:20,272: ProcessMonitor exit: pmon has shutdown
[roslaunch][INFO] 2020-11-03 18:27:20,276: process monitor is done spinning, initiating full shutdown
[roslaunch][INFO] 2020-11-03 18:27:20,276: runner.stop()
[roslaunch][INFO] 2020-11-03 18:27:20,276: shutting down processing monitor...
[roslaunch][INFO] 2020-11-03 18:27:20,276: shutting down processing monitor <ProcessMonitor(ProcessMonitor-1, stopped daemon 140065964791552)>
[roslaunch.pmon][INFO] 2020-11-03 18:27:20,276: ProcessMonitor.shutdown <ProcessMonitor(ProcessMonitor-1, stopped daemon 140065964791552)>
[roslaunch][INFO] 2020-11-03 18:27:20,276: ... shutting down processing monitor complete
[roslaunch][INFO] 2020-11-03 18:27:20,277: done
[roslaunch.pmon][INFO] 2020-11-03 18:27:20,277: ProcessMonitor.shutdown <ProcessMonitor(ProcessMonitor-1, stopped daemon 140065964791552)>
[rospy.core][INFO] 2020-11-03 18:27:20,277: signal_shutdown [atexit]
