[0m[ INFO] [1604390521.210064685]: rviz version 1.11.18[0m
[0m[ INFO] [1604390521.210098242]: compiled against Qt version 4.8.6[0m
[0m[ INFO] [1604390521.210105535]: compiled against OGRE version 1.8.1 (Byatis)[0m
[0m[ INFO] [1604390522.271168883]: Stereo is NOT SUPPORTED[0m
[0m[ INFO] [1604390522.271221336]: OpenGl version: 3 (GLSL 1.3).[0m
[33m[ WARN] [1604390592.980089714]: MessageFilter [target=map ]: Discarding message from [/move_base] due to empty frame_id.  This message will only print once.[0m
[33m[ WARN] [1604390592.980182614]: Invalid argument passed to canTransform argument source_frame in tf2 frame_ids cannot be empty[0m
[33m[ WARN] [1604390592.980238900]: Invalid argument passed to canTransform argument source_frame in tf2 frame_ids cannot be empty[0m
[33m[ WARN] [1604390592.980261771]: Invalid argument passed to canTransform argument source_frame in tf2 frame_ids cannot be empty[0m
[33m[ WARN] [1604390592.980277900]: Invalid argument passed to canTransform argument source_frame in tf2 frame_ids cannot be empty[0m
[33m[ WARN] [1604390592.980293620]: Invalid argument passed to canTransform argument source_frame in tf2 frame_ids cannot be empty[0m
[33m[ WARN] [1604390592.980308664]: Invalid argument passed to canTransform argument source_frame in tf2 frame_ids cannot be empty[0m
[33m[ WARN] [1604390592.980323876]: Invalid argument passed to canTransform argument source_frame in tf2 frame_ids cannot be empty[0m
[33m[ WARN] [1604390592.980338150]: Invalid argument passed to canTransform argument source_frame in tf2 frame_ids cannot be empty[0m
[33m[ WARN] [1604390592.980352439]: Invalid argument passed to canTransform argument source_frame in tf2 frame_ids cannot be empty[0m
[33m[ WARN] [1604390592.980368319]: Invalid argument passed to canTransform argument source_frame in tf2 frame_ids cannot be empty[0m
[33m[ WARN] [1604390593.646786177]: Invalid argument passed to canTransform argument source_frame in tf2 frame_ids cannot be empty[0m
[33m[ WARN] [1604390593.646850714]: Invalid argument passed to canTransform argument source_frame in tf2 frame_ids cannot be empty[0m
[33m[ WARN] [1604390593.646876871]: Invalid argument passed to canTransform argument source_frame in tf2 frame_ids cannot be empty[0m
[33m[ WARN] [1604390593.646895515]: Invalid argument passed to canTransform argument source_frame in tf2 frame_ids cannot be empty[0m
[33m[ WARN] [1604390593.646912692]: Invalid argument passed to canTransform argument source_frame in tf2 frame_ids cannot be empty[0m
[33m[ WARN] [1604390593.646949483]: Invalid argument passed to canTransform argument source_frame in tf2 frame_ids cannot be empty[0m
[33m[ WARN] [1604390593.646965407]: Invalid argument passed to canTransform argument source_frame in tf2 frame_ids cannot be empty[0m
[33m[ WARN] [1604390593.647000637]: Invalid argument passed to canTransform argument source_frame in tf2 frame_ids cannot be empty[0m
[33m[ WARN] [1604390593.647017255]: Invalid argument passed to canTransform argument source_frame in tf2 frame_ids cannot be empty[0m
[33m[ WARN] [1604390593.647052917]: Invalid argument passed to canTransform argument source_frame in tf2 frame_ids cannot be empty[0m
[33m[ WARN] [1604390594.286240643]: Invalid argument passed to canTransform argument source_frame in tf2 frame_ids cannot be empty[0m
[33m[ WARN] [1604390594.286300560]: Invalid argument passed to canTransform argument source_frame in tf2 frame_ids cannot be empty[0m
[33m[ WARN] [1604390594.286328761]: Invalid argument passed to canTransform argument source_frame in tf2 frame_ids cannot be empty[0m
[33m[ WARN] [1604390594.286350410]: Invalid argument passed to canTransform argument source_frame in tf2 frame_ids cannot be empty[0m
[33m[ WARN] [1604390594.286368119]: Invalid argument passed to canTransform argument source_frame in tf2 frame_ids cannot be empty[0m
[33m[ WARN] [1604390594.286386807]: Invalid argument passed to canTransform argument source_frame in tf2 frame_ids cannot be empty[0m
[33m[ WARN] [1604390594.286403443]: Invalid argument passed to canTransform argument source_frame in tf2 frame_ids cannot be empty[0m
[33m[ WARN] [1604390594.286450326]: Invalid argument passed to canTransform argument source_frame in tf2 frame_ids cannot be empty[0m
[33m[ WARN] [1604390594.286465673]: Invalid argument passed to canTransform argument source_frame in tf2 frame_ids cannot be empty[0m
[33m[ WARN] [1604390594.286482874]: Invalid argument passed to canTransform argument source_frame in tf2 frame_ids cannot be empty[0m
[33m[ WARN] [1604390594.962565087]: Invalid argument passed to canTransform argument source_frame in tf2 frame_ids cannot be empty[0m
[33m[ WARN] [1604390594.962618597]: Invalid argument passed to canTransform argument source_frame in tf2 frame_ids cannot be empty[0m
[33m[ WARN] [1604390594.962646073]: Invalid argument passed to canTransform argument source_frame in tf2 frame_ids cannot be empty[0m
[33m[ WARN] [1604390594.962666050]: Invalid argument passed to canTransform argument source_frame in tf2 frame_ids cannot be empty[0m
[33m[ WARN] [1604390594.962682293]: Invalid argument passed to canTransform argument source_frame in tf2 frame_ids cannot be empty[0m
[33m[ WARN] [1604390594.962698494]: Invalid argument passed to canTransform argument source_frame in tf2 frame_ids cannot be empty[0m
[33m[ WARN] [1604390594.962713849]: Invalid argument passed to canTransform argument source_frame in tf2 frame_ids cannot be empty[0m
[33m[ WARN] [1604390594.962729504]: Invalid argument passed to canTransform argument source_frame in tf2 frame_ids cannot be empty[0m
[33m[ WARN] [1604390594.962745357]: Invalid argument passed to canTransform argument source_frame in tf2 frame_ids cannot be empty[0m
[33m[ WARN] [1604390594.962759984]: Invalid argument passed to canTransform argument source_frame in tf2 frame_ids cannot be empty[0m
[33m[ WARN] [1604390595.572748720]: Invalid argument passed to canTransform argument source_frame in tf2 frame_ids cannot be empty[0m
[33m[ WARN] [1604390595.572827771]: Invalid argument passed to canTransform argument source_frame in tf2 frame_ids cannot be empty[0m
[33m[ WARN] [1604390595.572935872]: Invalid argument passed to canTransform argument source_frame in tf2 frame_ids cannot be empty[0m
[33m[ WARN] [1604390595.572984173]: Invalid argument passed to canTransform argument source_frame in tf2 frame_ids cannot be empty[0m
[33m[ WARN] [1604390595.573019179]: Invalid argument passed to canTransform argument source_frame in tf2 frame_ids cannot be empty[0m
[33m[ WARN] [1604390595.573106000]: Invalid argument passed to canTransform argument source_frame in tf2 frame_ids cannot be empty[0m
[33m[ WARN] [1604390595.573138292]: Invalid argument passed to canTransform argument source_frame in tf2 frame_ids cannot be empty[0m
[33m[ WARN] [1604390595.573221754]: Invalid argument passed to canTransform argument source_frame in tf2 frame_ids cannot be empty[0m
[33m[ WARN] [1604390595.573310255]: Invalid argument passed to canTransform argument source_frame in tf2 frame_ids cannot be empty[0m
[33m[ WARN] [1604390595.573346174]: Invalid argument passed to canTransform argument source_frame in tf2 frame_ids cannot be empty[0m
[33m[ WARN] [1604390596.176430757]: Invalid argument passed to canTransform argument source_frame in tf2 frame_ids cannot be empty[0m
[33m[ WARN] [1604390596.176491711]: Invalid argument passed to canTransform argument source_frame in tf2 frame_ids cannot be empty[0m
[33m[ WARN] [1604390596.176519770]: Invalid argument passed to canTransform argument source_frame in tf2 frame_ids cannot be empty[0m
[33m[ WARN] [1604390596.176542533]: Invalid argument passed to canTransform argument source_frame in tf2 frame_ids cannot be empty[0m
[33m[ WARN] [1604390596.176559175]: Invalid argument passed to canTransform argument source_frame in tf2 frame_ids cannot be empty[0m
[33m[ WARN] [1604390596.176575784]: Invalid argument passed to canTransform argument source_frame in tf2 frame_ids cannot be empty[0m
[33m[ WARN] [1604390596.176590835]: Invalid argument passed to canTransform argument source_frame in tf2 frame_ids cannot be empty[0m
[33m[ WARN] [1604390596.176630179]: Invalid argument passed to canTransform argument source_frame in tf2 frame_ids cannot be empty[0m
[33m[ WARN] [1604390596.176646145]: Invalid argument passed to canTransform argument source_frame in tf2 frame_ids cannot be empty[0m
[33m[ WARN] [1604390596.176661944]: Invalid argument passed to canTransform argument source_frame in tf2 frame_ids cannot be empty[0m
[33m[ WARN] [1604390596.805046935]: Invalid argument passed to canTransform argument source_frame in tf2 frame_ids cannot be empty[0m
[33m[ WARN] [1604390596.805112112]: Invalid argument passed to canTransform argument source_frame in tf2 frame_ids cannot be empty[0m
[33m[ WARN] [1604390596.805140899]: Invalid argument passed to canTransform argument source_frame in tf2 frame_ids cannot be empty[0m
[33m[ WARN] [1604390596.805162289]: Invalid argument passed to canTransform argument source_frame in tf2 frame_ids cannot be empty[0m
[33m[ WARN] [1604390596.805184786]: Invalid argument passed to canTransform argument source_frame in tf2 frame_ids cannot be empty[0m
[33m[ WARN] [1604390596.805204148]: Invalid argument passed to canTransform argument source_frame in tf2 frame_ids cannot be empty[0m
[33m[ WARN] [1604390596.805223773]: Invalid argument passed to canTransform argument source_frame in tf2 frame_ids cannot be empty[0m
[33m[ WARN] [1604390596.805242017]: Invalid argument passed to canTransform argument source_frame in tf2 frame_ids cannot be empty[0m
[33m[ WARN] [1604390596.805266445]: Invalid argument passed to canTransform argument source_frame in tf2 frame_ids cannot be empty[0m
[33m[ WARN] [1604390596.805284403]: Invalid argument passed to canTransform argument source_frame in tf2 frame_ids cannot be empty[0m
[33m[ WARN] [1604390597.421790547]: Invalid argument passed to canTransform argument source_frame in tf2 frame_ids cannot be empty[0m
[33m[ WARN] [1604390597.421865194]: Invalid argument passed to canTransform argument source_frame in tf2 frame_ids cannot be empty[0m
[33m[ WARN] [1604390597.421903324]: Invalid argument passed to canTransform argument source_frame in tf2 frame_ids cannot be empty[0m
[33m[ WARN] [1604390597.421941860]: Invalid argument passed to canTransform argument source_frame in tf2 frame_ids cannot be empty[0m
[33m[ WARN] [1604390597.421961575]: Invalid argument passed to canTransform argument source_frame in tf2 frame_ids cannot be empty[0m
[33m[ WARN] [1604390597.421979843]: Invalid argument passed to canTransform argument source_frame in tf2 frame_ids cannot be empty[0m
[33m[ WARN] [1604390597.421998127]: Invalid argument passed to canTransform argument source_frame in tf2 frame_ids cannot be empty[0m
[33m[ WARN] [1604390597.422016144]: Invalid argument passed to canTransform argument source_frame in tf2 frame_ids cannot be empty[0m
[33m[ WARN] [1604390597.422033392]: Invalid argument passed to canTransform argument source_frame in tf2 frame_ids cannot be empty[0m
[33m[ WARN] [1604390597.422050497]: Invalid argument passed to canTransform argument source_frame in tf2 frame_ids cannot be empty[0m
[33m[ WARN] [1604390598.017023609]: Invalid argument passed to canTransform argument source_frame in tf2 frame_ids cannot be empty[0m
[33m[ WARN] [1604390598.017087996]: Invalid argument passed to canTransform argument source_frame in tf2 frame_ids cannot be empty[0m
[33m[ WARN] [1604390598.017119041]: Invalid argument passed to canTransform argument source_frame in tf2 frame_ids cannot be empty[0m
[33m[ WARN] [1604390598.017235040]: Invalid argument passed to canTransform argument source_frame in tf2 frame_ids cannot be empty[0m
[33m[ WARN] [1604390598.017261924]: Invalid argument passed to canTransform argument source_frame in tf2 frame_ids cannot be empty[0m
[33m[ WARN] [1604390598.017279646]: Invalid argument passed to canTransform argument source_frame in tf2 frame_ids cannot be empty[0m
[33m[ WARN] [1604390598.017296131]: Invalid argument passed to canTransform argument source_frame in tf2 frame_ids cannot be empty[0m
[33m[ WARN] [1604390598.017330581]: Invalid argument passed to canTransform argument source_frame in tf2 frame_ids cannot be empty[0m
[33m[ WARN] [1604390598.017347683]: Invalid argument passed to canTransform argument source_frame in tf2 frame_ids cannot be empty[0m
[33m[ WARN] [1604390598.017362755]: Invalid argument passed to canTransform argument source_frame in tf2 frame_ids cannot be empty[0m
[33m[ WARN] [1604390598.636782547]: Invalid argument passed to canTransform argument source_frame in tf2 frame_ids cannot be empty[0m
[33m[ WARN] [1604390598.636847322]: Invalid argument passed to canTransform argument source_frame in tf2 frame_ids cannot be empty[0m
[33m[ WARN] [1604390598.636876107]: Invalid argument passed to canTransform argument source_frame in tf2 frame_ids cannot be empty[0m
[33m[ WARN] [1604390598.636897920]: Invalid argument passed to canTransform argument source_frame in tf2 frame_ids cannot be empty[0m
[33m[ WARN] [1604390598.636996018]: Invalid argument passed to canTransform argument source_frame in tf2 frame_ids cannot be empty[0m
[33m[ WARN] [1604390598.637033595]: Invalid argument passed to canTransform argument source_frame in tf2 frame_ids cannot be empty[0m
[33m[ WARN] [1604390598.637053871]: Invalid argument passed to canTransform argument source_frame in tf2 frame_ids cannot be empty[0m
[33m[ WARN] [1604390598.637072239]: Invalid argument passed to canTransform argument source_frame in tf2 frame_ids cannot be empty[0m
[33m[ WARN] [1604390598.637090707]: Invalid argument passed to canTransform argument source_frame in tf2 frame_ids cannot be empty[0m
[33m[ WARN] [1604390598.637108515]: Invalid argument passed to canTransform argument source_frame in tf2 frame_ids cannot be empty[0m
[33m[ WARN] [1604390599.225153915]: Invalid argument passed to canTransform argument source_frame in tf2 frame_ids cannot be empty[0m
[33m[ WARN] [1604390599.225227591]: Invalid argument passed to canTransform argument source_frame in tf2 frame_ids cannot be empty[0m
[33m[ WARN] [1604390599.225264831]: Invalid argument passed to canTransform argument source_frame in tf2 frame_ids cannot be empty[0m
[33m[ WARN] [1604390599.225303818]: Invalid argument passed to canTransform argument source_frame in tf2 frame_ids cannot be empty[0m
[33m[ WARN] [1604390599.225323427]: Invalid argument passed to canTransform argument source_frame in tf2 frame_ids cannot be empty[0m
[33m[ WARN] [1604390599.225341439]: Invalid argument passed to canTransform argument source_frame in tf2 frame_ids cannot be empty[0m
[33m[ WARN] [1604390599.225359496]: Invalid argument passed to canTransform argument source_frame in tf2 frame_ids cannot be empty[0m
[33m[ WARN] [1604390599.225377228]: Invalid argument passed to canTransform argument source_frame in tf2 frame_ids cannot be empty[0m
[33m[ WARN] [1604390599.225394641]: Invalid argument passed to canTransform argument source_frame in tf2 frame_ids cannot be empty[0m
[33m[ WARN] [1604390599.225412603]: Invalid argument passed to canTransform argument source_frame in tf2 frame_ids cannot be empty[0m
[33m[ WARN] [1604390599.835783802]: Invalid argument passed to canTransform argument source_frame in tf2 frame_ids cannot be empty[0m
[33m[ WARN] [1604390599.835841735]: Invalid argument passed to canTransform argument source_frame in tf2 frame_ids cannot be empty[0m
[33m[ WARN] [1604390599.835866056]: Invalid argument passed to canTransform argument source_frame in tf2 frame_ids cannot be empty[0m
[33m[ WARN] [1604390599.835884266]: Invalid argument passed to canTransform argument source_frame in tf2 frame_ids cannot be empty[0m
[33m[ WARN] [1604390599.835900620]: Invalid argument passed to canTransform argument source_frame in tf2 frame_ids cannot be empty[0m
[33m[ WARN] [1604390599.835917020]: Invalid argument passed to canTransform argument source_frame in tf2 frame_ids cannot be empty[0m
[33m[ WARN] [1604390599.835931915]: Invalid argument passed to canTransform argument source_frame in tf2 frame_ids cannot be empty[0m
[33m[ WARN] [1604390599.835976708]: Invalid argument passed to canTransform argument source_frame in tf2 frame_ids cannot be empty[0m
[33m[ WARN] [1604390599.835991499]: Invalid argument passed to canTransform argument source_frame in tf2 frame_ids cannot be empty[0m
[33m[ WARN] [1604390599.836005565]: Invalid argument passed to canTransform argument source_frame in tf2 frame_ids cannot be empty[0m
[33m[ WARN] [1604390600.562845860]: Invalid argument passed to canTransform argument source_frame in tf2 frame_ids cannot be empty[0m
[33m[ WARN] [1604390600.562896667]: Invalid argument passed to canTransform argument source_frame in tf2 frame_ids cannot be empty[0m
[33m[ WARN] [1604390600.562919950]: Invalid argument passed to canTransform argument source_frame in tf2 frame_ids cannot be empty[0m
[33m[ WARN] [1604390600.562937140]: Invalid argument passed to canTransform argument source_frame in tf2 frame_ids cannot be empty[0m
[33m[ WARN] [1604390600.562952954]: Invalid argument passed to canTransform argument source_frame in tf2 frame_ids cannot be empty[0m
[33m[ WARN] [1604390600.562968518]: Invalid argument passed to canTransform argument source_frame in tf2 frame_ids cannot be empty[0m
[33m[ WARN] [1604390600.562982882]: Invalid argument passed to canTransform argument source_frame in tf2 frame_ids cannot be empty[0m
[33m[ WARN] [1604390600.562998311]: Invalid argument passed to canTransform argument source_frame in tf2 frame_ids cannot be empty[0m
[33m[ WARN] [1604390600.563012591]: Invalid argument passed to canTransform argument source_frame in tf2 frame_ids cannot be empty[0m
[33m[ WARN] [1604390600.563027177]: Invalid argument passed to canTransform argument source_frame in tf2 frame_ids cannot be empty[0m
[33m[ WARN] [1604390601.240363692]: Invalid argument passed to canTransform argument source_frame in tf2 frame_ids cannot be empty[0m
[33m[ WARN] [1604390601.240417438]: Invalid argument passed to canTransform argument source_frame in tf2 frame_ids cannot be empty[0m
[33m[ WARN] [1604390601.240444217]: Invalid argument passed to canTransform argument source_frame in tf2 frame_ids cannot be empty[0m
[33m[ WARN] [1604390601.240465290]: Invalid argument passed to canTransform argument source_frame in tf2 frame_ids cannot be empty[0m
[33m[ WARN] [1604390601.240485231]: Invalid argument passed to canTransform argument source_frame in tf2 frame_ids cannot be empty[0m
[33m[ WARN] [1604390601.240504921]: Invalid argument passed to canTransform argument source_frame in tf2 frame_ids cannot be empty[0m
[33m[ WARN] [1604390601.240523213]: Invalid argument passed to canTransform argument source_frame in tf2 frame_ids cannot be empty[0m
[33m[ WARN] [1604390601.240542153]: Invalid argument passed to canTransform argument source_frame in tf2 frame_ids cannot be empty[0m
[33m[ WARN] [1604390601.240559845]: Invalid argument passed to canTransform argument source_frame in tf2 frame_ids cannot be empty[0m
[33m[ WARN] [1604390601.240577394]: Invalid argument passed to canTransform argument source_frame in tf2 frame_ids cannot be empty[0m
[33m[ WARN] [1604390601.851925240]: Invalid argument passed to canTransform argument source_frame in tf2 frame_ids cannot be empty[0m
[33m[ WARN] [1604390601.851980399]: Invalid argument passed to canTransform argument source_frame in tf2 frame_ids cannot be empty[0m
[33m[ WARN] [1604390601.852003537]: Invalid argument passed to canTransform argument source_frame in tf2 frame_ids cannot be empty[0m
[33m[ WARN] [1604390601.852021750]: Invalid argument passed to canTransform argument source_frame in tf2 frame_ids cannot be empty[0m
[33m[ WARN] [1604390601.852038121]: Invalid argument passed to canTransform argument source_frame in tf2 frame_ids cannot be empty[0m
[33m[ WARN] [1604390601.852053611]: Invalid argument passed to canTransform argument source_frame in tf2 frame_ids cannot be empty[0m
[33m[ WARN] [1604390601.852071810]: Invalid argument passed to canTransform argument source_frame in tf2 frame_ids cannot be empty[0m
[33m[ WARN] [1604390601.852128487]: Invalid argument passed to canTransform argument source_frame in tf2 frame_ids cannot be empty[0m
[33m[ WARN] [1604390601.852146406]: Invalid argument passed to canTransform argument source_frame in tf2 frame_ids cannot be empty[0m
[33m[ WARN] [1604390601.852164370]: Invalid argument passed to canTransform argument source_frame in tf2 frame_ids cannot be empty[0m
[33m[ WARN] [1604390602.502016890]: Invalid argument passed to canTransform argument source_frame in tf2 frame_ids cannot be empty[0m
[33m[ WARN] [1604390602.502071726]: Invalid argument passed to canTransform argument source_frame in tf2 frame_ids cannot be empty[0m
[33m[ WARN] [1604390602.502097427]: Invalid argument passed to canTransform argument source_frame in tf2 frame_ids cannot be empty[0m
[33m[ WARN] [1604390602.502117549]: Invalid argument passed to canTransform argument source_frame in tf2 frame_ids cannot be empty[0m
[33m[ WARN] [1604390602.502137548]: Invalid argument passed to canTransform argument source_frame in tf2 frame_ids cannot be empty[0m
[33m[ WARN] [1604390602.502155657]: Invalid argument passed to canTransform argument source_frame in tf2 frame_ids cannot be empty[0m
[33m[ WARN] [1604390602.502173808]: Invalid argument passed to canTransform argument source_frame in tf2 frame_ids cannot be empty[0m
[33m[ WARN] [1604390602.502191155]: Invalid argument passed to canTransform argument source_frame in tf2 frame_ids cannot be empty[0m
[33m[ WARN] [1604390602.502208306]: Invalid argument passed to canTransform argument source_frame in tf2 frame_ids cannot be empty[0m
[33m[ WARN] [1604390602.502225293]: Invalid argument passed to canTransform argument source_frame in tf2 frame_ids cannot be empty[0m
[33m[ WARN] [1604390603.421573776]: Invalid argument passed to canTransform argument source_frame in tf2 frame_ids cannot be empty[0m
[33m[ WARN] [1604390603.421627750]: Invalid argument passed to canTransform argument source_frame in tf2 frame_ids cannot be empty[0m
[33m[ WARN] [1604390603.421652404]: Invalid argument passed to canTransform argument source_frame in tf2 frame_ids cannot be empty[0m
[33m[ WARN] [1604390603.421671764]: Invalid argument passed to canTransform argument source_frame in tf2 frame_ids cannot be empty[0m
[33m[ WARN] [1604390603.421690188]: Invalid argument passed to canTransform argument source_frame in tf2 frame_ids cannot be empty[0m
[33m[ WARN] [1604390603.421707839]: Invalid argument passed to canTransform argument source_frame in tf2 frame_ids cannot be empty[0m
[33m[ WARN] [1604390603.421726216]: Invalid argument passed to canTransform argument source_frame in tf2 frame_ids cannot be empty[0m
[33m[ WARN] [1604390603.421743678]: Invalid argument passed to canTransform argument source_frame in tf2 frame_ids cannot be empty[0m
[33m[ WARN] [1604390603.421761639]: Invalid argument passed to canTransform argument source_frame in tf2 frame_ids cannot be empty[0m
[33m[ WARN] [1604390603.421780049]: Invalid argument passed to canTransform argument source_frame in tf2 frame_ids cannot be empty[0m
[33m[ WARN] [1604390604.212695105]: Invalid argument passed to canTransform argument source_frame in tf2 frame_ids cannot be empty[0m
[33m[ WARN] [1604390604.212737702]: Invalid argument passed to canTransform argument source_frame in tf2 frame_ids cannot be empty[0m
[33m[ WARN] [1604390604.212759395]: Invalid argument passed to canTransform argument source_frame in tf2 frame_ids cannot be empty[0m
[33m[ WARN] [1604390604.212781089]: Invalid argument passed to canTransform argument source_frame in tf2 frame_ids cannot be empty[0m
[33m[ WARN] [1604390604.212800418]: Invalid argument passed to canTransform argument source_frame in tf2 frame_ids cannot be empty[0m
[33m[ WARN] [1604390604.212818090]: Invalid argument passed to canTransform argument source_frame in tf2 frame_ids cannot be empty[0m
[33m[ WARN] [1604390604.212833849]: Invalid argument passed to canTransform argument source_frame in tf2 frame_ids cannot be empty[0m
[33m[ WARN] [1604390604.212874151]: Invalid argument passed to canTransform argument source_frame in tf2 frame_ids cannot be empty[0m
[33m[ WARN] [1604390604.212892583]: Invalid argument passed to canTransform argument source_frame in tf2 frame_ids cannot be empty[0m
[33m[ WARN] [1604390604.212911201]: Invalid argument passed to canTransform argument source_frame in tf2 frame_ids cannot be empty[0m
[33m[ WARN] [1604390622.768379671]: Invalid argument passed to canTransform argument source_frame in tf2 frame_ids cannot be empty[0m
[33m[ WARN] [1604390622.768495844]: Invalid argument passed to canTransform argument source_frame in tf2 frame_ids cannot be empty[0m
[33m[ WARN] [1604390622.768526406]: Invalid argument passed to canTransform argument source_frame in tf2 frame_ids cannot be empty[0m
[33m[ WARN] [1604390622.768548390]: Invalid argument passed to canTransform argument source_frame in tf2 frame_ids cannot be empty[0m
[33m[ WARN] [1604390622.768566850]: Invalid argument passed to canTransform argument source_frame in tf2 frame_ids cannot be empty[0m
[33m[ WARN] [1604390622.768594881]: Invalid argument passed to canTransform argument source_frame in tf2 frame_ids cannot be empty[0m
[33m[ WARN] [1604390622.768613670]: Invalid argument passed to canTransform argument source_frame in tf2 frame_ids cannot be empty[0m
[33m[ WARN] [1604390622.768632714]: Invalid argument passed to canTransform argument source_frame in tf2 frame_ids cannot be empty[0m
[33m[ WARN] [1604390622.768658748]: Invalid argument passed to canTransform argument source_frame in tf2 frame_ids cannot be empty[0m
[33m[ WARN] [1604390622.768678191]: Invalid argument passed to canTransform argument source_frame in tf2 frame_ids cannot be empty[0m
[33m[ WARN] [1604390623.297183339]: Invalid argument passed to canTransform argument source_frame in tf2 frame_ids cannot be empty[0m
[33m[ WARN] [1604390623.297233253]: Invalid argument passed to canTransform argument source_frame in tf2 frame_ids cannot be empty[0m
[33m[ WARN] [1604390623.297262093]: Invalid argument passed to canTransform argument source_frame in tf2 frame_ids cannot be empty[0m
[33m[ WARN] [1604390623.297284614]: Invalid argument passed to canTransform argument source_frame in tf2 frame_ids cannot be empty[0m
[33m[ WARN] [1604390623.297304748]: Invalid argument passed to canTransform argument source_frame in tf2 frame_ids cannot be empty[0m
[33m[ WARN] [1604390623.297324634]: Invalid argument passed to canTransform argument source_frame in tf2 frame_ids cannot be empty[0m
[33m[ WARN] [1604390623.297343604]: Invalid argument passed to canTransform argument source_frame in tf2 frame_ids cannot be empty[0m
[33m[ WARN] [1604390623.297362540]: Invalid argument passed to canTransform argument source_frame in tf2 frame_ids cannot be empty[0m
[33m[ WARN] [1604390623.297380706]: Invalid argument passed to canTransform argument source_frame in tf2 frame_ids cannot be empty[0m
[33m[ WARN] [1604390623.297399978]: Invalid argument passed to canTransform argument source_frame in tf2 frame_ids cannot be empty[0m
[33m[ WARN] [1604390623.797212934]: Invalid argument passed to canTransform argument source_frame in tf2 frame_ids cannot be empty[0m
[33m[ WARN] [1604390623.797273231]: Invalid argument passed to canTransform argument source_frame in tf2 frame_ids cannot be empty[0m
[33m[ WARN] [1604390623.797319039]: Invalid argument passed to canTransform argument source_frame in tf2 frame_ids cannot be empty[0m
[33m[ WARN] [1604390623.797358170]: Invalid argument passed to canTransform argument source_frame in tf2 frame_ids cannot be empty[0m
[33m[ WARN] [1604390623.797379988]: Invalid argument passed to canTransform argument source_frame in tf2 frame_ids cannot be empty[0m
[33m[ WARN] [1604390623.797398883]: Invalid argument passed to canTransform argument source_frame in tf2 frame_ids cannot be empty[0m
[33m[ WARN] [1604390623.797418686]: Invalid argument passed to canTransform argument source_frame in tf2 frame_ids cannot be empty[0m
[33m[ WARN] [1604390623.797436501]: Invalid argument passed to canTransform argument source_frame in tf2 frame_ids cannot be empty[0m
[33m[ WARN] [1604390623.797480828]: Invalid argument passed to canTransform argument source_frame in tf2 frame_ids cannot be empty[0m
[33m[ WARN] [1604390623.797496718]: Invalid argument passed to canTransform argument source_frame in tf2 frame_ids cannot be empty[0m
[33m[ WARN] [1604390624.350619936]: Invalid argument passed to canTransform argument source_frame in tf2 frame_ids cannot be empty[0m
[33m[ WARN] [1604390624.350679506]: Invalid argument passed to canTransform argument source_frame in tf2 frame_ids cannot be empty[0m
[33m[ WARN] [1604390624.350704539]: Invalid argument passed to canTransform argument source_frame in tf2 frame_ids cannot be empty[0m
[33m[ WARN] [1604390624.350728962]: Invalid argument passed to canTransform argument source_frame in tf2 frame_ids cannot be empty[0m
[33m[ WARN] [1604390624.350746251]: Invalid argument passed to canTransform argument source_frame in tf2 frame_ids cannot be empty[0m
[33m[ WARN] [1604390624.350764915]: Invalid argument passed to canTransform argument source_frame in tf2 frame_ids cannot be empty[0m
[33m[ WARN] [1604390624.350784392]: Invalid argument passed to canTransform argument source_frame in tf2 frame_ids cannot be empty[0m
[33m[ WARN] [1604390624.350802767]: Invalid argument passed to canTransform argument source_frame in tf2 frame_ids cannot be empty[0m
[33m[ WARN] [1604390624.350820168]: Invalid argument passed to canTransform argument source_frame in tf2 frame_ids cannot be empty[0m
[33m[ WARN] [1604390624.350855444]: Invalid argument passed to canTransform argument source_frame in tf2 frame_ids cannot be empty[0m
[33m[ WARN] [1604390624.910952637]: Invalid argument passed to canTransform argument source_frame in tf2 frame_ids cannot be empty[0m
[33m[ WARN] [1604390624.910999556]: Invalid argument passed to canTransform argument source_frame in tf2 frame_ids cannot be empty[0m
[33m[ WARN] [1604390624.911025160]: Invalid argument passed to canTransform argument source_frame in tf2 frame_ids cannot be empty[0m
[33m[ WARN] [1604390624.911044674]: Invalid argument passed to canTransform argument source_frame in tf2 frame_ids cannot be empty[0m
[33m[ WARN] [1604390624.911062481]: Invalid argument passed to canTransform argument source_frame in tf2 frame_ids cannot be empty[0m
[33m[ WARN] [1604390624.911080077]: Invalid argument passed to canTransform argument source_frame in tf2 frame_ids cannot be empty[0m
[33m[ WARN] [1604390624.911097768]: Invalid argument passed to canTransform argument source_frame in tf2 frame_ids cannot be empty[0m
[33m[ WARN] [1604390624.911115274]: Invalid argument passed to canTransform argument source_frame in tf2 frame_ids cannot be empty[0m
[33m[ WARN] [1604390624.911133598]: Invalid argument passed to canTransform argument source_frame in tf2 frame_ids cannot be empty[0m
[33m[ WARN] [1604390624.911151137]: Invalid argument passed to canTransform argument source_frame in tf2 frame_ids cannot be empty[0m
[33m[ WARN] [1604390625.490242757]: Invalid argument passed to canTransform argument source_frame in tf2 frame_ids cannot be empty[0m
[33m[ WARN] [1604390625.490297236]: Invalid argument passed to canTransform argument source_frame in tf2 frame_ids cannot be empty[0m
[33m[ WARN] [1604390625.490321269]: Invalid argument passed to canTransform argument source_frame in tf2 frame_ids cannot be empty[0m
[33m[ WARN] [1604390625.490340991]: Invalid argument passed to canTransform argument source_frame in tf2 frame_ids cannot be empty[0m
[33m[ WARN] [1604390625.490360036]: Invalid argument passed to canTransform argument source_frame in tf2 frame_ids cannot be empty[0m
[33m[ WARN] [1604390625.490378622]: Invalid argument passed to canTransform argument source_frame in tf2 frame_ids cannot be empty[0m
[33m[ WARN] [1604390625.490395982]: Invalid argument passed to canTransform argument source_frame in tf2 frame_ids cannot be empty[0m
[33m[ WARN] [1604390625.490414346]: Invalid argument passed to canTransform argument source_frame in tf2 frame_ids cannot be empty[0m
[33m[ WARN] [1604390651.749325673]: Invalid argument passed to canTransform argument source_frame in tf2 frame_ids cannot be empty[0m
[33m[ WARN] [1604390651.749373577]: Invalid argument passed to canTransform argument source_frame in tf2 frame_ids cannot be empty[0m
[33m[ WARN] [1604390651.749398616]: Invalid argument passed to canTransform argument source_frame in tf2 frame_ids cannot be empty[0m
[33m[ WARN] [1604390651.749430049]: Invalid argument passed to canTransform argument source_frame in tf2 frame_ids cannot be empty[0m
[33m[ WARN] [1604390651.749452872]: Invalid argument passed to canTransform argument source_frame in tf2 frame_ids cannot be empty[0m
[33m[ WARN] [1604390651.749472216]: Invalid argument passed to canTransform argument source_frame in tf2 frame_ids cannot be empty[0m
[33m[ WARN] [1604390651.749491113]: Invalid argument passed to canTransform argument source_frame in tf2 frame_ids cannot be empty[0m
[33m[ WARN] [1604390651.749506871]: Invalid argument passed to canTransform argument source_frame in tf2 frame_ids cannot be empty[0m
[33m[ WARN] [1604390651.749522282]: Invalid argument passed to canTransform argument source_frame in tf2 frame_ids cannot be empty[0m
[33m[ WARN] [1604390651.749536643]: Invalid argument passed to canTransform argument source_frame in tf2 frame_ids cannot be empty[0m
[33m[ WARN] [1604390653.327479878]: Invalid argument passed to canTransform argument source_frame in tf2 frame_ids cannot be empty[0m
[33m[ WARN] [1604390653.327536241]: Invalid argument passed to canTransform argument source_frame in tf2 frame_ids cannot be empty[0m
[33m[ WARN] [1604390653.327562176]: Invalid argument passed to canTransform argument source_frame in tf2 frame_ids cannot be empty[0m
[33m[ WARN] [1604390653.327582857]: Invalid argument passed to canTransform argument source_frame in tf2 frame_ids cannot be empty[0m
[33m[ WARN] [1604390653.327602205]: Invalid argument passed to canTransform argument source_frame in tf2 frame_ids cannot be empty[0m
[33m[ WARN] [1604390653.327634746]: Invalid argument passed to canTransform argument source_frame in tf2 frame_ids cannot be empty[0m
[33m[ WARN] [1604390653.327653407]: Invalid argument passed to canTransform argument source_frame in tf2 frame_ids cannot be empty[0m
[33m[ WARN] [1604390653.327668354]: Invalid argument passed to canTransform argument source_frame in tf2 frame_ids cannot be empty[0m
[33m[ WARN] [1604390653.327683508]: Invalid argument passed to canTransform argument source_frame in tf2 frame_ids cannot be empty[0m
[33m[ WARN] [1604390653.327698059]: Invalid argument passed to canTransform argument source_frame in tf2 frame_ids cannot be empty[0m
[33m[ WARN] [1604390655.120121898]: Invalid argument passed to canTransform argument source_frame in tf2 frame_ids cannot be empty[0m
[33m[ WARN] [1604390655.120178117]: Invalid argument passed to canTransform argument source_frame in tf2 frame_ids cannot be empty[0m
[33m[ WARN] [1604390655.120204957]: Invalid argument passed to canTransform argument source_frame in tf2 frame_ids cannot be empty[0m
[33m[ WARN] [1604390655.120227017]: Invalid argument passed to canTransform argument source_frame in tf2 frame_ids cannot be empty[0m
[33m[ WARN] [1604390655.120247328]: Invalid argument passed to canTransform argument source_frame in tf2 frame_ids cannot be empty[0m
[33m[ WARN] [1604390655.120265618]: Invalid argument passed to canTransform argument source_frame in tf2 frame_ids cannot be empty[0m
[33m[ WARN] [1604390655.120284211]: Invalid argument passed to canTransform argument source_frame in tf2 frame_ids cannot be empty[0m
[33m[ WARN] [1604390655.120303109]: Invalid argument passed to canTransform argument source_frame in tf2 frame_ids cannot be empty[0m
[33m[ WARN] [1604390655.120320423]: Invalid argument passed to canTransform argument source_frame in tf2 frame_ids cannot be empty[0m
[33m[ WARN] [1604390655.120337670]: Invalid argument passed to canTransform argument source_frame in tf2 frame_ids cannot be empty[0m
[33m[ WARN] [1604390656.762303817]: Invalid argument passed to canTransform argument source_frame in tf2 frame_ids cannot be empty[0m
[33m[ WARN] [1604390656.762359004]: Invalid argument passed to canTransform argument source_frame in tf2 frame_ids cannot be empty[0m
[33m[ WARN] [1604390656.762384886]: Invalid argument passed to canTransform argument source_frame in tf2 frame_ids cannot be empty[0m
[33m[ WARN] [1604390656.762407003]: Invalid argument passed to canTransform argument source_frame in tf2 frame_ids cannot be empty[0m
[33m[ WARN] [1604390656.762425850]: Invalid argument passed to canTransform argument source_frame in tf2 frame_ids cannot be empty[0m
[33m[ WARN] [1604390656.762444326]: Invalid argument passed to canTransform argument source_frame in tf2 frame_ids cannot be empty[0m
[33m[ WARN] [1604390656.762462159]: Invalid argument passed to canTransform argument source_frame in tf2 frame_ids cannot be empty[0m
[33m[ WARN] [1604390656.762479363]: Invalid argument passed to canTransform argument source_frame in tf2 frame_ids cannot be empty[0m
[33m[ WARN] [1604390656.762497495]: Invalid argument passed to canTransform argument source_frame in tf2 frame_ids cannot be empty[0m
[33m[ WARN] [1604390656.762518734]: Invalid argument passed to canTransform argument source_frame in tf2 frame_ids cannot be empty[0m
[33m[ WARN] [1604390658.597042953]: Invalid argument passed to canTransform argument source_frame in tf2 frame_ids cannot be empty[0m
[33m[ WARN] [1604390658.597098020]: Invalid argument passed to canTransform argument source_frame in tf2 frame_ids cannot be empty[0m
[33m[ WARN] [1604390658.597140358]: Invalid argument passed to canTransform argument source_frame in tf2 frame_ids cannot be empty[0m
[33m[ WARN] [1604390658.597159081]: Invalid argument passed to canTransform argument source_frame in tf2 frame_ids cannot be empty[0m
[33m[ WARN] [1604390658.597177702]: Invalid argument passed to canTransform argument source_frame in tf2 frame_ids cannot be empty[0m
[33m[ WARN] [1604390658.597195344]: Invalid argument passed to canTransform argument source_frame in tf2 frame_ids cannot be empty[0m
[33m[ WARN] [1604390658.597213130]: Invalid argument passed to canTransform argument source_frame in tf2 frame_ids cannot be empty[0m
[33m[ WARN] [1604390658.597230577]: Invalid argument passed to canTransform argument source_frame in tf2 frame_ids cannot be empty[0m
[33m[ WARN] [1604390658.597248657]: Invalid argument passed to canTransform argument source_frame in tf2 frame_ids cannot be empty[0m
[33m[ WARN] [1604390658.597266105]: Invalid argument passed to canTransform argument source_frame in tf2 frame_ids cannot be empty[0m
[33m[ WARN] [1604390661.968541867]: Invalid argument passed to canTransform argument source_frame in tf2 frame_ids cannot be empty[0m
[33m[ WARN] [1604390661.968590053]: Invalid argument passed to canTransform argument source_frame in tf2 frame_ids cannot be empty[0m
[33m[ WARN] [1604390661.968614224]: Invalid argument passed to canTransform argument source_frame in tf2 frame_ids cannot be empty[0m
[33m[ WARN] [1604390661.968633543]: Invalid argument passed to canTransform argument source_frame in tf2 frame_ids cannot be empty[0m
[33m[ WARN] [1604390661.968649557]: Invalid argument passed to canTransform argument source_frame in tf2 frame_ids cannot be empty[0m
[33m[ WARN] [1604390661.968665449]: Invalid argument passed to canTransform argument source_frame in tf2 frame_ids cannot be empty[0m
[33m[ WARN] [1604390661.968680955]: Invalid argument passed to canTransform argument source_frame in tf2 frame_ids cannot be empty[0m
[33m[ WARN] [1604390661.968697998]: Invalid argument passed to canTransform argument source_frame in tf2 frame_ids cannot be empty[0m
[33m[ WARN] [1604390661.968715970]: Invalid argument passed to canTransform argument source_frame in tf2 frame_ids cannot be empty[0m
[33m[ WARN] [1604390661.968733509]: Invalid argument passed to canTransform argument source_frame in tf2 frame_ids cannot be empty[0m
[33m[ WARN] [1604390663.706610438]: Invalid argument passed to canTransform argument source_frame in tf2 frame_ids cannot be empty[0m
[33m[ WARN] [1604390663.706693334]: Invalid argument passed to canTransform argument source_frame in tf2 frame_ids cannot be empty[0m
[33m[ WARN] [1604390663.706716001]: Invalid argument passed to canTransform argument source_frame in tf2 frame_ids cannot be empty[0m
[33m[ WARN] [1604390663.706734620]: Invalid argument passed to canTransform argument source_frame in tf2 frame_ids cannot be empty[0m
[33m[ WARN] [1604390663.706753405]: Invalid argument passed to canTransform argument source_frame in tf2 frame_ids cannot be empty[0m
[33m[ WARN] [1604390663.706768574]: Invalid argument passed to canTransform argument source_frame in tf2 frame_ids cannot be empty[0m
[33m[ WARN] [1604390663.706783667]: Invalid argument passed to canTransform argument source_frame in tf2 frame_ids cannot be empty[0m
[33m[ WARN] [1604390663.706799980]: Invalid argument passed to canTransform argument source_frame in tf2 frame_ids cannot be empty[0m
[33m[ WARN] [1604390663.706816912]: Invalid argument passed to canTransform argument source_frame in tf2 frame_ids cannot be empty[0m
[33m[ WARN] [1604390663.706836268]: Invalid argument passed to canTransform argument source_frame in tf2 frame_ids cannot be empty[0m
