[rospy.client][INFO] 2020-11-05 22:56:27,762: init_node, name[/check_odometry], pid[31726]
[xmlrpc][INFO] 2020-11-05 22:56:27,762: XML-RPC server binding to 0.0.0.0:0
[xmlrpc][INFO] 2020-11-05 22:56:27,762: Started XML-RPC server [http://freight1207:32802/]
[rospy.impl.masterslave][INFO] 2020-11-05 22:56:27,762: _ready: http://freight1207:32802/
[rospy.init][INFO] 2020-11-05 22:56:27,763: ROS Slave URI: [http://freight1207:32802/]
[xmlrpc][INFO] 2020-11-05 22:56:27,763: xml rpc node: starting XML-RPC server
[rospy.registration][INFO] 2020-11-05 22:56:27,763: Registering with master node http://localhost:11311
[rospy.init][INFO] 2020-11-05 22:56:27,863: registered with master
[rospy.rosout][INFO] 2020-11-05 22:56:27,863: initializing /rosout core topic
[rospy.rosout][INFO] 2020-11-05 22:56:27,866: connected to core topic /rosout
[rospy.simtime][INFO] 2020-11-05 22:56:27,867: initializing /clock core topic
[rospy.simtime][INFO] 2020-11-05 22:56:27,868: connected to core topic /clock
[rospy.internal][INFO] 2020-11-05 22:56:27,878: topic[/sound_play/result] adding connection to [http://freight1207:48754/], count 0
[rospy.internal][INFO] 2020-11-05 22:56:27,879: topic[/sound_play/status] adding connection to [http://freight1207:48754/], count 0
[rospy.internal][INFO] 2020-11-05 22:56:27,880: topic[/sound_play/feedback] adding connection to [http://freight1207:48754/], count 0
[rospy.internal][INFO] 2020-11-05 22:56:27,973: topic[/robotsound] adding connection to [/sound_play], count 0
[rospy.internal][INFO] 2020-11-05 22:56:27,974: topic[/sound_play/goal] adding connection to [/sound_play], count 0
[rospy.internal][INFO] 2020-11-05 22:56:27,974: topic[/sound_play/cancel] adding connection to [/sound_play], count 0
[rospy.internal][INFO] 2020-11-05 22:56:28,164: topic[/rosout] adding connection to [/rosout], count 0
[rospy.core][INFO] 2020-11-05 22:56:33,914: signal_shutdown [signal-2]
[rospy.internal][INFO] 2020-11-05 22:56:33,917: topic[/sound_play/cancel] removing connection to /sound_play
[rospy.internal][INFO] 2020-11-05 22:56:33,917: topic[/sound_play/goal] removing connection to /sound_play
[rospy.internal][INFO] 2020-11-05 22:56:33,917: topic[/rosout] removing connection to /rosout
[rospy.internal][INFO] 2020-11-05 22:56:33,917: topic[/robotsound] removing connection to /sound_play
[rospy.internal][INFO] 2020-11-05 22:56:33,918: topic[/sound_play/status] removing connection to http://freight1207:48754/
[rospy.internal][INFO] 2020-11-05 22:56:33,918: topic[/sound_play/feedback] removing connection to http://freight1207:48754/
[rospy.internal][WARNING] 2020-11-05 22:56:33,918: Unknown error initiating TCP/IP socket to freight1207:53809 (http://freight1207:48754/): Traceback (most recent call last):
  File "/opt/ros/indigo/lib/python2.7/dist-packages/rospy/impl/tcpros_base.py", line 557, in connect
    self.read_header()
  File "/opt/ros/indigo/lib/python2.7/dist-packages/rospy/impl/tcpros_base.py", line 619, in read_header
    self._validate_header(read_ros_handshake_header(sock, self.read_buff, self.protocol.buff_size))
AttributeError: 'NoneType' object has no attribute 'buff_size'

[rospy.topics][ERROR] 2020-11-05 22:56:33,918: Traceback (most recent call last):
  File "/opt/ros/indigo/lib/python2.7/dist-packages/rospy/topics.py", line 307, in close
    c.close()
  File "/opt/ros/indigo/lib/python2.7/dist-packages/rospy/impl/tcpros_base.py", line 807, in close
    self.socket.close()
AttributeError: 'NoneType' object has no attribute 'close'

[rospy.internal][INFO] 2020-11-05 22:56:33,919: topic[/sound_play/result] removing connection to http://freight1207:48754/
[rospy.impl.masterslave][INFO] 2020-11-05 22:56:33,919: signal-2
[rospy.core][INFO] 2020-11-05 22:56:34,181: signal_shutdown [atexit]
[rospy.client][INFO] 2020-11-05 23:03:03,725: init_node, name[/check_odometry], pid[2356]
[xmlrpc][INFO] 2020-11-05 23:03:03,725: XML-RPC server binding to 0.0.0.0:0
[xmlrpc][INFO] 2020-11-05 23:03:03,726: Started XML-RPC server [http://freight1207:59092/]
[rospy.init][INFO] 2020-11-05 23:03:03,726: ROS Slave URI: [http://freight1207:59092/]
[rospy.impl.masterslave][INFO] 2020-11-05 23:03:03,726: _ready: http://freight1207:59092/
[xmlrpc][INFO] 2020-11-05 23:03:03,726: xml rpc node: starting XML-RPC server
[rospy.registration][INFO] 2020-11-05 23:03:03,726: Registering with master node http://localhost:11311
[rospy.init][INFO] 2020-11-05 23:03:03,826: registered with master
[rospy.rosout][INFO] 2020-11-05 23:03:03,826: initializing /rosout core topic
[rospy.rosout][INFO] 2020-11-05 23:03:03,828: connected to core topic /rosout
[rospy.simtime][INFO] 2020-11-05 23:03:03,829: initializing /clock core topic
[rospy.simtime][INFO] 2020-11-05 23:03:03,830: connected to core topic /clock
[rospy.internal][INFO] 2020-11-05 23:03:03,841: topic[/sound_play/feedback] adding connection to [http://freight1207:48754/], count 0
[rospy.internal][INFO] 2020-11-05 23:03:03,842: topic[/sound_play/result] adding connection to [http://freight1207:48754/], count 0
[rospy.internal][INFO] 2020-11-05 23:03:03,842: topic[/sound_play/status] adding connection to [http://freight1207:48754/], count 0
[rospy.internal][INFO] 2020-11-05 23:03:03,940: topic[/robotsound] adding connection to [/sound_play], count 0
[rospy.internal][INFO] 2020-11-05 23:03:03,941: topic[/sound_play/cancel] adding connection to [/sound_play], count 0
[rospy.internal][INFO] 2020-11-05 23:03:03,941: topic[/sound_play/goal] adding connection to [/sound_play], count 0
[rospy.internal][INFO] 2020-11-05 23:03:04,117: topic[/rosout] adding connection to [/rosout], count 0
[rospy.core][INFO] 2020-11-05 23:03:16,502: signal_shutdown [signal-2]
[rospy.internal][INFO] 2020-11-05 23:03:16,505: topic[/sound_play/cancel] removing connection to /sound_play
[rospy.internal][INFO] 2020-11-05 23:03:16,505: topic[/sound_play/goal] removing connection to /sound_play
[rospy.internal][INFO] 2020-11-05 23:03:16,505: topic[/rosout] removing connection to /rosout
[rospy.internal][INFO] 2020-11-05 23:03:16,506: topic[/robotsound] removing connection to /sound_play
[rospy.internal][INFO] 2020-11-05 23:03:16,506: topic[/sound_play/status] removing connection to http://freight1207:48754/
[rospy.internal][INFO] 2020-11-05 23:03:16,506: topic[/sound_play/feedback] removing connection to http://freight1207:48754/
[rospy.internal][INFO] 2020-11-05 23:03:16,506: topic[/sound_play/result] removing connection to http://freight1207:48754/
[rospy.impl.masterslave][INFO] 2020-11-05 23:03:16,506: signal-2
[rospy.core][INFO] 2020-11-05 23:03:16,747: signal_shutdown [atexit]
