[rospy.client][INFO] 2020-11-05 22:25:55,479: init_node, name[/rosapi], pid[4989]
[xmlrpc][INFO] 2020-11-05 22:25:55,480: XML-RPC server binding to 0.0.0.0:0
[xmlrpc][INFO] 2020-11-05 22:25:55,480: Started XML-RPC server [http://freight1207:43767/]
[rospy.init][INFO] 2020-11-05 22:25:55,480: ROS Slave URI: [http://freight1207:43767/]
[rospy.impl.masterslave][INFO] 2020-11-05 22:25:55,480: _ready: http://freight1207:43767/
[xmlrpc][INFO] 2020-11-05 22:25:55,481: xml rpc node: starting XML-RPC server
[rospy.registration][INFO] 2020-11-05 22:25:55,481: Registering with master node http://localhost:11311
[rospy.init][INFO] 2020-11-05 22:25:55,580: registered with master
[rospy.rosout][INFO] 2020-11-05 22:25:55,580: initializing /rosout core topic
[rospy.rosout][INFO] 2020-11-05 22:25:55,582: connected to core topic /rosout
[rospy.simtime][INFO] 2020-11-05 22:25:55,583: /use_sim_time is not set, will not subscribe to simulated time [/clock] topic
[rosout][INFO] 2020-11-05 22:25:55,604: Rosapi started
[rospy.internal][INFO] 2020-11-05 22:25:55,808: topic[/rosout] adding connection to [/rosout], count 0
[rospy.core][INFO] 2020-11-05 22:27:36,393: signal_shutdown [signal-2]
[rospy.internal][INFO] 2020-11-05 22:27:36,400: topic[/rosout] removing connection to /rosout
[rospy.impl.masterslave][INFO] 2020-11-05 22:27:36,400: signal-2
[rospy.core][INFO] 2020-11-05 22:27:36,532: signal_shutdown [atexit]
[rospy.client][INFO] 2020-11-05 22:33:40,272: init_node, name[/rosapi], pid[8416]
[xmlrpc][INFO] 2020-11-05 22:33:40,272: XML-RPC server binding to 0.0.0.0:0
[xmlrpc][INFO] 2020-11-05 22:33:40,272: Started XML-RPC server [http://freight1207:55822/]
[rospy.init][INFO] 2020-11-05 22:33:40,272: ROS Slave URI: [http://freight1207:55822/]
[rospy.impl.masterslave][INFO] 2020-11-05 22:33:40,272: _ready: http://freight1207:55822/
[xmlrpc][INFO] 2020-11-05 22:33:40,273: xml rpc node: starting XML-RPC server
[rospy.registration][INFO] 2020-11-05 22:33:40,273: Registering with master node http://localhost:11311
[rospy.init][INFO] 2020-11-05 22:33:40,373: registered with master
[rospy.rosout][INFO] 2020-11-05 22:33:40,373: initializing /rosout core topic
[rospy.rosout][INFO] 2020-11-05 22:33:40,375: connected to core topic /rosout
[rospy.simtime][INFO] 2020-11-05 22:33:40,375: /use_sim_time is not set, will not subscribe to simulated time [/clock] topic
[rosout][INFO] 2020-11-05 22:33:40,398: Rosapi started
[rospy.internal][INFO] 2020-11-05 22:33:40,637: topic[/rosout] adding connection to [/rosout], count 0
[rospy.core][INFO] 2020-11-05 22:48:07,496: signal_shutdown [signal-2]
[rospy.internal][INFO] 2020-11-05 22:48:07,514: topic[/rosout] removing connection to /rosout
[rospy.impl.masterslave][INFO] 2020-11-05 22:48:07,514: signal-2
[rospy.core][INFO] 2020-11-05 22:48:07,622: signal_shutdown [atexit]
[rospy.client][INFO] 2020-11-05 22:52:27,629: init_node, name[/rosapi], pid[24518]
[xmlrpc][INFO] 2020-11-05 22:52:27,629: XML-RPC server binding to 0.0.0.0:0
[xmlrpc][INFO] 2020-11-05 22:52:27,629: Started XML-RPC server [http://freight1207:47869/]
[rospy.init][INFO] 2020-11-05 22:52:27,629: ROS Slave URI: [http://freight1207:47869/]
[rospy.impl.masterslave][INFO] 2020-11-05 22:52:27,629: _ready: http://freight1207:47869/
[xmlrpc][INFO] 2020-11-05 22:52:27,630: xml rpc node: starting XML-RPC server
[rospy.registration][INFO] 2020-11-05 22:52:27,630: Registering with master node http://localhost:11311
[rospy.init][INFO] 2020-11-05 22:52:27,730: registered with master
[rospy.rosout][INFO] 2020-11-05 22:52:27,730: initializing /rosout core topic
[rospy.rosout][INFO] 2020-11-05 22:52:27,731: connected to core topic /rosout
[rospy.simtime][INFO] 2020-11-05 22:52:27,732: initializing /clock core topic
[rospy.simtime][INFO] 2020-11-05 22:52:27,734: connected to core topic /clock
[rosout][INFO] 2020-11-05 22:52:27,763: Rosapi started
[rospy.internal][INFO] 2020-11-05 22:52:27,978: topic[/rosout] adding connection to [/rosout], count 0
[rospy.core][INFO] 2020-11-05 22:54:54,974: signal_shutdown [signal-2]
[rospy.internal][INFO] 2020-11-05 22:54:54,985: topic[/rosout] removing connection to /rosout
[rospy.impl.masterslave][INFO] 2020-11-05 22:54:54,986: signal-2
[rospy.core][INFO] 2020-11-05 22:54:55,087: signal_shutdown [atexit]
