[rospy.client][INFO] 2020-11-05 22:25:55,146: init_node, name[/rosbridge_websocket], pid[4988]
[xmlrpc][INFO] 2020-11-05 22:25:55,147: XML-RPC server binding to 0.0.0.0:0
[xmlrpc][INFO] 2020-11-05 22:25:55,147: Started XML-RPC server [http://freight1207:59415/]
[rospy.init][INFO] 2020-11-05 22:25:55,147: ROS Slave URI: [http://freight1207:59415/]
[rospy.impl.masterslave][INFO] 2020-11-05 22:25:55,147: _ready: http://freight1207:59415/
[xmlrpc][INFO] 2020-11-05 22:25:55,148: xml rpc node: starting XML-RPC server
[rospy.registration][INFO] 2020-11-05 22:25:55,148: Registering with master node http://localhost:11311
[rospy.init][INFO] 2020-11-05 22:25:55,247: registered with master
[rospy.rosout][INFO] 2020-11-05 22:25:55,247: initializing /rosout core topic
[rospy.rosout][INFO] 2020-11-05 22:25:55,249: connected to core topic /rosout
[rospy.simtime][INFO] 2020-11-05 22:25:55,250: /use_sim_time is not set, will not subscribe to simulated time [/clock] topic
[rosout][INFO] 2020-11-05 22:25:55,260: Rosbridge WebSocket server started on port 9090
[rospy.internal][INFO] 2020-11-05 22:25:55,507: topic[/rosout] adding connection to [/rosout], count 0
[rospy.core][INFO] 2020-11-05 22:27:36,393: signal_shutdown [signal-2]
[rospy.internal][INFO] 2020-11-05 22:27:36,395: topic[/rosout] removing connection to /rosout
[rospy.impl.masterslave][INFO] 2020-11-05 22:27:36,395: signal-2
[rospy.core][INFO] 2020-11-05 22:27:36,559: signal_shutdown [atexit]
[rospy.client][INFO] 2020-11-05 22:33:39,926: init_node, name[/rosbridge_websocket], pid[8415]
[xmlrpc][INFO] 2020-11-05 22:33:39,927: XML-RPC server binding to 0.0.0.0:0
[xmlrpc][INFO] 2020-11-05 22:33:39,927: Started XML-RPC server [http://freight1207:51797/]
[rospy.init][INFO] 2020-11-05 22:33:39,927: ROS Slave URI: [http://freight1207:51797/]
[rospy.impl.masterslave][INFO] 2020-11-05 22:33:39,927: _ready: http://freight1207:51797/
[xmlrpc][INFO] 2020-11-05 22:33:39,927: xml rpc node: starting XML-RPC server
[rospy.registration][INFO] 2020-11-05 22:33:39,928: Registering with master node http://localhost:11311
[rospy.init][INFO] 2020-11-05 22:33:40,027: registered with master
[rospy.rosout][INFO] 2020-11-05 22:33:40,027: initializing /rosout core topic
[rospy.rosout][INFO] 2020-11-05 22:33:40,029: connected to core topic /rosout
[rospy.simtime][INFO] 2020-11-05 22:33:40,030: /use_sim_time is not set, will not subscribe to simulated time [/clock] topic
[rosout][INFO] 2020-11-05 22:33:40,048: Rosbridge WebSocket server started on port 9090
[rospy.internal][INFO] 2020-11-05 22:33:40,237: topic[/rosout] adding connection to [/rosout], count 0
[tornado.access][WARNING] 2020-11-05 22:34:43,434: 400 GET / (127.0.0.1) 0.29ms
[tornado.access][WARNING] 2020-11-05 22:34:43,452: 404 GET /favicon.ico (127.0.0.1) 0.25ms
[rospy.core][INFO] 2020-11-05 22:48:07,501: signal_shutdown [signal-2]
[rospy.internal][INFO] 2020-11-05 22:48:07,516: topic[/rosout] removing connection to /rosout
[rospy.impl.masterslave][INFO] 2020-11-05 22:48:07,516: signal-2
[rospy.core][INFO] 2020-11-05 22:48:07,625: signal_shutdown [atexit]
[rospy.client][INFO] 2020-11-05 22:52:27,299: init_node, name[/rosbridge_websocket], pid[24512]
[xmlrpc][INFO] 2020-11-05 22:52:27,299: XML-RPC server binding to 0.0.0.0:0
[xmlrpc][INFO] 2020-11-05 22:52:27,300: Started XML-RPC server [http://freight1207:48964/]
[rospy.impl.masterslave][INFO] 2020-11-05 22:52:27,300: _ready: http://freight1207:48964/
[rospy.init][INFO] 2020-11-05 22:52:27,300: ROS Slave URI: [http://freight1207:48964/]
[xmlrpc][INFO] 2020-11-05 22:52:27,300: xml rpc node: starting XML-RPC server
[rospy.registration][INFO] 2020-11-05 22:52:27,301: Registering with master node http://localhost:11311
[rospy.init][INFO] 2020-11-05 22:52:27,400: registered with master
[rospy.rosout][INFO] 2020-11-05 22:52:27,400: initializing /rosout core topic
[rospy.rosout][INFO] 2020-11-05 22:52:27,402: connected to core topic /rosout
[rospy.simtime][INFO] 2020-11-05 22:52:27,403: initializing /clock core topic
[rospy.simtime][INFO] 2020-11-05 22:52:27,405: connected to core topic /clock
[rosout][INFO] 2020-11-05 22:52:27,418: Rosbridge WebSocket server started on port 9090
[rospy.internal][INFO] 2020-11-05 22:52:27,681: topic[/rosout] adding connection to [/rosout], count 0
[rospy.core][INFO] 2020-11-05 22:54:54,982: signal_shutdown [signal-2]
[rospy.internal][INFO] 2020-11-05 22:54:54,987: topic[/rosout] removing connection to /rosout
[rospy.impl.masterslave][INFO] 2020-11-05 22:54:54,987: signal-2
[rospy.core][INFO] 2020-11-05 22:54:55,119: signal_shutdown [atexit]
