[roslaunch][INFO] 2020-11-05 22:47:49,880: Checking log directory for disk usage. This may take awhile.
Press Ctrl-C to interrupt
[roslaunch][INFO] 2020-11-05 22:47:49,884: Done checking log file disk usage. Usage is <1GB.
[roslaunch][INFO] 2020-11-05 22:47:49,884: roslaunch starting with args ['/opt/ros/indigo/bin/roslaunch', 'fetch_navigation', 'freight_nav.launch']
[roslaunch][INFO] 2020-11-05 22:47:49,884: roslaunch env is {'ROS_DISTRO': 'indigo', 'NVM_CD_FLAGS': '', 'LESSOPEN': '| /usr/bin/lesspipe %s', 'SSH_CLIENT': '172.22.77.105 51465 22', 'CPATH': '/home/fetch/catkin_ws/devel/include:/opt/ros/indigo/include', 'LOGNAME': 'fetch', 'USER': 'fetch', 'NVM_DIR': '/home/fetch/.nvm', 'HOME': '/home/fetch', 'PATH': '/home/fetch/.nvm/versions/node/v10.15.3/bin:/opt/ros/indigo/bin:/usr/local/sbin:/usr/local/bin:/usr/sbin:/usr/bin:/sbin:/bin:/usr/games:/usr/local/games', 'VIRTUALENVWRAPPER_SCRIPT': '/usr/share/virtualenvwrapper/virtualenvwrapper.sh', 'LD_LIBRARY_PATH': '/home/fetch/catkin_ws/devel/lib:/opt/ros/indigo/lib', 'LANG': 'en_US.UTF-8', 'TERM': 'xterm-256color', 'SHELL': '/bin/bash', 'ROS_LOG_FILENAME': '/home/fetch/.ros/log/689f4422-1ff8-11eb-a56e-000babe55698/roslaunch-freight1207-14102.log', 'SHLVL': '1', 'QT_QPA_PLATFORMTHEME': 'appmenu-qt5', 'ROS_ETC_DIR': '/opt/ros/indigo/etc/ros', 'DISPLAY': 'localhost:15.0', 'NVM_BIN': '/home/fetch/.nvm/versions/node/v10.15.3/bin', '_VIRTUALENVWRAPPER_API': ' mkvirtualenv rmvirtualenv lsvirtualenv showvirtualenv workon add2virtualenv cdsitepackages cdvirtualenv lssitepackages toggleglobalsitepackages cpvirtualenv setvirtualenvproject mkproject cdproject mktmpenv mkvirtualenv rmvirtualenv lsvirtualenv showvirtualenv workon add2virtualenv cdsitepackages cdvirtualenv lssitepackages toggleglobalsitepackages cpvirtualenv setvirtualenvproject mkproject cdproject mktmpenv', 'CMAKE_PREFIX_PATH': '/home/fetch/catkin_ws/devel:/opt/ros/indigo', 'XDG_RUNTIME_DIR': '/run/user/1000', 'PYTHONPATH': '/home/fetch/catkin_ws/devel/lib/python2.7/dist-packages:/opt/ros/indigo/lib/python2.7/dist-packages', 'ROS_ROOT': '/opt/ros/indigo/share/ros', 'PKG_CONFIG_PATH': '/home/fetch/catkin_ws/devel/lib/pkgconfig:/opt/ros/indigo/lib/pkgconfig', 'ROS_PACKAGE_PATH': '/home/fetch/catkin_ws/src:/opt/ros/indigo/share:/opt/ros/indigo/stacks', 'XDG_SESSION_ID': '6', '_': '/opt/ros/indigo/bin/roslaunch', 'SSH_CONNECTION': '172.22.77.105 51465 172.22.77.172 22', 'LESSCLOSE': '/usr/bin/lesspipe %s %s', 'SSH_TTY': '/dev/pts/33', 'ROSLISP_PACKAGE_DIRECTORIES': '/home/fetch/catkin_ws/devel/share/common-lisp', 'PWD': '/home/fetch', 'ROS_MASTER_URI': 'http://localhost:11311', 'MAIL': '/var/mail/fetch', 'LS_COLORS': 'rs=0:di=01;34:ln=01;36:mh=00:pi=40;33:so=01;35:do=01;35:bd=40;33;01:cd=40;33;01:or=40;31;01:su=37;41:sg=30;43:ca=30;41:tw=30;42:ow=34;42:st=37;44:ex=01;32:*.tar=01;31:*.tgz=01;31:*.arj=01;31:*.taz=01;31:*.lzh=01;31:*.lzma=01;31:*.tlz=01;31:*.txz=01;31:*.zip=01;31:*.z=01;31:*.Z=01;31:*.dz=01;31:*.gz=01;31:*.lz=01;31:*.xz=01;31:*.bz2=01;31:*.bz=01;31:*.tbz=01;31:*.tbz2=01;31:*.tz=01;31:*.deb=01;31:*.rpm=01;31:*.jar=01;31:*.war=01;31:*.ear=01;31:*.sar=01;31:*.rar=01;31:*.ace=01;31:*.zoo=01;31:*.cpio=01;31:*.7z=01;31:*.rz=01;31:*.jpg=01;35:*.jpeg=01;35:*.gif=01;35:*.bmp=01;35:*.pbm=01;35:*.pgm=01;35:*.ppm=01;35:*.tga=01;35:*.xbm=01;35:*.xpm=01;35:*.tif=01;35:*.tiff=01;35:*.png=01;35:*.svg=01;35:*.svgz=01;35:*.mng=01;35:*.pcx=01;35:*.mov=01;35:*.mpg=01;35:*.mpeg=01;35:*.m2v=01;35:*.mkv=01;35:*.webm=01;35:*.ogm=01;35:*.mp4=01;35:*.m4v=01;35:*.mp4v=01;35:*.vob=01;35:*.qt=01;35:*.nuv=01;35:*.wmv=01;35:*.asf=01;35:*.rm=01;35:*.rmvb=01;35:*.flc=01;35:*.avi=01;35:*.fli=01;35:*.flv=01;35:*.gl=01;35:*.dl=01;35:*.xcf=01;35:*.xwd=01;35:*.yuv=01;35:*.cgm=01;35:*.emf=01;35:*.axv=01;35:*.anx=01;35:*.ogv=01;35:*.ogx=01;35:*.aac=00;36:*.au=00;36:*.flac=00;36:*.mid=00;36:*.midi=00;36:*.mka=00;36:*.mp3=00;36:*.mpc=00;36:*.ogg=00;36:*.ra=00;36:*.wav=00;36:*.axa=00;36:*.oga=00;36:*.spx=00;36:*.xspf=00;36:'}
[roslaunch][INFO] 2020-11-05 22:47:49,884: starting in server mode
[roslaunch.parent][INFO] 2020-11-05 22:47:49,884: starting roslaunch parent run
[roslaunch][INFO] 2020-11-05 22:47:49,884: loading roscore config file /opt/ros/indigo/etc/ros/roscore.xml
[roslaunch][INFO] 2020-11-05 22:47:49,958: Added core node of type [rosout/rosout] in namespace [/]
[roslaunch.config][INFO] 2020-11-05 22:47:49,958: loading config file /opt/ros/indigo/share/fetch_navigation/launch/freight_nav.launch
[roslaunch][INFO] 2020-11-05 22:47:49,995: Added node of type [map_server/map_server] in namespace [/]
[roslaunch][INFO] 2020-11-05 22:47:49,995: Added node of type [rviz/rviz] in namespace [/]
[roslaunch][INFO] 2020-11-05 22:47:50,001: Added node of type [amcl/amcl] in namespace [/]
[roslaunch][INFO] 2020-11-05 22:47:50,019: Added node of type [move_base/move_base] in namespace [/]
[roslaunch][INFO] 2020-11-05 22:47:50,019: ... selected machine [] for node of type [map_server/map_server]
[roslaunch][INFO] 2020-11-05 22:47:50,019: ... selected machine [] for node of type [rviz/rviz]
[roslaunch][INFO] 2020-11-05 22:47:50,019: ... selected machine [] for node of type [amcl/amcl]
[roslaunch][INFO] 2020-11-05 22:47:50,019: ... selected machine [] for node of type [move_base/move_base]
[roslaunch.pmon][INFO] 2020-11-05 22:47:50,019: start_process_monitor: creating ProcessMonitor
[roslaunch.pmon][INFO] 2020-11-05 22:47:50,020: created process monitor <ProcessMonitor(ProcessMonitor-1, initial daemon)>
[roslaunch.pmon][INFO] 2020-11-05 22:47:50,020: start_process_monitor: ProcessMonitor started
[roslaunch.parent][INFO] 2020-11-05 22:47:50,020: starting parent XML-RPC server
[roslaunch.server][INFO] 2020-11-05 22:47:50,020: starting roslaunch XML-RPC server
[roslaunch.server][INFO] 2020-11-05 22:47:50,020: waiting for roslaunch XML-RPC server to initialize
[xmlrpc][INFO] 2020-11-05 22:47:50,020: XML-RPC server binding to 0.0.0.0:0
[xmlrpc][INFO] 2020-11-05 22:47:50,020: Started XML-RPC server [http://freight1207:39942/]
[xmlrpc][INFO] 2020-11-05 22:47:50,020: xml rpc node: starting XML-RPC server
[roslaunch][INFO] 2020-11-05 22:47:50,031: started roslaunch server http://freight1207:39942/
[roslaunch.parent][INFO] 2020-11-05 22:47:50,031: ... parent XML-RPC server started
[roslaunch][INFO] 2020-11-05 22:47:50,032: master.is_running[http://localhost:11311]
[roslaunch][INFO] 2020-11-05 22:47:50,033: master.is_running[http://localhost:11311]
[roslaunch][INFO] 2020-11-05 22:47:50,034: ROS_MASTER_URI=http://localhost:11311
[roslaunch][INFO] 2020-11-05 22:47:50,035: setting /roslaunch/uris/host_freight1207__39942' to http://freight1207:39942/
[roslaunch][INFO] 2020-11-05 22:47:50,037: load_parameters starting ...
[roslaunch][INFO] 2020-11-05 22:47:50,073: ... load_parameters complete
[roslaunch][INFO] 2020-11-05 22:47:50,074: launch_nodes: launching local nodes ...
[roslaunch][INFO] 2020-11-05 22:47:50,074: ... preparing to launch node of type [map_server/map_server]
[roslaunch][INFO] 2020-11-05 22:47:50,074: create_node_process: package[map_server] type[map_server] machine[Machine(name[] env_loader[None] address[localhost] ssh_port[22] user[None] assignable[True] timeout[10.0])] master_uri[http://localhost:11311]
[roslaunch][INFO] 2020-11-05 22:47:50,074: process[map_server-1]: env[{'ROS_DISTRO': 'indigo', 'NVM_CD_FLAGS': '', 'LESSOPEN': '| /usr/bin/lesspipe %s', 'SSH_CLIENT': '172.22.77.105 51465 22', 'CPATH': '/home/fetch/catkin_ws/devel/include:/opt/ros/indigo/include', 'LOGNAME': 'fetch', 'USER': 'fetch', 'NVM_DIR': '/home/fetch/.nvm', 'HOME': '/home/fetch', 'PATH': '/home/fetch/.nvm/versions/node/v10.15.3/bin:/opt/ros/indigo/bin:/usr/local/sbin:/usr/local/bin:/usr/sbin:/usr/bin:/sbin:/bin:/usr/games:/usr/local/games', 'VIRTUALENVWRAPPER_SCRIPT': '/usr/share/virtualenvwrapper/virtualenvwrapper.sh', 'ROS_LOG_FILENAME': '/home/fetch/.ros/log/689f4422-1ff8-11eb-a56e-000babe55698/roslaunch-freight1207-14102.log', 'LANG': 'en_US.UTF-8', 'TERM': 'xterm-256color', 'SHELL': '/bin/bash', 'SHLVL': '1', 'QT_QPA_PLATFORMTHEME': 'appmenu-qt5', 'DISPLAY': 'localhost:15.0', 'NVM_BIN': '/home/fetch/.nvm/versions/node/v10.15.3/bin', '_VIRTUALENVWRAPPER_API': ' mkvirtualenv rmvirtualenv lsvirtualenv showvirtualenv workon add2virtualenv cdsitepackages cdvirtualenv lssitepackages toggleglobalsitepackages cpvirtualenv setvirtualenvproject mkproject cdproject mktmpenv mkvirtualenv rmvirtualenv lsvirtualenv showvirtualenv workon add2virtualenv cdsitepackages cdvirtualenv lssitepackages toggleglobalsitepackages cpvirtualenv setvirtualenvproject mkproject cdproject mktmpenv', 'CMAKE_PREFIX_PATH': '/home/fetch/catkin_ws/devel:/opt/ros/indigo', 'XDG_RUNTIME_DIR': '/run/user/1000', 'PYTHONPATH': '/home/fetch/catkin_ws/devel/lib/python2.7/dist-packages:/opt/ros/indigo/lib/python2.7/dist-packages', 'ROS_ROOT': '/opt/ros/indigo/share/ros', 'PKG_CONFIG_PATH': '/home/fetch/catkin_ws/devel/lib/pkgconfig:/opt/ros/indigo/lib/pkgconfig', 'ROS_PACKAGE_PATH': '/home/fetch/catkin_ws/src:/opt/ros/indigo/share:/opt/ros/indigo/stacks', 'XDG_SESSION_ID': '6', '_': '/opt/ros/indigo/bin/roslaunch', 'LD_LIBRARY_PATH': '/home/fetch/catkin_ws/devel/lib:/opt/ros/indigo/lib', 'LS_COLORS': 'rs=0:di=01;34:ln=01;36:mh=00:pi=40;33:so=01;35:do=01;35:bd=40;33;01:cd=40;33;01:or=40;31;01:su=37;41:sg=30;43:ca=30;41:tw=30;42:ow=34;42:st=37;44:ex=01;32:*.tar=01;31:*.tgz=01;31:*.arj=01;31:*.taz=01;31:*.lzh=01;31:*.lzma=01;31:*.tlz=01;31:*.txz=01;31:*.zip=01;31:*.z=01;31:*.Z=01;31:*.dz=01;31:*.gz=01;31:*.lz=01;31:*.xz=01;31:*.bz2=01;31:*.bz=01;31:*.tbz=01;31:*.tbz2=01;31:*.tz=01;31:*.deb=01;31:*.rpm=01;31:*.jar=01;31:*.war=01;31:*.ear=01;31:*.sar=01;31:*.rar=01;31:*.ace=01;31:*.zoo=01;31:*.cpio=01;31:*.7z=01;31:*.rz=01;31:*.jpg=01;35:*.jpeg=01;35:*.gif=01;35:*.bmp=01;35:*.pbm=01;35:*.pgm=01;35:*.ppm=01;35:*.tga=01;35:*.xbm=01;35:*.xpm=01;35:*.tif=01;35:*.tiff=01;35:*.png=01;35:*.svg=01;35:*.svgz=01;35:*.mng=01;35:*.pcx=01;35:*.mov=01;35:*.mpg=01;35:*.mpeg=01;35:*.m2v=01;35:*.mkv=01;35:*.webm=01;35:*.ogm=01;35:*.mp4=01;35:*.m4v=01;35:*.mp4v=01;35:*.vob=01;35:*.qt=01;35:*.nuv=01;35:*.wmv=01;35:*.asf=01;35:*.rm=01;35:*.rmvb=01;35:*.flc=01;35:*.avi=01;35:*.fli=01;35:*.flv=01;35:*.gl=01;35:*.dl=01;35:*.xcf=01;35:*.xwd=01;35:*.yuv=01;35:*.cgm=01;35:*.emf=01;35:*.axv=01;35:*.anx=01;35:*.ogv=01;35:*.ogx=01;35:*.aac=00;36:*.au=00;36:*.flac=00;36:*.mid=00;36:*.midi=00;36:*.mka=00;36:*.mp3=00;36:*.mpc=00;36:*.ogg=00;36:*.ra=00;36:*.wav=00;36:*.axa=00;36:*.oga=00;36:*.spx=00;36:*.xspf=00;36:', 'LESSCLOSE': '/usr/bin/lesspipe %s %s', 'SSH_TTY': '/dev/pts/33', 'ROSLISP_PACKAGE_DIRECTORIES': '/home/fetch/catkin_ws/devel/share/common-lisp', 'PWD': '/home/fetch', 'ROS_ETC_DIR': '/opt/ros/indigo/etc/ros', 'ROS_MASTER_URI': 'http://localhost:11311', 'MAIL': '/var/mail/fetch', 'SSH_CONNECTION': '172.22.77.105 51465 172.22.77.172 22'}]
[roslaunch][INFO] 2020-11-05 22:47:50,111: process[map_server-1]: args[[u'/opt/ros/indigo/lib/map_server/map_server', '/home/fetch/final_map.yaml', u'__name:=map_server']]
[roslaunch][INFO] 2020-11-05 22:47:50,111: ... created process [map_server-1]
[roslaunch.pmon][INFO] 2020-11-05 22:47:50,111: ProcessMonitor.register[map_server-1]
[roslaunch.pmon][INFO] 2020-11-05 22:47:50,111: ProcessMonitor.register[map_server-1] complete
[roslaunch][INFO] 2020-11-05 22:47:50,111: ... registered process [map_server-1]
[roslaunch][INFO] 2020-11-05 22:47:50,111: process[map_server-1]: starting os process
[roslaunch][INFO] 2020-11-05 22:47:50,111: process[map_server-1]: start w/ args [[u'/opt/ros/indigo/lib/map_server/map_server', '/home/fetch/final_map.yaml', u'__name:=map_server', u'__log:=/home/fetch/.ros/log/689f4422-1ff8-11eb-a56e-000babe55698/map_server-1.log']]
[roslaunch][INFO] 2020-11-05 22:47:50,111: process[map_server-1]: cwd will be [/home/fetch/.ros]
[roslaunch][INFO] 2020-11-05 22:47:50,113: process[map_server-1]: started with pid [14445]
[roslaunch][INFO] 2020-11-05 22:47:50,113: ... successfully launched [map_server-1]
[roslaunch][INFO] 2020-11-05 22:47:50,113: ... preparing to launch node of type [rviz/rviz]
[roslaunch][INFO] 2020-11-05 22:47:50,113: create_node_process: package[rviz] type[rviz] machine[Machine(name[] env_loader[None] address[localhost] ssh_port[22] user[None] assignable[True] timeout[10.0])] master_uri[http://localhost:11311]
[roslaunch][INFO] 2020-11-05 22:47:50,113: process[rviz-2]: env[{'ROS_DISTRO': 'indigo', 'NVM_CD_FLAGS': '', 'LESSOPEN': '| /usr/bin/lesspipe %s', 'SSH_CLIENT': '172.22.77.105 51465 22', 'CPATH': '/home/fetch/catkin_ws/devel/include:/opt/ros/indigo/include', 'LOGNAME': 'fetch', 'USER': 'fetch', 'NVM_DIR': '/home/fetch/.nvm', 'HOME': '/home/fetch', 'PATH': '/home/fetch/.nvm/versions/node/v10.15.3/bin:/opt/ros/indigo/bin:/usr/local/sbin:/usr/local/bin:/usr/sbin:/usr/bin:/sbin:/bin:/usr/games:/usr/local/games', 'VIRTUALENVWRAPPER_SCRIPT': '/usr/share/virtualenvwrapper/virtualenvwrapper.sh', 'ROS_LOG_FILENAME': '/home/fetch/.ros/log/689f4422-1ff8-11eb-a56e-000babe55698/roslaunch-freight1207-14102.log', 'LANG': 'en_US.UTF-8', 'TERM': 'xterm-256color', 'SHELL': '/bin/bash', 'SHLVL': '1', 'QT_QPA_PLATFORMTHEME': 'appmenu-qt5', 'DISPLAY': 'localhost:15.0', 'NVM_BIN': '/home/fetch/.nvm/versions/node/v10.15.3/bin', '_VIRTUALENVWRAPPER_API': ' mkvirtualenv rmvirtualenv lsvirtualenv showvirtualenv workon add2virtualenv cdsitepackages cdvirtualenv lssitepackages toggleglobalsitepackages cpvirtualenv setvirtualenvproject mkproject cdproject mktmpenv mkvirtualenv rmvirtualenv lsvirtualenv showvirtualenv workon add2virtualenv cdsitepackages cdvirtualenv lssitepackages toggleglobalsitepackages cpvirtualenv setvirtualenvproject mkproject cdproject mktmpenv', 'CMAKE_PREFIX_PATH': '/home/fetch/catkin_ws/devel:/opt/ros/indigo', 'XDG_RUNTIME_DIR': '/run/user/1000', 'PYTHONPATH': '/home/fetch/catkin_ws/devel/lib/python2.7/dist-packages:/opt/ros/indigo/lib/python2.7/dist-packages', 'ROS_ROOT': '/opt/ros/indigo/share/ros', 'PKG_CONFIG_PATH': '/home/fetch/catkin_ws/devel/lib/pkgconfig:/opt/ros/indigo/lib/pkgconfig', 'ROS_PACKAGE_PATH': '/home/fetch/catkin_ws/src:/opt/ros/indigo/share:/opt/ros/indigo/stacks', 'XDG_SESSION_ID': '6', '_': '/opt/ros/indigo/bin/roslaunch', 'LD_LIBRARY_PATH': '/home/fetch/catkin_ws/devel/lib:/opt/ros/indigo/lib', 'LS_COLORS': 'rs=0:di=01;34:ln=01;36:mh=00:pi=40;33:so=01;35:do=01;35:bd=40;33;01:cd=40;33;01:or=40;31;01:su=37;41:sg=30;43:ca=30;41:tw=30;42:ow=34;42:st=37;44:ex=01;32:*.tar=01;31:*.tgz=01;31:*.arj=01;31:*.taz=01;31:*.lzh=01;31:*.lzma=01;31:*.tlz=01;31:*.txz=01;31:*.zip=01;31:*.z=01;31:*.Z=01;31:*.dz=01;31:*.gz=01;31:*.lz=01;31:*.xz=01;31:*.bz2=01;31:*.bz=01;31:*.tbz=01;31:*.tbz2=01;31:*.tz=01;31:*.deb=01;31:*.rpm=01;31:*.jar=01;31:*.war=01;31:*.ear=01;31:*.sar=01;31:*.rar=01;31:*.ace=01;31:*.zoo=01;31:*.cpio=01;31:*.7z=01;31:*.rz=01;31:*.jpg=01;35:*.jpeg=01;35:*.gif=01;35:*.bmp=01;35:*.pbm=01;35:*.pgm=01;35:*.ppm=01;35:*.tga=01;35:*.xbm=01;35:*.xpm=01;35:*.tif=01;35:*.tiff=01;35:*.png=01;35:*.svg=01;35:*.svgz=01;35:*.mng=01;35:*.pcx=01;35:*.mov=01;35:*.mpg=01;35:*.mpeg=01;35:*.m2v=01;35:*.mkv=01;35:*.webm=01;35:*.ogm=01;35:*.mp4=01;35:*.m4v=01;35:*.mp4v=01;35:*.vob=01;35:*.qt=01;35:*.nuv=01;35:*.wmv=01;35:*.asf=01;35:*.rm=01;35:*.rmvb=01;35:*.flc=01;35:*.avi=01;35:*.fli=01;35:*.flv=01;35:*.gl=01;35:*.dl=01;35:*.xcf=01;35:*.xwd=01;35:*.yuv=01;35:*.cgm=01;35:*.emf=01;35:*.axv=01;35:*.anx=01;35:*.ogv=01;35:*.ogx=01;35:*.aac=00;36:*.au=00;36:*.flac=00;36:*.mid=00;36:*.midi=00;36:*.mka=00;36:*.mp3=00;36:*.mpc=00;36:*.ogg=00;36:*.ra=00;36:*.wav=00;36:*.axa=00;36:*.oga=00;36:*.spx=00;36:*.xspf=00;36:', 'LESSCLOSE': '/usr/bin/lesspipe %s %s', 'SSH_TTY': '/dev/pts/33', 'ROSLISP_PACKAGE_DIRECTORIES': '/home/fetch/catkin_ws/devel/share/common-lisp', 'PWD': '/home/fetch', 'ROS_ETC_DIR': '/opt/ros/indigo/etc/ros', 'ROS_MASTER_URI': 'http://localhost:11311', 'MAIL': '/var/mail/fetch', 'SSH_CONNECTION': '172.22.77.105 51465 172.22.77.172 22'}]
[roslaunch][INFO] 2020-11-05 22:47:50,115: process[rviz-2]: args[[u'/opt/ros/indigo/lib/rviz/rviz', '/opt/ros/indigo/share/fetch_navigation/config/navigation.rviz', u'__name:=rviz']]
[roslaunch][INFO] 2020-11-05 22:47:50,115: ... created process [rviz-2]
[roslaunch.pmon][INFO] 2020-11-05 22:47:50,115: ProcessMonitor.register[rviz-2]
[roslaunch.pmon][INFO] 2020-11-05 22:47:50,115: ProcessMonitor.register[rviz-2] complete
[roslaunch][INFO] 2020-11-05 22:47:50,115: ... registered process [rviz-2]
[roslaunch][INFO] 2020-11-05 22:47:50,116: process[rviz-2]: starting os process
[roslaunch][INFO] 2020-11-05 22:47:50,116: process[rviz-2]: start w/ args [[u'/opt/ros/indigo/lib/rviz/rviz', '/opt/ros/indigo/share/fetch_navigation/config/navigation.rviz', u'__name:=rviz', u'__log:=/home/fetch/.ros/log/689f4422-1ff8-11eb-a56e-000babe55698/rviz-2.log']]
[roslaunch][INFO] 2020-11-05 22:47:50,116: process[rviz-2]: cwd will be [/home/fetch/.ros]
[roslaunch][INFO] 2020-11-05 22:47:50,117: process[rviz-2]: started with pid [14446]
[roslaunch][INFO] 2020-11-05 22:47:50,118: ... successfully launched [rviz-2]
[roslaunch][INFO] 2020-11-05 22:47:50,118: ... preparing to launch node of type [amcl/amcl]
[roslaunch][INFO] 2020-11-05 22:47:50,118: create_node_process: package[amcl] type[amcl] machine[Machine(name[] env_loader[None] address[localhost] ssh_port[22] user[None] assignable[True] timeout[10.0])] master_uri[http://localhost:11311]
[roslaunch][INFO] 2020-11-05 22:47:50,118: process[amcl-3]: env[{'ROS_DISTRO': 'indigo', 'NVM_CD_FLAGS': '', 'LESSOPEN': '| /usr/bin/lesspipe %s', 'SSH_CLIENT': '172.22.77.105 51465 22', 'CPATH': '/home/fetch/catkin_ws/devel/include:/opt/ros/indigo/include', 'LOGNAME': 'fetch', 'USER': 'fetch', 'NVM_DIR': '/home/fetch/.nvm', 'HOME': '/home/fetch', 'PATH': '/home/fetch/.nvm/versions/node/v10.15.3/bin:/opt/ros/indigo/bin:/usr/local/sbin:/usr/local/bin:/usr/sbin:/usr/bin:/sbin:/bin:/usr/games:/usr/local/games', 'VIRTUALENVWRAPPER_SCRIPT': '/usr/share/virtualenvwrapper/virtualenvwrapper.sh', 'ROS_LOG_FILENAME': '/home/fetch/.ros/log/689f4422-1ff8-11eb-a56e-000babe55698/roslaunch-freight1207-14102.log', 'LANG': 'en_US.UTF-8', 'TERM': 'xterm-256color', 'SHELL': '/bin/bash', 'SHLVL': '1', 'QT_QPA_PLATFORMTHEME': 'appmenu-qt5', 'DISPLAY': 'localhost:15.0', 'NVM_BIN': '/home/fetch/.nvm/versions/node/v10.15.3/bin', '_VIRTUALENVWRAPPER_API': ' mkvirtualenv rmvirtualenv lsvirtualenv showvirtualenv workon add2virtualenv cdsitepackages cdvirtualenv lssitepackages toggleglobalsitepackages cpvirtualenv setvirtualenvproject mkproject cdproject mktmpenv mkvirtualenv rmvirtualenv lsvirtualenv showvirtualenv workon add2virtualenv cdsitepackages cdvirtualenv lssitepackages toggleglobalsitepackages cpvirtualenv setvirtualenvproject mkproject cdproject mktmpenv', 'CMAKE_PREFIX_PATH': '/home/fetch/catkin_ws/devel:/opt/ros/indigo', 'XDG_RUNTIME_DIR': '/run/user/1000', 'PYTHONPATH': '/home/fetch/catkin_ws/devel/lib/python2.7/dist-packages:/opt/ros/indigo/lib/python2.7/dist-packages', 'ROS_ROOT': '/opt/ros/indigo/share/ros', 'PKG_CONFIG_PATH': '/home/fetch/catkin_ws/devel/lib/pkgconfig:/opt/ros/indigo/lib/pkgconfig', 'ROS_PACKAGE_PATH': '/home/fetch/catkin_ws/src:/opt/ros/indigo/share:/opt/ros/indigo/stacks', 'XDG_SESSION_ID': '6', '_': '/opt/ros/indigo/bin/roslaunch', 'LD_LIBRARY_PATH': '/home/fetch/catkin_ws/devel/lib:/opt/ros/indigo/lib', 'LS_COLORS': 'rs=0:di=01;34:ln=01;36:mh=00:pi=40;33:so=01;35:do=01;35:bd=40;33;01:cd=40;33;01:or=40;31;01:su=37;41:sg=30;43:ca=30;41:tw=30;42:ow=34;42:st=37;44:ex=01;32:*.tar=01;31:*.tgz=01;31:*.arj=01;31:*.taz=01;31:*.lzh=01;31:*.lzma=01;31:*.tlz=01;31:*.txz=01;31:*.zip=01;31:*.z=01;31:*.Z=01;31:*.dz=01;31:*.gz=01;31:*.lz=01;31:*.xz=01;31:*.bz2=01;31:*.bz=01;31:*.tbz=01;31:*.tbz2=01;31:*.tz=01;31:*.deb=01;31:*.rpm=01;31:*.jar=01;31:*.war=01;31:*.ear=01;31:*.sar=01;31:*.rar=01;31:*.ace=01;31:*.zoo=01;31:*.cpio=01;31:*.7z=01;31:*.rz=01;31:*.jpg=01;35:*.jpeg=01;35:*.gif=01;35:*.bmp=01;35:*.pbm=01;35:*.pgm=01;35:*.ppm=01;35:*.tga=01;35:*.xbm=01;35:*.xpm=01;35:*.tif=01;35:*.tiff=01;35:*.png=01;35:*.svg=01;35:*.svgz=01;35:*.mng=01;35:*.pcx=01;35:*.mov=01;35:*.mpg=01;35:*.mpeg=01;35:*.m2v=01;35:*.mkv=01;35:*.webm=01;35:*.ogm=01;35:*.mp4=01;35:*.m4v=01;35:*.mp4v=01;35:*.vob=01;35:*.qt=01;35:*.nuv=01;35:*.wmv=01;35:*.asf=01;35:*.rm=01;35:*.rmvb=01;35:*.flc=01;35:*.avi=01;35:*.fli=01;35:*.flv=01;35:*.gl=01;35:*.dl=01;35:*.xcf=01;35:*.xwd=01;35:*.yuv=01;35:*.cgm=01;35:*.emf=01;35:*.axv=01;35:*.anx=01;35:*.ogv=01;35:*.ogx=01;35:*.aac=00;36:*.au=00;36:*.flac=00;36:*.mid=00;36:*.midi=00;36:*.mka=00;36:*.mp3=00;36:*.mpc=00;36:*.ogg=00;36:*.ra=00;36:*.wav=00;36:*.axa=00;36:*.oga=00;36:*.spx=00;36:*.xspf=00;36:', 'LESSCLOSE': '/usr/bin/lesspipe %s %s', 'SSH_TTY': '/dev/pts/33', 'ROSLISP_PACKAGE_DIRECTORIES': '/home/fetch/catkin_ws/devel/share/common-lisp', 'PWD': '/home/fetch', 'ROS_ETC_DIR': '/opt/ros/indigo/etc/ros', 'ROS_MASTER_URI': 'http://localhost:11311', 'MAIL': '/var/mail/fetch', 'SSH_CONNECTION': '172.22.77.105 51465 172.22.77.172 22'}]
[roslaunch][INFO] 2020-11-05 22:47:50,118: process[amcl-3]: args[[u'/opt/ros/indigo/lib/amcl/amcl', u'scan:=base_scan', u'map:=map', u'__name:=amcl']]
[roslaunch][INFO] 2020-11-05 22:47:50,119: ... created process [amcl-3]
[roslaunch.pmon][INFO] 2020-11-05 22:47:50,119: ProcessMonitor.register[amcl-3]
[roslaunch.pmon][INFO] 2020-11-05 22:47:50,119: ProcessMonitor.register[amcl-3] complete
[roslaunch][INFO] 2020-11-05 22:47:50,119: ... registered process [amcl-3]
[roslaunch][INFO] 2020-11-05 22:47:50,119: process[amcl-3]: starting os process
[roslaunch][INFO] 2020-11-05 22:47:50,119: process[amcl-3]: start w/ args [[u'/opt/ros/indigo/lib/amcl/amcl', u'scan:=base_scan', u'map:=map', u'__name:=amcl', u'__log:=/home/fetch/.ros/log/689f4422-1ff8-11eb-a56e-000babe55698/amcl-3.log']]
[roslaunch][INFO] 2020-11-05 22:47:50,119: process[amcl-3]: cwd will be [/home/fetch/.ros]
[roslaunch][INFO] 2020-11-05 22:47:50,124: process[amcl-3]: started with pid [14447]
[roslaunch][INFO] 2020-11-05 22:47:50,124: ... successfully launched [amcl-3]
[roslaunch][INFO] 2020-11-05 22:47:50,124: ... preparing to launch node of type [move_base/move_base]
[roslaunch][INFO] 2020-11-05 22:47:50,124: create_node_process: package[move_base] type[move_base] machine[Machine(name[] env_loader[None] address[localhost] ssh_port[22] user[None] assignable[True] timeout[10.0])] master_uri[http://localhost:11311]
[roslaunch][INFO] 2020-11-05 22:47:50,125: process[move_base-4]: env[{'ROS_DISTRO': 'indigo', 'NVM_CD_FLAGS': '', 'LESSOPEN': '| /usr/bin/lesspipe %s', 'SSH_CLIENT': '172.22.77.105 51465 22', 'CPATH': '/home/fetch/catkin_ws/devel/include:/opt/ros/indigo/include', 'LOGNAME': 'fetch', 'USER': 'fetch', 'NVM_DIR': '/home/fetch/.nvm', 'HOME': '/home/fetch', 'PATH': '/home/fetch/.nvm/versions/node/v10.15.3/bin:/opt/ros/indigo/bin:/usr/local/sbin:/usr/local/bin:/usr/sbin:/usr/bin:/sbin:/bin:/usr/games:/usr/local/games', 'VIRTUALENVWRAPPER_SCRIPT': '/usr/share/virtualenvwrapper/virtualenvwrapper.sh', 'ROS_LOG_FILENAME': '/home/fetch/.ros/log/689f4422-1ff8-11eb-a56e-000babe55698/roslaunch-freight1207-14102.log', 'LANG': 'en_US.UTF-8', 'TERM': 'xterm-256color', 'SHELL': '/bin/bash', 'SHLVL': '1', 'QT_QPA_PLATFORMTHEME': 'appmenu-qt5', 'DISPLAY': 'localhost:15.0', 'NVM_BIN': '/home/fetch/.nvm/versions/node/v10.15.3/bin', '_VIRTUALENVWRAPPER_API': ' mkvirtualenv rmvirtualenv lsvirtualenv showvirtualenv workon add2virtualenv cdsitepackages cdvirtualenv lssitepackages toggleglobalsitepackages cpvirtualenv setvirtualenvproject mkproject cdproject mktmpenv mkvirtualenv rmvirtualenv lsvirtualenv showvirtualenv workon add2virtualenv cdsitepackages cdvirtualenv lssitepackages toggleglobalsitepackages cpvirtualenv setvirtualenvproject mkproject cdproject mktmpenv', 'CMAKE_PREFIX_PATH': '/home/fetch/catkin_ws/devel:/opt/ros/indigo', 'XDG_RUNTIME_DIR': '/run/user/1000', 'PYTHONPATH': '/home/fetch/catkin_ws/devel/lib/python2.7/dist-packages:/opt/ros/indigo/lib/python2.7/dist-packages', 'ROS_ROOT': '/opt/ros/indigo/share/ros', 'PKG_CONFIG_PATH': '/home/fetch/catkin_ws/devel/lib/pkgconfig:/opt/ros/indigo/lib/pkgconfig', 'ROS_PACKAGE_PATH': '/home/fetch/catkin_ws/src:/opt/ros/indigo/share:/opt/ros/indigo/stacks', 'XDG_SESSION_ID': '6', '_': '/opt/ros/indigo/bin/roslaunch', 'LD_LIBRARY_PATH': '/home/fetch/catkin_ws/devel/lib:/opt/ros/indigo/lib', 'LS_COLORS': 'rs=0:di=01;34:ln=01;36:mh=00:pi=40;33:so=01;35:do=01;35:bd=40;33;01:cd=40;33;01:or=40;31;01:su=37;41:sg=30;43:ca=30;41:tw=30;42:ow=34;42:st=37;44:ex=01;32:*.tar=01;31:*.tgz=01;31:*.arj=01;31:*.taz=01;31:*.lzh=01;31:*.lzma=01;31:*.tlz=01;31:*.txz=01;31:*.zip=01;31:*.z=01;31:*.Z=01;31:*.dz=01;31:*.gz=01;31:*.lz=01;31:*.xz=01;31:*.bz2=01;31:*.bz=01;31:*.tbz=01;31:*.tbz2=01;31:*.tz=01;31:*.deb=01;31:*.rpm=01;31:*.jar=01;31:*.war=01;31:*.ear=01;31:*.sar=01;31:*.rar=01;31:*.ace=01;31:*.zoo=01;31:*.cpio=01;31:*.7z=01;31:*.rz=01;31:*.jpg=01;35:*.jpeg=01;35:*.gif=01;35:*.bmp=01;35:*.pbm=01;35:*.pgm=01;35:*.ppm=01;35:*.tga=01;35:*.xbm=01;35:*.xpm=01;35:*.tif=01;35:*.tiff=01;35:*.png=01;35:*.svg=01;35:*.svgz=01;35:*.mng=01;35:*.pcx=01;35:*.mov=01;35:*.mpg=01;35:*.mpeg=01;35:*.m2v=01;35:*.mkv=01;35:*.webm=01;35:*.ogm=01;35:*.mp4=01;35:*.m4v=01;35:*.mp4v=01;35:*.vob=01;35:*.qt=01;35:*.nuv=01;35:*.wmv=01;35:*.asf=01;35:*.rm=01;35:*.rmvb=01;35:*.flc=01;35:*.avi=01;35:*.fli=01;35:*.flv=01;35:*.gl=01;35:*.dl=01;35:*.xcf=01;35:*.xwd=01;35:*.yuv=01;35:*.cgm=01;35:*.emf=01;35:*.axv=01;35:*.anx=01;35:*.ogv=01;35:*.ogx=01;35:*.aac=00;36:*.au=00;36:*.flac=00;36:*.mid=00;36:*.midi=00;36:*.mka=00;36:*.mp3=00;36:*.mpc=00;36:*.ogg=00;36:*.ra=00;36:*.wav=00;36:*.axa=00;36:*.oga=00;36:*.spx=00;36:*.xspf=00;36:', 'LESSCLOSE': '/usr/bin/lesspipe %s %s', 'SSH_TTY': '/dev/pts/33', 'ROSLISP_PACKAGE_DIRECTORIES': '/home/fetch/catkin_ws/devel/share/common-lisp', 'PWD': '/home/fetch', 'ROS_ETC_DIR': '/opt/ros/indigo/etc/ros', 'ROS_MASTER_URI': 'http://localhost:11311', 'MAIL': '/var/mail/fetch', 'SSH_CONNECTION': '172.22.77.105 51465 172.22.77.172 22'}]
[roslaunch][INFO] 2020-11-05 22:47:50,125: process[move_base-4]: args[[u'/opt/ros/indigo/lib/move_base/move_base', u'cmd_vel:=cmd_vel', u'odom:=odom', u'map:=map', u'__name:=move_base']]
[roslaunch][INFO] 2020-11-05 22:47:50,125: ... created process [move_base-4]
[roslaunch.pmon][INFO] 2020-11-05 22:47:50,125: ProcessMonitor.register[move_base-4]
[roslaunch.pmon][INFO] 2020-11-05 22:47:50,125: ProcessMonitor.register[move_base-4] complete
[roslaunch][INFO] 2020-11-05 22:47:50,125: ... registered process [move_base-4]
[roslaunch][INFO] 2020-11-05 22:47:50,126: process[move_base-4]: starting os process
[roslaunch][INFO] 2020-11-05 22:47:50,126: process[move_base-4]: start w/ args [[u'/opt/ros/indigo/lib/move_base/move_base', u'cmd_vel:=cmd_vel', u'odom:=odom', u'map:=map', u'__name:=move_base', u'__log:=/home/fetch/.ros/log/689f4422-1ff8-11eb-a56e-000babe55698/move_base-4.log']]
[roslaunch][INFO] 2020-11-05 22:47:50,126: process[move_base-4]: cwd will be [/home/fetch/.ros]
[roslaunch][INFO] 2020-11-05 22:47:50,130: process[move_base-4]: started with pid [14458]
[roslaunch][INFO] 2020-11-05 22:47:50,132: ... successfully launched [move_base-4]
[roslaunch][INFO] 2020-11-05 22:47:50,132: ... launch_nodes complete
[roslaunch.pmon][INFO] 2020-11-05 22:47:50,132: registrations completed <ProcessMonitor(ProcessMonitor-1, started daemon 140274701391616)>
[roslaunch.parent][INFO] 2020-11-05 22:47:50,132: ... roslaunch parent running, waiting for process exit
[roslaunch][INFO] 2020-11-05 22:47:50,132: spin
[roslaunch][INFO] 2020-11-05 22:47:51,422: [move_base-4] process has finished cleanly
log file: /home/fetch/.ros/log/689f4422-1ff8-11eb-a56e-000babe55698/move_base-4*.log
[roslaunch][INFO] 2020-11-05 22:47:51,423: [move_base-4] restarting process
[roslaunch][INFO] 2020-11-05 22:47:51,423: process[move_base-4]: restarting os process
[roslaunch][INFO] 2020-11-05 22:47:51,423: process[move_base-4]: start w/ args [[u'/opt/ros/indigo/lib/move_base/move_base', u'cmd_vel:=cmd_vel', u'odom:=odom', u'map:=map', u'__name:=move_base', u'__log:=/home/fetch/.ros/log/689f4422-1ff8-11eb-a56e-000babe55698/move_base-4.log']]
[roslaunch][INFO] 2020-11-05 22:47:51,423: process[move_base-4]: cwd will be [/home/fetch/.ros]
[roslaunch][INFO] 2020-11-05 22:47:51,424: process[move_base-4]: started with pid [16905]
[roslaunch][INFO] 2020-11-05 22:47:52,226: [move_base-4] process has finished cleanly
log file: /home/fetch/.ros/log/689f4422-1ff8-11eb-a56e-000babe55698/move_base-4*.log
[roslaunch][INFO] 2020-11-05 22:47:52,226: [move_base-4] restarting process
[roslaunch][INFO] 2020-11-05 22:47:52,226: process[move_base-4]: restarting os process
[roslaunch][INFO] 2020-11-05 22:47:52,226: process[move_base-4]: start w/ args [[u'/opt/ros/indigo/lib/move_base/move_base', u'cmd_vel:=cmd_vel', u'odom:=odom', u'map:=map', u'__name:=move_base', u'__log:=/home/fetch/.ros/log/689f4422-1ff8-11eb-a56e-000babe55698/move_base-4.log']]
[roslaunch][INFO] 2020-11-05 22:47:52,226: process[move_base-4]: cwd will be [/home/fetch/.ros]
[roslaunch][INFO] 2020-11-05 22:47:52,228: process[move_base-4]: started with pid [18181]
[roslaunch][INFO] 2020-11-05 22:47:53,330: [move_base-4] process has finished cleanly
log file: /home/fetch/.ros/log/689f4422-1ff8-11eb-a56e-000babe55698/move_base-4*.log
[roslaunch][INFO] 2020-11-05 22:47:53,330: [move_base-4] restarting process
[roslaunch][INFO] 2020-11-05 22:47:53,330: process[move_base-4]: restarting os process
[roslaunch][INFO] 2020-11-05 22:47:53,331: process[move_base-4]: start w/ args [[u'/opt/ros/indigo/lib/move_base/move_base', u'cmd_vel:=cmd_vel', u'odom:=odom', u'map:=map', u'__name:=move_base', u'__log:=/home/fetch/.ros/log/689f4422-1ff8-11eb-a56e-000babe55698/move_base-4.log']]
[roslaunch][INFO] 2020-11-05 22:47:53,331: process[move_base-4]: cwd will be [/home/fetch/.ros]
[roslaunch][INFO] 2020-11-05 22:47:53,332: process[move_base-4]: started with pid [20101]
[roslaunch][INFO] 2020-11-05 22:47:54,234: [move_base-4] process has finished cleanly
log file: /home/fetch/.ros/log/689f4422-1ff8-11eb-a56e-000babe55698/move_base-4*.log
[roslaunch][INFO] 2020-11-05 22:47:54,234: [move_base-4] restarting process
[roslaunch][INFO] 2020-11-05 22:47:54,234: process[move_base-4]: restarting os process
[roslaunch][INFO] 2020-11-05 22:47:54,234: process[move_base-4]: start w/ args [[u'/opt/ros/indigo/lib/move_base/move_base', u'cmd_vel:=cmd_vel', u'odom:=odom', u'map:=map', u'__name:=move_base', u'__log:=/home/fetch/.ros/log/689f4422-1ff8-11eb-a56e-000babe55698/move_base-4.log']]
[roslaunch][INFO] 2020-11-05 22:47:54,234: process[move_base-4]: cwd will be [/home/fetch/.ros]
[roslaunch][INFO] 2020-11-05 22:47:54,236: process[move_base-4]: started with pid [21646]
[roslaunch][INFO] 2020-11-05 22:47:55,238: [move_base-4] process has finished cleanly
log file: /home/fetch/.ros/log/689f4422-1ff8-11eb-a56e-000babe55698/move_base-4*.log
[roslaunch][INFO] 2020-11-05 22:47:55,238: [move_base-4] restarting process
[roslaunch][INFO] 2020-11-05 22:47:55,238: process[move_base-4]: restarting os process
[roslaunch][INFO] 2020-11-05 22:47:55,238: process[move_base-4]: start w/ args [[u'/opt/ros/indigo/lib/move_base/move_base', u'cmd_vel:=cmd_vel', u'odom:=odom', u'map:=map', u'__name:=move_base', u'__log:=/home/fetch/.ros/log/689f4422-1ff8-11eb-a56e-000babe55698/move_base-4.log']]
[roslaunch][INFO] 2020-11-05 22:47:55,238: process[move_base-4]: cwd will be [/home/fetch/.ros]
[roslaunch][INFO] 2020-11-05 22:47:55,246: process[move_base-4]: started with pid [23423]
[roslaunch][INFO] 2020-11-05 22:47:56,047: [move_base-4] process has finished cleanly
log file: /home/fetch/.ros/log/689f4422-1ff8-11eb-a56e-000babe55698/move_base-4*.log
[roslaunch][INFO] 2020-11-05 22:47:56,048: [move_base-4] restarting process
[roslaunch][INFO] 2020-11-05 22:47:56,048: process[move_base-4]: restarting os process
[roslaunch][INFO] 2020-11-05 22:47:56,048: process[move_base-4]: start w/ args [[u'/opt/ros/indigo/lib/move_base/move_base', u'cmd_vel:=cmd_vel', u'odom:=odom', u'map:=map', u'__name:=move_base', u'__log:=/home/fetch/.ros/log/689f4422-1ff8-11eb-a56e-000babe55698/move_base-4.log']]
[roslaunch][INFO] 2020-11-05 22:47:56,048: process[move_base-4]: cwd will be [/home/fetch/.ros]
[roslaunch][INFO] 2020-11-05 22:47:56,050: process[move_base-4]: started with pid [24866]
[roslaunch][INFO] 2020-11-05 22:47:57,052: [move_base-4] process has finished cleanly
log file: /home/fetch/.ros/log/689f4422-1ff8-11eb-a56e-000babe55698/move_base-4*.log
[roslaunch][INFO] 2020-11-05 22:47:57,052: [move_base-4] restarting process
[roslaunch][INFO] 2020-11-05 22:47:57,053: process[move_base-4]: restarting os process
[roslaunch][INFO] 2020-11-05 22:47:57,053: process[move_base-4]: start w/ args [[u'/opt/ros/indigo/lib/move_base/move_base', u'cmd_vel:=cmd_vel', u'odom:=odom', u'map:=map', u'__name:=move_base', u'__log:=/home/fetch/.ros/log/689f4422-1ff8-11eb-a56e-000babe55698/move_base-4.log']]
[roslaunch][INFO] 2020-11-05 22:47:57,053: process[move_base-4]: cwd will be [/home/fetch/.ros]
[roslaunch][INFO] 2020-11-05 22:47:57,054: process[move_base-4]: started with pid [26724]
[roslaunch][INFO] 2020-11-05 22:47:57,956: [move_base-4] process has finished cleanly
log file: /home/fetch/.ros/log/689f4422-1ff8-11eb-a56e-000babe55698/move_base-4*.log
[roslaunch][INFO] 2020-11-05 22:47:57,956: [move_base-4] restarting process
[roslaunch][INFO] 2020-11-05 22:47:57,956: process[move_base-4]: restarting os process
[roslaunch][INFO] 2020-11-05 22:47:57,956: process[move_base-4]: start w/ args [[u'/opt/ros/indigo/lib/move_base/move_base', u'cmd_vel:=cmd_vel', u'odom:=odom', u'map:=map', u'__name:=move_base', u'__log:=/home/fetch/.ros/log/689f4422-1ff8-11eb-a56e-000babe55698/move_base-4.log']]
[roslaunch][INFO] 2020-11-05 22:47:57,957: process[move_base-4]: cwd will be [/home/fetch/.ros]
[roslaunch][INFO] 2020-11-05 22:47:57,960: process[move_base-4]: started with pid [28330]
[roslaunch][INFO] 2020-11-05 22:47:58,961: [move_base-4] process has finished cleanly
log file: /home/fetch/.ros/log/689f4422-1ff8-11eb-a56e-000babe55698/move_base-4*.log
[roslaunch][INFO] 2020-11-05 22:47:58,961: [move_base-4] restarting process
[roslaunch][INFO] 2020-11-05 22:47:58,962: process[move_base-4]: restarting os process
[roslaunch][INFO] 2020-11-05 22:47:58,962: process[move_base-4]: start w/ args [[u'/opt/ros/indigo/lib/move_base/move_base', u'cmd_vel:=cmd_vel', u'odom:=odom', u'map:=map', u'__name:=move_base', u'__log:=/home/fetch/.ros/log/689f4422-1ff8-11eb-a56e-000babe55698/move_base-4.log']]
[roslaunch][INFO] 2020-11-05 22:47:58,962: process[move_base-4]: cwd will be [/home/fetch/.ros]
[roslaunch][INFO] 2020-11-05 22:47:58,964: process[move_base-4]: started with pid [30097]
[roslaunch][INFO] 2020-11-05 22:47:59,865: [move_base-4] process has finished cleanly
log file: /home/fetch/.ros/log/689f4422-1ff8-11eb-a56e-000babe55698/move_base-4*.log
[roslaunch][INFO] 2020-11-05 22:47:59,865: [move_base-4] restarting process
[roslaunch][INFO] 2020-11-05 22:47:59,865: process[move_base-4]: restarting os process
[roslaunch][INFO] 2020-11-05 22:47:59,866: process[move_base-4]: start w/ args [[u'/opt/ros/indigo/lib/move_base/move_base', u'cmd_vel:=cmd_vel', u'odom:=odom', u'map:=map', u'__name:=move_base', u'__log:=/home/fetch/.ros/log/689f4422-1ff8-11eb-a56e-000babe55698/move_base-4.log']]
[roslaunch][INFO] 2020-11-05 22:47:59,866: process[move_base-4]: cwd will be [/home/fetch/.ros]
[roslaunch][INFO] 2020-11-05 22:47:59,867: process[move_base-4]: started with pid [31661]
[roslaunch][INFO] 2020-11-05 22:48:00,969: [move_base-4] process has finished cleanly
log file: /home/fetch/.ros/log/689f4422-1ff8-11eb-a56e-000babe55698/move_base-4*.log
[roslaunch][INFO] 2020-11-05 22:48:00,969: [move_base-4] restarting process
[roslaunch][INFO] 2020-11-05 22:48:00,969: process[move_base-4]: restarting os process
[roslaunch][INFO] 2020-11-05 22:48:00,970: process[move_base-4]: start w/ args [[u'/opt/ros/indigo/lib/move_base/move_base', u'cmd_vel:=cmd_vel', u'odom:=odom', u'map:=map', u'__name:=move_base', u'__log:=/home/fetch/.ros/log/689f4422-1ff8-11eb-a56e-000babe55698/move_base-4.log']]
[roslaunch][INFO] 2020-11-05 22:48:00,970: process[move_base-4]: cwd will be [/home/fetch/.ros]
[roslaunch][INFO] 2020-11-05 22:48:00,971: process[move_base-4]: started with pid [1124]
[roslaunch][INFO] 2020-11-05 22:48:01,773: [move_base-4] process has finished cleanly
log file: /home/fetch/.ros/log/689f4422-1ff8-11eb-a56e-000babe55698/move_base-4*.log
[roslaunch][INFO] 2020-11-05 22:48:01,773: [move_base-4] restarting process
[roslaunch][INFO] 2020-11-05 22:48:01,773: process[move_base-4]: restarting os process
[roslaunch][INFO] 2020-11-05 22:48:01,773: process[move_base-4]: start w/ args [[u'/opt/ros/indigo/lib/move_base/move_base', u'cmd_vel:=cmd_vel', u'odom:=odom', u'map:=map', u'__name:=move_base', u'__log:=/home/fetch/.ros/log/689f4422-1ff8-11eb-a56e-000babe55698/move_base-4.log']]
[roslaunch][INFO] 2020-11-05 22:48:01,773: process[move_base-4]: cwd will be [/home/fetch/.ros]
[roslaunch][INFO] 2020-11-05 22:48:01,775: process[move_base-4]: started with pid [2684]
[roslaunch][INFO] 2020-11-05 22:48:02,677: [move_base-4] process has finished cleanly
log file: /home/fetch/.ros/log/689f4422-1ff8-11eb-a56e-000babe55698/move_base-4*.log
[roslaunch][INFO] 2020-11-05 22:48:02,677: [move_base-4] restarting process
[roslaunch][INFO] 2020-11-05 22:48:02,677: process[move_base-4]: restarting os process
[roslaunch][INFO] 2020-11-05 22:48:02,677: process[move_base-4]: start w/ args [[u'/opt/ros/indigo/lib/move_base/move_base', u'cmd_vel:=cmd_vel', u'odom:=odom', u'map:=map', u'__name:=move_base', u'__log:=/home/fetch/.ros/log/689f4422-1ff8-11eb-a56e-000babe55698/move_base-4.log']]
[roslaunch][INFO] 2020-11-05 22:48:02,677: process[move_base-4]: cwd will be [/home/fetch/.ros]
[roslaunch][INFO] 2020-11-05 22:48:02,679: process[move_base-4]: started with pid [4310]
[roslaunch][INFO] 2020-11-05 22:48:03,680: [move_base-4] process has finished cleanly
log file: /home/fetch/.ros/log/689f4422-1ff8-11eb-a56e-000babe55698/move_base-4*.log
[roslaunch][INFO] 2020-11-05 22:48:03,681: [move_base-4] restarting process
[roslaunch][INFO] 2020-11-05 22:48:03,681: process[move_base-4]: restarting os process
[roslaunch][INFO] 2020-11-05 22:48:03,681: process[move_base-4]: start w/ args [[u'/opt/ros/indigo/lib/move_base/move_base', u'cmd_vel:=cmd_vel', u'odom:=odom', u'map:=map', u'__name:=move_base', u'__log:=/home/fetch/.ros/log/689f4422-1ff8-11eb-a56e-000babe55698/move_base-4.log']]
[roslaunch][INFO] 2020-11-05 22:48:03,681: process[move_base-4]: cwd will be [/home/fetch/.ros]
[roslaunch][INFO] 2020-11-05 22:48:03,683: process[move_base-4]: started with pid [5860]
[roslaunch][INFO] 2020-11-05 22:48:04,885: [move_base-4] process has finished cleanly
log file: /home/fetch/.ros/log/689f4422-1ff8-11eb-a56e-000babe55698/move_base-4*.log
[roslaunch][INFO] 2020-11-05 22:48:04,885: [move_base-4] restarting process
[roslaunch][INFO] 2020-11-05 22:48:04,885: process[move_base-4]: restarting os process
[roslaunch][INFO] 2020-11-05 22:48:04,885: process[move_base-4]: start w/ args [[u'/opt/ros/indigo/lib/move_base/move_base', u'cmd_vel:=cmd_vel', u'odom:=odom', u'map:=map', u'__name:=move_base', u'__log:=/home/fetch/.ros/log/689f4422-1ff8-11eb-a56e-000babe55698/move_base-4.log']]
[roslaunch][INFO] 2020-11-05 22:48:04,885: process[move_base-4]: cwd will be [/home/fetch/.ros]
[roslaunch][INFO] 2020-11-05 22:48:04,887: process[move_base-4]: started with pid [7801]
[roslaunch][INFO] 2020-11-05 22:48:06,189: [move_base-4] process has finished cleanly
log file: /home/fetch/.ros/log/689f4422-1ff8-11eb-a56e-000babe55698/move_base-4*.log
[roslaunch][INFO] 2020-11-05 22:48:06,189: [move_base-4] restarting process
[roslaunch][INFO] 2020-11-05 22:48:06,190: process[move_base-4]: restarting os process
[roslaunch][INFO] 2020-11-05 22:48:06,190: process[move_base-4]: start w/ args [[u'/opt/ros/indigo/lib/move_base/move_base', u'cmd_vel:=cmd_vel', u'odom:=odom', u'map:=map', u'__name:=move_base', u'__log:=/home/fetch/.ros/log/689f4422-1ff8-11eb-a56e-000babe55698/move_base-4.log']]
[roslaunch][INFO] 2020-11-05 22:48:06,190: process[move_base-4]: cwd will be [/home/fetch/.ros]
[roslaunch][INFO] 2020-11-05 22:48:06,192: process[move_base-4]: started with pid [10022]
[roslaunch][INFO] 2020-11-05 22:48:06,993: [move_base-4] process has finished cleanly
log file: /home/fetch/.ros/log/689f4422-1ff8-11eb-a56e-000babe55698/move_base-4*.log
[roslaunch][INFO] 2020-11-05 22:48:06,993: [move_base-4] restarting process
[roslaunch][INFO] 2020-11-05 22:48:06,993: process[move_base-4]: restarting os process
[roslaunch][INFO] 2020-11-05 22:48:06,993: process[move_base-4]: start w/ args [[u'/opt/ros/indigo/lib/move_base/move_base', u'cmd_vel:=cmd_vel', u'odom:=odom', u'map:=map', u'__name:=move_base', u'__log:=/home/fetch/.ros/log/689f4422-1ff8-11eb-a56e-000babe55698/move_base-4.log']]
[roslaunch][INFO] 2020-11-05 22:48:06,993: process[move_base-4]: cwd will be [/home/fetch/.ros]
[roslaunch][INFO] 2020-11-05 22:48:06,995: process[move_base-4]: started with pid [11318]
[roslaunch][INFO] 2020-11-05 22:48:08,197: [move_base-4] process has finished cleanly
log file: /home/fetch/.ros/log/689f4422-1ff8-11eb-a56e-000babe55698/move_base-4*.log
[roslaunch][INFO] 2020-11-05 22:48:08,197: [move_base-4] restarting process
[roslaunch][INFO] 2020-11-05 22:48:08,197: process[move_base-4]: restarting os process
[roslaunch][INFO] 2020-11-05 22:48:08,198: process[move_base-4]: start w/ args [[u'/opt/ros/indigo/lib/move_base/move_base', u'cmd_vel:=cmd_vel', u'odom:=odom', u'map:=map', u'__name:=move_base', u'__log:=/home/fetch/.ros/log/689f4422-1ff8-11eb-a56e-000babe55698/move_base-4.log']]
[roslaunch][INFO] 2020-11-05 22:48:08,198: process[move_base-4]: cwd will be [/home/fetch/.ros]
[roslaunch][INFO] 2020-11-05 22:48:08,199: process[move_base-4]: started with pid [13299]
[roslaunch][INFO] 2020-11-05 22:48:09,001: [move_base-4] process has finished cleanly
log file: /home/fetch/.ros/log/689f4422-1ff8-11eb-a56e-000babe55698/move_base-4*.log
[roslaunch][INFO] 2020-11-05 22:48:09,001: [move_base-4] restarting process
[roslaunch][INFO] 2020-11-05 22:48:09,001: process[move_base-4]: restarting os process
[roslaunch][INFO] 2020-11-05 22:48:09,001: process[move_base-4]: start w/ args [[u'/opt/ros/indigo/lib/move_base/move_base', u'cmd_vel:=cmd_vel', u'odom:=odom', u'map:=map', u'__name:=move_base', u'__log:=/home/fetch/.ros/log/689f4422-1ff8-11eb-a56e-000babe55698/move_base-4.log']]
[roslaunch][INFO] 2020-11-05 22:48:09,001: process[move_base-4]: cwd will be [/home/fetch/.ros]
[roslaunch][INFO] 2020-11-05 22:48:09,003: process[move_base-4]: started with pid [14720]
[roslaunch][INFO] 2020-11-05 22:48:10,305: [move_base-4] process has finished cleanly
log file: /home/fetch/.ros/log/689f4422-1ff8-11eb-a56e-000babe55698/move_base-4*.log
[roslaunch][INFO] 2020-11-05 22:48:10,305: [move_base-4] restarting process
[roslaunch][INFO] 2020-11-05 22:48:10,305: process[move_base-4]: restarting os process
[roslaunch][INFO] 2020-11-05 22:48:10,306: process[move_base-4]: start w/ args [[u'/opt/ros/indigo/lib/move_base/move_base', u'cmd_vel:=cmd_vel', u'odom:=odom', u'map:=map', u'__name:=move_base', u'__log:=/home/fetch/.ros/log/689f4422-1ff8-11eb-a56e-000babe55698/move_base-4.log']]
[roslaunch][INFO] 2020-11-05 22:48:10,306: process[move_base-4]: cwd will be [/home/fetch/.ros]
[roslaunch][INFO] 2020-11-05 22:48:10,307: process[move_base-4]: started with pid [16889]
[roslaunch][INFO] 2020-11-05 22:48:11,109: [move_base-4] process has finished cleanly
log file: /home/fetch/.ros/log/689f4422-1ff8-11eb-a56e-000babe55698/move_base-4*.log
[roslaunch][INFO] 2020-11-05 22:48:11,109: [move_base-4] restarting process
[roslaunch][INFO] 2020-11-05 22:48:11,109: process[move_base-4]: restarting os process
[roslaunch][INFO] 2020-11-05 22:48:11,109: process[move_base-4]: start w/ args [[u'/opt/ros/indigo/lib/move_base/move_base', u'cmd_vel:=cmd_vel', u'odom:=odom', u'map:=map', u'__name:=move_base', u'__log:=/home/fetch/.ros/log/689f4422-1ff8-11eb-a56e-000babe55698/move_base-4.log']]
[roslaunch][INFO] 2020-11-05 22:48:11,109: process[move_base-4]: cwd will be [/home/fetch/.ros]
[roslaunch][INFO] 2020-11-05 22:48:11,111: process[move_base-4]: started with pid [18072]
[roslaunch][INFO] 2020-11-05 22:48:12,313: [move_base-4] process has finished cleanly
log file: /home/fetch/.ros/log/689f4422-1ff8-11eb-a56e-000babe55698/move_base-4*.log
[roslaunch][INFO] 2020-11-05 22:48:12,313: [move_base-4] restarting process
[roslaunch][INFO] 2020-11-05 22:48:12,313: process[move_base-4]: restarting os process
[roslaunch][INFO] 2020-11-05 22:48:12,313: process[move_base-4]: start w/ args [[u'/opt/ros/indigo/lib/move_base/move_base', u'cmd_vel:=cmd_vel', u'odom:=odom', u'map:=map', u'__name:=move_base', u'__log:=/home/fetch/.ros/log/689f4422-1ff8-11eb-a56e-000babe55698/move_base-4.log']]
[roslaunch][INFO] 2020-11-05 22:48:12,313: process[move_base-4]: cwd will be [/home/fetch/.ros]
[roslaunch][INFO] 2020-11-05 22:48:12,320: process[move_base-4]: started with pid [20106]
[roslaunch][INFO] 2020-11-05 22:48:13,122: [move_base-4] process has finished cleanly
log file: /home/fetch/.ros/log/689f4422-1ff8-11eb-a56e-000babe55698/move_base-4*.log
[roslaunch][INFO] 2020-11-05 22:48:13,122: [move_base-4] restarting process
[roslaunch][INFO] 2020-11-05 22:48:13,122: process[move_base-4]: restarting os process
[roslaunch][INFO] 2020-11-05 22:48:13,122: process[move_base-4]: start w/ args [[u'/opt/ros/indigo/lib/move_base/move_base', u'cmd_vel:=cmd_vel', u'odom:=odom', u'map:=map', u'__name:=move_base', u'__log:=/home/fetch/.ros/log/689f4422-1ff8-11eb-a56e-000babe55698/move_base-4.log']]
[roslaunch][INFO] 2020-11-05 22:48:13,122: process[move_base-4]: cwd will be [/home/fetch/.ros]
[roslaunch][INFO] 2020-11-05 22:48:13,124: process[move_base-4]: started with pid [21412]
[roslaunch][INFO] 2020-11-05 22:48:14,426: [move_base-4] process has finished cleanly
log file: /home/fetch/.ros/log/689f4422-1ff8-11eb-a56e-000babe55698/move_base-4*.log
[roslaunch][INFO] 2020-11-05 22:48:14,426: [move_base-4] restarting process
[roslaunch][INFO] 2020-11-05 22:48:14,426: process[move_base-4]: restarting os process
[roslaunch][INFO] 2020-11-05 22:48:14,427: process[move_base-4]: start w/ args [[u'/opt/ros/indigo/lib/move_base/move_base', u'cmd_vel:=cmd_vel', u'odom:=odom', u'map:=map', u'__name:=move_base', u'__log:=/home/fetch/.ros/log/689f4422-1ff8-11eb-a56e-000babe55698/move_base-4.log']]
[roslaunch][INFO] 2020-11-05 22:48:14,427: process[move_base-4]: cwd will be [/home/fetch/.ros]
[roslaunch][INFO] 2020-11-05 22:48:14,428: process[move_base-4]: started with pid [23567]
[roslaunch][INFO] 2020-11-05 22:48:15,130: [move_base-4] process has finished cleanly
log file: /home/fetch/.ros/log/689f4422-1ff8-11eb-a56e-000babe55698/move_base-4*.log
[roslaunch][INFO] 2020-11-05 22:48:15,130: [move_base-4] restarting process
[roslaunch][INFO] 2020-11-05 22:48:15,130: process[move_base-4]: restarting os process
[roslaunch][INFO] 2020-11-05 22:48:15,130: process[move_base-4]: start w/ args [[u'/opt/ros/indigo/lib/move_base/move_base', u'cmd_vel:=cmd_vel', u'odom:=odom', u'map:=map', u'__name:=move_base', u'__log:=/home/fetch/.ros/log/689f4422-1ff8-11eb-a56e-000babe55698/move_base-4.log']]
[roslaunch][INFO] 2020-11-05 22:48:15,130: process[move_base-4]: cwd will be [/home/fetch/.ros]
[roslaunch][INFO] 2020-11-05 22:48:15,132: process[move_base-4]: started with pid [24707]
[roslaunch][INFO] 2020-11-05 22:48:16,033: [move_base-4] process has finished cleanly
log file: /home/fetch/.ros/log/689f4422-1ff8-11eb-a56e-000babe55698/move_base-4*.log
[roslaunch][INFO] 2020-11-05 22:48:16,033: [move_base-4] restarting process
[roslaunch][INFO] 2020-11-05 22:48:16,034: process[move_base-4]: restarting os process
[roslaunch][INFO] 2020-11-05 22:48:16,034: process[move_base-4]: start w/ args [[u'/opt/ros/indigo/lib/move_base/move_base', u'cmd_vel:=cmd_vel', u'odom:=odom', u'map:=map', u'__name:=move_base', u'__log:=/home/fetch/.ros/log/689f4422-1ff8-11eb-a56e-000babe55698/move_base-4.log']]
[roslaunch][INFO] 2020-11-05 22:48:16,034: process[move_base-4]: cwd will be [/home/fetch/.ros]
[roslaunch][INFO] 2020-11-05 22:48:16,036: process[move_base-4]: started with pid [26228]
[roslaunch][INFO] 2020-11-05 22:48:16,837: [move_base-4] process has finished cleanly
log file: /home/fetch/.ros/log/689f4422-1ff8-11eb-a56e-000babe55698/move_base-4*.log
[roslaunch][INFO] 2020-11-05 22:48:16,837: [move_base-4] restarting process
[roslaunch][INFO] 2020-11-05 22:48:16,837: process[move_base-4]: restarting os process
[roslaunch][INFO] 2020-11-05 22:48:16,838: process[move_base-4]: start w/ args [[u'/opt/ros/indigo/lib/move_base/move_base', u'cmd_vel:=cmd_vel', u'odom:=odom', u'map:=map', u'__name:=move_base', u'__log:=/home/fetch/.ros/log/689f4422-1ff8-11eb-a56e-000babe55698/move_base-4.log']]
[roslaunch][INFO] 2020-11-05 22:48:16,838: process[move_base-4]: cwd will be [/home/fetch/.ros]
[roslaunch][INFO] 2020-11-05 22:48:16,839: process[move_base-4]: started with pid [27824]
[roslaunch][INFO] 2020-11-05 22:48:17,741: [move_base-4] process has finished cleanly
log file: /home/fetch/.ros/log/689f4422-1ff8-11eb-a56e-000babe55698/move_base-4*.log
[roslaunch][INFO] 2020-11-05 22:48:17,741: [move_base-4] restarting process
[roslaunch][INFO] 2020-11-05 22:48:17,741: process[move_base-4]: restarting os process
[roslaunch][INFO] 2020-11-05 22:48:17,741: process[move_base-4]: start w/ args [[u'/opt/ros/indigo/lib/move_base/move_base', u'cmd_vel:=cmd_vel', u'odom:=odom', u'map:=map', u'__name:=move_base', u'__log:=/home/fetch/.ros/log/689f4422-1ff8-11eb-a56e-000babe55698/move_base-4.log']]
[roslaunch][INFO] 2020-11-05 22:48:17,741: process[move_base-4]: cwd will be [/home/fetch/.ros]
[roslaunch][INFO] 2020-11-05 22:48:17,743: process[move_base-4]: started with pid [29495]
[roslaunch][INFO] 2020-11-05 22:48:18,645: [move_base-4] process has finished cleanly
log file: /home/fetch/.ros/log/689f4422-1ff8-11eb-a56e-000babe55698/move_base-4*.log
[roslaunch][INFO] 2020-11-05 22:48:18,645: [move_base-4] restarting process
[roslaunch][INFO] 2020-11-05 22:48:18,645: process[move_base-4]: restarting os process
[roslaunch][INFO] 2020-11-05 22:48:18,645: process[move_base-4]: start w/ args [[u'/opt/ros/indigo/lib/move_base/move_base', u'cmd_vel:=cmd_vel', u'odom:=odom', u'map:=map', u'__name:=move_base', u'__log:=/home/fetch/.ros/log/689f4422-1ff8-11eb-a56e-000babe55698/move_base-4.log']]
[roslaunch][INFO] 2020-11-05 22:48:18,645: process[move_base-4]: cwd will be [/home/fetch/.ros]
[roslaunch][INFO] 2020-11-05 22:48:18,647: process[move_base-4]: started with pid [31171]
[roslaunch][INFO] 2020-11-05 22:48:19,348: [move_base-4] process has finished cleanly
log file: /home/fetch/.ros/log/689f4422-1ff8-11eb-a56e-000babe55698/move_base-4*.log
[roslaunch][INFO] 2020-11-05 22:48:19,348: [move_base-4] restarting process
[roslaunch][INFO] 2020-11-05 22:48:19,348: process[move_base-4]: restarting os process
[roslaunch][INFO] 2020-11-05 22:48:19,348: process[move_base-4]: start w/ args [[u'/opt/ros/indigo/lib/move_base/move_base', u'cmd_vel:=cmd_vel', u'odom:=odom', u'map:=map', u'__name:=move_base', u'__log:=/home/fetch/.ros/log/689f4422-1ff8-11eb-a56e-000babe55698/move_base-4.log']]
[roslaunch][INFO] 2020-11-05 22:48:19,348: process[move_base-4]: cwd will be [/home/fetch/.ros]
[roslaunch][INFO] 2020-11-05 22:48:19,350: process[move_base-4]: started with pid [32217]
[roslaunch][INFO] 2020-11-05 22:48:20,452: [move_base-4] process has finished cleanly
log file: /home/fetch/.ros/log/689f4422-1ff8-11eb-a56e-000babe55698/move_base-4*.log
[roslaunch][INFO] 2020-11-05 22:48:20,452: [move_base-4] restarting process
[roslaunch][INFO] 2020-11-05 22:48:20,452: process[move_base-4]: restarting os process
[roslaunch][INFO] 2020-11-05 22:48:20,452: process[move_base-4]: start w/ args [[u'/opt/ros/indigo/lib/move_base/move_base', u'cmd_vel:=cmd_vel', u'odom:=odom', u'map:=map', u'__name:=move_base', u'__log:=/home/fetch/.ros/log/689f4422-1ff8-11eb-a56e-000babe55698/move_base-4.log']]
[roslaunch][INFO] 2020-11-05 22:48:20,453: process[move_base-4]: cwd will be [/home/fetch/.ros]
[roslaunch][INFO] 2020-11-05 22:48:20,454: process[move_base-4]: started with pid [1950]
[roslaunch][INFO] 2020-11-05 22:48:21,556: [move_base-4] process has finished cleanly
log file: /home/fetch/.ros/log/689f4422-1ff8-11eb-a56e-000babe55698/move_base-4*.log
[roslaunch][INFO] 2020-11-05 22:48:21,556: [move_base-4] restarting process
[roslaunch][INFO] 2020-11-05 22:48:21,556: process[move_base-4]: restarting os process
[roslaunch][INFO] 2020-11-05 22:48:21,557: process[move_base-4]: start w/ args [[u'/opt/ros/indigo/lib/move_base/move_base', u'cmd_vel:=cmd_vel', u'odom:=odom', u'map:=map', u'__name:=move_base', u'__log:=/home/fetch/.ros/log/689f4422-1ff8-11eb-a56e-000babe55698/move_base-4.log']]
[roslaunch][INFO] 2020-11-05 22:48:21,557: process[move_base-4]: cwd will be [/home/fetch/.ros]
[roslaunch][INFO] 2020-11-05 22:48:21,558: process[move_base-4]: started with pid [3994]
[roslaunch][INFO] 2020-11-05 22:48:22,360: [move_base-4] process has finished cleanly
log file: /home/fetch/.ros/log/689f4422-1ff8-11eb-a56e-000babe55698/move_base-4*.log
[roslaunch][INFO] 2020-11-05 22:48:22,360: [move_base-4] restarting process
[roslaunch][INFO] 2020-11-05 22:48:22,360: process[move_base-4]: restarting os process
[roslaunch][INFO] 2020-11-05 22:48:22,360: process[move_base-4]: start w/ args [[u'/opt/ros/indigo/lib/move_base/move_base', u'cmd_vel:=cmd_vel', u'odom:=odom', u'map:=map', u'__name:=move_base', u'__log:=/home/fetch/.ros/log/689f4422-1ff8-11eb-a56e-000babe55698/move_base-4.log']]
[roslaunch][INFO] 2020-11-05 22:48:22,360: process[move_base-4]: cwd will be [/home/fetch/.ros]
[roslaunch][INFO] 2020-11-05 22:48:22,364: process[move_base-4]: started with pid [5407]
[roslaunch][INFO] 2020-11-05 22:48:23,166: [move_base-4] process has finished cleanly
log file: /home/fetch/.ros/log/689f4422-1ff8-11eb-a56e-000babe55698/move_base-4*.log
[roslaunch][INFO] 2020-11-05 22:48:23,166: [move_base-4] restarting process
[roslaunch][INFO] 2020-11-05 22:48:23,166: process[move_base-4]: restarting os process
[roslaunch][INFO] 2020-11-05 22:48:23,166: process[move_base-4]: start w/ args [[u'/opt/ros/indigo/lib/move_base/move_base', u'cmd_vel:=cmd_vel', u'odom:=odom', u'map:=map', u'__name:=move_base', u'__log:=/home/fetch/.ros/log/689f4422-1ff8-11eb-a56e-000babe55698/move_base-4.log']]
[roslaunch][INFO] 2020-11-05 22:48:23,166: process[move_base-4]: cwd will be [/home/fetch/.ros]
[roslaunch][INFO] 2020-11-05 22:48:23,169: process[move_base-4]: started with pid [7011]
[roslaunch][INFO] 2020-11-05 22:48:23,971: [move_base-4] process has finished cleanly
log file: /home/fetch/.ros/log/689f4422-1ff8-11eb-a56e-000babe55698/move_base-4*.log
[roslaunch][INFO] 2020-11-05 22:48:23,971: [move_base-4] restarting process
[roslaunch][INFO] 2020-11-05 22:48:23,971: process[move_base-4]: restarting os process
[roslaunch][INFO] 2020-11-05 22:48:23,971: process[move_base-4]: start w/ args [[u'/opt/ros/indigo/lib/move_base/move_base', u'cmd_vel:=cmd_vel', u'odom:=odom', u'map:=map', u'__name:=move_base', u'__log:=/home/fetch/.ros/log/689f4422-1ff8-11eb-a56e-000babe55698/move_base-4.log']]
[roslaunch][INFO] 2020-11-05 22:48:23,971: process[move_base-4]: cwd will be [/home/fetch/.ros]
[roslaunch][INFO] 2020-11-05 22:48:23,973: process[move_base-4]: started with pid [8279]
[roslaunch][INFO] 2020-11-05 22:48:24,975: [move_base-4] process has finished cleanly
log file: /home/fetch/.ros/log/689f4422-1ff8-11eb-a56e-000babe55698/move_base-4*.log
[roslaunch][INFO] 2020-11-05 22:48:24,975: [move_base-4] restarting process
[roslaunch][INFO] 2020-11-05 22:48:24,975: process[move_base-4]: restarting os process
[roslaunch][INFO] 2020-11-05 22:48:24,975: process[move_base-4]: start w/ args [[u'/opt/ros/indigo/lib/move_base/move_base', u'cmd_vel:=cmd_vel', u'odom:=odom', u'map:=map', u'__name:=move_base', u'__log:=/home/fetch/.ros/log/689f4422-1ff8-11eb-a56e-000babe55698/move_base-4.log']]
[roslaunch][INFO] 2020-11-05 22:48:24,975: process[move_base-4]: cwd will be [/home/fetch/.ros]
[roslaunch][INFO] 2020-11-05 22:48:24,977: process[move_base-4]: started with pid [10278]
[roslaunch][INFO] 2020-11-05 22:48:25,878: [move_base-4] process has finished cleanly
log file: /home/fetch/.ros/log/689f4422-1ff8-11eb-a56e-000babe55698/move_base-4*.log
[roslaunch][INFO] 2020-11-05 22:48:25,878: [move_base-4] restarting process
[roslaunch][INFO] 2020-11-05 22:48:25,879: process[move_base-4]: restarting os process
[roslaunch][INFO] 2020-11-05 22:48:25,879: process[move_base-4]: start w/ args [[u'/opt/ros/indigo/lib/move_base/move_base', u'cmd_vel:=cmd_vel', u'odom:=odom', u'map:=map', u'__name:=move_base', u'__log:=/home/fetch/.ros/log/689f4422-1ff8-11eb-a56e-000babe55698/move_base-4.log']]
[roslaunch][INFO] 2020-11-05 22:48:25,879: process[move_base-4]: cwd will be [/home/fetch/.ros]
[roslaunch][INFO] 2020-11-05 22:48:25,880: process[move_base-4]: started with pid [11889]
[roslaunch][INFO] 2020-11-05 22:48:26,782: [move_base-4] process has finished cleanly
log file: /home/fetch/.ros/log/689f4422-1ff8-11eb-a56e-000babe55698/move_base-4*.log
[roslaunch][INFO] 2020-11-05 22:48:26,783: [move_base-4] restarting process
[roslaunch][INFO] 2020-11-05 22:48:26,783: process[move_base-4]: restarting os process
[roslaunch][INFO] 2020-11-05 22:48:26,783: process[move_base-4]: start w/ args [[u'/opt/ros/indigo/lib/move_base/move_base', u'cmd_vel:=cmd_vel', u'odom:=odom', u'map:=map', u'__name:=move_base', u'__log:=/home/fetch/.ros/log/689f4422-1ff8-11eb-a56e-000babe55698/move_base-4.log']]
[roslaunch][INFO] 2020-11-05 22:48:26,783: process[move_base-4]: cwd will be [/home/fetch/.ros]
[roslaunch][INFO] 2020-11-05 22:48:26,784: process[move_base-4]: started with pid [13530]
[roslaunch.pmon][INFO] 2020-11-05 22:48:26,892: ProcessMonitor.shutdown <ProcessMonitor(ProcessMonitor-1, started daemon 140274701391616)>
[roslaunch.pmon][INFO] 2020-11-05 22:48:26,985: ProcessMonitor._post_run <ProcessMonitor(ProcessMonitor-1, started daemon 140274701391616)>
[roslaunch.pmon][INFO] 2020-11-05 22:48:26,985: ProcessMonitor._post_run <ProcessMonitor(ProcessMonitor-1, started daemon 140274701391616)>: remaining procs are [<roslaunch.nodeprocess.LocalProcess object at 0x7f943fdfdc90>, <roslaunch.nodeprocess.LocalProcess object at 0x7f943fdfd150>, <roslaunch.nodeprocess.LocalProcess object at 0x7f943fdfded0>, <roslaunch.nodeprocess.LocalProcess object at 0x7f943fe27fd0>]
[roslaunch.pmon][INFO] 2020-11-05 22:48:26,985: ProcessMonitor exit: killing move_base-4
[roslaunch][INFO] 2020-11-05 22:48:26,985: [move_base-4] killing on exit
[roslaunch.pmon][INFO] 2020-11-05 22:48:26,986: ProcessMonitor exit: killing amcl-3
[roslaunch][INFO] 2020-11-05 22:48:26,986: process[move_base-4]: killing os process with pid[13530] pgid[13530]
[roslaunch.pmon][INFO] 2020-11-05 22:48:26,986: ProcessMonitor exit: killing rviz-2
[roslaunch][INFO] 2020-11-05 22:48:26,986: [amcl-3] killing on exit
[roslaunch][INFO] 2020-11-05 22:48:26,986: [move_base-4] sending SIGINT to pgid [13530]
[roslaunch][INFO] 2020-11-05 22:48:26,987: [move_base-4] sent SIGINT to pgid [13530]
[roslaunch][INFO] 2020-11-05 22:48:26,986: [rviz-2] killing on exit
[roslaunch][INFO] 2020-11-05 22:48:26,987: process[rviz-2]: killing os process with pid[14446] pgid[14446]
[roslaunch.pmon][INFO] 2020-11-05 22:48:26,987: ProcessMonitor exit: killing map_server-1
[roslaunch][INFO] 2020-11-05 22:48:26,987: [rviz-2] sending SIGINT to pgid [14446]
[roslaunch][INFO] 2020-11-05 22:48:26,987: [map_server-1] killing on exit
[roslaunch][INFO] 2020-11-05 22:48:26,989: process[map_server-1]: killing os process with pid[14445] pgid[14445]
[roslaunch][INFO] 2020-11-05 22:48:26,989: [rviz-2] sent SIGINT to pgid [14446]
[roslaunch][INFO] 2020-11-05 22:48:26,989: [map_server-1] sending SIGINT to pgid [14445]
[roslaunch][INFO] 2020-11-05 22:48:26,987: process[amcl-3]: killing os process with pid[14447] pgid[14447]
[roslaunch][INFO] 2020-11-05 22:48:26,990: [map_server-1] sent SIGINT to pgid [14445]
[roslaunch][INFO] 2020-11-05 22:48:26,990: [amcl-3] sending SIGINT to pgid [14447]
[roslaunch][INFO] 2020-11-05 22:48:26,990: [amcl-3] sent SIGINT to pgid [14447]
[roslaunch][INFO] 2020-11-05 22:48:27,190: process[map_server-1]: SIGINT killed with return value 0
[roslaunch][INFO] 2020-11-05 22:48:27,290: process[amcl-3]: SIGINT killed with return value 0
[roslaunch][INFO] 2020-11-05 22:48:27,688: process[move_base-4]: SIGINT killed with return value 0
[roslaunch][INFO] 2020-11-05 22:48:27,891: process[rviz-2]: SIGINT killed with return value 0
[roslaunch.pmon][INFO] 2020-11-05 22:48:27,892: ProcessMonitor exit: cleaning up data structures and signals
[roslaunch.pmon][INFO] 2020-11-05 22:48:27,892: ProcessMonitor exit: pmon has shutdown
[roslaunch][INFO] 2020-11-05 22:48:27,907: process monitor is done spinning, initiating full shutdown
[roslaunch][INFO] 2020-11-05 22:48:27,907: runner.stop()
[roslaunch][INFO] 2020-11-05 22:48:27,907: shutting down processing monitor...
[roslaunch][INFO] 2020-11-05 22:48:27,907: shutting down processing monitor <ProcessMonitor(ProcessMonitor-1, stopped daemon 140274701391616)>
[roslaunch.pmon][INFO] 2020-11-05 22:48:27,907: ProcessMonitor.shutdown <ProcessMonitor(ProcessMonitor-1, stopped daemon 140274701391616)>
[roslaunch][INFO] 2020-11-05 22:48:27,907: ... shutting down processing monitor complete
[roslaunch][INFO] 2020-11-05 22:48:27,907: done
[roslaunch.pmon][INFO] 2020-11-05 22:48:27,907: ProcessMonitor.shutdown <ProcessMonitor(ProcessMonitor-1, stopped daemon 140274701391616)>
[rospy.core][INFO] 2020-11-05 22:48:27,907: signal_shutdown [atexit]
