gnome-session[1501]: Gdk-WARNING: gnome-session: Fatal IO error 11 (Resource temporarily unavailable) on X server :0.


(unity-fallback-mount-helper:1788): Gdk-WARNING **: unity-fallback-mount-helper: Fatal IO error 11 (Resource temporarily unavailable) on X server :0.

gnome-session[1489]: WARNING: Could not parse desktop file indicator-printers.desktop or it references a not found TryExec binary
gnome-session[1489]: WARNING: Could not parse desktop file update-notifier.desktop or it references a not found TryExec binary
GNOME_KEYRING_CONTROL=/run/user/1000/keyring-2WexxV
SSH_AUTH_SOCK=/run/user/1000/keyring-2WexxV/ssh
GPG_AGENT_INFO=/run/user/1000/keyring-2WexxV/gpg:0:1
GNOME_KEYRING_CONTROL=/run/user/1000/keyring-2WexxV
SSH_AUTH_SOCK=/run/user/1000/keyring-2WexxV/ssh
GPG_AGENT_INFO=/run/user/1000/keyring-2WexxV/gpg:0:1
GNOME_KEYRING_CONTROL=/run/user/1000/keyring-2WexxV
SSH_AUTH_SOCK=/run/user/1000/keyring-2WexxV/ssh
GPG_AGENT_INFO=/run/user/1000/keyring-2WexxV/gpg:0:1
GNOME_KEYRING_CONTROL=/run/user/1000/keyring-2WexxV
SSH_AUTH_SOCK=/run/user/1000/keyring-2WexxV/ssh
GPG_AGENT_INFO=/run/user/1000/keyring-2WexxV/gpg:0:1
compiz (core) - Info: Loading plugin: core
compiz (core) - Info: Starting plugin: core
compiz (core) - Info: Loading plugin: ccp
compiz (core) - Info: Starting plugin: ccp
compizconfig - Info: Backend     : gsettings
compizconfig - Info: Integration : true
compizconfig - Info: Profile     : unity

(process:1788): indicator-application-service-WARNING **: Unable to get watcher name 'org.kde.StatusNotifierWatcher'

(process:1788): indicator-application-service-WARNING **: Name Lost
compiz (core) - Info: Loading plugin: composite
compiz (core) - Info: Starting plugin: composite
compiz (core) - Info: Loading plugin: opengl
compiz (core) - Info: Unity is fully supported by your hardware.
compiz (core) - Info: Unity is not supported by your hardware. Enabling software rendering instead (slow).
compiz (core) - Info: Starting plugin: opengl
compiz (core) - Info: Loading plugin: grid
compiz (core) - Info: Starting plugin: grid
compiz (core) - Info: Loading plugin: snap
compiz (core) - Info: Starting plugin: snap
compiz (core) - Info: Loading plugin: place
compiz (core) - Info: Starting plugin: place
compiz (core) - Info: Loading plugin: move
compiz (core) - Info: Starting plugin: move
compiz (core) - Info: Loading plugin: compiztoolbox
compiz (core) - Info: Starting plugin: compiztoolbox
compiz (core) - Info: Loading plugin: regex
compiz (core) - Info: Starting plugin: regex
compiz (core) - Info: Loading plugin: wall
compiz (core) - Info: Starting plugin: wall
compiz (core) - Info: Loading plugin: vpswitch
compiz (core) - Info: Starting plugin: vpswitch
compiz (core) - Info: Loading plugin: animation
compiz (core) - Info: Starting plugin: animation
compiz (core) - Info: Loading plugin: commands
compiz (core) - Info: Starting plugin: commands
compiz (core) - Info: Loading plugin: resize
compiz (core) - Info: Starting plugin: resize
compiz (core) - Info: Loading plugin: copytex
compiz (core) - Info: Starting plugin: copytex
compiz (core) - Info: Loading plugin: imgpng
compiz (core) - Info: Starting plugin: imgpng
compiz (core) - Info: Loading plugin: unitymtgrabhandles
compiz (core) - Info: Starting plugin: unitymtgrabhandles
compiz (core) - Info: Loading plugin: expo
compiz (core) - Info: Starting plugin: expo
compiz (core) - Info: Loading plugin: mousepoll
compiz (core) - Info: Starting plugin: mousepoll
compiz (core) - Info: Loading plugin: session
compiz (core) - Info: Starting plugin: session
I/O warning : failed to load external entity "/home/fetch/.compiz/session/1025f9744e41cad5cd160506629192353000000014890001"
compiz (core) - Info: Loading plugin: workarounds
compiz (core) - Info: Starting plugin: workarounds
compiz (core) - Info: Loading plugin: fade
compiz (core) - Info: Starting plugin: fade
compiz (core) - Info: Loading plugin: ezoom
compiz (core) - Info: Starting plugin: ezoom
compiz (core) - Info: Loading plugin: scale
compiz (core) - Info: Starting plugin: scale
compiz (core) - Info: Loading plugin: unityshell
compiz (core) - Info: Starting plugin: unityshell
WARN  2020-11-10 19:44:52 unity.screen UScreen.cpp:126 UScreen::GetMonitorName: Failed to get monitor name for monitor0
WARN  2020-11-10 19:44:52 unity.glib.dbus.server GLibDBusServer.cpp:579 Can't register object 'org.gnome.Shell' yet as we don't have a connection, waiting for it...
ERROR 2020-11-10 19:44:52 unity.debug.interface DebugDBusInterface.cpp:216 Unable to load entry point in libxpathselect: libxpathselect.so.1.4: cannot open shared object file: No such file or directory
WARN  2020-11-10 19:44:52 xim.controller XIMController.cpp:103 IBus natively supported.
WARN  2020-11-10 19:44:52 unity.glib.dbus.server GLibDBusServer.cpp:579 Can't register object 'com.canonical.Unity.Launcher' yet as we don't have a connection, waiting for it...
WARN  2020-11-10 19:44:52 unity.glib.dbus.server GLibDBusServer.cpp:579 Can't register object 'com.canonical.Unity.Dash' yet as we don't have a connection, waiting for it...
WARN  2020-11-10 19:44:52 unity.glib.dbus.server GLibDBusServer.cpp:579 Can't register object 'org.gnome.SessionManager.EndSessionDialog' yet as we don't have a connection, waiting for it...
WARN  2020-11-10 19:44:52 unity.glib.dbus.server GLibDBusServer.cpp:579 Can't register object 'com.canonical.Unity.Session' yet as we don't have a connection, waiting for it...
WARN  2020-11-10 19:44:52 unity.glib.dbus.server GLibDBusServer.cpp:579 Can't register object 'org.gnome.ScreenSaver' yet as we don't have a connection, waiting for it...
WARN  2020-11-10 19:44:52 unityo (appinfo2) <unknown>:0 g_settings_set_value: value for key 'visual-bell-type' in schema 'org.gnome.desktop.wm.preferences' is outside of valid range
WARN  2020-11-10 19:44:52 unityo (appinfo2) <unknown>:0 g_settings_set_value: value for key 'visual-bell-type' in schema 'org.gnome.desktop.wm.preferences' is outside of valid range
WARN  2020-11-10 19:44:52 unityo (appinfo2) <unknown>:0 g_settings_set_value: value for key 'visual-bell-type' in schema 'org.gnome.desktop.wm.preferences' is outside of valid range
ERROR 2020-11-10 19:44:52 unity.glib.dbus.server GLibDBusServer.cpp:524 DBus name lost 'org.gnome.Shell'
ERROR 2020-11-10 19:44:52 unity.glib.dbus.server GLibDBusServer.cpp:524 DBus name lost 'com.canonical.Unity'

(nm-applet:1790): nm-applet-WARNING **: Could not find ShellVersion property on org.gnome.Shell after 5 tries

(zeitgeist-datahub:3112): GLib-GObject-WARNING **: invalid (NULL) pointer instance

(zeitgeist-datahub:3112): GLib-GObject-CRITICAL **: g_signal_connect_data: assertion 'G_TYPE_CHECK_INSTANCE (instance)' failed

** (zeitgeist-datahub:3112): WARNING **: recent-manager-provider.vala:132: Desktop file for "file:///home/fetch/.rviz/default.rviz" was not found, exec: rviz, mime_type: application/octet-stream

** (zeitgeist-datahub:3112): WARNING **: recent-manager-provider.vala:132: Desktop file for "file:///opt/ros/indigo/share/fetch_navigation/config/navigation.rviz" was not found, exec: rviz, mime_type: application/octet-stream
ERROR 2020-11-10 19:50:03 unity <unknown>:0 atk_object_ref_state_set: assertion 'ATK_IS_OBJECT (accessible)' failed
ERROR 2020-11-10 19:50:03 unity <unknown>:0 atk_state_set_contains_state: assertion 'ATK_IS_STATE_SET (set)' failed
ERROR 2020-11-10 19:50:03 unityte <unknown>:0 g_object_unref: assertion 'G_IS_OBJECT (object)' failed
