[roslaunch][INFO] 2018-12-04 21:52:07,105: Checking log directory for disk usage. This may take awhile.
Press Ctrl-C to interrupt
[roslaunch][INFO] 2018-12-04 21:52:07,107: Done checking log file disk usage. Usage is <1GB.
[roslaunch][INFO] 2018-12-04 21:52:07,107: roslaunch starting with args ['/opt/ros/indigo/bin/roslaunch', 'fetch_auto_dock', 'auto_dock.launch']
[roslaunch][INFO] 2018-12-04 21:52:07,107: roslaunch env is {'LC_NUMERIC': 'ko_KR.UTF-8', 'ROS_DISTRO': 'indigo', 'LESSOPEN': '| /usr/bin/lesspipe %s', 'SSH_CLIENT': '192.168.0.11 49426 22', 'CPATH': '/home/fetch/catkin_ws/devel/include:/opt/ros/indigo/include', 'LOGNAME': 'fetch', 'USER': 'fetch', 'ROS_PACKAGE_PATH': '/home/fetch/catkin_ws/src:/opt/ros/indigo/share:/opt/ros/indigo/stacks', 'LC_PAPER': 'ko_KR.UTF-8', 'PATH': '/opt/ros/indigo/bin:/usr/local/sbin:/usr/local/bin:/usr/sbin:/usr/bin:/sbin:/bin:/usr/games:/usr/local/games', 'CMAKE_PREFIX_PATH': '/home/fetch/catkin_ws/devel:/opt/ros/indigo', 'LD_LIBRARY_PATH': '/home/fetch/catkin_ws/devel/lib:/opt/ros/indigo/lib:/opt/ros/indigo/lib/x86_64-linux-gnu', 'LANG': 'en_US.UTF-8', 'TERM': 'xterm-256color', 'SHELL': '/bin/bash', 'LC_MONETARY': 'ko_KR.UTF-8', 'QT_QPA_PLATFORMTHEME': 'appmenu-qt5', 'ROS_LOG_FILENAME': '/home/fetch/.ros/log/f3f7cfea-f82b-11e8-9306-000babe55698/roslaunch-freight1207-16218.log', 'ROS_ETC_DIR': '/opt/ros/indigo/etc/ros', 'HOME': '/home/fetch', 'XDG_RUNTIME_DIR': '/run/user/1000', 'LC_ADDRESS': 'ko_KR.UTF-8', 'PYTHONPATH': '/home/fetch/catkin_ws/devel/lib/python2.7/dist-packages:/opt/ros/indigo/lib/python2.7/dist-packages', 'SHLVL': '1', 'ROS_ROOT': '/opt/ros/indigo/share/ros', 'PKG_CONFIG_PATH': '/home/fetch/catkin_ws/devel/lib/pkgconfig:/opt/ros/indigo/lib/pkgconfig:/opt/ros/indigo/lib/x86_64-linux-gnu/pkgconfig', 'LC_ALL': 'C', 'XDG_SESSION_ID': '13', '_': '/opt/ros/indigo/bin/roslaunch', 'LC_IDENTIFICATION': 'ko_KR.UTF-8', 'SSH_CONNECTION': '192.168.0.11 49426 192.168.0.19 22', 'LESSCLOSE': '/usr/bin/lesspipe %s %s', 'SSH_TTY': '/dev/pts/8', 'OLDPWD': '/home/fetch/catkin_ws/src/rostful/rostful/launch', 'LC_TELEPHONE': 'ko_KR.UTF-8', 'LC_MEASUREMENT': 'ko_KR.UTF-8', 'PWD': '/home/fetch', 'ROS_MASTER_URI': 'http://localhost:11311', 'LC_NAME': 'ko_KR.UTF-8', 'MAIL': '/var/mail/fetch', 'LC_TIME': 'ko_KR.UTF-8', 'LS_COLORS': 'rs=0:di=01;34:ln=01;36:mh=00:pi=40;33:so=01;35:do=01;35:bd=40;33;01:cd=40;33;01:or=40;31;01:su=37;41:sg=30;43:ca=30;41:tw=30;42:ow=34;42:st=37;44:ex=01;32:*.tar=01;31:*.tgz=01;31:*.arj=01;31:*.taz=01;31:*.lzh=01;31:*.lzma=01;31:*.tlz=01;31:*.txz=01;31:*.zip=01;31:*.z=01;31:*.Z=01;31:*.dz=01;31:*.gz=01;31:*.lz=01;31:*.xz=01;31:*.bz2=01;31:*.bz=01;31:*.tbz=01;31:*.tbz2=01;31:*.tz=01;31:*.deb=01;31:*.rpm=01;31:*.jar=01;31:*.war=01;31:*.ear=01;31:*.sar=01;31:*.rar=01;31:*.ace=01;31:*.zoo=01;31:*.cpio=01;31:*.7z=01;31:*.rz=01;31:*.jpg=01;35:*.jpeg=01;35:*.gif=01;35:*.bmp=01;35:*.pbm=01;35:*.pgm=01;35:*.ppm=01;35:*.tga=01;35:*.xbm=01;35:*.xpm=01;35:*.tif=01;35:*.tiff=01;35:*.png=01;35:*.svg=01;35:*.svgz=01;35:*.mng=01;35:*.pcx=01;35:*.mov=01;35:*.mpg=01;35:*.mpeg=01;35:*.m2v=01;35:*.mkv=01;35:*.webm=01;35:*.ogm=01;35:*.mp4=01;35:*.m4v=01;35:*.mp4v=01;35:*.vob=01;35:*.qt=01;35:*.nuv=01;35:*.wmv=01;35:*.asf=01;35:*.rm=01;35:*.rmvb=01;35:*.flc=01;35:*.avi=01;35:*.fli=01;35:*.flv=01;35:*.gl=01;35:*.dl=01;35:*.xcf=01;35:*.xwd=01;35:*.yuv=01;35:*.cgm=01;35:*.emf=01;35:*.axv=01;35:*.anx=01;35:*.ogv=01;35:*.ogx=01;35:*.aac=00;36:*.au=00;36:*.flac=00;36:*.mid=00;36:*.midi=00;36:*.mka=00;36:*.mp3=00;36:*.mpc=00;36:*.ogg=00;36:*.ra=00;36:*.wav=00;36:*.axa=00;36:*.oga=00;36:*.spx=00;36:*.xspf=00;36:'}
[roslaunch][INFO] 2018-12-04 21:52:07,107: starting in server mode
[roslaunch.parent][INFO] 2018-12-04 21:52:07,108: starting roslaunch parent run
[roslaunch][INFO] 2018-12-04 21:52:07,108: loading roscore config file /opt/ros/indigo/etc/ros/roscore.xml
[roslaunch][INFO] 2018-12-04 21:52:07,165: Added core node of type [rosout/rosout] in namespace [/]
[roslaunch.config][INFO] 2018-12-04 21:52:07,165: loading config file /opt/ros/indigo/share/fetch_auto_dock/launch/auto_dock.launch
[roslaunch][INFO] 2018-12-04 21:52:07,165: Added node of type [fetch_auto_dock/auto_dock] in namespace [/]
[roslaunch][INFO] 2018-12-04 21:52:07,165: Added node of type [fetch_auto_dock/dock_on_button.py] in namespace [/]
[roslaunch][INFO] 2018-12-04 21:52:07,166: Added node of type [fetch_auto_dock/undock_on_button.py] in namespace [/]
[roslaunch][INFO] 2018-12-04 21:52:07,166: ... selected machine [] for node of type [fetch_auto_dock/auto_dock]
[roslaunch][INFO] 2018-12-04 21:52:07,166: ... selected machine [] for node of type [fetch_auto_dock/dock_on_button.py]
[roslaunch][INFO] 2018-12-04 21:52:07,166: ... selected machine [] for node of type [fetch_auto_dock/undock_on_button.py]
[roslaunch.pmon][INFO] 2018-12-04 21:52:07,166: start_process_monitor: creating ProcessMonitor
[roslaunch.pmon][INFO] 2018-12-04 21:52:07,167: created process monitor <ProcessMonitor(ProcessMonitor-1, initial daemon)>
[roslaunch.pmon][INFO] 2018-12-04 21:52:07,167: start_process_monitor: ProcessMonitor started
[roslaunch.parent][INFO] 2018-12-04 21:52:07,167: starting parent XML-RPC server
[roslaunch.server][INFO] 2018-12-04 21:52:07,167: starting roslaunch XML-RPC server
[roslaunch.server][INFO] 2018-12-04 21:52:07,167: waiting for roslaunch XML-RPC server to initialize
[xmlrpc][INFO] 2018-12-04 21:52:07,167: XML-RPC server binding to 0.0.0.0:0
[xmlrpc][INFO] 2018-12-04 21:52:07,167: Started XML-RPC server [http://freight1207:40868/]
[xmlrpc][INFO] 2018-12-04 21:52:07,167: xml rpc node: starting XML-RPC server
[roslaunch][INFO] 2018-12-04 21:52:07,178: started roslaunch server http://freight1207:40868/
[roslaunch.parent][INFO] 2018-12-04 21:52:07,178: ... parent XML-RPC server started
[roslaunch][INFO] 2018-12-04 21:52:07,178: master.is_running[http://localhost:11311]
[roslaunch][INFO] 2018-12-04 21:52:07,179: master.is_running[http://localhost:11311]
[roslaunch][INFO] 2018-12-04 21:52:07,180: ROS_MASTER_URI=http://localhost:11311
[roslaunch][INFO] 2018-12-04 21:52:07,181: setting /roslaunch/uris/host_freight1207__40868' to http://freight1207:40868/
[roslaunch][INFO] 2018-12-04 21:52:07,183: load_parameters starting ...
[roslaunch][INFO] 2018-12-04 21:52:07,184: ... load_parameters complete
[roslaunch][INFO] 2018-12-04 21:52:07,184: launch_nodes: launching local nodes ...
[roslaunch][INFO] 2018-12-04 21:52:07,185: ... preparing to launch node of type [fetch_auto_dock/auto_dock]
[roslaunch][INFO] 2018-12-04 21:52:07,185: create_node_process: package[fetch_auto_dock] type[auto_dock] machine[Machine(name[] env_loader[None] address[localhost] ssh_port[22] user[None] assignable[True] timeout[10.0])] master_uri[http://localhost:11311]
[roslaunch][INFO] 2018-12-04 21:52:07,185: process[auto_dock-1]: env[{'LC_NUMERIC': 'ko_KR.UTF-8', 'ROS_DISTRO': 'indigo', 'LC_MEASUREMENT': 'ko_KR.UTF-8', 'LESSOPEN': '| /usr/bin/lesspipe %s', 'SSH_CLIENT': '192.168.0.11 49426 22', 'CPATH': '/home/fetch/catkin_ws/devel/include:/opt/ros/indigo/include', 'LOGNAME': 'fetch', 'USER': 'fetch', 'HOME': '/home/fetch', 'LC_PAPER': 'ko_KR.UTF-8', 'PATH': '/opt/ros/indigo/bin:/usr/local/sbin:/usr/local/bin:/usr/sbin:/usr/bin:/sbin:/bin:/usr/games:/usr/local/games', 'CMAKE_PREFIX_PATH': '/home/fetch/catkin_ws/devel:/opt/ros/indigo', 'ROS_LOG_FILENAME': '/home/fetch/.ros/log/f3f7cfea-f82b-11e8-9306-000babe55698/roslaunch-freight1207-16218.log', 'LANG': 'en_US.UTF-8', 'TERM': 'xterm-256color', 'SHELL': '/bin/bash', 'LC_MONETARY': 'ko_KR.UTF-8', 'QT_QPA_PLATFORMTHEME': 'appmenu-qt5', 'LD_LIBRARY_PATH': '/home/fetch/catkin_ws/devel/lib:/opt/ros/indigo/lib:/opt/ros/indigo/lib/x86_64-linux-gnu', 'ROS_MASTER_URI': 'http://localhost:11311', 'LC_ALL': 'C', 'XDG_RUNTIME_DIR': '/run/user/1000', 'LC_ADDRESS': 'ko_KR.UTF-8', 'PYTHONPATH': '/home/fetch/catkin_ws/devel/lib/python2.7/dist-packages:/opt/ros/indigo/lib/python2.7/dist-packages', 'ROS_ROOT': '/opt/ros/indigo/share/ros', 'PKG_CONFIG_PATH': '/home/fetch/catkin_ws/devel/lib/pkgconfig:/opt/ros/indigo/lib/pkgconfig:/opt/ros/indigo/lib/x86_64-linux-gnu/pkgconfig', 'ROS_PACKAGE_PATH': '/home/fetch/catkin_ws/src:/opt/ros/indigo/share:/opt/ros/indigo/stacks', 'XDG_SESSION_ID': '13', '_': '/opt/ros/indigo/bin/roslaunch', 'LC_IDENTIFICATION': 'ko_KR.UTF-8', 'LS_COLORS': 'rs=0:di=01;34:ln=01;36:mh=00:pi=40;33:so=01;35:do=01;35:bd=40;33;01:cd=40;33;01:or=40;31;01:su=37;41:sg=30;43:ca=30;41:tw=30;42:ow=34;42:st=37;44:ex=01;32:*.tar=01;31:*.tgz=01;31:*.arj=01;31:*.taz=01;31:*.lzh=01;31:*.lzma=01;31:*.tlz=01;31:*.txz=01;31:*.zip=01;31:*.z=01;31:*.Z=01;31:*.dz=01;31:*.gz=01;31:*.lz=01;31:*.xz=01;31:*.bz2=01;31:*.bz=01;31:*.tbz=01;31:*.tbz2=01;31:*.tz=01;31:*.deb=01;31:*.rpm=01;31:*.jar=01;31:*.war=01;31:*.ear=01;31:*.sar=01;31:*.rar=01;31:*.ace=01;31:*.zoo=01;31:*.cpio=01;31:*.7z=01;31:*.rz=01;31:*.jpg=01;35:*.jpeg=01;35:*.gif=01;35:*.bmp=01;35:*.pbm=01;35:*.pgm=01;35:*.ppm=01;35:*.tga=01;35:*.xbm=01;35:*.xpm=01;35:*.tif=01;35:*.tiff=01;35:*.png=01;35:*.svg=01;35:*.svgz=01;35:*.mng=01;35:*.pcx=01;35:*.mov=01;35:*.mpg=01;35:*.mpeg=01;35:*.m2v=01;35:*.mkv=01;35:*.webm=01;35:*.ogm=01;35:*.mp4=01;35:*.m4v=01;35:*.mp4v=01;35:*.vob=01;35:*.qt=01;35:*.nuv=01;35:*.wmv=01;35:*.asf=01;35:*.rm=01;35:*.rmvb=01;35:*.flc=01;35:*.avi=01;35:*.fli=01;35:*.flv=01;35:*.gl=01;35:*.dl=01;35:*.xcf=01;35:*.xwd=01;35:*.yuv=01;35:*.cgm=01;35:*.emf=01;35:*.axv=01;35:*.anx=01;35:*.ogv=01;35:*.ogx=01;35:*.aac=00;36:*.au=00;36:*.flac=00;36:*.mid=00;36:*.midi=00;36:*.mka=00;36:*.mp3=00;36:*.mpc=00;36:*.ogg=00;36:*.ra=00;36:*.wav=00;36:*.axa=00;36:*.oga=00;36:*.spx=00;36:*.xspf=00;36:', 'LESSCLOSE': '/usr/bin/lesspipe %s %s', 'SSH_TTY': '/dev/pts/8', 'OLDPWD': '/home/fetch/catkin_ws/src/rostful/rostful/launch', 'LC_TELEPHONE': 'ko_KR.UTF-8', 'SHLVL': '1', 'PWD': '/home/fetch', 'ROS_ETC_DIR': '/opt/ros/indigo/etc/ros', 'LC_NAME': 'ko_KR.UTF-8', 'MAIL': '/var/mail/fetch', 'LC_TIME': 'ko_KR.UTF-8', 'SSH_CONNECTION': '192.168.0.11 49426 192.168.0.19 22'}]
[roslaunch][INFO] 2018-12-04 21:52:07,202: process[auto_dock-1]: args[[u'/opt/ros/indigo/lib/fetch_auto_dock/auto_dock', u'__name:=auto_dock']]
[roslaunch][INFO] 2018-12-04 21:52:07,202: ... created process [auto_dock-1]
[roslaunch.pmon][INFO] 2018-12-04 21:52:07,202: ProcessMonitor.register[auto_dock-1]
[roslaunch.pmon][INFO] 2018-12-04 21:52:07,202: ProcessMonitor.register[auto_dock-1] complete
[roslaunch][INFO] 2018-12-04 21:52:07,202: ... registered process [auto_dock-1]
[roslaunch][INFO] 2018-12-04 21:52:07,202: process[auto_dock-1]: starting os process
[roslaunch][INFO] 2018-12-04 21:52:07,202: process[auto_dock-1]: start w/ args [[u'/opt/ros/indigo/lib/fetch_auto_dock/auto_dock', u'__name:=auto_dock', u'__log:=/home/fetch/.ros/log/f3f7cfea-f82b-11e8-9306-000babe55698/auto_dock-1.log']]
[roslaunch][INFO] 2018-12-04 21:52:07,202: process[auto_dock-1]: cwd will be [/home/fetch/.ros]
[roslaunch][INFO] 2018-12-04 21:52:07,204: process[auto_dock-1]: started with pid [16236]
[roslaunch][INFO] 2018-12-04 21:52:07,204: ... successfully launched [auto_dock-1]
[roslaunch][INFO] 2018-12-04 21:52:07,204: ... preparing to launch node of type [fetch_auto_dock/dock_on_button.py]
[roslaunch][INFO] 2018-12-04 21:52:07,204: create_node_process: package[fetch_auto_dock] type[dock_on_button.py] machine[Machine(name[] env_loader[None] address[localhost] ssh_port[22] user[None] assignable[True] timeout[10.0])] master_uri[http://localhost:11311]
[roslaunch][INFO] 2018-12-04 21:52:07,205: process[dock_on_button-2]: env[{'LC_NUMERIC': 'ko_KR.UTF-8', 'ROS_DISTRO': 'indigo', 'LC_MEASUREMENT': 'ko_KR.UTF-8', 'LESSOPEN': '| /usr/bin/lesspipe %s', 'SSH_CLIENT': '192.168.0.11 49426 22', 'CPATH': '/home/fetch/catkin_ws/devel/include:/opt/ros/indigo/include', 'LOGNAME': 'fetch', 'USER': 'fetch', 'HOME': '/home/fetch', 'LC_PAPER': 'ko_KR.UTF-8', 'PATH': '/opt/ros/indigo/bin:/usr/local/sbin:/usr/local/bin:/usr/sbin:/usr/bin:/sbin:/bin:/usr/games:/usr/local/games', 'CMAKE_PREFIX_PATH': '/home/fetch/catkin_ws/devel:/opt/ros/indigo', 'ROS_LOG_FILENAME': '/home/fetch/.ros/log/f3f7cfea-f82b-11e8-9306-000babe55698/roslaunch-freight1207-16218.log', 'LANG': 'en_US.UTF-8', 'TERM': 'xterm-256color', 'SHELL': '/bin/bash', 'LC_MONETARY': 'ko_KR.UTF-8', 'QT_QPA_PLATFORMTHEME': 'appmenu-qt5', 'LD_LIBRARY_PATH': '/home/fetch/catkin_ws/devel/lib:/opt/ros/indigo/lib:/opt/ros/indigo/lib/x86_64-linux-gnu', 'ROS_MASTER_URI': 'http://localhost:11311', 'LC_ALL': 'C', 'XDG_RUNTIME_DIR': '/run/user/1000', 'LC_ADDRESS': 'ko_KR.UTF-8', 'PYTHONPATH': '/home/fetch/catkin_ws/devel/lib/python2.7/dist-packages:/opt/ros/indigo/lib/python2.7/dist-packages', 'ROS_ROOT': '/opt/ros/indigo/share/ros', 'PKG_CONFIG_PATH': '/home/fetch/catkin_ws/devel/lib/pkgconfig:/opt/ros/indigo/lib/pkgconfig:/opt/ros/indigo/lib/x86_64-linux-gnu/pkgconfig', 'ROS_PACKAGE_PATH': '/home/fetch/catkin_ws/src:/opt/ros/indigo/share:/opt/ros/indigo/stacks', 'XDG_SESSION_ID': '13', '_': '/opt/ros/indigo/bin/roslaunch', 'LC_IDENTIFICATION': 'ko_KR.UTF-8', 'LS_COLORS': 'rs=0:di=01;34:ln=01;36:mh=00:pi=40;33:so=01;35:do=01;35:bd=40;33;01:cd=40;33;01:or=40;31;01:su=37;41:sg=30;43:ca=30;41:tw=30;42:ow=34;42:st=37;44:ex=01;32:*.tar=01;31:*.tgz=01;31:*.arj=01;31:*.taz=01;31:*.lzh=01;31:*.lzma=01;31:*.tlz=01;31:*.txz=01;31:*.zip=01;31:*.z=01;31:*.Z=01;31:*.dz=01;31:*.gz=01;31:*.lz=01;31:*.xz=01;31:*.bz2=01;31:*.bz=01;31:*.tbz=01;31:*.tbz2=01;31:*.tz=01;31:*.deb=01;31:*.rpm=01;31:*.jar=01;31:*.war=01;31:*.ear=01;31:*.sar=01;31:*.rar=01;31:*.ace=01;31:*.zoo=01;31:*.cpio=01;31:*.7z=01;31:*.rz=01;31:*.jpg=01;35:*.jpeg=01;35:*.gif=01;35:*.bmp=01;35:*.pbm=01;35:*.pgm=01;35:*.ppm=01;35:*.tga=01;35:*.xbm=01;35:*.xpm=01;35:*.tif=01;35:*.tiff=01;35:*.png=01;35:*.svg=01;35:*.svgz=01;35:*.mng=01;35:*.pcx=01;35:*.mov=01;35:*.mpg=01;35:*.mpeg=01;35:*.m2v=01;35:*.mkv=01;35:*.webm=01;35:*.ogm=01;35:*.mp4=01;35:*.m4v=01;35:*.mp4v=01;35:*.vob=01;35:*.qt=01;35:*.nuv=01;35:*.wmv=01;35:*.asf=01;35:*.rm=01;35:*.rmvb=01;35:*.flc=01;35:*.avi=01;35:*.fli=01;35:*.flv=01;35:*.gl=01;35:*.dl=01;35:*.xcf=01;35:*.xwd=01;35:*.yuv=01;35:*.cgm=01;35:*.emf=01;35:*.axv=01;35:*.anx=01;35:*.ogv=01;35:*.ogx=01;35:*.aac=00;36:*.au=00;36:*.flac=00;36:*.mid=00;36:*.midi=00;36:*.mka=00;36:*.mp3=00;36:*.mpc=00;36:*.ogg=00;36:*.ra=00;36:*.wav=00;36:*.axa=00;36:*.oga=00;36:*.spx=00;36:*.xspf=00;36:', 'LESSCLOSE': '/usr/bin/lesspipe %s %s', 'SSH_TTY': '/dev/pts/8', 'OLDPWD': '/home/fetch/catkin_ws/src/rostful/rostful/launch', 'LC_TELEPHONE': 'ko_KR.UTF-8', 'SHLVL': '1', 'PWD': '/home/fetch', 'ROS_ETC_DIR': '/opt/ros/indigo/etc/ros', 'LC_NAME': 'ko_KR.UTF-8', 'MAIL': '/var/mail/fetch', 'LC_TIME': 'ko_KR.UTF-8', 'SSH_CONNECTION': '192.168.0.11 49426 192.168.0.19 22'}]
[roslaunch][INFO] 2018-12-04 21:52:07,205: process[dock_on_button-2]: args[[u'/opt/ros/indigo/lib/fetch_auto_dock/dock_on_button.py', u'__name:=dock_on_button']]
[roslaunch][INFO] 2018-12-04 21:52:07,205: ... created process [dock_on_button-2]
[roslaunch.pmon][INFO] 2018-12-04 21:52:07,205: ProcessMonitor.register[dock_on_button-2]
[roslaunch.pmon][INFO] 2018-12-04 21:52:07,206: ProcessMonitor.register[dock_on_button-2] complete
[roslaunch][INFO] 2018-12-04 21:52:07,206: ... registered process [dock_on_button-2]
[roslaunch][INFO] 2018-12-04 21:52:07,206: process[dock_on_button-2]: starting os process
[roslaunch][INFO] 2018-12-04 21:52:07,206: process[dock_on_button-2]: start w/ args [[u'/opt/ros/indigo/lib/fetch_auto_dock/dock_on_button.py', u'__name:=dock_on_button', u'__log:=/home/fetch/.ros/log/f3f7cfea-f82b-11e8-9306-000babe55698/dock_on_button-2.log']]
[roslaunch][INFO] 2018-12-04 21:52:07,206: process[dock_on_button-2]: cwd will be [/home/fetch/.ros]
[roslaunch][INFO] 2018-12-04 21:52:07,208: process[dock_on_button-2]: started with pid [16237]
[roslaunch][INFO] 2018-12-04 21:52:07,208: ... successfully launched [dock_on_button-2]
[roslaunch][INFO] 2018-12-04 21:52:07,208: ... preparing to launch node of type [fetch_auto_dock/undock_on_button.py]
[roslaunch][INFO] 2018-12-04 21:52:07,208: create_node_process: package[fetch_auto_dock] type[undock_on_button.py] machine[Machine(name[] env_loader[None] address[localhost] ssh_port[22] user[None] assignable[True] timeout[10.0])] master_uri[http://localhost:11311]
[roslaunch][INFO] 2018-12-04 21:52:07,208: process[undock_on_button-3]: env[{'LC_NUMERIC': 'ko_KR.UTF-8', 'ROS_DISTRO': 'indigo', 'LC_MEASUREMENT': 'ko_KR.UTF-8', 'LESSOPEN': '| /usr/bin/lesspipe %s', 'SSH_CLIENT': '192.168.0.11 49426 22', 'CPATH': '/home/fetch/catkin_ws/devel/include:/opt/ros/indigo/include', 'LOGNAME': 'fetch', 'USER': 'fetch', 'HOME': '/home/fetch', 'LC_PAPER': 'ko_KR.UTF-8', 'PATH': '/opt/ros/indigo/bin:/usr/local/sbin:/usr/local/bin:/usr/sbin:/usr/bin:/sbin:/bin:/usr/games:/usr/local/games', 'CMAKE_PREFIX_PATH': '/home/fetch/catkin_ws/devel:/opt/ros/indigo', 'ROS_LOG_FILENAME': '/home/fetch/.ros/log/f3f7cfea-f82b-11e8-9306-000babe55698/roslaunch-freight1207-16218.log', 'LANG': 'en_US.UTF-8', 'TERM': 'xterm-256color', 'SHELL': '/bin/bash', 'LC_MONETARY': 'ko_KR.UTF-8', 'QT_QPA_PLATFORMTHEME': 'appmenu-qt5', 'LD_LIBRARY_PATH': '/home/fetch/catkin_ws/devel/lib:/opt/ros/indigo/lib:/opt/ros/indigo/lib/x86_64-linux-gnu', 'ROS_MASTER_URI': 'http://localhost:11311', 'LC_ALL': 'C', 'XDG_RUNTIME_DIR': '/run/user/1000', 'LC_ADDRESS': 'ko_KR.UTF-8', 'PYTHONPATH': '/home/fetch/catkin_ws/devel/lib/python2.7/dist-packages:/opt/ros/indigo/lib/python2.7/dist-packages', 'ROS_ROOT': '/opt/ros/indigo/share/ros', 'PKG_CONFIG_PATH': '/home/fetch/catkin_ws/devel/lib/pkgconfig:/opt/ros/indigo/lib/pkgconfig:/opt/ros/indigo/lib/x86_64-linux-gnu/pkgconfig', 'ROS_PACKAGE_PATH': '/home/fetch/catkin_ws/src:/opt/ros/indigo/share:/opt/ros/indigo/stacks', 'XDG_SESSION_ID': '13', '_': '/opt/ros/indigo/bin/roslaunch', 'LC_IDENTIFICATION': 'ko_KR.UTF-8', 'LS_COLORS': 'rs=0:di=01;34:ln=01;36:mh=00:pi=40;33:so=01;35:do=01;35:bd=40;33;01:cd=40;33;01:or=40;31;01:su=37;41:sg=30;43:ca=30;41:tw=30;42:ow=34;42:st=37;44:ex=01;32:*.tar=01;31:*.tgz=01;31:*.arj=01;31:*.taz=01;31:*.lzh=01;31:*.lzma=01;31:*.tlz=01;31:*.txz=01;31:*.zip=01;31:*.z=01;31:*.Z=01;31:*.dz=01;31:*.gz=01;31:*.lz=01;31:*.xz=01;31:*.bz2=01;31:*.bz=01;31:*.tbz=01;31:*.tbz2=01;31:*.tz=01;31:*.deb=01;31:*.rpm=01;31:*.jar=01;31:*.war=01;31:*.ear=01;31:*.sar=01;31:*.rar=01;31:*.ace=01;31:*.zoo=01;31:*.cpio=01;31:*.7z=01;31:*.rz=01;31:*.jpg=01;35:*.jpeg=01;35:*.gif=01;35:*.bmp=01;35:*.pbm=01;35:*.pgm=01;35:*.ppm=01;35:*.tga=01;35:*.xbm=01;35:*.xpm=01;35:*.tif=01;35:*.tiff=01;35:*.png=01;35:*.svg=01;35:*.svgz=01;35:*.mng=01;35:*.pcx=01;35:*.mov=01;35:*.mpg=01;35:*.mpeg=01;35:*.m2v=01;35:*.mkv=01;35:*.webm=01;35:*.ogm=01;35:*.mp4=01;35:*.m4v=01;35:*.mp4v=01;35:*.vob=01;35:*.qt=01;35:*.nuv=01;35:*.wmv=01;35:*.asf=01;35:*.rm=01;35:*.rmvb=01;35:*.flc=01;35:*.avi=01;35:*.fli=01;35:*.flv=01;35:*.gl=01;35:*.dl=01;35:*.xcf=01;35:*.xwd=01;35:*.yuv=01;35:*.cgm=01;35:*.emf=01;35:*.axv=01;35:*.anx=01;35:*.ogv=01;35:*.ogx=01;35:*.aac=00;36:*.au=00;36:*.flac=00;36:*.mid=00;36:*.midi=00;36:*.mka=00;36:*.mp3=00;36:*.mpc=00;36:*.ogg=00;36:*.ra=00;36:*.wav=00;36:*.axa=00;36:*.oga=00;36:*.spx=00;36:*.xspf=00;36:', 'LESSCLOSE': '/usr/bin/lesspipe %s %s', 'SSH_TTY': '/dev/pts/8', 'OLDPWD': '/home/fetch/catkin_ws/src/rostful/rostful/launch', 'LC_TELEPHONE': 'ko_KR.UTF-8', 'SHLVL': '1', 'PWD': '/home/fetch', 'ROS_ETC_DIR': '/opt/ros/indigo/etc/ros', 'LC_NAME': 'ko_KR.UTF-8', 'MAIL': '/var/mail/fetch', 'LC_TIME': 'ko_KR.UTF-8', 'SSH_CONNECTION': '192.168.0.11 49426 192.168.0.19 22'}]
[roslaunch][INFO] 2018-12-04 21:52:07,209: process[undock_on_button-3]: args[[u'/opt/ros/indigo/lib/fetch_auto_dock/undock_on_button.py', u'__name:=undock_on_button']]
[roslaunch][INFO] 2018-12-04 21:52:07,209: ... created process [undock_on_button-3]
[roslaunch.pmon][INFO] 2018-12-04 21:52:07,209: ProcessMonitor.register[undock_on_button-3]
[roslaunch.pmon][INFO] 2018-12-04 21:52:07,209: ProcessMonitor.register[undock_on_button-3] complete
[roslaunch][INFO] 2018-12-04 21:52:07,209: ... registered process [undock_on_button-3]
[roslaunch][INFO] 2018-12-04 21:52:07,209: process[undock_on_button-3]: starting os process
[roslaunch][INFO] 2018-12-04 21:52:07,209: process[undock_on_button-3]: start w/ args [[u'/opt/ros/indigo/lib/fetch_auto_dock/undock_on_button.py', u'__name:=undock_on_button', u'__log:=/home/fetch/.ros/log/f3f7cfea-f82b-11e8-9306-000babe55698/undock_on_button-3.log']]
[roslaunch][INFO] 2018-12-04 21:52:07,209: process[undock_on_button-3]: cwd will be [/home/fetch/.ros]
[roslaunch][INFO] 2018-12-04 21:52:07,211: process[undock_on_button-3]: started with pid [16238]
[roslaunch][INFO] 2018-12-04 21:52:07,211: ... successfully launched [undock_on_button-3]
[roslaunch][INFO] 2018-12-04 21:52:07,211: ... launch_nodes complete
[roslaunch.pmon][INFO] 2018-12-04 21:52:07,211: registrations completed <ProcessMonitor(ProcessMonitor-1, started daemon 140135689877248)>
[roslaunch.parent][INFO] 2018-12-04 21:52:07,211: ... roslaunch parent running, waiting for process exit
[roslaunch][INFO] 2018-12-04 21:52:07,211: spin
[roslaunch.pmon][INFO] 2018-12-04 21:57:59,157: ProcessMonitor.shutdown <ProcessMonitor(ProcessMonitor-1, started daemon 140135689877248)>
[roslaunch.pmon][INFO] 2018-12-04 21:57:59,257: ProcessMonitor._post_run <ProcessMonitor(ProcessMonitor-1, started daemon 140135689877248)>
[roslaunch.pmon][INFO] 2018-12-04 21:57:59,257: ProcessMonitor._post_run <ProcessMonitor(ProcessMonitor-1, started daemon 140135689877248)>: remaining procs are [<roslaunch.nodeprocess.LocalProcess object at 0x7f73e2283690>, <roslaunch.nodeprocess.LocalProcess object at 0x7f73e2283bd0>, <roslaunch.nodeprocess.LocalProcess object at 0x7f73e2283e50>]
[roslaunch.pmon][INFO] 2018-12-04 21:57:59,258: ProcessMonitor exit: killing undock_on_button-3
[roslaunch][INFO] 2018-12-04 21:57:59,258: [undock_on_button-3] killing on exit
[roslaunch.pmon][INFO] 2018-12-04 21:57:59,258: ProcessMonitor exit: killing dock_on_button-2
[roslaunch][INFO] 2018-12-04 21:57:59,258: [dock_on_button-2] killing on exit
[roslaunch][INFO] 2018-12-04 21:57:59,258: process[undock_on_button-3]: killing os process with pid[16238] pgid[16238]
[roslaunch][INFO] 2018-12-04 21:57:59,259: [undock_on_button-3] sending SIGINT to pgid [16238]
[roslaunch][INFO] 2018-12-04 21:57:59,259: process[dock_on_button-2]: killing os process with pid[16237] pgid[16237]
[roslaunch][INFO] 2018-12-04 21:57:59,259: [undock_on_button-3] sent SIGINT to pgid [16238]
[roslaunch.pmon][INFO] 2018-12-04 21:57:59,259: ProcessMonitor exit: killing auto_dock-1
[roslaunch][INFO] 2018-12-04 21:57:59,259: [dock_on_button-2] sending SIGINT to pgid [16237]
[roslaunch][INFO] 2018-12-04 21:57:59,259: [auto_dock-1] killing on exit
[roslaunch][INFO] 2018-12-04 21:57:59,259: [dock_on_button-2] sent SIGINT to pgid [16237]
[roslaunch][INFO] 2018-12-04 21:57:59,259: process[auto_dock-1]: killing os process with pid[16236] pgid[16236]
[roslaunch][INFO] 2018-12-04 21:57:59,260: [auto_dock-1] sending SIGINT to pgid [16236]
[roslaunch][INFO] 2018-12-04 21:57:59,260: [auto_dock-1] sent SIGINT to pgid [16236]
[roslaunch][INFO] 2018-12-04 21:57:59,459: process[undock_on_button-3]: SIGINT killed with return value 0
[roslaunch][INFO] 2018-12-04 21:57:59,460: process[dock_on_button-2]: SIGINT killed with return value 0
[roslaunch][INFO] 2018-12-04 21:57:59,560: process[auto_dock-1]: SIGINT killed with return value 0
[roslaunch.pmon][INFO] 2018-12-04 21:57:59,560: ProcessMonitor exit: cleaning up data structures and signals
[roslaunch.pmon][INFO] 2018-12-04 21:57:59,560: ProcessMonitor exit: pmon has shutdown
[roslaunch][INFO] 2018-12-04 21:57:59,572: process monitor is done spinning, initiating full shutdown
[roslaunch][INFO] 2018-12-04 21:57:59,572: runner.stop()
[roslaunch][INFO] 2018-12-04 21:57:59,572: shutting down processing monitor...
[roslaunch][INFO] 2018-12-04 21:57:59,572: shutting down processing monitor <ProcessMonitor(ProcessMonitor-1, stopped daemon 140135689877248)>
[roslaunch.pmon][INFO] 2018-12-04 21:57:59,572: ProcessMonitor.shutdown <ProcessMonitor(ProcessMonitor-1, stopped daemon 140135689877248)>
[roslaunch][INFO] 2018-12-04 21:57:59,572: ... shutting down processing monitor complete
[roslaunch][INFO] 2018-12-04 21:57:59,572: done
[roslaunch.pmon][INFO] 2018-12-04 21:57:59,572: ProcessMonitor.shutdown <ProcessMonitor(ProcessMonitor-1, stopped daemon 140135689877248)>
[rospy.core][INFO] 2018-12-04 21:57:59,572: signal_shutdown [atexit]
