[roslaunch][INFO] 2018-12-04 20:36:30,291: Checking log directory for disk usage. This may take awhile.
Press Ctrl-C to interrupt
[roslaunch][INFO] 2018-12-04 20:36:30,293: Done checking log file disk usage. Usage is <1GB.
[roslaunch][INFO] 2018-12-04 20:36:30,293: roslaunch starting with args ['/opt/ros/indigo/bin/roslaunch', 'robot_local_control.launch']
[roslaunch][INFO] 2018-12-04 20:36:30,293: roslaunch env is {'LC_NUMERIC': 'ko_KR.UTF-8', 'ROS_DISTRO': 'indigo', 'LESSOPEN': '| /usr/bin/lesspipe %s', 'SSH_CLIENT': '192.168.0.11 49340 22', 'CPATH': '/home/fetch/catkin_ws/devel/include:/opt/ros/indigo/include', 'LOGNAME': 'fetch', 'USER': 'fetch', 'ROS_PACKAGE_PATH': '/home/fetch/catkin_ws/src:/opt/ros/indigo/share:/opt/ros/indigo/stacks', 'LC_PAPER': 'ko_KR.UTF-8', 'PATH': '/opt/ros/indigo/bin:/usr/local/sbin:/usr/local/bin:/usr/sbin:/usr/bin:/sbin:/bin:/usr/games:/usr/local/games', 'CMAKE_PREFIX_PATH': '/home/fetch/catkin_ws/devel:/opt/ros/indigo', 'LD_LIBRARY_PATH': '/home/fetch/catkin_ws/devel/lib:/opt/ros/indigo/lib:/opt/ros/indigo/lib/x86_64-linux-gnu', 'LANG': 'en_US.UTF-8', 'TERM': 'xterm-256color', 'SHELL': '/bin/bash', 'LC_MONETARY': 'ko_KR.UTF-8', 'QT_QPA_PLATFORMTHEME': 'appmenu-qt5', 'ROS_LOG_FILENAME': '/home/fetch/.ros/log/f3f7cfea-f82b-11e8-9306-000babe55698/roslaunch-freight1207-3990.log', 'ROS_ETC_DIR': '/opt/ros/indigo/etc/ros', 'HOME': '/home/fetch', 'XDG_RUNTIME_DIR': '/run/user/1000', 'LC_ADDRESS': 'ko_KR.UTF-8', 'PYTHONPATH': '/home/fetch/catkin_ws/devel/lib/python2.7/dist-packages:/opt/ros/indigo/lib/python2.7/dist-packages', 'SHLVL': '1', 'ROS_ROOT': '/opt/ros/indigo/share/ros', 'PKG_CONFIG_PATH': '/home/fetch/catkin_ws/devel/lib/pkgconfig:/opt/ros/indigo/lib/pkgconfig:/opt/ros/indigo/lib/x86_64-linux-gnu/pkgconfig', 'LC_ALL': 'C', 'XDG_SESSION_ID': '9', '_': '/opt/ros/indigo/bin/roslaunch', 'LC_IDENTIFICATION': 'ko_KR.UTF-8', 'SSH_CONNECTION': '192.168.0.11 49340 192.168.0.19 22', 'LESSCLOSE': '/usr/bin/lesspipe %s %s', 'SSH_TTY': '/dev/pts/32', 'OLDPWD': '/home/fetch/catkin_ws/src', 'LC_TELEPHONE': 'ko_KR.UTF-8', 'LC_MEASUREMENT': 'ko_KR.UTF-8', 'PWD': '/home/fetch/catkin_ws/src/robot_local_control/launch', 'ROS_MASTER_URI': 'http://localhost:11311', 'LC_NAME': 'ko_KR.UTF-8', 'MAIL': '/var/mail/fetch', 'LC_TIME': 'ko_KR.UTF-8', 'LS_COLORS': 'rs=0:di=01;34:ln=01;36:mh=00:pi=40;33:so=01;35:do=01;35:bd=40;33;01:cd=40;33;01:or=40;31;01:su=37;41:sg=30;43:ca=30;41:tw=30;42:ow=34;42:st=37;44:ex=01;32:*.tar=01;31:*.tgz=01;31:*.arj=01;31:*.taz=01;31:*.lzh=01;31:*.lzma=01;31:*.tlz=01;31:*.txz=01;31:*.zip=01;31:*.z=01;31:*.Z=01;31:*.dz=01;31:*.gz=01;31:*.lz=01;31:*.xz=01;31:*.bz2=01;31:*.bz=01;31:*.tbz=01;31:*.tbz2=01;31:*.tz=01;31:*.deb=01;31:*.rpm=01;31:*.jar=01;31:*.war=01;31:*.ear=01;31:*.sar=01;31:*.rar=01;31:*.ace=01;31:*.zoo=01;31:*.cpio=01;31:*.7z=01;31:*.rz=01;31:*.jpg=01;35:*.jpeg=01;35:*.gif=01;35:*.bmp=01;35:*.pbm=01;35:*.pgm=01;35:*.ppm=01;35:*.tga=01;35:*.xbm=01;35:*.xpm=01;35:*.tif=01;35:*.tiff=01;35:*.png=01;35:*.svg=01;35:*.svgz=01;35:*.mng=01;35:*.pcx=01;35:*.mov=01;35:*.mpg=01;35:*.mpeg=01;35:*.m2v=01;35:*.mkv=01;35:*.webm=01;35:*.ogm=01;35:*.mp4=01;35:*.m4v=01;35:*.mp4v=01;35:*.vob=01;35:*.qt=01;35:*.nuv=01;35:*.wmv=01;35:*.asf=01;35:*.rm=01;35:*.rmvb=01;35:*.flc=01;35:*.avi=01;35:*.fli=01;35:*.flv=01;35:*.gl=01;35:*.dl=01;35:*.xcf=01;35:*.xwd=01;35:*.yuv=01;35:*.cgm=01;35:*.emf=01;35:*.axv=01;35:*.anx=01;35:*.ogv=01;35:*.ogx=01;35:*.aac=00;36:*.au=00;36:*.flac=00;36:*.mid=00;36:*.midi=00;36:*.mka=00;36:*.mp3=00;36:*.mpc=00;36:*.ogg=00;36:*.ra=00;36:*.wav=00;36:*.axa=00;36:*.oga=00;36:*.spx=00;36:*.xspf=00;36:'}
[roslaunch][INFO] 2018-12-04 20:36:30,293: starting in server mode
[roslaunch.parent][INFO] 2018-12-04 20:36:30,293: starting roslaunch parent run
[roslaunch][INFO] 2018-12-04 20:36:30,294: loading roscore config file /opt/ros/indigo/etc/ros/roscore.xml
[roslaunch][INFO] 2018-12-04 20:36:30,351: Added core node of type [rosout/rosout] in namespace [/]
[roslaunch.config][INFO] 2018-12-04 20:36:30,352: loading config file robot_local_control.launch
[roslaunch][INFO] 2018-12-04 20:36:30,352: Added node of type [robot_local_control/local_control_navigation] in namespace [/]
[roslaunch][INFO] 2018-12-04 20:36:30,352: Added node of type [robot_local_control/local_control_initialpose] in namespace [/]
[roslaunch][INFO] 2018-12-04 20:36:30,352: Added node of type [gaitech_navigation/robot_pose_publisher] in namespace [/]
[roslaunch][INFO] 2018-12-04 20:36:30,352: ... selected machine [] for node of type [robot_local_control/local_control_navigation]
[roslaunch][INFO] 2018-12-04 20:36:30,352: ... selected machine [] for node of type [robot_local_control/local_control_initialpose]
[roslaunch][INFO] 2018-12-04 20:36:30,352: ... selected machine [] for node of type [gaitech_navigation/robot_pose_publisher]
[roslaunch.pmon][INFO] 2018-12-04 20:36:30,353: start_process_monitor: creating ProcessMonitor
[roslaunch.pmon][INFO] 2018-12-04 20:36:30,353: created process monitor <ProcessMonitor(ProcessMonitor-1, initial daemon)>
[roslaunch.pmon][INFO] 2018-12-04 20:36:30,353: start_process_monitor: ProcessMonitor started
[roslaunch.parent][INFO] 2018-12-04 20:36:30,354: starting parent XML-RPC server
[roslaunch.server][INFO] 2018-12-04 20:36:30,354: starting roslaunch XML-RPC server
[roslaunch.server][INFO] 2018-12-04 20:36:30,354: waiting for roslaunch XML-RPC server to initialize
[xmlrpc][INFO] 2018-12-04 20:36:30,354: XML-RPC server binding to 0.0.0.0:0
[xmlrpc][INFO] 2018-12-04 20:36:30,354: Started XML-RPC server [http://freight1207:50444/]
[xmlrpc][INFO] 2018-12-04 20:36:30,354: xml rpc node: starting XML-RPC server
[roslaunch][INFO] 2018-12-04 20:36:30,365: started roslaunch server http://freight1207:50444/
[roslaunch.parent][INFO] 2018-12-04 20:36:30,365: ... parent XML-RPC server started
[roslaunch][INFO] 2018-12-04 20:36:30,365: master.is_running[http://localhost:11311]
[roslaunch][INFO] 2018-12-04 20:36:30,366: master.is_running[http://localhost:11311]
[roslaunch][INFO] 2018-12-04 20:36:30,367: ROS_MASTER_URI=http://localhost:11311
[roslaunch][INFO] 2018-12-04 20:36:30,368: setting /roslaunch/uris/host_freight1207__50444' to http://freight1207:50444/
[roslaunch][INFO] 2018-12-04 20:36:30,370: load_parameters starting ...
[roslaunch][INFO] 2018-12-04 20:36:30,371: ... load_parameters complete
[roslaunch][INFO] 2018-12-04 20:36:30,371: launch_nodes: launching local nodes ...
[roslaunch][INFO] 2018-12-04 20:36:30,372: ... preparing to launch node of type [robot_local_control/local_control_navigation]
[roslaunch][INFO] 2018-12-04 20:36:30,372: create_node_process: package[robot_local_control] type[local_control_navigation] machine[Machine(name[] env_loader[None] address[localhost] ssh_port[22] user[None] assignable[True] timeout[10.0])] master_uri[http://localhost:11311]
[roslaunch][INFO] 2018-12-04 20:36:30,372: process[local_control_navigation-1]: env[{'LC_NUMERIC': 'ko_KR.UTF-8', 'ROS_DISTRO': 'indigo', 'LC_MEASUREMENT': 'ko_KR.UTF-8', 'LESSOPEN': '| /usr/bin/lesspipe %s', 'SSH_CLIENT': '192.168.0.11 49340 22', 'CPATH': '/home/fetch/catkin_ws/devel/include:/opt/ros/indigo/include', 'LOGNAME': 'fetch', 'USER': 'fetch', 'HOME': '/home/fetch', 'LC_PAPER': 'ko_KR.UTF-8', 'PATH': '/opt/ros/indigo/bin:/usr/local/sbin:/usr/local/bin:/usr/sbin:/usr/bin:/sbin:/bin:/usr/games:/usr/local/games', 'CMAKE_PREFIX_PATH': '/home/fetch/catkin_ws/devel:/opt/ros/indigo', 'ROS_LOG_FILENAME': '/home/fetch/.ros/log/f3f7cfea-f82b-11e8-9306-000babe55698/roslaunch-freight1207-3990.log', 'LANG': 'en_US.UTF-8', 'TERM': 'xterm-256color', 'SHELL': '/bin/bash', 'LC_MONETARY': 'ko_KR.UTF-8', 'QT_QPA_PLATFORMTHEME': 'appmenu-qt5', 'LD_LIBRARY_PATH': '/home/fetch/catkin_ws/devel/lib:/opt/ros/indigo/lib:/opt/ros/indigo/lib/x86_64-linux-gnu', 'ROS_MASTER_URI': 'http://localhost:11311', 'LC_ALL': 'C', 'XDG_RUNTIME_DIR': '/run/user/1000', 'LC_ADDRESS': 'ko_KR.UTF-8', 'PYTHONPATH': '/home/fetch/catkin_ws/devel/lib/python2.7/dist-packages:/opt/ros/indigo/lib/python2.7/dist-packages', 'ROS_ROOT': '/opt/ros/indigo/share/ros', 'PKG_CONFIG_PATH': '/home/fetch/catkin_ws/devel/lib/pkgconfig:/opt/ros/indigo/lib/pkgconfig:/opt/ros/indigo/lib/x86_64-linux-gnu/pkgconfig', 'ROS_PACKAGE_PATH': '/home/fetch/catkin_ws/src:/opt/ros/indigo/share:/opt/ros/indigo/stacks', 'XDG_SESSION_ID': '9', '_': '/opt/ros/indigo/bin/roslaunch', 'LC_IDENTIFICATION': 'ko_KR.UTF-8', 'LS_COLORS': 'rs=0:di=01;34:ln=01;36:mh=00:pi=40;33:so=01;35:do=01;35:bd=40;33;01:cd=40;33;01:or=40;31;01:su=37;41:sg=30;43:ca=30;41:tw=30;42:ow=34;42:st=37;44:ex=01;32:*.tar=01;31:*.tgz=01;31:*.arj=01;31:*.taz=01;31:*.lzh=01;31:*.lzma=01;31:*.tlz=01;31:*.txz=01;31:*.zip=01;31:*.z=01;31:*.Z=01;31:*.dz=01;31:*.gz=01;31:*.lz=01;31:*.xz=01;31:*.bz2=01;31:*.bz=01;31:*.tbz=01;31:*.tbz2=01;31:*.tz=01;31:*.deb=01;31:*.rpm=01;31:*.jar=01;31:*.war=01;31:*.ear=01;31:*.sar=01;31:*.rar=01;31:*.ace=01;31:*.zoo=01;31:*.cpio=01;31:*.7z=01;31:*.rz=01;31:*.jpg=01;35:*.jpeg=01;35:*.gif=01;35:*.bmp=01;35:*.pbm=01;35:*.pgm=01;35:*.ppm=01;35:*.tga=01;35:*.xbm=01;35:*.xpm=01;35:*.tif=01;35:*.tiff=01;35:*.png=01;35:*.svg=01;35:*.svgz=01;35:*.mng=01;35:*.pcx=01;35:*.mov=01;35:*.mpg=01;35:*.mpeg=01;35:*.m2v=01;35:*.mkv=01;35:*.webm=01;35:*.ogm=01;35:*.mp4=01;35:*.m4v=01;35:*.mp4v=01;35:*.vob=01;35:*.qt=01;35:*.nuv=01;35:*.wmv=01;35:*.asf=01;35:*.rm=01;35:*.rmvb=01;35:*.flc=01;35:*.avi=01;35:*.fli=01;35:*.flv=01;35:*.gl=01;35:*.dl=01;35:*.xcf=01;35:*.xwd=01;35:*.yuv=01;35:*.cgm=01;35:*.emf=01;35:*.axv=01;35:*.anx=01;35:*.ogv=01;35:*.ogx=01;35:*.aac=00;36:*.au=00;36:*.flac=00;36:*.mid=00;36:*.midi=00;36:*.mka=00;36:*.mp3=00;36:*.mpc=00;36:*.ogg=00;36:*.ra=00;36:*.wav=00;36:*.axa=00;36:*.oga=00;36:*.spx=00;36:*.xspf=00;36:', 'LESSCLOSE': '/usr/bin/lesspipe %s %s', 'SSH_TTY': '/dev/pts/32', 'OLDPWD': '/home/fetch/catkin_ws/src', 'LC_TELEPHONE': 'ko_KR.UTF-8', 'SHLVL': '1', 'PWD': '/home/fetch/catkin_ws/src/robot_local_control/launch', 'ROS_ETC_DIR': '/opt/ros/indigo/etc/ros', 'LC_NAME': 'ko_KR.UTF-8', 'MAIL': '/var/mail/fetch', 'LC_TIME': 'ko_KR.UTF-8', 'SSH_CONNECTION': '192.168.0.11 49340 192.168.0.19 22'}]
[roslaunch][INFO] 2018-12-04 20:36:30,391: process[local_control_navigation-1]: args[[u'/home/fetch/catkin_ws/devel/lib/robot_local_control/local_control_navigation', u'__name:=local_control_navigation']]
[roslaunch][INFO] 2018-12-04 20:36:30,392: ... created process [local_control_navigation-1]
[roslaunch.pmon][INFO] 2018-12-04 20:36:30,392: ProcessMonitor.register[local_control_navigation-1]
[roslaunch.pmon][INFO] 2018-12-04 20:36:30,392: ProcessMonitor.register[local_control_navigation-1] complete
[roslaunch][INFO] 2018-12-04 20:36:30,392: ... registered process [local_control_navigation-1]
[roslaunch][INFO] 2018-12-04 20:36:30,392: process[local_control_navigation-1]: starting os process
[roslaunch][INFO] 2018-12-04 20:36:30,392: process[local_control_navigation-1]: start w/ args [[u'/home/fetch/catkin_ws/devel/lib/robot_local_control/local_control_navigation', u'__name:=local_control_navigation', u'__log:=/home/fetch/.ros/log/f3f7cfea-f82b-11e8-9306-000babe55698/local_control_navigation-1.log']]
[roslaunch][INFO] 2018-12-04 20:36:30,392: process[local_control_navigation-1]: cwd will be [/home/fetch/.ros]
[roslaunch][INFO] 2018-12-04 20:36:30,393: process[local_control_navigation-1]: started with pid [4008]
[roslaunch][INFO] 2018-12-04 20:36:30,394: ... successfully launched [local_control_navigation-1]
[roslaunch][INFO] 2018-12-04 20:36:30,394: ... preparing to launch node of type [robot_local_control/local_control_initialpose]
[roslaunch][INFO] 2018-12-04 20:36:30,394: create_node_process: package[robot_local_control] type[local_control_initialpose] machine[Machine(name[] env_loader[None] address[localhost] ssh_port[22] user[None] assignable[True] timeout[10.0])] master_uri[http://localhost:11311]
[roslaunch][INFO] 2018-12-04 20:36:30,394: process[local_control_initialpose-2]: env[{'LC_NUMERIC': 'ko_KR.UTF-8', 'ROS_DISTRO': 'indigo', 'LC_MEASUREMENT': 'ko_KR.UTF-8', 'LESSOPEN': '| /usr/bin/lesspipe %s', 'SSH_CLIENT': '192.168.0.11 49340 22', 'CPATH': '/home/fetch/catkin_ws/devel/include:/opt/ros/indigo/include', 'LOGNAME': 'fetch', 'USER': 'fetch', 'HOME': '/home/fetch', 'LC_PAPER': 'ko_KR.UTF-8', 'PATH': '/opt/ros/indigo/bin:/usr/local/sbin:/usr/local/bin:/usr/sbin:/usr/bin:/sbin:/bin:/usr/games:/usr/local/games', 'CMAKE_PREFIX_PATH': '/home/fetch/catkin_ws/devel:/opt/ros/indigo', 'ROS_LOG_FILENAME': '/home/fetch/.ros/log/f3f7cfea-f82b-11e8-9306-000babe55698/roslaunch-freight1207-3990.log', 'LANG': 'en_US.UTF-8', 'TERM': 'xterm-256color', 'SHELL': '/bin/bash', 'LC_MONETARY': 'ko_KR.UTF-8', 'QT_QPA_PLATFORMTHEME': 'appmenu-qt5', 'LD_LIBRARY_PATH': '/home/fetch/catkin_ws/devel/lib:/opt/ros/indigo/lib:/opt/ros/indigo/lib/x86_64-linux-gnu', 'ROS_MASTER_URI': 'http://localhost:11311', 'LC_ALL': 'C', 'XDG_RUNTIME_DIR': '/run/user/1000', 'LC_ADDRESS': 'ko_KR.UTF-8', 'PYTHONPATH': '/home/fetch/catkin_ws/devel/lib/python2.7/dist-packages:/opt/ros/indigo/lib/python2.7/dist-packages', 'ROS_ROOT': '/opt/ros/indigo/share/ros', 'PKG_CONFIG_PATH': '/home/fetch/catkin_ws/devel/lib/pkgconfig:/opt/ros/indigo/lib/pkgconfig:/opt/ros/indigo/lib/x86_64-linux-gnu/pkgconfig', 'ROS_PACKAGE_PATH': '/home/fetch/catkin_ws/src:/opt/ros/indigo/share:/opt/ros/indigo/stacks', 'XDG_SESSION_ID': '9', '_': '/opt/ros/indigo/bin/roslaunch', 'LC_IDENTIFICATION': 'ko_KR.UTF-8', 'LS_COLORS': 'rs=0:di=01;34:ln=01;36:mh=00:pi=40;33:so=01;35:do=01;35:bd=40;33;01:cd=40;33;01:or=40;31;01:su=37;41:sg=30;43:ca=30;41:tw=30;42:ow=34;42:st=37;44:ex=01;32:*.tar=01;31:*.tgz=01;31:*.arj=01;31:*.taz=01;31:*.lzh=01;31:*.lzma=01;31:*.tlz=01;31:*.txz=01;31:*.zip=01;31:*.z=01;31:*.Z=01;31:*.dz=01;31:*.gz=01;31:*.lz=01;31:*.xz=01;31:*.bz2=01;31:*.bz=01;31:*.tbz=01;31:*.tbz2=01;31:*.tz=01;31:*.deb=01;31:*.rpm=01;31:*.jar=01;31:*.war=01;31:*.ear=01;31:*.sar=01;31:*.rar=01;31:*.ace=01;31:*.zoo=01;31:*.cpio=01;31:*.7z=01;31:*.rz=01;31:*.jpg=01;35:*.jpeg=01;35:*.gif=01;35:*.bmp=01;35:*.pbm=01;35:*.pgm=01;35:*.ppm=01;35:*.tga=01;35:*.xbm=01;35:*.xpm=01;35:*.tif=01;35:*.tiff=01;35:*.png=01;35:*.svg=01;35:*.svgz=01;35:*.mng=01;35:*.pcx=01;35:*.mov=01;35:*.mpg=01;35:*.mpeg=01;35:*.m2v=01;35:*.mkv=01;35:*.webm=01;35:*.ogm=01;35:*.mp4=01;35:*.m4v=01;35:*.mp4v=01;35:*.vob=01;35:*.qt=01;35:*.nuv=01;35:*.wmv=01;35:*.asf=01;35:*.rm=01;35:*.rmvb=01;35:*.flc=01;35:*.avi=01;35:*.fli=01;35:*.flv=01;35:*.gl=01;35:*.dl=01;35:*.xcf=01;35:*.xwd=01;35:*.yuv=01;35:*.cgm=01;35:*.emf=01;35:*.axv=01;35:*.anx=01;35:*.ogv=01;35:*.ogx=01;35:*.aac=00;36:*.au=00;36:*.flac=00;36:*.mid=00;36:*.midi=00;36:*.mka=00;36:*.mp3=00;36:*.mpc=00;36:*.ogg=00;36:*.ra=00;36:*.wav=00;36:*.axa=00;36:*.oga=00;36:*.spx=00;36:*.xspf=00;36:', 'LESSCLOSE': '/usr/bin/lesspipe %s %s', 'SSH_TTY': '/dev/pts/32', 'OLDPWD': '/home/fetch/catkin_ws/src', 'LC_TELEPHONE': 'ko_KR.UTF-8', 'SHLVL': '1', 'PWD': '/home/fetch/catkin_ws/src/robot_local_control/launch', 'ROS_ETC_DIR': '/opt/ros/indigo/etc/ros', 'LC_NAME': 'ko_KR.UTF-8', 'MAIL': '/var/mail/fetch', 'LC_TIME': 'ko_KR.UTF-8', 'SSH_CONNECTION': '192.168.0.11 49340 192.168.0.19 22'}]
[roslaunch][INFO] 2018-12-04 20:36:30,394: process[local_control_initialpose-2]: args[[u'/home/fetch/catkin_ws/devel/lib/robot_local_control/local_control_initialpose', u'__name:=local_control_initialpose']]
[roslaunch][INFO] 2018-12-04 20:36:30,395: ... created process [local_control_initialpose-2]
[roslaunch.pmon][INFO] 2018-12-04 20:36:30,395: ProcessMonitor.register[local_control_initialpose-2]
[roslaunch.pmon][INFO] 2018-12-04 20:36:30,395: ProcessMonitor.register[local_control_initialpose-2] complete
[roslaunch][INFO] 2018-12-04 20:36:30,395: ... registered process [local_control_initialpose-2]
[roslaunch][INFO] 2018-12-04 20:36:30,395: process[local_control_initialpose-2]: starting os process
[roslaunch][INFO] 2018-12-04 20:36:30,395: process[local_control_initialpose-2]: start w/ args [[u'/home/fetch/catkin_ws/devel/lib/robot_local_control/local_control_initialpose', u'__name:=local_control_initialpose', u'__log:=/home/fetch/.ros/log/f3f7cfea-f82b-11e8-9306-000babe55698/local_control_initialpose-2.log']]
[roslaunch][INFO] 2018-12-04 20:36:30,395: process[local_control_initialpose-2]: cwd will be [/home/fetch/.ros]
[roslaunch][INFO] 2018-12-04 20:36:30,396: process[local_control_initialpose-2]: started with pid [4009]
[roslaunch][INFO] 2018-12-04 20:36:30,396: ... successfully launched [local_control_initialpose-2]
[roslaunch][INFO] 2018-12-04 20:36:30,397: ... preparing to launch node of type [gaitech_navigation/robot_pose_publisher]
[roslaunch][INFO] 2018-12-04 20:36:30,397: create_node_process: package[gaitech_navigation] type[robot_pose_publisher] machine[Machine(name[] env_loader[None] address[localhost] ssh_port[22] user[None] assignable[True] timeout[10.0])] master_uri[http://localhost:11311]
[roslaunch][INFO] 2018-12-04 20:36:30,397: process[robot_pose_publisher-3]: env[{'LC_NUMERIC': 'ko_KR.UTF-8', 'ROS_DISTRO': 'indigo', 'LC_MEASUREMENT': 'ko_KR.UTF-8', 'LESSOPEN': '| /usr/bin/lesspipe %s', 'SSH_CLIENT': '192.168.0.11 49340 22', 'CPATH': '/home/fetch/catkin_ws/devel/include:/opt/ros/indigo/include', 'LOGNAME': 'fetch', 'USER': 'fetch', 'HOME': '/home/fetch', 'LC_PAPER': 'ko_KR.UTF-8', 'PATH': '/opt/ros/indigo/bin:/usr/local/sbin:/usr/local/bin:/usr/sbin:/usr/bin:/sbin:/bin:/usr/games:/usr/local/games', 'CMAKE_PREFIX_PATH': '/home/fetch/catkin_ws/devel:/opt/ros/indigo', 'ROS_LOG_FILENAME': '/home/fetch/.ros/log/f3f7cfea-f82b-11e8-9306-000babe55698/roslaunch-freight1207-3990.log', 'LANG': 'en_US.UTF-8', 'TERM': 'xterm-256color', 'SHELL': '/bin/bash', 'LC_MONETARY': 'ko_KR.UTF-8', 'QT_QPA_PLATFORMTHEME': 'appmenu-qt5', 'LD_LIBRARY_PATH': '/home/fetch/catkin_ws/devel/lib:/opt/ros/indigo/lib:/opt/ros/indigo/lib/x86_64-linux-gnu', 'ROS_MASTER_URI': 'http://localhost:11311', 'LC_ALL': 'C', 'XDG_RUNTIME_DIR': '/run/user/1000', 'LC_ADDRESS': 'ko_KR.UTF-8', 'PYTHONPATH': '/home/fetch/catkin_ws/devel/lib/python2.7/dist-packages:/opt/ros/indigo/lib/python2.7/dist-packages', 'ROS_ROOT': '/opt/ros/indigo/share/ros', 'PKG_CONFIG_PATH': '/home/fetch/catkin_ws/devel/lib/pkgconfig:/opt/ros/indigo/lib/pkgconfig:/opt/ros/indigo/lib/x86_64-linux-gnu/pkgconfig', 'ROS_PACKAGE_PATH': '/home/fetch/catkin_ws/src:/opt/ros/indigo/share:/opt/ros/indigo/stacks', 'XDG_SESSION_ID': '9', '_': '/opt/ros/indigo/bin/roslaunch', 'LC_IDENTIFICATION': 'ko_KR.UTF-8', 'LS_COLORS': 'rs=0:di=01;34:ln=01;36:mh=00:pi=40;33:so=01;35:do=01;35:bd=40;33;01:cd=40;33;01:or=40;31;01:su=37;41:sg=30;43:ca=30;41:tw=30;42:ow=34;42:st=37;44:ex=01;32:*.tar=01;31:*.tgz=01;31:*.arj=01;31:*.taz=01;31:*.lzh=01;31:*.lzma=01;31:*.tlz=01;31:*.txz=01;31:*.zip=01;31:*.z=01;31:*.Z=01;31:*.dz=01;31:*.gz=01;31:*.lz=01;31:*.xz=01;31:*.bz2=01;31:*.bz=01;31:*.tbz=01;31:*.tbz2=01;31:*.tz=01;31:*.deb=01;31:*.rpm=01;31:*.jar=01;31:*.war=01;31:*.ear=01;31:*.sar=01;31:*.rar=01;31:*.ace=01;31:*.zoo=01;31:*.cpio=01;31:*.7z=01;31:*.rz=01;31:*.jpg=01;35:*.jpeg=01;35:*.gif=01;35:*.bmp=01;35:*.pbm=01;35:*.pgm=01;35:*.ppm=01;35:*.tga=01;35:*.xbm=01;35:*.xpm=01;35:*.tif=01;35:*.tiff=01;35:*.png=01;35:*.svg=01;35:*.svgz=01;35:*.mng=01;35:*.pcx=01;35:*.mov=01;35:*.mpg=01;35:*.mpeg=01;35:*.m2v=01;35:*.mkv=01;35:*.webm=01;35:*.ogm=01;35:*.mp4=01;35:*.m4v=01;35:*.mp4v=01;35:*.vob=01;35:*.qt=01;35:*.nuv=01;35:*.wmv=01;35:*.asf=01;35:*.rm=01;35:*.rmvb=01;35:*.flc=01;35:*.avi=01;35:*.fli=01;35:*.flv=01;35:*.gl=01;35:*.dl=01;35:*.xcf=01;35:*.xwd=01;35:*.yuv=01;35:*.cgm=01;35:*.emf=01;35:*.axv=01;35:*.anx=01;35:*.ogv=01;35:*.ogx=01;35:*.aac=00;36:*.au=00;36:*.flac=00;36:*.mid=00;36:*.midi=00;36:*.mka=00;36:*.mp3=00;36:*.mpc=00;36:*.ogg=00;36:*.ra=00;36:*.wav=00;36:*.axa=00;36:*.oga=00;36:*.spx=00;36:*.xspf=00;36:', 'LESSCLOSE': '/usr/bin/lesspipe %s %s', 'SSH_TTY': '/dev/pts/32', 'OLDPWD': '/home/fetch/catkin_ws/src', 'LC_TELEPHONE': 'ko_KR.UTF-8', 'SHLVL': '1', 'PWD': '/home/fetch/catkin_ws/src/robot_local_control/launch', 'ROS_ETC_DIR': '/opt/ros/indigo/etc/ros', 'LC_NAME': 'ko_KR.UTF-8', 'MAIL': '/var/mail/fetch', 'LC_TIME': 'ko_KR.UTF-8', 'SSH_CONNECTION': '192.168.0.11 49340 192.168.0.19 22'}]
[roslaunch][ERROR] 2018-12-04 20:36:30,397: gaitech_navigation
ROS path [0]=/opt/ros/indigo/share/ros
ROS path [1]=/home/fetch/catkin_ws/src
ROS path [2]=/opt/ros/indigo/share
ROS path [3]=/opt/ros/indigo/stacks
[roslaunch][ERROR] 2018-12-04 20:36:30,397: ERROR: cannot launch node of type [gaitech_navigation/robot_pose_publisher]: gaitech_navigation
ROS path [0]=/opt/ros/indigo/share/ros
ROS path [1]=/home/fetch/catkin_ws/src
ROS path [2]=/opt/ros/indigo/share
ROS path [3]=/opt/ros/indigo/stacks
[roslaunch][INFO] 2018-12-04 20:36:30,397: ... launch_nodes complete
[roslaunch.pmon][INFO] 2018-12-04 20:36:30,397: registrations completed <ProcessMonitor(ProcessMonitor-1, started daemon 139854556174080)>
[roslaunch.parent][INFO] 2018-12-04 20:36:30,397: ... roslaunch parent running, waiting for process exit
[roslaunch][INFO] 2018-12-04 20:36:30,397: spin
[roslaunch.pmon][INFO] 2018-12-04 20:37:55,813: ProcessMonitor.shutdown <ProcessMonitor(ProcessMonitor-1, started daemon 139854556174080)>
[roslaunch.pmon][INFO] 2018-12-04 20:37:55,900: ProcessMonitor._post_run <ProcessMonitor(ProcessMonitor-1, started daemon 139854556174080)>
[roslaunch.pmon][INFO] 2018-12-04 20:37:55,900: ProcessMonitor._post_run <ProcessMonitor(ProcessMonitor-1, started daemon 139854556174080)>: remaining procs are [<roslaunch.nodeprocess.LocalProcess object at 0x7f326d530750>, <roslaunch.nodeprocess.LocalProcess object at 0x7f326d461fd0>]
[roslaunch.pmon][INFO] 2018-12-04 20:37:55,900: ProcessMonitor exit: killing local_control_initialpose-2
[roslaunch][INFO] 2018-12-04 20:37:55,900: [local_control_initialpose-2] killing on exit
[roslaunch][INFO] 2018-12-04 20:37:55,901: process[local_control_initialpose-2]: killing os process with pid[4009] pgid[4009]
[roslaunch][INFO] 2018-12-04 20:37:55,901: [local_control_initialpose-2] sending SIGINT to pgid [4009]
[roslaunch.pmon][INFO] 2018-12-04 20:37:55,901: ProcessMonitor exit: killing local_control_navigation-1
[roslaunch][INFO] 2018-12-04 20:37:55,901: [local_control_initialpose-2] sent SIGINT to pgid [4009]
[roslaunch][INFO] 2018-12-04 20:37:55,901: [local_control_navigation-1] killing on exit
[roslaunch][INFO] 2018-12-04 20:37:55,902: process[local_control_navigation-1]: killing os process with pid[4008] pgid[4008]
[roslaunch][INFO] 2018-12-04 20:37:55,902: [local_control_navigation-1] sending SIGINT to pgid [4008]
[roslaunch][INFO] 2018-12-04 20:37:55,902: [local_control_navigation-1] sent SIGINT to pgid [4008]
[roslaunch][INFO] 2018-12-04 20:37:56,102: process[local_control_initialpose-2]: SIGINT killed with return value 0
[roslaunch][INFO] 2018-12-04 20:37:56,102: process[local_control_navigation-1]: SIGINT killed with return value 0
[roslaunch.pmon][INFO] 2018-12-04 20:37:56,102: ProcessMonitor exit: cleaning up data structures and signals
[roslaunch.pmon][INFO] 2018-12-04 20:37:56,103: ProcessMonitor exit: pmon has shutdown
[roslaunch][INFO] 2018-12-04 20:37:56,143: process monitor is done spinning, initiating full shutdown
[roslaunch][INFO] 2018-12-04 20:37:56,143: runner.stop()
[roslaunch][INFO] 2018-12-04 20:37:56,143: shutting down processing monitor...
[roslaunch][INFO] 2018-12-04 20:37:56,143: shutting down processing monitor <ProcessMonitor(ProcessMonitor-1, stopped daemon 139854556174080)>
[roslaunch.pmon][INFO] 2018-12-04 20:37:56,143: ProcessMonitor.shutdown <ProcessMonitor(ProcessMonitor-1, stopped daemon 139854556174080)>
[roslaunch][INFO] 2018-12-04 20:37:56,143: ... shutting down processing monitor complete
[roslaunch][INFO] 2018-12-04 20:37:56,143: done
[roslaunch.pmon][INFO] 2018-12-04 20:37:56,143: ProcessMonitor.shutdown <ProcessMonitor(ProcessMonitor-1, stopped daemon 139854556174080)>
[rospy.core][INFO] 2018-12-04 20:37:56,143: signal_shutdown [atexit]
