[INFO] [WallTime: 1543978276.891787] Software runstop waiting for /base_breaker service...
[INFO] [WallTime: 1543978276.909582] Server sent response : 
status: 
  name: ''
  state: 0
  current: 0.0469970703125
  temperature: 26.0
  min_rated_current: 0.0
  max_rated_current: 0.0
  max_rated_temperature: 0.0
[INFO] [WallTime: 1543978291.691792] Software runstop waiting for /base_breaker service...
[INFO] [WallTime: 1543978291.724672] Server sent response : 
status: 
  name: ''
  state: 1
  current: 0.201416015625
  temperature: 26.0
  min_rated_current: 0.0
  max_rated_current: 0.0
  max_rated_temperature: 0.0
[INFO] [WallTime: 1543978326.891800] Software runstop waiting for /base_breaker service...
[INFO] [WallTime: 1543978326.909574] Server sent response : 
status: 
  name: ''
  state: 0
  current: 0.040283203125
  temperature: 26.0
  min_rated_current: 0.0
  max_rated_current: 0.0
  max_rated_temperature: 0.0
[INFO] [WallTime: 1543978346.591813] Software runstop waiting for /base_breaker service...
[INFO] [WallTime: 1543978346.624765] Server sent response : 
status: 
  name: ''
  state: 1
  current: 0.0604248046875
  temperature: 26.0
  min_rated_current: 0.0
  max_rated_current: 0.0
  max_rated_temperature: 0.0
