[roslaunch][INFO] 2020-10-30 00:11:21,678: Checking log directory for disk usage. This may take awhile.
Press Ctrl-C to interrupt
[roslaunch][INFO] 2020-10-30 00:11:21,681: Done checking log file disk usage. Usage is <1GB.
[roslaunch][INFO] 2020-10-30 00:11:21,681: roslaunch starting with args ['/opt/ros/indigo/bin/roslaunch', 'rostful', 'rostful_server.launch']
[roslaunch][INFO] 2020-10-30 00:11:21,681: roslaunch env is {'ROS_DISTRO': 'indigo', 'LESSOPEN': '| /usr/bin/lesspipe %s', 'SSH_CLIENT': '172.22.77.105 50852 22', 'CPATH': '/home/fetch/catkin_ws/devel/include:/opt/ros/indigo/include', 'LOGNAME': 'fetch', 'USER': 'fetch', 'PATH': '/opt/ros/indigo/bin:/usr/local/sbin:/usr/local/bin:/usr/sbin:/usr/bin:/sbin:/bin:/usr/games:/usr/local/games', 'HOME': '/home/fetch', 'VIRTUALENVWRAPPER_SCRIPT': '/usr/share/virtualenvwrapper/virtualenvwrapper.sh', 'LD_LIBRARY_PATH': '/home/fetch/catkin_ws/devel/lib:/opt/ros/indigo/lib', 'LANG': 'en_US.UTF-8', 'TERM': 'xterm-256color', 'SHELL': '/bin/bash', 'ROS_LOG_FILENAME': '/home/fetch/.ros/log/4dc0c568-1a7b-11eb-9179-000babe55698/roslaunch-freight1207-7165.log', 'SHLVL': '1', 'QT_QPA_PLATFORMTHEME': 'appmenu-qt5', 'ROS_ETC_DIR': '/opt/ros/indigo/etc/ros', 'DISPLAY': 'localhost:10.0', '_VIRTUALENVWRAPPER_API': ' mkvirtualenv rmvirtualenv lsvirtualenv showvirtualenv workon add2virtualenv cdsitepackages cdvirtualenv lssitepackages toggleglobalsitepackages cpvirtualenv setvirtualenvproject mkproject cdproject mktmpenv mkvirtualenv rmvirtualenv lsvirtualenv showvirtualenv workon add2virtualenv cdsitepackages cdvirtualenv lssitepackages toggleglobalsitepackages cpvirtualenv setvirtualenvproject mkproject cdproject mktmpenv', 'CMAKE_PREFIX_PATH': '/home/fetch/catkin_ws/devel:/opt/ros/indigo', 'XDG_RUNTIME_DIR': '/run/user/1000', 'PYTHONPATH': '/home/fetch/catkin_ws/devel/lib/python2.7/dist-packages:/opt/ros/indigo/lib/python2.7/dist-packages', 'ROS_ROOT': '/opt/ros/indigo/share/ros', 'PKG_CONFIG_PATH': '/home/fetch/catkin_ws/devel/lib/pkgconfig:/opt/ros/indigo/lib/pkgconfig', 'ROS_PACKAGE_PATH': '/home/fetch/catkin_ws/src:/opt/ros/indigo/share:/opt/ros/indigo/stacks', 'XDG_SESSION_ID': '7', '_': '/opt/ros/indigo/bin/roslaunch', 'SSH_CONNECTION': '172.22.77.105 50852 172.22.77.172 22', 'LESSCLOSE': '/usr/bin/lesspipe %s %s', 'SSH_TTY': '/dev/pts/1', 'PWD': '/home/fetch', 'ROS_MASTER_URI': 'http://localhost:11311', 'MAIL': '/var/mail/fetch', 'LS_COLORS': 'rs=0:di=01;34:ln=01;36:mh=00:pi=40;33:so=01;35:do=01;35:bd=40;33;01:cd=40;33;01:or=40;31;01:su=37;41:sg=30;43:ca=30;41:tw=30;42:ow=34;42:st=37;44:ex=01;32:*.tar=01;31:*.tgz=01;31:*.arj=01;31:*.taz=01;31:*.lzh=01;31:*.lzma=01;31:*.tlz=01;31:*.txz=01;31:*.zip=01;31:*.z=01;31:*.Z=01;31:*.dz=01;31:*.gz=01;31:*.lz=01;31:*.xz=01;31:*.bz2=01;31:*.bz=01;31:*.tbz=01;31:*.tbz2=01;31:*.tz=01;31:*.deb=01;31:*.rpm=01;31:*.jar=01;31:*.war=01;31:*.ear=01;31:*.sar=01;31:*.rar=01;31:*.ace=01;31:*.zoo=01;31:*.cpio=01;31:*.7z=01;31:*.rz=01;31:*.jpg=01;35:*.jpeg=01;35:*.gif=01;35:*.bmp=01;35:*.pbm=01;35:*.pgm=01;35:*.ppm=01;35:*.tga=01;35:*.xbm=01;35:*.xpm=01;35:*.tif=01;35:*.tiff=01;35:*.png=01;35:*.svg=01;35:*.svgz=01;35:*.mng=01;35:*.pcx=01;35:*.mov=01;35:*.mpg=01;35:*.mpeg=01;35:*.m2v=01;35:*.mkv=01;35:*.webm=01;35:*.ogm=01;35:*.mp4=01;35:*.m4v=01;35:*.mp4v=01;35:*.vob=01;35:*.qt=01;35:*.nuv=01;35:*.wmv=01;35:*.asf=01;35:*.rm=01;35:*.rmvb=01;35:*.flc=01;35:*.avi=01;35:*.fli=01;35:*.flv=01;35:*.gl=01;35:*.dl=01;35:*.xcf=01;35:*.xwd=01;35:*.yuv=01;35:*.cgm=01;35:*.emf=01;35:*.axv=01;35:*.anx=01;35:*.ogv=01;35:*.ogx=01;35:*.aac=00;36:*.au=00;36:*.flac=00;36:*.mid=00;36:*.midi=00;36:*.mka=00;36:*.mp3=00;36:*.mpc=00;36:*.ogg=00;36:*.ra=00;36:*.wav=00;36:*.axa=00;36:*.oga=00;36:*.spx=00;36:*.xspf=00;36:'}
[roslaunch][INFO] 2020-10-30 00:11:21,681: starting in server mode
[roslaunch.parent][INFO] 2020-10-30 00:11:21,681: starting roslaunch parent run
[roslaunch][INFO] 2020-10-30 00:11:21,681: loading roscore config file /opt/ros/indigo/etc/ros/roscore.xml
[roslaunch][INFO] 2020-10-30 00:11:21,751: Added core node of type [rosout/rosout] in namespace [/]
[roslaunch.config][INFO] 2020-10-30 00:11:21,751: loading config file /home/fetch/catkin_ws/src/rostful/rostful/launch/rostful_server.launch
[roslaunch][INFO] 2020-10-30 00:11:21,787: Added node of type [amcl/amcl] in namespace [/]
[roslaunch][INFO] 2020-10-30 00:11:21,787: Added node of type [rostful/server] in namespace [/]
[roslaunch][INFO] 2020-10-30 00:11:21,788: ... selected machine [] for node of type [amcl/amcl]
[roslaunch][INFO] 2020-10-30 00:11:21,788: ... selected machine [] for node of type [rostful/server]
[roslaunch.pmon][INFO] 2020-10-30 00:11:21,788: start_process_monitor: creating ProcessMonitor
[roslaunch.pmon][INFO] 2020-10-30 00:11:21,788: created process monitor <ProcessMonitor(ProcessMonitor-1, initial daemon)>
[roslaunch.pmon][INFO] 2020-10-30 00:11:21,788: start_process_monitor: ProcessMonitor started
[roslaunch.parent][INFO] 2020-10-30 00:11:21,788: starting parent XML-RPC server
[roslaunch.server][INFO] 2020-10-30 00:11:21,789: starting roslaunch XML-RPC server
[roslaunch.server][INFO] 2020-10-30 00:11:21,789: waiting for roslaunch XML-RPC server to initialize
[xmlrpc][INFO] 2020-10-30 00:11:21,789: XML-RPC server binding to 0.0.0.0:0
[xmlrpc][INFO] 2020-10-30 00:11:21,789: Started XML-RPC server [http://freight1207:54950/]
[xmlrpc][INFO] 2020-10-30 00:11:21,789: xml rpc node: starting XML-RPC server
[roslaunch][INFO] 2020-10-30 00:11:21,800: started roslaunch server http://freight1207:54950/
[roslaunch.parent][INFO] 2020-10-30 00:11:21,800: ... parent XML-RPC server started
[roslaunch][INFO] 2020-10-30 00:11:21,801: master.is_running[http://localhost:11311]
[roslaunch][INFO] 2020-10-30 00:11:21,802: master.is_running[http://localhost:11311]
[roslaunch][INFO] 2020-10-30 00:11:21,802: ROS_MASTER_URI=http://localhost:11311
[roslaunch][INFO] 2020-10-30 00:11:21,803: setting /roslaunch/uris/host_freight1207__54950' to http://freight1207:54950/
[roslaunch][INFO] 2020-10-30 00:11:21,805: load_parameters starting ...
[roslaunch][INFO] 2020-10-30 00:11:21,811: ... load_parameters complete
[roslaunch][INFO] 2020-10-30 00:11:21,811: launch_nodes: launching local nodes ...
[roslaunch][INFO] 2020-10-30 00:11:21,811: ... preparing to launch node of type [amcl/amcl]
[roslaunch][INFO] 2020-10-30 00:11:21,811: create_node_process: package[amcl] type[amcl] machine[Machine(name[] env_loader[None] address[localhost] ssh_port[22] user[None] assignable[True] timeout[10.0])] master_uri[http://localhost:11311]
[roslaunch][INFO] 2020-10-30 00:11:21,811: process[amcl-1]: env[{'ROS_DISTRO': 'indigo', 'LESSOPEN': '| /usr/bin/lesspipe %s', 'SSH_CLIENT': '172.22.77.105 50852 22', 'CPATH': '/home/fetch/catkin_ws/devel/include:/opt/ros/indigo/include', 'LOGNAME': 'fetch', 'USER': 'fetch', 'PATH': '/opt/ros/indigo/bin:/usr/local/sbin:/usr/local/bin:/usr/sbin:/usr/bin:/sbin:/bin:/usr/games:/usr/local/games', 'HOME': '/home/fetch', 'CMAKE_PREFIX_PATH': '/home/fetch/catkin_ws/devel:/opt/ros/indigo', 'ROS_LOG_FILENAME': '/home/fetch/.ros/log/4dc0c568-1a7b-11eb-9179-000babe55698/roslaunch-freight1207-7165.log', 'LANG': 'en_US.UTF-8', 'TERM': 'xterm-256color', 'SHELL': '/bin/bash', 'SHLVL': '1', 'QT_QPA_PLATFORMTHEME': 'appmenu-qt5', 'DISPLAY': 'localhost:10.0', '_VIRTUALENVWRAPPER_API': ' mkvirtualenv rmvirtualenv lsvirtualenv showvirtualenv workon add2virtualenv cdsitepackages cdvirtualenv lssitepackages toggleglobalsitepackages cpvirtualenv setvirtualenvproject mkproject cdproject mktmpenv mkvirtualenv rmvirtualenv lsvirtualenv showvirtualenv workon add2virtualenv cdsitepackages cdvirtualenv lssitepackages toggleglobalsitepackages cpvirtualenv setvirtualenvproject mkproject cdproject mktmpenv', 'XDG_RUNTIME_DIR': '/run/user/1000', 'PYTHONPATH': '/home/fetch/catkin_ws/devel/lib/python2.7/dist-packages:/opt/ros/indigo/lib/python2.7/dist-packages', 'ROS_ROOT': '/opt/ros/indigo/share/ros', 'PKG_CONFIG_PATH': '/home/fetch/catkin_ws/devel/lib/pkgconfig:/opt/ros/indigo/lib/pkgconfig', 'ROS_PACKAGE_PATH': '/home/fetch/catkin_ws/src:/opt/ros/indigo/share:/opt/ros/indigo/stacks', 'XDG_SESSION_ID': '7', '_': '/opt/ros/indigo/bin/roslaunch', 'LD_LIBRARY_PATH': '/home/fetch/catkin_ws/devel/lib:/opt/ros/indigo/lib', 'LS_COLORS': 'rs=0:di=01;34:ln=01;36:mh=00:pi=40;33:so=01;35:do=01;35:bd=40;33;01:cd=40;33;01:or=40;31;01:su=37;41:sg=30;43:ca=30;41:tw=30;42:ow=34;42:st=37;44:ex=01;32:*.tar=01;31:*.tgz=01;31:*.arj=01;31:*.taz=01;31:*.lzh=01;31:*.lzma=01;31:*.tlz=01;31:*.txz=01;31:*.zip=01;31:*.z=01;31:*.Z=01;31:*.dz=01;31:*.gz=01;31:*.lz=01;31:*.xz=01;31:*.bz2=01;31:*.bz=01;31:*.tbz=01;31:*.tbz2=01;31:*.tz=01;31:*.deb=01;31:*.rpm=01;31:*.jar=01;31:*.war=01;31:*.ear=01;31:*.sar=01;31:*.rar=01;31:*.ace=01;31:*.zoo=01;31:*.cpio=01;31:*.7z=01;31:*.rz=01;31:*.jpg=01;35:*.jpeg=01;35:*.gif=01;35:*.bmp=01;35:*.pbm=01;35:*.pgm=01;35:*.ppm=01;35:*.tga=01;35:*.xbm=01;35:*.xpm=01;35:*.tif=01;35:*.tiff=01;35:*.png=01;35:*.svg=01;35:*.svgz=01;35:*.mng=01;35:*.pcx=01;35:*.mov=01;35:*.mpg=01;35:*.mpeg=01;35:*.m2v=01;35:*.mkv=01;35:*.webm=01;35:*.ogm=01;35:*.mp4=01;35:*.m4v=01;35:*.mp4v=01;35:*.vob=01;35:*.qt=01;35:*.nuv=01;35:*.wmv=01;35:*.asf=01;35:*.rm=01;35:*.rmvb=01;35:*.flc=01;35:*.avi=01;35:*.fli=01;35:*.flv=01;35:*.gl=01;35:*.dl=01;35:*.xcf=01;35:*.xwd=01;35:*.yuv=01;35:*.cgm=01;35:*.emf=01;35:*.axv=01;35:*.anx=01;35:*.ogv=01;35:*.ogx=01;35:*.aac=00;36:*.au=00;36:*.flac=00;36:*.mid=00;36:*.midi=00;36:*.mka=00;36:*.mp3=00;36:*.mpc=00;36:*.ogg=00;36:*.ra=00;36:*.wav=00;36:*.axa=00;36:*.oga=00;36:*.spx=00;36:*.xspf=00;36:', 'LESSCLOSE': '/usr/bin/lesspipe %s %s', 'SSH_TTY': '/dev/pts/1', 'VIRTUALENVWRAPPER_SCRIPT': '/usr/share/virtualenvwrapper/virtualenvwrapper.sh', 'PWD': '/home/fetch', 'ROS_ETC_DIR': '/opt/ros/indigo/etc/ros', 'ROS_MASTER_URI': 'http://localhost:11311', 'MAIL': '/var/mail/fetch', 'SSH_CONNECTION': '172.22.77.105 50852 172.22.77.172 22'}]
[roslaunch][INFO] 2020-10-30 00:11:21,843: process[amcl-1]: args[[u'/opt/ros/indigo/lib/amcl/amcl', u'scan:=base_scan', u'map:=map', u'__name:=amcl']]
[roslaunch][INFO] 2020-10-30 00:11:21,843: ... created process [amcl-1]
[roslaunch.pmon][INFO] 2020-10-30 00:11:21,843: ProcessMonitor.register[amcl-1]
[roslaunch.pmon][INFO] 2020-10-30 00:11:21,843: ProcessMonitor.register[amcl-1] complete
[roslaunch][INFO] 2020-10-30 00:11:21,843: ... registered process [amcl-1]
[roslaunch][INFO] 2020-10-30 00:11:21,843: process[amcl-1]: starting os process
[roslaunch][INFO] 2020-10-30 00:11:21,843: process[amcl-1]: start w/ args [[u'/opt/ros/indigo/lib/amcl/amcl', u'scan:=base_scan', u'map:=map', u'__name:=amcl', u'__log:=/home/fetch/.ros/log/4dc0c568-1a7b-11eb-9179-000babe55698/amcl-1.log']]
[roslaunch][INFO] 2020-10-30 00:11:21,843: process[amcl-1]: cwd will be [/home/fetch/.ros]
[roslaunch][INFO] 2020-10-30 00:11:21,845: process[amcl-1]: started with pid [7183]
[roslaunch][INFO] 2020-10-30 00:11:21,845: ... successfully launched [amcl-1]
[roslaunch][INFO] 2020-10-30 00:11:21,845: ... preparing to launch node of type [rostful/server]
[roslaunch][INFO] 2020-10-30 00:11:21,845: create_node_process: package[rostful] type[server] machine[Machine(name[] env_loader[None] address[localhost] ssh_port[22] user[None] assignable[True] timeout[10.0])] master_uri[http://localhost:11311]
[roslaunch][INFO] 2020-10-30 00:11:21,845: process[rostful_server-2]: env[{'ROS_DISTRO': 'indigo', 'LESSOPEN': '| /usr/bin/lesspipe %s', 'SSH_CLIENT': '172.22.77.105 50852 22', 'CPATH': '/home/fetch/catkin_ws/devel/include:/opt/ros/indigo/include', 'LOGNAME': 'fetch', 'USER': 'fetch', 'PATH': '/opt/ros/indigo/bin:/usr/local/sbin:/usr/local/bin:/usr/sbin:/usr/bin:/sbin:/bin:/usr/games:/usr/local/games', 'HOME': '/home/fetch', 'CMAKE_PREFIX_PATH': '/home/fetch/catkin_ws/devel:/opt/ros/indigo', 'ROS_LOG_FILENAME': '/home/fetch/.ros/log/4dc0c568-1a7b-11eb-9179-000babe55698/roslaunch-freight1207-7165.log', 'LANG': 'en_US.UTF-8', 'TERM': 'xterm-256color', 'SHELL': '/bin/bash', 'SHLVL': '1', 'QT_QPA_PLATFORMTHEME': 'appmenu-qt5', 'DISPLAY': 'localhost:10.0', '_VIRTUALENVWRAPPER_API': ' mkvirtualenv rmvirtualenv lsvirtualenv showvirtualenv workon add2virtualenv cdsitepackages cdvirtualenv lssitepackages toggleglobalsitepackages cpvirtualenv setvirtualenvproject mkproject cdproject mktmpenv mkvirtualenv rmvirtualenv lsvirtualenv showvirtualenv workon add2virtualenv cdsitepackages cdvirtualenv lssitepackages toggleglobalsitepackages cpvirtualenv setvirtualenvproject mkproject cdproject mktmpenv', 'XDG_RUNTIME_DIR': '/run/user/1000', 'PYTHONPATH': '/home/fetch/catkin_ws/devel/lib/python2.7/dist-packages:/opt/ros/indigo/lib/python2.7/dist-packages', 'ROS_ROOT': '/opt/ros/indigo/share/ros', 'PKG_CONFIG_PATH': '/home/fetch/catkin_ws/devel/lib/pkgconfig:/opt/ros/indigo/lib/pkgconfig', 'ROS_PACKAGE_PATH': '/home/fetch/catkin_ws/src:/opt/ros/indigo/share:/opt/ros/indigo/stacks', 'XDG_SESSION_ID': '7', '_': '/opt/ros/indigo/bin/roslaunch', 'LD_LIBRARY_PATH': '/home/fetch/catkin_ws/devel/lib:/opt/ros/indigo/lib', 'LS_COLORS': 'rs=0:di=01;34:ln=01;36:mh=00:pi=40;33:so=01;35:do=01;35:bd=40;33;01:cd=40;33;01:or=40;31;01:su=37;41:sg=30;43:ca=30;41:tw=30;42:ow=34;42:st=37;44:ex=01;32:*.tar=01;31:*.tgz=01;31:*.arj=01;31:*.taz=01;31:*.lzh=01;31:*.lzma=01;31:*.tlz=01;31:*.txz=01;31:*.zip=01;31:*.z=01;31:*.Z=01;31:*.dz=01;31:*.gz=01;31:*.lz=01;31:*.xz=01;31:*.bz2=01;31:*.bz=01;31:*.tbz=01;31:*.tbz2=01;31:*.tz=01;31:*.deb=01;31:*.rpm=01;31:*.jar=01;31:*.war=01;31:*.ear=01;31:*.sar=01;31:*.rar=01;31:*.ace=01;31:*.zoo=01;31:*.cpio=01;31:*.7z=01;31:*.rz=01;31:*.jpg=01;35:*.jpeg=01;35:*.gif=01;35:*.bmp=01;35:*.pbm=01;35:*.pgm=01;35:*.ppm=01;35:*.tga=01;35:*.xbm=01;35:*.xpm=01;35:*.tif=01;35:*.tiff=01;35:*.png=01;35:*.svg=01;35:*.svgz=01;35:*.mng=01;35:*.pcx=01;35:*.mov=01;35:*.mpg=01;35:*.mpeg=01;35:*.m2v=01;35:*.mkv=01;35:*.webm=01;35:*.ogm=01;35:*.mp4=01;35:*.m4v=01;35:*.mp4v=01;35:*.vob=01;35:*.qt=01;35:*.nuv=01;35:*.wmv=01;35:*.asf=01;35:*.rm=01;35:*.rmvb=01;35:*.flc=01;35:*.avi=01;35:*.fli=01;35:*.flv=01;35:*.gl=01;35:*.dl=01;35:*.xcf=01;35:*.xwd=01;35:*.yuv=01;35:*.cgm=01;35:*.emf=01;35:*.axv=01;35:*.anx=01;35:*.ogv=01;35:*.ogx=01;35:*.aac=00;36:*.au=00;36:*.flac=00;36:*.mid=00;36:*.midi=00;36:*.mka=00;36:*.mp3=00;36:*.mpc=00;36:*.ogg=00;36:*.ra=00;36:*.wav=00;36:*.axa=00;36:*.oga=00;36:*.spx=00;36:*.xspf=00;36:', 'LESSCLOSE': '/usr/bin/lesspipe %s %s', 'SSH_TTY': '/dev/pts/1', 'VIRTUALENVWRAPPER_SCRIPT': '/usr/share/virtualenvwrapper/virtualenvwrapper.sh', 'PWD': '/home/fetch', 'ROS_ETC_DIR': '/opt/ros/indigo/etc/ros', 'ROS_MASTER_URI': 'http://localhost:11311', 'MAIL': '/var/mail/fetch', 'SSH_CONNECTION': '172.22.77.105 50852 172.22.77.172 22'}]
[roslaunch][INFO] 2020-10-30 00:11:21,847: process[rostful_server-2]: args[[u'/home/fetch/catkin_ws/src/rostful/rostful/scripts/server', '--host', '172.22.77.172', '-p', '8080', '--topics', '/local_control/goto', '/local_control/initialpose', '/local_control/cancel', '/local_control/initialpose', '/enable_software_runstop', '/remote_control', '/cmd_dock', '/cmd_undock', '/current/pose', u'__name:=rostful_server']]
[roslaunch][INFO] 2020-10-30 00:11:21,847: ... created process [rostful_server-2]
[roslaunch.pmon][INFO] 2020-10-30 00:11:21,847: ProcessMonitor.register[rostful_server-2]
[roslaunch.pmon][INFO] 2020-10-30 00:11:21,847: ProcessMonitor.register[rostful_server-2] complete
[roslaunch][INFO] 2020-10-30 00:11:21,847: ... registered process [rostful_server-2]
[roslaunch][INFO] 2020-10-30 00:11:21,847: process[rostful_server-2]: starting os process
[roslaunch][INFO] 2020-10-30 00:11:21,847: process[rostful_server-2]: start w/ args [[u'/home/fetch/catkin_ws/src/rostful/rostful/scripts/server', '--host', '172.22.77.172', '-p', '8080', '--topics', '/local_control/goto', '/local_control/initialpose', '/local_control/cancel', '/local_control/initialpose', '/enable_software_runstop', '/remote_control', '/cmd_dock', '/cmd_undock', '/current/pose', u'__name:=rostful_server', u'__log:=/home/fetch/.ros/log/4dc0c568-1a7b-11eb-9179-000babe55698/rostful_server-2.log']]
[roslaunch][INFO] 2020-10-30 00:11:21,847: process[rostful_server-2]: cwd will be [/home/fetch/.ros]
[roslaunch][INFO] 2020-10-30 00:11:21,849: process[rostful_server-2]: started with pid [7184]
[roslaunch][INFO] 2020-10-30 00:11:21,849: ... successfully launched [rostful_server-2]
[roslaunch][INFO] 2020-10-30 00:11:21,849: ... launch_nodes complete
[roslaunch.pmon][INFO] 2020-10-30 00:11:21,849: registrations completed <ProcessMonitor(ProcessMonitor-1, started daemon 140483001075456)>
[roslaunch.parent][INFO] 2020-10-30 00:11:21,849: ... roslaunch parent running, waiting for process exit
[roslaunch][INFO] 2020-10-30 00:11:21,849: spin
[roslaunch.pmon][INFO] 2020-10-30 00:12:12,474: ProcessMonitor.shutdown <ProcessMonitor(ProcessMonitor-1, started daemon 140483001075456)>
[roslaunch.pmon][INFO] 2020-10-30 00:12:12,574: ProcessMonitor._post_run <ProcessMonitor(ProcessMonitor-1, started daemon 140483001075456)>
[roslaunch.pmon][INFO] 2020-10-30 00:12:12,574: ProcessMonitor._post_run <ProcessMonitor(ProcessMonitor-1, started daemon 140483001075456)>: remaining procs are [<roslaunch.nodeprocess.LocalProcess object at 0x7fc4bf873cd0>, <roslaunch.nodeprocess.LocalProcess object at 0x7fc4bddd1750>]
[roslaunch.pmon][INFO] 2020-10-30 00:12:12,574: ProcessMonitor exit: killing rostful_server-2
[roslaunch][INFO] 2020-10-30 00:12:12,574: [rostful_server-2] killing on exit
[roslaunch.pmon][INFO] 2020-10-30 00:12:12,575: ProcessMonitor exit: killing amcl-1
[roslaunch][INFO] 2020-10-30 00:12:12,575: process[rostful_server-2]: killing os process with pid[7184] pgid[7184]
[roslaunch][INFO] 2020-10-30 00:12:12,575: [amcl-1] killing on exit
[roslaunch][INFO] 2020-10-30 00:12:12,575: [rostful_server-2] sending SIGINT to pgid [7184]
[roslaunch][INFO] 2020-10-30 00:12:12,575: process[amcl-1]: killing os process with pid[7183] pgid[7183]
[roslaunch][INFO] 2020-10-30 00:12:12,576: [rostful_server-2] sent SIGINT to pgid [7184]
[roslaunch][INFO] 2020-10-30 00:12:12,576: [amcl-1] sending SIGINT to pgid [7183]
[roslaunch][INFO] 2020-10-30 00:12:12,576: [amcl-1] sent SIGINT to pgid [7183]
[roslaunch][INFO] 2020-10-30 00:12:12,676: process[amcl-1]: SIGINT killed with return value -11
[roslaunch][INFO] 2020-10-30 00:12:12,776: process[rostful_server-2]: SIGINT killed with return value 0
[roslaunch.pmon][INFO] 2020-10-30 00:12:12,776: ProcessMonitor exit: cleaning up data structures and signals
[roslaunch.pmon][INFO] 2020-10-30 00:12:12,776: ProcessMonitor exit: pmon has shutdown
[roslaunch][INFO] 2020-10-30 00:12:12,788: process monitor is done spinning, initiating full shutdown
[roslaunch][INFO] 2020-10-30 00:12:12,788: runner.stop()
[roslaunch][INFO] 2020-10-30 00:12:12,789: shutting down processing monitor...
[roslaunch][INFO] 2020-10-30 00:12:12,789: shutting down processing monitor <ProcessMonitor(ProcessMonitor-1, stopped daemon 140483001075456)>
[roslaunch.pmon][INFO] 2020-10-30 00:12:12,789: ProcessMonitor.shutdown <ProcessMonitor(ProcessMonitor-1, stopped daemon 140483001075456)>
[roslaunch][INFO] 2020-10-30 00:12:12,789: ... shutting down processing monitor complete
[roslaunch][INFO] 2020-10-30 00:12:12,789: done
[roslaunch.pmon][INFO] 2020-10-30 00:12:12,789: ProcessMonitor.shutdown <ProcessMonitor(ProcessMonitor-1, stopped daemon 140483001075456)>
[rospy.core][INFO] 2020-10-30 00:12:12,789: signal_shutdown [atexit]
