[rospy.client][INFO] 2020-10-29 23:54:26,942: init_node, name[/rostful_server], pid[3619]
[xmlrpc][INFO] 2020-10-29 23:54:26,942: XML-RPC server binding to 0.0.0.0:0
[xmlrpc][INFO] 2020-10-29 23:54:26,942: Started XML-RPC server [http://freight1207:35285/]
[rospy.init][INFO] 2020-10-29 23:54:26,942: ROS Slave URI: [http://freight1207:35285/]
[rospy.impl.masterslave][INFO] 2020-10-29 23:54:26,942: _ready: http://freight1207:35285/
[xmlrpc][INFO] 2020-10-29 23:54:26,943: xml rpc node: starting XML-RPC server
[rospy.registration][INFO] 2020-10-29 23:54:26,943: Registering with master node http://localhost:11311
[rospy.init][INFO] 2020-10-29 23:54:27,042: registered with master
[rospy.rosout][INFO] 2020-10-29 23:54:27,043: initializing /rosout core topic
[rospy.rosout][INFO] 2020-10-29 23:54:27,044: connected to core topic /rosout
[rospy.simtime][INFO] 2020-10-29 23:54:27,045: /use_sim_time is not set, will not subscribe to simulated time [/clock] topic
[rosout][WARNING] 2020-10-29 23:54:27,051: rostful_server: Delaying the start 1 seconds
[rospy.internal][INFO] 2020-10-29 23:54:27,312: topic[/rosout] adding connection to [/rosout], count 0
[rosout][INFO] 2020-10-29 23:54:28,101: rostful_server: Started server on port 8080
[rospy.internal][INFO] 2020-10-29 23:54:28,108: topic[/enable_software_runstop] adding connection to [http://freight1207:35285/], count 0
[rospy.internal][INFO] 2020-10-29 23:54:28,109: topic[/enable_software_runstop] adding connection to [/rostful_server], count 0
[rospy.internal][INFO] 2020-10-29 23:54:28,133: topic[/enable_software_runstop] adding connection to [/software_runstop], count 1
[rospy.core][INFO] 2020-10-29 23:55:50,325: signal_shutdown [atexit]
[rospy.internal][INFO] 2020-10-29 23:55:50,327: topic[/enable_software_runstop] removing connection to /rostful_server
[rospy.internal][INFO] 2020-10-29 23:55:50,327: topic[/enable_software_runstop] removing connection to /software_runstop
[rospy.internal][INFO] 2020-10-29 23:55:50,327: topic[/rosout] removing connection to /rosout
[rospy.internal][INFO] 2020-10-29 23:55:50,327: topic[/enable_software_runstop] removing connection to http://freight1207:35285/
[rospy.impl.masterslave][INFO] 2020-10-29 23:55:50,327: atexit
[rospy.internal][ERROR] 2020-10-29 23:55:50,328: Unable to initiate TCP/IP socket to freight1207:41038 (http://freight1207:35285/): Traceback (most recent call last):
  File "/opt/ros/indigo/lib/python2.7/dist-packages/rospy/impl/tcpros_base.py", line 557, in connect
    self.read_header()
  File "/opt/ros/indigo/lib/python2.7/dist-packages/rospy/impl/tcpros_base.py", line 619, in read_header
    self._validate_header(read_ros_handshake_header(sock, self.read_buff, self.protocol.buff_size))
  File "/opt/ros/indigo/lib/python2.7/dist-packages/rospy/impl/tcpros_base.py", line 580, in _validate_header
    raise TransportInitError("remote error reported: %s"%header['error'])
TransportInitError: remote error reported: node shutting down

[rospy.client][INFO] 2020-10-29 23:56:49,168: init_node, name[/rostful_server], pid[4539]
[xmlrpc][INFO] 2020-10-29 23:56:49,168: XML-RPC server binding to 0.0.0.0:0
[xmlrpc][INFO] 2020-10-29 23:56:49,168: Started XML-RPC server [http://freight1207:33304/]
[rospy.impl.masterslave][INFO] 2020-10-29 23:56:49,169: _ready: http://freight1207:33304/
[rospy.init][INFO] 2020-10-29 23:56:49,169: ROS Slave URI: [http://freight1207:33304/]
[xmlrpc][INFO] 2020-10-29 23:56:49,169: xml rpc node: starting XML-RPC server
[rospy.registration][INFO] 2020-10-29 23:56:49,169: Registering with master node http://localhost:11311
[rospy.init][INFO] 2020-10-29 23:56:49,269: registered with master
[rospy.rosout][INFO] 2020-10-29 23:56:49,269: initializing /rosout core topic
[rospy.rosout][INFO] 2020-10-29 23:56:49,271: connected to core topic /rosout
[rospy.simtime][INFO] 2020-10-29 23:56:49,272: /use_sim_time is not set, will not subscribe to simulated time [/clock] topic
[rosout][WARNING] 2020-10-29 23:56:49,276: rostful_server: Delaying the start 1 seconds
[rospy.internal][INFO] 2020-10-29 23:56:49,506: topic[/rosout] adding connection to [/rosout], count 0
[rosout][INFO] 2020-10-29 23:56:50,325: rostful_server: Started server on port 8080
[rospy.internal][INFO] 2020-10-29 23:56:50,329: topic[/enable_software_runstop] adding connection to [/software_runstop], count 0
[rospy.internal][INFO] 2020-10-29 23:56:50,337: topic[/current/pose] adding connection to [http://freight1207:33304/], count 0
[rospy.internal][INFO] 2020-10-29 23:56:50,337: topic[/remote_control] adding connection to [http://freight1207:33304/], count 0
[rospy.internal][INFO] 2020-10-29 23:56:50,338: topic[/enable_software_runstop] adding connection to [http://freight1207:33304/], count 0
[rospy.internal][INFO] 2020-10-29 23:56:50,340: topic[/local_control/cancel] adding connection to [http://freight1207:33304/], count 0
[rospy.internal][INFO] 2020-10-29 23:56:50,341: topic[/current/pose] adding connection to [/rostful_server], count 0
[rospy.internal][INFO] 2020-10-29 23:56:50,341: topic[/local_control/initialpose] adding connection to [http://freight1207:33304/], count 0
[rospy.internal][INFO] 2020-10-29 23:56:50,342: topic[/remote_control] adding connection to [/rostful_server], count 0
[rospy.internal][INFO] 2020-10-29 23:56:50,342: topic[/local_control/goto] adding connection to [http://freight1207:33304/], count 0
[rospy.internal][INFO] 2020-10-29 23:56:50,343: topic[/enable_software_runstop] adding connection to [/rostful_server], count 1
[rospy.internal][INFO] 2020-10-29 23:56:50,343: topic[/local_control/cancel] adding connection to [/rostful_server], count 0
[rospy.internal][INFO] 2020-10-29 23:56:50,343: topic[/local_control/initialpose] adding connection to [/rostful_server], count 0
[rospy.internal][INFO] 2020-10-29 23:56:50,344: topic[/local_control/goto] adding connection to [/rostful_server], count 0
[rosout][WARNING] 2020-10-29 23:57:07,092: publishing header: 
  seq: 0
  stamp: 
    secs: 0
    nsecs:         0
  frame_id: ''
goals: 
  - 
    locationX: -0.87
    locationY: 0.48
    orientation: 0.9
  - 
    locationX: -0.01
    locationY: 2.41
    orientation: 0.9 to topic /local_control/goto
[rospy.internal][INFO] 2020-10-29 23:57:31,312: topic[/current/pose] adding connection to [http://freight1207:49314/], count 1
[rospy.internal][INFO] 2020-10-29 23:57:31,465: topic[/local_control/goto] adding connection to [/local_control_navigation], count 1
[rospy.internal][INFO] 2020-10-29 23:57:31,465: topic[/local_control/cancel] adding connection to [/local_control_navigation], count 1
[rospy.internal][INFO] 2020-10-29 23:57:31,465: topic[/local_control/initialpose] adding connection to [/local_control_initialpose], count 1
[rospy.internal][INFO] 2020-10-29 23:57:41,579: topic[/remote_control] adding connection to [/remote_control], count 1
[rosout][WARNING] 2020-10-29 23:57:46,222: publishing header: 
  seq: 0
  stamp: 
    secs: 0
    nsecs:         0
  frame_id: ''
goals: 
  - 
    locationX: -0.87
    locationY: 0.48
    orientation: 0.9
  - 
    locationX: -0.01
    locationY: 2.41
    orientation: 0.9 to topic /local_control/goto
[rosout][WARNING] 2020-10-29 23:57:54,068: publishing header: 
  seq: 0
  stamp: 
    secs: 0
    nsecs:         0
  frame_id: ''
goals: 
  - 
    locationX: -0.87
    locationY: 0.48
    orientation: 0.9
  - 
    locationX: -0.01
    locationY: 2.41
    orientation: 0.9 to topic /local_control/goto
[rosout][WARNING] 2020-10-29 23:57:55,309: publishing header: 
  seq: 0
  stamp: 
    secs: 0
    nsecs:         0
  frame_id: ''
goals: 
  - 
    locationX: -0.87
    locationY: 0.48
    orientation: 0.9
  - 
    locationX: -0.01
    locationY: 2.41
    orientation: 0.9 to topic /local_control/goto
[rosout][WARNING] 2020-10-29 23:57:56,151: publishing header: 
  seq: 0
  stamp: 
    secs: 0
    nsecs:         0
  frame_id: ''
goals: 
  - 
    locationX: -0.87
    locationY: 0.48
    orientation: 0.9
  - 
    locationX: -0.01
    locationY: 2.41
    orientation: 0.9 to topic /local_control/goto
[rosout][WARNING] 2020-10-29 23:57:56,813: publishing header: 
  seq: 0
  stamp: 
    secs: 0
    nsecs:         0
  frame_id: ''
goals: 
  - 
    locationX: -0.87
    locationY: 0.48
    orientation: 0.9
  - 
    locationX: -0.01
    locationY: 2.41
    orientation: 0.9 to topic /local_control/goto
[rosout][INFO] 2020-10-30 00:11:19,981: rostful_server: Shutting down the server
[rospy.core][INFO] 2020-10-30 00:11:19,982: signal_shutdown [Closing]
[rospy.internal][INFO] 2020-10-30 00:11:19,985: topic[/enable_software_runstop] removing connection to /software_runstop
[rospy.internal][INFO] 2020-10-30 00:11:19,985: topic[/enable_software_runstop] removing connection to /rostful_server
[rospy.internal][INFO] 2020-10-30 00:11:19,986: topic[/local_control/goto] removing connection to /rostful_server
[rospy.internal][INFO] 2020-10-30 00:11:19,986: topic[/local_control/goto] removing connection to /local_control_navigation
[rospy.internal][INFO] 2020-10-30 00:11:19,986: topic[/rosout] removing connection to /rosout
[rospy.internal][INFO] 2020-10-30 00:11:19,986: topic[/local_control/initialpose] removing connection to /rostful_server
[rospy.internal][INFO] 2020-10-30 00:11:19,987: topic[/local_control/initialpose] removing connection to /local_control_initialpose
[rospy.internal][ERROR] 2020-10-30 00:11:19,987: Unable to initiate TCP/IP socket to freight1207:59371 (http://freight1207:33304/): Traceback (most recent call last):
  File "/opt/ros/indigo/lib/python2.7/dist-packages/rospy/impl/tcpros_base.py", line 557, in connect
    self.read_header()
  File "/opt/ros/indigo/lib/python2.7/dist-packages/rospy/impl/tcpros_base.py", line 619, in read_header
    self._validate_header(read_ros_handshake_header(sock, self.read_buff, self.protocol.buff_size))
  File "/opt/ros/indigo/lib/python2.7/dist-packages/rospy/impl/tcpros_base.py", line 580, in _validate_header
    raise TransportInitError("remote error reported: %s"%header['error'])
TransportInitError: remote error reported: node shutting down

[rospy.internal][INFO] 2020-10-30 00:11:19,987: topic[/remote_control] removing connection to /rostful_server
[rospy.internal][INFO] 2020-10-30 00:11:19,987: topic[/remote_control] removing connection to /remote_control
[rospy.internal][ERROR] 2020-10-30 00:11:19,987: Unable to initiate TCP/IP socket to freight1207:59371 (http://freight1207:33304/): Traceback (most recent call last):
  File "/opt/ros/indigo/lib/python2.7/dist-packages/rospy/impl/tcpros_base.py", line 557, in connect
    self.read_header()
  File "/opt/ros/indigo/lib/python2.7/dist-packages/rospy/impl/tcpros_base.py", line 619, in read_header
    self._validate_header(read_ros_handshake_header(sock, self.read_buff, self.protocol.buff_size))
  File "/opt/ros/indigo/lib/python2.7/dist-packages/rospy/impl/tcpros_base.py", line 580, in _validate_header
    raise TransportInitError("remote error reported: %s"%header['error'])
TransportInitError: remote error reported: node shutting down

[rospy.internal][ERROR] 2020-10-30 00:11:19,987: Unable to initiate TCP/IP socket to freight1207:59371 (http://freight1207:33304/): Traceback (most recent call last):
  File "/opt/ros/indigo/lib/python2.7/dist-packages/rospy/impl/tcpros_base.py", line 557, in connect
    self.read_header()
  File "/opt/ros/indigo/lib/python2.7/dist-packages/rospy/impl/tcpros_base.py", line 619, in read_header
    self._validate_header(read_ros_handshake_header(sock, self.read_buff, self.protocol.buff_size))
  File "/opt/ros/indigo/lib/python2.7/dist-packages/rospy/impl/tcpros_base.py", line 580, in _validate_header
    raise TransportInitError("remote error reported: %s"%header['error'])
TransportInitError: remote error reported: node shutting down

[rospy.internal][INFO] 2020-10-30 00:11:19,988: topic[/local_control/cancel] removing connection to /rostful_server
[rospy.internal][ERROR] 2020-10-30 00:11:19,988: Unable to initiate TCP/IP socket to freight1207:59371 (http://freight1207:33304/): Traceback (most recent call last):
  File "/opt/ros/indigo/lib/python2.7/dist-packages/rospy/impl/tcpros_base.py", line 557, in connect
    self.read_header()
  File "/opt/ros/indigo/lib/python2.7/dist-packages/rospy/impl/tcpros_base.py", line 619, in read_header
    self._validate_header(read_ros_handshake_header(sock, self.read_buff, self.protocol.buff_size))
  File "/opt/ros/indigo/lib/python2.7/dist-packages/rospy/impl/tcpros_base.py", line 580, in _validate_header
    raise TransportInitError("remote error reported: %s"%header['error'])
TransportInitError: remote error reported: node shutting down

[rospy.internal][ERROR] 2020-10-30 00:11:19,988: Unable to initiate TCP/IP socket to freight1207:59371 (http://freight1207:33304/): Traceback (most recent call last):
  File "/opt/ros/indigo/lib/python2.7/dist-packages/rospy/impl/tcpros_base.py", line 557, in connect
    self.read_header()
  File "/opt/ros/indigo/lib/python2.7/dist-packages/rospy/impl/tcpros_base.py", line 619, in read_header
    self._validate_header(read_ros_handshake_header(sock, self.read_buff, self.protocol.buff_size))
  File "/opt/ros/indigo/lib/python2.7/dist-packages/rospy/impl/tcpros_base.py", line 580, in _validate_header
    raise TransportInitError("remote error reported: %s"%header['error'])
TransportInitError: remote error reported: node shutting down

[rospy.internal][INFO] 2020-10-30 00:11:19,988: topic[/local_control/cancel] removing connection to /local_control_navigation
[rospy.internal][INFO] 2020-10-30 00:11:19,988: topic[/current/pose] removing connection to /rostful_server
[rospy.internal][INFO] 2020-10-30 00:11:19,989: topic[/enable_software_runstop] removing connection to http://freight1207:33304/
[rospy.internal][INFO] 2020-10-30 00:11:19,989: topic[/local_control/goto] removing connection to http://freight1207:33304/
[rospy.internal][INFO] 2020-10-30 00:11:19,989: topic[/local_control/initialpose] removing connection to http://freight1207:33304/
[rospy.internal][ERROR] 2020-10-30 00:11:19,989: Unable to initiate TCP/IP socket to freight1207:59371 (http://freight1207:33304/): Traceback (most recent call last):
  File "/opt/ros/indigo/lib/python2.7/dist-packages/rospy/impl/tcpros_base.py", line 557, in connect
    self.read_header()
  File "/opt/ros/indigo/lib/python2.7/dist-packages/rospy/impl/tcpros_base.py", line 619, in read_header
    self._validate_header(read_ros_handshake_header(sock, self.read_buff, self.protocol.buff_size))
  File "/opt/ros/indigo/lib/python2.7/dist-packages/rospy/impl/tcpros_base.py", line 580, in _validate_header
    raise TransportInitError("remote error reported: %s"%header['error'])
TransportInitError: remote error reported: node shutting down

[rospy.internal][INFO] 2020-10-30 00:11:19,989: topic[/remote_control] removing connection to http://freight1207:33304/
[rospy.internal][INFO] 2020-10-30 00:11:19,989: topic[/local_control/cancel] removing connection to http://freight1207:33304/
[rospy.internal][INFO] 2020-10-30 00:11:19,989: topic[/current/pose] removing connection to http://freight1207:33304/
[rospy.internal][INFO] 2020-10-30 00:11:19,989: topic[/current/pose] removing connection to http://freight1207:49314/
[rospy.impl.masterslave][INFO] 2020-10-30 00:11:19,990: Closing
[rospy.core][INFO] 2020-10-30 00:11:20,105: signal_shutdown [atexit]
[rospy.client][INFO] 2020-10-30 00:15:18,166: init_node, name[/rostful_server], pid[7770]
[xmlrpc][INFO] 2020-10-30 00:15:18,167: XML-RPC server binding to 0.0.0.0:0
[xmlrpc][INFO] 2020-10-30 00:15:18,167: Started XML-RPC server [http://freight1207:57998/]
[rospy.init][INFO] 2020-10-30 00:15:18,167: ROS Slave URI: [http://freight1207:57998/]
[rospy.impl.masterslave][INFO] 2020-10-30 00:15:18,167: _ready: http://freight1207:57998/
[xmlrpc][INFO] 2020-10-30 00:15:18,167: xml rpc node: starting XML-RPC server
[rospy.registration][INFO] 2020-10-30 00:15:18,168: Registering with master node http://localhost:11311
[rospy.init][INFO] 2020-10-30 00:15:18,267: registered with master
[rospy.rosout][INFO] 2020-10-30 00:15:18,267: initializing /rosout core topic
[rospy.rosout][INFO] 2020-10-30 00:15:18,269: connected to core topic /rosout
[rospy.simtime][INFO] 2020-10-30 00:15:18,270: /use_sim_time is not set, will not subscribe to simulated time [/clock] topic
[rosout][WARNING] 2020-10-30 00:15:18,274: rostful_server: Delaying the start 1 seconds
[rospy.internal][INFO] 2020-10-30 00:15:18,525: topic[/rosout] adding connection to [/rosout], count 0
[rosout][INFO] 2020-10-30 00:15:19,325: rostful_server: Started server on port 8080
[rospy.internal][INFO] 2020-10-30 00:15:19,333: topic[/current/pose] adding connection to [http://freight1207:57998/], count 0
[rospy.internal][INFO] 2020-10-30 00:15:19,335: topic[/remote_control] adding connection to [http://freight1207:57998/], count 0
[rospy.internal][INFO] 2020-10-30 00:15:19,336: topic[/enable_software_runstop] adding connection to [http://freight1207:57998/], count 0
[rospy.internal][INFO] 2020-10-30 00:15:19,337: topic[/local_control/cancel] adding connection to [http://freight1207:57998/], count 0
[rospy.internal][INFO] 2020-10-30 00:15:19,338: topic[/current/pose] adding connection to [/rostful_server], count 0
[rospy.internal][INFO] 2020-10-30 00:15:19,339: topic[/local_control/initialpose] adding connection to [http://freight1207:57998/], count 0
[rospy.internal][INFO] 2020-10-30 00:15:19,339: topic[/remote_control] adding connection to [/rostful_server], count 0
[rospy.internal][INFO] 2020-10-30 00:15:19,340: topic[/enable_software_runstop] adding connection to [/rostful_server], count 0
[rospy.internal][INFO] 2020-10-30 00:15:19,340: topic[/local_control/goto] adding connection to [http://freight1207:57998/], count 0
[rospy.internal][INFO] 2020-10-30 00:15:19,340: topic[/local_control/cancel] adding connection to [/rostful_server], count 0
[rospy.internal][INFO] 2020-10-30 00:15:19,341: topic[/local_control/initialpose] adding connection to [/rostful_server], count 0
[rospy.internal][INFO] 2020-10-30 00:15:19,341: topic[/local_control/goto] adding connection to [/rostful_server], count 0
[rospy.internal][INFO] 2020-10-30 00:15:19,362: topic[/enable_software_runstop] adding connection to [/software_runstop], count 1
[rosout][WARNING] 2020-10-30 00:15:23,721: publishing header: 
  seq: 0
  stamp: 
    secs: 0
    nsecs:         0
  frame_id: ''
goals: 
  - 
    locationX: -0.87
    locationY: 0.48
    orientation: 0.9
  - 
    locationX: -0.01
    locationY: 2.41
    orientation: 0.9 to topic /local_control/goto
[rosout][WARNING] 2020-10-30 00:15:32,627: publishing header: 
  seq: 0
  stamp: 
    secs: 0
    nsecs:         0
  frame_id: ''
goals: 
  - 
    locationX: -0.87
    locationY: 0.48
    orientation: 0.9
  - 
    locationX: -0.01
    locationY: 2.41
    orientation: 0.9 to topic /local_control/goto
[rosout][WARNING] 2020-10-30 00:15:37,219: publishing header: 
  seq: 0
  stamp: 
    secs: 0
    nsecs:         0
  frame_id: ''
goals: 
  - 
    locationX: -0.87
    locationY: 0.48
    orientation: 0.9
  - 
    locationX: -0.01
    locationY: 2.41
    orientation: 0.9 to topic /local_control/goto
[rosout][WARNING] 2020-10-30 00:15:49,526: publishing header: 
  seq: 0
  stamp: 
    secs: 0
    nsecs:         0
  frame_id: ''
goals: 
  - 
    locationX: -0.87
    locationY: 0.48
    orientation: 0.9
  - 
    locationX: -0.01
    locationY: 2.41
    orientation: 0.9 to topic /local_control/goto
[rosout][WARNING] 2020-10-30 00:15:49,709: publishing header: 
  seq: 0
  stamp: 
    secs: 0
    nsecs:         0
  frame_id: ''
goals: 
  - 
    locationX: -0.87
    locationY: 0.48
    orientation: 0.9
  - 
    locationX: -0.01
    locationY: 2.41
    orientation: 0.9 to topic /local_control/goto
[rosout][WARNING] 2020-10-30 00:15:49,914: publishing header: 
  seq: 0
  stamp: 
    secs: 0
    nsecs:         0
  frame_id: ''
goals: 
  - 
    locationX: -0.87
    locationY: 0.48
    orientation: 0.9
  - 
    locationX: -0.01
    locationY: 2.41
    orientation: 0.9 to topic /local_control/goto
[rosout][WARNING] 2020-10-30 00:15:50,068: publishing header: 
  seq: 0
  stamp: 
    secs: 0
    nsecs:         0
  frame_id: ''
goals: 
  - 
    locationX: -0.87
    locationY: 0.48
    orientation: 0.9
  - 
    locationX: -0.01
    locationY: 2.41
    orientation: 0.9 to topic /local_control/goto
[rosout][WARNING] 2020-10-30 00:15:50,228: publishing header: 
  seq: 0
  stamp: 
    secs: 0
    nsecs:         0
  frame_id: ''
goals: 
  - 
    locationX: -0.87
    locationY: 0.48
    orientation: 0.9
  - 
    locationX: -0.01
    locationY: 2.41
    orientation: 0.9 to topic /local_control/goto
[rosout][WARNING] 2020-10-30 00:15:50,391: publishing header: 
  seq: 0
  stamp: 
    secs: 0
    nsecs:         0
  frame_id: ''
goals: 
  - 
    locationX: -0.87
    locationY: 0.48
    orientation: 0.9
  - 
    locationX: -0.01
    locationY: 2.41
    orientation: 0.9 to topic /local_control/goto
[rosout][WARNING] 2020-10-30 00:15:50,574: publishing header: 
  seq: 0
  stamp: 
    secs: 0
    nsecs:         0
  frame_id: ''
goals: 
  - 
    locationX: -0.87
    locationY: 0.48
    orientation: 0.9
  - 
    locationX: -0.01
    locationY: 2.41
    orientation: 0.9 to topic /local_control/goto
[rospy.internal][INFO] 2020-10-30 00:15:56,882: topic[/remote_control] adding connection to [/remote_control], count 1
[rospy.internal][INFO] 2020-10-30 00:16:01,211: topic[/current/pose] adding connection to [http://freight1207:58165/], count 1
[rospy.internal][INFO] 2020-10-30 00:16:01,390: topic[/local_control/goto] adding connection to [/local_control_navigation], count 1
[rospy.internal][INFO] 2020-10-30 00:16:01,391: topic[/local_control/initialpose] adding connection to [/local_control_initialpose], count 1
[rospy.internal][INFO] 2020-10-30 00:16:01,391: topic[/local_control/cancel] adding connection to [/local_control_navigation], count 1
[rosout][WARNING] 2020-10-30 00:17:17,195: publishing header: 
  seq: 0
  stamp: 
    secs: 0
    nsecs:         0
  frame_id: ''
goals: 
  - 
    locationX: -0.87
    locationY: 0.48
    orientation: 0.9
  - 
    locationX: -0.01
    locationY: 2.41
    orientation: 0.9 to topic /local_control/goto
[rosout][WARNING] 2020-10-30 00:20:34,289: publishing header: 
  seq: 0
  stamp: 
    secs: 0
    nsecs:         0
  frame_id: ''
goals: 
  - 
    locationX: -0.87
    locationY: 0.48
    orientation: 0.9
  - 
    locationX: -0.01
    locationY: 2.41
    orientation: 0.9 to topic /local_control/goto
[rospy.internal][WARNING] 2020-10-30 00:20:51,657: Unknown error initiating TCP/IP socket to freight1207:53972 (http://freight1207:58165/): Traceback (most recent call last):
  File "/opt/ros/indigo/lib/python2.7/dist-packages/rospy/impl/tcpros_base.py", line 557, in connect
    self.read_header()
  File "/opt/ros/indigo/lib/python2.7/dist-packages/rospy/impl/tcpros_base.py", line 619, in read_header
    self._validate_header(read_ros_handshake_header(sock, self.read_buff, self.protocol.buff_size))
  File "/opt/ros/indigo/lib/python2.7/dist-packages/rosgraph/network.py", line 363, in read_ros_handshake_header
    d = sock.recv(buff_size)
error: [Errno 104] Connection reset by peer

[rospy.internal][INFO] 2020-10-30 00:20:51,658: topic[/current/pose] removing connection to http://freight1207:58165/
[rospy.internal][INFO] 2020-10-30 00:20:53,808: topic[/current/pose] adding connection to [http://freight1207:51759/], count 1
[rospy.internal][INFO] 2020-10-30 00:20:53,971: topic[/local_control/goto] adding connection to [/local_control_navigation], count 2
[rospy.internal][INFO] 2020-10-30 00:20:53,972: topic[/local_control/goto] removing connection to /local_control_navigation
[rospy.internal][INFO] 2020-10-30 00:20:53,972: topic[/local_control/initialpose] adding connection to [/local_control_initialpose], count 2
[rospy.internal][INFO] 2020-10-30 00:20:53,972: topic[/local_control/initialpose] removing connection to /local_control_initialpose
[rospy.internal][INFO] 2020-10-30 00:20:53,972: topic[/local_control/cancel] adding connection to [/local_control_navigation], count 2
[rospy.internal][INFO] 2020-10-30 00:20:53,972: topic[/local_control/cancel] removing connection to /local_control_navigation
[rospy.internal][INFO] 2020-10-30 00:20:58,277: topic[/remote_control] adding connection to [/remote_control], count 2
[rospy.internal][INFO] 2020-10-30 00:20:58,277: topic[/remote_control] removing connection to /remote_control
[rosout][INFO] 2020-10-30 00:21:00,513: rostful_server: Shutting down the server
[rospy.core][INFO] 2020-10-30 00:21:00,514: signal_shutdown [Closing]
[rospy.internal][INFO] 2020-10-30 00:21:00,524: topic[/enable_software_runstop] removing connection to /rostful_server
[rospy.internal][INFO] 2020-10-30 00:21:00,525: topic[/enable_software_runstop] removing connection to /software_runstop
[rospy.internal][ERROR] 2020-10-30 00:21:00,525: Unable to initiate TCP/IP socket to freight1207:33594 (http://freight1207:57998/): Traceback (most recent call last):
  File "/opt/ros/indigo/lib/python2.7/dist-packages/rospy/impl/tcpros_base.py", line 557, in connect
    self.read_header()
  File "/opt/ros/indigo/lib/python2.7/dist-packages/rospy/impl/tcpros_base.py", line 619, in read_header
    self._validate_header(read_ros_handshake_header(sock, self.read_buff, self.protocol.buff_size))
  File "/opt/ros/indigo/lib/python2.7/dist-packages/rospy/impl/tcpros_base.py", line 580, in _validate_header
    raise TransportInitError("remote error reported: %s"%header['error'])
TransportInitError: remote error reported: node shutting down

[rospy.internal][INFO] 2020-10-30 00:21:00,526: topic[/local_control/goto] removing connection to /rostful_server
[rospy.internal][INFO] 2020-10-30 00:21:00,527: topic[/local_control/goto] removing connection to /local_control_navigation
[rospy.internal][INFO] 2020-10-30 00:21:00,527: topic[/rosout] removing connection to /rosout
[rospy.internal][ERROR] 2020-10-30 00:21:00,527: Unable to initiate TCP/IP socket to freight1207:33594 (http://freight1207:57998/): Traceback (most recent call last):
  File "/opt/ros/indigo/lib/python2.7/dist-packages/rospy/impl/tcpros_base.py", line 557, in connect
    self.read_header()
  File "/opt/ros/indigo/lib/python2.7/dist-packages/rospy/impl/tcpros_base.py", line 619, in read_header
    self._validate_header(read_ros_handshake_header(sock, self.read_buff, self.protocol.buff_size))
  File "/opt/ros/indigo/lib/python2.7/dist-packages/rospy/impl/tcpros_base.py", line 580, in _validate_header
    raise TransportInitError("remote error reported: %s"%header['error'])
TransportInitError: remote error reported: node shutting down

[rospy.internal][INFO] 2020-10-30 00:21:00,528: topic[/local_control/initialpose] removing connection to /rostful_server
[rospy.internal][INFO] 2020-10-30 00:21:00,528: topic[/local_control/initialpose] removing connection to /local_control_initialpose
[rospy.internal][ERROR] 2020-10-30 00:21:00,529: Unable to initiate TCP/IP socket to freight1207:33594 (http://freight1207:57998/): Traceback (most recent call last):
  File "/opt/ros/indigo/lib/python2.7/dist-packages/rospy/impl/tcpros_base.py", line 557, in connect
    self.read_header()
  File "/opt/ros/indigo/lib/python2.7/dist-packages/rospy/impl/tcpros_base.py", line 619, in read_header
    self._validate_header(read_ros_handshake_header(sock, self.read_buff, self.protocol.buff_size))
  File "/opt/ros/indigo/lib/python2.7/dist-packages/rospy/impl/tcpros_base.py", line 580, in _validate_header
    raise TransportInitError("remote error reported: %s"%header['error'])
TransportInitError: remote error reported: node shutting down

[rospy.internal][INFO] 2020-10-30 00:21:00,529: topic[/remote_control] removing connection to /rostful_server
[rospy.internal][INFO] 2020-10-30 00:21:00,530: topic[/remote_control] removing connection to /remote_control
[rospy.internal][ERROR] 2020-10-30 00:21:00,530: Unable to initiate TCP/IP socket to freight1207:33594 (http://freight1207:57998/): Traceback (most recent call last):
  File "/opt/ros/indigo/lib/python2.7/dist-packages/rospy/impl/tcpros_base.py", line 557, in connect
    self.read_header()
  File "/opt/ros/indigo/lib/python2.7/dist-packages/rospy/impl/tcpros_base.py", line 619, in read_header
    self._validate_header(read_ros_handshake_header(sock, self.read_buff, self.protocol.buff_size))
  File "/opt/ros/indigo/lib/python2.7/dist-packages/rospy/impl/tcpros_base.py", line 580, in _validate_header
    raise TransportInitError("remote error reported: %s"%header['error'])
TransportInitError: remote error reported: node shutting down

[rospy.internal][INFO] 2020-10-30 00:21:00,530: topic[/local_control/cancel] removing connection to /rostful_server
[rospy.internal][INFO] 2020-10-30 00:21:00,531: topic[/local_control/cancel] removing connection to /local_control_navigation
[rospy.internal][ERROR] 2020-10-30 00:21:00,531: Unable to initiate TCP/IP socket to freight1207:33594 (http://freight1207:57998/): Traceback (most recent call last):
  File "/opt/ros/indigo/lib/python2.7/dist-packages/rospy/impl/tcpros_base.py", line 557, in connect
    self.read_header()
  File "/opt/ros/indigo/lib/python2.7/dist-packages/rospy/impl/tcpros_base.py", line 619, in read_header
    self._validate_header(read_ros_handshake_header(sock, self.read_buff, self.protocol.buff_size))
  File "/opt/ros/indigo/lib/python2.7/dist-packages/rospy/impl/tcpros_base.py", line 580, in _validate_header
    raise TransportInitError("remote error reported: %s"%header['error'])
TransportInitError: remote error reported: node shutting down

[rospy.internal][INFO] 2020-10-30 00:21:00,532: topic[/current/pose] removing connection to /rostful_server
[rospy.internal][INFO] 2020-10-30 00:21:00,532: topic[/enable_software_runstop] removing connection to http://freight1207:57998/
[rospy.internal][INFO] 2020-10-30 00:21:00,532: topic[/local_control/goto] removing connection to http://freight1207:57998/
[rospy.internal][ERROR] 2020-10-30 00:21:00,533: Unable to initiate TCP/IP socket to freight1207:33594 (http://freight1207:57998/): Traceback (most recent call last):
  File "/opt/ros/indigo/lib/python2.7/dist-packages/rospy/impl/tcpros_base.py", line 557, in connect
    self.read_header()
  File "/opt/ros/indigo/lib/python2.7/dist-packages/rospy/impl/tcpros_base.py", line 619, in read_header
    self._validate_header(read_ros_handshake_header(sock, self.read_buff, self.protocol.buff_size))
  File "/opt/ros/indigo/lib/python2.7/dist-packages/rospy/impl/tcpros_base.py", line 580, in _validate_header
    raise TransportInitError("remote error reported: %s"%header['error'])
TransportInitError: remote error reported: node shutting down

[rospy.internal][INFO] 2020-10-30 00:21:00,533: topic[/local_control/initialpose] removing connection to http://freight1207:57998/
[rospy.internal][INFO] 2020-10-30 00:21:00,533: topic[/remote_control] removing connection to http://freight1207:57998/
[rospy.internal][INFO] 2020-10-30 00:21:00,533: topic[/local_control/cancel] removing connection to http://freight1207:57998/
[rospy.internal][INFO] 2020-10-30 00:21:00,533: topic[/current/pose] removing connection to http://freight1207:57998/
[rospy.internal][INFO] 2020-10-30 00:21:00,534: topic[/current/pose] removing connection to http://freight1207:51759/
[rospy.impl.masterslave][INFO] 2020-10-30 00:21:00,534: Closing
[rospy.core][INFO] 2020-10-30 00:21:01,149: signal_shutdown [atexit]
[rospy.client][INFO] 2020-10-30 00:21:03,638: init_node, name[/rostful_server], pid[11477]
[xmlrpc][INFO] 2020-10-30 00:21:03,638: XML-RPC server binding to 0.0.0.0:0
[xmlrpc][INFO] 2020-10-30 00:21:03,639: Started XML-RPC server [http://freight1207:36388/]
[rospy.init][INFO] 2020-10-30 00:21:03,639: ROS Slave URI: [http://freight1207:36388/]
[rospy.impl.masterslave][INFO] 2020-10-30 00:21:03,639: _ready: http://freight1207:36388/
[xmlrpc][INFO] 2020-10-30 00:21:03,639: xml rpc node: starting XML-RPC server
[rospy.registration][INFO] 2020-10-30 00:21:03,640: Registering with master node http://localhost:11311
[rospy.init][INFO] 2020-10-30 00:21:03,739: registered with master
[rospy.rosout][INFO] 2020-10-30 00:21:03,739: initializing /rosout core topic
[rospy.rosout][INFO] 2020-10-30 00:21:03,741: connected to core topic /rosout
[rospy.simtime][INFO] 2020-10-30 00:21:03,742: /use_sim_time is not set, will not subscribe to simulated time [/clock] topic
[rosout][WARNING] 2020-10-30 00:21:03,746: rostful_server: Delaying the start 1 seconds
[rospy.internal][INFO] 2020-10-30 00:21:03,989: topic[/rosout] adding connection to [/rosout], count 0
[rosout][INFO] 2020-10-30 00:21:04,793: rostful_server: Started server on port 8080
[rospy.internal][INFO] 2020-10-30 00:21:04,805: topic[/enable_software_runstop] adding connection to [/software_runstop], count 0
[rospy.internal][INFO] 2020-10-30 00:21:04,806: topic[/current/pose] adding connection to [http://freight1207:51759/], count 0
[rospy.internal][INFO] 2020-10-30 00:21:04,806: topic[/current/pose] adding connection to [http://freight1207:36388/], count 0
[rospy.internal][INFO] 2020-10-30 00:21:04,808: topic[/remote_control] adding connection to [http://freight1207:36388/], count 0
[rospy.internal][INFO] 2020-10-30 00:21:04,810: topic[/enable_software_runstop] adding connection to [http://freight1207:36388/], count 0
[rospy.internal][INFO] 2020-10-30 00:21:04,810: topic[/current/pose] adding connection to [/rostful_server], count 0
[rospy.internal][INFO] 2020-10-30 00:21:04,811: topic[/local_control/cancel] adding connection to [http://freight1207:36388/], count 0
[rospy.internal][INFO] 2020-10-30 00:21:04,812: topic[/local_control/initialpose] adding connection to [http://freight1207:36388/], count 0
[rospy.internal][INFO] 2020-10-30 00:21:04,813: topic[/local_control/goto] adding connection to [http://freight1207:36388/], count 0
[rospy.internal][INFO] 2020-10-30 00:21:04,812: topic[/remote_control] adding connection to [/rostful_server], count 0
[rospy.internal][INFO] 2020-10-30 00:21:04,814: topic[/enable_software_runstop] adding connection to [/rostful_server], count 1
[rospy.internal][INFO] 2020-10-30 00:21:04,814: topic[/local_control/cancel] adding connection to [/rostful_server], count 0
[rospy.internal][INFO] 2020-10-30 00:21:04,814: topic[/local_control/initialpose] adding connection to [/rostful_server], count 0
[rospy.internal][INFO] 2020-10-30 00:21:04,814: topic[/local_control/goto] adding connection to [/rostful_server], count 0
[rosout][WARNING] 2020-10-30 00:21:04,906: publishing header: 
  seq: 0
  stamp: 
    secs: 0
    nsecs:         0
  frame_id: ''
goals: 
  - 
    locationX: -0.87
    locationY: 0.48
    orientation: 0.9
  - 
    locationX: -0.01
    locationY: 2.41
    orientation: 0.9 to topic /local_control/goto
[rospy.internal][INFO] 2020-10-30 00:21:04,990: topic[/local_control/initialpose] adding connection to [/local_control_initialpose], count 1
[rospy.internal][INFO] 2020-10-30 00:21:04,991: topic[/local_control/goto] adding connection to [/local_control_navigation], count 1
[rospy.internal][INFO] 2020-10-30 00:21:04,991: topic[/local_control/cancel] adding connection to [/local_control_navigation], count 1
[rospy.internal][INFO] 2020-10-30 00:21:04,991: topic[/remote_control] adding connection to [/remote_control], count 1
[rosout][WARNING] 2020-10-30 00:21:12,885: publishing header: 
  seq: 0
  stamp: 
    secs: 0
    nsecs:         0
  frame_id: ''
goals: 
  - 
    locationX: -0.87
    locationY: 0.48
    orientation: 0.9
  - 
    locationX: -0.01
    locationY: 2.41
    orientation: 0.9 to topic /local_control/goto
[rosout][WARNING] 2020-10-30 00:21:48,990: publishing header: 
  seq: 0
  stamp: 
    secs: 0
    nsecs:         0
  frame_id: ''
goals: 
  - 
    locationX: -0.87
    locationY: 0.48
    orientation: 0.9
  - 
    locationX: -0.01
    locationY: 2.41
    orientation: 0.9 to topic /local_control/goto
[rosout][WARNING] 2020-10-30 00:21:53,440: publishing header: 
  seq: 0
  stamp: 
    secs: 0
    nsecs:         0
  frame_id: ''
goals: 
  - 
    locationX: -0.87
    locationY: 0.48
    orientation: 0.9
  - 
    locationX: -0.01
    locationY: 2.41
    orientation: 0.9 to topic /local_control/goto
[rosout][INFO] 2020-10-30 00:24:05,516: rostful_server: Shutting down the server
[rospy.core][INFO] 2020-10-30 00:24:05,517: signal_shutdown [Closing]
[rospy.internal][INFO] 2020-10-30 00:24:05,520: topic[/enable_software_runstop] removing connection to /software_runstop
[rospy.internal][INFO] 2020-10-30 00:24:05,520: topic[/enable_software_runstop] removing connection to /rostful_server
[rospy.internal][INFO] 2020-10-30 00:24:05,521: topic[/local_control/goto] removing connection to /rostful_server
[rospy.internal][INFO] 2020-10-30 00:24:05,521: topic[/local_control/goto] removing connection to /local_control_navigation
[rospy.internal][INFO] 2020-10-30 00:24:05,521: topic[/rosout] removing connection to /rosout
[rospy.internal][INFO] 2020-10-30 00:24:05,521: topic[/local_control/initialpose] removing connection to /rostful_server
[rospy.internal][ERROR] 2020-10-30 00:24:05,522: Unable to initiate TCP/IP socket to freight1207:53315 (http://freight1207:36388/): Traceback (most recent call last):
  File "/opt/ros/indigo/lib/python2.7/dist-packages/rospy/impl/tcpros_base.py", line 557, in connect
    self.read_header()
  File "/opt/ros/indigo/lib/python2.7/dist-packages/rospy/impl/tcpros_base.py", line 619, in read_header
    self._validate_header(read_ros_handshake_header(sock, self.read_buff, self.protocol.buff_size))
  File "/opt/ros/indigo/lib/python2.7/dist-packages/rospy/impl/tcpros_base.py", line 580, in _validate_header
    raise TransportInitError("remote error reported: %s"%header['error'])
TransportInitError: remote error reported: node shutting down

[rospy.internal][INFO] 2020-10-30 00:24:05,522: topic[/local_control/initialpose] removing connection to /local_control_initialpose
[rospy.internal][INFO] 2020-10-30 00:24:05,522: topic[/remote_control] removing connection to /rostful_server
[rospy.internal][ERROR] 2020-10-30 00:24:05,522: Unable to initiate TCP/IP socket to freight1207:53315 (http://freight1207:36388/): Traceback (most recent call last):
  File "/opt/ros/indigo/lib/python2.7/dist-packages/rospy/impl/tcpros_base.py", line 557, in connect
    self.read_header()
  File "/opt/ros/indigo/lib/python2.7/dist-packages/rospy/impl/tcpros_base.py", line 619, in read_header
    self._validate_header(read_ros_handshake_header(sock, self.read_buff, self.protocol.buff_size))
  File "/opt/ros/indigo/lib/python2.7/dist-packages/rospy/impl/tcpros_base.py", line 580, in _validate_header
    raise TransportInitError("remote error reported: %s"%header['error'])
TransportInitError: remote error reported: node shutting down

[rospy.internal][INFO] 2020-10-30 00:24:05,522: topic[/remote_control] removing connection to /remote_control
[rospy.internal][ERROR] 2020-10-30 00:24:05,523: Unable to initiate TCP/IP socket to freight1207:53315 (http://freight1207:36388/): Traceback (most recent call last):
  File "/opt/ros/indigo/lib/python2.7/dist-packages/rospy/impl/tcpros_base.py", line 557, in connect
    self.read_header()
  File "/opt/ros/indigo/lib/python2.7/dist-packages/rospy/impl/tcpros_base.py", line 619, in read_header
    self._validate_header(read_ros_handshake_header(sock, self.read_buff, self.protocol.buff_size))
  File "/opt/ros/indigo/lib/python2.7/dist-packages/rospy/impl/tcpros_base.py", line 580, in _validate_header
    raise TransportInitError("remote error reported: %s"%header['error'])
TransportInitError: remote error reported: node shutting down

[rospy.internal][ERROR] 2020-10-30 00:24:05,523: Unable to initiate TCP/IP socket to freight1207:53315 (http://freight1207:36388/): Traceback (most recent call last):
  File "/opt/ros/indigo/lib/python2.7/dist-packages/rospy/impl/tcpros_base.py", line 557, in connect
    self.read_header()
  File "/opt/ros/indigo/lib/python2.7/dist-packages/rospy/impl/tcpros_base.py", line 619, in read_header
    self._validate_header(read_ros_handshake_header(sock, self.read_buff, self.protocol.buff_size))
  File "/opt/ros/indigo/lib/python2.7/dist-packages/rospy/impl/tcpros_base.py", line 580, in _validate_header
    raise TransportInitError("remote error reported: %s"%header['error'])
TransportInitError: remote error reported: node shutting down

[rospy.internal][INFO] 2020-10-30 00:24:05,523: topic[/local_control/cancel] removing connection to /rostful_server
[rospy.internal][INFO] 2020-10-30 00:24:05,523: topic[/local_control/cancel] removing connection to /local_control_navigation
[rospy.internal][ERROR] 2020-10-30 00:24:05,523: Unable to initiate TCP/IP socket to freight1207:53315 (http://freight1207:36388/): Traceback (most recent call last):
  File "/opt/ros/indigo/lib/python2.7/dist-packages/rospy/impl/tcpros_base.py", line 557, in connect
    self.read_header()
  File "/opt/ros/indigo/lib/python2.7/dist-packages/rospy/impl/tcpros_base.py", line 619, in read_header
    self._validate_header(read_ros_handshake_header(sock, self.read_buff, self.protocol.buff_size))
  File "/opt/ros/indigo/lib/python2.7/dist-packages/rospy/impl/tcpros_base.py", line 580, in _validate_header
    raise TransportInitError("remote error reported: %s"%header['error'])
TransportInitError: remote error reported: node shutting down

[rospy.internal][INFO] 2020-10-30 00:24:05,523: topic[/current/pose] removing connection to /rostful_server
[rospy.internal][INFO] 2020-10-30 00:24:05,524: topic[/enable_software_runstop] removing connection to http://freight1207:36388/
[rospy.internal][INFO] 2020-10-30 00:24:05,524: topic[/local_control/goto] removing connection to http://freight1207:36388/
[rospy.internal][INFO] 2020-10-30 00:24:05,524: topic[/local_control/initialpose] removing connection to http://freight1207:36388/
[rospy.internal][ERROR] 2020-10-30 00:24:05,524: Unable to initiate TCP/IP socket to freight1207:53315 (http://freight1207:36388/): Traceback (most recent call last):
  File "/opt/ros/indigo/lib/python2.7/dist-packages/rospy/impl/tcpros_base.py", line 557, in connect
    self.read_header()
  File "/opt/ros/indigo/lib/python2.7/dist-packages/rospy/impl/tcpros_base.py", line 619, in read_header
    self._validate_header(read_ros_handshake_header(sock, self.read_buff, self.protocol.buff_size))
  File "/opt/ros/indigo/lib/python2.7/dist-packages/rospy/impl/tcpros_base.py", line 580, in _validate_header
    raise TransportInitError("remote error reported: %s"%header['error'])
TransportInitError: remote error reported: node shutting down

[rospy.internal][INFO] 2020-10-30 00:24:05,524: topic[/remote_control] removing connection to http://freight1207:36388/
[rospy.internal][INFO] 2020-10-30 00:24:05,524: topic[/local_control/cancel] removing connection to http://freight1207:36388/
[rospy.internal][INFO] 2020-10-30 00:24:05,524: topic[/current/pose] removing connection to http://freight1207:51759/
[rospy.internal][INFO] 2020-10-30 00:24:05,524: topic[/current/pose] removing connection to http://freight1207:36388/
[rospy.impl.masterslave][INFO] 2020-10-30 00:24:05,524: Closing
[rospy.core][INFO] 2020-10-30 00:24:05,688: signal_shutdown [atexit]
