[rospy.client][INFO] 2020-11-05 20:38:00,000: init_node, name[/rosapi], pid[3417]
[xmlrpc][INFO] 2020-11-05 20:38:00,000: XML-RPC server binding to 0.0.0.0:0
[xmlrpc][INFO] 2020-11-05 20:38:00,001: Started XML-RPC server [http://freight1207:55876/]
[rospy.init][INFO] 2020-11-05 20:38:00,001: ROS Slave URI: [http://freight1207:55876/]
[rospy.impl.masterslave][INFO] 2020-11-05 20:38:00,001: _ready: http://freight1207:55876/
[xmlrpc][INFO] 2020-11-05 20:38:00,001: xml rpc node: starting XML-RPC server
[rospy.registration][INFO] 2020-11-05 20:38:00,002: Registering with master node http://localhost:11311
[rospy.init][INFO] 2020-11-05 20:38:00,101: registered with master
[rospy.rosout][INFO] 2020-11-05 20:38:00,101: initializing /rosout core topic
[rospy.rosout][INFO] 2020-11-05 20:38:00,103: connected to core topic /rosout
[rospy.simtime][INFO] 2020-11-05 20:38:00,104: /use_sim_time is not set, will not subscribe to simulated time [/clock] topic
[rosout][INFO] 2020-11-05 20:38:00,130: Rosapi started
[rospy.internal][INFO] 2020-11-05 20:38:00,357: topic[/rosout] adding connection to [/rosout], count 0
[rospy.core][INFO] 2020-11-05 21:16:23,324: signal_shutdown [signal-2]
[rospy.internal][INFO] 2020-11-05 21:16:23,331: topic[/rosout] removing connection to /rosout
[rospy.impl.masterslave][INFO] 2020-11-05 21:16:23,331: signal-2
[rospy.core][INFO] 2020-11-05 21:16:23,495: signal_shutdown [atexit]
[rospy.client][INFO] 2020-11-05 21:17:31,789: init_node, name[/rosapi], pid[3634]
[xmlrpc][INFO] 2020-11-05 21:17:31,790: XML-RPC server binding to 0.0.0.0:0
[xmlrpc][INFO] 2020-11-05 21:17:31,790: Started XML-RPC server [http://freight1207:44707/]
[rospy.init][INFO] 2020-11-05 21:17:31,790: ROS Slave URI: [http://freight1207:44707/]
[rospy.impl.masterslave][INFO] 2020-11-05 21:17:31,790: _ready: http://freight1207:44707/
[xmlrpc][INFO] 2020-11-05 21:17:31,791: xml rpc node: starting XML-RPC server
[rospy.registration][INFO] 2020-11-05 21:17:31,791: Registering with master node http://localhost:11311
[rospy.init][INFO] 2020-11-05 21:17:31,890: registered with master
[rospy.rosout][INFO] 2020-11-05 21:17:31,891: initializing /rosout core topic
[rospy.rosout][INFO] 2020-11-05 21:17:31,892: connected to core topic /rosout
[rospy.simtime][INFO] 2020-11-05 21:17:31,893: /use_sim_time is not set, will not subscribe to simulated time [/clock] topic
[rosout][INFO] 2020-11-05 21:17:31,914: Rosapi started
[rospy.internal][INFO] 2020-11-05 21:17:32,113: topic[/rosout] adding connection to [/rosout], count 0
[rospy.core][INFO] 2020-11-05 21:22:28,546: signal_shutdown [signal-2]
[rospy.internal][INFO] 2020-11-05 21:22:28,554: topic[/rosout] removing connection to /rosout
[rospy.impl.masterslave][INFO] 2020-11-05 21:22:28,554: signal-2
[rospy.core][INFO] 2020-11-05 21:22:28,686: signal_shutdown [atexit]
[rospy.client][INFO] 2020-11-05 21:22:30,690: init_node, name[/rosapi], pid[3762]
[xmlrpc][INFO] 2020-11-05 21:22:30,690: XML-RPC server binding to 0.0.0.0:0
[xmlrpc][INFO] 2020-11-05 21:22:30,690: Started XML-RPC server [http://freight1207:55920/]
[rospy.init][INFO] 2020-11-05 21:22:30,690: ROS Slave URI: [http://freight1207:55920/]
[rospy.impl.masterslave][INFO] 2020-11-05 21:22:30,691: _ready: http://freight1207:55920/
[xmlrpc][INFO] 2020-11-05 21:22:30,691: xml rpc node: starting XML-RPC server
[rospy.registration][INFO] 2020-11-05 21:22:30,691: Registering with master node http://localhost:11311
[rospy.init][INFO] 2020-11-05 21:22:30,791: registered with master
[rospy.rosout][INFO] 2020-11-05 21:22:30,791: initializing /rosout core topic
[rospy.rosout][INFO] 2020-11-05 21:22:30,793: connected to core topic /rosout
[rospy.simtime][INFO] 2020-11-05 21:22:30,793: /use_sim_time is not set, will not subscribe to simulated time [/clock] topic
[rosout][INFO] 2020-11-05 21:22:30,815: Rosapi started
[rospy.internal][INFO] 2020-11-05 21:22:31,006: topic[/rosout] adding connection to [/rosout], count 0
[rospy.core][INFO] 2020-11-05 21:30:24,558: signal_shutdown [signal-2]
[rospy.registration][WARNING] 2020-11-05 21:30:24,559: cannot unregister with master due to network issues
[rospy.internal][INFO] 2020-11-05 21:30:24,559: topic[/rosout] removing connection to /rosout
[rospy.impl.masterslave][INFO] 2020-11-05 21:30:24,559: signal-2
[rospy.core][INFO] 2020-11-05 21:30:24,691: signal_shutdown [signal-15]
[rospy.core][INFO] 2020-11-05 21:30:24,691: signal_shutdown [atexit]
