[roslaunch][INFO] 2020-10-27 19:19:03,890: Checking log directory for disk usage. This may take awhile.
Press Ctrl-C to interrupt
[roslaunch][INFO] 2020-10-27 19:19:03,902: Done checking log file disk usage. Usage is <1GB.
[roslaunch][INFO] 2020-10-27 19:19:03,902: roslaunch starting with args ['/opt/ros/indigo/bin/roslaunch', 'rosbridge_server', 'rosbridge_websocket.launch']
[roslaunch][INFO] 2020-10-27 19:19:03,903: roslaunch env is {'ROS_DISTRO': 'indigo', 'LESSOPEN': '| /usr/bin/lesspipe %s', 'SSH_CLIENT': '192.168.70.3 56192 22', 'CPATH': '/opt/ros/indigo/include', 'LOGNAME': 'fetch', 'USER': 'fetch', 'PATH': '/opt/ros/indigo/bin:/usr/local/sbin:/usr/local/bin:/usr/sbin:/usr/bin:/sbin:/bin:/usr/games:/usr/local/games', 'HOME': '/home/fetch', 'CMAKE_PREFIX_PATH': '/opt/ros/indigo', 'LD_LIBRARY_PATH': '/opt/ros/indigo/lib', 'LANG': 'en_US.UTF-8', 'TERM': 'xterm-256color', 'SHELL': '/bin/bash', 'ROS_LOG_FILENAME': '/home/fetch/.ros/log/c11a07ae-18c3-11eb-8667-000babe55698/roslaunch-freight1207-3298.log', 'SHLVL': '1', 'QT_QPA_PLATFORMTHEME': 'appmenu-qt5', 'DISPLAY': 'localhost:10.0', 'ROS_ETC_DIR': '/opt/ros/indigo/etc/ros', 'XDG_RUNTIME_DIR': '/run/user/1000', 'PYTHONPATH': '/opt/ros/indigo/lib/python2.7/dist-packages', 'ROS_ROOT': '/opt/ros/indigo/share/ros', 'PKG_CONFIG_PATH': '/opt/ros/indigo/lib/pkgconfig', 'ROS_PACKAGE_PATH': '/opt/ros/indigo/share:/opt/ros/indigo/stacks', 'XDG_SESSION_ID': '1', '_': '/opt/ros/indigo/bin/roslaunch', 'SSH_CONNECTION': '192.168.70.3 56192 192.168.70.5 22', 'LESSCLOSE': '/usr/bin/lesspipe %s %s', 'SSH_TTY': '/dev/pts/1', 'PWD': '/home/fetch', 'ROS_MASTER_URI': 'http://localhost:11311', 'MAIL': '/var/mail/fetch', 'LS_COLORS': 'rs=0:di=01;34:ln=01;36:mh=00:pi=40;33:so=01;35:do=01;35:bd=40;33;01:cd=40;33;01:or=40;31;01:su=37;41:sg=30;43:ca=30;41:tw=30;42:ow=34;42:st=37;44:ex=01;32:*.tar=01;31:*.tgz=01;31:*.arj=01;31:*.taz=01;31:*.lzh=01;31:*.lzma=01;31:*.tlz=01;31:*.txz=01;31:*.zip=01;31:*.z=01;31:*.Z=01;31:*.dz=01;31:*.gz=01;31:*.lz=01;31:*.xz=01;31:*.bz2=01;31:*.bz=01;31:*.tbz=01;31:*.tbz2=01;31:*.tz=01;31:*.deb=01;31:*.rpm=01;31:*.jar=01;31:*.war=01;31:*.ear=01;31:*.sar=01;31:*.rar=01;31:*.ace=01;31:*.zoo=01;31:*.cpio=01;31:*.7z=01;31:*.rz=01;31:*.jpg=01;35:*.jpeg=01;35:*.gif=01;35:*.bmp=01;35:*.pbm=01;35:*.pgm=01;35:*.ppm=01;35:*.tga=01;35:*.xbm=01;35:*.xpm=01;35:*.tif=01;35:*.tiff=01;35:*.png=01;35:*.svg=01;35:*.svgz=01;35:*.mng=01;35:*.pcx=01;35:*.mov=01;35:*.mpg=01;35:*.mpeg=01;35:*.m2v=01;35:*.mkv=01;35:*.webm=01;35:*.ogm=01;35:*.mp4=01;35:*.m4v=01;35:*.mp4v=01;35:*.vob=01;35:*.qt=01;35:*.nuv=01;35:*.wmv=01;35:*.asf=01;35:*.rm=01;35:*.rmvb=01;35:*.flc=01;35:*.avi=01;35:*.fli=01;35:*.flv=01;35:*.gl=01;35:*.dl=01;35:*.xcf=01;35:*.xwd=01;35:*.yuv=01;35:*.cgm=01;35:*.emf=01;35:*.axv=01;35:*.anx=01;35:*.ogv=01;35:*.ogx=01;35:*.aac=00;36:*.au=00;36:*.flac=00;36:*.mid=00;36:*.midi=00;36:*.mka=00;36:*.mp3=00;36:*.mpc=00;36:*.ogg=00;36:*.ra=00;36:*.wav=00;36:*.axa=00;36:*.oga=00;36:*.spx=00;36:*.xspf=00;36:'}
[roslaunch][INFO] 2020-10-27 19:19:03,903: starting in server mode
[roslaunch.parent][INFO] 2020-10-27 19:19:03,903: starting roslaunch parent run
[roslaunch][INFO] 2020-10-27 19:19:03,903: loading roscore config file /opt/ros/indigo/etc/ros/roscore.xml
[roslaunch][INFO] 2020-10-27 19:19:03,967: Added core node of type [rosout/rosout] in namespace [/]
[roslaunch.config][INFO] 2020-10-27 19:19:03,967: loading config file /opt/ros/indigo/share/rosbridge_server/launch/rosbridge_websocket.launch
[roslaunch][INFO] 2020-10-27 19:19:03,970: Added node of type [rosbridge_server/rosbridge_websocket] in namespace [/]
[roslaunch][INFO] 2020-10-27 19:19:03,971: Added node of type [rosapi/rosapi_node] in namespace [/]
[roslaunch][INFO] 2020-10-27 19:19:03,971: ... selected machine [] for node of type [rosbridge_server/rosbridge_websocket]
[roslaunch][INFO] 2020-10-27 19:19:03,971: ... selected machine [] for node of type [rosapi/rosapi_node]
[roslaunch.pmon][INFO] 2020-10-27 19:19:03,971: start_process_monitor: creating ProcessMonitor
[roslaunch.pmon][INFO] 2020-10-27 19:19:03,971: created process monitor <ProcessMonitor(ProcessMonitor-1, initial daemon)>
[roslaunch.pmon][INFO] 2020-10-27 19:19:03,972: start_process_monitor: ProcessMonitor started
[roslaunch.parent][INFO] 2020-10-27 19:19:03,972: starting parent XML-RPC server
[roslaunch.server][INFO] 2020-10-27 19:19:03,972: starting roslaunch XML-RPC server
[roslaunch.server][INFO] 2020-10-27 19:19:03,972: waiting for roslaunch XML-RPC server to initialize
[xmlrpc][INFO] 2020-10-27 19:19:03,972: XML-RPC server binding to 0.0.0.0:0
[xmlrpc][INFO] 2020-10-27 19:19:03,972: Started XML-RPC server [http://freight1207:48794/]
[xmlrpc][INFO] 2020-10-27 19:19:03,972: xml rpc node: starting XML-RPC server
[roslaunch][INFO] 2020-10-27 19:19:03,983: started roslaunch server http://freight1207:48794/
[roslaunch.parent][INFO] 2020-10-27 19:19:03,983: ... parent XML-RPC server started
[roslaunch][INFO] 2020-10-27 19:19:03,983: master.is_running[http://localhost:11311]
[roslaunch][INFO] 2020-10-27 19:19:03,984: master.is_running[http://localhost:11311]
[roslaunch][INFO] 2020-10-27 19:19:03,985: ROS_MASTER_URI=http://localhost:11311
[roslaunch][INFO] 2020-10-27 19:19:03,986: setting /roslaunch/uris/host_freight1207__48794' to http://freight1207:48794/
[roslaunch][INFO] 2020-10-27 19:19:03,988: load_parameters starting ...
[roslaunch][INFO] 2020-10-27 19:19:03,991: ... load_parameters complete
[roslaunch][INFO] 2020-10-27 19:19:03,991: launch_nodes: launching local nodes ...
[roslaunch][INFO] 2020-10-27 19:19:03,991: ... preparing to launch node of type [rosbridge_server/rosbridge_websocket]
[roslaunch][INFO] 2020-10-27 19:19:03,991: create_node_process: package[rosbridge_server] type[rosbridge_websocket] machine[Machine(name[] env_loader[None] address[localhost] ssh_port[22] user[None] assignable[True] timeout[10.0])] master_uri[http://localhost:11311]
[roslaunch][INFO] 2020-10-27 19:19:03,991: process[rosbridge_websocket-1]: env[{'ROS_DISTRO': 'indigo', 'LESSOPEN': '| /usr/bin/lesspipe %s', 'SSH_CLIENT': '192.168.70.3 56192 22', 'CPATH': '/opt/ros/indigo/include', 'LOGNAME': 'fetch', 'USER': 'fetch', 'PATH': '/opt/ros/indigo/bin:/usr/local/sbin:/usr/local/bin:/usr/sbin:/usr/bin:/sbin:/bin:/usr/games:/usr/local/games', 'HOME': '/home/fetch', 'CMAKE_PREFIX_PATH': '/opt/ros/indigo', 'ROS_LOG_FILENAME': '/home/fetch/.ros/log/c11a07ae-18c3-11eb-8667-000babe55698/roslaunch-freight1207-3298.log', 'LANG': 'en_US.UTF-8', 'TERM': 'xterm-256color', 'SHELL': '/bin/bash', 'SHLVL': '1', 'QT_QPA_PLATFORMTHEME': 'appmenu-qt5', 'DISPLAY': 'localhost:10.0', 'ROS_MASTER_URI': 'http://localhost:11311', 'XDG_RUNTIME_DIR': '/run/user/1000', 'PYTHONPATH': '/opt/ros/indigo/lib/python2.7/dist-packages', 'ROS_ROOT': '/opt/ros/indigo/share/ros', 'PKG_CONFIG_PATH': '/opt/ros/indigo/lib/pkgconfig', 'ROS_PACKAGE_PATH': '/opt/ros/indigo/share:/opt/ros/indigo/stacks', 'XDG_SESSION_ID': '1', '_': '/opt/ros/indigo/bin/roslaunch', 'LD_LIBRARY_PATH': '/opt/ros/indigo/lib', 'LS_COLORS': 'rs=0:di=01;34:ln=01;36:mh=00:pi=40;33:so=01;35:do=01;35:bd=40;33;01:cd=40;33;01:or=40;31;01:su=37;41:sg=30;43:ca=30;41:tw=30;42:ow=34;42:st=37;44:ex=01;32:*.tar=01;31:*.tgz=01;31:*.arj=01;31:*.taz=01;31:*.lzh=01;31:*.lzma=01;31:*.tlz=01;31:*.txz=01;31:*.zip=01;31:*.z=01;31:*.Z=01;31:*.dz=01;31:*.gz=01;31:*.lz=01;31:*.xz=01;31:*.bz2=01;31:*.bz=01;31:*.tbz=01;31:*.tbz2=01;31:*.tz=01;31:*.deb=01;31:*.rpm=01;31:*.jar=01;31:*.war=01;31:*.ear=01;31:*.sar=01;31:*.rar=01;31:*.ace=01;31:*.zoo=01;31:*.cpio=01;31:*.7z=01;31:*.rz=01;31:*.jpg=01;35:*.jpeg=01;35:*.gif=01;35:*.bmp=01;35:*.pbm=01;35:*.pgm=01;35:*.ppm=01;35:*.tga=01;35:*.xbm=01;35:*.xpm=01;35:*.tif=01;35:*.tiff=01;35:*.png=01;35:*.svg=01;35:*.svgz=01;35:*.mng=01;35:*.pcx=01;35:*.mov=01;35:*.mpg=01;35:*.mpeg=01;35:*.m2v=01;35:*.mkv=01;35:*.webm=01;35:*.ogm=01;35:*.mp4=01;35:*.m4v=01;35:*.mp4v=01;35:*.vob=01;35:*.qt=01;35:*.nuv=01;35:*.wmv=01;35:*.asf=01;35:*.rm=01;35:*.rmvb=01;35:*.flc=01;35:*.avi=01;35:*.fli=01;35:*.flv=01;35:*.gl=01;35:*.dl=01;35:*.xcf=01;35:*.xwd=01;35:*.yuv=01;35:*.cgm=01;35:*.emf=01;35:*.axv=01;35:*.anx=01;35:*.ogv=01;35:*.ogx=01;35:*.aac=00;36:*.au=00;36:*.flac=00;36:*.mid=00;36:*.midi=00;36:*.mka=00;36:*.mp3=00;36:*.mpc=00;36:*.ogg=00;36:*.ra=00;36:*.wav=00;36:*.axa=00;36:*.oga=00;36:*.spx=00;36:*.xspf=00;36:', 'LESSCLOSE': '/usr/bin/lesspipe %s %s', 'SSH_TTY': '/dev/pts/1', 'PWD': '/home/fetch', 'ROS_ETC_DIR': '/opt/ros/indigo/etc/ros', 'MAIL': '/var/mail/fetch', 'SSH_CONNECTION': '192.168.70.3 56192 192.168.70.5 22'}]
[roslaunch][INFO] 2020-10-27 19:19:04,009: process[rosbridge_websocket-1]: args[[u'/opt/ros/indigo/lib/rosbridge_server/rosbridge_websocket', u'__name:=rosbridge_websocket']]
[roslaunch][INFO] 2020-10-27 19:19:04,009: ... created process [rosbridge_websocket-1]
[roslaunch.pmon][INFO] 2020-10-27 19:19:04,009: ProcessMonitor.register[rosbridge_websocket-1]
[roslaunch.pmon][INFO] 2020-10-27 19:19:04,010: ProcessMonitor.register[rosbridge_websocket-1] complete
[roslaunch][INFO] 2020-10-27 19:19:04,010: ... registered process [rosbridge_websocket-1]
[roslaunch][INFO] 2020-10-27 19:19:04,010: process[rosbridge_websocket-1]: starting os process
[roslaunch][INFO] 2020-10-27 19:19:04,010: process[rosbridge_websocket-1]: start w/ args [[u'/opt/ros/indigo/lib/rosbridge_server/rosbridge_websocket', u'__name:=rosbridge_websocket', u'__log:=/home/fetch/.ros/log/c11a07ae-18c3-11eb-8667-000babe55698/rosbridge_websocket-1.log']]
[roslaunch][INFO] 2020-10-27 19:19:04,010: process[rosbridge_websocket-1]: cwd will be [/home/fetch/.ros]
[roslaunch][INFO] 2020-10-27 19:19:04,011: process[rosbridge_websocket-1]: started with pid [3316]
[roslaunch][INFO] 2020-10-27 19:19:04,011: ... successfully launched [rosbridge_websocket-1]
[roslaunch][INFO] 2020-10-27 19:19:04,012: ... preparing to launch node of type [rosapi/rosapi_node]
[roslaunch][INFO] 2020-10-27 19:19:04,012: create_node_process: package[rosapi] type[rosapi_node] machine[Machine(name[] env_loader[None] address[localhost] ssh_port[22] user[None] assignable[True] timeout[10.0])] master_uri[http://localhost:11311]
[roslaunch][INFO] 2020-10-27 19:19:04,012: process[rosapi-2]: env[{'ROS_DISTRO': 'indigo', 'LESSOPEN': '| /usr/bin/lesspipe %s', 'SSH_CLIENT': '192.168.70.3 56192 22', 'CPATH': '/opt/ros/indigo/include', 'LOGNAME': 'fetch', 'USER': 'fetch', 'PATH': '/opt/ros/indigo/bin:/usr/local/sbin:/usr/local/bin:/usr/sbin:/usr/bin:/sbin:/bin:/usr/games:/usr/local/games', 'HOME': '/home/fetch', 'CMAKE_PREFIX_PATH': '/opt/ros/indigo', 'ROS_LOG_FILENAME': '/home/fetch/.ros/log/c11a07ae-18c3-11eb-8667-000babe55698/roslaunch-freight1207-3298.log', 'LANG': 'en_US.UTF-8', 'TERM': 'xterm-256color', 'SHELL': '/bin/bash', 'SHLVL': '1', 'QT_QPA_PLATFORMTHEME': 'appmenu-qt5', 'DISPLAY': 'localhost:10.0', 'ROS_MASTER_URI': 'http://localhost:11311', 'XDG_RUNTIME_DIR': '/run/user/1000', 'PYTHONPATH': '/opt/ros/indigo/lib/python2.7/dist-packages', 'ROS_ROOT': '/opt/ros/indigo/share/ros', 'PKG_CONFIG_PATH': '/opt/ros/indigo/lib/pkgconfig', 'ROS_PACKAGE_PATH': '/opt/ros/indigo/share:/opt/ros/indigo/stacks', 'XDG_SESSION_ID': '1', '_': '/opt/ros/indigo/bin/roslaunch', 'LD_LIBRARY_PATH': '/opt/ros/indigo/lib', 'LS_COLORS': 'rs=0:di=01;34:ln=01;36:mh=00:pi=40;33:so=01;35:do=01;35:bd=40;33;01:cd=40;33;01:or=40;31;01:su=37;41:sg=30;43:ca=30;41:tw=30;42:ow=34;42:st=37;44:ex=01;32:*.tar=01;31:*.tgz=01;31:*.arj=01;31:*.taz=01;31:*.lzh=01;31:*.lzma=01;31:*.tlz=01;31:*.txz=01;31:*.zip=01;31:*.z=01;31:*.Z=01;31:*.dz=01;31:*.gz=01;31:*.lz=01;31:*.xz=01;31:*.bz2=01;31:*.bz=01;31:*.tbz=01;31:*.tbz2=01;31:*.tz=01;31:*.deb=01;31:*.rpm=01;31:*.jar=01;31:*.war=01;31:*.ear=01;31:*.sar=01;31:*.rar=01;31:*.ace=01;31:*.zoo=01;31:*.cpio=01;31:*.7z=01;31:*.rz=01;31:*.jpg=01;35:*.jpeg=01;35:*.gif=01;35:*.bmp=01;35:*.pbm=01;35:*.pgm=01;35:*.ppm=01;35:*.tga=01;35:*.xbm=01;35:*.xpm=01;35:*.tif=01;35:*.tiff=01;35:*.png=01;35:*.svg=01;35:*.svgz=01;35:*.mng=01;35:*.pcx=01;35:*.mov=01;35:*.mpg=01;35:*.mpeg=01;35:*.m2v=01;35:*.mkv=01;35:*.webm=01;35:*.ogm=01;35:*.mp4=01;35:*.m4v=01;35:*.mp4v=01;35:*.vob=01;35:*.qt=01;35:*.nuv=01;35:*.wmv=01;35:*.asf=01;35:*.rm=01;35:*.rmvb=01;35:*.flc=01;35:*.avi=01;35:*.fli=01;35:*.flv=01;35:*.gl=01;35:*.dl=01;35:*.xcf=01;35:*.xwd=01;35:*.yuv=01;35:*.cgm=01;35:*.emf=01;35:*.axv=01;35:*.anx=01;35:*.ogv=01;35:*.ogx=01;35:*.aac=00;36:*.au=00;36:*.flac=00;36:*.mid=00;36:*.midi=00;36:*.mka=00;36:*.mp3=00;36:*.mpc=00;36:*.ogg=00;36:*.ra=00;36:*.wav=00;36:*.axa=00;36:*.oga=00;36:*.spx=00;36:*.xspf=00;36:', 'LESSCLOSE': '/usr/bin/lesspipe %s %s', 'SSH_TTY': '/dev/pts/1', 'PWD': '/home/fetch', 'ROS_ETC_DIR': '/opt/ros/indigo/etc/ros', 'MAIL': '/var/mail/fetch', 'SSH_CONNECTION': '192.168.70.3 56192 192.168.70.5 22'}]
[roslaunch][INFO] 2020-10-27 19:19:04,013: process[rosapi-2]: args[[u'/opt/ros/indigo/lib/rosapi/rosapi_node', u'__name:=rosapi']]
[roslaunch][INFO] 2020-10-27 19:19:04,013: ... created process [rosapi-2]
[roslaunch.pmon][INFO] 2020-10-27 19:19:04,013: ProcessMonitor.register[rosapi-2]
[roslaunch.pmon][INFO] 2020-10-27 19:19:04,013: ProcessMonitor.register[rosapi-2] complete
[roslaunch][INFO] 2020-10-27 19:19:04,013: ... registered process [rosapi-2]
[roslaunch][INFO] 2020-10-27 19:19:04,013: process[rosapi-2]: starting os process
[roslaunch][INFO] 2020-10-27 19:19:04,013: process[rosapi-2]: start w/ args [[u'/opt/ros/indigo/lib/rosapi/rosapi_node', u'__name:=rosapi', u'__log:=/home/fetch/.ros/log/c11a07ae-18c3-11eb-8667-000babe55698/rosapi-2.log']]
[roslaunch][INFO] 2020-10-27 19:19:04,014: process[rosapi-2]: cwd will be [/home/fetch/.ros]
[roslaunch][INFO] 2020-10-27 19:19:04,015: process[rosapi-2]: started with pid [3317]
[roslaunch][INFO] 2020-10-27 19:19:04,016: ... successfully launched [rosapi-2]
[roslaunch][INFO] 2020-10-27 19:19:04,016: ... launch_nodes complete
[roslaunch.pmon][INFO] 2020-10-27 19:19:04,016: registrations completed <ProcessMonitor(ProcessMonitor-1, started daemon 140383089829632)>
[roslaunch.parent][INFO] 2020-10-27 19:19:04,016: ... roslaunch parent running, waiting for process exit
[roslaunch][INFO] 2020-10-27 19:19:04,016: spin
[roslaunch.pmon][INFO] 2020-10-27 19:30:46,388: ProcessMonitor.shutdown <ProcessMonitor(ProcessMonitor-1, started daemon 140383089829632)>
[roslaunch.pmon][INFO] 2020-10-27 19:30:46,478: ProcessMonitor._post_run <ProcessMonitor(ProcessMonitor-1, started daemon 140383089829632)>
[roslaunch.pmon][INFO] 2020-10-27 19:30:46,479: ProcessMonitor._post_run <ProcessMonitor(ProcessMonitor-1, started daemon 140383089829632)>: remaining procs are [<roslaunch.nodeprocess.LocalProcess object at 0x7fad7c55d290>, <roslaunch.nodeprocess.LocalProcess object at 0x7fad7c55d450>]
[roslaunch.pmon][INFO] 2020-10-27 19:30:46,479: ProcessMonitor exit: killing rosapi-2
[roslaunch][INFO] 2020-10-27 19:30:46,479: [rosapi-2] killing on exit
[roslaunch.pmon][INFO] 2020-10-27 19:30:46,479: ProcessMonitor exit: killing rosbridge_websocket-1
[roslaunch][INFO] 2020-10-27 19:30:46,479: process[rosapi-2]: killing os process with pid[3317] pgid[3317]
[roslaunch][INFO] 2020-10-27 19:30:46,479: [rosbridge_websocket-1] killing on exit
[roslaunch][INFO] 2020-10-27 19:30:46,480: [rosapi-2] sending SIGINT to pgid [3317]
[roslaunch][INFO] 2020-10-27 19:30:46,480: process[rosbridge_websocket-1]: killing os process with pid[3316] pgid[3316]
[roslaunch][INFO] 2020-10-27 19:30:46,480: [rosapi-2] sent SIGINT to pgid [3317]
[roslaunch][INFO] 2020-10-27 19:30:46,480: [rosbridge_websocket-1] sending SIGINT to pgid [3316]
[roslaunch][INFO] 2020-10-27 19:30:46,480: [rosbridge_websocket-1] sent SIGINT to pgid [3316]
[roslaunch][INFO] 2020-10-27 19:30:46,680: process[rosapi-2]: SIGINT killed with return value 0
[roslaunch][INFO] 2020-10-27 19:30:46,681: process[rosbridge_websocket-1]: SIGINT killed with return value 0
[roslaunch.pmon][INFO] 2020-10-27 19:30:46,681: ProcessMonitor exit: cleaning up data structures and signals
[roslaunch.pmon][INFO] 2020-10-27 19:30:46,681: ProcessMonitor exit: pmon has shutdown
[roslaunch][INFO] 2020-10-27 19:30:46,702: process monitor is done spinning, initiating full shutdown
[roslaunch][INFO] 2020-10-27 19:30:46,703: runner.stop()
[roslaunch][INFO] 2020-10-27 19:30:46,703: shutting down processing monitor...
[roslaunch][INFO] 2020-10-27 19:30:46,703: shutting down processing monitor <ProcessMonitor(ProcessMonitor-1, stopped daemon 140383089829632)>
[roslaunch.pmon][INFO] 2020-10-27 19:30:46,703: ProcessMonitor.shutdown <ProcessMonitor(ProcessMonitor-1, stopped daemon 140383089829632)>
[roslaunch][INFO] 2020-10-27 19:30:46,703: ... shutting down processing monitor complete
[roslaunch][INFO] 2020-10-27 19:30:46,703: done
[roslaunch.pmon][INFO] 2020-10-27 19:30:46,703: ProcessMonitor.shutdown <ProcessMonitor(ProcessMonitor-1, stopped daemon 140383089829632)>
[rospy.core][INFO] 2020-10-27 19:30:46,703: signal_shutdown [atexit]
