[rospy.client][INFO] 2020-11-03 17:47:01,221: init_node, name[/rosapi], pid[3415]
[xmlrpc][INFO] 2020-11-03 17:47:01,221: XML-RPC server binding to 0.0.0.0:0
[xmlrpc][INFO] 2020-11-03 17:47:01,221: Started XML-RPC server [http://freight1207:53622/]
[rospy.init][INFO] 2020-11-03 17:47:01,221: ROS Slave URI: [http://freight1207:53622/]
[rospy.impl.masterslave][INFO] 2020-11-03 17:47:01,221: _ready: http://freight1207:53622/
[xmlrpc][INFO] 2020-11-03 17:47:01,222: xml rpc node: starting XML-RPC server
[rospy.registration][INFO] 2020-11-03 17:47:01,222: Registering with master node http://localhost:11311
[rospy.init][INFO] 2020-11-03 17:47:01,322: registered with master
[rospy.rosout][INFO] 2020-11-03 17:47:01,322: initializing /rosout core topic
[rospy.rosout][INFO] 2020-11-03 17:47:01,323: connected to core topic /rosout
[rospy.simtime][INFO] 2020-11-03 17:47:01,324: /use_sim_time is not set, will not subscribe to simulated time [/clock] topic
[rosout][INFO] 2020-11-03 17:47:01,344: Rosapi started
[rospy.internal][INFO] 2020-11-03 17:47:01,540: topic[/rosout] adding connection to [/rosout], count 0
[rospy.core][INFO] 2020-11-03 17:47:07,806: signal_shutdown [signal-2]
[rospy.internal][INFO] 2020-11-03 17:47:07,812: topic[/rosout] removing connection to /rosout
[rospy.impl.masterslave][INFO] 2020-11-03 17:47:07,812: signal-2
[rospy.core][INFO] 2020-11-03 17:47:07,944: signal_shutdown [atexit]
[rospy.client][INFO] 2020-11-03 18:07:37,431: init_node, name[/rosapi], pid[4689]
[xmlrpc][INFO] 2020-11-03 18:07:37,431: XML-RPC server binding to 0.0.0.0:0
[xmlrpc][INFO] 2020-11-03 18:07:37,432: Started XML-RPC server [http://freight1207:35068/]
[rospy.init][INFO] 2020-11-03 18:07:37,432: ROS Slave URI: [http://freight1207:35068/]
[rospy.impl.masterslave][INFO] 2020-11-03 18:07:37,432: _ready: http://freight1207:35068/
[xmlrpc][INFO] 2020-11-03 18:07:37,432: xml rpc node: starting XML-RPC server
[rospy.registration][INFO] 2020-11-03 18:07:37,433: Registering with master node http://localhost:11311
[rospy.init][INFO] 2020-11-03 18:07:37,532: registered with master
[rospy.rosout][INFO] 2020-11-03 18:07:37,532: initializing /rosout core topic
[rospy.rosout][INFO] 2020-11-03 18:07:37,534: connected to core topic /rosout
[rospy.simtime][INFO] 2020-11-03 18:07:37,535: /use_sim_time is not set, will not subscribe to simulated time [/clock] topic
[rosout][INFO] 2020-11-03 18:07:37,556: Rosapi started
[rospy.internal][INFO] 2020-11-03 18:07:37,749: topic[/rosout] adding connection to [/rosout], count 0
[rospy.core][INFO] 2020-11-03 18:21:09,962: signal_shutdown [signal-2]
[rospy.internal][INFO] 2020-11-03 18:21:09,968: topic[/rosout] removing connection to /rosout
[rospy.impl.masterslave][INFO] 2020-11-03 18:21:09,969: signal-2
[rospy.core][INFO] 2020-11-03 18:21:10,100: signal_shutdown [atexit]
