[roslaunch][INFO] 2020-10-25 21:42:45,677: Checking log directory for disk usage. This may take awhile.
Press Ctrl-C to interrupt
[roslaunch][INFO] 2020-10-25 21:42:45,689: Done checking log file disk usage. Usage is <1GB.
[roslaunch][INFO] 2020-10-25 21:42:45,689: roslaunch starting with args ['/opt/ros/indigo/bin/roslaunch', 'fetch_navigation', 'freight_nav.launch']
[roslaunch][INFO] 2020-10-25 21:42:45,689: roslaunch env is {'ROS_DISTRO': 'indigo', 'LESSOPEN': '| /usr/bin/lesspipe %s', 'SSH_CLIENT': '192.168.70.3 50171 22', 'CPATH': '/home/fetch/catkin_ws/devel/include:/opt/ros/indigo/include', 'LOGNAME': 'fetch', 'USER': 'fetch', 'PATH': '/opt/ros/indigo/bin:/usr/local/sbin:/usr/local/bin:/usr/sbin:/usr/bin:/sbin:/bin:/usr/games:/usr/local/games', 'HOME': '/home/fetch', 'CMAKE_PREFIX_PATH': '/home/fetch/catkin_ws/devel:/opt/ros/indigo', 'LD_LIBRARY_PATH': '/home/fetch/catkin_ws/devel/lib:/opt/ros/indigo/lib', 'LANG': 'en_US.UTF-8', 'TERM': 'xterm-256color', 'SHELL': '/bin/bash', 'ROS_LOG_FILENAME': '/home/fetch/.ros/log/e9463926-1744-11eb-bd5c-000babe55698/roslaunch-freight1207-3304.log', 'SHLVL': '1', 'QT_QPA_PLATFORMTHEME': 'appmenu-qt5', 'DISPLAY': 'localhost:11.0', 'ROS_ETC_DIR': '/opt/ros/indigo/etc/ros', 'XDG_RUNTIME_DIR': '/run/user/1000', 'PYTHONPATH': '/home/fetch/catkin_ws/devel/lib/python2.7/dist-packages:/opt/ros/indigo/lib/python2.7/dist-packages', 'ROS_ROOT': '/opt/ros/indigo/share/ros', 'PKG_CONFIG_PATH': '/home/fetch/catkin_ws/devel/lib/pkgconfig:/opt/ros/indigo/lib/pkgconfig', 'ROS_PACKAGE_PATH': '/home/fetch/catkin_ws/src:/opt/ros/indigo/share:/opt/ros/indigo/stacks', 'XDG_SESSION_ID': '2', '_': '/opt/ros/indigo/bin/roslaunch', 'SSH_CONNECTION': '192.168.70.3 50171 192.168.70.5 22', 'LESSCLOSE': '/usr/bin/lesspipe %s %s', 'SSH_TTY': '/dev/pts/6', 'PWD': '/home/fetch', 'ROS_MASTER_URI': 'http://localhost:11311', 'MAIL': '/var/mail/fetch', 'LS_COLORS': 'rs=0:di=01;34:ln=01;36:mh=00:pi=40;33:so=01;35:do=01;35:bd=40;33;01:cd=40;33;01:or=40;31;01:su=37;41:sg=30;43:ca=30;41:tw=30;42:ow=34;42:st=37;44:ex=01;32:*.tar=01;31:*.tgz=01;31:*.arj=01;31:*.taz=01;31:*.lzh=01;31:*.lzma=01;31:*.tlz=01;31:*.txz=01;31:*.zip=01;31:*.z=01;31:*.Z=01;31:*.dz=01;31:*.gz=01;31:*.lz=01;31:*.xz=01;31:*.bz2=01;31:*.bz=01;31:*.tbz=01;31:*.tbz2=01;31:*.tz=01;31:*.deb=01;31:*.rpm=01;31:*.jar=01;31:*.war=01;31:*.ear=01;31:*.sar=01;31:*.rar=01;31:*.ace=01;31:*.zoo=01;31:*.cpio=01;31:*.7z=01;31:*.rz=01;31:*.jpg=01;35:*.jpeg=01;35:*.gif=01;35:*.bmp=01;35:*.pbm=01;35:*.pgm=01;35:*.ppm=01;35:*.tga=01;35:*.xbm=01;35:*.xpm=01;35:*.tif=01;35:*.tiff=01;35:*.png=01;35:*.svg=01;35:*.svgz=01;35:*.mng=01;35:*.pcx=01;35:*.mov=01;35:*.mpg=01;35:*.mpeg=01;35:*.m2v=01;35:*.mkv=01;35:*.webm=01;35:*.ogm=01;35:*.mp4=01;35:*.m4v=01;35:*.mp4v=01;35:*.vob=01;35:*.qt=01;35:*.nuv=01;35:*.wmv=01;35:*.asf=01;35:*.rm=01;35:*.rmvb=01;35:*.flc=01;35:*.avi=01;35:*.fli=01;35:*.flv=01;35:*.gl=01;35:*.dl=01;35:*.xcf=01;35:*.xwd=01;35:*.yuv=01;35:*.cgm=01;35:*.emf=01;35:*.axv=01;35:*.anx=01;35:*.ogv=01;35:*.ogx=01;35:*.aac=00;36:*.au=00;36:*.flac=00;36:*.mid=00;36:*.midi=00;36:*.mka=00;36:*.mp3=00;36:*.mpc=00;36:*.ogg=00;36:*.ra=00;36:*.wav=00;36:*.axa=00;36:*.oga=00;36:*.spx=00;36:*.xspf=00;36:'}
[roslaunch][INFO] 2020-10-25 21:42:45,689: starting in server mode
[roslaunch.parent][INFO] 2020-10-25 21:42:45,689: starting roslaunch parent run
[roslaunch][INFO] 2020-10-25 21:42:45,689: loading roscore config file /opt/ros/indigo/etc/ros/roscore.xml
[roslaunch][INFO] 2020-10-25 21:42:45,754: Added core node of type [rosout/rosout] in namespace [/]
[roslaunch.config][INFO] 2020-10-25 21:42:45,754: loading config file /opt/ros/indigo/share/fetch_navigation/launch/freight_nav.launch
[roslaunch][INFO] 2020-10-25 21:42:45,776: Added node of type [map_server/map_server] in namespace [/]
[roslaunch][INFO] 2020-10-25 21:42:45,776: Added node of type [rviz/rviz] in namespace [/]
[roslaunch][INFO] 2020-10-25 21:42:45,776: Added node of type [map_server/map_server] in namespace [/]
[roslaunch][INFO] 2020-10-25 21:42:45,782: Added node of type [amcl/amcl] in namespace [/]
[roslaunch][INFO] 2020-10-25 21:42:45,800: Added node of type [move_base/move_base] in namespace [/]
[roslaunch][INFO] 2020-10-25 21:42:45,800: ... selected machine [] for node of type [map_server/map_server]
[roslaunch][INFO] 2020-10-25 21:42:45,800: ... selected machine [] for node of type [rviz/rviz]
[roslaunch][INFO] 2020-10-25 21:42:45,800: ... selected machine [] for node of type [map_server/map_server]
[roslaunch][INFO] 2020-10-25 21:42:45,800: ... selected machine [] for node of type [amcl/amcl]
[roslaunch][INFO] 2020-10-25 21:42:45,800: ... selected machine [] for node of type [move_base/move_base]
[roslaunch.pmon][INFO] 2020-10-25 21:42:45,801: start_process_monitor: creating ProcessMonitor
[roslaunch.pmon][INFO] 2020-10-25 21:42:45,801: created process monitor <ProcessMonitor(ProcessMonitor-1, initial daemon)>
[roslaunch.pmon][INFO] 2020-10-25 21:42:45,801: start_process_monitor: ProcessMonitor started
[roslaunch.parent][INFO] 2020-10-25 21:42:45,801: starting parent XML-RPC server
[roslaunch.server][INFO] 2020-10-25 21:42:45,801: starting roslaunch XML-RPC server
[roslaunch.server][INFO] 2020-10-25 21:42:45,802: waiting for roslaunch XML-RPC server to initialize
[xmlrpc][INFO] 2020-10-25 21:42:45,802: XML-RPC server binding to 0.0.0.0:0
[xmlrpc][INFO] 2020-10-25 21:42:45,802: Started XML-RPC server [http://freight1207:45198/]
[xmlrpc][INFO] 2020-10-25 21:42:45,802: xml rpc node: starting XML-RPC server
[roslaunch][INFO] 2020-10-25 21:42:45,813: started roslaunch server http://freight1207:45198/
[roslaunch.parent][INFO] 2020-10-25 21:42:45,813: ... parent XML-RPC server started
[roslaunch][INFO] 2020-10-25 21:42:45,814: master.is_running[http://localhost:11311]
[roslaunch][INFO] 2020-10-25 21:42:45,815: master.is_running[http://localhost:11311]
[roslaunch][INFO] 2020-10-25 21:42:45,815: ROS_MASTER_URI=http://localhost:11311
[roslaunch][INFO] 2020-10-25 21:42:45,816: setting /roslaunch/uris/host_freight1207__45198' to http://freight1207:45198/
[roslaunch][INFO] 2020-10-25 21:42:45,818: load_parameters starting ...
[roslaunch][INFO] 2020-10-25 21:42:45,837: ... load_parameters complete
[roslaunch][INFO] 2020-10-25 21:42:45,837: launch_nodes: launching local nodes ...
[roslaunch][INFO] 2020-10-25 21:42:45,837: ... preparing to launch node of type [map_server/map_server]
[roslaunch][INFO] 2020-10-25 21:42:45,837: create_node_process: package[map_server] type[map_server] machine[Machine(name[] env_loader[None] address[localhost] ssh_port[22] user[None] assignable[True] timeout[10.0])] master_uri[http://localhost:11311]
[roslaunch][INFO] 2020-10-25 21:42:45,838: process[map_server-1]: env[{'ROS_DISTRO': 'indigo', 'LESSOPEN': '| /usr/bin/lesspipe %s', 'SSH_CLIENT': '192.168.70.3 50171 22', 'CPATH': '/home/fetch/catkin_ws/devel/include:/opt/ros/indigo/include', 'LOGNAME': 'fetch', 'USER': 'fetch', 'PATH': '/opt/ros/indigo/bin:/usr/local/sbin:/usr/local/bin:/usr/sbin:/usr/bin:/sbin:/bin:/usr/games:/usr/local/games', 'HOME': '/home/fetch', 'CMAKE_PREFIX_PATH': '/home/fetch/catkin_ws/devel:/opt/ros/indigo', 'ROS_LOG_FILENAME': '/home/fetch/.ros/log/e9463926-1744-11eb-bd5c-000babe55698/roslaunch-freight1207-3304.log', 'LANG': 'en_US.UTF-8', 'TERM': 'xterm-256color', 'SHELL': '/bin/bash', 'SHLVL': '1', 'QT_QPA_PLATFORMTHEME': 'appmenu-qt5', 'DISPLAY': 'localhost:11.0', 'ROS_MASTER_URI': 'http://localhost:11311', 'XDG_RUNTIME_DIR': '/run/user/1000', 'PYTHONPATH': '/home/fetch/catkin_ws/devel/lib/python2.7/dist-packages:/opt/ros/indigo/lib/python2.7/dist-packages', 'ROS_ROOT': '/opt/ros/indigo/share/ros', 'PKG_CONFIG_PATH': '/home/fetch/catkin_ws/devel/lib/pkgconfig:/opt/ros/indigo/lib/pkgconfig', 'ROS_PACKAGE_PATH': '/home/fetch/catkin_ws/src:/opt/ros/indigo/share:/opt/ros/indigo/stacks', 'XDG_SESSION_ID': '2', '_': '/opt/ros/indigo/bin/roslaunch', 'LD_LIBRARY_PATH': '/home/fetch/catkin_ws/devel/lib:/opt/ros/indigo/lib', 'LS_COLORS': 'rs=0:di=01;34:ln=01;36:mh=00:pi=40;33:so=01;35:do=01;35:bd=40;33;01:cd=40;33;01:or=40;31;01:su=37;41:sg=30;43:ca=30;41:tw=30;42:ow=34;42:st=37;44:ex=01;32:*.tar=01;31:*.tgz=01;31:*.arj=01;31:*.taz=01;31:*.lzh=01;31:*.lzma=01;31:*.tlz=01;31:*.txz=01;31:*.zip=01;31:*.z=01;31:*.Z=01;31:*.dz=01;31:*.gz=01;31:*.lz=01;31:*.xz=01;31:*.bz2=01;31:*.bz=01;31:*.tbz=01;31:*.tbz2=01;31:*.tz=01;31:*.deb=01;31:*.rpm=01;31:*.jar=01;31:*.war=01;31:*.ear=01;31:*.sar=01;31:*.rar=01;31:*.ace=01;31:*.zoo=01;31:*.cpio=01;31:*.7z=01;31:*.rz=01;31:*.jpg=01;35:*.jpeg=01;35:*.gif=01;35:*.bmp=01;35:*.pbm=01;35:*.pgm=01;35:*.ppm=01;35:*.tga=01;35:*.xbm=01;35:*.xpm=01;35:*.tif=01;35:*.tiff=01;35:*.png=01;35:*.svg=01;35:*.svgz=01;35:*.mng=01;35:*.pcx=01;35:*.mov=01;35:*.mpg=01;35:*.mpeg=01;35:*.m2v=01;35:*.mkv=01;35:*.webm=01;35:*.ogm=01;35:*.mp4=01;35:*.m4v=01;35:*.mp4v=01;35:*.vob=01;35:*.qt=01;35:*.nuv=01;35:*.wmv=01;35:*.asf=01;35:*.rm=01;35:*.rmvb=01;35:*.flc=01;35:*.avi=01;35:*.fli=01;35:*.flv=01;35:*.gl=01;35:*.dl=01;35:*.xcf=01;35:*.xwd=01;35:*.yuv=01;35:*.cgm=01;35:*.emf=01;35:*.axv=01;35:*.anx=01;35:*.ogv=01;35:*.ogx=01;35:*.aac=00;36:*.au=00;36:*.flac=00;36:*.mid=00;36:*.midi=00;36:*.mka=00;36:*.mp3=00;36:*.mpc=00;36:*.ogg=00;36:*.ra=00;36:*.wav=00;36:*.axa=00;36:*.oga=00;36:*.spx=00;36:*.xspf=00;36:', 'LESSCLOSE': '/usr/bin/lesspipe %s %s', 'SSH_TTY': '/dev/pts/6', 'PWD': '/home/fetch', 'ROS_ETC_DIR': '/opt/ros/indigo/etc/ros', 'MAIL': '/var/mail/fetch', 'SSH_CONNECTION': '192.168.70.3 50171 192.168.70.5 22'}]
[roslaunch][INFO] 2020-10-25 21:42:45,859: process[map_server-1]: args[[u'/opt/ros/indigo/lib/map_server/map_server', '/home/fetch/mapmap.yaml', u'__name:=map_server']]
[roslaunch][INFO] 2020-10-25 21:42:45,859: ... created process [map_server-1]
[roslaunch.pmon][INFO] 2020-10-25 21:42:45,859: ProcessMonitor.register[map_server-1]
[roslaunch.pmon][INFO] 2020-10-25 21:42:45,859: ProcessMonitor.register[map_server-1] complete
[roslaunch][INFO] 2020-10-25 21:42:45,859: ... registered process [map_server-1]
[roslaunch][INFO] 2020-10-25 21:42:45,859: process[map_server-1]: starting os process
[roslaunch][INFO] 2020-10-25 21:42:45,859: process[map_server-1]: start w/ args [[u'/opt/ros/indigo/lib/map_server/map_server', '/home/fetch/mapmap.yaml', u'__name:=map_server', u'__log:=/home/fetch/.ros/log/e9463926-1744-11eb-bd5c-000babe55698/map_server-1.log']]
[roslaunch][INFO] 2020-10-25 21:42:45,859: process[map_server-1]: cwd will be [/home/fetch/.ros]
[roslaunch][INFO] 2020-10-25 21:42:45,861: process[map_server-1]: started with pid [3322]
[roslaunch][INFO] 2020-10-25 21:42:45,861: ... successfully launched [map_server-1]
[roslaunch][INFO] 2020-10-25 21:42:45,861: ... preparing to launch node of type [rviz/rviz]
[roslaunch][INFO] 2020-10-25 21:42:45,862: create_node_process: package[rviz] type[rviz] machine[Machine(name[] env_loader[None] address[localhost] ssh_port[22] user[None] assignable[True] timeout[10.0])] master_uri[http://localhost:11311]
[roslaunch][INFO] 2020-10-25 21:42:45,862: process[rviz-2]: env[{'ROS_DISTRO': 'indigo', 'LESSOPEN': '| /usr/bin/lesspipe %s', 'SSH_CLIENT': '192.168.70.3 50171 22', 'CPATH': '/home/fetch/catkin_ws/devel/include:/opt/ros/indigo/include', 'LOGNAME': 'fetch', 'USER': 'fetch', 'PATH': '/opt/ros/indigo/bin:/usr/local/sbin:/usr/local/bin:/usr/sbin:/usr/bin:/sbin:/bin:/usr/games:/usr/local/games', 'HOME': '/home/fetch', 'CMAKE_PREFIX_PATH': '/home/fetch/catkin_ws/devel:/opt/ros/indigo', 'ROS_LOG_FILENAME': '/home/fetch/.ros/log/e9463926-1744-11eb-bd5c-000babe55698/roslaunch-freight1207-3304.log', 'LANG': 'en_US.UTF-8', 'TERM': 'xterm-256color', 'SHELL': '/bin/bash', 'SHLVL': '1', 'QT_QPA_PLATFORMTHEME': 'appmenu-qt5', 'DISPLAY': 'localhost:11.0', 'ROS_MASTER_URI': 'http://localhost:11311', 'XDG_RUNTIME_DIR': '/run/user/1000', 'PYTHONPATH': '/home/fetch/catkin_ws/devel/lib/python2.7/dist-packages:/opt/ros/indigo/lib/python2.7/dist-packages', 'ROS_ROOT': '/opt/ros/indigo/share/ros', 'PKG_CONFIG_PATH': '/home/fetch/catkin_ws/devel/lib/pkgconfig:/opt/ros/indigo/lib/pkgconfig', 'ROS_PACKAGE_PATH': '/home/fetch/catkin_ws/src:/opt/ros/indigo/share:/opt/ros/indigo/stacks', 'XDG_SESSION_ID': '2', '_': '/opt/ros/indigo/bin/roslaunch', 'LD_LIBRARY_PATH': '/home/fetch/catkin_ws/devel/lib:/opt/ros/indigo/lib', 'LS_COLORS': 'rs=0:di=01;34:ln=01;36:mh=00:pi=40;33:so=01;35:do=01;35:bd=40;33;01:cd=40;33;01:or=40;31;01:su=37;41:sg=30;43:ca=30;41:tw=30;42:ow=34;42:st=37;44:ex=01;32:*.tar=01;31:*.tgz=01;31:*.arj=01;31:*.taz=01;31:*.lzh=01;31:*.lzma=01;31:*.tlz=01;31:*.txz=01;31:*.zip=01;31:*.z=01;31:*.Z=01;31:*.dz=01;31:*.gz=01;31:*.lz=01;31:*.xz=01;31:*.bz2=01;31:*.bz=01;31:*.tbz=01;31:*.tbz2=01;31:*.tz=01;31:*.deb=01;31:*.rpm=01;31:*.jar=01;31:*.war=01;31:*.ear=01;31:*.sar=01;31:*.rar=01;31:*.ace=01;31:*.zoo=01;31:*.cpio=01;31:*.7z=01;31:*.rz=01;31:*.jpg=01;35:*.jpeg=01;35:*.gif=01;35:*.bmp=01;35:*.pbm=01;35:*.pgm=01;35:*.ppm=01;35:*.tga=01;35:*.xbm=01;35:*.xpm=01;35:*.tif=01;35:*.tiff=01;35:*.png=01;35:*.svg=01;35:*.svgz=01;35:*.mng=01;35:*.pcx=01;35:*.mov=01;35:*.mpg=01;35:*.mpeg=01;35:*.m2v=01;35:*.mkv=01;35:*.webm=01;35:*.ogm=01;35:*.mp4=01;35:*.m4v=01;35:*.mp4v=01;35:*.vob=01;35:*.qt=01;35:*.nuv=01;35:*.wmv=01;35:*.asf=01;35:*.rm=01;35:*.rmvb=01;35:*.flc=01;35:*.avi=01;35:*.fli=01;35:*.flv=01;35:*.gl=01;35:*.dl=01;35:*.xcf=01;35:*.xwd=01;35:*.yuv=01;35:*.cgm=01;35:*.emf=01;35:*.axv=01;35:*.anx=01;35:*.ogv=01;35:*.ogx=01;35:*.aac=00;36:*.au=00;36:*.flac=00;36:*.mid=00;36:*.midi=00;36:*.mka=00;36:*.mp3=00;36:*.mpc=00;36:*.ogg=00;36:*.ra=00;36:*.wav=00;36:*.axa=00;36:*.oga=00;36:*.spx=00;36:*.xspf=00;36:', 'LESSCLOSE': '/usr/bin/lesspipe %s %s', 'SSH_TTY': '/dev/pts/6', 'PWD': '/home/fetch', 'ROS_ETC_DIR': '/opt/ros/indigo/etc/ros', 'MAIL': '/var/mail/fetch', 'SSH_CONNECTION': '192.168.70.3 50171 192.168.70.5 22'}]
[roslaunch][INFO] 2020-10-25 21:42:45,866: process[rviz-2]: args[[u'/opt/ros/indigo/lib/rviz/rviz', '/opt/ros/indigo/share/fetch_navigation/config/navigation.rviz', u'__name:=rviz']]
[roslaunch][INFO] 2020-10-25 21:42:45,866: ... created process [rviz-2]
[roslaunch.pmon][INFO] 2020-10-25 21:42:45,866: ProcessMonitor.register[rviz-2]
[roslaunch.pmon][INFO] 2020-10-25 21:42:45,867: ProcessMonitor.register[rviz-2] complete
[roslaunch][INFO] 2020-10-25 21:42:45,867: ... registered process [rviz-2]
[roslaunch][INFO] 2020-10-25 21:42:45,867: process[rviz-2]: starting os process
[roslaunch][INFO] 2020-10-25 21:42:45,867: process[rviz-2]: start w/ args [[u'/opt/ros/indigo/lib/rviz/rviz', '/opt/ros/indigo/share/fetch_navigation/config/navigation.rviz', u'__name:=rviz', u'__log:=/home/fetch/.ros/log/e9463926-1744-11eb-bd5c-000babe55698/rviz-2.log']]
[roslaunch][INFO] 2020-10-25 21:42:45,867: process[rviz-2]: cwd will be [/home/fetch/.ros]
[roslaunch][INFO] 2020-10-25 21:42:45,868: process[rviz-2]: started with pid [3323]
[roslaunch][INFO] 2020-10-25 21:42:45,868: ... successfully launched [rviz-2]
[roslaunch][INFO] 2020-10-25 21:42:45,868: ... preparing to launch node of type [map_server/map_server]
[roslaunch][INFO] 2020-10-25 21:42:45,869: create_node_process: package[map_server] type[map_server] machine[Machine(name[] env_loader[None] address[localhost] ssh_port[22] user[None] assignable[True] timeout[10.0])] master_uri[http://localhost:11311]
[roslaunch][INFO] 2020-10-25 21:42:45,869: process[map_keepout_server-3]: env[{'ROS_DISTRO': 'indigo', 'LESSOPEN': '| /usr/bin/lesspipe %s', 'SSH_CLIENT': '192.168.70.3 50171 22', 'CPATH': '/home/fetch/catkin_ws/devel/include:/opt/ros/indigo/include', 'LOGNAME': 'fetch', 'USER': 'fetch', 'PATH': '/opt/ros/indigo/bin:/usr/local/sbin:/usr/local/bin:/usr/sbin:/usr/bin:/sbin:/bin:/usr/games:/usr/local/games', 'HOME': '/home/fetch', 'CMAKE_PREFIX_PATH': '/home/fetch/catkin_ws/devel:/opt/ros/indigo', 'ROS_LOG_FILENAME': '/home/fetch/.ros/log/e9463926-1744-11eb-bd5c-000babe55698/roslaunch-freight1207-3304.log', 'LANG': 'en_US.UTF-8', 'TERM': 'xterm-256color', 'SHELL': '/bin/bash', 'SHLVL': '1', 'QT_QPA_PLATFORMTHEME': 'appmenu-qt5', 'DISPLAY': 'localhost:11.0', 'ROS_MASTER_URI': 'http://localhost:11311', 'XDG_RUNTIME_DIR': '/run/user/1000', 'PYTHONPATH': '/home/fetch/catkin_ws/devel/lib/python2.7/dist-packages:/opt/ros/indigo/lib/python2.7/dist-packages', 'ROS_ROOT': '/opt/ros/indigo/share/ros', 'PKG_CONFIG_PATH': '/home/fetch/catkin_ws/devel/lib/pkgconfig:/opt/ros/indigo/lib/pkgconfig', 'ROS_PACKAGE_PATH': '/home/fetch/catkin_ws/src:/opt/ros/indigo/share:/opt/ros/indigo/stacks', 'XDG_SESSION_ID': '2', '_': '/opt/ros/indigo/bin/roslaunch', 'LD_LIBRARY_PATH': '/home/fetch/catkin_ws/devel/lib:/opt/ros/indigo/lib', 'LS_COLORS': 'rs=0:di=01;34:ln=01;36:mh=00:pi=40;33:so=01;35:do=01;35:bd=40;33;01:cd=40;33;01:or=40;31;01:su=37;41:sg=30;43:ca=30;41:tw=30;42:ow=34;42:st=37;44:ex=01;32:*.tar=01;31:*.tgz=01;31:*.arj=01;31:*.taz=01;31:*.lzh=01;31:*.lzma=01;31:*.tlz=01;31:*.txz=01;31:*.zip=01;31:*.z=01;31:*.Z=01;31:*.dz=01;31:*.gz=01;31:*.lz=01;31:*.xz=01;31:*.bz2=01;31:*.bz=01;31:*.tbz=01;31:*.tbz2=01;31:*.tz=01;31:*.deb=01;31:*.rpm=01;31:*.jar=01;31:*.war=01;31:*.ear=01;31:*.sar=01;31:*.rar=01;31:*.ace=01;31:*.zoo=01;31:*.cpio=01;31:*.7z=01;31:*.rz=01;31:*.jpg=01;35:*.jpeg=01;35:*.gif=01;35:*.bmp=01;35:*.pbm=01;35:*.pgm=01;35:*.ppm=01;35:*.tga=01;35:*.xbm=01;35:*.xpm=01;35:*.tif=01;35:*.tiff=01;35:*.png=01;35:*.svg=01;35:*.svgz=01;35:*.mng=01;35:*.pcx=01;35:*.mov=01;35:*.mpg=01;35:*.mpeg=01;35:*.m2v=01;35:*.mkv=01;35:*.webm=01;35:*.ogm=01;35:*.mp4=01;35:*.m4v=01;35:*.mp4v=01;35:*.vob=01;35:*.qt=01;35:*.nuv=01;35:*.wmv=01;35:*.asf=01;35:*.rm=01;35:*.rmvb=01;35:*.flc=01;35:*.avi=01;35:*.fli=01;35:*.flv=01;35:*.gl=01;35:*.dl=01;35:*.xcf=01;35:*.xwd=01;35:*.yuv=01;35:*.cgm=01;35:*.emf=01;35:*.axv=01;35:*.anx=01;35:*.ogv=01;35:*.ogx=01;35:*.aac=00;36:*.au=00;36:*.flac=00;36:*.mid=00;36:*.midi=00;36:*.mka=00;36:*.mp3=00;36:*.mpc=00;36:*.ogg=00;36:*.ra=00;36:*.wav=00;36:*.axa=00;36:*.oga=00;36:*.spx=00;36:*.xspf=00;36:', 'LESSCLOSE': '/usr/bin/lesspipe %s %s', 'SSH_TTY': '/dev/pts/6', 'PWD': '/home/fetch', 'ROS_ETC_DIR': '/opt/ros/indigo/etc/ros', 'MAIL': '/var/mail/fetch', 'SSH_CONNECTION': '192.168.70.3 50171 192.168.70.5 22'}]
[roslaunch][INFO] 2020-10-25 21:42:45,869: process[map_keepout_server-3]: args[[u'/opt/ros/indigo/lib/map_server/map_server', '/home/fetch/mapmap.yaml', u'map:=map_keepout', u'static_map:=static_map_keepout', u'__name:=map_keepout_server']]
[roslaunch][INFO] 2020-10-25 21:42:45,869: ... created process [map_keepout_server-3]
[roslaunch.pmon][INFO] 2020-10-25 21:42:45,869: ProcessMonitor.register[map_keepout_server-3]
[roslaunch.pmon][INFO] 2020-10-25 21:42:45,869: ProcessMonitor.register[map_keepout_server-3] complete
[roslaunch][INFO] 2020-10-25 21:42:45,869: ... registered process [map_keepout_server-3]
[roslaunch][INFO] 2020-10-25 21:42:45,870: process[map_keepout_server-3]: starting os process
[roslaunch][INFO] 2020-10-25 21:42:45,870: process[map_keepout_server-3]: start w/ args [[u'/opt/ros/indigo/lib/map_server/map_server', '/home/fetch/mapmap.yaml', u'map:=map_keepout', u'static_map:=static_map_keepout', u'__name:=map_keepout_server', u'__log:=/home/fetch/.ros/log/e9463926-1744-11eb-bd5c-000babe55698/map_keepout_server-3.log']]
[roslaunch][INFO] 2020-10-25 21:42:45,870: process[map_keepout_server-3]: cwd will be [/home/fetch/.ros]
[roslaunch][INFO] 2020-10-25 21:42:45,873: process[map_keepout_server-3]: started with pid [3324]
[roslaunch][INFO] 2020-10-25 21:42:45,873: ... successfully launched [map_keepout_server-3]
[roslaunch][INFO] 2020-10-25 21:42:45,873: ... preparing to launch node of type [amcl/amcl]
[roslaunch][INFO] 2020-10-25 21:42:45,873: create_node_process: package[amcl] type[amcl] machine[Machine(name[] env_loader[None] address[localhost] ssh_port[22] user[None] assignable[True] timeout[10.0])] master_uri[http://localhost:11311]
[roslaunch][INFO] 2020-10-25 21:42:45,873: process[amcl-4]: env[{'ROS_DISTRO': 'indigo', 'LESSOPEN': '| /usr/bin/lesspipe %s', 'SSH_CLIENT': '192.168.70.3 50171 22', 'CPATH': '/home/fetch/catkin_ws/devel/include:/opt/ros/indigo/include', 'LOGNAME': 'fetch', 'USER': 'fetch', 'PATH': '/opt/ros/indigo/bin:/usr/local/sbin:/usr/local/bin:/usr/sbin:/usr/bin:/sbin:/bin:/usr/games:/usr/local/games', 'HOME': '/home/fetch', 'CMAKE_PREFIX_PATH': '/home/fetch/catkin_ws/devel:/opt/ros/indigo', 'ROS_LOG_FILENAME': '/home/fetch/.ros/log/e9463926-1744-11eb-bd5c-000babe55698/roslaunch-freight1207-3304.log', 'LANG': 'en_US.UTF-8', 'TERM': 'xterm-256color', 'SHELL': '/bin/bash', 'SHLVL': '1', 'QT_QPA_PLATFORMTHEME': 'appmenu-qt5', 'DISPLAY': 'localhost:11.0', 'ROS_MASTER_URI': 'http://localhost:11311', 'XDG_RUNTIME_DIR': '/run/user/1000', 'PYTHONPATH': '/home/fetch/catkin_ws/devel/lib/python2.7/dist-packages:/opt/ros/indigo/lib/python2.7/dist-packages', 'ROS_ROOT': '/opt/ros/indigo/share/ros', 'PKG_CONFIG_PATH': '/home/fetch/catkin_ws/devel/lib/pkgconfig:/opt/ros/indigo/lib/pkgconfig', 'ROS_PACKAGE_PATH': '/home/fetch/catkin_ws/src:/opt/ros/indigo/share:/opt/ros/indigo/stacks', 'XDG_SESSION_ID': '2', '_': '/opt/ros/indigo/bin/roslaunch', 'LD_LIBRARY_PATH': '/home/fetch/catkin_ws/devel/lib:/opt/ros/indigo/lib', 'LS_COLORS': 'rs=0:di=01;34:ln=01;36:mh=00:pi=40;33:so=01;35:do=01;35:bd=40;33;01:cd=40;33;01:or=40;31;01:su=37;41:sg=30;43:ca=30;41:tw=30;42:ow=34;42:st=37;44:ex=01;32:*.tar=01;31:*.tgz=01;31:*.arj=01;31:*.taz=01;31:*.lzh=01;31:*.lzma=01;31:*.tlz=01;31:*.txz=01;31:*.zip=01;31:*.z=01;31:*.Z=01;31:*.dz=01;31:*.gz=01;31:*.lz=01;31:*.xz=01;31:*.bz2=01;31:*.bz=01;31:*.tbz=01;31:*.tbz2=01;31:*.tz=01;31:*.deb=01;31:*.rpm=01;31:*.jar=01;31:*.war=01;31:*.ear=01;31:*.sar=01;31:*.rar=01;31:*.ace=01;31:*.zoo=01;31:*.cpio=01;31:*.7z=01;31:*.rz=01;31:*.jpg=01;35:*.jpeg=01;35:*.gif=01;35:*.bmp=01;35:*.pbm=01;35:*.pgm=01;35:*.ppm=01;35:*.tga=01;35:*.xbm=01;35:*.xpm=01;35:*.tif=01;35:*.tiff=01;35:*.png=01;35:*.svg=01;35:*.svgz=01;35:*.mng=01;35:*.pcx=01;35:*.mov=01;35:*.mpg=01;35:*.mpeg=01;35:*.m2v=01;35:*.mkv=01;35:*.webm=01;35:*.ogm=01;35:*.mp4=01;35:*.m4v=01;35:*.mp4v=01;35:*.vob=01;35:*.qt=01;35:*.nuv=01;35:*.wmv=01;35:*.asf=01;35:*.rm=01;35:*.rmvb=01;35:*.flc=01;35:*.avi=01;35:*.fli=01;35:*.flv=01;35:*.gl=01;35:*.dl=01;35:*.xcf=01;35:*.xwd=01;35:*.yuv=01;35:*.cgm=01;35:*.emf=01;35:*.axv=01;35:*.anx=01;35:*.ogv=01;35:*.ogx=01;35:*.aac=00;36:*.au=00;36:*.flac=00;36:*.mid=00;36:*.midi=00;36:*.mka=00;36:*.mp3=00;36:*.mpc=00;36:*.ogg=00;36:*.ra=00;36:*.wav=00;36:*.axa=00;36:*.oga=00;36:*.spx=00;36:*.xspf=00;36:', 'LESSCLOSE': '/usr/bin/lesspipe %s %s', 'SSH_TTY': '/dev/pts/6', 'PWD': '/home/fetch', 'ROS_ETC_DIR': '/opt/ros/indigo/etc/ros', 'MAIL': '/var/mail/fetch', 'SSH_CONNECTION': '192.168.70.3 50171 192.168.70.5 22'}]
[roslaunch][INFO] 2020-10-25 21:42:45,875: process[amcl-4]: args[[u'/opt/ros/indigo/lib/amcl/amcl', u'scan:=base_scan', u'map:=map', u'__name:=amcl']]
[roslaunch][INFO] 2020-10-25 21:42:45,875: ... created process [amcl-4]
[roslaunch.pmon][INFO] 2020-10-25 21:42:45,875: ProcessMonitor.register[amcl-4]
[roslaunch.pmon][INFO] 2020-10-25 21:42:45,875: ProcessMonitor.register[amcl-4] complete
[roslaunch][INFO] 2020-10-25 21:42:45,876: ... registered process [amcl-4]
[roslaunch][INFO] 2020-10-25 21:42:45,876: process[amcl-4]: starting os process
[roslaunch][INFO] 2020-10-25 21:42:45,876: process[amcl-4]: start w/ args [[u'/opt/ros/indigo/lib/amcl/amcl', u'scan:=base_scan', u'map:=map', u'__name:=amcl', u'__log:=/home/fetch/.ros/log/e9463926-1744-11eb-bd5c-000babe55698/amcl-4.log']]
[roslaunch][INFO] 2020-10-25 21:42:45,876: process[amcl-4]: cwd will be [/home/fetch/.ros]
[roslaunch][INFO] 2020-10-25 21:42:45,878: process[amcl-4]: started with pid [3325]
[roslaunch][INFO] 2020-10-25 21:42:45,879: ... successfully launched [amcl-4]
[roslaunch][INFO] 2020-10-25 21:42:45,879: ... preparing to launch node of type [move_base/move_base]
[roslaunch][INFO] 2020-10-25 21:42:45,879: create_node_process: package[move_base] type[move_base] machine[Machine(name[] env_loader[None] address[localhost] ssh_port[22] user[None] assignable[True] timeout[10.0])] master_uri[http://localhost:11311]
[roslaunch][INFO] 2020-10-25 21:42:45,879: process[move_base-5]: env[{'ROS_DISTRO': 'indigo', 'LESSOPEN': '| /usr/bin/lesspipe %s', 'SSH_CLIENT': '192.168.70.3 50171 22', 'CPATH': '/home/fetch/catkin_ws/devel/include:/opt/ros/indigo/include', 'LOGNAME': 'fetch', 'USER': 'fetch', 'PATH': '/opt/ros/indigo/bin:/usr/local/sbin:/usr/local/bin:/usr/sbin:/usr/bin:/sbin:/bin:/usr/games:/usr/local/games', 'HOME': '/home/fetch', 'CMAKE_PREFIX_PATH': '/home/fetch/catkin_ws/devel:/opt/ros/indigo', 'ROS_LOG_FILENAME': '/home/fetch/.ros/log/e9463926-1744-11eb-bd5c-000babe55698/roslaunch-freight1207-3304.log', 'LANG': 'en_US.UTF-8', 'TERM': 'xterm-256color', 'SHELL': '/bin/bash', 'SHLVL': '1', 'QT_QPA_PLATFORMTHEME': 'appmenu-qt5', 'DISPLAY': 'localhost:11.0', 'ROS_MASTER_URI': 'http://localhost:11311', 'XDG_RUNTIME_DIR': '/run/user/1000', 'PYTHONPATH': '/home/fetch/catkin_ws/devel/lib/python2.7/dist-packages:/opt/ros/indigo/lib/python2.7/dist-packages', 'ROS_ROOT': '/opt/ros/indigo/share/ros', 'PKG_CONFIG_PATH': '/home/fetch/catkin_ws/devel/lib/pkgconfig:/opt/ros/indigo/lib/pkgconfig', 'ROS_PACKAGE_PATH': '/home/fetch/catkin_ws/src:/opt/ros/indigo/share:/opt/ros/indigo/stacks', 'XDG_SESSION_ID': '2', '_': '/opt/ros/indigo/bin/roslaunch', 'LD_LIBRARY_PATH': '/home/fetch/catkin_ws/devel/lib:/opt/ros/indigo/lib', 'LS_COLORS': 'rs=0:di=01;34:ln=01;36:mh=00:pi=40;33:so=01;35:do=01;35:bd=40;33;01:cd=40;33;01:or=40;31;01:su=37;41:sg=30;43:ca=30;41:tw=30;42:ow=34;42:st=37;44:ex=01;32:*.tar=01;31:*.tgz=01;31:*.arj=01;31:*.taz=01;31:*.lzh=01;31:*.lzma=01;31:*.tlz=01;31:*.txz=01;31:*.zip=01;31:*.z=01;31:*.Z=01;31:*.dz=01;31:*.gz=01;31:*.lz=01;31:*.xz=01;31:*.bz2=01;31:*.bz=01;31:*.tbz=01;31:*.tbz2=01;31:*.tz=01;31:*.deb=01;31:*.rpm=01;31:*.jar=01;31:*.war=01;31:*.ear=01;31:*.sar=01;31:*.rar=01;31:*.ace=01;31:*.zoo=01;31:*.cpio=01;31:*.7z=01;31:*.rz=01;31:*.jpg=01;35:*.jpeg=01;35:*.gif=01;35:*.bmp=01;35:*.pbm=01;35:*.pgm=01;35:*.ppm=01;35:*.tga=01;35:*.xbm=01;35:*.xpm=01;35:*.tif=01;35:*.tiff=01;35:*.png=01;35:*.svg=01;35:*.svgz=01;35:*.mng=01;35:*.pcx=01;35:*.mov=01;35:*.mpg=01;35:*.mpeg=01;35:*.m2v=01;35:*.mkv=01;35:*.webm=01;35:*.ogm=01;35:*.mp4=01;35:*.m4v=01;35:*.mp4v=01;35:*.vob=01;35:*.qt=01;35:*.nuv=01;35:*.wmv=01;35:*.asf=01;35:*.rm=01;35:*.rmvb=01;35:*.flc=01;35:*.avi=01;35:*.fli=01;35:*.flv=01;35:*.gl=01;35:*.dl=01;35:*.xcf=01;35:*.xwd=01;35:*.yuv=01;35:*.cgm=01;35:*.emf=01;35:*.axv=01;35:*.anx=01;35:*.ogv=01;35:*.ogx=01;35:*.aac=00;36:*.au=00;36:*.flac=00;36:*.mid=00;36:*.midi=00;36:*.mka=00;36:*.mp3=00;36:*.mpc=00;36:*.ogg=00;36:*.ra=00;36:*.wav=00;36:*.axa=00;36:*.oga=00;36:*.spx=00;36:*.xspf=00;36:', 'LESSCLOSE': '/usr/bin/lesspipe %s %s', 'SSH_TTY': '/dev/pts/6', 'PWD': '/home/fetch', 'ROS_ETC_DIR': '/opt/ros/indigo/etc/ros', 'MAIL': '/var/mail/fetch', 'SSH_CONNECTION': '192.168.70.3 50171 192.168.70.5 22'}]
[roslaunch][INFO] 2020-10-25 21:42:45,880: process[move_base-5]: args[[u'/opt/ros/indigo/lib/move_base/move_base', u'cmd_vel:=cmd_vel', u'odom:=odom', u'map:=map_keepout', u'__name:=move_base']]
[roslaunch][INFO] 2020-10-25 21:42:45,880: ... created process [move_base-5]
[roslaunch.pmon][INFO] 2020-10-25 21:42:45,880: ProcessMonitor.register[move_base-5]
[roslaunch.pmon][INFO] 2020-10-25 21:42:45,880: ProcessMonitor.register[move_base-5] complete
[roslaunch][INFO] 2020-10-25 21:42:45,880: ... registered process [move_base-5]
[roslaunch][INFO] 2020-10-25 21:42:45,880: process[move_base-5]: starting os process
[roslaunch][INFO] 2020-10-25 21:42:45,880: process[move_base-5]: start w/ args [[u'/opt/ros/indigo/lib/move_base/move_base', u'cmd_vel:=cmd_vel', u'odom:=odom', u'map:=map_keepout', u'__name:=move_base', u'__log:=/home/fetch/.ros/log/e9463926-1744-11eb-bd5c-000babe55698/move_base-5.log']]
[roslaunch][INFO] 2020-10-25 21:42:45,880: process[move_base-5]: cwd will be [/home/fetch/.ros]
[roslaunch][INFO] 2020-10-25 21:42:45,883: process[move_base-5]: started with pid [3338]
[roslaunch][INFO] 2020-10-25 21:42:45,883: ... successfully launched [move_base-5]
[roslaunch][INFO] 2020-10-25 21:42:45,884: ... launch_nodes complete
[roslaunch.pmon][INFO] 2020-10-25 21:42:45,884: registrations completed <ProcessMonitor(ProcessMonitor-1, started daemon 140498185934592)>
[roslaunch.parent][INFO] 2020-10-25 21:42:45,884: ... roslaunch parent running, waiting for process exit
[roslaunch][INFO] 2020-10-25 21:42:45,884: spin
[roslaunch.pmon][INFO] 2020-10-25 21:46:46,311: ProcessMonitor.shutdown <ProcessMonitor(ProcessMonitor-1, started daemon 140498185934592)>
[roslaunch.pmon][INFO] 2020-10-25 21:46:46,395: ProcessMonitor._post_run <ProcessMonitor(ProcessMonitor-1, started daemon 140498185934592)>
[roslaunch.pmon][INFO] 2020-10-25 21:46:46,396: ProcessMonitor._post_run <ProcessMonitor(ProcessMonitor-1, started daemon 140498185934592)>: remaining procs are [<roslaunch.nodeprocess.LocalProcess object at 0x7fc84898fe50>, <roslaunch.nodeprocess.LocalProcess object at 0x7fc84898f790>, <roslaunch.nodeprocess.LocalProcess object at 0x7fc84898fed0>, <roslaunch.nodeprocess.LocalProcess object at 0x7fc84898f510>, <roslaunch.nodeprocess.LocalProcess object at 0x7fc84898f750>]
[roslaunch.pmon][INFO] 2020-10-25 21:46:46,396: ProcessMonitor exit: killing move_base-5
[roslaunch.pmon][INFO] 2020-10-25 21:46:46,396: ProcessMonitor exit: killing amcl-4
[roslaunch][INFO] 2020-10-25 21:46:46,397: [move_base-5] killing on exit
[roslaunch.pmon][INFO] 2020-10-25 21:46:46,397: ProcessMonitor exit: killing map_keepout_server-3
[roslaunch.pmon][INFO] 2020-10-25 21:46:46,398: ProcessMonitor exit: killing rviz-2
[roslaunch][INFO] 2020-10-25 21:46:46,397: [amcl-4] killing on exit
[roslaunch.pmon][INFO] 2020-10-25 21:46:46,398: ProcessMonitor exit: killing map_server-1
[roslaunch][INFO] 2020-10-25 21:46:46,399: [map_keepout_server-3] killing on exit
[roslaunch][INFO] 2020-10-25 21:46:46,399: [rviz-2] killing on exit
[roslaunch][INFO] 2020-10-25 21:46:46,400: [map_server-1] killing on exit
[roslaunch.pmon][INFO] 2020-10-25 21:46:46,401: ProcessMonitor exit: cleaning up data structures and signals
[roslaunch.pmon][INFO] 2020-10-25 21:46:46,401: ProcessMonitor exit: pmon has shutdown
[roslaunch][INFO] 2020-10-25 21:46:46,434: process monitor is done spinning, initiating full shutdown
[roslaunch][INFO] 2020-10-25 21:46:46,434: runner.stop()
[roslaunch][INFO] 2020-10-25 21:46:46,434: shutting down processing monitor...
[roslaunch][INFO] 2020-10-25 21:46:46,435: shutting down processing monitor <ProcessMonitor(ProcessMonitor-1, stopped daemon 140498185934592)>
[roslaunch.pmon][INFO] 2020-10-25 21:46:46,435: ProcessMonitor.shutdown <ProcessMonitor(ProcessMonitor-1, stopped daemon 140498185934592)>
[roslaunch][INFO] 2020-10-25 21:46:46,435: ... shutting down processing monitor complete
[roslaunch][INFO] 2020-10-25 21:46:46,435: done
[roslaunch.pmon][INFO] 2020-10-25 21:46:46,435: ProcessMonitor.shutdown <ProcessMonitor(ProcessMonitor-1, stopped daemon 140498185934592)>
[rospy.core][INFO] 2020-10-25 21:46:46,435: signal_shutdown [atexit]
