[roslaunch][INFO] 2020-10-19 23:31:11,173: Checking log directory for disk usage. This may take awhile.
Press Ctrl-C to interrupt
[roslaunch][INFO] 2020-10-19 23:31:11,175: Done checking log file disk usage. Usage is <1GB.
[roslaunch][INFO] 2020-10-19 23:31:11,175: roslaunch starting with args ['/opt/ros/indigo/bin/roslaunch', 'fetch_navigation', 'fetch_nav.launch']
[roslaunch][INFO] 2020-10-19 23:31:11,175: roslaunch env is {'ROS_DISTRO': 'indigo', 'LESSOPEN': '| /usr/bin/lesspipe %s', 'SSH_CLIENT': '192.168.30.25 50364 22', 'CPATH': '/home/fetch/catkin_ws/devel/include:/opt/ros/indigo/include', 'LOGNAME': 'fetch', 'USER': 'fetch', 'HOME': '/home/fetch', 'PATH': '/opt/ros/indigo/bin:/usr/local/sbin:/usr/local/bin:/usr/sbin:/usr/bin:/sbin:/bin:/usr/games:/usr/local/games', 'CMAKE_PREFIX_PATH': '/home/fetch/catkin_ws/devel:/opt/ros/indigo', 'LD_LIBRARY_PATH': '/home/fetch/catkin_ws/devel/lib:/opt/ros/indigo/lib:/opt/ros/indigo/lib/x86_64-linux-gnu', 'LANG': 'en_US.UTF-8', 'TERM': 'xterm-256color', 'SHELL': '/bin/bash', 'SHLVL': '1', 'QT_QPA_PLATFORMTHEME': 'appmenu-qt5', 'ROS_LOG_FILENAME': '/home/fetch/.ros/log/a97d62e4-1292-11eb-ba25-000babe55698/roslaunch-freight1207-398.log', 'ROS_ETC_DIR': '/opt/ros/indigo/etc/ros', 'XDG_RUNTIME_DIR': '/run/user/1000', 'PYTHONPATH': '/home/fetch/catkin_ws/devel/lib/python2.7/dist-packages:/opt/ros/indigo/lib/python2.7/dist-packages', 'ROS_ROOT': '/opt/ros/indigo/share/ros', 'PKG_CONFIG_PATH': '/home/fetch/catkin_ws/devel/lib/pkgconfig:/opt/ros/indigo/lib/pkgconfig:/opt/ros/indigo/lib/x86_64-linux-gnu/pkgconfig', 'ROS_PACKAGE_PATH': '/home/fetch/catkin_ws/src:/opt/ros/indigo/share:/opt/ros/indigo/stacks', 'XDG_SESSION_ID': '7', '_': '/opt/ros/indigo/bin/roslaunch', 'SSH_CONNECTION': '192.168.30.25 50364 192.168.30.22 22', 'LESSCLOSE': '/usr/bin/lesspipe %s %s', 'SSH_TTY': '/dev/pts/29', 'OLDPWD': '/opt/ros/indigo/share/fetch_navigation', 'PWD': '/opt/ros/indigo/share/fetch_navigation/launch', 'ROS_MASTER_URI': 'http://localhost:11311', 'MAIL': '/var/mail/fetch', 'LS_COLORS': 'rs=0:di=01;34:ln=01;36:mh=00:pi=40;33:so=01;35:do=01;35:bd=40;33;01:cd=40;33;01:or=40;31;01:su=37;41:sg=30;43:ca=30;41:tw=30;42:ow=34;42:st=37;44:ex=01;32:*.tar=01;31:*.tgz=01;31:*.arj=01;31:*.taz=01;31:*.lzh=01;31:*.lzma=01;31:*.tlz=01;31:*.txz=01;31:*.zip=01;31:*.z=01;31:*.Z=01;31:*.dz=01;31:*.gz=01;31:*.lz=01;31:*.xz=01;31:*.bz2=01;31:*.bz=01;31:*.tbz=01;31:*.tbz2=01;31:*.tz=01;31:*.deb=01;31:*.rpm=01;31:*.jar=01;31:*.war=01;31:*.ear=01;31:*.sar=01;31:*.rar=01;31:*.ace=01;31:*.zoo=01;31:*.cpio=01;31:*.7z=01;31:*.rz=01;31:*.jpg=01;35:*.jpeg=01;35:*.gif=01;35:*.bmp=01;35:*.pbm=01;35:*.pgm=01;35:*.ppm=01;35:*.tga=01;35:*.xbm=01;35:*.xpm=01;35:*.tif=01;35:*.tiff=01;35:*.png=01;35:*.svg=01;35:*.svgz=01;35:*.mng=01;35:*.pcx=01;35:*.mov=01;35:*.mpg=01;35:*.mpeg=01;35:*.m2v=01;35:*.mkv=01;35:*.webm=01;35:*.ogm=01;35:*.mp4=01;35:*.m4v=01;35:*.mp4v=01;35:*.vob=01;35:*.qt=01;35:*.nuv=01;35:*.wmv=01;35:*.asf=01;35:*.rm=01;35:*.rmvb=01;35:*.flc=01;35:*.avi=01;35:*.fli=01;35:*.flv=01;35:*.gl=01;35:*.dl=01;35:*.xcf=01;35:*.xwd=01;35:*.yuv=01;35:*.cgm=01;35:*.emf=01;35:*.axv=01;35:*.anx=01;35:*.ogv=01;35:*.ogx=01;35:*.aac=00;36:*.au=00;36:*.flac=00;36:*.mid=00;36:*.midi=00;36:*.mka=00;36:*.mp3=00;36:*.mpc=00;36:*.ogg=00;36:*.ra=00;36:*.wav=00;36:*.axa=00;36:*.oga=00;36:*.spx=00;36:*.xspf=00;36:'}
[roslaunch][INFO] 2020-10-19 23:31:11,175: starting in server mode
[roslaunch.parent][INFO] 2020-10-19 23:31:11,175: starting roslaunch parent run
[roslaunch][INFO] 2020-10-19 23:31:11,176: loading roscore config file /opt/ros/indigo/etc/ros/roscore.xml
[roslaunch][INFO] 2020-10-19 23:31:11,234: Added core node of type [rosout/rosout] in namespace [/]
[roslaunch.config][INFO] 2020-10-19 23:31:11,234: loading config file /opt/ros/indigo/share/fetch_navigation/launch/fetch_nav.launch
[roslaunch][INFO] 2020-10-19 23:31:11,253: Added node of type [map_server/map_server] in namespace [/]
[roslaunch][INFO] 2020-10-19 23:31:11,254: Added node of type [rviz/rviz] in namespace [/]
[roslaunch][INFO] 2020-10-19 23:31:11,258: Added node of type [amcl/amcl] in namespace [/]
[roslaunch][INFO] 2020-10-19 23:31:11,277: Added node of type [move_base/move_base] in namespace [/]
[roslaunch][INFO] 2020-10-19 23:31:11,277: Added node of type [fetch_navigation/tilt_head.py] in namespace [/]
[roslaunch][INFO] 2020-10-19 23:31:11,277: ... selected machine [] for node of type [map_server/map_server]
[roslaunch][INFO] 2020-10-19 23:31:11,277: ... selected machine [] for node of type [rviz/rviz]
[roslaunch][INFO] 2020-10-19 23:31:11,277: ... selected machine [] for node of type [amcl/amcl]
[roslaunch][INFO] 2020-10-19 23:31:11,277: ... selected machine [] for node of type [move_base/move_base]
[roslaunch][INFO] 2020-10-19 23:31:11,277: ... selected machine [] for node of type [fetch_navigation/tilt_head.py]
[roslaunch.pmon][INFO] 2020-10-19 23:31:11,278: start_process_monitor: creating ProcessMonitor
[roslaunch.pmon][INFO] 2020-10-19 23:31:11,278: created process monitor <ProcessMonitor(ProcessMonitor-1, initial daemon)>
[roslaunch.pmon][INFO] 2020-10-19 23:31:11,278: start_process_monitor: ProcessMonitor started
[roslaunch.parent][INFO] 2020-10-19 23:31:11,278: starting parent XML-RPC server
[roslaunch.server][INFO] 2020-10-19 23:31:11,278: starting roslaunch XML-RPC server
[xmlrpc][INFO] 2020-10-19 23:31:11,279: XML-RPC server binding to 0.0.0.0:0
[roslaunch.server][INFO] 2020-10-19 23:31:11,279: waiting for roslaunch XML-RPC server to initialize
[xmlrpc][INFO] 2020-10-19 23:31:11,279: Started XML-RPC server [http://freight1207:53145/]
[xmlrpc][INFO] 2020-10-19 23:31:11,279: xml rpc node: starting XML-RPC server
[roslaunch][INFO] 2020-10-19 23:31:11,290: started roslaunch server http://freight1207:53145/
[roslaunch.parent][INFO] 2020-10-19 23:31:11,290: ... parent XML-RPC server started
[roslaunch][INFO] 2020-10-19 23:31:11,291: master.is_running[http://localhost:11311]
[roslaunch][INFO] 2020-10-19 23:31:11,292: master.is_running[http://localhost:11311]
[roslaunch][INFO] 2020-10-19 23:31:11,293: ROS_MASTER_URI=http://localhost:11311
[roslaunch][INFO] 2020-10-19 23:31:11,294: setting /roslaunch/uris/host_freight1207__53145' to http://freight1207:53145/
[roslaunch][INFO] 2020-10-19 23:31:11,296: load_parameters starting ...
[roslaunch][INFO] 2020-10-19 23:31:11,315: ... load_parameters complete
[roslaunch][INFO] 2020-10-19 23:31:11,315: launch_nodes: launching local nodes ...
[roslaunch][INFO] 2020-10-19 23:31:11,315: ... preparing to launch node of type [map_server/map_server]
[roslaunch][INFO] 2020-10-19 23:31:11,315: create_node_process: package[map_server] type[map_server] machine[Machine(name[] env_loader[None] address[localhost] ssh_port[22] user[None] assignable[True] timeout[10.0])] master_uri[http://localhost:11311]
[roslaunch][INFO] 2020-10-19 23:31:11,315: process[map_server-1]: env[{'ROS_DISTRO': 'indigo', 'LESSOPEN': '| /usr/bin/lesspipe %s', 'SSH_CLIENT': '192.168.30.25 50364 22', 'CPATH': '/home/fetch/catkin_ws/devel/include:/opt/ros/indigo/include', 'LOGNAME': 'fetch', 'USER': 'fetch', 'HOME': '/home/fetch', 'PATH': '/opt/ros/indigo/bin:/usr/local/sbin:/usr/local/bin:/usr/sbin:/usr/bin:/sbin:/bin:/usr/games:/usr/local/games', 'CMAKE_PREFIX_PATH': '/home/fetch/catkin_ws/devel:/opt/ros/indigo', 'ROS_LOG_FILENAME': '/home/fetch/.ros/log/a97d62e4-1292-11eb-ba25-000babe55698/roslaunch-freight1207-398.log', 'LANG': 'en_US.UTF-8', 'TERM': 'xterm-256color', 'SHELL': '/bin/bash', 'SHLVL': '1', 'QT_QPA_PLATFORMTHEME': 'appmenu-qt5', 'LD_LIBRARY_PATH': '/home/fetch/catkin_ws/devel/lib:/opt/ros/indigo/lib:/opt/ros/indigo/lib/x86_64-linux-gnu', 'ROS_MASTER_URI': 'http://localhost:11311', 'XDG_RUNTIME_DIR': '/run/user/1000', 'PYTHONPATH': '/home/fetch/catkin_ws/devel/lib/python2.7/dist-packages:/opt/ros/indigo/lib/python2.7/dist-packages', 'ROS_ROOT': '/opt/ros/indigo/share/ros', 'PKG_CONFIG_PATH': '/home/fetch/catkin_ws/devel/lib/pkgconfig:/opt/ros/indigo/lib/pkgconfig:/opt/ros/indigo/lib/x86_64-linux-gnu/pkgconfig', 'ROS_PACKAGE_PATH': '/home/fetch/catkin_ws/src:/opt/ros/indigo/share:/opt/ros/indigo/stacks', 'XDG_SESSION_ID': '7', '_': '/opt/ros/indigo/bin/roslaunch', 'LS_COLORS': 'rs=0:di=01;34:ln=01;36:mh=00:pi=40;33:so=01;35:do=01;35:bd=40;33;01:cd=40;33;01:or=40;31;01:su=37;41:sg=30;43:ca=30;41:tw=30;42:ow=34;42:st=37;44:ex=01;32:*.tar=01;31:*.tgz=01;31:*.arj=01;31:*.taz=01;31:*.lzh=01;31:*.lzma=01;31:*.tlz=01;31:*.txz=01;31:*.zip=01;31:*.z=01;31:*.Z=01;31:*.dz=01;31:*.gz=01;31:*.lz=01;31:*.xz=01;31:*.bz2=01;31:*.bz=01;31:*.tbz=01;31:*.tbz2=01;31:*.tz=01;31:*.deb=01;31:*.rpm=01;31:*.jar=01;31:*.war=01;31:*.ear=01;31:*.sar=01;31:*.rar=01;31:*.ace=01;31:*.zoo=01;31:*.cpio=01;31:*.7z=01;31:*.rz=01;31:*.jpg=01;35:*.jpeg=01;35:*.gif=01;35:*.bmp=01;35:*.pbm=01;35:*.pgm=01;35:*.ppm=01;35:*.tga=01;35:*.xbm=01;35:*.xpm=01;35:*.tif=01;35:*.tiff=01;35:*.png=01;35:*.svg=01;35:*.svgz=01;35:*.mng=01;35:*.pcx=01;35:*.mov=01;35:*.mpg=01;35:*.mpeg=01;35:*.m2v=01;35:*.mkv=01;35:*.webm=01;35:*.ogm=01;35:*.mp4=01;35:*.m4v=01;35:*.mp4v=01;35:*.vob=01;35:*.qt=01;35:*.nuv=01;35:*.wmv=01;35:*.asf=01;35:*.rm=01;35:*.rmvb=01;35:*.flc=01;35:*.avi=01;35:*.fli=01;35:*.flv=01;35:*.gl=01;35:*.dl=01;35:*.xcf=01;35:*.xwd=01;35:*.yuv=01;35:*.cgm=01;35:*.emf=01;35:*.axv=01;35:*.anx=01;35:*.ogv=01;35:*.ogx=01;35:*.aac=00;36:*.au=00;36:*.flac=00;36:*.mid=00;36:*.midi=00;36:*.mka=00;36:*.mp3=00;36:*.mpc=00;36:*.ogg=00;36:*.ra=00;36:*.wav=00;36:*.axa=00;36:*.oga=00;36:*.spx=00;36:*.xspf=00;36:', 'LESSCLOSE': '/usr/bin/lesspipe %s %s', 'SSH_TTY': '/dev/pts/29', 'OLDPWD': '/opt/ros/indigo/share/fetch_navigation', 'PWD': '/opt/ros/indigo/share/fetch_navigation/launch', 'ROS_ETC_DIR': '/opt/ros/indigo/etc/ros', 'MAIL': '/var/mail/fetch', 'SSH_CONNECTION': '192.168.30.25 50364 192.168.30.22 22'}]
[roslaunch][INFO] 2020-10-19 23:31:11,333: process[map_server-1]: args[[u'/opt/ros/indigo/lib/map_server/map_server', '/opt/ros/indigo/share/fetch_maps/maps/3_1_16_localization.yaml', u'__name:=map_server']]
[roslaunch][INFO] 2020-10-19 23:31:11,333: ... created process [map_server-1]
[roslaunch.pmon][INFO] 2020-10-19 23:31:11,333: ProcessMonitor.register[map_server-1]
[roslaunch.pmon][INFO] 2020-10-19 23:31:11,333: ProcessMonitor.register[map_server-1] complete
[roslaunch][INFO] 2020-10-19 23:31:11,333: ... registered process [map_server-1]
[roslaunch][INFO] 2020-10-19 23:31:11,333: process[map_server-1]: starting os process
[roslaunch][INFO] 2020-10-19 23:31:11,333: process[map_server-1]: start w/ args [[u'/opt/ros/indigo/lib/map_server/map_server', '/opt/ros/indigo/share/fetch_maps/maps/3_1_16_localization.yaml', u'__name:=map_server', u'__log:=/home/fetch/.ros/log/a97d62e4-1292-11eb-ba25-000babe55698/map_server-1.log']]
[roslaunch][INFO] 2020-10-19 23:31:11,333: process[map_server-1]: cwd will be [/home/fetch/.ros]
[roslaunch][INFO] 2020-10-19 23:31:11,335: process[map_server-1]: started with pid [417]
[roslaunch][INFO] 2020-10-19 23:31:11,335: ... successfully launched [map_server-1]
[roslaunch][INFO] 2020-10-19 23:31:11,335: ... preparing to launch node of type [rviz/rviz]
[roslaunch][INFO] 2020-10-19 23:31:11,335: create_node_process: package[rviz] type[rviz] machine[Machine(name[] env_loader[None] address[localhost] ssh_port[22] user[None] assignable[True] timeout[10.0])] master_uri[http://localhost:11311]
[roslaunch][INFO] 2020-10-19 23:31:11,336: process[rviz-2]: env[{'ROS_DISTRO': 'indigo', 'LESSOPEN': '| /usr/bin/lesspipe %s', 'SSH_CLIENT': '192.168.30.25 50364 22', 'CPATH': '/home/fetch/catkin_ws/devel/include:/opt/ros/indigo/include', 'LOGNAME': 'fetch', 'USER': 'fetch', 'HOME': '/home/fetch', 'PATH': '/opt/ros/indigo/bin:/usr/local/sbin:/usr/local/bin:/usr/sbin:/usr/bin:/sbin:/bin:/usr/games:/usr/local/games', 'CMAKE_PREFIX_PATH': '/home/fetch/catkin_ws/devel:/opt/ros/indigo', 'ROS_LOG_FILENAME': '/home/fetch/.ros/log/a97d62e4-1292-11eb-ba25-000babe55698/roslaunch-freight1207-398.log', 'LANG': 'en_US.UTF-8', 'TERM': 'xterm-256color', 'SHELL': '/bin/bash', 'SHLVL': '1', 'QT_QPA_PLATFORMTHEME': 'appmenu-qt5', 'LD_LIBRARY_PATH': '/home/fetch/catkin_ws/devel/lib:/opt/ros/indigo/lib:/opt/ros/indigo/lib/x86_64-linux-gnu', 'ROS_MASTER_URI': 'http://localhost:11311', 'XDG_RUNTIME_DIR': '/run/user/1000', 'PYTHONPATH': '/home/fetch/catkin_ws/devel/lib/python2.7/dist-packages:/opt/ros/indigo/lib/python2.7/dist-packages', 'ROS_ROOT': '/opt/ros/indigo/share/ros', 'PKG_CONFIG_PATH': '/home/fetch/catkin_ws/devel/lib/pkgconfig:/opt/ros/indigo/lib/pkgconfig:/opt/ros/indigo/lib/x86_64-linux-gnu/pkgconfig', 'ROS_PACKAGE_PATH': '/home/fetch/catkin_ws/src:/opt/ros/indigo/share:/opt/ros/indigo/stacks', 'XDG_SESSION_ID': '7', '_': '/opt/ros/indigo/bin/roslaunch', 'LS_COLORS': 'rs=0:di=01;34:ln=01;36:mh=00:pi=40;33:so=01;35:do=01;35:bd=40;33;01:cd=40;33;01:or=40;31;01:su=37;41:sg=30;43:ca=30;41:tw=30;42:ow=34;42:st=37;44:ex=01;32:*.tar=01;31:*.tgz=01;31:*.arj=01;31:*.taz=01;31:*.lzh=01;31:*.lzma=01;31:*.tlz=01;31:*.txz=01;31:*.zip=01;31:*.z=01;31:*.Z=01;31:*.dz=01;31:*.gz=01;31:*.lz=01;31:*.xz=01;31:*.bz2=01;31:*.bz=01;31:*.tbz=01;31:*.tbz2=01;31:*.tz=01;31:*.deb=01;31:*.rpm=01;31:*.jar=01;31:*.war=01;31:*.ear=01;31:*.sar=01;31:*.rar=01;31:*.ace=01;31:*.zoo=01;31:*.cpio=01;31:*.7z=01;31:*.rz=01;31:*.jpg=01;35:*.jpeg=01;35:*.gif=01;35:*.bmp=01;35:*.pbm=01;35:*.pgm=01;35:*.ppm=01;35:*.tga=01;35:*.xbm=01;35:*.xpm=01;35:*.tif=01;35:*.tiff=01;35:*.png=01;35:*.svg=01;35:*.svgz=01;35:*.mng=01;35:*.pcx=01;35:*.mov=01;35:*.mpg=01;35:*.mpeg=01;35:*.m2v=01;35:*.mkv=01;35:*.webm=01;35:*.ogm=01;35:*.mp4=01;35:*.m4v=01;35:*.mp4v=01;35:*.vob=01;35:*.qt=01;35:*.nuv=01;35:*.wmv=01;35:*.asf=01;35:*.rm=01;35:*.rmvb=01;35:*.flc=01;35:*.avi=01;35:*.fli=01;35:*.flv=01;35:*.gl=01;35:*.dl=01;35:*.xcf=01;35:*.xwd=01;35:*.yuv=01;35:*.cgm=01;35:*.emf=01;35:*.axv=01;35:*.anx=01;35:*.ogv=01;35:*.ogx=01;35:*.aac=00;36:*.au=00;36:*.flac=00;36:*.mid=00;36:*.midi=00;36:*.mka=00;36:*.mp3=00;36:*.mpc=00;36:*.ogg=00;36:*.ra=00;36:*.wav=00;36:*.axa=00;36:*.oga=00;36:*.spx=00;36:*.xspf=00;36:', 'LESSCLOSE': '/usr/bin/lesspipe %s %s', 'SSH_TTY': '/dev/pts/29', 'OLDPWD': '/opt/ros/indigo/share/fetch_navigation', 'PWD': '/opt/ros/indigo/share/fetch_navigation/launch', 'ROS_ETC_DIR': '/opt/ros/indigo/etc/ros', 'MAIL': '/var/mail/fetch', 'SSH_CONNECTION': '192.168.30.25 50364 192.168.30.22 22'}]
[roslaunch][INFO] 2020-10-19 23:31:11,338: process[rviz-2]: args[[u'/opt/ros/indigo/lib/rviz/rviz', '-d', '/opt/ros/indigo/share/rviz', '/opt/ros/indigo/share/fetch_navigation/config/navigation.rviz', u'__name:=rviz']]
[roslaunch][INFO] 2020-10-19 23:31:11,338: ... created process [rviz-2]
[roslaunch.pmon][INFO] 2020-10-19 23:31:11,338: ProcessMonitor.register[rviz-2]
[roslaunch.pmon][INFO] 2020-10-19 23:31:11,338: ProcessMonitor.register[rviz-2] complete
[roslaunch][INFO] 2020-10-19 23:31:11,338: ... registered process [rviz-2]
[roslaunch][INFO] 2020-10-19 23:31:11,338: process[rviz-2]: starting os process
[roslaunch][INFO] 2020-10-19 23:31:11,338: process[rviz-2]: start w/ args [[u'/opt/ros/indigo/lib/rviz/rviz', '-d', '/opt/ros/indigo/share/rviz', '/opt/ros/indigo/share/fetch_navigation/config/navigation.rviz', u'__name:=rviz', u'__log:=/home/fetch/.ros/log/a97d62e4-1292-11eb-ba25-000babe55698/rviz-2.log']]
[roslaunch][INFO] 2020-10-19 23:31:11,338: process[rviz-2]: cwd will be [/home/fetch/.ros]
[roslaunch][INFO] 2020-10-19 23:31:11,340: process[rviz-2]: started with pid [418]
[roslaunch][INFO] 2020-10-19 23:31:11,340: ... successfully launched [rviz-2]
[roslaunch][INFO] 2020-10-19 23:31:11,340: ... preparing to launch node of type [amcl/amcl]
[roslaunch][INFO] 2020-10-19 23:31:11,340: create_node_process: package[amcl] type[amcl] machine[Machine(name[] env_loader[None] address[localhost] ssh_port[22] user[None] assignable[True] timeout[10.0])] master_uri[http://localhost:11311]
[roslaunch][INFO] 2020-10-19 23:31:11,341: process[amcl-3]: env[{'ROS_DISTRO': 'indigo', 'LESSOPEN': '| /usr/bin/lesspipe %s', 'SSH_CLIENT': '192.168.30.25 50364 22', 'CPATH': '/home/fetch/catkin_ws/devel/include:/opt/ros/indigo/include', 'LOGNAME': 'fetch', 'USER': 'fetch', 'HOME': '/home/fetch', 'PATH': '/opt/ros/indigo/bin:/usr/local/sbin:/usr/local/bin:/usr/sbin:/usr/bin:/sbin:/bin:/usr/games:/usr/local/games', 'CMAKE_PREFIX_PATH': '/home/fetch/catkin_ws/devel:/opt/ros/indigo', 'ROS_LOG_FILENAME': '/home/fetch/.ros/log/a97d62e4-1292-11eb-ba25-000babe55698/roslaunch-freight1207-398.log', 'LANG': 'en_US.UTF-8', 'TERM': 'xterm-256color', 'SHELL': '/bin/bash', 'SHLVL': '1', 'QT_QPA_PLATFORMTHEME': 'appmenu-qt5', 'LD_LIBRARY_PATH': '/home/fetch/catkin_ws/devel/lib:/opt/ros/indigo/lib:/opt/ros/indigo/lib/x86_64-linux-gnu', 'ROS_MASTER_URI': 'http://localhost:11311', 'XDG_RUNTIME_DIR': '/run/user/1000', 'PYTHONPATH': '/home/fetch/catkin_ws/devel/lib/python2.7/dist-packages:/opt/ros/indigo/lib/python2.7/dist-packages', 'ROS_ROOT': '/opt/ros/indigo/share/ros', 'PKG_CONFIG_PATH': '/home/fetch/catkin_ws/devel/lib/pkgconfig:/opt/ros/indigo/lib/pkgconfig:/opt/ros/indigo/lib/x86_64-linux-gnu/pkgconfig', 'ROS_PACKAGE_PATH': '/home/fetch/catkin_ws/src:/opt/ros/indigo/share:/opt/ros/indigo/stacks', 'XDG_SESSION_ID': '7', '_': '/opt/ros/indigo/bin/roslaunch', 'LS_COLORS': 'rs=0:di=01;34:ln=01;36:mh=00:pi=40;33:so=01;35:do=01;35:bd=40;33;01:cd=40;33;01:or=40;31;01:su=37;41:sg=30;43:ca=30;41:tw=30;42:ow=34;42:st=37;44:ex=01;32:*.tar=01;31:*.tgz=01;31:*.arj=01;31:*.taz=01;31:*.lzh=01;31:*.lzma=01;31:*.tlz=01;31:*.txz=01;31:*.zip=01;31:*.z=01;31:*.Z=01;31:*.dz=01;31:*.gz=01;31:*.lz=01;31:*.xz=01;31:*.bz2=01;31:*.bz=01;31:*.tbz=01;31:*.tbz2=01;31:*.tz=01;31:*.deb=01;31:*.rpm=01;31:*.jar=01;31:*.war=01;31:*.ear=01;31:*.sar=01;31:*.rar=01;31:*.ace=01;31:*.zoo=01;31:*.cpio=01;31:*.7z=01;31:*.rz=01;31:*.jpg=01;35:*.jpeg=01;35:*.gif=01;35:*.bmp=01;35:*.pbm=01;35:*.pgm=01;35:*.ppm=01;35:*.tga=01;35:*.xbm=01;35:*.xpm=01;35:*.tif=01;35:*.tiff=01;35:*.png=01;35:*.svg=01;35:*.svgz=01;35:*.mng=01;35:*.pcx=01;35:*.mov=01;35:*.mpg=01;35:*.mpeg=01;35:*.m2v=01;35:*.mkv=01;35:*.webm=01;35:*.ogm=01;35:*.mp4=01;35:*.m4v=01;35:*.mp4v=01;35:*.vob=01;35:*.qt=01;35:*.nuv=01;35:*.wmv=01;35:*.asf=01;35:*.rm=01;35:*.rmvb=01;35:*.flc=01;35:*.avi=01;35:*.fli=01;35:*.flv=01;35:*.gl=01;35:*.dl=01;35:*.xcf=01;35:*.xwd=01;35:*.yuv=01;35:*.cgm=01;35:*.emf=01;35:*.axv=01;35:*.anx=01;35:*.ogv=01;35:*.ogx=01;35:*.aac=00;36:*.au=00;36:*.flac=00;36:*.mid=00;36:*.midi=00;36:*.mka=00;36:*.mp3=00;36:*.mpc=00;36:*.ogg=00;36:*.ra=00;36:*.wav=00;36:*.axa=00;36:*.oga=00;36:*.spx=00;36:*.xspf=00;36:', 'LESSCLOSE': '/usr/bin/lesspipe %s %s', 'SSH_TTY': '/dev/pts/29', 'OLDPWD': '/opt/ros/indigo/share/fetch_navigation', 'PWD': '/opt/ros/indigo/share/fetch_navigation/launch', 'ROS_ETC_DIR': '/opt/ros/indigo/etc/ros', 'MAIL': '/var/mail/fetch', 'SSH_CONNECTION': '192.168.30.25 50364 192.168.30.22 22'}]
[roslaunch][INFO] 2020-10-19 23:31:11,341: process[amcl-3]: args[[u'/opt/ros/indigo/lib/amcl/amcl', u'scan:=base_scan', u'map:=map', u'__name:=amcl']]
[roslaunch][INFO] 2020-10-19 23:31:11,341: ... created process [amcl-3]
[roslaunch.pmon][INFO] 2020-10-19 23:31:11,341: ProcessMonitor.register[amcl-3]
[roslaunch.pmon][INFO] 2020-10-19 23:31:11,341: ProcessMonitor.register[amcl-3] complete
[roslaunch][INFO] 2020-10-19 23:31:11,341: ... registered process [amcl-3]
[roslaunch][INFO] 2020-10-19 23:31:11,341: process[amcl-3]: starting os process
[roslaunch][INFO] 2020-10-19 23:31:11,342: process[amcl-3]: start w/ args [[u'/opt/ros/indigo/lib/amcl/amcl', u'scan:=base_scan', u'map:=map', u'__name:=amcl', u'__log:=/home/fetch/.ros/log/a97d62e4-1292-11eb-ba25-000babe55698/amcl-3.log']]
[roslaunch][INFO] 2020-10-19 23:31:11,342: process[amcl-3]: cwd will be [/home/fetch/.ros]
[roslaunch][INFO] 2020-10-19 23:31:11,343: process[amcl-3]: started with pid [419]
[roslaunch][INFO] 2020-10-19 23:31:11,343: ... successfully launched [amcl-3]
[roslaunch][INFO] 2020-10-19 23:31:11,344: ... preparing to launch node of type [move_base/move_base]
[roslaunch][INFO] 2020-10-19 23:31:11,344: create_node_process: package[move_base] type[move_base] machine[Machine(name[] env_loader[None] address[localhost] ssh_port[22] user[None] assignable[True] timeout[10.0])] master_uri[http://localhost:11311]
[roslaunch][INFO] 2020-10-19 23:31:11,344: process[move_base-4]: env[{'ROS_DISTRO': 'indigo', 'LESSOPEN': '| /usr/bin/lesspipe %s', 'SSH_CLIENT': '192.168.30.25 50364 22', 'CPATH': '/home/fetch/catkin_ws/devel/include:/opt/ros/indigo/include', 'LOGNAME': 'fetch', 'USER': 'fetch', 'HOME': '/home/fetch', 'PATH': '/opt/ros/indigo/bin:/usr/local/sbin:/usr/local/bin:/usr/sbin:/usr/bin:/sbin:/bin:/usr/games:/usr/local/games', 'CMAKE_PREFIX_PATH': '/home/fetch/catkin_ws/devel:/opt/ros/indigo', 'ROS_LOG_FILENAME': '/home/fetch/.ros/log/a97d62e4-1292-11eb-ba25-000babe55698/roslaunch-freight1207-398.log', 'LANG': 'en_US.UTF-8', 'TERM': 'xterm-256color', 'SHELL': '/bin/bash', 'SHLVL': '1', 'QT_QPA_PLATFORMTHEME': 'appmenu-qt5', 'LD_LIBRARY_PATH': '/home/fetch/catkin_ws/devel/lib:/opt/ros/indigo/lib:/opt/ros/indigo/lib/x86_64-linux-gnu', 'ROS_MASTER_URI': 'http://localhost:11311', 'XDG_RUNTIME_DIR': '/run/user/1000', 'PYTHONPATH': '/home/fetch/catkin_ws/devel/lib/python2.7/dist-packages:/opt/ros/indigo/lib/python2.7/dist-packages', 'ROS_ROOT': '/opt/ros/indigo/share/ros', 'PKG_CONFIG_PATH': '/home/fetch/catkin_ws/devel/lib/pkgconfig:/opt/ros/indigo/lib/pkgconfig:/opt/ros/indigo/lib/x86_64-linux-gnu/pkgconfig', 'ROS_PACKAGE_PATH': '/home/fetch/catkin_ws/src:/opt/ros/indigo/share:/opt/ros/indigo/stacks', 'XDG_SESSION_ID': '7', '_': '/opt/ros/indigo/bin/roslaunch', 'LS_COLORS': 'rs=0:di=01;34:ln=01;36:mh=00:pi=40;33:so=01;35:do=01;35:bd=40;33;01:cd=40;33;01:or=40;31;01:su=37;41:sg=30;43:ca=30;41:tw=30;42:ow=34;42:st=37;44:ex=01;32:*.tar=01;31:*.tgz=01;31:*.arj=01;31:*.taz=01;31:*.lzh=01;31:*.lzma=01;31:*.tlz=01;31:*.txz=01;31:*.zip=01;31:*.z=01;31:*.Z=01;31:*.dz=01;31:*.gz=01;31:*.lz=01;31:*.xz=01;31:*.bz2=01;31:*.bz=01;31:*.tbz=01;31:*.tbz2=01;31:*.tz=01;31:*.deb=01;31:*.rpm=01;31:*.jar=01;31:*.war=01;31:*.ear=01;31:*.sar=01;31:*.rar=01;31:*.ace=01;31:*.zoo=01;31:*.cpio=01;31:*.7z=01;31:*.rz=01;31:*.jpg=01;35:*.jpeg=01;35:*.gif=01;35:*.bmp=01;35:*.pbm=01;35:*.pgm=01;35:*.ppm=01;35:*.tga=01;35:*.xbm=01;35:*.xpm=01;35:*.tif=01;35:*.tiff=01;35:*.png=01;35:*.svg=01;35:*.svgz=01;35:*.mng=01;35:*.pcx=01;35:*.mov=01;35:*.mpg=01;35:*.mpeg=01;35:*.m2v=01;35:*.mkv=01;35:*.webm=01;35:*.ogm=01;35:*.mp4=01;35:*.m4v=01;35:*.mp4v=01;35:*.vob=01;35:*.qt=01;35:*.nuv=01;35:*.wmv=01;35:*.asf=01;35:*.rm=01;35:*.rmvb=01;35:*.flc=01;35:*.avi=01;35:*.fli=01;35:*.flv=01;35:*.gl=01;35:*.dl=01;35:*.xcf=01;35:*.xwd=01;35:*.yuv=01;35:*.cgm=01;35:*.emf=01;35:*.axv=01;35:*.anx=01;35:*.ogv=01;35:*.ogx=01;35:*.aac=00;36:*.au=00;36:*.flac=00;36:*.mid=00;36:*.midi=00;36:*.mka=00;36:*.mp3=00;36:*.mpc=00;36:*.ogg=00;36:*.ra=00;36:*.wav=00;36:*.axa=00;36:*.oga=00;36:*.spx=00;36:*.xspf=00;36:', 'LESSCLOSE': '/usr/bin/lesspipe %s %s', 'SSH_TTY': '/dev/pts/29', 'OLDPWD': '/opt/ros/indigo/share/fetch_navigation', 'PWD': '/opt/ros/indigo/share/fetch_navigation/launch', 'ROS_ETC_DIR': '/opt/ros/indigo/etc/ros', 'MAIL': '/var/mail/fetch', 'SSH_CONNECTION': '192.168.30.25 50364 192.168.30.22 22'}]
[roslaunch][INFO] 2020-10-19 23:31:11,344: process[move_base-4]: args[[u'/opt/ros/indigo/lib/move_base/move_base', u'cmd_vel:=cmd_vel', u'odom:=odom', u'map:=map', u'__name:=move_base']]
[roslaunch][INFO] 2020-10-19 23:31:11,344: ... created process [move_base-4]
[roslaunch.pmon][INFO] 2020-10-19 23:31:11,344: ProcessMonitor.register[move_base-4]
[roslaunch.pmon][INFO] 2020-10-19 23:31:11,345: ProcessMonitor.register[move_base-4] complete
[roslaunch][INFO] 2020-10-19 23:31:11,345: ... registered process [move_base-4]
[roslaunch][INFO] 2020-10-19 23:31:11,345: process[move_base-4]: starting os process
[roslaunch][INFO] 2020-10-19 23:31:11,345: process[move_base-4]: start w/ args [[u'/opt/ros/indigo/lib/move_base/move_base', u'cmd_vel:=cmd_vel', u'odom:=odom', u'map:=map', u'__name:=move_base', u'__log:=/home/fetch/.ros/log/a97d62e4-1292-11eb-ba25-000babe55698/move_base-4.log']]
[roslaunch][INFO] 2020-10-19 23:31:11,345: process[move_base-4]: cwd will be [/home/fetch/.ros]
[roslaunch][INFO] 2020-10-19 23:31:11,348: process[move_base-4]: started with pid [424]
[roslaunch][INFO] 2020-10-19 23:31:11,348: ... successfully launched [move_base-4]
[roslaunch][INFO] 2020-10-19 23:31:11,349: ... preparing to launch node of type [fetch_navigation/tilt_head.py]
[roslaunch][INFO] 2020-10-19 23:31:11,349: create_node_process: package[fetch_navigation] type[tilt_head.py] machine[Machine(name[] env_loader[None] address[localhost] ssh_port[22] user[None] assignable[True] timeout[10.0])] master_uri[http://localhost:11311]
[roslaunch][INFO] 2020-10-19 23:31:11,349: process[tilt_head_node-5]: env[{'ROS_DISTRO': 'indigo', 'LESSOPEN': '| /usr/bin/lesspipe %s', 'SSH_CLIENT': '192.168.30.25 50364 22', 'CPATH': '/home/fetch/catkin_ws/devel/include:/opt/ros/indigo/include', 'LOGNAME': 'fetch', 'USER': 'fetch', 'HOME': '/home/fetch', 'PATH': '/opt/ros/indigo/bin:/usr/local/sbin:/usr/local/bin:/usr/sbin:/usr/bin:/sbin:/bin:/usr/games:/usr/local/games', 'CMAKE_PREFIX_PATH': '/home/fetch/catkin_ws/devel:/opt/ros/indigo', 'ROS_LOG_FILENAME': '/home/fetch/.ros/log/a97d62e4-1292-11eb-ba25-000babe55698/roslaunch-freight1207-398.log', 'LANG': 'en_US.UTF-8', 'TERM': 'xterm-256color', 'SHELL': '/bin/bash', 'SHLVL': '1', 'QT_QPA_PLATFORMTHEME': 'appmenu-qt5', 'LD_LIBRARY_PATH': '/home/fetch/catkin_ws/devel/lib:/opt/ros/indigo/lib:/opt/ros/indigo/lib/x86_64-linux-gnu', 'ROS_MASTER_URI': 'http://localhost:11311', 'XDG_RUNTIME_DIR': '/run/user/1000', 'PYTHONPATH': '/home/fetch/catkin_ws/devel/lib/python2.7/dist-packages:/opt/ros/indigo/lib/python2.7/dist-packages', 'ROS_ROOT': '/opt/ros/indigo/share/ros', 'PKG_CONFIG_PATH': '/home/fetch/catkin_ws/devel/lib/pkgconfig:/opt/ros/indigo/lib/pkgconfig:/opt/ros/indigo/lib/x86_64-linux-gnu/pkgconfig', 'ROS_PACKAGE_PATH': '/home/fetch/catkin_ws/src:/opt/ros/indigo/share:/opt/ros/indigo/stacks', 'XDG_SESSION_ID': '7', '_': '/opt/ros/indigo/bin/roslaunch', 'LS_COLORS': 'rs=0:di=01;34:ln=01;36:mh=00:pi=40;33:so=01;35:do=01;35:bd=40;33;01:cd=40;33;01:or=40;31;01:su=37;41:sg=30;43:ca=30;41:tw=30;42:ow=34;42:st=37;44:ex=01;32:*.tar=01;31:*.tgz=01;31:*.arj=01;31:*.taz=01;31:*.lzh=01;31:*.lzma=01;31:*.tlz=01;31:*.txz=01;31:*.zip=01;31:*.z=01;31:*.Z=01;31:*.dz=01;31:*.gz=01;31:*.lz=01;31:*.xz=01;31:*.bz2=01;31:*.bz=01;31:*.tbz=01;31:*.tbz2=01;31:*.tz=01;31:*.deb=01;31:*.rpm=01;31:*.jar=01;31:*.war=01;31:*.ear=01;31:*.sar=01;31:*.rar=01;31:*.ace=01;31:*.zoo=01;31:*.cpio=01;31:*.7z=01;31:*.rz=01;31:*.jpg=01;35:*.jpeg=01;35:*.gif=01;35:*.bmp=01;35:*.pbm=01;35:*.pgm=01;35:*.ppm=01;35:*.tga=01;35:*.xbm=01;35:*.xpm=01;35:*.tif=01;35:*.tiff=01;35:*.png=01;35:*.svg=01;35:*.svgz=01;35:*.mng=01;35:*.pcx=01;35:*.mov=01;35:*.mpg=01;35:*.mpeg=01;35:*.m2v=01;35:*.mkv=01;35:*.webm=01;35:*.ogm=01;35:*.mp4=01;35:*.m4v=01;35:*.mp4v=01;35:*.vob=01;35:*.qt=01;35:*.nuv=01;35:*.wmv=01;35:*.asf=01;35:*.rm=01;35:*.rmvb=01;35:*.flc=01;35:*.avi=01;35:*.fli=01;35:*.flv=01;35:*.gl=01;35:*.dl=01;35:*.xcf=01;35:*.xwd=01;35:*.yuv=01;35:*.cgm=01;35:*.emf=01;35:*.axv=01;35:*.anx=01;35:*.ogv=01;35:*.ogx=01;35:*.aac=00;36:*.au=00;36:*.flac=00;36:*.mid=00;36:*.midi=00;36:*.mka=00;36:*.mp3=00;36:*.mpc=00;36:*.ogg=00;36:*.ra=00;36:*.wav=00;36:*.axa=00;36:*.oga=00;36:*.spx=00;36:*.xspf=00;36:', 'LESSCLOSE': '/usr/bin/lesspipe %s %s', 'SSH_TTY': '/dev/pts/29', 'OLDPWD': '/opt/ros/indigo/share/fetch_navigation', 'PWD': '/opt/ros/indigo/share/fetch_navigation/launch', 'ROS_ETC_DIR': '/opt/ros/indigo/etc/ros', 'MAIL': '/var/mail/fetch', 'SSH_CONNECTION': '192.168.30.25 50364 192.168.30.22 22'}]
[roslaunch][INFO] 2020-10-19 23:31:11,350: process[tilt_head_node-5]: args[[u'/opt/ros/indigo/lib/fetch_navigation/tilt_head.py', u'__name:=tilt_head_node']]
[roslaunch][INFO] 2020-10-19 23:31:11,350: ... created process [tilt_head_node-5]
[roslaunch.pmon][INFO] 2020-10-19 23:31:11,350: ProcessMonitor.register[tilt_head_node-5]
[roslaunch.pmon][INFO] 2020-10-19 23:31:11,350: ProcessMonitor.register[tilt_head_node-5] complete
[roslaunch][INFO] 2020-10-19 23:31:11,350: ... registered process [tilt_head_node-5]
[roslaunch][INFO] 2020-10-19 23:31:11,350: process[tilt_head_node-5]: starting os process
[roslaunch][INFO] 2020-10-19 23:31:11,350: process[tilt_head_node-5]: start w/ args [[u'/opt/ros/indigo/lib/fetch_navigation/tilt_head.py', u'__name:=tilt_head_node', u'__log:=/home/fetch/.ros/log/a97d62e4-1292-11eb-ba25-000babe55698/tilt_head_node-5.log']]
[roslaunch][INFO] 2020-10-19 23:31:11,350: process[tilt_head_node-5]: cwd will be [/home/fetch/.ros]
[roslaunch][INFO] 2020-10-19 23:31:11,362: process[tilt_head_node-5]: started with pid [431]
[roslaunch][INFO] 2020-10-19 23:31:11,362: ... successfully launched [tilt_head_node-5]
[roslaunch][INFO] 2020-10-19 23:31:11,362: ... launch_nodes complete
[roslaunch.pmon][INFO] 2020-10-19 23:31:11,362: registrations completed <ProcessMonitor(ProcessMonitor-1, started daemon 139978605278976)>
[roslaunch.parent][INFO] 2020-10-19 23:31:11,362: ... roslaunch parent running, waiting for process exit
[roslaunch][INFO] 2020-10-19 23:31:11,362: spin
[roslaunch][ERROR] 2020-10-19 23:31:11,378: [rviz-2] process has died [pid 418, exit code 1, cmd /opt/ros/indigo/lib/rviz/rviz -d /opt/ros/indigo/share/rviz /opt/ros/indigo/share/fetch_navigation/config/navigation.rviz __name:=rviz __log:=/home/fetch/.ros/log/a97d62e4-1292-11eb-ba25-000babe55698/rviz-2.log].
log file: /home/fetch/.ros/log/a97d62e4-1292-11eb-ba25-000babe55698/rviz-2*.log
[roslaunch.pmon][INFO] 2020-10-19 23:31:11,379: ProcessMonitor.unregister[rviz-2] starting
[roslaunch.pmon][INFO] 2020-10-19 23:31:11,379: ProcessMonitor.unregister[rviz-2] complete
[roslaunch.pmon][INFO] 2020-10-19 23:41:04,900: ProcessMonitor.shutdown <ProcessMonitor(ProcessMonitor-1, started daemon 139978605278976)>
[roslaunch.pmon][INFO] 2020-10-19 23:41:04,945: ProcessMonitor._post_run <ProcessMonitor(ProcessMonitor-1, started daemon 139978605278976)>
[roslaunch.pmon][INFO] 2020-10-19 23:41:04,945: ProcessMonitor._post_run <ProcessMonitor(ProcessMonitor-1, started daemon 139978605278976)>: remaining procs are [<roslaunch.nodeprocess.LocalProcess object at 0x7f4f4f2d4350>, <roslaunch.nodeprocess.LocalProcess object at 0x7f4f4d875d50>, <roslaunch.nodeprocess.LocalProcess object at 0x7f4f4d875410>, <roslaunch.nodeprocess.LocalProcess object at 0x7f4f4d875e10>]
[roslaunch.pmon][INFO] 2020-10-19 23:41:04,945: ProcessMonitor exit: killing tilt_head_node-5
[roslaunch][INFO] 2020-10-19 23:41:04,946: [tilt_head_node-5] killing on exit
[roslaunch.pmon][INFO] 2020-10-19 23:41:04,946: ProcessMonitor exit: killing move_base-4
[roslaunch][INFO] 2020-10-19 23:41:04,946: [move_base-4] killing on exit
[roslaunch][INFO] 2020-10-19 23:41:04,946: process[tilt_head_node-5]: killing os process with pid[431] pgid[431]
[roslaunch.pmon][INFO] 2020-10-19 23:41:04,946: ProcessMonitor exit: killing amcl-3
[roslaunch.pmon][INFO] 2020-10-19 23:41:04,946: ProcessMonitor exit: killing map_server-1
[roslaunch][INFO] 2020-10-19 23:41:04,947: process[move_base-4]: killing os process with pid[424] pgid[424]
[roslaunch][INFO] 2020-10-19 23:41:04,947: [tilt_head_node-5] sending SIGINT to pgid [431]
[roslaunch][INFO] 2020-10-19 23:41:04,947: [amcl-3] killing on exit
[roslaunch][INFO] 2020-10-19 23:41:04,947: [map_server-1] killing on exit
[roslaunch][INFO] 2020-10-19 23:41:04,947: [move_base-4] sending SIGINT to pgid [424]
[roslaunch][INFO] 2020-10-19 23:41:04,947: [tilt_head_node-5] sent SIGINT to pgid [431]
[roslaunch][INFO] 2020-10-19 23:41:04,948: process[map_server-1]: killing os process with pid[417] pgid[417]
[roslaunch][INFO] 2020-10-19 23:41:04,948: process[amcl-3]: killing os process with pid[419] pgid[419]
[roslaunch][INFO] 2020-10-19 23:41:04,948: [move_base-4] sent SIGINT to pgid [424]
[roslaunch][INFO] 2020-10-19 23:41:04,948: [map_server-1] sending SIGINT to pgid [417]
[roslaunch][INFO] 2020-10-19 23:41:04,948: [map_server-1] sent SIGINT to pgid [417]
[roslaunch][INFO] 2020-10-19 23:41:04,948: [amcl-3] sending SIGINT to pgid [419]
[roslaunch][INFO] 2020-10-19 23:41:04,948: [amcl-3] sent SIGINT to pgid [419]
[roslaunch][INFO] 2020-10-19 23:41:05,149: process[map_server-1]: SIGINT killed with return value 0
[roslaunch][INFO] 2020-10-19 23:41:05,248: process[tilt_head_node-5]: SIGINT killed with return value 0
[roslaunch][INFO] 2020-10-19 23:41:05,349: process[amcl-3]: SIGINT killed with return value 0
[roslaunch][INFO] 2020-10-19 23:41:05,550: process[move_base-4]: SIGINT killed with return value 0
[roslaunch.pmon][INFO] 2020-10-19 23:41:05,550: ProcessMonitor exit: cleaning up data structures and signals
[roslaunch.pmon][INFO] 2020-10-19 23:41:05,550: ProcessMonitor exit: pmon has shutdown
[roslaunch][INFO] 2020-10-19 23:41:05,565: process monitor is done spinning, initiating full shutdown
[roslaunch][INFO] 2020-10-19 23:41:05,565: runner.stop()
[roslaunch][INFO] 2020-10-19 23:41:05,565: shutting down processing monitor...
[roslaunch][INFO] 2020-10-19 23:41:05,565: shutting down processing monitor <ProcessMonitor(ProcessMonitor-1, stopped daemon 139978605278976)>
[roslaunch.pmon][INFO] 2020-10-19 23:41:05,565: ProcessMonitor.shutdown <ProcessMonitor(ProcessMonitor-1, stopped daemon 139978605278976)>
[roslaunch][INFO] 2020-10-19 23:41:05,565: ... shutting down processing monitor complete
[roslaunch][INFO] 2020-10-19 23:41:05,565: done
[roslaunch.pmon][INFO] 2020-10-19 23:41:05,565: ProcessMonitor.shutdown <ProcessMonitor(ProcessMonitor-1, stopped daemon 139978605278976)>
[rospy.core][INFO] 2020-10-19 23:41:05,565: signal_shutdown [atexit]
