[roslaunch][INFO] 2020-10-19 23:41:08,470: Checking log directory for disk usage. This may take awhile.
Press Ctrl-C to interrupt
[roslaunch][INFO] 2020-10-19 23:41:08,472: Done checking log file disk usage. Usage is <1GB.
[roslaunch][INFO] 2020-10-19 23:41:08,472: roslaunch starting with args ['/opt/ros/indigo/bin/roslaunch', 'fetch_navigation', 'fetch_nav.launch']
[roslaunch][INFO] 2020-10-19 23:41:08,472: roslaunch env is {'ROS_DISTRO': 'indigo', 'LESSOPEN': '| /usr/bin/lesspipe %s', 'SSH_CLIENT': '192.168.30.25 50364 22', 'CPATH': '/home/fetch/catkin_ws/devel/include:/opt/ros/indigo/include', 'LOGNAME': 'fetch', 'USER': 'fetch', 'HOME': '/home/fetch', 'PATH': '/opt/ros/indigo/bin:/usr/local/sbin:/usr/local/bin:/usr/sbin:/usr/bin:/sbin:/bin:/usr/games:/usr/local/games', 'CMAKE_PREFIX_PATH': '/home/fetch/catkin_ws/devel:/opt/ros/indigo', 'LD_LIBRARY_PATH': '/home/fetch/catkin_ws/devel/lib:/opt/ros/indigo/lib:/opt/ros/indigo/lib/x86_64-linux-gnu', 'LANG': 'en_US.UTF-8', 'TERM': 'xterm-256color', 'SHELL': '/bin/bash', 'SHLVL': '1', 'QT_QPA_PLATFORMTHEME': 'appmenu-qt5', 'ROS_LOG_FILENAME': '/home/fetch/.ros/log/a97d62e4-1292-11eb-ba25-000babe55698/roslaunch-freight1207-11208.log', 'ROS_ETC_DIR': '/opt/ros/indigo/etc/ros', 'XDG_RUNTIME_DIR': '/run/user/1000', 'PYTHONPATH': '/home/fetch/catkin_ws/devel/lib/python2.7/dist-packages:/opt/ros/indigo/lib/python2.7/dist-packages', 'ROS_ROOT': '/opt/ros/indigo/share/ros', 'PKG_CONFIG_PATH': '/home/fetch/catkin_ws/devel/lib/pkgconfig:/opt/ros/indigo/lib/pkgconfig:/opt/ros/indigo/lib/x86_64-linux-gnu/pkgconfig', 'ROS_PACKAGE_PATH': '/home/fetch/catkin_ws/src:/opt/ros/indigo/share:/opt/ros/indigo/stacks', 'XDG_SESSION_ID': '7', '_': '/opt/ros/indigo/bin/roslaunch', 'SSH_CONNECTION': '192.168.30.25 50364 192.168.30.22 22', 'LESSCLOSE': '/usr/bin/lesspipe %s %s', 'SSH_TTY': '/dev/pts/29', 'OLDPWD': '/opt/ros/indigo/share/fetch_navigation', 'PWD': '/opt/ros/indigo/share/fetch_navigation/launch', 'ROS_MASTER_URI': 'http://localhost:11311', 'MAIL': '/var/mail/fetch', 'LS_COLORS': 'rs=0:di=01;34:ln=01;36:mh=00:pi=40;33:so=01;35:do=01;35:bd=40;33;01:cd=40;33;01:or=40;31;01:su=37;41:sg=30;43:ca=30;41:tw=30;42:ow=34;42:st=37;44:ex=01;32:*.tar=01;31:*.tgz=01;31:*.arj=01;31:*.taz=01;31:*.lzh=01;31:*.lzma=01;31:*.tlz=01;31:*.txz=01;31:*.zip=01;31:*.z=01;31:*.Z=01;31:*.dz=01;31:*.gz=01;31:*.lz=01;31:*.xz=01;31:*.bz2=01;31:*.bz=01;31:*.tbz=01;31:*.tbz2=01;31:*.tz=01;31:*.deb=01;31:*.rpm=01;31:*.jar=01;31:*.war=01;31:*.ear=01;31:*.sar=01;31:*.rar=01;31:*.ace=01;31:*.zoo=01;31:*.cpio=01;31:*.7z=01;31:*.rz=01;31:*.jpg=01;35:*.jpeg=01;35:*.gif=01;35:*.bmp=01;35:*.pbm=01;35:*.pgm=01;35:*.ppm=01;35:*.tga=01;35:*.xbm=01;35:*.xpm=01;35:*.tif=01;35:*.tiff=01;35:*.png=01;35:*.svg=01;35:*.svgz=01;35:*.mng=01;35:*.pcx=01;35:*.mov=01;35:*.mpg=01;35:*.mpeg=01;35:*.m2v=01;35:*.mkv=01;35:*.webm=01;35:*.ogm=01;35:*.mp4=01;35:*.m4v=01;35:*.mp4v=01;35:*.vob=01;35:*.qt=01;35:*.nuv=01;35:*.wmv=01;35:*.asf=01;35:*.rm=01;35:*.rmvb=01;35:*.flc=01;35:*.avi=01;35:*.fli=01;35:*.flv=01;35:*.gl=01;35:*.dl=01;35:*.xcf=01;35:*.xwd=01;35:*.yuv=01;35:*.cgm=01;35:*.emf=01;35:*.axv=01;35:*.anx=01;35:*.ogv=01;35:*.ogx=01;35:*.aac=00;36:*.au=00;36:*.flac=00;36:*.mid=00;36:*.midi=00;36:*.mka=00;36:*.mp3=00;36:*.mpc=00;36:*.ogg=00;36:*.ra=00;36:*.wav=00;36:*.axa=00;36:*.oga=00;36:*.spx=00;36:*.xspf=00;36:'}
[roslaunch][INFO] 2020-10-19 23:41:08,472: starting in server mode
[roslaunch.parent][INFO] 2020-10-19 23:41:08,473: starting roslaunch parent run
[roslaunch][INFO] 2020-10-19 23:41:08,473: loading roscore config file /opt/ros/indigo/etc/ros/roscore.xml
[roslaunch][INFO] 2020-10-19 23:41:08,527: Added core node of type [rosout/rosout] in namespace [/]
[roslaunch.config][INFO] 2020-10-19 23:41:08,527: loading config file /opt/ros/indigo/share/fetch_navigation/launch/fetch_nav.launch
[roslaunch][INFO] 2020-10-19 23:41:08,544: Added node of type [map_server/map_server] in namespace [/]
[roslaunch][INFO] 2020-10-19 23:41:08,549: Added node of type [amcl/amcl] in namespace [/]
[roslaunch][INFO] 2020-10-19 23:41:08,567: Added node of type [move_base/move_base] in namespace [/]
[roslaunch][INFO] 2020-10-19 23:41:08,567: Added node of type [fetch_navigation/tilt_head.py] in namespace [/]
[roslaunch][INFO] 2020-10-19 23:41:08,567: ... selected machine [] for node of type [map_server/map_server]
[roslaunch][INFO] 2020-10-19 23:41:08,567: ... selected machine [] for node of type [amcl/amcl]
[roslaunch][INFO] 2020-10-19 23:41:08,567: ... selected machine [] for node of type [move_base/move_base]
[roslaunch][INFO] 2020-10-19 23:41:08,567: ... selected machine [] for node of type [fetch_navigation/tilt_head.py]
[roslaunch.pmon][INFO] 2020-10-19 23:41:08,568: start_process_monitor: creating ProcessMonitor
[roslaunch.pmon][INFO] 2020-10-19 23:41:08,568: created process monitor <ProcessMonitor(ProcessMonitor-1, initial daemon)>
[roslaunch.pmon][INFO] 2020-10-19 23:41:08,568: start_process_monitor: ProcessMonitor started
[roslaunch.parent][INFO] 2020-10-19 23:41:08,568: starting parent XML-RPC server
[roslaunch.server][INFO] 2020-10-19 23:41:08,568: starting roslaunch XML-RPC server
[roslaunch.server][INFO] 2020-10-19 23:41:08,568: waiting for roslaunch XML-RPC server to initialize
[xmlrpc][INFO] 2020-10-19 23:41:08,569: XML-RPC server binding to 0.0.0.0:0
[xmlrpc][INFO] 2020-10-19 23:41:08,569: Started XML-RPC server [http://freight1207:54467/]
[xmlrpc][INFO] 2020-10-19 23:41:08,569: xml rpc node: starting XML-RPC server
[roslaunch][INFO] 2020-10-19 23:41:08,580: started roslaunch server http://freight1207:54467/
[roslaunch.parent][INFO] 2020-10-19 23:41:08,580: ... parent XML-RPC server started
[roslaunch][INFO] 2020-10-19 23:41:08,581: master.is_running[http://localhost:11311]
[roslaunch][INFO] 2020-10-19 23:41:08,582: master.is_running[http://localhost:11311]
[roslaunch][INFO] 2020-10-19 23:41:08,582: ROS_MASTER_URI=http://localhost:11311
[roslaunch][INFO] 2020-10-19 23:41:08,584: setting /roslaunch/uris/host_freight1207__54467' to http://freight1207:54467/
[roslaunch][INFO] 2020-10-19 23:41:08,585: load_parameters starting ...
[roslaunch][INFO] 2020-10-19 23:41:08,604: ... load_parameters complete
[roslaunch][INFO] 2020-10-19 23:41:08,604: launch_nodes: launching local nodes ...
[roslaunch][INFO] 2020-10-19 23:41:08,605: ... preparing to launch node of type [map_server/map_server]
[roslaunch][INFO] 2020-10-19 23:41:08,605: create_node_process: package[map_server] type[map_server] machine[Machine(name[] env_loader[None] address[localhost] ssh_port[22] user[None] assignable[True] timeout[10.0])] master_uri[http://localhost:11311]
[roslaunch][INFO] 2020-10-19 23:41:08,605: process[map_server-1]: env[{'ROS_DISTRO': 'indigo', 'LESSOPEN': '| /usr/bin/lesspipe %s', 'SSH_CLIENT': '192.168.30.25 50364 22', 'CPATH': '/home/fetch/catkin_ws/devel/include:/opt/ros/indigo/include', 'LOGNAME': 'fetch', 'USER': 'fetch', 'HOME': '/home/fetch', 'PATH': '/opt/ros/indigo/bin:/usr/local/sbin:/usr/local/bin:/usr/sbin:/usr/bin:/sbin:/bin:/usr/games:/usr/local/games', 'CMAKE_PREFIX_PATH': '/home/fetch/catkin_ws/devel:/opt/ros/indigo', 'ROS_LOG_FILENAME': '/home/fetch/.ros/log/a97d62e4-1292-11eb-ba25-000babe55698/roslaunch-freight1207-11208.log', 'LANG': 'en_US.UTF-8', 'TERM': 'xterm-256color', 'SHELL': '/bin/bash', 'SHLVL': '1', 'QT_QPA_PLATFORMTHEME': 'appmenu-qt5', 'LD_LIBRARY_PATH': '/home/fetch/catkin_ws/devel/lib:/opt/ros/indigo/lib:/opt/ros/indigo/lib/x86_64-linux-gnu', 'ROS_MASTER_URI': 'http://localhost:11311', 'XDG_RUNTIME_DIR': '/run/user/1000', 'PYTHONPATH': '/home/fetch/catkin_ws/devel/lib/python2.7/dist-packages:/opt/ros/indigo/lib/python2.7/dist-packages', 'ROS_ROOT': '/opt/ros/indigo/share/ros', 'PKG_CONFIG_PATH': '/home/fetch/catkin_ws/devel/lib/pkgconfig:/opt/ros/indigo/lib/pkgconfig:/opt/ros/indigo/lib/x86_64-linux-gnu/pkgconfig', 'ROS_PACKAGE_PATH': '/home/fetch/catkin_ws/src:/opt/ros/indigo/share:/opt/ros/indigo/stacks', 'XDG_SESSION_ID': '7', '_': '/opt/ros/indigo/bin/roslaunch', 'LS_COLORS': 'rs=0:di=01;34:ln=01;36:mh=00:pi=40;33:so=01;35:do=01;35:bd=40;33;01:cd=40;33;01:or=40;31;01:su=37;41:sg=30;43:ca=30;41:tw=30;42:ow=34;42:st=37;44:ex=01;32:*.tar=01;31:*.tgz=01;31:*.arj=01;31:*.taz=01;31:*.lzh=01;31:*.lzma=01;31:*.tlz=01;31:*.txz=01;31:*.zip=01;31:*.z=01;31:*.Z=01;31:*.dz=01;31:*.gz=01;31:*.lz=01;31:*.xz=01;31:*.bz2=01;31:*.bz=01;31:*.tbz=01;31:*.tbz2=01;31:*.tz=01;31:*.deb=01;31:*.rpm=01;31:*.jar=01;31:*.war=01;31:*.ear=01;31:*.sar=01;31:*.rar=01;31:*.ace=01;31:*.zoo=01;31:*.cpio=01;31:*.7z=01;31:*.rz=01;31:*.jpg=01;35:*.jpeg=01;35:*.gif=01;35:*.bmp=01;35:*.pbm=01;35:*.pgm=01;35:*.ppm=01;35:*.tga=01;35:*.xbm=01;35:*.xpm=01;35:*.tif=01;35:*.tiff=01;35:*.png=01;35:*.svg=01;35:*.svgz=01;35:*.mng=01;35:*.pcx=01;35:*.mov=01;35:*.mpg=01;35:*.mpeg=01;35:*.m2v=01;35:*.mkv=01;35:*.webm=01;35:*.ogm=01;35:*.mp4=01;35:*.m4v=01;35:*.mp4v=01;35:*.vob=01;35:*.qt=01;35:*.nuv=01;35:*.wmv=01;35:*.asf=01;35:*.rm=01;35:*.rmvb=01;35:*.flc=01;35:*.avi=01;35:*.fli=01;35:*.flv=01;35:*.gl=01;35:*.dl=01;35:*.xcf=01;35:*.xwd=01;35:*.yuv=01;35:*.cgm=01;35:*.emf=01;35:*.axv=01;35:*.anx=01;35:*.ogv=01;35:*.ogx=01;35:*.aac=00;36:*.au=00;36:*.flac=00;36:*.mid=00;36:*.midi=00;36:*.mka=00;36:*.mp3=00;36:*.mpc=00;36:*.ogg=00;36:*.ra=00;36:*.wav=00;36:*.axa=00;36:*.oga=00;36:*.spx=00;36:*.xspf=00;36:', 'LESSCLOSE': '/usr/bin/lesspipe %s %s', 'SSH_TTY': '/dev/pts/29', 'OLDPWD': '/opt/ros/indigo/share/fetch_navigation', 'PWD': '/opt/ros/indigo/share/fetch_navigation/launch', 'ROS_ETC_DIR': '/opt/ros/indigo/etc/ros', 'MAIL': '/var/mail/fetch', 'SSH_CONNECTION': '192.168.30.25 50364 192.168.30.22 22'}]
[roslaunch][INFO] 2020-10-19 23:41:08,621: process[map_server-1]: args[[u'/opt/ros/indigo/lib/map_server/map_server', '/opt/ros/indigo/share/fetch_maps/maps/3_1_16_localization.yaml', u'__name:=map_server']]
[roslaunch][INFO] 2020-10-19 23:41:08,621: ... created process [map_server-1]
[roslaunch.pmon][INFO] 2020-10-19 23:41:08,621: ProcessMonitor.register[map_server-1]
[roslaunch.pmon][INFO] 2020-10-19 23:41:08,621: ProcessMonitor.register[map_server-1] complete
[roslaunch][INFO] 2020-10-19 23:41:08,621: ... registered process [map_server-1]
[roslaunch][INFO] 2020-10-19 23:41:08,621: process[map_server-1]: starting os process
[roslaunch][INFO] 2020-10-19 23:41:08,621: process[map_server-1]: start w/ args [[u'/opt/ros/indigo/lib/map_server/map_server', '/opt/ros/indigo/share/fetch_maps/maps/3_1_16_localization.yaml', u'__name:=map_server', u'__log:=/home/fetch/.ros/log/a97d62e4-1292-11eb-ba25-000babe55698/map_server-1.log']]
[roslaunch][INFO] 2020-10-19 23:41:08,621: process[map_server-1]: cwd will be [/home/fetch/.ros]
[roslaunch][INFO] 2020-10-19 23:41:08,623: process[map_server-1]: started with pid [11226]
[roslaunch][INFO] 2020-10-19 23:41:08,623: ... successfully launched [map_server-1]
[roslaunch][INFO] 2020-10-19 23:41:08,623: ... preparing to launch node of type [amcl/amcl]
[roslaunch][INFO] 2020-10-19 23:41:08,623: create_node_process: package[amcl] type[amcl] machine[Machine(name[] env_loader[None] address[localhost] ssh_port[22] user[None] assignable[True] timeout[10.0])] master_uri[http://localhost:11311]
[roslaunch][INFO] 2020-10-19 23:41:08,623: process[amcl-2]: env[{'ROS_DISTRO': 'indigo', 'LESSOPEN': '| /usr/bin/lesspipe %s', 'SSH_CLIENT': '192.168.30.25 50364 22', 'CPATH': '/home/fetch/catkin_ws/devel/include:/opt/ros/indigo/include', 'LOGNAME': 'fetch', 'USER': 'fetch', 'HOME': '/home/fetch', 'PATH': '/opt/ros/indigo/bin:/usr/local/sbin:/usr/local/bin:/usr/sbin:/usr/bin:/sbin:/bin:/usr/games:/usr/local/games', 'CMAKE_PREFIX_PATH': '/home/fetch/catkin_ws/devel:/opt/ros/indigo', 'ROS_LOG_FILENAME': '/home/fetch/.ros/log/a97d62e4-1292-11eb-ba25-000babe55698/roslaunch-freight1207-11208.log', 'LANG': 'en_US.UTF-8', 'TERM': 'xterm-256color', 'SHELL': '/bin/bash', 'SHLVL': '1', 'QT_QPA_PLATFORMTHEME': 'appmenu-qt5', 'LD_LIBRARY_PATH': '/home/fetch/catkin_ws/devel/lib:/opt/ros/indigo/lib:/opt/ros/indigo/lib/x86_64-linux-gnu', 'ROS_MASTER_URI': 'http://localhost:11311', 'XDG_RUNTIME_DIR': '/run/user/1000', 'PYTHONPATH': '/home/fetch/catkin_ws/devel/lib/python2.7/dist-packages:/opt/ros/indigo/lib/python2.7/dist-packages', 'ROS_ROOT': '/opt/ros/indigo/share/ros', 'PKG_CONFIG_PATH': '/home/fetch/catkin_ws/devel/lib/pkgconfig:/opt/ros/indigo/lib/pkgconfig:/opt/ros/indigo/lib/x86_64-linux-gnu/pkgconfig', 'ROS_PACKAGE_PATH': '/home/fetch/catkin_ws/src:/opt/ros/indigo/share:/opt/ros/indigo/stacks', 'XDG_SESSION_ID': '7', '_': '/opt/ros/indigo/bin/roslaunch', 'LS_COLORS': 'rs=0:di=01;34:ln=01;36:mh=00:pi=40;33:so=01;35:do=01;35:bd=40;33;01:cd=40;33;01:or=40;31;01:su=37;41:sg=30;43:ca=30;41:tw=30;42:ow=34;42:st=37;44:ex=01;32:*.tar=01;31:*.tgz=01;31:*.arj=01;31:*.taz=01;31:*.lzh=01;31:*.lzma=01;31:*.tlz=01;31:*.txz=01;31:*.zip=01;31:*.z=01;31:*.Z=01;31:*.dz=01;31:*.gz=01;31:*.lz=01;31:*.xz=01;31:*.bz2=01;31:*.bz=01;31:*.tbz=01;31:*.tbz2=01;31:*.tz=01;31:*.deb=01;31:*.rpm=01;31:*.jar=01;31:*.war=01;31:*.ear=01;31:*.sar=01;31:*.rar=01;31:*.ace=01;31:*.zoo=01;31:*.cpio=01;31:*.7z=01;31:*.rz=01;31:*.jpg=01;35:*.jpeg=01;35:*.gif=01;35:*.bmp=01;35:*.pbm=01;35:*.pgm=01;35:*.ppm=01;35:*.tga=01;35:*.xbm=01;35:*.xpm=01;35:*.tif=01;35:*.tiff=01;35:*.png=01;35:*.svg=01;35:*.svgz=01;35:*.mng=01;35:*.pcx=01;35:*.mov=01;35:*.mpg=01;35:*.mpeg=01;35:*.m2v=01;35:*.mkv=01;35:*.webm=01;35:*.ogm=01;35:*.mp4=01;35:*.m4v=01;35:*.mp4v=01;35:*.vob=01;35:*.qt=01;35:*.nuv=01;35:*.wmv=01;35:*.asf=01;35:*.rm=01;35:*.rmvb=01;35:*.flc=01;35:*.avi=01;35:*.fli=01;35:*.flv=01;35:*.gl=01;35:*.dl=01;35:*.xcf=01;35:*.xwd=01;35:*.yuv=01;35:*.cgm=01;35:*.emf=01;35:*.axv=01;35:*.anx=01;35:*.ogv=01;35:*.ogx=01;35:*.aac=00;36:*.au=00;36:*.flac=00;36:*.mid=00;36:*.midi=00;36:*.mka=00;36:*.mp3=00;36:*.mpc=00;36:*.ogg=00;36:*.ra=00;36:*.wav=00;36:*.axa=00;36:*.oga=00;36:*.spx=00;36:*.xspf=00;36:', 'LESSCLOSE': '/usr/bin/lesspipe %s %s', 'SSH_TTY': '/dev/pts/29', 'OLDPWD': '/opt/ros/indigo/share/fetch_navigation', 'PWD': '/opt/ros/indigo/share/fetch_navigation/launch', 'ROS_ETC_DIR': '/opt/ros/indigo/etc/ros', 'MAIL': '/var/mail/fetch', 'SSH_CONNECTION': '192.168.30.25 50364 192.168.30.22 22'}]
[roslaunch][INFO] 2020-10-19 23:41:08,624: process[amcl-2]: args[[u'/opt/ros/indigo/lib/amcl/amcl', u'scan:=base_scan', u'map:=map', u'__name:=amcl']]
[roslaunch][INFO] 2020-10-19 23:41:08,624: ... created process [amcl-2]
[roslaunch.pmon][INFO] 2020-10-19 23:41:08,624: ProcessMonitor.register[amcl-2]
[roslaunch.pmon][INFO] 2020-10-19 23:41:08,624: ProcessMonitor.register[amcl-2] complete
[roslaunch][INFO] 2020-10-19 23:41:08,624: ... registered process [amcl-2]
[roslaunch][INFO] 2020-10-19 23:41:08,624: process[amcl-2]: starting os process
[roslaunch][INFO] 2020-10-19 23:41:08,624: process[amcl-2]: start w/ args [[u'/opt/ros/indigo/lib/amcl/amcl', u'scan:=base_scan', u'map:=map', u'__name:=amcl', u'__log:=/home/fetch/.ros/log/a97d62e4-1292-11eb-ba25-000babe55698/amcl-2.log']]
[roslaunch][INFO] 2020-10-19 23:41:08,624: process[amcl-2]: cwd will be [/home/fetch/.ros]
[roslaunch][INFO] 2020-10-19 23:41:08,626: process[amcl-2]: started with pid [11227]
[roslaunch][INFO] 2020-10-19 23:41:08,626: ... successfully launched [amcl-2]
[roslaunch][INFO] 2020-10-19 23:41:08,626: ... preparing to launch node of type [move_base/move_base]
[roslaunch][INFO] 2020-10-19 23:41:08,626: create_node_process: package[move_base] type[move_base] machine[Machine(name[] env_loader[None] address[localhost] ssh_port[22] user[None] assignable[True] timeout[10.0])] master_uri[http://localhost:11311]
[roslaunch][INFO] 2020-10-19 23:41:08,626: process[move_base-3]: env[{'ROS_DISTRO': 'indigo', 'LESSOPEN': '| /usr/bin/lesspipe %s', 'SSH_CLIENT': '192.168.30.25 50364 22', 'CPATH': '/home/fetch/catkin_ws/devel/include:/opt/ros/indigo/include', 'LOGNAME': 'fetch', 'USER': 'fetch', 'HOME': '/home/fetch', 'PATH': '/opt/ros/indigo/bin:/usr/local/sbin:/usr/local/bin:/usr/sbin:/usr/bin:/sbin:/bin:/usr/games:/usr/local/games', 'CMAKE_PREFIX_PATH': '/home/fetch/catkin_ws/devel:/opt/ros/indigo', 'ROS_LOG_FILENAME': '/home/fetch/.ros/log/a97d62e4-1292-11eb-ba25-000babe55698/roslaunch-freight1207-11208.log', 'LANG': 'en_US.UTF-8', 'TERM': 'xterm-256color', 'SHELL': '/bin/bash', 'SHLVL': '1', 'QT_QPA_PLATFORMTHEME': 'appmenu-qt5', 'LD_LIBRARY_PATH': '/home/fetch/catkin_ws/devel/lib:/opt/ros/indigo/lib:/opt/ros/indigo/lib/x86_64-linux-gnu', 'ROS_MASTER_URI': 'http://localhost:11311', 'XDG_RUNTIME_DIR': '/run/user/1000', 'PYTHONPATH': '/home/fetch/catkin_ws/devel/lib/python2.7/dist-packages:/opt/ros/indigo/lib/python2.7/dist-packages', 'ROS_ROOT': '/opt/ros/indigo/share/ros', 'PKG_CONFIG_PATH': '/home/fetch/catkin_ws/devel/lib/pkgconfig:/opt/ros/indigo/lib/pkgconfig:/opt/ros/indigo/lib/x86_64-linux-gnu/pkgconfig', 'ROS_PACKAGE_PATH': '/home/fetch/catkin_ws/src:/opt/ros/indigo/share:/opt/ros/indigo/stacks', 'XDG_SESSION_ID': '7', '_': '/opt/ros/indigo/bin/roslaunch', 'LS_COLORS': 'rs=0:di=01;34:ln=01;36:mh=00:pi=40;33:so=01;35:do=01;35:bd=40;33;01:cd=40;33;01:or=40;31;01:su=37;41:sg=30;43:ca=30;41:tw=30;42:ow=34;42:st=37;44:ex=01;32:*.tar=01;31:*.tgz=01;31:*.arj=01;31:*.taz=01;31:*.lzh=01;31:*.lzma=01;31:*.tlz=01;31:*.txz=01;31:*.zip=01;31:*.z=01;31:*.Z=01;31:*.dz=01;31:*.gz=01;31:*.lz=01;31:*.xz=01;31:*.bz2=01;31:*.bz=01;31:*.tbz=01;31:*.tbz2=01;31:*.tz=01;31:*.deb=01;31:*.rpm=01;31:*.jar=01;31:*.war=01;31:*.ear=01;31:*.sar=01;31:*.rar=01;31:*.ace=01;31:*.zoo=01;31:*.cpio=01;31:*.7z=01;31:*.rz=01;31:*.jpg=01;35:*.jpeg=01;35:*.gif=01;35:*.bmp=01;35:*.pbm=01;35:*.pgm=01;35:*.ppm=01;35:*.tga=01;35:*.xbm=01;35:*.xpm=01;35:*.tif=01;35:*.tiff=01;35:*.png=01;35:*.svg=01;35:*.svgz=01;35:*.mng=01;35:*.pcx=01;35:*.mov=01;35:*.mpg=01;35:*.mpeg=01;35:*.m2v=01;35:*.mkv=01;35:*.webm=01;35:*.ogm=01;35:*.mp4=01;35:*.m4v=01;35:*.mp4v=01;35:*.vob=01;35:*.qt=01;35:*.nuv=01;35:*.wmv=01;35:*.asf=01;35:*.rm=01;35:*.rmvb=01;35:*.flc=01;35:*.avi=01;35:*.fli=01;35:*.flv=01;35:*.gl=01;35:*.dl=01;35:*.xcf=01;35:*.xwd=01;35:*.yuv=01;35:*.cgm=01;35:*.emf=01;35:*.axv=01;35:*.anx=01;35:*.ogv=01;35:*.ogx=01;35:*.aac=00;36:*.au=00;36:*.flac=00;36:*.mid=00;36:*.midi=00;36:*.mka=00;36:*.mp3=00;36:*.mpc=00;36:*.ogg=00;36:*.ra=00;36:*.wav=00;36:*.axa=00;36:*.oga=00;36:*.spx=00;36:*.xspf=00;36:', 'LESSCLOSE': '/usr/bin/lesspipe %s %s', 'SSH_TTY': '/dev/pts/29', 'OLDPWD': '/opt/ros/indigo/share/fetch_navigation', 'PWD': '/opt/ros/indigo/share/fetch_navigation/launch', 'ROS_ETC_DIR': '/opt/ros/indigo/etc/ros', 'MAIL': '/var/mail/fetch', 'SSH_CONNECTION': '192.168.30.25 50364 192.168.30.22 22'}]
[roslaunch][INFO] 2020-10-19 23:41:08,627: process[move_base-3]: args[[u'/opt/ros/indigo/lib/move_base/move_base', u'cmd_vel:=cmd_vel', u'odom:=odom', u'map:=map', u'__name:=move_base']]
[roslaunch][INFO] 2020-10-19 23:41:08,627: ... created process [move_base-3]
[roslaunch.pmon][INFO] 2020-10-19 23:41:08,627: ProcessMonitor.register[move_base-3]
[roslaunch.pmon][INFO] 2020-10-19 23:41:08,627: ProcessMonitor.register[move_base-3] complete
[roslaunch][INFO] 2020-10-19 23:41:08,627: ... registered process [move_base-3]
[roslaunch][INFO] 2020-10-19 23:41:08,627: process[move_base-3]: starting os process
[roslaunch][INFO] 2020-10-19 23:41:08,627: process[move_base-3]: start w/ args [[u'/opt/ros/indigo/lib/move_base/move_base', u'cmd_vel:=cmd_vel', u'odom:=odom', u'map:=map', u'__name:=move_base', u'__log:=/home/fetch/.ros/log/a97d62e4-1292-11eb-ba25-000babe55698/move_base-3.log']]
[roslaunch][INFO] 2020-10-19 23:41:08,627: process[move_base-3]: cwd will be [/home/fetch/.ros]
[roslaunch][INFO] 2020-10-19 23:41:08,629: process[move_base-3]: started with pid [11228]
[roslaunch][INFO] 2020-10-19 23:41:08,629: ... successfully launched [move_base-3]
[roslaunch][INFO] 2020-10-19 23:41:08,629: ... preparing to launch node of type [fetch_navigation/tilt_head.py]
[roslaunch][INFO] 2020-10-19 23:41:08,629: create_node_process: package[fetch_navigation] type[tilt_head.py] machine[Machine(name[] env_loader[None] address[localhost] ssh_port[22] user[None] assignable[True] timeout[10.0])] master_uri[http://localhost:11311]
[roslaunch][INFO] 2020-10-19 23:41:08,630: process[tilt_head_node-4]: env[{'ROS_DISTRO': 'indigo', 'LESSOPEN': '| /usr/bin/lesspipe %s', 'SSH_CLIENT': '192.168.30.25 50364 22', 'CPATH': '/home/fetch/catkin_ws/devel/include:/opt/ros/indigo/include', 'LOGNAME': 'fetch', 'USER': 'fetch', 'HOME': '/home/fetch', 'PATH': '/opt/ros/indigo/bin:/usr/local/sbin:/usr/local/bin:/usr/sbin:/usr/bin:/sbin:/bin:/usr/games:/usr/local/games', 'CMAKE_PREFIX_PATH': '/home/fetch/catkin_ws/devel:/opt/ros/indigo', 'ROS_LOG_FILENAME': '/home/fetch/.ros/log/a97d62e4-1292-11eb-ba25-000babe55698/roslaunch-freight1207-11208.log', 'LANG': 'en_US.UTF-8', 'TERM': 'xterm-256color', 'SHELL': '/bin/bash', 'SHLVL': '1', 'QT_QPA_PLATFORMTHEME': 'appmenu-qt5', 'LD_LIBRARY_PATH': '/home/fetch/catkin_ws/devel/lib:/opt/ros/indigo/lib:/opt/ros/indigo/lib/x86_64-linux-gnu', 'ROS_MASTER_URI': 'http://localhost:11311', 'XDG_RUNTIME_DIR': '/run/user/1000', 'PYTHONPATH': '/home/fetch/catkin_ws/devel/lib/python2.7/dist-packages:/opt/ros/indigo/lib/python2.7/dist-packages', 'ROS_ROOT': '/opt/ros/indigo/share/ros', 'PKG_CONFIG_PATH': '/home/fetch/catkin_ws/devel/lib/pkgconfig:/opt/ros/indigo/lib/pkgconfig:/opt/ros/indigo/lib/x86_64-linux-gnu/pkgconfig', 'ROS_PACKAGE_PATH': '/home/fetch/catkin_ws/src:/opt/ros/indigo/share:/opt/ros/indigo/stacks', 'XDG_SESSION_ID': '7', '_': '/opt/ros/indigo/bin/roslaunch', 'LS_COLORS': 'rs=0:di=01;34:ln=01;36:mh=00:pi=40;33:so=01;35:do=01;35:bd=40;33;01:cd=40;33;01:or=40;31;01:su=37;41:sg=30;43:ca=30;41:tw=30;42:ow=34;42:st=37;44:ex=01;32:*.tar=01;31:*.tgz=01;31:*.arj=01;31:*.taz=01;31:*.lzh=01;31:*.lzma=01;31:*.tlz=01;31:*.txz=01;31:*.zip=01;31:*.z=01;31:*.Z=01;31:*.dz=01;31:*.gz=01;31:*.lz=01;31:*.xz=01;31:*.bz2=01;31:*.bz=01;31:*.tbz=01;31:*.tbz2=01;31:*.tz=01;31:*.deb=01;31:*.rpm=01;31:*.jar=01;31:*.war=01;31:*.ear=01;31:*.sar=01;31:*.rar=01;31:*.ace=01;31:*.zoo=01;31:*.cpio=01;31:*.7z=01;31:*.rz=01;31:*.jpg=01;35:*.jpeg=01;35:*.gif=01;35:*.bmp=01;35:*.pbm=01;35:*.pgm=01;35:*.ppm=01;35:*.tga=01;35:*.xbm=01;35:*.xpm=01;35:*.tif=01;35:*.tiff=01;35:*.png=01;35:*.svg=01;35:*.svgz=01;35:*.mng=01;35:*.pcx=01;35:*.mov=01;35:*.mpg=01;35:*.mpeg=01;35:*.m2v=01;35:*.mkv=01;35:*.webm=01;35:*.ogm=01;35:*.mp4=01;35:*.m4v=01;35:*.mp4v=01;35:*.vob=01;35:*.qt=01;35:*.nuv=01;35:*.wmv=01;35:*.asf=01;35:*.rm=01;35:*.rmvb=01;35:*.flc=01;35:*.avi=01;35:*.fli=01;35:*.flv=01;35:*.gl=01;35:*.dl=01;35:*.xcf=01;35:*.xwd=01;35:*.yuv=01;35:*.cgm=01;35:*.emf=01;35:*.axv=01;35:*.anx=01;35:*.ogv=01;35:*.ogx=01;35:*.aac=00;36:*.au=00;36:*.flac=00;36:*.mid=00;36:*.midi=00;36:*.mka=00;36:*.mp3=00;36:*.mpc=00;36:*.ogg=00;36:*.ra=00;36:*.wav=00;36:*.axa=00;36:*.oga=00;36:*.spx=00;36:*.xspf=00;36:', 'LESSCLOSE': '/usr/bin/lesspipe %s %s', 'SSH_TTY': '/dev/pts/29', 'OLDPWD': '/opt/ros/indigo/share/fetch_navigation', 'PWD': '/opt/ros/indigo/share/fetch_navigation/launch', 'ROS_ETC_DIR': '/opt/ros/indigo/etc/ros', 'MAIL': '/var/mail/fetch', 'SSH_CONNECTION': '192.168.30.25 50364 192.168.30.22 22'}]
[roslaunch][INFO] 2020-10-19 23:41:08,630: process[tilt_head_node-4]: args[[u'/opt/ros/indigo/lib/fetch_navigation/tilt_head.py', u'__name:=tilt_head_node']]
[roslaunch][INFO] 2020-10-19 23:41:08,631: ... created process [tilt_head_node-4]
[roslaunch.pmon][INFO] 2020-10-19 23:41:08,631: ProcessMonitor.register[tilt_head_node-4]
[roslaunch.pmon][INFO] 2020-10-19 23:41:08,631: ProcessMonitor.register[tilt_head_node-4] complete
[roslaunch][INFO] 2020-10-19 23:41:08,631: ... registered process [tilt_head_node-4]
[roslaunch][INFO] 2020-10-19 23:41:08,631: process[tilt_head_node-4]: starting os process
[roslaunch][INFO] 2020-10-19 23:41:08,632: process[tilt_head_node-4]: start w/ args [[u'/opt/ros/indigo/lib/fetch_navigation/tilt_head.py', u'__name:=tilt_head_node', u'__log:=/home/fetch/.ros/log/a97d62e4-1292-11eb-ba25-000babe55698/tilt_head_node-4.log']]
[roslaunch][INFO] 2020-10-19 23:41:08,632: process[tilt_head_node-4]: cwd will be [/home/fetch/.ros]
[roslaunch][INFO] 2020-10-19 23:41:08,634: process[tilt_head_node-4]: started with pid [11235]
[roslaunch][INFO] 2020-10-19 23:41:08,634: ... successfully launched [tilt_head_node-4]
[roslaunch][INFO] 2020-10-19 23:41:08,634: ... launch_nodes complete
[roslaunch.pmon][INFO] 2020-10-19 23:41:08,634: registrations completed <ProcessMonitor(ProcessMonitor-1, started daemon 139825953920768)>
[roslaunch.parent][INFO] 2020-10-19 23:41:08,634: ... roslaunch parent running, waiting for process exit
[roslaunch][INFO] 2020-10-19 23:41:08,634: spin
[roslaunch.pmon][INFO] 2020-10-19 23:41:25,472: ProcessMonitor.shutdown <ProcessMonitor(ProcessMonitor-1, started daemon 139825953920768)>
[roslaunch.pmon][INFO] 2020-10-19 23:41:25,497: ProcessMonitor._post_run <ProcessMonitor(ProcessMonitor-1, started daemon 139825953920768)>
[roslaunch.pmon][INFO] 2020-10-19 23:41:25,497: ProcessMonitor._post_run <ProcessMonitor(ProcessMonitor-1, started daemon 139825953920768)>: remaining procs are [<roslaunch.nodeprocess.LocalProcess object at 0x7f2bc4725050>, <roslaunch.nodeprocess.LocalProcess object at 0x7f2bc4725750>, <roslaunch.nodeprocess.LocalProcess object at 0x7f2bc2cc5b90>, <roslaunch.nodeprocess.LocalProcess object at 0x7f2bc2cc5810>]
[roslaunch.pmon][INFO] 2020-10-19 23:41:25,497: ProcessMonitor exit: killing tilt_head_node-4
[roslaunch][INFO] 2020-10-19 23:41:25,497: [tilt_head_node-4] killing on exit
[roslaunch.pmon][INFO] 2020-10-19 23:41:25,497: ProcessMonitor exit: killing move_base-3
[roslaunch][INFO] 2020-10-19 23:41:25,498: [move_base-3] killing on exit
[roslaunch][INFO] 2020-10-19 23:41:25,498: process[tilt_head_node-4]: killing os process with pid[11235] pgid[11235]
[roslaunch.pmon][INFO] 2020-10-19 23:41:25,498: ProcessMonitor exit: killing amcl-2
[roslaunch][INFO] 2020-10-19 23:41:25,498: process[move_base-3]: killing os process with pid[11228] pgid[11228]
[roslaunch][INFO] 2020-10-19 23:41:25,498: [tilt_head_node-4] sending SIGINT to pgid [11235]
[roslaunch][INFO] 2020-10-19 23:41:25,498: [amcl-2] killing on exit
[roslaunch.pmon][INFO] 2020-10-19 23:41:25,498: ProcessMonitor exit: killing map_server-1
[roslaunch][INFO] 2020-10-19 23:41:25,499: [move_base-3] sending SIGINT to pgid [11228]
[roslaunch][INFO] 2020-10-19 23:41:25,499: [tilt_head_node-4] sent SIGINT to pgid [11235]
[roslaunch][INFO] 2020-10-19 23:41:25,499: process[amcl-2]: killing os process with pid[11227] pgid[11227]
[roslaunch][INFO] 2020-10-19 23:41:25,499: [map_server-1] killing on exit
[roslaunch][INFO] 2020-10-19 23:41:25,499: [move_base-3] sent SIGINT to pgid [11228]
[roslaunch][INFO] 2020-10-19 23:41:25,499: [amcl-2] sending SIGINT to pgid [11227]
[roslaunch][INFO] 2020-10-19 23:41:25,499: process[map_server-1]: killing os process with pid[11226] pgid[11226]
[roslaunch][INFO] 2020-10-19 23:41:25,499: [amcl-2] sent SIGINT to pgid [11227]
[roslaunch][INFO] 2020-10-19 23:41:25,500: [map_server-1] sending SIGINT to pgid [11226]
[roslaunch][INFO] 2020-10-19 23:41:25,500: [map_server-1] sent SIGINT to pgid [11226]
[roslaunch][INFO] 2020-10-19 23:41:25,800: process[tilt_head_node-4]: SIGINT killed with return value 0
[roslaunch][INFO] 2020-10-19 23:41:25,800: process[amcl-2]: SIGINT killed with return value 0
[roslaunch][INFO] 2020-10-19 23:41:25,800: process[map_server-1]: SIGINT killed with return value 0
[roslaunch][INFO] 2020-10-19 23:41:26,000: process[move_base-3]: SIGINT killed with return value 0
[roslaunch.pmon][INFO] 2020-10-19 23:41:26,000: ProcessMonitor exit: cleaning up data structures and signals
[roslaunch.pmon][INFO] 2020-10-19 23:41:26,000: ProcessMonitor exit: pmon has shutdown
[roslaunch][INFO] 2020-10-19 23:41:26,036: process monitor is done spinning, initiating full shutdown
[roslaunch][INFO] 2020-10-19 23:41:26,036: runner.stop()
[roslaunch][INFO] 2020-10-19 23:41:26,037: shutting down processing monitor...
[roslaunch][INFO] 2020-10-19 23:41:26,037: shutting down processing monitor <ProcessMonitor(ProcessMonitor-1, stopped daemon 139825953920768)>
[roslaunch.pmon][INFO] 2020-10-19 23:41:26,037: ProcessMonitor.shutdown <ProcessMonitor(ProcessMonitor-1, stopped daemon 139825953920768)>
[roslaunch][INFO] 2020-10-19 23:41:26,037: ... shutting down processing monitor complete
[roslaunch][INFO] 2020-10-19 23:41:26,037: done
[roslaunch.pmon][INFO] 2020-10-19 23:41:26,037: ProcessMonitor.shutdown <ProcessMonitor(ProcessMonitor-1, stopped daemon 139825953920768)>
[rospy.core][INFO] 2020-10-19 23:41:26,037: signal_shutdown [atexit]
