[rospy.client][INFO] 2018-12-16 20:12:29,522: init_node, name[/rostful_server], pid[3214]
[xmlrpc][INFO] 2018-12-16 20:12:29,523: XML-RPC server binding to 0.0.0.0:0
[xmlrpc][INFO] 2018-12-16 20:12:29,523: Started XML-RPC server [http://freight1207:46418/]
[rospy.init][INFO] 2018-12-16 20:12:29,523: ROS Slave URI: [http://freight1207:46418/]
[rospy.impl.masterslave][INFO] 2018-12-16 20:12:29,523: _ready: http://freight1207:46418/
[xmlrpc][INFO] 2018-12-16 20:12:29,523: xml rpc node: starting XML-RPC server
[rospy.registration][INFO] 2018-12-16 20:12:29,524: Registering with master node http://localhost:11311
[rospy.init][INFO] 2018-12-16 20:12:29,623: registered with master
[rospy.rosout][INFO] 2018-12-16 20:12:29,623: initializing /rosout core topic
[rospy.rosout][INFO] 2018-12-16 20:12:29,625: connected to core topic /rosout
[rospy.simtime][INFO] 2018-12-16 20:12:29,626: /use_sim_time is not set, will not subscribe to simulated time [/clock] topic
[rosout][WARNING] 2018-12-16 20:12:29,629: rostful_server: Delaying the start 1 seconds
[rospy.internal][INFO] 2018-12-16 20:12:29,886: topic[/rosout] adding connection to [/rosout], count 0
[rosout][INFO] 2018-12-16 20:12:30,671: rostful_server: Started server on port 8080
[rospy.internal][INFO] 2018-12-16 20:12:30,689: topic[/current/pose] adding connection to [http://freight1207:46246/], count 0
[rospy.internal][INFO] 2018-12-16 20:12:30,690: topic[/current/pose] adding connection to [http://freight1207:46418/], count 0
[rospy.internal][INFO] 2018-12-16 20:12:30,692: topic[/enable_software_runstop] adding connection to [http://freight1207:46418/], count 0
[rospy.internal][INFO] 2018-12-16 20:12:30,693: topic[/remote_control] adding connection to [http://freight1207:46418/], count 0
[rospy.internal][INFO] 2018-12-16 20:12:30,695: topic[/local_control/initialpose] adding connection to [http://freight1207:46418/], count 0
[rospy.internal][INFO] 2018-12-16 20:12:30,695: topic[/local_control/cancel] adding connection to [http://freight1207:46418/], count 0
[rospy.internal][INFO] 2018-12-16 20:12:30,695: topic[/enable_software_runstop] adding connection to [/rostful_server], count 0
[rospy.internal][INFO] 2018-12-16 20:12:30,696: topic[/local_control/goto] adding connection to [http://freight1207:46418/], count 0
[rospy.internal][INFO] 2018-12-16 20:12:30,696: topic[/current/pose] adding connection to [/rostful_server], count 0
[rospy.internal][INFO] 2018-12-16 20:12:30,697: topic[/remote_control] adding connection to [/rostful_server], count 0
[rospy.internal][INFO] 2018-12-16 20:12:30,697: topic[/local_control/initialpose] adding connection to [/rostful_server], count 0
[rospy.internal][INFO] 2018-12-16 20:12:30,697: topic[/local_control/cancel] adding connection to [/rostful_server], count 0
[rospy.internal][INFO] 2018-12-16 20:12:30,698: topic[/local_control/goto] adding connection to [/rostful_server], count 0
[rospy.internal][INFO] 2018-12-16 20:12:30,701: topic[/enable_software_runstop] adding connection to [/software_runstop], count 1
[rospy.internal][INFO] 2018-12-16 20:12:30,887: topic[/local_control/initialpose] adding connection to [/local_control_initialpose], count 1
[rospy.internal][INFO] 2018-12-16 20:12:30,888: topic[/remote_control] adding connection to [/remote_control], count 1
[rospy.internal][INFO] 2018-12-16 20:12:30,889: topic[/local_control/cancel] adding connection to [/local_control_navigation], count 1
[rospy.internal][INFO] 2018-12-16 20:12:30,889: topic[/local_control/goto] adding connection to [/local_control_navigation], count 1
[rosout][WARNING] 2018-12-16 20:14:33,398: publishing data: backward to topic /remote_control
[rosout][WARNING] 2018-12-16 20:14:34,475: publishing data: forward to topic /remote_control
[rosout][WARNING] 2018-12-16 20:14:36,621: publishing data: left to topic /remote_control
[rosout][WARNING] 2018-12-16 20:14:38,064: publishing data: right to topic /remote_control
[rosout][WARNING] 2018-12-16 20:14:39,305: publishing data: backward to topic /remote_control
[rosout][WARNING] 2018-12-16 20:14:40,913: publishing data: forward to topic /remote_control
[rosout][WARNING] 2018-12-16 20:14:57,452: publishing header: 
  seq: 0
  stamp: 
    secs: 0
    nsecs:         0
  frame_id: ''
goals: 
  - 
    locationX: 1
    locationY: 1
    orientation: 1 to topic /local_control/goto
