[0m[ INFO] [1604389655.113292531]: rviz version 1.11.18[0m
[0m[ INFO] [1604389655.113325535]: compiled against Qt version 4.8.6[0m
[0m[ INFO] [1604389655.113332623]: compiled against OGRE version 1.8.1 (Byatis)[0m
[0m[ INFO] [1604389655.449397992]: Stereo is NOT SUPPORTED[0m
[0m[ INFO] [1604389655.449454785]: OpenGl version: 3 (GLSL 1.3).[0m
[33m[ WARN] [1604389726.033228739]: MessageFilter [target=map ]: Discarding message from [/move_base] due to empty frame_id.  This message will only print once.[0m
[33m[ WARN] [1604389726.033315481]: Invalid argument passed to canTransform argument source_frame in tf2 frame_ids cannot be empty[0m
[33m[ WARN] [1604389726.033373140]: Invalid argument passed to canTransform argument source_frame in tf2 frame_ids cannot be empty[0m
[33m[ WARN] [1604389726.033394677]: Invalid argument passed to canTransform argument source_frame in tf2 frame_ids cannot be empty[0m
[33m[ WARN] [1604389726.033411212]: Invalid argument passed to canTransform argument source_frame in tf2 frame_ids cannot be empty[0m
[33m[ WARN] [1604389726.033426729]: Invalid argument passed to canTransform argument source_frame in tf2 frame_ids cannot be empty[0m
[33m[ WARN] [1604389726.033444076]: Invalid argument passed to canTransform argument source_frame in tf2 frame_ids cannot be empty[0m
[33m[ WARN] [1604389726.033459587]: Invalid argument passed to canTransform argument source_frame in tf2 frame_ids cannot be empty[0m
[33m[ WARN] [1604389726.033474213]: Invalid argument passed to canTransform argument source_frame in tf2 frame_ids cannot be empty[0m
[33m[ WARN] [1604389726.033488951]: Invalid argument passed to canTransform argument source_frame in tf2 frame_ids cannot be empty[0m
[33m[ WARN] [1604389726.033503069]: Invalid argument passed to canTransform argument source_frame in tf2 frame_ids cannot be empty[0m
[33m[ WARN] [1604389734.467224534]: Invalid argument passed to canTransform argument source_frame in tf2 frame_ids cannot be empty[0m
[33m[ WARN] [1604389734.467277874]: Invalid argument passed to canTransform argument source_frame in tf2 frame_ids cannot be empty[0m
[33m[ WARN] [1604389734.467297415]: Invalid argument passed to canTransform argument source_frame in tf2 frame_ids cannot be empty[0m
[33m[ WARN] [1604389734.467313460]: Invalid argument passed to canTransform argument source_frame in tf2 frame_ids cannot be empty[0m
[33m[ WARN] [1604389734.467328734]: Invalid argument passed to canTransform argument source_frame in tf2 frame_ids cannot be empty[0m
[33m[ WARN] [1604389734.467342747]: Invalid argument passed to canTransform argument source_frame in tf2 frame_ids cannot be empty[0m
[33m[ WARN] [1604389734.467375284]: Invalid argument passed to canTransform argument source_frame in tf2 frame_ids cannot be empty[0m
[33m[ WARN] [1604389734.467391855]: Invalid argument passed to canTransform argument source_frame in tf2 frame_ids cannot be empty[0m
