[roslaunch][INFO] 2020-11-03 01:17:49,056: Checking log directory for disk usage. This may take awhile.
Press Ctrl-C to interrupt
[roslaunch][INFO] 2020-11-03 01:17:49,060: Done checking log file disk usage. Usage is <1GB.
[roslaunch][INFO] 2020-11-03 01:17:49,060: roslaunch starting with args ['/opt/ros/indigo/bin/roslaunch', 'fetch_navigation', 'freight_nav.launch']
[roslaunch][INFO] 2020-11-03 01:17:49,060: roslaunch env is {'ROS_DISTRO': 'indigo', 'NVM_CD_FLAGS': '', 'LESSOPEN': '| /usr/bin/lesspipe %s', 'SSH_CLIENT': '172.22.77.105 54683 22', 'CPATH': '/home/fetch/catkin_ws/devel/include:/opt/ros/indigo/include', 'LOGNAME': 'fetch', 'USER': 'fetch', 'NVM_DIR': '/home/fetch/.nvm', 'PATH': '/home/fetch/.nvm/versions/node/v10.15.3/bin:/opt/ros/indigo/bin:/usr/local/sbin:/usr/local/bin:/usr/sbin:/usr/bin:/sbin:/bin:/usr/games:/usr/local/games', 'HOME': '/home/fetch', 'VIRTUALENVWRAPPER_SCRIPT': '/usr/share/virtualenvwrapper/virtualenvwrapper.sh', 'LD_LIBRARY_PATH': '/home/fetch/catkin_ws/devel/lib:/opt/ros/indigo/lib', 'LANG': 'en_US.UTF-8', 'TERM': 'xterm-256color', 'SHELL': '/bin/bash', 'ROS_LOG_FILENAME': '/home/fetch/.ros/log/d92112f8-1db3-11eb-bc6e-000babe55698/roslaunch-freight1207-32128.log', 'SHLVL': '1', 'QT_QPA_PLATFORMTHEME': 'appmenu-qt5', 'ROS_ETC_DIR': '/opt/ros/indigo/etc/ros', 'DISPLAY': 'localhost:14.0', 'NVM_BIN': '/home/fetch/.nvm/versions/node/v10.15.3/bin', '_VIRTUALENVWRAPPER_API': ' mkvirtualenv rmvirtualenv lsvirtualenv showvirtualenv workon add2virtualenv cdsitepackages cdvirtualenv lssitepackages toggleglobalsitepackages cpvirtualenv setvirtualenvproject mkproject cdproject mktmpenv mkvirtualenv rmvirtualenv lsvirtualenv showvirtualenv workon add2virtualenv cdsitepackages cdvirtualenv lssitepackages toggleglobalsitepackages cpvirtualenv setvirtualenvproject mkproject cdproject mktmpenv', 'CMAKE_PREFIX_PATH': '/home/fetch/catkin_ws/devel:/opt/ros/indigo', 'XDG_RUNTIME_DIR': '/run/user/1000', 'PYTHONPATH': '/home/fetch/catkin_ws/devel/lib/python2.7/dist-packages:/opt/ros/indigo/lib/python2.7/dist-packages', 'ROS_ROOT': '/opt/ros/indigo/share/ros', 'PKG_CONFIG_PATH': '/home/fetch/catkin_ws/devel/lib/pkgconfig:/opt/ros/indigo/lib/pkgconfig', 'ROS_PACKAGE_PATH': '/home/fetch/catkin_ws/src:/opt/ros/indigo/share:/opt/ros/indigo/stacks', 'XDG_SESSION_ID': '5', '_': '/opt/ros/indigo/bin/roslaunch', 'SSH_CONNECTION': '172.22.77.105 54683 172.22.77.172 22', 'LESSCLOSE': '/usr/bin/lesspipe %s %s', 'SSH_TTY': '/dev/pts/29', 'PWD': '/home/fetch', 'ROS_MASTER_URI': 'http://localhost:11311', 'MAIL': '/var/mail/fetch', 'LS_COLORS': 'rs=0:di=01;34:ln=01;36:mh=00:pi=40;33:so=01;35:do=01;35:bd=40;33;01:cd=40;33;01:or=40;31;01:su=37;41:sg=30;43:ca=30;41:tw=30;42:ow=34;42:st=37;44:ex=01;32:*.tar=01;31:*.tgz=01;31:*.arj=01;31:*.taz=01;31:*.lzh=01;31:*.lzma=01;31:*.tlz=01;31:*.txz=01;31:*.zip=01;31:*.z=01;31:*.Z=01;31:*.dz=01;31:*.gz=01;31:*.lz=01;31:*.xz=01;31:*.bz2=01;31:*.bz=01;31:*.tbz=01;31:*.tbz2=01;31:*.tz=01;31:*.deb=01;31:*.rpm=01;31:*.jar=01;31:*.war=01;31:*.ear=01;31:*.sar=01;31:*.rar=01;31:*.ace=01;31:*.zoo=01;31:*.cpio=01;31:*.7z=01;31:*.rz=01;31:*.jpg=01;35:*.jpeg=01;35:*.gif=01;35:*.bmp=01;35:*.pbm=01;35:*.pgm=01;35:*.ppm=01;35:*.tga=01;35:*.xbm=01;35:*.xpm=01;35:*.tif=01;35:*.tiff=01;35:*.png=01;35:*.svg=01;35:*.svgz=01;35:*.mng=01;35:*.pcx=01;35:*.mov=01;35:*.mpg=01;35:*.mpeg=01;35:*.m2v=01;35:*.mkv=01;35:*.webm=01;35:*.ogm=01;35:*.mp4=01;35:*.m4v=01;35:*.mp4v=01;35:*.vob=01;35:*.qt=01;35:*.nuv=01;35:*.wmv=01;35:*.asf=01;35:*.rm=01;35:*.rmvb=01;35:*.flc=01;35:*.avi=01;35:*.fli=01;35:*.flv=01;35:*.gl=01;35:*.dl=01;35:*.xcf=01;35:*.xwd=01;35:*.yuv=01;35:*.cgm=01;35:*.emf=01;35:*.axv=01;35:*.anx=01;35:*.ogv=01;35:*.ogx=01;35:*.aac=00;36:*.au=00;36:*.flac=00;36:*.mid=00;36:*.midi=00;36:*.mka=00;36:*.mp3=00;36:*.mpc=00;36:*.ogg=00;36:*.ra=00;36:*.wav=00;36:*.axa=00;36:*.oga=00;36:*.spx=00;36:*.xspf=00;36:'}
[roslaunch][INFO] 2020-11-03 01:17:49,060: starting in server mode
[roslaunch.parent][INFO] 2020-11-03 01:17:49,061: starting roslaunch parent run
[roslaunch][INFO] 2020-11-03 01:17:49,061: loading roscore config file /opt/ros/indigo/etc/ros/roscore.xml
[roslaunch][INFO] 2020-11-03 01:17:49,129: Added core node of type [rosout/rosout] in namespace [/]
[roslaunch.config][INFO] 2020-11-03 01:17:49,129: loading config file /opt/ros/indigo/share/fetch_navigation/launch/freight_nav.launch
[roslaunch][INFO] 2020-11-03 01:17:49,161: Added node of type [map_server/map_server] in namespace [/]
[roslaunch][INFO] 2020-11-03 01:17:49,161: Added node of type [rviz/rviz] in namespace [/]
[roslaunch][INFO] 2020-11-03 01:17:49,166: Added node of type [amcl/amcl] in namespace [/]
[roslaunch][INFO] 2020-11-03 01:17:49,184: Added node of type [move_base/move_base] in namespace [/]
[roslaunch][INFO] 2020-11-03 01:17:49,184: ... selected machine [] for node of type [map_server/map_server]
[roslaunch][INFO] 2020-11-03 01:17:49,184: ... selected machine [] for node of type [rviz/rviz]
[roslaunch][INFO] 2020-11-03 01:17:49,184: ... selected machine [] for node of type [amcl/amcl]
[roslaunch][INFO] 2020-11-03 01:17:49,184: ... selected machine [] for node of type [move_base/move_base]
[roslaunch.pmon][INFO] 2020-11-03 01:17:49,184: start_process_monitor: creating ProcessMonitor
[roslaunch.pmon][INFO] 2020-11-03 01:17:49,184: created process monitor <ProcessMonitor(ProcessMonitor-1, initial daemon)>
[roslaunch.pmon][INFO] 2020-11-03 01:17:49,185: start_process_monitor: ProcessMonitor started
[roslaunch.parent][INFO] 2020-11-03 01:17:49,185: starting parent XML-RPC server
[roslaunch.server][INFO] 2020-11-03 01:17:49,185: starting roslaunch XML-RPC server
[roslaunch.server][INFO] 2020-11-03 01:17:49,185: waiting for roslaunch XML-RPC server to initialize
[xmlrpc][INFO] 2020-11-03 01:17:49,185: XML-RPC server binding to 0.0.0.0:0
[xmlrpc][INFO] 2020-11-03 01:17:49,185: Started XML-RPC server [http://freight1207:50811/]
[xmlrpc][INFO] 2020-11-03 01:17:49,185: xml rpc node: starting XML-RPC server
[roslaunch][INFO] 2020-11-03 01:17:49,196: started roslaunch server http://freight1207:50811/
[roslaunch.parent][INFO] 2020-11-03 01:17:49,196: ... parent XML-RPC server started
[roslaunch][INFO] 2020-11-03 01:17:49,197: master.is_running[http://localhost:11311]
[roslaunch][INFO] 2020-11-03 01:17:49,198: master.is_running[http://localhost:11311]
[roslaunch][INFO] 2020-11-03 01:17:49,199: ROS_MASTER_URI=http://localhost:11311
[roslaunch][INFO] 2020-11-03 01:17:49,200: setting /roslaunch/uris/host_freight1207__50811' to http://freight1207:50811/
[roslaunch][INFO] 2020-11-03 01:17:49,201: load_parameters starting ...
[roslaunch][INFO] 2020-11-03 01:17:49,220: ... load_parameters complete
[roslaunch][INFO] 2020-11-03 01:17:49,220: launch_nodes: launching local nodes ...
[roslaunch][INFO] 2020-11-03 01:17:49,220: ... preparing to launch node of type [map_server/map_server]
[roslaunch][INFO] 2020-11-03 01:17:49,220: create_node_process: package[map_server] type[map_server] machine[Machine(name[] env_loader[None] address[localhost] ssh_port[22] user[None] assignable[True] timeout[10.0])] master_uri[http://localhost:11311]
[roslaunch][INFO] 2020-11-03 01:17:49,220: process[map_server-1]: env[{'ROS_DISTRO': 'indigo', 'NVM_CD_FLAGS': '', 'LESSOPEN': '| /usr/bin/lesspipe %s', 'SSH_CLIENT': '172.22.77.105 54683 22', 'CPATH': '/home/fetch/catkin_ws/devel/include:/opt/ros/indigo/include', 'LOGNAME': 'fetch', 'USER': 'fetch', 'NVM_DIR': '/home/fetch/.nvm', 'PATH': '/home/fetch/.nvm/versions/node/v10.15.3/bin:/opt/ros/indigo/bin:/usr/local/sbin:/usr/local/bin:/usr/sbin:/usr/bin:/sbin:/bin:/usr/games:/usr/local/games', 'HOME': '/home/fetch', 'VIRTUALENVWRAPPER_SCRIPT': '/usr/share/virtualenvwrapper/virtualenvwrapper.sh', 'ROS_LOG_FILENAME': '/home/fetch/.ros/log/d92112f8-1db3-11eb-bc6e-000babe55698/roslaunch-freight1207-32128.log', 'LANG': 'en_US.UTF-8', 'TERM': 'xterm-256color', 'SHELL': '/bin/bash', 'SHLVL': '1', 'QT_QPA_PLATFORMTHEME': 'appmenu-qt5', 'DISPLAY': 'localhost:14.0', 'NVM_BIN': '/home/fetch/.nvm/versions/node/v10.15.3/bin', '_VIRTUALENVWRAPPER_API': ' mkvirtualenv rmvirtualenv lsvirtualenv showvirtualenv workon add2virtualenv cdsitepackages cdvirtualenv lssitepackages toggleglobalsitepackages cpvirtualenv setvirtualenvproject mkproject cdproject mktmpenv mkvirtualenv rmvirtualenv lsvirtualenv showvirtualenv workon add2virtualenv cdsitepackages cdvirtualenv lssitepackages toggleglobalsitepackages cpvirtualenv setvirtualenvproject mkproject cdproject mktmpenv', 'CMAKE_PREFIX_PATH': '/home/fetch/catkin_ws/devel:/opt/ros/indigo', 'XDG_RUNTIME_DIR': '/run/user/1000', 'PYTHONPATH': '/home/fetch/catkin_ws/devel/lib/python2.7/dist-packages:/opt/ros/indigo/lib/python2.7/dist-packages', 'ROS_ROOT': '/opt/ros/indigo/share/ros', 'PKG_CONFIG_PATH': '/home/fetch/catkin_ws/devel/lib/pkgconfig:/opt/ros/indigo/lib/pkgconfig', 'ROS_PACKAGE_PATH': '/home/fetch/catkin_ws/src:/opt/ros/indigo/share:/opt/ros/indigo/stacks', 'XDG_SESSION_ID': '5', '_': '/opt/ros/indigo/bin/roslaunch', 'LD_LIBRARY_PATH': '/home/fetch/catkin_ws/devel/lib:/opt/ros/indigo/lib', 'LS_COLORS': 'rs=0:di=01;34:ln=01;36:mh=00:pi=40;33:so=01;35:do=01;35:bd=40;33;01:cd=40;33;01:or=40;31;01:su=37;41:sg=30;43:ca=30;41:tw=30;42:ow=34;42:st=37;44:ex=01;32:*.tar=01;31:*.tgz=01;31:*.arj=01;31:*.taz=01;31:*.lzh=01;31:*.lzma=01;31:*.tlz=01;31:*.txz=01;31:*.zip=01;31:*.z=01;31:*.Z=01;31:*.dz=01;31:*.gz=01;31:*.lz=01;31:*.xz=01;31:*.bz2=01;31:*.bz=01;31:*.tbz=01;31:*.tbz2=01;31:*.tz=01;31:*.deb=01;31:*.rpm=01;31:*.jar=01;31:*.war=01;31:*.ear=01;31:*.sar=01;31:*.rar=01;31:*.ace=01;31:*.zoo=01;31:*.cpio=01;31:*.7z=01;31:*.rz=01;31:*.jpg=01;35:*.jpeg=01;35:*.gif=01;35:*.bmp=01;35:*.pbm=01;35:*.pgm=01;35:*.ppm=01;35:*.tga=01;35:*.xbm=01;35:*.xpm=01;35:*.tif=01;35:*.tiff=01;35:*.png=01;35:*.svg=01;35:*.svgz=01;35:*.mng=01;35:*.pcx=01;35:*.mov=01;35:*.mpg=01;35:*.mpeg=01;35:*.m2v=01;35:*.mkv=01;35:*.webm=01;35:*.ogm=01;35:*.mp4=01;35:*.m4v=01;35:*.mp4v=01;35:*.vob=01;35:*.qt=01;35:*.nuv=01;35:*.wmv=01;35:*.asf=01;35:*.rm=01;35:*.rmvb=01;35:*.flc=01;35:*.avi=01;35:*.fli=01;35:*.flv=01;35:*.gl=01;35:*.dl=01;35:*.xcf=01;35:*.xwd=01;35:*.yuv=01;35:*.cgm=01;35:*.emf=01;35:*.axv=01;35:*.anx=01;35:*.ogv=01;35:*.ogx=01;35:*.aac=00;36:*.au=00;36:*.flac=00;36:*.mid=00;36:*.midi=00;36:*.mka=00;36:*.mp3=00;36:*.mpc=00;36:*.ogg=00;36:*.ra=00;36:*.wav=00;36:*.axa=00;36:*.oga=00;36:*.spx=00;36:*.xspf=00;36:', 'LESSCLOSE': '/usr/bin/lesspipe %s %s', 'SSH_TTY': '/dev/pts/29', 'PWD': '/home/fetch', 'ROS_ETC_DIR': '/opt/ros/indigo/etc/ros', 'ROS_MASTER_URI': 'http://localhost:11311', 'MAIL': '/var/mail/fetch', 'SSH_CONNECTION': '172.22.77.105 54683 172.22.77.172 22'}]
[roslaunch][INFO] 2020-11-03 01:17:49,251: process[map_server-1]: args[[u'/opt/ros/indigo/lib/map_server/map_server', '/home/fetch/final_map.yaml', u'__name:=map_server']]
[roslaunch][INFO] 2020-11-03 01:17:49,252: ... created process [map_server-1]
[roslaunch.pmon][INFO] 2020-11-03 01:17:49,252: ProcessMonitor.register[map_server-1]
[roslaunch.pmon][INFO] 2020-11-03 01:17:49,252: ProcessMonitor.register[map_server-1] complete
[roslaunch][INFO] 2020-11-03 01:17:49,252: ... registered process [map_server-1]
[roslaunch][INFO] 2020-11-03 01:17:49,252: process[map_server-1]: starting os process
[roslaunch][INFO] 2020-11-03 01:17:49,252: process[map_server-1]: start w/ args [[u'/opt/ros/indigo/lib/map_server/map_server', '/home/fetch/final_map.yaml', u'__name:=map_server', u'__log:=/home/fetch/.ros/log/d92112f8-1db3-11eb-bc6e-000babe55698/map_server-1.log']]
[roslaunch][INFO] 2020-11-03 01:17:49,252: process[map_server-1]: cwd will be [/home/fetch/.ros]
[roslaunch][INFO] 2020-11-03 01:17:49,254: process[map_server-1]: started with pid [32146]
[roslaunch][INFO] 2020-11-03 01:17:49,254: ... successfully launched [map_server-1]
[roslaunch][INFO] 2020-11-03 01:17:49,254: ... preparing to launch node of type [rviz/rviz]
[roslaunch][INFO] 2020-11-03 01:17:49,254: create_node_process: package[rviz] type[rviz] machine[Machine(name[] env_loader[None] address[localhost] ssh_port[22] user[None] assignable[True] timeout[10.0])] master_uri[http://localhost:11311]
[roslaunch][INFO] 2020-11-03 01:17:49,255: process[rviz-2]: env[{'ROS_DISTRO': 'indigo', 'NVM_CD_FLAGS': '', 'LESSOPEN': '| /usr/bin/lesspipe %s', 'SSH_CLIENT': '172.22.77.105 54683 22', 'CPATH': '/home/fetch/catkin_ws/devel/include:/opt/ros/indigo/include', 'LOGNAME': 'fetch', 'USER': 'fetch', 'NVM_DIR': '/home/fetch/.nvm', 'PATH': '/home/fetch/.nvm/versions/node/v10.15.3/bin:/opt/ros/indigo/bin:/usr/local/sbin:/usr/local/bin:/usr/sbin:/usr/bin:/sbin:/bin:/usr/games:/usr/local/games', 'HOME': '/home/fetch', 'VIRTUALENVWRAPPER_SCRIPT': '/usr/share/virtualenvwrapper/virtualenvwrapper.sh', 'ROS_LOG_FILENAME': '/home/fetch/.ros/log/d92112f8-1db3-11eb-bc6e-000babe55698/roslaunch-freight1207-32128.log', 'LANG': 'en_US.UTF-8', 'TERM': 'xterm-256color', 'SHELL': '/bin/bash', 'SHLVL': '1', 'QT_QPA_PLATFORMTHEME': 'appmenu-qt5', 'DISPLAY': 'localhost:14.0', 'NVM_BIN': '/home/fetch/.nvm/versions/node/v10.15.3/bin', '_VIRTUALENVWRAPPER_API': ' mkvirtualenv rmvirtualenv lsvirtualenv showvirtualenv workon add2virtualenv cdsitepackages cdvirtualenv lssitepackages toggleglobalsitepackages cpvirtualenv setvirtualenvproject mkproject cdproject mktmpenv mkvirtualenv rmvirtualenv lsvirtualenv showvirtualenv workon add2virtualenv cdsitepackages cdvirtualenv lssitepackages toggleglobalsitepackages cpvirtualenv setvirtualenvproject mkproject cdproject mktmpenv', 'CMAKE_PREFIX_PATH': '/home/fetch/catkin_ws/devel:/opt/ros/indigo', 'XDG_RUNTIME_DIR': '/run/user/1000', 'PYTHONPATH': '/home/fetch/catkin_ws/devel/lib/python2.7/dist-packages:/opt/ros/indigo/lib/python2.7/dist-packages', 'ROS_ROOT': '/opt/ros/indigo/share/ros', 'PKG_CONFIG_PATH': '/home/fetch/catkin_ws/devel/lib/pkgconfig:/opt/ros/indigo/lib/pkgconfig', 'ROS_PACKAGE_PATH': '/home/fetch/catkin_ws/src:/opt/ros/indigo/share:/opt/ros/indigo/stacks', 'XDG_SESSION_ID': '5', '_': '/opt/ros/indigo/bin/roslaunch', 'LD_LIBRARY_PATH': '/home/fetch/catkin_ws/devel/lib:/opt/ros/indigo/lib', 'LS_COLORS': 'rs=0:di=01;34:ln=01;36:mh=00:pi=40;33:so=01;35:do=01;35:bd=40;33;01:cd=40;33;01:or=40;31;01:su=37;41:sg=30;43:ca=30;41:tw=30;42:ow=34;42:st=37;44:ex=01;32:*.tar=01;31:*.tgz=01;31:*.arj=01;31:*.taz=01;31:*.lzh=01;31:*.lzma=01;31:*.tlz=01;31:*.txz=01;31:*.zip=01;31:*.z=01;31:*.Z=01;31:*.dz=01;31:*.gz=01;31:*.lz=01;31:*.xz=01;31:*.bz2=01;31:*.bz=01;31:*.tbz=01;31:*.tbz2=01;31:*.tz=01;31:*.deb=01;31:*.rpm=01;31:*.jar=01;31:*.war=01;31:*.ear=01;31:*.sar=01;31:*.rar=01;31:*.ace=01;31:*.zoo=01;31:*.cpio=01;31:*.7z=01;31:*.rz=01;31:*.jpg=01;35:*.jpeg=01;35:*.gif=01;35:*.bmp=01;35:*.pbm=01;35:*.pgm=01;35:*.ppm=01;35:*.tga=01;35:*.xbm=01;35:*.xpm=01;35:*.tif=01;35:*.tiff=01;35:*.png=01;35:*.svg=01;35:*.svgz=01;35:*.mng=01;35:*.pcx=01;35:*.mov=01;35:*.mpg=01;35:*.mpeg=01;35:*.m2v=01;35:*.mkv=01;35:*.webm=01;35:*.ogm=01;35:*.mp4=01;35:*.m4v=01;35:*.mp4v=01;35:*.vob=01;35:*.qt=01;35:*.nuv=01;35:*.wmv=01;35:*.asf=01;35:*.rm=01;35:*.rmvb=01;35:*.flc=01;35:*.avi=01;35:*.fli=01;35:*.flv=01;35:*.gl=01;35:*.dl=01;35:*.xcf=01;35:*.xwd=01;35:*.yuv=01;35:*.cgm=01;35:*.emf=01;35:*.axv=01;35:*.anx=01;35:*.ogv=01;35:*.ogx=01;35:*.aac=00;36:*.au=00;36:*.flac=00;36:*.mid=00;36:*.midi=00;36:*.mka=00;36:*.mp3=00;36:*.mpc=00;36:*.ogg=00;36:*.ra=00;36:*.wav=00;36:*.axa=00;36:*.oga=00;36:*.spx=00;36:*.xspf=00;36:', 'LESSCLOSE': '/usr/bin/lesspipe %s %s', 'SSH_TTY': '/dev/pts/29', 'PWD': '/home/fetch', 'ROS_ETC_DIR': '/opt/ros/indigo/etc/ros', 'ROS_MASTER_URI': 'http://localhost:11311', 'MAIL': '/var/mail/fetch', 'SSH_CONNECTION': '172.22.77.105 54683 172.22.77.172 22'}]
[roslaunch][INFO] 2020-11-03 01:17:49,257: process[rviz-2]: args[[u'/opt/ros/indigo/lib/rviz/rviz', '/opt/ros/indigo/share/fetch_navigation/config/navigation.rviz', u'__name:=rviz']]
[roslaunch][INFO] 2020-11-03 01:17:49,257: ... created process [rviz-2]
[roslaunch.pmon][INFO] 2020-11-03 01:17:49,257: ProcessMonitor.register[rviz-2]
[roslaunch.pmon][INFO] 2020-11-03 01:17:49,257: ProcessMonitor.register[rviz-2] complete
[roslaunch][INFO] 2020-11-03 01:17:49,257: ... registered process [rviz-2]
[roslaunch][INFO] 2020-11-03 01:17:49,257: process[rviz-2]: starting os process
[roslaunch][INFO] 2020-11-03 01:17:49,257: process[rviz-2]: start w/ args [[u'/opt/ros/indigo/lib/rviz/rviz', '/opt/ros/indigo/share/fetch_navigation/config/navigation.rviz', u'__name:=rviz', u'__log:=/home/fetch/.ros/log/d92112f8-1db3-11eb-bc6e-000babe55698/rviz-2.log']]
[roslaunch][INFO] 2020-11-03 01:17:49,257: process[rviz-2]: cwd will be [/home/fetch/.ros]
[roslaunch][INFO] 2020-11-03 01:17:49,259: process[rviz-2]: started with pid [32147]
[roslaunch][INFO] 2020-11-03 01:17:49,259: ... successfully launched [rviz-2]
[roslaunch][INFO] 2020-11-03 01:17:49,259: ... preparing to launch node of type [amcl/amcl]
[roslaunch][INFO] 2020-11-03 01:17:49,259: create_node_process: package[amcl] type[amcl] machine[Machine(name[] env_loader[None] address[localhost] ssh_port[22] user[None] assignable[True] timeout[10.0])] master_uri[http://localhost:11311]
[roslaunch][INFO] 2020-11-03 01:17:49,260: process[amcl-3]: env[{'ROS_DISTRO': 'indigo', 'NVM_CD_FLAGS': '', 'LESSOPEN': '| /usr/bin/lesspipe %s', 'SSH_CLIENT': '172.22.77.105 54683 22', 'CPATH': '/home/fetch/catkin_ws/devel/include:/opt/ros/indigo/include', 'LOGNAME': 'fetch', 'USER': 'fetch', 'NVM_DIR': '/home/fetch/.nvm', 'PATH': '/home/fetch/.nvm/versions/node/v10.15.3/bin:/opt/ros/indigo/bin:/usr/local/sbin:/usr/local/bin:/usr/sbin:/usr/bin:/sbin:/bin:/usr/games:/usr/local/games', 'HOME': '/home/fetch', 'VIRTUALENVWRAPPER_SCRIPT': '/usr/share/virtualenvwrapper/virtualenvwrapper.sh', 'ROS_LOG_FILENAME': '/home/fetch/.ros/log/d92112f8-1db3-11eb-bc6e-000babe55698/roslaunch-freight1207-32128.log', 'LANG': 'en_US.UTF-8', 'TERM': 'xterm-256color', 'SHELL': '/bin/bash', 'SHLVL': '1', 'QT_QPA_PLATFORMTHEME': 'appmenu-qt5', 'DISPLAY': 'localhost:14.0', 'NVM_BIN': '/home/fetch/.nvm/versions/node/v10.15.3/bin', '_VIRTUALENVWRAPPER_API': ' mkvirtualenv rmvirtualenv lsvirtualenv showvirtualenv workon add2virtualenv cdsitepackages cdvirtualenv lssitepackages toggleglobalsitepackages cpvirtualenv setvirtualenvproject mkproject cdproject mktmpenv mkvirtualenv rmvirtualenv lsvirtualenv showvirtualenv workon add2virtualenv cdsitepackages cdvirtualenv lssitepackages toggleglobalsitepackages cpvirtualenv setvirtualenvproject mkproject cdproject mktmpenv', 'CMAKE_PREFIX_PATH': '/home/fetch/catkin_ws/devel:/opt/ros/indigo', 'XDG_RUNTIME_DIR': '/run/user/1000', 'PYTHONPATH': '/home/fetch/catkin_ws/devel/lib/python2.7/dist-packages:/opt/ros/indigo/lib/python2.7/dist-packages', 'ROS_ROOT': '/opt/ros/indigo/share/ros', 'PKG_CONFIG_PATH': '/home/fetch/catkin_ws/devel/lib/pkgconfig:/opt/ros/indigo/lib/pkgconfig', 'ROS_PACKAGE_PATH': '/home/fetch/catkin_ws/src:/opt/ros/indigo/share:/opt/ros/indigo/stacks', 'XDG_SESSION_ID': '5', '_': '/opt/ros/indigo/bin/roslaunch', 'LD_LIBRARY_PATH': '/home/fetch/catkin_ws/devel/lib:/opt/ros/indigo/lib', 'LS_COLORS': 'rs=0:di=01;34:ln=01;36:mh=00:pi=40;33:so=01;35:do=01;35:bd=40;33;01:cd=40;33;01:or=40;31;01:su=37;41:sg=30;43:ca=30;41:tw=30;42:ow=34;42:st=37;44:ex=01;32:*.tar=01;31:*.tgz=01;31:*.arj=01;31:*.taz=01;31:*.lzh=01;31:*.lzma=01;31:*.tlz=01;31:*.txz=01;31:*.zip=01;31:*.z=01;31:*.Z=01;31:*.dz=01;31:*.gz=01;31:*.lz=01;31:*.xz=01;31:*.bz2=01;31:*.bz=01;31:*.tbz=01;31:*.tbz2=01;31:*.tz=01;31:*.deb=01;31:*.rpm=01;31:*.jar=01;31:*.war=01;31:*.ear=01;31:*.sar=01;31:*.rar=01;31:*.ace=01;31:*.zoo=01;31:*.cpio=01;31:*.7z=01;31:*.rz=01;31:*.jpg=01;35:*.jpeg=01;35:*.gif=01;35:*.bmp=01;35:*.pbm=01;35:*.pgm=01;35:*.ppm=01;35:*.tga=01;35:*.xbm=01;35:*.xpm=01;35:*.tif=01;35:*.tiff=01;35:*.png=01;35:*.svg=01;35:*.svgz=01;35:*.mng=01;35:*.pcx=01;35:*.mov=01;35:*.mpg=01;35:*.mpeg=01;35:*.m2v=01;35:*.mkv=01;35:*.webm=01;35:*.ogm=01;35:*.mp4=01;35:*.m4v=01;35:*.mp4v=01;35:*.vob=01;35:*.qt=01;35:*.nuv=01;35:*.wmv=01;35:*.asf=01;35:*.rm=01;35:*.rmvb=01;35:*.flc=01;35:*.avi=01;35:*.fli=01;35:*.flv=01;35:*.gl=01;35:*.dl=01;35:*.xcf=01;35:*.xwd=01;35:*.yuv=01;35:*.cgm=01;35:*.emf=01;35:*.axv=01;35:*.anx=01;35:*.ogv=01;35:*.ogx=01;35:*.aac=00;36:*.au=00;36:*.flac=00;36:*.mid=00;36:*.midi=00;36:*.mka=00;36:*.mp3=00;36:*.mpc=00;36:*.ogg=00;36:*.ra=00;36:*.wav=00;36:*.axa=00;36:*.oga=00;36:*.spx=00;36:*.xspf=00;36:', 'LESSCLOSE': '/usr/bin/lesspipe %s %s', 'SSH_TTY': '/dev/pts/29', 'PWD': '/home/fetch', 'ROS_ETC_DIR': '/opt/ros/indigo/etc/ros', 'ROS_MASTER_URI': 'http://localhost:11311', 'MAIL': '/var/mail/fetch', 'SSH_CONNECTION': '172.22.77.105 54683 172.22.77.172 22'}]
[roslaunch][INFO] 2020-11-03 01:17:49,260: process[amcl-3]: args[[u'/opt/ros/indigo/lib/amcl/amcl', u'scan:=base_scan', u'map:=map', u'__name:=amcl']]
[roslaunch][INFO] 2020-11-03 01:17:49,260: ... created process [amcl-3]
[roslaunch.pmon][INFO] 2020-11-03 01:17:49,260: ProcessMonitor.register[amcl-3]
[roslaunch.pmon][INFO] 2020-11-03 01:17:49,260: ProcessMonitor.register[amcl-3] complete
[roslaunch][INFO] 2020-11-03 01:17:49,260: ... registered process [amcl-3]
[roslaunch][INFO] 2020-11-03 01:17:49,260: process[amcl-3]: starting os process
[roslaunch][INFO] 2020-11-03 01:17:49,261: process[amcl-3]: start w/ args [[u'/opt/ros/indigo/lib/amcl/amcl', u'scan:=base_scan', u'map:=map', u'__name:=amcl', u'__log:=/home/fetch/.ros/log/d92112f8-1db3-11eb-bc6e-000babe55698/amcl-3.log']]
[roslaunch][INFO] 2020-11-03 01:17:49,261: process[amcl-3]: cwd will be [/home/fetch/.ros]
[roslaunch][INFO] 2020-11-03 01:17:49,263: process[amcl-3]: started with pid [32148]
[roslaunch][INFO] 2020-11-03 01:17:49,263: ... successfully launched [amcl-3]
[roslaunch][INFO] 2020-11-03 01:17:49,263: ... preparing to launch node of type [move_base/move_base]
[roslaunch][INFO] 2020-11-03 01:17:49,263: create_node_process: package[move_base] type[move_base] machine[Machine(name[] env_loader[None] address[localhost] ssh_port[22] user[None] assignable[True] timeout[10.0])] master_uri[http://localhost:11311]
[roslaunch][INFO] 2020-11-03 01:17:49,263: process[move_base-4]: env[{'ROS_DISTRO': 'indigo', 'NVM_CD_FLAGS': '', 'LESSOPEN': '| /usr/bin/lesspipe %s', 'SSH_CLIENT': '172.22.77.105 54683 22', 'CPATH': '/home/fetch/catkin_ws/devel/include:/opt/ros/indigo/include', 'LOGNAME': 'fetch', 'USER': 'fetch', 'NVM_DIR': '/home/fetch/.nvm', 'PATH': '/home/fetch/.nvm/versions/node/v10.15.3/bin:/opt/ros/indigo/bin:/usr/local/sbin:/usr/local/bin:/usr/sbin:/usr/bin:/sbin:/bin:/usr/games:/usr/local/games', 'HOME': '/home/fetch', 'VIRTUALENVWRAPPER_SCRIPT': '/usr/share/virtualenvwrapper/virtualenvwrapper.sh', 'ROS_LOG_FILENAME': '/home/fetch/.ros/log/d92112f8-1db3-11eb-bc6e-000babe55698/roslaunch-freight1207-32128.log', 'LANG': 'en_US.UTF-8', 'TERM': 'xterm-256color', 'SHELL': '/bin/bash', 'SHLVL': '1', 'QT_QPA_PLATFORMTHEME': 'appmenu-qt5', 'DISPLAY': 'localhost:14.0', 'NVM_BIN': '/home/fetch/.nvm/versions/node/v10.15.3/bin', '_VIRTUALENVWRAPPER_API': ' mkvirtualenv rmvirtualenv lsvirtualenv showvirtualenv workon add2virtualenv cdsitepackages cdvirtualenv lssitepackages toggleglobalsitepackages cpvirtualenv setvirtualenvproject mkproject cdproject mktmpenv mkvirtualenv rmvirtualenv lsvirtualenv showvirtualenv workon add2virtualenv cdsitepackages cdvirtualenv lssitepackages toggleglobalsitepackages cpvirtualenv setvirtualenvproject mkproject cdproject mktmpenv', 'CMAKE_PREFIX_PATH': '/home/fetch/catkin_ws/devel:/opt/ros/indigo', 'XDG_RUNTIME_DIR': '/run/user/1000', 'PYTHONPATH': '/home/fetch/catkin_ws/devel/lib/python2.7/dist-packages:/opt/ros/indigo/lib/python2.7/dist-packages', 'ROS_ROOT': '/opt/ros/indigo/share/ros', 'PKG_CONFIG_PATH': '/home/fetch/catkin_ws/devel/lib/pkgconfig:/opt/ros/indigo/lib/pkgconfig', 'ROS_PACKAGE_PATH': '/home/fetch/catkin_ws/src:/opt/ros/indigo/share:/opt/ros/indigo/stacks', 'XDG_SESSION_ID': '5', '_': '/opt/ros/indigo/bin/roslaunch', 'LD_LIBRARY_PATH': '/home/fetch/catkin_ws/devel/lib:/opt/ros/indigo/lib', 'LS_COLORS': 'rs=0:di=01;34:ln=01;36:mh=00:pi=40;33:so=01;35:do=01;35:bd=40;33;01:cd=40;33;01:or=40;31;01:su=37;41:sg=30;43:ca=30;41:tw=30;42:ow=34;42:st=37;44:ex=01;32:*.tar=01;31:*.tgz=01;31:*.arj=01;31:*.taz=01;31:*.lzh=01;31:*.lzma=01;31:*.tlz=01;31:*.txz=01;31:*.zip=01;31:*.z=01;31:*.Z=01;31:*.dz=01;31:*.gz=01;31:*.lz=01;31:*.xz=01;31:*.bz2=01;31:*.bz=01;31:*.tbz=01;31:*.tbz2=01;31:*.tz=01;31:*.deb=01;31:*.rpm=01;31:*.jar=01;31:*.war=01;31:*.ear=01;31:*.sar=01;31:*.rar=01;31:*.ace=01;31:*.zoo=01;31:*.cpio=01;31:*.7z=01;31:*.rz=01;31:*.jpg=01;35:*.jpeg=01;35:*.gif=01;35:*.bmp=01;35:*.pbm=01;35:*.pgm=01;35:*.ppm=01;35:*.tga=01;35:*.xbm=01;35:*.xpm=01;35:*.tif=01;35:*.tiff=01;35:*.png=01;35:*.svg=01;35:*.svgz=01;35:*.mng=01;35:*.pcx=01;35:*.mov=01;35:*.mpg=01;35:*.mpeg=01;35:*.m2v=01;35:*.mkv=01;35:*.webm=01;35:*.ogm=01;35:*.mp4=01;35:*.m4v=01;35:*.mp4v=01;35:*.vob=01;35:*.qt=01;35:*.nuv=01;35:*.wmv=01;35:*.asf=01;35:*.rm=01;35:*.rmvb=01;35:*.flc=01;35:*.avi=01;35:*.fli=01;35:*.flv=01;35:*.gl=01;35:*.dl=01;35:*.xcf=01;35:*.xwd=01;35:*.yuv=01;35:*.cgm=01;35:*.emf=01;35:*.axv=01;35:*.anx=01;35:*.ogv=01;35:*.ogx=01;35:*.aac=00;36:*.au=00;36:*.flac=00;36:*.mid=00;36:*.midi=00;36:*.mka=00;36:*.mp3=00;36:*.mpc=00;36:*.ogg=00;36:*.ra=00;36:*.wav=00;36:*.axa=00;36:*.oga=00;36:*.spx=00;36:*.xspf=00;36:', 'LESSCLOSE': '/usr/bin/lesspipe %s %s', 'SSH_TTY': '/dev/pts/29', 'PWD': '/home/fetch', 'ROS_ETC_DIR': '/opt/ros/indigo/etc/ros', 'ROS_MASTER_URI': 'http://localhost:11311', 'MAIL': '/var/mail/fetch', 'SSH_CONNECTION': '172.22.77.105 54683 172.22.77.172 22'}]
[roslaunch][INFO] 2020-11-03 01:17:49,264: process[move_base-4]: args[[u'/opt/ros/indigo/lib/move_base/move_base', u'cmd_vel:=cmd_vel', u'odom:=odom', u'map:=map', u'__name:=move_base']]
[roslaunch][INFO] 2020-11-03 01:17:49,264: ... created process [move_base-4]
[roslaunch.pmon][INFO] 2020-11-03 01:17:49,264: ProcessMonitor.register[move_base-4]
[roslaunch.pmon][INFO] 2020-11-03 01:17:49,264: ProcessMonitor.register[move_base-4] complete
[roslaunch][INFO] 2020-11-03 01:17:49,264: ... registered process [move_base-4]
[roslaunch][INFO] 2020-11-03 01:17:49,264: process[move_base-4]: starting os process
[roslaunch][INFO] 2020-11-03 01:17:49,264: process[move_base-4]: start w/ args [[u'/opt/ros/indigo/lib/move_base/move_base', u'cmd_vel:=cmd_vel', u'odom:=odom', u'map:=map', u'__name:=move_base', u'__log:=/home/fetch/.ros/log/d92112f8-1db3-11eb-bc6e-000babe55698/move_base-4.log']]
[roslaunch][INFO] 2020-11-03 01:17:49,264: process[move_base-4]: cwd will be [/home/fetch/.ros]
[roslaunch][INFO] 2020-11-03 01:17:49,275: process[move_base-4]: started with pid [32156]
[roslaunch][INFO] 2020-11-03 01:17:49,275: ... successfully launched [move_base-4]
[roslaunch][INFO] 2020-11-03 01:17:49,275: ... launch_nodes complete
[roslaunch.pmon][INFO] 2020-11-03 01:17:49,275: registrations completed <ProcessMonitor(ProcessMonitor-1, started daemon 140532211848960)>
[roslaunch.parent][INFO] 2020-11-03 01:17:49,275: ... roslaunch parent running, waiting for process exit
[roslaunch][INFO] 2020-11-03 01:17:49,275: spin
[roslaunch][INFO] 2020-11-03 01:17:50,386: [move_base-4] process has finished cleanly
log file: /home/fetch/.ros/log/d92112f8-1db3-11eb-bc6e-000babe55698/move_base-4*.log
[roslaunch][INFO] 2020-11-03 01:17:50,387: [move_base-4] restarting process
[roslaunch][INFO] 2020-11-03 01:17:50,387: process[move_base-4]: restarting os process
[roslaunch][INFO] 2020-11-03 01:17:50,387: process[move_base-4]: start w/ args [[u'/opt/ros/indigo/lib/move_base/move_base', u'cmd_vel:=cmd_vel', u'odom:=odom', u'map:=map', u'__name:=move_base', u'__log:=/home/fetch/.ros/log/d92112f8-1db3-11eb-bc6e-000babe55698/move_base-4.log']]
[roslaunch][INFO] 2020-11-03 01:17:50,387: process[move_base-4]: cwd will be [/home/fetch/.ros]
[roslaunch][INFO] 2020-11-03 01:17:50,392: process[move_base-4]: started with pid [1187]
[roslaunch][INFO] 2020-11-03 01:17:51,494: [move_base-4] process has finished cleanly
log file: /home/fetch/.ros/log/d92112f8-1db3-11eb-bc6e-000babe55698/move_base-4*.log
[roslaunch][INFO] 2020-11-03 01:17:51,495: [move_base-4] restarting process
[roslaunch][INFO] 2020-11-03 01:17:51,495: process[move_base-4]: restarting os process
[roslaunch][INFO] 2020-11-03 01:17:51,495: process[move_base-4]: start w/ args [[u'/opt/ros/indigo/lib/move_base/move_base', u'cmd_vel:=cmd_vel', u'odom:=odom', u'map:=map', u'__name:=move_base', u'__log:=/home/fetch/.ros/log/d92112f8-1db3-11eb-bc6e-000babe55698/move_base-4.log']]
[roslaunch][INFO] 2020-11-03 01:17:51,495: process[move_base-4]: cwd will be [/home/fetch/.ros]
[roslaunch][INFO] 2020-11-03 01:17:51,497: process[move_base-4]: started with pid [2591]
[roslaunch][INFO] 2020-11-03 01:17:52,599: [move_base-4] process has finished cleanly
log file: /home/fetch/.ros/log/d92112f8-1db3-11eb-bc6e-000babe55698/move_base-4*.log
[roslaunch][INFO] 2020-11-03 01:17:52,599: [move_base-4] restarting process
[roslaunch][INFO] 2020-11-03 01:17:52,599: process[move_base-4]: restarting os process
[roslaunch][INFO] 2020-11-03 01:17:52,599: process[move_base-4]: start w/ args [[u'/opt/ros/indigo/lib/move_base/move_base', u'cmd_vel:=cmd_vel', u'odom:=odom', u'map:=map', u'__name:=move_base', u'__log:=/home/fetch/.ros/log/d92112f8-1db3-11eb-bc6e-000babe55698/move_base-4.log']]
[roslaunch][INFO] 2020-11-03 01:17:52,599: process[move_base-4]: cwd will be [/home/fetch/.ros]
[roslaunch][INFO] 2020-11-03 01:17:52,601: process[move_base-4]: started with pid [3761]
[roslaunch][INFO] 2020-11-03 01:17:53,703: [move_base-4] process has finished cleanly
log file: /home/fetch/.ros/log/d92112f8-1db3-11eb-bc6e-000babe55698/move_base-4*.log
[roslaunch][INFO] 2020-11-03 01:17:53,703: [move_base-4] restarting process
[roslaunch][INFO] 2020-11-03 01:17:53,703: process[move_base-4]: restarting os process
[roslaunch][INFO] 2020-11-03 01:17:53,703: process[move_base-4]: start w/ args [[u'/opt/ros/indigo/lib/move_base/move_base', u'cmd_vel:=cmd_vel', u'odom:=odom', u'map:=map', u'__name:=move_base', u'__log:=/home/fetch/.ros/log/d92112f8-1db3-11eb-bc6e-000babe55698/move_base-4.log']]
[roslaunch][INFO] 2020-11-03 01:17:53,704: process[move_base-4]: cwd will be [/home/fetch/.ros]
[roslaunch][INFO] 2020-11-03 01:17:53,705: process[move_base-4]: started with pid [4875]
[roslaunch][INFO] 2020-11-03 01:17:54,807: [move_base-4] process has finished cleanly
log file: /home/fetch/.ros/log/d92112f8-1db3-11eb-bc6e-000babe55698/move_base-4*.log
[roslaunch][INFO] 2020-11-03 01:17:54,808: [move_base-4] restarting process
[roslaunch][INFO] 2020-11-03 01:17:54,808: process[move_base-4]: restarting os process
[roslaunch][INFO] 2020-11-03 01:17:54,808: process[move_base-4]: start w/ args [[u'/opt/ros/indigo/lib/move_base/move_base', u'cmd_vel:=cmd_vel', u'odom:=odom', u'map:=map', u'__name:=move_base', u'__log:=/home/fetch/.ros/log/d92112f8-1db3-11eb-bc6e-000babe55698/move_base-4.log']]
[roslaunch][INFO] 2020-11-03 01:17:54,808: process[move_base-4]: cwd will be [/home/fetch/.ros]
[roslaunch][INFO] 2020-11-03 01:17:54,810: process[move_base-4]: started with pid [6001]
[roslaunch][INFO] 2020-11-03 01:17:55,912: [move_base-4] process has finished cleanly
log file: /home/fetch/.ros/log/d92112f8-1db3-11eb-bc6e-000babe55698/move_base-4*.log
[roslaunch][INFO] 2020-11-03 01:17:55,912: [move_base-4] restarting process
[roslaunch][INFO] 2020-11-03 01:17:55,912: process[move_base-4]: restarting os process
[roslaunch][INFO] 2020-11-03 01:17:55,912: process[move_base-4]: start w/ args [[u'/opt/ros/indigo/lib/move_base/move_base', u'cmd_vel:=cmd_vel', u'odom:=odom', u'map:=map', u'__name:=move_base', u'__log:=/home/fetch/.ros/log/d92112f8-1db3-11eb-bc6e-000babe55698/move_base-4.log']]
[roslaunch][INFO] 2020-11-03 01:17:55,912: process[move_base-4]: cwd will be [/home/fetch/.ros]
[roslaunch][INFO] 2020-11-03 01:17:55,914: process[move_base-4]: started with pid [7117]
[roslaunch][INFO] 2020-11-03 01:17:57,016: [move_base-4] process has finished cleanly
log file: /home/fetch/.ros/log/d92112f8-1db3-11eb-bc6e-000babe55698/move_base-4*.log
[roslaunch][INFO] 2020-11-03 01:17:57,017: [move_base-4] restarting process
[roslaunch][INFO] 2020-11-03 01:17:57,017: process[move_base-4]: restarting os process
[roslaunch][INFO] 2020-11-03 01:17:57,017: process[move_base-4]: start w/ args [[u'/opt/ros/indigo/lib/move_base/move_base', u'cmd_vel:=cmd_vel', u'odom:=odom', u'map:=map', u'__name:=move_base', u'__log:=/home/fetch/.ros/log/d92112f8-1db3-11eb-bc6e-000babe55698/move_base-4.log']]
[roslaunch][INFO] 2020-11-03 01:17:57,017: process[move_base-4]: cwd will be [/home/fetch/.ros]
[roslaunch][INFO] 2020-11-03 01:17:57,019: process[move_base-4]: started with pid [8233]
[roslaunch][INFO] 2020-11-03 01:17:58,121: [move_base-4] process has finished cleanly
log file: /home/fetch/.ros/log/d92112f8-1db3-11eb-bc6e-000babe55698/move_base-4*.log
[roslaunch][INFO] 2020-11-03 01:17:58,121: [move_base-4] restarting process
[roslaunch][INFO] 2020-11-03 01:17:58,121: process[move_base-4]: restarting os process
[roslaunch][INFO] 2020-11-03 01:17:58,121: process[move_base-4]: start w/ args [[u'/opt/ros/indigo/lib/move_base/move_base', u'cmd_vel:=cmd_vel', u'odom:=odom', u'map:=map', u'__name:=move_base', u'__log:=/home/fetch/.ros/log/d92112f8-1db3-11eb-bc6e-000babe55698/move_base-4.log']]
[roslaunch][INFO] 2020-11-03 01:17:58,121: process[move_base-4]: cwd will be [/home/fetch/.ros]
[roslaunch][INFO] 2020-11-03 01:17:58,123: process[move_base-4]: started with pid [9343]
[roslaunch][INFO] 2020-11-03 01:17:59,326: [move_base-4] process has finished cleanly
log file: /home/fetch/.ros/log/d92112f8-1db3-11eb-bc6e-000babe55698/move_base-4*.log
[roslaunch][INFO] 2020-11-03 01:17:59,326: [move_base-4] restarting process
[roslaunch][INFO] 2020-11-03 01:17:59,326: process[move_base-4]: restarting os process
[roslaunch][INFO] 2020-11-03 01:17:59,326: process[move_base-4]: start w/ args [[u'/opt/ros/indigo/lib/move_base/move_base', u'cmd_vel:=cmd_vel', u'odom:=odom', u'map:=map', u'__name:=move_base', u'__log:=/home/fetch/.ros/log/d92112f8-1db3-11eb-bc6e-000babe55698/move_base-4.log']]
[roslaunch][INFO] 2020-11-03 01:17:59,326: process[move_base-4]: cwd will be [/home/fetch/.ros]
[roslaunch][INFO] 2020-11-03 01:17:59,328: process[move_base-4]: started with pid [10487]
[roslaunch][INFO] 2020-11-03 01:18:00,430: [move_base-4] process has finished cleanly
log file: /home/fetch/.ros/log/d92112f8-1db3-11eb-bc6e-000babe55698/move_base-4*.log
[roslaunch][INFO] 2020-11-03 01:18:00,430: [move_base-4] restarting process
[roslaunch][INFO] 2020-11-03 01:18:00,431: process[move_base-4]: restarting os process
[roslaunch][INFO] 2020-11-03 01:18:00,431: process[move_base-4]: start w/ args [[u'/opt/ros/indigo/lib/move_base/move_base', u'cmd_vel:=cmd_vel', u'odom:=odom', u'map:=map', u'__name:=move_base', u'__log:=/home/fetch/.ros/log/d92112f8-1db3-11eb-bc6e-000babe55698/move_base-4.log']]
[roslaunch][INFO] 2020-11-03 01:18:00,431: process[move_base-4]: cwd will be [/home/fetch/.ros]
[roslaunch][INFO] 2020-11-03 01:18:00,433: process[move_base-4]: started with pid [11604]
[roslaunch][INFO] 2020-11-03 01:18:01,535: [move_base-4] process has finished cleanly
log file: /home/fetch/.ros/log/d92112f8-1db3-11eb-bc6e-000babe55698/move_base-4*.log
[roslaunch][INFO] 2020-11-03 01:18:01,535: [move_base-4] restarting process
[roslaunch][INFO] 2020-11-03 01:18:01,535: process[move_base-4]: restarting os process
[roslaunch][INFO] 2020-11-03 01:18:01,535: process[move_base-4]: start w/ args [[u'/opt/ros/indigo/lib/move_base/move_base', u'cmd_vel:=cmd_vel', u'odom:=odom', u'map:=map', u'__name:=move_base', u'__log:=/home/fetch/.ros/log/d92112f8-1db3-11eb-bc6e-000babe55698/move_base-4.log']]
[roslaunch][INFO] 2020-11-03 01:18:01,535: process[move_base-4]: cwd will be [/home/fetch/.ros]
[roslaunch][INFO] 2020-11-03 01:18:01,537: process[move_base-4]: started with pid [12714]
[roslaunch][INFO] 2020-11-03 01:18:02,639: [move_base-4] process has finished cleanly
log file: /home/fetch/.ros/log/d92112f8-1db3-11eb-bc6e-000babe55698/move_base-4*.log
[roslaunch][INFO] 2020-11-03 01:18:02,639: [move_base-4] restarting process
[roslaunch][INFO] 2020-11-03 01:18:02,639: process[move_base-4]: restarting os process
[roslaunch][INFO] 2020-11-03 01:18:02,639: process[move_base-4]: start w/ args [[u'/opt/ros/indigo/lib/move_base/move_base', u'cmd_vel:=cmd_vel', u'odom:=odom', u'map:=map', u'__name:=move_base', u'__log:=/home/fetch/.ros/log/d92112f8-1db3-11eb-bc6e-000babe55698/move_base-4.log']]
[roslaunch][INFO] 2020-11-03 01:18:02,639: process[move_base-4]: cwd will be [/home/fetch/.ros]
[roslaunch][INFO] 2020-11-03 01:18:02,641: process[move_base-4]: started with pid [13830]
[roslaunch][INFO] 2020-11-03 01:18:03,743: [move_base-4] process has finished cleanly
log file: /home/fetch/.ros/log/d92112f8-1db3-11eb-bc6e-000babe55698/move_base-4*.log
[roslaunch][INFO] 2020-11-03 01:18:03,743: [move_base-4] restarting process
[roslaunch][INFO] 2020-11-03 01:18:03,743: process[move_base-4]: restarting os process
[roslaunch][INFO] 2020-11-03 01:18:03,744: process[move_base-4]: start w/ args [[u'/opt/ros/indigo/lib/move_base/move_base', u'cmd_vel:=cmd_vel', u'odom:=odom', u'map:=map', u'__name:=move_base', u'__log:=/home/fetch/.ros/log/d92112f8-1db3-11eb-bc6e-000babe55698/move_base-4.log']]
[roslaunch][INFO] 2020-11-03 01:18:03,744: process[move_base-4]: cwd will be [/home/fetch/.ros]
[roslaunch][INFO] 2020-11-03 01:18:03,746: process[move_base-4]: started with pid [14940]
[roslaunch][INFO] 2020-11-03 01:18:04,848: [move_base-4] process has finished cleanly
log file: /home/fetch/.ros/log/d92112f8-1db3-11eb-bc6e-000babe55698/move_base-4*.log
[roslaunch][INFO] 2020-11-03 01:18:04,848: [move_base-4] restarting process
[roslaunch][INFO] 2020-11-03 01:18:04,848: process[move_base-4]: restarting os process
[roslaunch][INFO] 2020-11-03 01:18:04,848: process[move_base-4]: start w/ args [[u'/opt/ros/indigo/lib/move_base/move_base', u'cmd_vel:=cmd_vel', u'odom:=odom', u'map:=map', u'__name:=move_base', u'__log:=/home/fetch/.ros/log/d92112f8-1db3-11eb-bc6e-000babe55698/move_base-4.log']]
[roslaunch][INFO] 2020-11-03 01:18:04,848: process[move_base-4]: cwd will be [/home/fetch/.ros]
[roslaunch][INFO] 2020-11-03 01:18:04,850: process[move_base-4]: started with pid [16056]
[roslaunch][INFO] 2020-11-03 01:18:05,952: [move_base-4] process has finished cleanly
log file: /home/fetch/.ros/log/d92112f8-1db3-11eb-bc6e-000babe55698/move_base-4*.log
[roslaunch][INFO] 2020-11-03 01:18:05,952: [move_base-4] restarting process
[roslaunch][INFO] 2020-11-03 01:18:05,952: process[move_base-4]: restarting os process
[roslaunch][INFO] 2020-11-03 01:18:05,953: process[move_base-4]: start w/ args [[u'/opt/ros/indigo/lib/move_base/move_base', u'cmd_vel:=cmd_vel', u'odom:=odom', u'map:=map', u'__name:=move_base', u'__log:=/home/fetch/.ros/log/d92112f8-1db3-11eb-bc6e-000babe55698/move_base-4.log']]
[roslaunch][INFO] 2020-11-03 01:18:05,953: process[move_base-4]: cwd will be [/home/fetch/.ros]
[roslaunch][INFO] 2020-11-03 01:18:05,954: process[move_base-4]: started with pid [17167]
[roslaunch][INFO] 2020-11-03 01:18:07,057: [move_base-4] process has finished cleanly
log file: /home/fetch/.ros/log/d92112f8-1db3-11eb-bc6e-000babe55698/move_base-4*.log
[roslaunch][INFO] 2020-11-03 01:18:07,057: [move_base-4] restarting process
[roslaunch][INFO] 2020-11-03 01:18:07,057: process[move_base-4]: restarting os process
[roslaunch][INFO] 2020-11-03 01:18:07,057: process[move_base-4]: start w/ args [[u'/opt/ros/indigo/lib/move_base/move_base', u'cmd_vel:=cmd_vel', u'odom:=odom', u'map:=map', u'__name:=move_base', u'__log:=/home/fetch/.ros/log/d92112f8-1db3-11eb-bc6e-000babe55698/move_base-4.log']]
[roslaunch][INFO] 2020-11-03 01:18:07,057: process[move_base-4]: cwd will be [/home/fetch/.ros]
[roslaunch][INFO] 2020-11-03 01:18:07,059: process[move_base-4]: started with pid [18283]
[roslaunch][INFO] 2020-11-03 01:18:08,161: [move_base-4] process has finished cleanly
log file: /home/fetch/.ros/log/d92112f8-1db3-11eb-bc6e-000babe55698/move_base-4*.log
[roslaunch][INFO] 2020-11-03 01:18:08,161: [move_base-4] restarting process
[roslaunch][INFO] 2020-11-03 01:18:08,161: process[move_base-4]: restarting os process
[roslaunch][INFO] 2020-11-03 01:18:08,162: process[move_base-4]: start w/ args [[u'/opt/ros/indigo/lib/move_base/move_base', u'cmd_vel:=cmd_vel', u'odom:=odom', u'map:=map', u'__name:=move_base', u'__log:=/home/fetch/.ros/log/d92112f8-1db3-11eb-bc6e-000babe55698/move_base-4.log']]
[roslaunch][INFO] 2020-11-03 01:18:08,162: process[move_base-4]: cwd will be [/home/fetch/.ros]
[roslaunch][INFO] 2020-11-03 01:18:08,164: process[move_base-4]: started with pid [19393]
[roslaunch][INFO] 2020-11-03 01:18:09,266: [move_base-4] process has finished cleanly
log file: /home/fetch/.ros/log/d92112f8-1db3-11eb-bc6e-000babe55698/move_base-4*.log
[roslaunch][INFO] 2020-11-03 01:18:09,266: [move_base-4] restarting process
[roslaunch][INFO] 2020-11-03 01:18:09,266: process[move_base-4]: restarting os process
[roslaunch][INFO] 2020-11-03 01:18:09,266: process[move_base-4]: start w/ args [[u'/opt/ros/indigo/lib/move_base/move_base', u'cmd_vel:=cmd_vel', u'odom:=odom', u'map:=map', u'__name:=move_base', u'__log:=/home/fetch/.ros/log/d92112f8-1db3-11eb-bc6e-000babe55698/move_base-4.log']]
[roslaunch][INFO] 2020-11-03 01:18:09,266: process[move_base-4]: cwd will be [/home/fetch/.ros]
[roslaunch][INFO] 2020-11-03 01:18:09,268: process[move_base-4]: started with pid [20509]
[roslaunch][INFO] 2020-11-03 01:18:10,370: [move_base-4] process has finished cleanly
log file: /home/fetch/.ros/log/d92112f8-1db3-11eb-bc6e-000babe55698/move_base-4*.log
[roslaunch][INFO] 2020-11-03 01:18:10,370: [move_base-4] restarting process
[roslaunch][INFO] 2020-11-03 01:18:10,370: process[move_base-4]: restarting os process
[roslaunch][INFO] 2020-11-03 01:18:10,370: process[move_base-4]: start w/ args [[u'/opt/ros/indigo/lib/move_base/move_base', u'cmd_vel:=cmd_vel', u'odom:=odom', u'map:=map', u'__name:=move_base', u'__log:=/home/fetch/.ros/log/d92112f8-1db3-11eb-bc6e-000babe55698/move_base-4.log']]
[roslaunch][INFO] 2020-11-03 01:18:10,371: process[move_base-4]: cwd will be [/home/fetch/.ros]
[roslaunch][INFO] 2020-11-03 01:18:10,373: process[move_base-4]: started with pid [21619]
[roslaunch][INFO] 2020-11-03 01:18:11,475: [move_base-4] process has finished cleanly
log file: /home/fetch/.ros/log/d92112f8-1db3-11eb-bc6e-000babe55698/move_base-4*.log
[roslaunch][INFO] 2020-11-03 01:18:11,475: [move_base-4] restarting process
[roslaunch][INFO] 2020-11-03 01:18:11,475: process[move_base-4]: restarting os process
[roslaunch][INFO] 2020-11-03 01:18:11,475: process[move_base-4]: start w/ args [[u'/opt/ros/indigo/lib/move_base/move_base', u'cmd_vel:=cmd_vel', u'odom:=odom', u'map:=map', u'__name:=move_base', u'__log:=/home/fetch/.ros/log/d92112f8-1db3-11eb-bc6e-000babe55698/move_base-4.log']]
[roslaunch][INFO] 2020-11-03 01:18:11,475: process[move_base-4]: cwd will be [/home/fetch/.ros]
[roslaunch][INFO] 2020-11-03 01:18:11,477: process[move_base-4]: started with pid [22735]
[roslaunch][INFO] 2020-11-03 01:18:12,579: [move_base-4] process has finished cleanly
log file: /home/fetch/.ros/log/d92112f8-1db3-11eb-bc6e-000babe55698/move_base-4*.log
[roslaunch][INFO] 2020-11-03 01:18:12,579: [move_base-4] restarting process
[roslaunch][INFO] 2020-11-03 01:18:12,579: process[move_base-4]: restarting os process
[roslaunch][INFO] 2020-11-03 01:18:12,579: process[move_base-4]: start w/ args [[u'/opt/ros/indigo/lib/move_base/move_base', u'cmd_vel:=cmd_vel', u'odom:=odom', u'map:=map', u'__name:=move_base', u'__log:=/home/fetch/.ros/log/d92112f8-1db3-11eb-bc6e-000babe55698/move_base-4.log']]
[roslaunch][INFO] 2020-11-03 01:18:12,580: process[move_base-4]: cwd will be [/home/fetch/.ros]
[roslaunch][INFO] 2020-11-03 01:18:12,582: process[move_base-4]: started with pid [23851]
[roslaunch][INFO] 2020-11-03 01:18:13,683: [move_base-4] process has finished cleanly
log file: /home/fetch/.ros/log/d92112f8-1db3-11eb-bc6e-000babe55698/move_base-4*.log
[roslaunch][INFO] 2020-11-03 01:18:13,684: [move_base-4] restarting process
[roslaunch][INFO] 2020-11-03 01:18:13,684: process[move_base-4]: restarting os process
[roslaunch][INFO] 2020-11-03 01:18:13,684: process[move_base-4]: start w/ args [[u'/opt/ros/indigo/lib/move_base/move_base', u'cmd_vel:=cmd_vel', u'odom:=odom', u'map:=map', u'__name:=move_base', u'__log:=/home/fetch/.ros/log/d92112f8-1db3-11eb-bc6e-000babe55698/move_base-4.log']]
[roslaunch][INFO] 2020-11-03 01:18:13,684: process[move_base-4]: cwd will be [/home/fetch/.ros]
[roslaunch][INFO] 2020-11-03 01:18:13,686: process[move_base-4]: started with pid [24963]
[roslaunch][INFO] 2020-11-03 01:18:14,788: [move_base-4] process has finished cleanly
log file: /home/fetch/.ros/log/d92112f8-1db3-11eb-bc6e-000babe55698/move_base-4*.log
[roslaunch][INFO] 2020-11-03 01:18:14,788: [move_base-4] restarting process
[roslaunch][INFO] 2020-11-03 01:18:14,788: process[move_base-4]: restarting os process
[roslaunch][INFO] 2020-11-03 01:18:14,788: process[move_base-4]: start w/ args [[u'/opt/ros/indigo/lib/move_base/move_base', u'cmd_vel:=cmd_vel', u'odom:=odom', u'map:=map', u'__name:=move_base', u'__log:=/home/fetch/.ros/log/d92112f8-1db3-11eb-bc6e-000babe55698/move_base-4.log']]
[roslaunch][INFO] 2020-11-03 01:18:14,788: process[move_base-4]: cwd will be [/home/fetch/.ros]
[roslaunch][INFO] 2020-11-03 01:18:14,790: process[move_base-4]: started with pid [26079]
[roslaunch][INFO] 2020-11-03 01:18:15,892: [move_base-4] process has finished cleanly
log file: /home/fetch/.ros/log/d92112f8-1db3-11eb-bc6e-000babe55698/move_base-4*.log
[roslaunch][INFO] 2020-11-03 01:18:15,893: [move_base-4] restarting process
[roslaunch][INFO] 2020-11-03 01:18:15,893: process[move_base-4]: restarting os process
[roslaunch][INFO] 2020-11-03 01:18:15,893: process[move_base-4]: start w/ args [[u'/opt/ros/indigo/lib/move_base/move_base', u'cmd_vel:=cmd_vel', u'odom:=odom', u'map:=map', u'__name:=move_base', u'__log:=/home/fetch/.ros/log/d92112f8-1db3-11eb-bc6e-000babe55698/move_base-4.log']]
[roslaunch][INFO] 2020-11-03 01:18:15,893: process[move_base-4]: cwd will be [/home/fetch/.ros]
[roslaunch][INFO] 2020-11-03 01:18:15,895: process[move_base-4]: started with pid [27189]
[roslaunch][INFO] 2020-11-03 01:18:16,997: [move_base-4] process has finished cleanly
log file: /home/fetch/.ros/log/d92112f8-1db3-11eb-bc6e-000babe55698/move_base-4*.log
[roslaunch][INFO] 2020-11-03 01:18:16,997: [move_base-4] restarting process
[roslaunch][INFO] 2020-11-03 01:18:16,997: process[move_base-4]: restarting os process
[roslaunch][INFO] 2020-11-03 01:18:16,997: process[move_base-4]: start w/ args [[u'/opt/ros/indigo/lib/move_base/move_base', u'cmd_vel:=cmd_vel', u'odom:=odom', u'map:=map', u'__name:=move_base', u'__log:=/home/fetch/.ros/log/d92112f8-1db3-11eb-bc6e-000babe55698/move_base-4.log']]
[roslaunch][INFO] 2020-11-03 01:18:16,997: process[move_base-4]: cwd will be [/home/fetch/.ros]
[roslaunch][INFO] 2020-11-03 01:18:17,000: process[move_base-4]: started with pid [28305]
[roslaunch][INFO] 2020-11-03 01:18:18,102: [move_base-4] process has finished cleanly
log file: /home/fetch/.ros/log/d92112f8-1db3-11eb-bc6e-000babe55698/move_base-4*.log
[roslaunch][INFO] 2020-11-03 01:18:18,102: [move_base-4] restarting process
[roslaunch][INFO] 2020-11-03 01:18:18,102: process[move_base-4]: restarting os process
[roslaunch][INFO] 2020-11-03 01:18:18,102: process[move_base-4]: start w/ args [[u'/opt/ros/indigo/lib/move_base/move_base', u'cmd_vel:=cmd_vel', u'odom:=odom', u'map:=map', u'__name:=move_base', u'__log:=/home/fetch/.ros/log/d92112f8-1db3-11eb-bc6e-000babe55698/move_base-4.log']]
[roslaunch][INFO] 2020-11-03 01:18:18,102: process[move_base-4]: cwd will be [/home/fetch/.ros]
[roslaunch][INFO] 2020-11-03 01:18:18,104: process[move_base-4]: started with pid [29415]
[roslaunch.pmon][INFO] 2020-11-03 01:18:18,185: ProcessMonitor.shutdown <ProcessMonitor(ProcessMonitor-1, started daemon 140532211848960)>
[roslaunch.pmon][INFO] 2020-11-03 01:18:18,205: ProcessMonitor._post_run <ProcessMonitor(ProcessMonitor-1, started daemon 140532211848960)>
[roslaunch.pmon][INFO] 2020-11-03 01:18:18,205: ProcessMonitor._post_run <ProcessMonitor(ProcessMonitor-1, started daemon 140532211848960)>: remaining procs are [<roslaunch.nodeprocess.LocalProcess object at 0x7fd034b2a790>, <roslaunch.nodeprocess.LocalProcess object at 0x7fd034b2a710>, <roslaunch.nodeprocess.LocalProcess object at 0x7fd034b2a750>, <roslaunch.nodeprocess.LocalProcess object at 0x7fd0340ee3d0>]
[roslaunch.pmon][INFO] 2020-11-03 01:18:18,205: ProcessMonitor exit: killing move_base-4
[roslaunch.pmon][INFO] 2020-11-03 01:18:18,205: ProcessMonitor exit: killing amcl-3
[roslaunch][INFO] 2020-11-03 01:18:18,206: [move_base-4] killing on exit
[roslaunch.pmon][INFO] 2020-11-03 01:18:18,206: ProcessMonitor exit: killing rviz-2
[roslaunch.pmon][INFO] 2020-11-03 01:18:18,206: ProcessMonitor exit: killing map_server-1
[roslaunch][INFO] 2020-11-03 01:18:18,206: [amcl-3] killing on exit
[roslaunch][INFO] 2020-11-03 01:18:18,206: [rviz-2] killing on exit
[roslaunch][INFO] 2020-11-03 01:18:18,206: [map_server-1] killing on exit
[roslaunch][INFO] 2020-11-03 01:18:18,206: process[move_base-4]: killing os process with pid[29415] pgid[29415]
[roslaunch][INFO] 2020-11-03 01:18:18,207: [move_base-4] sending SIGINT to pgid [29415]
[roslaunch][INFO] 2020-11-03 01:18:18,207: process[rviz-2]: killing os process with pid[32147] pgid[32147]
[roslaunch][INFO] 2020-11-03 01:18:18,207: [rviz-2] sending SIGINT to pgid [32147]
[roslaunch][INFO] 2020-11-03 01:18:18,207: process[amcl-3]: killing os process with pid[32148] pgid[32148]
[roslaunch][INFO] 2020-11-03 01:18:18,207: [move_base-4] sent SIGINT to pgid [29415]
[roslaunch][INFO] 2020-11-03 01:18:18,207: process[map_server-1]: killing os process with pid[32146] pgid[32146]
[roslaunch][INFO] 2020-11-03 01:18:18,207: [rviz-2] sent SIGINT to pgid [32147]
[roslaunch][INFO] 2020-11-03 01:18:18,208: [amcl-3] sending SIGINT to pgid [32148]
[roslaunch][INFO] 2020-11-03 01:18:18,208: [map_server-1] sending SIGINT to pgid [32146]
[roslaunch][INFO] 2020-11-03 01:18:18,208: [amcl-3] sent SIGINT to pgid [32148]
[roslaunch][INFO] 2020-11-03 01:18:18,208: [map_server-1] sent SIGINT to pgid [32146]
[roslaunch][INFO] 2020-11-03 01:18:18,408: process[map_server-1]: SIGINT killed with return value 0
[roslaunch][INFO] 2020-11-03 01:18:18,609: process[amcl-3]: SIGINT killed with return value 0
[roslaunch][INFO] 2020-11-03 01:18:18,709: process[rviz-2]: SIGINT killed with return value 0
[roslaunch][INFO] 2020-11-03 01:18:18,909: process[move_base-4]: SIGINT killed with return value 0
[roslaunch.pmon][INFO] 2020-11-03 01:18:18,909: ProcessMonitor exit: cleaning up data structures and signals
[roslaunch.pmon][INFO] 2020-11-03 01:18:18,909: ProcessMonitor exit: pmon has shutdown
[roslaunch][INFO] 2020-11-03 01:18:18,949: process monitor is done spinning, initiating full shutdown
[roslaunch][INFO] 2020-11-03 01:18:18,949: runner.stop()
[roslaunch][INFO] 2020-11-03 01:18:18,949: shutting down processing monitor...
[roslaunch][INFO] 2020-11-03 01:18:18,949: shutting down processing monitor <ProcessMonitor(ProcessMonitor-1, stopped daemon 140532211848960)>
[roslaunch.pmon][INFO] 2020-11-03 01:18:18,949: ProcessMonitor.shutdown <ProcessMonitor(ProcessMonitor-1, stopped daemon 140532211848960)>
[roslaunch][INFO] 2020-11-03 01:18:18,949: ... shutting down processing monitor complete
[roslaunch][INFO] 2020-11-03 01:18:18,949: done
[roslaunch.pmon][INFO] 2020-11-03 01:18:18,950: ProcessMonitor.shutdown <ProcessMonitor(ProcessMonitor-1, stopped daemon 140532211848960)>
[rospy.core][INFO] 2020-11-03 01:18:18,950: signal_shutdown [atexit]
