[roslaunch][INFO] 2020-11-03 01:17:14,420: Checking log directory for disk usage. This may take awhile.
Press Ctrl-C to interrupt
[roslaunch][INFO] 2020-11-03 01:17:14,424: Done checking log file disk usage. Usage is <1GB.
[roslaunch][INFO] 2020-11-03 01:17:14,424: roslaunch starting with args ['/opt/ros/indigo/bin/roslaunch', 'fetch_navigation', 'freight_nav.launch']
[roslaunch][INFO] 2020-11-03 01:17:14,424: roslaunch env is {'ROS_DISTRO': 'indigo', 'NVM_CD_FLAGS': '', 'LESSOPEN': '| /usr/bin/lesspipe %s', 'SSH_CLIENT': '172.22.77.105 54683 22', 'CPATH': '/home/fetch/catkin_ws/devel/include:/opt/ros/indigo/include', 'LOGNAME': 'fetch', 'USER': 'fetch', 'NVM_DIR': '/home/fetch/.nvm', 'PATH': '/home/fetch/.nvm/versions/node/v10.15.3/bin:/opt/ros/indigo/bin:/usr/local/sbin:/usr/local/bin:/usr/sbin:/usr/bin:/sbin:/bin:/usr/games:/usr/local/games', 'HOME': '/home/fetch', 'VIRTUALENVWRAPPER_SCRIPT': '/usr/share/virtualenvwrapper/virtualenvwrapper.sh', 'LD_LIBRARY_PATH': '/home/fetch/catkin_ws/devel/lib:/opt/ros/indigo/lib', 'LANG': 'en_US.UTF-8', 'TERM': 'xterm-256color', 'SHELL': '/bin/bash', 'ROS_LOG_FILENAME': '/home/fetch/.ros/log/d92112f8-1db3-11eb-bc6e-000babe55698/roslaunch-freight1207-2647.log', 'SHLVL': '1', 'QT_QPA_PLATFORMTHEME': 'appmenu-qt5', 'ROS_ETC_DIR': '/opt/ros/indigo/etc/ros', 'DISPLAY': 'localhost:14.0', 'NVM_BIN': '/home/fetch/.nvm/versions/node/v10.15.3/bin', '_VIRTUALENVWRAPPER_API': ' mkvirtualenv rmvirtualenv lsvirtualenv showvirtualenv workon add2virtualenv cdsitepackages cdvirtualenv lssitepackages toggleglobalsitepackages cpvirtualenv setvirtualenvproject mkproject cdproject mktmpenv mkvirtualenv rmvirtualenv lsvirtualenv showvirtualenv workon add2virtualenv cdsitepackages cdvirtualenv lssitepackages toggleglobalsitepackages cpvirtualenv setvirtualenvproject mkproject cdproject mktmpenv', 'CMAKE_PREFIX_PATH': '/home/fetch/catkin_ws/devel:/opt/ros/indigo', 'XDG_RUNTIME_DIR': '/run/user/1000', 'PYTHONPATH': '/home/fetch/catkin_ws/devel/lib/python2.7/dist-packages:/opt/ros/indigo/lib/python2.7/dist-packages', 'ROS_ROOT': '/opt/ros/indigo/share/ros', 'PKG_CONFIG_PATH': '/home/fetch/catkin_ws/devel/lib/pkgconfig:/opt/ros/indigo/lib/pkgconfig', 'ROS_PACKAGE_PATH': '/home/fetch/catkin_ws/src:/opt/ros/indigo/share:/opt/ros/indigo/stacks', 'XDG_SESSION_ID': '5', '_': '/opt/ros/indigo/bin/roslaunch', 'SSH_CONNECTION': '172.22.77.105 54683 172.22.77.172 22', 'LESSCLOSE': '/usr/bin/lesspipe %s %s', 'SSH_TTY': '/dev/pts/29', 'PWD': '/home/fetch', 'ROS_MASTER_URI': 'http://localhost:11311', 'MAIL': '/var/mail/fetch', 'LS_COLORS': 'rs=0:di=01;34:ln=01;36:mh=00:pi=40;33:so=01;35:do=01;35:bd=40;33;01:cd=40;33;01:or=40;31;01:su=37;41:sg=30;43:ca=30;41:tw=30;42:ow=34;42:st=37;44:ex=01;32:*.tar=01;31:*.tgz=01;31:*.arj=01;31:*.taz=01;31:*.lzh=01;31:*.lzma=01;31:*.tlz=01;31:*.txz=01;31:*.zip=01;31:*.z=01;31:*.Z=01;31:*.dz=01;31:*.gz=01;31:*.lz=01;31:*.xz=01;31:*.bz2=01;31:*.bz=01;31:*.tbz=01;31:*.tbz2=01;31:*.tz=01;31:*.deb=01;31:*.rpm=01;31:*.jar=01;31:*.war=01;31:*.ear=01;31:*.sar=01;31:*.rar=01;31:*.ace=01;31:*.zoo=01;31:*.cpio=01;31:*.7z=01;31:*.rz=01;31:*.jpg=01;35:*.jpeg=01;35:*.gif=01;35:*.bmp=01;35:*.pbm=01;35:*.pgm=01;35:*.ppm=01;35:*.tga=01;35:*.xbm=01;35:*.xpm=01;35:*.tif=01;35:*.tiff=01;35:*.png=01;35:*.svg=01;35:*.svgz=01;35:*.mng=01;35:*.pcx=01;35:*.mov=01;35:*.mpg=01;35:*.mpeg=01;35:*.m2v=01;35:*.mkv=01;35:*.webm=01;35:*.ogm=01;35:*.mp4=01;35:*.m4v=01;35:*.mp4v=01;35:*.vob=01;35:*.qt=01;35:*.nuv=01;35:*.wmv=01;35:*.asf=01;35:*.rm=01;35:*.rmvb=01;35:*.flc=01;35:*.avi=01;35:*.fli=01;35:*.flv=01;35:*.gl=01;35:*.dl=01;35:*.xcf=01;35:*.xwd=01;35:*.yuv=01;35:*.cgm=01;35:*.emf=01;35:*.axv=01;35:*.anx=01;35:*.ogv=01;35:*.ogx=01;35:*.aac=00;36:*.au=00;36:*.flac=00;36:*.mid=00;36:*.midi=00;36:*.mka=00;36:*.mp3=00;36:*.mpc=00;36:*.ogg=00;36:*.ra=00;36:*.wav=00;36:*.axa=00;36:*.oga=00;36:*.spx=00;36:*.xspf=00;36:'}
[roslaunch][INFO] 2020-11-03 01:17:14,424: starting in server mode
[roslaunch.parent][INFO] 2020-11-03 01:17:14,424: starting roslaunch parent run
[roslaunch][INFO] 2020-11-03 01:17:14,424: loading roscore config file /opt/ros/indigo/etc/ros/roscore.xml
[roslaunch][INFO] 2020-11-03 01:17:14,491: Added core node of type [rosout/rosout] in namespace [/]
[roslaunch.config][INFO] 2020-11-03 01:17:14,492: loading config file /opt/ros/indigo/share/fetch_navigation/launch/freight_nav.launch
[roslaunch][INFO] 2020-11-03 01:17:14,523: Added node of type [map_server/map_server] in namespace [/]
[roslaunch][INFO] 2020-11-03 01:17:14,524: Added node of type [rviz/rviz] in namespace [/]
[roslaunch][INFO] 2020-11-03 01:17:14,529: Added node of type [amcl/amcl] in namespace [/]
[roslaunch][INFO] 2020-11-03 01:17:14,546: Added node of type [move_base/move_base] in namespace [/]
[roslaunch][INFO] 2020-11-03 01:17:14,546: ... selected machine [] for node of type [map_server/map_server]
[roslaunch][INFO] 2020-11-03 01:17:14,546: ... selected machine [] for node of type [rviz/rviz]
[roslaunch][INFO] 2020-11-03 01:17:14,547: ... selected machine [] for node of type [amcl/amcl]
[roslaunch][INFO] 2020-11-03 01:17:14,547: ... selected machine [] for node of type [move_base/move_base]
[roslaunch.pmon][INFO] 2020-11-03 01:17:14,547: start_process_monitor: creating ProcessMonitor
[roslaunch.pmon][INFO] 2020-11-03 01:17:14,547: created process monitor <ProcessMonitor(ProcessMonitor-1, initial daemon)>
[roslaunch.pmon][INFO] 2020-11-03 01:17:14,548: start_process_monitor: ProcessMonitor started
[roslaunch.parent][INFO] 2020-11-03 01:17:14,548: starting parent XML-RPC server
[roslaunch.server][INFO] 2020-11-03 01:17:14,548: starting roslaunch XML-RPC server
[roslaunch.server][INFO] 2020-11-03 01:17:14,548: waiting for roslaunch XML-RPC server to initialize
[xmlrpc][INFO] 2020-11-03 01:17:14,548: XML-RPC server binding to 0.0.0.0:0
[xmlrpc][INFO] 2020-11-03 01:17:14,548: Started XML-RPC server [http://freight1207:44838/]
[xmlrpc][INFO] 2020-11-03 01:17:14,548: xml rpc node: starting XML-RPC server
[roslaunch][INFO] 2020-11-03 01:17:14,559: started roslaunch server http://freight1207:44838/
[roslaunch.parent][INFO] 2020-11-03 01:17:14,559: ... parent XML-RPC server started
[roslaunch][INFO] 2020-11-03 01:17:14,560: master.is_running[http://localhost:11311]
[roslaunch][INFO] 2020-11-03 01:17:14,561: master.is_running[http://localhost:11311]
[roslaunch][INFO] 2020-11-03 01:17:14,561: ROS_MASTER_URI=http://localhost:11311
[roslaunch][INFO] 2020-11-03 01:17:14,563: setting /roslaunch/uris/host_freight1207__44838' to http://freight1207:44838/
[roslaunch][INFO] 2020-11-03 01:17:14,564: load_parameters starting ...
[roslaunch][INFO] 2020-11-03 01:17:14,583: ... load_parameters complete
[roslaunch][INFO] 2020-11-03 01:17:14,583: launch_nodes: launching local nodes ...
[roslaunch][INFO] 2020-11-03 01:17:14,583: ... preparing to launch node of type [map_server/map_server]
[roslaunch][INFO] 2020-11-03 01:17:14,583: create_node_process: package[map_server] type[map_server] machine[Machine(name[] env_loader[None] address[localhost] ssh_port[22] user[None] assignable[True] timeout[10.0])] master_uri[http://localhost:11311]
[roslaunch][INFO] 2020-11-03 01:17:14,583: process[map_server-1]: env[{'ROS_DISTRO': 'indigo', 'NVM_CD_FLAGS': '', 'LESSOPEN': '| /usr/bin/lesspipe %s', 'SSH_CLIENT': '172.22.77.105 54683 22', 'CPATH': '/home/fetch/catkin_ws/devel/include:/opt/ros/indigo/include', 'LOGNAME': 'fetch', 'USER': 'fetch', 'NVM_DIR': '/home/fetch/.nvm', 'PATH': '/home/fetch/.nvm/versions/node/v10.15.3/bin:/opt/ros/indigo/bin:/usr/local/sbin:/usr/local/bin:/usr/sbin:/usr/bin:/sbin:/bin:/usr/games:/usr/local/games', 'HOME': '/home/fetch', 'VIRTUALENVWRAPPER_SCRIPT': '/usr/share/virtualenvwrapper/virtualenvwrapper.sh', 'ROS_LOG_FILENAME': '/home/fetch/.ros/log/d92112f8-1db3-11eb-bc6e-000babe55698/roslaunch-freight1207-2647.log', 'LANG': 'en_US.UTF-8', 'TERM': 'xterm-256color', 'SHELL': '/bin/bash', 'SHLVL': '1', 'QT_QPA_PLATFORMTHEME': 'appmenu-qt5', 'DISPLAY': 'localhost:14.0', 'NVM_BIN': '/home/fetch/.nvm/versions/node/v10.15.3/bin', '_VIRTUALENVWRAPPER_API': ' mkvirtualenv rmvirtualenv lsvirtualenv showvirtualenv workon add2virtualenv cdsitepackages cdvirtualenv lssitepackages toggleglobalsitepackages cpvirtualenv setvirtualenvproject mkproject cdproject mktmpenv mkvirtualenv rmvirtualenv lsvirtualenv showvirtualenv workon add2virtualenv cdsitepackages cdvirtualenv lssitepackages toggleglobalsitepackages cpvirtualenv setvirtualenvproject mkproject cdproject mktmpenv', 'CMAKE_PREFIX_PATH': '/home/fetch/catkin_ws/devel:/opt/ros/indigo', 'XDG_RUNTIME_DIR': '/run/user/1000', 'PYTHONPATH': '/home/fetch/catkin_ws/devel/lib/python2.7/dist-packages:/opt/ros/indigo/lib/python2.7/dist-packages', 'ROS_ROOT': '/opt/ros/indigo/share/ros', 'PKG_CONFIG_PATH': '/home/fetch/catkin_ws/devel/lib/pkgconfig:/opt/ros/indigo/lib/pkgconfig', 'ROS_PACKAGE_PATH': '/home/fetch/catkin_ws/src:/opt/ros/indigo/share:/opt/ros/indigo/stacks', 'XDG_SESSION_ID': '5', '_': '/opt/ros/indigo/bin/roslaunch', 'LD_LIBRARY_PATH': '/home/fetch/catkin_ws/devel/lib:/opt/ros/indigo/lib', 'LS_COLORS': 'rs=0:di=01;34:ln=01;36:mh=00:pi=40;33:so=01;35:do=01;35:bd=40;33;01:cd=40;33;01:or=40;31;01:su=37;41:sg=30;43:ca=30;41:tw=30;42:ow=34;42:st=37;44:ex=01;32:*.tar=01;31:*.tgz=01;31:*.arj=01;31:*.taz=01;31:*.lzh=01;31:*.lzma=01;31:*.tlz=01;31:*.txz=01;31:*.zip=01;31:*.z=01;31:*.Z=01;31:*.dz=01;31:*.gz=01;31:*.lz=01;31:*.xz=01;31:*.bz2=01;31:*.bz=01;31:*.tbz=01;31:*.tbz2=01;31:*.tz=01;31:*.deb=01;31:*.rpm=01;31:*.jar=01;31:*.war=01;31:*.ear=01;31:*.sar=01;31:*.rar=01;31:*.ace=01;31:*.zoo=01;31:*.cpio=01;31:*.7z=01;31:*.rz=01;31:*.jpg=01;35:*.jpeg=01;35:*.gif=01;35:*.bmp=01;35:*.pbm=01;35:*.pgm=01;35:*.ppm=01;35:*.tga=01;35:*.xbm=01;35:*.xpm=01;35:*.tif=01;35:*.tiff=01;35:*.png=01;35:*.svg=01;35:*.svgz=01;35:*.mng=01;35:*.pcx=01;35:*.mov=01;35:*.mpg=01;35:*.mpeg=01;35:*.m2v=01;35:*.mkv=01;35:*.webm=01;35:*.ogm=01;35:*.mp4=01;35:*.m4v=01;35:*.mp4v=01;35:*.vob=01;35:*.qt=01;35:*.nuv=01;35:*.wmv=01;35:*.asf=01;35:*.rm=01;35:*.rmvb=01;35:*.flc=01;35:*.avi=01;35:*.fli=01;35:*.flv=01;35:*.gl=01;35:*.dl=01;35:*.xcf=01;35:*.xwd=01;35:*.yuv=01;35:*.cgm=01;35:*.emf=01;35:*.axv=01;35:*.anx=01;35:*.ogv=01;35:*.ogx=01;35:*.aac=00;36:*.au=00;36:*.flac=00;36:*.mid=00;36:*.midi=00;36:*.mka=00;36:*.mp3=00;36:*.mpc=00;36:*.ogg=00;36:*.ra=00;36:*.wav=00;36:*.axa=00;36:*.oga=00;36:*.spx=00;36:*.xspf=00;36:', 'LESSCLOSE': '/usr/bin/lesspipe %s %s', 'SSH_TTY': '/dev/pts/29', 'PWD': '/home/fetch', 'ROS_ETC_DIR': '/opt/ros/indigo/etc/ros', 'ROS_MASTER_URI': 'http://localhost:11311', 'MAIL': '/var/mail/fetch', 'SSH_CONNECTION': '172.22.77.105 54683 172.22.77.172 22'}]
[roslaunch][INFO] 2020-11-03 01:17:14,614: process[map_server-1]: args[[u'/opt/ros/indigo/lib/map_server/map_server', '/home/fetch/final_map.yaml', u'__name:=map_server']]
[roslaunch][INFO] 2020-11-03 01:17:14,614: ... created process [map_server-1]
[roslaunch.pmon][INFO] 2020-11-03 01:17:14,614: ProcessMonitor.register[map_server-1]
[roslaunch.pmon][INFO] 2020-11-03 01:17:14,614: ProcessMonitor.register[map_server-1] complete
[roslaunch][INFO] 2020-11-03 01:17:14,614: ... registered process [map_server-1]
[roslaunch][INFO] 2020-11-03 01:17:14,614: process[map_server-1]: starting os process
[roslaunch][INFO] 2020-11-03 01:17:14,614: process[map_server-1]: start w/ args [[u'/opt/ros/indigo/lib/map_server/map_server', '/home/fetch/final_map.yaml', u'__name:=map_server', u'__log:=/home/fetch/.ros/log/d92112f8-1db3-11eb-bc6e-000babe55698/map_server-1.log']]
[roslaunch][INFO] 2020-11-03 01:17:14,614: process[map_server-1]: cwd will be [/home/fetch/.ros]
[roslaunch][INFO] 2020-11-03 01:17:14,616: process[map_server-1]: started with pid [2666]
[roslaunch][INFO] 2020-11-03 01:17:14,616: ... successfully launched [map_server-1]
[roslaunch][INFO] 2020-11-03 01:17:14,616: ... preparing to launch node of type [rviz/rviz]
[roslaunch][INFO] 2020-11-03 01:17:14,616: create_node_process: package[rviz] type[rviz] machine[Machine(name[] env_loader[None] address[localhost] ssh_port[22] user[None] assignable[True] timeout[10.0])] master_uri[http://localhost:11311]
[roslaunch][INFO] 2020-11-03 01:17:14,617: process[rviz-2]: env[{'ROS_DISTRO': 'indigo', 'NVM_CD_FLAGS': '', 'LESSOPEN': '| /usr/bin/lesspipe %s', 'SSH_CLIENT': '172.22.77.105 54683 22', 'CPATH': '/home/fetch/catkin_ws/devel/include:/opt/ros/indigo/include', 'LOGNAME': 'fetch', 'USER': 'fetch', 'NVM_DIR': '/home/fetch/.nvm', 'PATH': '/home/fetch/.nvm/versions/node/v10.15.3/bin:/opt/ros/indigo/bin:/usr/local/sbin:/usr/local/bin:/usr/sbin:/usr/bin:/sbin:/bin:/usr/games:/usr/local/games', 'HOME': '/home/fetch', 'VIRTUALENVWRAPPER_SCRIPT': '/usr/share/virtualenvwrapper/virtualenvwrapper.sh', 'ROS_LOG_FILENAME': '/home/fetch/.ros/log/d92112f8-1db3-11eb-bc6e-000babe55698/roslaunch-freight1207-2647.log', 'LANG': 'en_US.UTF-8', 'TERM': 'xterm-256color', 'SHELL': '/bin/bash', 'SHLVL': '1', 'QT_QPA_PLATFORMTHEME': 'appmenu-qt5', 'DISPLAY': 'localhost:14.0', 'NVM_BIN': '/home/fetch/.nvm/versions/node/v10.15.3/bin', '_VIRTUALENVWRAPPER_API': ' mkvirtualenv rmvirtualenv lsvirtualenv showvirtualenv workon add2virtualenv cdsitepackages cdvirtualenv lssitepackages toggleglobalsitepackages cpvirtualenv setvirtualenvproject mkproject cdproject mktmpenv mkvirtualenv rmvirtualenv lsvirtualenv showvirtualenv workon add2virtualenv cdsitepackages cdvirtualenv lssitepackages toggleglobalsitepackages cpvirtualenv setvirtualenvproject mkproject cdproject mktmpenv', 'CMAKE_PREFIX_PATH': '/home/fetch/catkin_ws/devel:/opt/ros/indigo', 'XDG_RUNTIME_DIR': '/run/user/1000', 'PYTHONPATH': '/home/fetch/catkin_ws/devel/lib/python2.7/dist-packages:/opt/ros/indigo/lib/python2.7/dist-packages', 'ROS_ROOT': '/opt/ros/indigo/share/ros', 'PKG_CONFIG_PATH': '/home/fetch/catkin_ws/devel/lib/pkgconfig:/opt/ros/indigo/lib/pkgconfig', 'ROS_PACKAGE_PATH': '/home/fetch/catkin_ws/src:/opt/ros/indigo/share:/opt/ros/indigo/stacks', 'XDG_SESSION_ID': '5', '_': '/opt/ros/indigo/bin/roslaunch', 'LD_LIBRARY_PATH': '/home/fetch/catkin_ws/devel/lib:/opt/ros/indigo/lib', 'LS_COLORS': 'rs=0:di=01;34:ln=01;36:mh=00:pi=40;33:so=01;35:do=01;35:bd=40;33;01:cd=40;33;01:or=40;31;01:su=37;41:sg=30;43:ca=30;41:tw=30;42:ow=34;42:st=37;44:ex=01;32:*.tar=01;31:*.tgz=01;31:*.arj=01;31:*.taz=01;31:*.lzh=01;31:*.lzma=01;31:*.tlz=01;31:*.txz=01;31:*.zip=01;31:*.z=01;31:*.Z=01;31:*.dz=01;31:*.gz=01;31:*.lz=01;31:*.xz=01;31:*.bz2=01;31:*.bz=01;31:*.tbz=01;31:*.tbz2=01;31:*.tz=01;31:*.deb=01;31:*.rpm=01;31:*.jar=01;31:*.war=01;31:*.ear=01;31:*.sar=01;31:*.rar=01;31:*.ace=01;31:*.zoo=01;31:*.cpio=01;31:*.7z=01;31:*.rz=01;31:*.jpg=01;35:*.jpeg=01;35:*.gif=01;35:*.bmp=01;35:*.pbm=01;35:*.pgm=01;35:*.ppm=01;35:*.tga=01;35:*.xbm=01;35:*.xpm=01;35:*.tif=01;35:*.tiff=01;35:*.png=01;35:*.svg=01;35:*.svgz=01;35:*.mng=01;35:*.pcx=01;35:*.mov=01;35:*.mpg=01;35:*.mpeg=01;35:*.m2v=01;35:*.mkv=01;35:*.webm=01;35:*.ogm=01;35:*.mp4=01;35:*.m4v=01;35:*.mp4v=01;35:*.vob=01;35:*.qt=01;35:*.nuv=01;35:*.wmv=01;35:*.asf=01;35:*.rm=01;35:*.rmvb=01;35:*.flc=01;35:*.avi=01;35:*.fli=01;35:*.flv=01;35:*.gl=01;35:*.dl=01;35:*.xcf=01;35:*.xwd=01;35:*.yuv=01;35:*.cgm=01;35:*.emf=01;35:*.axv=01;35:*.anx=01;35:*.ogv=01;35:*.ogx=01;35:*.aac=00;36:*.au=00;36:*.flac=00;36:*.mid=00;36:*.midi=00;36:*.mka=00;36:*.mp3=00;36:*.mpc=00;36:*.ogg=00;36:*.ra=00;36:*.wav=00;36:*.axa=00;36:*.oga=00;36:*.spx=00;36:*.xspf=00;36:', 'LESSCLOSE': '/usr/bin/lesspipe %s %s', 'SSH_TTY': '/dev/pts/29', 'PWD': '/home/fetch', 'ROS_ETC_DIR': '/opt/ros/indigo/etc/ros', 'ROS_MASTER_URI': 'http://localhost:11311', 'MAIL': '/var/mail/fetch', 'SSH_CONNECTION': '172.22.77.105 54683 172.22.77.172 22'}]
[roslaunch][INFO] 2020-11-03 01:17:14,619: process[rviz-2]: args[[u'/opt/ros/indigo/lib/rviz/rviz', '/opt/ros/indigo/share/fetch_navigation/config/navigation.rviz', u'__name:=rviz']]
[roslaunch][INFO] 2020-11-03 01:17:14,619: ... created process [rviz-2]
[roslaunch.pmon][INFO] 2020-11-03 01:17:14,619: ProcessMonitor.register[rviz-2]
[roslaunch.pmon][INFO] 2020-11-03 01:17:14,619: ProcessMonitor.register[rviz-2] complete
[roslaunch][INFO] 2020-11-03 01:17:14,619: ... registered process [rviz-2]
[roslaunch][INFO] 2020-11-03 01:17:14,619: process[rviz-2]: starting os process
[roslaunch][INFO] 2020-11-03 01:17:14,619: process[rviz-2]: start w/ args [[u'/opt/ros/indigo/lib/rviz/rviz', '/opt/ros/indigo/share/fetch_navigation/config/navigation.rviz', u'__name:=rviz', u'__log:=/home/fetch/.ros/log/d92112f8-1db3-11eb-bc6e-000babe55698/rviz-2.log']]
[roslaunch][INFO] 2020-11-03 01:17:14,619: process[rviz-2]: cwd will be [/home/fetch/.ros]
[roslaunch][INFO] 2020-11-03 01:17:14,621: process[rviz-2]: started with pid [2667]
[roslaunch][INFO] 2020-11-03 01:17:14,621: ... successfully launched [rviz-2]
[roslaunch][INFO] 2020-11-03 01:17:14,621: ... preparing to launch node of type [amcl/amcl]
[roslaunch][INFO] 2020-11-03 01:17:14,621: create_node_process: package[amcl] type[amcl] machine[Machine(name[] env_loader[None] address[localhost] ssh_port[22] user[None] assignable[True] timeout[10.0])] master_uri[http://localhost:11311]
[roslaunch][INFO] 2020-11-03 01:17:14,621: process[amcl-3]: env[{'ROS_DISTRO': 'indigo', 'NVM_CD_FLAGS': '', 'LESSOPEN': '| /usr/bin/lesspipe %s', 'SSH_CLIENT': '172.22.77.105 54683 22', 'CPATH': '/home/fetch/catkin_ws/devel/include:/opt/ros/indigo/include', 'LOGNAME': 'fetch', 'USER': 'fetch', 'NVM_DIR': '/home/fetch/.nvm', 'PATH': '/home/fetch/.nvm/versions/node/v10.15.3/bin:/opt/ros/indigo/bin:/usr/local/sbin:/usr/local/bin:/usr/sbin:/usr/bin:/sbin:/bin:/usr/games:/usr/local/games', 'HOME': '/home/fetch', 'VIRTUALENVWRAPPER_SCRIPT': '/usr/share/virtualenvwrapper/virtualenvwrapper.sh', 'ROS_LOG_FILENAME': '/home/fetch/.ros/log/d92112f8-1db3-11eb-bc6e-000babe55698/roslaunch-freight1207-2647.log', 'LANG': 'en_US.UTF-8', 'TERM': 'xterm-256color', 'SHELL': '/bin/bash', 'SHLVL': '1', 'QT_QPA_PLATFORMTHEME': 'appmenu-qt5', 'DISPLAY': 'localhost:14.0', 'NVM_BIN': '/home/fetch/.nvm/versions/node/v10.15.3/bin', '_VIRTUALENVWRAPPER_API': ' mkvirtualenv rmvirtualenv lsvirtualenv showvirtualenv workon add2virtualenv cdsitepackages cdvirtualenv lssitepackages toggleglobalsitepackages cpvirtualenv setvirtualenvproject mkproject cdproject mktmpenv mkvirtualenv rmvirtualenv lsvirtualenv showvirtualenv workon add2virtualenv cdsitepackages cdvirtualenv lssitepackages toggleglobalsitepackages cpvirtualenv setvirtualenvproject mkproject cdproject mktmpenv', 'CMAKE_PREFIX_PATH': '/home/fetch/catkin_ws/devel:/opt/ros/indigo', 'XDG_RUNTIME_DIR': '/run/user/1000', 'PYTHONPATH': '/home/fetch/catkin_ws/devel/lib/python2.7/dist-packages:/opt/ros/indigo/lib/python2.7/dist-packages', 'ROS_ROOT': '/opt/ros/indigo/share/ros', 'PKG_CONFIG_PATH': '/home/fetch/catkin_ws/devel/lib/pkgconfig:/opt/ros/indigo/lib/pkgconfig', 'ROS_PACKAGE_PATH': '/home/fetch/catkin_ws/src:/opt/ros/indigo/share:/opt/ros/indigo/stacks', 'XDG_SESSION_ID': '5', '_': '/opt/ros/indigo/bin/roslaunch', 'LD_LIBRARY_PATH': '/home/fetch/catkin_ws/devel/lib:/opt/ros/indigo/lib', 'LS_COLORS': 'rs=0:di=01;34:ln=01;36:mh=00:pi=40;33:so=01;35:do=01;35:bd=40;33;01:cd=40;33;01:or=40;31;01:su=37;41:sg=30;43:ca=30;41:tw=30;42:ow=34;42:st=37;44:ex=01;32:*.tar=01;31:*.tgz=01;31:*.arj=01;31:*.taz=01;31:*.lzh=01;31:*.lzma=01;31:*.tlz=01;31:*.txz=01;31:*.zip=01;31:*.z=01;31:*.Z=01;31:*.dz=01;31:*.gz=01;31:*.lz=01;31:*.xz=01;31:*.bz2=01;31:*.bz=01;31:*.tbz=01;31:*.tbz2=01;31:*.tz=01;31:*.deb=01;31:*.rpm=01;31:*.jar=01;31:*.war=01;31:*.ear=01;31:*.sar=01;31:*.rar=01;31:*.ace=01;31:*.zoo=01;31:*.cpio=01;31:*.7z=01;31:*.rz=01;31:*.jpg=01;35:*.jpeg=01;35:*.gif=01;35:*.bmp=01;35:*.pbm=01;35:*.pgm=01;35:*.ppm=01;35:*.tga=01;35:*.xbm=01;35:*.xpm=01;35:*.tif=01;35:*.tiff=01;35:*.png=01;35:*.svg=01;35:*.svgz=01;35:*.mng=01;35:*.pcx=01;35:*.mov=01;35:*.mpg=01;35:*.mpeg=01;35:*.m2v=01;35:*.mkv=01;35:*.webm=01;35:*.ogm=01;35:*.mp4=01;35:*.m4v=01;35:*.mp4v=01;35:*.vob=01;35:*.qt=01;35:*.nuv=01;35:*.wmv=01;35:*.asf=01;35:*.rm=01;35:*.rmvb=01;35:*.flc=01;35:*.avi=01;35:*.fli=01;35:*.flv=01;35:*.gl=01;35:*.dl=01;35:*.xcf=01;35:*.xwd=01;35:*.yuv=01;35:*.cgm=01;35:*.emf=01;35:*.axv=01;35:*.anx=01;35:*.ogv=01;35:*.ogx=01;35:*.aac=00;36:*.au=00;36:*.flac=00;36:*.mid=00;36:*.midi=00;36:*.mka=00;36:*.mp3=00;36:*.mpc=00;36:*.ogg=00;36:*.ra=00;36:*.wav=00;36:*.axa=00;36:*.oga=00;36:*.spx=00;36:*.xspf=00;36:', 'LESSCLOSE': '/usr/bin/lesspipe %s %s', 'SSH_TTY': '/dev/pts/29', 'PWD': '/home/fetch', 'ROS_ETC_DIR': '/opt/ros/indigo/etc/ros', 'ROS_MASTER_URI': 'http://localhost:11311', 'MAIL': '/var/mail/fetch', 'SSH_CONNECTION': '172.22.77.105 54683 172.22.77.172 22'}]
[roslaunch][INFO] 2020-11-03 01:17:14,622: process[amcl-3]: args[[u'/opt/ros/indigo/lib/amcl/amcl', u'scan:=base_scan', u'map:=map', u'__name:=amcl']]
[roslaunch][INFO] 2020-11-03 01:17:14,622: ... created process [amcl-3]
[roslaunch.pmon][INFO] 2020-11-03 01:17:14,622: ProcessMonitor.register[amcl-3]
[roslaunch.pmon][INFO] 2020-11-03 01:17:14,622: ProcessMonitor.register[amcl-3] complete
[roslaunch][INFO] 2020-11-03 01:17:14,622: ... registered process [amcl-3]
[roslaunch][INFO] 2020-11-03 01:17:14,622: process[amcl-3]: starting os process
[roslaunch][INFO] 2020-11-03 01:17:14,622: process[amcl-3]: start w/ args [[u'/opt/ros/indigo/lib/amcl/amcl', u'scan:=base_scan', u'map:=map', u'__name:=amcl', u'__log:=/home/fetch/.ros/log/d92112f8-1db3-11eb-bc6e-000babe55698/amcl-3.log']]
[roslaunch][INFO] 2020-11-03 01:17:14,622: process[amcl-3]: cwd will be [/home/fetch/.ros]
[roslaunch][INFO] 2020-11-03 01:17:14,624: process[amcl-3]: started with pid [2668]
[roslaunch][INFO] 2020-11-03 01:17:14,624: ... successfully launched [amcl-3]
[roslaunch][INFO] 2020-11-03 01:17:14,624: ... preparing to launch node of type [move_base/move_base]
[roslaunch][INFO] 2020-11-03 01:17:14,624: create_node_process: package[move_base] type[move_base] machine[Machine(name[] env_loader[None] address[localhost] ssh_port[22] user[None] assignable[True] timeout[10.0])] master_uri[http://localhost:11311]
[roslaunch][INFO] 2020-11-03 01:17:14,625: process[move_base-4]: env[{'ROS_DISTRO': 'indigo', 'NVM_CD_FLAGS': '', 'LESSOPEN': '| /usr/bin/lesspipe %s', 'SSH_CLIENT': '172.22.77.105 54683 22', 'CPATH': '/home/fetch/catkin_ws/devel/include:/opt/ros/indigo/include', 'LOGNAME': 'fetch', 'USER': 'fetch', 'NVM_DIR': '/home/fetch/.nvm', 'PATH': '/home/fetch/.nvm/versions/node/v10.15.3/bin:/opt/ros/indigo/bin:/usr/local/sbin:/usr/local/bin:/usr/sbin:/usr/bin:/sbin:/bin:/usr/games:/usr/local/games', 'HOME': '/home/fetch', 'VIRTUALENVWRAPPER_SCRIPT': '/usr/share/virtualenvwrapper/virtualenvwrapper.sh', 'ROS_LOG_FILENAME': '/home/fetch/.ros/log/d92112f8-1db3-11eb-bc6e-000babe55698/roslaunch-freight1207-2647.log', 'LANG': 'en_US.UTF-8', 'TERM': 'xterm-256color', 'SHELL': '/bin/bash', 'SHLVL': '1', 'QT_QPA_PLATFORMTHEME': 'appmenu-qt5', 'DISPLAY': 'localhost:14.0', 'NVM_BIN': '/home/fetch/.nvm/versions/node/v10.15.3/bin', '_VIRTUALENVWRAPPER_API': ' mkvirtualenv rmvirtualenv lsvirtualenv showvirtualenv workon add2virtualenv cdsitepackages cdvirtualenv lssitepackages toggleglobalsitepackages cpvirtualenv setvirtualenvproject mkproject cdproject mktmpenv mkvirtualenv rmvirtualenv lsvirtualenv showvirtualenv workon add2virtualenv cdsitepackages cdvirtualenv lssitepackages toggleglobalsitepackages cpvirtualenv setvirtualenvproject mkproject cdproject mktmpenv', 'CMAKE_PREFIX_PATH': '/home/fetch/catkin_ws/devel:/opt/ros/indigo', 'XDG_RUNTIME_DIR': '/run/user/1000', 'PYTHONPATH': '/home/fetch/catkin_ws/devel/lib/python2.7/dist-packages:/opt/ros/indigo/lib/python2.7/dist-packages', 'ROS_ROOT': '/opt/ros/indigo/share/ros', 'PKG_CONFIG_PATH': '/home/fetch/catkin_ws/devel/lib/pkgconfig:/opt/ros/indigo/lib/pkgconfig', 'ROS_PACKAGE_PATH': '/home/fetch/catkin_ws/src:/opt/ros/indigo/share:/opt/ros/indigo/stacks', 'XDG_SESSION_ID': '5', '_': '/opt/ros/indigo/bin/roslaunch', 'LD_LIBRARY_PATH': '/home/fetch/catkin_ws/devel/lib:/opt/ros/indigo/lib', 'LS_COLORS': 'rs=0:di=01;34:ln=01;36:mh=00:pi=40;33:so=01;35:do=01;35:bd=40;33;01:cd=40;33;01:or=40;31;01:su=37;41:sg=30;43:ca=30;41:tw=30;42:ow=34;42:st=37;44:ex=01;32:*.tar=01;31:*.tgz=01;31:*.arj=01;31:*.taz=01;31:*.lzh=01;31:*.lzma=01;31:*.tlz=01;31:*.txz=01;31:*.zip=01;31:*.z=01;31:*.Z=01;31:*.dz=01;31:*.gz=01;31:*.lz=01;31:*.xz=01;31:*.bz2=01;31:*.bz=01;31:*.tbz=01;31:*.tbz2=01;31:*.tz=01;31:*.deb=01;31:*.rpm=01;31:*.jar=01;31:*.war=01;31:*.ear=01;31:*.sar=01;31:*.rar=01;31:*.ace=01;31:*.zoo=01;31:*.cpio=01;31:*.7z=01;31:*.rz=01;31:*.jpg=01;35:*.jpeg=01;35:*.gif=01;35:*.bmp=01;35:*.pbm=01;35:*.pgm=01;35:*.ppm=01;35:*.tga=01;35:*.xbm=01;35:*.xpm=01;35:*.tif=01;35:*.tiff=01;35:*.png=01;35:*.svg=01;35:*.svgz=01;35:*.mng=01;35:*.pcx=01;35:*.mov=01;35:*.mpg=01;35:*.mpeg=01;35:*.m2v=01;35:*.mkv=01;35:*.webm=01;35:*.ogm=01;35:*.mp4=01;35:*.m4v=01;35:*.mp4v=01;35:*.vob=01;35:*.qt=01;35:*.nuv=01;35:*.wmv=01;35:*.asf=01;35:*.rm=01;35:*.rmvb=01;35:*.flc=01;35:*.avi=01;35:*.fli=01;35:*.flv=01;35:*.gl=01;35:*.dl=01;35:*.xcf=01;35:*.xwd=01;35:*.yuv=01;35:*.cgm=01;35:*.emf=01;35:*.axv=01;35:*.anx=01;35:*.ogv=01;35:*.ogx=01;35:*.aac=00;36:*.au=00;36:*.flac=00;36:*.mid=00;36:*.midi=00;36:*.mka=00;36:*.mp3=00;36:*.mpc=00;36:*.ogg=00;36:*.ra=00;36:*.wav=00;36:*.axa=00;36:*.oga=00;36:*.spx=00;36:*.xspf=00;36:', 'LESSCLOSE': '/usr/bin/lesspipe %s %s', 'SSH_TTY': '/dev/pts/29', 'PWD': '/home/fetch', 'ROS_ETC_DIR': '/opt/ros/indigo/etc/ros', 'ROS_MASTER_URI': 'http://localhost:11311', 'MAIL': '/var/mail/fetch', 'SSH_CONNECTION': '172.22.77.105 54683 172.22.77.172 22'}]
[roslaunch][INFO] 2020-11-03 01:17:14,625: process[move_base-4]: args[[u'/opt/ros/indigo/lib/move_base/move_base', u'cmd_vel:=cmd_vel', u'odom:=odom', u'map:=map', u'__name:=move_base']]
[roslaunch][INFO] 2020-11-03 01:17:14,625: ... created process [move_base-4]
[roslaunch.pmon][INFO] 2020-11-03 01:17:14,625: ProcessMonitor.register[move_base-4]
[roslaunch.pmon][INFO] 2020-11-03 01:17:14,625: ProcessMonitor.register[move_base-4] complete
[roslaunch][INFO] 2020-11-03 01:17:14,625: ... registered process [move_base-4]
[roslaunch][INFO] 2020-11-03 01:17:14,625: process[move_base-4]: starting os process
[roslaunch][INFO] 2020-11-03 01:17:14,625: process[move_base-4]: start w/ args [[u'/opt/ros/indigo/lib/move_base/move_base', u'cmd_vel:=cmd_vel', u'odom:=odom', u'map:=map', u'__name:=move_base', u'__log:=/home/fetch/.ros/log/d92112f8-1db3-11eb-bc6e-000babe55698/move_base-4.log']]
[roslaunch][INFO] 2020-11-03 01:17:14,626: process[move_base-4]: cwd will be [/home/fetch/.ros]
[roslaunch][INFO] 2020-11-03 01:17:14,628: process[move_base-4]: started with pid [2674]
[roslaunch][INFO] 2020-11-03 01:17:14,628: ... successfully launched [move_base-4]
[roslaunch][INFO] 2020-11-03 01:17:14,628: ... launch_nodes complete
[roslaunch.pmon][INFO] 2020-11-03 01:17:14,628: registrations completed <ProcessMonitor(ProcessMonitor-1, started daemon 139724735887104)>
[roslaunch.parent][INFO] 2020-11-03 01:17:14,628: ... roslaunch parent running, waiting for process exit
[roslaunch][INFO] 2020-11-03 01:17:14,628: spin
[roslaunch][INFO] 2020-11-03 01:17:15,750: [move_base-4] process has finished cleanly
log file: /home/fetch/.ros/log/d92112f8-1db3-11eb-bc6e-000babe55698/move_base-4*.log
[roslaunch][INFO] 2020-11-03 01:17:15,750: [move_base-4] restarting process
[roslaunch][INFO] 2020-11-03 01:17:15,750: process[move_base-4]: restarting os process
[roslaunch][INFO] 2020-11-03 01:17:15,750: process[move_base-4]: start w/ args [[u'/opt/ros/indigo/lib/move_base/move_base', u'cmd_vel:=cmd_vel', u'odom:=odom', u'map:=map', u'__name:=move_base', u'__log:=/home/fetch/.ros/log/d92112f8-1db3-11eb-bc6e-000babe55698/move_base-4.log']]
[roslaunch][INFO] 2020-11-03 01:17:15,750: process[move_base-4]: cwd will be [/home/fetch/.ros]
[roslaunch][INFO] 2020-11-03 01:17:15,753: process[move_base-4]: started with pid [4168]
[roslaunch][INFO] 2020-11-03 01:17:16,855: [move_base-4] process has finished cleanly
log file: /home/fetch/.ros/log/d92112f8-1db3-11eb-bc6e-000babe55698/move_base-4*.log
[roslaunch][INFO] 2020-11-03 01:17:16,855: [move_base-4] restarting process
[roslaunch][INFO] 2020-11-03 01:17:16,855: process[move_base-4]: restarting os process
[roslaunch][INFO] 2020-11-03 01:17:16,855: process[move_base-4]: start w/ args [[u'/opt/ros/indigo/lib/move_base/move_base', u'cmd_vel:=cmd_vel', u'odom:=odom', u'map:=map', u'__name:=move_base', u'__log:=/home/fetch/.ros/log/d92112f8-1db3-11eb-bc6e-000babe55698/move_base-4.log']]
[roslaunch][INFO] 2020-11-03 01:17:16,855: process[move_base-4]: cwd will be [/home/fetch/.ros]
[roslaunch][INFO] 2020-11-03 01:17:16,857: process[move_base-4]: started with pid [5308]
[roslaunch][INFO] 2020-11-03 01:17:17,959: [move_base-4] process has finished cleanly
log file: /home/fetch/.ros/log/d92112f8-1db3-11eb-bc6e-000babe55698/move_base-4*.log
[roslaunch][INFO] 2020-11-03 01:17:17,959: [move_base-4] restarting process
[roslaunch][INFO] 2020-11-03 01:17:17,959: process[move_base-4]: restarting os process
[roslaunch][INFO] 2020-11-03 01:17:17,959: process[move_base-4]: start w/ args [[u'/opt/ros/indigo/lib/move_base/move_base', u'cmd_vel:=cmd_vel', u'odom:=odom', u'map:=map', u'__name:=move_base', u'__log:=/home/fetch/.ros/log/d92112f8-1db3-11eb-bc6e-000babe55698/move_base-4.log']]
[roslaunch][INFO] 2020-11-03 01:17:17,959: process[move_base-4]: cwd will be [/home/fetch/.ros]
[roslaunch][INFO] 2020-11-03 01:17:17,961: process[move_base-4]: started with pid [6432]
[roslaunch][INFO] 2020-11-03 01:17:19,163: [move_base-4] process has finished cleanly
log file: /home/fetch/.ros/log/d92112f8-1db3-11eb-bc6e-000babe55698/move_base-4*.log
[roslaunch][INFO] 2020-11-03 01:17:19,163: [move_base-4] restarting process
[roslaunch][INFO] 2020-11-03 01:17:19,164: process[move_base-4]: restarting os process
[roslaunch][INFO] 2020-11-03 01:17:19,164: process[move_base-4]: start w/ args [[u'/opt/ros/indigo/lib/move_base/move_base', u'cmd_vel:=cmd_vel', u'odom:=odom', u'map:=map', u'__name:=move_base', u'__log:=/home/fetch/.ros/log/d92112f8-1db3-11eb-bc6e-000babe55698/move_base-4.log']]
[roslaunch][INFO] 2020-11-03 01:17:19,164: process[move_base-4]: cwd will be [/home/fetch/.ros]
[roslaunch][INFO] 2020-11-03 01:17:19,166: process[move_base-4]: started with pid [7544]
[roslaunch][INFO] 2020-11-03 01:17:20,268: [move_base-4] process has finished cleanly
log file: /home/fetch/.ros/log/d92112f8-1db3-11eb-bc6e-000babe55698/move_base-4*.log
[roslaunch][INFO] 2020-11-03 01:17:20,268: [move_base-4] restarting process
[roslaunch][INFO] 2020-11-03 01:17:20,268: process[move_base-4]: restarting os process
[roslaunch][INFO] 2020-11-03 01:17:20,268: process[move_base-4]: start w/ args [[u'/opt/ros/indigo/lib/move_base/move_base', u'cmd_vel:=cmd_vel', u'odom:=odom', u'map:=map', u'__name:=move_base', u'__log:=/home/fetch/.ros/log/d92112f8-1db3-11eb-bc6e-000babe55698/move_base-4.log']]
[roslaunch][INFO] 2020-11-03 01:17:20,268: process[move_base-4]: cwd will be [/home/fetch/.ros]
[roslaunch][INFO] 2020-11-03 01:17:20,270: process[move_base-4]: started with pid [8660]
[roslaunch][INFO] 2020-11-03 01:17:21,472: [move_base-4] process has finished cleanly
log file: /home/fetch/.ros/log/d92112f8-1db3-11eb-bc6e-000babe55698/move_base-4*.log
[roslaunch][INFO] 2020-11-03 01:17:21,472: [move_base-4] restarting process
[roslaunch][INFO] 2020-11-03 01:17:21,472: process[move_base-4]: restarting os process
[roslaunch][INFO] 2020-11-03 01:17:21,473: process[move_base-4]: start w/ args [[u'/opt/ros/indigo/lib/move_base/move_base', u'cmd_vel:=cmd_vel', u'odom:=odom', u'map:=map', u'__name:=move_base', u'__log:=/home/fetch/.ros/log/d92112f8-1db3-11eb-bc6e-000babe55698/move_base-4.log']]
[roslaunch][INFO] 2020-11-03 01:17:21,473: process[move_base-4]: cwd will be [/home/fetch/.ros]
[roslaunch][INFO] 2020-11-03 01:17:21,474: process[move_base-4]: started with pid [9770]
[roslaunch][INFO] 2020-11-03 01:17:22,576: [move_base-4] process has finished cleanly
log file: /home/fetch/.ros/log/d92112f8-1db3-11eb-bc6e-000babe55698/move_base-4*.log
[roslaunch][INFO] 2020-11-03 01:17:22,577: [move_base-4] restarting process
[roslaunch][INFO] 2020-11-03 01:17:22,577: process[move_base-4]: restarting os process
[roslaunch][INFO] 2020-11-03 01:17:22,577: process[move_base-4]: start w/ args [[u'/opt/ros/indigo/lib/move_base/move_base', u'cmd_vel:=cmd_vel', u'odom:=odom', u'map:=map', u'__name:=move_base', u'__log:=/home/fetch/.ros/log/d92112f8-1db3-11eb-bc6e-000babe55698/move_base-4.log']]
[roslaunch][INFO] 2020-11-03 01:17:22,577: process[move_base-4]: cwd will be [/home/fetch/.ros]
[roslaunch][INFO] 2020-11-03 01:17:22,578: process[move_base-4]: started with pid [10886]
[roslaunch][INFO] 2020-11-03 01:17:23,781: [move_base-4] process has finished cleanly
log file: /home/fetch/.ros/log/d92112f8-1db3-11eb-bc6e-000babe55698/move_base-4*.log
[roslaunch][INFO] 2020-11-03 01:17:23,781: [move_base-4] restarting process
[roslaunch][INFO] 2020-11-03 01:17:23,781: process[move_base-4]: restarting os process
[roslaunch][INFO] 2020-11-03 01:17:23,781: process[move_base-4]: start w/ args [[u'/opt/ros/indigo/lib/move_base/move_base', u'cmd_vel:=cmd_vel', u'odom:=odom', u'map:=map', u'__name:=move_base', u'__log:=/home/fetch/.ros/log/d92112f8-1db3-11eb-bc6e-000babe55698/move_base-4.log']]
[roslaunch][INFO] 2020-11-03 01:17:23,781: process[move_base-4]: cwd will be [/home/fetch/.ros]
[roslaunch][INFO] 2020-11-03 01:17:23,783: process[move_base-4]: started with pid [12002]
[roslaunch][INFO] 2020-11-03 01:17:24,885: [move_base-4] process has finished cleanly
log file: /home/fetch/.ros/log/d92112f8-1db3-11eb-bc6e-000babe55698/move_base-4*.log
[roslaunch][INFO] 2020-11-03 01:17:24,885: [move_base-4] restarting process
[roslaunch][INFO] 2020-11-03 01:17:24,885: process[move_base-4]: restarting os process
[roslaunch][INFO] 2020-11-03 01:17:24,885: process[move_base-4]: start w/ args [[u'/opt/ros/indigo/lib/move_base/move_base', u'cmd_vel:=cmd_vel', u'odom:=odom', u'map:=map', u'__name:=move_base', u'__log:=/home/fetch/.ros/log/d92112f8-1db3-11eb-bc6e-000babe55698/move_base-4.log']]
[roslaunch][INFO] 2020-11-03 01:17:24,885: process[move_base-4]: cwd will be [/home/fetch/.ros]
[roslaunch][INFO] 2020-11-03 01:17:24,887: process[move_base-4]: started with pid [13112]
[roslaunch][INFO] 2020-11-03 01:17:26,089: [move_base-4] process has finished cleanly
log file: /home/fetch/.ros/log/d92112f8-1db3-11eb-bc6e-000babe55698/move_base-4*.log
[roslaunch][INFO] 2020-11-03 01:17:26,089: [move_base-4] restarting process
[roslaunch][INFO] 2020-11-03 01:17:26,089: process[move_base-4]: restarting os process
[roslaunch][INFO] 2020-11-03 01:17:26,089: process[move_base-4]: start w/ args [[u'/opt/ros/indigo/lib/move_base/move_base', u'cmd_vel:=cmd_vel', u'odom:=odom', u'map:=map', u'__name:=move_base', u'__log:=/home/fetch/.ros/log/d92112f8-1db3-11eb-bc6e-000babe55698/move_base-4.log']]
[roslaunch][INFO] 2020-11-03 01:17:26,090: process[move_base-4]: cwd will be [/home/fetch/.ros]
[roslaunch][INFO] 2020-11-03 01:17:26,091: process[move_base-4]: started with pid [14228]
[roslaunch][INFO] 2020-11-03 01:17:27,193: [move_base-4] process has finished cleanly
log file: /home/fetch/.ros/log/d92112f8-1db3-11eb-bc6e-000babe55698/move_base-4*.log
[roslaunch][INFO] 2020-11-03 01:17:27,193: [move_base-4] restarting process
[roslaunch][INFO] 2020-11-03 01:17:27,193: process[move_base-4]: restarting os process
[roslaunch][INFO] 2020-11-03 01:17:27,194: process[move_base-4]: start w/ args [[u'/opt/ros/indigo/lib/move_base/move_base', u'cmd_vel:=cmd_vel', u'odom:=odom', u'map:=map', u'__name:=move_base', u'__log:=/home/fetch/.ros/log/d92112f8-1db3-11eb-bc6e-000babe55698/move_base-4.log']]
[roslaunch][INFO] 2020-11-03 01:17:27,194: process[move_base-4]: cwd will be [/home/fetch/.ros]
[roslaunch][INFO] 2020-11-03 01:17:27,195: process[move_base-4]: started with pid [15338]
[roslaunch][INFO] 2020-11-03 01:17:28,297: [move_base-4] process has finished cleanly
log file: /home/fetch/.ros/log/d92112f8-1db3-11eb-bc6e-000babe55698/move_base-4*.log
[roslaunch][INFO] 2020-11-03 01:17:28,297: [move_base-4] restarting process
[roslaunch][INFO] 2020-11-03 01:17:28,297: process[move_base-4]: restarting os process
[roslaunch][INFO] 2020-11-03 01:17:28,298: process[move_base-4]: start w/ args [[u'/opt/ros/indigo/lib/move_base/move_base', u'cmd_vel:=cmd_vel', u'odom:=odom', u'map:=map', u'__name:=move_base', u'__log:=/home/fetch/.ros/log/d92112f8-1db3-11eb-bc6e-000babe55698/move_base-4.log']]
[roslaunch][INFO] 2020-11-03 01:17:28,298: process[move_base-4]: cwd will be [/home/fetch/.ros]
[roslaunch][INFO] 2020-11-03 01:17:28,299: process[move_base-4]: started with pid [16454]
[roslaunch][INFO] 2020-11-03 01:17:29,501: [move_base-4] process has finished cleanly
log file: /home/fetch/.ros/log/d92112f8-1db3-11eb-bc6e-000babe55698/move_base-4*.log
[roslaunch][INFO] 2020-11-03 01:17:29,502: [move_base-4] restarting process
[roslaunch][INFO] 2020-11-03 01:17:29,502: process[move_base-4]: restarting os process
[roslaunch][INFO] 2020-11-03 01:17:29,502: process[move_base-4]: start w/ args [[u'/opt/ros/indigo/lib/move_base/move_base', u'cmd_vel:=cmd_vel', u'odom:=odom', u'map:=map', u'__name:=move_base', u'__log:=/home/fetch/.ros/log/d92112f8-1db3-11eb-bc6e-000babe55698/move_base-4.log']]
[roslaunch][INFO] 2020-11-03 01:17:29,502: process[move_base-4]: cwd will be [/home/fetch/.ros]
[roslaunch][INFO] 2020-11-03 01:17:29,504: process[move_base-4]: started with pid [17565]
[roslaunch][INFO] 2020-11-03 01:17:30,606: [move_base-4] process has finished cleanly
log file: /home/fetch/.ros/log/d92112f8-1db3-11eb-bc6e-000babe55698/move_base-4*.log
[roslaunch][INFO] 2020-11-03 01:17:30,606: [move_base-4] restarting process
[roslaunch][INFO] 2020-11-03 01:17:30,606: process[move_base-4]: restarting os process
[roslaunch][INFO] 2020-11-03 01:17:30,606: process[move_base-4]: start w/ args [[u'/opt/ros/indigo/lib/move_base/move_base', u'cmd_vel:=cmd_vel', u'odom:=odom', u'map:=map', u'__name:=move_base', u'__log:=/home/fetch/.ros/log/d92112f8-1db3-11eb-bc6e-000babe55698/move_base-4.log']]
[roslaunch][INFO] 2020-11-03 01:17:30,606: process[move_base-4]: cwd will be [/home/fetch/.ros]
[roslaunch][INFO] 2020-11-03 01:17:30,608: process[move_base-4]: started with pid [18681]
[roslaunch][INFO] 2020-11-03 01:17:31,810: [move_base-4] process has finished cleanly
log file: /home/fetch/.ros/log/d92112f8-1db3-11eb-bc6e-000babe55698/move_base-4*.log
[roslaunch][INFO] 2020-11-03 01:17:31,810: [move_base-4] restarting process
[roslaunch][INFO] 2020-11-03 01:17:31,810: process[move_base-4]: restarting os process
[roslaunch][INFO] 2020-11-03 01:17:31,810: process[move_base-4]: start w/ args [[u'/opt/ros/indigo/lib/move_base/move_base', u'cmd_vel:=cmd_vel', u'odom:=odom', u'map:=map', u'__name:=move_base', u'__log:=/home/fetch/.ros/log/d92112f8-1db3-11eb-bc6e-000babe55698/move_base-4.log']]
[roslaunch][INFO] 2020-11-03 01:17:31,810: process[move_base-4]: cwd will be [/home/fetch/.ros]
[roslaunch][INFO] 2020-11-03 01:17:31,812: process[move_base-4]: started with pid [19797]
[roslaunch][INFO] 2020-11-03 01:17:32,914: [move_base-4] process has finished cleanly
log file: /home/fetch/.ros/log/d92112f8-1db3-11eb-bc6e-000babe55698/move_base-4*.log
[roslaunch][INFO] 2020-11-03 01:17:32,914: [move_base-4] restarting process
[roslaunch][INFO] 2020-11-03 01:17:32,914: process[move_base-4]: restarting os process
[roslaunch][INFO] 2020-11-03 01:17:32,914: process[move_base-4]: start w/ args [[u'/opt/ros/indigo/lib/move_base/move_base', u'cmd_vel:=cmd_vel', u'odom:=odom', u'map:=map', u'__name:=move_base', u'__log:=/home/fetch/.ros/log/d92112f8-1db3-11eb-bc6e-000babe55698/move_base-4.log']]
[roslaunch][INFO] 2020-11-03 01:17:32,914: process[move_base-4]: cwd will be [/home/fetch/.ros]
[roslaunch][INFO] 2020-11-03 01:17:32,916: process[move_base-4]: started with pid [20907]
[roslaunch][INFO] 2020-11-03 01:17:34,118: [move_base-4] process has finished cleanly
log file: /home/fetch/.ros/log/d92112f8-1db3-11eb-bc6e-000babe55698/move_base-4*.log
[roslaunch][INFO] 2020-11-03 01:17:34,118: [move_base-4] restarting process
[roslaunch][INFO] 2020-11-03 01:17:34,118: process[move_base-4]: restarting os process
[roslaunch][INFO] 2020-11-03 01:17:34,118: process[move_base-4]: start w/ args [[u'/opt/ros/indigo/lib/move_base/move_base', u'cmd_vel:=cmd_vel', u'odom:=odom', u'map:=map', u'__name:=move_base', u'__log:=/home/fetch/.ros/log/d92112f8-1db3-11eb-bc6e-000babe55698/move_base-4.log']]
[roslaunch][INFO] 2020-11-03 01:17:34,118: process[move_base-4]: cwd will be [/home/fetch/.ros]
[roslaunch][INFO] 2020-11-03 01:17:34,120: process[move_base-4]: started with pid [22051]
[roslaunch][INFO] 2020-11-03 01:17:35,322: [move_base-4] process has finished cleanly
log file: /home/fetch/.ros/log/d92112f8-1db3-11eb-bc6e-000babe55698/move_base-4*.log
[roslaunch][INFO] 2020-11-03 01:17:35,322: [move_base-4] restarting process
[roslaunch][INFO] 2020-11-03 01:17:35,322: process[move_base-4]: restarting os process
[roslaunch][INFO] 2020-11-03 01:17:35,322: process[move_base-4]: start w/ args [[u'/opt/ros/indigo/lib/move_base/move_base', u'cmd_vel:=cmd_vel', u'odom:=odom', u'map:=map', u'__name:=move_base', u'__log:=/home/fetch/.ros/log/d92112f8-1db3-11eb-bc6e-000babe55698/move_base-4.log']]
[roslaunch][INFO] 2020-11-03 01:17:35,323: process[move_base-4]: cwd will be [/home/fetch/.ros]
[roslaunch][INFO] 2020-11-03 01:17:35,324: process[move_base-4]: started with pid [23162]
[roslaunch][INFO] 2020-11-03 01:17:36,527: [move_base-4] process has finished cleanly
log file: /home/fetch/.ros/log/d92112f8-1db3-11eb-bc6e-000babe55698/move_base-4*.log
[roslaunch][INFO] 2020-11-03 01:17:36,527: [move_base-4] restarting process
[roslaunch][INFO] 2020-11-03 01:17:36,527: process[move_base-4]: restarting os process
[roslaunch][INFO] 2020-11-03 01:17:36,527: process[move_base-4]: start w/ args [[u'/opt/ros/indigo/lib/move_base/move_base', u'cmd_vel:=cmd_vel', u'odom:=odom', u'map:=map', u'__name:=move_base', u'__log:=/home/fetch/.ros/log/d92112f8-1db3-11eb-bc6e-000babe55698/move_base-4.log']]
[roslaunch][INFO] 2020-11-03 01:17:36,527: process[move_base-4]: cwd will be [/home/fetch/.ros]
[roslaunch][INFO] 2020-11-03 01:17:36,529: process[move_base-4]: started with pid [24278]
[roslaunch][INFO] 2020-11-03 01:17:37,731: [move_base-4] process has finished cleanly
log file: /home/fetch/.ros/log/d92112f8-1db3-11eb-bc6e-000babe55698/move_base-4*.log
[roslaunch][INFO] 2020-11-03 01:17:37,731: [move_base-4] restarting process
[roslaunch][INFO] 2020-11-03 01:17:37,731: process[move_base-4]: restarting os process
[roslaunch][INFO] 2020-11-03 01:17:37,731: process[move_base-4]: start w/ args [[u'/opt/ros/indigo/lib/move_base/move_base', u'cmd_vel:=cmd_vel', u'odom:=odom', u'map:=map', u'__name:=move_base', u'__log:=/home/fetch/.ros/log/d92112f8-1db3-11eb-bc6e-000babe55698/move_base-4.log']]
[roslaunch][INFO] 2020-11-03 01:17:37,731: process[move_base-4]: cwd will be [/home/fetch/.ros]
[roslaunch][INFO] 2020-11-03 01:17:37,733: process[move_base-4]: started with pid [25392]
[roslaunch][INFO] 2020-11-03 01:17:38,835: [move_base-4] process has finished cleanly
log file: /home/fetch/.ros/log/d92112f8-1db3-11eb-bc6e-000babe55698/move_base-4*.log
[roslaunch][INFO] 2020-11-03 01:17:38,835: [move_base-4] restarting process
[roslaunch][INFO] 2020-11-03 01:17:38,835: process[move_base-4]: restarting os process
[roslaunch][INFO] 2020-11-03 01:17:38,835: process[move_base-4]: start w/ args [[u'/opt/ros/indigo/lib/move_base/move_base', u'cmd_vel:=cmd_vel', u'odom:=odom', u'map:=map', u'__name:=move_base', u'__log:=/home/fetch/.ros/log/d92112f8-1db3-11eb-bc6e-000babe55698/move_base-4.log']]
[roslaunch][INFO] 2020-11-03 01:17:38,835: process[move_base-4]: cwd will be [/home/fetch/.ros]
[roslaunch][INFO] 2020-11-03 01:17:38,837: process[move_base-4]: started with pid [26508]
[roslaunch][INFO] 2020-11-03 01:17:40,039: [move_base-4] process has finished cleanly
log file: /home/fetch/.ros/log/d92112f8-1db3-11eb-bc6e-000babe55698/move_base-4*.log
[roslaunch][INFO] 2020-11-03 01:17:40,039: [move_base-4] restarting process
[roslaunch][INFO] 2020-11-03 01:17:40,039: process[move_base-4]: restarting os process
[roslaunch][INFO] 2020-11-03 01:17:40,039: process[move_base-4]: start w/ args [[u'/opt/ros/indigo/lib/move_base/move_base', u'cmd_vel:=cmd_vel', u'odom:=odom', u'map:=map', u'__name:=move_base', u'__log:=/home/fetch/.ros/log/d92112f8-1db3-11eb-bc6e-000babe55698/move_base-4.log']]
[roslaunch][INFO] 2020-11-03 01:17:40,039: process[move_base-4]: cwd will be [/home/fetch/.ros]
[roslaunch][INFO] 2020-11-03 01:17:40,041: process[move_base-4]: started with pid [27624]
[roslaunch][INFO] 2020-11-03 01:17:41,143: [move_base-4] process has finished cleanly
log file: /home/fetch/.ros/log/d92112f8-1db3-11eb-bc6e-000babe55698/move_base-4*.log
[roslaunch][INFO] 2020-11-03 01:17:41,143: [move_base-4] restarting process
[roslaunch][INFO] 2020-11-03 01:17:41,143: process[move_base-4]: restarting os process
[roslaunch][INFO] 2020-11-03 01:17:41,143: process[move_base-4]: start w/ args [[u'/opt/ros/indigo/lib/move_base/move_base', u'cmd_vel:=cmd_vel', u'odom:=odom', u'map:=map', u'__name:=move_base', u'__log:=/home/fetch/.ros/log/d92112f8-1db3-11eb-bc6e-000babe55698/move_base-4.log']]
[roslaunch][INFO] 2020-11-03 01:17:41,143: process[move_base-4]: cwd will be [/home/fetch/.ros]
[roslaunch][INFO] 2020-11-03 01:17:41,145: process[move_base-4]: started with pid [28734]
[roslaunch][INFO] 2020-11-03 01:17:42,247: [move_base-4] process has finished cleanly
log file: /home/fetch/.ros/log/d92112f8-1db3-11eb-bc6e-000babe55698/move_base-4*.log
[roslaunch][INFO] 2020-11-03 01:17:42,247: [move_base-4] restarting process
[roslaunch][INFO] 2020-11-03 01:17:42,247: process[move_base-4]: restarting os process
[roslaunch][INFO] 2020-11-03 01:17:42,247: process[move_base-4]: start w/ args [[u'/opt/ros/indigo/lib/move_base/move_base', u'cmd_vel:=cmd_vel', u'odom:=odom', u'map:=map', u'__name:=move_base', u'__log:=/home/fetch/.ros/log/d92112f8-1db3-11eb-bc6e-000babe55698/move_base-4.log']]
[roslaunch][INFO] 2020-11-03 01:17:42,247: process[move_base-4]: cwd will be [/home/fetch/.ros]
[roslaunch][INFO] 2020-11-03 01:17:42,249: process[move_base-4]: started with pid [29850]
[roslaunch][INFO] 2020-11-03 01:17:43,451: [move_base-4] process has finished cleanly
log file: /home/fetch/.ros/log/d92112f8-1db3-11eb-bc6e-000babe55698/move_base-4*.log
[roslaunch][INFO] 2020-11-03 01:17:43,451: [move_base-4] restarting process
[roslaunch][INFO] 2020-11-03 01:17:43,451: process[move_base-4]: restarting os process
[roslaunch][INFO] 2020-11-03 01:17:43,451: process[move_base-4]: start w/ args [[u'/opt/ros/indigo/lib/move_base/move_base', u'cmd_vel:=cmd_vel', u'odom:=odom', u'map:=map', u'__name:=move_base', u'__log:=/home/fetch/.ros/log/d92112f8-1db3-11eb-bc6e-000babe55698/move_base-4.log']]
[roslaunch][INFO] 2020-11-03 01:17:43,452: process[move_base-4]: cwd will be [/home/fetch/.ros]
[roslaunch][INFO] 2020-11-03 01:17:43,453: process[move_base-4]: started with pid [30961]
[roslaunch.pmon][INFO] 2020-11-03 01:17:43,955: ProcessMonitor.shutdown <ProcessMonitor(ProcessMonitor-1, started daemon 139724735887104)>
[roslaunch.pmon][INFO] 2020-11-03 01:17:44,054: ProcessMonitor._post_run <ProcessMonitor(ProcessMonitor-1, started daemon 139724735887104)>
[roslaunch.pmon][INFO] 2020-11-03 01:17:44,054: ProcessMonitor._post_run <ProcessMonitor(ProcessMonitor-1, started daemon 139724735887104)>: remaining procs are [<roslaunch.nodeprocess.LocalProcess object at 0x7f1433614550>, <roslaunch.nodeprocess.LocalProcess object at 0x7f1433614710>, <roslaunch.nodeprocess.LocalProcess object at 0x7f1433614750>, <roslaunch.nodeprocess.LocalProcess object at 0x7f1431bd73d0>]
[roslaunch.pmon][INFO] 2020-11-03 01:17:44,055: ProcessMonitor exit: killing move_base-4
[roslaunch][INFO] 2020-11-03 01:17:44,055: [move_base-4] killing on exit
[roslaunch.pmon][INFO] 2020-11-03 01:17:44,055: ProcessMonitor exit: killing amcl-3
[roslaunch.pmon][INFO] 2020-11-03 01:17:44,055: ProcessMonitor exit: killing rviz-2
[roslaunch][INFO] 2020-11-03 01:17:44,055: process[move_base-4]: killing os process with pid[30961] pgid[30961]
[roslaunch][INFO] 2020-11-03 01:17:44,055: [amcl-3] killing on exit
[roslaunch.pmon][INFO] 2020-11-03 01:17:44,056: ProcessMonitor exit: killing map_server-1
[roslaunch][INFO] 2020-11-03 01:17:44,056: [rviz-2] killing on exit
[roslaunch][INFO] 2020-11-03 01:17:44,056: [move_base-4] sending SIGINT to pgid [30961]
[roslaunch][INFO] 2020-11-03 01:17:44,056: process[amcl-3]: killing os process with pid[2668] pgid[2668]
[roslaunch][INFO] 2020-11-03 01:17:44,056: [map_server-1] killing on exit
[roslaunch][INFO] 2020-11-03 01:17:44,057: [move_base-4] sent SIGINT to pgid [30961]
[roslaunch][INFO] 2020-11-03 01:17:44,057: process[rviz-2]: killing os process with pid[2667] pgid[2667]
[roslaunch][INFO] 2020-11-03 01:17:44,057: [amcl-3] sending SIGINT to pgid [2668]
[roslaunch][INFO] 2020-11-03 01:17:44,057: process[map_server-1]: killing os process with pid[2666] pgid[2666]
[roslaunch][INFO] 2020-11-03 01:17:44,057: [rviz-2] sending SIGINT to pgid [2667]
[roslaunch][INFO] 2020-11-03 01:17:44,057: [amcl-3] sent SIGINT to pgid [2668]
[roslaunch][INFO] 2020-11-03 01:17:44,057: [map_server-1] sending SIGINT to pgid [2666]
[roslaunch][INFO] 2020-11-03 01:17:44,057: [rviz-2] sent SIGINT to pgid [2667]
[roslaunch][INFO] 2020-11-03 01:17:44,058: [map_server-1] sent SIGINT to pgid [2666]
[roslaunch][INFO] 2020-11-03 01:17:44,258: process[map_server-1]: SIGINT killed with return value 0
[roslaunch][INFO] 2020-11-03 01:17:44,458: process[amcl-3]: SIGINT killed with return value 0
[roslaunch][INFO] 2020-11-03 01:17:44,658: process[move_base-4]: SIGINT killed with return value 0
[roslaunch][INFO] 2020-11-03 01:17:44,659: process[rviz-2]: SIGINT killed with return value 0
[roslaunch.pmon][INFO] 2020-11-03 01:17:44,659: ProcessMonitor exit: cleaning up data structures and signals
[roslaunch.pmon][INFO] 2020-11-03 01:17:44,659: ProcessMonitor exit: pmon has shutdown
[roslaunch][INFO] 2020-11-03 01:17:44,670: process monitor is done spinning, initiating full shutdown
[roslaunch][INFO] 2020-11-03 01:17:44,670: runner.stop()
[roslaunch][INFO] 2020-11-03 01:17:44,670: shutting down processing monitor...
[roslaunch][INFO] 2020-11-03 01:17:44,670: shutting down processing monitor <ProcessMonitor(ProcessMonitor-1, stopped daemon 139724735887104)>
[roslaunch.pmon][INFO] 2020-11-03 01:17:44,670: ProcessMonitor.shutdown <ProcessMonitor(ProcessMonitor-1, stopped daemon 139724735887104)>
[roslaunch][INFO] 2020-11-03 01:17:44,670: ... shutting down processing monitor complete
[roslaunch][INFO] 2020-11-03 01:17:44,670: done
[roslaunch.pmon][INFO] 2020-11-03 01:17:44,670: ProcessMonitor.shutdown <ProcessMonitor(ProcessMonitor-1, stopped daemon 139724735887104)>
[rospy.core][INFO] 2020-11-03 01:17:44,670: signal_shutdown [atexit]
