[roslaunch][INFO] 2020-11-03 01:24:54,744: Checking log directory for disk usage. This may take awhile.
Press Ctrl-C to interrupt
[roslaunch][INFO] 2020-11-03 01:24:54,748: Done checking log file disk usage. Usage is <1GB.
[roslaunch][INFO] 2020-11-03 01:24:54,748: roslaunch starting with args ['/opt/ros/indigo/bin/roslaunch', 'fetch_navigation', 'freight_nav.launch']
[roslaunch][INFO] 2020-11-03 01:24:54,748: roslaunch env is {'ROS_DISTRO': 'indigo', 'NVM_CD_FLAGS': '', 'LESSOPEN': '| /usr/bin/lesspipe %s', 'SSH_CLIENT': '172.22.77.105 54705 22', 'CPATH': '/home/fetch/catkin_ws/devel/include:/opt/ros/indigo/include', 'LOGNAME': 'fetch', 'USER': 'fetch', 'NVM_DIR': '/home/fetch/.nvm', 'PATH': '/home/fetch/.nvm/versions/node/v10.15.3/bin:/opt/ros/indigo/bin:/usr/local/sbin:/usr/local/bin:/usr/sbin:/usr/bin:/sbin:/bin:/usr/games:/usr/local/games', 'HOME': '/home/fetch', 'VIRTUALENVWRAPPER_SCRIPT': '/usr/share/virtualenvwrapper/virtualenvwrapper.sh', 'LD_LIBRARY_PATH': '/home/fetch/catkin_ws/devel/lib:/opt/ros/indigo/lib', 'LANG': 'en_US.UTF-8', 'TERM': 'xterm-256color', 'SHELL': '/bin/bash', 'ROS_LOG_FILENAME': '/home/fetch/.ros/log/d92112f8-1db3-11eb-bc6e-000babe55698/roslaunch-freight1207-14164.log', 'SHLVL': '1', 'QT_QPA_PLATFORMTHEME': 'appmenu-qt5', 'ROS_ETC_DIR': '/opt/ros/indigo/etc/ros', 'DISPLAY': 'localhost:13.0', 'NVM_BIN': '/home/fetch/.nvm/versions/node/v10.15.3/bin', '_VIRTUALENVWRAPPER_API': ' mkvirtualenv rmvirtualenv lsvirtualenv showvirtualenv workon add2virtualenv cdsitepackages cdvirtualenv lssitepackages toggleglobalsitepackages cpvirtualenv setvirtualenvproject mkproject cdproject mktmpenv mkvirtualenv rmvirtualenv lsvirtualenv showvirtualenv workon add2virtualenv cdsitepackages cdvirtualenv lssitepackages toggleglobalsitepackages cpvirtualenv setvirtualenvproject mkproject cdproject mktmpenv', 'CMAKE_PREFIX_PATH': '/home/fetch/catkin_ws/devel:/opt/ros/indigo', 'XDG_RUNTIME_DIR': '/run/user/1000', 'PYTHONPATH': '/home/fetch/catkin_ws/devel/lib/python2.7/dist-packages:/opt/ros/indigo/lib/python2.7/dist-packages', 'ROS_ROOT': '/opt/ros/indigo/share/ros', 'PKG_CONFIG_PATH': '/home/fetch/catkin_ws/devel/lib/pkgconfig:/opt/ros/indigo/lib/pkgconfig', 'ROS_PACKAGE_PATH': '/home/fetch/catkin_ws/src:/opt/ros/indigo/share:/opt/ros/indigo/stacks', 'XDG_SESSION_ID': '8', '_': '/opt/ros/indigo/bin/roslaunch', 'SSH_CONNECTION': '172.22.77.105 54705 172.22.77.172 22', 'LESSCLOSE': '/usr/bin/lesspipe %s %s', 'SSH_TTY': '/dev/pts/29', 'PWD': '/home/fetch', 'ROS_MASTER_URI': 'http://localhost:11311', 'MAIL': '/var/mail/fetch', 'LS_COLORS': 'rs=0:di=01;34:ln=01;36:mh=00:pi=40;33:so=01;35:do=01;35:bd=40;33;01:cd=40;33;01:or=40;31;01:su=37;41:sg=30;43:ca=30;41:tw=30;42:ow=34;42:st=37;44:ex=01;32:*.tar=01;31:*.tgz=01;31:*.arj=01;31:*.taz=01;31:*.lzh=01;31:*.lzma=01;31:*.tlz=01;31:*.txz=01;31:*.zip=01;31:*.z=01;31:*.Z=01;31:*.dz=01;31:*.gz=01;31:*.lz=01;31:*.xz=01;31:*.bz2=01;31:*.bz=01;31:*.tbz=01;31:*.tbz2=01;31:*.tz=01;31:*.deb=01;31:*.rpm=01;31:*.jar=01;31:*.war=01;31:*.ear=01;31:*.sar=01;31:*.rar=01;31:*.ace=01;31:*.zoo=01;31:*.cpio=01;31:*.7z=01;31:*.rz=01;31:*.jpg=01;35:*.jpeg=01;35:*.gif=01;35:*.bmp=01;35:*.pbm=01;35:*.pgm=01;35:*.ppm=01;35:*.tga=01;35:*.xbm=01;35:*.xpm=01;35:*.tif=01;35:*.tiff=01;35:*.png=01;35:*.svg=01;35:*.svgz=01;35:*.mng=01;35:*.pcx=01;35:*.mov=01;35:*.mpg=01;35:*.mpeg=01;35:*.m2v=01;35:*.mkv=01;35:*.webm=01;35:*.ogm=01;35:*.mp4=01;35:*.m4v=01;35:*.mp4v=01;35:*.vob=01;35:*.qt=01;35:*.nuv=01;35:*.wmv=01;35:*.asf=01;35:*.rm=01;35:*.rmvb=01;35:*.flc=01;35:*.avi=01;35:*.fli=01;35:*.flv=01;35:*.gl=01;35:*.dl=01;35:*.xcf=01;35:*.xwd=01;35:*.yuv=01;35:*.cgm=01;35:*.emf=01;35:*.axv=01;35:*.anx=01;35:*.ogv=01;35:*.ogx=01;35:*.aac=00;36:*.au=00;36:*.flac=00;36:*.mid=00;36:*.midi=00;36:*.mka=00;36:*.mp3=00;36:*.mpc=00;36:*.ogg=00;36:*.ra=00;36:*.wav=00;36:*.axa=00;36:*.oga=00;36:*.spx=00;36:*.xspf=00;36:'}
[roslaunch][INFO] 2020-11-03 01:24:54,748: starting in server mode
[roslaunch.parent][INFO] 2020-11-03 01:24:54,748: starting roslaunch parent run
[roslaunch][INFO] 2020-11-03 01:24:54,749: loading roscore config file /opt/ros/indigo/etc/ros/roscore.xml
[roslaunch][INFO] 2020-11-03 01:24:54,818: Added core node of type [rosout/rosout] in namespace [/]
[roslaunch.config][INFO] 2020-11-03 01:24:54,818: loading config file /opt/ros/indigo/share/fetch_navigation/launch/freight_nav.launch
[roslaunch][INFO] 2020-11-03 01:24:54,849: Added node of type [map_server/map_server] in namespace [/]
[roslaunch][INFO] 2020-11-03 01:24:54,850: Added node of type [rviz/rviz] in namespace [/]
[roslaunch][INFO] 2020-11-03 01:24:54,855: Added node of type [amcl/amcl] in namespace [/]
[roslaunch][INFO] 2020-11-03 01:24:54,872: Added node of type [move_base/move_base] in namespace [/]
[roslaunch][INFO] 2020-11-03 01:24:54,872: ... selected machine [] for node of type [map_server/map_server]
[roslaunch][INFO] 2020-11-03 01:24:54,872: ... selected machine [] for node of type [rviz/rviz]
[roslaunch][INFO] 2020-11-03 01:24:54,872: ... selected machine [] for node of type [amcl/amcl]
[roslaunch][INFO] 2020-11-03 01:24:54,872: ... selected machine [] for node of type [move_base/move_base]
[roslaunch.pmon][INFO] 2020-11-03 01:24:54,873: start_process_monitor: creating ProcessMonitor
[roslaunch.pmon][INFO] 2020-11-03 01:24:54,873: created process monitor <ProcessMonitor(ProcessMonitor-1, initial daemon)>
[roslaunch.pmon][INFO] 2020-11-03 01:24:54,873: start_process_monitor: ProcessMonitor started
[roslaunch.parent][INFO] 2020-11-03 01:24:54,873: starting parent XML-RPC server
[roslaunch.server][INFO] 2020-11-03 01:24:54,873: starting roslaunch XML-RPC server
[roslaunch.server][INFO] 2020-11-03 01:24:54,873: waiting for roslaunch XML-RPC server to initialize
[xmlrpc][INFO] 2020-11-03 01:24:54,874: XML-RPC server binding to 0.0.0.0:0
[xmlrpc][INFO] 2020-11-03 01:24:54,874: Started XML-RPC server [http://freight1207:58089/]
[xmlrpc][INFO] 2020-11-03 01:24:54,874: xml rpc node: starting XML-RPC server
[roslaunch][INFO] 2020-11-03 01:24:54,885: started roslaunch server http://freight1207:58089/
[roslaunch.parent][INFO] 2020-11-03 01:24:54,885: ... parent XML-RPC server started
[roslaunch][INFO] 2020-11-03 01:24:54,886: master.is_running[http://localhost:11311]
[roslaunch][INFO] 2020-11-03 01:24:54,887: master.is_running[http://localhost:11311]
[roslaunch][INFO] 2020-11-03 01:24:54,887: ROS_MASTER_URI=http://localhost:11311
[roslaunch][INFO] 2020-11-03 01:24:54,889: setting /roslaunch/uris/host_freight1207__58089' to http://freight1207:58089/
[roslaunch][INFO] 2020-11-03 01:24:54,890: load_parameters starting ...
[roslaunch][INFO] 2020-11-03 01:24:54,909: ... load_parameters complete
[roslaunch][INFO] 2020-11-03 01:24:54,909: launch_nodes: launching local nodes ...
[roslaunch][INFO] 2020-11-03 01:24:54,909: ... preparing to launch node of type [map_server/map_server]
[roslaunch][INFO] 2020-11-03 01:24:54,909: create_node_process: package[map_server] type[map_server] machine[Machine(name[] env_loader[None] address[localhost] ssh_port[22] user[None] assignable[True] timeout[10.0])] master_uri[http://localhost:11311]
[roslaunch][INFO] 2020-11-03 01:24:54,909: process[map_server-1]: env[{'ROS_DISTRO': 'indigo', 'NVM_CD_FLAGS': '', 'LESSOPEN': '| /usr/bin/lesspipe %s', 'SSH_CLIENT': '172.22.77.105 54705 22', 'CPATH': '/home/fetch/catkin_ws/devel/include:/opt/ros/indigo/include', 'LOGNAME': 'fetch', 'USER': 'fetch', 'NVM_DIR': '/home/fetch/.nvm', 'PATH': '/home/fetch/.nvm/versions/node/v10.15.3/bin:/opt/ros/indigo/bin:/usr/local/sbin:/usr/local/bin:/usr/sbin:/usr/bin:/sbin:/bin:/usr/games:/usr/local/games', 'HOME': '/home/fetch', 'VIRTUALENVWRAPPER_SCRIPT': '/usr/share/virtualenvwrapper/virtualenvwrapper.sh', 'ROS_LOG_FILENAME': '/home/fetch/.ros/log/d92112f8-1db3-11eb-bc6e-000babe55698/roslaunch-freight1207-14164.log', 'LANG': 'en_US.UTF-8', 'TERM': 'xterm-256color', 'SHELL': '/bin/bash', 'SHLVL': '1', 'QT_QPA_PLATFORMTHEME': 'appmenu-qt5', 'DISPLAY': 'localhost:13.0', 'NVM_BIN': '/home/fetch/.nvm/versions/node/v10.15.3/bin', '_VIRTUALENVWRAPPER_API': ' mkvirtualenv rmvirtualenv lsvirtualenv showvirtualenv workon add2virtualenv cdsitepackages cdvirtualenv lssitepackages toggleglobalsitepackages cpvirtualenv setvirtualenvproject mkproject cdproject mktmpenv mkvirtualenv rmvirtualenv lsvirtualenv showvirtualenv workon add2virtualenv cdsitepackages cdvirtualenv lssitepackages toggleglobalsitepackages cpvirtualenv setvirtualenvproject mkproject cdproject mktmpenv', 'CMAKE_PREFIX_PATH': '/home/fetch/catkin_ws/devel:/opt/ros/indigo', 'XDG_RUNTIME_DIR': '/run/user/1000', 'PYTHONPATH': '/home/fetch/catkin_ws/devel/lib/python2.7/dist-packages:/opt/ros/indigo/lib/python2.7/dist-packages', 'ROS_ROOT': '/opt/ros/indigo/share/ros', 'PKG_CONFIG_PATH': '/home/fetch/catkin_ws/devel/lib/pkgconfig:/opt/ros/indigo/lib/pkgconfig', 'ROS_PACKAGE_PATH': '/home/fetch/catkin_ws/src:/opt/ros/indigo/share:/opt/ros/indigo/stacks', 'XDG_SESSION_ID': '8', '_': '/opt/ros/indigo/bin/roslaunch', 'LD_LIBRARY_PATH': '/home/fetch/catkin_ws/devel/lib:/opt/ros/indigo/lib', 'LS_COLORS': 'rs=0:di=01;34:ln=01;36:mh=00:pi=40;33:so=01;35:do=01;35:bd=40;33;01:cd=40;33;01:or=40;31;01:su=37;41:sg=30;43:ca=30;41:tw=30;42:ow=34;42:st=37;44:ex=01;32:*.tar=01;31:*.tgz=01;31:*.arj=01;31:*.taz=01;31:*.lzh=01;31:*.lzma=01;31:*.tlz=01;31:*.txz=01;31:*.zip=01;31:*.z=01;31:*.Z=01;31:*.dz=01;31:*.gz=01;31:*.lz=01;31:*.xz=01;31:*.bz2=01;31:*.bz=01;31:*.tbz=01;31:*.tbz2=01;31:*.tz=01;31:*.deb=01;31:*.rpm=01;31:*.jar=01;31:*.war=01;31:*.ear=01;31:*.sar=01;31:*.rar=01;31:*.ace=01;31:*.zoo=01;31:*.cpio=01;31:*.7z=01;31:*.rz=01;31:*.jpg=01;35:*.jpeg=01;35:*.gif=01;35:*.bmp=01;35:*.pbm=01;35:*.pgm=01;35:*.ppm=01;35:*.tga=01;35:*.xbm=01;35:*.xpm=01;35:*.tif=01;35:*.tiff=01;35:*.png=01;35:*.svg=01;35:*.svgz=01;35:*.mng=01;35:*.pcx=01;35:*.mov=01;35:*.mpg=01;35:*.mpeg=01;35:*.m2v=01;35:*.mkv=01;35:*.webm=01;35:*.ogm=01;35:*.mp4=01;35:*.m4v=01;35:*.mp4v=01;35:*.vob=01;35:*.qt=01;35:*.nuv=01;35:*.wmv=01;35:*.asf=01;35:*.rm=01;35:*.rmvb=01;35:*.flc=01;35:*.avi=01;35:*.fli=01;35:*.flv=01;35:*.gl=01;35:*.dl=01;35:*.xcf=01;35:*.xwd=01;35:*.yuv=01;35:*.cgm=01;35:*.emf=01;35:*.axv=01;35:*.anx=01;35:*.ogv=01;35:*.ogx=01;35:*.aac=00;36:*.au=00;36:*.flac=00;36:*.mid=00;36:*.midi=00;36:*.mka=00;36:*.mp3=00;36:*.mpc=00;36:*.ogg=00;36:*.ra=00;36:*.wav=00;36:*.axa=00;36:*.oga=00;36:*.spx=00;36:*.xspf=00;36:', 'LESSCLOSE': '/usr/bin/lesspipe %s %s', 'SSH_TTY': '/dev/pts/29', 'PWD': '/home/fetch', 'ROS_ETC_DIR': '/opt/ros/indigo/etc/ros', 'ROS_MASTER_URI': 'http://localhost:11311', 'MAIL': '/var/mail/fetch', 'SSH_CONNECTION': '172.22.77.105 54705 172.22.77.172 22'}]
[roslaunch][INFO] 2020-11-03 01:24:54,940: process[map_server-1]: args[[u'/opt/ros/indigo/lib/map_server/map_server', '/home/fetch/final_map.yaml', u'__name:=map_server']]
[roslaunch][INFO] 2020-11-03 01:24:54,940: ... created process [map_server-1]
[roslaunch.pmon][INFO] 2020-11-03 01:24:54,940: ProcessMonitor.register[map_server-1]
[roslaunch.pmon][INFO] 2020-11-03 01:24:54,940: ProcessMonitor.register[map_server-1] complete
[roslaunch][INFO] 2020-11-03 01:24:54,940: ... registered process [map_server-1]
[roslaunch][INFO] 2020-11-03 01:24:54,940: process[map_server-1]: starting os process
[roslaunch][INFO] 2020-11-03 01:24:54,940: process[map_server-1]: start w/ args [[u'/opt/ros/indigo/lib/map_server/map_server', '/home/fetch/final_map.yaml', u'__name:=map_server', u'__log:=/home/fetch/.ros/log/d92112f8-1db3-11eb-bc6e-000babe55698/map_server-1.log']]
[roslaunch][INFO] 2020-11-03 01:24:54,940: process[map_server-1]: cwd will be [/home/fetch/.ros]
[roslaunch][INFO] 2020-11-03 01:24:54,942: process[map_server-1]: started with pid [14183]
[roslaunch][INFO] 2020-11-03 01:24:54,942: ... successfully launched [map_server-1]
[roslaunch][INFO] 2020-11-03 01:24:54,942: ... preparing to launch node of type [rviz/rviz]
[roslaunch][INFO] 2020-11-03 01:24:54,942: create_node_process: package[rviz] type[rviz] machine[Machine(name[] env_loader[None] address[localhost] ssh_port[22] user[None] assignable[True] timeout[10.0])] master_uri[http://localhost:11311]
[roslaunch][INFO] 2020-11-03 01:24:54,942: process[rviz-2]: env[{'ROS_DISTRO': 'indigo', 'NVM_CD_FLAGS': '', 'LESSOPEN': '| /usr/bin/lesspipe %s', 'SSH_CLIENT': '172.22.77.105 54705 22', 'CPATH': '/home/fetch/catkin_ws/devel/include:/opt/ros/indigo/include', 'LOGNAME': 'fetch', 'USER': 'fetch', 'NVM_DIR': '/home/fetch/.nvm', 'PATH': '/home/fetch/.nvm/versions/node/v10.15.3/bin:/opt/ros/indigo/bin:/usr/local/sbin:/usr/local/bin:/usr/sbin:/usr/bin:/sbin:/bin:/usr/games:/usr/local/games', 'HOME': '/home/fetch', 'VIRTUALENVWRAPPER_SCRIPT': '/usr/share/virtualenvwrapper/virtualenvwrapper.sh', 'ROS_LOG_FILENAME': '/home/fetch/.ros/log/d92112f8-1db3-11eb-bc6e-000babe55698/roslaunch-freight1207-14164.log', 'LANG': 'en_US.UTF-8', 'TERM': 'xterm-256color', 'SHELL': '/bin/bash', 'SHLVL': '1', 'QT_QPA_PLATFORMTHEME': 'appmenu-qt5', 'DISPLAY': 'localhost:13.0', 'NVM_BIN': '/home/fetch/.nvm/versions/node/v10.15.3/bin', '_VIRTUALENVWRAPPER_API': ' mkvirtualenv rmvirtualenv lsvirtualenv showvirtualenv workon add2virtualenv cdsitepackages cdvirtualenv lssitepackages toggleglobalsitepackages cpvirtualenv setvirtualenvproject mkproject cdproject mktmpenv mkvirtualenv rmvirtualenv lsvirtualenv showvirtualenv workon add2virtualenv cdsitepackages cdvirtualenv lssitepackages toggleglobalsitepackages cpvirtualenv setvirtualenvproject mkproject cdproject mktmpenv', 'CMAKE_PREFIX_PATH': '/home/fetch/catkin_ws/devel:/opt/ros/indigo', 'XDG_RUNTIME_DIR': '/run/user/1000', 'PYTHONPATH': '/home/fetch/catkin_ws/devel/lib/python2.7/dist-packages:/opt/ros/indigo/lib/python2.7/dist-packages', 'ROS_ROOT': '/opt/ros/indigo/share/ros', 'PKG_CONFIG_PATH': '/home/fetch/catkin_ws/devel/lib/pkgconfig:/opt/ros/indigo/lib/pkgconfig', 'ROS_PACKAGE_PATH': '/home/fetch/catkin_ws/src:/opt/ros/indigo/share:/opt/ros/indigo/stacks', 'XDG_SESSION_ID': '8', '_': '/opt/ros/indigo/bin/roslaunch', 'LD_LIBRARY_PATH': '/home/fetch/catkin_ws/devel/lib:/opt/ros/indigo/lib', 'LS_COLORS': 'rs=0:di=01;34:ln=01;36:mh=00:pi=40;33:so=01;35:do=01;35:bd=40;33;01:cd=40;33;01:or=40;31;01:su=37;41:sg=30;43:ca=30;41:tw=30;42:ow=34;42:st=37;44:ex=01;32:*.tar=01;31:*.tgz=01;31:*.arj=01;31:*.taz=01;31:*.lzh=01;31:*.lzma=01;31:*.tlz=01;31:*.txz=01;31:*.zip=01;31:*.z=01;31:*.Z=01;31:*.dz=01;31:*.gz=01;31:*.lz=01;31:*.xz=01;31:*.bz2=01;31:*.bz=01;31:*.tbz=01;31:*.tbz2=01;31:*.tz=01;31:*.deb=01;31:*.rpm=01;31:*.jar=01;31:*.war=01;31:*.ear=01;31:*.sar=01;31:*.rar=01;31:*.ace=01;31:*.zoo=01;31:*.cpio=01;31:*.7z=01;31:*.rz=01;31:*.jpg=01;35:*.jpeg=01;35:*.gif=01;35:*.bmp=01;35:*.pbm=01;35:*.pgm=01;35:*.ppm=01;35:*.tga=01;35:*.xbm=01;35:*.xpm=01;35:*.tif=01;35:*.tiff=01;35:*.png=01;35:*.svg=01;35:*.svgz=01;35:*.mng=01;35:*.pcx=01;35:*.mov=01;35:*.mpg=01;35:*.mpeg=01;35:*.m2v=01;35:*.mkv=01;35:*.webm=01;35:*.ogm=01;35:*.mp4=01;35:*.m4v=01;35:*.mp4v=01;35:*.vob=01;35:*.qt=01;35:*.nuv=01;35:*.wmv=01;35:*.asf=01;35:*.rm=01;35:*.rmvb=01;35:*.flc=01;35:*.avi=01;35:*.fli=01;35:*.flv=01;35:*.gl=01;35:*.dl=01;35:*.xcf=01;35:*.xwd=01;35:*.yuv=01;35:*.cgm=01;35:*.emf=01;35:*.axv=01;35:*.anx=01;35:*.ogv=01;35:*.ogx=01;35:*.aac=00;36:*.au=00;36:*.flac=00;36:*.mid=00;36:*.midi=00;36:*.mka=00;36:*.mp3=00;36:*.mpc=00;36:*.ogg=00;36:*.ra=00;36:*.wav=00;36:*.axa=00;36:*.oga=00;36:*.spx=00;36:*.xspf=00;36:', 'LESSCLOSE': '/usr/bin/lesspipe %s %s', 'SSH_TTY': '/dev/pts/29', 'PWD': '/home/fetch', 'ROS_ETC_DIR': '/opt/ros/indigo/etc/ros', 'ROS_MASTER_URI': 'http://localhost:11311', 'MAIL': '/var/mail/fetch', 'SSH_CONNECTION': '172.22.77.105 54705 172.22.77.172 22'}]
[roslaunch][INFO] 2020-11-03 01:24:54,944: process[rviz-2]: args[[u'/opt/ros/indigo/lib/rviz/rviz', '/opt/ros/indigo/share/fetch_navigation/config/navigation.rviz', u'__name:=rviz']]
[roslaunch][INFO] 2020-11-03 01:24:54,944: ... created process [rviz-2]
[roslaunch.pmon][INFO] 2020-11-03 01:24:54,944: ProcessMonitor.register[rviz-2]
[roslaunch.pmon][INFO] 2020-11-03 01:24:54,944: ProcessMonitor.register[rviz-2] complete
[roslaunch][INFO] 2020-11-03 01:24:54,944: ... registered process [rviz-2]
[roslaunch][INFO] 2020-11-03 01:24:54,944: process[rviz-2]: starting os process
[roslaunch][INFO] 2020-11-03 01:24:54,945: process[rviz-2]: start w/ args [[u'/opt/ros/indigo/lib/rviz/rviz', '/opt/ros/indigo/share/fetch_navigation/config/navigation.rviz', u'__name:=rviz', u'__log:=/home/fetch/.ros/log/d92112f8-1db3-11eb-bc6e-000babe55698/rviz-2.log']]
[roslaunch][INFO] 2020-11-03 01:24:54,945: process[rviz-2]: cwd will be [/home/fetch/.ros]
[roslaunch][INFO] 2020-11-03 01:24:54,946: process[rviz-2]: started with pid [14184]
[roslaunch][INFO] 2020-11-03 01:24:54,947: ... successfully launched [rviz-2]
[roslaunch][INFO] 2020-11-03 01:24:54,947: ... preparing to launch node of type [amcl/amcl]
[roslaunch][INFO] 2020-11-03 01:24:54,947: create_node_process: package[amcl] type[amcl] machine[Machine(name[] env_loader[None] address[localhost] ssh_port[22] user[None] assignable[True] timeout[10.0])] master_uri[http://localhost:11311]
[roslaunch][INFO] 2020-11-03 01:24:54,947: process[amcl-3]: env[{'ROS_DISTRO': 'indigo', 'NVM_CD_FLAGS': '', 'LESSOPEN': '| /usr/bin/lesspipe %s', 'SSH_CLIENT': '172.22.77.105 54705 22', 'CPATH': '/home/fetch/catkin_ws/devel/include:/opt/ros/indigo/include', 'LOGNAME': 'fetch', 'USER': 'fetch', 'NVM_DIR': '/home/fetch/.nvm', 'PATH': '/home/fetch/.nvm/versions/node/v10.15.3/bin:/opt/ros/indigo/bin:/usr/local/sbin:/usr/local/bin:/usr/sbin:/usr/bin:/sbin:/bin:/usr/games:/usr/local/games', 'HOME': '/home/fetch', 'VIRTUALENVWRAPPER_SCRIPT': '/usr/share/virtualenvwrapper/virtualenvwrapper.sh', 'ROS_LOG_FILENAME': '/home/fetch/.ros/log/d92112f8-1db3-11eb-bc6e-000babe55698/roslaunch-freight1207-14164.log', 'LANG': 'en_US.UTF-8', 'TERM': 'xterm-256color', 'SHELL': '/bin/bash', 'SHLVL': '1', 'QT_QPA_PLATFORMTHEME': 'appmenu-qt5', 'DISPLAY': 'localhost:13.0', 'NVM_BIN': '/home/fetch/.nvm/versions/node/v10.15.3/bin', '_VIRTUALENVWRAPPER_API': ' mkvirtualenv rmvirtualenv lsvirtualenv showvirtualenv workon add2virtualenv cdsitepackages cdvirtualenv lssitepackages toggleglobalsitepackages cpvirtualenv setvirtualenvproject mkproject cdproject mktmpenv mkvirtualenv rmvirtualenv lsvirtualenv showvirtualenv workon add2virtualenv cdsitepackages cdvirtualenv lssitepackages toggleglobalsitepackages cpvirtualenv setvirtualenvproject mkproject cdproject mktmpenv', 'CMAKE_PREFIX_PATH': '/home/fetch/catkin_ws/devel:/opt/ros/indigo', 'XDG_RUNTIME_DIR': '/run/user/1000', 'PYTHONPATH': '/home/fetch/catkin_ws/devel/lib/python2.7/dist-packages:/opt/ros/indigo/lib/python2.7/dist-packages', 'ROS_ROOT': '/opt/ros/indigo/share/ros', 'PKG_CONFIG_PATH': '/home/fetch/catkin_ws/devel/lib/pkgconfig:/opt/ros/indigo/lib/pkgconfig', 'ROS_PACKAGE_PATH': '/home/fetch/catkin_ws/src:/opt/ros/indigo/share:/opt/ros/indigo/stacks', 'XDG_SESSION_ID': '8', '_': '/opt/ros/indigo/bin/roslaunch', 'LD_LIBRARY_PATH': '/home/fetch/catkin_ws/devel/lib:/opt/ros/indigo/lib', 'LS_COLORS': 'rs=0:di=01;34:ln=01;36:mh=00:pi=40;33:so=01;35:do=01;35:bd=40;33;01:cd=40;33;01:or=40;31;01:su=37;41:sg=30;43:ca=30;41:tw=30;42:ow=34;42:st=37;44:ex=01;32:*.tar=01;31:*.tgz=01;31:*.arj=01;31:*.taz=01;31:*.lzh=01;31:*.lzma=01;31:*.tlz=01;31:*.txz=01;31:*.zip=01;31:*.z=01;31:*.Z=01;31:*.dz=01;31:*.gz=01;31:*.lz=01;31:*.xz=01;31:*.bz2=01;31:*.bz=01;31:*.tbz=01;31:*.tbz2=01;31:*.tz=01;31:*.deb=01;31:*.rpm=01;31:*.jar=01;31:*.war=01;31:*.ear=01;31:*.sar=01;31:*.rar=01;31:*.ace=01;31:*.zoo=01;31:*.cpio=01;31:*.7z=01;31:*.rz=01;31:*.jpg=01;35:*.jpeg=01;35:*.gif=01;35:*.bmp=01;35:*.pbm=01;35:*.pgm=01;35:*.ppm=01;35:*.tga=01;35:*.xbm=01;35:*.xpm=01;35:*.tif=01;35:*.tiff=01;35:*.png=01;35:*.svg=01;35:*.svgz=01;35:*.mng=01;35:*.pcx=01;35:*.mov=01;35:*.mpg=01;35:*.mpeg=01;35:*.m2v=01;35:*.mkv=01;35:*.webm=01;35:*.ogm=01;35:*.mp4=01;35:*.m4v=01;35:*.mp4v=01;35:*.vob=01;35:*.qt=01;35:*.nuv=01;35:*.wmv=01;35:*.asf=01;35:*.rm=01;35:*.rmvb=01;35:*.flc=01;35:*.avi=01;35:*.fli=01;35:*.flv=01;35:*.gl=01;35:*.dl=01;35:*.xcf=01;35:*.xwd=01;35:*.yuv=01;35:*.cgm=01;35:*.emf=01;35:*.axv=01;35:*.anx=01;35:*.ogv=01;35:*.ogx=01;35:*.aac=00;36:*.au=00;36:*.flac=00;36:*.mid=00;36:*.midi=00;36:*.mka=00;36:*.mp3=00;36:*.mpc=00;36:*.ogg=00;36:*.ra=00;36:*.wav=00;36:*.axa=00;36:*.oga=00;36:*.spx=00;36:*.xspf=00;36:', 'LESSCLOSE': '/usr/bin/lesspipe %s %s', 'SSH_TTY': '/dev/pts/29', 'PWD': '/home/fetch', 'ROS_ETC_DIR': '/opt/ros/indigo/etc/ros', 'ROS_MASTER_URI': 'http://localhost:11311', 'MAIL': '/var/mail/fetch', 'SSH_CONNECTION': '172.22.77.105 54705 172.22.77.172 22'}]
[roslaunch][INFO] 2020-11-03 01:24:54,947: process[amcl-3]: args[[u'/opt/ros/indigo/lib/amcl/amcl', u'scan:=base_scan', u'map:=map', u'__name:=amcl']]
[roslaunch][INFO] 2020-11-03 01:24:54,948: ... created process [amcl-3]
[roslaunch.pmon][INFO] 2020-11-03 01:24:54,948: ProcessMonitor.register[amcl-3]
[roslaunch.pmon][INFO] 2020-11-03 01:24:54,948: ProcessMonitor.register[amcl-3] complete
[roslaunch][INFO] 2020-11-03 01:24:54,948: ... registered process [amcl-3]
[roslaunch][INFO] 2020-11-03 01:24:54,948: process[amcl-3]: starting os process
[roslaunch][INFO] 2020-11-03 01:24:54,948: process[amcl-3]: start w/ args [[u'/opt/ros/indigo/lib/amcl/amcl', u'scan:=base_scan', u'map:=map', u'__name:=amcl', u'__log:=/home/fetch/.ros/log/d92112f8-1db3-11eb-bc6e-000babe55698/amcl-3.log']]
[roslaunch][INFO] 2020-11-03 01:24:54,948: process[amcl-3]: cwd will be [/home/fetch/.ros]
[roslaunch][INFO] 2020-11-03 01:24:54,951: process[amcl-3]: started with pid [14185]
[roslaunch][INFO] 2020-11-03 01:24:54,951: ... successfully launched [amcl-3]
[roslaunch][INFO] 2020-11-03 01:24:54,951: ... preparing to launch node of type [move_base/move_base]
[roslaunch][INFO] 2020-11-03 01:24:54,951: create_node_process: package[move_base] type[move_base] machine[Machine(name[] env_loader[None] address[localhost] ssh_port[22] user[None] assignable[True] timeout[10.0])] master_uri[http://localhost:11311]
[roslaunch][INFO] 2020-11-03 01:24:54,951: process[move_base-4]: env[{'ROS_DISTRO': 'indigo', 'NVM_CD_FLAGS': '', 'LESSOPEN': '| /usr/bin/lesspipe %s', 'SSH_CLIENT': '172.22.77.105 54705 22', 'CPATH': '/home/fetch/catkin_ws/devel/include:/opt/ros/indigo/include', 'LOGNAME': 'fetch', 'USER': 'fetch', 'NVM_DIR': '/home/fetch/.nvm', 'PATH': '/home/fetch/.nvm/versions/node/v10.15.3/bin:/opt/ros/indigo/bin:/usr/local/sbin:/usr/local/bin:/usr/sbin:/usr/bin:/sbin:/bin:/usr/games:/usr/local/games', 'HOME': '/home/fetch', 'VIRTUALENVWRAPPER_SCRIPT': '/usr/share/virtualenvwrapper/virtualenvwrapper.sh', 'ROS_LOG_FILENAME': '/home/fetch/.ros/log/d92112f8-1db3-11eb-bc6e-000babe55698/roslaunch-freight1207-14164.log', 'LANG': 'en_US.UTF-8', 'TERM': 'xterm-256color', 'SHELL': '/bin/bash', 'SHLVL': '1', 'QT_QPA_PLATFORMTHEME': 'appmenu-qt5', 'DISPLAY': 'localhost:13.0', 'NVM_BIN': '/home/fetch/.nvm/versions/node/v10.15.3/bin', '_VIRTUALENVWRAPPER_API': ' mkvirtualenv rmvirtualenv lsvirtualenv showvirtualenv workon add2virtualenv cdsitepackages cdvirtualenv lssitepackages toggleglobalsitepackages cpvirtualenv setvirtualenvproject mkproject cdproject mktmpenv mkvirtualenv rmvirtualenv lsvirtualenv showvirtualenv workon add2virtualenv cdsitepackages cdvirtualenv lssitepackages toggleglobalsitepackages cpvirtualenv setvirtualenvproject mkproject cdproject mktmpenv', 'CMAKE_PREFIX_PATH': '/home/fetch/catkin_ws/devel:/opt/ros/indigo', 'XDG_RUNTIME_DIR': '/run/user/1000', 'PYTHONPATH': '/home/fetch/catkin_ws/devel/lib/python2.7/dist-packages:/opt/ros/indigo/lib/python2.7/dist-packages', 'ROS_ROOT': '/opt/ros/indigo/share/ros', 'PKG_CONFIG_PATH': '/home/fetch/catkin_ws/devel/lib/pkgconfig:/opt/ros/indigo/lib/pkgconfig', 'ROS_PACKAGE_PATH': '/home/fetch/catkin_ws/src:/opt/ros/indigo/share:/opt/ros/indigo/stacks', 'XDG_SESSION_ID': '8', '_': '/opt/ros/indigo/bin/roslaunch', 'LD_LIBRARY_PATH': '/home/fetch/catkin_ws/devel/lib:/opt/ros/indigo/lib', 'LS_COLORS': 'rs=0:di=01;34:ln=01;36:mh=00:pi=40;33:so=01;35:do=01;35:bd=40;33;01:cd=40;33;01:or=40;31;01:su=37;41:sg=30;43:ca=30;41:tw=30;42:ow=34;42:st=37;44:ex=01;32:*.tar=01;31:*.tgz=01;31:*.arj=01;31:*.taz=01;31:*.lzh=01;31:*.lzma=01;31:*.tlz=01;31:*.txz=01;31:*.zip=01;31:*.z=01;31:*.Z=01;31:*.dz=01;31:*.gz=01;31:*.lz=01;31:*.xz=01;31:*.bz2=01;31:*.bz=01;31:*.tbz=01;31:*.tbz2=01;31:*.tz=01;31:*.deb=01;31:*.rpm=01;31:*.jar=01;31:*.war=01;31:*.ear=01;31:*.sar=01;31:*.rar=01;31:*.ace=01;31:*.zoo=01;31:*.cpio=01;31:*.7z=01;31:*.rz=01;31:*.jpg=01;35:*.jpeg=01;35:*.gif=01;35:*.bmp=01;35:*.pbm=01;35:*.pgm=01;35:*.ppm=01;35:*.tga=01;35:*.xbm=01;35:*.xpm=01;35:*.tif=01;35:*.tiff=01;35:*.png=01;35:*.svg=01;35:*.svgz=01;35:*.mng=01;35:*.pcx=01;35:*.mov=01;35:*.mpg=01;35:*.mpeg=01;35:*.m2v=01;35:*.mkv=01;35:*.webm=01;35:*.ogm=01;35:*.mp4=01;35:*.m4v=01;35:*.mp4v=01;35:*.vob=01;35:*.qt=01;35:*.nuv=01;35:*.wmv=01;35:*.asf=01;35:*.rm=01;35:*.rmvb=01;35:*.flc=01;35:*.avi=01;35:*.fli=01;35:*.flv=01;35:*.gl=01;35:*.dl=01;35:*.xcf=01;35:*.xwd=01;35:*.yuv=01;35:*.cgm=01;35:*.emf=01;35:*.axv=01;35:*.anx=01;35:*.ogv=01;35:*.ogx=01;35:*.aac=00;36:*.au=00;36:*.flac=00;36:*.mid=00;36:*.midi=00;36:*.mka=00;36:*.mp3=00;36:*.mpc=00;36:*.ogg=00;36:*.ra=00;36:*.wav=00;36:*.axa=00;36:*.oga=00;36:*.spx=00;36:*.xspf=00;36:', 'LESSCLOSE': '/usr/bin/lesspipe %s %s', 'SSH_TTY': '/dev/pts/29', 'PWD': '/home/fetch', 'ROS_ETC_DIR': '/opt/ros/indigo/etc/ros', 'ROS_MASTER_URI': 'http://localhost:11311', 'MAIL': '/var/mail/fetch', 'SSH_CONNECTION': '172.22.77.105 54705 172.22.77.172 22'}]
[roslaunch][INFO] 2020-11-03 01:24:54,952: process[move_base-4]: args[[u'/opt/ros/indigo/lib/move_base/move_base', u'cmd_vel:=cmd_vel', u'odom:=odom', u'map:=map', u'__name:=move_base']]
[roslaunch][INFO] 2020-11-03 01:24:54,952: ... created process [move_base-4]
[roslaunch.pmon][INFO] 2020-11-03 01:24:54,952: ProcessMonitor.register[move_base-4]
[roslaunch.pmon][INFO] 2020-11-03 01:24:54,952: ProcessMonitor.register[move_base-4] complete
[roslaunch][INFO] 2020-11-03 01:24:54,952: ... registered process [move_base-4]
[roslaunch][INFO] 2020-11-03 01:24:54,952: process[move_base-4]: starting os process
[roslaunch][INFO] 2020-11-03 01:24:54,952: process[move_base-4]: start w/ args [[u'/opt/ros/indigo/lib/move_base/move_base', u'cmd_vel:=cmd_vel', u'odom:=odom', u'map:=map', u'__name:=move_base', u'__log:=/home/fetch/.ros/log/d92112f8-1db3-11eb-bc6e-000babe55698/move_base-4.log']]
[roslaunch][INFO] 2020-11-03 01:24:54,952: process[move_base-4]: cwd will be [/home/fetch/.ros]
[roslaunch][INFO] 2020-11-03 01:24:54,954: process[move_base-4]: started with pid [14191]
[roslaunch][INFO] 2020-11-03 01:24:54,954: ... successfully launched [move_base-4]
[roslaunch][INFO] 2020-11-03 01:24:54,954: ... launch_nodes complete
[roslaunch.pmon][INFO] 2020-11-03 01:24:54,954: registrations completed <ProcessMonitor(ProcessMonitor-1, started daemon 140551430260480)>
[roslaunch.parent][INFO] 2020-11-03 01:24:54,954: ... roslaunch parent running, waiting for process exit
[roslaunch][INFO] 2020-11-03 01:24:54,954: spin
[roslaunch][INFO] 2020-11-03 01:24:56,075: [move_base-4] process has finished cleanly
log file: /home/fetch/.ros/log/d92112f8-1db3-11eb-bc6e-000babe55698/move_base-4*.log
[roslaunch][INFO] 2020-11-03 01:24:56,075: [move_base-4] restarting process
[roslaunch][INFO] 2020-11-03 01:24:56,075: process[move_base-4]: restarting os process
[roslaunch][INFO] 2020-11-03 01:24:56,075: process[move_base-4]: start w/ args [[u'/opt/ros/indigo/lib/move_base/move_base', u'cmd_vel:=cmd_vel', u'odom:=odom', u'map:=map', u'__name:=move_base', u'__log:=/home/fetch/.ros/log/d92112f8-1db3-11eb-bc6e-000babe55698/move_base-4.log']]
[roslaunch][INFO] 2020-11-03 01:24:56,075: process[move_base-4]: cwd will be [/home/fetch/.ros]
[roslaunch][INFO] 2020-11-03 01:24:56,077: process[move_base-4]: started with pid [15584]
[roslaunch][INFO] 2020-11-03 01:24:57,179: [move_base-4] process has finished cleanly
log file: /home/fetch/.ros/log/d92112f8-1db3-11eb-bc6e-000babe55698/move_base-4*.log
[roslaunch][INFO] 2020-11-03 01:24:57,179: [move_base-4] restarting process
[roslaunch][INFO] 2020-11-03 01:24:57,179: process[move_base-4]: restarting os process
[roslaunch][INFO] 2020-11-03 01:24:57,179: process[move_base-4]: start w/ args [[u'/opt/ros/indigo/lib/move_base/move_base', u'cmd_vel:=cmd_vel', u'odom:=odom', u'map:=map', u'__name:=move_base', u'__log:=/home/fetch/.ros/log/d92112f8-1db3-11eb-bc6e-000babe55698/move_base-4.log']]
[roslaunch][INFO] 2020-11-03 01:24:57,179: process[move_base-4]: cwd will be [/home/fetch/.ros]
[roslaunch][INFO] 2020-11-03 01:24:57,181: process[move_base-4]: started with pid [16750]
[roslaunch][INFO] 2020-11-03 01:24:58,283: [move_base-4] process has finished cleanly
log file: /home/fetch/.ros/log/d92112f8-1db3-11eb-bc6e-000babe55698/move_base-4*.log
[roslaunch][INFO] 2020-11-03 01:24:58,283: [move_base-4] restarting process
[roslaunch][INFO] 2020-11-03 01:24:58,283: process[move_base-4]: restarting os process
[roslaunch][INFO] 2020-11-03 01:24:58,283: process[move_base-4]: start w/ args [[u'/opt/ros/indigo/lib/move_base/move_base', u'cmd_vel:=cmd_vel', u'odom:=odom', u'map:=map', u'__name:=move_base', u'__log:=/home/fetch/.ros/log/d92112f8-1db3-11eb-bc6e-000babe55698/move_base-4.log']]
[roslaunch][INFO] 2020-11-03 01:24:58,283: process[move_base-4]: cwd will be [/home/fetch/.ros]
[roslaunch][INFO] 2020-11-03 01:24:58,285: process[move_base-4]: started with pid [17867]
[roslaunch][INFO] 2020-11-03 01:24:59,387: [move_base-4] process has finished cleanly
log file: /home/fetch/.ros/log/d92112f8-1db3-11eb-bc6e-000babe55698/move_base-4*.log
[roslaunch][INFO] 2020-11-03 01:24:59,387: [move_base-4] restarting process
[roslaunch][INFO] 2020-11-03 01:24:59,387: process[move_base-4]: restarting os process
[roslaunch][INFO] 2020-11-03 01:24:59,387: process[move_base-4]: start w/ args [[u'/opt/ros/indigo/lib/move_base/move_base', u'cmd_vel:=cmd_vel', u'odom:=odom', u'map:=map', u'__name:=move_base', u'__log:=/home/fetch/.ros/log/d92112f8-1db3-11eb-bc6e-000babe55698/move_base-4.log']]
[roslaunch][INFO] 2020-11-03 01:24:59,387: process[move_base-4]: cwd will be [/home/fetch/.ros]
[roslaunch][INFO] 2020-11-03 01:24:59,389: process[move_base-4]: started with pid [18977]
[roslaunch][INFO] 2020-11-03 01:25:00,491: [move_base-4] process has finished cleanly
log file: /home/fetch/.ros/log/d92112f8-1db3-11eb-bc6e-000babe55698/move_base-4*.log
[roslaunch][INFO] 2020-11-03 01:25:00,491: [move_base-4] restarting process
[roslaunch][INFO] 2020-11-03 01:25:00,491: process[move_base-4]: restarting os process
[roslaunch][INFO] 2020-11-03 01:25:00,491: process[move_base-4]: start w/ args [[u'/opt/ros/indigo/lib/move_base/move_base', u'cmd_vel:=cmd_vel', u'odom:=odom', u'map:=map', u'__name:=move_base', u'__log:=/home/fetch/.ros/log/d92112f8-1db3-11eb-bc6e-000babe55698/move_base-4.log']]
[roslaunch][INFO] 2020-11-03 01:25:00,491: process[move_base-4]: cwd will be [/home/fetch/.ros]
[roslaunch][INFO] 2020-11-03 01:25:00,493: process[move_base-4]: started with pid [20093]
[roslaunch][INFO] 2020-11-03 01:25:01,595: [move_base-4] process has finished cleanly
log file: /home/fetch/.ros/log/d92112f8-1db3-11eb-bc6e-000babe55698/move_base-4*.log
[roslaunch][INFO] 2020-11-03 01:25:01,595: [move_base-4] restarting process
[roslaunch][INFO] 2020-11-03 01:25:01,595: process[move_base-4]: restarting os process
[roslaunch][INFO] 2020-11-03 01:25:01,595: process[move_base-4]: start w/ args [[u'/opt/ros/indigo/lib/move_base/move_base', u'cmd_vel:=cmd_vel', u'odom:=odom', u'map:=map', u'__name:=move_base', u'__log:=/home/fetch/.ros/log/d92112f8-1db3-11eb-bc6e-000babe55698/move_base-4.log']]
[roslaunch][INFO] 2020-11-03 01:25:01,595: process[move_base-4]: cwd will be [/home/fetch/.ros]
[roslaunch][INFO] 2020-11-03 01:25:01,597: process[move_base-4]: started with pid [21203]
[roslaunch][INFO] 2020-11-03 01:25:02,699: [move_base-4] process has finished cleanly
log file: /home/fetch/.ros/log/d92112f8-1db3-11eb-bc6e-000babe55698/move_base-4*.log
[roslaunch][INFO] 2020-11-03 01:25:02,699: [move_base-4] restarting process
[roslaunch][INFO] 2020-11-03 01:25:02,699: process[move_base-4]: restarting os process
[roslaunch][INFO] 2020-11-03 01:25:02,699: process[move_base-4]: start w/ args [[u'/opt/ros/indigo/lib/move_base/move_base', u'cmd_vel:=cmd_vel', u'odom:=odom', u'map:=map', u'__name:=move_base', u'__log:=/home/fetch/.ros/log/d92112f8-1db3-11eb-bc6e-000babe55698/move_base-4.log']]
[roslaunch][INFO] 2020-11-03 01:25:02,699: process[move_base-4]: cwd will be [/home/fetch/.ros]
[roslaunch][INFO] 2020-11-03 01:25:02,701: process[move_base-4]: started with pid [22319]
[roslaunch][INFO] 2020-11-03 01:25:03,803: [move_base-4] process has finished cleanly
log file: /home/fetch/.ros/log/d92112f8-1db3-11eb-bc6e-000babe55698/move_base-4*.log
[roslaunch][INFO] 2020-11-03 01:25:03,803: [move_base-4] restarting process
[roslaunch][INFO] 2020-11-03 01:25:03,803: process[move_base-4]: restarting os process
[roslaunch][INFO] 2020-11-03 01:25:03,803: process[move_base-4]: start w/ args [[u'/opt/ros/indigo/lib/move_base/move_base', u'cmd_vel:=cmd_vel', u'odom:=odom', u'map:=map', u'__name:=move_base', u'__log:=/home/fetch/.ros/log/d92112f8-1db3-11eb-bc6e-000babe55698/move_base-4.log']]
[roslaunch][INFO] 2020-11-03 01:25:03,803: process[move_base-4]: cwd will be [/home/fetch/.ros]
[roslaunch][INFO] 2020-11-03 01:25:03,805: process[move_base-4]: started with pid [23429]
[roslaunch][INFO] 2020-11-03 01:25:04,907: [move_base-4] process has finished cleanly
log file: /home/fetch/.ros/log/d92112f8-1db3-11eb-bc6e-000babe55698/move_base-4*.log
[roslaunch][INFO] 2020-11-03 01:25:04,907: [move_base-4] restarting process
[roslaunch][INFO] 2020-11-03 01:25:04,907: process[move_base-4]: restarting os process
[roslaunch][INFO] 2020-11-03 01:25:04,907: process[move_base-4]: start w/ args [[u'/opt/ros/indigo/lib/move_base/move_base', u'cmd_vel:=cmd_vel', u'odom:=odom', u'map:=map', u'__name:=move_base', u'__log:=/home/fetch/.ros/log/d92112f8-1db3-11eb-bc6e-000babe55698/move_base-4.log']]
[roslaunch][INFO] 2020-11-03 01:25:04,908: process[move_base-4]: cwd will be [/home/fetch/.ros]
[roslaunch][INFO] 2020-11-03 01:25:04,909: process[move_base-4]: started with pid [24545]
[roslaunch][INFO] 2020-11-03 01:25:06,012: [move_base-4] process has finished cleanly
log file: /home/fetch/.ros/log/d92112f8-1db3-11eb-bc6e-000babe55698/move_base-4*.log
[roslaunch][INFO] 2020-11-03 01:25:06,012: [move_base-4] restarting process
[roslaunch][INFO] 2020-11-03 01:25:06,012: process[move_base-4]: restarting os process
[roslaunch][INFO] 2020-11-03 01:25:06,012: process[move_base-4]: start w/ args [[u'/opt/ros/indigo/lib/move_base/move_base', u'cmd_vel:=cmd_vel', u'odom:=odom', u'map:=map', u'__name:=move_base', u'__log:=/home/fetch/.ros/log/d92112f8-1db3-11eb-bc6e-000babe55698/move_base-4.log']]
[roslaunch][INFO] 2020-11-03 01:25:06,012: process[move_base-4]: cwd will be [/home/fetch/.ros]
[roslaunch][INFO] 2020-11-03 01:25:06,014: process[move_base-4]: started with pid [25656]
[roslaunch.pmon][INFO] 2020-11-03 01:25:06,763: ProcessMonitor.shutdown <ProcessMonitor(ProcessMonitor-1, started daemon 140551430260480)>
[roslaunch.pmon][INFO] 2020-11-03 01:25:06,815: ProcessMonitor._post_run <ProcessMonitor(ProcessMonitor-1, started daemon 140551430260480)>
[roslaunch.pmon][INFO] 2020-11-03 01:25:06,815: ProcessMonitor._post_run <ProcessMonitor(ProcessMonitor-1, started daemon 140551430260480)>: remaining procs are [<roslaunch.nodeprocess.LocalProcess object at 0x7fd4ae345550>, <roslaunch.nodeprocess.LocalProcess object at 0x7fd4ae345710>, <roslaunch.nodeprocess.LocalProcess object at 0x7fd4ae345750>, <roslaunch.nodeprocess.LocalProcess object at 0x7fd4ac9063d0>]
[roslaunch.pmon][INFO] 2020-11-03 01:25:06,816: ProcessMonitor exit: killing move_base-4
[roslaunch][INFO] 2020-11-03 01:25:06,816: [move_base-4] killing on exit
[roslaunch][INFO] 2020-11-03 01:25:06,816: process[move_base-4]: killing os process with pid[25656] pgid[25656]
[roslaunch][INFO] 2020-11-03 01:25:06,816: [move_base-4] sending SIGINT to pgid [25656]
[roslaunch][INFO] 2020-11-03 01:25:06,816: [move_base-4] sent SIGINT to pgid [25656]
[roslaunch.pmon][INFO] 2020-11-03 01:25:06,816: ProcessMonitor exit: killing amcl-3
[roslaunch][INFO] 2020-11-03 01:25:06,816: [amcl-3] killing on exit
[roslaunch.pmon][INFO] 2020-11-03 01:25:06,817: ProcessMonitor exit: killing rviz-2
[roslaunch][INFO] 2020-11-03 01:25:06,817: [rviz-2] killing on exit
[roslaunch.pmon][INFO] 2020-11-03 01:25:06,817: ProcessMonitor exit: killing map_server-1
[roslaunch][INFO] 2020-11-03 01:25:06,817: [map_server-1] killing on exit
[roslaunch][INFO] 2020-11-03 01:25:06,817: process[amcl-3]: killing os process with pid[14185] pgid[14185]
[roslaunch][INFO] 2020-11-03 01:25:06,817: process[rviz-2]: killing os process with pid[14184] pgid[14184]
[roslaunch][INFO] 2020-11-03 01:25:06,818: [amcl-3] sending SIGINT to pgid [14185]
[roslaunch][INFO] 2020-11-03 01:25:06,818: [rviz-2] sending SIGINT to pgid [14184]
[roslaunch][INFO] 2020-11-03 01:25:06,818: [rviz-2] sent SIGINT to pgid [14184]
[roslaunch][INFO] 2020-11-03 01:25:06,818: process[map_server-1]: killing os process with pid[14183] pgid[14183]
[roslaunch][INFO] 2020-11-03 01:25:06,818: [map_server-1] sending SIGINT to pgid [14183]
[roslaunch][INFO] 2020-11-03 01:25:06,818: [map_server-1] sent SIGINT to pgid [14183]
[roslaunch][INFO] 2020-11-03 01:25:06,818: [amcl-3] sent SIGINT to pgid [14185]
[roslaunch][INFO] 2020-11-03 01:25:06,916: process[move_base-4]: SIGINT killed with return value 1
[roslaunch][INFO] 2020-11-03 01:25:07,019: process[map_server-1]: SIGINT killed with return value 0
[roslaunch][INFO] 2020-11-03 01:25:07,219: process[amcl-3]: SIGINT killed with return value 0
[roslaunch][INFO] 2020-11-03 01:25:08,020: process[rviz-2]: SIGINT killed with return value 0
[roslaunch.pmon][INFO] 2020-11-03 01:25:08,020: ProcessMonitor exit: cleaning up data structures and signals
[roslaunch.pmon][INFO] 2020-11-03 01:25:08,020: ProcessMonitor exit: pmon has shutdown
[roslaunch][INFO] 2020-11-03 01:25:08,029: process monitor is done spinning, initiating full shutdown
[roslaunch][INFO] 2020-11-03 01:25:08,029: runner.stop()
[roslaunch][INFO] 2020-11-03 01:25:08,029: shutting down processing monitor...
[roslaunch][INFO] 2020-11-03 01:25:08,029: shutting down processing monitor <ProcessMonitor(ProcessMonitor-1, stopped daemon 140551430260480)>
[roslaunch.pmon][INFO] 2020-11-03 01:25:08,029: ProcessMonitor.shutdown <ProcessMonitor(ProcessMonitor-1, stopped daemon 140551430260480)>
[roslaunch][INFO] 2020-11-03 01:25:08,029: ... shutting down processing monitor complete
[roslaunch][INFO] 2020-11-03 01:25:08,029: done
[roslaunch.pmon][INFO] 2020-11-03 01:25:08,029: ProcessMonitor.shutdown <ProcessMonitor(ProcessMonitor-1, stopped daemon 140551430260480)>
[rospy.core][INFO] 2020-11-03 01:25:08,029: signal_shutdown [atexit]
