[roslaunch][INFO] 2020-11-03 01:19:33,534: Checking log directory for disk usage. This may take awhile.
Press Ctrl-C to interrupt
[roslaunch][INFO] 2020-11-03 01:19:33,538: Done checking log file disk usage. Usage is <1GB.
[roslaunch][INFO] 2020-11-03 01:19:33,538: roslaunch starting with args ['/opt/ros/indigo/bin/roslaunch', 'fetch_navigation', 'freight_nav.launch']
[roslaunch][INFO] 2020-11-03 01:19:33,538: roslaunch env is {'ROS_DISTRO': 'indigo', 'NVM_CD_FLAGS': '', 'LESSOPEN': '| /usr/bin/lesspipe %s', 'SSH_CLIENT': '172.22.77.105 54701 22', 'CPATH': '/home/fetch/catkin_ws/devel/include:/opt/ros/indigo/include', 'LOGNAME': 'fetch', 'USER': 'fetch', 'NVM_DIR': '/home/fetch/.nvm', 'PATH': '/home/fetch/.nvm/versions/node/v10.15.3/bin:/opt/ros/indigo/bin:/usr/local/sbin:/usr/local/bin:/usr/sbin:/usr/bin:/sbin:/bin:/usr/games:/usr/local/games', 'HOME': '/home/fetch', 'VIRTUALENVWRAPPER_SCRIPT': '/usr/share/virtualenvwrapper/virtualenvwrapper.sh', 'LD_LIBRARY_PATH': '/home/fetch/catkin_ws/devel/lib:/opt/ros/indigo/lib', 'LANG': 'en_US.UTF-8', 'TERM': 'xterm-256color', 'SHELL': '/bin/bash', 'ROS_LOG_FILENAME': '/home/fetch/.ros/log/d92112f8-1db3-11eb-bc6e-000babe55698/roslaunch-freight1207-30874.log', 'SHLVL': '1', 'QT_QPA_PLATFORMTHEME': 'appmenu-qt5', 'ROS_ETC_DIR': '/opt/ros/indigo/etc/ros', 'DISPLAY': 'localhost:11.0', 'NVM_BIN': '/home/fetch/.nvm/versions/node/v10.15.3/bin', '_VIRTUALENVWRAPPER_API': ' mkvirtualenv rmvirtualenv lsvirtualenv showvirtualenv workon add2virtualenv cdsitepackages cdvirtualenv lssitepackages toggleglobalsitepackages cpvirtualenv setvirtualenvproject mkproject cdproject mktmpenv mkvirtualenv rmvirtualenv lsvirtualenv showvirtualenv workon add2virtualenv cdsitepackages cdvirtualenv lssitepackages toggleglobalsitepackages cpvirtualenv setvirtualenvproject mkproject cdproject mktmpenv', 'CMAKE_PREFIX_PATH': '/home/fetch/catkin_ws/devel:/opt/ros/indigo', 'XDG_RUNTIME_DIR': '/run/user/1000', 'PYTHONPATH': '/home/fetch/catkin_ws/devel/lib/python2.7/dist-packages:/opt/ros/indigo/lib/python2.7/dist-packages', 'ROS_ROOT': '/opt/ros/indigo/share/ros', 'PKG_CONFIG_PATH': '/home/fetch/catkin_ws/devel/lib/pkgconfig:/opt/ros/indigo/lib/pkgconfig', 'ROS_PACKAGE_PATH': '/home/fetch/catkin_ws/src:/opt/ros/indigo/share:/opt/ros/indigo/stacks', 'XDG_SESSION_ID': '6', '_': '/opt/ros/indigo/bin/roslaunch', 'SSH_CONNECTION': '172.22.77.105 54701 172.22.77.172 22', 'LESSCLOSE': '/usr/bin/lesspipe %s %s', 'SSH_TTY': '/dev/pts/0', 'PWD': '/home/fetch', 'ROS_MASTER_URI': 'http://localhost:11311', 'MAIL': '/var/mail/fetch', 'LS_COLORS': 'rs=0:di=01;34:ln=01;36:mh=00:pi=40;33:so=01;35:do=01;35:bd=40;33;01:cd=40;33;01:or=40;31;01:su=37;41:sg=30;43:ca=30;41:tw=30;42:ow=34;42:st=37;44:ex=01;32:*.tar=01;31:*.tgz=01;31:*.arj=01;31:*.taz=01;31:*.lzh=01;31:*.lzma=01;31:*.tlz=01;31:*.txz=01;31:*.zip=01;31:*.z=01;31:*.Z=01;31:*.dz=01;31:*.gz=01;31:*.lz=01;31:*.xz=01;31:*.bz2=01;31:*.bz=01;31:*.tbz=01;31:*.tbz2=01;31:*.tz=01;31:*.deb=01;31:*.rpm=01;31:*.jar=01;31:*.war=01;31:*.ear=01;31:*.sar=01;31:*.rar=01;31:*.ace=01;31:*.zoo=01;31:*.cpio=01;31:*.7z=01;31:*.rz=01;31:*.jpg=01;35:*.jpeg=01;35:*.gif=01;35:*.bmp=01;35:*.pbm=01;35:*.pgm=01;35:*.ppm=01;35:*.tga=01;35:*.xbm=01;35:*.xpm=01;35:*.tif=01;35:*.tiff=01;35:*.png=01;35:*.svg=01;35:*.svgz=01;35:*.mng=01;35:*.pcx=01;35:*.mov=01;35:*.mpg=01;35:*.mpeg=01;35:*.m2v=01;35:*.mkv=01;35:*.webm=01;35:*.ogm=01;35:*.mp4=01;35:*.m4v=01;35:*.mp4v=01;35:*.vob=01;35:*.qt=01;35:*.nuv=01;35:*.wmv=01;35:*.asf=01;35:*.rm=01;35:*.rmvb=01;35:*.flc=01;35:*.avi=01;35:*.fli=01;35:*.flv=01;35:*.gl=01;35:*.dl=01;35:*.xcf=01;35:*.xwd=01;35:*.yuv=01;35:*.cgm=01;35:*.emf=01;35:*.axv=01;35:*.anx=01;35:*.ogv=01;35:*.ogx=01;35:*.aac=00;36:*.au=00;36:*.flac=00;36:*.mid=00;36:*.midi=00;36:*.mka=00;36:*.mp3=00;36:*.mpc=00;36:*.ogg=00;36:*.ra=00;36:*.wav=00;36:*.axa=00;36:*.oga=00;36:*.spx=00;36:*.xspf=00;36:'}
[roslaunch][INFO] 2020-11-03 01:19:33,538: starting in server mode
[roslaunch.parent][INFO] 2020-11-03 01:19:33,538: starting roslaunch parent run
[roslaunch][INFO] 2020-11-03 01:19:33,538: loading roscore config file /opt/ros/indigo/etc/ros/roscore.xml
[roslaunch][INFO] 2020-11-03 01:19:33,606: Added core node of type [rosout/rosout] in namespace [/]
[roslaunch.config][INFO] 2020-11-03 01:19:33,607: loading config file /opt/ros/indigo/share/fetch_navigation/launch/freight_nav.launch
[roslaunch][INFO] 2020-11-03 01:19:33,638: Added node of type [map_server/map_server] in namespace [/]
[roslaunch][INFO] 2020-11-03 01:19:33,639: Added node of type [rviz/rviz] in namespace [/]
[roslaunch][INFO] 2020-11-03 01:19:33,644: Added node of type [amcl/amcl] in namespace [/]
[roslaunch][INFO] 2020-11-03 01:19:33,661: Added node of type [move_base/move_base] in namespace [/]
[roslaunch][INFO] 2020-11-03 01:19:33,661: ... selected machine [] for node of type [map_server/map_server]
[roslaunch][INFO] 2020-11-03 01:19:33,661: ... selected machine [] for node of type [rviz/rviz]
[roslaunch][INFO] 2020-11-03 01:19:33,661: ... selected machine [] for node of type [amcl/amcl]
[roslaunch][INFO] 2020-11-03 01:19:33,661: ... selected machine [] for node of type [move_base/move_base]
[roslaunch.pmon][INFO] 2020-11-03 01:19:33,662: start_process_monitor: creating ProcessMonitor
[roslaunch.pmon][INFO] 2020-11-03 01:19:33,662: created process monitor <ProcessMonitor(ProcessMonitor-1, initial daemon)>
[roslaunch.pmon][INFO] 2020-11-03 01:19:33,662: start_process_monitor: ProcessMonitor started
[roslaunch.parent][INFO] 2020-11-03 01:19:33,662: starting parent XML-RPC server
[roslaunch.server][INFO] 2020-11-03 01:19:33,662: starting roslaunch XML-RPC server
[roslaunch.server][INFO] 2020-11-03 01:19:33,662: waiting for roslaunch XML-RPC server to initialize
[xmlrpc][INFO] 2020-11-03 01:19:33,662: XML-RPC server binding to 0.0.0.0:0
[xmlrpc][INFO] 2020-11-03 01:19:33,663: Started XML-RPC server [http://freight1207:42017/]
[xmlrpc][INFO] 2020-11-03 01:19:33,663: xml rpc node: starting XML-RPC server
[roslaunch][INFO] 2020-11-03 01:19:33,674: started roslaunch server http://freight1207:42017/
[roslaunch.parent][INFO] 2020-11-03 01:19:33,674: ... parent XML-RPC server started
[roslaunch][INFO] 2020-11-03 01:19:33,675: master.is_running[http://localhost:11311]
[roslaunch][INFO] 2020-11-03 01:19:33,676: master.is_running[http://localhost:11311]
[roslaunch][INFO] 2020-11-03 01:19:33,676: ROS_MASTER_URI=http://localhost:11311
[roslaunch][INFO] 2020-11-03 01:19:33,678: setting /roslaunch/uris/host_freight1207__42017' to http://freight1207:42017/
[roslaunch][INFO] 2020-11-03 01:19:33,679: load_parameters starting ...
[roslaunch][INFO] 2020-11-03 01:19:33,698: ... load_parameters complete
[roslaunch][INFO] 2020-11-03 01:19:33,698: launch_nodes: launching local nodes ...
[roslaunch][INFO] 2020-11-03 01:19:33,698: ... preparing to launch node of type [map_server/map_server]
[roslaunch][INFO] 2020-11-03 01:19:33,698: create_node_process: package[map_server] type[map_server] machine[Machine(name[] env_loader[None] address[localhost] ssh_port[22] user[None] assignable[True] timeout[10.0])] master_uri[http://localhost:11311]
[roslaunch][INFO] 2020-11-03 01:19:33,698: process[map_server-1]: env[{'ROS_DISTRO': 'indigo', 'NVM_CD_FLAGS': '', 'LESSOPEN': '| /usr/bin/lesspipe %s', 'SSH_CLIENT': '172.22.77.105 54701 22', 'CPATH': '/home/fetch/catkin_ws/devel/include:/opt/ros/indigo/include', 'LOGNAME': 'fetch', 'USER': 'fetch', 'NVM_DIR': '/home/fetch/.nvm', 'PATH': '/home/fetch/.nvm/versions/node/v10.15.3/bin:/opt/ros/indigo/bin:/usr/local/sbin:/usr/local/bin:/usr/sbin:/usr/bin:/sbin:/bin:/usr/games:/usr/local/games', 'HOME': '/home/fetch', 'VIRTUALENVWRAPPER_SCRIPT': '/usr/share/virtualenvwrapper/virtualenvwrapper.sh', 'ROS_LOG_FILENAME': '/home/fetch/.ros/log/d92112f8-1db3-11eb-bc6e-000babe55698/roslaunch-freight1207-30874.log', 'LANG': 'en_US.UTF-8', 'TERM': 'xterm-256color', 'SHELL': '/bin/bash', 'SHLVL': '1', 'QT_QPA_PLATFORMTHEME': 'appmenu-qt5', 'DISPLAY': 'localhost:11.0', 'NVM_BIN': '/home/fetch/.nvm/versions/node/v10.15.3/bin', '_VIRTUALENVWRAPPER_API': ' mkvirtualenv rmvirtualenv lsvirtualenv showvirtualenv workon add2virtualenv cdsitepackages cdvirtualenv lssitepackages toggleglobalsitepackages cpvirtualenv setvirtualenvproject mkproject cdproject mktmpenv mkvirtualenv rmvirtualenv lsvirtualenv showvirtualenv workon add2virtualenv cdsitepackages cdvirtualenv lssitepackages toggleglobalsitepackages cpvirtualenv setvirtualenvproject mkproject cdproject mktmpenv', 'CMAKE_PREFIX_PATH': '/home/fetch/catkin_ws/devel:/opt/ros/indigo', 'XDG_RUNTIME_DIR': '/run/user/1000', 'PYTHONPATH': '/home/fetch/catkin_ws/devel/lib/python2.7/dist-packages:/opt/ros/indigo/lib/python2.7/dist-packages', 'ROS_ROOT': '/opt/ros/indigo/share/ros', 'PKG_CONFIG_PATH': '/home/fetch/catkin_ws/devel/lib/pkgconfig:/opt/ros/indigo/lib/pkgconfig', 'ROS_PACKAGE_PATH': '/home/fetch/catkin_ws/src:/opt/ros/indigo/share:/opt/ros/indigo/stacks', 'XDG_SESSION_ID': '6', '_': '/opt/ros/indigo/bin/roslaunch', 'LD_LIBRARY_PATH': '/home/fetch/catkin_ws/devel/lib:/opt/ros/indigo/lib', 'LS_COLORS': 'rs=0:di=01;34:ln=01;36:mh=00:pi=40;33:so=01;35:do=01;35:bd=40;33;01:cd=40;33;01:or=40;31;01:su=37;41:sg=30;43:ca=30;41:tw=30;42:ow=34;42:st=37;44:ex=01;32:*.tar=01;31:*.tgz=01;31:*.arj=01;31:*.taz=01;31:*.lzh=01;31:*.lzma=01;31:*.tlz=01;31:*.txz=01;31:*.zip=01;31:*.z=01;31:*.Z=01;31:*.dz=01;31:*.gz=01;31:*.lz=01;31:*.xz=01;31:*.bz2=01;31:*.bz=01;31:*.tbz=01;31:*.tbz2=01;31:*.tz=01;31:*.deb=01;31:*.rpm=01;31:*.jar=01;31:*.war=01;31:*.ear=01;31:*.sar=01;31:*.rar=01;31:*.ace=01;31:*.zoo=01;31:*.cpio=01;31:*.7z=01;31:*.rz=01;31:*.jpg=01;35:*.jpeg=01;35:*.gif=01;35:*.bmp=01;35:*.pbm=01;35:*.pgm=01;35:*.ppm=01;35:*.tga=01;35:*.xbm=01;35:*.xpm=01;35:*.tif=01;35:*.tiff=01;35:*.png=01;35:*.svg=01;35:*.svgz=01;35:*.mng=01;35:*.pcx=01;35:*.mov=01;35:*.mpg=01;35:*.mpeg=01;35:*.m2v=01;35:*.mkv=01;35:*.webm=01;35:*.ogm=01;35:*.mp4=01;35:*.m4v=01;35:*.mp4v=01;35:*.vob=01;35:*.qt=01;35:*.nuv=01;35:*.wmv=01;35:*.asf=01;35:*.rm=01;35:*.rmvb=01;35:*.flc=01;35:*.avi=01;35:*.fli=01;35:*.flv=01;35:*.gl=01;35:*.dl=01;35:*.xcf=01;35:*.xwd=01;35:*.yuv=01;35:*.cgm=01;35:*.emf=01;35:*.axv=01;35:*.anx=01;35:*.ogv=01;35:*.ogx=01;35:*.aac=00;36:*.au=00;36:*.flac=00;36:*.mid=00;36:*.midi=00;36:*.mka=00;36:*.mp3=00;36:*.mpc=00;36:*.ogg=00;36:*.ra=00;36:*.wav=00;36:*.axa=00;36:*.oga=00;36:*.spx=00;36:*.xspf=00;36:', 'LESSCLOSE': '/usr/bin/lesspipe %s %s', 'SSH_TTY': '/dev/pts/0', 'PWD': '/home/fetch', 'ROS_ETC_DIR': '/opt/ros/indigo/etc/ros', 'ROS_MASTER_URI': 'http://localhost:11311', 'MAIL': '/var/mail/fetch', 'SSH_CONNECTION': '172.22.77.105 54701 172.22.77.172 22'}]
[roslaunch][INFO] 2020-11-03 01:19:33,729: process[map_server-1]: args[[u'/opt/ros/indigo/lib/map_server/map_server', '/home/fetch/final_map.yaml', u'__name:=map_server']]
[roslaunch][INFO] 2020-11-03 01:19:33,729: ... created process [map_server-1]
[roslaunch.pmon][INFO] 2020-11-03 01:19:33,729: ProcessMonitor.register[map_server-1]
[roslaunch.pmon][INFO] 2020-11-03 01:19:33,729: ProcessMonitor.register[map_server-1] complete
[roslaunch][INFO] 2020-11-03 01:19:33,729: ... registered process [map_server-1]
[roslaunch][INFO] 2020-11-03 01:19:33,729: process[map_server-1]: starting os process
[roslaunch][INFO] 2020-11-03 01:19:33,729: process[map_server-1]: start w/ args [[u'/opt/ros/indigo/lib/map_server/map_server', '/home/fetch/final_map.yaml', u'__name:=map_server', u'__log:=/home/fetch/.ros/log/d92112f8-1db3-11eb-bc6e-000babe55698/map_server-1.log']]
[roslaunch][INFO] 2020-11-03 01:19:33,729: process[map_server-1]: cwd will be [/home/fetch/.ros]
[roslaunch][INFO] 2020-11-03 01:19:33,731: process[map_server-1]: started with pid [30892]
[roslaunch][INFO] 2020-11-03 01:19:33,731: ... successfully launched [map_server-1]
[roslaunch][INFO] 2020-11-03 01:19:33,731: ... preparing to launch node of type [rviz/rviz]
[roslaunch][INFO] 2020-11-03 01:19:33,731: create_node_process: package[rviz] type[rviz] machine[Machine(name[] env_loader[None] address[localhost] ssh_port[22] user[None] assignable[True] timeout[10.0])] master_uri[http://localhost:11311]
[roslaunch][INFO] 2020-11-03 01:19:33,731: process[rviz-2]: env[{'ROS_DISTRO': 'indigo', 'NVM_CD_FLAGS': '', 'LESSOPEN': '| /usr/bin/lesspipe %s', 'SSH_CLIENT': '172.22.77.105 54701 22', 'CPATH': '/home/fetch/catkin_ws/devel/include:/opt/ros/indigo/include', 'LOGNAME': 'fetch', 'USER': 'fetch', 'NVM_DIR': '/home/fetch/.nvm', 'PATH': '/home/fetch/.nvm/versions/node/v10.15.3/bin:/opt/ros/indigo/bin:/usr/local/sbin:/usr/local/bin:/usr/sbin:/usr/bin:/sbin:/bin:/usr/games:/usr/local/games', 'HOME': '/home/fetch', 'VIRTUALENVWRAPPER_SCRIPT': '/usr/share/virtualenvwrapper/virtualenvwrapper.sh', 'ROS_LOG_FILENAME': '/home/fetch/.ros/log/d92112f8-1db3-11eb-bc6e-000babe55698/roslaunch-freight1207-30874.log', 'LANG': 'en_US.UTF-8', 'TERM': 'xterm-256color', 'SHELL': '/bin/bash', 'SHLVL': '1', 'QT_QPA_PLATFORMTHEME': 'appmenu-qt5', 'DISPLAY': 'localhost:11.0', 'NVM_BIN': '/home/fetch/.nvm/versions/node/v10.15.3/bin', '_VIRTUALENVWRAPPER_API': ' mkvirtualenv rmvirtualenv lsvirtualenv showvirtualenv workon add2virtualenv cdsitepackages cdvirtualenv lssitepackages toggleglobalsitepackages cpvirtualenv setvirtualenvproject mkproject cdproject mktmpenv mkvirtualenv rmvirtualenv lsvirtualenv showvirtualenv workon add2virtualenv cdsitepackages cdvirtualenv lssitepackages toggleglobalsitepackages cpvirtualenv setvirtualenvproject mkproject cdproject mktmpenv', 'CMAKE_PREFIX_PATH': '/home/fetch/catkin_ws/devel:/opt/ros/indigo', 'XDG_RUNTIME_DIR': '/run/user/1000', 'PYTHONPATH': '/home/fetch/catkin_ws/devel/lib/python2.7/dist-packages:/opt/ros/indigo/lib/python2.7/dist-packages', 'ROS_ROOT': '/opt/ros/indigo/share/ros', 'PKG_CONFIG_PATH': '/home/fetch/catkin_ws/devel/lib/pkgconfig:/opt/ros/indigo/lib/pkgconfig', 'ROS_PACKAGE_PATH': '/home/fetch/catkin_ws/src:/opt/ros/indigo/share:/opt/ros/indigo/stacks', 'XDG_SESSION_ID': '6', '_': '/opt/ros/indigo/bin/roslaunch', 'LD_LIBRARY_PATH': '/home/fetch/catkin_ws/devel/lib:/opt/ros/indigo/lib', 'LS_COLORS': 'rs=0:di=01;34:ln=01;36:mh=00:pi=40;33:so=01;35:do=01;35:bd=40;33;01:cd=40;33;01:or=40;31;01:su=37;41:sg=30;43:ca=30;41:tw=30;42:ow=34;42:st=37;44:ex=01;32:*.tar=01;31:*.tgz=01;31:*.arj=01;31:*.taz=01;31:*.lzh=01;31:*.lzma=01;31:*.tlz=01;31:*.txz=01;31:*.zip=01;31:*.z=01;31:*.Z=01;31:*.dz=01;31:*.gz=01;31:*.lz=01;31:*.xz=01;31:*.bz2=01;31:*.bz=01;31:*.tbz=01;31:*.tbz2=01;31:*.tz=01;31:*.deb=01;31:*.rpm=01;31:*.jar=01;31:*.war=01;31:*.ear=01;31:*.sar=01;31:*.rar=01;31:*.ace=01;31:*.zoo=01;31:*.cpio=01;31:*.7z=01;31:*.rz=01;31:*.jpg=01;35:*.jpeg=01;35:*.gif=01;35:*.bmp=01;35:*.pbm=01;35:*.pgm=01;35:*.ppm=01;35:*.tga=01;35:*.xbm=01;35:*.xpm=01;35:*.tif=01;35:*.tiff=01;35:*.png=01;35:*.svg=01;35:*.svgz=01;35:*.mng=01;35:*.pcx=01;35:*.mov=01;35:*.mpg=01;35:*.mpeg=01;35:*.m2v=01;35:*.mkv=01;35:*.webm=01;35:*.ogm=01;35:*.mp4=01;35:*.m4v=01;35:*.mp4v=01;35:*.vob=01;35:*.qt=01;35:*.nuv=01;35:*.wmv=01;35:*.asf=01;35:*.rm=01;35:*.rmvb=01;35:*.flc=01;35:*.avi=01;35:*.fli=01;35:*.flv=01;35:*.gl=01;35:*.dl=01;35:*.xcf=01;35:*.xwd=01;35:*.yuv=01;35:*.cgm=01;35:*.emf=01;35:*.axv=01;35:*.anx=01;35:*.ogv=01;35:*.ogx=01;35:*.aac=00;36:*.au=00;36:*.flac=00;36:*.mid=00;36:*.midi=00;36:*.mka=00;36:*.mp3=00;36:*.mpc=00;36:*.ogg=00;36:*.ra=00;36:*.wav=00;36:*.axa=00;36:*.oga=00;36:*.spx=00;36:*.xspf=00;36:', 'LESSCLOSE': '/usr/bin/lesspipe %s %s', 'SSH_TTY': '/dev/pts/0', 'PWD': '/home/fetch', 'ROS_ETC_DIR': '/opt/ros/indigo/etc/ros', 'ROS_MASTER_URI': 'http://localhost:11311', 'MAIL': '/var/mail/fetch', 'SSH_CONNECTION': '172.22.77.105 54701 172.22.77.172 22'}]
[roslaunch][INFO] 2020-11-03 01:19:33,733: process[rviz-2]: args[[u'/opt/ros/indigo/lib/rviz/rviz', '/opt/ros/indigo/share/fetch_navigation/config/navigation.rviz', u'__name:=rviz']]
[roslaunch][INFO] 2020-11-03 01:19:33,733: ... created process [rviz-2]
[roslaunch.pmon][INFO] 2020-11-03 01:19:33,734: ProcessMonitor.register[rviz-2]
[roslaunch.pmon][INFO] 2020-11-03 01:19:33,734: ProcessMonitor.register[rviz-2] complete
[roslaunch][INFO] 2020-11-03 01:19:33,734: ... registered process [rviz-2]
[roslaunch][INFO] 2020-11-03 01:19:33,734: process[rviz-2]: starting os process
[roslaunch][INFO] 2020-11-03 01:19:33,734: process[rviz-2]: start w/ args [[u'/opt/ros/indigo/lib/rviz/rviz', '/opt/ros/indigo/share/fetch_navigation/config/navigation.rviz', u'__name:=rviz', u'__log:=/home/fetch/.ros/log/d92112f8-1db3-11eb-bc6e-000babe55698/rviz-2.log']]
[roslaunch][INFO] 2020-11-03 01:19:33,734: process[rviz-2]: cwd will be [/home/fetch/.ros]
[roslaunch][INFO] 2020-11-03 01:19:33,735: process[rviz-2]: started with pid [30893]
[roslaunch][INFO] 2020-11-03 01:19:33,736: ... successfully launched [rviz-2]
[roslaunch][INFO] 2020-11-03 01:19:33,736: ... preparing to launch node of type [amcl/amcl]
[roslaunch][INFO] 2020-11-03 01:19:33,736: create_node_process: package[amcl] type[amcl] machine[Machine(name[] env_loader[None] address[localhost] ssh_port[22] user[None] assignable[True] timeout[10.0])] master_uri[http://localhost:11311]
[roslaunch][INFO] 2020-11-03 01:19:33,736: process[amcl-3]: env[{'ROS_DISTRO': 'indigo', 'NVM_CD_FLAGS': '', 'LESSOPEN': '| /usr/bin/lesspipe %s', 'SSH_CLIENT': '172.22.77.105 54701 22', 'CPATH': '/home/fetch/catkin_ws/devel/include:/opt/ros/indigo/include', 'LOGNAME': 'fetch', 'USER': 'fetch', 'NVM_DIR': '/home/fetch/.nvm', 'PATH': '/home/fetch/.nvm/versions/node/v10.15.3/bin:/opt/ros/indigo/bin:/usr/local/sbin:/usr/local/bin:/usr/sbin:/usr/bin:/sbin:/bin:/usr/games:/usr/local/games', 'HOME': '/home/fetch', 'VIRTUALENVWRAPPER_SCRIPT': '/usr/share/virtualenvwrapper/virtualenvwrapper.sh', 'ROS_LOG_FILENAME': '/home/fetch/.ros/log/d92112f8-1db3-11eb-bc6e-000babe55698/roslaunch-freight1207-30874.log', 'LANG': 'en_US.UTF-8', 'TERM': 'xterm-256color', 'SHELL': '/bin/bash', 'SHLVL': '1', 'QT_QPA_PLATFORMTHEME': 'appmenu-qt5', 'DISPLAY': 'localhost:11.0', 'NVM_BIN': '/home/fetch/.nvm/versions/node/v10.15.3/bin', '_VIRTUALENVWRAPPER_API': ' mkvirtualenv rmvirtualenv lsvirtualenv showvirtualenv workon add2virtualenv cdsitepackages cdvirtualenv lssitepackages toggleglobalsitepackages cpvirtualenv setvirtualenvproject mkproject cdproject mktmpenv mkvirtualenv rmvirtualenv lsvirtualenv showvirtualenv workon add2virtualenv cdsitepackages cdvirtualenv lssitepackages toggleglobalsitepackages cpvirtualenv setvirtualenvproject mkproject cdproject mktmpenv', 'CMAKE_PREFIX_PATH': '/home/fetch/catkin_ws/devel:/opt/ros/indigo', 'XDG_RUNTIME_DIR': '/run/user/1000', 'PYTHONPATH': '/home/fetch/catkin_ws/devel/lib/python2.7/dist-packages:/opt/ros/indigo/lib/python2.7/dist-packages', 'ROS_ROOT': '/opt/ros/indigo/share/ros', 'PKG_CONFIG_PATH': '/home/fetch/catkin_ws/devel/lib/pkgconfig:/opt/ros/indigo/lib/pkgconfig', 'ROS_PACKAGE_PATH': '/home/fetch/catkin_ws/src:/opt/ros/indigo/share:/opt/ros/indigo/stacks', 'XDG_SESSION_ID': '6', '_': '/opt/ros/indigo/bin/roslaunch', 'LD_LIBRARY_PATH': '/home/fetch/catkin_ws/devel/lib:/opt/ros/indigo/lib', 'LS_COLORS': 'rs=0:di=01;34:ln=01;36:mh=00:pi=40;33:so=01;35:do=01;35:bd=40;33;01:cd=40;33;01:or=40;31;01:su=37;41:sg=30;43:ca=30;41:tw=30;42:ow=34;42:st=37;44:ex=01;32:*.tar=01;31:*.tgz=01;31:*.arj=01;31:*.taz=01;31:*.lzh=01;31:*.lzma=01;31:*.tlz=01;31:*.txz=01;31:*.zip=01;31:*.z=01;31:*.Z=01;31:*.dz=01;31:*.gz=01;31:*.lz=01;31:*.xz=01;31:*.bz2=01;31:*.bz=01;31:*.tbz=01;31:*.tbz2=01;31:*.tz=01;31:*.deb=01;31:*.rpm=01;31:*.jar=01;31:*.war=01;31:*.ear=01;31:*.sar=01;31:*.rar=01;31:*.ace=01;31:*.zoo=01;31:*.cpio=01;31:*.7z=01;31:*.rz=01;31:*.jpg=01;35:*.jpeg=01;35:*.gif=01;35:*.bmp=01;35:*.pbm=01;35:*.pgm=01;35:*.ppm=01;35:*.tga=01;35:*.xbm=01;35:*.xpm=01;35:*.tif=01;35:*.tiff=01;35:*.png=01;35:*.svg=01;35:*.svgz=01;35:*.mng=01;35:*.pcx=01;35:*.mov=01;35:*.mpg=01;35:*.mpeg=01;35:*.m2v=01;35:*.mkv=01;35:*.webm=01;35:*.ogm=01;35:*.mp4=01;35:*.m4v=01;35:*.mp4v=01;35:*.vob=01;35:*.qt=01;35:*.nuv=01;35:*.wmv=01;35:*.asf=01;35:*.rm=01;35:*.rmvb=01;35:*.flc=01;35:*.avi=01;35:*.fli=01;35:*.flv=01;35:*.gl=01;35:*.dl=01;35:*.xcf=01;35:*.xwd=01;35:*.yuv=01;35:*.cgm=01;35:*.emf=01;35:*.axv=01;35:*.anx=01;35:*.ogv=01;35:*.ogx=01;35:*.aac=00;36:*.au=00;36:*.flac=00;36:*.mid=00;36:*.midi=00;36:*.mka=00;36:*.mp3=00;36:*.mpc=00;36:*.ogg=00;36:*.ra=00;36:*.wav=00;36:*.axa=00;36:*.oga=00;36:*.spx=00;36:*.xspf=00;36:', 'LESSCLOSE': '/usr/bin/lesspipe %s %s', 'SSH_TTY': '/dev/pts/0', 'PWD': '/home/fetch', 'ROS_ETC_DIR': '/opt/ros/indigo/etc/ros', 'ROS_MASTER_URI': 'http://localhost:11311', 'MAIL': '/var/mail/fetch', 'SSH_CONNECTION': '172.22.77.105 54701 172.22.77.172 22'}]
[roslaunch][INFO] 2020-11-03 01:19:33,736: process[amcl-3]: args[[u'/opt/ros/indigo/lib/amcl/amcl', u'scan:=base_scan', u'map:=map', u'__name:=amcl']]
[roslaunch][INFO] 2020-11-03 01:19:33,737: ... created process [amcl-3]
[roslaunch.pmon][INFO] 2020-11-03 01:19:33,737: ProcessMonitor.register[amcl-3]
[roslaunch.pmon][INFO] 2020-11-03 01:19:33,737: ProcessMonitor.register[amcl-3] complete
[roslaunch][INFO] 2020-11-03 01:19:33,737: ... registered process [amcl-3]
[roslaunch][INFO] 2020-11-03 01:19:33,737: process[amcl-3]: starting os process
[roslaunch][INFO] 2020-11-03 01:19:33,737: process[amcl-3]: start w/ args [[u'/opt/ros/indigo/lib/amcl/amcl', u'scan:=base_scan', u'map:=map', u'__name:=amcl', u'__log:=/home/fetch/.ros/log/d92112f8-1db3-11eb-bc6e-000babe55698/amcl-3.log']]
[roslaunch][INFO] 2020-11-03 01:19:33,737: process[amcl-3]: cwd will be [/home/fetch/.ros]
[roslaunch][INFO] 2020-11-03 01:19:33,739: process[amcl-3]: started with pid [30894]
[roslaunch][INFO] 2020-11-03 01:19:33,739: ... successfully launched [amcl-3]
[roslaunch][INFO] 2020-11-03 01:19:33,739: ... preparing to launch node of type [move_base/move_base]
[roslaunch][INFO] 2020-11-03 01:19:33,739: create_node_process: package[move_base] type[move_base] machine[Machine(name[] env_loader[None] address[localhost] ssh_port[22] user[None] assignable[True] timeout[10.0])] master_uri[http://localhost:11311]
[roslaunch][INFO] 2020-11-03 01:19:33,739: process[move_base-4]: env[{'ROS_DISTRO': 'indigo', 'NVM_CD_FLAGS': '', 'LESSOPEN': '| /usr/bin/lesspipe %s', 'SSH_CLIENT': '172.22.77.105 54701 22', 'CPATH': '/home/fetch/catkin_ws/devel/include:/opt/ros/indigo/include', 'LOGNAME': 'fetch', 'USER': 'fetch', 'NVM_DIR': '/home/fetch/.nvm', 'PATH': '/home/fetch/.nvm/versions/node/v10.15.3/bin:/opt/ros/indigo/bin:/usr/local/sbin:/usr/local/bin:/usr/sbin:/usr/bin:/sbin:/bin:/usr/games:/usr/local/games', 'HOME': '/home/fetch', 'VIRTUALENVWRAPPER_SCRIPT': '/usr/share/virtualenvwrapper/virtualenvwrapper.sh', 'ROS_LOG_FILENAME': '/home/fetch/.ros/log/d92112f8-1db3-11eb-bc6e-000babe55698/roslaunch-freight1207-30874.log', 'LANG': 'en_US.UTF-8', 'TERM': 'xterm-256color', 'SHELL': '/bin/bash', 'SHLVL': '1', 'QT_QPA_PLATFORMTHEME': 'appmenu-qt5', 'DISPLAY': 'localhost:11.0', 'NVM_BIN': '/home/fetch/.nvm/versions/node/v10.15.3/bin', '_VIRTUALENVWRAPPER_API': ' mkvirtualenv rmvirtualenv lsvirtualenv showvirtualenv workon add2virtualenv cdsitepackages cdvirtualenv lssitepackages toggleglobalsitepackages cpvirtualenv setvirtualenvproject mkproject cdproject mktmpenv mkvirtualenv rmvirtualenv lsvirtualenv showvirtualenv workon add2virtualenv cdsitepackages cdvirtualenv lssitepackages toggleglobalsitepackages cpvirtualenv setvirtualenvproject mkproject cdproject mktmpenv', 'CMAKE_PREFIX_PATH': '/home/fetch/catkin_ws/devel:/opt/ros/indigo', 'XDG_RUNTIME_DIR': '/run/user/1000', 'PYTHONPATH': '/home/fetch/catkin_ws/devel/lib/python2.7/dist-packages:/opt/ros/indigo/lib/python2.7/dist-packages', 'ROS_ROOT': '/opt/ros/indigo/share/ros', 'PKG_CONFIG_PATH': '/home/fetch/catkin_ws/devel/lib/pkgconfig:/opt/ros/indigo/lib/pkgconfig', 'ROS_PACKAGE_PATH': '/home/fetch/catkin_ws/src:/opt/ros/indigo/share:/opt/ros/indigo/stacks', 'XDG_SESSION_ID': '6', '_': '/opt/ros/indigo/bin/roslaunch', 'LD_LIBRARY_PATH': '/home/fetch/catkin_ws/devel/lib:/opt/ros/indigo/lib', 'LS_COLORS': 'rs=0:di=01;34:ln=01;36:mh=00:pi=40;33:so=01;35:do=01;35:bd=40;33;01:cd=40;33;01:or=40;31;01:su=37;41:sg=30;43:ca=30;41:tw=30;42:ow=34;42:st=37;44:ex=01;32:*.tar=01;31:*.tgz=01;31:*.arj=01;31:*.taz=01;31:*.lzh=01;31:*.lzma=01;31:*.tlz=01;31:*.txz=01;31:*.zip=01;31:*.z=01;31:*.Z=01;31:*.dz=01;31:*.gz=01;31:*.lz=01;31:*.xz=01;31:*.bz2=01;31:*.bz=01;31:*.tbz=01;31:*.tbz2=01;31:*.tz=01;31:*.deb=01;31:*.rpm=01;31:*.jar=01;31:*.war=01;31:*.ear=01;31:*.sar=01;31:*.rar=01;31:*.ace=01;31:*.zoo=01;31:*.cpio=01;31:*.7z=01;31:*.rz=01;31:*.jpg=01;35:*.jpeg=01;35:*.gif=01;35:*.bmp=01;35:*.pbm=01;35:*.pgm=01;35:*.ppm=01;35:*.tga=01;35:*.xbm=01;35:*.xpm=01;35:*.tif=01;35:*.tiff=01;35:*.png=01;35:*.svg=01;35:*.svgz=01;35:*.mng=01;35:*.pcx=01;35:*.mov=01;35:*.mpg=01;35:*.mpeg=01;35:*.m2v=01;35:*.mkv=01;35:*.webm=01;35:*.ogm=01;35:*.mp4=01;35:*.m4v=01;35:*.mp4v=01;35:*.vob=01;35:*.qt=01;35:*.nuv=01;35:*.wmv=01;35:*.asf=01;35:*.rm=01;35:*.rmvb=01;35:*.flc=01;35:*.avi=01;35:*.fli=01;35:*.flv=01;35:*.gl=01;35:*.dl=01;35:*.xcf=01;35:*.xwd=01;35:*.yuv=01;35:*.cgm=01;35:*.emf=01;35:*.axv=01;35:*.anx=01;35:*.ogv=01;35:*.ogx=01;35:*.aac=00;36:*.au=00;36:*.flac=00;36:*.mid=00;36:*.midi=00;36:*.mka=00;36:*.mp3=00;36:*.mpc=00;36:*.ogg=00;36:*.ra=00;36:*.wav=00;36:*.axa=00;36:*.oga=00;36:*.spx=00;36:*.xspf=00;36:', 'LESSCLOSE': '/usr/bin/lesspipe %s %s', 'SSH_TTY': '/dev/pts/0', 'PWD': '/home/fetch', 'ROS_ETC_DIR': '/opt/ros/indigo/etc/ros', 'ROS_MASTER_URI': 'http://localhost:11311', 'MAIL': '/var/mail/fetch', 'SSH_CONNECTION': '172.22.77.105 54701 172.22.77.172 22'}]
[roslaunch][INFO] 2020-11-03 01:19:33,740: process[move_base-4]: args[[u'/opt/ros/indigo/lib/move_base/move_base', u'cmd_vel:=cmd_vel', u'odom:=odom', u'map:=map', u'__name:=move_base']]
[roslaunch][INFO] 2020-11-03 01:19:33,740: ... created process [move_base-4]
[roslaunch.pmon][INFO] 2020-11-03 01:19:33,740: ProcessMonitor.register[move_base-4]
[roslaunch.pmon][INFO] 2020-11-03 01:19:33,740: ProcessMonitor.register[move_base-4] complete
[roslaunch][INFO] 2020-11-03 01:19:33,740: ... registered process [move_base-4]
[roslaunch][INFO] 2020-11-03 01:19:33,740: process[move_base-4]: starting os process
[roslaunch][INFO] 2020-11-03 01:19:33,740: process[move_base-4]: start w/ args [[u'/opt/ros/indigo/lib/move_base/move_base', u'cmd_vel:=cmd_vel', u'odom:=odom', u'map:=map', u'__name:=move_base', u'__log:=/home/fetch/.ros/log/d92112f8-1db3-11eb-bc6e-000babe55698/move_base-4.log']]
[roslaunch][INFO] 2020-11-03 01:19:33,740: process[move_base-4]: cwd will be [/home/fetch/.ros]
[roslaunch][INFO] 2020-11-03 01:19:33,743: process[move_base-4]: started with pid [30901]
[roslaunch][INFO] 2020-11-03 01:19:33,743: ... successfully launched [move_base-4]
[roslaunch][INFO] 2020-11-03 01:19:33,743: ... launch_nodes complete
[roslaunch.pmon][INFO] 2020-11-03 01:19:33,743: registrations completed <ProcessMonitor(ProcessMonitor-1, started daemon 139999988467456)>
[roslaunch.parent][INFO] 2020-11-03 01:19:33,743: ... roslaunch parent running, waiting for process exit
[roslaunch][INFO] 2020-11-03 01:19:33,743: spin
[roslaunch][INFO] 2020-11-03 01:19:34,964: [move_base-4] process has finished cleanly
log file: /home/fetch/.ros/log/d92112f8-1db3-11eb-bc6e-000babe55698/move_base-4*.log
[roslaunch][INFO] 2020-11-03 01:19:34,964: [move_base-4] restarting process
[roslaunch][INFO] 2020-11-03 01:19:34,964: process[move_base-4]: restarting os process
[roslaunch][INFO] 2020-11-03 01:19:34,964: process[move_base-4]: start w/ args [[u'/opt/ros/indigo/lib/move_base/move_base', u'cmd_vel:=cmd_vel', u'odom:=odom', u'map:=map', u'__name:=move_base', u'__log:=/home/fetch/.ros/log/d92112f8-1db3-11eb-bc6e-000babe55698/move_base-4.log']]
[roslaunch][INFO] 2020-11-03 01:19:34,965: process[move_base-4]: cwd will be [/home/fetch/.ros]
[roslaunch][INFO] 2020-11-03 01:19:34,966: process[move_base-4]: started with pid [32306]
[roslaunch][INFO] 2020-11-03 01:19:36,168: [move_base-4] process has finished cleanly
log file: /home/fetch/.ros/log/d92112f8-1db3-11eb-bc6e-000babe55698/move_base-4*.log
[roslaunch][INFO] 2020-11-03 01:19:36,168: [move_base-4] restarting process
[roslaunch][INFO] 2020-11-03 01:19:36,168: process[move_base-4]: restarting os process
[roslaunch][INFO] 2020-11-03 01:19:36,168: process[move_base-4]: start w/ args [[u'/opt/ros/indigo/lib/move_base/move_base', u'cmd_vel:=cmd_vel', u'odom:=odom', u'map:=map', u'__name:=move_base', u'__log:=/home/fetch/.ros/log/d92112f8-1db3-11eb-bc6e-000babe55698/move_base-4.log']]
[roslaunch][INFO] 2020-11-03 01:19:36,168: process[move_base-4]: cwd will be [/home/fetch/.ros]
[roslaunch][INFO] 2020-11-03 01:19:36,170: process[move_base-4]: started with pid [1020]
[roslaunch][INFO] 2020-11-03 01:19:37,372: [move_base-4] process has finished cleanly
log file: /home/fetch/.ros/log/d92112f8-1db3-11eb-bc6e-000babe55698/move_base-4*.log
[roslaunch][INFO] 2020-11-03 01:19:37,373: [move_base-4] restarting process
[roslaunch][INFO] 2020-11-03 01:19:37,373: process[move_base-4]: restarting os process
[roslaunch][INFO] 2020-11-03 01:19:37,373: process[move_base-4]: start w/ args [[u'/opt/ros/indigo/lib/move_base/move_base', u'cmd_vel:=cmd_vel', u'odom:=odom', u'map:=map', u'__name:=move_base', u'__log:=/home/fetch/.ros/log/d92112f8-1db3-11eb-bc6e-000babe55698/move_base-4.log']]
[roslaunch][INFO] 2020-11-03 01:19:37,373: process[move_base-4]: cwd will be [/home/fetch/.ros]
[roslaunch][INFO] 2020-11-03 01:19:37,374: process[move_base-4]: started with pid [2446]
[roslaunch][INFO] 2020-11-03 01:19:38,577: [move_base-4] process has finished cleanly
log file: /home/fetch/.ros/log/d92112f8-1db3-11eb-bc6e-000babe55698/move_base-4*.log
[roslaunch][INFO] 2020-11-03 01:19:38,577: [move_base-4] restarting process
[roslaunch][INFO] 2020-11-03 01:19:38,578: process[move_base-4]: restarting os process
[roslaunch][INFO] 2020-11-03 01:19:38,578: process[move_base-4]: start w/ args [[u'/opt/ros/indigo/lib/move_base/move_base', u'cmd_vel:=cmd_vel', u'odom:=odom', u'map:=map', u'__name:=move_base', u'__log:=/home/fetch/.ros/log/d92112f8-1db3-11eb-bc6e-000babe55698/move_base-4.log']]
[roslaunch][INFO] 2020-11-03 01:19:38,578: process[move_base-4]: cwd will be [/home/fetch/.ros]
[roslaunch][INFO] 2020-11-03 01:19:38,580: process[move_base-4]: started with pid [3598]
[roslaunch][INFO] 2020-11-03 01:19:39,782: [move_base-4] process has finished cleanly
log file: /home/fetch/.ros/log/d92112f8-1db3-11eb-bc6e-000babe55698/move_base-4*.log
[roslaunch][INFO] 2020-11-03 01:19:39,782: [move_base-4] restarting process
[roslaunch][INFO] 2020-11-03 01:19:39,782: process[move_base-4]: restarting os process
[roslaunch][INFO] 2020-11-03 01:19:39,782: process[move_base-4]: start w/ args [[u'/opt/ros/indigo/lib/move_base/move_base', u'cmd_vel:=cmd_vel', u'odom:=odom', u'map:=map', u'__name:=move_base', u'__log:=/home/fetch/.ros/log/d92112f8-1db3-11eb-bc6e-000babe55698/move_base-4.log']]
[roslaunch][INFO] 2020-11-03 01:19:39,782: process[move_base-4]: cwd will be [/home/fetch/.ros]
[roslaunch][INFO] 2020-11-03 01:19:39,784: process[move_base-4]: started with pid [4737]
[roslaunch][INFO] 2020-11-03 01:19:40,986: [move_base-4] process has finished cleanly
log file: /home/fetch/.ros/log/d92112f8-1db3-11eb-bc6e-000babe55698/move_base-4*.log
[roslaunch][INFO] 2020-11-03 01:19:40,986: [move_base-4] restarting process
[roslaunch][INFO] 2020-11-03 01:19:40,986: process[move_base-4]: restarting os process
[roslaunch][INFO] 2020-11-03 01:19:40,986: process[move_base-4]: start w/ args [[u'/opt/ros/indigo/lib/move_base/move_base', u'cmd_vel:=cmd_vel', u'odom:=odom', u'map:=map', u'__name:=move_base', u'__log:=/home/fetch/.ros/log/d92112f8-1db3-11eb-bc6e-000babe55698/move_base-4.log']]
[roslaunch][INFO] 2020-11-03 01:19:40,986: process[move_base-4]: cwd will be [/home/fetch/.ros]
[roslaunch][INFO] 2020-11-03 01:19:40,988: process[move_base-4]: started with pid [5856]
[roslaunch][INFO] 2020-11-03 01:19:42,190: [move_base-4] process has finished cleanly
log file: /home/fetch/.ros/log/d92112f8-1db3-11eb-bc6e-000babe55698/move_base-4*.log
[roslaunch][INFO] 2020-11-03 01:19:42,190: [move_base-4] restarting process
[roslaunch][INFO] 2020-11-03 01:19:42,190: process[move_base-4]: restarting os process
[roslaunch][INFO] 2020-11-03 01:19:42,190: process[move_base-4]: start w/ args [[u'/opt/ros/indigo/lib/move_base/move_base', u'cmd_vel:=cmd_vel', u'odom:=odom', u'map:=map', u'__name:=move_base', u'__log:=/home/fetch/.ros/log/d92112f8-1db3-11eb-bc6e-000babe55698/move_base-4.log']]
[roslaunch][INFO] 2020-11-03 01:19:42,190: process[move_base-4]: cwd will be [/home/fetch/.ros]
[roslaunch][INFO] 2020-11-03 01:19:42,192: process[move_base-4]: started with pid [6970]
[roslaunch][INFO] 2020-11-03 01:19:43,394: [move_base-4] process has finished cleanly
log file: /home/fetch/.ros/log/d92112f8-1db3-11eb-bc6e-000babe55698/move_base-4*.log
[roslaunch][INFO] 2020-11-03 01:19:43,394: [move_base-4] restarting process
[roslaunch][INFO] 2020-11-03 01:19:43,394: process[move_base-4]: restarting os process
[roslaunch][INFO] 2020-11-03 01:19:43,394: process[move_base-4]: start w/ args [[u'/opt/ros/indigo/lib/move_base/move_base', u'cmd_vel:=cmd_vel', u'odom:=odom', u'map:=map', u'__name:=move_base', u'__log:=/home/fetch/.ros/log/d92112f8-1db3-11eb-bc6e-000babe55698/move_base-4.log']]
[roslaunch][INFO] 2020-11-03 01:19:43,395: process[move_base-4]: cwd will be [/home/fetch/.ros]
[roslaunch][INFO] 2020-11-03 01:19:43,396: process[move_base-4]: started with pid [8086]
[roslaunch][INFO] 2020-11-03 01:19:44,598: [move_base-4] process has finished cleanly
log file: /home/fetch/.ros/log/d92112f8-1db3-11eb-bc6e-000babe55698/move_base-4*.log
[roslaunch][INFO] 2020-11-03 01:19:44,599: [move_base-4] restarting process
[roslaunch][INFO] 2020-11-03 01:19:44,599: process[move_base-4]: restarting os process
[roslaunch][INFO] 2020-11-03 01:19:44,599: process[move_base-4]: start w/ args [[u'/opt/ros/indigo/lib/move_base/move_base', u'cmd_vel:=cmd_vel', u'odom:=odom', u'map:=map', u'__name:=move_base', u'__log:=/home/fetch/.ros/log/d92112f8-1db3-11eb-bc6e-000babe55698/move_base-4.log']]
[roslaunch][INFO] 2020-11-03 01:19:44,599: process[move_base-4]: cwd will be [/home/fetch/.ros]
[roslaunch][INFO] 2020-11-03 01:19:44,600: process[move_base-4]: started with pid [9196]
[roslaunch][INFO] 2020-11-03 01:19:45,803: [move_base-4] process has finished cleanly
log file: /home/fetch/.ros/log/d92112f8-1db3-11eb-bc6e-000babe55698/move_base-4*.log
[roslaunch][INFO] 2020-11-03 01:19:45,803: [move_base-4] restarting process
[roslaunch][INFO] 2020-11-03 01:19:45,803: process[move_base-4]: restarting os process
[roslaunch][INFO] 2020-11-03 01:19:45,803: process[move_base-4]: start w/ args [[u'/opt/ros/indigo/lib/move_base/move_base', u'cmd_vel:=cmd_vel', u'odom:=odom', u'map:=map', u'__name:=move_base', u'__log:=/home/fetch/.ros/log/d92112f8-1db3-11eb-bc6e-000babe55698/move_base-4.log']]
[roslaunch][INFO] 2020-11-03 01:19:45,803: process[move_base-4]: cwd will be [/home/fetch/.ros]
[roslaunch][INFO] 2020-11-03 01:19:45,805: process[move_base-4]: started with pid [10312]
[roslaunch][INFO] 2020-11-03 01:19:47,007: [move_base-4] process has finished cleanly
log file: /home/fetch/.ros/log/d92112f8-1db3-11eb-bc6e-000babe55698/move_base-4*.log
[roslaunch][INFO] 2020-11-03 01:19:47,007: [move_base-4] restarting process
[roslaunch][INFO] 2020-11-03 01:19:47,007: process[move_base-4]: restarting os process
[roslaunch][INFO] 2020-11-03 01:19:47,007: process[move_base-4]: start w/ args [[u'/opt/ros/indigo/lib/move_base/move_base', u'cmd_vel:=cmd_vel', u'odom:=odom', u'map:=map', u'__name:=move_base', u'__log:=/home/fetch/.ros/log/d92112f8-1db3-11eb-bc6e-000babe55698/move_base-4.log']]
[roslaunch][INFO] 2020-11-03 01:19:47,007: process[move_base-4]: cwd will be [/home/fetch/.ros]
[roslaunch][INFO] 2020-11-03 01:19:47,009: process[move_base-4]: started with pid [11428]
[roslaunch][INFO] 2020-11-03 01:19:48,211: [move_base-4] process has finished cleanly
log file: /home/fetch/.ros/log/d92112f8-1db3-11eb-bc6e-000babe55698/move_base-4*.log
[roslaunch][INFO] 2020-11-03 01:19:48,211: [move_base-4] restarting process
[roslaunch][INFO] 2020-11-03 01:19:48,211: process[move_base-4]: restarting os process
[roslaunch][INFO] 2020-11-03 01:19:48,211: process[move_base-4]: start w/ args [[u'/opt/ros/indigo/lib/move_base/move_base', u'cmd_vel:=cmd_vel', u'odom:=odom', u'map:=map', u'__name:=move_base', u'__log:=/home/fetch/.ros/log/d92112f8-1db3-11eb-bc6e-000babe55698/move_base-4.log']]
[roslaunch][INFO] 2020-11-03 01:19:48,211: process[move_base-4]: cwd will be [/home/fetch/.ros]
[roslaunch][INFO] 2020-11-03 01:19:48,213: process[move_base-4]: started with pid [12538]
[roslaunch][INFO] 2020-11-03 01:19:49,415: [move_base-4] process has finished cleanly
log file: /home/fetch/.ros/log/d92112f8-1db3-11eb-bc6e-000babe55698/move_base-4*.log
[roslaunch][INFO] 2020-11-03 01:19:49,415: [move_base-4] restarting process
[roslaunch][INFO] 2020-11-03 01:19:49,416: process[move_base-4]: restarting os process
[roslaunch][INFO] 2020-11-03 01:19:49,416: process[move_base-4]: start w/ args [[u'/opt/ros/indigo/lib/move_base/move_base', u'cmd_vel:=cmd_vel', u'odom:=odom', u'map:=map', u'__name:=move_base', u'__log:=/home/fetch/.ros/log/d92112f8-1db3-11eb-bc6e-000babe55698/move_base-4.log']]
[roslaunch][INFO] 2020-11-03 01:19:49,416: process[move_base-4]: cwd will be [/home/fetch/.ros]
[roslaunch][INFO] 2020-11-03 01:19:49,417: process[move_base-4]: started with pid [13656]
[roslaunch][INFO] 2020-11-03 01:19:50,620: [move_base-4] process has finished cleanly
log file: /home/fetch/.ros/log/d92112f8-1db3-11eb-bc6e-000babe55698/move_base-4*.log
[roslaunch][INFO] 2020-11-03 01:19:50,620: [move_base-4] restarting process
[roslaunch][INFO] 2020-11-03 01:19:50,620: process[move_base-4]: restarting os process
[roslaunch][INFO] 2020-11-03 01:19:50,620: process[move_base-4]: start w/ args [[u'/opt/ros/indigo/lib/move_base/move_base', u'cmd_vel:=cmd_vel', u'odom:=odom', u'map:=map', u'__name:=move_base', u'__log:=/home/fetch/.ros/log/d92112f8-1db3-11eb-bc6e-000babe55698/move_base-4.log']]
[roslaunch][INFO] 2020-11-03 01:19:50,620: process[move_base-4]: cwd will be [/home/fetch/.ros]
[roslaunch][INFO] 2020-11-03 01:19:50,622: process[move_base-4]: started with pid [14766]
[roslaunch][INFO] 2020-11-03 01:19:51,824: [move_base-4] process has finished cleanly
log file: /home/fetch/.ros/log/d92112f8-1db3-11eb-bc6e-000babe55698/move_base-4*.log
[roslaunch][INFO] 2020-11-03 01:19:51,824: [move_base-4] restarting process
[roslaunch][INFO] 2020-11-03 01:19:51,824: process[move_base-4]: restarting os process
[roslaunch][INFO] 2020-11-03 01:19:51,824: process[move_base-4]: start w/ args [[u'/opt/ros/indigo/lib/move_base/move_base', u'cmd_vel:=cmd_vel', u'odom:=odom', u'map:=map', u'__name:=move_base', u'__log:=/home/fetch/.ros/log/d92112f8-1db3-11eb-bc6e-000babe55698/move_base-4.log']]
[roslaunch][INFO] 2020-11-03 01:19:51,825: process[move_base-4]: cwd will be [/home/fetch/.ros]
[roslaunch][INFO] 2020-11-03 01:19:51,826: process[move_base-4]: started with pid [16148]
[roslaunch][INFO] 2020-11-03 01:19:53,029: [move_base-4] process has finished cleanly
log file: /home/fetch/.ros/log/d92112f8-1db3-11eb-bc6e-000babe55698/move_base-4*.log
[roslaunch][INFO] 2020-11-03 01:19:53,029: [move_base-4] restarting process
[roslaunch][INFO] 2020-11-03 01:19:53,029: process[move_base-4]: restarting os process
[roslaunch][INFO] 2020-11-03 01:19:53,029: process[move_base-4]: start w/ args [[u'/opt/ros/indigo/lib/move_base/move_base', u'cmd_vel:=cmd_vel', u'odom:=odom', u'map:=map', u'__name:=move_base', u'__log:=/home/fetch/.ros/log/d92112f8-1db3-11eb-bc6e-000babe55698/move_base-4.log']]
[roslaunch][INFO] 2020-11-03 01:19:53,029: process[move_base-4]: cwd will be [/home/fetch/.ros]
[roslaunch][INFO] 2020-11-03 01:19:53,031: process[move_base-4]: started with pid [17265]
[roslaunch][INFO] 2020-11-03 01:19:54,233: [move_base-4] process has finished cleanly
log file: /home/fetch/.ros/log/d92112f8-1db3-11eb-bc6e-000babe55698/move_base-4*.log
[roslaunch][INFO] 2020-11-03 01:19:54,234: [move_base-4] restarting process
[roslaunch][INFO] 2020-11-03 01:19:54,234: process[move_base-4]: restarting os process
[roslaunch][INFO] 2020-11-03 01:19:54,234: process[move_base-4]: start w/ args [[u'/opt/ros/indigo/lib/move_base/move_base', u'cmd_vel:=cmd_vel', u'odom:=odom', u'map:=map', u'__name:=move_base', u'__log:=/home/fetch/.ros/log/d92112f8-1db3-11eb-bc6e-000babe55698/move_base-4.log']]
[roslaunch][INFO] 2020-11-03 01:19:54,234: process[move_base-4]: cwd will be [/home/fetch/.ros]
[roslaunch][INFO] 2020-11-03 01:19:54,236: process[move_base-4]: started with pid [18375]
[roslaunch][INFO] 2020-11-03 01:19:55,438: [move_base-4] process has finished cleanly
log file: /home/fetch/.ros/log/d92112f8-1db3-11eb-bc6e-000babe55698/move_base-4*.log
[roslaunch][INFO] 2020-11-03 01:19:55,438: [move_base-4] restarting process
[roslaunch][INFO] 2020-11-03 01:19:55,438: process[move_base-4]: restarting os process
[roslaunch][INFO] 2020-11-03 01:19:55,438: process[move_base-4]: start w/ args [[u'/opt/ros/indigo/lib/move_base/move_base', u'cmd_vel:=cmd_vel', u'odom:=odom', u'map:=map', u'__name:=move_base', u'__log:=/home/fetch/.ros/log/d92112f8-1db3-11eb-bc6e-000babe55698/move_base-4.log']]
[roslaunch][INFO] 2020-11-03 01:19:55,438: process[move_base-4]: cwd will be [/home/fetch/.ros]
[roslaunch][INFO] 2020-11-03 01:19:55,440: process[move_base-4]: started with pid [19491]
[roslaunch][INFO] 2020-11-03 01:19:56,642: [move_base-4] process has finished cleanly
log file: /home/fetch/.ros/log/d92112f8-1db3-11eb-bc6e-000babe55698/move_base-4*.log
[roslaunch][INFO] 2020-11-03 01:19:56,643: [move_base-4] restarting process
[roslaunch][INFO] 2020-11-03 01:19:56,643: process[move_base-4]: restarting os process
[roslaunch][INFO] 2020-11-03 01:19:56,643: process[move_base-4]: start w/ args [[u'/opt/ros/indigo/lib/move_base/move_base', u'cmd_vel:=cmd_vel', u'odom:=odom', u'map:=map', u'__name:=move_base', u'__log:=/home/fetch/.ros/log/d92112f8-1db3-11eb-bc6e-000babe55698/move_base-4.log']]
[roslaunch][INFO] 2020-11-03 01:19:56,643: process[move_base-4]: cwd will be [/home/fetch/.ros]
[roslaunch][INFO] 2020-11-03 01:19:56,644: process[move_base-4]: started with pid [20601]
[roslaunch][INFO] 2020-11-03 01:19:57,847: [move_base-4] process has finished cleanly
log file: /home/fetch/.ros/log/d92112f8-1db3-11eb-bc6e-000babe55698/move_base-4*.log
[roslaunch][INFO] 2020-11-03 01:19:57,847: [move_base-4] restarting process
[roslaunch][INFO] 2020-11-03 01:19:57,847: process[move_base-4]: restarting os process
[roslaunch][INFO] 2020-11-03 01:19:57,847: process[move_base-4]: start w/ args [[u'/opt/ros/indigo/lib/move_base/move_base', u'cmd_vel:=cmd_vel', u'odom:=odom', u'map:=map', u'__name:=move_base', u'__log:=/home/fetch/.ros/log/d92112f8-1db3-11eb-bc6e-000babe55698/move_base-4.log']]
[roslaunch][INFO] 2020-11-03 01:19:57,847: process[move_base-4]: cwd will be [/home/fetch/.ros]
[roslaunch][INFO] 2020-11-03 01:19:57,849: process[move_base-4]: started with pid [21727]
[roslaunch][INFO] 2020-11-03 01:19:59,051: [move_base-4] process has finished cleanly
log file: /home/fetch/.ros/log/d92112f8-1db3-11eb-bc6e-000babe55698/move_base-4*.log
[roslaunch][INFO] 2020-11-03 01:19:59,051: [move_base-4] restarting process
[roslaunch][INFO] 2020-11-03 01:19:59,051: process[move_base-4]: restarting os process
[roslaunch][INFO] 2020-11-03 01:19:59,051: process[move_base-4]: start w/ args [[u'/opt/ros/indigo/lib/move_base/move_base', u'cmd_vel:=cmd_vel', u'odom:=odom', u'map:=map', u'__name:=move_base', u'__log:=/home/fetch/.ros/log/d92112f8-1db3-11eb-bc6e-000babe55698/move_base-4.log']]
[roslaunch][INFO] 2020-11-03 01:19:59,051: process[move_base-4]: cwd will be [/home/fetch/.ros]
[roslaunch][INFO] 2020-11-03 01:19:59,054: process[move_base-4]: started with pid [22856]
[roslaunch][INFO] 2020-11-03 01:20:00,256: [move_base-4] process has finished cleanly
log file: /home/fetch/.ros/log/d92112f8-1db3-11eb-bc6e-000babe55698/move_base-4*.log
[roslaunch][INFO] 2020-11-03 01:20:00,256: [move_base-4] restarting process
[roslaunch][INFO] 2020-11-03 01:20:00,256: process[move_base-4]: restarting os process
[roslaunch][INFO] 2020-11-03 01:20:00,256: process[move_base-4]: start w/ args [[u'/opt/ros/indigo/lib/move_base/move_base', u'cmd_vel:=cmd_vel', u'odom:=odom', u'map:=map', u'__name:=move_base', u'__log:=/home/fetch/.ros/log/d92112f8-1db3-11eb-bc6e-000babe55698/move_base-4.log']]
[roslaunch][INFO] 2020-11-03 01:20:00,256: process[move_base-4]: cwd will be [/home/fetch/.ros]
[roslaunch][INFO] 2020-11-03 01:20:00,258: process[move_base-4]: started with pid [23972]
[roslaunch][INFO] 2020-11-03 01:20:01,460: [move_base-4] process has finished cleanly
log file: /home/fetch/.ros/log/d92112f8-1db3-11eb-bc6e-000babe55698/move_base-4*.log
[roslaunch][INFO] 2020-11-03 01:20:01,460: [move_base-4] restarting process
[roslaunch][INFO] 2020-11-03 01:20:01,460: process[move_base-4]: restarting os process
[roslaunch][INFO] 2020-11-03 01:20:01,460: process[move_base-4]: start w/ args [[u'/opt/ros/indigo/lib/move_base/move_base', u'cmd_vel:=cmd_vel', u'odom:=odom', u'map:=map', u'__name:=move_base', u'__log:=/home/fetch/.ros/log/d92112f8-1db3-11eb-bc6e-000babe55698/move_base-4.log']]
[roslaunch][INFO] 2020-11-03 01:20:01,460: process[move_base-4]: cwd will be [/home/fetch/.ros]
[roslaunch][INFO] 2020-11-03 01:20:01,462: process[move_base-4]: started with pid [25089]
[roslaunch][INFO] 2020-11-03 01:20:02,664: [move_base-4] process has finished cleanly
log file: /home/fetch/.ros/log/d92112f8-1db3-11eb-bc6e-000babe55698/move_base-4*.log
[roslaunch][INFO] 2020-11-03 01:20:02,664: [move_base-4] restarting process
[roslaunch][INFO] 2020-11-03 01:20:02,664: process[move_base-4]: restarting os process
[roslaunch][INFO] 2020-11-03 01:20:02,665: process[move_base-4]: start w/ args [[u'/opt/ros/indigo/lib/move_base/move_base', u'cmd_vel:=cmd_vel', u'odom:=odom', u'map:=map', u'__name:=move_base', u'__log:=/home/fetch/.ros/log/d92112f8-1db3-11eb-bc6e-000babe55698/move_base-4.log']]
[roslaunch][INFO] 2020-11-03 01:20:02,665: process[move_base-4]: cwd will be [/home/fetch/.ros]
[roslaunch][INFO] 2020-11-03 01:20:02,666: process[move_base-4]: started with pid [26199]
[roslaunch][INFO] 2020-11-03 01:20:03,868: [move_base-4] process has finished cleanly
log file: /home/fetch/.ros/log/d92112f8-1db3-11eb-bc6e-000babe55698/move_base-4*.log
[roslaunch][INFO] 2020-11-03 01:20:03,868: [move_base-4] restarting process
[roslaunch][INFO] 2020-11-03 01:20:03,869: process[move_base-4]: restarting os process
[roslaunch][INFO] 2020-11-03 01:20:03,869: process[move_base-4]: start w/ args [[u'/opt/ros/indigo/lib/move_base/move_base', u'cmd_vel:=cmd_vel', u'odom:=odom', u'map:=map', u'__name:=move_base', u'__log:=/home/fetch/.ros/log/d92112f8-1db3-11eb-bc6e-000babe55698/move_base-4.log']]
[roslaunch][INFO] 2020-11-03 01:20:03,869: process[move_base-4]: cwd will be [/home/fetch/.ros]
[roslaunch][INFO] 2020-11-03 01:20:03,870: process[move_base-4]: started with pid [27315]
[roslaunch][INFO] 2020-11-03 01:20:05,072: [move_base-4] process has finished cleanly
log file: /home/fetch/.ros/log/d92112f8-1db3-11eb-bc6e-000babe55698/move_base-4*.log
[roslaunch][INFO] 2020-11-03 01:20:05,073: [move_base-4] restarting process
[roslaunch][INFO] 2020-11-03 01:20:05,073: process[move_base-4]: restarting os process
[roslaunch][INFO] 2020-11-03 01:20:05,073: process[move_base-4]: start w/ args [[u'/opt/ros/indigo/lib/move_base/move_base', u'cmd_vel:=cmd_vel', u'odom:=odom', u'map:=map', u'__name:=move_base', u'__log:=/home/fetch/.ros/log/d92112f8-1db3-11eb-bc6e-000babe55698/move_base-4.log']]
[roslaunch][INFO] 2020-11-03 01:20:05,073: process[move_base-4]: cwd will be [/home/fetch/.ros]
[roslaunch][INFO] 2020-11-03 01:20:05,074: process[move_base-4]: started with pid [28425]
[roslaunch][INFO] 2020-11-03 01:20:06,277: [move_base-4] process has finished cleanly
log file: /home/fetch/.ros/log/d92112f8-1db3-11eb-bc6e-000babe55698/move_base-4*.log
[roslaunch][INFO] 2020-11-03 01:20:06,277: [move_base-4] restarting process
[roslaunch][INFO] 2020-11-03 01:20:06,278: process[move_base-4]: restarting os process
[roslaunch][INFO] 2020-11-03 01:20:06,278: process[move_base-4]: start w/ args [[u'/opt/ros/indigo/lib/move_base/move_base', u'cmd_vel:=cmd_vel', u'odom:=odom', u'map:=map', u'__name:=move_base', u'__log:=/home/fetch/.ros/log/d92112f8-1db3-11eb-bc6e-000babe55698/move_base-4.log']]
[roslaunch][INFO] 2020-11-03 01:20:06,278: process[move_base-4]: cwd will be [/home/fetch/.ros]
[roslaunch][INFO] 2020-11-03 01:20:06,279: process[move_base-4]: started with pid [29541]
[roslaunch][INFO] 2020-11-03 01:20:07,482: [move_base-4] process has finished cleanly
log file: /home/fetch/.ros/log/d92112f8-1db3-11eb-bc6e-000babe55698/move_base-4*.log
[roslaunch][INFO] 2020-11-03 01:20:07,482: [move_base-4] restarting process
[roslaunch][INFO] 2020-11-03 01:20:07,482: process[move_base-4]: restarting os process
[roslaunch][INFO] 2020-11-03 01:20:07,482: process[move_base-4]: start w/ args [[u'/opt/ros/indigo/lib/move_base/move_base', u'cmd_vel:=cmd_vel', u'odom:=odom', u'map:=map', u'__name:=move_base', u'__log:=/home/fetch/.ros/log/d92112f8-1db3-11eb-bc6e-000babe55698/move_base-4.log']]
[roslaunch][INFO] 2020-11-03 01:20:07,482: process[move_base-4]: cwd will be [/home/fetch/.ros]
[roslaunch][INFO] 2020-11-03 01:20:07,484: process[move_base-4]: started with pid [30661]
[roslaunch][INFO] 2020-11-03 01:20:08,686: [move_base-4] process has finished cleanly
log file: /home/fetch/.ros/log/d92112f8-1db3-11eb-bc6e-000babe55698/move_base-4*.log
[roslaunch][INFO] 2020-11-03 01:20:08,686: [move_base-4] restarting process
[roslaunch][INFO] 2020-11-03 01:20:08,686: process[move_base-4]: restarting os process
[roslaunch][INFO] 2020-11-03 01:20:08,686: process[move_base-4]: start w/ args [[u'/opt/ros/indigo/lib/move_base/move_base', u'cmd_vel:=cmd_vel', u'odom:=odom', u'map:=map', u'__name:=move_base', u'__log:=/home/fetch/.ros/log/d92112f8-1db3-11eb-bc6e-000babe55698/move_base-4.log']]
[roslaunch][INFO] 2020-11-03 01:20:08,686: process[move_base-4]: cwd will be [/home/fetch/.ros]
[roslaunch][INFO] 2020-11-03 01:20:08,688: process[move_base-4]: started with pid [31791]
[roslaunch][INFO] 2020-11-03 01:20:09,890: [move_base-4] process has finished cleanly
log file: /home/fetch/.ros/log/d92112f8-1db3-11eb-bc6e-000babe55698/move_base-4*.log
[roslaunch][INFO] 2020-11-03 01:20:09,891: [move_base-4] restarting process
[roslaunch][INFO] 2020-11-03 01:20:09,891: process[move_base-4]: restarting os process
[roslaunch][INFO] 2020-11-03 01:20:09,891: process[move_base-4]: start w/ args [[u'/opt/ros/indigo/lib/move_base/move_base', u'cmd_vel:=cmd_vel', u'odom:=odom', u'map:=map', u'__name:=move_base', u'__log:=/home/fetch/.ros/log/d92112f8-1db3-11eb-bc6e-000babe55698/move_base-4.log']]
[roslaunch][INFO] 2020-11-03 01:20:09,891: process[move_base-4]: cwd will be [/home/fetch/.ros]
[roslaunch][INFO] 2020-11-03 01:20:09,892: process[move_base-4]: started with pid [464]
[roslaunch][INFO] 2020-11-03 01:20:11,095: [move_base-4] process has finished cleanly
log file: /home/fetch/.ros/log/d92112f8-1db3-11eb-bc6e-000babe55698/move_base-4*.log
[roslaunch][INFO] 2020-11-03 01:20:11,095: [move_base-4] restarting process
[roslaunch][INFO] 2020-11-03 01:20:11,095: process[move_base-4]: restarting os process
[roslaunch][INFO] 2020-11-03 01:20:11,095: process[move_base-4]: start w/ args [[u'/opt/ros/indigo/lib/move_base/move_base', u'cmd_vel:=cmd_vel', u'odom:=odom', u'map:=map', u'__name:=move_base', u'__log:=/home/fetch/.ros/log/d92112f8-1db3-11eb-bc6e-000babe55698/move_base-4.log']]
[roslaunch][INFO] 2020-11-03 01:20:11,095: process[move_base-4]: cwd will be [/home/fetch/.ros]
[roslaunch][INFO] 2020-11-03 01:20:11,096: process[move_base-4]: started with pid [1787]
[roslaunch][INFO] 2020-11-03 01:20:12,299: [move_base-4] process has finished cleanly
log file: /home/fetch/.ros/log/d92112f8-1db3-11eb-bc6e-000babe55698/move_base-4*.log
[roslaunch][INFO] 2020-11-03 01:20:12,299: [move_base-4] restarting process
[roslaunch][INFO] 2020-11-03 01:20:12,299: process[move_base-4]: restarting os process
[roslaunch][INFO] 2020-11-03 01:20:12,299: process[move_base-4]: start w/ args [[u'/opt/ros/indigo/lib/move_base/move_base', u'cmd_vel:=cmd_vel', u'odom:=odom', u'map:=map', u'__name:=move_base', u'__log:=/home/fetch/.ros/log/d92112f8-1db3-11eb-bc6e-000babe55698/move_base-4.log']]
[roslaunch][INFO] 2020-11-03 01:20:12,299: process[move_base-4]: cwd will be [/home/fetch/.ros]
[roslaunch][INFO] 2020-11-03 01:20:12,301: process[move_base-4]: started with pid [3029]
[roslaunch][INFO] 2020-11-03 01:20:13,503: [move_base-4] process has finished cleanly
log file: /home/fetch/.ros/log/d92112f8-1db3-11eb-bc6e-000babe55698/move_base-4*.log
[roslaunch][INFO] 2020-11-03 01:20:13,503: [move_base-4] restarting process
[roslaunch][INFO] 2020-11-03 01:20:13,503: process[move_base-4]: restarting os process
[roslaunch][INFO] 2020-11-03 01:20:13,503: process[move_base-4]: start w/ args [[u'/opt/ros/indigo/lib/move_base/move_base', u'cmd_vel:=cmd_vel', u'odom:=odom', u'map:=map', u'__name:=move_base', u'__log:=/home/fetch/.ros/log/d92112f8-1db3-11eb-bc6e-000babe55698/move_base-4.log']]
[roslaunch][INFO] 2020-11-03 01:20:13,503: process[move_base-4]: cwd will be [/home/fetch/.ros]
[roslaunch][INFO] 2020-11-03 01:20:13,505: process[move_base-4]: started with pid [4183]
[roslaunch][INFO] 2020-11-03 01:20:14,707: [move_base-4] process has finished cleanly
log file: /home/fetch/.ros/log/d92112f8-1db3-11eb-bc6e-000babe55698/move_base-4*.log
[roslaunch][INFO] 2020-11-03 01:20:14,707: [move_base-4] restarting process
[roslaunch][INFO] 2020-11-03 01:20:14,707: process[move_base-4]: restarting os process
[roslaunch][INFO] 2020-11-03 01:20:14,707: process[move_base-4]: start w/ args [[u'/opt/ros/indigo/lib/move_base/move_base', u'cmd_vel:=cmd_vel', u'odom:=odom', u'map:=map', u'__name:=move_base', u'__log:=/home/fetch/.ros/log/d92112f8-1db3-11eb-bc6e-000babe55698/move_base-4.log']]
[roslaunch][INFO] 2020-11-03 01:20:14,707: process[move_base-4]: cwd will be [/home/fetch/.ros]
[roslaunch][INFO] 2020-11-03 01:20:14,709: process[move_base-4]: started with pid [5296]
[roslaunch][INFO] 2020-11-03 01:20:15,911: [move_base-4] process has finished cleanly
log file: /home/fetch/.ros/log/d92112f8-1db3-11eb-bc6e-000babe55698/move_base-4*.log
[roslaunch][INFO] 2020-11-03 01:20:15,911: [move_base-4] restarting process
[roslaunch][INFO] 2020-11-03 01:20:15,911: process[move_base-4]: restarting os process
[roslaunch][INFO] 2020-11-03 01:20:15,911: process[move_base-4]: start w/ args [[u'/opt/ros/indigo/lib/move_base/move_base', u'cmd_vel:=cmd_vel', u'odom:=odom', u'map:=map', u'__name:=move_base', u'__log:=/home/fetch/.ros/log/d92112f8-1db3-11eb-bc6e-000babe55698/move_base-4.log']]
[roslaunch][INFO] 2020-11-03 01:20:15,911: process[move_base-4]: cwd will be [/home/fetch/.ros]
[roslaunch][INFO] 2020-11-03 01:20:15,913: process[move_base-4]: started with pid [6414]
[roslaunch][INFO] 2020-11-03 01:20:17,115: [move_base-4] process has finished cleanly
log file: /home/fetch/.ros/log/d92112f8-1db3-11eb-bc6e-000babe55698/move_base-4*.log
[roslaunch][INFO] 2020-11-03 01:20:17,115: [move_base-4] restarting process
[roslaunch][INFO] 2020-11-03 01:20:17,115: process[move_base-4]: restarting os process
[roslaunch][INFO] 2020-11-03 01:20:17,116: process[move_base-4]: start w/ args [[u'/opt/ros/indigo/lib/move_base/move_base', u'cmd_vel:=cmd_vel', u'odom:=odom', u'map:=map', u'__name:=move_base', u'__log:=/home/fetch/.ros/log/d92112f8-1db3-11eb-bc6e-000babe55698/move_base-4.log']]
[roslaunch][INFO] 2020-11-03 01:20:17,116: process[move_base-4]: cwd will be [/home/fetch/.ros]
[roslaunch][INFO] 2020-11-03 01:20:17,117: process[move_base-4]: started with pid [7526]
[roslaunch][INFO] 2020-11-03 01:20:18,319: [move_base-4] process has finished cleanly
log file: /home/fetch/.ros/log/d92112f8-1db3-11eb-bc6e-000babe55698/move_base-4*.log
[roslaunch][INFO] 2020-11-03 01:20:18,320: [move_base-4] restarting process
[roslaunch][INFO] 2020-11-03 01:20:18,320: process[move_base-4]: restarting os process
[roslaunch][INFO] 2020-11-03 01:20:18,320: process[move_base-4]: start w/ args [[u'/opt/ros/indigo/lib/move_base/move_base', u'cmd_vel:=cmd_vel', u'odom:=odom', u'map:=map', u'__name:=move_base', u'__log:=/home/fetch/.ros/log/d92112f8-1db3-11eb-bc6e-000babe55698/move_base-4.log']]
[roslaunch][INFO] 2020-11-03 01:20:18,320: process[move_base-4]: cwd will be [/home/fetch/.ros]
[roslaunch][INFO] 2020-11-03 01:20:18,321: process[move_base-4]: started with pid [8642]
[roslaunch][INFO] 2020-11-03 01:20:19,523: [move_base-4] process has finished cleanly
log file: /home/fetch/.ros/log/d92112f8-1db3-11eb-bc6e-000babe55698/move_base-4*.log
[roslaunch][INFO] 2020-11-03 01:20:19,524: [move_base-4] restarting process
[roslaunch][INFO] 2020-11-03 01:20:19,524: process[move_base-4]: restarting os process
[roslaunch][INFO] 2020-11-03 01:20:19,524: process[move_base-4]: start w/ args [[u'/opt/ros/indigo/lib/move_base/move_base', u'cmd_vel:=cmd_vel', u'odom:=odom', u'map:=map', u'__name:=move_base', u'__log:=/home/fetch/.ros/log/d92112f8-1db3-11eb-bc6e-000babe55698/move_base-4.log']]
[roslaunch][INFO] 2020-11-03 01:20:19,524: process[move_base-4]: cwd will be [/home/fetch/.ros]
[roslaunch][INFO] 2020-11-03 01:20:19,525: process[move_base-4]: started with pid [9758]
[roslaunch][INFO] 2020-11-03 01:20:20,727: [move_base-4] process has finished cleanly
log file: /home/fetch/.ros/log/d92112f8-1db3-11eb-bc6e-000babe55698/move_base-4*.log
[roslaunch][INFO] 2020-11-03 01:20:20,728: [move_base-4] restarting process
[roslaunch][INFO] 2020-11-03 01:20:20,728: process[move_base-4]: restarting os process
[roslaunch][INFO] 2020-11-03 01:20:20,728: process[move_base-4]: start w/ args [[u'/opt/ros/indigo/lib/move_base/move_base', u'cmd_vel:=cmd_vel', u'odom:=odom', u'map:=map', u'__name:=move_base', u'__log:=/home/fetch/.ros/log/d92112f8-1db3-11eb-bc6e-000babe55698/move_base-4.log']]
[roslaunch][INFO] 2020-11-03 01:20:20,728: process[move_base-4]: cwd will be [/home/fetch/.ros]
[roslaunch][INFO] 2020-11-03 01:20:20,729: process[move_base-4]: started with pid [10868]
[roslaunch][INFO] 2020-11-03 01:20:21,931: [move_base-4] process has finished cleanly
log file: /home/fetch/.ros/log/d92112f8-1db3-11eb-bc6e-000babe55698/move_base-4*.log
[roslaunch][INFO] 2020-11-03 01:20:21,932: [move_base-4] restarting process
[roslaunch][INFO] 2020-11-03 01:20:21,932: process[move_base-4]: restarting os process
[roslaunch][INFO] 2020-11-03 01:20:21,932: process[move_base-4]: start w/ args [[u'/opt/ros/indigo/lib/move_base/move_base', u'cmd_vel:=cmd_vel', u'odom:=odom', u'map:=map', u'__name:=move_base', u'__log:=/home/fetch/.ros/log/d92112f8-1db3-11eb-bc6e-000babe55698/move_base-4.log']]
[roslaunch][INFO] 2020-11-03 01:20:21,932: process[move_base-4]: cwd will be [/home/fetch/.ros]
[roslaunch][INFO] 2020-11-03 01:20:21,934: process[move_base-4]: started with pid [11984]
[roslaunch][INFO] 2020-11-03 01:20:23,136: [move_base-4] process has finished cleanly
log file: /home/fetch/.ros/log/d92112f8-1db3-11eb-bc6e-000babe55698/move_base-4*.log
[roslaunch][INFO] 2020-11-03 01:20:23,136: [move_base-4] restarting process
[roslaunch][INFO] 2020-11-03 01:20:23,136: process[move_base-4]: restarting os process
[roslaunch][INFO] 2020-11-03 01:20:23,136: process[move_base-4]: start w/ args [[u'/opt/ros/indigo/lib/move_base/move_base', u'cmd_vel:=cmd_vel', u'odom:=odom', u'map:=map', u'__name:=move_base', u'__log:=/home/fetch/.ros/log/d92112f8-1db3-11eb-bc6e-000babe55698/move_base-4.log']]
[roslaunch][INFO] 2020-11-03 01:20:23,136: process[move_base-4]: cwd will be [/home/fetch/.ros]
[roslaunch][INFO] 2020-11-03 01:20:23,138: process[move_base-4]: started with pid [13095]
[roslaunch][INFO] 2020-11-03 01:20:24,340: [move_base-4] process has finished cleanly
log file: /home/fetch/.ros/log/d92112f8-1db3-11eb-bc6e-000babe55698/move_base-4*.log
[roslaunch][INFO] 2020-11-03 01:20:24,340: [move_base-4] restarting process
[roslaunch][INFO] 2020-11-03 01:20:24,340: process[move_base-4]: restarting os process
[roslaunch][INFO] 2020-11-03 01:20:24,340: process[move_base-4]: start w/ args [[u'/opt/ros/indigo/lib/move_base/move_base', u'cmd_vel:=cmd_vel', u'odom:=odom', u'map:=map', u'__name:=move_base', u'__log:=/home/fetch/.ros/log/d92112f8-1db3-11eb-bc6e-000babe55698/move_base-4.log']]
[roslaunch][INFO] 2020-11-03 01:20:24,340: process[move_base-4]: cwd will be [/home/fetch/.ros]
[roslaunch][INFO] 2020-11-03 01:20:24,342: process[move_base-4]: started with pid [14211]
[roslaunch][INFO] 2020-11-03 01:20:25,544: [move_base-4] process has finished cleanly
log file: /home/fetch/.ros/log/d92112f8-1db3-11eb-bc6e-000babe55698/move_base-4*.log
[roslaunch][INFO] 2020-11-03 01:20:25,544: [move_base-4] restarting process
[roslaunch][INFO] 2020-11-03 01:20:25,544: process[move_base-4]: restarting os process
[roslaunch][INFO] 2020-11-03 01:20:25,544: process[move_base-4]: start w/ args [[u'/opt/ros/indigo/lib/move_base/move_base', u'cmd_vel:=cmd_vel', u'odom:=odom', u'map:=map', u'__name:=move_base', u'__log:=/home/fetch/.ros/log/d92112f8-1db3-11eb-bc6e-000babe55698/move_base-4.log']]
[roslaunch][INFO] 2020-11-03 01:20:25,544: process[move_base-4]: cwd will be [/home/fetch/.ros]
[roslaunch][INFO] 2020-11-03 01:20:25,546: process[move_base-4]: started with pid [15329]
[roslaunch][INFO] 2020-11-03 01:20:26,748: [move_base-4] process has finished cleanly
log file: /home/fetch/.ros/log/d92112f8-1db3-11eb-bc6e-000babe55698/move_base-4*.log
[roslaunch][INFO] 2020-11-03 01:20:26,748: [move_base-4] restarting process
[roslaunch][INFO] 2020-11-03 01:20:26,748: process[move_base-4]: restarting os process
[roslaunch][INFO] 2020-11-03 01:20:26,748: process[move_base-4]: start w/ args [[u'/opt/ros/indigo/lib/move_base/move_base', u'cmd_vel:=cmd_vel', u'odom:=odom', u'map:=map', u'__name:=move_base', u'__log:=/home/fetch/.ros/log/d92112f8-1db3-11eb-bc6e-000babe55698/move_base-4.log']]
[roslaunch][INFO] 2020-11-03 01:20:26,748: process[move_base-4]: cwd will be [/home/fetch/.ros]
[roslaunch][INFO] 2020-11-03 01:20:26,750: process[move_base-4]: started with pid [16439]
[roslaunch.pmon][INFO] 2020-11-03 01:20:27,234: ProcessMonitor.shutdown <ProcessMonitor(ProcessMonitor-1, started daemon 139999988467456)>
[roslaunch.pmon][INFO] 2020-11-03 01:20:27,251: ProcessMonitor._post_run <ProcessMonitor(ProcessMonitor-1, started daemon 139999988467456)>
[roslaunch.pmon][INFO] 2020-11-03 01:20:27,251: ProcessMonitor._post_run <ProcessMonitor(ProcessMonitor-1, started daemon 139999988467456)>: remaining procs are [<roslaunch.nodeprocess.LocalProcess object at 0x7f5449b65550>, <roslaunch.nodeprocess.LocalProcess object at 0x7f5449b65710>, <roslaunch.nodeprocess.LocalProcess object at 0x7f5449b65750>, <roslaunch.nodeprocess.LocalProcess object at 0x7f54481263d0>]
[roslaunch.pmon][INFO] 2020-11-03 01:20:27,251: ProcessMonitor exit: killing move_base-4
[roslaunch.pmon][INFO] 2020-11-03 01:20:27,252: ProcessMonitor exit: killing amcl-3
[roslaunch][INFO] 2020-11-03 01:20:27,252: [move_base-4] killing on exit
[roslaunch][INFO] 2020-11-03 01:20:27,252: [amcl-3] killing on exit
[roslaunch.pmon][INFO] 2020-11-03 01:20:27,252: ProcessMonitor exit: killing rviz-2
[roslaunch][INFO] 2020-11-03 01:20:27,252: process[move_base-4]: killing os process with pid[16439] pgid[16439]
[roslaunch.pmon][INFO] 2020-11-03 01:20:27,252: ProcessMonitor exit: killing map_server-1
[roslaunch][INFO] 2020-11-03 01:20:27,252: process[amcl-3]: killing os process with pid[30894] pgid[30894]
[roslaunch][INFO] 2020-11-03 01:20:27,253: [rviz-2] killing on exit
[roslaunch][INFO] 2020-11-03 01:20:27,253: [move_base-4] sending SIGINT to pgid [16439]
[roslaunch][INFO] 2020-11-03 01:20:27,253: [map_server-1] killing on exit
[roslaunch][INFO] 2020-11-03 01:20:27,253: [amcl-3] sending SIGINT to pgid [30894]
[roslaunch][INFO] 2020-11-03 01:20:27,253: [move_base-4] sent SIGINT to pgid [16439]
[roslaunch][INFO] 2020-11-03 01:20:27,253: process[rviz-2]: killing os process with pid[30893] pgid[30893]
[roslaunch][INFO] 2020-11-03 01:20:27,253: [amcl-3] sent SIGINT to pgid [30894]
[roslaunch][INFO] 2020-11-03 01:20:27,253: process[map_server-1]: killing os process with pid[30892] pgid[30892]
[roslaunch][INFO] 2020-11-03 01:20:27,254: [rviz-2] sending SIGINT to pgid [30893]
[roslaunch][INFO] 2020-11-03 01:20:27,254: [map_server-1] sending SIGINT to pgid [30892]
[roslaunch][INFO] 2020-11-03 01:20:27,254: [map_server-1] sent SIGINT to pgid [30892]
[roslaunch][INFO] 2020-11-03 01:20:27,254: [rviz-2] sent SIGINT to pgid [30893]
[roslaunch][INFO] 2020-11-03 01:20:27,454: process[map_server-1]: SIGINT killed with return value 0
[roslaunch][INFO] 2020-11-03 01:20:27,554: process[amcl-3]: SIGINT killed with return value 0
[roslaunch][INFO] 2020-11-03 01:20:27,854: process[move_base-4]: SIGINT killed with return value 0
[roslaunch][INFO] 2020-11-03 01:20:28,055: process[rviz-2]: SIGINT killed with return value 0
[roslaunch.pmon][INFO] 2020-11-03 01:20:28,055: ProcessMonitor exit: cleaning up data structures and signals
[roslaunch.pmon][INFO] 2020-11-03 01:20:28,056: ProcessMonitor exit: pmon has shutdown
[roslaunch][INFO] 2020-11-03 01:20:28,098: process monitor is done spinning, initiating full shutdown
[roslaunch][INFO] 2020-11-03 01:20:28,099: runner.stop()
[roslaunch][INFO] 2020-11-03 01:20:28,099: shutting down processing monitor...
[roslaunch][INFO] 2020-11-03 01:20:28,099: shutting down processing monitor <ProcessMonitor(ProcessMonitor-1, stopped daemon 139999988467456)>
[roslaunch.pmon][INFO] 2020-11-03 01:20:28,099: ProcessMonitor.shutdown <ProcessMonitor(ProcessMonitor-1, stopped daemon 139999988467456)>
[roslaunch][INFO] 2020-11-03 01:20:28,099: ... shutting down processing monitor complete
[roslaunch][INFO] 2020-11-03 01:20:28,099: done
[roslaunch.pmon][INFO] 2020-11-03 01:20:28,099: ProcessMonitor.shutdown <ProcessMonitor(ProcessMonitor-1, stopped daemon 139999988467456)>
[rospy.core][INFO] 2020-11-03 01:20:28,099: signal_shutdown [atexit]
