[roslaunch][INFO] 2020-10-23 00:06:20,212: Checking log directory for disk usage. This may take awhile.
Press Ctrl-C to interrupt
[roslaunch][INFO] 2020-10-23 00:06:20,214: Done checking log file disk usage. Usage is <1GB.
[roslaunch][INFO] 2020-10-23 00:06:20,215: roslaunch starting with args ['/opt/ros/indigo/bin/roslaunch', 'fetch_navigation', 'freight_nav.launch']
[roslaunch][INFO] 2020-10-23 00:06:20,215: roslaunch env is {'ROS_DISTRO': 'indigo', 'LESSOPEN': '| /usr/bin/lesspipe %s', 'SSH_CLIENT': '192.168.0.15 51307 22', 'CPATH': '/home/fetch/catkin_ws/devel/include:/opt/ros/indigo/include', 'LOGNAME': 'fetch', 'USER': 'fetch', 'PATH': '/opt/ros/indigo/bin:/usr/local/sbin:/usr/local/bin:/usr/sbin:/usr/bin:/sbin:/bin:/usr/games:/usr/local/games', 'HOME': '/home/fetch', 'CMAKE_PREFIX_PATH': '/home/fetch/catkin_ws/devel:/opt/ros/indigo', 'LD_LIBRARY_PATH': '/home/fetch/catkin_ws/devel/lib:/opt/ros/indigo/lib', 'LANG': 'en_US.UTF-8', 'TERM': 'xterm-256color', 'SHELL': '/bin/bash', 'ROS_LOG_FILENAME': '/home/fetch/.ros/log/a20b44da-14eb-11eb-83ed-000babe55698/roslaunch-freight1207-12599.log', 'SHLVL': '1', 'QT_QPA_PLATFORMTHEME': 'appmenu-qt5', 'DISPLAY': 'localhost:12.0', 'ROS_ETC_DIR': '/opt/ros/indigo/etc/ros', 'XDG_RUNTIME_DIR': '/run/user/1000', 'PYTHONPATH': '/home/fetch/catkin_ws/devel/lib/python2.7/dist-packages:/opt/ros/indigo/lib/python2.7/dist-packages', 'ROS_ROOT': '/opt/ros/indigo/share/ros', 'PKG_CONFIG_PATH': '/home/fetch/catkin_ws/devel/lib/pkgconfig:/opt/ros/indigo/lib/pkgconfig', 'ROS_PACKAGE_PATH': '/home/fetch/catkin_ws/src:/opt/ros/indigo/share:/opt/ros/indigo/stacks', 'XDG_SESSION_ID': '11', '_': '/opt/ros/indigo/bin/roslaunch', 'SSH_CONNECTION': '192.168.0.15 51307 192.168.0.31 22', 'LESSCLOSE': '/usr/bin/lesspipe %s %s', 'SSH_TTY': '/dev/pts/28', 'PWD': '/home/fetch', 'ROS_MASTER_URI': 'http://localhost:11311', 'MAIL': '/var/mail/fetch', 'LS_COLORS': 'rs=0:di=01;34:ln=01;36:mh=00:pi=40;33:so=01;35:do=01;35:bd=40;33;01:cd=40;33;01:or=40;31;01:su=37;41:sg=30;43:ca=30;41:tw=30;42:ow=34;42:st=37;44:ex=01;32:*.tar=01;31:*.tgz=01;31:*.arj=01;31:*.taz=01;31:*.lzh=01;31:*.lzma=01;31:*.tlz=01;31:*.txz=01;31:*.zip=01;31:*.z=01;31:*.Z=01;31:*.dz=01;31:*.gz=01;31:*.lz=01;31:*.xz=01;31:*.bz2=01;31:*.bz=01;31:*.tbz=01;31:*.tbz2=01;31:*.tz=01;31:*.deb=01;31:*.rpm=01;31:*.jar=01;31:*.war=01;31:*.ear=01;31:*.sar=01;31:*.rar=01;31:*.ace=01;31:*.zoo=01;31:*.cpio=01;31:*.7z=01;31:*.rz=01;31:*.jpg=01;35:*.jpeg=01;35:*.gif=01;35:*.bmp=01;35:*.pbm=01;35:*.pgm=01;35:*.ppm=01;35:*.tga=01;35:*.xbm=01;35:*.xpm=01;35:*.tif=01;35:*.tiff=01;35:*.png=01;35:*.svg=01;35:*.svgz=01;35:*.mng=01;35:*.pcx=01;35:*.mov=01;35:*.mpg=01;35:*.mpeg=01;35:*.m2v=01;35:*.mkv=01;35:*.webm=01;35:*.ogm=01;35:*.mp4=01;35:*.m4v=01;35:*.mp4v=01;35:*.vob=01;35:*.qt=01;35:*.nuv=01;35:*.wmv=01;35:*.asf=01;35:*.rm=01;35:*.rmvb=01;35:*.flc=01;35:*.avi=01;35:*.fli=01;35:*.flv=01;35:*.gl=01;35:*.dl=01;35:*.xcf=01;35:*.xwd=01;35:*.yuv=01;35:*.cgm=01;35:*.emf=01;35:*.axv=01;35:*.anx=01;35:*.ogv=01;35:*.ogx=01;35:*.aac=00;36:*.au=00;36:*.flac=00;36:*.mid=00;36:*.midi=00;36:*.mka=00;36:*.mp3=00;36:*.mpc=00;36:*.ogg=00;36:*.ra=00;36:*.wav=00;36:*.axa=00;36:*.oga=00;36:*.spx=00;36:*.xspf=00;36:'}
[roslaunch][INFO] 2020-10-23 00:06:20,215: starting in server mode
[roslaunch.parent][INFO] 2020-10-23 00:06:20,215: starting roslaunch parent run
[roslaunch][INFO] 2020-10-23 00:06:20,215: loading roscore config file /opt/ros/indigo/etc/ros/roscore.xml
[roslaunch][INFO] 2020-10-23 00:06:20,280: Added core node of type [rosout/rosout] in namespace [/]
[roslaunch.config][INFO] 2020-10-23 00:06:20,281: loading config file /opt/ros/indigo/share/fetch_navigation/launch/freight_nav.launch
[roslaunch][INFO] 2020-10-23 00:06:20,302: Added node of type [map_server/map_server] in namespace [/]
[roslaunch][INFO] 2020-10-23 00:06:20,303: Added node of type [rviz/rviz] in namespace [/]
[roslaunch][INFO] 2020-10-23 00:06:20,308: Added node of type [amcl/amcl] in namespace [/]
[roslaunch][INFO] 2020-10-23 00:06:20,325: Added node of type [move_base/move_base] in namespace [/]
[roslaunch][INFO] 2020-10-23 00:06:20,325: ... selected machine [] for node of type [map_server/map_server]
[roslaunch][INFO] 2020-10-23 00:06:20,325: ... selected machine [] for node of type [rviz/rviz]
[roslaunch][INFO] 2020-10-23 00:06:20,326: ... selected machine [] for node of type [amcl/amcl]
[roslaunch][INFO] 2020-10-23 00:06:20,326: ... selected machine [] for node of type [move_base/move_base]
[roslaunch.pmon][INFO] 2020-10-23 00:06:20,326: start_process_monitor: creating ProcessMonitor
[roslaunch.pmon][INFO] 2020-10-23 00:06:20,326: created process monitor <ProcessMonitor(ProcessMonitor-1, initial daemon)>
[roslaunch.pmon][INFO] 2020-10-23 00:06:20,326: start_process_monitor: ProcessMonitor started
[roslaunch.parent][INFO] 2020-10-23 00:06:20,326: starting parent XML-RPC server
[roslaunch.server][INFO] 2020-10-23 00:06:20,326: starting roslaunch XML-RPC server
[roslaunch.server][INFO] 2020-10-23 00:06:20,327: waiting for roslaunch XML-RPC server to initialize
[xmlrpc][INFO] 2020-10-23 00:06:20,327: XML-RPC server binding to 0.0.0.0:0
[xmlrpc][INFO] 2020-10-23 00:06:20,327: Started XML-RPC server [http://freight1207:51016/]
[xmlrpc][INFO] 2020-10-23 00:06:20,327: xml rpc node: starting XML-RPC server
[roslaunch][INFO] 2020-10-23 00:06:20,338: started roslaunch server http://freight1207:51016/
[roslaunch.parent][INFO] 2020-10-23 00:06:20,338: ... parent XML-RPC server started
[roslaunch][INFO] 2020-10-23 00:06:20,339: master.is_running[http://localhost:11311]
[roslaunch][INFO] 2020-10-23 00:06:20,340: master.is_running[http://localhost:11311]
[roslaunch][INFO] 2020-10-23 00:06:20,340: ROS_MASTER_URI=http://localhost:11311
[roslaunch][INFO] 2020-10-23 00:06:20,342: setting /roslaunch/uris/host_freight1207__51016' to http://freight1207:51016/
[roslaunch][INFO] 2020-10-23 00:06:20,343: load_parameters starting ...
[roslaunch][INFO] 2020-10-23 00:06:20,363: ... load_parameters complete
[roslaunch][INFO] 2020-10-23 00:06:20,363: launch_nodes: launching local nodes ...
[roslaunch][INFO] 2020-10-23 00:06:20,363: ... preparing to launch node of type [map_server/map_server]
[roslaunch][INFO] 2020-10-23 00:06:20,363: create_node_process: package[map_server] type[map_server] machine[Machine(name[] env_loader[None] address[localhost] ssh_port[22] user[None] assignable[True] timeout[10.0])] master_uri[http://localhost:11311]
[roslaunch][INFO] 2020-10-23 00:06:20,364: process[map_server-1]: env[{'ROS_DISTRO': 'indigo', 'LESSOPEN': '| /usr/bin/lesspipe %s', 'SSH_CLIENT': '192.168.0.15 51307 22', 'CPATH': '/home/fetch/catkin_ws/devel/include:/opt/ros/indigo/include', 'LOGNAME': 'fetch', 'USER': 'fetch', 'PATH': '/opt/ros/indigo/bin:/usr/local/sbin:/usr/local/bin:/usr/sbin:/usr/bin:/sbin:/bin:/usr/games:/usr/local/games', 'HOME': '/home/fetch', 'CMAKE_PREFIX_PATH': '/home/fetch/catkin_ws/devel:/opt/ros/indigo', 'ROS_LOG_FILENAME': '/home/fetch/.ros/log/a20b44da-14eb-11eb-83ed-000babe55698/roslaunch-freight1207-12599.log', 'LANG': 'en_US.UTF-8', 'TERM': 'xterm-256color', 'SHELL': '/bin/bash', 'SHLVL': '1', 'QT_QPA_PLATFORMTHEME': 'appmenu-qt5', 'DISPLAY': 'localhost:12.0', 'ROS_MASTER_URI': 'http://localhost:11311', 'XDG_RUNTIME_DIR': '/run/user/1000', 'PYTHONPATH': '/home/fetch/catkin_ws/devel/lib/python2.7/dist-packages:/opt/ros/indigo/lib/python2.7/dist-packages', 'ROS_ROOT': '/opt/ros/indigo/share/ros', 'PKG_CONFIG_PATH': '/home/fetch/catkin_ws/devel/lib/pkgconfig:/opt/ros/indigo/lib/pkgconfig', 'ROS_PACKAGE_PATH': '/home/fetch/catkin_ws/src:/opt/ros/indigo/share:/opt/ros/indigo/stacks', 'XDG_SESSION_ID': '11', '_': '/opt/ros/indigo/bin/roslaunch', 'LD_LIBRARY_PATH': '/home/fetch/catkin_ws/devel/lib:/opt/ros/indigo/lib', 'LS_COLORS': 'rs=0:di=01;34:ln=01;36:mh=00:pi=40;33:so=01;35:do=01;35:bd=40;33;01:cd=40;33;01:or=40;31;01:su=37;41:sg=30;43:ca=30;41:tw=30;42:ow=34;42:st=37;44:ex=01;32:*.tar=01;31:*.tgz=01;31:*.arj=01;31:*.taz=01;31:*.lzh=01;31:*.lzma=01;31:*.tlz=01;31:*.txz=01;31:*.zip=01;31:*.z=01;31:*.Z=01;31:*.dz=01;31:*.gz=01;31:*.lz=01;31:*.xz=01;31:*.bz2=01;31:*.bz=01;31:*.tbz=01;31:*.tbz2=01;31:*.tz=01;31:*.deb=01;31:*.rpm=01;31:*.jar=01;31:*.war=01;31:*.ear=01;31:*.sar=01;31:*.rar=01;31:*.ace=01;31:*.zoo=01;31:*.cpio=01;31:*.7z=01;31:*.rz=01;31:*.jpg=01;35:*.jpeg=01;35:*.gif=01;35:*.bmp=01;35:*.pbm=01;35:*.pgm=01;35:*.ppm=01;35:*.tga=01;35:*.xbm=01;35:*.xpm=01;35:*.tif=01;35:*.tiff=01;35:*.png=01;35:*.svg=01;35:*.svgz=01;35:*.mng=01;35:*.pcx=01;35:*.mov=01;35:*.mpg=01;35:*.mpeg=01;35:*.m2v=01;35:*.mkv=01;35:*.webm=01;35:*.ogm=01;35:*.mp4=01;35:*.m4v=01;35:*.mp4v=01;35:*.vob=01;35:*.qt=01;35:*.nuv=01;35:*.wmv=01;35:*.asf=01;35:*.rm=01;35:*.rmvb=01;35:*.flc=01;35:*.avi=01;35:*.fli=01;35:*.flv=01;35:*.gl=01;35:*.dl=01;35:*.xcf=01;35:*.xwd=01;35:*.yuv=01;35:*.cgm=01;35:*.emf=01;35:*.axv=01;35:*.anx=01;35:*.ogv=01;35:*.ogx=01;35:*.aac=00;36:*.au=00;36:*.flac=00;36:*.mid=00;36:*.midi=00;36:*.mka=00;36:*.mp3=00;36:*.mpc=00;36:*.ogg=00;36:*.ra=00;36:*.wav=00;36:*.axa=00;36:*.oga=00;36:*.spx=00;36:*.xspf=00;36:', 'LESSCLOSE': '/usr/bin/lesspipe %s %s', 'SSH_TTY': '/dev/pts/28', 'PWD': '/home/fetch', 'ROS_ETC_DIR': '/opt/ros/indigo/etc/ros', 'MAIL': '/var/mail/fetch', 'SSH_CONNECTION': '192.168.0.15 51307 192.168.0.31 22'}]
[roslaunch][INFO] 2020-10-23 00:06:20,385: process[map_server-1]: args[[u'/opt/ros/indigo/lib/map_server/map_server', '/home/fetch/mapmap.yaml', u'__name:=map_server']]
[roslaunch][INFO] 2020-10-23 00:06:20,385: ... created process [map_server-1]
[roslaunch.pmon][INFO] 2020-10-23 00:06:20,385: ProcessMonitor.register[map_server-1]
[roslaunch.pmon][INFO] 2020-10-23 00:06:20,385: ProcessMonitor.register[map_server-1] complete
[roslaunch][INFO] 2020-10-23 00:06:20,385: ... registered process [map_server-1]
[roslaunch][INFO] 2020-10-23 00:06:20,385: process[map_server-1]: starting os process
[roslaunch][INFO] 2020-10-23 00:06:20,385: process[map_server-1]: start w/ args [[u'/opt/ros/indigo/lib/map_server/map_server', '/home/fetch/mapmap.yaml', u'__name:=map_server', u'__log:=/home/fetch/.ros/log/a20b44da-14eb-11eb-83ed-000babe55698/map_server-1.log']]
[roslaunch][INFO] 2020-10-23 00:06:20,385: process[map_server-1]: cwd will be [/home/fetch/.ros]
[roslaunch][INFO] 2020-10-23 00:06:20,387: process[map_server-1]: started with pid [12617]
[roslaunch][INFO] 2020-10-23 00:06:20,387: ... successfully launched [map_server-1]
[roslaunch][INFO] 2020-10-23 00:06:20,387: ... preparing to launch node of type [rviz/rviz]
[roslaunch][INFO] 2020-10-23 00:06:20,387: create_node_process: package[rviz] type[rviz] machine[Machine(name[] env_loader[None] address[localhost] ssh_port[22] user[None] assignable[True] timeout[10.0])] master_uri[http://localhost:11311]
[roslaunch][INFO] 2020-10-23 00:06:20,387: process[rviz-2]: env[{'ROS_DISTRO': 'indigo', 'LESSOPEN': '| /usr/bin/lesspipe %s', 'SSH_CLIENT': '192.168.0.15 51307 22', 'CPATH': '/home/fetch/catkin_ws/devel/include:/opt/ros/indigo/include', 'LOGNAME': 'fetch', 'USER': 'fetch', 'PATH': '/opt/ros/indigo/bin:/usr/local/sbin:/usr/local/bin:/usr/sbin:/usr/bin:/sbin:/bin:/usr/games:/usr/local/games', 'HOME': '/home/fetch', 'CMAKE_PREFIX_PATH': '/home/fetch/catkin_ws/devel:/opt/ros/indigo', 'ROS_LOG_FILENAME': '/home/fetch/.ros/log/a20b44da-14eb-11eb-83ed-000babe55698/roslaunch-freight1207-12599.log', 'LANG': 'en_US.UTF-8', 'TERM': 'xterm-256color', 'SHELL': '/bin/bash', 'SHLVL': '1', 'QT_QPA_PLATFORMTHEME': 'appmenu-qt5', 'DISPLAY': 'localhost:12.0', 'ROS_MASTER_URI': 'http://localhost:11311', 'XDG_RUNTIME_DIR': '/run/user/1000', 'PYTHONPATH': '/home/fetch/catkin_ws/devel/lib/python2.7/dist-packages:/opt/ros/indigo/lib/python2.7/dist-packages', 'ROS_ROOT': '/opt/ros/indigo/share/ros', 'PKG_CONFIG_PATH': '/home/fetch/catkin_ws/devel/lib/pkgconfig:/opt/ros/indigo/lib/pkgconfig', 'ROS_PACKAGE_PATH': '/home/fetch/catkin_ws/src:/opt/ros/indigo/share:/opt/ros/indigo/stacks', 'XDG_SESSION_ID': '11', '_': '/opt/ros/indigo/bin/roslaunch', 'LD_LIBRARY_PATH': '/home/fetch/catkin_ws/devel/lib:/opt/ros/indigo/lib', 'LS_COLORS': 'rs=0:di=01;34:ln=01;36:mh=00:pi=40;33:so=01;35:do=01;35:bd=40;33;01:cd=40;33;01:or=40;31;01:su=37;41:sg=30;43:ca=30;41:tw=30;42:ow=34;42:st=37;44:ex=01;32:*.tar=01;31:*.tgz=01;31:*.arj=01;31:*.taz=01;31:*.lzh=01;31:*.lzma=01;31:*.tlz=01;31:*.txz=01;31:*.zip=01;31:*.z=01;31:*.Z=01;31:*.dz=01;31:*.gz=01;31:*.lz=01;31:*.xz=01;31:*.bz2=01;31:*.bz=01;31:*.tbz=01;31:*.tbz2=01;31:*.tz=01;31:*.deb=01;31:*.rpm=01;31:*.jar=01;31:*.war=01;31:*.ear=01;31:*.sar=01;31:*.rar=01;31:*.ace=01;31:*.zoo=01;31:*.cpio=01;31:*.7z=01;31:*.rz=01;31:*.jpg=01;35:*.jpeg=01;35:*.gif=01;35:*.bmp=01;35:*.pbm=01;35:*.pgm=01;35:*.ppm=01;35:*.tga=01;35:*.xbm=01;35:*.xpm=01;35:*.tif=01;35:*.tiff=01;35:*.png=01;35:*.svg=01;35:*.svgz=01;35:*.mng=01;35:*.pcx=01;35:*.mov=01;35:*.mpg=01;35:*.mpeg=01;35:*.m2v=01;35:*.mkv=01;35:*.webm=01;35:*.ogm=01;35:*.mp4=01;35:*.m4v=01;35:*.mp4v=01;35:*.vob=01;35:*.qt=01;35:*.nuv=01;35:*.wmv=01;35:*.asf=01;35:*.rm=01;35:*.rmvb=01;35:*.flc=01;35:*.avi=01;35:*.fli=01;35:*.flv=01;35:*.gl=01;35:*.dl=01;35:*.xcf=01;35:*.xwd=01;35:*.yuv=01;35:*.cgm=01;35:*.emf=01;35:*.axv=01;35:*.anx=01;35:*.ogv=01;35:*.ogx=01;35:*.aac=00;36:*.au=00;36:*.flac=00;36:*.mid=00;36:*.midi=00;36:*.mka=00;36:*.mp3=00;36:*.mpc=00;36:*.ogg=00;36:*.ra=00;36:*.wav=00;36:*.axa=00;36:*.oga=00;36:*.spx=00;36:*.xspf=00;36:', 'LESSCLOSE': '/usr/bin/lesspipe %s %s', 'SSH_TTY': '/dev/pts/28', 'PWD': '/home/fetch', 'ROS_ETC_DIR': '/opt/ros/indigo/etc/ros', 'MAIL': '/var/mail/fetch', 'SSH_CONNECTION': '192.168.0.15 51307 192.168.0.31 22'}]
[roslaunch][INFO] 2020-10-23 00:06:20,389: process[rviz-2]: args[[u'/opt/ros/indigo/lib/rviz/rviz', '/opt/ros/indigo/share/fetch_navigation/config/navigation.rviz', u'__name:=rviz']]
[roslaunch][INFO] 2020-10-23 00:06:20,389: ... created process [rviz-2]
[roslaunch.pmon][INFO] 2020-10-23 00:06:20,389: ProcessMonitor.register[rviz-2]
[roslaunch.pmon][INFO] 2020-10-23 00:06:20,389: ProcessMonitor.register[rviz-2] complete
[roslaunch][INFO] 2020-10-23 00:06:20,389: ... registered process [rviz-2]
[roslaunch][INFO] 2020-10-23 00:06:20,389: process[rviz-2]: starting os process
[roslaunch][INFO] 2020-10-23 00:06:20,389: process[rviz-2]: start w/ args [[u'/opt/ros/indigo/lib/rviz/rviz', '/opt/ros/indigo/share/fetch_navigation/config/navigation.rviz', u'__name:=rviz', u'__log:=/home/fetch/.ros/log/a20b44da-14eb-11eb-83ed-000babe55698/rviz-2.log']]
[roslaunch][INFO] 2020-10-23 00:06:20,390: process[rviz-2]: cwd will be [/home/fetch/.ros]
[roslaunch][INFO] 2020-10-23 00:06:20,391: process[rviz-2]: started with pid [12618]
[roslaunch][INFO] 2020-10-23 00:06:20,391: ... successfully launched [rviz-2]
[roslaunch][INFO] 2020-10-23 00:06:20,391: ... preparing to launch node of type [amcl/amcl]
[roslaunch][INFO] 2020-10-23 00:06:20,391: create_node_process: package[amcl] type[amcl] machine[Machine(name[] env_loader[None] address[localhost] ssh_port[22] user[None] assignable[True] timeout[10.0])] master_uri[http://localhost:11311]
[roslaunch][INFO] 2020-10-23 00:06:20,392: process[amcl-3]: env[{'ROS_DISTRO': 'indigo', 'LESSOPEN': '| /usr/bin/lesspipe %s', 'SSH_CLIENT': '192.168.0.15 51307 22', 'CPATH': '/home/fetch/catkin_ws/devel/include:/opt/ros/indigo/include', 'LOGNAME': 'fetch', 'USER': 'fetch', 'PATH': '/opt/ros/indigo/bin:/usr/local/sbin:/usr/local/bin:/usr/sbin:/usr/bin:/sbin:/bin:/usr/games:/usr/local/games', 'HOME': '/home/fetch', 'CMAKE_PREFIX_PATH': '/home/fetch/catkin_ws/devel:/opt/ros/indigo', 'ROS_LOG_FILENAME': '/home/fetch/.ros/log/a20b44da-14eb-11eb-83ed-000babe55698/roslaunch-freight1207-12599.log', 'LANG': 'en_US.UTF-8', 'TERM': 'xterm-256color', 'SHELL': '/bin/bash', 'SHLVL': '1', 'QT_QPA_PLATFORMTHEME': 'appmenu-qt5', 'DISPLAY': 'localhost:12.0', 'ROS_MASTER_URI': 'http://localhost:11311', 'XDG_RUNTIME_DIR': '/run/user/1000', 'PYTHONPATH': '/home/fetch/catkin_ws/devel/lib/python2.7/dist-packages:/opt/ros/indigo/lib/python2.7/dist-packages', 'ROS_ROOT': '/opt/ros/indigo/share/ros', 'PKG_CONFIG_PATH': '/home/fetch/catkin_ws/devel/lib/pkgconfig:/opt/ros/indigo/lib/pkgconfig', 'ROS_PACKAGE_PATH': '/home/fetch/catkin_ws/src:/opt/ros/indigo/share:/opt/ros/indigo/stacks', 'XDG_SESSION_ID': '11', '_': '/opt/ros/indigo/bin/roslaunch', 'LD_LIBRARY_PATH': '/home/fetch/catkin_ws/devel/lib:/opt/ros/indigo/lib', 'LS_COLORS': 'rs=0:di=01;34:ln=01;36:mh=00:pi=40;33:so=01;35:do=01;35:bd=40;33;01:cd=40;33;01:or=40;31;01:su=37;41:sg=30;43:ca=30;41:tw=30;42:ow=34;42:st=37;44:ex=01;32:*.tar=01;31:*.tgz=01;31:*.arj=01;31:*.taz=01;31:*.lzh=01;31:*.lzma=01;31:*.tlz=01;31:*.txz=01;31:*.zip=01;31:*.z=01;31:*.Z=01;31:*.dz=01;31:*.gz=01;31:*.lz=01;31:*.xz=01;31:*.bz2=01;31:*.bz=01;31:*.tbz=01;31:*.tbz2=01;31:*.tz=01;31:*.deb=01;31:*.rpm=01;31:*.jar=01;31:*.war=01;31:*.ear=01;31:*.sar=01;31:*.rar=01;31:*.ace=01;31:*.zoo=01;31:*.cpio=01;31:*.7z=01;31:*.rz=01;31:*.jpg=01;35:*.jpeg=01;35:*.gif=01;35:*.bmp=01;35:*.pbm=01;35:*.pgm=01;35:*.ppm=01;35:*.tga=01;35:*.xbm=01;35:*.xpm=01;35:*.tif=01;35:*.tiff=01;35:*.png=01;35:*.svg=01;35:*.svgz=01;35:*.mng=01;35:*.pcx=01;35:*.mov=01;35:*.mpg=01;35:*.mpeg=01;35:*.m2v=01;35:*.mkv=01;35:*.webm=01;35:*.ogm=01;35:*.mp4=01;35:*.m4v=01;35:*.mp4v=01;35:*.vob=01;35:*.qt=01;35:*.nuv=01;35:*.wmv=01;35:*.asf=01;35:*.rm=01;35:*.rmvb=01;35:*.flc=01;35:*.avi=01;35:*.fli=01;35:*.flv=01;35:*.gl=01;35:*.dl=01;35:*.xcf=01;35:*.xwd=01;35:*.yuv=01;35:*.cgm=01;35:*.emf=01;35:*.axv=01;35:*.anx=01;35:*.ogv=01;35:*.ogx=01;35:*.aac=00;36:*.au=00;36:*.flac=00;36:*.mid=00;36:*.midi=00;36:*.mka=00;36:*.mp3=00;36:*.mpc=00;36:*.ogg=00;36:*.ra=00;36:*.wav=00;36:*.axa=00;36:*.oga=00;36:*.spx=00;36:*.xspf=00;36:', 'LESSCLOSE': '/usr/bin/lesspipe %s %s', 'SSH_TTY': '/dev/pts/28', 'PWD': '/home/fetch', 'ROS_ETC_DIR': '/opt/ros/indigo/etc/ros', 'MAIL': '/var/mail/fetch', 'SSH_CONNECTION': '192.168.0.15 51307 192.168.0.31 22'}]
[roslaunch][INFO] 2020-10-23 00:06:20,392: process[amcl-3]: args[[u'/opt/ros/indigo/lib/amcl/amcl', u'scan:=base_scan', u'map:=map', u'__name:=amcl']]
[roslaunch][INFO] 2020-10-23 00:06:20,392: ... created process [amcl-3]
[roslaunch.pmon][INFO] 2020-10-23 00:06:20,392: ProcessMonitor.register[amcl-3]
[roslaunch.pmon][INFO] 2020-10-23 00:06:20,392: ProcessMonitor.register[amcl-3] complete
[roslaunch][INFO] 2020-10-23 00:06:20,392: ... registered process [amcl-3]
[roslaunch][INFO] 2020-10-23 00:06:20,392: process[amcl-3]: starting os process
[roslaunch][INFO] 2020-10-23 00:06:20,393: process[amcl-3]: start w/ args [[u'/opt/ros/indigo/lib/amcl/amcl', u'scan:=base_scan', u'map:=map', u'__name:=amcl', u'__log:=/home/fetch/.ros/log/a20b44da-14eb-11eb-83ed-000babe55698/amcl-3.log']]
[roslaunch][INFO] 2020-10-23 00:06:20,393: process[amcl-3]: cwd will be [/home/fetch/.ros]
[roslaunch][INFO] 2020-10-23 00:06:20,394: process[amcl-3]: started with pid [12619]
[roslaunch][INFO] 2020-10-23 00:06:20,395: ... successfully launched [amcl-3]
[roslaunch][INFO] 2020-10-23 00:06:20,395: ... preparing to launch node of type [move_base/move_base]
[roslaunch][INFO] 2020-10-23 00:06:20,395: create_node_process: package[move_base] type[move_base] machine[Machine(name[] env_loader[None] address[localhost] ssh_port[22] user[None] assignable[True] timeout[10.0])] master_uri[http://localhost:11311]
[roslaunch][INFO] 2020-10-23 00:06:20,395: process[move_base-4]: env[{'ROS_DISTRO': 'indigo', 'LESSOPEN': '| /usr/bin/lesspipe %s', 'SSH_CLIENT': '192.168.0.15 51307 22', 'CPATH': '/home/fetch/catkin_ws/devel/include:/opt/ros/indigo/include', 'LOGNAME': 'fetch', 'USER': 'fetch', 'PATH': '/opt/ros/indigo/bin:/usr/local/sbin:/usr/local/bin:/usr/sbin:/usr/bin:/sbin:/bin:/usr/games:/usr/local/games', 'HOME': '/home/fetch', 'CMAKE_PREFIX_PATH': '/home/fetch/catkin_ws/devel:/opt/ros/indigo', 'ROS_LOG_FILENAME': '/home/fetch/.ros/log/a20b44da-14eb-11eb-83ed-000babe55698/roslaunch-freight1207-12599.log', 'LANG': 'en_US.UTF-8', 'TERM': 'xterm-256color', 'SHELL': '/bin/bash', 'SHLVL': '1', 'QT_QPA_PLATFORMTHEME': 'appmenu-qt5', 'DISPLAY': 'localhost:12.0', 'ROS_MASTER_URI': 'http://localhost:11311', 'XDG_RUNTIME_DIR': '/run/user/1000', 'PYTHONPATH': '/home/fetch/catkin_ws/devel/lib/python2.7/dist-packages:/opt/ros/indigo/lib/python2.7/dist-packages', 'ROS_ROOT': '/opt/ros/indigo/share/ros', 'PKG_CONFIG_PATH': '/home/fetch/catkin_ws/devel/lib/pkgconfig:/opt/ros/indigo/lib/pkgconfig', 'ROS_PACKAGE_PATH': '/home/fetch/catkin_ws/src:/opt/ros/indigo/share:/opt/ros/indigo/stacks', 'XDG_SESSION_ID': '11', '_': '/opt/ros/indigo/bin/roslaunch', 'LD_LIBRARY_PATH': '/home/fetch/catkin_ws/devel/lib:/opt/ros/indigo/lib', 'LS_COLORS': 'rs=0:di=01;34:ln=01;36:mh=00:pi=40;33:so=01;35:do=01;35:bd=40;33;01:cd=40;33;01:or=40;31;01:su=37;41:sg=30;43:ca=30;41:tw=30;42:ow=34;42:st=37;44:ex=01;32:*.tar=01;31:*.tgz=01;31:*.arj=01;31:*.taz=01;31:*.lzh=01;31:*.lzma=01;31:*.tlz=01;31:*.txz=01;31:*.zip=01;31:*.z=01;31:*.Z=01;31:*.dz=01;31:*.gz=01;31:*.lz=01;31:*.xz=01;31:*.bz2=01;31:*.bz=01;31:*.tbz=01;31:*.tbz2=01;31:*.tz=01;31:*.deb=01;31:*.rpm=01;31:*.jar=01;31:*.war=01;31:*.ear=01;31:*.sar=01;31:*.rar=01;31:*.ace=01;31:*.zoo=01;31:*.cpio=01;31:*.7z=01;31:*.rz=01;31:*.jpg=01;35:*.jpeg=01;35:*.gif=01;35:*.bmp=01;35:*.pbm=01;35:*.pgm=01;35:*.ppm=01;35:*.tga=01;35:*.xbm=01;35:*.xpm=01;35:*.tif=01;35:*.tiff=01;35:*.png=01;35:*.svg=01;35:*.svgz=01;35:*.mng=01;35:*.pcx=01;35:*.mov=01;35:*.mpg=01;35:*.mpeg=01;35:*.m2v=01;35:*.mkv=01;35:*.webm=01;35:*.ogm=01;35:*.mp4=01;35:*.m4v=01;35:*.mp4v=01;35:*.vob=01;35:*.qt=01;35:*.nuv=01;35:*.wmv=01;35:*.asf=01;35:*.rm=01;35:*.rmvb=01;35:*.flc=01;35:*.avi=01;35:*.fli=01;35:*.flv=01;35:*.gl=01;35:*.dl=01;35:*.xcf=01;35:*.xwd=01;35:*.yuv=01;35:*.cgm=01;35:*.emf=01;35:*.axv=01;35:*.anx=01;35:*.ogv=01;35:*.ogx=01;35:*.aac=00;36:*.au=00;36:*.flac=00;36:*.mid=00;36:*.midi=00;36:*.mka=00;36:*.mp3=00;36:*.mpc=00;36:*.ogg=00;36:*.ra=00;36:*.wav=00;36:*.axa=00;36:*.oga=00;36:*.spx=00;36:*.xspf=00;36:', 'LESSCLOSE': '/usr/bin/lesspipe %s %s', 'SSH_TTY': '/dev/pts/28', 'PWD': '/home/fetch', 'ROS_ETC_DIR': '/opt/ros/indigo/etc/ros', 'MAIL': '/var/mail/fetch', 'SSH_CONNECTION': '192.168.0.15 51307 192.168.0.31 22'}]
[roslaunch][INFO] 2020-10-23 00:06:20,396: process[move_base-4]: args[[u'/opt/ros/indigo/lib/move_base/move_base', u'cmd_vel:=cmd_vel', u'odom:=odom', u'map:=map', u'__name:=move_base']]
[roslaunch][INFO] 2020-10-23 00:06:20,396: ... created process [move_base-4]
[roslaunch.pmon][INFO] 2020-10-23 00:06:20,396: ProcessMonitor.register[move_base-4]
[roslaunch.pmon][INFO] 2020-10-23 00:06:20,396: ProcessMonitor.register[move_base-4] complete
[roslaunch][INFO] 2020-10-23 00:06:20,396: ... registered process [move_base-4]
[roslaunch][INFO] 2020-10-23 00:06:20,396: process[move_base-4]: starting os process
[roslaunch][INFO] 2020-10-23 00:06:20,396: process[move_base-4]: start w/ args [[u'/opt/ros/indigo/lib/move_base/move_base', u'cmd_vel:=cmd_vel', u'odom:=odom', u'map:=map', u'__name:=move_base', u'__log:=/home/fetch/.ros/log/a20b44da-14eb-11eb-83ed-000babe55698/move_base-4.log']]
[roslaunch][INFO] 2020-10-23 00:06:20,396: process[move_base-4]: cwd will be [/home/fetch/.ros]
[roslaunch][INFO] 2020-10-23 00:06:20,402: process[move_base-4]: started with pid [12626]
[roslaunch][INFO] 2020-10-23 00:06:20,403: ... successfully launched [move_base-4]
[roslaunch][INFO] 2020-10-23 00:06:20,403: ... launch_nodes complete
[roslaunch.pmon][INFO] 2020-10-23 00:06:20,403: registrations completed <ProcessMonitor(ProcessMonitor-1, started daemon 139816286156544)>
[roslaunch.parent][INFO] 2020-10-23 00:06:20,403: ... roslaunch parent running, waiting for process exit
[roslaunch][INFO] 2020-10-23 00:06:20,403: spin
[roslaunch][INFO] 2020-10-23 00:06:21,528: [move_base-4] process has finished cleanly
log file: /home/fetch/.ros/log/a20b44da-14eb-11eb-83ed-000babe55698/move_base-4*.log
[roslaunch][INFO] 2020-10-23 00:06:21,528: [move_base-4] restarting process
[roslaunch][INFO] 2020-10-23 00:06:21,529: process[move_base-4]: restarting os process
[roslaunch][INFO] 2020-10-23 00:06:21,529: process[move_base-4]: start w/ args [[u'/opt/ros/indigo/lib/move_base/move_base', u'cmd_vel:=cmd_vel', u'odom:=odom', u'map:=map', u'__name:=move_base', u'__log:=/home/fetch/.ros/log/a20b44da-14eb-11eb-83ed-000babe55698/move_base-4.log']]
[roslaunch][INFO] 2020-10-23 00:06:21,529: process[move_base-4]: cwd will be [/home/fetch/.ros]
[roslaunch][INFO] 2020-10-23 00:06:21,531: process[move_base-4]: started with pid [13672]
[roslaunch][INFO] 2020-10-23 00:06:22,532: [move_base-4] process has finished cleanly
log file: /home/fetch/.ros/log/a20b44da-14eb-11eb-83ed-000babe55698/move_base-4*.log
[roslaunch][INFO] 2020-10-23 00:06:22,533: [move_base-4] restarting process
[roslaunch][INFO] 2020-10-23 00:06:22,533: process[move_base-4]: restarting os process
[roslaunch][INFO] 2020-10-23 00:06:22,533: process[move_base-4]: start w/ args [[u'/opt/ros/indigo/lib/move_base/move_base', u'cmd_vel:=cmd_vel', u'odom:=odom', u'map:=map', u'__name:=move_base', u'__log:=/home/fetch/.ros/log/a20b44da-14eb-11eb-83ed-000babe55698/move_base-4.log']]
[roslaunch][INFO] 2020-10-23 00:06:22,533: process[move_base-4]: cwd will be [/home/fetch/.ros]
[roslaunch][INFO] 2020-10-23 00:06:22,535: process[move_base-4]: started with pid [14810]
[roslaunch][INFO] 2020-10-23 00:06:23,536: [move_base-4] process has finished cleanly
log file: /home/fetch/.ros/log/a20b44da-14eb-11eb-83ed-000babe55698/move_base-4*.log
[roslaunch][INFO] 2020-10-23 00:06:23,537: [move_base-4] restarting process
[roslaunch][INFO] 2020-10-23 00:06:23,537: process[move_base-4]: restarting os process
[roslaunch][INFO] 2020-10-23 00:06:23,537: process[move_base-4]: start w/ args [[u'/opt/ros/indigo/lib/move_base/move_base', u'cmd_vel:=cmd_vel', u'odom:=odom', u'map:=map', u'__name:=move_base', u'__log:=/home/fetch/.ros/log/a20b44da-14eb-11eb-83ed-000babe55698/move_base-4.log']]
[roslaunch][INFO] 2020-10-23 00:06:23,537: process[move_base-4]: cwd will be [/home/fetch/.ros]
[roslaunch][INFO] 2020-10-23 00:06:23,539: process[move_base-4]: started with pid [15927]
[roslaunch][INFO] 2020-10-23 00:06:24,541: [move_base-4] process has finished cleanly
log file: /home/fetch/.ros/log/a20b44da-14eb-11eb-83ed-000babe55698/move_base-4*.log
[roslaunch][INFO] 2020-10-23 00:06:24,541: [move_base-4] restarting process
[roslaunch][INFO] 2020-10-23 00:06:24,541: process[move_base-4]: restarting os process
[roslaunch][INFO] 2020-10-23 00:06:24,541: process[move_base-4]: start w/ args [[u'/opt/ros/indigo/lib/move_base/move_base', u'cmd_vel:=cmd_vel', u'odom:=odom', u'map:=map', u'__name:=move_base', u'__log:=/home/fetch/.ros/log/a20b44da-14eb-11eb-83ed-000babe55698/move_base-4.log']]
[roslaunch][INFO] 2020-10-23 00:06:24,541: process[move_base-4]: cwd will be [/home/fetch/.ros]
[roslaunch][INFO] 2020-10-23 00:06:24,543: process[move_base-4]: started with pid [17038]
[roslaunch][INFO] 2020-10-23 00:06:25,544: [move_base-4] process has finished cleanly
log file: /home/fetch/.ros/log/a20b44da-14eb-11eb-83ed-000babe55698/move_base-4*.log
[roslaunch][INFO] 2020-10-23 00:06:25,544: [move_base-4] restarting process
[roslaunch][INFO] 2020-10-23 00:06:25,545: process[move_base-4]: restarting os process
[roslaunch][INFO] 2020-10-23 00:06:25,545: process[move_base-4]: start w/ args [[u'/opt/ros/indigo/lib/move_base/move_base', u'cmd_vel:=cmd_vel', u'odom:=odom', u'map:=map', u'__name:=move_base', u'__log:=/home/fetch/.ros/log/a20b44da-14eb-11eb-83ed-000babe55698/move_base-4.log']]
[roslaunch][INFO] 2020-10-23 00:06:25,545: process[move_base-4]: cwd will be [/home/fetch/.ros]
[roslaunch][INFO] 2020-10-23 00:06:25,546: process[move_base-4]: started with pid [18154]
[roslaunch][INFO] 2020-10-23 00:06:26,548: [move_base-4] process has finished cleanly
log file: /home/fetch/.ros/log/a20b44da-14eb-11eb-83ed-000babe55698/move_base-4*.log
[roslaunch][INFO] 2020-10-23 00:06:26,548: [move_base-4] restarting process
[roslaunch][INFO] 2020-10-23 00:06:26,548: process[move_base-4]: restarting os process
[roslaunch][INFO] 2020-10-23 00:06:26,548: process[move_base-4]: start w/ args [[u'/opt/ros/indigo/lib/move_base/move_base', u'cmd_vel:=cmd_vel', u'odom:=odom', u'map:=map', u'__name:=move_base', u'__log:=/home/fetch/.ros/log/a20b44da-14eb-11eb-83ed-000babe55698/move_base-4.log']]
[roslaunch][INFO] 2020-10-23 00:06:26,549: process[move_base-4]: cwd will be [/home/fetch/.ros]
[roslaunch][INFO] 2020-10-23 00:06:26,550: process[move_base-4]: started with pid [19264]
[roslaunch][INFO] 2020-10-23 00:06:27,552: [move_base-4] process has finished cleanly
log file: /home/fetch/.ros/log/a20b44da-14eb-11eb-83ed-000babe55698/move_base-4*.log
[roslaunch][INFO] 2020-10-23 00:06:27,552: [move_base-4] restarting process
[roslaunch][INFO] 2020-10-23 00:06:27,552: process[move_base-4]: restarting os process
[roslaunch][INFO] 2020-10-23 00:06:27,552: process[move_base-4]: start w/ args [[u'/opt/ros/indigo/lib/move_base/move_base', u'cmd_vel:=cmd_vel', u'odom:=odom', u'map:=map', u'__name:=move_base', u'__log:=/home/fetch/.ros/log/a20b44da-14eb-11eb-83ed-000babe55698/move_base-4.log']]
[roslaunch][INFO] 2020-10-23 00:06:27,552: process[move_base-4]: cwd will be [/home/fetch/.ros]
[roslaunch][INFO] 2020-10-23 00:06:27,554: process[move_base-4]: started with pid [20380]
[roslaunch][INFO] 2020-10-23 00:06:28,556: [move_base-4] process has finished cleanly
log file: /home/fetch/.ros/log/a20b44da-14eb-11eb-83ed-000babe55698/move_base-4*.log
[roslaunch][INFO] 2020-10-23 00:06:28,556: [move_base-4] restarting process
[roslaunch][INFO] 2020-10-23 00:06:28,556: process[move_base-4]: restarting os process
[roslaunch][INFO] 2020-10-23 00:06:28,556: process[move_base-4]: start w/ args [[u'/opt/ros/indigo/lib/move_base/move_base', u'cmd_vel:=cmd_vel', u'odom:=odom', u'map:=map', u'__name:=move_base', u'__log:=/home/fetch/.ros/log/a20b44da-14eb-11eb-83ed-000babe55698/move_base-4.log']]
[roslaunch][INFO] 2020-10-23 00:06:28,556: process[move_base-4]: cwd will be [/home/fetch/.ros]
[roslaunch][INFO] 2020-10-23 00:06:28,558: process[move_base-4]: started with pid [21491]
[roslaunch][INFO] 2020-10-23 00:06:29,559: [move_base-4] process has finished cleanly
log file: /home/fetch/.ros/log/a20b44da-14eb-11eb-83ed-000babe55698/move_base-4*.log
[roslaunch][INFO] 2020-10-23 00:06:29,560: [move_base-4] restarting process
[roslaunch][INFO] 2020-10-23 00:06:29,560: process[move_base-4]: restarting os process
[roslaunch][INFO] 2020-10-23 00:06:29,560: process[move_base-4]: start w/ args [[u'/opt/ros/indigo/lib/move_base/move_base', u'cmd_vel:=cmd_vel', u'odom:=odom', u'map:=map', u'__name:=move_base', u'__log:=/home/fetch/.ros/log/a20b44da-14eb-11eb-83ed-000babe55698/move_base-4.log']]
[roslaunch][INFO] 2020-10-23 00:06:29,560: process[move_base-4]: cwd will be [/home/fetch/.ros]
[roslaunch][INFO] 2020-10-23 00:06:29,562: process[move_base-4]: started with pid [22609]
[roslaunch][INFO] 2020-10-23 00:06:30,563: [move_base-4] process has finished cleanly
log file: /home/fetch/.ros/log/a20b44da-14eb-11eb-83ed-000babe55698/move_base-4*.log
[roslaunch][INFO] 2020-10-23 00:06:30,563: [move_base-4] restarting process
[roslaunch][INFO] 2020-10-23 00:06:30,564: process[move_base-4]: restarting os process
[roslaunch][INFO] 2020-10-23 00:06:30,564: process[move_base-4]: start w/ args [[u'/opt/ros/indigo/lib/move_base/move_base', u'cmd_vel:=cmd_vel', u'odom:=odom', u'map:=map', u'__name:=move_base', u'__log:=/home/fetch/.ros/log/a20b44da-14eb-11eb-83ed-000babe55698/move_base-4.log']]
[roslaunch][INFO] 2020-10-23 00:06:30,564: process[move_base-4]: cwd will be [/home/fetch/.ros]
[roslaunch][INFO] 2020-10-23 00:06:30,565: process[move_base-4]: started with pid [23720]
[roslaunch][INFO] 2020-10-23 00:06:31,567: [move_base-4] process has finished cleanly
log file: /home/fetch/.ros/log/a20b44da-14eb-11eb-83ed-000babe55698/move_base-4*.log
[roslaunch][INFO] 2020-10-23 00:06:31,567: [move_base-4] restarting process
[roslaunch][INFO] 2020-10-23 00:06:31,567: process[move_base-4]: restarting os process
[roslaunch][INFO] 2020-10-23 00:06:31,568: process[move_base-4]: start w/ args [[u'/opt/ros/indigo/lib/move_base/move_base', u'cmd_vel:=cmd_vel', u'odom:=odom', u'map:=map', u'__name:=move_base', u'__log:=/home/fetch/.ros/log/a20b44da-14eb-11eb-83ed-000babe55698/move_base-4.log']]
[roslaunch][INFO] 2020-10-23 00:06:31,568: process[move_base-4]: cwd will be [/home/fetch/.ros]
[roslaunch][INFO] 2020-10-23 00:06:31,569: process[move_base-4]: started with pid [24836]
[roslaunch][INFO] 2020-10-23 00:06:32,571: [move_base-4] process has finished cleanly
log file: /home/fetch/.ros/log/a20b44da-14eb-11eb-83ed-000babe55698/move_base-4*.log
[roslaunch][INFO] 2020-10-23 00:06:32,571: [move_base-4] restarting process
[roslaunch][INFO] 2020-10-23 00:06:32,571: process[move_base-4]: restarting os process
[roslaunch][INFO] 2020-10-23 00:06:32,571: process[move_base-4]: start w/ args [[u'/opt/ros/indigo/lib/move_base/move_base', u'cmd_vel:=cmd_vel', u'odom:=odom', u'map:=map', u'__name:=move_base', u'__log:=/home/fetch/.ros/log/a20b44da-14eb-11eb-83ed-000babe55698/move_base-4.log']]
[roslaunch][INFO] 2020-10-23 00:06:32,571: process[move_base-4]: cwd will be [/home/fetch/.ros]
[roslaunch][INFO] 2020-10-23 00:06:32,573: process[move_base-4]: started with pid [25946]
[roslaunch][INFO] 2020-10-23 00:06:33,575: [move_base-4] process has finished cleanly
log file: /home/fetch/.ros/log/a20b44da-14eb-11eb-83ed-000babe55698/move_base-4*.log
[roslaunch][INFO] 2020-10-23 00:06:33,575: [move_base-4] restarting process
[roslaunch][INFO] 2020-10-23 00:06:33,575: process[move_base-4]: restarting os process
[roslaunch][INFO] 2020-10-23 00:06:33,575: process[move_base-4]: start w/ args [[u'/opt/ros/indigo/lib/move_base/move_base', u'cmd_vel:=cmd_vel', u'odom:=odom', u'map:=map', u'__name:=move_base', u'__log:=/home/fetch/.ros/log/a20b44da-14eb-11eb-83ed-000babe55698/move_base-4.log']]
[roslaunch][INFO] 2020-10-23 00:06:33,575: process[move_base-4]: cwd will be [/home/fetch/.ros]
[roslaunch][INFO] 2020-10-23 00:06:33,577: process[move_base-4]: started with pid [27069]
[roslaunch][INFO] 2020-10-23 00:06:34,579: [move_base-4] process has finished cleanly
log file: /home/fetch/.ros/log/a20b44da-14eb-11eb-83ed-000babe55698/move_base-4*.log
[roslaunch][INFO] 2020-10-23 00:06:34,579: [move_base-4] restarting process
[roslaunch][INFO] 2020-10-23 00:06:34,579: process[move_base-4]: restarting os process
[roslaunch][INFO] 2020-10-23 00:06:34,579: process[move_base-4]: start w/ args [[u'/opt/ros/indigo/lib/move_base/move_base', u'cmd_vel:=cmd_vel', u'odom:=odom', u'map:=map', u'__name:=move_base', u'__log:=/home/fetch/.ros/log/a20b44da-14eb-11eb-83ed-000babe55698/move_base-4.log']]
[roslaunch][INFO] 2020-10-23 00:06:34,579: process[move_base-4]: cwd will be [/home/fetch/.ros]
[roslaunch][INFO] 2020-10-23 00:06:34,581: process[move_base-4]: started with pid [28193]
[roslaunch][INFO] 2020-10-23 00:06:35,583: [move_base-4] process has finished cleanly
log file: /home/fetch/.ros/log/a20b44da-14eb-11eb-83ed-000babe55698/move_base-4*.log
[roslaunch][INFO] 2020-10-23 00:06:35,583: [move_base-4] restarting process
[roslaunch][INFO] 2020-10-23 00:06:35,583: process[move_base-4]: restarting os process
[roslaunch][INFO] 2020-10-23 00:06:35,583: process[move_base-4]: start w/ args [[u'/opt/ros/indigo/lib/move_base/move_base', u'cmd_vel:=cmd_vel', u'odom:=odom', u'map:=map', u'__name:=move_base', u'__log:=/home/fetch/.ros/log/a20b44da-14eb-11eb-83ed-000babe55698/move_base-4.log']]
[roslaunch][INFO] 2020-10-23 00:06:35,583: process[move_base-4]: cwd will be [/home/fetch/.ros]
[roslaunch][INFO] 2020-10-23 00:06:35,585: process[move_base-4]: started with pid [29310]
[roslaunch][INFO] 2020-10-23 00:06:36,587: [move_base-4] process has finished cleanly
log file: /home/fetch/.ros/log/a20b44da-14eb-11eb-83ed-000babe55698/move_base-4*.log
[roslaunch][INFO] 2020-10-23 00:06:36,587: [move_base-4] restarting process
[roslaunch][INFO] 2020-10-23 00:06:36,587: process[move_base-4]: restarting os process
[roslaunch][INFO] 2020-10-23 00:06:36,587: process[move_base-4]: start w/ args [[u'/opt/ros/indigo/lib/move_base/move_base', u'cmd_vel:=cmd_vel', u'odom:=odom', u'map:=map', u'__name:=move_base', u'__log:=/home/fetch/.ros/log/a20b44da-14eb-11eb-83ed-000babe55698/move_base-4.log']]
[roslaunch][INFO] 2020-10-23 00:06:36,587: process[move_base-4]: cwd will be [/home/fetch/.ros]
[roslaunch][INFO] 2020-10-23 00:06:36,589: process[move_base-4]: started with pid [30422]
[roslaunch][INFO] 2020-10-23 00:06:37,591: [move_base-4] process has finished cleanly
log file: /home/fetch/.ros/log/a20b44da-14eb-11eb-83ed-000babe55698/move_base-4*.log
[roslaunch][INFO] 2020-10-23 00:06:37,591: [move_base-4] restarting process
[roslaunch][INFO] 2020-10-23 00:06:37,591: process[move_base-4]: restarting os process
[roslaunch][INFO] 2020-10-23 00:06:37,591: process[move_base-4]: start w/ args [[u'/opt/ros/indigo/lib/move_base/move_base', u'cmd_vel:=cmd_vel', u'odom:=odom', u'map:=map', u'__name:=move_base', u'__log:=/home/fetch/.ros/log/a20b44da-14eb-11eb-83ed-000babe55698/move_base-4.log']]
[roslaunch][INFO] 2020-10-23 00:06:37,591: process[move_base-4]: cwd will be [/home/fetch/.ros]
[roslaunch][INFO] 2020-10-23 00:06:37,593: process[move_base-4]: started with pid [31532]
[roslaunch][INFO] 2020-10-23 00:06:38,594: [move_base-4] process has finished cleanly
log file: /home/fetch/.ros/log/a20b44da-14eb-11eb-83ed-000babe55698/move_base-4*.log
[roslaunch][INFO] 2020-10-23 00:06:38,595: [move_base-4] restarting process
[roslaunch][INFO] 2020-10-23 00:06:38,595: process[move_base-4]: restarting os process
[roslaunch][INFO] 2020-10-23 00:06:38,595: process[move_base-4]: start w/ args [[u'/opt/ros/indigo/lib/move_base/move_base', u'cmd_vel:=cmd_vel', u'odom:=odom', u'map:=map', u'__name:=move_base', u'__log:=/home/fetch/.ros/log/a20b44da-14eb-11eb-83ed-000babe55698/move_base-4.log']]
[roslaunch][INFO] 2020-10-23 00:06:38,595: process[move_base-4]: cwd will be [/home/fetch/.ros]
[roslaunch][INFO] 2020-10-23 00:06:38,596: process[move_base-4]: started with pid [32648]
[roslaunch][INFO] 2020-10-23 00:06:39,598: [move_base-4] process has finished cleanly
log file: /home/fetch/.ros/log/a20b44da-14eb-11eb-83ed-000babe55698/move_base-4*.log
[roslaunch][INFO] 2020-10-23 00:06:39,598: [move_base-4] restarting process
[roslaunch][INFO] 2020-10-23 00:06:39,599: process[move_base-4]: restarting os process
[roslaunch][INFO] 2020-10-23 00:06:39,599: process[move_base-4]: start w/ args [[u'/opt/ros/indigo/lib/move_base/move_base', u'cmd_vel:=cmd_vel', u'odom:=odom', u'map:=map', u'__name:=move_base', u'__log:=/home/fetch/.ros/log/a20b44da-14eb-11eb-83ed-000babe55698/move_base-4.log']]
[roslaunch][INFO] 2020-10-23 00:06:39,599: process[move_base-4]: cwd will be [/home/fetch/.ros]
[roslaunch][INFO] 2020-10-23 00:06:39,600: process[move_base-4]: started with pid [1371]
[roslaunch][INFO] 2020-10-23 00:06:40,602: [move_base-4] process has finished cleanly
log file: /home/fetch/.ros/log/a20b44da-14eb-11eb-83ed-000babe55698/move_base-4*.log
[roslaunch][INFO] 2020-10-23 00:06:40,602: [move_base-4] restarting process
[roslaunch][INFO] 2020-10-23 00:06:40,602: process[move_base-4]: restarting os process
[roslaunch][INFO] 2020-10-23 00:06:40,603: process[move_base-4]: start w/ args [[u'/opt/ros/indigo/lib/move_base/move_base', u'cmd_vel:=cmd_vel', u'odom:=odom', u'map:=map', u'__name:=move_base', u'__log:=/home/fetch/.ros/log/a20b44da-14eb-11eb-83ed-000babe55698/move_base-4.log']]
[roslaunch][INFO] 2020-10-23 00:06:40,603: process[move_base-4]: cwd will be [/home/fetch/.ros]
[roslaunch][INFO] 2020-10-23 00:06:40,604: process[move_base-4]: started with pid [2740]
[roslaunch][INFO] 2020-10-23 00:06:41,606: [move_base-4] process has finished cleanly
log file: /home/fetch/.ros/log/a20b44da-14eb-11eb-83ed-000babe55698/move_base-4*.log
[roslaunch][INFO] 2020-10-23 00:06:41,606: [move_base-4] restarting process
[roslaunch][INFO] 2020-10-23 00:06:41,606: process[move_base-4]: restarting os process
[roslaunch][INFO] 2020-10-23 00:06:41,606: process[move_base-4]: start w/ args [[u'/opt/ros/indigo/lib/move_base/move_base', u'cmd_vel:=cmd_vel', u'odom:=odom', u'map:=map', u'__name:=move_base', u'__log:=/home/fetch/.ros/log/a20b44da-14eb-11eb-83ed-000babe55698/move_base-4.log']]
[roslaunch][INFO] 2020-10-23 00:06:41,607: process[move_base-4]: cwd will be [/home/fetch/.ros]
[roslaunch][INFO] 2020-10-23 00:06:41,608: process[move_base-4]: started with pid [3876]
[roslaunch][INFO] 2020-10-23 00:06:42,710: [move_base-4] process has finished cleanly
log file: /home/fetch/.ros/log/a20b44da-14eb-11eb-83ed-000babe55698/move_base-4*.log
[roslaunch][INFO] 2020-10-23 00:06:42,710: [move_base-4] restarting process
[roslaunch][INFO] 2020-10-23 00:06:42,710: process[move_base-4]: restarting os process
[roslaunch][INFO] 2020-10-23 00:06:42,711: process[move_base-4]: start w/ args [[u'/opt/ros/indigo/lib/move_base/move_base', u'cmd_vel:=cmd_vel', u'odom:=odom', u'map:=map', u'__name:=move_base', u'__log:=/home/fetch/.ros/log/a20b44da-14eb-11eb-83ed-000babe55698/move_base-4.log']]
[roslaunch][INFO] 2020-10-23 00:06:42,711: process[move_base-4]: cwd will be [/home/fetch/.ros]
[roslaunch][INFO] 2020-10-23 00:06:42,712: process[move_base-4]: started with pid [4992]
[roslaunch][INFO] 2020-10-23 00:06:43,814: [move_base-4] process has finished cleanly
log file: /home/fetch/.ros/log/a20b44da-14eb-11eb-83ed-000babe55698/move_base-4*.log
[roslaunch][INFO] 2020-10-23 00:06:43,815: [move_base-4] restarting process
[roslaunch][INFO] 2020-10-23 00:06:43,815: process[move_base-4]: restarting os process
[roslaunch][INFO] 2020-10-23 00:06:43,815: process[move_base-4]: start w/ args [[u'/opt/ros/indigo/lib/move_base/move_base', u'cmd_vel:=cmd_vel', u'odom:=odom', u'map:=map', u'__name:=move_base', u'__log:=/home/fetch/.ros/log/a20b44da-14eb-11eb-83ed-000babe55698/move_base-4.log']]
[roslaunch][INFO] 2020-10-23 00:06:43,815: process[move_base-4]: cwd will be [/home/fetch/.ros]
[roslaunch][INFO] 2020-10-23 00:06:43,817: process[move_base-4]: started with pid [6112]
[roslaunch][INFO] 2020-10-23 00:06:44,919: [move_base-4] process has finished cleanly
log file: /home/fetch/.ros/log/a20b44da-14eb-11eb-83ed-000babe55698/move_base-4*.log
[roslaunch][INFO] 2020-10-23 00:06:44,919: [move_base-4] restarting process
[roslaunch][INFO] 2020-10-23 00:06:44,919: process[move_base-4]: restarting os process
[roslaunch][INFO] 2020-10-23 00:06:44,919: process[move_base-4]: start w/ args [[u'/opt/ros/indigo/lib/move_base/move_base', u'cmd_vel:=cmd_vel', u'odom:=odom', u'map:=map', u'__name:=move_base', u'__log:=/home/fetch/.ros/log/a20b44da-14eb-11eb-83ed-000babe55698/move_base-4.log']]
[roslaunch][INFO] 2020-10-23 00:06:44,919: process[move_base-4]: cwd will be [/home/fetch/.ros]
[roslaunch][INFO] 2020-10-23 00:06:44,921: process[move_base-4]: started with pid [7223]
[roslaunch][INFO] 2020-10-23 00:06:46,023: [move_base-4] process has finished cleanly
log file: /home/fetch/.ros/log/a20b44da-14eb-11eb-83ed-000babe55698/move_base-4*.log
[roslaunch][INFO] 2020-10-23 00:06:46,023: [move_base-4] restarting process
[roslaunch][INFO] 2020-10-23 00:06:46,023: process[move_base-4]: restarting os process
[roslaunch][INFO] 2020-10-23 00:06:46,023: process[move_base-4]: start w/ args [[u'/opt/ros/indigo/lib/move_base/move_base', u'cmd_vel:=cmd_vel', u'odom:=odom', u'map:=map', u'__name:=move_base', u'__log:=/home/fetch/.ros/log/a20b44da-14eb-11eb-83ed-000babe55698/move_base-4.log']]
[roslaunch][INFO] 2020-10-23 00:06:46,023: process[move_base-4]: cwd will be [/home/fetch/.ros]
[roslaunch][INFO] 2020-10-23 00:06:46,025: process[move_base-4]: started with pid [8339]
[roslaunch][INFO] 2020-10-23 00:06:47,127: [move_base-4] process has finished cleanly
log file: /home/fetch/.ros/log/a20b44da-14eb-11eb-83ed-000babe55698/move_base-4*.log
[roslaunch][INFO] 2020-10-23 00:06:47,127: [move_base-4] restarting process
[roslaunch][INFO] 2020-10-23 00:06:47,127: process[move_base-4]: restarting os process
[roslaunch][INFO] 2020-10-23 00:06:47,127: process[move_base-4]: start w/ args [[u'/opt/ros/indigo/lib/move_base/move_base', u'cmd_vel:=cmd_vel', u'odom:=odom', u'map:=map', u'__name:=move_base', u'__log:=/home/fetch/.ros/log/a20b44da-14eb-11eb-83ed-000babe55698/move_base-4.log']]
[roslaunch][INFO] 2020-10-23 00:06:47,127: process[move_base-4]: cwd will be [/home/fetch/.ros]
[roslaunch][INFO] 2020-10-23 00:06:47,129: process[move_base-4]: started with pid [9449]
[roslaunch][INFO] 2020-10-23 00:06:48,231: [move_base-4] process has finished cleanly
log file: /home/fetch/.ros/log/a20b44da-14eb-11eb-83ed-000babe55698/move_base-4*.log
[roslaunch][INFO] 2020-10-23 00:06:48,231: [move_base-4] restarting process
[roslaunch][INFO] 2020-10-23 00:06:48,231: process[move_base-4]: restarting os process
[roslaunch][INFO] 2020-10-23 00:06:48,231: process[move_base-4]: start w/ args [[u'/opt/ros/indigo/lib/move_base/move_base', u'cmd_vel:=cmd_vel', u'odom:=odom', u'map:=map', u'__name:=move_base', u'__log:=/home/fetch/.ros/log/a20b44da-14eb-11eb-83ed-000babe55698/move_base-4.log']]
[roslaunch][INFO] 2020-10-23 00:06:48,231: process[move_base-4]: cwd will be [/home/fetch/.ros]
[roslaunch][INFO] 2020-10-23 00:06:48,233: process[move_base-4]: started with pid [10566]
[roslaunch][INFO] 2020-10-23 00:06:49,335: [move_base-4] process has finished cleanly
log file: /home/fetch/.ros/log/a20b44da-14eb-11eb-83ed-000babe55698/move_base-4*.log
[roslaunch][INFO] 2020-10-23 00:06:49,335: [move_base-4] restarting process
[roslaunch][INFO] 2020-10-23 00:06:49,335: process[move_base-4]: restarting os process
[roslaunch][INFO] 2020-10-23 00:06:49,335: process[move_base-4]: start w/ args [[u'/opt/ros/indigo/lib/move_base/move_base', u'cmd_vel:=cmd_vel', u'odom:=odom', u'map:=map', u'__name:=move_base', u'__log:=/home/fetch/.ros/log/a20b44da-14eb-11eb-83ed-000babe55698/move_base-4.log']]
[roslaunch][INFO] 2020-10-23 00:06:49,335: process[move_base-4]: cwd will be [/home/fetch/.ros]
[roslaunch][INFO] 2020-10-23 00:06:49,337: process[move_base-4]: started with pid [11677]
[roslaunch][INFO] 2020-10-23 00:06:50,439: [move_base-4] process has finished cleanly
log file: /home/fetch/.ros/log/a20b44da-14eb-11eb-83ed-000babe55698/move_base-4*.log
[roslaunch][INFO] 2020-10-23 00:06:50,439: [move_base-4] restarting process
[roslaunch][INFO] 2020-10-23 00:06:50,439: process[move_base-4]: restarting os process
[roslaunch][INFO] 2020-10-23 00:06:50,439: process[move_base-4]: start w/ args [[u'/opt/ros/indigo/lib/move_base/move_base', u'cmd_vel:=cmd_vel', u'odom:=odom', u'map:=map', u'__name:=move_base', u'__log:=/home/fetch/.ros/log/a20b44da-14eb-11eb-83ed-000babe55698/move_base-4.log']]
[roslaunch][INFO] 2020-10-23 00:06:50,439: process[move_base-4]: cwd will be [/home/fetch/.ros]
[roslaunch][INFO] 2020-10-23 00:06:50,441: process[move_base-4]: started with pid [12832]
[roslaunch][INFO] 2020-10-23 00:06:51,543: [move_base-4] process has finished cleanly
log file: /home/fetch/.ros/log/a20b44da-14eb-11eb-83ed-000babe55698/move_base-4*.log
[roslaunch][INFO] 2020-10-23 00:06:51,543: [move_base-4] restarting process
[roslaunch][INFO] 2020-10-23 00:06:51,543: process[move_base-4]: restarting os process
[roslaunch][INFO] 2020-10-23 00:06:51,543: process[move_base-4]: start w/ args [[u'/opt/ros/indigo/lib/move_base/move_base', u'cmd_vel:=cmd_vel', u'odom:=odom', u'map:=map', u'__name:=move_base', u'__log:=/home/fetch/.ros/log/a20b44da-14eb-11eb-83ed-000babe55698/move_base-4.log']]
[roslaunch][INFO] 2020-10-23 00:06:51,543: process[move_base-4]: cwd will be [/home/fetch/.ros]
[roslaunch][INFO] 2020-10-23 00:06:51,545: process[move_base-4]: started with pid [13958]
[roslaunch][INFO] 2020-10-23 00:06:52,647: [move_base-4] process has finished cleanly
log file: /home/fetch/.ros/log/a20b44da-14eb-11eb-83ed-000babe55698/move_base-4*.log
[roslaunch][INFO] 2020-10-23 00:06:52,647: [move_base-4] restarting process
[roslaunch][INFO] 2020-10-23 00:06:52,647: process[move_base-4]: restarting os process
[roslaunch][INFO] 2020-10-23 00:06:52,647: process[move_base-4]: start w/ args [[u'/opt/ros/indigo/lib/move_base/move_base', u'cmd_vel:=cmd_vel', u'odom:=odom', u'map:=map', u'__name:=move_base', u'__log:=/home/fetch/.ros/log/a20b44da-14eb-11eb-83ed-000babe55698/move_base-4.log']]
[roslaunch][INFO] 2020-10-23 00:06:52,647: process[move_base-4]: cwd will be [/home/fetch/.ros]
[roslaunch][INFO] 2020-10-23 00:06:52,649: process[move_base-4]: started with pid [15076]
[roslaunch][INFO] 2020-10-23 00:06:53,751: [move_base-4] process has finished cleanly
log file: /home/fetch/.ros/log/a20b44da-14eb-11eb-83ed-000babe55698/move_base-4*.log
[roslaunch][INFO] 2020-10-23 00:06:53,751: [move_base-4] restarting process
[roslaunch][INFO] 2020-10-23 00:06:53,751: process[move_base-4]: restarting os process
[roslaunch][INFO] 2020-10-23 00:06:53,751: process[move_base-4]: start w/ args [[u'/opt/ros/indigo/lib/move_base/move_base', u'cmd_vel:=cmd_vel', u'odom:=odom', u'map:=map', u'__name:=move_base', u'__log:=/home/fetch/.ros/log/a20b44da-14eb-11eb-83ed-000babe55698/move_base-4.log']]
[roslaunch][INFO] 2020-10-23 00:06:53,751: process[move_base-4]: cwd will be [/home/fetch/.ros]
[roslaunch][INFO] 2020-10-23 00:06:53,753: process[move_base-4]: started with pid [16186]
[roslaunch][INFO] 2020-10-23 00:06:54,855: [move_base-4] process has finished cleanly
log file: /home/fetch/.ros/log/a20b44da-14eb-11eb-83ed-000babe55698/move_base-4*.log
[roslaunch][INFO] 2020-10-23 00:06:54,855: [move_base-4] restarting process
[roslaunch][INFO] 2020-10-23 00:06:54,855: process[move_base-4]: restarting os process
[roslaunch][INFO] 2020-10-23 00:06:54,855: process[move_base-4]: start w/ args [[u'/opt/ros/indigo/lib/move_base/move_base', u'cmd_vel:=cmd_vel', u'odom:=odom', u'map:=map', u'__name:=move_base', u'__log:=/home/fetch/.ros/log/a20b44da-14eb-11eb-83ed-000babe55698/move_base-4.log']]
[roslaunch][INFO] 2020-10-23 00:06:54,855: process[move_base-4]: cwd will be [/home/fetch/.ros]
[roslaunch][INFO] 2020-10-23 00:06:54,857: process[move_base-4]: started with pid [17303]
[roslaunch][INFO] 2020-10-23 00:06:55,959: [move_base-4] process has finished cleanly
log file: /home/fetch/.ros/log/a20b44da-14eb-11eb-83ed-000babe55698/move_base-4*.log
[roslaunch][INFO] 2020-10-23 00:06:55,959: [move_base-4] restarting process
[roslaunch][INFO] 2020-10-23 00:06:55,959: process[move_base-4]: restarting os process
[roslaunch][INFO] 2020-10-23 00:06:55,959: process[move_base-4]: start w/ args [[u'/opt/ros/indigo/lib/move_base/move_base', u'cmd_vel:=cmd_vel', u'odom:=odom', u'map:=map', u'__name:=move_base', u'__log:=/home/fetch/.ros/log/a20b44da-14eb-11eb-83ed-000babe55698/move_base-4.log']]
[roslaunch][INFO] 2020-10-23 00:06:55,959: process[move_base-4]: cwd will be [/home/fetch/.ros]
[roslaunch][INFO] 2020-10-23 00:06:55,961: process[move_base-4]: started with pid [18419]
[roslaunch][INFO] 2020-10-23 00:06:57,063: [move_base-4] process has finished cleanly
log file: /home/fetch/.ros/log/a20b44da-14eb-11eb-83ed-000babe55698/move_base-4*.log
[roslaunch][INFO] 2020-10-23 00:06:57,063: [move_base-4] restarting process
[roslaunch][INFO] 2020-10-23 00:06:57,063: process[move_base-4]: restarting os process
[roslaunch][INFO] 2020-10-23 00:06:57,063: process[move_base-4]: start w/ args [[u'/opt/ros/indigo/lib/move_base/move_base', u'cmd_vel:=cmd_vel', u'odom:=odom', u'map:=map', u'__name:=move_base', u'__log:=/home/fetch/.ros/log/a20b44da-14eb-11eb-83ed-000babe55698/move_base-4.log']]
[roslaunch][INFO] 2020-10-23 00:06:57,063: process[move_base-4]: cwd will be [/home/fetch/.ros]
[roslaunch][INFO] 2020-10-23 00:06:57,065: process[move_base-4]: started with pid [19529]
[roslaunch][INFO] 2020-10-23 00:06:58,166: [move_base-4] process has finished cleanly
log file: /home/fetch/.ros/log/a20b44da-14eb-11eb-83ed-000babe55698/move_base-4*.log
[roslaunch][INFO] 2020-10-23 00:06:58,167: [move_base-4] restarting process
[roslaunch][INFO] 2020-10-23 00:06:58,167: process[move_base-4]: restarting os process
[roslaunch][INFO] 2020-10-23 00:06:58,167: process[move_base-4]: start w/ args [[u'/opt/ros/indigo/lib/move_base/move_base', u'cmd_vel:=cmd_vel', u'odom:=odom', u'map:=map', u'__name:=move_base', u'__log:=/home/fetch/.ros/log/a20b44da-14eb-11eb-83ed-000babe55698/move_base-4.log']]
[roslaunch][INFO] 2020-10-23 00:06:58,167: process[move_base-4]: cwd will be [/home/fetch/.ros]
[roslaunch][INFO] 2020-10-23 00:06:58,169: process[move_base-4]: started with pid [20645]
[roslaunch][INFO] 2020-10-23 00:06:59,270: [move_base-4] process has finished cleanly
log file: /home/fetch/.ros/log/a20b44da-14eb-11eb-83ed-000babe55698/move_base-4*.log
[roslaunch][INFO] 2020-10-23 00:06:59,271: [move_base-4] restarting process
[roslaunch][INFO] 2020-10-23 00:06:59,271: process[move_base-4]: restarting os process
[roslaunch][INFO] 2020-10-23 00:06:59,271: process[move_base-4]: start w/ args [[u'/opt/ros/indigo/lib/move_base/move_base', u'cmd_vel:=cmd_vel', u'odom:=odom', u'map:=map', u'__name:=move_base', u'__log:=/home/fetch/.ros/log/a20b44da-14eb-11eb-83ed-000babe55698/move_base-4.log']]
[roslaunch][INFO] 2020-10-23 00:06:59,271: process[move_base-4]: cwd will be [/home/fetch/.ros]
[roslaunch][INFO] 2020-10-23 00:06:59,272: process[move_base-4]: started with pid [21756]
[roslaunch][INFO] 2020-10-23 00:07:00,375: [move_base-4] process has finished cleanly
log file: /home/fetch/.ros/log/a20b44da-14eb-11eb-83ed-000babe55698/move_base-4*.log
[roslaunch][INFO] 2020-10-23 00:07:00,375: [move_base-4] restarting process
[roslaunch][INFO] 2020-10-23 00:07:00,375: process[move_base-4]: restarting os process
[roslaunch][INFO] 2020-10-23 00:07:00,375: process[move_base-4]: start w/ args [[u'/opt/ros/indigo/lib/move_base/move_base', u'cmd_vel:=cmd_vel', u'odom:=odom', u'map:=map', u'__name:=move_base', u'__log:=/home/fetch/.ros/log/a20b44da-14eb-11eb-83ed-000babe55698/move_base-4.log']]
[roslaunch][INFO] 2020-10-23 00:07:00,375: process[move_base-4]: cwd will be [/home/fetch/.ros]
[roslaunch][INFO] 2020-10-23 00:07:00,376: process[move_base-4]: started with pid [22874]
[roslaunch][INFO] 2020-10-23 00:07:01,478: [move_base-4] process has finished cleanly
log file: /home/fetch/.ros/log/a20b44da-14eb-11eb-83ed-000babe55698/move_base-4*.log
[roslaunch][INFO] 2020-10-23 00:07:01,479: [move_base-4] restarting process
[roslaunch][INFO] 2020-10-23 00:07:01,479: process[move_base-4]: restarting os process
[roslaunch][INFO] 2020-10-23 00:07:01,479: process[move_base-4]: start w/ args [[u'/opt/ros/indigo/lib/move_base/move_base', u'cmd_vel:=cmd_vel', u'odom:=odom', u'map:=map', u'__name:=move_base', u'__log:=/home/fetch/.ros/log/a20b44da-14eb-11eb-83ed-000babe55698/move_base-4.log']]
[roslaunch][INFO] 2020-10-23 00:07:01,479: process[move_base-4]: cwd will be [/home/fetch/.ros]
[roslaunch][INFO] 2020-10-23 00:07:01,481: process[move_base-4]: started with pid [23985]
[roslaunch][INFO] 2020-10-23 00:07:02,583: [move_base-4] process has finished cleanly
log file: /home/fetch/.ros/log/a20b44da-14eb-11eb-83ed-000babe55698/move_base-4*.log
[roslaunch][INFO] 2020-10-23 00:07:02,583: [move_base-4] restarting process
[roslaunch][INFO] 2020-10-23 00:07:02,583: process[move_base-4]: restarting os process
[roslaunch][INFO] 2020-10-23 00:07:02,583: process[move_base-4]: start w/ args [[u'/opt/ros/indigo/lib/move_base/move_base', u'cmd_vel:=cmd_vel', u'odom:=odom', u'map:=map', u'__name:=move_base', u'__log:=/home/fetch/.ros/log/a20b44da-14eb-11eb-83ed-000babe55698/move_base-4.log']]
[roslaunch][INFO] 2020-10-23 00:07:02,583: process[move_base-4]: cwd will be [/home/fetch/.ros]
[roslaunch][INFO] 2020-10-23 00:07:02,585: process[move_base-4]: started with pid [25101]
[roslaunch][INFO] 2020-10-23 00:07:03,687: [move_base-4] process has finished cleanly
log file: /home/fetch/.ros/log/a20b44da-14eb-11eb-83ed-000babe55698/move_base-4*.log
[roslaunch][INFO] 2020-10-23 00:07:03,687: [move_base-4] restarting process
[roslaunch][INFO] 2020-10-23 00:07:03,687: process[move_base-4]: restarting os process
[roslaunch][INFO] 2020-10-23 00:07:03,687: process[move_base-4]: start w/ args [[u'/opt/ros/indigo/lib/move_base/move_base', u'cmd_vel:=cmd_vel', u'odom:=odom', u'map:=map', u'__name:=move_base', u'__log:=/home/fetch/.ros/log/a20b44da-14eb-11eb-83ed-000babe55698/move_base-4.log']]
[roslaunch][INFO] 2020-10-23 00:07:03,687: process[move_base-4]: cwd will be [/home/fetch/.ros]
[roslaunch][INFO] 2020-10-23 00:07:03,689: process[move_base-4]: started with pid [26214]
[roslaunch][INFO] 2020-10-23 00:07:04,790: [move_base-4] process has finished cleanly
log file: /home/fetch/.ros/log/a20b44da-14eb-11eb-83ed-000babe55698/move_base-4*.log
[roslaunch][INFO] 2020-10-23 00:07:04,791: [move_base-4] restarting process
[roslaunch][INFO] 2020-10-23 00:07:04,791: process[move_base-4]: restarting os process
[roslaunch][INFO] 2020-10-23 00:07:04,791: process[move_base-4]: start w/ args [[u'/opt/ros/indigo/lib/move_base/move_base', u'cmd_vel:=cmd_vel', u'odom:=odom', u'map:=map', u'__name:=move_base', u'__log:=/home/fetch/.ros/log/a20b44da-14eb-11eb-83ed-000babe55698/move_base-4.log']]
[roslaunch][INFO] 2020-10-23 00:07:04,791: process[move_base-4]: cwd will be [/home/fetch/.ros]
[roslaunch][INFO] 2020-10-23 00:07:04,792: process[move_base-4]: started with pid [27338]
[roslaunch][INFO] 2020-10-23 00:07:05,895: [move_base-4] process has finished cleanly
log file: /home/fetch/.ros/log/a20b44da-14eb-11eb-83ed-000babe55698/move_base-4*.log
[roslaunch][INFO] 2020-10-23 00:07:05,895: [move_base-4] restarting process
[roslaunch][INFO] 2020-10-23 00:07:05,895: process[move_base-4]: restarting os process
[roslaunch][INFO] 2020-10-23 00:07:05,895: process[move_base-4]: start w/ args [[u'/opt/ros/indigo/lib/move_base/move_base', u'cmd_vel:=cmd_vel', u'odom:=odom', u'map:=map', u'__name:=move_base', u'__log:=/home/fetch/.ros/log/a20b44da-14eb-11eb-83ed-000babe55698/move_base-4.log']]
[roslaunch][INFO] 2020-10-23 00:07:05,895: process[move_base-4]: cwd will be [/home/fetch/.ros]
[roslaunch][INFO] 2020-10-23 00:07:05,897: process[move_base-4]: started with pid [28461]
[roslaunch][INFO] 2020-10-23 00:07:06,999: [move_base-4] process has finished cleanly
log file: /home/fetch/.ros/log/a20b44da-14eb-11eb-83ed-000babe55698/move_base-4*.log
[roslaunch][INFO] 2020-10-23 00:07:06,999: [move_base-4] restarting process
[roslaunch][INFO] 2020-10-23 00:07:06,999: process[move_base-4]: restarting os process
[roslaunch][INFO] 2020-10-23 00:07:06,999: process[move_base-4]: start w/ args [[u'/opt/ros/indigo/lib/move_base/move_base', u'cmd_vel:=cmd_vel', u'odom:=odom', u'map:=map', u'__name:=move_base', u'__log:=/home/fetch/.ros/log/a20b44da-14eb-11eb-83ed-000babe55698/move_base-4.log']]
[roslaunch][INFO] 2020-10-23 00:07:06,999: process[move_base-4]: cwd will be [/home/fetch/.ros]
[roslaunch][INFO] 2020-10-23 00:07:07,001: process[move_base-4]: started with pid [29580]
[roslaunch][INFO] 2020-10-23 00:07:08,103: [move_base-4] process has finished cleanly
log file: /home/fetch/.ros/log/a20b44da-14eb-11eb-83ed-000babe55698/move_base-4*.log
[roslaunch][INFO] 2020-10-23 00:07:08,103: [move_base-4] restarting process
[roslaunch][INFO] 2020-10-23 00:07:08,103: process[move_base-4]: restarting os process
[roslaunch][INFO] 2020-10-23 00:07:08,103: process[move_base-4]: start w/ args [[u'/opt/ros/indigo/lib/move_base/move_base', u'cmd_vel:=cmd_vel', u'odom:=odom', u'map:=map', u'__name:=move_base', u'__log:=/home/fetch/.ros/log/a20b44da-14eb-11eb-83ed-000babe55698/move_base-4.log']]
[roslaunch][INFO] 2020-10-23 00:07:08,103: process[move_base-4]: cwd will be [/home/fetch/.ros]
[roslaunch][INFO] 2020-10-23 00:07:08,105: process[move_base-4]: started with pid [30690]
[roslaunch][INFO] 2020-10-23 00:07:09,207: [move_base-4] process has finished cleanly
log file: /home/fetch/.ros/log/a20b44da-14eb-11eb-83ed-000babe55698/move_base-4*.log
[roslaunch][INFO] 2020-10-23 00:07:09,207: [move_base-4] restarting process
[roslaunch][INFO] 2020-10-23 00:07:09,207: process[move_base-4]: restarting os process
[roslaunch][INFO] 2020-10-23 00:07:09,207: process[move_base-4]: start w/ args [[u'/opt/ros/indigo/lib/move_base/move_base', u'cmd_vel:=cmd_vel', u'odom:=odom', u'map:=map', u'__name:=move_base', u'__log:=/home/fetch/.ros/log/a20b44da-14eb-11eb-83ed-000babe55698/move_base-4.log']]
[roslaunch][INFO] 2020-10-23 00:07:09,207: process[move_base-4]: cwd will be [/home/fetch/.ros]
[roslaunch][INFO] 2020-10-23 00:07:09,209: process[move_base-4]: started with pid [31806]
[roslaunch][INFO] 2020-10-23 00:07:10,310: [move_base-4] process has finished cleanly
log file: /home/fetch/.ros/log/a20b44da-14eb-11eb-83ed-000babe55698/move_base-4*.log
[roslaunch][INFO] 2020-10-23 00:07:10,311: [move_base-4] restarting process
[roslaunch][INFO] 2020-10-23 00:07:10,311: process[move_base-4]: restarting os process
[roslaunch][INFO] 2020-10-23 00:07:10,311: process[move_base-4]: start w/ args [[u'/opt/ros/indigo/lib/move_base/move_base', u'cmd_vel:=cmd_vel', u'odom:=odom', u'map:=map', u'__name:=move_base', u'__log:=/home/fetch/.ros/log/a20b44da-14eb-11eb-83ed-000babe55698/move_base-4.log']]
[roslaunch][INFO] 2020-10-23 00:07:10,311: process[move_base-4]: cwd will be [/home/fetch/.ros]
[roslaunch][INFO] 2020-10-23 00:07:10,312: process[move_base-4]: started with pid [468]
[roslaunch][INFO] 2020-10-23 00:07:11,414: [move_base-4] process has finished cleanly
log file: /home/fetch/.ros/log/a20b44da-14eb-11eb-83ed-000babe55698/move_base-4*.log
[roslaunch][INFO] 2020-10-23 00:07:11,415: [move_base-4] restarting process
[roslaunch][INFO] 2020-10-23 00:07:11,415: process[move_base-4]: restarting os process
[roslaunch][INFO] 2020-10-23 00:07:11,415: process[move_base-4]: start w/ args [[u'/opt/ros/indigo/lib/move_base/move_base', u'cmd_vel:=cmd_vel', u'odom:=odom', u'map:=map', u'__name:=move_base', u'__log:=/home/fetch/.ros/log/a20b44da-14eb-11eb-83ed-000babe55698/move_base-4.log']]
[roslaunch][INFO] 2020-10-23 00:07:11,415: process[move_base-4]: cwd will be [/home/fetch/.ros]
[roslaunch][INFO] 2020-10-23 00:07:11,416: process[move_base-4]: started with pid [1775]
[roslaunch][INFO] 2020-10-23 00:07:12,518: [move_base-4] process has finished cleanly
log file: /home/fetch/.ros/log/a20b44da-14eb-11eb-83ed-000babe55698/move_base-4*.log
[roslaunch][INFO] 2020-10-23 00:07:12,519: [move_base-4] restarting process
[roslaunch][INFO] 2020-10-23 00:07:12,519: process[move_base-4]: restarting os process
[roslaunch][INFO] 2020-10-23 00:07:12,519: process[move_base-4]: start w/ args [[u'/opt/ros/indigo/lib/move_base/move_base', u'cmd_vel:=cmd_vel', u'odom:=odom', u'map:=map', u'__name:=move_base', u'__log:=/home/fetch/.ros/log/a20b44da-14eb-11eb-83ed-000babe55698/move_base-4.log']]
[roslaunch][INFO] 2020-10-23 00:07:12,519: process[move_base-4]: cwd will be [/home/fetch/.ros]
[roslaunch][INFO] 2020-10-23 00:07:12,520: process[move_base-4]: started with pid [3033]
[roslaunch][INFO] 2020-10-23 00:07:13,623: [move_base-4] process has finished cleanly
log file: /home/fetch/.ros/log/a20b44da-14eb-11eb-83ed-000babe55698/move_base-4*.log
[roslaunch][INFO] 2020-10-23 00:07:13,623: [move_base-4] restarting process
[roslaunch][INFO] 2020-10-23 00:07:13,623: process[move_base-4]: restarting os process
[roslaunch][INFO] 2020-10-23 00:07:13,623: process[move_base-4]: start w/ args [[u'/opt/ros/indigo/lib/move_base/move_base', u'cmd_vel:=cmd_vel', u'odom:=odom', u'map:=map', u'__name:=move_base', u'__log:=/home/fetch/.ros/log/a20b44da-14eb-11eb-83ed-000babe55698/move_base-4.log']]
[roslaunch][INFO] 2020-10-23 00:07:13,623: process[move_base-4]: cwd will be [/home/fetch/.ros]
[roslaunch][INFO] 2020-10-23 00:07:13,625: process[move_base-4]: started with pid [4150]
[roslaunch.pmon][INFO] 2020-10-23 00:07:13,859: ProcessMonitor.shutdown <ProcessMonitor(ProcessMonitor-1, started daemon 139816286156544)>
[roslaunch.pmon][INFO] 2020-10-23 00:07:13,925: ProcessMonitor._post_run <ProcessMonitor(ProcessMonitor-1, started daemon 139816286156544)>
[roslaunch.pmon][INFO] 2020-10-23 00:07:13,925: ProcessMonitor._post_run <ProcessMonitor(ProcessMonitor-1, started daemon 139816286156544)>: remaining procs are [<roslaunch.nodeprocess.LocalProcess object at 0x7f29843429d0>, <roslaunch.nodeprocess.LocalProcess object at 0x7f2984342310>, <roslaunch.nodeprocess.LocalProcess object at 0x7f29843425d0>, <roslaunch.nodeprocess.LocalProcess object at 0x7f2984342990>]
[roslaunch.pmon][INFO] 2020-10-23 00:07:13,926: ProcessMonitor exit: killing move_base-4
[roslaunch.pmon][INFO] 2020-10-23 00:07:13,926: ProcessMonitor exit: killing amcl-3
[roslaunch][INFO] 2020-10-23 00:07:13,926: [move_base-4] killing on exit
[roslaunch][INFO] 2020-10-23 00:07:13,926: [amcl-3] killing on exit
[roslaunch.pmon][INFO] 2020-10-23 00:07:13,926: ProcessMonitor exit: killing rviz-2
[roslaunch][INFO] 2020-10-23 00:07:13,926: process[move_base-4]: killing os process with pid[4150] pgid[4150]
[roslaunch.pmon][INFO] 2020-10-23 00:07:13,926: ProcessMonitor exit: killing map_server-1
[roslaunch][INFO] 2020-10-23 00:07:13,927: process[amcl-3]: killing os process with pid[12619] pgid[12619]
[roslaunch][INFO] 2020-10-23 00:07:13,927: [rviz-2] killing on exit
[roslaunch][INFO] 2020-10-23 00:07:13,927: [move_base-4] sending SIGINT to pgid [4150]
[roslaunch][INFO] 2020-10-23 00:07:13,927: [map_server-1] killing on exit
[roslaunch][INFO] 2020-10-23 00:07:13,927: [amcl-3] sending SIGINT to pgid [12619]
[roslaunch][INFO] 2020-10-23 00:07:13,927: process[rviz-2]: killing os process with pid[12618] pgid[12618]
[roslaunch][INFO] 2020-10-23 00:07:13,928: [rviz-2] sending SIGINT to pgid [12618]
[roslaunch][INFO] 2020-10-23 00:07:13,928: [rviz-2] sent SIGINT to pgid [12618]
[roslaunch][INFO] 2020-10-23 00:07:13,928: [amcl-3] sent SIGINT to pgid [12619]
[roslaunch][INFO] 2020-10-23 00:07:13,927: [move_base-4] sent SIGINT to pgid [4150]
[roslaunch][INFO] 2020-10-23 00:07:13,928: process[map_server-1]: killing os process with pid[12617] pgid[12617]
[roslaunch][INFO] 2020-10-23 00:07:13,928: [map_server-1] sending SIGINT to pgid [12617]
[roslaunch][INFO] 2020-10-23 00:07:13,928: [map_server-1] sent SIGINT to pgid [12617]
[roslaunch][INFO] 2020-10-23 00:07:14,229: process[map_server-1]: SIGINT killed with return value 0
[roslaunch][INFO] 2020-10-23 00:07:14,329: process[amcl-3]: SIGINT killed with return value 0
[roslaunch][INFO] 2020-10-23 00:07:14,429: process[move_base-4]: SIGINT killed with return value 0
[roslaunch][INFO] 2020-10-23 00:07:14,829: process[rviz-2]: SIGINT killed with return value 0
[roslaunch.pmon][INFO] 2020-10-23 00:07:14,829: ProcessMonitor exit: cleaning up data structures and signals
[roslaunch.pmon][INFO] 2020-10-23 00:07:14,830: ProcessMonitor exit: pmon has shutdown
[roslaunch][INFO] 2020-10-23 00:07:14,874: process monitor is done spinning, initiating full shutdown
[roslaunch][INFO] 2020-10-23 00:07:14,874: runner.stop()
[roslaunch][INFO] 2020-10-23 00:07:14,874: shutting down processing monitor...
[roslaunch][INFO] 2020-10-23 00:07:14,874: shutting down processing monitor <ProcessMonitor(ProcessMonitor-1, stopped daemon 139816286156544)>
[roslaunch.pmon][INFO] 2020-10-23 00:07:14,874: ProcessMonitor.shutdown <ProcessMonitor(ProcessMonitor-1, stopped daemon 139816286156544)>
[roslaunch][INFO] 2020-10-23 00:07:14,874: ... shutting down processing monitor complete
[roslaunch][INFO] 2020-10-23 00:07:14,874: done
[roslaunch.pmon][INFO] 2020-10-23 00:07:14,874: ProcessMonitor.shutdown <ProcessMonitor(ProcessMonitor-1, stopped daemon 139816286156544)>
[rospy.core][INFO] 2020-10-23 00:07:14,874: signal_shutdown [atexit]
