[roslaunch][INFO] 2020-10-22 22:16:41,884: Checking log directory for disk usage. This may take awhile.
Press Ctrl-C to interrupt
[roslaunch][INFO] 2020-10-22 22:16:41,886: Done checking log file disk usage. Usage is <1GB.
[roslaunch][INFO] 2020-10-22 22:16:41,887: roslaunch starting with args ['/opt/ros/indigo/bin/roslaunch', 'fetch_navigation', 'freight_nav.launch']
[roslaunch][INFO] 2020-10-22 22:16:41,887: roslaunch env is {'ROS_DISTRO': 'indigo', 'LESSOPEN': '| /usr/bin/lesspipe %s', 'SSH_CLIENT': '192.168.30.25 50619 22', 'CPATH': '/home/fetch/catkin_ws/devel/include:/opt/ros/indigo/include', 'LOGNAME': 'fetch', 'USER': 'fetch', 'HOME': '/home/fetch', 'PATH': '/opt/ros/indigo/bin:/usr/local/sbin:/usr/local/bin:/usr/sbin:/usr/bin:/sbin:/bin:/usr/games:/usr/local/games', 'CMAKE_PREFIX_PATH': '/home/fetch/catkin_ws/devel:/opt/ros/indigo', 'LD_LIBRARY_PATH': '/home/fetch/catkin_ws/devel/lib:/opt/ros/indigo/lib', 'LANG': 'en_US.UTF-8', 'TERM': 'xterm-256color', 'SHELL': '/bin/bash', 'ROS_LOG_FILENAME': '/home/fetch/.ros/log/a20b44da-14eb-11eb-83ed-000babe55698/roslaunch-freight1207-3370.log', 'SHLVL': '1', 'QT_QPA_PLATFORMTHEME': 'appmenu-qt5', 'DISPLAY': 'localhost:13.0', 'ROS_ETC_DIR': '/opt/ros/indigo/etc/ros', 'XDG_RUNTIME_DIR': '/run/user/1000', 'PYTHONPATH': '/home/fetch/catkin_ws/devel/lib/python2.7/dist-packages:/opt/ros/indigo/lib/python2.7/dist-packages', 'ROS_ROOT': '/opt/ros/indigo/share/ros', 'PKG_CONFIG_PATH': '/home/fetch/catkin_ws/devel/lib/pkgconfig:/opt/ros/indigo/lib/pkgconfig', 'ROS_PACKAGE_PATH': '/home/fetch/catkin_ws/src:/opt/ros/indigo/share:/opt/ros/indigo/stacks', 'XDG_SESSION_ID': '4', '_': '/opt/ros/indigo/bin/roslaunch', 'SSH_CONNECTION': '192.168.30.25 50619 192.168.30.22 22', 'LESSCLOSE': '/usr/bin/lesspipe %s %s', 'SSH_TTY': '/dev/pts/29', 'OLDPWD': '/home/fetch/.ros/log/a20b44da-14eb-11eb-83ed-000babe55698', 'PWD': '/home/fetch', 'ROS_MASTER_URI': 'http://localhost:11311', 'MAIL': '/var/mail/fetch', 'LS_COLORS': 'rs=0:di=01;34:ln=01;36:mh=00:pi=40;33:so=01;35:do=01;35:bd=40;33;01:cd=40;33;01:or=40;31;01:su=37;41:sg=30;43:ca=30;41:tw=30;42:ow=34;42:st=37;44:ex=01;32:*.tar=01;31:*.tgz=01;31:*.arj=01;31:*.taz=01;31:*.lzh=01;31:*.lzma=01;31:*.tlz=01;31:*.txz=01;31:*.zip=01;31:*.z=01;31:*.Z=01;31:*.dz=01;31:*.gz=01;31:*.lz=01;31:*.xz=01;31:*.bz2=01;31:*.bz=01;31:*.tbz=01;31:*.tbz2=01;31:*.tz=01;31:*.deb=01;31:*.rpm=01;31:*.jar=01;31:*.war=01;31:*.ear=01;31:*.sar=01;31:*.rar=01;31:*.ace=01;31:*.zoo=01;31:*.cpio=01;31:*.7z=01;31:*.rz=01;31:*.jpg=01;35:*.jpeg=01;35:*.gif=01;35:*.bmp=01;35:*.pbm=01;35:*.pgm=01;35:*.ppm=01;35:*.tga=01;35:*.xbm=01;35:*.xpm=01;35:*.tif=01;35:*.tiff=01;35:*.png=01;35:*.svg=01;35:*.svgz=01;35:*.mng=01;35:*.pcx=01;35:*.mov=01;35:*.mpg=01;35:*.mpeg=01;35:*.m2v=01;35:*.mkv=01;35:*.webm=01;35:*.ogm=01;35:*.mp4=01;35:*.m4v=01;35:*.mp4v=01;35:*.vob=01;35:*.qt=01;35:*.nuv=01;35:*.wmv=01;35:*.asf=01;35:*.rm=01;35:*.rmvb=01;35:*.flc=01;35:*.avi=01;35:*.fli=01;35:*.flv=01;35:*.gl=01;35:*.dl=01;35:*.xcf=01;35:*.xwd=01;35:*.yuv=01;35:*.cgm=01;35:*.emf=01;35:*.axv=01;35:*.anx=01;35:*.ogv=01;35:*.ogx=01;35:*.aac=00;36:*.au=00;36:*.flac=00;36:*.mid=00;36:*.midi=00;36:*.mka=00;36:*.mp3=00;36:*.mpc=00;36:*.ogg=00;36:*.ra=00;36:*.wav=00;36:*.axa=00;36:*.oga=00;36:*.spx=00;36:*.xspf=00;36:'}
[roslaunch][INFO] 2020-10-22 22:16:41,887: starting in server mode
[roslaunch.parent][INFO] 2020-10-22 22:16:41,887: starting roslaunch parent run
[roslaunch][INFO] 2020-10-22 22:16:41,887: loading roscore config file /opt/ros/indigo/etc/ros/roscore.xml
[roslaunch][INFO] 2020-10-22 22:16:41,953: Added core node of type [rosout/rosout] in namespace [/]
[roslaunch.config][INFO] 2020-10-22 22:16:41,953: loading config file /opt/ros/indigo/share/fetch_navigation/launch/freight_nav.launch
[roslaunch][INFO] 2020-10-22 22:16:41,976: Added node of type [map_server/map_server] in namespace [/]
[roslaunch][INFO] 2020-10-22 22:16:41,976: Added node of type [rviz/rviz] in namespace [/]
[roslaunch][INFO] 2020-10-22 22:16:41,976: Added node of type [map_server/map_server] in namespace [/]
[roslaunch][INFO] 2020-10-22 22:16:41,981: Added node of type [amcl/amcl] in namespace [/]
[roslaunch][INFO] 2020-10-22 22:16:41,999: Added node of type [move_base/move_base] in namespace [/]
[roslaunch][INFO] 2020-10-22 22:16:41,999: ... selected machine [] for node of type [map_server/map_server]
[roslaunch][INFO] 2020-10-22 22:16:41,999: ... selected machine [] for node of type [rviz/rviz]
[roslaunch][INFO] 2020-10-22 22:16:41,999: ... selected machine [] for node of type [map_server/map_server]
[roslaunch][INFO] 2020-10-22 22:16:41,999: ... selected machine [] for node of type [amcl/amcl]
[roslaunch][INFO] 2020-10-22 22:16:41,999: ... selected machine [] for node of type [move_base/move_base]
[roslaunch.pmon][INFO] 2020-10-22 22:16:42,000: start_process_monitor: creating ProcessMonitor
[roslaunch.pmon][INFO] 2020-10-22 22:16:42,000: created process monitor <ProcessMonitor(ProcessMonitor-1, initial daemon)>
[roslaunch.pmon][INFO] 2020-10-22 22:16:42,000: start_process_monitor: ProcessMonitor started
[roslaunch.parent][INFO] 2020-10-22 22:16:42,000: starting parent XML-RPC server
[roslaunch.server][INFO] 2020-10-22 22:16:42,000: starting roslaunch XML-RPC server
[roslaunch.server][INFO] 2020-10-22 22:16:42,000: waiting for roslaunch XML-RPC server to initialize
[xmlrpc][INFO] 2020-10-22 22:16:42,000: XML-RPC server binding to 0.0.0.0:0
[xmlrpc][INFO] 2020-10-22 22:16:42,001: Started XML-RPC server [http://freight1207:54838/]
[xmlrpc][INFO] 2020-10-22 22:16:42,001: xml rpc node: starting XML-RPC server
[roslaunch][INFO] 2020-10-22 22:16:42,011: started roslaunch server http://freight1207:54838/
[roslaunch.parent][INFO] 2020-10-22 22:16:42,012: ... parent XML-RPC server started
[roslaunch][INFO] 2020-10-22 22:16:42,013: master.is_running[http://localhost:11311]
[roslaunch][INFO] 2020-10-22 22:16:42,013: master.is_running[http://localhost:11311]
[roslaunch][INFO] 2020-10-22 22:16:42,014: ROS_MASTER_URI=http://localhost:11311
[roslaunch][INFO] 2020-10-22 22:16:42,015: setting /roslaunch/uris/host_freight1207__54838' to http://freight1207:54838/
[roslaunch][INFO] 2020-10-22 22:16:42,017: load_parameters starting ...
[roslaunch][INFO] 2020-10-22 22:16:42,036: ... load_parameters complete
[roslaunch][INFO] 2020-10-22 22:16:42,036: launch_nodes: launching local nodes ...
[roslaunch][INFO] 2020-10-22 22:16:42,036: ... preparing to launch node of type [map_server/map_server]
[roslaunch][INFO] 2020-10-22 22:16:42,036: create_node_process: package[map_server] type[map_server] machine[Machine(name[] env_loader[None] address[localhost] ssh_port[22] user[None] assignable[True] timeout[10.0])] master_uri[http://localhost:11311]
[roslaunch][INFO] 2020-10-22 22:16:42,037: process[map_server-1]: env[{'ROS_DISTRO': 'indigo', 'LESSOPEN': '| /usr/bin/lesspipe %s', 'SSH_CLIENT': '192.168.30.25 50619 22', 'CPATH': '/home/fetch/catkin_ws/devel/include:/opt/ros/indigo/include', 'LOGNAME': 'fetch', 'USER': 'fetch', 'HOME': '/home/fetch', 'PATH': '/opt/ros/indigo/bin:/usr/local/sbin:/usr/local/bin:/usr/sbin:/usr/bin:/sbin:/bin:/usr/games:/usr/local/games', 'CMAKE_PREFIX_PATH': '/home/fetch/catkin_ws/devel:/opt/ros/indigo', 'ROS_LOG_FILENAME': '/home/fetch/.ros/log/a20b44da-14eb-11eb-83ed-000babe55698/roslaunch-freight1207-3370.log', 'LANG': 'en_US.UTF-8', 'TERM': 'xterm-256color', 'SHELL': '/bin/bash', 'SHLVL': '1', 'QT_QPA_PLATFORMTHEME': 'appmenu-qt5', 'DISPLAY': 'localhost:13.0', 'ROS_MASTER_URI': 'http://localhost:11311', 'XDG_RUNTIME_DIR': '/run/user/1000', 'PYTHONPATH': '/home/fetch/catkin_ws/devel/lib/python2.7/dist-packages:/opt/ros/indigo/lib/python2.7/dist-packages', 'ROS_ROOT': '/opt/ros/indigo/share/ros', 'PKG_CONFIG_PATH': '/home/fetch/catkin_ws/devel/lib/pkgconfig:/opt/ros/indigo/lib/pkgconfig', 'ROS_PACKAGE_PATH': '/home/fetch/catkin_ws/src:/opt/ros/indigo/share:/opt/ros/indigo/stacks', 'XDG_SESSION_ID': '4', '_': '/opt/ros/indigo/bin/roslaunch', 'LD_LIBRARY_PATH': '/home/fetch/catkin_ws/devel/lib:/opt/ros/indigo/lib', 'LS_COLORS': 'rs=0:di=01;34:ln=01;36:mh=00:pi=40;33:so=01;35:do=01;35:bd=40;33;01:cd=40;33;01:or=40;31;01:su=37;41:sg=30;43:ca=30;41:tw=30;42:ow=34;42:st=37;44:ex=01;32:*.tar=01;31:*.tgz=01;31:*.arj=01;31:*.taz=01;31:*.lzh=01;31:*.lzma=01;31:*.tlz=01;31:*.txz=01;31:*.zip=01;31:*.z=01;31:*.Z=01;31:*.dz=01;31:*.gz=01;31:*.lz=01;31:*.xz=01;31:*.bz2=01;31:*.bz=01;31:*.tbz=01;31:*.tbz2=01;31:*.tz=01;31:*.deb=01;31:*.rpm=01;31:*.jar=01;31:*.war=01;31:*.ear=01;31:*.sar=01;31:*.rar=01;31:*.ace=01;31:*.zoo=01;31:*.cpio=01;31:*.7z=01;31:*.rz=01;31:*.jpg=01;35:*.jpeg=01;35:*.gif=01;35:*.bmp=01;35:*.pbm=01;35:*.pgm=01;35:*.ppm=01;35:*.tga=01;35:*.xbm=01;35:*.xpm=01;35:*.tif=01;35:*.tiff=01;35:*.png=01;35:*.svg=01;35:*.svgz=01;35:*.mng=01;35:*.pcx=01;35:*.mov=01;35:*.mpg=01;35:*.mpeg=01;35:*.m2v=01;35:*.mkv=01;35:*.webm=01;35:*.ogm=01;35:*.mp4=01;35:*.m4v=01;35:*.mp4v=01;35:*.vob=01;35:*.qt=01;35:*.nuv=01;35:*.wmv=01;35:*.asf=01;35:*.rm=01;35:*.rmvb=01;35:*.flc=01;35:*.avi=01;35:*.fli=01;35:*.flv=01;35:*.gl=01;35:*.dl=01;35:*.xcf=01;35:*.xwd=01;35:*.yuv=01;35:*.cgm=01;35:*.emf=01;35:*.axv=01;35:*.anx=01;35:*.ogv=01;35:*.ogx=01;35:*.aac=00;36:*.au=00;36:*.flac=00;36:*.mid=00;36:*.midi=00;36:*.mka=00;36:*.mp3=00;36:*.mpc=00;36:*.ogg=00;36:*.ra=00;36:*.wav=00;36:*.axa=00;36:*.oga=00;36:*.spx=00;36:*.xspf=00;36:', 'LESSCLOSE': '/usr/bin/lesspipe %s %s', 'SSH_TTY': '/dev/pts/29', 'OLDPWD': '/home/fetch/.ros/log/a20b44da-14eb-11eb-83ed-000babe55698', 'PWD': '/home/fetch', 'ROS_ETC_DIR': '/opt/ros/indigo/etc/ros', 'MAIL': '/var/mail/fetch', 'SSH_CONNECTION': '192.168.30.25 50619 192.168.30.22 22'}]
[roslaunch][INFO] 2020-10-22 22:16:42,058: process[map_server-1]: args[[u'/opt/ros/indigo/lib/map_server/map_server', '/home/fetch/mapmap.yaml', u'__name:=map_server']]
[roslaunch][INFO] 2020-10-22 22:16:42,058: ... created process [map_server-1]
[roslaunch.pmon][INFO] 2020-10-22 22:16:42,058: ProcessMonitor.register[map_server-1]
[roslaunch.pmon][INFO] 2020-10-22 22:16:42,058: ProcessMonitor.register[map_server-1] complete
[roslaunch][INFO] 2020-10-22 22:16:42,058: ... registered process [map_server-1]
[roslaunch][INFO] 2020-10-22 22:16:42,058: process[map_server-1]: starting os process
[roslaunch][INFO] 2020-10-22 22:16:42,058: process[map_server-1]: start w/ args [[u'/opt/ros/indigo/lib/map_server/map_server', '/home/fetch/mapmap.yaml', u'__name:=map_server', u'__log:=/home/fetch/.ros/log/a20b44da-14eb-11eb-83ed-000babe55698/map_server-1.log']]
[roslaunch][INFO] 2020-10-22 22:16:42,058: process[map_server-1]: cwd will be [/home/fetch/.ros]
[roslaunch][INFO] 2020-10-22 22:16:42,060: process[map_server-1]: started with pid [3388]
[roslaunch][INFO] 2020-10-22 22:16:42,060: ... successfully launched [map_server-1]
[roslaunch][INFO] 2020-10-22 22:16:42,060: ... preparing to launch node of type [rviz/rviz]
[roslaunch][INFO] 2020-10-22 22:16:42,060: create_node_process: package[rviz] type[rviz] machine[Machine(name[] env_loader[None] address[localhost] ssh_port[22] user[None] assignable[True] timeout[10.0])] master_uri[http://localhost:11311]
[roslaunch][INFO] 2020-10-22 22:16:42,060: process[rviz-2]: env[{'ROS_DISTRO': 'indigo', 'LESSOPEN': '| /usr/bin/lesspipe %s', 'SSH_CLIENT': '192.168.30.25 50619 22', 'CPATH': '/home/fetch/catkin_ws/devel/include:/opt/ros/indigo/include', 'LOGNAME': 'fetch', 'USER': 'fetch', 'HOME': '/home/fetch', 'PATH': '/opt/ros/indigo/bin:/usr/local/sbin:/usr/local/bin:/usr/sbin:/usr/bin:/sbin:/bin:/usr/games:/usr/local/games', 'CMAKE_PREFIX_PATH': '/home/fetch/catkin_ws/devel:/opt/ros/indigo', 'ROS_LOG_FILENAME': '/home/fetch/.ros/log/a20b44da-14eb-11eb-83ed-000babe55698/roslaunch-freight1207-3370.log', 'LANG': 'en_US.UTF-8', 'TERM': 'xterm-256color', 'SHELL': '/bin/bash', 'SHLVL': '1', 'QT_QPA_PLATFORMTHEME': 'appmenu-qt5', 'DISPLAY': 'localhost:13.0', 'ROS_MASTER_URI': 'http://localhost:11311', 'XDG_RUNTIME_DIR': '/run/user/1000', 'PYTHONPATH': '/home/fetch/catkin_ws/devel/lib/python2.7/dist-packages:/opt/ros/indigo/lib/python2.7/dist-packages', 'ROS_ROOT': '/opt/ros/indigo/share/ros', 'PKG_CONFIG_PATH': '/home/fetch/catkin_ws/devel/lib/pkgconfig:/opt/ros/indigo/lib/pkgconfig', 'ROS_PACKAGE_PATH': '/home/fetch/catkin_ws/src:/opt/ros/indigo/share:/opt/ros/indigo/stacks', 'XDG_SESSION_ID': '4', '_': '/opt/ros/indigo/bin/roslaunch', 'LD_LIBRARY_PATH': '/home/fetch/catkin_ws/devel/lib:/opt/ros/indigo/lib', 'LS_COLORS': 'rs=0:di=01;34:ln=01;36:mh=00:pi=40;33:so=01;35:do=01;35:bd=40;33;01:cd=40;33;01:or=40;31;01:su=37;41:sg=30;43:ca=30;41:tw=30;42:ow=34;42:st=37;44:ex=01;32:*.tar=01;31:*.tgz=01;31:*.arj=01;31:*.taz=01;31:*.lzh=01;31:*.lzma=01;31:*.tlz=01;31:*.txz=01;31:*.zip=01;31:*.z=01;31:*.Z=01;31:*.dz=01;31:*.gz=01;31:*.lz=01;31:*.xz=01;31:*.bz2=01;31:*.bz=01;31:*.tbz=01;31:*.tbz2=01;31:*.tz=01;31:*.deb=01;31:*.rpm=01;31:*.jar=01;31:*.war=01;31:*.ear=01;31:*.sar=01;31:*.rar=01;31:*.ace=01;31:*.zoo=01;31:*.cpio=01;31:*.7z=01;31:*.rz=01;31:*.jpg=01;35:*.jpeg=01;35:*.gif=01;35:*.bmp=01;35:*.pbm=01;35:*.pgm=01;35:*.ppm=01;35:*.tga=01;35:*.xbm=01;35:*.xpm=01;35:*.tif=01;35:*.tiff=01;35:*.png=01;35:*.svg=01;35:*.svgz=01;35:*.mng=01;35:*.pcx=01;35:*.mov=01;35:*.mpg=01;35:*.mpeg=01;35:*.m2v=01;35:*.mkv=01;35:*.webm=01;35:*.ogm=01;35:*.mp4=01;35:*.m4v=01;35:*.mp4v=01;35:*.vob=01;35:*.qt=01;35:*.nuv=01;35:*.wmv=01;35:*.asf=01;35:*.rm=01;35:*.rmvb=01;35:*.flc=01;35:*.avi=01;35:*.fli=01;35:*.flv=01;35:*.gl=01;35:*.dl=01;35:*.xcf=01;35:*.xwd=01;35:*.yuv=01;35:*.cgm=01;35:*.emf=01;35:*.axv=01;35:*.anx=01;35:*.ogv=01;35:*.ogx=01;35:*.aac=00;36:*.au=00;36:*.flac=00;36:*.mid=00;36:*.midi=00;36:*.mka=00;36:*.mp3=00;36:*.mpc=00;36:*.ogg=00;36:*.ra=00;36:*.wav=00;36:*.axa=00;36:*.oga=00;36:*.spx=00;36:*.xspf=00;36:', 'LESSCLOSE': '/usr/bin/lesspipe %s %s', 'SSH_TTY': '/dev/pts/29', 'OLDPWD': '/home/fetch/.ros/log/a20b44da-14eb-11eb-83ed-000babe55698', 'PWD': '/home/fetch', 'ROS_ETC_DIR': '/opt/ros/indigo/etc/ros', 'MAIL': '/var/mail/fetch', 'SSH_CONNECTION': '192.168.30.25 50619 192.168.30.22 22'}]
[roslaunch][INFO] 2020-10-22 22:16:42,062: process[rviz-2]: args[[u'/opt/ros/indigo/lib/rviz/rviz', '/opt/ros/indigo/share/fetch_navigation/config/navigation.rviz', u'__name:=rviz']]
[roslaunch][INFO] 2020-10-22 22:16:42,062: ... created process [rviz-2]
[roslaunch.pmon][INFO] 2020-10-22 22:16:42,062: ProcessMonitor.register[rviz-2]
[roslaunch.pmon][INFO] 2020-10-22 22:16:42,062: ProcessMonitor.register[rviz-2] complete
[roslaunch][INFO] 2020-10-22 22:16:42,063: ... registered process [rviz-2]
[roslaunch][INFO] 2020-10-22 22:16:42,063: process[rviz-2]: starting os process
[roslaunch][INFO] 2020-10-22 22:16:42,063: process[rviz-2]: start w/ args [[u'/opt/ros/indigo/lib/rviz/rviz', '/opt/ros/indigo/share/fetch_navigation/config/navigation.rviz', u'__name:=rviz', u'__log:=/home/fetch/.ros/log/a20b44da-14eb-11eb-83ed-000babe55698/rviz-2.log']]
[roslaunch][INFO] 2020-10-22 22:16:42,063: process[rviz-2]: cwd will be [/home/fetch/.ros]
[roslaunch][INFO] 2020-10-22 22:16:42,070: process[rviz-2]: started with pid [3389]
[roslaunch][INFO] 2020-10-22 22:16:42,071: ... successfully launched [rviz-2]
[roslaunch][INFO] 2020-10-22 22:16:42,071: ... preparing to launch node of type [map_server/map_server]
[roslaunch][INFO] 2020-10-22 22:16:42,071: create_node_process: package[map_server] type[map_server] machine[Machine(name[] env_loader[None] address[localhost] ssh_port[22] user[None] assignable[True] timeout[10.0])] master_uri[http://localhost:11311]
[roslaunch][INFO] 2020-10-22 22:16:42,071: process[map_keepout_server-3]: env[{'ROS_DISTRO': 'indigo', 'LESSOPEN': '| /usr/bin/lesspipe %s', 'SSH_CLIENT': '192.168.30.25 50619 22', 'CPATH': '/home/fetch/catkin_ws/devel/include:/opt/ros/indigo/include', 'LOGNAME': 'fetch', 'USER': 'fetch', 'HOME': '/home/fetch', 'PATH': '/opt/ros/indigo/bin:/usr/local/sbin:/usr/local/bin:/usr/sbin:/usr/bin:/sbin:/bin:/usr/games:/usr/local/games', 'CMAKE_PREFIX_PATH': '/home/fetch/catkin_ws/devel:/opt/ros/indigo', 'ROS_LOG_FILENAME': '/home/fetch/.ros/log/a20b44da-14eb-11eb-83ed-000babe55698/roslaunch-freight1207-3370.log', 'LANG': 'en_US.UTF-8', 'TERM': 'xterm-256color', 'SHELL': '/bin/bash', 'SHLVL': '1', 'QT_QPA_PLATFORMTHEME': 'appmenu-qt5', 'DISPLAY': 'localhost:13.0', 'ROS_MASTER_URI': 'http://localhost:11311', 'XDG_RUNTIME_DIR': '/run/user/1000', 'PYTHONPATH': '/home/fetch/catkin_ws/devel/lib/python2.7/dist-packages:/opt/ros/indigo/lib/python2.7/dist-packages', 'ROS_ROOT': '/opt/ros/indigo/share/ros', 'PKG_CONFIG_PATH': '/home/fetch/catkin_ws/devel/lib/pkgconfig:/opt/ros/indigo/lib/pkgconfig', 'ROS_PACKAGE_PATH': '/home/fetch/catkin_ws/src:/opt/ros/indigo/share:/opt/ros/indigo/stacks', 'XDG_SESSION_ID': '4', '_': '/opt/ros/indigo/bin/roslaunch', 'LD_LIBRARY_PATH': '/home/fetch/catkin_ws/devel/lib:/opt/ros/indigo/lib', 'LS_COLORS': 'rs=0:di=01;34:ln=01;36:mh=00:pi=40;33:so=01;35:do=01;35:bd=40;33;01:cd=40;33;01:or=40;31;01:su=37;41:sg=30;43:ca=30;41:tw=30;42:ow=34;42:st=37;44:ex=01;32:*.tar=01;31:*.tgz=01;31:*.arj=01;31:*.taz=01;31:*.lzh=01;31:*.lzma=01;31:*.tlz=01;31:*.txz=01;31:*.zip=01;31:*.z=01;31:*.Z=01;31:*.dz=01;31:*.gz=01;31:*.lz=01;31:*.xz=01;31:*.bz2=01;31:*.bz=01;31:*.tbz=01;31:*.tbz2=01;31:*.tz=01;31:*.deb=01;31:*.rpm=01;31:*.jar=01;31:*.war=01;31:*.ear=01;31:*.sar=01;31:*.rar=01;31:*.ace=01;31:*.zoo=01;31:*.cpio=01;31:*.7z=01;31:*.rz=01;31:*.jpg=01;35:*.jpeg=01;35:*.gif=01;35:*.bmp=01;35:*.pbm=01;35:*.pgm=01;35:*.ppm=01;35:*.tga=01;35:*.xbm=01;35:*.xpm=01;35:*.tif=01;35:*.tiff=01;35:*.png=01;35:*.svg=01;35:*.svgz=01;35:*.mng=01;35:*.pcx=01;35:*.mov=01;35:*.mpg=01;35:*.mpeg=01;35:*.m2v=01;35:*.mkv=01;35:*.webm=01;35:*.ogm=01;35:*.mp4=01;35:*.m4v=01;35:*.mp4v=01;35:*.vob=01;35:*.qt=01;35:*.nuv=01;35:*.wmv=01;35:*.asf=01;35:*.rm=01;35:*.rmvb=01;35:*.flc=01;35:*.avi=01;35:*.fli=01;35:*.flv=01;35:*.gl=01;35:*.dl=01;35:*.xcf=01;35:*.xwd=01;35:*.yuv=01;35:*.cgm=01;35:*.emf=01;35:*.axv=01;35:*.anx=01;35:*.ogv=01;35:*.ogx=01;35:*.aac=00;36:*.au=00;36:*.flac=00;36:*.mid=00;36:*.midi=00;36:*.mka=00;36:*.mp3=00;36:*.mpc=00;36:*.ogg=00;36:*.ra=00;36:*.wav=00;36:*.axa=00;36:*.oga=00;36:*.spx=00;36:*.xspf=00;36:', 'LESSCLOSE': '/usr/bin/lesspipe %s %s', 'SSH_TTY': '/dev/pts/29', 'OLDPWD': '/home/fetch/.ros/log/a20b44da-14eb-11eb-83ed-000babe55698', 'PWD': '/home/fetch', 'ROS_ETC_DIR': '/opt/ros/indigo/etc/ros', 'MAIL': '/var/mail/fetch', 'SSH_CONNECTION': '192.168.30.25 50619 192.168.30.22 22'}]
[roslaunch][INFO] 2020-10-22 22:16:42,072: process[map_keepout_server-3]: args[[u'/opt/ros/indigo/lib/map_server/map_server', '/opt/ros/indigo/share/fetch_maps/maps/3_1_16_keepout.yaml', u'map:=map_keepout', u'static_map:=static_map_keepout', u'__name:=map_keepout_server']]
[roslaunch][INFO] 2020-10-22 22:16:42,072: ... created process [map_keepout_server-3]
[roslaunch.pmon][INFO] 2020-10-22 22:16:42,072: ProcessMonitor.register[map_keepout_server-3]
[roslaunch.pmon][INFO] 2020-10-22 22:16:42,072: ProcessMonitor.register[map_keepout_server-3] complete
[roslaunch][INFO] 2020-10-22 22:16:42,072: ... registered process [map_keepout_server-3]
[roslaunch][INFO] 2020-10-22 22:16:42,072: process[map_keepout_server-3]: starting os process
[roslaunch][INFO] 2020-10-22 22:16:42,072: process[map_keepout_server-3]: start w/ args [[u'/opt/ros/indigo/lib/map_server/map_server', '/opt/ros/indigo/share/fetch_maps/maps/3_1_16_keepout.yaml', u'map:=map_keepout', u'static_map:=static_map_keepout', u'__name:=map_keepout_server', u'__log:=/home/fetch/.ros/log/a20b44da-14eb-11eb-83ed-000babe55698/map_keepout_server-3.log']]
[roslaunch][INFO] 2020-10-22 22:16:42,072: process[map_keepout_server-3]: cwd will be [/home/fetch/.ros]
[roslaunch][INFO] 2020-10-22 22:16:42,074: process[map_keepout_server-3]: started with pid [3401]
[roslaunch][INFO] 2020-10-22 22:16:42,074: ... successfully launched [map_keepout_server-3]
[roslaunch][INFO] 2020-10-22 22:16:42,074: ... preparing to launch node of type [amcl/amcl]
[roslaunch][INFO] 2020-10-22 22:16:42,074: create_node_process: package[amcl] type[amcl] machine[Machine(name[] env_loader[None] address[localhost] ssh_port[22] user[None] assignable[True] timeout[10.0])] master_uri[http://localhost:11311]
[roslaunch][INFO] 2020-10-22 22:16:42,074: process[amcl-4]: env[{'ROS_DISTRO': 'indigo', 'LESSOPEN': '| /usr/bin/lesspipe %s', 'SSH_CLIENT': '192.168.30.25 50619 22', 'CPATH': '/home/fetch/catkin_ws/devel/include:/opt/ros/indigo/include', 'LOGNAME': 'fetch', 'USER': 'fetch', 'HOME': '/home/fetch', 'PATH': '/opt/ros/indigo/bin:/usr/local/sbin:/usr/local/bin:/usr/sbin:/usr/bin:/sbin:/bin:/usr/games:/usr/local/games', 'CMAKE_PREFIX_PATH': '/home/fetch/catkin_ws/devel:/opt/ros/indigo', 'ROS_LOG_FILENAME': '/home/fetch/.ros/log/a20b44da-14eb-11eb-83ed-000babe55698/roslaunch-freight1207-3370.log', 'LANG': 'en_US.UTF-8', 'TERM': 'xterm-256color', 'SHELL': '/bin/bash', 'SHLVL': '1', 'QT_QPA_PLATFORMTHEME': 'appmenu-qt5', 'DISPLAY': 'localhost:13.0', 'ROS_MASTER_URI': 'http://localhost:11311', 'XDG_RUNTIME_DIR': '/run/user/1000', 'PYTHONPATH': '/home/fetch/catkin_ws/devel/lib/python2.7/dist-packages:/opt/ros/indigo/lib/python2.7/dist-packages', 'ROS_ROOT': '/opt/ros/indigo/share/ros', 'PKG_CONFIG_PATH': '/home/fetch/catkin_ws/devel/lib/pkgconfig:/opt/ros/indigo/lib/pkgconfig', 'ROS_PACKAGE_PATH': '/home/fetch/catkin_ws/src:/opt/ros/indigo/share:/opt/ros/indigo/stacks', 'XDG_SESSION_ID': '4', '_': '/opt/ros/indigo/bin/roslaunch', 'LD_LIBRARY_PATH': '/home/fetch/catkin_ws/devel/lib:/opt/ros/indigo/lib', 'LS_COLORS': 'rs=0:di=01;34:ln=01;36:mh=00:pi=40;33:so=01;35:do=01;35:bd=40;33;01:cd=40;33;01:or=40;31;01:su=37;41:sg=30;43:ca=30;41:tw=30;42:ow=34;42:st=37;44:ex=01;32:*.tar=01;31:*.tgz=01;31:*.arj=01;31:*.taz=01;31:*.lzh=01;31:*.lzma=01;31:*.tlz=01;31:*.txz=01;31:*.zip=01;31:*.z=01;31:*.Z=01;31:*.dz=01;31:*.gz=01;31:*.lz=01;31:*.xz=01;31:*.bz2=01;31:*.bz=01;31:*.tbz=01;31:*.tbz2=01;31:*.tz=01;31:*.deb=01;31:*.rpm=01;31:*.jar=01;31:*.war=01;31:*.ear=01;31:*.sar=01;31:*.rar=01;31:*.ace=01;31:*.zoo=01;31:*.cpio=01;31:*.7z=01;31:*.rz=01;31:*.jpg=01;35:*.jpeg=01;35:*.gif=01;35:*.bmp=01;35:*.pbm=01;35:*.pgm=01;35:*.ppm=01;35:*.tga=01;35:*.xbm=01;35:*.xpm=01;35:*.tif=01;35:*.tiff=01;35:*.png=01;35:*.svg=01;35:*.svgz=01;35:*.mng=01;35:*.pcx=01;35:*.mov=01;35:*.mpg=01;35:*.mpeg=01;35:*.m2v=01;35:*.mkv=01;35:*.webm=01;35:*.ogm=01;35:*.mp4=01;35:*.m4v=01;35:*.mp4v=01;35:*.vob=01;35:*.qt=01;35:*.nuv=01;35:*.wmv=01;35:*.asf=01;35:*.rm=01;35:*.rmvb=01;35:*.flc=01;35:*.avi=01;35:*.fli=01;35:*.flv=01;35:*.gl=01;35:*.dl=01;35:*.xcf=01;35:*.xwd=01;35:*.yuv=01;35:*.cgm=01;35:*.emf=01;35:*.axv=01;35:*.anx=01;35:*.ogv=01;35:*.ogx=01;35:*.aac=00;36:*.au=00;36:*.flac=00;36:*.mid=00;36:*.midi=00;36:*.mka=00;36:*.mp3=00;36:*.mpc=00;36:*.ogg=00;36:*.ra=00;36:*.wav=00;36:*.axa=00;36:*.oga=00;36:*.spx=00;36:*.xspf=00;36:', 'LESSCLOSE': '/usr/bin/lesspipe %s %s', 'SSH_TTY': '/dev/pts/29', 'OLDPWD': '/home/fetch/.ros/log/a20b44da-14eb-11eb-83ed-000babe55698', 'PWD': '/home/fetch', 'ROS_ETC_DIR': '/opt/ros/indigo/etc/ros', 'MAIL': '/var/mail/fetch', 'SSH_CONNECTION': '192.168.30.25 50619 192.168.30.22 22'}]
[roslaunch][INFO] 2020-10-22 22:16:42,075: process[amcl-4]: args[[u'/opt/ros/indigo/lib/amcl/amcl', u'scan:=base_scan', u'map:=map', u'__name:=amcl']]
[roslaunch][INFO] 2020-10-22 22:16:42,075: ... created process [amcl-4]
[roslaunch.pmon][INFO] 2020-10-22 22:16:42,075: ProcessMonitor.register[amcl-4]
[roslaunch.pmon][INFO] 2020-10-22 22:16:42,075: ProcessMonitor.register[amcl-4] complete
[roslaunch][INFO] 2020-10-22 22:16:42,075: ... registered process [amcl-4]
[roslaunch][INFO] 2020-10-22 22:16:42,075: process[amcl-4]: starting os process
[roslaunch][INFO] 2020-10-22 22:16:42,075: process[amcl-4]: start w/ args [[u'/opt/ros/indigo/lib/amcl/amcl', u'scan:=base_scan', u'map:=map', u'__name:=amcl', u'__log:=/home/fetch/.ros/log/a20b44da-14eb-11eb-83ed-000babe55698/amcl-4.log']]
[roslaunch][INFO] 2020-10-22 22:16:42,075: process[amcl-4]: cwd will be [/home/fetch/.ros]
[roslaunch][INFO] 2020-10-22 22:16:42,077: process[amcl-4]: started with pid [3404]
[roslaunch][INFO] 2020-10-22 22:16:42,077: ... successfully launched [amcl-4]
[roslaunch][INFO] 2020-10-22 22:16:42,077: ... preparing to launch node of type [move_base/move_base]
[roslaunch][INFO] 2020-10-22 22:16:42,077: create_node_process: package[move_base] type[move_base] machine[Machine(name[] env_loader[None] address[localhost] ssh_port[22] user[None] assignable[True] timeout[10.0])] master_uri[http://localhost:11311]
[roslaunch][INFO] 2020-10-22 22:16:42,077: process[move_base-5]: env[{'ROS_DISTRO': 'indigo', 'LESSOPEN': '| /usr/bin/lesspipe %s', 'SSH_CLIENT': '192.168.30.25 50619 22', 'CPATH': '/home/fetch/catkin_ws/devel/include:/opt/ros/indigo/include', 'LOGNAME': 'fetch', 'USER': 'fetch', 'HOME': '/home/fetch', 'PATH': '/opt/ros/indigo/bin:/usr/local/sbin:/usr/local/bin:/usr/sbin:/usr/bin:/sbin:/bin:/usr/games:/usr/local/games', 'CMAKE_PREFIX_PATH': '/home/fetch/catkin_ws/devel:/opt/ros/indigo', 'ROS_LOG_FILENAME': '/home/fetch/.ros/log/a20b44da-14eb-11eb-83ed-000babe55698/roslaunch-freight1207-3370.log', 'LANG': 'en_US.UTF-8', 'TERM': 'xterm-256color', 'SHELL': '/bin/bash', 'SHLVL': '1', 'QT_QPA_PLATFORMTHEME': 'appmenu-qt5', 'DISPLAY': 'localhost:13.0', 'ROS_MASTER_URI': 'http://localhost:11311', 'XDG_RUNTIME_DIR': '/run/user/1000', 'PYTHONPATH': '/home/fetch/catkin_ws/devel/lib/python2.7/dist-packages:/opt/ros/indigo/lib/python2.7/dist-packages', 'ROS_ROOT': '/opt/ros/indigo/share/ros', 'PKG_CONFIG_PATH': '/home/fetch/catkin_ws/devel/lib/pkgconfig:/opt/ros/indigo/lib/pkgconfig', 'ROS_PACKAGE_PATH': '/home/fetch/catkin_ws/src:/opt/ros/indigo/share:/opt/ros/indigo/stacks', 'XDG_SESSION_ID': '4', '_': '/opt/ros/indigo/bin/roslaunch', 'LD_LIBRARY_PATH': '/home/fetch/catkin_ws/devel/lib:/opt/ros/indigo/lib', 'LS_COLORS': 'rs=0:di=01;34:ln=01;36:mh=00:pi=40;33:so=01;35:do=01;35:bd=40;33;01:cd=40;33;01:or=40;31;01:su=37;41:sg=30;43:ca=30;41:tw=30;42:ow=34;42:st=37;44:ex=01;32:*.tar=01;31:*.tgz=01;31:*.arj=01;31:*.taz=01;31:*.lzh=01;31:*.lzma=01;31:*.tlz=01;31:*.txz=01;31:*.zip=01;31:*.z=01;31:*.Z=01;31:*.dz=01;31:*.gz=01;31:*.lz=01;31:*.xz=01;31:*.bz2=01;31:*.bz=01;31:*.tbz=01;31:*.tbz2=01;31:*.tz=01;31:*.deb=01;31:*.rpm=01;31:*.jar=01;31:*.war=01;31:*.ear=01;31:*.sar=01;31:*.rar=01;31:*.ace=01;31:*.zoo=01;31:*.cpio=01;31:*.7z=01;31:*.rz=01;31:*.jpg=01;35:*.jpeg=01;35:*.gif=01;35:*.bmp=01;35:*.pbm=01;35:*.pgm=01;35:*.ppm=01;35:*.tga=01;35:*.xbm=01;35:*.xpm=01;35:*.tif=01;35:*.tiff=01;35:*.png=01;35:*.svg=01;35:*.svgz=01;35:*.mng=01;35:*.pcx=01;35:*.mov=01;35:*.mpg=01;35:*.mpeg=01;35:*.m2v=01;35:*.mkv=01;35:*.webm=01;35:*.ogm=01;35:*.mp4=01;35:*.m4v=01;35:*.mp4v=01;35:*.vob=01;35:*.qt=01;35:*.nuv=01;35:*.wmv=01;35:*.asf=01;35:*.rm=01;35:*.rmvb=01;35:*.flc=01;35:*.avi=01;35:*.fli=01;35:*.flv=01;35:*.gl=01;35:*.dl=01;35:*.xcf=01;35:*.xwd=01;35:*.yuv=01;35:*.cgm=01;35:*.emf=01;35:*.axv=01;35:*.anx=01;35:*.ogv=01;35:*.ogx=01;35:*.aac=00;36:*.au=00;36:*.flac=00;36:*.mid=00;36:*.midi=00;36:*.mka=00;36:*.mp3=00;36:*.mpc=00;36:*.ogg=00;36:*.ra=00;36:*.wav=00;36:*.axa=00;36:*.oga=00;36:*.spx=00;36:*.xspf=00;36:', 'LESSCLOSE': '/usr/bin/lesspipe %s %s', 'SSH_TTY': '/dev/pts/29', 'OLDPWD': '/home/fetch/.ros/log/a20b44da-14eb-11eb-83ed-000babe55698', 'PWD': '/home/fetch', 'ROS_ETC_DIR': '/opt/ros/indigo/etc/ros', 'MAIL': '/var/mail/fetch', 'SSH_CONNECTION': '192.168.30.25 50619 192.168.30.22 22'}]
[roslaunch][INFO] 2020-10-22 22:16:42,078: process[move_base-5]: args[[u'/opt/ros/indigo/lib/move_base/move_base', u'cmd_vel:=cmd_vel', u'odom:=odom', u'map:=map_keepout', u'__name:=move_base']]
[roslaunch][INFO] 2020-10-22 22:16:42,078: ... created process [move_base-5]
[roslaunch.pmon][INFO] 2020-10-22 22:16:42,078: ProcessMonitor.register[move_base-5]
[roslaunch.pmon][INFO] 2020-10-22 22:16:42,078: ProcessMonitor.register[move_base-5] complete
[roslaunch][INFO] 2020-10-22 22:16:42,078: ... registered process [move_base-5]
[roslaunch][INFO] 2020-10-22 22:16:42,079: process[move_base-5]: starting os process
[roslaunch][INFO] 2020-10-22 22:16:42,079: process[move_base-5]: start w/ args [[u'/opt/ros/indigo/lib/move_base/move_base', u'cmd_vel:=cmd_vel', u'odom:=odom', u'map:=map_keepout', u'__name:=move_base', u'__log:=/home/fetch/.ros/log/a20b44da-14eb-11eb-83ed-000babe55698/move_base-5.log']]
[roslaunch][INFO] 2020-10-22 22:16:42,079: process[move_base-5]: cwd will be [/home/fetch/.ros]
[roslaunch][INFO] 2020-10-22 22:16:42,082: process[move_base-5]: started with pid [3405]
[roslaunch][INFO] 2020-10-22 22:16:42,083: ... successfully launched [move_base-5]
[roslaunch][INFO] 2020-10-22 22:16:42,083: ... launch_nodes complete
[roslaunch.pmon][INFO] 2020-10-22 22:16:42,083: registrations completed <ProcessMonitor(ProcessMonitor-1, started daemon 139987577853696)>
[roslaunch.parent][INFO] 2020-10-22 22:16:42,083: ... roslaunch parent running, waiting for process exit
[roslaunch][INFO] 2020-10-22 22:16:42,083: spin
[roslaunch.pmon][INFO] 2020-10-22 22:21:37,431: ProcessMonitor.shutdown <ProcessMonitor(ProcessMonitor-1, started daemon 139987577853696)>
[roslaunch.pmon][INFO] 2020-10-22 22:21:37,480: ProcessMonitor._post_run <ProcessMonitor(ProcessMonitor-1, started daemon 139987577853696)>
[roslaunch.pmon][INFO] 2020-10-22 22:21:37,481: ProcessMonitor._post_run <ProcessMonitor(ProcessMonitor-1, started daemon 139987577853696)>: remaining procs are [<roslaunch.nodeprocess.LocalProcess object at 0x7f5165fc0e50>, <roslaunch.nodeprocess.LocalProcess object at 0x7f5165fc0790>, <roslaunch.nodeprocess.LocalProcess object at 0x7f5165fc00d0>, <roslaunch.nodeprocess.LocalProcess object at 0x7f5165fc0510>, <roslaunch.nodeprocess.LocalProcess object at 0x7f5165fc0750>]
[roslaunch.pmon][INFO] 2020-10-22 22:21:37,481: ProcessMonitor exit: killing move_base-5
[roslaunch.pmon][INFO] 2020-10-22 22:21:37,481: ProcessMonitor exit: killing amcl-4
[roslaunch][INFO] 2020-10-22 22:21:37,481: [move_base-5] killing on exit
[roslaunch.pmon][INFO] 2020-10-22 22:21:37,481: ProcessMonitor exit: killing map_keepout_server-3
[roslaunch][INFO] 2020-10-22 22:21:37,481: [amcl-4] killing on exit
[roslaunch][INFO] 2020-10-22 22:21:37,482: process[move_base-5]: killing os process with pid[3405] pgid[3405]
[roslaunch.pmon][INFO] 2020-10-22 22:21:37,482: ProcessMonitor exit: killing rviz-2
[roslaunch][INFO] 2020-10-22 22:21:37,482: [map_keepout_server-3] killing on exit
[roslaunch.pmon][INFO] 2020-10-22 22:21:37,482: ProcessMonitor exit: killing map_server-1
[roslaunch][INFO] 2020-10-22 22:21:37,482: process[amcl-4]: killing os process with pid[3404] pgid[3404]
[roslaunch][INFO] 2020-10-22 22:21:37,482: [move_base-5] sending SIGINT to pgid [3405]
[roslaunch][INFO] 2020-10-22 22:21:37,482: [rviz-2] killing on exit
[roslaunch][INFO] 2020-10-22 22:21:37,482: process[map_keepout_server-3]: killing os process with pid[3401] pgid[3401]
[roslaunch][INFO] 2020-10-22 22:21:37,483: [map_server-1] killing on exit
[roslaunch][INFO] 2020-10-22 22:21:37,483: [amcl-4] sending SIGINT to pgid [3404]
[roslaunch][INFO] 2020-10-22 22:21:37,483: [move_base-5] sent SIGINT to pgid [3405]
[roslaunch][INFO] 2020-10-22 22:21:37,483: [map_keepout_server-3] sending SIGINT to pgid [3401]
[roslaunch][INFO] 2020-10-22 22:21:37,483: process[rviz-2]: killing os process with pid[3389] pgid[3389]
[roslaunch][INFO] 2020-10-22 22:21:37,483: [amcl-4] sent SIGINT to pgid [3404]
[roslaunch][INFO] 2020-10-22 22:21:37,483: process[map_server-1]: killing os process with pid[3388] pgid[3388]
[roslaunch][INFO] 2020-10-22 22:21:37,483: [map_keepout_server-3] sent SIGINT to pgid [3401]
[roslaunch][INFO] 2020-10-22 22:21:37,483: [rviz-2] sending SIGINT to pgid [3389]
[roslaunch][INFO] 2020-10-22 22:21:37,484: [map_server-1] sending SIGINT to pgid [3388]
[roslaunch][INFO] 2020-10-22 22:21:37,484: [rviz-2] sent SIGINT to pgid [3389]
[roslaunch][INFO] 2020-10-22 22:21:37,484: [map_server-1] sent SIGINT to pgid [3388]
[roslaunch][INFO] 2020-10-22 22:21:37,684: process[amcl-4]: SIGINT killed with return value 0
[roslaunch][INFO] 2020-10-22 22:21:37,684: process[map_keepout_server-3]: SIGINT killed with return value 0
[roslaunch][INFO] 2020-10-22 22:21:37,684: process[map_server-1]: SIGINT killed with return value 0
[roslaunch][INFO] 2020-10-22 22:21:37,884: process[move_base-5]: SIGINT killed with return value 0
[roslaunch][INFO] 2020-10-22 22:21:40,388: process[rviz-2]: SIGINT killed with return value 0
[roslaunch.pmon][INFO] 2020-10-22 22:21:40,388: ProcessMonitor exit: cleaning up data structures and signals
[roslaunch.pmon][INFO] 2020-10-22 22:21:40,389: ProcessMonitor exit: pmon has shutdown
[roslaunch][INFO] 2020-10-22 22:21:40,400: process monitor is done spinning, initiating full shutdown
[roslaunch][INFO] 2020-10-22 22:21:40,400: runner.stop()
[roslaunch][INFO] 2020-10-22 22:21:40,400: shutting down processing monitor...
[roslaunch][INFO] 2020-10-22 22:21:40,400: shutting down processing monitor <ProcessMonitor(ProcessMonitor-1, stopped daemon 139987577853696)>
[roslaunch.pmon][INFO] 2020-10-22 22:21:40,400: ProcessMonitor.shutdown <ProcessMonitor(ProcessMonitor-1, stopped daemon 139987577853696)>
[roslaunch][INFO] 2020-10-22 22:21:40,400: ... shutting down processing monitor complete
[roslaunch][INFO] 2020-10-22 22:21:40,400: done
[roslaunch.pmon][INFO] 2020-10-22 22:21:40,400: ProcessMonitor.shutdown <ProcessMonitor(ProcessMonitor-1, stopped daemon 139987577853696)>
[rospy.core][INFO] 2020-10-22 22:21:40,400: signal_shutdown [atexit]
