[0m[ INFO] [1604561832.160699390]: rviz version 1.11.18[0m
[0m[ INFO] [1604561832.160734503]: compiled against Qt version 4.8.6[0m
[0m[ INFO] [1604561832.160742234]: compiled against OGRE version 1.8.1 (Byatis)[0m
[0m[ INFO] [1604561832.638574208]: Stereo is NOT SUPPORTED[0m
[0m[ INFO] [1604561832.638620837]: OpenGl version: 3 (GLSL 1.3).[0m
[33m[ WARN] [1604562089.318223618]: MessageFilter [target=map ]: Discarding message from [/move_base] due to empty frame_id.  This message will only print once.[0m
[33m[ WARN] [1604562089.318334917]: Invalid argument passed to canTransform argument source_frame in tf2 frame_ids cannot be empty[0m
[33m[ WARN] [1604562089.318399527]: Invalid argument passed to canTransform argument source_frame in tf2 frame_ids cannot be empty[0m
[33m[ WARN] [1604562089.318431864]: Invalid argument passed to canTransform argument source_frame in tf2 frame_ids cannot be empty[0m
[33m[ WARN] [1604562089.318448353]: Invalid argument passed to canTransform argument source_frame in tf2 frame_ids cannot be empty[0m
[33m[ WARN] [1604562089.318463642]: Invalid argument passed to canTransform argument source_frame in tf2 frame_ids cannot be empty[0m
[33m[ WARN] [1604562089.318478421]: Invalid argument passed to canTransform argument source_frame in tf2 frame_ids cannot be empty[0m
[33m[ WARN] [1604562089.318494120]: Invalid argument passed to canTransform argument source_frame in tf2 frame_ids cannot be empty[0m
[33m[ WARN] [1604562089.318509240]: Invalid argument passed to canTransform argument source_frame in tf2 frame_ids cannot be empty[0m
[33m[ WARN] [1604562089.318523627]: Invalid argument passed to canTransform argument source_frame in tf2 frame_ids cannot be empty[0m
[33m[ WARN] [1604562089.318538343]: Invalid argument passed to canTransform argument source_frame in tf2 frame_ids cannot be empty[0m
[33m[ WARN] [1604562089.938080734]: Invalid argument passed to canTransform argument source_frame in tf2 frame_ids cannot be empty[0m
[33m[ WARN] [1604562089.938151313]: Invalid argument passed to canTransform argument source_frame in tf2 frame_ids cannot be empty[0m
[33m[ WARN] [1604562089.938184140]: Invalid argument passed to canTransform argument source_frame in tf2 frame_ids cannot be empty[0m
[33m[ WARN] [1604562089.938203314]: Invalid argument passed to canTransform argument source_frame in tf2 frame_ids cannot be empty[0m
[33m[ WARN] [1604562089.938221289]: Invalid argument passed to canTransform argument source_frame in tf2 frame_ids cannot be empty[0m
[33m[ WARN] [1604562089.938238843]: Invalid argument passed to canTransform argument source_frame in tf2 frame_ids cannot be empty[0m
[33m[ WARN] [1604562089.938255933]: Invalid argument passed to canTransform argument source_frame in tf2 frame_ids cannot be empty[0m
[33m[ WARN] [1604562089.938271678]: Invalid argument passed to canTransform argument source_frame in tf2 frame_ids cannot be empty[0m
[33m[ WARN] [1604562089.938295069]: Invalid argument passed to canTransform argument source_frame in tf2 frame_ids cannot be empty[0m
[33m[ WARN] [1604562089.938319340]: Invalid argument passed to canTransform argument source_frame in tf2 frame_ids cannot be empty[0m
[33m[ WARN] [1604562090.617720137]: Invalid argument passed to canTransform argument source_frame in tf2 frame_ids cannot be empty[0m
[33m[ WARN] [1604562090.617765817]: Invalid argument passed to canTransform argument source_frame in tf2 frame_ids cannot be empty[0m
[33m[ WARN] [1604562090.617789149]: Invalid argument passed to canTransform argument source_frame in tf2 frame_ids cannot be empty[0m
[33m[ WARN] [1604562090.617808787]: Invalid argument passed to canTransform argument source_frame in tf2 frame_ids cannot be empty[0m
[33m[ WARN] [1604562090.617845024]: Invalid argument passed to canTransform argument source_frame in tf2 frame_ids cannot be empty[0m
[33m[ WARN] [1604562090.617861048]: Invalid argument passed to canTransform argument source_frame in tf2 frame_ids cannot be empty[0m
[33m[ WARN] [1604562090.617879659]: Invalid argument passed to canTransform argument source_frame in tf2 frame_ids cannot be empty[0m
[33m[ WARN] [1604562090.617923959]: Invalid argument passed to canTransform argument source_frame in tf2 frame_ids cannot be empty[0m
[33m[ WARN] [1604562090.617957509]: Invalid argument passed to canTransform argument source_frame in tf2 frame_ids cannot be empty[0m
[33m[ WARN] [1604562090.617980964]: Invalid argument passed to canTransform argument source_frame in tf2 frame_ids cannot be empty[0m
[33m[ WARN] [1604562091.320732286]: Invalid argument passed to canTransform argument source_frame in tf2 frame_ids cannot be empty[0m
[33m[ WARN] [1604562091.320794164]: Invalid argument passed to canTransform argument source_frame in tf2 frame_ids cannot be empty[0m
[33m[ WARN] [1604562091.320816453]: Invalid argument passed to canTransform argument source_frame in tf2 frame_ids cannot be empty[0m
[33m[ WARN] [1604562091.320835996]: Invalid argument passed to canTransform argument source_frame in tf2 frame_ids cannot be empty[0m
[33m[ WARN] [1604562091.320852222]: Invalid argument passed to canTransform argument source_frame in tf2 frame_ids cannot be empty[0m
[33m[ WARN] [1604562091.320872285]: Invalid argument passed to canTransform argument source_frame in tf2 frame_ids cannot be empty[0m
[33m[ WARN] [1604562091.320889918]: Invalid argument passed to canTransform argument source_frame in tf2 frame_ids cannot be empty[0m
[33m[ WARN] [1604562091.320908357]: Invalid argument passed to canTransform argument source_frame in tf2 frame_ids cannot be empty[0m
[33m[ WARN] [1604562091.320925676]: Invalid argument passed to canTransform argument source_frame in tf2 frame_ids cannot be empty[0m
[33m[ WARN] [1604562091.320944459]: Invalid argument passed to canTransform argument source_frame in tf2 frame_ids cannot be empty[0m
[33m[ WARN] [1604562091.964122056]: Invalid argument passed to canTransform argument source_frame in tf2 frame_ids cannot be empty[0m
[33m[ WARN] [1604562091.964174963]: Invalid argument passed to canTransform argument source_frame in tf2 frame_ids cannot be empty[0m
[33m[ WARN] [1604562091.964215552]: Invalid argument passed to canTransform argument source_frame in tf2 frame_ids cannot be empty[0m
[33m[ WARN] [1604562091.964236583]: Invalid argument passed to canTransform argument source_frame in tf2 frame_ids cannot be empty[0m
[33m[ WARN] [1604562091.964267130]: Invalid argument passed to canTransform argument source_frame in tf2 frame_ids cannot be empty[0m
[33m[ WARN] [1604562091.964294533]: Invalid argument passed to canTransform argument source_frame in tf2 frame_ids cannot be empty[0m
[33m[ WARN] [1604562091.964331695]: Invalid argument passed to canTransform argument source_frame in tf2 frame_ids cannot be empty[0m
[33m[ WARN] [1604562091.964347260]: Invalid argument passed to canTransform argument source_frame in tf2 frame_ids cannot be empty[0m
[33m[ WARN] [1604562091.964382744]: Invalid argument passed to canTransform argument source_frame in tf2 frame_ids cannot be empty[0m
[33m[ WARN] [1604562091.964397550]: Invalid argument passed to canTransform argument source_frame in tf2 frame_ids cannot be empty[0m
[33m[ WARN] [1604562092.629882394]: Invalid argument passed to canTransform argument source_frame in tf2 frame_ids cannot be empty[0m
[33m[ WARN] [1604562092.629944952]: Invalid argument passed to canTransform argument source_frame in tf2 frame_ids cannot be empty[0m
[33m[ WARN] [1604562092.629986421]: Invalid argument passed to canTransform argument source_frame in tf2 frame_ids cannot be empty[0m
[33m[ WARN] [1604562092.630022045]: Invalid argument passed to canTransform argument source_frame in tf2 frame_ids cannot be empty[0m
[33m[ WARN] [1604562092.630052178]: Invalid argument passed to canTransform argument source_frame in tf2 frame_ids cannot be empty[0m
[33m[ WARN] [1604562092.630080573]: Invalid argument passed to canTransform argument source_frame in tf2 frame_ids cannot be empty[0m
[33m[ WARN] [1604562092.630098790]: Invalid argument passed to canTransform argument source_frame in tf2 frame_ids cannot be empty[0m
[33m[ WARN] [1604562092.630153092]: Invalid argument passed to canTransform argument source_frame in tf2 frame_ids cannot be empty[0m
[33m[ WARN] [1604562092.630189242]: Invalid argument passed to canTransform argument source_frame in tf2 frame_ids cannot be empty[0m
[33m[ WARN] [1604562092.630204441]: Invalid argument passed to canTransform argument source_frame in tf2 frame_ids cannot be empty[0m
[33m[ WARN] [1604562093.169376041]: Invalid argument passed to canTransform argument source_frame in tf2 frame_ids cannot be empty[0m
[33m[ WARN] [1604562093.169438595]: Invalid argument passed to canTransform argument source_frame in tf2 frame_ids cannot be empty[0m
[33m[ WARN] [1604562093.169479593]: Invalid argument passed to canTransform argument source_frame in tf2 frame_ids cannot be empty[0m
[33m[ WARN] [1604562093.169498281]: Invalid argument passed to canTransform argument source_frame in tf2 frame_ids cannot be empty[0m
[33m[ WARN] [1604562093.169534318]: Invalid argument passed to canTransform argument source_frame in tf2 frame_ids cannot be empty[0m
[33m[ WARN] [1604562093.169550496]: Invalid argument passed to canTransform argument source_frame in tf2 frame_ids cannot be empty[0m
[33m[ WARN] [1604562093.169568118]: Invalid argument passed to canTransform argument source_frame in tf2 frame_ids cannot be empty[0m
[33m[ WARN] [1604562093.169584617]: Invalid argument passed to canTransform argument source_frame in tf2 frame_ids cannot be empty[0m
[33m[ WARN] [1604562093.169600302]: Invalid argument passed to canTransform argument source_frame in tf2 frame_ids cannot be empty[0m
[33m[ WARN] [1604562093.169617977]: Invalid argument passed to canTransform argument source_frame in tf2 frame_ids cannot be empty[0m
[33m[ WARN] [1604562093.719750538]: Invalid argument passed to canTransform argument source_frame in tf2 frame_ids cannot be empty[0m
[33m[ WARN] [1604562093.719811399]: Invalid argument passed to canTransform argument source_frame in tf2 frame_ids cannot be empty[0m
[33m[ WARN] [1604562093.719855568]: Invalid argument passed to canTransform argument source_frame in tf2 frame_ids cannot be empty[0m
[33m[ WARN] [1604562093.719872679]: Invalid argument passed to canTransform argument source_frame in tf2 frame_ids cannot be empty[0m
[33m[ WARN] [1604562093.719892412]: Invalid argument passed to canTransform argument source_frame in tf2 frame_ids cannot be empty[0m
[33m[ WARN] [1604562093.719910103]: Invalid argument passed to canTransform argument source_frame in tf2 frame_ids cannot be empty[0m
[33m[ WARN] [1604562093.719927645]: Invalid argument passed to canTransform argument source_frame in tf2 frame_ids cannot be empty[0m
[33m[ WARN] [1604562093.719944836]: Invalid argument passed to canTransform argument source_frame in tf2 frame_ids cannot be empty[0m
[33m[ WARN] [1604562093.719961856]: Invalid argument passed to canTransform argument source_frame in tf2 frame_ids cannot be empty[0m
[33m[ WARN] [1604562093.719978611]: Invalid argument passed to canTransform argument source_frame in tf2 frame_ids cannot be empty[0m
[33m[ WARN] [1604562094.328653603]: Invalid argument passed to canTransform argument source_frame in tf2 frame_ids cannot be empty[0m
[33m[ WARN] [1604562094.328698525]: Invalid argument passed to canTransform argument source_frame in tf2 frame_ids cannot be empty[0m
[33m[ WARN] [1604562094.328722578]: Invalid argument passed to canTransform argument source_frame in tf2 frame_ids cannot be empty[0m
[33m[ WARN] [1604562094.328742721]: Invalid argument passed to canTransform argument source_frame in tf2 frame_ids cannot be empty[0m
[33m[ WARN] [1604562094.328761898]: Invalid argument passed to canTransform argument source_frame in tf2 frame_ids cannot be empty[0m
[33m[ WARN] [1604562094.328779814]: Invalid argument passed to canTransform argument source_frame in tf2 frame_ids cannot be empty[0m
[33m[ WARN] [1604562094.328797808]: Invalid argument passed to canTrans