[rospy.client][INFO] 2020-10-29 19:23:03,560: init_node, name[/rosapi], pid[3262]
[xmlrpc][INFO] 2020-10-29 19:23:03,560: XML-RPC server binding to 0.0.0.0:0
[xmlrpc][INFO] 2020-10-29 19:23:03,560: Started XML-RPC server [http://freight1207:33096/]
[rospy.init][INFO] 2020-10-29 19:23:03,561: ROS Slave URI: [http://freight1207:33096/]
[rospy.impl.masterslave][INFO] 2020-10-29 19:23:03,561: _ready: http://freight1207:33096/
[xmlrpc][INFO] 2020-10-29 19:23:03,561: xml rpc node: starting XML-RPC server
[rospy.registration][INFO] 2020-10-29 19:23:03,561: Registering with master node http://localhost:11311
[rospy.init][INFO] 2020-10-29 19:23:03,661: registered with master
[rospy.rosout][INFO] 2020-10-29 19:23:03,661: initializing /rosout core topic
[rospy.rosout][INFO] 2020-10-29 19:23:03,663: connected to core topic /rosout
[rospy.simtime][INFO] 2020-10-29 19:23:03,663: /use_sim_time is not set, will not subscribe to simulated time [/clock] topic
[rosout][INFO] 2020-10-29 19:23:03,684: Rosapi started
[rospy.internal][INFO] 2020-10-29 19:23:03,848: topic[/rosout] adding connection to [/rosout], count 0
[rospy.core][INFO] 2020-10-29 19:24:27,541: signal_shutdown [signal-2]
[rospy.internal][INFO] 2020-10-29 19:24:27,548: topic[/rosout] removing connection to /rosout
[rospy.impl.masterslave][INFO] 2020-10-29 19:24:27,548: signal-2
[rospy.core][INFO] 2020-10-29 19:24:28,163: signal_shutdown [atexit]
[rospy.client][INFO] 2020-10-29 19:24:44,210: init_node, name[/rosapi], pid[3453]
[xmlrpc][INFO] 2020-10-29 19:24:44,210: XML-RPC server binding to 0.0.0.0:0
[xmlrpc][INFO] 2020-10-29 19:24:44,210: Started XML-RPC server [http://freight1207:38838/]
[rospy.init][INFO] 2020-10-29 19:24:44,210: ROS Slave URI: [http://freight1207:38838/]
[rospy.impl.masterslave][INFO] 2020-10-29 19:24:44,210: _ready: http://freight1207:38838/
[xmlrpc][INFO] 2020-10-29 19:24:44,211: xml rpc node: starting XML-RPC server
[rospy.registration][INFO] 2020-10-29 19:24:44,211: Registering with master node http://localhost:11311
[rospy.init][INFO] 2020-10-29 19:24:44,311: registered with master
[rospy.rosout][INFO] 2020-10-29 19:24:44,311: initializing /rosout core topic
[rospy.rosout][INFO] 2020-10-29 19:24:44,312: connected to core topic /rosout
[rospy.simtime][INFO] 2020-10-29 19:24:44,313: /use_sim_time is not set, will not subscribe to simulated time [/clock] topic
[rosout][INFO] 2020-10-29 19:24:44,335: Rosapi started
[rospy.internal][INFO] 2020-10-29 19:24:44,484: topic[/rosout] adding connection to [/rosout], count 0
[rospy.core][INFO] 2020-10-29 19:39:04,704: signal_shutdown [signal-2]
[rospy.internal][INFO] 2020-10-29 19:39:04,709: topic[/rosout] removing connection to /rosout
[rospy.impl.masterslave][INFO] 2020-10-29 19:39:04,710: signal-2
[rospy.core][INFO] 2020-10-29 19:39:04,841: signal_shutdown [atexit]
[rospy.client][INFO] 2020-10-29 19:39:30,100: init_node, name[/rosapi], pid[3831]
[xmlrpc][INFO] 2020-10-29 19:39:30,100: XML-RPC server binding to 0.0.0.0:0
[xmlrpc][INFO] 2020-10-29 19:39:30,100: Started XML-RPC server [http://freight1207:47820/]
[rospy.init][INFO] 2020-10-29 19:39:30,100: ROS Slave URI: [http://freight1207:47820/]
[rospy.impl.masterslave][INFO] 2020-10-29 19:39:30,100: _ready: http://freight1207:47820/
[xmlrpc][INFO] 2020-10-29 19:39:30,101: xml rpc node: starting XML-RPC server
[rospy.registration][INFO] 2020-10-29 19:39:30,101: Registering with master node http://localhost:11311
[rospy.init][INFO] 2020-10-29 19:39:30,201: registered with master
[rospy.rosout][INFO] 2020-10-29 19:39:30,201: initializing /rosout core topic
[rospy.rosout][INFO] 2020-10-29 19:39:30,202: connected to core topic /rosout
[rospy.simtime][INFO] 2020-10-29 19:39:30,203: /use_sim_time is not set, will not subscribe to simulated time [/clock] topic
[rosout][INFO] 2020-10-29 19:39:30,225: Rosapi started
[rospy.internal][INFO] 2020-10-29 19:39:30,321: topic[/rosout] adding connection to [/rosout], count 0
[rospy.core][INFO] 2020-10-29 19:40:55,744: signal_shutdown [signal-2]
[rospy.internal][INFO] 2020-10-29 19:40:55,750: topic[/rosout] removing connection to /rosout
[rospy.impl.masterslave][INFO] 2020-10-29 19:40:55,751: signal-2
[rospy.core][INFO] 2020-10-29 19:40:55,914: signal_shutdown [atexit]
[rospy.client][INFO] 2020-10-29 19:42:25,226: init_node, name[/rosapi], pid[3935]
[xmlrpc][INFO] 2020-10-29 19:42:25,226: XML-RPC server binding to 0.0.0.0:0
[xmlrpc][INFO] 2020-10-29 19:42:25,227: Started XML-RPC server [http://freight1207:55000/]
[rospy.init][INFO] 2020-10-29 19:42:25,227: ROS Slave URI: [http://freight1207:55000/]
[rospy.impl.masterslave][INFO] 2020-10-29 19:42:25,227: _ready: http://freight1207:55000/
[xmlrpc][INFO] 2020-10-29 19:42:25,228: xml rpc node: starting XML-RPC server
[rospy.registration][INFO] 2020-10-29 19:42:25,228: Registering with master node http://localhost:11311
[rospy.init][INFO] 2020-10-29 19:42:25,327: registered with master
[rospy.rosout][INFO] 2020-10-29 19:42:25,327: initializing /rosout core topic
[rospy.rosout][INFO] 2020-10-29 19:42:25,329: connected to core topic /rosout
[rospy.simtime][INFO] 2020-10-29 19:42:25,330: /use_sim_time is not set, will not subscribe to simulated time [/clock] topic
[rosout][INFO] 2020-10-29 19:42:25,351: Rosapi started
[rospy.internal][INFO] 2020-10-29 19:42:25,456: topic[/rosout] adding connection to [/rosout], count 0
[rospy.core][INFO] 2020-10-29 19:45:15,311: signal_shutdown [signal-2]
[rospy.internal][INFO] 2020-10-29 19:45:15,321: topic[/rosout] removing connection to /rosout
[rospy.impl.masterslave][INFO] 2020-10-29 19:45:15,321: signal-2
[rospy.core][INFO] 2020-10-29 19:45:15,436: signal_shutdown [atexit]
[rospy.client][INFO] 2020-10-29 19:46:23,966: init_node, name[/rosapi], pid[4117]
[xmlrpc][INFO] 2020-10-29 19:46:23,966: XML-RPC server binding to 0.0.0.0:0
[xmlrpc][INFO] 2020-10-29 19:46:23,966: Started XML-RPC server [http://freight1207:34119/]
[rospy.init][INFO] 2020-10-29 19:46:23,966: ROS Slave URI: [http://freight1207:34119/]
[rospy.impl.masterslave][INFO] 2020-10-29 19:46:23,966: _ready: http://freight1207:34119/
[xmlrpc][INFO] 2020-10-29 19:46:23,967: xml rpc node: starting XML-RPC server
[rospy.registration][INFO] 2020-10-29 19:46:23,967: Registering with master node http://localhost:11311
[rospy.init][INFO] 2020-10-29 19:46:24,066: registered with master
[rospy.rosout][INFO] 2020-10-29 19:46:24,067: initializing /rosout core topic
[rospy.rosout][INFO] 2020-10-29 19:46:24,068: connected to core topic /rosout
[rospy.simtime][INFO] 2020-10-29 19:46:24,069: /use_sim_time is not set, will not subscribe to simulated time [/clock] topic
[rosout][INFO] 2020-10-29 19:46:24,090: Rosapi started
[rospy.internal][INFO] 2020-10-29 19:46:24,369: topic[/rosout] adding connection to [/rosout], count 0
[rospy.core][INFO] 2020-10-29 20:04:57,913: signal_shutdown [signal-2]
[rospy.internal][INFO] 2020-10-29 20:04:57,920: topic[/rosout] removing connection to /rosout
[rospy.impl.masterslave][INFO] 2020-10-29 20:04:57,920: signal-2
[rospy.core][INFO] 2020-10-29 20:04:58,051: signal_shutdown [atexit]
[rospy.client][INFO] 2020-10-29 20:11:12,516: init_node, name[/rosapi], pid[10884]
[xmlrpc][INFO] 2020-10-29 20:11:12,516: XML-RPC server binding to 0.0.0.0:0
[xmlrpc][INFO] 2020-10-29 20:11:12,516: Started XML-RPC server [http://freight1207:32797/]
[rospy.init][INFO] 2020-10-29 20:11:12,516: ROS Slave URI: [http://freight1207:32797/]
[rospy.impl.masterslave][INFO] 2020-10-29 20:11:12,516: _ready: http://freight1207:32797/
[xmlrpc][INFO] 2020-10-29 20:11:12,517: xml rpc node: starting XML-RPC server
[rospy.registration][INFO] 2020-10-29 20:11:12,517: Registering with master node http://localhost:11311
[rospy.init][INFO] 2020-10-29 20:11:12,617: registered with master
[rospy.rosout][INFO] 2020-10-29 20:11:12,617: initializing /rosout core topic
[rospy.rosout][INFO] 2020-10-29 20:11:12,618: connected to core topic /rosout
[rospy.simtime][INFO] 2020-10-29 20:11:12,619: /use_sim_time is not set, will not subscribe to simulated time [/clock] topic
[rosout][INFO] 2020-10-29 20:11:12,641: Rosapi started
[rospy.internal][INFO] 2020-10-29 20:11:12,880: topic[/rosout] adding connection to [/rosout], count 0
[rospy.core][INFO] 2020-10-29 20:42:54,345: signal_shutdown [signal-2]
[rospy.registration][WARNING] 2020-10-29 20:42:54,345: cannot unregister with master due to network issues
[rospy.internal][INFO] 2020-10-29 20:42:54,345: topic[/rosout] removing connection to /rosout
[rospy.impl.masterslave][INFO] 2020-10-29 20:42:54,346: signal-2
[rospy.core][INFO] 2020-10-29 20:42:54,449: signal_shutdown [signal-15]
[rospy.core][INFO] 2020-10-29 20:42:54,449: signal_shutdown [atexit]
