[roslaunch][INFO] 2020-10-20 23:59:25,563: Checking log directory for disk usage. This may take awhile.
Press Ctrl-C to interrupt
[roslaunch][INFO] 2020-10-20 23:59:25,566: Done checking log file disk usage. Usage is <1GB.
[roslaunch][INFO] 2020-10-20 23:59:25,566: roslaunch starting with args ['/opt/ros/indigo/bin/roslaunch', 'gaitech_remote_control', 'remote_control.launch']
[roslaunch][INFO] 2020-10-20 23:59:25,566: roslaunch env is {'ROS_DISTRO': 'indigo', 'LESSOPEN': '| /usr/bin/lesspipe %s', 'SSH_CLIENT': '192.168.30.25 49512 22', 'CPATH': '/home/fetch/catkin_ws/devel/include:/opt/ros/indigo/include', 'LOGNAME': 'fetch', 'USER': 'fetch', 'PATH': '/opt/ros/indigo/bin:/usr/local/sbin:/usr/local/bin:/usr/sbin:/usr/bin:/sbin:/bin:/usr/games:/usr/local/games', 'HOME': '/home/fetch', 'CMAKE_PREFIX_PATH': '/home/fetch/catkin_ws/devel:/opt/ros/indigo', 'LD_LIBRARY_PATH': '/home/fetch/catkin_ws/devel/lib:/opt/ros/indigo/lib', 'LANG': 'en_US.UTF-8', 'TERM': 'xterm-256color', 'SHELL': '/bin/bash', 'SHLVL': '1', 'QT_QPA_PLATFORMTHEME': 'appmenu-qt5', 'ROS_LOG_FILENAME': '/home/fetch/.ros/log/af8e1d38-1367-11eb-809f-000babe55698/roslaunch-freight1207-8923.log', 'ROS_ETC_DIR': '/opt/ros/indigo/etc/ros', 'XDG_RUNTIME_DIR': '/run/user/1000', 'PYTHONPATH': '/home/fetch/catkin_ws/devel/lib/python2.7/dist-packages:/opt/ros/indigo/lib/python2.7/dist-packages', 'ROS_ROOT': '/opt/ros/indigo/share/ros', 'PKG_CONFIG_PATH': '/home/fetch/catkin_ws/devel/lib/pkgconfig:/opt/ros/indigo/lib/pkgconfig', 'ROS_PACKAGE_PATH': '/home/fetch/catkin_ws/src:/opt/ros/indigo/share:/opt/ros/indigo/stacks', 'XDG_SESSION_ID': '3', '_': '/opt/ros/indigo/bin/roslaunch', 'SSH_CONNECTION': '192.168.30.25 49512 192.168.30.22 22', 'LESSCLOSE': '/usr/bin/lesspipe %s %s', 'SSH_TTY': '/dev/pts/1', 'PWD': '/home/fetch', 'ROS_MASTER_URI': 'http://localhost:11311', 'MAIL': '/var/mail/fetch', 'LS_COLORS': 'rs=0:di=01;34:ln=01;36:mh=00:pi=40;33:so=01;35:do=01;35:bd=40;33;01:cd=40;33;01:or=40;31;01:su=37;41:sg=30;43:ca=30;41:tw=30;42:ow=34;42:st=37;44:ex=01;32:*.tar=01;31:*.tgz=01;31:*.arj=01;31:*.taz=01;31:*.lzh=01;31:*.lzma=01;31:*.tlz=01;31:*.txz=01;31:*.zip=01;31:*.z=01;31:*.Z=01;31:*.dz=01;31:*.gz=01;31:*.lz=01;31:*.xz=01;31:*.bz2=01;31:*.bz=01;31:*.tbz=01;31:*.tbz2=01;31:*.tz=01;31:*.deb=01;31:*.rpm=01;31:*.jar=01;31:*.war=01;31:*.ear=01;31:*.sar=01;31:*.rar=01;31:*.ace=01;31:*.zoo=01;31:*.cpio=01;31:*.7z=01;31:*.rz=01;31:*.jpg=01;35:*.jpeg=01;35:*.gif=01;35:*.bmp=01;35:*.pbm=01;35:*.pgm=01;35:*.ppm=01;35:*.tga=01;35:*.xbm=01;35:*.xpm=01;35:*.tif=01;35:*.tiff=01;35:*.png=01;35:*.svg=01;35:*.svgz=01;35:*.mng=01;35:*.pcx=01;35:*.mov=01;35:*.mpg=01;35:*.mpeg=01;35:*.m2v=01;35:*.mkv=01;35:*.webm=01;35:*.ogm=01;35:*.mp4=01;35:*.m4v=01;35:*.mp4v=01;35:*.vob=01;35:*.qt=01;35:*.nuv=01;35:*.wmv=01;35:*.asf=01;35:*.rm=01;35:*.rmvb=01;35:*.flc=01;35:*.avi=01;35:*.fli=01;35:*.flv=01;35:*.gl=01;35:*.dl=01;35:*.xcf=01;35:*.xwd=01;35:*.yuv=01;35:*.cgm=01;35:*.emf=01;35:*.axv=01;35:*.anx=01;35:*.ogv=01;35:*.ogx=01;35:*.aac=00;36:*.au=00;36:*.flac=00;36:*.mid=00;36:*.midi=00;36:*.mka=00;36:*.mp3=00;36:*.mpc=00;36:*.ogg=00;36:*.ra=00;36:*.wav=00;36:*.axa=00;36:*.oga=00;36:*.spx=00;36:*.xspf=00;36:'}
[roslaunch][INFO] 2020-10-20 23:59:25,566: starting in server mode
[roslaunch.parent][INFO] 2020-10-20 23:59:25,566: starting roslaunch parent run
[roslaunch][INFO] 2020-10-20 23:59:25,566: loading roscore config file /opt/ros/indigo/etc/ros/roscore.xml
[roslaunch][INFO] 2020-10-20 23:59:25,631: Added core node of type [rosout/rosout] in namespace [/]
[roslaunch.config][INFO] 2020-10-20 23:59:25,631: loading config file /home/fetch/catkin_ws/src/gaitech_remote_control/launch/remote_control.launch
[roslaunch][INFO] 2020-10-20 23:59:25,632: Added node of type [gaitech_remote_control/remote_control_node] in namespace [/]
[roslaunch][INFO] 2020-10-20 23:59:25,632: ... selected machine [] for node of type [gaitech_remote_control/remote_control_node]
[roslaunch.pmon][INFO] 2020-10-20 23:59:25,632: start_process_monitor: creating ProcessMonitor
[roslaunch.pmon][INFO] 2020-10-20 23:59:25,633: created process monitor <ProcessMonitor(ProcessMonitor-1, initial daemon)>
[roslaunch.pmon][INFO] 2020-10-20 23:59:25,633: start_process_monitor: ProcessMonitor started
[roslaunch.parent][INFO] 2020-10-20 23:59:25,633: starting parent XML-RPC server
[roslaunch.server][INFO] 2020-10-20 23:59:25,633: starting roslaunch XML-RPC server
[roslaunch.server][INFO] 2020-10-20 23:59:25,633: waiting for roslaunch XML-RPC server to initialize
[xmlrpc][INFO] 2020-10-20 23:59:25,633: XML-RPC server binding to 0.0.0.0:0
[xmlrpc][INFO] 2020-10-20 23:59:25,633: Started XML-RPC server [http://freight1207:38244/]
[xmlrpc][INFO] 2020-10-20 23:59:25,633: xml rpc node: starting XML-RPC server
[roslaunch][INFO] 2020-10-20 23:59:25,644: started roslaunch server http://freight1207:38244/
[roslaunch.parent][INFO] 2020-10-20 23:59:25,644: ... parent XML-RPC server started
[roslaunch][INFO] 2020-10-20 23:59:25,644: master.is_running[http://localhost:11311]
[roslaunch][INFO] 2020-10-20 23:59:25,645: master.is_running[http://localhost:11311]
[roslaunch][INFO] 2020-10-20 23:59:25,646: ROS_MASTER_URI=http://localhost:11311
[roslaunch][INFO] 2020-10-20 23:59:25,647: setting /roslaunch/uris/host_freight1207__38244' to http://freight1207:38244/
[roslaunch][INFO] 2020-10-20 23:59:25,649: load_parameters starting ...
[roslaunch][INFO] 2020-10-20 23:59:25,651: ... load_parameters complete
[roslaunch][INFO] 2020-10-20 23:59:25,651: launch_nodes: launching local nodes ...
[roslaunch][INFO] 2020-10-20 23:59:25,651: ... preparing to launch node of type [gaitech_remote_control/remote_control_node]
[roslaunch][INFO] 2020-10-20 23:59:25,651: create_node_process: package[gaitech_remote_control] type[remote_control_node] machine[Machine(name[] env_loader[None] address[localhost] ssh_port[22] user[None] assignable[True] timeout[10.0])] master_uri[http://localhost:11311]
[roslaunch][INFO] 2020-10-20 23:59:25,651: process[remote_control-1]: env[{'ROS_DISTRO': 'indigo', 'LESSOPEN': '| /usr/bin/lesspipe %s', 'SSH_CLIENT': '192.168.30.25 49512 22', 'CPATH': '/home/fetch/catkin_ws/devel/include:/opt/ros/indigo/include', 'LOGNAME': 'fetch', 'USER': 'fetch', 'PATH': '/opt/ros/indigo/bin:/usr/local/sbin:/usr/local/bin:/usr/sbin:/usr/bin:/sbin:/bin:/usr/games:/usr/local/games', 'HOME': '/home/fetch', 'CMAKE_PREFIX_PATH': '/home/fetch/catkin_ws/devel:/opt/ros/indigo', 'ROS_LOG_FILENAME': '/home/fetch/.ros/log/af8e1d38-1367-11eb-809f-000babe55698/roslaunch-freight1207-8923.log', 'LANG': 'en_US.UTF-8', 'TERM': 'xterm-256color', 'SHELL': '/bin/bash', 'SHLVL': '1', 'QT_QPA_PLATFORMTHEME': 'appmenu-qt5', 'LD_LIBRARY_PATH': '/home/fetch/catkin_ws/devel/lib:/opt/ros/indigo/lib', 'ROS_MASTER_URI': 'http://localhost:11311', 'XDG_RUNTIME_DIR': '/run/user/1000', 'PYTHONPATH': '/home/fetch/catkin_ws/devel/lib/python2.7/dist-packages:/opt/ros/indigo/lib/python2.7/dist-packages', 'ROS_ROOT': '/opt/ros/indigo/share/ros', 'PKG_CONFIG_PATH': '/home/fetch/catkin_ws/devel/lib/pkgconfig:/opt/ros/indigo/lib/pkgconfig', 'ROS_PACKAGE_PATH': '/home/fetch/catkin_ws/src:/opt/ros/indigo/share:/opt/ros/indigo/stacks', 'XDG_SESSION_ID': '3', '_': '/opt/ros/indigo/bin/roslaunch', 'LS_COLORS': 'rs=0:di=01;34:ln=01;36:mh=00:pi=40;33:so=01;35:do=01;35:bd=40;33;01:cd=40;33;01:or=40;31;01:su=37;41:sg=30;43:ca=30;41:tw=30;42:ow=34;42:st=37;44:ex=01;32:*.tar=01;31:*.tgz=01;31:*.arj=01;31:*.taz=01;31:*.lzh=01;31:*.lzma=01;31:*.tlz=01;31:*.txz=01;31:*.zip=01;31:*.z=01;31:*.Z=01;31:*.dz=01;31:*.gz=01;31:*.lz=01;31:*.xz=01;31:*.bz2=01;31:*.bz=01;31:*.tbz=01;31:*.tbz2=01;31:*.tz=01;31:*.deb=01;31:*.rpm=01;31:*.jar=01;31:*.war=01;31:*.ear=01;31:*.sar=01;31:*.rar=01;31:*.ace=01;31:*.zoo=01;31:*.cpio=01;31:*.7z=01;31:*.rz=01;31:*.jpg=01;35:*.jpeg=01;35:*.gif=01;35:*.bmp=01;35:*.pbm=01;35:*.pgm=01;35:*.ppm=01;35:*.tga=01;35:*.xbm=01;35:*.xpm=01;35:*.tif=01;35:*.tiff=01;35:*.png=01;35:*.svg=01;35:*.svgz=01;35:*.mng=01;35:*.pcx=01;35:*.mov=01;35:*.mpg=01;35:*.mpeg=01;35:*.m2v=01;35:*.mkv=01;35:*.webm=01;35:*.ogm=01;35:*.mp4=01;35:*.m4v=01;35:*.mp4v=01;35:*.vob=01;35:*.qt=01;35:*.nuv=01;35:*.wmv=01;35:*.asf=01;35:*.rm=01;35:*.rmvb=01;35:*.flc=01;35:*.avi=01;35:*.fli=01;35:*.flv=01;35:*.gl=01;35:*.dl=01;35:*.xcf=01;35:*.xwd=01;35:*.yuv=01;35:*.cgm=01;35:*.emf=01;35:*.axv=01;35:*.anx=01;35:*.ogv=01;35:*.ogx=01;35:*.aac=00;36:*.au=00;36:*.flac=00;36:*.mid=00;36:*.midi=00;36:*.mka=00;36:*.mp3=00;36:*.mpc=00;36:*.ogg=00;36:*.ra=00;36:*.wav=00;36:*.axa=00;36:*.oga=00;36:*.spx=00;36:*.xspf=00;36:', 'LESSCLOSE': '/usr/bin/lesspipe %s %s', 'SSH_TTY': '/dev/pts/1', 'PWD': '/home/fetch', 'ROS_ETC_DIR': '/opt/ros/indigo/etc/ros', 'MAIL': '/var/mail/fetch', 'SSH_CONNECTION': '192.168.30.25 49512 192.168.30.22 22'}]
[roslaunch][INFO] 2020-10-20 23:59:25,672: process[remote_control-1]: args[[u'/home/fetch/catkin_ws/devel/lib/gaitech_remote_control/remote_control_node', u'__name:=remote_control']]
[roslaunch][INFO] 2020-10-20 23:59:25,672: ... created process [remote_control-1]
[roslaunch.pmon][INFO] 2020-10-20 23:59:25,672: ProcessMonitor.register[remote_control-1]
[roslaunch.pmon][INFO] 2020-10-20 23:59:25,672: ProcessMonitor.register[remote_control-1] complete
[roslaunch][INFO] 2020-10-20 23:59:25,672: ... registered process [remote_control-1]
[roslaunch][INFO] 2020-10-20 23:59:25,672: process[remote_control-1]: starting os process
[roslaunch][INFO] 2020-10-20 23:59:25,672: process[remote_control-1]: start w/ args [[u'/home/fetch/catkin_ws/devel/lib/gaitech_remote_control/remote_control_node', u'__name:=remote_control', u'__log:=/home/fetch/.ros/log/af8e1d38-1367-11eb-809f-000babe55698/remote_control-1.log']]
[roslaunch][INFO] 2020-10-20 23:59:25,673: process[remote_control-1]: cwd will be [/home/fetch/.ros]
[roslaunch][INFO] 2020-10-20 23:59:25,674: process[remote_control-1]: started with pid [8941]
[roslaunch][INFO] 2020-10-20 23:59:25,674: ... successfully launched [remote_control-1]
[roslaunch][INFO] 2020-10-20 23:59:25,674: ... launch_nodes complete
[roslaunch.pmon][INFO] 2020-10-20 23:59:25,674: registrations completed <ProcessMonitor(ProcessMonitor-1, started daemon 139860694861568)>
[roslaunch.parent][INFO] 2020-10-20 23:59:25,674: ... roslaunch parent running, waiting for process exit
[roslaunch][INFO] 2020-10-20 23:59:25,674: spin
[roslaunch.pmon][INFO] 2020-10-21 00:00:54,002: ProcessMonitor.shutdown <ProcessMonitor(ProcessMonitor-1, started daemon 139860694861568)>
[roslaunch.pmon][INFO] 2020-10-21 00:00:54,074: ProcessMonitor._post_run <ProcessMonitor(ProcessMonitor-1, started daemon 139860694861568)>
[roslaunch.pmon][INFO] 2020-10-21 00:00:54,074: ProcessMonitor._post_run <ProcessMonitor(ProcessMonitor-1, started daemon 139860694861568)>: remaining procs are [<roslaunch.nodeprocess.LocalProcess object at 0x7f33db3127d0>]
[roslaunch.pmon][INFO] 2020-10-21 00:00:54,074: ProcessMonitor exit: killing remote_control-1
[roslaunch][INFO] 2020-10-21 00:00:54,074: [remote_control-1] killing on exit
[roslaunch][INFO] 2020-10-21 00:00:54,075: process[remote_control-1]: killing os process with pid[8941] pgid[8941]
[roslaunch][INFO] 2020-10-21 00:00:54,075: [remote_control-1] sending SIGINT to pgid [8941]
[roslaunch][INFO] 2020-10-21 00:00:54,075: [remote_control-1] sent SIGINT to pgid [8941]
[roslaunch][INFO] 2020-10-21 00:00:54,276: process[remote_control-1]: SIGINT killed with return value 0
[roslaunch.pmon][INFO] 2020-10-21 00:00:54,276: ProcessMonitor exit: cleaning up data structures and signals
[roslaunch.pmon][INFO] 2020-10-21 00:00:54,276: ProcessMonitor exit: pmon has shutdown
[roslaunch][INFO] 2020-10-21 00:00:54,316: process monitor is done spinning, initiating full shutdown
[roslaunch][INFO] 2020-10-21 00:00:54,316: runner.stop()
[roslaunch][INFO] 2020-10-21 00:00:54,316: shutting down processing monitor...
[roslaunch][INFO] 2020-10-21 00:00:54,316: shutting down processing monitor <ProcessMonitor(ProcessMonitor-1, stopped daemon 139860694861568)>
[roslaunch.pmon][INFO] 2020-10-21 00:00:54,316: ProcessMonitor.shutdown <ProcessMonitor(ProcessMonitor-1, stopped daemon 139860694861568)>
[roslaunch][INFO] 2020-10-21 00:00:54,316: ... shutting down processing monitor complete
[roslaunch][INFO] 2020-10-21 00:00:54,316: done
[roslaunch.pmon][INFO] 2020-10-21 00:00:54,316: ProcessMonitor.shutdown <ProcessMonitor(ProcessMonitor-1, stopped daemon 139860694861568)>
[rospy.core][INFO] 2020-10-21 00:00:54,317: signal_shutdown [atexit]
