[roslaunch][INFO] 2020-11-02 17:16:08,007: Checking log directory for disk usage. This may take awhile.
Press Ctrl-C to interrupt
[roslaunch][INFO] 2020-11-02 17:16:08,010: Done checking log file disk usage. Usage is <1GB.
[roslaunch][INFO] 2020-11-02 17:16:08,011: roslaunch starting with args ['/opt/ros/indigo/bin/roslaunch', 'fetch_navigation', 'freight_nav.launch']
[roslaunch][INFO] 2020-11-02 17:16:08,011: roslaunch env is {'ROS_DISTRO': 'indigo', 'NVM_CD_FLAGS': '', 'LESSOPEN': '| /usr/bin/lesspipe %s', 'SSH_CLIENT': '172.22.77.105 50453 22', 'CPATH': '/home/fetch/catkin_ws/devel/include:/opt/ros/indigo/include', 'LOGNAME': 'fetch', 'USER': 'fetch', 'NVM_DIR': '/home/fetch/.nvm', 'PATH': '/home/fetch/.nvm/versions/node/v10.15.3/bin:/opt/ros/indigo/bin:/usr/local/sbin:/usr/local/bin:/usr/sbin:/usr/bin:/sbin:/bin:/usr/games:/usr/local/games', 'HOME': '/home/fetch', 'VIRTUALENVWRAPPER_SCRIPT': '/usr/share/virtualenvwrapper/virtualenvwrapper.sh', 'LD_LIBRARY_PATH': '/home/fetch/catkin_ws/devel/lib:/opt/ros/indigo/lib', 'LANG': 'en_US.UTF-8', 'TERM': 'xterm-256color', 'SHELL': '/bin/bash', 'ROS_LOG_FILENAME': '/home/fetch/.ros/log/eca80cc6-1d6f-11eb-b274-000babe55698/roslaunch-freight1207-31294.log', 'SHLVL': '1', 'QT_QPA_PLATFORMTHEME': 'appmenu-qt5', 'ROS_ETC_DIR': '/opt/ros/indigo/etc/ros', 'DISPLAY': 'localhost:13.0', 'NVM_BIN': '/home/fetch/.nvm/versions/node/v10.15.3/bin', '_VIRTUALENVWRAPPER_API': ' mkvirtualenv rmvirtualenv lsvirtualenv showvirtualenv workon add2virtualenv cdsitepackages cdvirtualenv lssitepackages toggleglobalsitepackages cpvirtualenv setvirtualenvproject mkproject cdproject mktmpenv mkvirtualenv rmvirtualenv lsvirtualenv showvirtualenv workon add2virtualenv cdsitepackages cdvirtualenv lssitepackages toggleglobalsitepackages cpvirtualenv setvirtualenvproject mkproject cdproject mktmpenv', 'CMAKE_PREFIX_PATH': '/home/fetch/catkin_ws/devel:/opt/ros/indigo', 'XDG_RUNTIME_DIR': '/run/user/1000', 'PYTHONPATH': '/home/fetch/catkin_ws/devel/lib/python2.7/dist-packages:/opt/ros/indigo/lib/python2.7/dist-packages', 'ROS_ROOT': '/opt/ros/indigo/share/ros', 'PKG_CONFIG_PATH': '/home/fetch/catkin_ws/devel/lib/pkgconfig:/opt/ros/indigo/lib/pkgconfig', 'ROS_PACKAGE_PATH': '/home/fetch/catkin_ws/src:/opt/ros/indigo/share:/opt/ros/indigo/stacks', 'XDG_SESSION_ID': '6', '_': '/opt/ros/indigo/bin/roslaunch', 'SSH_CONNECTION': '172.22.77.105 50453 172.22.77.172 22', 'LESSCLOSE': '/usr/bin/lesspipe %s %s', 'SSH_TTY': '/dev/pts/28', 'PWD': '/home/fetch', 'ROS_MASTER_URI': 'http://localhost:11311', 'MAIL': '/var/mail/fetch', 'LS_COLORS': 'rs=0:di=01;34:ln=01;36:mh=00:pi=40;33:so=01;35:do=01;35:bd=40;33;01:cd=40;33;01:or=40;31;01:su=37;41:sg=30;43:ca=30;41:tw=30;42:ow=34;42:st=37;44:ex=01;32:*.tar=01;31:*.tgz=01;31:*.arj=01;31:*.taz=01;31:*.lzh=01;31:*.lzma=01;31:*.tlz=01;31:*.txz=01;31:*.zip=01;31:*.z=01;31:*.Z=01;31:*.dz=01;31:*.gz=01;31:*.lz=01;31:*.xz=01;31:*.bz2=01;31:*.bz=01;31:*.tbz=01;31:*.tbz2=01;31:*.tz=01;31:*.deb=01;31:*.rpm=01;31:*.jar=01;31:*.war=01;31:*.ear=01;31:*.sar=01;31:*.rar=01;31:*.ace=01;31:*.zoo=01;31:*.cpio=01;31:*.7z=01;31:*.rz=01;31:*.jpg=01;35:*.jpeg=01;35:*.gif=01;35:*.bmp=01;35:*.pbm=01;35:*.pgm=01;35:*.ppm=01;35:*.tga=01;35:*.xbm=01;35:*.xpm=01;35:*.tif=01;35:*.tiff=01;35:*.png=01;35:*.svg=01;35:*.svgz=01;35:*.mng=01;35:*.pcx=01;35:*.mov=01;35:*.mpg=01;35:*.mpeg=01;35:*.m2v=01;35:*.mkv=01;35:*.webm=01;35:*.ogm=01;35:*.mp4=01;35:*.m4v=01;35:*.mp4v=01;35:*.vob=01;35:*.qt=01;35:*.nuv=01;35:*.wmv=01;35:*.asf=01;35:*.rm=01;35:*.rmvb=01;35:*.flc=01;35:*.avi=01;35:*.fli=01;35:*.flv=01;35:*.gl=01;35:*.dl=01;35:*.xcf=01;35:*.xwd=01;35:*.yuv=01;35:*.cgm=01;35:*.emf=01;35:*.axv=01;35:*.anx=01;35:*.ogv=01;35:*.ogx=01;35:*.aac=00;36:*.au=00;36:*.flac=00;36:*.mid=00;36:*.midi=00;36:*.mka=00;36:*.mp3=00;36:*.mpc=00;36:*.ogg=00;36:*.ra=00;36:*.wav=00;36:*.axa=00;36:*.oga=00;36:*.spx=00;36:*.xspf=00;36:'}
[roslaunch][INFO] 2020-11-02 17:16:08,011: starting in server mode
[roslaunch.parent][INFO] 2020-11-02 17:16:08,011: starting roslaunch parent run
[roslaunch][INFO] 2020-11-02 17:16:08,011: loading roscore config file /opt/ros/indigo/etc/ros/roscore.xml
[roslaunch][INFO] 2020-11-02 17:16:08,082: Added core node of type [rosout/rosout] in namespace [/]
[roslaunch.config][INFO] 2020-11-02 17:16:08,082: loading config file /opt/ros/indigo/share/fetch_navigation/launch/freight_nav.launch
[roslaunch][INFO] 2020-11-02 17:16:08,116: Added node of type [map_server/map_server] in namespace [/]
[roslaunch][INFO] 2020-11-02 17:16:08,116: Added node of type [rviz/rviz] in namespace [/]
[roslaunch][INFO] 2020-11-02 17:16:08,122: Added node of type [amcl/amcl] in namespace [/]
[roslaunch][INFO] 2020-11-02 17:16:08,140: Added node of type [move_base/move_base] in namespace [/]
[roslaunch][INFO] 2020-11-02 17:16:08,141: ... selected machine [] for node of type [map_server/map_server]
[roslaunch][INFO] 2020-11-02 17:16:08,141: ... selected machine [] for node of type [rviz/rviz]
[roslaunch][INFO] 2020-11-02 17:16:08,141: ... selected machine [] for node of type [amcl/amcl]
[roslaunch][INFO] 2020-11-02 17:16:08,141: ... selected machine [] for node of type [move_base/move_base]
[roslaunch.pmon][INFO] 2020-11-02 17:16:08,141: start_process_monitor: creating ProcessMonitor
[roslaunch.pmon][INFO] 2020-11-02 17:16:08,141: created process monitor <ProcessMonitor(ProcessMonitor-1, initial daemon)>
[roslaunch.pmon][INFO] 2020-11-02 17:16:08,142: start_process_monitor: ProcessMonitor started
[roslaunch.parent][INFO] 2020-11-02 17:16:08,142: starting parent XML-RPC server
[roslaunch.server][INFO] 2020-11-02 17:16:08,142: starting roslaunch XML-RPC server
[roslaunch.server][INFO] 2020-11-02 17:16:08,142: waiting for roslaunch XML-RPC server to initialize
[xmlrpc][INFO] 2020-11-02 17:16:08,142: XML-RPC server binding to 0.0.0.0:0
[xmlrpc][INFO] 2020-11-02 17:16:08,142: Started XML-RPC server [http://freight1207:45919/]
[xmlrpc][INFO] 2020-11-02 17:16:08,142: xml rpc node: starting XML-RPC server
[roslaunch][INFO] 2020-11-02 17:16:08,153: started roslaunch server http://freight1207:45919/
[roslaunch.parent][INFO] 2020-11-02 17:16:08,153: ... parent XML-RPC server started
[roslaunch][INFO] 2020-11-02 17:16:08,154: master.is_running[http://localhost:11311]
[roslaunch][INFO] 2020-11-02 17:16:08,155: master.is_running[http://localhost:11311]
[roslaunch][INFO] 2020-11-02 17:16:08,155: ROS_MASTER_URI=http://localhost:11311
[roslaunch][INFO] 2020-11-02 17:16:08,157: setting /roslaunch/uris/host_freight1207__45919' to http://freight1207:45919/
[roslaunch][INFO] 2020-11-02 17:16:08,158: load_parameters starting ...
[roslaunch][INFO] 2020-11-02 17:16:08,178: ... load_parameters complete
[roslaunch][INFO] 2020-11-02 17:16:08,178: launch_nodes: launching local nodes ...
[roslaunch][INFO] 2020-11-02 17:16:08,178: ... preparing to launch node of type [map_server/map_server]
[roslaunch][INFO] 2020-11-02 17:16:08,178: create_node_process: package[map_server] type[map_server] machine[Machine(name[] env_loader[None] address[localhost] ssh_port[22] user[None] assignable[True] timeout[10.0])] master_uri[http://localhost:11311]
[roslaunch][INFO] 2020-11-02 17:16:08,178: process[map_server-1]: env[{'ROS_DISTRO': 'indigo', 'NVM_CD_FLAGS': '', 'LESSOPEN': '| /usr/bin/lesspipe %s', 'SSH_CLIENT': '172.22.77.105 50453 22', 'CPATH': '/home/fetch/catkin_ws/devel/include:/opt/ros/indigo/include', 'LOGNAME': 'fetch', 'USER': 'fetch', 'NVM_DIR': '/home/fetch/.nvm', 'PATH': '/home/fetch/.nvm/versions/node/v10.15.3/bin:/opt/ros/indigo/bin:/usr/local/sbin:/usr/local/bin:/usr/sbin:/usr/bin:/sbin:/bin:/usr/games:/usr/local/games', 'HOME': '/home/fetch', 'VIRTUALENVWRAPPER_SCRIPT': '/usr/share/virtualenvwrapper/virtualenvwrapper.sh', 'ROS_LOG_FILENAME': '/home/fetch/.ros/log/eca80cc6-1d6f-11eb-b274-000babe55698/roslaunch-freight1207-31294.log', 'LANG': 'en_US.UTF-8', 'TERM': 'xterm-256color', 'SHELL': '/bin/bash', 'SHLVL': '1', 'QT_QPA_PLATFORMTHEME': 'appmenu-qt5', 'DISPLAY': 'localhost:13.0', 'NVM_BIN': '/home/fetch/.nvm/versions/node/v10.15.3/bin', '_VIRTUALENVWRAPPER_API': ' mkvirtualenv rmvirtualenv lsvirtualenv showvirtualenv workon add2virtualenv cdsitepackages cdvirtualenv lssitepackages toggleglobalsitepackages cpvirtualenv setvirtualenvproject mkproject cdproject mktmpenv mkvirtualenv rmvirtualenv lsvirtualenv showvirtualenv workon add2virtualenv cdsitepackages cdvirtualenv lssitepackages toggleglobalsitepackages cpvirtualenv setvirtualenvproject mkproject cdproject mktmpenv', 'CMAKE_PREFIX_PATH': '/home/fetch/catkin_ws/devel:/opt/ros/indigo', 'XDG_RUNTIME_DIR': '/run/user/1000', 'PYTHONPATH': '/home/fetch/catkin_ws/devel/lib/python2.7/dist-packages:/opt/ros/indigo/lib/python2.7/dist-packages', 'ROS_ROOT': '/opt/ros/indigo/share/ros', 'PKG_CONFIG_PATH': '/home/fetch/catkin_ws/devel/lib/pkgconfig:/opt/ros/indigo/lib/pkgconfig', 'ROS_PACKAGE_PATH': '/home/fetch/catkin_ws/src:/opt/ros/indigo/share:/opt/ros/indigo/stacks', 'XDG_SESSION_ID': '6', '_': '/opt/ros/indigo/bin/roslaunch', 'LD_LIBRARY_PATH': '/home/fetch/catkin_ws/devel/lib:/opt/ros/indigo/lib', 'LS_COLORS': 'rs=0:di=01;34:ln=01;36:mh=00:pi=40;33:so=01;35:do=01;35:bd=40;33;01:cd=40;33;01:or=40;31;01:su=37;41:sg=30;43:ca=30;41:tw=30;42:ow=34;42:st=37;44:ex=01;32:*.tar=01;31:*.tgz=01;31:*.arj=01;31:*.taz=01;31:*.lzh=01;31:*.lzma=01;31:*.tlz=01;31:*.txz=01;31:*.zip=01;31:*.z=01;31:*.Z=01;31:*.dz=01;31:*.gz=01;31:*.lz=01;31:*.xz=01;31:*.bz2=01;31:*.bz=01;31:*.tbz=01;31:*.tbz2=01;31:*.tz=01;31:*.deb=01;31:*.rpm=01;31:*.jar=01;31:*.war=01;31:*.ear=01;31:*.sar=01;31:*.rar=01;31:*.ace=01;31:*.zoo=01;31:*.cpio=01;31:*.7z=01;31:*.rz=01;31:*.jpg=01;35:*.jpeg=01;35:*.gif=01;35:*.bmp=01;35:*.pbm=01;35:*.pgm=01;35:*.ppm=01;35:*.tga=01;35:*.xbm=01;35:*.xpm=01;35:*.tif=01;35:*.tiff=01;35:*.png=01;35:*.svg=01;35:*.svgz=01;35:*.mng=01;35:*.pcx=01;35:*.mov=01;35:*.mpg=01;35:*.mpeg=01;35:*.m2v=01;35:*.mkv=01;35:*.webm=01;35:*.ogm=01;35:*.mp4=01;35:*.m4v=01;35:*.mp4v=01;35:*.vob=01;35:*.qt=01;35:*.nuv=01;35:*.wmv=01;35:*.asf=01;35:*.rm=01;35:*.rmvb=01;35:*.flc=01;35:*.avi=01;35:*.fli=01;35:*.flv=01;35:*.gl=01;35:*.dl=01;35:*.xcf=01;35:*.xwd=01;35:*.yuv=01;35:*.cgm=01;35:*.emf=01;35:*.axv=01;35:*.anx=01;35:*.ogv=01;35:*.ogx=01;35:*.aac=00;36:*.au=00;36:*.flac=00;36:*.mid=00;36:*.midi=00;36:*.mka=00;36:*.mp3=00;36:*.mpc=00;36:*.ogg=00;36:*.ra=00;36:*.wav=00;36:*.axa=00;36:*.oga=00;36:*.spx=00;36:*.xspf=00;36:', 'LESSCLOSE': '/usr/bin/lesspipe %s %s', 'SSH_TTY': '/dev/pts/28', 'PWD': '/home/fetch', 'ROS_ETC_DIR': '/opt/ros/indigo/etc/ros', 'ROS_MASTER_URI': 'http://localhost:11311', 'MAIL': '/var/mail/fetch', 'SSH_CONNECTION': '172.22.77.105 50453 172.22.77.172 22'}]
[roslaunch][INFO] 2020-11-02 17:16:08,210: process[map_server-1]: args[[u'/opt/ros/indigo/lib/map_server/map_server', '/home/fetch/1103_6class.yaml', u'__name:=map_server']]
[roslaunch][INFO] 2020-11-02 17:16:08,210: ... created process [map_server-1]
[roslaunch.pmon][INFO] 2020-11-02 17:16:08,210: ProcessMonitor.register[map_server-1]
[roslaunch.pmon][INFO] 2020-11-02 17:16:08,210: ProcessMonitor.register[map_server-1] complete
[roslaunch][INFO] 2020-11-02 17:16:08,210: ... registered process [map_server-1]
[roslaunch][INFO] 2020-11-02 17:16:08,210: process[map_server-1]: starting os process
[roslaunch][INFO] 2020-11-02 17:16:08,210: process[map_server-1]: start w/ args [[u'/opt/ros/indigo/lib/map_server/map_server', '/home/fetch/1103_6class.yaml', u'__name:=map_server', u'__log:=/home/fetch/.ros/log/eca80cc6-1d6f-11eb-b274-000babe55698/map_server-1.log']]
[roslaunch][INFO] 2020-11-02 17:16:08,210: process[map_server-1]: cwd will be [/home/fetch/.ros]
[roslaunch][INFO] 2020-11-02 17:16:08,212: process[map_server-1]: started with pid [31715]
[roslaunch][INFO] 2020-11-02 17:16:08,212: ... successfully launched [map_server-1]
[roslaunch][INFO] 2020-11-02 17:16:08,212: ... preparing to launch node of type [rviz/rviz]
[roslaunch][INFO] 2020-11-02 17:16:08,212: create_node_process: package[rviz] type[rviz] machine[Machine(name[] env_loader[None] address[localhost] ssh_port[22] user[None] assignable[True] timeout[10.0])] master_uri[http://localhost:11311]
[roslaunch][INFO] 2020-11-02 17:16:08,212: process[rviz-2]: env[{'ROS_DISTRO': 'indigo', 'NVM_CD_FLAGS': '', 'LESSOPEN': '| /usr/bin/lesspipe %s', 'SSH_CLIENT': '172.22.77.105 50453 22', 'CPATH': '/home/fetch/catkin_ws/devel/include:/opt/ros/indigo/include', 'LOGNAME': 'fetch', 'USER': 'fetch', 'NVM_DIR': '/home/fetch/.nvm', 'PATH': '/home/fetch/.nvm/versions/node/v10.15.3/bin:/opt/ros/indigo/bin:/usr/local/sbin:/usr/local/bin:/usr/sbin:/usr/bin:/sbin:/bin:/usr/games:/usr/local/games', 'HOME': '/home/fetch', 'VIRTUALENVWRAPPER_SCRIPT': '/usr/share/virtualenvwrapper/virtualenvwrapper.sh', 'ROS_LOG_FILENAME': '/home/fetch/.ros/log/eca80cc6-1d6f-11eb-b274-000babe55698/roslaunch-freight1207-31294.log', 'LANG': 'en_US.UTF-8', 'TERM': 'xterm-256color', 'SHELL': '/bin/bash', 'SHLVL': '1', 'QT_QPA_PLATFORMTHEME': 'appmenu-qt5', 'DISPLAY': 'localhost:13.0', 'NVM_BIN': '/home/fetch/.nvm/versions/node/v10.15.3/bin', '_VIRTUALENVWRAPPER_API': ' mkvirtualenv rmvirtualenv lsvirtualenv showvirtualenv workon add2virtualenv cdsitepackages cdvirtualenv lssitepackages toggleglobalsitepackages cpvirtualenv setvirtualenvproject mkproject cdproject mktmpenv mkvirtualenv rmvirtualenv lsvirtualenv showvirtualenv workon add2virtualenv cdsitepackages cdvirtualenv lssitepackages toggleglobalsitepackages cpvirtualenv setvirtualenvproject mkproject cdproject mktmpenv', 'CMAKE_PREFIX_PATH': '/home/fetch/catkin_ws/devel:/opt/ros/indigo', 'XDG_RUNTIME_DIR': '/run/user/1000', 'PYTHONPATH': '/home/fetch/catkin_ws/devel/lib/python2.7/dist-packages:/opt/ros/indigo/lib/python2.7/dist-packages', 'ROS_ROOT': '/opt/ros/indigo/share/ros', 'PKG_CONFIG_PATH': '/home/fetch/catkin_ws/devel/lib/pkgconfig:/opt/ros/indigo/lib/pkgconfig', 'ROS_PACKAGE_PATH': '/home/fetch/catkin_ws/src:/opt/ros/indigo/share:/opt/ros/indigo/stacks', 'XDG_SESSION_ID': '6', '_': '/opt/ros/indigo/bin/roslaunch', 'LD_LIBRARY_PATH': '/home/fetch/catkin_ws/devel/lib:/opt/ros/indigo/lib', 'LS_COLORS': 'rs=0:di=01;34:ln=01;36:mh=00:pi=40;33:so=01;35:do=01;35:bd=40;33;01:cd=40;33;01:or=40;31;01:su=37;41:sg=30;43:ca=30;41:tw=30;42:ow=34;42:st=37;44:ex=01;32:*.tar=01;31:*.tgz=01;31:*.arj=01;31:*.taz=01;31:*.lzh=01;31:*.lzma=01;31:*.tlz=01;31:*.txz=01;31:*.zip=01;31:*.z=01;31:*.Z=01;31:*.dz=01;31:*.gz=01;31:*.lz=01;31:*.xz=01;31:*.bz2=01;31:*.bz=01;31:*.tbz=01;31:*.tbz2=01;31:*.tz=01;31:*.deb=01;31:*.rpm=01;31:*.jar=01;31:*.war=01;31:*.ear=01;31:*.sar=01;31:*.rar=01;31:*.ace=01;31:*.zoo=01;31:*.cpio=01;31:*.7z=01;31:*.rz=01;31:*.jpg=01;35:*.jpeg=01;35:*.gif=01;35:*.bmp=01;35:*.pbm=01;35:*.pgm=01;35:*.ppm=01;35:*.tga=01;35:*.xbm=01;35:*.xpm=01;35:*.tif=01;35:*.tiff=01;35:*.png=01;35:*.svg=01;35:*.svgz=01;35:*.mng=01;35:*.pcx=01;35:*.mov=01;35:*.mpg=01;35:*.mpeg=01;35:*.m2v=01;35:*.mkv=01;35:*.webm=01;35:*.ogm=01;35:*.mp4=01;35:*.m4v=01;35:*.mp4v=01;35:*.vob=01;35:*.qt=01;35:*.nuv=01;35:*.wmv=01;35:*.asf=01;35:*.rm=01;35:*.rmvb=01;35:*.flc=01;35:*.avi=01;35:*.fli=01;35:*.flv=01;35:*.gl=01;35:*.dl=01;35:*.xcf=01;35:*.xwd=01;35:*.yuv=01;35:*.cgm=01;35:*.emf=01;35:*.axv=01;35:*.anx=01;35:*.ogv=01;35:*.ogx=01;35:*.aac=00;36:*.au=00;36:*.flac=00;36:*.mid=00;36:*.midi=00;36:*.mka=00;36:*.mp3=00;36:*.mpc=00;36:*.ogg=00;36:*.ra=00;36:*.wav=00;36:*.axa=00;36:*.oga=00;36:*.spx=00;36:*.xspf=00;36:', 'LESSCLOSE': '/usr/bin/lesspipe %s %s', 'SSH_TTY': '/dev/pts/28', 'PWD': '/home/fetch', 'ROS_ETC_DIR': '/opt/ros/indigo/etc/ros', 'ROS_MASTER_URI': 'http://localhost:11311', 'MAIL': '/var/mail/fetch', 'SSH_CONNECTION': '172.22.77.105 50453 172.22.77.172 22'}]
[roslaunch][INFO] 2020-11-02 17:16:08,214: process[rviz-2]: args[[u'/opt/ros/indigo/lib/rviz/rviz', '/opt/ros/indigo/share/fetch_navigation/config/navigation.rviz', u'__name:=rviz']]
[roslaunch][INFO] 2020-11-02 17:16:08,215: ... created process [rviz-2]
[roslaunch.pmon][INFO] 2020-11-02 17:16:08,215: ProcessMonitor.register[rviz-2]
[roslaunch.pmon][INFO] 2020-11-02 17:16:08,215: ProcessMonitor.register[rviz-2] complete
[roslaunch][INFO] 2020-11-02 17:16:08,215: ... registered process [rviz-2]
[roslaunch][INFO] 2020-11-02 17:16:08,215: process[rviz-2]: starting os process
[roslaunch][INFO] 2020-11-02 17:16:08,215: process[rviz-2]: start w/ args [[u'/opt/ros/indigo/lib/rviz/rviz', '/opt/ros/indigo/share/fetch_navigation/config/navigation.rviz', u'__name:=rviz', u'__log:=/home/fetch/.ros/log/eca80cc6-1d6f-11eb-b274-000babe55698/rviz-2.log']]
[roslaunch][INFO] 2020-11-02 17:16:08,215: process[rviz-2]: cwd will be [/home/fetch/.ros]
[roslaunch][INFO] 2020-11-02 17:16:08,217: process[rviz-2]: started with pid [31716]
[roslaunch][INFO] 2020-11-02 17:16:08,217: ... successfully launched [rviz-2]
[roslaunch][INFO] 2020-11-02 17:16:08,217: ... preparing to launch node of type [amcl/amcl]
[roslaunch][INFO] 2020-11-02 17:16:08,217: create_node_process: package[amcl] type[amcl] machine[Machine(name[] env_loader[None] address[localhost] ssh_port[22] user[None] assignable[True] timeout[10.0])] master_uri[http://localhost:11311]
[roslaunch][INFO] 2020-11-02 17:16:08,217: process[amcl-3]: env[{'ROS_DISTRO': 'indigo', 'NVM_CD_FLAGS': '', 'LESSOPEN': '| /usr/bin/lesspipe %s', 'SSH_CLIENT': '172.22.77.105 50453 22', 'CPATH': '/home/fetch/catkin_ws/devel/include:/opt/ros/indigo/include', 'LOGNAME': 'fetch', 'USER': 'fetch', 'NVM_DIR': '/home/fetch/.nvm', 'PATH': '/home/fetch/.nvm/versions/node/v10.15.3/bin:/opt/ros/indigo/bin:/usr/local/sbin:/usr/local/bin:/usr/sbin:/usr/bin:/sbin:/bin:/usr/games:/usr/local/games', 'HOME': '/home/fetch', 'VIRTUALENVWRAPPER_SCRIPT': '/usr/share/virtualenvwrapper/virtualenvwrapper.sh', 'ROS_LOG_FILENAME': '/home/fetch/.ros/log/eca80cc6-1d6f-11eb-b274-000babe55698/roslaunch-freight1207-31294.log', 'LANG': 'en_US.UTF-8', 'TERM': 'xterm-256color', 'SHELL': '/bin/bash', 'SHLVL': '1', 'QT_QPA_PLATFORMTHEME': 'appmenu-qt5', 'DISPLAY': 'localhost:13.0', 'NVM_BIN': '/home/fetch/.nvm/versions/node/v10.15.3/bin', '_VIRTUALENVWRAPPER_API': ' mkvirtualenv rmvirtualenv lsvirtualenv showvirtualenv workon add2virtualenv cdsitepackages cdvirtualenv lssitepackages toggleglobalsitepackages cpvirtualenv setvirtualenvproject mkproject cdproject mktmpenv mkvirtualenv rmvirtualenv lsvirtualenv showvirtualenv workon add2virtualenv cdsitepackages cdvirtualenv lssitepackages toggleglobalsitepackages cpvirtualenv setvirtualenvproject mkproject cdproject mktmpenv', 'CMAKE_PREFIX_PATH': '/home/fetch/catkin_ws/devel:/opt/ros/indigo', 'XDG_RUNTIME_DIR': '/run/user/1000', 'PYTHONPATH': '/home/fetch/catkin_ws/devel/lib/python2.7/dist-packages:/opt/ros/indigo/lib/python2.7/dist-packages', 'ROS_ROOT': '/opt/ros/indigo/share/ros', 'PKG_CONFIG_PATH': '/home/fetch/catkin_ws/devel/lib/pkgconfig:/opt/ros/indigo/lib/pkgconfig', 'ROS_PACKAGE_PATH': '/home/fetch/catkin_ws/src:/opt/ros/indigo/share:/opt/ros/indigo/stacks', 'XDG_SESSION_ID': '6', '_': '/opt/ros/indigo/bin/roslaunch', 'LD_LIBRARY_PATH': '/home/fetch/catkin_ws/devel/lib:/opt/ros/indigo/lib', 'LS_COLORS': 'rs=0:di=01;34:ln=01;36:mh=00:pi=40;33:so=01;35:do=01;35:bd=40;33;01:cd=40;33;01:or=40;31;01:su=37;41:sg=30;43:ca=30;41:tw=30;42:ow=34;42:st=37;44:ex=01;32:*.tar=01;31:*.tgz=01;31:*.arj=01;31:*.taz=01;31:*.lzh=01;31:*.lzma=01;31:*.tlz=01;31:*.txz=01;31:*.zip=01;31:*.z=01;31:*.Z=01;31:*.dz=01;31:*.gz=01;31:*.lz=01;31:*.xz=01;31:*.bz2=01;31:*.bz=01;31:*.tbz=01;31:*.tbz2=01;31:*.tz=01;31:*.deb=01;31:*.rpm=01;31:*.jar=01;31:*.war=01;31:*.ear=01;31:*.sar=01;31:*.rar=01;31:*.ace=01;31:*.zoo=01;31:*.cpio=01;31:*.7z=01;31:*.rz=01;31:*.jpg=01;35:*.jpeg=01;35:*.gif=01;35:*.bmp=01;35:*.pbm=01;35:*.pgm=01;35:*.ppm=01;35:*.tga=01;35:*.xbm=01;35:*.xpm=01;35:*.tif=01;35:*.tiff=01;35:*.png=01;35:*.svg=01;35:*.svgz=01;35:*.mng=01;35:*.pcx=01;35:*.mov=01;35:*.mpg=01;35:*.mpeg=01;35:*.m2v=01;35:*.mkv=01;35:*.webm=01;35:*.ogm=01;35:*.mp4=01;35:*.m4v=01;35:*.mp4v=01;35:*.vob=01;35:*.qt=01;35:*.nuv=01;35:*.wmv=01;35:*.asf=01;35:*.rm=01;35:*.rmvb=01;35:*.flc=01;35:*.avi=01;35:*.fli=01;35:*.flv=01;35:*.gl=01;35:*.dl=01;35:*.xcf=01;35:*.xwd=01;35:*.yuv=01;35:*.cgm=01;35:*.emf=01;35:*.axv=01;35:*.anx=01;35:*.ogv=01;35:*.ogx=01;35:*.aac=00;36:*.au=00;36:*.flac=00;36:*.mid=00;36:*.midi=00;36:*.mka=00;36:*.mp3=00;36:*.mpc=00;36:*.ogg=00;36:*.ra=00;36:*.wav=00;36:*.axa=00;36:*.oga=00;36:*.spx=00;36:*.xspf=00;36:', 'LESSCLOSE': '/usr/bin/lesspipe %s %s', 'SSH_TTY': '/dev/pts/28', 'PWD': '/home/fetch', 'ROS_ETC_DIR': '/opt/ros/indigo/etc/ros', 'ROS_MASTER_URI': 'http://localhost:11311', 'MAIL': '/var/mail/fetch', 'SSH_CONNECTION': '172.22.77.105 50453 172.22.77.172 22'}]
[roslaunch][INFO] 2020-11-02 17:16:08,218: process[amcl-3]: args[[u'/opt/ros/indigo/lib/amcl/amcl', u'scan:=base_scan', u'map:=map', u'__name:=amcl']]
[roslaunch][INFO] 2020-11-02 17:16:08,218: ... created process [amcl-3]
[roslaunch.pmon][INFO] 2020-11-02 17:16:08,218: ProcessMonitor.register[amcl-3]
[roslaunch.pmon][INFO] 2020-11-02 17:16:08,219: ProcessMonitor.register[amcl-3] complete
[roslaunch][INFO] 2020-11-02 17:16:08,219: ... registered process [amcl-3]
[roslaunch][INFO] 2020-11-02 17:16:08,219: process[amcl-3]: starting os process
[roslaunch][INFO] 2020-11-02 17:16:08,219: process[amcl-3]: start w/ args [[u'/opt/ros/indigo/lib/amcl/amcl', u'scan:=base_scan', u'map:=map', u'__name:=amcl', u'__log:=/home/fetch/.ros/log/eca80cc6-1d6f-11eb-b274-000babe55698/amcl-3.log']]
[roslaunch][INFO] 2020-11-02 17:16:08,219: process[amcl-3]: cwd will be [/home/fetch/.ros]
[roslaunch][INFO] 2020-11-02 17:16:08,221: process[amcl-3]: started with pid [31722]
[roslaunch][INFO] 2020-11-02 17:16:08,221: ... successfully launched [amcl-3]
[roslaunch][INFO] 2020-11-02 17:16:08,221: ... preparing to launch node of type [move_base/move_base]
[roslaunch][INFO] 2020-11-02 17:16:08,221: create_node_process: package[move_base] type[move_base] machine[Machine(name[] env_loader[None] address[localhost] ssh_port[22] user[None] assignable[True] timeout[10.0])] master_uri[http://localhost:11311]
[roslaunch][INFO] 2020-11-02 17:16:08,221: process[move_base-4]: env[{'ROS_DISTRO': 'indigo', 'NVM_CD_FLAGS': '', 'LESSOPEN': '| /usr/bin/lesspipe %s', 'SSH_CLIENT': '172.22.77.105 50453 22', 'CPATH': '/home/fetch/catkin_ws/devel/include:/opt/ros/indigo/include', 'LOGNAME': 'fetch', 'USER': 'fetch', 'NVM_DIR': '/home/fetch/.nvm', 'PATH': '/home/fetch/.nvm/versions/node/v10.15.3/bin:/opt/ros/indigo/bin:/usr/local/sbin:/usr/local/bin:/usr/sbin:/usr/bin:/sbin:/bin:/usr/games:/usr/local/games', 'HOME': '/home/fetch', 'VIRTUALENVWRAPPER_SCRIPT': '/usr/share/virtualenvwrapper/virtualenvwrapper.sh', 'ROS_LOG_FILENAME': '/home/fetch/.ros/log/eca80cc6-1d6f-11eb-b274-000babe55698/roslaunch-freight1207-31294.log', 'LANG': 'en_US.UTF-8', 'TERM': 'xterm-256color', 'SHELL': '/bin/bash', 'SHLVL': '1', 'QT_QPA_PLATFORMTHEME': 'appmenu-qt5', 'DISPLAY': 'localhost:13.0', 'NVM_BIN': '/home/fetch/.nvm/versions/node/v10.15.3/bin', '_VIRTUALENVWRAPPER_API': ' mkvirtualenv rmvirtualenv lsvirtualenv showvirtualenv workon add2virtualenv cdsitepackages cdvirtualenv lssitepackages toggleglobalsitepackages cpvirtualenv setvirtualenvproject mkproject cdproject mktmpenv mkvirtualenv rmvirtualenv lsvirtualenv showvirtualenv workon add2virtualenv cdsitepackages cdvirtualenv lssitepackages toggleglobalsitepackages cpvirtualenv setvirtualenvproject mkproject cdproject mktmpenv', 'CMAKE_PREFIX_PATH': '/home/fetch/catkin_ws/devel:/opt/ros/indigo', 'XDG_RUNTIME_DIR': '/run/user/1000', 'PYTHONPATH': '/home/fetch/catkin_ws/devel/lib/python2.7/dist-packages:/opt/ros/indigo/lib/python2.7/dist-packages', 'ROS_ROOT': '/opt/ros/indigo/share/ros', 'PKG_CONFIG_PATH': '/home/fetch/catkin_ws/devel/lib/pkgconfig:/opt/ros/indigo/lib/pkgconfig', 'ROS_PACKAGE_PATH': '/home/fetch/catkin_ws/src:/opt/ros/indigo/share:/opt/ros/indigo/stacks', 'XDG_SESSION_ID': '6', '_': '/opt/ros/indigo/bin/roslaunch', 'LD_LIBRARY_PATH': '/home/fetch/catkin_ws/devel/lib:/opt/ros/indigo/lib', 'LS_COLORS': 'rs=0:di=01;34:ln=01;36:mh=00:pi=40;33:so=01;35:do=01;35:bd=40;33;01:cd=40;33;01:or=40;31;01:su=37;41:sg=30;43:ca=30;41:tw=30;42:ow=34;42:st=37;44:ex=01;32:*.tar=01;31:*.tgz=01;31:*.arj=01;31:*.taz=01;31:*.lzh=01;31:*.lzma=01;31:*.tlz=01;31:*.txz=01;31:*.zip=01;31:*.z=01;31:*.Z=01;31:*.dz=01;31:*.gz=01;31:*.lz=01;31:*.xz=01;31:*.bz2=01;31:*.bz=01;31:*.tbz=01;31:*.tbz2=01;31:*.tz=01;31:*.deb=01;31:*.rpm=01;31:*.jar=01;31:*.war=01;31:*.ear=01;31:*.sar=01;31:*.rar=01;31:*.ace=01;31:*.zoo=01;31:*.cpio=01;31:*.7z=01;31:*.rz=01;31:*.jpg=01;35:*.jpeg=01;35:*.gif=01;35:*.bmp=01;35:*.pbm=01;35:*.pgm=01;35:*.ppm=01;35:*.tga=01;35:*.xbm=01;35:*.xpm=01;35:*.tif=01;35:*.tiff=01;35:*.png=01;35:*.svg=01;35:*.svgz=01;35:*.mng=01;35:*.pcx=01;35:*.mov=01;35:*.mpg=01;35:*.mpeg=01;35:*.m2v=01;35:*.mkv=01;35:*.webm=01;35:*.ogm=01;35:*.mp4=01;35:*.m4v=01;35:*.mp4v=01;35:*.vob=01;35:*.qt=01;35:*.nuv=01;35:*.wmv=01;35:*.asf=01;35:*.rm=01;35:*.rmvb=01;35:*.flc=01;35:*.avi=01;35:*.fli=01;35:*.flv=01;35:*.gl=01;35:*.dl=01;35:*.xcf=01;35:*.xwd=01;35:*.yuv=01;35:*.cgm=01;35:*.emf=01;35:*.axv=01;35:*.anx=01;35:*.ogv=01;35:*.ogx=01;35:*.aac=00;36:*.au=00;36:*.flac=00;36:*.mid=00;36:*.midi=00;36:*.mka=00;36:*.mp3=00;36:*.mpc=00;36:*.ogg=00;36:*.ra=00;36:*.wav=00;36:*.axa=00;36:*.oga=00;36:*.spx=00;36:*.xspf=00;36:', 'LESSCLOSE': '/usr/bin/lesspipe %s %s', 'SSH_TTY': '/dev/pts/28', 'PWD': '/home/fetch', 'ROS_ETC_DIR': '/opt/ros/indigo/etc/ros', 'ROS_MASTER_URI': 'http://localhost:11311', 'MAIL': '/var/mail/fetch', 'SSH_CONNECTION': '172.22.77.105 50453 172.22.77.172 22'}]
[roslaunch][INFO] 2020-11-02 17:16:08,222: process[move_base-4]: args[[u'/opt/ros/indigo/lib/move_base/move_base', u'cmd_vel:=cmd_vel', u'odom:=odom', u'map:=map', u'__name:=move_base']]
[roslaunch][INFO] 2020-11-02 17:16:08,222: ... created process [move_base-4]
[roslaunch.pmon][INFO] 2020-11-02 17:16:08,222: ProcessMonitor.register[move_base-4]
[roslaunch.pmon][INFO] 2020-11-02 17:16:08,222: ProcessMonitor.register[move_base-4] complete
[roslaunch][INFO] 2020-11-02 17:16:08,222: ... registered process [move_base-4]
[roslaunch][INFO] 2020-11-02 17:16:08,222: process[move_base-4]: starting os process
[roslaunch][INFO] 2020-11-02 17:16:08,222: process[move_base-4]: start w/ args [[u'/opt/ros/indigo/lib/move_base/move_base', u'cmd_vel:=cmd_vel', u'odom:=odom', u'map:=map', u'__name:=move_base', u'__log:=/home/fetch/.ros/log/eca80cc6-1d6f-11eb-b274-000babe55698/move_base-4.log']]
[roslaunch][INFO] 2020-11-02 17:16:08,222: process[move_base-4]: cwd will be [/home/fetch/.ros]
[roslaunch][INFO] 2020-11-02 17:16:08,227: process[move_base-4]: started with pid [31726]
[roslaunch][INFO] 2020-11-02 17:16:08,227: ... successfully launched [move_base-4]
[roslaunch][INFO] 2020-11-02 17:16:08,227: ... launch_nodes complete
[roslaunch.pmon][INFO] 2020-11-02 17:16:08,227: registrations completed <ProcessMonitor(ProcessMonitor-1, started daemon 140393323902720)>
[roslaunch.parent][INFO] 2020-11-02 17:16:08,227: ... roslaunch parent running, waiting for process exit
[roslaunch][INFO] 2020-11-02 17:16:08,227: spin
[roslaunch][INFO] 2020-11-02 17:16:09,243: [move_base-4] process has finished cleanly
log file: /home/fetch/.ros/log/eca80cc6-1d6f-11eb-b274-000babe55698/move_base-4*.log
[roslaunch][INFO] 2020-11-02 17:16:09,243: [move_base-4] restarting process
[roslaunch][INFO] 2020-11-02 17:16:09,243: process[move_base-4]: restarting os process
[roslaunch][INFO] 2020-11-02 17:16:09,244: process[move_base-4]: start w/ args [[u'/opt/ros/indigo/lib/move_base/move_base', u'cmd_vel:=cmd_vel', u'odom:=odom', u'map:=map', u'__name:=move_base', u'__log:=/home/fetch/.ros/log/eca80cc6-1d6f-11eb-b274-000babe55698/move_base-4.log']]
[roslaunch][INFO] 2020-11-02 17:16:09,244: process[move_base-4]: cwd will be [/home/fetch/.ros]
[roslaunch][INFO] 2020-11-02 17:16:09,245: process[move_base-4]: started with pid [1359]
[roslaunch][INFO] 2020-11-02 17:16:10,447: [move_base-4] process has finished cleanly
log file: /home/fetch/.ros/log/eca80cc6-1d6f-11eb-b274-000babe55698/move_base-4*.log
[roslaunch][INFO] 2020-11-02 17:16:10,447: [move_base-4] restarting process
[roslaunch][INFO] 2020-11-02 17:16:10,447: process[move_base-4]: restarting os process
[roslaunch][INFO] 2020-11-02 17:16:10,447: process[move_base-4]: start w/ args [[u'/opt/ros/indigo/lib/move_base/move_base', u'cmd_vel:=cmd_vel', u'odom:=odom', u'map:=map', u'__name:=move_base', u'__log:=/home/fetch/.ros/log/eca80cc6-1d6f-11eb-b274-000babe55698/move_base-4.log']]
[roslaunch][INFO] 2020-11-02 17:16:10,448: process[move_base-4]: cwd will be [/home/fetch/.ros]
[roslaunch][INFO] 2020-11-02 17:16:10,449: process[move_base-4]: started with pid [3824]
[roslaunch][INFO] 2020-11-02 17:16:11,451: [move_base-4] process has finished cleanly
log file: /home/fetch/.ros/log/eca80cc6-1d6f-11eb-b274-000babe55698/move_base-4*.log
[roslaunch][INFO] 2020-11-02 17:16:11,451: [move_base-4] restarting process
[roslaunch][INFO] 2020-11-02 17:16:11,452: process[move_base-4]: restarting os process
[roslaunch][INFO] 2020-11-02 17:16:11,452: process[move_base-4]: start w/ args [[u'/opt/ros/indigo/lib/move_base/move_base', u'cmd_vel:=cmd_vel', u'odom:=odom', u'map:=map', u'__name:=move_base', u'__log:=/home/fetch/.ros/log/eca80cc6-1d6f-11eb-b274-000babe55698/move_base-4.log']]
[roslaunch][INFO] 2020-11-02 17:16:11,452: process[move_base-4]: cwd will be [/home/fetch/.ros]
[roslaunch][INFO] 2020-11-02 17:16:11,454: process[move_base-4]: started with pid [5446]
[roslaunch][INFO] 2020-11-02 17:16:12,556: [move_base-4] process has finished cleanly
log file: /home/fetch/.ros/log/eca80cc6-1d6f-11eb-b274-000babe55698/move_base-4*.log
[roslaunch][INFO] 2020-11-02 17:16:12,557: [move_base-4] restarting process
[roslaunch][INFO] 2020-11-02 17:16:12,557: process[move_base-4]: restarting os process
[roslaunch][INFO] 2020-11-02 17:16:12,557: process[move_base-4]: start w/ args [[u'/opt/ros/indigo/lib/move_base/move_base', u'cmd_vel:=cmd_vel', u'odom:=odom', u'map:=map', u'__name:=move_base', u'__log:=/home/fetch/.ros/log/eca80cc6-1d6f-11eb-b274-000babe55698/move_base-4.log']]
[roslaunch][INFO] 2020-11-02 17:16:12,557: process[move_base-4]: cwd will be [/home/fetch/.ros]
[roslaunch][INFO] 2020-11-02 17:16:12,558: process[move_base-4]: started with pid [7245]
[roslaunch][INFO] 2020-11-02 17:16:13,560: [move_base-4] process has finished cleanly
log file: /home/fetch/.ros/log/eca80cc6-1d6f-11eb-b274-000babe55698/move_base-4*.log
[roslaunch][INFO] 2020-11-02 17:16:13,560: [move_base-4] restarting process
[roslaunch][INFO] 2020-11-02 17:16:13,560: process[move_base-4]: restarting os process
[roslaunch][INFO] 2020-11-02 17:16:13,560: process[move_base-4]: start w/ args [[u'/opt/ros/indigo/lib/move_base/move_base', u'cmd_vel:=cmd_vel', u'odom:=odom', u'map:=map', u'__name:=move_base', u'__log:=/home/fetch/.ros/log/eca80cc6-1d6f-11eb-b274-000babe55698/move_base-4.log']]
[roslaunch][INFO] 2020-11-02 17:16:13,561: process[move_base-4]: cwd will be [/home/fetch/.ros]
[roslaunch][INFO] 2020-11-02 17:16:13,562: process[move_base-4]: started with pid [8845]
[roslaunch][INFO] 2020-11-02 17:16:14,464: [move_base-4] process has finished cleanly
log file: /home/fetch/.ros/log/eca80cc6-1d6f-11eb-b274-000babe55698/move_base-4*.log
[roslaunch][INFO] 2020-11-02 17:16:14,464: [move_base-4] restarting process
[roslaunch][INFO] 2020-11-02 17:16:14,464: process[move_base-4]: restarting os process
[roslaunch][INFO] 2020-11-02 17:16:14,464: process[move_base-4]: start w/ args [[u'/opt/ros/indigo/lib/move_base/move_base', u'cmd_vel:=cmd_vel', u'odom:=odom', u'map:=map', u'__name:=move_base', u'__log:=/home/fetch/.ros/log/eca80cc6-1d6f-11eb-b274-000babe55698/move_base-4.log']]
[roslaunch][INFO] 2020-11-02 17:16:14,464: process[move_base-4]: cwd will be [/home/fetch/.ros]
[roslaunch][INFO] 2020-11-02 17:16:14,466: process[move_base-4]: started with pid [10482]
[roslaunch][INFO] 2020-11-02 17:16:15,467: [move_base-4] process has finished cleanly
log file: /home/fetch/.ros/log/eca80cc6-1d6f-11eb-b274-000babe55698/move_base-4*.log
[roslaunch][INFO] 2020-11-02 17:16:15,467: [move_base-4] restarting process
[roslaunch][INFO] 2020-11-02 17:16:15,467: process[move_base-4]: restarting os process
[roslaunch][INFO] 2020-11-02 17:16:15,468: process[move_base-4]: start w/ args [[u'/opt/ros/indigo/lib/move_base/move_base', u'cmd_vel:=cmd_vel', u'odom:=odom', u'map:=map', u'__name:=move_base', u'__log:=/home/fetch/.ros/log/eca80cc6-1d6f-11eb-b274-000babe55698/move_base-4.log']]
[roslaunch][INFO] 2020-11-02 17:16:15,468: process[move_base-4]: cwd will be [/home/fetch/.ros]
[roslaunch][INFO] 2020-11-02 17:16:15,469: process[move_base-4]: started with pid [12145]
[roslaunch][INFO] 2020-11-02 17:16:16,471: [move_base-4] process has finished cleanly
log file: /home/fetch/.ros/log/eca80cc6-1d6f-11eb-b274-000babe55698/move_base-4*.log
[roslaunch][INFO] 2020-11-02 17:16:16,471: [move_base-4] restarting process
[roslaunch][INFO] 2020-11-02 17:16:16,471: process[move_base-4]: restarting os process
[roslaunch][INFO] 2020-11-02 17:16:16,471: process[move_base-4]: start w/ args [[u'/opt/ros/indigo/lib/move_base/move_base', u'cmd_vel:=cmd_vel', u'odom:=odom', u'map:=map', u'__name:=move_base', u'__log:=/home/fetch/.ros/log/eca80cc6-1d6f-11eb-b274-000babe55698/move_base-4.log']]
[roslaunch][INFO] 2020-11-02 17:16:16,471: process[move_base-4]: cwd will be [/home/fetch/.ros]
[roslaunch][INFO] 2020-11-02 17:16:16,473: process[move_base-4]: started with pid [13718]
[roslaunch][INFO] 2020-11-02 17:16:17,274: [move_base-4] process has finished cleanly
log file: /home/fetch/.ros/log/eca80cc6-1d6f-11eb-b274-000babe55698/move_base-4*.log
[roslaunch][INFO] 2020-11-02 17:16:17,274: [move_base-4] restarting process
[roslaunch][INFO] 2020-11-02 17:16:17,274: process[move_base-4]: restarting os process
[roslaunch][INFO] 2020-11-02 17:16:17,275: process[move_base-4]: start w/ args [[u'/opt/ros/indigo/lib/move_base/move_base', u'cmd_vel:=cmd_vel', u'odom:=odom', u'map:=map', u'__name:=move_base', u'__log:=/home/fetch/.ros/log/eca80cc6-1d6f-11eb-b274-000babe55698/move_base-4.log']]
[roslaunch][INFO] 2020-11-02 17:16:17,275: process[move_base-4]: cwd will be [/home/fetch/.ros]
[roslaunch][INFO] 2020-11-02 17:16:17,276: process[move_base-4]: started with pid [15005]
[roslaunch][INFO] 2020-11-02 17:16:18,078: [move_base-4] process has finished cleanly
log file: /home/fetch/.ros/log/eca80cc6-1d6f-11eb-b274-000babe55698/move_base-4*.log
[roslaunch][INFO] 2020-11-02 17:16:18,078: [move_base-4] restarting process
[roslaunch][INFO] 2020-11-02 17:16:18,078: process[move_base-4]: restarting os process
[roslaunch][INFO] 2020-11-02 17:16:18,078: process[move_base-4]: start w/ args [[u'/opt/ros/indigo/lib/move_base/move_base', u'cmd_vel:=cmd_vel', u'odom:=odom', u'map:=map', u'__name:=move_base', u'__log:=/home/fetch/.ros/log/eca80cc6-1d6f-11eb-b274-000babe55698/move_base-4.log']]
[roslaunch][INFO] 2020-11-02 17:16:18,078: process[move_base-4]: cwd will be [/home/fetch/.ros]
[roslaunch][INFO] 2020-11-02 17:16:18,080: process[move_base-4]: started with pid [16146]
[roslaunch][INFO] 2020-11-02 17:16:18,981: [move_base-4] process has finished cleanly
log file: /home/fetch/.ros/log/eca80cc6-1d6f-11eb-b274-000babe55698/move_base-4*.log
[roslaunch][INFO] 2020-11-02 17:16:18,981: [move_base-4] restarting process
[roslaunch][INFO] 2020-11-02 17:16:18,981: process[move_base-4]: restarting os process
[roslaunch][INFO] 2020-11-02 17:16:18,981: process[move_base-4]: start w/ args [[u'/opt/ros/indigo/lib/move_base/move_base', u'cmd_vel:=cmd_vel', u'odom:=odom', u'map:=map', u'__name:=move_base', u'__log:=/home/fetch/.ros/log/eca80cc6-1d6f-11eb-b274-000babe55698/move_base-4.log']]
[roslaunch][INFO] 2020-11-02 17:16:18,982: process[move_base-4]: cwd will be [/home/fetch/.ros]
[roslaunch][INFO] 2020-11-02 17:16:18,984: process[move_base-4]: started with pid [17746]
[roslaunch][INFO] 2020-11-02 17:16:19,885: [move_base-4] process has finished cleanly
log file: /home/fetch/.ros/log/eca80cc6-1d6f-11eb-b274-000babe55698/move_base-4*.log
[roslaunch][INFO] 2020-11-02 17:16:19,885: [move_base-4] restarting process
[roslaunch][INFO] 2020-11-02 17:16:19,885: process[move_base-4]: restarting os process
[roslaunch][INFO] 2020-11-02 17:16:19,886: process[move_base-4]: start w/ args [[u'/opt/ros/indigo/lib/move_base/move_base', u'cmd_vel:=cmd_vel', u'odom:=odom', u'map:=map', u'__name:=move_base', u'__log:=/home/fetch/.ros/log/eca80cc6-1d6f-11eb-b274-000babe55698/move_base-4.log']]
[roslaunch][INFO] 2020-11-02 17:16:19,886: process[move_base-4]: cwd will be [/home/fetch/.ros]
[roslaunch][INFO] 2020-11-02 17:16:19,887: process[move_base-4]: started with pid [19345]
[roslaunch][INFO] 2020-11-02 17:16:20,588: [move_base-4] process has finished cleanly
log file: /home/fetch/.ros/log/eca80cc6-1d6f-11eb-b274-000babe55698/move_base-4*.log
[roslaunch][INFO] 2020-11-02 17:16:20,589: [move_base-4] restarting process
[roslaunch][INFO] 2020-11-02 17:16:20,589: process[move_base-4]: restarting os process
[roslaunch][INFO] 2020-11-02 17:16:20,589: process[move_base-4]: start w/ args [[u'/opt/ros/indigo/lib/move_base/move_base', u'cmd_vel:=cmd_vel', u'odom:=odom', u'map:=map', u'__name:=move_base', u'__log:=/home/fetch/.ros/log/eca80cc6-1d6f-11eb-b274-000babe55698/move_base-4.log']]
[roslaunch][INFO] 2020-11-02 17:16:20,589: process[move_base-4]: cwd will be [/home/fetch/.ros]
[roslaunch][INFO] 2020-11-02 17:16:20,590: process[move_base-4]: started with pid [20053]
[roslaunch][INFO] 2020-11-02 17:16:21,793: [move_base-4] process has finished cleanly
log file: /home/fetch/.ros/log/eca80cc6-1d6f-11eb-b274-000babe55698/move_base-4*.log
[roslaunch][INFO] 2020-11-02 17:16:21,793: [move_base-4] restarting process
[roslaunch][INFO] 2020-11-02 17:16:21,793: process[move_base-4]: restarting os process
[roslaunch][INFO] 2020-11-02 17:16:21,793: process[move_base-4]: start w/ args [[u'/opt/ros/indigo/lib/move_base/move_base', u'cmd_vel:=cmd_vel', u'odom:=odom', u'map:=map', u'__name:=move_base', u'__log:=/home/fetch/.ros/log/eca80cc6-1d6f-11eb-b274-000babe55698/move_base-4.log']]
[roslaunch][INFO] 2020-11-02 17:16:21,793: process[move_base-4]: cwd will be [/home/fetch/.ros]
[roslaunch][INFO] 2020-11-02 17:16:21,795: process[move_base-4]: started with pid [21169]
[roslaunch][INFO] 2020-11-02 17:16:22,997: [move_base-4] process has finished cleanly
log file: /home/fetch/.ros/log/eca80cc6-1d6f-11eb-b274-000babe55698/move_base-4*.log
[roslaunch][INFO] 2020-11-02 17:16:22,997: [move_base-4] restarting process
[roslaunch][INFO] 2020-11-02 17:16:22,997: process[move_base-4]: restarting os process
[roslaunch][INFO] 2020-11-02 17:16:22,997: process[move_base-4]: start w/ args [[u'/opt/ros/indigo/lib/move_base/move_base', u'cmd_vel:=cmd_vel', u'odom:=odom', u'map:=map', u'__name:=move_base', u'__log:=/home/fetch/.ros/log/eca80cc6-1d6f-11eb-b274-000babe55698/move_base-4.log']]
[roslaunch][INFO] 2020-11-02 17:16:22,997: process[move_base-4]: cwd will be [/home/fetch/.ros]
[roslaunch][INFO] 2020-11-02 17:16:22,999: process[move_base-4]: started with pid [22279]
[roslaunch][INFO] 2020-11-02 17:16:24,201: [move_base-4] process has finished cleanly
log file: /home/fetch/.ros/log/eca80cc6-1d6f-11eb-b274-000babe55698/move_base-4*.log
[roslaunch][INFO] 2020-11-02 17:16:24,201: [move_base-4] restarting process
[roslaunch][INFO] 2020-11-02 17:16:24,201: process[move_base-4]: restarting os process
[roslaunch][INFO] 2020-11-02 17:16:24,201: process[move_base-4]: start w/ args [[u'/opt/ros/indigo/lib/move_base/move_base', u'cmd_vel:=cmd_vel', u'odom:=odom', u'map:=map', u'__name:=move_base', u'__log:=/home/fetch/.ros/log/eca80cc6-1d6f-11eb-b274-000babe55698/move_base-4.log']]
[roslaunch][INFO] 2020-11-02 17:16:24,201: process[move_base-4]: cwd will be [/home/fetch/.ros]
[roslaunch][INFO] 2020-11-02 17:16:24,203: process[move_base-4]: started with pid [23395]
[roslaunch][INFO] 2020-11-02 17:16:25,405: [move_base-4] process has finished cleanly
log file: /home/fetch/.ros/log/eca80cc6-1d6f-11eb-b274-000babe55698/move_base-4*.log
[roslaunch][INFO] 2020-11-02 17:16:25,405: [move_base-4] restarting process
[roslaunch][INFO] 2020-11-02 17:16:25,405: process[move_base-4]: restarting os process
[roslaunch][INFO] 2020-11-02 17:16:25,406: process[move_base-4]: start w/ args [[u'/opt/ros/indigo/lib/move_base/move_base', u'cmd_vel:=cmd_vel', u'odom:=odom', u'map:=map', u'__name:=move_base', u'__log:=/home/fetch/.ros/log/eca80cc6-1d6f-11eb-b274-000babe55698/move_base-4.log']]
[roslaunch][INFO] 2020-11-02 17:16:25,406: process[move_base-4]: cwd will be [/home/fetch/.ros]
[roslaunch][INFO] 2020-11-02 17:16:25,407: process[move_base-4]: started with pid [24505]
[roslaunch.pmon][INFO] 2020-11-02 17:16:26,381: ProcessMonitor.shutdown <ProcessMonitor(ProcessMonitor-1, started daemon 140393323902720)>
[roslaunch.pmon][INFO] 2020-11-02 17:16:26,409: ProcessMonitor._post_run <ProcessMonitor(ProcessMonitor-1, started daemon 140393323902720)>
[roslaunch.pmon][INFO] 2020-11-02 17:16:26,409: ProcessMonitor._post_run <ProcessMonitor(ProcessMonitor-1, started daemon 140393323902720)>: remaining procs are [<roslaunch.nodeprocess.LocalProcess object at 0x7fafde54c9d0>, <roslaunch.nodeprocess.LocalProcess object at 0x7fafde54c950>, <roslaunch.nodeprocess.LocalProcess object at 0x7fafde566fd0>, <roslaunch.nodeprocess.LocalProcess object at 0x7fafdcb0e390>]
[roslaunch.pmon][INFO] 2020-11-02 17:16:26,409: ProcessMonitor exit: killing move_base-4
[roslaunch.pmon][INFO] 2020-11-02 17:16:26,410: ProcessMonitor exit: killing amcl-3
[roslaunch][INFO] 2020-11-02 17:16:26,410: [move_base-4] killing on exit
[roslaunch.pmon][INFO] 2020-11-02 17:16:26,410: ProcessMonitor exit: killing rviz-2
[roslaunch][INFO] 2020-11-02 17:16:26,410: [amcl-3] killing on exit
[roslaunch.pmon][INFO] 2020-11-02 17:16:26,410: ProcessMonitor exit: killing map_server-1
[roslaunch][INFO] 2020-11-02 17:16:26,410: process[move_base-4]: killing os process with pid[24505] pgid[24505]
[roslaunch][INFO] 2020-11-02 17:16:26,411: [rviz-2] killing on exit
[roslaunch][INFO] 2020-11-02 17:16:26,411: [map_server-1] killing on exit
[roslaunch][INFO] 2020-11-02 17:16:26,411: process[amcl-3]: killing os process with pid[31722] pgid[31722]
[roslaunch][INFO] 2020-11-02 17:16:26,411: [move_base-4] sending SIGINT to pgid [24505]
[roslaunch][INFO] 2020-11-02 17:16:26,411: process[rviz-2]: killing os process with pid[31716] pgid[31716]
[roslaunch][INFO] 2020-11-02 17:16:26,411: process[map_server-1]: killing os process with pid[31715] pgid[31715]
[roslaunch][INFO] 2020-11-02 17:16:26,411: [amcl-3] sending SIGINT to pgid [31722]
[roslaunch][INFO] 2020-11-02 17:16:26,412: [move_base-4] sent SIGINT to pgid [24505]
[roslaunch][INFO] 2020-11-02 17:16:26,412: [rviz-2] sending SIGINT to pgid [31716]
[roslaunch][INFO] 2020-11-02 17:16:26,412: [map_server-1] sending SIGINT to pgid [31715]
[roslaunch][INFO] 2020-11-02 17:16:26,412: [amcl-3] sent SIGINT to pgid [31722]
[roslaunch][INFO] 2020-11-02 17:16:26,412: [rviz-2] sent SIGINT to pgid [31716]
[roslaunch][INFO] 2020-11-02 17:16:26,412: [map_server-1] sent SIGINT to pgid [31715]
[roslaunch][INFO] 2020-11-02 17:16:26,512: process[move_base-4]: SIGINT killed with return value 1
[roslaunch][INFO] 2020-11-02 17:16:26,612: process[map_server-1]: SIGINT killed with return value 0
[roslaunch][INFO] 2020-11-02 17:16:26,713: process[amcl-3]: SIGINT killed with return value 0
[roslaunch][INFO] 2020-11-02 17:16:31,118: process[rviz-2]: SIGINT killed with return value 0
[roslaunch.pmon][INFO] 2020-11-02 17:16:31,119: ProcessMonitor exit: cleaning up data structures and signals
[roslaunch.pmon][INFO] 2020-11-02 17:16:31,119: ProcessMonitor exit: pmon has shutdown
[roslaunch][INFO] 2020-11-02 17:16:31,152: process monitor is done spinning, initiating full shutdown
[roslaunch][INFO] 2020-11-02 17:16:31,152: runner.stop()
[roslaunch][INFO] 2020-11-02 17:16:31,152: shutting down processing monitor...
[roslaunch][INFO] 2020-11-02 17:16:31,152: shutting down processing monitor <ProcessMonitor(ProcessMonitor-1, stopped daemon 140393323902720)>
[roslaunch.pmon][INFO] 2020-11-02 17:16:31,152: ProcessMonitor.shutdown <ProcessMonitor(ProcessMonitor-1, stopped daemon 140393323902720)>
[roslaunch][INFO] 2020-11-02 17:16:31,152: ... shutting down processing monitor complete
[roslaunch][INFO] 2020-11-02 17:16:31,152: done
[roslaunch.pmon][INFO] 2020-11-02 17:16:31,152: ProcessMonitor.shutdown <ProcessMonitor(ProcessMonitor-1, stopped daemon 140393323902720)>
[rospy.core][INFO] 2020-11-02 17:16:31,152: signal_shutdown [atexit]
