[rospy.client][INFO] 2020-11-02 17:03:25,056: init_node, name[/rostful_server], pid[5012]
[xmlrpc][INFO] 2020-11-02 17:03:25,056: XML-RPC server binding to 0.0.0.0:0
[xmlrpc][INFO] 2020-11-02 17:03:25,057: Started XML-RPC server [http://freight1207:51327/]
[rospy.init][INFO] 2020-11-02 17:03:25,057: ROS Slave URI: [http://freight1207:51327/]
[rospy.impl.masterslave][INFO] 2020-11-02 17:03:25,057: _ready: http://freight1207:51327/
[xmlrpc][INFO] 2020-11-02 17:03:25,057: xml rpc node: starting XML-RPC server
[rospy.registration][INFO] 2020-11-02 17:03:25,057: Registering with master node http://localhost:11311
[rospy.init][INFO] 2020-11-02 17:03:25,157: registered with master
[rospy.rosout][INFO] 2020-11-02 17:03:25,157: initializing /rosout core topic
[rospy.rosout][INFO] 2020-11-02 17:03:25,159: connected to core topic /rosout
[rospy.simtime][INFO] 2020-11-02 17:03:25,160: /use_sim_time is not set, will not subscribe to simulated time [/clock] topic
[rosout][WARNING] 2020-11-02 17:03:25,165: rostful_server: Delaying the start 1 seconds
[rospy.internal][INFO] 2020-11-02 17:03:25,369: topic[/rosout] adding connection to [/rosout], count 0
[rosout][INFO] 2020-11-02 17:03:26,205: rostful_server: Started server on port 8080
[rospy.internal][INFO] 2020-11-02 17:03:26,223: topic[/enable_software_runstop] adding connection to [http://freight1207:51327/], count 0
[rospy.internal][INFO] 2020-11-02 17:03:26,224: topic[/enable_software_runstop] adding connection to [/rostful_server], count 0
[rospy.internal][INFO] 2020-11-02 17:03:26,278: topic[/enable_software_runstop] adding connection to [/software_runstop], count 1
[rosout][INFO] 2020-11-02 17:07:45,800: rostful_server: Shutting down the server
[rospy.core][INFO] 2020-11-02 17:07:45,801: signal_shutdown [Closing]
[rospy.internal][INFO] 2020-11-02 17:07:45,803: topic[/enable_software_runstop] removing connection to /rostful_server
[rospy.internal][INFO] 2020-11-02 17:07:45,803: topic[/enable_software_runstop] removing connection to /software_runstop
[rospy.internal][INFO] 2020-11-02 17:07:45,803: topic[/rosout] removing connection to /rosout
[rospy.internal][INFO] 2020-11-02 17:07:45,803: topic[/enable_software_runstop] removing connection to http://freight1207:51327/
[rospy.impl.masterslave][INFO] 2020-11-02 17:07:45,803: Closing
[rospy.core][INFO] 2020-11-02 17:07:45,911: signal_shutdown [atexit]
[rospy.client][INFO] 2020-11-02 17:07:53,332: init_node, name[/rostful_server], pid[768]
[xmlrpc][INFO] 2020-11-02 17:07:53,332: XML-RPC server binding to 0.0.0.0:0
[xmlrpc][INFO] 2020-11-02 17:07:53,332: Started XML-RPC server [http://freight1207:38744/]
[rospy.init][INFO] 2020-11-02 17:07:53,333: ROS Slave URI: [http://freight1207:38744/]
[rospy.impl.masterslave][INFO] 2020-11-02 17:07:53,333: _ready: http://freight1207:38744/
[xmlrpc][INFO] 2020-11-02 17:07:53,333: xml rpc node: starting XML-RPC server
[rospy.registration][INFO] 2020-11-02 17:07:53,333: Registering with master node http://localhost:11311
[rospy.init][INFO] 2020-11-02 17:07:53,433: registered with master
[rospy.rosout][INFO] 2020-11-02 17:07:53,433: initializing /rosout core topic
[rospy.rosout][INFO] 2020-11-02 17:07:53,435: connected to core topic /rosout
[rospy.simtime][INFO] 2020-11-02 17:07:53,435: /use_sim_time is not set, will not subscribe to simulated time [/clock] topic
[rosout][WARNING] 2020-11-02 17:07:53,440: rostful_server: Delaying the start 1 seconds
[rospy.internal][INFO] 2020-11-02 17:07:53,724: topic[/rosout] adding connection to [/rosout], count 0
[rospy.internal][INFO] 2020-11-02 17:07:54,499: topic[/enable_software_runstop] adding connection to [http://freight1207:38744/], count 0
[rospy.internal][INFO] 2020-11-02 17:07:54,500: topic[/enable_software_runstop] adding connection to [/rostful_server], count 0
[rosout][INFO] 2020-11-02 17:07:54,545: rostful_server: Started server on port 8080
[rospy.internal][INFO] 2020-11-02 17:07:54,547: topic[/enable_software_runstop] adding connection to [/software_runstop], count 1
[rospy.client][INFO] 2020-11-02 17:11:04,277: init_node, name[/rostful_server], pid[30181]
[xmlrpc][INFO] 2020-11-02 17:11:04,277: XML-RPC server binding to 0.0.0.0:0
[xmlrpc][INFO] 2020-11-02 17:11:04,277: Started XML-RPC server [http://freight1207:44845/]
[rospy.init][INFO] 2020-11-02 17:11:04,277: ROS Slave URI: [http://freight1207:44845/]
[rospy.impl.masterslave][INFO] 2020-11-02 17:11:04,278: _ready: http://freight1207:44845/
[xmlrpc][INFO] 2020-11-02 17:11:04,278: xml rpc node: starting XML-RPC server
[rospy.registration][INFO] 2020-11-02 17:11:04,278: Registering with master node http://localhost:11311
[rospy.init][INFO] 2020-11-02 17:11:04,378: registered with master
[rospy.rosout][INFO] 2020-11-02 17:11:04,378: initializing /rosout core topic
[rospy.rosout][INFO] 2020-11-02 17:11:04,380: connected to core topic /rosout
[rospy.simtime][INFO] 2020-11-02 17:11:04,381: /use_sim_time is not set, will not subscribe to simulated time [/clock] topic
[rosout][WARNING] 2020-11-02 17:11:04,385: rostful_server: Delaying the start 1 seconds
[rospy.impl.masterslave][INFO] 2020-11-02 17:11:04,403: external shutdown request from [/master]: new node registered with same name
[rospy.core][INFO] 2020-11-02 17:11:04,403: signal_shutdown [external shutdown request from [/master]: [new node registered with same name]]
[rospy.internal][INFO] 2020-11-02 17:11:04,406: topic[/enable_software_runstop] removing connection to /rostful_server
[rospy.internal][INFO] 2020-11-02 17:11:04,406: topic[/enable_software_runstop] removing connection to /software_runstop
[rospy.internal][INFO] 2020-11-02 17:11:04,406: topic[/rosout] removing connection to /rosout
[rospy.internal][INFO] 2020-11-02 17:11:04,407: topic[/enable_software_runstop] removing connection to http://freight1207:38744/
[rospy.internal][ERROR] 2020-11-02 17:11:04,407: Unable to initiate TCP/IP socket to freight1207:53783 (http://freight1207:38744/): Traceback (most recent call last):
  File "/opt/ros/indigo/lib/python2.7/dist-packages/rospy/impl/tcpros_base.py", line 557, in connect
    self.read_header()
  File "/opt/ros/indigo/lib/python2.7/dist-packages/rospy/impl/tcpros_base.py", line 619, in read_header
    self._validate_header(read_ros_handshake_header(sock, self.read_buff, self.protocol.buff_size))
  File "/opt/ros/indigo/lib/python2.7/dist-packages/rospy/impl/tcpros_base.py", line 580, in _validate_header
    raise TransportInitError("remote error reported: %s"%header['error'])
TransportInitError: remote error reported: node shutting down

[rospy.internal][INFO] 2020-11-02 17:11:04,605: topic[/rosout] adding connection to [/rosout], count 0
[rospy.core][INFO] 2020-11-02 17:11:05,437: signal_shutdown [atexit]
[rospy.internal][INFO] 2020-11-02 17:11:05,443: topic[/rosout] removing connection to /rosout
[rospy.impl.masterslave][INFO] 2020-11-02 17:11:05,443: atexit
[rospy.client][INFO] 2020-11-02 17:13:58,126: init_node, name[/rostful_server], pid[22246]
[xmlrpc][INFO] 2020-11-02 17:13:58,126: XML-RPC server binding to 0.0.0.0:0
[xmlrpc][INFO] 2020-11-02 17:13:58,126: Started XML-RPC server [http://freight1207:37881/]
[rospy.init][INFO] 2020-11-02 17:13:58,126: ROS Slave URI: [http://freight1207:37881/]
[rospy.impl.masterslave][INFO] 2020-11-02 17:13:58,126: _ready: http://freight1207:37881/
[xmlrpc][INFO] 2020-11-02 17:13:58,127: xml rpc node: starting XML-RPC server
[rospy.registration][INFO] 2020-11-02 17:13:58,127: Registering with master node http://localhost:11311
[rospy.init][INFO] 2020-11-02 17:13:58,227: registered with master
[rospy.rosout][INFO] 2020-11-02 17:13:58,227: initializing /rosout core topic
[rospy.rosout][INFO] 2020-11-02 17:13:58,228: connected to core topic /rosout
[rospy.simtime][INFO] 2020-11-02 17:13:58,229: /use_sim_time is not set, will not subscribe to simulated time [/clock] topic
[rosout][WARNING] 2020-11-02 17:13:58,233: rostful_server: Delaying the start 1 seconds
[rospy.internal][INFO] 2020-11-02 17:13:58,422: topic[/rosout] adding connection to [/rosout], count 0
[rospy.core][INFO] 2020-11-02 17:13:59,282: signal_shutdown [atexit]
[rospy.internal][INFO] 2020-11-02 17:13:59,287: topic[/rosout] removing connection to /rosout
[rospy.impl.masterslave][INFO] 2020-11-02 17:13:59,288: atexit
