[roslaunch][INFO] 2020-10-27 23:51:51,082: Checking log directory for disk usage. This may take awhile.
Press Ctrl-C to interrupt
[roslaunch][INFO] 2020-10-27 23:51:51,084: Done checking log file disk usage. Usage is <1GB.
[roslaunch][INFO] 2020-10-27 23:51:51,085: roslaunch starting with args ['/opt/ros/indigo/bin/roslaunch', 'fetch_navigation', 'freight_nav.launch']
[roslaunch][INFO] 2020-10-27 23:51:51,085: roslaunch env is {'MANDATORY_PATH': '/usr/share/gconf/ubuntu.mandatory.path', 'ROS_DISTRO': 'indigo', 'ROS_LOG_FILENAME': '/home/fetch/.ros/log/b54da16c-18df-11eb-ae58-000babe55698/roslaunch-freight1207-26310.log', 'XDG_GREETER_DATA_DIR': '/var/lib/lightdm-data/fetch', 'GNOME_DESKTOP_SESSION_ID': 'this-is-deprecated', 'LESSOPEN': '| /usr/bin/lesspipe %s', 'PKG_CONFIG_PATH': '/home/fetch/catkin_ws/devel/lib/pkgconfig:/opt/ros/indigo/lib/pkgconfig', 'CPATH': '/home/fetch/catkin_ws/devel/include:/opt/ros/indigo/include', 'LOGNAME': 'fetch', 'WINDOWID': '20971531', 'PATH': '/opt/ros/indigo/bin:/usr/local/sbin:/usr/local/bin:/usr/sbin:/usr/bin:/sbin:/bin:/usr/games:/usr/local/games', 'XDG_VTNR': '7', 'GNOME_KEYRING_CONTROL': '/run/user/1000/keyring-VHsKh9', 'CMAKE_PREFIX_PATH': '/home/fetch/catkin_ws/devel:/opt/ros/indigo', 'LD_LIBRARY_PATH': '/home/fetch/catkin_ws/devel/lib:/opt/ros/indigo/lib', 'LANG': 'en_US.UTF-8', 'TERM': 'xterm-256color', 'SHELL': '/bin/bash', 'XDG_SESSION_PATH': '/org/freedesktop/DisplayManager/Session0', 'XAUTHORITY': '/home/fetch/.Xauthority', 'LANGUAGE': 'en_US', 'SESSION_MANAGER': 'local/freight1207:@/tmp/.ICE-unix/1504,unix/freight1207:/tmp/.ICE-unix/1504', 'SHLVL': '1', 'LESSCLOSE': '/usr/bin/lesspipe %s %s', 'QT_QPA_PLATFORMTHEME': 'appmenu-qt5', 'JOB': 'dbus', 'TEXTDOMAIN': 'im-config', 'QT4_IM_MODULE': 'xim', 'CLUTTER_IM_MODULE': 'xim', 'SESSION': 'ubuntu', 'SESSIONTYPE': 'gnome-session', 'XMODIFIERS': '@im=ibus', 'ROS_ETC_DIR': '/opt/ros/indigo/etc/ros', 'GPG_AGENT_INFO': '/run/user/1000/keyring-VHsKh9/gpg:0:1', 'HOME': '/home/fetch', 'SELINUX_INIT': 'YES', 'COMPIZ_BIN_PATH': '/usr/bin/', 'XDG_RUNTIME_DIR': '/run/user/1000', 'INSTANCE': '', 'PYTHONPATH': '/home/fetch/catkin_ws/devel/lib/python2.7/dist-packages:/opt/ros/indigo/lib/python2.7/dist-packages', 'COMPIZ_CONFIG_PROFILE': 'ubuntu', 'SSH_AUTH_SOCK': '/run/user/1000/keyring-VHsKh9/ssh', 'VTE_VERSION': '3409', 'ROS_ROOT': '/opt/ros/indigo/share/ros', 'GDMSESSION': 'ubuntu', 'IM_CONFIG_PHASE': '1', 'TEXTDOMAINDIR': '/usr/share/locale/', 'GNOME_KEYRING_PID': '1429', 'XDG_SEAT_PATH': '/org/freedesktop/DisplayManager/Seat0', 'ROS_PACKAGE_PATH': '/home/fetch/catkin_ws/src:/opt/ros/indigo/share:/opt/ros/indigo/stacks', 'XDG_CURRENT_DESKTOP': 'Unity', 'XDG_SESSION_ID': 'c2', 'DBUS_SESSION_BUS_ADDRESS': 'unix:abstract=/tmp/dbus-hM45SrglVY', '_': '/opt/ros/indigo/bin/roslaunch', 'DEFAULTS_PATH': '/usr/share/gconf/ubuntu.default.path', 'GTK_IM_MODULE': 'ibus', 'DESKTOP_SESSION': 'ubuntu', 'UPSTART_SESSION': 'unix:abstract=/com/ubuntu/upstart-session/1000/1309', 'XDG_CONFIG_DIRS': '/etc/xdg/xdg-ubuntu:/usr/share/upstart/xdg:/etc/xdg', 'GTK_MODULES': 'overlay-scrollbar:unity-gtk-module', 'XDG_SEAT': 'seat0', 'GDM_LANG': 'en_US', 'XDG_DATA_DIRS': '/usr/share/ubuntu:/usr/share/gnome:/usr/local/share/:/usr/share/', 'PWD': '/home/fetch', 'QT_IM_MODULE': 'ibus', 'ROS_MASTER_URI': 'http://localhost:11311', 'COLORTERM': 'gnome-terminal', 'DISPLAY': ':0', 'XDG_MENU_PREFIX': 'gnome-', 'LS_COLORS': 'rs=0:di=01;34:ln=01;36:mh=00:pi=40;33:so=01;35:do=01;35:bd=40;33;01:cd=40;33;01:or=40;31;01:su=37;41:sg=30;43:ca=30;41:tw=30;42:ow=34;42:st=37;44:ex=01;32:*.tar=01;31:*.tgz=01;31:*.arj=01;31:*.taz=01;31:*.lzh=01;31:*.lzma=01;31:*.tlz=01;31:*.txz=01;31:*.zip=01;31:*.z=01;31:*.Z=01;31:*.dz=01;31:*.gz=01;31:*.lz=01;31:*.xz=01;31:*.bz2=01;31:*.bz=01;31:*.tbz=01;31:*.tbz2=01;31:*.tz=01;31:*.deb=01;31:*.rpm=01;31:*.jar=01;31:*.war=01;31:*.ear=01;31:*.sar=01;31:*.rar=01;31:*.ace=01;31:*.zoo=01;31:*.cpio=01;31:*.7z=01;31:*.rz=01;31:*.jpg=01;35:*.jpeg=01;35:*.gif=01;35:*.bmp=01;35:*.pbm=01;35:*.pgm=01;35:*.ppm=01;35:*.tga=01;35:*.xbm=01;35:*.xpm=01;35:*.tif=01;35:*.tiff=01;35:*.png=01;35:*.svg=01;35:*.svgz=01;35:*.mng=01;35:*.pcx=01;35:*.mov=01;35:*.mpg=01;35:*.mpeg=01;35:*.m2v=01;35:*.mkv=01;35:*.webm=01;35:*.ogm=01;35:*.mp4=01;35:*.m4v=01;35:*.mp4v=01;35:*.vob=01;35:*.qt=01;35:*.nuv=01;35:*.wmv=01;35:*.asf=01;35:*.rm=01;35:*.rmvb=01;35:*.flc=01;35:*.avi=01;35:*.fli=01;35:*.flv=01;35:*.gl=01;35:*.dl=01;35:*.xcf=01;35:*.xwd=01;35:*.yuv=01;35:*.cgm=01;35:*.emf=01;35:*.axv=01;35:*.anx=01;35:*.ogv=01;35:*.ogx=01;35:*.aac=00;36:*.au=00;36:*.flac=00;36:*.mid=00;36:*.midi=00;36:*.mka=00;36:*.mp3=00;36:*.mpc=00;36:*.ogg=00;36:*.ra=00;36:*.wav=00;36:*.axa=00;36:*.oga=00;36:*.spx=00;36:*.xspf=00;36:', 'USER': 'fetch'}
[roslaunch][INFO] 2020-10-27 23:51:51,085: starting in server mode
[roslaunch.parent][INFO] 2020-10-27 23:51:51,085: starting roslaunch parent run
[roslaunch][INFO] 2020-10-27 23:51:51,085: loading roscore config file /opt/ros/indigo/etc/ros/roscore.xml
[roslaunch][INFO] 2020-10-27 23:51:51,154: Added core node of type [rosout/rosout] in namespace [/]
[roslaunch.config][INFO] 2020-10-27 23:51:51,154: loading config file /opt/ros/indigo/share/fetch_navigation/launch/freight_nav.launch
[roslaunch][INFO] 2020-10-27 23:51:51,186: Added node of type [map_server/map_server] in namespace [/]
[roslaunch][INFO] 2020-10-27 23:51:51,187: Added node of type [rviz/rviz] in namespace [/]
[roslaunch][INFO] 2020-10-27 23:51:51,192: Added node of type [amcl/amcl] in namespace [/]
[roslaunch][INFO] 2020-10-27 23:51:51,210: Added node of type [move_base/move_base] in namespace [/]
[roslaunch][INFO] 2020-10-27 23:51:51,211: ... selected machine [] for node of type [map_server/map_server]
[roslaunch][INFO] 2020-10-27 23:51:51,211: ... selected machine [] for node of type [rviz/rviz]
[roslaunch][INFO] 2020-10-27 23:51:51,211: ... selected machine [] for node of type [amcl/amcl]
[roslaunch][INFO] 2020-10-27 23:51:51,211: ... selected machine [] for node of type [move_base/move_base]
[roslaunch.pmon][INFO] 2020-10-27 23:51:51,211: start_process_monitor: creating ProcessMonitor
[roslaunch.pmon][INFO] 2020-10-27 23:51:51,212: created process monitor <ProcessMonitor(ProcessMonitor-1, initial daemon)>
[roslaunch.pmon][INFO] 2020-10-27 23:51:51,212: start_process_monitor: ProcessMonitor started
[roslaunch.parent][INFO] 2020-10-27 23:51:51,212: starting parent XML-RPC server
[roslaunch.server][INFO] 2020-10-27 23:51:51,212: starting roslaunch XML-RPC server
[roslaunch.server][INFO] 2020-10-27 23:51:51,212: waiting for roslaunch XML-RPC server to initialize
[xmlrpc][INFO] 2020-10-27 23:51:51,212: XML-RPC server binding to 0.0.0.0:0
[xmlrpc][INFO] 2020-10-27 23:51:51,212: Started XML-RPC server [http://freight1207:49372/]
[xmlrpc][INFO] 2020-10-27 23:51:51,212: xml rpc node: starting XML-RPC server
[roslaunch][INFO] 2020-10-27 23:51:51,223: started roslaunch server http://freight1207:49372/
[roslaunch.parent][INFO] 2020-10-27 23:51:51,223: ... parent XML-RPC server started
[roslaunch][INFO] 2020-10-27 23:51:51,224: master.is_running[http://localhost:11311]
[roslaunch][INFO] 2020-10-27 23:51:51,225: master.is_running[http://localhost:11311]
[roslaunch][INFO] 2020-10-27 23:51:51,226: ROS_MASTER_URI=http://localhost:11311
[roslaunch][INFO] 2020-10-27 23:51:51,227: setting /roslaunch/uris/host_freight1207__49372' to http://freight1207:49372/
[roslaunch][INFO] 2020-10-27 23:51:51,228: load_parameters starting ...
[roslaunch][INFO] 2020-10-27 23:51:51,248: ... load_parameters complete
[roslaunch][INFO] 2020-10-27 23:51:51,248: launch_nodes: launching local nodes ...
[roslaunch][INFO] 2020-10-27 23:51:51,248: ... preparing to launch node of type [map_server/map_server]
[roslaunch][INFO] 2020-10-27 23:51:51,248: create_node_process: package[map_server] type[map_server] machine[Machine(name[] env_loader[None] address[localhost] ssh_port[22] user[None] assignable[True] timeout[10.0])] master_uri[http://localhost:11311]
[roslaunch][INFO] 2020-10-27 23:51:51,249: process[map_server-1]: env[{'QT_QPA_PLATFORMTHEME': 'appmenu-qt5', 'ROS_DISTRO': 'indigo', 'XDG_GREETER_DATA_DIR': '/var/lib/lightdm-data/fetch', 'GNOME_DESKTOP_SESSION_ID': 'this-is-deprecated', 'LESSOPEN': '| /usr/bin/lesspipe %s', 'XDG_SEAT_PATH': '/org/freedesktop/DisplayManager/Seat0', 'CPATH': '/home/fetch/catkin_ws/devel/include:/opt/ros/indigo/include', 'LOGNAME': 'fetch', 'XDG_SEAT': 'seat0', 'PATH': '/opt/ros/indigo/bin:/usr/local/sbin:/usr/local/bin:/usr/sbin:/usr/bin:/sbin:/bin:/usr/games:/usr/local/games', 'XDG_VTNR': '7', 'GNOME_KEYRING_CONTROL': '/run/user/1000/keyring-VHsKh9', 'CMAKE_PREFIX_PATH': '/home/fetch/catkin_ws/devel:/opt/ros/indigo', 'LD_LIBRARY_PATH': '/home/fetch/catkin_ws/devel/lib:/opt/ros/indigo/lib', 'LANG': 'en_US.UTF-8', 'TERM': 'xterm-256color', 'SHELL': '/bin/bash', 'XDG_SESSION_PATH': '/org/freedesktop/DisplayManager/Session0', 'XAUTHORITY': '/home/fetch/.Xauthority', 'LANGUAGE': 'en_US', 'SESSION_MANAGER': 'local/freight1207:@/tmp/.ICE-unix/1504,unix/freight1207:/tmp/.ICE-unix/1504', 'SHLVL': '1', 'MANDATORY_PATH': '/usr/share/gconf/ubuntu.mandatory.path', 'CLUTTER_IM_MODULE': 'xim', 'ROS_LOG_FILENAME': '/home/fetch/.ros/log/b54da16c-18df-11eb-ae58-000babe55698/roslaunch-freight1207-26310.log', 'TEXTDOMAIN': 'im-config', 'JOB': 'dbus', 'WINDOWID': '20971531', 'SESSIONTYPE': 'gnome-session', 'XMODIFIERS': '@im=ibus', 'ROS_MASTER_URI': 'http://localhost:11311', 'GPG_AGENT_INFO': '/run/user/1000/keyring-VHsKh9/gpg:0:1', 'HOME': '/home/fetch', 'QT4_IM_MODULE': 'xim', 'SELINUX_INIT': 'YES', 'SSH_AUTH_SOCK': '/run/user/1000/keyring-VHsKh9/ssh', 'XDG_RUNTIME_DIR': '/run/user/1000', 'GTK_IM_MODULE': 'ibus', 'PYTHONPATH': '/home/fetch/catkin_ws/devel/lib/python2.7/dist-packages:/opt/ros/indigo/lib/python2.7/dist-packages', 'COMPIZ_CONFIG_PROFILE': 'ubuntu', 'COMPIZ_BIN_PATH': '/usr/bin/', 'VTE_VERSION': '3409', 'ROS_ROOT': '/opt/ros/indigo/share/ros', 'GDMSESSION': 'ubuntu', 'IM_CONFIG_PHASE': '1', 'TEXTDOMAINDIR': '/usr/share/locale/', 'XDG_DATA_DIRS': '/usr/share/ubuntu:/usr/share/gnome:/usr/local/share/:/usr/share/', 'PKG_CONFIG_PATH': '/home/fetch/catkin_ws/devel/lib/pkgconfig:/opt/ros/indigo/lib/pkgconfig', 'ROS_PACKAGE_PATH': '/home/fetch/catkin_ws/src:/opt/ros/indigo/share:/opt/ros/indigo/stacks', 'XDG_CURRENT_DESKTOP': 'Unity', 'XDG_SESSION_ID': 'c2', 'DBUS_SESSION_BUS_ADDRESS': 'unix:abstract=/tmp/dbus-hM45SrglVY', '_': '/opt/ros/indigo/bin/roslaunch', 'DEFAULTS_PATH': '/usr/share/gconf/ubuntu.default.path', 'SESSION': 'ubuntu', 'DESKTOP_SESSION': 'ubuntu', 'UPSTART_SESSION': 'unix:abstract=/com/ubuntu/upstart-session/1000/1309', 'LESSCLOSE': '/usr/bin/lesspipe %s %s', 'GNOME_KEYRING_PID': '1429', 'LS_COLORS': 'rs=0:di=01;34:ln=01;36:mh=00:pi=40;33:so=01;35:do=01;35:bd=40;33;01:cd=40;33;01:or=40;31;01:su=37;41:sg=30;43:ca=30;41:tw=30;42:ow=34;42:st=37;44:ex=01;32:*.tar=01;31:*.tgz=01;31:*.arj=01;31:*.taz=01;31:*.lzh=01;31:*.lzma=01;31:*.tlz=01;31:*.txz=01;31:*.zip=01;31:*.z=01;31:*.Z=01;31:*.dz=01;31:*.gz=01;31:*.lz=01;31:*.xz=01;31:*.bz2=01;31:*.bz=01;31:*.tbz=01;31:*.tbz2=01;31:*.tz=01;31:*.deb=01;31:*.rpm=01;31:*.jar=01;31:*.war=01;31:*.ear=01;31:*.sar=01;31:*.rar=01;31:*.ace=01;31:*.zoo=01;31:*.cpio=01;31:*.7z=01;31:*.rz=01;31:*.jpg=01;35:*.jpeg=01;35:*.gif=01;35:*.bmp=01;35:*.pbm=01;35:*.pgm=01;35:*.ppm=01;35:*.tga=01;35:*.xbm=01;35:*.xpm=01;35:*.tif=01;35:*.tiff=01;35:*.png=01;35:*.svg=01;35:*.svgz=01;35:*.mng=01;35:*.pcx=01;35:*.mov=01;35:*.mpg=01;35:*.mpeg=01;35:*.m2v=01;35:*.mkv=01;35:*.webm=01;35:*.ogm=01;35:*.mp4=01;35:*.m4v=01;35:*.mp4v=01;35:*.vob=01;35:*.qt=01;35:*.nuv=01;35:*.wmv=01;35:*.asf=01;35:*.rm=01;35:*.rmvb=01;35:*.flc=01;35:*.avi=01;35:*.fli=01;35:*.flv=01;35:*.gl=01;35:*.dl=01;35:*.xcf=01;35:*.xwd=01;35:*.yuv=01;35:*.cgm=01;35:*.emf=01;35:*.axv=01;35:*.anx=01;35:*.ogv=01;35:*.ogx=01;35:*.aac=00;36:*.au=00;36:*.flac=00;36:*.mid=00;36:*.midi=00;36:*.mka=00;36:*.mp3=00;36:*.mpc=00;36:*.ogg=00;36:*.ra=00;36:*.wav=00;36:*.axa=00;36:*.oga=00;36:*.spx=00;36:*.xspf=00;36:', 'GDM_LANG': 'en_US', 'GTK_MODULES': 'overlay-scrollbar:unity-gtk-module', 'INSTANCE': '', 'PWD': '/home/fetch', 'QT_IM_MODULE': 'ibus', 'ROS_ETC_DIR': '/opt/ros/indigo/etc/ros', 'COLORTERM': 'gnome-terminal', 'DISPLAY': ':0', 'XDG_MENU_PREFIX': 'gnome-', 'XDG_CONFIG_DIRS': '/etc/xdg/xdg-ubuntu:/usr/share/upstart/xdg:/etc/xdg', 'USER': 'fetch'}]
[roslaunch][INFO] 2020-10-27 23:51:51,281: process[map_server-1]: args[[u'/opt/ros/indigo/lib/map_server/map_server', '/home/fetch/temp.yaml', u'__name:=map_server']]
[roslaunch][INFO] 2020-10-27 23:51:51,281: ... created process [map_server-1]
[roslaunch.pmon][INFO] 2020-10-27 23:51:51,281: ProcessMonitor.register[map_server-1]
[roslaunch.pmon][INFO] 2020-10-27 23:51:51,281: ProcessMonitor.register[map_server-1] complete
[roslaunch][INFO] 2020-10-27 23:51:51,281: ... registered process [map_server-1]
[roslaunch][INFO] 2020-10-27 23:51:51,281: process[map_server-1]: starting os process
[roslaunch][INFO] 2020-10-27 23:51:51,282: process[map_server-1]: start w/ args [[u'/opt/ros/indigo/lib/map_server/map_server', '/home/fetch/temp.yaml', u'__name:=map_server', u'__log:=/home/fetch/.ros/log/b54da16c-18df-11eb-ae58-000babe55698/map_server-1.log']]
[roslaunch][INFO] 2020-10-27 23:51:51,282: process[map_server-1]: cwd will be [/home/fetch/.ros]
[roslaunch][INFO] 2020-10-27 23:51:51,283: process[map_server-1]: started with pid [26328]
[roslaunch][INFO] 2020-10-27 23:51:51,283: ... successfully launched [map_server-1]
[roslaunch][INFO] 2020-10-27 23:51:51,283: ... preparing to launch node of type [rviz/rviz]
[roslaunch][INFO] 2020-10-27 23:51:51,283: create_node_process: package[rviz] type[rviz] machine[Machine(name[] env_loader[None] address[localhost] ssh_port[22] user[None] assignable[True] timeout[10.0])] master_uri[http://localhost:11311]
[roslaunch][INFO] 2020-10-27 23:51:51,284: process[rviz-2]: env[{'QT_QPA_PLATFORMTHEME': 'appmenu-qt5', 'ROS_DISTRO': 'indigo', 'XDG_GREETER_DATA_DIR': '/var/lib/lightdm-data/fetch', 'GNOME_DESKTOP_SESSION_ID': 'this-is-deprecated', 'LESSOPEN': '| /usr/bin/lesspipe %s', 'XDG_SEAT_PATH': '/org/freedesktop/DisplayManager/Seat0', 'CPATH': '/home/fetch/catkin_ws/devel/include:/opt/ros/indigo/include', 'LOGNAME': 'fetch', 'XDG_SEAT': 'seat0', 'PATH': '/opt/ros/indigo/bin:/usr/local/sbin:/usr/local/bin:/usr/sbin:/usr/bin:/sbin:/bin:/usr/games:/usr/local/games', 'XDG_VTNR': '7', 'GNOME_KEYRING_CONTROL': '/run/user/1000/keyring-VHsKh9', 'CMAKE_PREFIX_PATH': '/home/fetch/catkin_ws/devel:/opt/ros/indigo', 'LD_LIBRARY_PATH': '/home/fetch/catkin_ws/devel/lib:/opt/ros/indigo/lib', 'LANG': 'en_US.UTF-8', 'TERM': 'xterm-256color', 'SHELL': '/bin/bash', 'XDG_SESSION_PATH': '/org/freedesktop/DisplayManager/Session0', 'XAUTHORITY': '/home/fetch/.Xauthority', 'LANGUAGE': 'en_US', 'SESSION_MANAGER': 'local/freight1207:@/tmp/.ICE-unix/1504,unix/freight1207:/tmp/.ICE-unix/1504', 'SHLVL': '1', 'MANDATORY_PATH': '/usr/share/gconf/ubuntu.mandatory.path', 'CLUTTER_IM_MODULE': 'xim', 'ROS_LOG_FILENAME': '/home/fetch/.ros/log/b54da16c-18df-11eb-ae58-000babe55698/roslaunch-freight1207-26310.log', 'TEXTDOMAIN': 'im-config', 'JOB': 'dbus', 'WINDOWID': '20971531', 'SESSIONTYPE': 'gnome-session', 'XMODIFIERS': '@im=ibus', 'ROS_MASTER_URI': 'http://localhost:11311', 'GPG_AGENT_INFO': '/run/user/1000/keyring-VHsKh9/gpg:0:1', 'HOME': '/home/fetch', 'QT4_IM_MODULE': 'xim', 'SELINUX_INIT': 'YES', 'SSH_AUTH_SOCK': '/run/user/1000/keyring-VHsKh9/ssh', 'XDG_RUNTIME_DIR': '/run/user/1000', 'GTK_IM_MODULE': 'ibus', 'PYTHONPATH': '/home/fetch/catkin_ws/devel/lib/python2.7/dist-packages:/opt/ros/indigo/lib/python2.7/dist-packages', 'COMPIZ_CONFIG_PROFILE': 'ubuntu', 'COMPIZ_BIN_PATH': '/usr/bin/', 'VTE_VERSION': '3409', 'ROS_ROOT': '/opt/ros/indigo/share/ros', 'GDMSESSION': 'ubuntu', 'IM_CONFIG_PHASE': '1', 'TEXTDOMAINDIR': '/usr/share/locale/', 'XDG_DATA_DIRS': '/usr/share/ubuntu:/usr/share/gnome:/usr/local/share/:/usr/share/', 'PKG_CONFIG_PATH': '/home/fetch/catkin_ws/devel/lib/pkgconfig:/opt/ros/indigo/lib/pkgconfig', 'ROS_PACKAGE_PATH': '/home/fetch/catkin_ws/src:/opt/ros/indigo/share:/opt/ros/indigo/stacks', 'XDG_CURRENT_DESKTOP': 'Unity', 'XDG_SESSION_ID': 'c2', 'DBUS_SESSION_BUS_ADDRESS': 'unix:abstract=/tmp/dbus-hM45SrglVY', '_': '/opt/ros/indigo/bin/roslaunch', 'DEFAULTS_PATH': '/usr/share/gconf/ubuntu.default.path', 'SESSION': 'ubuntu', 'DESKTOP_SESSION': 'ubuntu', 'UPSTART_SESSION': 'unix:abstract=/com/ubuntu/upstart-session/1000/1309', 'LESSCLOSE': '/usr/bin/lesspipe %s %s', 'GNOME_KEYRING_PID': '1429', 'LS_COLORS': 'rs=0:di=01;34:ln=01;36:mh=00:pi=40;33:so=01;35:do=01;35:bd=40;33;01:cd=40;33;01:or=40;31;01:su=37;41:sg=30;43:ca=30;41:tw=30;42:ow=34;42:st=37;44:ex=01;32:*.tar=01;31:*.tgz=01;31:*.arj=01;31:*.taz=01;31:*.lzh=01;31:*.lzma=01;31:*.tlz=01;31:*.txz=01;31:*.zip=01;31:*.z=01;31:*.Z=01;31:*.dz=01;31:*.gz=01;31:*.lz=01;31:*.xz=01;31:*.bz2=01;31:*.bz=01;31:*.tbz=01;31:*.tbz2=01;31:*.tz=01;31:*.deb=01;31:*.rpm=01;31:*.jar=01;31:*.war=01;31:*.ear=01;31:*.sar=01;31:*.rar=01;31:*.ace=01;31:*.zoo=01;31:*.cpio=01;31:*.7z=01;31:*.rz=01;31:*.jpg=01;35:*.jpeg=01;35:*.gif=01;35:*.bmp=01;35:*.pbm=01;35:*.pgm=01;35:*.ppm=01;35:*.tga=01;35:*.xbm=01;35:*.xpm=01;35:*.tif=01;35:*.tiff=01;35:*.png=01;35:*.svg=01;35:*.svgz=01;35:*.mng=01;35:*.pcx=01;35:*.mov=01;35:*.mpg=01;35:*.mpeg=01;35:*.m2v=01;35:*.mkv=01;35:*.webm=01;35:*.ogm=01;35:*.mp4=01;35:*.m4v=01;35:*.mp4v=01;35:*.vob=01;35:*.qt=01;35:*.nuv=01;35:*.wmv=01;35:*.asf=01;35:*.rm=01;35:*.rmvb=01;35:*.flc=01;35:*.avi=01;35:*.fli=01;35:*.flv=01;35:*.gl=01;35:*.dl=01;35:*.xcf=01;35:*.xwd=01;35:*.yuv=01;35:*.cgm=01;35:*.emf=01;35:*.axv=01;35:*.anx=01;35:*.ogv=01;35:*.ogx=01;35:*.aac=00;36:*.au=00;36:*.flac=00;36:*.mid=00;36:*.midi=00;36:*.mka=00;36:*.mp3=00;36:*.mpc=00;36:*.ogg=00;36:*.ra=00;36:*.wav=00;36:*.axa=00;36:*.oga=00;36:*.spx=00;36:*.xspf=00;36:', 'GDM_LANG': 'en_US', 'GTK_MODULES': 'overlay-scrollbar:unity-gtk-module', 'INSTANCE': '', 'PWD': '/home/fetch', 'QT_IM_MODULE': 'ibus', 'ROS_ETC_DIR': '/opt/ros/indigo/etc/ros', 'COLORTERM': 'gnome-terminal', 'DISPLAY': ':0', 'XDG_MENU_PREFIX': 'gnome-', 'XDG_CONFIG_DIRS': '/etc/xdg/xdg-ubuntu:/usr/share/upstart/xdg:/etc/xdg', 'USER': 'fetch'}]
[roslaunch][INFO] 2020-10-27 23:51:51,286: process[rviz-2]: args[[u'/opt/ros/indigo/lib/rviz/rviz', '/opt/ros/indigo/share/fetch_navigation/config/navigation.rviz', u'__name:=rviz']]
[roslaunch][INFO] 2020-10-27 23:51:51,286: ... created process [rviz-2]
[roslaunch.pmon][INFO] 2020-10-27 23:51:51,286: ProcessMonitor.register[rviz-2]
[roslaunch.pmon][INFO] 2020-10-27 23:51:51,286: ProcessMonitor.register[rviz-2] complete
[roslaunch][INFO] 2020-10-27 23:51:51,286: ... registered process [rviz-2]
[roslaunch][INFO] 2020-10-27 23:51:51,286: process[rviz-2]: starting os process
[roslaunch][INFO] 2020-10-27 23:51:51,286: process[rviz-2]: start w/ args [[u'/opt/ros/indigo/lib/rviz/rviz', '/opt/ros/indigo/share/fetch_navigation/config/navigation.rviz', u'__name:=rviz', u'__log:=/home/fetch/.ros/log/b54da16c-18df-11eb-ae58-000babe55698/rviz-2.log']]
[roslaunch][INFO] 2020-10-27 23:51:51,286: process[rviz-2]: cwd will be [/home/fetch/.ros]
[roslaunch][INFO] 2020-10-27 23:51:51,288: process[rviz-2]: started with pid [26329]
[roslaunch][INFO] 2020-10-27 23:51:51,288: ... successfully launched [rviz-2]
[roslaunch][INFO] 2020-10-27 23:51:51,288: ... preparing to launch node of type [amcl/amcl]
[roslaunch][INFO] 2020-10-27 23:51:51,288: create_node_process: package[amcl] type[amcl] machine[Machine(name[] env_loader[None] address[localhost] ssh_port[22] user[None] assignable[True] timeout[10.0])] master_uri[http://localhost:11311]
[roslaunch][INFO] 2020-10-27 23:51:51,288: process[amcl-3]: env[{'QT_QPA_PLATFORMTHEME': 'appmenu-qt5', 'ROS_DISTRO': 'indigo', 'XDG_GREETER_DATA_DIR': '/var/lib/lightdm-data/fetch', 'GNOME_DESKTOP_SESSION_ID': 'this-is-deprecated', 'LESSOPEN': '| /usr/bin/lesspipe %s', 'XDG_SEAT_PATH': '/org/freedesktop/DisplayManager/Seat0', 'CPATH': '/home/fetch/catkin_ws/devel/include:/opt/ros/indigo/include', 'LOGNAME': 'fetch', 'XDG_SEAT': 'seat0', 'PATH': '/opt/ros/indigo/bin:/usr/local/sbin:/usr/local/bin:/usr/sbin:/usr/bin:/sbin:/bin:/usr/games:/usr/local/games', 'XDG_VTNR': '7', 'GNOME_KEYRING_CONTROL': '/run/user/1000/keyring-VHsKh9', 'CMAKE_PREFIX_PATH': '/home/fetch/catkin_ws/devel:/opt/ros/indigo', 'LD_LIBRARY_PATH': '/home/fetch/catkin_ws/devel/lib:/opt/ros/indigo/lib', 'LANG': 'en_US.UTF-8', 'TERM': 'xterm-256color', 'SHELL': '/bin/bash', 'XDG_SESSION_PATH': '/org/freedesktop/DisplayManager/Session0', 'XAUTHORITY': '/home/fetch/.Xauthority', 'LANGUAGE': 'en_US', 'SESSION_MANAGER': 'local/freight1207:@/tmp/.ICE-unix/1504,unix/freight1207:/tmp/.ICE-unix/1504', 'SHLVL': '1', 'MANDATORY_PATH': '/usr/share/gconf/ubuntu.mandatory.path', 'CLUTTER_IM_MODULE': 'xim', 'ROS_LOG_FILENAME': '/home/fetch/.ros/log/b54da16c-18df-11eb-ae58-000babe55698/roslaunch-freight1207-26310.log', 'TEXTDOMAIN': 'im-config', 'JOB': 'dbus', 'WINDOWID': '20971531', 'SESSIONTYPE': 'gnome-session', 'XMODIFIERS': '@im=ibus', 'ROS_MASTER_URI': 'http://localhost:11311', 'GPG_AGENT_INFO': '/run/user/1000/keyring-VHsKh9/gpg:0:1', 'HOME': '/home/fetch', 'QT4_IM_MODULE': 'xim', 'SELINUX_INIT': 'YES', 'SSH_AUTH_SOCK': '/run/user/1000/keyring-VHsKh9/ssh', 'XDG_RUNTIME_DIR': '/run/user/1000', 'GTK_IM_MODULE': 'ibus', 'PYTHONPATH': '/home/fetch/catkin_ws/devel/lib/python2.7/dist-packages:/opt/ros/indigo/lib/python2.7/dist-packages', 'COMPIZ_CONFIG_PROFILE': 'ubuntu', 'COMPIZ_BIN_PATH': '/usr/bin/', 'VTE_VERSION': '3409', 'ROS_ROOT': '/opt/ros/indigo/share/ros', 'GDMSESSION': 'ubuntu', 'IM_CONFIG_PHASE': '1', 'TEXTDOMAINDIR': '/usr/share/locale/', 'XDG_DATA_DIRS': '/usr/share/ubuntu:/usr/share/gnome:/usr/local/share/:/usr/share/', 'PKG_CONFIG_PATH': '/home/fetch/catkin_ws/devel/lib/pkgconfig:/opt/ros/indigo/lib/pkgconfig', 'ROS_PACKAGE_PATH': '/home/fetch/catkin_ws/src:/opt/ros/indigo/share:/opt/ros/indigo/stacks', 'XDG_CURRENT_DESKTOP': 'Unity', 'XDG_SESSION_ID': 'c2', 'DBUS_SESSION_BUS_ADDRESS': 'unix:abstract=/tmp/dbus-hM45SrglVY', '_': '/opt/ros/indigo/bin/roslaunch', 'DEFAULTS_PATH': '/usr/share/gconf/ubuntu.default.path', 'SESSION': 'ubuntu', 'DESKTOP_SESSION': 'ubuntu', 'UPSTART_SESSION': 'unix:abstract=/com/ubuntu/upstart-session/1000/1309', 'LESSCLOSE': '/usr/bin/lesspipe %s %s', 'GNOME_KEYRING_PID': '1429', 'LS_COLORS': 'rs=0:di=01;34:ln=01;36:mh=00:pi=40;33:so=01;35:do=01;35:bd=40;33;01:cd=40;33;01:or=40;31;01:su=37;41:sg=30;43:ca=30;41:tw=30;42:ow=34;42:st=37;44:ex=01;32:*.tar=01;31:*.tgz=01;31:*.arj=01;31:*.taz=01;31:*.lzh=01;31:*.lzma=01;31:*.tlz=01;31:*.txz=01;31:*.zip=01;31:*.z=01;31:*.Z=01;31:*.dz=01;31:*.gz=01;31:*.lz=01;31:*.xz=01;31:*.bz2=01;31:*.bz=01;31:*.tbz=01;31:*.tbz2=01;31:*.tz=01;31:*.deb=01;31:*.rpm=01;31:*.jar=01;31:*.war=01;31:*.ear=01;31:*.sar=01;31:*.rar=01;31:*.ace=01;31:*.zoo=01;31:*.cpio=01;31:*.7z=01;31:*.rz=01;31:*.jpg=01;35:*.jpeg=01;35:*.gif=01;35:*.bmp=01;35:*.pbm=01;35:*.pgm=01;35:*.ppm=01;35:*.tga=01;35:*.xbm=01;35:*.xpm=01;35:*.tif=01;35:*.tiff=01;35:*.png=01;35:*.svg=01;35:*.svgz=01;35:*.mng=01;35:*.pcx=01;35:*.mov=01;35:*.mpg=01;35:*.mpeg=01;35:*.m2v=01;35:*.mkv=01;35:*.webm=01;35:*.ogm=01;35:*.mp4=01;35:*.m4v=01;35:*.mp4v=01;35:*.vob=01;35:*.qt=01;35:*.nuv=01;35:*.wmv=01;35:*.asf=01;35:*.rm=01;35:*.rmvb=01;35:*.flc=01;35:*.avi=01;35:*.fli=01;35:*.flv=01;35:*.gl=01;35:*.dl=01;35:*.xcf=01;35:*.xwd=01;35:*.yuv=01;35:*.cgm=01;35:*.emf=01;35:*.axv=01;35:*.anx=01;35:*.ogv=01;35:*.ogx=01;35:*.aac=00;36:*.au=00;36:*.flac=00;36:*.mid=00;36:*.midi=00;36:*.mka=00;36:*.mp3=00;36:*.mpc=00;36:*.ogg=00;36:*.ra=00;36:*.wav=00;36:*.axa=00;36:*.oga=00;36:*.spx=00;36:*.xspf=00;36:', 'GDM_LANG': 'en_US', 'GTK_MODULES': 'overlay-scrollbar:unity-gtk-module', 'INSTANCE': '', 'PWD': '/home/fetch', 'QT_IM_MODULE': 'ibus', 'ROS_ETC_DIR': '/opt/ros/indigo/etc/ros', 'COLORTERM': 'gnome-terminal', 'DISPLAY': ':0', 'XDG_MENU_PREFIX': 'gnome-', 'XDG_CONFIG_DIRS': '/etc/xdg/xdg-ubuntu:/usr/share/upstart/xdg:/etc/xdg', 'USER': 'fetch'}]
[roslaunch][INFO] 2020-10-27 23:51:51,289: process[amcl-3]: args[[u'/opt/ros/indigo/lib/amcl/amcl', u'scan:=base_scan', u'map:=map', u'__name:=amcl']]
[roslaunch][INFO] 2020-10-27 23:51:51,289: ... created process [amcl-3]
[roslaunch.pmon][INFO] 2020-10-27 23:51:51,289: ProcessMonitor.register[amcl-3]
[roslaunch.pmon][INFO] 2020-10-27 23:51:51,289: ProcessMonitor.register[amcl-3] complete
[roslaunch][INFO] 2020-10-27 23:51:51,289: ... registered process [amcl-3]
[roslaunch][INFO] 2020-10-27 23:51:51,289: process[amcl-3]: starting os process
[roslaunch][INFO] 2020-10-27 23:51:51,289: process[amcl-3]: start w/ args [[u'/opt/ros/indigo/lib/amcl/amcl', u'scan:=base_scan', u'map:=map', u'__name:=amcl', u'__log:=/home/fetch/.ros/log/b54da16c-18df-11eb-ae58-000babe55698/amcl-3.log']]
[roslaunch][INFO] 2020-10-27 23:51:51,290: process[amcl-3]: cwd will be [/home/fetch/.ros]
[roslaunch][INFO] 2020-10-27 23:51:51,291: process[amcl-3]: started with pid [26330]
[roslaunch][INFO] 2020-10-27 23:51:51,292: ... successfully launched [amcl-3]
[roslaunch][INFO] 2020-10-27 23:51:51,292: ... preparing to launch node of type [move_base/move_base]
[roslaunch][INFO] 2020-10-27 23:51:51,292: create_node_process: package[move_base] type[move_base] machine[Machine(name[] env_loader[None] address[localhost] ssh_port[22] user[None] assignable[True] timeout[10.0])] master_uri[http://localhost:11311]
[roslaunch][INFO] 2020-10-27 23:51:51,292: process[move_base-4]: env[{'QT_QPA_PLATFORMTHEME': 'appmenu-qt5', 'ROS_DISTRO': 'indigo', 'XDG_GREETER_DATA_DIR': '/var/lib/lightdm-data/fetch', 'GNOME_DESKTOP_SESSION_ID': 'this-is-deprecated', 'LESSOPEN': '| /usr/bin/lesspipe %s', 'XDG_SEAT_PATH': '/org/freedesktop/DisplayManager/Seat0', 'CPATH': '/home/fetch/catkin_ws/devel/include:/opt/ros/indigo/include', 'LOGNAME': 'fetch', 'XDG_SEAT': 'seat0', 'PATH': '/opt/ros/indigo/bin:/usr/local/sbin:/usr/local/bin:/usr/sbin:/usr/bin:/sbin:/bin:/usr/games:/usr/local/games', 'XDG_VTNR': '7', 'GNOME_KEYRING_CONTROL': '/run/user/1000/keyring-VHsKh9', 'CMAKE_PREFIX_PATH': '/home/fetch/catkin_ws/devel:/opt/ros/indigo', 'LD_LIBRARY_PATH': '/home/fetch/catkin_ws/devel/lib:/opt/ros/indigo/lib', 'LANG': 'en_US.UTF-8', 'TERM': 'xterm-256color', 'SHELL': '/bin/bash', 'XDG_SESSION_PATH': '/org/freedesktop/DisplayManager/Session0', 'XAUTHORITY': '/home/fetch/.Xauthority', 'LANGUAGE': 'en_US', 'SESSION_MANAGER': 'local/freight1207:@/tmp/.ICE-unix/1504,unix/freight1207:/tmp/.ICE-unix/1504', 'SHLVL': '1', 'MANDATORY_PATH': '/usr/share/gconf/ubuntu.mandatory.path', 'CLUTTER_IM_MODULE': 'xim', 'ROS_LOG_FILENAME': '/home/fetch/.ros/log/b54da16c-18df-11eb-ae58-000babe55698/roslaunch-freight1207-26310.log', 'TEXTDOMAIN': 'im-config', 'JOB': 'dbus', 'WINDOWID': '20971531', 'SESSIONTYPE': 'gnome-session', 'XMODIFIERS': '@im=ibus', 'ROS_MASTER_URI': 'http://localhost:11311', 'GPG_AGENT_INFO': '/run/user/1000/keyring-VHsKh9/gpg:0:1', 'HOME': '/home/fetch', 'QT4_IM_MODULE': 'xim', 'SELINUX_INIT': 'YES', 'SSH_AUTH_SOCK': '/run/user/1000/keyring-VHsKh9/ssh', 'XDG_RUNTIME_DIR': '/run/user/1000', 'GTK_IM_MODULE': 'ibus', 'PYTHONPATH': '/home/fetch/catkin_ws/devel/lib/python2.7/dist-packages:/opt/ros/indigo/lib/python2.7/dist-packages', 'COMPIZ_CONFIG_PROFILE': 'ubuntu', 'COMPIZ_BIN_PATH': '/usr/bin/', 'VTE_VERSION': '3409', 'ROS_ROOT': '/opt/ros/indigo/share/ros', 'GDMSESSION': 'ubuntu', 'IM_CONFIG_PHASE': '1', 'TEXTDOMAINDIR': '/usr/share/locale/', 'XDG_DATA_DIRS': '/usr/share/ubuntu:/usr/share/gnome:/usr/local/share/:/usr/share/', 'PKG_CONFIG_PATH': '/home/fetch/catkin_ws/devel/lib/pkgconfig:/opt/ros/indigo/lib/pkgconfig', 'ROS_PACKAGE_PATH': '/home/fetch/catkin_ws/src:/opt/ros/indigo/share:/opt/ros/indigo/stacks', 'XDG_CURRENT_DESKTOP': 'Unity', 'XDG_SESSION_ID': 'c2', 'DBUS_SESSION_BUS_ADDRESS': 'unix:abstract=/tmp/dbus-hM45SrglVY', '_': '/opt/ros/indigo/bin/roslaunch', 'DEFAULTS_PATH': '/usr/share/gconf/ubuntu.default.path', 'SESSION': 'ubuntu', 'DESKTOP_SESSION': 'ubuntu', 'UPSTART_SESSION': 'unix:abstract=/com/ubuntu/upstart-session/1000/1309', 'LESSCLOSE': '/usr/bin/lesspipe %s %s', 'GNOME_KEYRING_PID': '1429', 'LS_COLORS': 'rs=0:di=01;34:ln=01;36:mh=00:pi=40;33:so=01;35:do=01;35:bd=40;33;01:cd=40;33;01:or=40;31;01:su=37;41:sg=30;43:ca=30;41:tw=30;42:ow=34;42:st=37;44:ex=01;32:*.tar=01;31:*.tgz=01;31:*.arj=01;31:*.taz=01;31:*.lzh=01;31:*.lzma=01;31:*.tlz=01;31:*.txz=01;31:*.zip=01;31:*.z=01;31:*.Z=01;31:*.dz=01;31:*.gz=01;31:*.lz=01;31:*.xz=01;31:*.bz2=01;31:*.bz=01;31:*.tbz=01;31:*.tbz2=01;31:*.tz=01;31:*.deb=01;31:*.rpm=01;31:*.jar=01;31:*.war=01;31:*.ear=01;31:*.sar=01;31:*.rar=01;31:*.ace=01;31:*.zoo=01;31:*.cpio=01;31:*.7z=01;31:*.rz=01;31:*.jpg=01;35:*.jpeg=01;35:*.gif=01;35:*.bmp=01;35:*.pbm=01;35:*.pgm=01;35:*.ppm=01;35:*.tga=01;35:*.xbm=01;35:*.xpm=01;35:*.tif=01;35:*.tiff=01;35:*.png=01;35:*.svg=01;35:*.svgz=01;35:*.mng=01;35:*.pcx=01;35:*.mov=01;35:*.mpg=01;35:*.mpeg=01;35:*.m2v=01;35:*.mkv=01;35:*.webm=01;35:*.ogm=01;35:*.mp4=01;35:*.m4v=01;35:*.mp4v=01;35:*.vob=01;35:*.qt=01;35:*.nuv=01;35:*.wmv=01;35:*.asf=01;35:*.rm=01;35:*.rmvb=01;35:*.flc=01;35:*.avi=01;35:*.fli=01;35:*.flv=01;35:*.gl=01;35:*.dl=01;35:*.xcf=01;35:*.xwd=01;35:*.yuv=01;35:*.cgm=01;35:*.emf=01;35:*.axv=01;35:*.anx=01;35:*.ogv=01;35:*.ogx=01;35:*.aac=00;36:*.au=00;36:*.flac=00;36:*.mid=00;36:*.midi=00;36:*.mka=00;36:*.mp3=00;36:*.mpc=00;36:*.ogg=00;36:*.ra=00;36:*.wav=00;36:*.axa=00;36:*.oga=00;36:*.spx=00;36:*.xspf=00;36:', 'GDM_LANG': 'en_US', 'GTK_MODULES': 'overlay-scrollbar:unity-gtk-module', 'INSTANCE': '', 'PWD': '/home/fetch', 'QT_IM_MODULE': 'ibus', 'ROS_ETC_DIR': '/opt/ros/indigo/etc/ros', 'COLORTERM': 'gnome-terminal', 'DISPLAY': ':0', 'XDG_MENU_PREFIX': 'gnome-', 'XDG_CONFIG_DIRS': '/etc/xdg/xdg-ubuntu:/usr/share/upstart/xdg:/etc/xdg', 'USER': 'fetch'}]
[roslaunch][INFO] 2020-10-27 23:51:51,292: process[move_base-4]: args[[u'/opt/ros/indigo/lib/move_base/move_base', u'cmd_vel:=cmd_vel', u'odom:=odom', u'map:=map', u'__name:=move_base']]
[roslaunch][INFO] 2020-10-27 23:51:51,293: ... created process [move_base-4]
[roslaunch.pmon][INFO] 2020-10-27 23:51:51,293: ProcessMonitor.register[move_base-4]
[roslaunch.pmon][INFO] 2020-10-27 23:51:51,293: ProcessMonitor.register[move_base-4] complete
[roslaunch][INFO] 2020-10-27 23:51:51,293: ... registered process [move_base-4]
[roslaunch][INFO] 2020-10-27 23:51:51,293: process[move_base-4]: starting os process
[roslaunch][INFO] 2020-10-27 23:51:51,293: process[move_base-4]: start w/ args [[u'/opt/ros/indigo/lib/move_base/move_base', u'cmd_vel:=cmd_vel', u'odom:=odom', u'map:=map', u'__name:=move_base', u'__log:=/home/fetch/.ros/log/b54da16c-18df-11eb-ae58-000babe55698/move_base-4.log']]
[roslaunch][INFO] 2020-10-27 23:51:51,293: process[move_base-4]: cwd will be [/home/fetch/.ros]
[roslaunch][INFO] 2020-10-27 23:51:51,295: process[move_base-4]: started with pid [26337]
[roslaunch][INFO] 2020-10-27 23:51:51,295: ... successfully launched [move_base-4]
[roslaunch][INFO] 2020-10-27 23:51:51,295: ... launch_nodes complete
[roslaunch.pmon][INFO] 2020-10-27 23:51:51,295: registrations completed <ProcessMonitor(ProcessMonitor-1, started daemon 140561424705280)>
[roslaunch.parent][INFO] 2020-10-27 23:51:51,295: ... roslaunch parent running, waiting for process exit
[roslaunch][INFO] 2020-10-27 23:51:51,295: spin
[roslaunch][INFO] 2020-10-27 23:51:52,414: [move_base-4] process has finished cleanly
log file: /home/fetch/.ros/log/b54da16c-18df-11eb-ae58-000babe55698/move_base-4*.log
[roslaunch][INFO] 2020-10-27 23:51:52,414: [move_base-4] restarting process
[roslaunch][INFO] 2020-10-27 23:51:52,414: process[move_base-4]: restarting os process
[roslaunch][INFO] 2020-10-27 23:51:52,414: process[move_base-4]: start w/ args [[u'/opt/ros/indigo/lib/move_base/move_base', u'cmd_vel:=cmd_vel', u'odom:=odom', u'map:=map', u'__name:=move_base', u'__log:=/home/fetch/.ros/log/b54da16c-18df-11eb-ae58-000babe55698/move_base-4.log']]
[roslaunch][INFO] 2020-10-27 23:51:52,414: process[move_base-4]: cwd will be [/home/fetch/.ros]
[roslaunch][INFO] 2020-10-27 23:51:52,416: process[move_base-4]: started with pid [27410]
[roslaunch][INFO] 2020-10-27 23:51:53,518: [move_base-4] process has finished cleanly
log file: /home/fetch/.ros/log/b54da16c-18df-11eb-ae58-000babe55698/move_base-4*.log
[roslaunch][INFO] 2020-10-27 23:51:53,518: [move_base-4] restarting process
[roslaunch][INFO] 2020-10-27 23:51:53,518: process[move_base-4]: restarting os process
[roslaunch][INFO] 2020-10-27 23:51:53,518: process[move_base-4]: start w/ args [[u'/opt/ros/indigo/lib/move_base/move_base', u'cmd_vel:=cmd_vel', u'odom:=odom', u'map:=map', u'__name:=move_base', u'__log:=/home/fetch/.ros/log/b54da16c-18df-11eb-ae58-000babe55698/move_base-4.log']]
[roslaunch][INFO] 2020-10-27 23:51:53,518: process[move_base-4]: cwd will be [/home/fetch/.ros]
[roslaunch][INFO] 2020-10-27 23:51:53,520: process[move_base-4]: started with pid [28520]
[roslaunch][INFO] 2020-10-27 23:51:54,522: [move_base-4] process has finished cleanly
log file: /home/fetch/.ros/log/b54da16c-18df-11eb-ae58-000babe55698/move_base-4*.log
[roslaunch][INFO] 2020-10-27 23:51:54,522: [move_base-4] restarting process
[roslaunch][INFO] 2020-10-27 23:51:54,522: process[move_base-4]: restarting os process
[roslaunch][INFO] 2020-10-27 23:51:54,523: process[move_base-4]: start w/ args [[u'/opt/ros/indigo/lib/move_base/move_base', u'cmd_vel:=cmd_vel', u'odom:=odom', u'map:=map', u'__name:=move_base', u'__log:=/home/fetch/.ros/log/b54da16c-18df-11eb-ae58-000babe55698/move_base-4.log']]
[roslaunch][INFO] 2020-10-27 23:51:54,523: process[move_base-4]: cwd will be [/home/fetch/.ros]
[roslaunch][INFO] 2020-10-27 23:51:54,525: process[move_base-4]: started with pid [29636]
[roslaunch][INFO] 2020-10-27 23:51:55,527: [move_base-4] process has finished cleanly
log file: /home/fetch/.ros/log/b54da16c-18df-11eb-ae58-000babe55698/move_base-4*.log
[roslaunch][INFO] 2020-10-27 23:51:55,527: [move_base-4] restarting process
[roslaunch][INFO] 2020-10-27 23:51:55,527: process[move_base-4]: restarting os process
[roslaunch][INFO] 2020-10-27 23:51:55,527: process[move_base-4]: start w/ args [[u'/opt/ros/indigo/lib/move_base/move_base', u'cmd_vel:=cmd_vel', u'odom:=odom', u'map:=map', u'__name:=move_base', u'__log:=/home/fetch/.ros/log/b54da16c-18df-11eb-ae58-000babe55698/move_base-4.log']]
[roslaunch][INFO] 2020-10-27 23:51:55,527: process[move_base-4]: cwd will be [/home/fetch/.ros]
[roslaunch][INFO] 2020-10-27 23:51:55,529: process[move_base-4]: started with pid [30746]
[roslaunch][INFO] 2020-10-27 23:51:56,631: [move_base-4] process has finished cleanly
log file: /home/fetch/.ros/log/b54da16c-18df-11eb-ae58-000babe55698/move_base-4*.log
[roslaunch][INFO] 2020-10-27 23:51:56,631: [move_base-4] restarting process
[roslaunch][INFO] 2020-10-27 23:51:56,631: process[move_base-4]: restarting os process
[roslaunch][INFO] 2020-10-27 23:51:56,631: process[move_base-4]: start w/ args [[u'/opt/ros/indigo/lib/move_base/move_base', u'cmd_vel:=cmd_vel', u'odom:=odom', u'map:=map', u'__name:=move_base', u'__log:=/home/fetch/.ros/log/b54da16c-18df-11eb-ae58-000babe55698/move_base-4.log']]
[roslaunch][INFO] 2020-10-27 23:51:56,631: process[move_base-4]: cwd will be [/home/fetch/.ros]
[roslaunch][INFO] 2020-10-27 23:51:56,633: process[move_base-4]: started with pid [31862]
[roslaunch][INFO] 2020-10-27 23:51:57,635: [move_base-4] process has finished cleanly
log file: /home/fetch/.ros/log/b54da16c-18df-11eb-ae58-000babe55698/move_base-4*.log
[roslaunch][INFO] 2020-10-27 23:51:57,635: [move_base-4] restarting process
[roslaunch][INFO] 2020-10-27 23:51:57,635: process[move_base-4]: restarting os process
[roslaunch][INFO] 2020-10-27 23:51:57,635: process[move_base-4]: start w/ args [[u'/opt/ros/indigo/lib/move_base/move_base', u'cmd_vel:=cmd_vel', u'odom:=odom', u'map:=map', u'__name:=move_base', u'__log:=/home/fetch/.ros/log/b54da16c-18df-11eb-ae58-000babe55698/move_base-4.log']]
[roslaunch][INFO] 2020-10-27 23:51:57,635: process[move_base-4]: cwd will be [/home/fetch/.ros]
[roslaunch][INFO] 2020-10-27 23:51:57,637: process[move_base-4]: started with pid [519]
[roslaunch][INFO] 2020-10-27 23:51:58,638: [move_base-4] process has finished cleanly
log file: /home/fetch/.ros/log/b54da16c-18df-11eb-ae58-000babe55698/move_base-4*.log
[roslaunch][INFO] 2020-10-27 23:51:58,639: [move_base-4] restarting process
[roslaunch][INFO] 2020-10-27 23:51:58,639: process[move_base-4]: restarting os process
[roslaunch][INFO] 2020-10-27 23:51:58,639: process[move_base-4]: start w/ args [[u'/opt/ros/indigo/lib/move_base/move_base', u'cmd_vel:=cmd_vel', u'odom:=odom', u'map:=map', u'__name:=move_base', u'__log:=/home/fetch/.ros/log/b54da16c-18df-11eb-ae58-000babe55698/move_base-4.log']]
[roslaunch][INFO] 2020-10-27 23:51:58,639: process[move_base-4]: cwd will be [/home/fetch/.ros]
[roslaunch][INFO] 2020-10-27 23:51:58,640: process[move_base-4]: started with pid [1844]
[roslaunch][INFO] 2020-10-27 23:51:59,642: [move_base-4] process has finished cleanly
log file: /home/fetch/.ros/log/b54da16c-18df-11eb-ae58-000babe55698/move_base-4*.log
[roslaunch][INFO] 2020-10-27 23:51:59,642: [move_base-4] restarting process
[roslaunch][INFO] 2020-10-27 23:51:59,642: process[move_base-4]: restarting os process
[roslaunch][INFO] 2020-10-27 23:51:59,642: process[move_base-4]: start w/ args [[u'/opt/ros/indigo/lib/move_base/move_base', u'cmd_vel:=cmd_vel', u'odom:=odom', u'map:=map', u'__name:=move_base', u'__log:=/home/fetch/.ros/log/b54da16c-18df-11eb-ae58-000babe55698/move_base-4.log']]
[roslaunch][INFO] 2020-10-27 23:51:59,643: process[move_base-4]: cwd will be [/home/fetch/.ros]
[roslaunch][INFO] 2020-10-27 23:51:59,644: process[move_base-4]: started with pid [3094]
[roslaunch][INFO] 2020-10-27 23:52:00,746: [move_base-4] process has finished cleanly
log file: /home/fetch/.ros/log/b54da16c-18df-11eb-ae58-000babe55698/move_base-4*.log
[roslaunch][INFO] 2020-10-27 23:52:00,746: [move_base-4] restarting process
[roslaunch][INFO] 2020-10-27 23:52:00,746: process[move_base-4]: restarting os process
[roslaunch][INFO] 2020-10-27 23:52:00,747: process[move_base-4]: start w/ args [[u'/opt/ros/indigo/lib/move_base/move_base', u'cmd_vel:=cmd_vel', u'odom:=odom', u'map:=map', u'__name:=move_base', u'__log:=/home/fetch/.ros/log/b54da16c-18df-11eb-ae58-000babe55698/move_base-4.log']]
[roslaunch][INFO] 2020-10-27 23:52:00,747: process[move_base-4]: cwd will be [/home/fetch/.ros]
[roslaunch][INFO] 2020-10-27 23:52:00,748: process[move_base-4]: started with pid [4215]
[roslaunch][INFO] 2020-10-27 23:52:01,850: [move_base-4] process has finished cleanly
log file: /home/fetch/.ros/log/b54da16c-18df-11eb-ae58-000babe55698/move_base-4*.log
[roslaunch][INFO] 2020-10-27 23:52:01,850: [move_base-4] restarting process
[roslaunch][INFO] 2020-10-27 23:52:01,850: process[move_base-4]: restarting os process
[roslaunch][INFO] 2020-10-27 23:52:01,851: process[move_base-4]: start w/ args [[u'/opt/ros/indigo/lib/move_base/move_base', u'cmd_vel:=cmd_vel', u'odom:=odom', u'map:=map', u'__name:=move_base', u'__log:=/home/fetch/.ros/log/b54da16c-18df-11eb-ae58-000babe55698/move_base-4.log']]
[roslaunch][INFO] 2020-10-27 23:52:01,851: process[move_base-4]: cwd will be [/home/fetch/.ros]
[roslaunch][INFO] 2020-10-27 23:52:01,853: process[move_base-4]: started with pid [5328]
[roslaunch][INFO] 2020-10-27 23:52:02,854: [move_base-4] process has finished cleanly
log file: /home/fetch/.ros/log/b54da16c-18df-11eb-ae58-000babe55698/move_base-4*.log
[roslaunch][INFO] 2020-10-27 23:52:02,855: [move_base-4] restarting process
[roslaunch][INFO] 2020-10-27 23:52:02,855: process[move_base-4]: restarting os process
[roslaunch][INFO] 2020-10-27 23:52:02,855: process[move_base-4]: start w/ args [[u'/opt/ros/indigo/lib/move_base/move_base', u'cmd_vel:=cmd_vel', u'odom:=odom', u'map:=map', u'__name:=move_base', u'__log:=/home/fetch/.ros/log/b54da16c-18df-11eb-ae58-000babe55698/move_base-4.log']]
[roslaunch][INFO] 2020-10-27 23:52:02,855: process[move_base-4]: cwd will be [/home/fetch/.ros]
[roslaunch][INFO] 2020-10-27 23:52:02,856: process[move_base-4]: started with pid [6445]
[roslaunch][INFO] 2020-10-27 23:52:03,958: [move_base-4] process has finished cleanly
log file: /home/fetch/.ros/log/b54da16c-18df-11eb-ae58-000babe55698/move_base-4*.log
[roslaunch][INFO] 2020-10-27 23:52:03,958: [move_base-4] restarting process
[roslaunch][INFO] 2020-10-27 23:52:03,959: process[move_base-4]: restarting os process
[roslaunch][INFO] 2020-10-27 23:52:03,959: process[move_base-4]: start w/ args [[u'/opt/ros/indigo/lib/move_base/move_base', u'cmd_vel:=cmd_vel', u'odom:=odom', u'map:=map', u'__name:=move_base', u'__log:=/home/fetch/.ros/log/b54da16c-18df-11eb-ae58-000babe55698/move_base-4.log']]
[roslaunch][INFO] 2020-10-27 23:52:03,959: process[move_base-4]: cwd will be [/home/fetch/.ros]
[roslaunch][INFO] 2020-10-27 23:52:03,960: process[move_base-4]: started with pid [7555]
[roslaunch][INFO] 2020-10-27 23:52:04,962: [move_base-4] process has finished cleanly
log file: /home/fetch/.ros/log/b54da16c-18df-11eb-ae58-000babe55698/move_base-4*.log
[roslaunch][INFO] 2020-10-27 23:52:04,962: [move_base-4] restarting process
[roslaunch][INFO] 2020-10-27 23:52:04,963: process[move_base-4]: restarting os process
[roslaunch][INFO] 2020-10-27 23:52:04,963: process[move_base-4]: start w/ args [[u'/opt/ros/indigo/lib/move_base/move_base', u'cmd_vel:=cmd_vel', u'odom:=odom', u'map:=map', u'__name:=move_base', u'__log:=/home/fetch/.ros/log/b54da16c-18df-11eb-ae58-000babe55698/move_base-4.log']]
[roslaunch][INFO] 2020-10-27 23:52:04,963: process[move_base-4]: cwd will be [/home/fetch/.ros]
[roslaunch][INFO] 2020-10-27 23:52:04,964: process[move_base-4]: started with pid [8671]
[roslaunch][INFO] 2020-10-27 23:52:05,966: [move_base-4] process has finished cleanly
log file: /home/fetch/.ros/log/b54da16c-18df-11eb-ae58-000babe55698/move_base-4*.log
[roslaunch][INFO] 2020-10-27 23:52:05,966: [move_base-4] restarting process
[roslaunch][INFO] 2020-10-27 23:52:05,966: process[move_base-4]: restarting os process
[roslaunch][INFO] 2020-10-27 23:52:05,966: process[move_base-4]: start w/ args [[u'/opt/ros/indigo/lib/move_base/move_base', u'cmd_vel:=cmd_vel', u'odom:=odom', u'map:=map', u'__name:=move_base', u'__log:=/home/fetch/.ros/log/b54da16c-18df-11eb-ae58-000babe55698/move_base-4.log']]
[roslaunch][INFO] 2020-10-27 23:52:05,967: process[move_base-4]: cwd will be [/home/fetch/.ros]
[roslaunch][INFO] 2020-10-27 23:52:05,968: process[move_base-4]: started with pid [9781]
[roslaunch][INFO] 2020-10-27 23:52:07,070: [move_base-4] process has finished cleanly
log file: /home/fetch/.ros/log/b54da16c-18df-11eb-ae58-000babe55698/move_base-4*.log
[roslaunch][INFO] 2020-10-27 23:52:07,070: [move_base-4] restarting process
[roslaunch][INFO] 2020-10-27 23:52:07,070: process[move_base-4]: restarting os process
[roslaunch][INFO] 2020-10-27 23:52:07,070: process[move_base-4]: start w/ args [[u'/opt/ros/indigo/lib/move_base/move_base', u'cmd_vel:=cmd_vel', u'odom:=odom', u'map:=map', u'__name:=move_base', u'__log:=/home/fetch/.ros/log/b54da16c-18df-11eb-ae58-000babe55698/move_base-4.log']]
[roslaunch][INFO] 2020-10-27 23:52:07,070: process[move_base-4]: cwd will be [/home/fetch/.ros]
[roslaunch][INFO] 2020-10-27 23:52:07,072: process[move_base-4]: started with pid [10897]
[roslaunch][INFO] 2020-10-27 23:52:08,174: [move_base-4] process has finished cleanly
log file: /home/fetch/.ros/log/b54da16c-18df-11eb-ae58-000babe55698/move_base-4*.log
[roslaunch][INFO] 2020-10-27 23:52:08,174: [move_base-4] restarting process
[roslaunch][INFO] 2020-10-27 23:52:08,174: process[move_base-4]: restarting os process
[roslaunch][INFO] 2020-10-27 23:52:08,174: process[move_base-4]: start w/ args [[u'/opt/ros/indigo/lib/move_base/move_base', u'cmd_vel:=cmd_vel', u'odom:=odom', u'map:=map', u'__name:=move_base', u'__log:=/home/fetch/.ros/log/b54da16c-18df-11eb-ae58-000babe55698/move_base-4.log']]
[roslaunch][INFO] 2020-10-27 23:52:08,174: process[move_base-4]: cwd will be [/home/fetch/.ros]
[roslaunch][INFO] 2020-10-27 23:52:08,176: process[move_base-4]: started with pid [12007]
[roslaunch][INFO] 2020-10-27 23:52:09,278: [move_base-4] process has finished cleanly
log file: /home/fetch/.ros/log/b54da16c-18df-11eb-ae58-000babe55698/move_base-4*.log
[roslaunch][INFO] 2020-10-27 23:52:09,278: [move_base-4] restarting process
[roslaunch][INFO] 2020-10-27 23:52:09,278: process[move_base-4]: restarting os process
[roslaunch][INFO] 2020-10-27 23:52:09,278: process[move_base-4]: start w/ args [[u'/opt/ros/indigo/lib/move_base/move_base', u'cmd_vel:=cmd_vel', u'odom:=odom', u'map:=map', u'__name:=move_base', u'__log:=/home/fetch/.ros/log/b54da16c-18df-11eb-ae58-000babe55698/move_base-4.log']]
[roslaunch][INFO] 2020-10-27 23:52:09,278: process[move_base-4]: cwd will be [/home/fetch/.ros]
[roslaunch][INFO] 2020-10-27 23:52:09,280: process[move_base-4]: started with pid [13123]
[roslaunch][INFO] 2020-10-27 23:52:10,382: [move_base-4] process has finished cleanly
log file: /home/fetch/.ros/log/b54da16c-18df-11eb-ae58-000babe55698/move_base-4*.log
[roslaunch][INFO] 2020-10-27 23:52:10,382: [move_base-4] restarting process
[roslaunch][INFO] 2020-10-27 23:52:10,382: process[move_base-4]: restarting os process
[roslaunch][INFO] 2020-10-27 23:52:10,382: process[move_base-4]: start w/ args [[u'/opt/ros/indigo/lib/move_base/move_base', u'cmd_vel:=cmd_vel', u'odom:=odom', u'map:=map', u'__name:=move_base', u'__log:=/home/fetch/.ros/log/b54da16c-18df-11eb-ae58-000babe55698/move_base-4.log']]
[roslaunch][INFO] 2020-10-27 23:52:10,382: process[move_base-4]: cwd will be [/home/fetch/.ros]
[roslaunch][INFO] 2020-10-27 23:52:10,384: process[move_base-4]: started with pid [14233]
[roslaunch][INFO] 2020-10-27 23:52:11,486: [move_base-4] process has finished cleanly
log file: /home/fetch/.ros/log/b54da16c-18df-11eb-ae58-000babe55698/move_base-4*.log
[roslaunch][INFO] 2020-10-27 23:52:11,486: [move_base-4] restarting process
[roslaunch][INFO] 2020-10-27 23:52:11,486: process[move_base-4]: restarting os process
[roslaunch][INFO] 2020-10-27 23:52:11,486: process[move_base-4]: start w/ args [[u'/opt/ros/indigo/lib/move_base/move_base', u'cmd_vel:=cmd_vel', u'odom:=odom', u'map:=map', u'__name:=move_base', u'__log:=/home/fetch/.ros/log/b54da16c-18df-11eb-ae58-000babe55698/move_base-4.log']]
[roslaunch][INFO] 2020-10-27 23:52:11,486: process[move_base-4]: cwd will be [/home/fetch/.ros]
[roslaunch][INFO] 2020-10-27 23:52:11,488: process[move_base-4]: started with pid [15352]
[roslaunch][INFO] 2020-10-27 23:52:12,590: [move_base-4] process has finished cleanly
log file: /home/fetch/.ros/log/b54da16c-18df-11eb-ae58-000babe55698/move_base-4*.log
[roslaunch][INFO] 2020-10-27 23:52:12,590: [move_base-4] restarting process
[roslaunch][INFO] 2020-10-27 23:52:12,591: process[move_base-4]: restarting os process
[roslaunch][INFO] 2020-10-27 23:52:12,591: process[move_base-4]: start w/ args [[u'/opt/ros/indigo/lib/move_base/move_base', u'cmd_vel:=cmd_vel', u'odom:=odom', u'map:=map', u'__name:=move_base', u'__log:=/home/fetch/.ros/log/b54da16c-18df-11eb-ae58-000babe55698/move_base-4.log']]
[roslaunch][INFO] 2020-10-27 23:52:12,591: process[move_base-4]: cwd will be [/home/fetch/.ros]
[roslaunch][INFO] 2020-10-27 23:52:12,592: process[move_base-4]: started with pid [16462]
[roslaunch][INFO] 2020-10-27 23:52:13,694: [move_base-4] process has finished cleanly
log file: /home/fetch/.ros/log/b54da16c-18df-11eb-ae58-000babe55698/move_base-4*.log
[roslaunch][INFO] 2020-10-27 23:52:13,694: [move_base-4] restarting process
[roslaunch][INFO] 2020-10-27 23:52:13,695: process[move_base-4]: restarting os process
[roslaunch][INFO] 2020-10-27 23:52:13,695: process[move_base-4]: start w/ args [[u'/opt/ros/indigo/lib/move_base/move_base', u'cmd_vel:=cmd_vel', u'odom:=odom', u'map:=map', u'__name:=move_base', u'__log:=/home/fetch/.ros/log/b54da16c-18df-11eb-ae58-000babe55698/move_base-4.log']]
[roslaunch][INFO] 2020-10-27 23:52:13,695: process[move_base-4]: cwd will be [/home/fetch/.ros]
[roslaunch][INFO] 2020-10-27 23:52:13,696: process[move_base-4]: started with pid [17578]
[roslaunch][INFO] 2020-10-27 23:52:14,698: [move_base-4] process has finished cleanly
log file: /home/fetch/.ros/log/b54da16c-18df-11eb-ae58-000babe55698/move_base-4*.log
[roslaunch][INFO] 2020-10-27 23:52:14,698: [move_base-4] restarting process
[roslaunch][INFO] 2020-10-27 23:52:14,698: process[move_base-4]: restarting os process
[roslaunch][INFO] 2020-10-27 23:52:14,699: process[move_base-4]: start w/ args [[u'/opt/ros/indigo/lib/move_base/move_base', u'cmd_vel:=cmd_vel', u'odom:=odom', u'map:=map', u'__name:=move_base', u'__log:=/home/fetch/.ros/log/b54da16c-18df-11eb-ae58-000babe55698/move_base-4.log']]
[roslaunch][INFO] 2020-10-27 23:52:14,699: process[move_base-4]: cwd will be [/home/fetch/.ros]
[roslaunch][INFO] 2020-10-27 23:52:14,700: process[move_base-4]: started with pid [18695]
[roslaunch][INFO] 2020-10-27 23:52:15,803: [move_base-4] process has finished cleanly
log file: /home/fetch/.ros/log/b54da16c-18df-11eb-ae58-000babe55698/move_base-4*.log
[roslaunch][INFO] 2020-10-27 23:52:15,803: [move_base-4] restarting process
[roslaunch][INFO] 2020-10-27 23:52:15,803: process[move_base-4]: restarting os process
[roslaunch][INFO] 2020-10-27 23:52:15,803: process[move_base-4]: start w/ args [[u'/opt/ros/indigo/lib/move_base/move_base', u'cmd_vel:=cmd_vel', u'odom:=odom', u'map:=map', u'__name:=move_base', u'__log:=/home/fetch/.ros/log/b54da16c-18df-11eb-ae58-000babe55698/move_base-4.log']]
[roslaunch][INFO] 2020-10-27 23:52:15,803: process[move_base-4]: cwd will be [/home/fetch/.ros]
[roslaunch][INFO] 2020-10-27 23:52:15,805: process[move_base-4]: started with pid [19805]
[roslaunch][INFO] 2020-10-27 23:52:16,907: [move_base-4] process has finished cleanly
log file: /home/fetch/.ros/log/b54da16c-18df-11eb-ae58-000babe55698/move_base-4*.log
[roslaunch][INFO] 2020-10-27 23:52:16,907: [move_base-4] restarting process
[roslaunch][INFO] 2020-10-27 23:52:16,907: process[move_base-4]: restarting os process
[roslaunch][INFO] 2020-10-27 23:52:16,907: process[move_base-4]: start w/ args [[u'/opt/ros/indigo/lib/move_base/move_base', u'cmd_vel:=cmd_vel', u'odom:=odom', u'map:=map', u'__name:=move_base', u'__log:=/home/fetch/.ros/log/b54da16c-18df-11eb-ae58-000babe55698/move_base-4.log']]
[roslaunch][INFO] 2020-10-27 23:52:16,907: process[move_base-4]: cwd will be [/home/fetch/.ros]
[roslaunch][INFO] 2020-10-27 23:52:16,909: process[move_base-4]: started with pid [20921]
[roslaunch][INFO] 2020-10-27 23:52:17,910: [move_base-4] process has finished cleanly
log file: /home/fetch/.ros/log/b54da16c-18df-11eb-ae58-000babe55698/move_base-4*.log
[roslaunch][INFO] 2020-10-27 23:52:17,910: [move_base-4] restarting process
[roslaunch][INFO] 2020-10-27 23:52:17,911: process[move_base-4]: restarting os process
[roslaunch][INFO] 2020-10-27 23:52:17,911: process[move_base-4]: start w/ args [[u'/opt/ros/indigo/lib/move_base/move_base', u'cmd_vel:=cmd_vel', u'odom:=odom', u'map:=map', u'__name:=move_base', u'__log:=/home/fetch/.ros/log/b54da16c-18df-11eb-ae58-000babe55698/move_base-4.log']]
[roslaunch][INFO] 2020-10-27 23:52:17,911: process[move_base-4]: cwd will be [/home/fetch/.ros]
[roslaunch][INFO] 2020-10-27 23:52:17,912: process[move_base-4]: started with pid [22035]
[roslaunch][INFO] 2020-10-27 23:52:18,914: [move_base-4] process has finished cleanly
log file: /home/fetch/.ros/log/b54da16c-18df-11eb-ae58-000babe55698/move_base-4*.log
[roslaunch][INFO] 2020-10-27 23:52:18,914: [move_base-4] restarting process
[roslaunch][INFO] 2020-10-27 23:52:18,914: process[move_base-4]: restarting os process
[roslaunch][INFO] 2020-10-27 23:52:18,914: process[move_base-4]: start w/ args [[u'/opt/ros/indigo/lib/move_base/move_base', u'cmd_vel:=cmd_vel', u'odom:=odom', u'map:=map', u'__name:=move_base', u'__log:=/home/fetch/.ros/log/b54da16c-18df-11eb-ae58-000babe55698/move_base-4.log']]
[roslaunch][INFO] 2020-10-27 23:52:18,915: process[move_base-4]: cwd will be [/home/fetch/.ros]
[roslaunch][INFO] 2020-10-27 23:52:18,916: process[move_base-4]: started with pid [23151]
[roslaunch][INFO] 2020-10-27 23:52:20,018: [move_base-4] process has finished cleanly
log file: /home/fetch/.ros/log/b54da16c-18df-11eb-ae58-000babe55698/move_base-4*.log
[roslaunch][INFO] 2020-10-27 23:52:20,018: [move_base-4] restarting process
[roslaunch][INFO] 2020-10-27 23:52:20,019: process[move_base-4]: restarting os process
[roslaunch][INFO] 2020-10-27 23:52:20,019: process[move_base-4]: start w/ args [[u'/opt/ros/indigo/lib/move_base/move_base', u'cmd_vel:=cmd_vel', u'odom:=odom', u'map:=map', u'__name:=move_base', u'__log:=/home/fetch/.ros/log/b54da16c-18df-11eb-ae58-000babe55698/move_base-4.log']]
[roslaunch][INFO] 2020-10-27 23:52:20,019: process[move_base-4]: cwd will be [/home/fetch/.ros]
[roslaunch][INFO] 2020-10-27 23:52:20,021: process[move_base-4]: started with pid [24267]
[roslaunch][INFO] 2020-10-27 23:52:21,023: [move_base-4] process has finished cleanly
log file: /home/fetch/.ros/log/b54da16c-18df-11eb-ae58-000babe55698/move_base-4*.log
[roslaunch][INFO] 2020-10-27 23:52:21,023: [move_base-4] restarting process
[roslaunch][INFO] 2020-10-27 23:52:21,023: process[move_base-4]: restarting os process
[roslaunch][INFO] 2020-10-27 23:52:21,023: process[move_base-4]: start w/ args [[u'/opt/ros/indigo/lib/move_base/move_base', u'cmd_vel:=cmd_vel', u'odom:=odom', u'map:=map', u'__name:=move_base', u'__log:=/home/fetch/.ros/log/b54da16c-18df-11eb-ae58-000babe55698/move_base-4.log']]
[roslaunch][INFO] 2020-10-27 23:52:21,024: process[move_base-4]: cwd will be [/home/fetch/.ros]
[roslaunch][INFO] 2020-10-27 23:52:21,025: process[move_base-4]: started with pid [25387]
[roslaunch][INFO] 2020-10-27 23:52:22,027: [move_base-4] process has finished cleanly
log file: /home/fetch/.ros/log/b54da16c-18df-11eb-ae58-000babe55698/move_base-4*.log
[roslaunch][INFO] 2020-10-27 23:52:22,027: [move_base-4] restarting process
[roslaunch][INFO] 2020-10-27 23:52:22,027: process[move_base-4]: restarting os process
[roslaunch][INFO] 2020-10-27 23:52:22,027: process[move_base-4]: start w/ args [[u'/opt/ros/indigo/lib/move_base/move_base', u'cmd_vel:=cmd_vel', u'odom:=odom', u'map:=map', u'__name:=move_base', u'__log:=/home/fetch/.ros/log/b54da16c-18df-11eb-ae58-000babe55698/move_base-4.log']]
[roslaunch][INFO] 2020-10-27 23:52:22,028: process[move_base-4]: cwd will be [/home/fetch/.ros]
[roslaunch][INFO] 2020-10-27 23:52:22,029: process[move_base-4]: started with pid [26525]
[roslaunch][INFO] 2020-10-27 23:52:23,031: [move_base-4] process has finished cleanly
log file: /home/fetch/.ros/log/b54da16c-18df-11eb-ae58-000babe55698/move_base-4*.log
[roslaunch][INFO] 2020-10-27 23:52:23,031: [move_base-4] restarting process
[roslaunch][INFO] 2020-10-27 23:52:23,031: process[move_base-4]: restarting os process
[roslaunch][INFO] 2020-10-27 23:52:23,031: process[move_base-4]: start w/ args [[u'/opt/ros/indigo/lib/move_base/move_base', u'cmd_vel:=cmd_vel', u'odom:=odom', u'map:=map', u'__name:=move_base', u'__log:=/home/fetch/.ros/log/b54da16c-18df-11eb-ae58-000babe55698/move_base-4.log']]
[roslaunch][INFO] 2020-10-27 23:52:23,031: process[move_base-4]: cwd will be [/home/fetch/.ros]
[roslaunch][INFO] 2020-10-27 23:52:23,033: process[move_base-4]: started with pid [27656]
[roslaunch][INFO] 2020-10-27 23:52:24,035: [move_base-4] process has finished cleanly
log file: /home/fetch/.ros/log/b54da16c-18df-11eb-ae58-000babe55698/move_base-4*.log
[roslaunch][INFO] 2020-10-27 23:52:24,035: [move_base-4] restarting process
[roslaunch][INFO] 2020-10-27 23:52:24,035: process[move_base-4]: restarting os process
[roslaunch][INFO] 2020-10-27 23:52:24,035: process[move_base-4]: start w/ args [[u'/opt/ros/indigo/lib/move_base/move_base', u'cmd_vel:=cmd_vel', u'odom:=odom', u'map:=map', u'__name:=move_base', u'__log:=/home/fetch/.ros/log/b54da16c-18df-11eb-ae58-000babe55698/move_base-4.log']]
[roslaunch][INFO] 2020-10-27 23:52:24,035: process[move_base-4]: cwd will be [/home/fetch/.ros]
[roslaunch][INFO] 2020-10-27 23:52:24,037: process[move_base-4]: started with pid [28766]
[roslaunch][INFO] 2020-10-27 23:52:25,038: [move_base-4] process has finished cleanly
log file: /home/fetch/.ros/log/b54da16c-18df-11eb-ae58-000babe55698/move_base-4*.log
[roslaunch][INFO] 2020-10-27 23:52:25,038: [move_base-4] restarting process
[roslaunch][INFO] 2020-10-27 23:52:25,039: process[move_base-4]: restarting os process
[roslaunch][INFO] 2020-10-27 23:52:25,039: process[move_base-4]: start w/ args [[u'/opt/ros/indigo/lib/move_base/move_base', u'cmd_vel:=cmd_vel', u'odom:=odom', u'map:=map', u'__name:=move_base', u'__log:=/home/fetch/.ros/log/b54da16c-18df-11eb-ae58-000babe55698/move_base-4.log']]
[roslaunch][INFO] 2020-10-27 23:52:25,039: process[move_base-4]: cwd will be [/home/fetch/.ros]
[roslaunch][INFO] 2020-10-27 23:52:25,040: process[move_base-4]: started with pid [29883]
[roslaunch][INFO] 2020-10-27 23:52:26,042: [move_base-4] process has finished cleanly
log file: /home/fetch/.ros/log/b54da16c-18df-11eb-ae58-000babe55698/move_base-4*.log
[roslaunch][INFO] 2020-10-27 23:52:26,042: [move_base-4] restarting process
[roslaunch][INFO] 2020-10-27 23:52:26,042: process[move_base-4]: restarting os process
[roslaunch][INFO] 2020-10-27 23:52:26,042: process[move_base-4]: start w/ args [[u'/opt/ros/indigo/lib/move_base/move_base', u'cmd_vel:=cmd_vel', u'odom:=odom', u'map:=map', u'__name:=move_base', u'__log:=/home/fetch/.ros/log/b54da16c-18df-11eb-ae58-000babe55698/move_base-4.log']]
[roslaunch][INFO] 2020-10-27 23:52:26,042: process[move_base-4]: cwd will be [/home/fetch/.ros]
[roslaunch][INFO] 2020-10-27 23:52:26,044: process[move_base-4]: started with pid [30993]
[roslaunch][INFO] 2020-10-27 23:52:27,046: [move_base-4] process has finished cleanly
log file: /home/fetch/.ros/log/b54da16c-18df-11eb-ae58-000babe55698/move_base-4*.log
[roslaunch][INFO] 2020-10-27 23:52:27,046: [move_base-4] restarting process
[roslaunch][INFO] 2020-10-27 23:52:27,046: process[move_base-4]: restarting os process
[roslaunch][INFO] 2020-10-27 23:52:27,046: process[move_base-4]: start w/ args [[u'/opt/ros/indigo/lib/move_base/move_base', u'cmd_vel:=cmd_vel', u'odom:=odom', u'map:=map', u'__name:=move_base', u'__log:=/home/fetch/.ros/log/b54da16c-18df-11eb-ae58-000babe55698/move_base-4.log']]
[roslaunch][INFO] 2020-10-27 23:52:27,046: process[move_base-4]: cwd will be [/home/fetch/.ros]
[roslaunch][INFO] 2020-10-27 23:52:27,048: process[move_base-4]: started with pid [32109]
[roslaunch][INFO] 2020-10-27 23:52:28,050: [move_base-4] process has finished cleanly
log file: /home/fetch/.ros/log/b54da16c-18df-11eb-ae58-000babe55698/move_base-4*.log
[roslaunch][INFO] 2020-10-27 23:52:28,050: [move_base-4] restarting process
[roslaunch][INFO] 2020-10-27 23:52:28,050: process[move_base-4]: restarting os process
[roslaunch][INFO] 2020-10-27 23:52:28,050: process[move_base-4]: start w/ args [[u'/opt/ros/indigo/lib/move_base/move_base', u'cmd_vel:=cmd_vel', u'odom:=odom', u'map:=map', u'__name:=move_base', u'__log:=/home/fetch/.ros/log/b54da16c-18df-11eb-ae58-000babe55698/move_base-4.log']]
[roslaunch][INFO] 2020-10-27 23:52:28,050: process[move_base-4]: cwd will be [/home/fetch/.ros]
[roslaunch][INFO] 2020-10-27 23:52:28,052: process[move_base-4]: started with pid [781]
[roslaunch][INFO] 2020-10-27 23:52:29,054: [move_base-4] process has finished cleanly
log file: /home/fetch/.ros/log/b54da16c-18df-11eb-ae58-000babe55698/move_base-4*.log
[roslaunch][INFO] 2020-10-27 23:52:29,054: [move_base-4] restarting process
[roslaunch][INFO] 2020-10-27 23:52:29,054: process[move_base-4]: restarting os process
[roslaunch][INFO] 2020-10-27 23:52:29,054: process[move_base-4]: start w/ args [[u'/opt/ros/indigo/lib/move_base/move_base', u'cmd_vel:=cmd_vel', u'odom:=odom', u'map:=map', u'__name:=move_base', u'__log:=/home/fetch/.ros/log/b54da16c-18df-11eb-ae58-000babe55698/move_base-4.log']]
[roslaunch][INFO] 2020-10-27 23:52:29,054: process[move_base-4]: cwd will be [/home/fetch/.ros]
[roslaunch][INFO] 2020-10-27 23:52:29,056: process[move_base-4]: started with pid [2136]
[roslaunch][INFO] 2020-10-27 23:52:30,158: [move_base-4] process has finished cleanly
log file: /home/fetch/.ros/log/b54da16c-18df-11eb-ae58-000babe55698/move_base-4*.log
[roslaunch][INFO] 2020-10-27 23:52:30,158: [move_base-4] restarting process
[roslaunch][INFO] 2020-10-27 23:52:30,158: process[move_base-4]: restarting os process
[roslaunch][INFO] 2020-10-27 23:52:30,158: process[move_base-4]: start w/ args [[u'/opt/ros/indigo/lib/move_base/move_base', u'cmd_vel:=cmd_vel', u'odom:=odom', u'map:=map', u'__name:=move_base', u'__log:=/home/fetch/.ros/log/b54da16c-18df-11eb-ae58-000babe55698/move_base-4.log']]
[roslaunch][INFO] 2020-10-27 23:52:30,158: process[move_base-4]: cwd will be [/home/fetch/.ros]
[roslaunch][INFO] 2020-10-27 23:52:30,160: process[move_base-4]: started with pid [3346]
[roslaunch][INFO] 2020-10-27 23:52:31,162: [move_base-4] process has finished cleanly
log file: /home/fetch/.ros/log/b54da16c-18df-11eb-ae58-000babe55698/move_base-4*.log
[roslaunch][INFO] 2020-10-27 23:52:31,162: [move_base-4] restarting process
[roslaunch][INFO] 2020-10-27 23:52:31,162: process[move_base-4]: restarting os process
[roslaunch][INFO] 2020-10-27 23:52:31,162: process[move_base-4]: start w/ args [[u'/opt/ros/indigo/lib/move_base/move_base', u'cmd_vel:=cmd_vel', u'odom:=odom', u'map:=map', u'__name:=move_base', u'__log:=/home/fetch/.ros/log/b54da16c-18df-11eb-ae58-000babe55698/move_base-4.log']]
[roslaunch][INFO] 2020-10-27 23:52:31,162: process[move_base-4]: cwd will be [/home/fetch/.ros]
[roslaunch][INFO] 2020-10-27 23:52:31,164: process[move_base-4]: started with pid [4463]
[roslaunch][INFO] 2020-10-27 23:52:32,165: [move_base-4] process has finished cleanly
log file: /home/fetch/.ros/log/b54da16c-18df-11eb-ae58-000babe55698/move_base-4*.log
[roslaunch][INFO] 2020-10-27 23:52:32,166: [move_base-4] restarting process
[roslaunch][INFO] 2020-10-27 23:52:32,166: process[move_base-4]: restarting os process
[roslaunch][INFO] 2020-10-27 23:52:32,166: process[move_base-4]: start w/ args [[u'/opt/ros/indigo/lib/move_base/move_base', u'cmd_vel:=cmd_vel', u'odom:=odom', u'map:=map', u'__name:=move_base', u'__log:=/home/fetch/.ros/log/b54da16c-18df-11eb-ae58-000babe55698/move_base-4.log']]
[roslaunch][INFO] 2020-10-27 23:52:32,166: process[move_base-4]: cwd will be [/home/fetch/.ros]
[roslaunch][INFO] 2020-10-27 23:52:32,167: process[move_base-4]: started with pid [5576]
[roslaunch][INFO] 2020-10-27 23:52:33,269: [move_base-4] process has finished cleanly
log file: /home/fetch/.ros/log/b54da16c-18df-11eb-ae58-000babe55698/move_base-4*.log
[roslaunch][INFO] 2020-10-27 23:52:33,269: [move_base-4] restarting process
[roslaunch][INFO] 2020-10-27 23:52:33,270: process[move_base-4]: restarting os process
[roslaunch][INFO] 2020-10-27 23:52:33,270: process[move_base-4]: start w/ args [[u'/opt/ros/indigo/lib/move_base/move_base', u'cmd_vel:=cmd_vel', u'odom:=odom', u'map:=map', u'__name:=move_base', u'__log:=/home/fetch/.ros/log/b54da16c-18df-11eb-ae58-000babe55698/move_base-4.log']]
[roslaunch][INFO] 2020-10-27 23:52:33,270: process[move_base-4]: cwd will be [/home/fetch/.ros]
[roslaunch][INFO] 2020-10-27 23:52:33,271: process[move_base-4]: started with pid [6692]
[roslaunch][INFO] 2020-10-27 23:52:34,273: [move_base-4] process has finished cleanly
log file: /home/fetch/.ros/log/b54da16c-18df-11eb-ae58-000babe55698/move_base-4*.log
[roslaunch][INFO] 2020-10-27 23:52:34,273: [move_base-4] restarting process
[roslaunch][INFO] 2020-10-27 23:52:34,273: process[move_base-4]: restarting os process
[roslaunch][INFO] 2020-10-27 23:52:34,273: process[move_base-4]: start w/ args [[u'/opt/ros/indigo/lib/move_base/move_base', u'cmd_vel:=cmd_vel', u'odom:=odom', u'map:=map', u'__name:=move_base', u'__log:=/home/fetch/.ros/log/b54da16c-18df-11eb-ae58-000babe55698/move_base-4.log']]
[roslaunch][INFO] 2020-10-27 23:52:34,273: process[move_base-4]: cwd will be [/home/fetch/.ros]
[roslaunch][INFO] 2020-10-27 23:52:34,275: process[move_base-4]: started with pid [7802]
[roslaunch][INFO] 2020-10-27 23:52:35,377: [move_base-4] process has finished cleanly
log file: /home/fetch/.ros/log/b54da16c-18df-11eb-ae58-000babe55698/move_base-4*.log
[roslaunch][INFO] 2020-10-27 23:52:35,377: [move_base-4] restarting process
[roslaunch][INFO] 2020-10-27 23:52:35,377: process[move_base-4]: restarting os process
[roslaunch][INFO] 2020-10-27 23:52:35,377: process[move_base-4]: start w/ args [[u'/opt/ros/indigo/lib/move_base/move_base', u'cmd_vel:=cmd_vel', u'odom:=odom', u'map:=map', u'__name:=move_base', u'__log:=/home/fetch/.ros/log/b54da16c-18df-11eb-ae58-000babe55698/move_base-4.log']]
[roslaunch][INFO] 2020-10-27 23:52:35,377: process[move_base-4]: cwd will be [/home/fetch/.ros]
[roslaunch][INFO] 2020-10-27 23:52:35,379: process[move_base-4]: started with pid [8918]
[roslaunch][INFO] 2020-10-27 23:52:36,381: [move_base-4] process has finished cleanly
log file: /home/fetch/.ros/log/b54da16c-18df-11eb-ae58-000babe55698/move_base-4*.log
[roslaunch][INFO] 2020-10-27 23:52:36,381: [move_base-4] restarting process
[roslaunch][INFO] 2020-10-27 23:52:36,381: process[move_base-4]: restarting os process
[roslaunch][INFO] 2020-10-27 23:52:36,382: process[move_base-4]: start w/ args [[u'/opt/ros/indigo/lib/move_base/move_base', u'cmd_vel:=cmd_vel', u'odom:=odom', u'map:=map', u'__name:=move_base', u'__log:=/home/fetch/.ros/log/b54da16c-18df-11eb-ae58-000babe55698/move_base-4.log']]
[roslaunch][INFO] 2020-10-27 23:52:36,382: process[move_base-4]: cwd will be [/home/fetch/.ros]
[roslaunch][INFO] 2020-10-27 23:52:36,383: process[move_base-4]: started with pid [10028]
[roslaunch][INFO] 2020-10-27 23:52:37,385: [move_base-4] process has finished cleanly
log file: /home/fetch/.ros/log/b54da16c-18df-11eb-ae58-000babe55698/move_base-4*.log
[roslaunch][INFO] 2020-10-27 23:52:37,385: [move_base-4] restarting process
[roslaunch][INFO] 2020-10-27 23:52:37,385: process[move_base-4]: restarting os process
[roslaunch][INFO] 2020-10-27 23:52:37,385: process[move_base-4]: start w/ args [[u'/opt/ros/indigo/lib/move_base/move_base', u'cmd_vel:=cmd_vel', u'odom:=odom', u'map:=map', u'__name:=move_base', u'__log:=/home/fetch/.ros/log/b54da16c-18df-11eb-ae58-000babe55698/move_base-4.log']]
[roslaunch][INFO] 2020-10-27 23:52:37,385: process[move_base-4]: cwd will be [/home/fetch/.ros]
[roslaunch][INFO] 2020-10-27 23:52:37,387: process[move_base-4]: started with pid [11144]
[roslaunch][INFO] 2020-10-27 23:52:38,489: [move_base-4] process has finished cleanly
log file: /home/fetch/.ros/log/b54da16c-18df-11eb-ae58-000babe55698/move_base-4*.log
[roslaunch][INFO] 2020-10-27 23:52:38,489: [move_base-4] restarting process
[roslaunch][INFO] 2020-10-27 23:52:38,489: process[move_base-4]: restarting os process
[roslaunch][INFO] 2020-10-27 23:52:38,489: process[move_base-4]: start w/ args [[u'/opt/ros/indigo/lib/move_base/move_base', u'cmd_vel:=cmd_vel', u'odom:=odom', u'map:=map', u'__name:=move_base', u'__log:=/home/fetch/.ros/log/b54da16c-18df-11eb-ae58-000babe55698/move_base-4.log']]
[roslaunch][INFO] 2020-10-27 23:52:38,489: process[move_base-4]: cwd will be [/home/fetch/.ros]
[roslaunch][INFO] 2020-10-27 23:52:38,491: process[move_base-4]: started with pid [12254]
[roslaunch][INFO] 2020-10-27 23:52:39,493: [move_base-4] process has finished cleanly
log file: /home/fetch/.ros/log/b54da16c-18df-11eb-ae58-000babe55698/move_base-4*.log
[roslaunch][INFO] 2020-10-27 23:52:39,493: [move_base-4] restarting process
[roslaunch][INFO] 2020-10-27 23:52:39,493: process[move_base-4]: restarting os process
[roslaunch][INFO] 2020-10-27 23:52:39,493: process[move_base-4]: start w/ args [[u'/opt/ros/indigo/lib/move_base/move_base', u'cmd_vel:=cmd_vel', u'odom:=odom', u'map:=map', u'__name:=move_base', u'__log:=/home/fetch/.ros/log/b54da16c-18df-11eb-ae58-000babe55698/move_base-4.log']]
[roslaunch][INFO] 2020-10-27 23:52:39,493: process[move_base-4]: cwd will be [/home/fetch/.ros]
[roslaunch][INFO] 2020-10-27 23:52:39,495: process[move_base-4]: started with pid [13370]
[roslaunch][INFO] 2020-10-27 23:52:40,497: [move_base-4] process has finished cleanly
log file: /home/fetch/.ros/log/b54da16c-18df-11eb-ae58-000babe55698/move_base-4*.log
[roslaunch][INFO] 2020-10-27 23:52:40,497: [move_base-4] restarting process
[roslaunch][INFO] 2020-10-27 23:52:40,497: process[move_base-4]: restarting os process
[roslaunch][INFO] 2020-10-27 23:52:40,497: process[move_base-4]: start w/ args [[u'/opt/ros/indigo/lib/move_base/move_base', u'cmd_vel:=cmd_vel', u'odom:=odom', u'map:=map', u'__name:=move_base', u'__log:=/home/fetch/.ros/log/b54da16c-18df-11eb-ae58-000babe55698/move_base-4.log']]
[roslaunch][INFO] 2020-10-27 23:52:40,497: process[move_base-4]: cwd will be [/home/fetch/.ros]
[roslaunch][INFO] 2020-10-27 23:52:40,499: process[move_base-4]: started with pid [14483]
[roslaunch][INFO] 2020-10-27 23:52:41,501: [move_base-4] process has finished cleanly
log file: /home/fetch/.ros/log/b54da16c-18df-11eb-ae58-000babe55698/move_base-4*.log
[roslaunch][INFO] 2020-10-27 23:52:41,501: [move_base-4] restarting process
[roslaunch][INFO] 2020-10-27 23:52:41,501: process[move_base-4]: restarting os process
[roslaunch][INFO] 2020-10-27 23:52:41,501: process[move_base-4]: start w/ args [[u'/opt/ros/indigo/lib/move_base/move_base', u'cmd_vel:=cmd_vel', u'odom:=odom', u'map:=map', u'__name:=move_base', u'__log:=/home/fetch/.ros/log/b54da16c-18df-11eb-ae58-000babe55698/move_base-4.log']]
[roslaunch][INFO] 2020-10-27 23:52:41,501: process[move_base-4]: cwd will be [/home/fetch/.ros]
[roslaunch][INFO] 2020-10-27 23:52:41,503: process[move_base-4]: started with pid [15599]
[roslaunch][INFO] 2020-10-27 23:52:42,505: [rviz-2] process has finished cleanly
log file: /home/fetch/.ros/log/b54da16c-18df-11eb-ae58-000babe55698/rviz-2*.log
[roslaunch.pmon][INFO] 2020-10-27 23:52:42,505: ProcessMonitor.unregister[rviz-2] starting
[roslaunch.pmon][INFO] 2020-10-27 23:52:42,505: ProcessMonitor.unregister[rviz-2] complete
[roslaunch][INFO] 2020-10-27 23:52:42,606: [move_base-4] process has finished cleanly
log file: /home/fetch/.ros/log/b54da16c-18df-11eb-ae58-000babe55698/move_base-4*.log
[roslaunch][INFO] 2020-10-27 23:52:42,606: [move_base-4] restarting process
[roslaunch][INFO] 2020-10-27 23:52:42,606: process[move_base-4]: restarting os process
[roslaunch][INFO] 2020-10-27 23:52:42,606: process[move_base-4]: start w/ args [[u'/opt/ros/indigo/lib/move_base/move_base', u'cmd_vel:=cmd_vel', u'odom:=odom', u'map:=map', u'__name:=move_base', u'__log:=/home/fetch/.ros/log/b54da16c-18df-11eb-ae58-000babe55698/move_base-4.log']]
[roslaunch][INFO] 2020-10-27 23:52:42,606: process[move_base-4]: cwd will be [/home/fetch/.ros]
[roslaunch][INFO] 2020-10-27 23:52:42,608: process[move_base-4]: started with pid [16724]
[roslaunch][INFO] 2020-10-27 23:52:43,609: [move_base-4] process has finished cleanly
log file: /home/fetch/.ros/log/b54da16c-18df-11eb-ae58-000babe55698/move_base-4*.log
[roslaunch][INFO] 2020-10-27 23:52:43,609: [move_base-4] restarting process
[roslaunch][INFO] 2020-10-27 23:52:43,610: process[move_base-4]: restarting os process
[roslaunch][INFO] 2020-10-27 23:52:43,610: process[move_base-4]: start w/ args [[u'/opt/ros/indigo/lib/move_base/move_base', u'cmd_vel:=cmd_vel', u'odom:=odom', u'map:=map', u'__name:=move_base', u'__log:=/home/fetch/.ros/log/b54da16c-18df-11eb-ae58-000babe55698/move_base-4.log']]
[roslaunch][INFO] 2020-10-27 23:52:43,610: process[move_base-4]: cwd will be [/home/fetch/.ros]
[roslaunch][INFO] 2020-10-27 23:52:43,611: process[move_base-4]: started with pid [17840]
[roslaunch.pmon][INFO] 2020-10-27 23:52:43,981: ProcessMonitor.shutdown <ProcessMonitor(ProcessMonitor-1, started daemon 140561424705280)>
[roslaunch.pmon][INFO] 2020-10-27 23:52:44,012: ProcessMonitor._post_run <ProcessMonitor(ProcessMonitor-1, started daemon 140561424705280)>
[roslaunch.pmon][INFO] 2020-10-27 23:52:44,012: ProcessMonitor._post_run <ProcessMonitor(ProcessMonitor-1, started daemon 140561424705280)>: remaining procs are [<roslaunch.nodeprocess.LocalProcess object at 0x7fd701ea7650>, <roslaunch.nodeprocess.LocalProcess object at 0x7fd701ea7e90>, <roslaunch.nodeprocess.LocalProcess object at 0x7fd70045c250>]
[roslaunch.pmon][INFO] 2020-10-27 23:52:44,013: ProcessMonitor exit: killing move_base-4
[roslaunch.pmon][INFO] 2020-10-27 23:52:44,013: ProcessMonitor exit: killing amcl-3
[roslaunch][INFO] 2020-10-27 23:52:44,013: [move_base-4] killing on exit
[roslaunch][INFO] 2020-10-27 23:52:44,013: [amcl-3] killing on exit
[roslaunch.pmon][INFO] 2020-10-27 23:52:44,013: ProcessMonitor exit: killing map_server-1
[roslaunch][INFO] 2020-10-27 23:52:44,014: process[move_base-4]: killing os process with pid[17840] pgid[17840]
[roslaunch][INFO] 2020-10-27 23:52:44,014: process[amcl-3]: killing os process with pid[26330] pgid[26330]
[roslaunch][INFO] 2020-10-27 23:52:44,014: [map_server-1] killing on exit
[roslaunch][INFO] 2020-10-27 23:52:44,014: [move_base-4] sending SIGINT to pgid [17840]
[roslaunch][INFO] 2020-10-27 23:52:44,014: [amcl-3] sending SIGINT to pgid [26330]
[roslaunch][INFO] 2020-10-27 23:52:44,014: process[map_server-1]: killing os process with pid[26328] pgid[26328]
[roslaunch][INFO] 2020-10-27 23:52:44,014: [move_base-4] sent SIGINT to pgid [17840]
[roslaunch][INFO] 2020-10-27 23:52:44,014: [amcl-3] sent SIGINT to pgid [26330]
[roslaunch][INFO] 2020-10-27 23:52:44,015: [map_server-1] sending SIGINT to pgid [26328]
[roslaunch][INFO] 2020-10-27 23:52:44,015: [map_server-1] sent SIGINT to pgid [26328]
[roslaunch][INFO] 2020-10-27 23:52:44,215: process[map_server-1]: SIGINT killed with return value 0
[roslaunch][INFO] 2020-10-27 23:52:44,516: process[amcl-3]: SIGINT killed with return value 0
[roslaunch][INFO] 2020-10-27 23:52:44,516: process[move_base-4]: SIGINT killed with return value 0
[roslaunch.pmon][INFO] 2020-10-27 23:52:44,516: ProcessMonitor exit: cleaning up data structures and signals
[roslaunch.pmon][INFO] 2020-10-27 23:52:44,516: ProcessMonitor exit: pmon has shutdown
[roslaunch][INFO] 2020-10-27 23:52:44,545: process monitor is done spinning, initiating full shutdown
[roslaunch][INFO] 2020-10-27 23:52:44,546: runner.stop()
[roslaunch][INFO] 2020-10-27 23:52:44,546: shutting down processing monitor...
[roslaunch][INFO] 2020-10-27 23:52:44,546: shutting down processing monitor <ProcessMonitor(ProcessMonitor-1, stopped daemon 140561424705280)>
[roslaunch.pmon][INFO] 2020-10-27 23:52:44,546: ProcessMonitor.shutdown <ProcessMonitor(ProcessMonitor-1, stopped daemon 140561424705280)>
[roslaunch][INFO] 2020-10-27 23:52:44,546: ... shutting down processing monitor complete
[roslaunch][INFO] 2020-10-27 23:52:44,546: done
[roslaunch.pmon][INFO] 2020-10-27 23:52:44,546: ProcessMonitor.shutdown <ProcessMonitor(ProcessMonitor-1, stopped daemon 140561424705280)>
[rospy.core][INFO] 2020-10-27 23:52:44,546: signal_shutdown [atexit]
