[rospy.client][INFO] 2020-10-28 02:11:13,762: init_node, name[/rostful_server], pid[26060]
[xmlrpc][INFO] 2020-10-28 02:11:13,762: XML-RPC server binding to 0.0.0.0:0
[xmlrpc][INFO] 2020-10-28 02:11:13,762: Started XML-RPC server [http://freight1207:48971/]
[rospy.init][INFO] 2020-10-28 02:11:13,762: ROS Slave URI: [http://freight1207:48971/]
[rospy.impl.masterslave][INFO] 2020-10-28 02:11:13,762: _ready: http://freight1207:48971/
[xmlrpc][INFO] 2020-10-28 02:11:13,763: xml rpc node: starting XML-RPC server
[rospy.registration][INFO] 2020-10-28 02:11:13,763: Registering with master node http://localhost:11311
[rospy.init][INFO] 2020-10-28 02:11:13,862: registered with master
[rospy.rosout][INFO] 2020-10-28 02:11:13,863: initializing /rosout core topic
[rospy.rosout][INFO] 2020-10-28 02:11:13,865: connected to core topic /rosout
[rospy.simtime][INFO] 2020-10-28 02:11:13,866: /use_sim_time is not set, will not subscribe to simulated time [/clock] topic
[rosout][WARNING] 2020-10-28 02:11:13,870: rostful_server: Delaying the start 1 seconds
[rospy.internal][INFO] 2020-10-28 02:11:14,149: topic[/rosout] adding connection to [/rosout], count 0
[rospy.core][INFO] 2020-10-28 02:11:14,910: signal_shutdown [atexit]
[rospy.internal][INFO] 2020-10-28 02:11:14,912: topic[/rosout] removing connection to /rosout
[rospy.impl.masterslave][INFO] 2020-10-28 02:11:14,912: atexit
[rospy.client][INFO] 2020-10-28 02:13:20,974: init_node, name[/rostful_server], pid[26133]
[xmlrpc][INFO] 2020-10-28 02:13:20,975: XML-RPC server binding to 0.0.0.0:0
[xmlrpc][INFO] 2020-10-28 02:13:20,975: Started XML-RPC server [http://freight1207:47235/]
[rospy.init][INFO] 2020-10-28 02:13:20,975: ROS Slave URI: [http://freight1207:47235/]
[rospy.impl.masterslave][INFO] 2020-10-28 02:13:20,975: _ready: http://freight1207:47235/
[rospy.registration][INFO] 2020-10-28 02:13:20,975: Registering with master node http://localhost:11311
[xmlrpc][INFO] 2020-10-28 02:13:20,976: xml rpc node: starting XML-RPC server
[rospy.init][INFO] 2020-10-28 02:13:21,075: registered with master
[rospy.rosout][INFO] 2020-10-28 02:13:21,075: initializing /rosout core topic
[rospy.rosout][INFO] 2020-10-28 02:13:21,078: connected to core topic /rosout
[rospy.simtime][INFO] 2020-10-28 02:13:21,079: /use_sim_time is not set, will not subscribe to simulated time [/clock] topic
[rosout][WARNING] 2020-10-28 02:13:21,085: rostful_server: Delaying the start 1 seconds
[rospy.internal][INFO] 2020-10-28 02:13:21,323: topic[/rosout] adding connection to [/rosout], count 0
[rospy.internal][INFO] 2020-10-28 02:13:22,132: topic[/enable_software_runstop] adding connection to [/software_runstop], count 0
[rosout][INFO] 2020-10-28 02:13:22,139: rostful_server: Started server on port 8080
[rospy.internal][INFO] 2020-10-28 02:13:22,142: topic[/enable_software_runstop] adding connection to [http://freight1207:47235/], count 0
[rospy.internal][INFO] 2020-10-28 02:13:22,143: topic[/enable_software_runstop] adding connection to [/rostful_server], count 1
[rosout][INFO] 2020-10-28 02:17:00,259: rostful_server: Shutting down the server
[rospy.core][INFO] 2020-10-28 02:17:00,259: signal_shutdown [Closing]
[rospy.internal][INFO] 2020-10-28 02:17:00,261: topic[/enable_software_runstop] removing connection to /software_runstop
[rospy.internal][INFO] 2020-10-28 02:17:00,262: topic[/enable_software_runstop] removing connection to /rostful_server
[rospy.internal][INFO] 2020-10-28 02:17:00,262: topic[/rosout] removing connection to /rosout
[rospy.internal][INFO] 2020-10-28 02:17:00,262: topic[/enable_software_runstop] removing connection to http://freight1207:47235/
[rospy.impl.masterslave][INFO] 2020-10-28 02:17:00,262: Closing
[rospy.internal][ERROR] 2020-10-28 02:17:00,263: Unable to initiate TCP/IP socket to freight1207:49864 (http://freight1207:47235/): Traceback (most recent call last):
  File "/opt/ros/indigo/lib/python2.7/dist-packages/rospy/impl/tcpros_base.py", line 557, in connect
    self.read_header()
  File "/opt/ros/indigo/lib/python2.7/dist-packages/rospy/impl/tcpros_base.py", line 619, in read_header
    self._validate_header(read_ros_handshake_header(sock, self.read_buff, self.protocol.buff_size))
  File "/opt/ros/indigo/lib/python2.7/dist-packages/rospy/impl/tcpros_base.py", line 580, in _validate_header
    raise TransportInitError("remote error reported: %s"%header['error'])
TransportInitError: remote error reported: node shutting down

[rospy.core][INFO] 2020-10-28 02:17:00,877: signal_shutdown [atexit]
[rospy.client][INFO] 2020-10-28 02:17:03,375: init_node, name[/rostful_server], pid[26206]
[xmlrpc][INFO] 2020-10-28 02:17:03,375: XML-RPC server binding to 0.0.0.0:0
[xmlrpc][INFO] 2020-10-28 02:17:03,376: Started XML-RPC server [http://freight1207:44095/]
[rospy.init][INFO] 2020-10-28 02:17:03,376: ROS Slave URI: [http://freight1207:44095/]
[rospy.impl.masterslave][INFO] 2020-10-28 02:17:03,376: _ready: http://freight1207:44095/
[xmlrpc][INFO] 2020-10-28 02:17:03,376: xml rpc node: starting XML-RPC server
[rospy.registration][INFO] 2020-10-28 02:17:03,376: Registering with master node http://localhost:11311
[rospy.init][INFO] 2020-10-28 02:17:03,476: registered with master
[rospy.rosout][INFO] 2020-10-28 02:17:03,476: initializing /rosout core topic
[rospy.rosout][INFO] 2020-10-28 02:17:03,478: connected to core topic /rosout
[rospy.simtime][INFO] 2020-10-28 02:17:03,479: /use_sim_time is not set, will not subscribe to simulated time [/clock] topic
[rosout][WARNING] 2020-10-28 02:17:03,483: rostful_server: Delaying the start 1 seconds
[rospy.internal][INFO] 2020-10-28 02:17:03,631: topic[/rosout] adding connection to [/rosout], count 0
[rosout][INFO] 2020-10-28 02:17:04,527: rostful_server: Started server on port 8080
[rospy.internal][INFO] 2020-10-28 02:17:04,543: topic[/enable_software_runstop] adding connection to [http://freight1207:44095/], count 0
[rospy.internal][INFO] 2020-10-28 02:17:04,544: topic[/enable_software_runstop] adding connection to [/rostful_server], count 0
[rospy.internal][INFO] 2020-10-28 02:17:04,552: topic[/enable_software_runstop] adding connection to [/software_runstop], count 1
