[rospy.client][INFO] 2020-11-03 20:34:38,726: init_node, name[/rosapi], pid[3473]
[xmlrpc][INFO] 2020-11-03 20:34:38,726: XML-RPC server binding to 0.0.0.0:0
[xmlrpc][INFO] 2020-11-03 20:34:38,726: Started XML-RPC server [http://freight1207:49362/]
[rospy.init][INFO] 2020-11-03 20:34:38,726: ROS Slave URI: [http://freight1207:49362/]
[rospy.impl.masterslave][INFO] 2020-11-03 20:34:38,727: _ready: http://freight1207:49362/
[xmlrpc][INFO] 2020-11-03 20:34:38,727: xml rpc node: starting XML-RPC server
[rospy.registration][INFO] 2020-11-03 20:34:38,727: Registering with master node http://localhost:11311
[rospy.init][INFO] 2020-11-03 20:34:38,827: registered with master
[rospy.rosout][INFO] 2020-11-03 20:34:38,827: initializing /rosout core topic
[rospy.rosout][INFO] 2020-11-03 20:34:38,829: connected to core topic /rosout
[rospy.simtime][INFO] 2020-11-03 20:34:38,829: /use_sim_time is not set, will not subscribe to simulated time [/clock] topic
[rosout][INFO] 2020-11-03 20:34:38,851: Rosapi started
[rospy.internal][INFO] 2020-11-03 20:34:39,077: topic[/rosout] adding connection to [/rosout], count 0
[rospy.core][INFO] 2020-11-03 20:36:52,211: signal_shutdown [signal-2]
[rospy.internal][INFO] 2020-11-03 20:36:52,218: topic[/rosout] removing connection to /rosout
[rospy.impl.masterslave][INFO] 2020-11-03 20:36:52,218: signal-2
[rospy.core][INFO] 2020-11-03 20:36:52,334: signal_shutdown [atexit]
[rospy.client][INFO] 2020-11-03 20:53:35,342: init_node, name[/rosapi], pid[7780]
[xmlrpc][INFO] 2020-11-03 20:53:35,343: XML-RPC server binding to 0.0.0.0:0
[xmlrpc][INFO] 2020-11-03 20:53:35,343: Started XML-RPC server [http://freight1207:45475/]
[rospy.init][INFO] 2020-11-03 20:53:35,343: ROS Slave URI: [http://freight1207:45475/]
[rospy.impl.masterslave][INFO] 2020-11-03 20:53:35,343: _ready: http://freight1207:45475/
[xmlrpc][INFO] 2020-11-03 20:53:35,344: xml rpc node: starting XML-RPC server
[rospy.registration][INFO] 2020-11-03 20:53:35,344: Registering with master node http://localhost:11311
[rospy.init][INFO] 2020-11-03 20:53:35,443: registered with master
[rospy.rosout][INFO] 2020-11-03 20:53:35,443: initializing /rosout core topic
[rospy.rosout][INFO] 2020-11-03 20:53:35,445: connected to core topic /rosout
[rospy.simtime][INFO] 2020-11-03 20:53:35,446: /use_sim_time is not set, will not subscribe to simulated time [/clock] topic
[rosout][INFO] 2020-11-03 20:53:35,467: Rosapi started
[rospy.internal][INFO] 2020-11-03 20:53:35,697: topic[/rosout] adding connection to [/rosout], count 0
[rospy.core][INFO] 2020-11-03 20:57:11,980: signal_shutdown [signal-2]
[rospy.internal][INFO] 2020-11-03 20:57:11,987: topic[/rosout] removing connection to /rosout
[rospy.impl.masterslave][INFO] 2020-11-03 20:57:11,987: signal-2
[rospy.core][INFO] 2020-11-03 20:57:12,119: signal_shutdown [atexit]
[rospy.client][INFO] 2020-11-03 21:20:27,224: init_node, name[/rosapi], pid[15146]
[xmlrpc][INFO] 2020-11-03 21:20:27,224: XML-RPC server binding to 0.0.0.0:0
[xmlrpc][INFO] 2020-11-03 21:20:27,224: Started XML-RPC server [http://freight1207:44575/]
[rospy.init][INFO] 2020-11-03 21:20:27,224: ROS Slave URI: [http://freight1207:44575/]
[rospy.impl.masterslave][INFO] 2020-11-03 21:20:27,224: _ready: http://freight1207:44575/
[xmlrpc][INFO] 2020-11-03 21:20:27,225: xml rpc node: starting XML-RPC server
[rospy.registration][INFO] 2020-11-03 21:20:27,225: Registering with master node http://localhost:11311
[rospy.init][INFO] 2020-11-03 21:20:27,325: registered with master
[rospy.rosout][INFO] 2020-11-03 21:20:27,325: initializing /rosout core topic
[rospy.rosout][INFO] 2020-11-03 21:20:27,326: connected to core topic /rosout
[rospy.simtime][INFO] 2020-11-03 21:20:27,327: /use_sim_time is not set, will not subscribe to simulated time [/clock] topic
[rosout][INFO] 2020-11-03 21:20:27,349: Rosapi started
[rospy.internal][INFO] 2020-11-03 21:20:27,474: topic[/rosout] adding connection to [/rosout], count 0
[rospy.core][INFO] 2020-11-03 21:34:04,405: signal_shutdown [signal-2]
[rospy.internal][INFO] 2020-11-03 21:34:04,427: topic[/rosout] removing connection to /rosout
[rospy.impl.masterslave][INFO] 2020-11-03 21:34:04,427: signal-2
[rospy.core][INFO] 2020-11-03 21:34:05,042: signal_shutdown [atexit]
[rospy.client][INFO] 2020-11-03 21:43:21,826: init_node, name[/rosapi], pid[5241]
[xmlrpc][INFO] 2020-11-03 21:43:21,826: XML-RPC server binding to 0.0.0.0:0
[xmlrpc][INFO] 2020-11-03 21:43:21,826: Started XML-RPC server [http://freight1207:42100/]
[rospy.init][INFO] 2020-11-03 21:43:21,826: ROS Slave URI: [http://freight1207:42100/]
[rospy.impl.masterslave][INFO] 2020-11-03 21:43:21,826: _ready: http://freight1207:42100/
[xmlrpc][INFO] 2020-11-03 21:43:21,827: xml rpc node: starting XML-RPC server
[rospy.registration][INFO] 2020-11-03 21:43:21,827: Registering with master node http://localhost:11311
[rospy.init][INFO] 2020-11-03 21:43:21,927: registered with master
[rospy.rosout][INFO] 2020-11-03 21:43:21,927: initializing /rosout core topic
[rospy.rosout][INFO] 2020-11-03 21:43:21,928: connected to core topic /rosout
[rospy.simtime][INFO] 2020-11-03 21:43:21,929: /use_sim_time is not set, will not subscribe to simulated time [/clock] topic
[rosout][INFO] 2020-11-03 21:43:21,951: Rosapi started
[rospy.internal][INFO] 2020-11-03 21:43:22,132: topic[/rosout] adding connection to [/rosout], count 0
[rospy.core][INFO] 2020-11-03 22:21:51,817: signal_shutdown [signal-15]
[rospy.registration][WARNING] 2020-11-03 22:21:51,818: cannot unregister with master due to network issues
[rospy.internal][INFO] 2020-11-03 22:21:51,818: topic[/rosout] removing connection to /rosout
[rospy.impl.masterslave][INFO] 2020-11-03 22:21:51,818: signal-15
[rospy.core][INFO] 2020-11-03 22:21:51,926: signal_shutdown [signal-2]
[rospy.core][INFO] 2020-11-03 22:21:51,926: signal_shutdown [atexit]
