[roslaunch][INFO] 2020-11-01 22:47:30,839: Checking log directory for disk usage. This may take awhile.
Press Ctrl-C to interrupt
[roslaunch][INFO] 2020-11-01 22:47:30,842: Done checking log file disk usage. Usage is <1GB.
[roslaunch][INFO] 2020-11-01 22:47:30,843: roslaunch starting with args ['/opt/ros/indigo/bin/roslaunch', 'robot_local_control', 'robot_local_control.launch']
[roslaunch][INFO] 2020-11-01 22:47:30,843: roslaunch env is {'ROS_DISTRO': 'indigo', 'NVM_CD_FLAGS': '', 'LESSOPEN': '| /usr/bin/lesspipe %s', 'SSH_CLIENT': '172.22.77.105 58289 22', 'CPATH': '/home/fetch/catkin_ws/devel/include:/opt/ros/indigo/include', 'LOGNAME': 'fetch', 'USER': 'fetch', 'NVM_DIR': '/home/fetch/.nvm', 'HOME': '/home/fetch', 'PATH': '/home/fetch/.nvm/versions/node/v10.15.3/bin:/opt/ros/indigo/bin:/usr/local/sbin:/usr/local/bin:/usr/sbin:/usr/bin:/sbin:/bin:/usr/games:/usr/local/games', 'VIRTUALENVWRAPPER_SCRIPT': '/usr/share/virtualenvwrapper/virtualenvwrapper.sh', 'LD_LIBRARY_PATH': '/home/fetch/catkin_ws/devel/lib:/opt/ros/indigo/lib', 'LANG': 'en_US.UTF-8', 'TERM': 'xterm-256color', 'SHELL': '/bin/bash', 'ROS_LOG_FILENAME': '/home/fetch/.ros/log/c2087010-1cd3-11eb-8add-000babe55698/roslaunch-freight1207-11086.log', 'SHLVL': '1', 'QT_QPA_PLATFORMTHEME': 'appmenu-qt5', 'ROS_ETC_DIR': '/opt/ros/indigo/etc/ros', 'DISPLAY': 'localhost:10.0', 'NVM_BIN': '/home/fetch/.nvm/versions/node/v10.15.3/bin', '_VIRTUALENVWRAPPER_API': ' mkvirtualenv rmvirtualenv lsvirtualenv showvirtualenv workon add2virtualenv cdsitepackages cdvirtualenv lssitepackages toggleglobalsitepackages cpvirtualenv setvirtualenvproject mkproject cdproject mktmpenv mkvirtualenv rmvirtualenv lsvirtualenv showvirtualenv workon add2virtualenv cdsitepackages cdvirtualenv lssitepackages toggleglobalsitepackages cpvirtualenv setvirtualenvproject mkproject cdproject mktmpenv', 'CMAKE_PREFIX_PATH': '/home/fetch/catkin_ws/devel:/opt/ros/indigo', 'XDG_RUNTIME_DIR': '/run/user/1000', 'PYTHONPATH': '/home/fetch/catkin_ws/devel/lib/python2.7/dist-packages:/opt/ros/indigo/lib/python2.7/dist-packages', 'ROS_ROOT': '/opt/ros/indigo/share/ros', 'PKG_CONFIG_PATH': '/home/fetch/catkin_ws/devel/lib/pkgconfig:/opt/ros/indigo/lib/pkgconfig', 'ROS_PACKAGE_PATH': '/home/fetch/catkin_ws/src:/opt/ros/indigo/share:/opt/ros/indigo/stacks', 'XDG_SESSION_ID': '1', '_': '/opt/ros/indigo/bin/roslaunch', 'SSH_CONNECTION': '172.22.77.105 58289 172.22.77.172 22', 'LESSCLOSE': '/usr/bin/lesspipe %s %s', 'SSH_TTY': '/dev/pts/1', 'OLDPWD': '/home/fetch/catkin_ws/src/robot_local_control', 'PWD': '/home/fetch/catkin_ws/src/robot_local_control/launch', 'ROS_MASTER_URI': 'http://localhost:11311', 'MAIL': '/var/mail/fetch', 'LS_COLORS': 'rs=0:di=01;34:ln=01;36:mh=00:pi=40;33:so=01;35:do=01;35:bd=40;33;01:cd=40;33;01:or=40;31;01:su=37;41:sg=30;43:ca=30;41:tw=30;42:ow=34;42:st=37;44:ex=01;32:*.tar=01;31:*.tgz=01;31:*.arj=01;31:*.taz=01;31:*.lzh=01;31:*.lzma=01;31:*.tlz=01;31:*.txz=01;31:*.zip=01;31:*.z=01;31:*.Z=01;31:*.dz=01;31:*.gz=01;31:*.lz=01;31:*.xz=01;31:*.bz2=01;31:*.bz=01;31:*.tbz=01;31:*.tbz2=01;31:*.tz=01;31:*.deb=01;31:*.rpm=01;31:*.jar=01;31:*.war=01;31:*.ear=01;31:*.sar=01;31:*.rar=01;31:*.ace=01;31:*.zoo=01;31:*.cpio=01;31:*.7z=01;31:*.rz=01;31:*.jpg=01;35:*.jpeg=01;35:*.gif=01;35:*.bmp=01;35:*.pbm=01;35:*.pgm=01;35:*.ppm=01;35:*.tga=01;35:*.xbm=01;35:*.xpm=01;35:*.tif=01;35:*.tiff=01;35:*.png=01;35:*.svg=01;35:*.svgz=01;35:*.mng=01;35:*.pcx=01;35:*.mov=01;35:*.mpg=01;35:*.mpeg=01;35:*.m2v=01;35:*.mkv=01;35:*.webm=01;35:*.ogm=01;35:*.mp4=01;35:*.m4v=01;35:*.mp4v=01;35:*.vob=01;35:*.qt=01;35:*.nuv=01;35:*.wmv=01;35:*.asf=01;35:*.rm=01;35:*.rmvb=01;35:*.flc=01;35:*.avi=01;35:*.fli=01;35:*.flv=01;35:*.gl=01;35:*.dl=01;35:*.xcf=01;35:*.xwd=01;35:*.yuv=01;35:*.cgm=01;35:*.emf=01;35:*.axv=01;35:*.anx=01;35:*.ogv=01;35:*.ogx=01;35:*.aac=00;36:*.au=00;36:*.flac=00;36:*.mid=00;36:*.midi=00;36:*.mka=00;36:*.mp3=00;36:*.mpc=00;36:*.ogg=00;36:*.ra=00;36:*.wav=00;36:*.axa=00;36:*.oga=00;36:*.spx=00;36:*.xspf=00;36:'}
[roslaunch][INFO] 2020-11-01 22:47:30,843: starting in server mode
[roslaunch.parent][INFO] 2020-11-01 22:47:30,843: starting roslaunch parent run
[roslaunch][INFO] 2020-11-01 22:47:30,843: loading roscore config file /opt/ros/indigo/etc/ros/roscore.xml
[roslaunch][INFO] 2020-11-01 22:47:30,910: Added core node of type [rosout/rosout] in namespace [/]
[roslaunch.config][INFO] 2020-11-01 22:47:30,911: loading config file /home/fetch/catkin_ws/src/robot_local_control/launch/robot_local_control.launch
[roslaunch][INFO] 2020-11-01 22:47:30,911: Added node of type [robot_local_control/local_control_navigation] in namespace [/]
[roslaunch][INFO] 2020-11-01 22:47:30,911: Added node of type [robot_local_control/local_control_initialpose] in namespace [/]
[roslaunch][INFO] 2020-11-01 22:47:30,912: Added node of type [robot_local_control/robot_pose_publisher] in namespace [/]
[roslaunch][INFO] 2020-11-01 22:47:30,912: Added node of type [robot_local_control/patrolling.py] in namespace [/]
[roslaunch][INFO] 2020-11-01 22:47:30,912: ... selected machine [] for node of type [robot_local_control/local_control_navigation]
[roslaunch][INFO] 2020-11-01 22:47:30,912: ... selected machine [] for node of type [robot_local_control/local_control_initialpose]
[roslaunch][INFO] 2020-11-01 22:47:30,912: ... selected machine [] for node of type [robot_local_control/robot_pose_publisher]
[roslaunch][INFO] 2020-11-01 22:47:30,912: ... selected machine [] for node of type [robot_local_control/patrolling.py]
[roslaunch.pmon][INFO] 2020-11-01 22:47:30,912: start_process_monitor: creating ProcessMonitor
[roslaunch.pmon][INFO] 2020-11-01 22:47:30,913: created process monitor <ProcessMonitor(ProcessMonitor-1, initial daemon)>
[roslaunch.pmon][INFO] 2020-11-01 22:47:30,913: start_process_monitor: ProcessMonitor started
[roslaunch.parent][INFO] 2020-11-01 22:47:30,913: starting parent XML-RPC server
[roslaunch.server][INFO] 2020-11-01 22:47:30,913: starting roslaunch XML-RPC server
[roslaunch.server][INFO] 2020-11-01 22:47:30,913: waiting for roslaunch XML-RPC server to initialize
[xmlrpc][INFO] 2020-11-01 22:47:30,913: XML-RPC server binding to 0.0.0.0:0
[xmlrpc][INFO] 2020-11-01 22:47:30,913: Started XML-RPC server [http://freight1207:38100/]
[xmlrpc][INFO] 2020-11-01 22:47:30,914: xml rpc node: starting XML-RPC server
[roslaunch][INFO] 2020-11-01 22:47:30,924: started roslaunch server http://freight1207:38100/
[roslaunch.parent][INFO] 2020-11-01 22:47:30,925: ... parent XML-RPC server started
[roslaunch][INFO] 2020-11-01 22:47:30,925: master.is_running[http://localhost:11311]
[roslaunch][INFO] 2020-11-01 22:47:30,926: master.is_running[http://localhost:11311]
[roslaunch][INFO] 2020-11-01 22:47:30,926: ROS_MASTER_URI=http://localhost:11311
[roslaunch][INFO] 2020-11-01 22:47:30,928: setting /roslaunch/uris/host_freight1207__38100' to http://freight1207:38100/
[roslaunch][INFO] 2020-11-01 22:47:30,929: load_parameters starting ...
[roslaunch][INFO] 2020-11-01 22:47:30,931: ... load_parameters complete
[roslaunch][INFO] 2020-11-01 22:47:30,931: launch_nodes: launching local nodes ...
[roslaunch][INFO] 2020-11-01 22:47:30,931: ... preparing to launch node of type [robot_local_control/local_control_navigation]
[roslaunch][INFO] 2020-11-01 22:47:30,931: create_node_process: package[robot_local_control] type[local_control_navigation] machine[Machine(name[] env_loader[None] address[localhost] ssh_port[22] user[None] assignable[True] timeout[10.0])] master_uri[http://localhost:11311]
[roslaunch][INFO] 2020-11-01 22:47:30,931: process[local_control_navigation-1]: env[{'ROS_DISTRO': 'indigo', 'NVM_CD_FLAGS': '', 'LESSOPEN': '| /usr/bin/lesspipe %s', 'SSH_CLIENT': '172.22.77.105 58289 22', 'CPATH': '/home/fetch/catkin_ws/devel/include:/opt/ros/indigo/include', 'LOGNAME': 'fetch', 'USER': 'fetch', 'NVM_DIR': '/home/fetch/.nvm', 'HOME': '/home/fetch', 'PATH': '/home/fetch/.nvm/versions/node/v10.15.3/bin:/opt/ros/indigo/bin:/usr/local/sbin:/usr/local/bin:/usr/sbin:/usr/bin:/sbin:/bin:/usr/games:/usr/local/games', 'VIRTUALENVWRAPPER_SCRIPT': '/usr/share/virtualenvwrapper/virtualenvwrapper.sh', 'ROS_LOG_FILENAME': '/home/fetch/.ros/log/c2087010-1cd3-11eb-8add-000babe55698/roslaunch-freight1207-11086.log', 'LANG': 'en_US.UTF-8', 'TERM': 'xterm-256color', 'SHELL': '/bin/bash', 'SHLVL': '1', 'QT_QPA_PLATFORMTHEME': 'appmenu-qt5', 'DISPLAY': 'localhost:10.0', 'NVM_BIN': '/home/fetch/.nvm/versions/node/v10.15.3/bin', '_VIRTUALENVWRAPPER_API': ' mkvirtualenv rmvirtualenv lsvirtualenv showvirtualenv workon add2virtualenv cdsitepackages cdvirtualenv lssitepackages toggleglobalsitepackages cpvirtualenv setvirtualenvproject mkproject cdproject mktmpenv mkvirtualenv rmvirtualenv lsvirtualenv showvirtualenv workon add2virtualenv cdsitepackages cdvirtualenv lssitepackages toggleglobalsitepackages cpvirtualenv setvirtualenvproject mkproject cdproject mktmpenv', 'CMAKE_PREFIX_PATH': '/home/fetch/catkin_ws/devel:/opt/ros/indigo', 'XDG_RUNTIME_DIR': '/run/user/1000', 'PYTHONPATH': '/home/fetch/catkin_ws/devel/lib/python2.7/dist-packages:/opt/ros/indigo/lib/python2.7/dist-packages', 'ROS_ROOT': '/opt/ros/indigo/share/ros', 'PKG_CONFIG_PATH': '/home/fetch/catkin_ws/devel/lib/pkgconfig:/opt/ros/indigo/lib/pkgconfig', 'ROS_PACKAGE_PATH': '/home/fetch/catkin_ws/src:/opt/ros/indigo/share:/opt/ros/indigo/stacks', 'XDG_SESSION_ID': '1', '_': '/opt/ros/indigo/bin/roslaunch', 'LD_LIBRARY_PATH': '/home/fetch/catkin_ws/devel/lib:/opt/ros/indigo/lib', 'LS_COLORS': 'rs=0:di=01;34:ln=01;36:mh=00:pi=40;33:so=01;35:do=01;35:bd=40;33;01:cd=40;33;01:or=40;31;01:su=37;41:sg=30;43:ca=30;41:tw=30;42:ow=34;42:st=37;44:ex=01;32:*.tar=01;31:*.tgz=01;31:*.arj=01;31:*.taz=01;31:*.lzh=01;31:*.lzma=01;31:*.tlz=01;31:*.txz=01;31:*.zip=01;31:*.z=01;31:*.Z=01;31:*.dz=01;31:*.gz=01;31:*.lz=01;31:*.xz=01;31:*.bz2=01;31:*.bz=01;31:*.tbz=01;31:*.tbz2=01;31:*.tz=01;31:*.deb=01;31:*.rpm=01;31:*.jar=01;31:*.war=01;31:*.ear=01;31:*.sar=01;31:*.rar=01;31:*.ace=01;31:*.zoo=01;31:*.cpio=01;31:*.7z=01;31:*.rz=01;31:*.jpg=01;35:*.jpeg=01;35:*.gif=01;35:*.bmp=01;35:*.pbm=01;35:*.pgm=01;35:*.ppm=01;35:*.tga=01;35:*.xbm=01;35:*.xpm=01;35:*.tif=01;35:*.tiff=01;35:*.png=01;35:*.svg=01;35:*.svgz=01;35:*.mng=01;35:*.pcx=01;35:*.mov=01;35:*.mpg=01;35:*.mpeg=01;35:*.m2v=01;35:*.mkv=01;35:*.webm=01;35:*.ogm=01;35:*.mp4=01;35:*.m4v=01;35:*.mp4v=01;35:*.vob=01;35:*.qt=01;35:*.nuv=01;35:*.wmv=01;35:*.asf=01;35:*.rm=01;35:*.rmvb=01;35:*.flc=01;35:*.avi=01;35:*.fli=01;35:*.flv=01;35:*.gl=01;35:*.dl=01;35:*.xcf=01;35:*.xwd=01;35:*.yuv=01;35:*.cgm=01;35:*.emf=01;35:*.axv=01;35:*.anx=01;35:*.ogv=01;35:*.ogx=01;35:*.aac=00;36:*.au=00;36:*.flac=00;36:*.mid=00;36:*.midi=00;36:*.mka=00;36:*.mp3=00;36:*.mpc=00;36:*.ogg=00;36:*.ra=00;36:*.wav=00;36:*.axa=00;36:*.oga=00;36:*.spx=00;36:*.xspf=00;36:', 'LESSCLOSE': '/usr/bin/lesspipe %s %s', 'SSH_TTY': '/dev/pts/1', 'OLDPWD': '/home/fetch/catkin_ws/src/robot_local_control', 'PWD': '/home/fetch/catkin_ws/src/robot_local_control/launch', 'ROS_ETC_DIR': '/opt/ros/indigo/etc/ros', 'ROS_MASTER_URI': 'http://localhost:11311', 'MAIL': '/var/mail/fetch', 'SSH_CONNECTION': '172.22.77.105 58289 172.22.77.172 22'}]
[roslaunch][INFO] 2020-11-01 22:47:30,962: process[local_control_navigation-1]: args[[u'/home/fetch/catkin_ws/devel/lib/robot_local_control/local_control_navigation', u'__name:=local_control_navigation']]
[roslaunch][INFO] 2020-11-01 22:47:30,962: ... created process [local_control_navigation-1]
[roslaunch.pmon][INFO] 2020-11-01 22:47:30,963: ProcessMonitor.register[local_control_navigation-1]
[roslaunch.pmon][INFO] 2020-11-01 22:47:30,963: ProcessMonitor.register[local_control_navigation-1] complete
[roslaunch][INFO] 2020-11-01 22:47:30,963: ... registered process [local_control_navigation-1]
[roslaunch][INFO] 2020-11-01 22:47:30,963: process[local_control_navigation-1]: starting os process
[roslaunch][INFO] 2020-11-01 22:47:30,963: process[local_control_navigation-1]: start w/ args [[u'/home/fetch/catkin_ws/devel/lib/robot_local_control/local_control_navigation', u'__name:=local_control_navigation', u'__log:=/home/fetch/.ros/log/c2087010-1cd3-11eb-8add-000babe55698/local_control_navigation-1.log']]
[roslaunch][INFO] 2020-11-01 22:47:30,963: process[local_control_navigation-1]: cwd will be [/home/fetch/.ros]
[roslaunch][INFO] 2020-11-01 22:47:30,965: process[local_control_navigation-1]: started with pid [11104]
[roslaunch][INFO] 2020-11-01 22:47:30,965: ... successfully launched [local_control_navigation-1]
[roslaunch][INFO] 2020-11-01 22:47:30,965: ... preparing to launch node of type [robot_local_control/local_control_initialpose]
[roslaunch][INFO] 2020-11-01 22:47:30,965: create_node_process: package[robot_local_control] type[local_control_initialpose] machine[Machine(name[] env_loader[None] address[localhost] ssh_port[22] user[None] assignable[True] timeout[10.0])] master_uri[http://localhost:11311]
[roslaunch][INFO] 2020-11-01 22:47:30,965: process[local_control_initialpose-2]: env[{'ROS_DISTRO': 'indigo', 'NVM_CD_FLAGS': '', 'LESSOPEN': '| /usr/bin/lesspipe %s', 'SSH_CLIENT': '172.22.77.105 58289 22', 'CPATH': '/home/fetch/catkin_ws/devel/include:/opt/ros/indigo/include', 'LOGNAME': 'fetch', 'USER': 'fetch', 'NVM_DIR': '/home/fetch/.nvm', 'HOME': '/home/fetch', 'PATH': '/home/fetch/.nvm/versions/node/v10.15.3/bin:/opt/ros/indigo/bin:/usr/local/sbin:/usr/local/bin:/usr/sbin:/usr/bin:/sbin:/bin:/usr/games:/usr/local/games', 'VIRTUALENVWRAPPER_SCRIPT': '/usr/share/virtualenvwrapper/virtualenvwrapper.sh', 'ROS_LOG_FILENAME': '/home/fetch/.ros/log/c2087010-1cd3-11eb-8add-000babe55698/roslaunch-freight1207-11086.log', 'LANG': 'en_US.UTF-8', 'TERM': 'xterm-256color', 'SHELL': '/bin/bash', 'SHLVL': '1', 'QT_QPA_PLATFORMTHEME': 'appmenu-qt5', 'DISPLAY': 'localhost:10.0', 'NVM_BIN': '/home/fetch/.nvm/versions/node/v10.15.3/bin', '_VIRTUALENVWRAPPER_API': ' mkvirtualenv rmvirtualenv lsvirtualenv showvirtualenv workon add2virtualenv cdsitepackages cdvirtualenv lssitepackages toggleglobalsitepackages cpvirtualenv setvirtualenvproject mkproject cdproject mktmpenv mkvirtualenv rmvirtualenv lsvirtualenv showvirtualenv workon add2virtualenv cdsitepackages cdvirtualenv lssitepackages toggleglobalsitepackages cpvirtualenv setvirtualenvproject mkproject cdproject mktmpenv', 'CMAKE_PREFIX_PATH': '/home/fetch/catkin_ws/devel:/opt/ros/indigo', 'XDG_RUNTIME_DIR': '/run/user/1000', 'PYTHONPATH': '/home/fetch/catkin_ws/devel/lib/python2.7/dist-packages:/opt/ros/indigo/lib/python2.7/dist-packages', 'ROS_ROOT': '/opt/ros/indigo/share/ros', 'PKG_CONFIG_PATH': '/home/fetch/catkin_ws/devel/lib/pkgconfig:/opt/ros/indigo/lib/pkgconfig', 'ROS_PACKAGE_PATH': '/home/fetch/catkin_ws/src:/opt/ros/indigo/share:/opt/ros/indigo/stacks', 'XDG_SESSION_ID': '1', '_': '/opt/ros/indigo/bin/roslaunch', 'LD_LIBRARY_PATH': '/home/fetch/catkin_ws/devel/lib:/opt/ros/indigo/lib', 'LS_COLORS': 'rs=0:di=01;34:ln=01;36:mh=00:pi=40;33:so=01;35:do=01;35:bd=40;33;01:cd=40;33;01:or=40;31;01:su=37;41:sg=30;43:ca=30;41:tw=30;42:ow=34;42:st=37;44:ex=01;32:*.tar=01;31:*.tgz=01;31:*.arj=01;31:*.taz=01;31:*.lzh=01;31:*.lzma=01;31:*.tlz=01;31:*.txz=01;31:*.zip=01;31:*.z=01;31:*.Z=01;31:*.dz=01;31:*.gz=01;31:*.lz=01;31:*.xz=01;31:*.bz2=01;31:*.bz=01;31:*.tbz=01;31:*.tbz2=01;31:*.tz=01;31:*.deb=01;31:*.rpm=01;31:*.jar=01;31:*.war=01;31:*.ear=01;31:*.sar=01;31:*.rar=01;31:*.ace=01;31:*.zoo=01;31:*.cpio=01;31:*.7z=01;31:*.rz=01;31:*.jpg=01;35:*.jpeg=01;35:*.gif=01;35:*.bmp=01;35:*.pbm=01;35:*.pgm=01;35:*.ppm=01;35:*.tga=01;35:*.xbm=01;35:*.xpm=01;35:*.tif=01;35:*.tiff=01;35:*.png=01;35:*.svg=01;35:*.svgz=01;35:*.mng=01;35:*.pcx=01;35:*.mov=01;35:*.mpg=01;35:*.mpeg=01;35:*.m2v=01;35:*.mkv=01;35:*.webm=01;35:*.ogm=01;35:*.mp4=01;35:*.m4v=01;35:*.mp4v=01;35:*.vob=01;35:*.qt=01;35:*.nuv=01;35:*.wmv=01;35:*.asf=01;35:*.rm=01;35:*.rmvb=01;35:*.flc=01;35:*.avi=01;35:*.fli=01;35:*.flv=01;35:*.gl=01;35:*.dl=01;35:*.xcf=01;35:*.xwd=01;35:*.yuv=01;35:*.cgm=01;35:*.emf=01;35:*.axv=01;35:*.anx=01;35:*.ogv=01;35:*.ogx=01;35:*.aac=00;36:*.au=00;36:*.flac=00;36:*.mid=00;36:*.midi=00;36:*.mka=00;36:*.mp3=00;36:*.mpc=00;36:*.ogg=00;36:*.ra=00;36:*.wav=00;36:*.axa=00;36:*.oga=00;36:*.spx=00;36:*.xspf=00;36:', 'LESSCLOSE': '/usr/bin/lesspipe %s %s', 'SSH_TTY': '/dev/pts/1', 'OLDPWD': '/home/fetch/catkin_ws/src/robot_local_control', 'PWD': '/home/fetch/catkin_ws/src/robot_local_control/launch', 'ROS_ETC_DIR': '/opt/ros/indigo/etc/ros', 'ROS_MASTER_URI': 'http://localhost:11311', 'MAIL': '/var/mail/fetch', 'SSH_CONNECTION': '172.22.77.105 58289 172.22.77.172 22'}]
[roslaunch][INFO] 2020-11-01 22:47:30,966: process[local_control_initialpose-2]: args[[u'/home/fetch/catkin_ws/devel/lib/robot_local_control/local_control_initialpose', u'__name:=local_control_initialpose']]
[roslaunch][INFO] 2020-11-01 22:47:30,966: ... created process [local_control_initialpose-2]
[roslaunch.pmon][INFO] 2020-11-01 22:47:30,966: ProcessMonitor.register[local_control_initialpose-2]
[roslaunch.pmon][INFO] 2020-11-01 22:47:30,966: ProcessMonitor.register[local_control_initialpose-2] complete
[roslaunch][INFO] 2020-11-01 22:47:30,966: ... registered process [local_control_initialpose-2]
[roslaunch][INFO] 2020-11-01 22:47:30,966: process[local_control_initialpose-2]: starting os process
[roslaunch][INFO] 2020-11-01 22:47:30,966: process[local_control_initialpose-2]: start w/ args [[u'/home/fetch/catkin_ws/devel/lib/robot_local_control/local_control_initialpose', u'__name:=local_control_initialpose', u'__log:=/home/fetch/.ros/log/c2087010-1cd3-11eb-8add-000babe55698/local_control_initialpose-2.log']]
[roslaunch][INFO] 2020-11-01 22:47:30,966: process[local_control_initialpose-2]: cwd will be [/home/fetch/.ros]
[roslaunch][INFO] 2020-11-01 22:47:30,968: process[local_control_initialpose-2]: started with pid [11105]
[roslaunch][INFO] 2020-11-01 22:47:30,969: ... successfully launched [local_control_initialpose-2]
[roslaunch][INFO] 2020-11-01 22:47:30,969: ... preparing to launch node of type [robot_local_control/robot_pose_publisher]
[roslaunch][INFO] 2020-11-01 22:47:30,969: create_node_process: package[robot_local_control] type[robot_pose_publisher] machine[Machine(name[] env_loader[None] address[localhost] ssh_port[22] user[None] assignable[True] timeout[10.0])] master_uri[http://localhost:11311]
[roslaunch][INFO] 2020-11-01 22:47:30,969: process[robot_pose_publisher-3]: env[{'ROS_DISTRO': 'indigo', 'NVM_CD_FLAGS': '', 'LESSOPEN': '| /usr/bin/lesspipe %s', 'SSH_CLIENT': '172.22.77.105 58289 22', 'CPATH': '/home/fetch/catkin_ws/devel/include:/opt/ros/indigo/include', 'LOGNAME': 'fetch', 'USER': 'fetch', 'NVM_DIR': '/home/fetch/.nvm', 'HOME': '/home/fetch', 'PATH': '/home/fetch/.nvm/versions/node/v10.15.3/bin:/opt/ros/indigo/bin:/usr/local/sbin:/usr/local/bin:/usr/sbin:/usr/bin:/sbin:/bin:/usr/games:/usr/local/games', 'VIRTUALENVWRAPPER_SCRIPT': '/usr/share/virtualenvwrapper/virtualenvwrapper.sh', 'ROS_LOG_FILENAME': '/home/fetch/.ros/log/c2087010-1cd3-11eb-8add-000babe55698/roslaunch-freight1207-11086.log', 'LANG': 'en_US.UTF-8', 'TERM': 'xterm-256color', 'SHELL': '/bin/bash', 'SHLVL': '1', 'QT_QPA_PLATFORMTHEME': 'appmenu-qt5', 'DISPLAY': 'localhost:10.0', 'NVM_BIN': '/home/fetch/.nvm/versions/node/v10.15.3/bin', '_VIRTUALENVWRAPPER_API': ' mkvirtualenv rmvirtualenv lsvirtualenv showvirtualenv workon add2virtualenv cdsitepackages cdvirtualenv lssitepackages toggleglobalsitepackages cpvirtualenv setvirtualenvproject mkproject cdproject mktmpenv mkvirtualenv rmvirtualenv lsvirtualenv showvirtualenv workon add2virtualenv cdsitepackages cdvirtualenv lssitepackages toggleglobalsitepackages cpvirtualenv setvirtualenvproject mkproject cdproject mktmpenv', 'CMAKE_PREFIX_PATH': '/home/fetch/catkin_ws/devel:/opt/ros/indigo', 'XDG_RUNTIME_DIR': '/run/user/1000', 'PYTHONPATH': '/home/fetch/catkin_ws/devel/lib/python2.7/dist-packages:/opt/ros/indigo/lib/python2.7/dist-packages', 'ROS_ROOT': '/opt/ros/indigo/share/ros', 'PKG_CONFIG_PATH': '/home/fetch/catkin_ws/devel/lib/pkgconfig:/opt/ros/indigo/lib/pkgconfig', 'ROS_PACKAGE_PATH': '/home/fetch/catkin_ws/src:/opt/ros/indigo/share:/opt/ros/indigo/stacks', 'XDG_SESSION_ID': '1', '_': '/opt/ros/indigo/bin/roslaunch', 'LD_LIBRARY_PATH': '/home/fetch/catkin_ws/devel/lib:/opt/ros/indigo/lib', 'LS_COLORS': 'rs=0:di=01;34:ln=01;36:mh=00:pi=40;33:so=01;35:do=01;35:bd=40;33;01:cd=40;33;01:or=40;31;01:su=37;41:sg=30;43:ca=30;41:tw=30;42:ow=34;42:st=37;44:ex=01;32:*.tar=01;31:*.tgz=01;31:*.arj=01;31:*.taz=01;31:*.lzh=01;31:*.lzma=01;31:*.tlz=01;31:*.txz=01;31:*.zip=01;31:*.z=01;31:*.Z=01;31:*.dz=01;31:*.gz=01;31:*.lz=01;31:*.xz=01;31:*.bz2=01;31:*.bz=01;31:*.tbz=01;31:*.tbz2=01;31:*.tz=01;31:*.deb=01;31:*.rpm=01;31:*.jar=01;31:*.war=01;31:*.ear=01;31:*.sar=01;31:*.rar=01;31:*.ace=01;31:*.zoo=01;31:*.cpio=01;31:*.7z=01;31:*.rz=01;31:*.jpg=01;35:*.jpeg=01;35:*.gif=01;35:*.bmp=01;35:*.pbm=01;35:*.pgm=01;35:*.ppm=01;35:*.tga=01;35:*.xbm=01;35:*.xpm=01;35:*.tif=01;35:*.tiff=01;35:*.png=01;35:*.svg=01;35:*.svgz=01;35:*.mng=01;35:*.pcx=01;35:*.mov=01;35:*.mpg=01;35:*.mpeg=01;35:*.m2v=01;35:*.mkv=01;35:*.webm=01;35:*.ogm=01;35:*.mp4=01;35:*.m4v=01;35:*.mp4v=01;35:*.vob=01;35:*.qt=01;35:*.nuv=01;35:*.wmv=01;35:*.asf=01;35:*.rm=01;35:*.rmvb=01;35:*.flc=01;35:*.avi=01;35:*.fli=01;35:*.flv=01;35:*.gl=01;35:*.dl=01;35:*.xcf=01;35:*.xwd=01;35:*.yuv=01;35:*.cgm=01;35:*.emf=01;35:*.axv=01;35:*.anx=01;35:*.ogv=01;35:*.ogx=01;35:*.aac=00;36:*.au=00;36:*.flac=00;36:*.mid=00;36:*.midi=00;36:*.mka=00;36:*.mp3=00;36:*.mpc=00;36:*.ogg=00;36:*.ra=00;36:*.wav=00;36:*.axa=00;36:*.oga=00;36:*.spx=00;36:*.xspf=00;36:', 'LESSCLOSE': '/usr/bin/lesspipe %s %s', 'SSH_TTY': '/dev/pts/1', 'OLDPWD': '/home/fetch/catkin_ws/src/robot_local_control', 'PWD': '/home/fetch/catkin_ws/src/robot_local_control/launch', 'ROS_ETC_DIR': '/opt/ros/indigo/etc/ros', 'ROS_MASTER_URI': 'http://localhost:11311', 'MAIL': '/var/mail/fetch', 'SSH_CONNECTION': '172.22.77.105 58289 172.22.77.172 22'}]
[roslaunch][INFO] 2020-11-01 22:47:30,970: process[robot_pose_publisher-3]: args[[u'/home/fetch/catkin_ws/devel/lib/robot_local_control/robot_pose_publisher', u'__name:=robot_pose_publisher']]
[roslaunch][INFO] 2020-11-01 22:47:30,970: ... created process [robot_pose_publisher-3]
[roslaunch.pmon][INFO] 2020-11-01 22:47:30,970: ProcessMonitor.register[robot_pose_publisher-3]
[roslaunch.pmon][INFO] 2020-11-01 22:47:30,970: ProcessMonitor.register[robot_pose_publisher-3] complete
[roslaunch][INFO] 2020-11-01 22:47:30,970: ... registered process [robot_pose_publisher-3]
[roslaunch][INFO] 2020-11-01 22:47:30,970: process[robot_pose_publisher-3]: starting os process
[roslaunch][INFO] 2020-11-01 22:47:30,970: process[robot_pose_publisher-3]: start w/ args [[u'/home/fetch/catkin_ws/devel/lib/robot_local_control/robot_pose_publisher', u'__name:=robot_pose_publisher', u'__log:=/home/fetch/.ros/log/c2087010-1cd3-11eb-8add-000babe55698/robot_pose_publisher-3.log']]
[roslaunch][INFO] 2020-11-01 22:47:30,970: process[robot_pose_publisher-3]: cwd will be [/home/fetch/.ros]
[roslaunch][INFO] 2020-11-01 22:47:30,972: process[robot_pose_publisher-3]: started with pid [11107]
[roslaunch][INFO] 2020-11-01 22:47:30,972: ... successfully launched [robot_pose_publisher-3]
[roslaunch][INFO] 2020-11-01 22:47:30,972: ... preparing to launch node of type [robot_local_control/patrolling.py]
[roslaunch][INFO] 2020-11-01 22:47:30,972: create_node_process: package[robot_local_control] type[patrolling.py] machine[Machine(name[] env_loader[None] address[localhost] ssh_port[22] user[None] assignable[True] timeout[10.0])] master_uri[http://localhost:11311]
[roslaunch][INFO] 2020-11-01 22:47:30,972: process[patrolling-4]: env[{'ROS_DISTRO': 'indigo', 'NVM_CD_FLAGS': '', 'LESSOPEN': '| /usr/bin/lesspipe %s', 'SSH_CLIENT': '172.22.77.105 58289 22', 'CPATH': '/home/fetch/catkin_ws/devel/include:/opt/ros/indigo/include', 'LOGNAME': 'fetch', 'USER': 'fetch', 'NVM_DIR': '/home/fetch/.nvm', 'HOME': '/home/fetch', 'PATH': '/home/fetch/.nvm/versions/node/v10.15.3/bin:/opt/ros/indigo/bin:/usr/local/sbin:/usr/local/bin:/usr/sbin:/usr/bin:/sbin:/bin:/usr/games:/usr/local/games', 'VIRTUALENVWRAPPER_SCRIPT': '/usr/share/virtualenvwrapper/virtualenvwrapper.sh', 'ROS_LOG_FILENAME': '/home/fetch/.ros/log/c2087010-1cd3-11eb-8add-000babe55698/roslaunch-freight1207-11086.log', 'LANG': 'en_US.UTF-8', 'TERM': 'xterm-256color', 'SHELL': '/bin/bash', 'SHLVL': '1', 'QT_QPA_PLATFORMTHEME': 'appmenu-qt5', 'DISPLAY': 'localhost:10.0', 'NVM_BIN': '/home/fetch/.nvm/versions/node/v10.15.3/bin', '_VIRTUALENVWRAPPER_API': ' mkvirtualenv rmvirtualenv lsvirtualenv showvirtualenv workon add2virtualenv cdsitepackages cdvirtualenv lssitepackages toggleglobalsitepackages cpvirtualenv setvirtualenvproject mkproject cdproject mktmpenv mkvirtualenv rmvirtualenv lsvirtualenv showvirtualenv workon add2virtualenv cdsitepackages cdvirtualenv lssitepackages toggleglobalsitepackages cpvirtualenv setvirtualenvproject mkproject cdproject mktmpenv', 'CMAKE_PREFIX_PATH': '/home/fetch/catkin_ws/devel:/opt/ros/indigo', 'XDG_RUNTIME_DIR': '/run/user/1000', 'PYTHONPATH': '/home/fetch/catkin_ws/devel/lib/python2.7/dist-packages:/opt/ros/indigo/lib/python2.7/dist-packages', 'ROS_ROOT': '/opt/ros/indigo/share/ros', 'PKG_CONFIG_PATH': '/home/fetch/catkin_ws/devel/lib/pkgconfig:/opt/ros/indigo/lib/pkgconfig', 'ROS_PACKAGE_PATH': '/home/fetch/catkin_ws/src:/opt/ros/indigo/share:/opt/ros/indigo/stacks', 'XDG_SESSION_ID': '1', '_': '/opt/ros/indigo/bin/roslaunch', 'LD_LIBRARY_PATH': '/home/fetch/catkin_ws/devel/lib:/opt/ros/indigo/lib', 'LS_COLORS': 'rs=0:di=01;34:ln=01;36:mh=00:pi=40;33:so=01;35:do=01;35:bd=40;33;01:cd=40;33;01:or=40;31;01:su=37;41:sg=30;43:ca=30;41:tw=30;42:ow=34;42:st=37;44:ex=01;32:*.tar=01;31:*.tgz=01;31:*.arj=01;31:*.taz=01;31:*.lzh=01;31:*.lzma=01;31:*.tlz=01;31:*.txz=01;31:*.zip=01;31:*.z=01;31:*.Z=01;31:*.dz=01;31:*.gz=01;31:*.lz=01;31:*.xz=01;31:*.bz2=01;31:*.bz=01;31:*.tbz=01;31:*.tbz2=01;31:*.tz=01;31:*.deb=01;31:*.rpm=01;31:*.jar=01;31:*.war=01;31:*.ear=01;31:*.sar=01;31:*.rar=01;31:*.ace=01;31:*.zoo=01;31:*.cpio=01;31:*.7z=01;31:*.rz=01;31:*.jpg=01;35:*.jpeg=01;35:*.gif=01;35:*.bmp=01;35:*.pbm=01;35:*.pgm=01;35:*.ppm=01;35:*.tga=01;35:*.xbm=01;35:*.xpm=01;35:*.tif=01;35:*.tiff=01;35:*.png=01;35:*.svg=01;35:*.svgz=01;35:*.mng=01;35:*.pcx=01;35:*.mov=01;35:*.mpg=01;35:*.mpeg=01;35:*.m2v=01;35:*.mkv=01;35:*.webm=01;35:*.ogm=01;35:*.mp4=01;35:*.m4v=01;35:*.mp4v=01;35:*.vob=01;35:*.qt=01;35:*.nuv=01;35:*.wmv=01;35:*.asf=01;35:*.rm=01;35:*.rmvb=01;35:*.flc=01;35:*.avi=01;35:*.fli=01;35:*.flv=01;35:*.gl=01;35:*.dl=01;35:*.xcf=01;35:*.xwd=01;35:*.yuv=01;35:*.cgm=01;35:*.emf=01;35:*.axv=01;35:*.anx=01;35:*.ogv=01;35:*.ogx=01;35:*.aac=00;36:*.au=00;36:*.flac=00;36:*.mid=00;36:*.midi=00;36:*.mka=00;36:*.mp3=00;36:*.mpc=00;36:*.ogg=00;36:*.ra=00;36:*.wav=00;36:*.axa=00;36:*.oga=00;36:*.spx=00;36:*.xspf=00;36:', 'LESSCLOSE': '/usr/bin/lesspipe %s %s', 'SSH_TTY': '/dev/pts/1', 'OLDPWD': '/home/fetch/catkin_ws/src/robot_local_control', 'PWD': '/home/fetch/catkin_ws/src/robot_local_control/launch', 'ROS_ETC_DIR': '/opt/ros/indigo/etc/ros', 'ROS_MASTER_URI': 'http://localhost:11311', 'MAIL': '/var/mail/fetch', 'SSH_CONNECTION': '172.22.77.105 58289 172.22.77.172 22'}]
[roslaunch][ERROR] 2020-11-01 22:47:30,973: can't locate node [patrolling.py] in package [robot_local_control]
[roslaunch][ERROR] 2020-11-01 22:47:30,973: ERROR: cannot launch node of type [robot_local_control/patrolling.py]: can't locate node [patrolling.py] in package [robot_local_control]
[roslaunch][INFO] 2020-11-01 22:47:30,973: ... launch_nodes complete
[roslaunch.pmon][INFO] 2020-11-01 22:47:30,973: registrations completed <ProcessMonitor(ProcessMonitor-1, started daemon 140400557815552)>
[roslaunch.parent][INFO] 2020-11-01 22:47:30,973: ... roslaunch parent running, waiting for process exit
[roslaunch][INFO] 2020-11-01 22:47:30,973: spin
[roslaunch.pmon][INFO] 2020-11-01 22:47:43,380: ProcessMonitor.shutdown <ProcessMonitor(ProcessMonitor-1, started daemon 140400557815552)>
[roslaunch.pmon][INFO] 2020-11-01 22:47:43,434: ProcessMonitor._post_run <ProcessMonitor(ProcessMonitor-1, started daemon 140400557815552)>
[roslaunch.pmon][INFO] 2020-11-01 22:47:43,435: ProcessMonitor._post_run <ProcessMonitor(ProcessMonitor-1, started daemon 140400557815552)>: remaining procs are [<roslaunch.nodeprocess.LocalProcess object at 0x7fb18cdbf650>, <roslaunch.nodeprocess.LocalProcess object at 0x7fb18cdbf590>, <roslaunch.nodeprocess.LocalProcess object at 0x7fb18cdbf610>]
[roslaunch.pmon][INFO] 2020-11-01 22:47:43,435: ProcessMonitor exit: killing robot_pose_publisher-3
[roslaunch][INFO] 2020-11-01 22:47:43,435: [robot_pose_publisher-3] killing on exit
[roslaunch.pmon][INFO] 2020-11-01 22:47:43,435: ProcessMonitor exit: killing local_control_initialpose-2
[roslaunch.pmon][INFO] 2020-11-01 22:47:43,435: ProcessMonitor exit: killing local_control_navigation-1
[roslaunch][INFO] 2020-11-01 22:47:43,435: [local_control_initialpose-2] killing on exit
[roslaunch][INFO] 2020-11-01 22:47:43,435: process[robot_pose_publisher-3]: killing os process with pid[11107] pgid[11107]
[roslaunch][INFO] 2020-11-01 22:47:43,436: [local_control_navigation-1] killing on exit
[roslaunch][INFO] 2020-11-01 22:47:43,436: process[local_control_initialpose-2]: killing os process with pid[11105] pgid[11105]
[roslaunch][INFO] 2020-11-01 22:47:43,436: [robot_pose_publisher-3] sending SIGINT to pgid [11107]
[roslaunch][INFO] 2020-11-01 22:47:43,436: [local_control_initialpose-2] sending SIGINT to pgid [11105]
[roslaunch][INFO] 2020-11-01 22:47:43,436: process[local_control_navigation-1]: killing os process with pid[11104] pgid[11104]
[roslaunch][INFO] 2020-11-01 22:47:43,436: [robot_pose_publisher-3] sent SIGINT to pgid [11107]
[roslaunch][INFO] 2020-11-01 22:47:43,436: [local_control_initialpose-2] sent SIGINT to pgid [11105]
[roslaunch][INFO] 2020-11-01 22:47:43,437: [local_control_navigation-1] sending SIGINT to pgid [11104]
[roslaunch][INFO] 2020-11-01 22:47:43,437: [local_control_navigation-1] sent SIGINT to pgid [11104]
[roslaunch][INFO] 2020-11-01 22:47:43,637: process[robot_pose_publisher-3]: SIGINT killed with return value 0
[roslaunch][INFO] 2020-11-01 22:47:43,637: process[local_control_initialpose-2]: SIGINT killed with return value 0
[roslaunch][INFO] 2020-11-01 22:47:43,737: process[local_control_navigation-1]: SIGINT killed with return value 0
[roslaunch.pmon][INFO] 2020-11-01 22:47:43,738: ProcessMonitor exit: cleaning up data structures and signals
[roslaunch.pmon][INFO] 2020-11-01 22:47:43,738: ProcessMonitor exit: pmon has shutdown
[roslaunch][INFO] 2020-11-01 22:47:43,744: process monitor is done spinning, initiating full shutdown
[roslaunch][INFO] 2020-11-01 22:47:43,744: runner.stop()
[roslaunch][INFO] 2020-11-01 22:47:43,744: shutting down processing monitor...
[roslaunch][INFO] 2020-11-01 22:47:43,744: shutting down processing monitor <ProcessMonitor(ProcessMonitor-1, stopped daemon 140400557815552)>
[roslaunch.pmon][INFO] 2020-11-01 22:47:43,744: ProcessMonitor.shutdown <ProcessMonitor(ProcessMonitor-1, stopped daemon 140400557815552)>
[roslaunch][INFO] 2020-11-01 22:47:43,744: ... shutting down processing monitor complete
[roslaunch][INFO] 2020-11-01 22:47:43,744: done
[roslaunch.pmon][INFO] 2020-11-01 22:47:43,744: ProcessMonitor.shutdown <ProcessMonitor(ProcessMonitor-1, stopped daemon 140400557815552)>
[rospy.core][INFO] 2020-11-01 22:47:43,744: signal_shutdown [atexit]
