[rospy.client][INFO] 2020-11-08 23:38:40,701: init_node, name[/rosbridge_websocket], pid[3306]
[xmlrpc][INFO] 2020-11-08 23:38:40,701: XML-RPC server binding to 0.0.0.0:0
[xmlrpc][INFO] 2020-11-08 23:38:40,701: Started XML-RPC server [http://freight1207:56912/]
[rospy.impl.masterslave][INFO] 2020-11-08 23:38:40,702: _ready: http://freight1207:56912/
[rospy.init][INFO] 2020-11-08 23:38:40,702: ROS Slave URI: [http://freight1207:56912/]
[xmlrpc][INFO] 2020-11-08 23:38:40,702: xml rpc node: starting XML-RPC server
[rospy.registration][INFO] 2020-11-08 23:38:40,702: Registering with master node http://localhost:11311
[rospy.init][INFO] 2020-11-08 23:38:40,802: registered with master
[rospy.rosout][INFO] 2020-11-08 23:38:40,802: initializing /rosout core topic
[rospy.rosout][INFO] 2020-11-08 23:38:40,804: connected to core topic /rosout
[rospy.simtime][INFO] 2020-11-08 23:38:40,805: /use_sim_time is not set, will not subscribe to simulated time [/clock] topic
[rosout][INFO] 2020-11-08 23:38:40,815: Rosbridge WebSocket server started on port 9090
[rospy.internal][INFO] 2020-11-08 23:38:41,006: topic[/rosout] adding connection to [/rosout], count 0
[rosout][INFO] 2020-11-08 23:38:49,803: Client connected.  1 clients total.
[rospy.internal][INFO] 2020-11-08 23:38:53,723: topic[/cmd_vel] adding connection to [/cmd_vel_mux], count 0
[rosout][INFO] 2020-11-08 23:39:07,569: Client disconnected. 0 clients total.
[rospy.internal][INFO] 2020-11-08 23:39:17,569: topic impl's ref count is zero, deleting topic /cmd_vel...
[rospy.internal][INFO] 2020-11-08 23:39:17,570: topic[/cmd_vel] removing connection to /cmd_vel_mux
[rosout][INFO] 2020-11-08 23:54:36,420: Client connected.  1 clients total.
[rospy.core][INFO] 2020-11-08 23:54:37,061: signal_shutdown [signal-2]
[rospy.internal][INFO] 2020-11-08 23:54:37,064: topic[/rosout] removing connection to /rosout
[rospy.impl.masterslave][INFO] 2020-11-08 23:54:37,064: signal-2
[rospy.core][INFO] 2020-11-08 23:54:37,228: signal_shutdown [atexit]
[rospy.client][INFO] 2020-11-08 23:55:18,139: init_node, name[/rosbridge_websocket], pid[3468]
[xmlrpc][INFO] 2020-11-08 23:55:18,139: XML-RPC server binding to 0.0.0.0:0
[xmlrpc][INFO] 2020-11-08 23:55:18,139: Started XML-RPC server [http://freight1207:46283/]
[rospy.init][INFO] 2020-11-08 23:55:18,139: ROS Slave URI: [http://freight1207:46283/]
[rospy.impl.masterslave][INFO] 2020-11-08 23:55:18,139: _ready: http://freight1207:46283/
[xmlrpc][INFO] 2020-11-08 23:55:18,140: xml rpc node: starting XML-RPC server
[rospy.registration][INFO] 2020-11-08 23:55:18,140: Registering with master node http://localhost:11311
[rospy.init][INFO] 2020-11-08 23:55:18,239: registered with master
[rospy.rosout][INFO] 2020-11-08 23:55:18,240: initializing /rosout core topic
[rospy.rosout][INFO] 2020-11-08 23:55:18,241: connected to core topic /rosout
[rospy.simtime][INFO] 2020-11-08 23:55:18,242: /use_sim_time is not set, will not subscribe to simulated time [/clock] topic
[rosout][INFO] 2020-11-08 23:55:18,253: Rosbridge WebSocket server started on port 9090
[rospy.internal][INFO] 2020-11-08 23:55:18,493: topic[/rosout] adding connection to [/rosout], count 0
[rosout][INFO] 2020-11-08 23:55:24,967: Client connected.  1 clients total.
[rospy.internal][INFO] 2020-11-08 23:55:29,008: topic[/cmd_vel] adding connection to [/cmd_vel_mux], count 0
[rosout][INFO] 2020-11-08 23:55:39,631: Client disconnected. 0 clients total.
[rospy.internal][INFO] 2020-11-08 23:55:49,631: topic impl's ref count is zero, deleting topic /cmd_vel...
[rospy.internal][INFO] 2020-11-08 23:55:49,632: topic[/cmd_vel] removing connection to /cmd_vel_mux
[rosout][INFO] 2020-11-09 00:06:20,143: Client connected.  1 clients total.
[rospy.internal][INFO] 2020-11-09 00:06:22,530: topic[/cmd_vel] adding connection to [/cmd_vel_mux], count 0
[rosout][INFO] 2020-11-09 00:06:24,879: Client disconnected. 0 clients total.
[rospy.internal][INFO] 2020-11-09 00:06:34,879: topic impl's ref count is zero, deleting topic /cmd_vel...
[rospy.internal][INFO] 2020-11-09 00:06:34,879: topic[/cmd_vel] removing connection to /cmd_vel_mux
[rosout][INFO] 2020-11-09 00:12:06,733: Client connected.  1 clients total.
[rosout][INFO] 2020-11-09 00:12:09,551: Client disconnected. 0 clients total.
[rosout][INFO] 2020-11-09 00:12:10,904: Client connected.  1 clients total.
[rospy.internal][INFO] 2020-11-09 00:12:23,233: topic[/cmd_vel] adding connection to [/cmd_vel_mux], count 0
[rosout][INFO] 2020-11-09 00:17:32,733: Client disconnected. 0 clients total.
[rospy.internal][INFO] 2020-11-09 00:17:42,733: topic impl's ref count is zero, deleting topic /cmd_vel...
[rospy.internal][INFO] 2020-11-09 00:17:42,733: topic[/cmd_vel] removing connection to /cmd_vel_mux
[rosout][INFO] 2020-11-09 00:21:27,234: Client connected.  1 clients total.
[rosout][INFO] 2020-11-09 00:21:28,308: Client disconnected. 0 clients total.
[rosout][INFO] 2020-11-09 00:25:33,232: Client connected.  1 clients total.
[rospy.internal][INFO] 2020-11-09 00:25:37,106: topic[/cmd_vel] adding connection to [/cmd_vel_mux], count 0
[rosout][INFO] 2020-11-09 00:27:13,723: Client disconnected. 0 clients total.
[rospy.internal][INFO] 2020-11-09 00:27:23,723: topic impl's ref count is zero, deleting topic /cmd_vel...
[rospy.internal][INFO] 2020-11-09 00:27:23,723: topic[/cmd_vel] removing connection to /cmd_vel_mux
[rosout][INFO] 2020-11-09 00:36:07,512: Client connected.  1 clients total.
[rosout][INFO] 2020-11-09 00:36:08,863: Client disconnected. 0 clients total.
[rosout][INFO] 2020-11-09 00:39:13,616: Client connected.  1 clients total.
[rosout][INFO] 2020-11-09 00:41:05,034: Client disconnected. 0 clients total.
[rosout][INFO] 2020-11-09 00:44:48,044: Client connected.  1 clients total.
[rospy.internal][INFO] 2020-11-09 00:44:54,070: topic[/cmd_vel] adding connection to [/cmd_vel_mux], count 0
[rosout][INFO] 2020-11-09 00:48:59,719: Client connected.  2 clients total.
[rosout][INFO] 2020-11-09 00:49:03,180: Client disconnected. 1 clients total.
[rosout][INFO] 2020-11-09 00:50:21,921: Client disconnected. 0 clients total.
[rospy.internal][INFO] 2020-11-09 00:50:31,921: topic impl's ref count is zero, deleting topic /cmd_vel...
[rospy.internal][INFO] 2020-11-09 00:50:31,921: topic[/cmd_vel] removing connection to /cmd_vel_mux
[rosout][INFO] 2020-11-09 01:03:56,556: Client connected.  1 clients total.
[rospy.internal][INFO] 2020-11-09 01:03:59,606: topic[/cmd_vel] adding connection to [/cmd_vel_mux], count 0
[rosout][INFO] 2020-11-09 01:07:49,505: Client connected.  2 clients total.
[rosout][INFO] 2020-11-09 01:07:50,783: Client disconnected. 1 clients total.
[rospy.core][INFO] 2020-11-09 01:19:36,102: signal_shutdown [signal-15]
[rospy.registration][WARNING] 2020-11-09 01:19:36,102: cannot unregister with master due to network issues
[rospy.internal][INFO] 2020-11-09 01:19:36,102: topic[/rosout] removing connection to /rosout
[rospy.internal][INFO] 2020-11-09 01:19:36,103: topic[/cmd_vel] removing connection to /cmd_vel_mux
[rospy.impl.masterslave][INFO] 2020-11-09 01:19:36,103: signal-15
[rospy.core][INFO] 2020-11-09 01:19:36,159: signal_shutdown [signal-2]
[rospy.core][INFO] 2020-11-09 01:19:36,159: signal_shutdown [atexit]
