[rospy.client][INFO] 2020-10-29 18:57:32,810: init_node, name[/rosbridge_websocket], pid[3662]
[xmlrpc][INFO] 2020-10-29 18:57:32,810: XML-RPC server binding to 0.0.0.0:0
[xmlrpc][INFO] 2020-10-29 18:57:32,810: Started XML-RPC server [http://freight1207:36843/]
[rospy.init][INFO] 2020-10-29 18:57:32,810: ROS Slave URI: [http://freight1207:36843/]
[rospy.impl.masterslave][INFO] 2020-10-29 18:57:32,810: _ready: http://freight1207:36843/
[xmlrpc][INFO] 2020-10-29 18:57:32,811: xml rpc node: starting XML-RPC server
[rospy.registration][INFO] 2020-10-29 18:57:32,811: Registering with master node http://localhost:11311
[rospy.init][INFO] 2020-10-29 18:57:32,911: registered with master
[rospy.rosout][INFO] 2020-10-29 18:57:32,911: initializing /rosout core topic
[rospy.rosout][INFO] 2020-10-29 18:57:32,913: connected to core topic /rosout
[rospy.simtime][INFO] 2020-10-29 18:57:32,914: /use_sim_time is not set, will not subscribe to simulated time [/clock] topic
[rosout][INFO] 2020-10-29 18:57:32,926: Rosbridge WebSocket server started on port 9090
[rospy.internal][INFO] 2020-10-29 18:57:33,195: topic[/rosout] adding connection to [/rosout], count 0
[rospy.core][INFO] 2020-10-29 18:57:53,278: signal_shutdown [signal-2]
[rospy.internal][INFO] 2020-10-29 18:57:53,282: topic[/rosout] removing connection to /rosout
[rospy.impl.masterslave][INFO] 2020-10-29 18:57:53,282: signal-2
[rospy.core][INFO] 2020-10-29 18:57:53,897: signal_shutdown [atexit]
[rospy.client][INFO] 2020-10-29 18:59:25,652: init_node, name[/rosbridge_websocket], pid[3911]
[xmlrpc][INFO] 2020-10-29 18:59:25,653: XML-RPC server binding to 0.0.0.0:0
[xmlrpc][INFO] 2020-10-29 18:59:25,653: Started XML-RPC server [http://freight1207:49765/]
[rospy.impl.masterslave][INFO] 2020-10-29 18:59:25,653: _ready: http://freight1207:49765/
[rospy.init][INFO] 2020-10-29 18:59:25,653: ROS Slave URI: [http://freight1207:49765/]
[xmlrpc][INFO] 2020-10-29 18:59:25,654: xml rpc node: starting XML-RPC server
[rospy.registration][INFO] 2020-10-29 18:59:25,654: Registering with master node http://localhost:11311
[rospy.init][INFO] 2020-10-29 18:59:25,754: registered with master
[rospy.rosout][INFO] 2020-10-29 18:59:25,754: initializing /rosout core topic
[rospy.rosout][INFO] 2020-10-29 18:59:25,756: connected to core topic /rosout
[rospy.simtime][INFO] 2020-10-29 18:59:25,757: /use_sim_time is not set, will not subscribe to simulated time [/clock] topic
[rosout][INFO] 2020-10-29 18:59:25,768: Rosbridge WebSocket server started on port 9090
[rospy.internal][INFO] 2020-10-29 18:59:25,964: topic[/rosout] adding connection to [/rosout], count 0
[tornado.access][WARNING] 2020-10-29 18:59:45,458: 400 GET / (172.22.77.105) 0.36ms
[rospy.core][INFO] 2020-10-29 18:59:49,598: signal_shutdown [signal-2]
[rospy.internal][INFO] 2020-10-29 18:59:49,602: topic[/rosout] removing connection to /rosout
[rospy.impl.masterslave][INFO] 2020-10-29 18:59:49,602: signal-2
[rospy.core][INFO] 2020-10-29 18:59:49,734: signal_shutdown [atexit]
