[rospy.client][INFO] 2020-10-29 19:00:05,242: init_node, name[/rosbridge_tcp], pid[4111]
[xmlrpc][INFO] 2020-10-29 19:00:05,243: XML-RPC server binding to 0.0.0.0:0
[xmlrpc][INFO] 2020-10-29 19:00:05,243: Started XML-RPC server [http://freight1207:46112/]
[rospy.init][INFO] 2020-10-29 19:00:05,243: ROS Slave URI: [http://freight1207:46112/]
[rospy.impl.masterslave][INFO] 2020-10-29 19:00:05,243: _ready: http://freight1207:46112/
[xmlrpc][INFO] 2020-10-29 19:00:05,244: xml rpc node: starting XML-RPC server
[rospy.registration][INFO] 2020-10-29 19:00:05,244: Registering with master node http://localhost:11311
[rospy.init][INFO] 2020-10-29 19:00:05,343: registered with master
[rospy.rosout][INFO] 2020-10-29 19:00:05,344: initializing /rosout core topic
[rospy.rosout][INFO] 2020-10-29 19:00:05,345: connected to core topic /rosout
[rospy.simtime][INFO] 2020-10-29 19:00:05,346: /use_sim_time is not set, will not subscribe to simulated time [/clock] topic
[rosout][INFO] 2020-10-29 19:00:05,356: Rosbridge TCP server started on port 9090
[rospy.internal][INFO] 2020-10-29 19:00:05,614: topic[/rosout] adding connection to [/rosout], count 0
[rosout][INFO] 2020-10-29 19:00:09,851: [Client 0] connected. 1 client total.
[rosout][INFO] 2020-10-29 19:00:12,954: [Client 0] disconnected. 0 client total.
[rosout][INFO] 2020-10-29 19:00:14,714: [Client 1] connected. 1 client total.
[rosout][INFO] 2020-10-29 19:00:32,465: [Client 2] connected. 2 client total.
[rosout][INFO] 2020-10-29 19:00:32,467: [Client 3] connected. 3 client total.
[rosout][INFO] 2020-10-29 19:01:03,686: [Client 1] disconnected. 2 client total.
[rosout][INFO] 2020-10-29 19:01:41,572: [Client 2] disconnected. 1 client total.
[rosout][INFO] 2020-10-29 19:01:41,572: [Client 3] disconnected. 0 client total.
[rosout][INFO] 2020-10-29 19:01:41,577: [Client 4] connected. 1 client total.
[rosout][INFO] 2020-10-29 19:01:41,578: [Client 5] connected. 2 client total.
[rosout][INFO] 2020-10-29 19:02:18,822: [Client 4] disconnected. 1 client total.
[rosout][INFO] 2020-10-29 19:02:27,423: [Client 6] connected. 2 client total.
[rosout][INFO] 2020-10-29 19:03:36,455: [Client 6] disconnected. 1 client total.
[rosout][INFO] 2020-10-29 19:03:49,425: [Client 5] disconnected. 0 client total.
[rosout][INFO] 2020-10-29 19:03:49,431: [Client 7] connected. 1 client total.
[rosout][INFO] 2020-10-29 19:03:49,433: [Client 8] connected. 2 client total.
[rospy.client][INFO] 2020-10-29 19:05:28,494: init_node, name[/rosbridge_tcp], pid[4216]
[xmlrpc][INFO] 2020-10-29 19:05:28,494: XML-RPC server binding to 0.0.0.0:0
[xmlrpc][INFO] 2020-10-29 19:05:28,494: Started XML-RPC server [http://freight1207:54536/]
[rospy.init][INFO] 2020-10-29 19:05:28,494: ROS Slave URI: [http://freight1207:54536/]
[rospy.impl.masterslave][INFO] 2020-10-29 19:05:28,495: _ready: http://freight1207:54536/
[xmlrpc][INFO] 2020-10-29 19:05:28,495: xml rpc node: starting XML-RPC server
[rospy.registration][INFO] 2020-10-29 19:05:28,495: Registering with master node http://localhost:11311
[rospy.init][INFO] 2020-10-29 19:05:28,595: registered with master
[rospy.rosout][INFO] 2020-10-29 19:05:28,595: initializing /rosout core topic
[rospy.rosout][INFO] 2020-10-29 19:05:28,597: connected to core topic /rosout
[rospy.simtime][INFO] 2020-10-29 19:05:28,598: /use_sim_time is not set, will not subscribe to simulated time [/clock] topic
[rosout][INFO] 2020-10-29 19:05:28,607: Rosbridge TCP server started on port 9090
[rospy.internal][INFO] 2020-10-29 19:05:28,850: topic[/rosout] adding connection to [/rosout], count 0
[rospy.client][INFO] 2020-10-29 19:10:34,119: init_node, name[/rosbridge_tcp], pid[4718]
[xmlrpc][INFO] 2020-10-29 19:10:34,120: XML-RPC server binding to 0.0.0.0:0
[xmlrpc][INFO] 2020-10-29 19:10:34,120: Started XML-RPC server [http://freight1207:46534/]
[rospy.init][INFO] 2020-10-29 19:10:34,120: ROS Slave URI: [http://freight1207:46534/]
[rospy.impl.masterslave][INFO] 2020-10-29 19:10:34,120: _ready: http://freight1207:46534/
[xmlrpc][INFO] 2020-10-29 19:10:34,121: xml rpc node: starting XML-RPC server
[rospy.registration][INFO] 2020-10-29 19:10:34,121: Registering with master node http://localhost:11311
[rospy.init][INFO] 2020-10-29 19:10:34,220: registered with master
[rospy.rosout][INFO] 2020-10-29 19:10:34,220: initializing /rosout core topic
[rospy.rosout][INFO] 2020-10-29 19:10:34,222: connected to core topic /rosout
[rospy.simtime][INFO] 2020-10-29 19:10:34,223: /use_sim_time is not set, will not subscribe to simulated time [/clock] topic
[rosout][INFO] 2020-10-29 19:10:34,233: Rosbridge TCP server started on port 9090
[rospy.internal][INFO] 2020-10-29 19:10:34,429: topic[/rosout] adding connection to [/rosout], count 0
[rosout][INFO] 2020-10-29 19:10:36,095: [Client 0] connected. 1 client total.
[rosout][INFO] 2020-10-29 19:10:36,096: [Client 1] connected. 2 client total.
[rospy.client][INFO] 2020-10-29 19:13:24,711: init_node, name[/rosbridge_tcp], pid[5191]
[xmlrpc][INFO] 2020-10-29 19:13:24,711: XML-RPC server binding to 0.0.0.0:0
[xmlrpc][INFO] 2020-10-29 19:13:24,711: Started XML-RPC server [http://freight1207:43842/]
[rospy.impl.masterslave][INFO] 2020-10-29 19:13:24,712: _ready: http://freight1207:43842/
[rospy.init][INFO] 2020-10-29 19:13:24,712: ROS Slave URI: [http://freight1207:43842/]
[xmlrpc][INFO] 2020-10-29 19:13:24,712: xml rpc node: starting XML-RPC server
[rospy.registration][INFO] 2020-10-29 19:13:24,712: Registering with master node http://localhost:11311
[rospy.init][INFO] 2020-10-29 19:13:24,812: registered with master
[rospy.rosout][INFO] 2020-10-29 19:13:24,812: initializing /rosout core topic
[rospy.rosout][INFO] 2020-10-29 19:13:24,814: connected to core topic /rosout
[rospy.simtime][INFO] 2020-10-29 19:13:24,815: /use_sim_time is not set, will not subscribe to simulated time [/clock] topic
[rosout][INFO] 2020-10-29 19:13:24,824: Rosbridge TCP server started on port 9090
[rospy.internal][INFO] 2020-10-29 19:13:25,031: topic[/rosout] adding connection to [/rosout], count 0
