[roslaunch][INFO] 2020-10-29 19:11:19,413: Checking log directory for disk usage. This may take awhile.
Press Ctrl-C to interrupt
[roslaunch][INFO] 2020-10-29 19:11:19,416: Done checking log file disk usage. Usage is <1GB.
[roslaunch][INFO] 2020-10-29 19:11:19,416: roslaunch starting with args ['/opt/ros/indigo/bin/roslaunch', 'rosbridge_server', 'rosbridge_udp.launch']
[roslaunch][INFO] 2020-10-29 19:11:19,417: roslaunch env is {'ROS_DISTRO': 'indigo', 'LESSOPEN': '| /usr/bin/lesspipe %s', 'SSH_CLIENT': '172.22.77.105 55289 22', 'CPATH': '/home/fetch/catkin_ws/devel/include:/opt/ros/indigo/include', 'LOGNAME': 'fetch', 'USER': 'fetch', 'PATH': '/opt/ros/indigo/bin:/usr/local/sbin:/usr/local/bin:/usr/sbin:/usr/bin:/sbin:/bin:/usr/games:/usr/local/games', 'HOME': '/home/fetch', 'VIRTUALENVWRAPPER_SCRIPT': '/usr/share/virtualenvwrapper/virtualenvwrapper.sh', 'LD_LIBRARY_PATH': '/home/fetch/catkin_ws/devel/lib:/opt/ros/indigo/lib', 'LANG': 'en_US.UTF-8', 'TERM': 'xterm-256color', 'SHELL': '/bin/bash', 'ROS_LOG_FILENAME': '/home/fetch/.ros/log/549b75a4-1a4e-11eb-949e-000babe55698/roslaunch-freight1207-4899.log', 'SHLVL': '1', 'QT_QPA_PLATFORMTHEME': 'appmenu-qt5', 'ROS_ETC_DIR': '/opt/ros/indigo/etc/ros', 'DISPLAY': 'localhost:10.0', '_VIRTUALENVWRAPPER_API': ' mkvirtualenv rmvirtualenv lsvirtualenv showvirtualenv workon add2virtualenv cdsitepackages cdvirtualenv lssitepackages toggleglobalsitepackages cpvirtualenv setvirtualenvproject mkproject cdproject mktmpenv mkvirtualenv rmvirtualenv lsvirtualenv showvirtualenv workon add2virtualenv cdsitepackages cdvirtualenv lssitepackages toggleglobalsitepackages cpvirtualenv setvirtualenvproject mkproject cdproject mktmpenv', 'CMAKE_PREFIX_PATH': '/home/fetch/catkin_ws/devel:/opt/ros/indigo', 'XDG_RUNTIME_DIR': '/run/user/1000', 'PYTHONPATH': '/home/fetch/catkin_ws/devel/lib/python2.7/dist-packages:/opt/ros/indigo/lib/python2.7/dist-packages', 'ROS_ROOT': '/opt/ros/indigo/share/ros', 'PKG_CONFIG_PATH': '/home/fetch/catkin_ws/devel/lib/pkgconfig:/opt/ros/indigo/lib/pkgconfig', 'ROS_PACKAGE_PATH': '/home/fetch/catkin_ws/src:/opt/ros/indigo/share:/opt/ros/indigo/stacks', 'XDG_SESSION_ID': '1', '_': '/opt/ros/indigo/bin/roslaunch', 'SSH_CONNECTION': '172.22.77.105 55289 172.22.77.172 22', 'LESSCLOSE': '/usr/bin/lesspipe %s %s', 'SSH_TTY': '/dev/pts/1', 'OLDPWD': '/opt/ros/indigo/share/rosbridge_server', 'PWD': '/opt/ros/indigo/share/rosbridge_server/launch', 'ROS_MASTER_URI': 'http://localhost:11311', 'MAIL': '/var/mail/fetch', 'LS_COLORS': 'rs=0:di=01;34:ln=01;36:mh=00:pi=40;33:so=01;35:do=01;35:bd=40;33;01:cd=40;33;01:or=40;31;01:su=37;41:sg=30;43:ca=30;41:tw=30;42:ow=34;42:st=37;44:ex=01;32:*.tar=01;31:*.tgz=01;31:*.arj=01;31:*.taz=01;31:*.lzh=01;31:*.lzma=01;31:*.tlz=01;31:*.txz=01;31:*.zip=01;31:*.z=01;31:*.Z=01;31:*.dz=01;31:*.gz=01;31:*.lz=01;31:*.xz=01;31:*.bz2=01;31:*.bz=01;31:*.tbz=01;31:*.tbz2=01;31:*.tz=01;31:*.deb=01;31:*.rpm=01;31:*.jar=01;31:*.war=01;31:*.ear=01;31:*.sar=01;31:*.rar=01;31:*.ace=01;31:*.zoo=01;31:*.cpio=01;31:*.7z=01;31:*.rz=01;31:*.jpg=01;35:*.jpeg=01;35:*.gif=01;35:*.bmp=01;35:*.pbm=01;35:*.pgm=01;35:*.ppm=01;35:*.tga=01;35:*.xbm=01;35:*.xpm=01;35:*.tif=01;35:*.tiff=01;35:*.png=01;35:*.svg=01;35:*.svgz=01;35:*.mng=01;35:*.pcx=01;35:*.mov=01;35:*.mpg=01;35:*.mpeg=01;35:*.m2v=01;35:*.mkv=01;35:*.webm=01;35:*.ogm=01;35:*.mp4=01;35:*.m4v=01;35:*.mp4v=01;35:*.vob=01;35:*.qt=01;35:*.nuv=01;35:*.wmv=01;35:*.asf=01;35:*.rm=01;35:*.rmvb=01;35:*.flc=01;35:*.avi=01;35:*.fli=01;35:*.flv=01;35:*.gl=01;35:*.dl=01;35:*.xcf=01;35:*.xwd=01;35:*.yuv=01;35:*.cgm=01;35:*.emf=01;35:*.axv=01;35:*.anx=01;35:*.ogv=01;35:*.ogx=01;35:*.aac=00;36:*.au=00;36:*.flac=00;36:*.mid=00;36:*.midi=00;36:*.mka=00;36:*.mp3=00;36:*.mpc=00;36:*.ogg=00;36:*.ra=00;36:*.wav=00;36:*.axa=00;36:*.oga=00;36:*.spx=00;36:*.xspf=00;36:'}
[roslaunch][INFO] 2020-10-29 19:11:19,417: starting in server mode
[roslaunch.parent][INFO] 2020-10-29 19:11:19,417: starting roslaunch parent run
[roslaunch][INFO] 2020-10-29 19:11:19,417: loading roscore config file /opt/ros/indigo/etc/ros/roscore.xml
[roslaunch][INFO] 2020-10-29 19:11:19,481: Added core node of type [rosout/rosout] in namespace [/]
[roslaunch.config][INFO] 2020-10-29 19:11:19,482: loading config file /home/fetch/catkin_ws/src/rosbridge_suite/rosbridge_server/launch/rosbridge_udp.launch
[roslaunch][INFO] 2020-10-29 19:11:19,483: Added node of type [rosbridge_server/rosbridge_udp] in namespace [/]
[roslaunch][INFO] 2020-10-29 19:11:19,484: Added node of type [rosapi/rosapi_node] in namespace [/]
[roslaunch][INFO] 2020-10-29 19:11:19,484: ... selected machine [] for node of type [rosbridge_server/rosbridge_udp]
[roslaunch][INFO] 2020-10-29 19:11:19,484: ... selected machine [] for node of type [rosapi/rosapi_node]
[roslaunch.pmon][INFO] 2020-10-29 19:11:19,484: start_process_monitor: creating ProcessMonitor
[roslaunch.pmon][INFO] 2020-10-29 19:11:19,485: created process monitor <ProcessMonitor(ProcessMonitor-1, initial daemon)>
[roslaunch.pmon][INFO] 2020-10-29 19:11:19,485: start_process_monitor: ProcessMonitor started
[roslaunch.parent][INFO] 2020-10-29 19:11:19,485: starting parent XML-RPC server
[roslaunch.server][INFO] 2020-10-29 19:11:19,485: starting roslaunch XML-RPC server
[roslaunch.server][INFO] 2020-10-29 19:11:19,485: waiting for roslaunch XML-RPC server to initialize
[xmlrpc][INFO] 2020-10-29 19:11:19,485: XML-RPC server binding to 0.0.0.0:0
[xmlrpc][INFO] 2020-10-29 19:11:19,485: Started XML-RPC server [http://freight1207:50563/]
[xmlrpc][INFO] 2020-10-29 19:11:19,485: xml rpc node: starting XML-RPC server
[roslaunch][INFO] 2020-10-29 19:11:19,496: started roslaunch server http://freight1207:50563/
[roslaunch.parent][INFO] 2020-10-29 19:11:19,496: ... parent XML-RPC server started
[roslaunch][INFO] 2020-10-29 19:11:19,496: master.is_running[http://localhost:11311]
[roslaunch][INFO] 2020-10-29 19:11:19,497: master.is_running[http://localhost:11311]
[roslaunch][INFO] 2020-10-29 19:11:19,498: ROS_MASTER_URI=http://localhost:11311
[roslaunch][INFO] 2020-10-29 19:11:19,499: setting /roslaunch/uris/host_freight1207__50563' to http://freight1207:50563/
[roslaunch][INFO] 2020-10-29 19:11:19,500: load_parameters starting ...
[roslaunch][INFO] 2020-10-29 19:11:19,504: ... load_parameters complete
[roslaunch][INFO] 2020-10-29 19:11:19,504: launch_nodes: launching local nodes ...
[roslaunch][INFO] 2020-10-29 19:11:19,504: ... preparing to launch node of type [rosbridge_server/rosbridge_udp]
[roslaunch][INFO] 2020-10-29 19:11:19,504: create_node_process: package[rosbridge_server] type[rosbridge_udp] machine[Machine(name[] env_loader[None] address[localhost] ssh_port[22] user[None] assignable[True] timeout[10.0])] master_uri[http://localhost:11311]
[roslaunch][INFO] 2020-10-29 19:11:19,504: process[rosbridge_udp-1]: env[{'ROS_DISTRO': 'indigo', 'LESSOPEN': '| /usr/bin/lesspipe %s', 'SSH_CLIENT': '172.22.77.105 55289 22', 'CPATH': '/home/fetch/catkin_ws/devel/include:/opt/ros/indigo/include', 'LOGNAME': 'fetch', 'USER': 'fetch', 'PATH': '/opt/ros/indigo/bin:/usr/local/sbin:/usr/local/bin:/usr/sbin:/usr/bin:/sbin:/bin:/usr/games:/usr/local/games', 'HOME': '/home/fetch', 'CMAKE_PREFIX_PATH': '/home/fetch/catkin_ws/devel:/opt/ros/indigo', 'ROS_LOG_FILENAME': '/home/fetch/.ros/log/549b75a4-1a4e-11eb-949e-000babe55698/roslaunch-freight1207-4899.log', 'LANG': 'en_US.UTF-8', 'TERM': 'xterm-256color', 'SHELL': '/bin/bash', 'SHLVL': '1', 'QT_QPA_PLATFORMTHEME': 'appmenu-qt5', 'DISPLAY': 'localhost:10.0', '_VIRTUALENVWRAPPER_API': ' mkvirtualenv rmvirtualenv lsvirtualenv showvirtualenv workon add2virtualenv cdsitepackages cdvirtualenv lssitepackages toggleglobalsitepackages cpvirtualenv setvirtualenvproject mkproject cdproject mktmpenv mkvirtualenv rmvirtualenv lsvirtualenv showvirtualenv workon add2virtualenv cdsitepackages cdvirtualenv lssitepackages toggleglobalsitepackages cpvirtualenv setvirtualenvproject mkproject cdproject mktmpenv', 'XDG_RUNTIME_DIR': '/run/user/1000', 'PYTHONPATH': '/home/fetch/catkin_ws/devel/lib/python2.7/dist-packages:/opt/ros/indigo/lib/python2.7/dist-packages', 'ROS_ROOT': '/opt/ros/indigo/share/ros', 'PKG_CONFIG_PATH': '/home/fetch/catkin_ws/devel/lib/pkgconfig:/opt/ros/indigo/lib/pkgconfig', 'ROS_PACKAGE_PATH': '/home/fetch/catkin_ws/src:/opt/ros/indigo/share:/opt/ros/indigo/stacks', 'XDG_SESSION_ID': '1', '_': '/opt/ros/indigo/bin/roslaunch', 'LD_LIBRARY_PATH': '/home/fetch/catkin_ws/devel/lib:/opt/ros/indigo/lib', 'LS_COLORS': 'rs=0:di=01;34:ln=01;36:mh=00:pi=40;33:so=01;35:do=01;35:bd=40;33;01:cd=40;33;01:or=40;31;01:su=37;41:sg=30;43:ca=30;41:tw=30;42:ow=34;42:st=37;44:ex=01;32:*.tar=01;31:*.tgz=01;31:*.arj=01;31:*.taz=01;31:*.lzh=01;31:*.lzma=01;31:*.tlz=01;31:*.txz=01;31:*.zip=01;31:*.z=01;31:*.Z=01;31:*.dz=01;31:*.gz=01;31:*.lz=01;31:*.xz=01;31:*.bz2=01;31:*.bz=01;31:*.tbz=01;31:*.tbz2=01;31:*.tz=01;31:*.deb=01;31:*.rpm=01;31:*.jar=01;31:*.war=01;31:*.ear=01;31:*.sar=01;31:*.rar=01;31:*.ace=01;31:*.zoo=01;31:*.cpio=01;31:*.7z=01;31:*.rz=01;31:*.jpg=01;35:*.jpeg=01;35:*.gif=01;35:*.bmp=01;35:*.pbm=01;35:*.pgm=01;35:*.ppm=01;35:*.tga=01;35:*.xbm=01;35:*.xpm=01;35:*.tif=01;35:*.tiff=01;35:*.png=01;35:*.svg=01;35:*.svgz=01;35:*.mng=01;35:*.pcx=01;35:*.mov=01;35:*.mpg=01;35:*.mpeg=01;35:*.m2v=01;35:*.mkv=01;35:*.webm=01;35:*.ogm=01;35:*.mp4=01;35:*.m4v=01;35:*.mp4v=01;35:*.vob=01;35:*.qt=01;35:*.nuv=01;35:*.wmv=01;35:*.asf=01;35:*.rm=01;35:*.rmvb=01;35:*.flc=01;35:*.avi=01;35:*.fli=01;35:*.flv=01;35:*.gl=01;35:*.dl=01;35:*.xcf=01;35:*.xwd=01;35:*.yuv=01;35:*.cgm=01;35:*.emf=01;35:*.axv=01;35:*.anx=01;35:*.ogv=01;35:*.ogx=01;35:*.aac=00;36:*.au=00;36:*.flac=00;36:*.mid=00;36:*.midi=00;36:*.mka=00;36:*.mp3=00;36:*.mpc=00;36:*.ogg=00;36:*.ra=00;36:*.wav=00;36:*.axa=00;36:*.oga=00;36:*.spx=00;36:*.xspf=00;36:', 'LESSCLOSE': '/usr/bin/lesspipe %s %s', 'SSH_TTY': '/dev/pts/1', 'OLDPWD': '/opt/ros/indigo/share/rosbridge_server', 'VIRTUALENVWRAPPER_SCRIPT': '/usr/share/virtualenvwrapper/virtualenvwrapper.sh', 'PWD': '/opt/ros/indigo/share/rosbridge_server/launch', 'ROS_ETC_DIR': '/opt/ros/indigo/etc/ros', 'ROS_MASTER_URI': 'http://localhost:11311', 'MAIL': '/var/mail/fetch', 'SSH_CONNECTION': '172.22.77.105 55289 172.22.77.172 22'}]
[roslaunch][INFO] 2020-10-29 19:11:19,535: process[rosbridge_udp-1]: args[[u'/home/fetch/catkin_ws/src/rosbridge_suite/rosbridge_server/scripts/rosbridge_udp', u'__name:=rosbridge_udp']]
[roslaunch][INFO] 2020-10-29 19:11:19,536: ... created process [rosbridge_udp-1]
[roslaunch.pmon][INFO] 2020-10-29 19:11:19,536: ProcessMonitor.register[rosbridge_udp-1]
[roslaunch.pmon][INFO] 2020-10-29 19:11:19,536: ProcessMonitor.register[rosbridge_udp-1] complete
[roslaunch][INFO] 2020-10-29 19:11:19,536: ... registered process [rosbridge_udp-1]
[roslaunch][INFO] 2020-10-29 19:11:19,536: process[rosbridge_udp-1]: starting os process
[roslaunch][INFO] 2020-10-29 19:11:19,536: process[rosbridge_udp-1]: start w/ args [[u'/home/fetch/catkin_ws/src/rosbridge_suite/rosbridge_server/scripts/rosbridge_udp', u'__name:=rosbridge_udp', u'__log:=/home/fetch/.ros/log/549b75a4-1a4e-11eb-949e-000babe55698/rosbridge_udp-1.log']]
[roslaunch][INFO] 2020-10-29 19:11:19,536: process[rosbridge_udp-1]: cwd will be [/home/fetch/.ros]
[roslaunch][INFO] 2020-10-29 19:11:19,537: process[rosbridge_udp-1]: started with pid [4917]
[roslaunch][INFO] 2020-10-29 19:11:19,537: ... successfully launched [rosbridge_udp-1]
[roslaunch][INFO] 2020-10-29 19:11:19,538: ... preparing to launch node of type [rosapi/rosapi_node]
[roslaunch][INFO] 2020-10-29 19:11:19,538: create_node_process: package[rosapi] type[rosapi_node] machine[Machine(name[] env_loader[None] address[localhost] ssh_port[22] user[None] assignable[True] timeout[10.0])] master_uri[http://localhost:11311]
[roslaunch][INFO] 2020-10-29 19:11:19,538: process[rosapi-2]: env[{'ROS_DISTRO': 'indigo', 'LESSOPEN': '| /usr/bin/lesspipe %s', 'SSH_CLIENT': '172.22.77.105 55289 22', 'CPATH': '/home/fetch/catkin_ws/devel/include:/opt/ros/indigo/include', 'LOGNAME': 'fetch', 'USER': 'fetch', 'PATH': '/opt/ros/indigo/bin:/usr/local/sbin:/usr/local/bin:/usr/sbin:/usr/bin:/sbin:/bin:/usr/games:/usr/local/games', 'HOME': '/home/fetch', 'CMAKE_PREFIX_PATH': '/home/fetch/catkin_ws/devel:/opt/ros/indigo', 'ROS_LOG_FILENAME': '/home/fetch/.ros/log/549b75a4-1a4e-11eb-949e-000babe55698/roslaunch-freight1207-4899.log', 'LANG': 'en_US.UTF-8', 'TERM': 'xterm-256color', 'SHELL': '/bin/bash', 'SHLVL': '1', 'QT_QPA_PLATFORMTHEME': 'appmenu-qt5', 'DISPLAY': 'localhost:10.0', '_VIRTUALENVWRAPPER_API': ' mkvirtualenv rmvirtualenv lsvirtualenv showvirtualenv workon add2virtualenv cdsitepackages cdvirtualenv lssitepackages toggleglobalsitepackages cpvirtualenv setvirtualenvproject mkproject cdproject mktmpenv mkvirtualenv rmvirtualenv lsvirtualenv showvirtualenv workon add2virtualenv cdsitepackages cdvirtualenv lssitepackages toggleglobalsitepackages cpvirtualenv setvirtualenvproject mkproject cdproject mktmpenv', 'XDG_RUNTIME_DIR': '/run/user/1000', 'PYTHONPATH': '/home/fetch/catkin_ws/devel/lib/python2.7/dist-packages:/opt/ros/indigo/lib/python2.7/dist-packages', 'ROS_ROOT': '/opt/ros/indigo/share/ros', 'PKG_CONFIG_PATH': '/home/fetch/catkin_ws/devel/lib/pkgconfig:/opt/ros/indigo/lib/pkgconfig', 'ROS_PACKAGE_PATH': '/home/fetch/catkin_ws/src:/opt/ros/indigo/share:/opt/ros/indigo/stacks', 'XDG_SESSION_ID': '1', '_': '/opt/ros/indigo/bin/roslaunch', 'LD_LIBRARY_PATH': '/home/fetch/catkin_ws/devel/lib:/opt/ros/indigo/lib', 'LS_COLORS': 'rs=0:di=01;34:ln=01;36:mh=00:pi=40;33:so=01;35:do=01;35:bd=40;33;01:cd=40;33;01:or=40;31;01:su=37;41:sg=30;43:ca=30;41:tw=30;42:ow=34;42:st=37;44:ex=01;32:*.tar=01;31:*.tgz=01;31:*.arj=01;31:*.taz=01;31:*.lzh=01;31:*.lzma=01;31:*.tlz=01;31:*.txz=01;31:*.zip=01;31:*.z=01;31:*.Z=01;31:*.dz=01;31:*.gz=01;31:*.lz=01;31:*.xz=01;31:*.bz2=01;31:*.bz=01;31:*.tbz=01;31:*.tbz2=01;31:*.tz=01;31:*.deb=01;31:*.rpm=01;31:*.jar=01;31:*.war=01;31:*.ear=01;31:*.sar=01;31:*.rar=01;31:*.ace=01;31:*.zoo=01;31:*.cpio=01;31:*.7z=01;31:*.rz=01;31:*.jpg=01;35:*.jpeg=01;35:*.gif=01;35:*.bmp=01;35:*.pbm=01;35:*.pgm=01;35:*.ppm=01;35:*.tga=01;35:*.xbm=01;35:*.xpm=01;35:*.tif=01;35:*.tiff=01;35:*.png=01;35:*.svg=01;35:*.svgz=01;35:*.mng=01;35:*.pcx=01;35:*.mov=01;35:*.mpg=01;35:*.mpeg=01;35:*.m2v=01;35:*.mkv=01;35:*.webm=01;35:*.ogm=01;35:*.mp4=01;35:*.m4v=01;35:*.mp4v=01;35:*.vob=01;35:*.qt=01;35:*.nuv=01;35:*.wmv=01;35:*.asf=01;35:*.rm=01;35:*.rmvb=01;35:*.flc=01;35:*.avi=01;35:*.fli=01;35:*.flv=01;35:*.gl=01;35:*.dl=01;35:*.xcf=01;35:*.xwd=01;35:*.yuv=01;35:*.cgm=01;35:*.emf=01;35:*.axv=01;35:*.anx=01;35:*.ogv=01;35:*.ogx=01;35:*.aac=00;36:*.au=00;36:*.flac=00;36:*.mid=00;36:*.midi=00;36:*.mka=00;36:*.mp3=00;36:*.mpc=00;36:*.ogg=00;36:*.ra=00;36:*.wav=00;36:*.axa=00;36:*.oga=00;36:*.spx=00;36:*.xspf=00;36:', 'LESSCLOSE': '/usr/bin/lesspipe %s %s', 'SSH_TTY': '/dev/pts/1', 'OLDPWD': '/opt/ros/indigo/share/rosbridge_server', 'VIRTUALENVWRAPPER_SCRIPT': '/usr/share/virtualenvwrapper/virtualenvwrapper.sh', 'PWD': '/opt/ros/indigo/share/rosbridge_server/launch', 'ROS_ETC_DIR': '/opt/ros/indigo/etc/ros', 'ROS_MASTER_URI': 'http://localhost:11311', 'MAIL': '/var/mail/fetch', 'SSH_CONNECTION': '172.22.77.105 55289 172.22.77.172 22'}]
[roslaunch][INFO] 2020-10-29 19:11:19,539: process[rosapi-2]: args[[u'/home/fetch/catkin_ws/src/rosbridge_suite/rosapi/scripts/rosapi_node', u'__name:=rosapi']]
[roslaunch][INFO] 2020-10-29 19:11:19,539: ... created process [rosapi-2]
[roslaunch.pmon][INFO] 2020-10-29 19:11:19,539: ProcessMonitor.register[rosapi-2]
[roslaunch.pmon][INFO] 2020-10-29 19:11:19,539: ProcessMonitor.register[rosapi-2] complete
[roslaunch][INFO] 2020-10-29 19:11:19,539: ... registered process [rosapi-2]
[roslaunch][INFO] 2020-10-29 19:11:19,539: process[rosapi-2]: starting os process
[roslaunch][INFO] 2020-10-29 19:11:19,539: process[rosapi-2]: start w/ args [[u'/home/fetch/catkin_ws/src/rosbridge_suite/rosapi/scripts/rosapi_node', u'__name:=rosapi', u'__log:=/home/fetch/.ros/log/549b75a4-1a4e-11eb-949e-000babe55698/rosapi-2.log']]
[roslaunch][INFO] 2020-10-29 19:11:19,539: process[rosapi-2]: cwd will be [/home/fetch/.ros]
[roslaunch][INFO] 2020-10-29 19:11:19,541: process[rosapi-2]: started with pid [4918]
[roslaunch][INFO] 2020-10-29 19:11:19,541: ... successfully launched [rosapi-2]
[roslaunch][INFO] 2020-10-29 19:11:19,541: ... launch_nodes complete
[roslaunch.pmon][INFO] 2020-10-29 19:11:19,541: registrations completed <ProcessMonitor(ProcessMonitor-1, started daemon 139720638621440)>
[roslaunch.parent][INFO] 2020-10-29 19:11:19,541: ... roslaunch parent running, waiting for process exit
[roslaunch][INFO] 2020-10-29 19:11:19,541: spin
[roslaunch.pmon][INFO] 2020-10-29 19:11:59,298: ProcessMonitor.shutdown <ProcessMonitor(ProcessMonitor-1, started daemon 139720638621440)>
[roslaunch.pmon][INFO] 2020-10-29 19:11:59,348: ProcessMonitor._post_run <ProcessMonitor(ProcessMonitor-1, started daemon 139720638621440)>
[roslaunch.pmon][INFO] 2020-10-29 19:11:59,349: ProcessMonitor._post_run <ProcessMonitor(ProcessMonitor-1, started daemon 139720638621440)>: remaining procs are [<roslaunch.nodeprocess.LocalProcess object at 0x7f133f2b4f10>, <roslaunch.nodeprocess.LocalProcess object at 0x7f133f294990>]
[roslaunch.pmon][INFO] 2020-10-29 19:11:59,349: ProcessMonitor exit: killing rosapi-2
[roslaunch][INFO] 2020-10-29 19:11:59,349: [rosapi-2] killing on exit
[roslaunch.pmon][INFO] 2020-10-29 19:11:59,349: ProcessMonitor exit: killing rosbridge_udp-1
[roslaunch][INFO] 2020-10-29 19:11:59,349: process[rosapi-2]: killing os process with pid[4918] pgid[4918]
[roslaunch][INFO] 2020-10-29 19:11:59,349: [rosbridge_udp-1] killing on exit
[roslaunch][INFO] 2020-10-29 19:11:59,349: [rosapi-2] sending SIGINT to pgid [4918]
[roslaunch][INFO] 2020-10-29 19:11:59,350: [rosapi-2] sent SIGINT to pgid [4918]
[roslaunch][INFO] 2020-10-29 19:11:59,350: process[rosbridge_udp-1]: killing os process with pid[4917] pgid[4917]
[roslaunch][INFO] 2020-10-29 19:11:59,350: [rosbridge_udp-1] sending SIGINT to pgid [4917]
[roslaunch][INFO] 2020-10-29 19:11:59,350: [rosbridge_udp-1] sent SIGINT to pgid [4917]
[roslaunch][INFO] 2020-10-29 19:11:59,550: process[rosapi-2]: SIGINT killed with return value 0
[roslaunch][INFO] 2020-10-29 19:11:59,550: process[rosbridge_udp-1]: SIGINT killed with return value 0
[roslaunch.pmon][INFO] 2020-10-29 19:11:59,551: ProcessMonitor exit: cleaning up data structures and signals
[roslaunch.pmon][INFO] 2020-10-29 19:11:59,551: ProcessMonitor exit: pmon has shutdown
[roslaunch][INFO] 2020-10-29 19:11:59,562: process monitor is done spinning, initiating full shutdown
[roslaunch][INFO] 2020-10-29 19:11:59,562: runner.stop()
[roslaunch][INFO] 2020-10-29 19:11:59,562: shutting down processing monitor...
[roslaunch][INFO] 2020-10-29 19:11:59,562: shutting down processing monitor <ProcessMonitor(ProcessMonitor-1, stopped daemon 139720638621440)>
[roslaunch.pmon][INFO] 2020-10-29 19:11:59,562: ProcessMonitor.shutdown <ProcessMonitor(ProcessMonitor-1, stopped daemon 139720638621440)>
[roslaunch][INFO] 2020-10-29 19:11:59,563: ... shutting down processing monitor complete
[roslaunch][INFO] 2020-10-29 19:11:59,563: done
[roslaunch.pmon][INFO] 2020-10-29 19:11:59,563: ProcessMonitor.shutdown <ProcessMonitor(ProcessMonitor-1, stopped daemon 139720638621440)>
[rospy.core][INFO] 2020-10-29 19:11:59,563: signal_shutdown [atexit]
