[rospy.client][INFO] 2020-11-04 00:09:18,039: init_node, name[/play_8674_1604477358016], pid[8674]
[xmlrpc][INFO] 2020-11-04 00:09:18,039: XML-RPC server binding to 0.0.0.0:0
[xmlrpc][INFO] 2020-11-04 00:09:18,039: Started XML-RPC server [http://freight1207:37972/]
[rospy.init][INFO] 2020-11-04 00:09:18,039: ROS Slave URI: [http://freight1207:37972/]
[rospy.impl.masterslave][INFO] 2020-11-04 00:09:18,039: _ready: http://freight1207:37972/
[xmlrpc][INFO] 2020-11-04 00:09:18,040: xml rpc node: starting XML-RPC server
[rospy.registration][INFO] 2020-11-04 00:09:18,040: Registering with master node http://localhost:11311
[rospy.init][INFO] 2020-11-04 00:09:18,140: registered with master
[rospy.rosout][INFO] 2020-11-04 00:09:18,140: initializing /rosout core topic
[rospy.rosout][INFO] 2020-11-04 00:09:18,141: connected to core topic /rosout
[rospy.simtime][INFO] 2020-11-04 00:09:18,142: /use_sim_time is not set, will not subscribe to simulated time [/clock] topic
[rospy.internal][INFO] 2020-11-04 00:09:18,156: topic[/sound_play/feedback] adding connection to [http://freight1207:43347/], count 0
[rospy.internal][INFO] 2020-11-04 00:09:18,156: topic[/sound_play/result] adding connection to [http://freight1207:43347/], count 0
[rospy.internal][INFO] 2020-11-04 00:09:18,157: topic[/sound_play/feedback] adding connection to [http://freight1207:39551/], count 1
[rospy.internal][INFO] 2020-11-04 00:09:18,157: topic[/sound_play/result] adding connection to [http://freight1207:39551/], count 0
[rospy.internal][INFO] 2020-11-04 00:09:18,157: topic[/sound_play/status] adding connection to [http://freight1207:43347/], count 0
[rospy.internal][INFO] 2020-11-04 00:09:18,158: topic[/sound_play/status] adding connection to [http://freight1207:39551/], count 1
[rospy.internal][INFO] 2020-11-04 00:09:18,277: topic[/sound_play/goal] adding connection to [/sound_play], count 0
[rospy.internal][INFO] 2020-11-04 00:09:18,277: topic[/robotsound] adding connection to [/sound_play], count 0
[rospy.internal][INFO] 2020-11-04 00:09:18,277: topic[/sound_play/cancel] adding connection to [/sound_play], count 0
[rospy.internal][INFO] 2020-11-04 00:09:18,286: topic[/robotsound] adding connection to [/soundplay_node], count 1
[rospy.internal][INFO] 2020-11-04 00:09:18,286: topic[/sound_play/cancel] adding connection to [/soundplay_node], count 1
[rospy.internal][INFO] 2020-11-04 00:09:18,286: topic[/sound_play/goal] adding connection to [/soundplay_node], count 1
[rospy.internal][INFO] 2020-11-04 00:09:18,439: topic[/rosout] adding connection to [/rosout], count 0
[rospy.core][INFO] 2020-11-04 00:09:20,170: signal_shutdown [atexit]
[rospy.internal][INFO] 2020-11-04 00:09:20,176: topic[/sound_play/cancel] removing connection to /sound_play
[rospy.internal][INFO] 2020-11-04 00:09:20,177: topic[/sound_play/cancel] removing connection to /soundplay_node
[rospy.internal][INFO] 2020-11-04 00:09:20,177: topic[/sound_play/goal] removing connection to /sound_play
[rospy.internal][INFO] 2020-11-04 00:09:20,178: topic[/sound_play/goal] removing connection to /soundplay_node
[rospy.internal][INFO] 2020-11-04 00:09:20,178: topic[/rosout] removing connection to /rosout
[rospy.internal][INFO] 2020-11-04 00:09:20,178: topic[/robotsound] removing connection to /sound_play
[rospy.internal][INFO] 2020-11-04 00:09:20,179: topic[/robotsound] removing connection to /soundplay_node
[rospy.internal][INFO] 2020-11-04 00:09:20,179: topic[/sound_play/result] removing connection to http://freight1207:43347/
[rospy.internal][INFO] 2020-11-04 00:09:20,180: topic[/sound_play/result] removing connection to http://freight1207:39551/
[rospy.internal][WARNING] 2020-11-04 00:09:20,180: Unknown error initiating TCP/IP socket to freight1207:33601 (http://freight1207:39551/): Traceback (most recent call last):
  File "/opt/ros/indigo/lib/python2.7/dist-packages/rospy/impl/tcpros_base.py", line 558, in connect
    self.local_endpoint = self.socket.getsockname()
AttributeError: 'NoneType' object has no attribute 'getsockname'

[rospy.internal][INFO] 2020-11-04 00:09:20,180: topic[/sound_play/status] removing connection to http://freight1207:43347/
[rospy.internal][INFO] 2020-11-04 00:09:20,181: topic[/sound_play/status] removing connection to http://freight1207:39551/
[rospy.internal][INFO] 2020-11-04 00:09:20,181: topic[/sound_play/feedback] removing connection to http://freight1207:43347/
[rospy.internal][INFO] 2020-11-04 00:09:20,181: topic[/sound_play/feedback] removing connection to http://freight1207:39551/
[rospy.impl.masterslave][INFO] 2020-11-04 00:09:20,182: atexit
