[rospy.client][INFO] 2020-11-04 00:41:44,280: init_node, name[/play_15093_1604479304259], pid[15093]
[xmlrpc][INFO] 2020-11-04 00:41:44,281: XML-RPC server binding to 0.0.0.0:0
[xmlrpc][INFO] 2020-11-04 00:41:44,281: Started XML-RPC server [http://freight1207:60763/]
[rospy.init][INFO] 2020-11-04 00:41:44,281: ROS Slave URI: [http://freight1207:60763/]
[rospy.impl.masterslave][INFO] 2020-11-04 00:41:44,281: _ready: http://freight1207:60763/
[xmlrpc][INFO] 2020-11-04 00:41:44,281: xml rpc node: starting XML-RPC server
[rospy.registration][INFO] 2020-11-04 00:41:44,282: Registering with master node http://localhost:11311
[rospy.init][INFO] 2020-11-04 00:41:44,381: registered with master
[rospy.rosout][INFO] 2020-11-04 00:41:44,381: initializing /rosout core topic
[rospy.rosout][INFO] 2020-11-04 00:41:44,383: connected to core topic /rosout
[rospy.simtime][INFO] 2020-11-04 00:41:44,384: /use_sim_time is not set, will not subscribe to simulated time [/clock] topic
[rospy.internal][INFO] 2020-11-04 00:41:44,397: topic[/sound_play/result] adding connection to [http://freight1207:43347/], count 0
[rospy.internal][INFO] 2020-11-04 00:41:44,397: topic[/sound_play/feedback] adding connection to [http://freight1207:43347/], count 0
[rospy.internal][INFO] 2020-11-04 00:41:44,398: topic[/sound_play/status] adding connection to [http://freight1207:43347/], count 0
[rospy.internal][INFO] 2020-11-04 00:41:44,446: topic[/robotsound] adding connection to [/sound_play], count 0
[rospy.internal][INFO] 2020-11-04 00:41:44,446: topic[/sound_play/cancel] adding connection to [/sound_play], count 0
[rospy.internal][INFO] 2020-11-04 00:41:44,446: topic[/sound_play/goal] adding connection to [/sound_play], count 0
[rospy.internal][INFO] 2020-11-04 00:41:44,634: topic[/rosout] adding connection to [/rosout], count 0
[rospy.core][INFO] 2020-11-04 00:41:45,398: signal_shutdown [atexit]
[rospy.internal][INFO] 2020-11-04 00:41:45,401: topic[/sound_play/cancel] removing connection to /sound_play
[rospy.internal][INFO] 2020-11-04 00:41:45,401: topic[/sound_play/goal] removing connection to /sound_play
[rospy.internal][INFO] 2020-11-04 00:41:45,402: topic[/rosout] removing connection to /rosout
[rospy.internal][INFO] 2020-11-04 00:41:45,402: topic[/robotsound] removing connection to /sound_play
[rospy.internal][INFO] 2020-11-04 00:41:45,402: topic[/sound_play/result] removing connection to http://freight1207:43347/
[rospy.internal][INFO] 2020-11-04 00:41:45,402: topic[/sound_play/status] removing connection to http://freight1207:43347/
[rospy.internal][WARNING] 2020-11-04 00:41:45,403: Unknown error initiating TCP/IP socket to freight1207:48915 (http://freight1207:43347/): Traceback (most recent call last):
  File "/opt/ros/indigo/lib/python2.7/dist-packages/rospy/impl/tcpros_base.py", line 558, in connect
    self.local_endpoint = self.socket.getsockname()
AttributeError: 'NoneType' object has no attribute 'getsockname'

[rospy.internal][INFO] 2020-11-04 00:41:45,403: topic[/sound_play/feedback] removing connection to http://freight1207:43347/
[rospy.impl.masterslave][INFO] 2020-11-04 00:41:45,403: atexit
