[rospy.client][INFO] 2020-10-29 01:04:57,432: init_node, name[/play_12612_1603958697412], pid[12612]
[xmlrpc][INFO] 2020-10-29 01:04:57,433: XML-RPC server binding to 0.0.0.0:0
[xmlrpc][INFO] 2020-10-29 01:04:57,433: Started XML-RPC server [http://freight1207:42052/]
[rospy.init][INFO] 2020-10-29 01:04:57,433: ROS Slave URI: [http://freight1207:42052/]
[rospy.impl.masterslave][INFO] 2020-10-29 01:04:57,433: _ready: http://freight1207:42052/
[xmlrpc][INFO] 2020-10-29 01:04:57,434: xml rpc node: starting XML-RPC server
[rospy.registration][INFO] 2020-10-29 01:04:57,434: Registering with master node http://localhost:11311
[rospy.init][INFO] 2020-10-29 01:04:57,534: registered with master
[rospy.rosout][INFO] 2020-10-29 01:04:57,534: initializing /rosout core topic
[rospy.rosout][INFO] 2020-10-29 01:04:57,536: connected to core topic /rosout
[rospy.simtime][INFO] 2020-10-29 01:04:57,536: /use_sim_time is not set, will not subscribe to simulated time [/clock] topic
[rospy.internal][INFO] 2020-10-29 01:04:57,550: topic[/sound_play/feedback] adding connection to [http://freight1207:43785/], count 0
[rospy.internal][INFO] 2020-10-29 01:04:57,550: topic[/sound_play/result] adding connection to [http://freight1207:43785/], count 0
[rospy.internal][INFO] 2020-10-29 01:04:57,551: topic[/sound_play/status] adding connection to [http://freight1207:43785/], count 0
[rospy.internal][INFO] 2020-10-29 01:04:57,588: topic[/robotsound] adding connection to [/sound_play], count 0
[rospy.internal][INFO] 2020-10-29 01:04:57,588: topic[/sound_play/cancel] adding connection to [/sound_play], count 0
[rospy.internal][INFO] 2020-10-29 01:04:57,588: topic[/sound_play/goal] adding connection to [/sound_play], count 0
[rospy.internal][INFO] 2020-10-29 01:04:57,755: topic[/rosout] adding connection to [/rosout], count 0
[rospy.core][INFO] 2020-10-29 01:04:59,567: signal_shutdown [atexit]
[rospy.internal][INFO] 2020-10-29 01:04:59,571: topic[/sound_play/cancel] removing connection to /sound_play
[rospy.internal][INFO] 2020-10-29 01:04:59,571: topic[/sound_play/goal] removing connection to /sound_play
[rospy.internal][INFO] 2020-10-29 01:04:59,571: topic[/rosout] removing connection to /rosout
[rospy.internal][INFO] 2020-10-29 01:04:59,571: topic[/robotsound] removing connection to /sound_play
[rospy.internal][INFO] 2020-10-29 01:04:59,572: topic[/sound_play/result] removing connection to http://freight1207:43785/
[rospy.internal][INFO] 2020-10-29 01:04:59,572: topic[/sound_play/status] removing connection to http://freight1207:43785/
[rospy.internal][WARNING] 2020-10-29 01:04:59,573: Unknown error initiating TCP/IP socket to freight1207:55528 (http://freight1207:43785/): Traceback (most recent call last):
  File "/opt/ros/indigo/lib/python2.7/dist-packages/rospy/impl/tcpros_base.py", line 557, in connect
    self.read_header()
  File "/opt/ros/indigo/lib/python2.7/dist-packages/rospy/impl/tcpros_base.py", line 619, in read_header
    self._validate_header(read_ros_handshake_header(sock, self.read_buff, self.protocol.buff_size))
AttributeError: 'NoneType' object has no attribute 'buff_size'

[rospy.topics][ERROR] 2020-10-29 01:04:59,573: Traceback (most recent call last):
  File "/opt/ros/indigo/lib/python2.7/dist-packages/rospy/topics.py", line 307, in close
    c.close()
  File "/opt/ros/indigo/lib/python2.7/dist-packages/rospy/impl/tcpros_base.py", line 807, in close
    self.socket.close()
AttributeError: 'NoneType' object has no attribute 'close'

[rospy.internal][INFO] 2020-10-29 01:04:59,573: topic[/sound_play/feedback] removing connection to http://freight1207:43785/
[rospy.impl.masterslave][INFO] 2020-10-29 01:04:59,574: atexit
