[rospy.client][INFO] 2020-10-29 01:04:53,687: init_node, name[/play_12548_1603958693668], pid[12548]
[xmlrpc][INFO] 2020-10-29 01:04:53,688: XML-RPC server binding to 0.0.0.0:0
[xmlrpc][INFO] 2020-10-29 01:04:53,688: Started XML-RPC server [http://freight1207:49229/]
[rospy.init][INFO] 2020-10-29 01:04:53,688: ROS Slave URI: [http://freight1207:49229/]
[rospy.impl.masterslave][INFO] 2020-10-29 01:04:53,688: _ready: http://freight1207:49229/
[xmlrpc][INFO] 2020-10-29 01:04:53,688: xml rpc node: starting XML-RPC server
[rospy.registration][INFO] 2020-10-29 01:04:53,689: Registering with master node http://localhost:11311
[rospy.init][INFO] 2020-10-29 01:04:53,788: registered with master
[rospy.rosout][INFO] 2020-10-29 01:04:53,788: initializing /rosout core topic
[rospy.rosout][INFO] 2020-10-29 01:04:53,790: connected to core topic /rosout
[rospy.simtime][INFO] 2020-10-29 01:04:53,791: /use_sim_time is not set, will not subscribe to simulated time [/clock] topic
[rospy.internal][INFO] 2020-10-29 01:04:53,804: topic[/sound_play/feedback] adding connection to [http://freight1207:43785/], count 0
[rospy.internal][INFO] 2020-10-29 01:04:53,804: topic[/sound_play/result] adding connection to [http://freight1207:43785/], count 0
[rospy.internal][INFO] 2020-10-29 01:04:53,805: topic[/sound_play/status] adding connection to [http://freight1207:43785/], count 0
[rospy.internal][INFO] 2020-10-29 01:04:53,871: topic[/robotsound] adding connection to [/sound_play], count 0
[rospy.internal][INFO] 2020-10-29 01:04:53,871: topic[/sound_play/cancel] adding connection to [/sound_play], count 0
[rospy.internal][INFO] 2020-10-29 01:04:53,872: topic[/sound_play/goal] adding connection to [/sound_play], count 0
[rospy.internal][INFO] 2020-10-29 01:04:54,048: topic[/rosout] adding connection to [/rosout], count 0
[rospy.core][INFO] 2020-10-29 01:04:55,817: signal_shutdown [atexit]
[rospy.internal][INFO] 2020-10-29 01:04:55,821: topic[/sound_play/cancel] removing connection to /sound_play
[rospy.internal][INFO] 2020-10-29 01:04:55,821: topic[/sound_play/goal] removing connection to /sound_play
[rospy.internal][INFO] 2020-10-29 01:04:55,821: topic[/rosout] removing connection to /rosout
[rospy.internal][INFO] 2020-10-29 01:04:55,821: topic[/robotsound] removing connection to /sound_play
[rospy.internal][INFO] 2020-10-29 01:04:55,821: topic[/sound_play/result] removing connection to http://freight1207:43785/
[rospy.internal][INFO] 2020-10-29 01:04:55,822: topic[/sound_play/status] removing connection to http://freight1207:43785/
[rospy.internal][INFO] 2020-10-29 01:04:55,822: topic[/sound_play/feedback] removing connection to http://freight1207:43785/
[rospy.impl.masterslave][INFO] 2020-10-29 01:04:55,822: atexit
[rospy.internal][WARNING] 2020-10-29 01:04:55,822: Unknown error initiating TCP/IP socket to freight1207:55528 (http://freight1207:43785/): Traceback (most recent call last):
  File "/opt/ros/indigo/lib/python2.7/dist-packages/rospy/impl/tcpros_base.py", line 558, in connect
    self.local_endpoint = self.socket.getsockname()
AttributeError: 'NoneType' object has no attribute 'getsockname'

[rospy.internal][WARNING] 2020-10-29 01:04:55,822: Unknown error initiating TCP/IP socket to freight1207:55528 (http://freight1207:43785/): Traceback (most recent call last):
  File "/opt/ros/indigo/lib/python2.7/dist-packages/rospy/impl/tcpros_base.py", line 557, in connect
    self.read_header()
  File "/opt/ros/indigo/lib/python2.7/dist-packages/rospy/impl/tcpros_base.py", line 619, in read_header
    self._validate_header(read_ros_handshake_header(sock, self.read_buff, self.protocol.buff_size))
AttributeError: 'NoneType' object has no attribute 'buff_size'

