[rospy.client][INFO] 2020-11-04 00:15:29,875: init_node, name[/play_8902_1604477729854], pid[8902]
[xmlrpc][INFO] 2020-11-04 00:15:29,876: XML-RPC server binding to 0.0.0.0:0
[xmlrpc][INFO] 2020-11-04 00:15:29,876: Started XML-RPC server [http://freight1207:40458/]
[rospy.init][INFO] 2020-11-04 00:15:29,876: ROS Slave URI: [http://freight1207:40458/]
[rospy.impl.masterslave][INFO] 2020-11-04 00:15:29,876: _ready: http://freight1207:40458/
[xmlrpc][INFO] 2020-11-04 00:15:29,877: xml rpc node: starting XML-RPC server
[rospy.registration][INFO] 2020-11-04 00:15:29,877: Registering with master node http://localhost:11311
[rospy.init][INFO] 2020-11-04 00:15:29,976: registered with master
[rospy.rosout][INFO] 2020-11-04 00:15:29,976: initializing /rosout core topic
[rospy.rosout][INFO] 2020-11-04 00:15:29,978: connected to core topic /rosout
[rospy.simtime][INFO] 2020-11-04 00:15:29,979: /use_sim_time is not set, will not subscribe to simulated time [/clock] topic
[rospy.internal][INFO] 2020-11-04 00:15:29,992: topic[/sound_play/feedback] adding connection to [http://freight1207:43347/], count 0
[rospy.internal][INFO] 2020-11-04 00:15:29,993: topic[/sound_play/feedback] adding connection to [http://freight1207:39551/], count 0
[rospy.internal][INFO] 2020-11-04 00:15:29,993: topic[/sound_play/result] adding connection to [http://freight1207:39551/], count 0
[rospy.internal][INFO] 2020-11-04 00:15:29,994: topic[/sound_play/result] adding connection to [http://freight1207:43347/], count 0
[rospy.internal][INFO] 2020-11-04 00:15:29,994: topic[/sound_play/status] adding connection to [http://freight1207:43347/], count 0
[rospy.internal][INFO] 2020-11-04 00:15:29,996: topic[/sound_play/status] adding connection to [http://freight1207:39551/], count 1
[rospy.internal][INFO] 2020-11-04 00:15:30,088: topic[/robotsound] adding connection to [/sound_play], count 0
[rospy.internal][INFO] 2020-11-04 00:15:30,088: topic[/sound_play/cancel] adding connection to [/sound_play], count 0
[rospy.internal][INFO] 2020-11-04 00:15:30,088: topic[/sound_play/goal] adding connection to [/sound_play], count 0
[rospy.internal][INFO] 2020-11-04 00:15:30,097: topic[/robotsound] adding connection to [/soundplay_node], count 1
[rospy.internal][INFO] 2020-11-04 00:15:30,098: topic[/sound_play/cancel] adding connection to [/soundplay_node], count 1
[rospy.internal][INFO] 2020-11-04 00:15:30,098: topic[/sound_play/goal] adding connection to [/soundplay_node], count 1
[rospy.internal][INFO] 2020-11-04 00:15:30,255: topic[/rosout] adding connection to [/rosout], count 0
[rospy.core][INFO] 2020-11-04 00:15:32,013: signal_shutdown [atexit]
[rospy.internal][INFO] 2020-11-04 00:15:32,016: topic[/sound_play/cancel] removing connection to /sound_play
[rospy.internal][INFO] 2020-11-04 00:15:32,016: topic[/sound_play/cancel] removing connection to /soundplay_node
[rospy.internal][INFO] 2020-11-04 00:15:32,016: topic[/sound_play/goal] removing connection to /sound_play
[rospy.internal][INFO] 2020-11-04 00:15:32,016: topic[/sound_play/goal] removing connection to /soundplay_node
[rospy.internal][INFO] 2020-11-04 00:15:32,016: topic[/rosout] removing connection to /rosout
[rospy.internal][INFO] 2020-11-04 00:15:32,017: topic[/robotsound] removing connection to /sound_play
[rospy.internal][INFO] 2020-11-04 00:15:32,017: topic[/robotsound] removing connection to /soundplay_node
[rospy.internal][INFO] 2020-11-04 00:15:32,017: topic[/sound_play/result] removing connection to http://freight1207:39551/
[rospy.internal][INFO] 2020-11-04 00:15:32,017: topic[/sound_play/result] removing connection to http://freight1207:43347/
[rospy.internal][INFO] 2020-11-04 00:15:32,018: topic[/sound_play/status] removing connection to http://freight1207:43347/
[rospy.internal][INFO] 2020-11-04 00:15:32,018: topic[/sound_play/status] removing connection to http://freight1207:39551/
[rospy.internal][INFO] 2020-11-04 00:15:32,018: topic[/sound_play/feedback] removing connection to http://freight1207:43347/
[rospy.internal][INFO] 2020-11-04 00:15:32,018: topic[/sound_play/feedback] removing connection to http://freight1207:39551/
[rospy.impl.masterslave][INFO] 2020-11-04 00:15:32,018: atexit
