[rospy.client][INFO] 2020-11-04 00:09:23,423: init_node, name[/play_8775_1604477363401], pid[8775]
[xmlrpc][INFO] 2020-11-04 00:09:23,424: XML-RPC server binding to 0.0.0.0:0
[xmlrpc][INFO] 2020-11-04 00:09:23,424: Started XML-RPC server [http://freight1207:34463/]
[rospy.init][INFO] 2020-11-04 00:09:23,424: ROS Slave URI: [http://freight1207:34463/]
[rospy.impl.masterslave][INFO] 2020-11-04 00:09:23,424: _ready: http://freight1207:34463/
[xmlrpc][INFO] 2020-11-04 00:09:23,425: xml rpc node: starting XML-RPC server
[rospy.registration][INFO] 2020-11-04 00:09:23,425: Registering with master node http://localhost:11311
[rospy.init][INFO] 2020-11-04 00:09:23,524: registered with master
[rospy.rosout][INFO] 2020-11-04 00:09:23,525: initializing /rosout core topic
[rospy.rosout][INFO] 2020-11-04 00:09:23,526: connected to core topic /rosout
[rospy.simtime][INFO] 2020-11-04 00:09:23,527: /use_sim_time is not set, will not subscribe to simulated time [/clock] topic
[rospy.internal][INFO] 2020-11-04 00:09:23,540: topic[/sound_play/feedback] adding connection to [http://freight1207:43347/], count 0
[rospy.internal][INFO] 2020-11-04 00:09:23,541: topic[/sound_play/result] adding connection to [http://freight1207:43347/], count 0
[rospy.internal][INFO] 2020-11-04 00:09:23,541: topic[/sound_play/result] adding connection to [http://freight1207:39551/], count 0
[rospy.internal][INFO] 2020-11-04 00:09:23,542: topic[/sound_play/feedback] adding connection to [http://freight1207:39551/], count 0
[rospy.internal][INFO] 2020-11-04 00:09:23,543: topic[/sound_play/status] adding connection to [http://freight1207:43347/], count 0
[rospy.internal][INFO] 2020-11-04 00:09:23,543: topic[/sound_play/status] adding connection to [http://freight1207:39551/], count 0
[rospy.internal][INFO] 2020-11-04 00:09:23,592: topic[/robotsound] adding connection to [/sound_play], count 0
[rospy.internal][INFO] 2020-11-04 00:09:23,592: topic[/sound_play/cancel] adding connection to [/sound_play], count 0
[rospy.internal][INFO] 2020-11-04 00:09:23,593: topic[/sound_play/goal] adding connection to [/sound_play], count 0
[rospy.internal][INFO] 2020-11-04 00:09:23,602: topic[/sound_play/cancel] adding connection to [/soundplay_node], count 1
[rospy.internal][INFO] 2020-11-04 00:09:23,602: topic[/robotsound] adding connection to [/soundplay_node], count 1
[rospy.internal][INFO] 2020-11-04 00:09:23,602: topic[/sound_play/goal] adding connection to [/soundplay_node], count 1
[rospy.internal][INFO] 2020-11-04 00:09:23,750: topic[/rosout] adding connection to [/rosout], count 0
[rospy.core][INFO] 2020-11-04 00:09:25,553: signal_shutdown [atexit]
[rospy.internal][INFO] 2020-11-04 00:09:25,557: topic[/sound_play/cancel] removing connection to /sound_play
[rospy.internal][INFO] 2020-11-04 00:09:25,557: topic[/sound_play/cancel] removing connection to /soundplay_node
[rospy.internal][INFO] 2020-11-04 00:09:25,557: topic[/sound_play/goal] removing connection to /sound_play
[rospy.internal][INFO] 2020-11-04 00:09:25,558: topic[/sound_play/goal] removing connection to /soundplay_node
[rospy.internal][INFO] 2020-11-04 00:09:25,558: topic[/rosout] removing connection to /rosout
[rospy.internal][INFO] 2020-11-04 00:09:25,558: topic[/robotsound] removing connection to /sound_play
[rospy.internal][INFO] 2020-11-04 00:09:25,558: topic[/robotsound] removing connection to /soundplay_node
[rospy.internal][INFO] 2020-11-04 00:09:25,558: topic[/sound_play/result] removing connection to http://freight1207:43347/
[rospy.internal][WARNING] 2020-11-04 00:09:25,559: Unknown error initiating TCP/IP socket to freight1207:48915 (http://freight1207:43347/): Traceback (most recent call last):
  File "/opt/ros/indigo/lib/python2.7/dist-packages/rospy/impl/tcpros_base.py", line 557, in connect
    self.read_header()
  File "/opt/ros/indigo/lib/python2.7/dist-packages/rospy/impl/tcpros_base.py", line 619, in read_header
    self._validate_header(read_ros_handshake_header(sock, self.read_buff, self.protocol.buff_size))
AttributeError: 'NoneType' object has no attribute 'buff_size'

[rospy.topics][ERROR] 2020-11-04 00:09:25,559: Traceback (most recent call last):
  File "/opt/ros/indigo/lib/python2.7/dist-packages/rospy/topics.py", line 307, in close
    c.close()
  File "/opt/ros/indigo/lib/python2.7/dist-packages/rospy/impl/tcpros_base.py", line 807, in close
    self.socket.close()
AttributeError: 'NoneType' object has no attribute 'close'

[rospy.internal][INFO] 2020-11-04 00:09:25,559: topic[/sound_play/result] removing connection to http://freight1207:39551/
[rospy.internal][INFO] 2020-11-04 00:09:25,559: topic[/sound_play/status] removing connection to http://freight1207:43347/
[rospy.internal][INFO] 2020-11-04 00:09:25,559: topic[/sound_play/status] removing connection to http://freight1207:39551/
[rospy.internal][INFO] 2020-11-04 00:09:25,559: topic[/sound_play/feedback] removing connection to http://freight1207:43347/
[rospy.internal][INFO] 2020-11-04 00:09:25,560: topic[/sound_play/feedback] removing connection to http://freight1207:39551/
[rospy.impl.masterslave][INFO] 2020-11-04 00:09:25,560: atexit
