[rospy.client][INFO] 2020-11-04 00:22:54,066: init_node, name[/play_13777_1604478174044], pid[13777]
[xmlrpc][INFO] 2020-11-04 00:22:54,066: XML-RPC server binding to 0.0.0.0:0
[xmlrpc][INFO] 2020-11-04 00:22:54,066: Started XML-RPC server [http://freight1207:46783/]
[rospy.init][INFO] 2020-11-04 00:22:54,066: ROS Slave URI: [http://freight1207:46783/]
[rospy.impl.masterslave][INFO] 2020-11-04 00:22:54,066: _ready: http://freight1207:46783/
[xmlrpc][INFO] 2020-11-04 00:22:54,067: xml rpc node: starting XML-RPC server
[rospy.registration][INFO] 2020-11-04 00:22:54,067: Registering with master node http://localhost:11311
[rospy.init][INFO] 2020-11-04 00:22:54,166: registered with master
[rospy.rosout][INFO] 2020-11-04 00:22:54,167: initializing /rosout core topic
[rospy.rosout][INFO] 2020-11-04 00:22:54,168: connected to core topic /rosout
[rospy.simtime][INFO] 2020-11-04 00:22:54,169: /use_sim_time is not set, will not subscribe to simulated time [/clock] topic
[rospy.internal][INFO] 2020-11-04 00:22:54,182: topic[/sound_play/result] adding connection to [http://freight1207:43347/], count 0
[rospy.internal][INFO] 2020-11-04 00:22:54,183: topic[/sound_play/result] adding connection to [http://freight1207:39551/], count 0
[rospy.internal][INFO] 2020-11-04 00:22:54,183: topic[/sound_play/feedback] adding connection to [http://freight1207:43347/], count 0
[rospy.internal][INFO] 2020-11-04 00:22:54,183: topic[/sound_play/feedback] adding connection to [http://freight1207:39551/], count 0
[rospy.internal][INFO] 2020-11-04 00:22:54,185: topic[/sound_play/status] adding connection to [http://freight1207:43347/], count 0
[rospy.internal][INFO] 2020-11-04 00:22:54,186: topic[/sound_play/status] adding connection to [http://freight1207:39551/], count 0
[rospy.internal][INFO] 2020-11-04 00:22:54,264: topic[/robotsound] adding connection to [/sound_play], count 0
[rospy.internal][INFO] 2020-11-04 00:22:54,265: topic[/sound_play/goal] adding connection to [/sound_play], count 0
[rospy.internal][INFO] 2020-11-04 00:22:54,265: topic[/sound_play/cancel] adding connection to [/sound_play], count 0
[rospy.internal][INFO] 2020-11-04 00:22:54,274: topic[/robotsound] adding connection to [/soundplay_node], count 1
[rospy.internal][INFO] 2020-11-04 00:22:54,275: topic[/sound_play/cancel] adding connection to [/soundplay_node], count 1
[rospy.internal][INFO] 2020-11-04 00:22:54,275: topic[/sound_play/goal] adding connection to [/soundplay_node], count 1
[rospy.internal][INFO] 2020-11-04 00:22:54,447: topic[/rosout] adding connection to [/rosout], count 0
[rospy.core][INFO] 2020-11-04 00:22:56,196: signal_shutdown [atexit]
[rospy.internal][INFO] 2020-11-04 00:22:56,204: topic[/sound_play/cancel] removing connection to /sound_play
[rospy.internal][INFO] 2020-11-04 00:22:56,204: topic[/sound_play/cancel] removing connection to /soundplay_node
[rospy.internal][INFO] 2020-11-04 00:22:56,205: topic[/sound_play/goal] removing connection to /sound_play
[rospy.internal][INFO] 2020-11-04 00:22:56,205: topic[/sound_play/goal] removing connection to /soundplay_node
[rospy.internal][INFO] 2020-11-04 00:22:56,206: topic[/rosout] removing connection to /rosout
[rospy.internal][INFO] 2020-11-04 00:22:56,206: topic[/robotsound] removing connection to /sound_play
[rospy.internal][INFO] 2020-11-04 00:22:56,207: topic[/robotsound] removing connection to /soundplay_node
[rospy.internal][INFO] 2020-11-04 00:22:56,207: topic[/sound_play/result] removing connection to http://freight1207:43347/
[rospy.internal][INFO] 2020-11-04 00:22:56,208: topic[/sound_play/result] removing connection to http://freight1207:39551/
[rospy.internal][WARNING] 2020-11-04 00:22:56,208: Unknown error initiating TCP/IP socket to freight1207:33601 (http://freight1207:39551/): Traceback (most recent call last):
  File "/opt/ros/indigo/lib/python2.7/dist-packages/rospy/impl/tcpros_base.py", line 557, in connect
    self.read_header()
  File "/opt/ros/indigo/lib/python2.7/dist-packages/rospy/impl/tcpros_base.py", line 619, in read_header
    self._validate_header(read_ros_handshake_header(sock, self.read_buff, self.protocol.buff_size))
AttributeError: 'NoneType' object has no attribute 'buff_size'

[rospy.topics][ERROR] 2020-11-04 00:22:56,209: Traceback (most recent call last):
  File "/opt/ros/indigo/lib/python2.7/dist-packages/rospy/topics.py", line 307, in close
    c.close()
  File "/opt/ros/indigo/lib/python2.7/dist-packages/rospy/impl/tcpros_base.py", line 807, in close
    self.socket.close()
AttributeError: 'NoneType' object has no attribute 'close'

[rospy.internal][INFO] 2020-11-04 00:22:56,209: topic[/sound_play/status] removing connection to http://freight1207:43347/
[rospy.internal][INFO] 2020-11-04 00:22:56,209: topic[/sound_play/status] removing connection to http://freight1207:39551/
[rospy.internal][INFO] 2020-11-04 00:22:56,209: topic[/sound_play/feedback] removing connection to http://freight1207:43347/
[rospy.internal][INFO] 2020-11-04 00:22:56,209: topic[/sound_play/feedback] removing connection to http://freight1207:39551/
[rospy.impl.masterslave][INFO] 2020-11-04 00:22:56,210: atexit
