[rospy.client][INFO] 2020-10-29 01:04:27,370: init_node, name[/play_12341_1603958667350], pid[12341]
[xmlrpc][INFO] 2020-10-29 01:04:27,370: XML-RPC server binding to 0.0.0.0:0
[xmlrpc][INFO] 2020-10-29 01:04:27,371: Started XML-RPC server [http://freight1207:54941/]
[rospy.init][INFO] 2020-10-29 01:04:27,371: ROS Slave URI: [http://freight1207:54941/]
[rospy.impl.masterslave][INFO] 2020-10-29 01:04:27,371: _ready: http://freight1207:54941/
[xmlrpc][INFO] 2020-10-29 01:04:27,371: xml rpc node: starting XML-RPC server
[rospy.registration][INFO] 2020-10-29 01:04:27,371: Registering with master node http://localhost:11311
[rospy.init][INFO] 2020-10-29 01:04:27,471: registered with master
[rospy.rosout][INFO] 2020-10-29 01:04:27,471: initializing /rosout core topic
[rospy.rosout][INFO] 2020-10-29 01:04:27,473: connected to core topic /rosout
[rospy.simtime][INFO] 2020-10-29 01:04:27,474: /use_sim_time is not set, will not subscribe to simulated time [/clock] topic
[rospy.internal][INFO] 2020-10-29 01:04:27,487: topic[/sound_play/feedback] adding connection to [http://freight1207:43785/], count 0
[rospy.internal][INFO] 2020-10-29 01:04:27,487: topic[/sound_play/result] adding connection to [http://freight1207:43785/], count 0
[rospy.internal][INFO] 2020-10-29 01:04:27,487: topic[/sound_play/status] adding connection to [http://freight1207:43785/], count 0
[rospy.internal][INFO] 2020-10-29 01:04:27,522: topic[/robotsound] adding connection to [/sound_play], count 0
[rospy.internal][INFO] 2020-10-29 01:04:27,522: topic[/sound_play/goal] adding connection to [/sound_play], count 0
[rospy.internal][INFO] 2020-10-29 01:04:27,522: topic[/sound_play/cancel] adding connection to [/sound_play], count 0
[rospy.internal][INFO] 2020-10-29 01:04:27,707: topic[/rosout] adding connection to [/rosout], count 0
[rospy.core][INFO] 2020-10-29 01:04:29,500: signal_shutdown [atexit]
[rospy.internal][INFO] 2020-10-29 01:04:29,503: topic[/sound_play/cancel] removing connection to /sound_play
[rospy.internal][INFO] 2020-10-29 01:04:29,504: topic[/sound_play/goal] removing connection to /sound_play
[rospy.internal][INFO] 2020-10-29 01:04:29,504: topic[/rosout] removing connection to /rosout
[rospy.internal][INFO] 2020-10-29 01:04:29,504: topic[/robotsound] removing connection to /sound_play
[rospy.internal][INFO] 2020-10-29 01:04:29,504: topic[/sound_play/result] removing connection to http://freight1207:43785/
[rospy.internal][WARNING] 2020-10-29 01:04:29,505: Unknown error initiating TCP/IP socket to freight1207:55528 (http://freight1207:43785/): Traceback (most recent call last):
  File "/opt/ros/indigo/lib/python2.7/dist-packages/rospy/impl/tcpros_base.py", line 557, in connect
    self.read_header()
  File "/opt/ros/indigo/lib/python2.7/dist-packages/rospy/impl/tcpros_base.py", line 619, in read_header
    self._validate_header(read_ros_handshake_header(sock, self.read_buff, self.protocol.buff_size))
AttributeError: 'NoneType' object has no attribute 'buff_size'

[rospy.topics][ERROR] 2020-10-29 01:04:29,505: Traceback (most recent call last):
  File "/opt/ros/indigo/lib/python2.7/dist-packages/rospy/topics.py", line 307, in close
    c.close()
  File "/opt/ros/indigo/lib/python2.7/dist-packages/rospy/impl/tcpros_base.py", line 807, in close
    self.socket.close()
AttributeError: 'NoneType' object has no attribute 'close'

[rospy.internal][INFO] 2020-10-29 01:04:29,505: topic[/sound_play/status] removing connection to http://freight1207:43785/
[rospy.internal][INFO] 2020-10-29 01:04:29,505: topic[/sound_play/feedback] removing connection to http://freight1207:43785/
[rospy.impl.masterslave][INFO] 2020-10-29 01:04:29,505: atexit
