[rospy.client][INFO] 2020-10-29 01:05:07,903: init_node, name[/play_12804_1603958707884], pid[12804]
[xmlrpc][INFO] 2020-10-29 01:05:07,903: XML-RPC server binding to 0.0.0.0:0
[xmlrpc][INFO] 2020-10-29 01:05:07,904: Started XML-RPC server [http://freight1207:33406/]
[rospy.init][INFO] 2020-10-29 01:05:07,904: ROS Slave URI: [http://freight1207:33406/]
[rospy.impl.masterslave][INFO] 2020-10-29 01:05:07,904: _ready: http://freight1207:33406/
[xmlrpc][INFO] 2020-10-29 01:05:07,904: xml rpc node: starting XML-RPC server
[rospy.registration][INFO] 2020-10-29 01:05:07,904: Registering with master node http://localhost:11311
[rospy.init][INFO] 2020-10-29 01:05:08,004: registered with master
[rospy.rosout][INFO] 2020-10-29 01:05:08,004: initializing /rosout core topic
[rospy.rosout][INFO] 2020-10-29 01:05:08,007: connected to core topic /rosout
[rospy.simtime][INFO] 2020-10-29 01:05:08,008: /use_sim_time is not set, will not subscribe to simulated time [/clock] topic
[rospy.internal][INFO] 2020-10-29 01:05:08,019: topic[/sound_play/status] adding connection to [http://freight1207:43785/], count 0
[rospy.internal][INFO] 2020-10-29 01:05:08,022: topic[/sound_play/feedback] adding connection to [http://freight1207:43785/], count 0
[rospy.internal][INFO] 2020-10-29 01:05:08,023: topic[/sound_play/result] adding connection to [http://freight1207:43785/], count 0
[rospy.internal][INFO] 2020-10-29 01:05:08,083: topic[/robotsound] adding connection to [/sound_play], count 0
[rospy.internal][INFO] 2020-10-29 01:05:08,083: topic[/sound_play/cancel] adding connection to [/sound_play], count 0
[rospy.internal][INFO] 2020-10-29 01:05:08,084: topic[/sound_play/goal] adding connection to [/sound_play], count 0
[rospy.internal][INFO] 2020-10-29 01:05:08,276: topic[/rosout] adding connection to [/rosout], count 0
[rospy.core][INFO] 2020-10-29 01:05:10,039: signal_shutdown [atexit]
[rospy.internal][INFO] 2020-10-29 01:05:10,042: topic[/sound_play/cancel] removing connection to /sound_play
[rospy.internal][INFO] 2020-10-29 01:05:10,042: topic[/sound_play/goal] removing connection to /sound_play
[rospy.internal][INFO] 2020-10-29 01:05:10,043: topic[/rosout] removing connection to /rosout
[rospy.internal][INFO] 2020-10-29 01:05:10,043: topic[/robotsound] removing connection to /sound_play
[rospy.internal][INFO] 2020-10-29 01:05:10,043: topic[/sound_play/result] removing connection to http://freight1207:43785/
[rospy.internal][INFO] 2020-10-29 01:05:10,043: topic[/sound_play/status] removing connection to http://freight1207:43785/
[rospy.internal][INFO] 2020-10-29 01:05:10,043: topic[/sound_play/feedback] removing connection to http://freight1207:43785/
[rospy.impl.masterslave][INFO] 2020-10-29 01:05:10,044: atexit
