[rospy.client][INFO] 2020-11-04 00:22:41,525: init_node, name[/play_13680_1604478161503], pid[13680]
[xmlrpc][INFO] 2020-11-04 00:22:41,525: XML-RPC server binding to 0.0.0.0:0
[xmlrpc][INFO] 2020-11-04 00:22:41,526: Started XML-RPC server [http://freight1207:48993/]
[rospy.init][INFO] 2020-11-04 00:22:41,526: ROS Slave URI: [http://freight1207:48993/]
[rospy.impl.masterslave][INFO] 2020-11-04 00:22:41,526: _ready: http://freight1207:48993/
[xmlrpc][INFO] 2020-11-04 00:22:41,526: xml rpc node: starting XML-RPC server
[rospy.registration][INFO] 2020-11-04 00:22:41,526: Registering with master node http://localhost:11311
[rospy.init][INFO] 2020-11-04 00:22:41,626: registered with master
[rospy.rosout][INFO] 2020-11-04 00:22:41,626: initializing /rosout core topic
[rospy.rosout][INFO] 2020-11-04 00:22:41,628: connected to core topic /rosout
[rospy.simtime][INFO] 2020-11-04 00:22:41,628: /use_sim_time is not set, will not subscribe to simulated time [/clock] topic
[rospy.internal][INFO] 2020-11-04 00:22:41,642: topic[/sound_play/feedback] adding connection to [http://freight1207:39551/], count 0
[rospy.internal][INFO] 2020-11-04 00:22:41,642: topic[/sound_play/feedback] adding connection to [http://freight1207:43347/], count 0
[rospy.internal][INFO] 2020-11-04 00:22:41,643: topic[/sound_play/result] adding connection to [http://freight1207:43347/], count 0
[rospy.internal][INFO] 2020-11-04 00:22:41,642: topic[/sound_play/result] adding connection to [http://freight1207:39551/], count 0
[rospy.internal][INFO] 2020-11-04 00:22:41,644: topic[/sound_play/status] adding connection to [http://freight1207:43347/], count 0
[rospy.internal][INFO] 2020-11-04 00:22:41,644: topic[/sound_play/status] adding connection to [http://freight1207:39551/], count 1
[rospy.internal][INFO] 2020-11-04 00:22:41,760: topic[/robotsound] adding connection to [/sound_play], count 0
[rospy.internal][INFO] 2020-11-04 00:22:41,761: topic[/sound_play/goal] adding connection to [/sound_play], count 0
[rospy.internal][INFO] 2020-11-04 00:22:41,761: topic[/sound_play/cancel] adding connection to [/sound_play], count 0
[rospy.internal][INFO] 2020-11-04 00:22:41,771: topic[/sound_play/cancel] adding connection to [/soundplay_node], count 1
[rospy.internal][INFO] 2020-11-04 00:22:41,771: topic[/robotsound] adding connection to [/soundplay_node], count 1
[rospy.internal][INFO] 2020-11-04 00:22:41,771: topic[/sound_play/goal] adding connection to [/soundplay_node], count 1
[rospy.internal][INFO] 2020-11-04 00:22:41,926: topic[/rosout] adding connection to [/rosout], count 0
[rospy.core][INFO] 2020-11-04 00:22:43,658: signal_shutdown [atexit]
[rospy.internal][INFO] 2020-11-04 00:22:43,661: topic[/sound_play/cancel] removing connection to /sound_play
[rospy.internal][INFO] 2020-11-04 00:22:43,661: topic[/sound_play/cancel] removing connection to /soundplay_node
[rospy.internal][INFO] 2020-11-04 00:22:43,662: topic[/sound_play/goal] removing connection to /sound_play
[rospy.internal][INFO] 2020-11-04 00:22:43,662: topic[/sound_play/goal] removing connection to /soundplay_node
[rospy.internal][INFO] 2020-11-04 00:22:43,662: topic[/rosout] removing connection to /rosout
[rospy.internal][INFO] 2020-11-04 00:22:43,662: topic[/robotsound] removing connection to /sound_play
[rospy.internal][INFO] 2020-11-04 00:22:43,663: topic[/robotsound] removing connection to /soundplay_node
[rospy.internal][INFO] 2020-11-04 00:22:43,663: topic[/sound_play/result] removing connection to http://freight1207:43347/
[rospy.internal][INFO] 2020-11-04 00:22:43,663: topic[/sound_play/result] removing connection to http://freight1207:39551/
[rospy.internal][INFO] 2020-11-04 00:22:43,663: topic[/sound_play/status] removing connection to http://freight1207:43347/
[rospy.internal][INFO] 2020-11-04 00:22:43,663: topic[/sound_play/status] removing connection to http://freight1207:39551/
[rospy.internal][INFO] 2020-11-04 00:22:43,663: topic[/sound_play/feedback] removing connection to http://freight1207:39551/
[rospy.internal][INFO] 2020-11-04 00:22:43,663: topic[/sound_play/feedback] removing connection to http://freight1207:43347/
[rospy.impl.masterslave][INFO] 2020-11-04 00:22:43,664: atexit
