[rospy.client][INFO] 2020-10-29 01:04:50,280: init_node, name[/play_12484_1603958690259], pid[12484]
[xmlrpc][INFO] 2020-10-29 01:04:50,280: XML-RPC server binding to 0.0.0.0:0
[xmlrpc][INFO] 2020-10-29 01:04:50,280: Started XML-RPC server [http://freight1207:34142/]
[rospy.impl.masterslave][INFO] 2020-10-29 01:04:50,280: _ready: http://freight1207:34142/
[rospy.init][INFO] 2020-10-29 01:04:50,280: ROS Slave URI: [http://freight1207:34142/]
[xmlrpc][INFO] 2020-10-29 01:04:50,281: xml rpc node: starting XML-RPC server
[rospy.registration][INFO] 2020-10-29 01:04:50,281: Registering with master node http://localhost:11311
[rospy.init][INFO] 2020-10-29 01:04:50,381: registered with master
[rospy.rosout][INFO] 2020-10-29 01:04:50,381: initializing /rosout core topic
[rospy.rosout][INFO] 2020-10-29 01:04:50,383: connected to core topic /rosout
[rospy.simtime][INFO] 2020-10-29 01:04:50,384: /use_sim_time is not set, will not subscribe to simulated time [/clock] topic
[rospy.internal][INFO] 2020-10-29 01:04:50,396: topic[/sound_play/feedback] adding connection to [http://freight1207:43785/], count 0
[rospy.internal][INFO] 2020-10-29 01:04:50,396: topic[/sound_play/result] adding connection to [http://freight1207:43785/], count 0
[rospy.internal][INFO] 2020-10-29 01:04:50,397: topic[/sound_play/status] adding connection to [http://freight1207:43785/], count 0
[rospy.internal][INFO] 2020-10-29 01:04:50,455: topic[/robotsound] adding connection to [/sound_play], count 0
[rospy.internal][INFO] 2020-10-29 01:04:50,456: topic[/sound_play/cancel] adding connection to [/sound_play], count 0
[rospy.internal][INFO] 2020-10-29 01:04:50,456: topic[/sound_play/goal] adding connection to [/sound_play], count 0
[rospy.internal][INFO] 2020-10-29 01:04:50,641: topic[/rosout] adding connection to [/rosout], count 0
[rospy.core][INFO] 2020-10-29 01:04:52,410: signal_shutdown [atexit]
[rospy.internal][INFO] 2020-10-29 01:04:52,413: topic[/sound_play/cancel] removing connection to /sound_play
[rospy.internal][INFO] 2020-10-29 01:04:52,413: topic[/sound_play/goal] removing connection to /sound_play
[rospy.internal][INFO] 2020-10-29 01:04:52,413: topic[/rosout] removing connection to /rosout
[rospy.internal][INFO] 2020-10-29 01:04:52,414: topic[/robotsound] removing connection to /sound_play
[rospy.internal][INFO] 2020-10-29 01:04:52,414: topic[/sound_play/result] removing connection to http://freight1207:43785/
[rospy.internal][INFO] 2020-10-29 01:04:52,414: topic[/sound_play/status] removing connection to http://freight1207:43785/
[rospy.internal][INFO] 2020-10-29 01:04:52,414: topic[/sound_play/feedback] removing connection to http://freight1207:43785/
[rospy.impl.masterslave][INFO] 2020-10-29 01:04:52,414: atexit
