[rospy.client][INFO] 2020-11-04 00:01:34,194: init_node, name[/play_7626_1604476894173], pid[7626]
[xmlrpc][INFO] 2020-11-04 00:01:34,194: XML-RPC server binding to 0.0.0.0:0
[xmlrpc][INFO] 2020-11-04 00:01:34,194: Started XML-RPC server [http://freight1207:38380/]
[rospy.init][INFO] 2020-11-04 00:01:34,194: ROS Slave URI: [http://freight1207:38380/]
[rospy.impl.masterslave][INFO] 2020-11-04 00:01:34,195: _ready: http://freight1207:38380/
[rospy.registration][INFO] 2020-11-04 00:01:34,195: Registering with master node http://localhost:11311
[xmlrpc][INFO] 2020-11-04 00:01:34,195: xml rpc node: starting XML-RPC server
[rospy.init][INFO] 2020-11-04 00:01:34,295: registered with master
[rospy.rosout][INFO] 2020-11-04 00:01:34,295: initializing /rosout core topic
[rospy.rosout][INFO] 2020-11-04 00:01:34,297: connected to core topic /rosout
[rospy.simtime][INFO] 2020-11-04 00:01:34,297: /use_sim_time is not set, will not subscribe to simulated time [/clock] topic
[rospy.internal][INFO] 2020-11-04 00:01:34,311: topic[/sound_play/result] adding connection to [http://freight1207:46946/], count 0
[rospy.internal][INFO] 2020-11-04 00:01:34,311: topic[/sound_play/feedback] adding connection to [http://freight1207:46946/], count 0
[rospy.internal][INFO] 2020-11-04 00:01:34,311: topic[/sound_play/status] adding connection to [http://freight1207:46946/], count 0
[rospy.internal][INFO] 2020-11-04 00:01:34,341: topic[/sound_play/cancel] adding connection to [/sound_play], count 0
[rospy.internal][INFO] 2020-11-04 00:01:34,341: topic[/robotsound] adding connection to [/sound_play], count 0
[rospy.internal][INFO] 2020-11-04 00:01:34,341: topic[/sound_play/goal] adding connection to [/sound_play], count 0
[rospy.internal][INFO] 2020-11-04 00:01:34,517: topic[/rosout] adding connection to [/rosout], count 0
[rospy.core][INFO] 2020-11-04 00:01:35,313: signal_shutdown [atexit]
[rospy.internal][INFO] 2020-11-04 00:01:35,316: topic[/sound_play/cancel] removing connection to /sound_play
[rospy.internal][INFO] 2020-11-04 00:01:35,316: topic[/sound_play/goal] removing connection to /sound_play
[rospy.internal][INFO] 2020-11-04 00:01:35,316: topic[/rosout] removing connection to /rosout
[rospy.internal][INFO] 2020-11-04 00:01:35,316: topic[/robotsound] removing connection to /sound_play
[rospy.internal][INFO] 2020-11-04 00:01:35,316: topic[/sound_play/result] removing connection to http://freight1207:46946/
[rospy.internal][INFO] 2020-11-04 00:01:35,317: topic[/sound_play/status] removing connection to http://freight1207:46946/
[rospy.internal][WARNING] 2020-11-04 00:01:35,317: Unknown error initiating TCP/IP socket to freight1207:59372 (http://freight1207:46946/): Traceback (most recent call last):
  File "/opt/ros/indigo/lib/python2.7/dist-packages/rospy/impl/tcpros_base.py", line 558, in connect
    self.local_endpoint = self.socket.getsockname()
AttributeError: 'NoneType' object has no attribute 'getsockname'

[rospy.internal][INFO] 2020-11-04 00:01:35,317: topic[/sound_play/feedback] removing connection to http://freight1207:46946/
[rospy.impl.masterslave][INFO] 2020-11-04 00:01:35,317: atexit
[rospy.internal][WARNING] 2020-11-04 00:01:35,317: Unknown error initiating TCP/IP socket to freight1207:59372 (http://freight1207:46946/): Traceback (most recent call last):
  File "/opt/ros/indigo/lib/python2.7/dist-packages/rospy/impl/tcpros_base.py", line 558, in connect
    self.local_endpoint = self.socket.getsockname()
AttributeError: 'NoneType' object has no attribute 'getsockname'

