[rospy.client][INFO] 2020-10-25 23:08:27,919: init_node, name[/rostopic_8048_1603692507900], pid[8048]
[xmlrpc][INFO] 2020-10-25 23:08:27,919: XML-RPC server binding to 0.0.0.0:0
[xmlrpc][INFO] 2020-10-25 23:08:27,920: Started XML-RPC server [http://freight1207:60757/]
[rospy.init][INFO] 2020-10-25 23:08:27,920: ROS Slave URI: [http://freight1207:60757/]
[rospy.impl.masterslave][INFO] 2020-10-25 23:08:27,920: _ready: http://freight1207:60757/
[rospy.registration][INFO] 2020-10-25 23:08:27,920: Registering with master node http://localhost:11311
[xmlrpc][INFO] 2020-10-25 23:08:27,920: xml rpc node: starting XML-RPC server
[rospy.init][INFO] 2020-10-25 23:08:28,020: registered with master
[rospy.rosout][INFO] 2020-10-25 23:08:28,020: initializing /rosout core topic
[rospy.rosout][INFO] 2020-10-25 23:08:28,021: connected to core topic /rosout
[rospy.simtime][INFO] 2020-10-25 23:08:28,022: /use_sim_time is not set, will not subscribe to simulated time [/clock] topic
[rospy.internal][INFO] 2020-10-25 23:08:28,136: topic[/rosout] adding connection to [/rosout], count 0
[rospy.internal][INFO] 2020-10-25 23:08:57,105: topic[/amcl_pose] adding connection to [http://freight1207:45161/], count 0
[rospy.core][INFO] 2020-10-25 23:09:36,178: signal_shutdown [signal-2]
[rospy.internal][INFO] 2020-10-25 23:09:36,180: topic[/rosout] removing connection to /rosout
[rospy.internal][INFO] 2020-10-25 23:09:36,180: topic[/amcl_pose] removing connection to http://freight1207:45161/
[rospy.impl.masterslave][INFO] 2020-10-25 23:09:36,180: signal-2
[rospy.internal][WARNING] 2020-10-25 23:09:36,180: Unknown error initiating TCP/IP socket to freight1207:48985 (http://freight1207:45161/): Traceback (most recent call last):
  File "/opt/ros/indigo/lib/python2.7/dist-packages/rospy/impl/tcpros_base.py", line 558, in connect
    self.local_endpoint = self.socket.getsockname()
AttributeError: 'NoneType' object has no attribute 'getsockname'

[rospy.core][INFO] 2020-10-25 23:09:36,344: signal_shutdown [atexit]
