[rospy.client][INFO] 2020-11-04 19:10:59,171: init_node, name[/rostopic_7017_1604545859148], pid[7017]
[xmlrpc][INFO] 2020-11-04 19:10:59,171: XML-RPC server binding to 0.0.0.0:0
[xmlrpc][INFO] 2020-11-04 19:10:59,171: Started XML-RPC server [http://freight1207:57732/]
[rospy.init][INFO] 2020-11-04 19:10:59,171: ROS Slave URI: [http://freight1207:57732/]
[rospy.impl.masterslave][INFO] 2020-11-04 19:10:59,171: _ready: http://freight1207:57732/
[rospy.registration][INFO] 2020-11-04 19:10:59,172: Registering with master node http://localhost:11311
[xmlrpc][INFO] 2020-11-04 19:10:59,172: xml rpc node: starting XML-RPC server
[rospy.init][INFO] 2020-11-04 19:10:59,272: registered with master
[rospy.rosout][INFO] 2020-11-04 19:10:59,272: initializing /rosout core topic
[rospy.rosout][INFO] 2020-11-04 19:10:59,273: connected to core topic /rosout
[rospy.simtime][INFO] 2020-11-04 19:10:59,274: /use_sim_time is not set, will not subscribe to simulated time [/clock] topic
[rospy.internal][INFO] 2020-11-04 19:10:59,286: topic[/odom] adding connection to [http://freight1207:41730/], count 0
[rospy.internal][INFO] 2020-11-04 19:10:59,498: topic[/rosout] adding connection to [/rosout], count 0
[rospy.core][INFO] 2020-11-04 19:11:10,966: signal_shutdown [signal-2]
[rospy.internal][INFO] 2020-11-04 19:11:10,968: topic[/rosout] removing connection to /rosout
[rospy.internal][INFO] 2020-11-04 19:11:10,968: topic[/odom] removing connection to http://freight1207:41730/
[rospy.impl.masterslave][INFO] 2020-11-04 19:11:10,968: signal-2
[rospy.internal][ERROR] 2020-11-04 19:11:10,969: Traceback (most recent call last):
  File "/opt/ros/indigo/lib/python2.7/dist-packages/rospy/impl/tcpros_base.py", line 698, in receive_once
    self.stat_bytes += recv_buff(sock, b, p.buff_size)
  File "/opt/ros/indigo/lib/python2.7/dist-packages/rospy/impl/tcpros_base.py", line 103, in recv_buff
    d = sock.recv(buff_size)
error: [Errno 104] Connection reset by peer

[rospy.core][INFO] 2020-11-04 19:11:11,132: signal_shutdown [atexit]
