[rospy.client][INFO] 2020-10-29 22:37:11,945: init_node, name[/rostopic_5129_1604036231924], pid[5129]
[xmlrpc][INFO] 2020-10-29 22:37:11,946: XML-RPC server binding to 0.0.0.0:0
[xmlrpc][INFO] 2020-10-29 22:37:11,946: Started XML-RPC server [http://freight1207:55456/]
[rospy.init][INFO] 2020-10-29 22:37:11,946: ROS Slave URI: [http://freight1207:55456/]
[rospy.impl.masterslave][INFO] 2020-10-29 22:37:11,946: _ready: http://freight1207:55456/
[xmlrpc][INFO] 2020-10-29 22:37:11,946: xml rpc node: starting XML-RPC server
[rospy.registration][INFO] 2020-10-29 22:37:11,946: Registering with master node http://localhost:11311
[rospy.init][INFO] 2020-10-29 22:37:12,046: registered with master
[rospy.rosout][INFO] 2020-10-29 22:37:12,047: initializing /rosout core topic
[rospy.rosout][INFO] 2020-10-29 22:37:12,048: connected to core topic /rosout
[rospy.simtime][INFO] 2020-10-29 22:37:12,049: /use_sim_time is not set, will not subscribe to simulated time [/clock] topic
[rospy.internal][INFO] 2020-10-29 22:37:12,061: topic[/cmd_vel] adding connection to [http://freight1207:41406/], count 0
[rospy.internal][INFO] 2020-10-29 22:37:12,158: topic[/rosout] adding connection to [/rosout], count 0
[rospy.core][INFO] 2020-10-29 22:37:21,029: signal_shutdown [signal-2]
[rospy.internal][INFO] 2020-10-29 22:37:21,031: topic[/rosout] removing connection to /rosout
[rospy.internal][INFO] 2020-10-29 22:37:21,031: topic[/cmd_vel] removing connection to http://freight1207:41406/
[rospy.impl.masterslave][INFO] 2020-10-29 22:37:21,032: signal-2
[rospy.internal][WARNING] 2020-10-29 22:37:21,033: Unknown error initiating TCP/IP socket to freight1207:38418 (http://freight1207:41406/): Traceback (most recent call last):
  File "/opt/ros/indigo/lib/python2.7/dist-packages/rospy/impl/tcpros_base.py", line 558, in connect
    self.local_endpoint = self.socket.getsockname()
AttributeError: 'NoneType' object has no attribute 'getsockname'

[rospy.core][INFO] 2020-10-29 22:37:21,164: signal_shutdown [atexit]
