[rospy.client][INFO] 2020-11-03 19:51:27,002: init_node, name[/rostopic_5122_1604461886980], pid[5122]
[xmlrpc][INFO] 2020-11-03 19:51:27,002: XML-RPC server binding to 0.0.0.0:0
[xmlrpc][INFO] 2020-11-03 19:51:27,002: Started XML-RPC server [http://freight1207:38269/]
[rospy.init][INFO] 2020-11-03 19:51:27,002: ROS Slave URI: [http://freight1207:38269/]
[rospy.impl.masterslave][INFO] 2020-11-03 19:51:27,002: _ready: http://freight1207:38269/
[rospy.registration][INFO] 2020-11-03 19:51:27,003: Registering with master node http://localhost:11311
[xmlrpc][INFO] 2020-11-03 19:51:27,003: xml rpc node: starting XML-RPC server
[rospy.init][INFO] 2020-11-03 19:51:27,103: registered with master
[rospy.rosout][INFO] 2020-11-03 19:51:27,103: initializing /rosout core topic
[rospy.rosout][INFO] 2020-11-03 19:51:27,104: connected to core topic /rosout
[rospy.simtime][INFO] 2020-11-03 19:51:27,105: /use_sim_time is not set, will not subscribe to simulated time [/clock] topic
[rospy.internal][INFO] 2020-11-03 19:51:27,117: topic[/odom] adding connection to [http://freight1207:37562/], count 0
[rospy.internal][INFO] 2020-11-03 19:51:27,354: topic[/rosout] adding connection to [/rosout], count 0
[rospy.core][INFO] 2020-11-03 19:52:23,429: signal_shutdown [signal-2]
[rospy.internal][INFO] 2020-11-03 19:52:23,431: topic[/rosout] removing connection to /rosout
[rospy.internal][INFO] 2020-11-03 19:52:23,431: topic[/odom] removing connection to http://freight1207:37562/
[rospy.impl.masterslave][INFO] 2020-11-03 19:52:23,431: signal-2
[rospy.internal][ERROR] 2020-11-03 19:52:23,431: Traceback (most recent call last):
  File "/opt/ros/indigo/lib/python2.7/dist-packages/rospy/impl/tcpros_base.py", line 698, in receive_once
    self.stat_bytes += recv_buff(sock, b, p.buff_size)
  File "/opt/ros/indigo/lib/python2.7/dist-packages/rospy/impl/tcpros_base.py", line 103, in recv_buff
    d = sock.recv(buff_size)
error: [Errno 104] Connection reset by peer

[rospy.core][INFO] 2020-11-03 19:52:23,546: signal_shutdown [atexit]
