[rospy.client][INFO] 2020-11-03 20:59:59,749: init_node, name[/rostopic_10602_1604465999727], pid[10602]
[xmlrpc][INFO] 2020-11-03 20:59:59,750: XML-RPC server binding to 0.0.0.0:0
[xmlrpc][INFO] 2020-11-03 20:59:59,750: Started XML-RPC server [http://freight1207:58561/]
[rospy.impl.masterslave][INFO] 2020-11-03 20:59:59,750: _ready: http://freight1207:58561/
[rospy.init][INFO] 2020-11-03 20:59:59,750: ROS Slave URI: [http://freight1207:58561/]
[rospy.registration][INFO] 2020-11-03 20:59:59,750: Registering with master node http://localhost:11311
[xmlrpc][INFO] 2020-11-03 20:59:59,750: xml rpc node: starting XML-RPC server
[rospy.init][INFO] 2020-11-03 20:59:59,850: registered with master
[rospy.rosout][INFO] 2020-11-03 20:59:59,851: initializing /rosout core topic
[rospy.rosout][INFO] 2020-11-03 20:59:59,852: connected to core topic /rosout
[rospy.simtime][INFO] 2020-11-03 20:59:59,853: /use_sim_time is not set, will not subscribe to simulated time [/clock] topic
[rospy.internal][INFO] 2020-11-03 20:59:59,865: topic[/odom] adding connection to [http://freight1207:55049/], count 0
[rospy.internal][INFO] 2020-11-03 21:00:00,086: topic[/rosout] adding connection to [/rosout], count 0
[rospy.core][INFO] 2020-11-03 21:00:07,481: signal_shutdown [signal-2]
[rospy.internal][INFO] 2020-11-03 21:00:07,484: topic[/rosout] removing connection to /rosout
[rospy.internal][INFO] 2020-11-03 21:00:07,484: topic[/odom] removing connection to http://freight1207:55049/
[rospy.impl.masterslave][INFO] 2020-11-03 21:00:07,484: signal-2
[rospy.internal][ERROR] 2020-11-03 21:00:07,484: Traceback (most recent call last):
  File "/opt/ros/indigo/lib/python2.7/dist-packages/rospy/impl/tcpros_base.py", line 698, in receive_once
    self.stat_bytes += recv_buff(sock, b, p.buff_size)
  File "/opt/ros/indigo/lib/python2.7/dist-packages/rospy/impl/tcpros_base.py", line 103, in recv_buff
    d = sock.recv(buff_size)
error: [Errno 104] Connection reset by peer

[rospy.core][INFO] 2020-11-03 21:00:07,648: signal_shutdown [atexit]
