[rospy.client][INFO] 2020-10-22 21:58:18,551: init_node, name[/rostopic_3161_1603429098532], pid[3161]
[xmlrpc][INFO] 2020-10-22 21:58:18,552: XML-RPC server binding to 0.0.0.0:0
[xmlrpc][INFO] 2020-10-22 21:58:18,552: Started XML-RPC server [http://freight1207:34653/]
[rospy.init][INFO] 2020-10-22 21:58:18,552: ROS Slave URI: [http://freight1207:34653/]
[rospy.impl.masterslave][INFO] 2020-10-22 21:58:18,552: _ready: http://freight1207:34653/
[rospy.registration][INFO] 2020-10-22 21:58:18,552: Registering with master node http://localhost:11311
[xmlrpc][INFO] 2020-10-22 21:58:18,552: xml rpc node: starting XML-RPC server
[rospy.init][INFO] 2020-10-22 21:58:18,652: registered with master
[rospy.rosout][INFO] 2020-10-22 21:58:18,653: initializing /rosout core topic
[rospy.rosout][INFO] 2020-10-22 21:58:18,654: connected to core topic /rosout
[rospy.simtime][INFO] 2020-10-22 21:58:18,655: /use_sim_time is not set, will not subscribe to simulated time [/clock] topic
[rospy.internal][INFO] 2020-10-22 21:58:18,717: topic[/odom] adding connection to [http://freight1207:35369/], count 0
[rospy.internal][INFO] 2020-10-22 21:58:18,867: topic[/rosout] adding connection to [/rosout], count 0
[rospy.core][INFO] 2020-10-22 22:01:26,217: signal_shutdown [signal-2]
[rospy.internal][INFO] 2020-10-22 22:01:26,219: topic[/rosout] removing connection to /rosout
[rospy.internal][INFO] 2020-10-22 22:01:26,220: topic[/odom] removing connection to http://freight1207:35369/
[rospy.impl.masterslave][INFO] 2020-10-22 22:01:26,220: signal-2
[rospy.internal][ERROR] 2020-10-22 22:01:26,221: Traceback (most recent call last):
  File "/opt/ros/indigo/lib/python2.7/dist-packages/rospy/impl/tcpros_base.py", line 698, in receive_once
    self.stat_bytes += recv_buff(sock, b, p.buff_size)
  File "/opt/ros/indigo/lib/python2.7/dist-packages/rospy/impl/tcpros_base.py", line 103, in recv_buff
    d = sock.recv(buff_size)
error: [Errno 104] Connection reset by peer

[rospy.core][INFO] 2020-10-22 22:01:26,327: signal_shutdown [atexit]
