[rospy.client][INFO] 2020-11-01 22:26:38,758: init_node, name[/rostopic_7002_1604298398739], pid[7002]
[xmlrpc][INFO] 2020-11-01 22:26:38,759: XML-RPC server binding to 0.0.0.0:0
[xmlrpc][INFO] 2020-11-01 22:26:38,759: Started XML-RPC server [http://freight1207:52233/]
[rospy.init][INFO] 2020-11-01 22:26:38,759: ROS Slave URI: [http://freight1207:52233/]
[rospy.impl.masterslave][INFO] 2020-11-01 22:26:38,759: _ready: http://freight1207:52233/
[xmlrpc][INFO] 2020-11-01 22:26:38,759: xml rpc node: starting XML-RPC server
[rospy.registration][INFO] 2020-11-01 22:26:38,760: Registering with master node http://localhost:11311
[rospy.init][INFO] 2020-11-01 22:26:38,859: registered with master
[rospy.rosout][INFO] 2020-11-01 22:26:38,860: initializing /rosout core topic
[rospy.rosout][INFO] 2020-11-01 22:26:38,861: connected to core topic /rosout
[rospy.simtime][INFO] 2020-11-01 22:26:38,862: /use_sim_time is not set, will not subscribe to simulated time [/clock] topic
[rospy.internal][INFO] 2020-11-01 22:26:39,084: topic[/rosout] adding connection to [/rosout], count 0
[rospy.internal][INFO] 2020-11-01 22:27:09,745: topic[/amcl_pose] adding connection to [http://freight1207:49767/], count 0
[rospy.core][INFO] 2020-11-01 22:29:18,030: signal_shutdown [signal-2]
[rospy.internal][INFO] 2020-11-01 22:29:18,031: topic[/rosout] removing connection to /rosout
[rospy.internal][INFO] 2020-11-01 22:29:18,032: topic[/amcl_pose] removing connection to http://freight1207:49767/
[rospy.impl.masterslave][INFO] 2020-11-01 22:29:18,032: signal-2
[rospy.internal][WARNING] 2020-11-01 22:29:18,033: Unknown error initiating TCP/IP socket to freight1207:54382 (http://freight1207:49767/): Traceback (most recent call last):
  File "/opt/ros/indigo/lib/python2.7/dist-packages/rospy/impl/tcpros_base.py", line 558, in connect
    self.local_endpoint = self.socket.getsockname()
AttributeError: 'NoneType' object has no attribute 'getsockname'

[rospy.core][INFO] 2020-11-01 22:29:18,140: signal_shutdown [atexit]
