[rospy.client][INFO] 2018-12-02 18:12:57,157: init_node, name[/rostopic_3431_1543803177142], pid[3431]
[xmlrpc][INFO] 2018-12-02 18:12:57,157: XML-RPC server binding to 0.0.0.0:0
[xmlrpc][INFO] 2018-12-02 18:12:57,157: Started XML-RPC server [http://freight1207:34824/]
[rospy.init][INFO] 2018-12-02 18:12:57,157: ROS Slave URI: [http://freight1207:34824/]
[rospy.impl.masterslave][INFO] 2018-12-02 18:12:57,157: _ready: http://freight1207:34824/
[xmlrpc][INFO] 2018-12-02 18:12:57,158: xml rpc node: starting XML-RPC server
[rospy.registration][INFO] 2018-12-02 18:12:57,158: Registering with master node http://localhost:11311
[rospy.init][INFO] 2018-12-02 18:12:57,258: registered with master
[rospy.rosout][INFO] 2018-12-02 18:12:57,258: initializing /rosout core topic
[rospy.rosout][INFO] 2018-12-02 18:12:57,259: connected to core topic /rosout
[rospy.simtime][INFO] 2018-12-02 18:12:57,260: /use_sim_time is not set, will not subscribe to simulated time [/clock] topic
[rospy.internal][INFO] 2018-12-02 18:12:57,331: topic[/base_scan] adding connection to [http://freight1207:53153/], count 0
[rospy.internal][INFO] 2018-12-02 18:12:57,487: topic[/rosout] adding connection to [/rosout], count 0
[rospy.core][INFO] 2018-12-02 18:13:00,149: signal_shutdown [signal-2]
[rospy.internal][INFO] 2018-12-02 18:13:00,151: topic[/rosout] removing connection to /rosout
[rospy.internal][INFO] 2018-12-02 18:13:00,151: topic[/base_scan] removing connection to http://freight1207:53153/
[rospy.impl.masterslave][INFO] 2018-12-02 18:13:00,151: signal-2
[rospy.internal][WARNING] 2018-12-02 18:13:00,153: Unknown error initiating TCP/IP socket to freight1207:44070 (http://freight1207:53153/): Traceback (most recent call last):
  File "/opt/ros/indigo/lib/python2.7/dist-packages/rospy/impl/tcpros_base.py", line 558, in connect
    self.local_endpoint = self.socket.getsockname()
AttributeError: 'NoneType' object has no attribute 'getsockname'

[rospy.core][INFO] 2018-12-02 18:13:00,315: signal_shutdown [atexit]
