[rospy.client][INFO] 2020-11-03 02:23:14,306: init_node, name[/rostopic_8546_1604398994286], pid[8546]
[xmlrpc][INFO] 2020-11-03 02:23:14,307: XML-RPC server binding to 0.0.0.0:0
[xmlrpc][INFO] 2020-11-03 02:23:14,307: Started XML-RPC server [http://freight1207:58347/]
[rospy.init][INFO] 2020-11-03 02:23:14,307: ROS Slave URI: [http://freight1207:58347/]
[rospy.impl.masterslave][INFO] 2020-11-03 02:23:14,307: _ready: http://freight1207:58347/
[rospy.registration][INFO] 2020-11-03 02:23:14,307: Registering with master node http://localhost:11311
[xmlrpc][INFO] 2020-11-03 02:23:14,308: xml rpc node: starting XML-RPC server
[rospy.init][INFO] 2020-11-03 02:23:14,407: registered with master
[rospy.rosout][INFO] 2020-11-03 02:23:14,408: initializing /rosout core topic
[rospy.rosout][INFO] 2020-11-03 02:23:14,409: connected to core topic /rosout
[rospy.simtime][INFO] 2020-11-03 02:23:14,410: /use_sim_time is not set, will not subscribe to simulated time [/clock] topic
[rospy.internal][INFO] 2020-11-03 02:23:14,422: topic[/odom] adding connection to [http://freight1207:44539/], count 0
[rospy.internal][INFO] 2020-11-03 02:23:14,670: topic[/rosout] adding connection to [/rosout], count 0
[rospy.core][INFO] 2020-11-03 02:23:17,804: signal_shutdown [signal-2]
[rospy.internal][INFO] 2020-11-03 02:23:17,807: topic[/rosout] removing connection to /rosout
[rospy.internal][INFO] 2020-11-03 02:23:17,807: topic[/odom] removing connection to http://freight1207:44539/
[rospy.impl.masterslave][INFO] 2020-11-03 02:23:17,807: signal-2
[rospy.internal][ERROR] 2020-11-03 02:23:17,807: Traceback (most recent call last):
  File "/opt/ros/indigo/lib/python2.7/dist-packages/rospy/impl/tcpros_base.py", line 698, in receive_once
    self.stat_bytes += recv_buff(sock, b, p.buff_size)
  File "/opt/ros/indigo/lib/python2.7/dist-packages/rospy/impl/tcpros_base.py", line 103, in recv_buff
    d = sock.recv(buff_size)
error: [Errno 104] Connection reset by peer

[rospy.core][INFO] 2020-11-03 02:23:17,939: signal_shutdown [atexit]
