[rospy.client][INFO] 2018-12-16 18:53:12,923: init_node, name[/rostopic_12312_1545015192908], pid[12312]
[xmlrpc][INFO] 2018-12-16 18:53:12,923: XML-RPC server binding to 0.0.0.0:0
[xmlrpc][INFO] 2018-12-16 18:53:12,924: Started XML-RPC server [http://freight1207:47800/]
[rospy.init][INFO] 2018-12-16 18:53:12,924: ROS Slave URI: [http://freight1207:47800/]
[rospy.impl.masterslave][INFO] 2018-12-16 18:53:12,924: _ready: http://freight1207:47800/
[rospy.registration][INFO] 2018-12-16 18:53:12,924: Registering with master node http://localhost:11311
[xmlrpc][INFO] 2018-12-16 18:53:12,924: xml rpc node: starting XML-RPC server
[rospy.init][INFO] 2018-12-16 18:53:13,024: registered with master
[rospy.rosout][INFO] 2018-12-16 18:53:13,024: initializing /rosout core topic
[rospy.rosout][INFO] 2018-12-16 18:53:13,026: connected to core topic /rosout
[rospy.simtime][INFO] 2018-12-16 18:53:13,026: /use_sim_time is not set, will not subscribe to simulated time [/clock] topic
[rospy.internal][INFO] 2018-12-16 18:53:13,039: topic[/current/pose] adding connection to [http://freight1207:52213/], count 0
[rospy.internal][INFO] 2018-12-16 18:53:13,039: topic[/current/pose] adding connection to [http://freight1207:60706/], count 0
[rospy.internal][INFO] 2018-12-16 18:53:13,254: topic[/rosout] adding connection to [/rosout], count 0
[rospy.core][INFO] 2018-12-16 18:53:45,001: signal_shutdown [signal-2]
[rospy.internal][INFO] 2018-12-16 18:53:45,003: topic[/rosout] removing connection to /rosout
[rospy.internal][INFO] 2018-12-16 18:53:45,003: topic[/current/pose] removing connection to http://freight1207:52213/
[rospy.internal][INFO] 2018-12-16 18:53:45,004: topic[/current/pose] removing connection to http://freight1207:60706/
[rospy.impl.masterslave][INFO] 2018-12-16 18:53:45,004: signal-2
[rospy.internal][WARNING] 2018-12-16 18:53:45,004: Unknown error initiating TCP/IP socket to freight1207:33741 (http://freight1207:52213/): Traceback (most recent call last):
  File "/opt/ros/indigo/lib/python2.7/dist-packages/rospy/impl/tcpros_base.py", line 558, in connect
    self.local_endpoint = self.socket.getsockname()
AttributeError: 'NoneType' object has no attribute 'getsockname'

[rospy.core][INFO] 2018-12-16 18:53:45,111: signal_shutdown [atexit]
