[rospy.client][INFO] 2020-10-29 22:39:58,730: init_node, name[/rostopic_5682_1604036398709], pid[5682]
[xmlrpc][INFO] 2020-10-29 22:39:58,730: XML-RPC server binding to 0.0.0.0:0
[xmlrpc][INFO] 2020-10-29 22:39:58,731: Started XML-RPC server [http://freight1207:53173/]
[rospy.init][INFO] 2020-10-29 22:39:58,731: ROS Slave URI: [http://freight1207:53173/]
[rospy.impl.masterslave][INFO] 2020-10-29 22:39:58,731: _ready: http://freight1207:53173/
[xmlrpc][INFO] 2020-10-29 22:39:58,731: xml rpc node: starting XML-RPC server
[rospy.registration][INFO] 2020-10-29 22:39:58,731: Registering with master node http://localhost:11311
[rospy.init][INFO] 2020-10-29 22:39:58,831: registered with master
[rospy.rosout][INFO] 2020-10-29 22:39:58,831: initializing /rosout core topic
[rospy.rosout][INFO] 2020-10-29 22:39:58,832: connected to core topic /rosout
[rospy.simtime][INFO] 2020-10-29 22:39:58,833: /use_sim_time is not set, will not subscribe to simulated time [/clock] topic
[rospy.internal][INFO] 2020-10-29 22:39:58,845: topic[/amcl_pose] adding connection to [http://freight1207:54890/], count 0
[rospy.internal][INFO] 2020-10-29 22:39:59,079: topic[/rosout] adding connection to [/rosout], count 0
[rospy.internal][WARNING] 2020-10-29 22:42:50,356: Unknown error initiating TCP/IP socket to freight1207:40601 (http://freight1207:54890/): Traceback (most recent call last):
  File "/opt/ros/indigo/lib/python2.7/dist-packages/rospy/impl/tcpros_base.py", line 555, in connect
    self.socket.connect((dest_addr, dest_port))
  File "/usr/lib/python2.7/socket.py", line 224, in meth
    return getattr(self._sock,name)(*args)
error: [Errno 111] Connection refused

[rospy.internal][INFO] 2020-10-29 22:42:50,357: topic[/amcl_pose] removing connection to http://freight1207:54890/
[rospy.core][INFO] 2020-10-29 22:42:50,375: signal_shutdown [signal-15]
[rospy.registration][WARNING] 2020-10-29 22:42:50,375: cannot unregister with master due to network issues
[rospy.internal][INFO] 2020-10-29 22:42:50,376: topic[/rosout] removing connection to /rosout
[rospy.impl.masterslave][INFO] 2020-10-29 22:42:50,376: signal-15
