[rospy.client][INFO] 2020-11-02 23:21:24,005: init_node, name[/rostopic_5845_1604388083984], pid[5845]
[xmlrpc][INFO] 2020-11-02 23:21:24,005: XML-RPC server binding to 0.0.0.0:0
[xmlrpc][INFO] 2020-11-02 23:21:24,006: Started XML-RPC server [http://freight1207:33000/]
[rospy.init][INFO] 2020-11-02 23:21:24,006: ROS Slave URI: [http://freight1207:33000/]
[rospy.impl.masterslave][INFO] 2020-11-02 23:21:24,006: _ready: http://freight1207:33000/
[xmlrpc][INFO] 2020-11-02 23:21:24,006: xml rpc node: starting XML-RPC server
[rospy.registration][INFO] 2020-11-02 23:21:24,006: Registering with master node http://localhost:11311
[rospy.init][INFO] 2020-11-02 23:21:24,106: registered with master
[rospy.rosout][INFO] 2020-11-02 23:21:24,106: initializing /rosout core topic
[rospy.rosout][INFO] 2020-11-02 23:21:24,108: connected to core topic /rosout
[rospy.simtime][INFO] 2020-11-02 23:21:24,108: /use_sim_time is not set, will not subscribe to simulated time [/clock] topic
[rospy.internal][INFO] 2020-11-02 23:21:24,121: topic[/amcl_pose] adding connection to [http://freight1207:39320/], count 0
[rospy.internal][INFO] 2020-11-02 23:21:24,322: topic[/rosout] adding connection to [/rosout], count 0
[rospy.internal][ERROR] 2020-11-02 23:21:36,847: Unable to initiate TCP/IP socket to freight1207:47706 (http://freight1207:39320/): Traceback (most recent call last):
  File "/opt/ros/indigo/lib/python2.7/dist-packages/rospy/impl/tcpros_base.py", line 557, in connect
    self.read_header()
  File "/opt/ros/indigo/lib/python2.7/dist-packages/rospy/impl/tcpros_base.py", line 619, in read_header
    self._validate_header(read_ros_handshake_header(sock, self.read_buff, self.protocol.buff_size))
  File "/opt/ros/indigo/lib/python2.7/dist-packages/rospy/impl/tcpros_base.py", line 580, in _validate_header
    raise TransportInitError("remote error reported: %s"%header['error'])
TransportInitError: remote error reported: received a connection for a nonexistent topic [/amcl_pose] from [TCPROS connection on port 47706 to [127.0.0.1:60121 on socket 9]] [/rostopic_5845_1604388083984].

[rospy.internal][WARNING] 2020-11-02 23:21:37,847: Unknown error initiating TCP/IP socket to freight1207:47706 (http://freight1207:39320/): Traceback (most recent call last):
  File "/opt/ros/indigo/lib/python2.7/dist-packages/rospy/impl/tcpros_base.py", line 555, in connect
    self.socket.connect((dest_addr, dest_port))
  File "/usr/lib/python2.7/socket.py", line 224, in meth
    return getattr(self._sock,name)(*args)
error: [Errno 111] Connection refused

[rospy.internal][INFO] 2020-11-02 23:21:37,847: topic[/amcl_pose] removing connection to http://freight1207:39320/
[rospy.internal][INFO] 2020-11-02 23:21:42,689: topic[/amcl_pose] adding connection to [http://freight1207:36873/], count 0
[rospy.internal][ERROR] 2020-11-02 23:27:06,751: Unable to initiate TCP/IP socket to freight1207:51071 (http://freight1207:36873/): Traceback (most recent call last):
  File "/opt/ros/indigo/lib/python2.7/dist-packages/rospy/impl/tcpros_base.py", line 557, in connect
    self.read_header()
  File "/opt/ros/indigo/lib/python2.7/dist-packages/rospy/impl/tcpros_base.py", line 619, in read_header
    self._validate_header(read_ros_handshake_header(sock, self.read_buff, self.protocol.buff_size))
  File "/opt/ros/indigo/lib/python2.7/dist-packages/rospy/impl/tcpros_base.py", line 580, in _validate_header
    raise TransportInitError("remote error reported: %s"%header['error'])
TransportInitError: remote error reported: received a connection for a nonexistent topic [/amcl_pose] from [TCPROS connection on port 51071 to [127.0.0.1:58333 on socket 10]] [/rostopic_5845_1604388083984].

[rospy.internal][WARNING] 2020-11-02 23:27:07,752: Unknown error initiating TCP/IP socket to freight1207:51071 (http://freight1207:36873/): Traceback (most recent call last):
  File "/opt/ros/indigo/lib/python2.7/dist-packages/rospy/impl/tcpros_base.py", line 555, in connect
    self.socket.connect((dest_addr, dest_port))
  File "/usr/lib/python2.7/socket.py", line 224, in meth
    return getattr(self._sock,name)(*args)
error: [Errno 111] Connection refused

[rospy.internal][INFO] 2020-11-02 23:27:07,752: topic[/amcl_pose] removing connection to http://freight1207:36873/
[rospy.internal][INFO] 2020-11-02 23:27:15,926: topic[/amcl_pose] adding connection to [http://freight1207:50745/], count 0
[rospy.internal][ERROR] 2020-11-02 23:28:30,716: Unable to initiate TCP/IP socket to freight1207:34276 (http://freight1207:50745/): Traceback (most recent call last):
  File "/opt/ros/indigo/lib/python2.7/dist-packages/rospy/impl/tcpros_base.py", line 557, in connect
    self.read_header()
  File "/opt/ros/indigo/lib/python2.7/dist-packages/rospy/impl/tcpros_base.py", line 619, in read_header
    self._validate_header(read_ros_handshake_header(sock, self.read_buff, self.protocol.buff_size))
  File "/opt/ros/indigo/lib/python2.7/dist-packages/rospy/impl/tcpros_base.py", line 580, in _validate_header
    raise TransportInitError("remote error reported: %s"%header['error'])
TransportInitError: remote error reported: received a connection for a nonexistent topic [/amcl_pose] from [TCPROS connection on port 34276 to [127.0.0.1:37923 on socket 9]] [/rostopic_5845_1604388083984].

[rospy.internal][WARNING] 2020-11-02 23:28:31,717: Unknown error initiating TCP/IP socket to freight1207:34276 (http://freight1207:50745/): Traceback (most recent call last):
  File "/opt/ros/indigo/lib/python2.7/dist-packages/rospy/impl/tcpros_base.py", line 555, in connect
    self.socket.connect((dest_addr, dest_port))
  File "/usr/lib/python2.7/socket.py", line 224, in meth
    return getattr(self._sock,name)(*args)
error: [Errno 111] Connection refused

[rospy.internal][INFO] 2020-11-02 23:28:31,717: topic[/amcl_pose] removing connection to http://freight1207:50745/
[rospy.core][INFO] 2020-11-02 23:28:43,578: signal_shutdown [signal-2]
[rospy.internal][INFO] 2020-11-02 23:28:43,580: topic[/rosout] removing connection to /rosout
[rospy.impl.masterslave][INFO] 2020-11-02 23:28:43,580: signal-2
[rospy.core][INFO] 2020-11-02 23:28:43,712: signal_shutdown [atexit]
