[rospy.client][INFO] 2020-11-04 23:26:06,849: init_node, name[/rostopic_9384_1604561166826], pid[9384]
[xmlrpc][INFO] 2020-11-04 23:26:06,849: XML-RPC server binding to 0.0.0.0:0
[xmlrpc][INFO] 2020-11-04 23:26:06,849: Started XML-RPC server [http://freight1207:57128/]
[rospy.init][INFO] 2020-11-04 23:26:06,849: ROS Slave URI: [http://freight1207:57128/]
[rospy.impl.masterslave][INFO] 2020-11-04 23:26:06,849: _ready: http://freight1207:57128/
[xmlrpc][INFO] 2020-11-04 23:26:06,850: xml rpc node: starting XML-RPC server
[rospy.registration][INFO] 2020-11-04 23:26:06,850: Registering with master node http://localhost:11311
[rospy.init][INFO] 2020-11-04 23:26:06,950: registered with master
[rospy.rosout][INFO] 2020-11-04 23:26:06,950: initializing /rosout core topic
[rospy.rosout][INFO] 2020-11-04 23:26:06,951: connected to core topic /rosout
[rospy.simtime][INFO] 2020-11-04 23:26:06,952: /use_sim_time is not set, will not subscribe to simulated time [/clock] topic
[rospy.internal][INFO] 2020-11-04 23:26:07,014: topic[/odom] adding connection to [http://freight1207:35103/], count 0
[rospy.internal][INFO] 2020-11-04 23:26:07,190: topic[/rosout] adding connection to [/rosout], count 0
[rospy.core][INFO] 2020-11-04 23:26:17,168: signal_shutdown [signal-2]
[rospy.internal][INFO] 2020-11-04 23:26:17,170: topic[/rosout] removing connection to /rosout
[rospy.internal][INFO] 2020-11-04 23:26:17,170: topic[/odom] removing connection to http://freight1207:35103/
[rospy.impl.masterslave][INFO] 2020-11-04 23:26:17,170: signal-2
[rospy.internal][ERROR] 2020-11-04 23:26:17,170: Traceback (most recent call last):
  File "/opt/ros/indigo/lib/python2.7/dist-packages/rospy/impl/tcpros_base.py", line 698, in receive_once
    self.stat_bytes += recv_buff(sock, b, p.buff_size)
  File "/opt/ros/indigo/lib/python2.7/dist-packages/rospy/impl/tcpros_base.py", line 103, in recv_buff
    d = sock.recv(buff_size)
error: [Errno 104] Connection reset by peer

[rospy.core][INFO] 2020-11-04 23:26:17,286: signal_shutdown [atexit]
