[rospy.client][INFO] 2020-11-03 02:23:19,607: init_node, name[/rostopic_8579_1604398999586], pid[8579]
[xmlrpc][INFO] 2020-11-03 02:23:19,607: XML-RPC server binding to 0.0.0.0:0
[xmlrpc][INFO] 2020-11-03 02:23:19,607: Started XML-RPC server [http://freight1207:45203/]
[rospy.init][INFO] 2020-11-03 02:23:19,608: ROS Slave URI: [http://freight1207:45203/]
[rospy.impl.masterslave][INFO] 2020-11-03 02:23:19,608: _ready: http://freight1207:45203/
[xmlrpc][INFO] 2020-11-03 02:23:19,608: xml rpc node: starting XML-RPC server
[rospy.registration][INFO] 2020-11-03 02:23:19,608: Registering with master node http://localhost:11311
[rospy.init][INFO] 2020-11-03 02:23:19,708: registered with master
[rospy.rosout][INFO] 2020-11-03 02:23:19,708: initializing /rosout core topic
[rospy.rosout][INFO] 2020-11-03 02:23:19,709: connected to core topic /rosout
[rospy.simtime][INFO] 2020-11-03 02:23:19,710: /use_sim_time is not set, will not subscribe to simulated time [/clock] topic
[rospy.internal][INFO] 2020-11-03 02:23:19,722: topic[/odom] adding connection to [http://freight1207:44539/], count 0
[rospy.internal][INFO] 2020-11-03 02:23:19,877: topic[/rosout] adding connection to [/rosout], count 0
[rospy.core][INFO] 2020-11-03 02:23:50,059: signal_shutdown [signal-2]
[rospy.internal][INFO] 2020-11-03 02:23:50,061: topic[/rosout] removing connection to /rosout
[rospy.internal][INFO] 2020-11-03 02:23:50,062: topic[/odom] removing connection to http://freight1207:44539/
[rospy.impl.masterslave][INFO] 2020-11-03 02:23:50,062: signal-2
[rospy.internal][ERROR] 2020-11-03 02:23:50,062: Traceback (most recent call last):
  File "/opt/ros/indigo/lib/python2.7/dist-packages/rospy/impl/tcpros_base.py", line 698, in receive_once
    self.stat_bytes += recv_buff(sock, b, p.buff_size)
  File "/opt/ros/indigo/lib/python2.7/dist-packages/rospy/impl/tcpros_base.py", line 103, in recv_buff
    d = sock.recv(buff_size)
error: [Errno 104] Connection reset by peer

[rospy.core][INFO] 2020-11-03 02:23:50,194: signal_shutdown [atexit]
