[rospy.client][INFO] 2020-10-25 23:05:31,002: init_node, name[/rostopic_7712_1603692330983], pid[7712]
[xmlrpc][INFO] 2020-10-25 23:05:31,003: XML-RPC server binding to 0.0.0.0:0
[xmlrpc][INFO] 2020-10-25 23:05:31,003: Started XML-RPC server [http://freight1207:42122/]
[rospy.init][INFO] 2020-10-25 23:05:31,003: ROS Slave URI: [http://freight1207:42122/]
[rospy.impl.masterslave][INFO] 2020-10-25 23:05:31,003: _ready: http://freight1207:42122/
[rospy.registration][INFO] 2020-10-25 23:05:31,003: Registering with master node http://localhost:11311
[xmlrpc][INFO] 2020-10-25 23:05:31,003: xml rpc node: starting XML-RPC server
[rospy.init][INFO] 2020-10-25 23:05:31,103: registered with master
[rospy.rosout][INFO] 2020-10-25 23:05:31,103: initializing /rosout core topic
[rospy.rosout][INFO] 2020-10-25 23:05:31,105: connected to core topic /rosout
[rospy.simtime][INFO] 2020-10-25 23:05:31,106: /use_sim_time is not set, will not subscribe to simulated time [/clock] topic
[rospy.internal][INFO] 2020-10-25 23:05:31,118: topic[/rosout] adding connection to [http://freight1207:47746/], count 0
[rospy.internal][INFO] 2020-10-25 23:05:31,119: topic[/rosout] adding connection to [http://freight1207:33500/], count 0
[rospy.internal][INFO] 2020-10-25 23:05:31,119: topic[/rosout] adding connection to [http://freight1207:41902/], count 0
[rospy.internal][INFO] 2020-10-25 23:05:31,120: topic[/rosout] adding connection to [http://freight1207:36252/], count 2
[rospy.internal][INFO] 2020-10-25 23:05:31,121: topic[/rosout] adding connection to [http://freight1207:47465/], count 4
[rospy.internal][INFO] 2020-10-25 23:05:31,123: topic[/rosout] adding connection to [http://freight1207:56248/], count 5
[rospy.internal][INFO] 2020-10-25 23:05:31,123: topic[/rosout] adding connection to [http://freight1207:50991/], count 5
[rospy.internal][INFO] 2020-10-25 23:05:31,125: topic[/rosout] adding connection to [http://freight1207:35265/], count 6
[rospy.internal][INFO] 2020-10-25 23:05:31,125: topic[/rosout] adding connection to [http://freight1207:48553/], count 7
[rospy.internal][INFO] 2020-10-25 23:05:31,126: topic[/rosout] adding connection to [http://freight1207:57192/], count 8
[rospy.internal][INFO] 2020-10-25 23:05:31,127: topic[/rosout] adding connection to [http://freight1207:45134/], count 8
[rospy.internal][INFO] 2020-10-25 23:05:31,128: topic[/rosout] adding connection to [http://freight1207:50505/], count 9
[rospy.internal][INFO] 2020-10-25 23:05:31,129: topic[/rosout] adding connection to [http://freight1207:41430/], count 10
[rospy.internal][INFO] 2020-10-25 23:05:31,129: topic[/rosout] adding connection to [http://freight1207:39240/], count 10
[rospy.internal][INFO] 2020-10-25 23:05:31,130: topic[/rosout] adding connection to [http://freight1207:55402/], count 11
[rospy.internal][INFO] 2020-10-25 23:05:31,132: topic[/rosout] adding connection to [http://freight1207:39514/], count 15
[rospy.internal][INFO] 2020-10-25 23:05:31,134: topic[/rosout] adding connection to [http://freight1207:42122/], count 16
[rospy.internal][INFO] 2020-10-25 23:05:31,135: topic[/rosout] adding connection to [/rostopic_7712_1603692330983], count 0
[rospy.internal][INFO] 2020-10-25 23:05:31,383: topic[/rosout] adding connection to [/rosout], count 1
