[rospy.client][INFO] 2020-11-03 00:22:29,034: init_node, name[/rostopic_5114_1604391749013], pid[5114]
[xmlrpc][INFO] 2020-11-03 00:22:29,034: XML-RPC server binding to 0.0.0.0:0
[xmlrpc][INFO] 2020-11-03 00:22:29,034: Started XML-RPC server [http://freight1207:59399/]
[rospy.init][INFO] 2020-11-03 00:22:29,034: ROS Slave URI: [http://freight1207:59399/]
[rospy.impl.masterslave][INFO] 2020-11-03 00:22:29,034: _ready: http://freight1207:59399/
[rospy.registration][INFO] 2020-11-03 00:22:29,034: Registering with master node http://localhost:11311
[xmlrpc][INFO] 2020-11-03 00:22:29,035: xml rpc node: starting XML-RPC server
[rospy.init][INFO] 2020-11-03 00:22:29,135: registered with master
[rospy.rosout][INFO] 2020-11-03 00:22:29,135: initializing /rosout core topic
[rospy.rosout][INFO] 2020-11-03 00:22:29,136: connected to core topic /rosout
[rospy.simtime][INFO] 2020-11-03 00:22:29,137: /use_sim_time is not set, will not subscribe to simulated time [/clock] topic
[rospy.internal][INFO] 2020-11-03 00:22:29,149: topic[/amcl_pose] adding connection to [http://freight1207:56021/], count 0
[rospy.internal][INFO] 2020-11-03 00:22:29,342: topic[/rosout] adding connection to [/rosout], count 0
[rospy.internal][WARNING] 2020-11-03 00:23:38,017: Unknown error initiating TCP/IP socket to freight1207:57862 (http://freight1207:56021/): Traceback (most recent call last):
  File "/opt/ros/indigo/lib/python2.7/dist-packages/rospy/impl/tcpros_base.py", line 555, in connect
    self.socket.connect((dest_addr, dest_port))
  File "/usr/lib/python2.7/socket.py", line 224, in meth
    return getattr(self._sock,name)(*args)
error: [Errno 111] Connection refused

[rospy.internal][INFO] 2020-11-03 00:23:38,017: topic[/amcl_pose] removing connection to http://freight1207:56021/
[rospy.core][INFO] 2020-11-03 00:23:38,042: signal_shutdown [signal-15]
[rospy.registration][WARNING] 2020-11-03 00:23:38,042: cannot unregister with master due to network issues
[rospy.internal][INFO] 2020-11-03 00:23:38,042: topic[/rosout] removing connection to /rosout
[rospy.impl.masterslave][INFO] 2020-11-03 00:23:38,042: signal-15
