[rospy.client][INFO] 2020-10-20 23:52:26,059: init_node, name[/rqt_gui_py_node_7796], pid[7796]
[xmlrpc][INFO] 2020-10-20 23:52:26,060: XML-RPC server binding to 0.0.0.0:0
[xmlrpc][INFO] 2020-10-20 23:52:26,060: Started XML-RPC server [http://freight1207:43263/]
[rospy.init][INFO] 2020-10-20 23:52:26,060: ROS Slave URI: [http://freight1207:43263/]
[rospy.impl.masterslave][INFO] 2020-10-20 23:52:26,060: _ready: http://freight1207:43263/
[rospy.registration][INFO] 2020-10-20 23:52:26,061: Registering with master node http://localhost:11311
[xmlrpc][INFO] 2020-10-20 23:52:26,061: xml rpc node: starting XML-RPC server
[rospy.init][INFO] 2020-10-20 23:52:26,160: registered with master
[rospy.rosout][INFO] 2020-10-20 23:52:26,161: initializing /rosout core topic
[rospy.rosout][INFO] 2020-10-20 23:52:26,162: connected to core topic /rosout
[rospy.simtime][INFO] 2020-10-20 23:52:26,163: /use_sim_time is not set, will not subscribe to simulated time [/clock] topic
[rospy.internal][INFO] 2020-10-20 23:52:26,226: topic[/move_base/parameter_updates] adding connection to [http://freight1207:44225/], count 0
[rospy.internal][INFO] 2020-10-20 23:52:26,227: topic[/move_base/global_costmap/static_map/parameter_descriptions] adding connection to [http://freight1207:44225/], count 0
[rospy.internal][INFO] 2020-10-20 23:52:26,228: topic[/move_base/local_costmap/parameter_descriptions] adding connection to [http://freight1207:44225/], count 0
[rospy.internal][INFO] 2020-10-20 23:52:26,228: topic[/move_base/global_costmap/obstacles/parameter_descriptions] adding connection to [http://freight1207:44225/], count 0
[rospy.internal][INFO] 2020-10-20 23:52:26,229: topic[/move_base/global_costmap/parameter_descriptions] adding connection to [http://freight1207:44225/], count 0
[rospy.internal][INFO] 2020-10-20 23:52:26,230: topic[/move_base/global_costmap/inflater/parameter_descriptions] adding connection to [http://freight1207:44225/], count 0
[rospy.internal][INFO] 2020-10-20 23:52:26,231: topic[/amcl/parameter_updates] adding connection to [http://freight1207:54468/], count 0
[rospy.internal][INFO] 2020-10-20 23:52:26,233: topic[/move_base/local_costmap/inflater/parameter_descriptions] adding connection to [http://freight1207:44225/], count 0
[rospy.internal][INFO] 2020-10-20 23:52:26,234: topic[/move_base/TrajectoryPlannerROS/parameter_descriptions] adding connection to [http://freight1207:44225/], count 0
[rospy.internal][INFO] 2020-10-20 23:52:26,237: topic[/move_base/parameter_descriptions] adding connection to [http://freight1207:44225/], count 0
[rospy.internal][INFO] 2020-10-20 23:52:26,240: topic[/move_base/TrajectoryPlannerROS/parameter_updates] adding connection to [http://freight1207:44225/], count 0
[rospy.internal][INFO] 2020-10-20 23:52:26,240: topic[/move_base/local_costmap/obstacles/parameter_descriptions] adding connection to [http://freight1207:44225/], count 0
[rospy.internal][INFO] 2020-10-20 23:52:26,244: topic[/amcl/parameter_descriptions] adding connection to [http://freight1207:54468/], count 0
[rospy.internal][INFO] 2020-10-20 23:52:26,248: topic[/sick_tim551_2050001/parameter_descriptions] adding connection to [http://freight1207:48994/], count 0
[rospy.internal][INFO] 2020-10-20 23:52:26,249: topic[/move_base/global_costmap/inflater/parameter_updates] adding connection to [http://freight1207:44225/], count 0
[rospy.internal][INFO] 2020-10-20 23:52:26,252: topic[/move_base/global_costmap/parameter_updates] adding connection to [http://freight1207:44225/], count 0
[rospy.internal][INFO] 2020-10-20 23:52:26,254: topic[/move_base/global_costmap/obstacles/parameter_updates] adding connection to [http://freight1207:44225/], count 0
[rospy.internal][INFO] 2020-10-20 23:52:26,256: topic[/move_base/global_costmap/static_map/parameter_updates] adding connection to [http://freight1207:44225/], count 0
[rospy.internal][INFO] 2020-10-20 23:52:26,257: topic[/move_base/local_costmap/parameter_updates] adding connection to [http://freight1207:44225/], count 0
[rospy.internal][INFO] 2020-10-20 23:52:26,259: topic[/move_base/local_costmap/inflater/parameter_updates] adding connection to [http://freight1207:44225/], count 0
[rospy.internal][INFO] 2020-10-20 23:52:26,263: topic[/move_base/local_costmap/obstacles/parameter_updates] adding connection to [http://freight1207:44225/], count 0
[rospy.internal][INFO] 2020-10-20 23:52:26,271: topic[/sick_tim551_2050001/parameter_updates] adding connection to [http://freight1207:48994/], count 0
[rospy.internal][INFO] 2020-10-20 23:52:26,421: topic[/rosout] adding connection to [/rosout], count 0
[rospy.internal][INFO] 2020-10-20 23:52:28,832: topic impl's ref count is zero, deleting topic /move_base/parameter_descriptions...
[rospy.internal][INFO] 2020-10-20 23:52:28,833: topic[/move_base/parameter_descriptions] removing connection to http://freight1207:44225/
[rospy.internal][INFO] 2020-10-20 23:52:28,834: topic impl's ref count is zero, deleting topic /move_base/parameter_updates...
[rospy.internal][INFO] 2020-10-20 23:52:28,834: topic[/move_base/parameter_updates] removing connection to http://freight1207:44225/
[rospy.internal][INFO] 2020-10-20 23:52:56,014: topic impl's ref count is zero, deleting topic /move_base/TrajectoryPlannerROS/parameter_descriptions...
[rospy.internal][INFO] 2020-10-20 23:52:56,014: topic[/move_base/TrajectoryPlannerROS/parameter_descriptions] removing connection to http://freight1207:44225/
[rospy.internal][INFO] 2020-10-20 23:52:56,016: topic impl's ref count is zero, deleting topic /move_base/TrajectoryPlannerROS/parameter_updates...
[rospy.internal][INFO] 2020-10-20 23:52:56,016: topic[/move_base/TrajectoryPlannerROS/parameter_updates] removing connection to http://freight1207:44225/
[rospy.core][INFO] 2020-10-20 23:52:56,027: signal_shutdown [atexit]
[rospy.internal][INFO] 2020-10-20 23:52:56,036: topic[/rosout] removing connection to /rosout
[rospy.internal][INFO] 2020-10-20 23:52:56,037: topic[/move_base/local_costmap/inflater/parameter_updates] removing connection to http://freight1207:44225/
[rospy.internal][INFO] 2020-10-20 23:52:56,037: topic[/move_base/global_costmap/static_map/parameter_descriptions] removing connection to http://freight1207:44225/
[rospy.internal][WARNING] 2020-10-20 23:52:56,037: Unknown error initiating TCP/IP socket to freight1207:33223 (http://freight1207:44225/): Traceback (most recent call last):
  File "/opt/ros/indigo/lib/python2.7/dist-packages/rospy/impl/tcpros_base.py", line 558, in connect
    self.local_endpoint = self.socket.getsockname()
AttributeError: 'NoneType' object has no attribute 'getsockname'

[rospy.internal][INFO] 2020-10-20 23:52:56,037: topic[/move_base/global_costmap/inflater/parameter_updates] removing connection to http://freight1207:44225/
[rospy.internal][INFO] 2020-10-20 23:52:56,041: topic[/move_base/global_costmap/static_map/parameter_updates] removing connection to http://freight1207:44225/
[rospy.internal][INFO] 2020-10-20 23:52:56,041: topic[/move_base/local_costmap/parameter_descriptions] removing connection to http://freight1207:44225/
[rospy.internal][WARNING] 2020-10-20 23:52:56,042: Unknown error initiating TCP/IP socket to freight1207:33223 (http://freight1207:44225/): Traceback (most recent call last):
  File "/opt/ros/indigo/lib/python2.7/dist-packages/rospy/impl/tcpros_base.py", line 558, in connect
    self.local_endpoint = self.socket.getsockname()
AttributeError: 'NoneType' object has no attribute 'getsockname'

[rospy.internal][INFO] 2020-10-20 23:52:56,042: topic[/move_base/global_costmap/inflater/parameter_descriptions] removing connection to http://freight1207:44225/
[rospy.internal][INFO] 2020-10-20 23:52:56,042: topic[/sick_tim551_2050001/parameter_descriptions] removing connection to http://freight1207:48994/
[rospy.internal][INFO] 2020-10-20 23:52:56,042: topic[/move_base/local_costmap/obstacles/parameter_descriptions] removing connection to http://freight1207:44225/
[rospy.internal][INFO] 2020-10-20 23:52:56,042: topic[/sick_tim551_2050001/parameter_updates] removing connection to http://freight1207:48994/
[rospy.internal][INFO] 2020-10-20 23:52:56,042: topic[/move_base/global_costmap/obstacles/parameter_descriptions] removing connection to http://freight1207:44225/
[rospy.internal][INFO] 2020-10-20 23:52:56,043: topic[/move_base/global_costmap/parameter_updates] removing connection to http://freight1207:44225/
[rospy.internal][INFO] 2020-10-20 23:52:56,043: topic[/move_base/local_costmap/parameter_updates] removing connection to http://freight1207:44225/
[rospy.internal][INFO] 2020-10-20 23:52:56,043: topic[/amcl/parameter_descriptions] removing connection to http://freight1207:54468/
[rospy.internal][INFO] 2020-10-20 23:52:56,043: topic[/amcl/parameter_updates] removing connection to http://freight1207:54468/
[rospy.internal][INFO] 2020-10-20 23:52:56,043: topic[/move_base/local_costmap/obstacles/parameter_updates] removing connection to http://freight1207:44225/
[rospy.internal][INFO] 2020-10-20 23:52:56,043: topic[/move_base/global_costmap/obstacles/parameter_updates] removing connection to http://freight1207:44225/
[rospy.internal][INFO] 2020-10-20 23:52:56,043: topic[/move_base/local_costmap/inflater/parameter_descriptions] removing connection to http://freight1207:44225/
[rospy.internal][INFO] 2020-10-20 23:52:56,043: topic[/move_base/global_costmap/parameter_descriptions] removing connection to http://freight1207:44225/
[rospy.impl.masterslave][INFO] 2020-10-20 23:52:56,044: atexit
