[rospy.client][INFO] 2020-10-20 23:49:01,151: init_node, name[/rqt_gui_py_node_6703], pid[6703]
[xmlrpc][INFO] 2020-10-20 23:49:01,151: XML-RPC server binding to 0.0.0.0:0
[xmlrpc][INFO] 2020-10-20 23:49:01,151: Started XML-RPC server [http://freight1207:58752/]
[rospy.impl.masterslave][INFO] 2020-10-20 23:49:01,151: _ready: http://freight1207:58752/
[rospy.init][INFO] 2020-10-20 23:49:01,151: ROS Slave URI: [http://freight1207:58752/]
[rospy.registration][INFO] 2020-10-20 23:49:01,151: Registering with master node http://localhost:11311
[xmlrpc][INFO] 2020-10-20 23:49:01,152: xml rpc node: starting XML-RPC server
[rospy.init][INFO] 2020-10-20 23:49:01,252: registered with master
[rospy.rosout][INFO] 2020-10-20 23:49:01,252: initializing /rosout core topic
[rospy.rosout][INFO] 2020-10-20 23:49:01,253: connected to core topic /rosout
[rospy.simtime][INFO] 2020-10-20 23:49:01,254: /use_sim_time is not set, will not subscribe to simulated time [/clock] topic
[rospy.internal][INFO] 2020-10-20 23:49:01,318: topic[/move_base/global_costmap/obstacles/parameter_descriptions] adding connection to [http://freight1207:44225/], count 0
[rospy.internal][INFO] 2020-10-20 23:49:01,318: topic[/amcl/parameter_updates] adding connection to [http://freight1207:54468/], count 0
[rospy.internal][INFO] 2020-10-20 23:49:01,319: topic[/move_base/parameter_descriptions] adding connection to [http://freight1207:44225/], count 0
[rospy.internal][INFO] 2020-10-20 23:49:01,321: topic[/move_base/TrajectoryPlannerROS/parameter_descriptions] adding connection to [http://freight1207:44225/], count 0
[rospy.internal][INFO] 2020-10-20 23:49:01,321: topic[/amcl/parameter_descriptions] adding connection to [http://freight1207:54468/], count 0
[rospy.internal][INFO] 2020-10-20 23:49:01,323: topic[/move_base/global_costmap/static_map/parameter_descriptions] adding connection to [http://freight1207:44225/], count 0
[rospy.internal][INFO] 2020-10-20 23:49:01,330: topic[/move_base/global_costmap/inflater/parameter_descriptions] adding connection to [http://freight1207:44225/], count 0
[rospy.internal][INFO] 2020-10-20 23:49:01,331: topic[/move_base/global_costmap/parameter_descriptions] adding connection to [http://freight1207:44225/], count 0
[rospy.internal][INFO] 2020-10-20 23:49:01,333: topic[/move_base/parameter_updates] adding connection to [http://freight1207:44225/], count 0
[rospy.internal][INFO] 2020-10-20 23:49:01,335: topic[/move_base/local_costmap/parameter_descriptions] adding connection to [http://freight1207:44225/], count 0
[rospy.internal][INFO] 2020-10-20 23:49:01,336: topic[/move_base/local_costmap/inflater/parameter_descriptions] adding connection to [http://freight1207:44225/], count 0
[rospy.internal][INFO] 2020-10-20 23:49:01,338: topic[/move_base/local_costmap/obstacles/parameter_descriptions] adding connection to [http://freight1207:44225/], count 0
[rospy.internal][INFO] 2020-10-20 23:49:01,341: topic[/move_base/TrajectoryPlannerROS/parameter_updates] adding connection to [http://freight1207:44225/], count 0
[rospy.internal][INFO] 2020-10-20 23:49:01,343: topic[/sick_tim551_2050001/parameter_descriptions] adding connection to [http://freight1207:48994/], count 0
[rospy.internal][INFO] 2020-10-20 23:49:01,346: topic[/move_base/global_costmap/obstacles/parameter_updates] adding connection to [http://freight1207:44225/], count 0
[rospy.internal][INFO] 2020-10-20 23:49:01,347: topic[/move_base/global_costmap/static_map/parameter_updates] adding connection to [http://freight1207:44225/], count 0
[rospy.internal][INFO] 2020-10-20 23:49:01,350: topic[/move_base/global_costmap/parameter_updates] adding connection to [http://freight1207:44225/], count 0
[rospy.internal][INFO] 2020-10-20 23:49:01,352: topic[/move_base/global_costmap/inflater/parameter_updates] adding connection to [http://freight1207:44225/], count 0
[rospy.internal][INFO] 2020-10-20 23:49:01,355: topic[/move_base/local_costmap/parameter_updates] adding connection to [http://freight1207:44225/], count 0
[rospy.internal][INFO] 2020-10-20 23:49:01,357: topic[/move_base/local_costmap/inflater/parameter_updates] adding connection to [http://freight1207:44225/], count 0
[rospy.internal][INFO] 2020-10-20 23:49:01,360: topic[/move_base/local_costmap/obstacles/parameter_updates] adding connection to [http://freight1207:44225/], count 0
[rospy.internal][INFO] 2020-10-20 23:49:01,362: topic[/sick_tim551_2050001/parameter_updates] adding connection to [http://freight1207:48994/], count 0
[rospy.internal][INFO] 2020-10-20 23:49:01,462: topic[/rosout] adding connection to [/rosout], count 0
[rospy.internal][INFO] 2020-10-20 23:50:20,868: topic impl's ref count is zero, deleting topic /move_base/TrajectoryPlannerROS/parameter_descriptions...
[rospy.internal][INFO] 2020-10-20 23:50:20,868: topic[/move_base/TrajectoryPlannerROS/parameter_descriptions] removing connection to http://freight1207:44225/
[rospy.internal][INFO] 2020-10-20 23:50:20,869: topic impl's ref count is zero, deleting topic /move_base/TrajectoryPlannerROS/parameter_updates...
[rospy.internal][INFO] 2020-10-20 23:50:20,870: topic[/move_base/TrajectoryPlannerROS/parameter_updates] removing connection to http://freight1207:44225/
[rospy.core][INFO] 2020-10-20 23:50:20,882: signal_shutdown [atexit]
[rospy.internal][INFO] 2020-10-20 23:50:20,888: topic[/rosout] removing connection to /rosout
[rospy.internal][INFO] 2020-10-20 23:50:20,888: topic[/move_base/parameter_descriptions] removing connection to http://freight1207:44225/
[rospy.internal][INFO] 2020-10-20 23:50:20,889: topic[/move_base/local_costmap/inflater/parameter_updates] removing connection to http://freight1207:44225/
[rospy.internal][INFO] 2020-10-20 23:50:20,889: topic[/move_base/global_costmap/static_map/parameter_descriptions] removing connection to http://freight1207:44225/
[rospy.internal][INFO] 2020-10-20 23:50:20,889: topic[/move_base/global_costmap/inflater/parameter_updates] removing connection to http://freight1207:44225/
[rospy.internal][INFO] 2020-10-20 23:50:20,889: topic[/move_base/global_costmap/static_map/parameter_updates] removing connection to http://freight1207:44225/
[rospy.internal][INFO] 2020-10-20 23:50:20,889: topic[/move_base/local_costmap/parameter_descriptions] removing connection to http://freight1207:44225/
[rospy.internal][WARNING] 2020-10-20 23:50:20,890: Unknown error initiating TCP/IP socket to freight1207:33223 (http://freight1207:44225/): Traceback (most recent call last):
  File "/opt/ros/indigo/lib/python2.7/dist-packages/rospy/impl/tcpros_base.py", line 557, in connect
    self.read_header()
  File "/opt/ros/indigo/lib/python2.7/dist-packages/rospy/impl/tcpros_base.py", line 619, in read_header
    self._validate_header(read_ros_handshake_header(sock, self.read_buff, self.protocol.buff_size))
AttributeError: 'NoneType' object has no attribute 'buff_size'

[rospy.topics][ERROR] 2020-10-20 23:50:20,890: Traceback (most recent call last):
  File "/opt/ros/indigo/lib/python2.7/dist-packages/rospy/topics.py", line 307, in close
    c.close()
  File "/opt/ros/indigo/lib/python2.7/dist-packages/rospy/impl/tcpros_base.py", line 807, in close
    self.socket.close()
AttributeError: 'NoneType' object has no attribute 'close'

[rospy.internal][INFO] 2020-10-20 23:50:20,890: topic[/move_base/global_costmap/inflater/parameter_descriptions] removing connection to http://freight1207:44225/
[rospy.internal][INFO] 2020-10-20 23:50:20,891: topic[/move_base/parameter_updates] removing connection to http://freight1207:44225/
[rospy.internal][INFO] 2020-10-20 23:50:20,891: topic[/sick_tim551_2050001/parameter_descriptions] removing connection to http://freight1207:48994/
[rospy.internal][INFO] 2020-10-20 23:50:20,891: topic[/move_base/local_costmap/obstacles/parameter_descriptions] removing connection to http://freight1207:44225/
[rospy.internal][INFO] 2020-10-20 23:50:20,891: topic[/sick_tim551_2050001/parameter_updates] removing connection to http://freight1207:48994/
[rospy.topics][ERROR] 2020-10-20 23:50:20,891: Traceback (most recent call last):
  File "/opt/ros/indigo/lib/python2.7/dist-packages/rospy/topics.py", line 307, in close
    c.close()
  File "/opt/ros/indigo/lib/python2.7/dist-packages/rospy/impl/tcpros_base.py", line 807, in close
    self.socket.close()
AttributeError: 'NoneType' object has no attribute 'close'

[rospy.internal][WARNING] 2020-10-20 23:50:20,891: Unknown error initiating TCP/IP socket to freight1207:40934 (http://freight1207:48994/): Traceback (most recent call last):
  File "/opt/ros/indigo/lib/python2.7/dist-packages/rospy/impl/tcpros_base.py", line 557, in connect
    self.read_header()
  File "/opt/ros/indigo/lib/python2.7/dist-packages/rospy/impl/tcpros_base.py", line 619, in read_header
    self._validate_header(read_ros_handshake_header(sock, self.read_buff, self.protocol.buff_size))
AttributeError: 'NoneType' object has no attribute 'buff_size'

[rospy.internal][INFO] 2020-10-20 23:50:20,891: topic[/move_base/global_costmap/obstacles/parameter_descriptions] removing connection to http://freight1207:44225/
[rospy.internal][INFO] 2020-10-20 23:50:20,892: topic[/move_base/global_costmap/parameter_updates] removing connection to http://freight1207:44225/
[rospy.internal][INFO] 2020-10-20 23:50:20,892: topic[/move_base/local_costmap/parameter_updates] removing connection to http://freight1207:44225/
[rospy.internal][INFO] 2020-10-20 23:50:20,892: topic[/amcl/parameter_descriptions] removing connection to http://freight1207:54468/
[rospy.internal][WARNING] 2020-10-20 23:50:20,892: Unknown error initiating TCP/IP socket to freight1207:33223 (http://freight1207:44225/): Traceback (most recent call last):
  File "/opt/ros/indigo/lib/python2.7/dist-packages/rospy/impl/tcpros_base.py", line 558, in connect
    self.local_endpoint = self.socket.getsockname()
AttributeError: 'NoneType' object has no attribute 'getsockname'

[rospy.internal][INFO] 2020-10-20 23:50:20,892: topic[/amcl/parameter_updates] removing connection to http://freight1207:54468/
[rospy.internal][INFO] 2020-10-20 23:50:20,892: topic[/move_base/local_costmap/obstacles/parameter_updates] removing connection to http://freight1207:44225/
[rospy.internal][INFO] 2020-10-20 23:50:20,893: topic[/move_base/global_costmap/obstacles/parameter_updates] removing connection to http://freight1207:44225/
[rospy.internal][INFO] 2020-10-20 23:50:20,893: topic[/move_base/local_costmap/inflater/parameter_descriptions] removing connection to http://freight1207:44225/
[rospy.internal][INFO] 2020-10-20 23:50:20,893: topic[/move_base/global_costmap/parameter_descriptions] removing connection to http://freight1207:44225/
[rospy.impl.masterslave][INFO] 2020-10-20 23:50:20,893: atexit
