[rospy.client][INFO] 2020-10-20 23:50:23,979: init_node, name[/rqt_gui_py_node_7243], pid[7243]
[xmlrpc][INFO] 2020-10-20 23:50:23,979: XML-RPC server binding to 0.0.0.0:0
[xmlrpc][INFO] 2020-10-20 23:50:23,979: Started XML-RPC server [http://freight1207:49604/]
[rospy.init][INFO] 2020-10-20 23:50:23,979: ROS Slave URI: [http://freight1207:49604/]
[rospy.impl.masterslave][INFO] 2020-10-20 23:50:23,979: _ready: http://freight1207:49604/
[rospy.registration][INFO] 2020-10-20 23:50:23,980: Registering with master node http://localhost:11311
[xmlrpc][INFO] 2020-10-20 23:50:23,980: xml rpc node: starting XML-RPC server
[rospy.init][INFO] 2020-10-20 23:50:24,080: registered with master
[rospy.rosout][INFO] 2020-10-20 23:50:24,080: initializing /rosout core topic
[rospy.rosout][INFO] 2020-10-20 23:50:24,082: connected to core topic /rosout
[rospy.simtime][INFO] 2020-10-20 23:50:24,082: /use_sim_time is not set, will not subscribe to simulated time [/clock] topic
[rospy.internal][INFO] 2020-10-20 23:50:24,144: topic[/move_base/TrajectoryPlannerROS/parameter_updates] adding connection to [http://freight1207:44225/], count 0
[rospy.internal][INFO] 2020-10-20 23:50:24,145: topic[/move_base/local_costmap/parameter_descriptions] adding connection to [http://freight1207:44225/], count 0
[rospy.internal][INFO] 2020-10-20 23:50:24,146: topic[/move_base/parameter_updates] adding connection to [http://freight1207:44225/], count 0
[rospy.internal][INFO] 2020-10-20 23:50:24,149: topic[/move_base/global_costmap/static_map/parameter_descriptions] adding connection to [http://freight1207:44225/], count 0
[rospy.internal][INFO] 2020-10-20 23:50:24,149: topic[/move_base/local_costmap/inflater/parameter_descriptions] adding connection to [http://freight1207:44225/], count 0
[rospy.internal][INFO] 2020-10-20 23:50:24,152: topic[/move_base/global_costmap/obstacles/parameter_descriptions] adding connection to [http://freight1207:44225/], count 0
[rospy.internal][INFO] 2020-10-20 23:50:24,153: topic[/move_base/local_costmap/obstacles/parameter_descriptions] adding connection to [http://freight1207:44225/], count 0
[rospy.internal][INFO] 2020-10-20 23:50:24,154: topic[/amcl/parameter_updates] adding connection to [http://freight1207:54468/], count 0
[rospy.internal][INFO] 2020-10-20 23:50:24,156: topic[/move_base/global_costmap/inflater/parameter_descriptions] adding connection to [http://freight1207:44225/], count 0
[rospy.internal][INFO] 2020-10-20 23:50:24,159: topic[/move_base/global_costmap/parameter_descriptions] adding connection to [http://freight1207:44225/], count 0
[rospy.internal][INFO] 2020-10-20 23:50:24,160: topic[/move_base/global_costmap/parameter_updates] adding connection to [http://freight1207:44225/], count 0
[rospy.internal][INFO] 2020-10-20 23:50:24,161: topic[/sick_tim551_2050001/parameter_descriptions] adding connection to [http://freight1207:48994/], count 0
[rospy.internal][INFO] 2020-10-20 23:50:24,162: topic[/move_base/parameter_descriptions] adding connection to [http://freight1207:44225/], count 0
[rospy.internal][INFO] 2020-10-20 23:50:24,163: topic[/move_base/TrajectoryPlannerROS/parameter_descriptions] adding connection to [http://freight1207:44225/], count 0
[rospy.internal][INFO] 2020-10-20 23:50:24,164: topic[/amcl/parameter_descriptions] adding connection to [http://freight1207:54468/], count 0
[rospy.internal][INFO] 2020-10-20 23:50:24,168: topic[/move_base/global_costmap/inflater/parameter_updates] adding connection to [http://freight1207:44225/], count 0
[rospy.internal][INFO] 2020-10-20 23:50:24,172: topic[/move_base/global_costmap/obstacles/parameter_updates] adding connection to [http://freight1207:44225/], count 0
[rospy.internal][INFO] 2020-10-20 23:50:24,175: topic[/move_base/global_costmap/static_map/parameter_updates] adding connection to [http://freight1207:44225/], count 0
[rospy.internal][INFO] 2020-10-20 23:50:24,176: topic[/move_base/local_costmap/parameter_updates] adding connection to [http://freight1207:44225/], count 0
[rospy.internal][INFO] 2020-10-20 23:50:24,178: topic[/move_base/local_costmap/inflater/parameter_updates] adding connection to [http://freight1207:44225/], count 0
[rospy.internal][INFO] 2020-10-20 23:50:24,182: topic[/move_base/local_costmap/obstacles/parameter_updates] adding connection to [http://freight1207:44225/], count 0
[rospy.internal][INFO] 2020-10-20 23:50:24,182: topic[/sick_tim551_2050001/parameter_updates] adding connection to [http://freight1207:48994/], count 0
[rospy.internal][INFO] 2020-10-20 23:50:24,264: topic[/rosout] adding connection to [/rosout], count 0
[rospy.internal][INFO] 2020-10-20 23:50:36,610: topic impl's ref count is zero, deleting topic /move_base/parameter_descriptions...
[rospy.internal][INFO] 2020-10-20 23:50:36,610: topic[/move_base/parameter_descriptions] removing connection to http://freight1207:44225/
[rospy.internal][INFO] 2020-10-20 23:50:36,611: topic impl's ref count is zero, deleting topic /move_base/parameter_updates...
[rospy.internal][INFO] 2020-10-20 23:50:36,611: topic[/move_base/parameter_updates] removing connection to http://freight1207:44225/
[rospy.internal][WARNING] 2020-10-20 23:50:36,612: Unknown error initiating TCP/IP socket to freight1207:33223 (http://freight1207:44225/): Traceback (most recent call last):
  File "/opt/ros/indigo/lib/python2.7/dist-packages/rospy/impl/tcpros_base.py", line 558, in connect
    self.local_endpoint = self.socket.getsockname()
AttributeError: 'NoneType' object has no attribute 'getsockname'

[rospy.internal][INFO] 2020-10-20 23:50:36,613: topic impl's ref count is zero, deleting topic /move_base/TrajectoryPlannerROS/parameter_descriptions...
[rospy.internal][INFO] 2020-10-20 23:50:36,614: topic[/move_base/TrajectoryPlannerROS/parameter_descriptions] removing connection to http://freight1207:44225/
[rospy.internal][INFO] 2020-10-20 23:50:36,615: topic impl's ref count is zero, deleting topic /move_base/TrajectoryPlannerROS/parameter_updates...
[rospy.internal][INFO] 2020-10-20 23:50:36,615: topic[/move_base/TrajectoryPlannerROS/parameter_updates] removing connection to http://freight1207:44225/
[rospy.core][INFO] 2020-10-20 23:50:36,623: signal_shutdown [atexit]
[rospy.internal][INFO] 2020-10-20 23:50:36,629: topic[/rosout] removing connection to /rosout
[rospy.internal][INFO] 2020-10-20 23:50:36,630: topic[/move_base/local_costmap/inflater/parameter_updates] removing connection to http://freight1207:44225/
[rospy.internal][WARNING] 2020-10-20 23:50:36,630: Unknown error initiating TCP/IP socket to freight1207:33223 (http://freight1207:44225/): Traceback (most recent call last):
  File "/opt/ros/indigo/lib/python2.7/dist-packages/rospy/impl/tcpros_base.py", line 558, in connect
    self.local_endpoint = self.socket.getsockname()
AttributeError: 'NoneType' object has no attribute 'getsockname'

[rospy.internal][INFO] 2020-10-20 23:50:36,630: topic[/move_base/global_costmap/static_map/parameter_descriptions] removing connection to http://freight1207:44225/
[rospy.internal][INFO] 2020-10-20 23:50:36,630: topic[/move_base/global_costmap/inflater/parameter_updates] removing connection to http://freight1207:44225/
[rospy.internal][INFO] 2020-10-20 23:50:36,630: topic[/move_base/global_costmap/static_map/parameter_updates] removing connection to http://freight1207:44225/
[rospy.internal][INFO] 2020-10-20 23:50:36,631: topic[/move_base/local_costmap/parameter_descriptions] removing connection to http://freight1207:44225/
[rospy.internal][INFO] 2020-10-20 23:50:36,631: topic[/move_base/global_costmap/inflater/parameter_descriptions] removing connection to http://freight1207:44225/
[rospy.internal][WARNING] 2020-10-20 23:50:36,631: Unknown error initiating TCP/IP socket to freight1207:33223 (http://freight1207:44225/): Traceback (most recent call last):
  File "/opt/ros/indigo/lib/python2.7/dist-packages/rospy/impl/tcpros_base.py", line 557, in connect
    self.read_header()
  File "/opt/ros/indigo/lib/python2.7/dist-packages/rospy/impl/tcpros_base.py", line 619, in read_header
    self._validate_header(read_ros_handshake_header(sock, self.read_buff, self.protocol.buff_size))
AttributeError: 'NoneType' object has no attribute 'buff_size'

[rospy.topics][ERROR] 2020-10-20 23:50:36,631: Traceback (most recent call last):
  File "/opt/ros/indigo/lib/python2.7/dist-packages/rospy/topics.py", line 307, in close
    c.close()
  File "/opt/ros/indigo/lib/python2.7/dist-packages/rospy/impl/tcpros_base.py", line 807, in close
    self.socket.close()
AttributeError: 'NoneType' object has no attribute 'close'

[rospy.internal][INFO] 2020-10-20 23:50:36,631: topic[/sick_tim551_2050001/parameter_descriptions] removing connection to http://freight1207:48994/
[rospy.internal][INFO] 2020-10-20 23:50:36,632: topic[/move_base/local_costmap/obstacles/parameter_descriptions] removing connection to http://freight1207:44225/
[rospy.internal][INFO] 2020-10-20 23:50:36,632: topic[/sick_tim551_2050001/parameter_updates] removing connection to http://freight1207:48994/
[rospy.topics][ERROR] 2020-10-20 23:50:36,632: Traceback (most recent call last):
  File "/opt/ros/indigo/lib/python2.7/dist-packages/rospy/topics.py", line 307, in close
    c.close()
  File "/opt/ros/indigo/lib/python2.7/dist-packages/rospy/impl/tcpros_base.py", line 807, in close
    self.socket.close()
AttributeError: 'NoneType' object has no attribute 'close'

[rospy.internal][WARNING] 2020-10-20 23:50:36,632: Unknown error initiating TCP/IP socket to freight1207:40934 (http://freight1207:48994/): Traceback (most recent call last):
  File "/opt/ros/indigo/lib/python2.7/dist-packages/rospy/impl/tcpros_base.py", line 557, in connect
    self.read_header()
  File "/opt/ros/indigo/lib/python2.7/dist-packages/rospy/impl/tcpros_base.py", line 619, in read_header
    self._validate_header(read_ros_handshake_header(sock, self.read_buff, self.protocol.buff_size))
AttributeError: 'NoneType' object has no attribute 'buff_size'

[rospy.internal][INFO] 2020-10-20 23:50:36,632: topic[/move_base/global_costmap/obstacles/parameter_descriptions] removing connection to http://freight1207:44225/
[rospy.internal][INFO] 2020-10-20 23:50:36,632: topic[/move_base/global_costmap/parameter_updates] removing connection to http://freight1207:44225/
[rospy.internal][INFO] 2020-10-20 23:50:36,632: topic[/move_base/local_costmap/parameter_updates] removing connection to http://freight1207:44225/
[rospy.internal][INFO] 2020-10-20 23:50:36,633: topic[/amcl/parameter_descriptions] removing connection to http://freight1207:54468/
[rospy.internal][INFO] 2020-10-20 23:50:36,633: topic[/amcl/parameter_updates] removing connection to http://freight1207:54468/
[rospy.internal][INFO] 2020-10-20 23:50:36,633: topic[/move_base/local_costmap/obstacles/parameter_updates] removing connection to http://freight1207:44225/
[rospy.internal][INFO] 2020-10-20 23:50:36,633: topic[/move_base/global_costmap/obstacles/parameter_updates] removing connection to http://freight1207:44225/
[rospy.internal][INFO] 2020-10-20 23:50:36,633: topic[/move_base/local_costmap/inflater/parameter_descriptions] removing connection to http://freight1207:44225/
[rospy.internal][INFO] 2020-10-20 23:50:36,633: topic[/move_base/global_costmap/parameter_descriptions] removing connection to http://freight1207:44225/
[rospy.impl.masterslave][INFO] 2020-10-20 23:50:36,633: atexit
