[rospy.client][INFO] 2020-10-28 19:56:58,331: init_node, name[/say_6263_1603940218311], pid[6263]
[xmlrpc][INFO] 2020-10-28 19:56:58,331: XML-RPC server binding to 0.0.0.0:0
[xmlrpc][INFO] 2020-10-28 19:56:58,332: Started XML-RPC server [http://freight1207:33139/]
[rospy.init][INFO] 2020-10-28 19:56:58,332: ROS Slave URI: [http://freight1207:33139/]
[rospy.impl.masterslave][INFO] 2020-10-28 19:56:58,332: _ready: http://freight1207:33139/
[xmlrpc][INFO] 2020-10-28 19:56:58,332: xml rpc node: starting XML-RPC server
[rospy.registration][INFO] 2020-10-28 19:56:58,332: Registering with master node http://localhost:11311
[rospy.init][INFO] 2020-10-28 19:56:58,432: registered with master
[rospy.rosout][INFO] 2020-10-28 19:56:58,432: initializing /rosout core topic
[rospy.rosout][INFO] 2020-10-28 19:56:58,434: connected to core topic /rosout
[rospy.simtime][INFO] 2020-10-28 19:56:58,435: /use_sim_time is not set, will not subscribe to simulated time [/clock] topic
[rospy.internal][INFO] 2020-10-28 19:56:58,447: topic[/sound_play/feedback] adding connection to [http://freight1207:36694/], count 0
[rospy.internal][INFO] 2020-10-28 19:56:58,448: topic[/sound_play/status] adding connection to [http://freight1207:36694/], count 0
[rospy.internal][INFO] 2020-10-28 19:56:58,448: topic[/sound_play/result] adding connection to [http://freight1207:36694/], count 0
[rospy.internal][INFO] 2020-10-28 19:56:58,513: topic[/sound_play/cancel] adding connection to [/sound_play], count 0
[rospy.internal][INFO] 2020-10-28 19:56:58,514: topic[/robotsound] adding connection to [/sound_play], count 0
[rospy.internal][INFO] 2020-10-28 19:56:58,514: topic[/sound_play/goal] adding connection to [/sound_play], count 0
[rospy.internal][INFO] 2020-10-28 19:56:58,662: topic[/rosout] adding connection to [/rosout], count 0
[rospy.core][INFO] 2020-10-28 19:57:00,446: signal_shutdown [atexit]
[rospy.internal][INFO] 2020-10-28 19:57:00,450: topic[/sound_play/cancel] removing connection to /sound_play
[rospy.internal][INFO] 2020-10-28 19:57:00,450: topic[/sound_play/goal] removing connection to /sound_play
[rospy.internal][INFO] 2020-10-28 19:57:00,450: topic[/rosout] removing connection to /rosout
[rospy.internal][INFO] 2020-10-28 19:57:00,450: topic[/robotsound] removing connection to /sound_play
[rospy.internal][INFO] 2020-10-28 19:57:00,450: topic[/sound_play/result] removing connection to http://freight1207:36694/
[rospy.internal][INFO] 2020-10-28 19:57:00,450: topic[/sound_play/status] removing connection to http://freight1207:36694/
[rospy.internal][INFO] 2020-10-28 19:57:00,451: topic[/sound_play/feedback] removing connection to http://freight1207:36694/
[rospy.internal][WARNING] 2020-10-28 19:57:00,451: Unknown error initiating TCP/IP socket to freight1207:40293 (http://freight1207:36694/): Traceback (most recent call last):
  File "/opt/ros/indigo/lib/python2.7/dist-packages/rospy/impl/tcpros_base.py", line 557, in connect
    self.read_header()
  File "/opt/ros/indigo/lib/python2.7/dist-packages/rospy/impl/tcpros_base.py", line 619, in read_header
    self._validate_header(read_ros_handshake_header(sock, self.read_buff, self.protocol.buff_size))
AttributeError: 'NoneType' object has no attribute 'buff_size'

[rospy.topics][ERROR] 2020-10-28 19:57:00,451: Traceback (most recent call last):
  File "/opt/ros/indigo/lib/python2.7/dist-packages/rospy/topics.py", line 307, in close
    c.close()
  File "/opt/ros/indigo/lib/python2.7/dist-packages/rospy/impl/tcpros_base.py", line 807, in close
    self.socket.close()
AttributeError: 'NoneType' object has no attribute 'close'

[rospy.impl.masterslave][INFO] 2020-10-28 19:57:00,451: atexit
