[rospy.client][INFO] 2020-10-28 19:42:10,687: init_node, name[/say_4686_1603939330667], pid[4686]
[xmlrpc][INFO] 2020-10-28 19:42:10,687: XML-RPC server binding to 0.0.0.0:0
[xmlrpc][INFO] 2020-10-28 19:42:10,687: Started XML-RPC server [http://freight1207:39149/]
[rospy.impl.masterslave][INFO] 2020-10-28 19:42:10,687: _ready: http://freight1207:39149/
[rospy.init][INFO] 2020-10-28 19:42:10,687: ROS Slave URI: [http://freight1207:39149/]
[xmlrpc][INFO] 2020-10-28 19:42:10,688: xml rpc node: starting XML-RPC server
[rospy.registration][INFO] 2020-10-28 19:42:10,688: Registering with master node http://localhost:11311
[rospy.init][INFO] 2020-10-28 19:42:10,788: registered with master
[rospy.rosout][INFO] 2020-10-28 19:42:10,788: initializing /rosout core topic
[rospy.rosout][INFO] 2020-10-28 19:42:10,790: connected to core topic /rosout
[rospy.simtime][INFO] 2020-10-28 19:42:10,790: /use_sim_time is not set, will not subscribe to simulated time [/clock] topic
[rospy.internal][INFO] 2020-10-28 19:42:10,803: topic[/sound_play/feedback] adding connection to [http://freight1207:36694/], count 0
[rospy.internal][INFO] 2020-10-28 19:42:10,803: topic[/sound_play/status] adding connection to [http://freight1207:36694/], count 0
[rospy.internal][INFO] 2020-10-28 19:42:10,804: topic[/sound_play/result] adding connection to [http://freight1207:36694/], count 0
[rospy.internal][INFO] 2020-10-28 19:42:10,832: topic[/sound_play/cancel] adding connection to [/sound_play], count 0
[rospy.internal][INFO] 2020-10-28 19:42:10,832: topic[/sound_play/goal] adding connection to [/sound_play], count 0
[rospy.internal][INFO] 2020-10-28 19:42:10,945: topic[/robotsound] adding connection to [/sound_play], count 0
[rospy.internal][INFO] 2020-10-28 19:42:10,998: topic[/rosout] adding connection to [/rosout], count 0
[rospy.core][INFO] 2020-10-28 19:42:12,802: signal_shutdown [atexit]
[rospy.internal][INFO] 2020-10-28 19:42:12,805: topic[/sound_play/cancel] removing connection to /sound_play
[rospy.internal][INFO] 2020-10-28 19:42:12,806: topic[/sound_play/goal] removing connection to /sound_play
[rospy.internal][INFO] 2020-10-28 19:42:12,806: topic[/rosout] removing connection to /rosout
[rospy.internal][INFO] 2020-10-28 19:42:12,806: topic[/robotsound] removing connection to /sound_play
[rospy.internal][INFO] 2020-10-28 19:42:12,806: topic[/sound_play/result] removing connection to http://freight1207:36694/
[rospy.internal][INFO] 2020-10-28 19:42:12,806: topic[/sound_play/status] removing connection to http://freight1207:36694/
[rospy.internal][INFO] 2020-10-28 19:42:12,806: topic[/sound_play/feedback] removing connection to http://freight1207:36694/
[rospy.impl.masterslave][INFO] 2020-10-28 19:42:12,807: atexit
