[rospy.client][INFO] 2020-10-29 00:54:36,552: init_node, name[/say_11543_1603958076533], pid[11543]
[xmlrpc][INFO] 2020-10-29 00:54:36,553: XML-RPC server binding to 0.0.0.0:0
[xmlrpc][INFO] 2020-10-29 00:54:36,553: Started XML-RPC server [http://freight1207:50420/]
[rospy.init][INFO] 2020-10-29 00:54:36,553: ROS Slave URI: [http://freight1207:50420/]
[rospy.impl.masterslave][INFO] 2020-10-29 00:54:36,553: _ready: http://freight1207:50420/
[xmlrpc][INFO] 2020-10-29 00:54:36,553: xml rpc node: starting XML-RPC server
[rospy.registration][INFO] 2020-10-29 00:54:36,554: Registering with master node http://localhost:11311
[rospy.init][INFO] 2020-10-29 00:54:36,653: registered with master
[rospy.rosout][INFO] 2020-10-29 00:54:36,654: initializing /rosout core topic
[rospy.rosout][INFO] 2020-10-29 00:54:36,655: connected to core topic /rosout
[rospy.simtime][INFO] 2020-10-29 00:54:36,656: /use_sim_time is not set, will not subscribe to simulated time [/clock] topic
[rospy.internal][INFO] 2020-10-29 00:54:36,669: topic[/sound_play/feedback] adding connection to [http://freight1207:43785/], count 0
[rospy.internal][INFO] 2020-10-29 00:54:36,669: topic[/sound_play/result] adding connection to [http://freight1207:43785/], count 0
[rospy.internal][INFO] 2020-10-29 00:54:36,670: topic[/sound_play/status] adding connection to [http://freight1207:43785/], count 0
[rospy.internal][INFO] 2020-10-29 00:54:36,684: topic[/sound_play/cancel] adding connection to [/sound_play], count 0
[rospy.internal][INFO] 2020-10-29 00:54:36,684: topic[/sound_play/goal] adding connection to [/sound_play], count 0
[rospy.internal][INFO] 2020-10-29 00:54:36,798: topic[/robotsound] adding connection to [/sound_play], count 0
[rospy.internal][INFO] 2020-10-29 00:54:36,862: topic[/rosout] adding connection to [/rosout], count 0
[rospy.core][INFO] 2020-10-29 00:54:38,667: signal_shutdown [atexit]
[rospy.internal][INFO] 2020-10-29 00:54:38,672: topic[/sound_play/cancel] removing connection to /sound_play
[rospy.internal][INFO] 2020-10-29 00:54:38,672: topic[/sound_play/goal] removing connection to /sound_play
[rospy.internal][INFO] 2020-10-29 00:54:38,673: topic[/rosout] removing connection to /rosout
[rospy.internal][INFO] 2020-10-29 00:54:38,673: topic[/robotsound] removing connection to /sound_play
[rospy.internal][INFO] 2020-10-29 00:54:38,673: topic[/sound_play/result] removing connection to http://freight1207:43785/
[rospy.internal][WARNING] 2020-10-29 00:54:38,674: Unknown error initiating TCP/IP socket to freight1207:55528 (http://freight1207:43785/): Traceback (most recent call last):
  File "/opt/ros/indigo/lib/python2.7/dist-packages/rospy/impl/tcpros_base.py", line 557, in connect
    self.read_header()
  File "/opt/ros/indigo/lib/python2.7/dist-packages/rospy/impl/tcpros_base.py", line 619, in read_header
    self._validate_header(read_ros_handshake_header(sock, self.read_buff, self.protocol.buff_size))
AttributeError: 'NoneType' object has no attribute 'buff_size'

[rospy.topics][ERROR] 2020-10-29 00:54:38,674: Traceback (most recent call last):
  File "/opt/ros/indigo/lib/python2.7/dist-packages/rospy/topics.py", line 307, in close
    c.close()
  File "/opt/ros/indigo/lib/python2.7/dist-packages/rospy/impl/tcpros_base.py", line 807, in close
    self.socket.close()
AttributeError: 'NoneType' object has no attribute 'close'

[rospy.internal][INFO] 2020-10-29 00:54:38,675: topic[/sound_play/status] removing connection to http://freight1207:43785/
[rospy.internal][INFO] 2020-10-29 00:54:38,675: topic[/sound_play/feedback] removing connection to http://freight1207:43785/
[rospy.impl.masterslave][INFO] 2020-10-29 00:54:38,675: atexit
