[rospy.client][INFO] 2020-10-28 19:53:15,571: init_node, name[/say_6065_1603939995551], pid[6065]
[xmlrpc][INFO] 2020-10-28 19:53:15,571: XML-RPC server binding to 0.0.0.0:0
[xmlrpc][INFO] 2020-10-28 19:53:15,572: Started XML-RPC server [http://freight1207:44535/]
[rospy.init][INFO] 2020-10-28 19:53:15,572: ROS Slave URI: [http://freight1207:44535/]
[rospy.impl.masterslave][INFO] 2020-10-28 19:53:15,572: _ready: http://freight1207:44535/
[xmlrpc][INFO] 2020-10-28 19:53:15,572: xml rpc node: starting XML-RPC server
[rospy.registration][INFO] 2020-10-28 19:53:15,573: Registering with master node http://localhost:11311
[rospy.init][INFO] 2020-10-28 19:53:15,672: registered with master
[rospy.rosout][INFO] 2020-10-28 19:53:15,672: initializing /rosout core topic
[rospy.rosout][INFO] 2020-10-28 19:53:15,674: connected to core topic /rosout
[rospy.simtime][INFO] 2020-10-28 19:53:15,675: /use_sim_time is not set, will not subscribe to simulated time [/clock] topic
[rospy.internal][INFO] 2020-10-28 19:53:15,687: topic[/sound_play/feedback] adding connection to [http://freight1207:36694/], count 0
[rospy.internal][INFO] 2020-10-28 19:53:15,688: topic[/sound_play/result] adding connection to [http://freight1207:36694/], count 0
[rospy.internal][INFO] 2020-10-28 19:53:15,688: topic[/sound_play/status] adding connection to [http://freight1207:36694/], count 0
[rospy.internal][INFO] 2020-10-28 19:53:15,747: topic[/sound_play/cancel] adding connection to [/sound_play], count 0
[rospy.internal][INFO] 2020-10-28 19:53:15,747: topic[/sound_play/goal] adding connection to [/sound_play], count 0
[rospy.internal][INFO] 2020-10-28 19:53:15,748: topic[/robotsound] adding connection to [/sound_play], count 0
[rospy.internal][INFO] 2020-10-28 19:53:15,944: topic[/rosout] adding connection to [/rosout], count 0
[rospy.core][INFO] 2020-10-28 19:53:17,687: signal_shutdown [atexit]
[rospy.internal][INFO] 2020-10-28 19:53:17,690: topic[/sound_play/cancel] removing connection to /sound_play
[rospy.internal][INFO] 2020-10-28 19:53:17,690: topic[/sound_play/goal] removing connection to /sound_play
[rospy.internal][INFO] 2020-10-28 19:53:17,690: topic[/rosout] removing connection to /rosout
[rospy.internal][INFO] 2020-10-28 19:53:17,691: topic[/robotsound] removing connection to /sound_play
[rospy.internal][INFO] 2020-10-28 19:53:17,691: topic[/sound_play/result] removing connection to http://freight1207:36694/
[rospy.internal][INFO] 2020-10-28 19:53:17,691: topic[/sound_play/status] removing connection to http://freight1207:36694/
[rospy.internal][INFO] 2020-10-28 19:53:17,691: topic[/sound_play/feedback] removing connection to http://freight1207:36694/
[rospy.impl.masterslave][INFO] 2020-10-28 19:53:17,691: atexit
