[rospy.client][INFO] 2020-11-03 20:39:58,910: init_node, name[/say_4321_1604464798888], pid[4321]
[xmlrpc][INFO] 2020-11-03 20:39:58,910: XML-RPC server binding to 0.0.0.0:0
[xmlrpc][INFO] 2020-11-03 20:39:58,910: Started XML-RPC server [http://freight1207:33154/]
[rospy.init][INFO] 2020-11-03 20:39:58,910: ROS Slave URI: [http://freight1207:33154/]
[rospy.impl.masterslave][INFO] 2020-11-03 20:39:58,910: _ready: http://freight1207:33154/
[xmlrpc][INFO] 2020-11-03 20:39:58,911: xml rpc node: starting XML-RPC server
[rospy.registration][INFO] 2020-11-03 20:39:58,911: Registering with master node http://localhost:11311
[rospy.init][INFO] 2020-11-03 20:39:59,011: registered with master
[rospy.rosout][INFO] 2020-11-03 20:39:59,011: initializing /rosout core topic
[rospy.rosout][INFO] 2020-11-03 20:39:59,012: connected to core topic /rosout
[rospy.simtime][INFO] 2020-11-03 20:39:59,013: /use_sim_time is not set, will not subscribe to simulated time [/clock] topic
[rospy.internal][INFO] 2020-11-03 20:39:59,026: topic[/sound_play/feedback] adding connection to [http://freight1207:33380/], count 0
[rospy.internal][INFO] 2020-11-03 20:39:59,027: topic[/sound_play/result] adding connection to [http://freight1207:33380/], count 0
[rospy.internal][INFO] 2020-11-03 20:39:59,027: topic[/sound_play/status] adding connection to [http://freight1207:33380/], count 0
[rospy.internal][INFO] 2020-11-03 20:39:59,097: topic[/sound_play/cancel] adding connection to [/sound_play], count 0
[rospy.internal][INFO] 2020-11-03 20:39:59,097: topic[/robotsound] adding connection to [/sound_play], count 0
[rospy.internal][INFO] 2020-11-03 20:39:59,097: topic[/sound_play/goal] adding connection to [/sound_play], count 0
[rospy.internal][INFO] 2020-11-03 20:39:59,266: topic[/rosout] adding connection to [/rosout], count 0
[rospy.core][INFO] 2020-11-03 20:40:01,025: signal_shutdown [atexit]
[rospy.internal][INFO] 2020-11-03 20:40:01,028: topic[/sound_play/cancel] removing connection to /sound_play
[rospy.internal][INFO] 2020-11-03 20:40:01,028: topic[/sound_play/goal] removing connection to /sound_play
[rospy.internal][INFO] 2020-11-03 20:40:01,029: topic[/rosout] removing connection to /rosout
[rospy.internal][INFO] 2020-11-03 20:40:01,029: topic[/robotsound] removing connection to /sound_play
[rospy.internal][INFO] 2020-11-03 20:40:01,029: topic[/sound_play/result] removing connection to http://freight1207:33380/
[rospy.internal][WARNING] 2020-11-03 20:40:01,029: Unknown error initiating TCP/IP socket to freight1207:55839 (http://freight1207:33380/): Traceback (most recent call last):
  File "/opt/ros/indigo/lib/python2.7/dist-packages/rospy/impl/tcpros_base.py", line 557, in connect
    self.read_header()
  File "/opt/ros/indigo/lib/python2.7/dist-packages/rospy/impl/tcpros_base.py", line 619, in read_header
    self._validate_header(read_ros_handshake_header(sock, self.read_buff, self.protocol.buff_size))
AttributeError: 'NoneType' object has no attribute 'buff_size'

[rospy.topics][ERROR] 2020-11-03 20:40:01,030: Traceback (most recent call last):
  File "/opt/ros/indigo/lib/python2.7/dist-packages/rospy/topics.py", line 307, in close
    c.close()
  File "/opt/ros/indigo/lib/python2.7/dist-packages/rospy/impl/tcpros_base.py", line 807, in close
    self.socket.close()
AttributeError: 'NoneType' object has no attribute 'close'

[rospy.internal][INFO] 2020-11-03 20:40:01,030: topic[/sound_play/status] removing connection to http://freight1207:33380/
[rospy.internal][INFO] 2020-11-03 20:40:01,030: topic[/sound_play/feedback] removing connection to http://freight1207:33380/
[rospy.topics][ERROR] 2020-11-03 20:40:01,030: Traceback (most recent call last):
  File "/opt/ros/indigo/lib/python2.7/dist-packages/rospy/topics.py", line 307, in close
    c.close()
  File "/opt/ros/indigo/lib/python2.7/dist-packages/rospy/impl/tcpros_base.py", line 807, in close
    self.socket.close()
AttributeError: 'NoneType' object has no attribute 'close'

[rospy.impl.masterslave][INFO] 2020-11-03 20:40:01,030: atexit
[rospy.internal][WARNING] 2020-11-03 20:40:01,030: Unknown error initiating TCP/IP socket to freight1207:55839 (http://freight1207:33380/): Traceback (most recent call last):
  File "/opt/ros/indigo/lib/python2.7/dist-packages/rospy/impl/tcpros_base.py", line 557, in connect
    self.read_header()
  File "/opt/ros/indigo/lib/python2.7/dist-packages/rospy/impl/tcpros_base.py", line 619, in read_header
    self._validate_header(read_ros_handshake_header(sock, self.read_buff, self.protocol.buff_size))
AttributeError: 'NoneType' object has no attribute 'buff_size'

