[rospy.client][INFO] 2020-11-05 23:29:45,482: init_node, name[/say_5887_1604647785458], pid[5887]
[xmlrpc][INFO] 2020-11-05 23:29:45,482: XML-RPC server binding to 0.0.0.0:0
[xmlrpc][INFO] 2020-11-05 23:29:45,482: Started XML-RPC server [http://freight1207:42573/]
[rospy.init][INFO] 2020-11-05 23:29:45,482: ROS Slave URI: [http://freight1207:42573/]
[rospy.impl.masterslave][INFO] 2020-11-05 23:29:45,483: _ready: http://freight1207:42573/
[xmlrpc][INFO] 2020-11-05 23:29:45,483: xml rpc node: starting XML-RPC server
[rospy.registration][INFO] 2020-11-05 23:29:45,483: Registering with master node http://localhost:11311
[rospy.init][INFO] 2020-11-05 23:29:45,583: registered with master
[rospy.rosout][INFO] 2020-11-05 23:29:45,583: initializing /rosout core topic
[rospy.rosout][INFO] 2020-11-05 23:29:45,585: connected to core topic /rosout
[rospy.simtime][INFO] 2020-11-05 23:29:45,586: initializing /clock core topic
[rospy.simtime][INFO] 2020-11-05 23:29:45,587: connected to core topic /clock
[rospy.internal][INFO] 2020-11-05 23:29:45,598: topic[/sound_play/feedback] adding connection to [http://freight1207:48754/], count 0
[rospy.internal][INFO] 2020-11-05 23:29:45,599: topic[/sound_play/status] adding connection to [http://freight1207:48754/], count 0
[rospy.internal][INFO] 2020-11-05 23:29:45,599: topic[/sound_play/result] adding connection to [http://freight1207:48754/], count 0
[rospy.internal][INFO] 2020-11-05 23:29:45,664: topic[/robotsound] adding connection to [/sound_play], count 0
[rospy.internal][INFO] 2020-11-05 23:29:45,665: topic[/sound_play/cancel] adding connection to [/sound_play], count 0
[rospy.internal][INFO] 2020-11-05 23:29:45,666: topic[/sound_play/goal] adding connection to [/sound_play], count 0
[rospy.internal][INFO] 2020-11-05 23:29:45,839: topic[/rosout] adding connection to [/rosout], count 0
[rospy.core][INFO] 2020-11-05 23:30:01,006: signal_shutdown [signal-2]
[rospy.internal][INFO] 2020-11-05 23:30:01,009: topic[/sound_play/cancel] removing connection to /sound_play
[rospy.internal][INFO] 2020-11-05 23:30:01,009: topic[/sound_play/goal] removing connection to /sound_play
[rospy.internal][INFO] 2020-11-05 23:30:01,010: topic[/rosout] removing connection to /rosout
[rospy.internal][INFO] 2020-11-05 23:30:01,010: topic[/robotsound] removing connection to /sound_play
[rospy.internal][INFO] 2020-11-05 23:30:01,010: topic[/sound_play/status] removing connection to http://freight1207:48754/
[rospy.internal][INFO] 2020-11-05 23:30:01,010: topic[/sound_play/feedback] removing connection to http://freight1207:48754/
[rospy.internal][INFO] 2020-11-05 23:30:01,010: topic[/sound_play/result] removing connection to http://freight1207:48754/
[rospy.impl.masterslave][INFO] 2020-11-05 23:30:01,010: signal-2
[rospy.core][INFO] 2020-11-05 23:30:01,204: signal_shutdown [atexit]
