[rospy.client][INFO] 2020-11-04 17:23:25,725: init_node, name[/say_23725_1604539405704], pid[23725]
[xmlrpc][INFO] 2020-11-04 17:23:25,725: XML-RPC server binding to 0.0.0.0:0
[xmlrpc][INFO] 2020-11-04 17:23:25,726: Started XML-RPC server [http://freight1207:44658/]
[rospy.init][INFO] 2020-11-04 17:23:25,726: ROS Slave URI: [http://freight1207:44658/]
[rospy.impl.masterslave][INFO] 2020-11-04 17:23:25,726: _ready: http://freight1207:44658/
[xmlrpc][INFO] 2020-11-04 17:23:25,726: xml rpc node: starting XML-RPC server
[rospy.registration][INFO] 2020-11-04 17:23:25,726: Registering with master node http://localhost:11311
[rospy.init][INFO] 2020-11-04 17:23:25,826: registered with master
[rospy.rosout][INFO] 2020-11-04 17:23:25,826: initializing /rosout core topic
[rospy.rosout][INFO] 2020-11-04 17:23:25,828: connected to core topic /rosout
[rospy.simtime][INFO] 2020-11-04 17:23:25,829: /use_sim_time is not set, will not subscribe to simulated time [/clock] topic
[rospy.internal][INFO] 2020-11-04 17:23:25,842: topic[/sound_play/feedback] adding connection to [http://freight1207:37705/], count 0
[rospy.internal][INFO] 2020-11-04 17:23:25,842: topic[/sound_play/status] adding connection to [http://freight1207:37705/], count 0
[rospy.internal][INFO] 2020-11-04 17:23:25,842: topic[/sound_play/result] adding connection to [http://freight1207:37705/], count 0
[rospy.internal][INFO] 2020-11-04 17:23:25,917: topic[/robotsound] adding connection to [/sound_play], count 0
[rospy.internal][INFO] 2020-11-04 17:23:25,917: topic[/sound_play/cancel] adding connection to [/sound_play], count 0
[rospy.internal][INFO] 2020-11-04 17:23:25,918: topic[/sound_play/goal] adding connection to [/sound_play], count 0
[rospy.internal][INFO] 2020-11-04 17:23:26,081: topic[/rosout] adding connection to [/rosout], count 0
[rospy.core][INFO] 2020-11-04 17:23:27,841: signal_shutdown [atexit]
[rospy.internal][INFO] 2020-11-04 17:23:27,844: topic[/sound_play/cancel] removing connection to /sound_play
[rospy.internal][INFO] 2020-11-04 17:23:27,844: topic[/sound_play/goal] removing connection to /sound_play
[rospy.internal][INFO] 2020-11-04 17:23:27,844: topic[/rosout] removing connection to /rosout
[rospy.internal][INFO] 2020-11-04 17:23:27,845: topic[/robotsound] removing connection to /sound_play
[rospy.internal][INFO] 2020-11-04 17:23:27,845: topic[/sound_play/result] removing connection to http://freight1207:37705/
[rospy.internal][INFO] 2020-11-04 17:23:27,845: topic[/sound_play/status] removing connection to http://freight1207:37705/
[rospy.internal][INFO] 2020-11-04 17:23:27,845: topic[/sound_play/feedback] removing connection to http://freight1207:37705/
[rospy.impl.masterslave][INFO] 2020-11-04 17:23:27,845: atexit
