[rospy.client][INFO] 2020-10-28 19:43:16,538: init_node, name[/say_5146_1603939396518], pid[5146]
[xmlrpc][INFO] 2020-10-28 19:43:16,538: XML-RPC server binding to 0.0.0.0:0
[xmlrpc][INFO] 2020-10-28 19:43:16,539: Started XML-RPC server [http://freight1207:53499/]
[rospy.init][INFO] 2020-10-28 19:43:16,539: ROS Slave URI: [http://freight1207:53499/]
[rospy.impl.masterslave][INFO] 2020-10-28 19:43:16,539: _ready: http://freight1207:53499/
[xmlrpc][INFO] 2020-10-28 19:43:16,539: xml rpc node: starting XML-RPC server
[rospy.registration][INFO] 2020-10-28 19:43:16,539: Registering with master node http://localhost:11311
[rospy.init][INFO] 2020-10-28 19:43:16,639: registered with master
[rospy.rosout][INFO] 2020-10-28 19:43:16,639: initializing /rosout core topic
[rospy.rosout][INFO] 2020-10-28 19:43:16,641: connected to core topic /rosout
[rospy.simtime][INFO] 2020-10-28 19:43:16,642: /use_sim_time is not set, will not subscribe to simulated time [/clock] topic
[rospy.internal][INFO] 2020-10-28 19:43:16,654: topic[/sound_play/feedback] adding connection to [http://freight1207:36694/], count 0
[rospy.internal][INFO] 2020-10-28 19:43:16,655: topic[/sound_play/result] adding connection to [http://freight1207:36694/], count 0
[rospy.internal][INFO] 2020-10-28 19:43:16,656: topic[/sound_play/status] adding connection to [http://freight1207:36694/], count 0
[rospy.internal][INFO] 2020-10-28 19:43:16,725: topic[/robotsound] adding connection to [/sound_play], count 0
[rospy.internal][INFO] 2020-10-28 19:43:16,726: topic[/sound_play/cancel] adding connection to [/sound_play], count 0
[rospy.internal][INFO] 2020-10-28 19:43:16,726: topic[/sound_play/goal] adding connection to [/sound_play], count 0
[rospy.internal][INFO] 2020-10-28 19:43:16,902: topic[/rosout] adding connection to [/rosout], count 0
[rospy.core][INFO] 2020-10-28 19:43:18,652: signal_shutdown [atexit]
[rospy.internal][INFO] 2020-10-28 19:43:18,656: topic[/sound_play/cancel] removing connection to /sound_play
[rospy.internal][INFO] 2020-10-28 19:43:18,656: topic[/sound_play/goal] removing connection to /sound_play
[rospy.internal][INFO] 2020-10-28 19:43:18,656: topic[/rosout] removing connection to /rosout
[rospy.internal][INFO] 2020-10-28 19:43:18,656: topic[/robotsound] removing connection to /sound_play
[rospy.internal][INFO] 2020-10-28 19:43:18,656: topic[/sound_play/result] removing connection to http://freight1207:36694/
[rospy.topics][ERROR] 2020-10-28 19:43:18,657: Traceback (most recent call last):
  File "/opt/ros/indigo/lib/python2.7/dist-packages/rospy/topics.py", line 307, in close
    c.close()
  File "/opt/ros/indigo/lib/python2.7/dist-packages/rospy/impl/tcpros_base.py", line 807, in close
    self.socket.close()
AttributeError: 'NoneType' object has no attribute 'close'

[rospy.internal][INFO] 2020-10-28 19:43:18,657: topic[/sound_play/status] removing connection to http://freight1207:36694/
[rospy.internal][WARNING] 2020-10-28 19:43:18,657: Unknown error initiating TCP/IP socket to freight1207:40293 (http://freight1207:36694/): Traceback (most recent call last):
  File "/opt/ros/indigo/lib/python2.7/dist-packages/rospy/impl/tcpros_base.py", line 557, in connect
    self.read_header()
  File "/opt/ros/indigo/lib/python2.7/dist-packages/rospy/impl/tcpros_base.py", line 619, in read_header
    self._validate_header(read_ros_handshake_header(sock, self.read_buff, self.protocol.buff_size))
AttributeError: 'NoneType' object has no attribute 'buff_size'

[rospy.internal][INFO] 2020-10-28 19:43:18,657: topic[/sound_play/feedback] removing connection to http://freight1207:36694/
[rospy.topics][ERROR] 2020-10-28 19:43:18,658: Traceback (most recent call last):
  File "/opt/ros/indigo/lib/python2.7/dist-packages/rospy/topics.py", line 307, in close
    c.close()
  File "/opt/ros/indigo/lib/python2.7/dist-packages/rospy/impl/tcpros_base.py", line 807, in close
    self.socket.close()
AttributeError: 'NoneType' object has no attribute 'close'

[rospy.internal][WARNING] 2020-10-28 19:43:18,658: Unknown error initiating TCP/IP socket to freight1207:40293 (http://freight1207:36694/): Traceback (most recent call last):
  File "/opt/ros/indigo/lib/python2.7/dist-packages/rospy/impl/tcpros_base.py", line 557, in connect
    self.read_header()
  File "/opt/ros/indigo/lib/python2.7/dist-packages/rospy/impl/tcpros_base.py", line 619, in read_header
    self._validate_header(read_ros_handshake_header(sock, self.read_buff, self.protocol.buff_size))
AttributeError: 'NoneType' object has no attribute 'buff_size'

[rospy.impl.masterslave][INFO] 2020-10-28 19:43:18,658: atexit
