[rospy.client][INFO] 2020-10-28 19:40:15,917: init_node, name[/say_4192_1603939215897], pid[4192]
[xmlrpc][INFO] 2020-10-28 19:40:15,918: XML-RPC server binding to 0.0.0.0:0
[xmlrpc][INFO] 2020-10-28 19:40:15,918: Started XML-RPC server [http://freight1207:38646/]
[rospy.init][INFO] 2020-10-28 19:40:15,918: ROS Slave URI: [http://freight1207:38646/]
[rospy.impl.masterslave][INFO] 2020-10-28 19:40:15,918: _ready: http://freight1207:38646/
[xmlrpc][INFO] 2020-10-28 19:40:15,918: xml rpc node: starting XML-RPC server
[rospy.registration][INFO] 2020-10-28 19:40:15,919: Registering with master node http://localhost:11311
[rospy.init][INFO] 2020-10-28 19:40:16,018: registered with master
[rospy.rosout][INFO] 2020-10-28 19:40:16,018: initializing /rosout core topic
[rospy.rosout][INFO] 2020-10-28 19:40:16,020: connected to core topic /rosout
[rospy.simtime][INFO] 2020-10-28 19:40:16,021: /use_sim_time is not set, will not subscribe to simulated time [/clock] topic
[rospy.internal][INFO] 2020-10-28 19:40:16,033: topic[/sound_play/feedback] adding connection to [http://freight1207:36694/], count 0
[rospy.internal][INFO] 2020-10-28 19:40:16,034: topic[/sound_play/result] adding connection to [http://freight1207:36694/], count 0
[rospy.internal][INFO] 2020-10-28 19:40:16,034: topic[/sound_play/status] adding connection to [http://freight1207:36694/], count 0
[rospy.internal][INFO] 2020-10-28 19:40:16,053: topic[/sound_play/goal] adding connection to [/sound_play], count 0
[rospy.internal][INFO] 2020-10-28 19:40:16,054: topic[/robotsound] adding connection to [/sound_play], count 0
[rospy.internal][INFO] 2020-10-28 19:40:16,054: topic[/sound_play/cancel] adding connection to [/sound_play], count 0
[rospy.internal][INFO] 2020-10-28 19:40:16,230: topic[/rosout] adding connection to [/rosout], count 0
[rospy.core][INFO] 2020-10-28 19:40:18,034: signal_shutdown [atexit]
[rospy.internal][INFO] 2020-10-28 19:40:18,037: topic[/sound_play/cancel] removing connection to /sound_play
[rospy.internal][INFO] 2020-10-28 19:40:18,037: topic[/sound_play/goal] removing connection to /sound_play
[rospy.internal][INFO] 2020-10-28 19:40:18,037: topic[/rosout] removing connection to /rosout
[rospy.internal][INFO] 2020-10-28 19:40:18,037: topic[/robotsound] removing connection to /sound_play
[rospy.internal][INFO] 2020-10-28 19:40:18,037: topic[/sound_play/result] removing connection to http://freight1207:36694/
[rospy.internal][INFO] 2020-10-28 19:40:18,038: topic[/sound_play/status] removing connection to http://freight1207:36694/
[rospy.internal][INFO] 2020-10-28 19:40:18,038: topic[/sound_play/feedback] removing connection to http://freight1207:36694/
[rospy.impl.masterslave][INFO] 2020-10-28 19:40:18,038: atexit
