[rospy.client][INFO] 2020-11-03 20:40:07,105: init_node, name[/say_4447_1604464807084], pid[4447]
[xmlrpc][INFO] 2020-11-03 20:40:07,105: XML-RPC server binding to 0.0.0.0:0
[xmlrpc][INFO] 2020-11-03 20:40:07,105: Started XML-RPC server [http://freight1207:44446/]
[rospy.init][INFO] 2020-11-03 20:40:07,105: ROS Slave URI: [http://freight1207:44446/]
[rospy.impl.masterslave][INFO] 2020-11-03 20:40:07,105: _ready: http://freight1207:44446/
[xmlrpc][INFO] 2020-11-03 20:40:07,106: xml rpc node: starting XML-RPC server
[rospy.registration][INFO] 2020-11-03 20:40:07,106: Registering with master node http://localhost:11311
[rospy.init][INFO] 2020-11-03 20:40:07,206: registered with master
[rospy.rosout][INFO] 2020-11-03 20:40:07,206: initializing /rosout core topic
[rospy.rosout][INFO] 2020-11-03 20:40:07,207: connected to core topic /rosout
[rospy.simtime][INFO] 2020-11-03 20:40:07,208: /use_sim_time is not set, will not subscribe to simulated time [/clock] topic
[rospy.internal][INFO] 2020-11-03 20:40:07,221: topic[/sound_play/result] adding connection to [http://freight1207:33380/], count 0
[rospy.internal][INFO] 2020-11-03 20:40:07,222: topic[/sound_play/feedback] adding connection to [http://freight1207:33380/], count 0
[rospy.internal][INFO] 2020-11-03 20:40:07,222: topic[/sound_play/status] adding connection to [http://freight1207:33380/], count 0
[rospy.internal][INFO] 2020-11-03 20:40:07,314: topic[/robotsound] adding connection to [/sound_play], count 0
[rospy.internal][INFO] 2020-11-03 20:40:07,314: topic[/sound_play/cancel] adding connection to [/sound_play], count 0
[rospy.internal][INFO] 2020-11-03 20:40:07,315: topic[/sound_play/goal] adding connection to [/sound_play], count 0
[rospy.internal][INFO] 2020-11-03 20:40:07,484: topic[/rosout] adding connection to [/rosout], count 0
[rospy.core][INFO] 2020-11-03 20:40:09,221: signal_shutdown [atexit]
[rospy.internal][INFO] 2020-11-03 20:40:09,230: topic[/sound_play/cancel] removing connection to /sound_play
[rospy.internal][INFO] 2020-11-03 20:40:09,231: topic[/sound_play/goal] removing connection to /sound_play
[rospy.internal][INFO] 2020-11-03 20:40:09,232: topic[/rosout] removing connection to /rosout
[rospy.internal][INFO] 2020-11-03 20:40:09,232: topic[/robotsound] removing connection to /sound_play
[rospy.internal][INFO] 2020-11-03 20:40:09,232: topic[/sound_play/result] removing connection to http://freight1207:33380/
[rospy.internal][INFO] 2020-11-03 20:40:09,233: topic[/sound_play/status] removing connection to http://freight1207:33380/
[rospy.internal][INFO] 2020-11-03 20:40:09,233: topic[/sound_play/feedback] removing connection to http://freight1207:33380/
[rospy.impl.masterslave][INFO] 2020-11-03 20:40:09,234: atexit
