[rospy.client][INFO] 2020-11-05 23:29:39,376: init_node, name[/say_5823_1604647779353], pid[5823]
[xmlrpc][INFO] 2020-11-05 23:29:39,376: XML-RPC server binding to 0.0.0.0:0
[xmlrpc][INFO] 2020-11-05 23:29:39,376: Started XML-RPC server [http://freight1207:59687/]
[rospy.init][INFO] 2020-11-05 23:29:39,377: ROS Slave URI: [http://freight1207:59687/]
[rospy.impl.masterslave][INFO] 2020-11-05 23:29:39,377: _ready: http://freight1207:59687/
[xmlrpc][INFO] 2020-11-05 23:29:39,377: xml rpc node: starting XML-RPC server
[rospy.registration][INFO] 2020-11-05 23:29:39,377: Registering with master node http://localhost:11311
[rospy.init][INFO] 2020-11-05 23:29:39,477: registered with master
[rospy.rosout][INFO] 2020-11-05 23:29:39,477: initializing /rosout core topic
[rospy.rosout][INFO] 2020-11-05 23:29:39,479: connected to core topic /rosout
[rospy.simtime][INFO] 2020-11-05 23:29:39,480: initializing /clock core topic
[rospy.simtime][INFO] 2020-11-05 23:29:39,482: connected to core topic /clock
[rospy.internal][INFO] 2020-11-05 23:29:39,493: topic[/sound_play/result] adding connection to [http://freight1207:48754/], count 0
[rospy.internal][INFO] 2020-11-05 23:29:39,493: topic[/sound_play/status] adding connection to [http://freight1207:48754/], count 0
[rospy.internal][INFO] 2020-11-05 23:29:39,495: topic[/sound_play/feedback] adding connection to [http://freight1207:48754/], count 0
[rospy.internal][INFO] 2020-11-05 23:29:39,549: topic[/robotsound] adding connection to [/sound_play], count 0
[rospy.internal][INFO] 2020-11-05 23:29:39,549: topic[/sound_play/cancel] adding connection to [/sound_play], count 0
[rospy.internal][INFO] 2020-11-05 23:29:39,549: topic[/sound_play/goal] adding connection to [/sound_play], count 0
[rospy.internal][INFO] 2020-11-05 23:29:39,729: topic[/rosout] adding connection to [/rosout], count 0
[rospy.core][INFO] 2020-11-05 23:29:41,445: signal_shutdown [signal-2]
[rospy.internal][INFO] 2020-11-05 23:29:41,448: topic[/sound_play/cancel] removing connection to /sound_play
[rospy.internal][INFO] 2020-11-05 23:29:41,448: topic[/sound_play/goal] removing connection to /sound_play
[rospy.internal][INFO] 2020-11-05 23:29:41,449: topic[/rosout] removing connection to /rosout
[rospy.internal][INFO] 2020-11-05 23:29:41,449: topic[/robotsound] removing connection to /sound_play
[rospy.internal][INFO] 2020-11-05 23:29:41,449: topic[/sound_play/status] removing connection to http://freight1207:48754/
[rospy.internal][INFO] 2020-11-05 23:29:41,449: topic[/sound_play/feedback] removing connection to http://freight1207:48754/
[rospy.internal][INFO] 2020-11-05 23:29:41,449: topic[/sound_play/result] removing connection to http://freight1207:48754/
[rospy.impl.masterslave][INFO] 2020-11-05 23:29:41,449: signal-2
[rospy.core][INFO] 2020-11-05 23:29:41,595: signal_shutdown [atexit]
