[rospy.client][INFO] 2020-10-28 19:57:02,117: init_node, name[/say_6328_1603940222096], pid[6328]
[xmlrpc][INFO] 2020-10-28 19:57:02,117: XML-RPC server binding to 0.0.0.0:0
[xmlrpc][INFO] 2020-10-28 19:57:02,118: Started XML-RPC server [http://freight1207:44716/]
[rospy.init][INFO] 2020-10-28 19:57:02,118: ROS Slave URI: [http://freight1207:44716/]
[rospy.impl.masterslave][INFO] 2020-10-28 19:57:02,118: _ready: http://freight1207:44716/
[xmlrpc][INFO] 2020-10-28 19:57:02,118: xml rpc node: starting XML-RPC server
[rospy.registration][INFO] 2020-10-28 19:57:02,118: Registering with master node http://localhost:11311
[rospy.init][INFO] 2020-10-28 19:57:02,218: registered with master
[rospy.rosout][INFO] 2020-10-28 19:57:02,218: initializing /rosout core topic
[rospy.rosout][INFO] 2020-10-28 19:57:02,220: connected to core topic /rosout
[rospy.simtime][INFO] 2020-10-28 19:57:02,221: /use_sim_time is not set, will not subscribe to simulated time [/clock] topic
[rospy.internal][INFO] 2020-10-28 19:57:02,233: topic[/sound_play/feedback] adding connection to [http://freight1207:36694/], count 0
[rospy.internal][INFO] 2020-10-28 19:57:02,234: topic[/sound_play/result] adding connection to [http://freight1207:36694/], count 0
[rospy.internal][INFO] 2020-10-28 19:57:02,234: topic[/sound_play/status] adding connection to [http://freight1207:36694/], count 0
[rospy.internal][INFO] 2020-10-28 19:57:02,278: topic[/sound_play/cancel] adding connection to [/sound_play], count 0
[rospy.internal][INFO] 2020-10-28 19:57:02,279: topic[/sound_play/goal] adding connection to [/sound_play], count 0
[rospy.internal][INFO] 2020-10-28 19:57:02,279: topic[/robotsound] adding connection to [/sound_play], count 0
[rospy.internal][INFO] 2020-10-28 19:57:02,469: topic[/rosout] adding connection to [/rosout], count 0
[rospy.core][INFO] 2020-10-28 19:57:04,233: signal_shutdown [atexit]
[rospy.internal][INFO] 2020-10-28 19:57:04,236: topic[/sound_play/cancel] removing connection to /sound_play
[rospy.internal][INFO] 2020-10-28 19:57:04,236: topic[/sound_play/goal] removing connection to /sound_play
[rospy.internal][INFO] 2020-10-28 19:57:04,236: topic[/rosout] removing connection to /rosout
[rospy.internal][INFO] 2020-10-28 19:57:04,236: topic[/robotsound] removing connection to /sound_play
[rospy.internal][INFO] 2020-10-28 19:57:04,237: topic[/sound_play/result] removing connection to http://freight1207:36694/
[rospy.internal][INFO] 2020-10-28 19:57:04,237: topic[/sound_play/status] removing connection to http://freight1207:36694/
[rospy.internal][INFO] 2020-10-28 19:57:04,237: topic[/sound_play/feedback] removing connection to http://freight1207:36694/
[rospy.impl.masterslave][INFO] 2020-10-28 19:57:04,237: atexit
