[rospy.client][INFO] 2020-10-29 00:52:45,191: init_node, name[/say_10956_1603957965170], pid[10956]
[xmlrpc][INFO] 2020-10-29 00:52:45,192: XML-RPC server binding to 0.0.0.0:0
[xmlrpc][INFO] 2020-10-29 00:52:45,192: Started XML-RPC server [http://freight1207:44048/]
[rospy.init][INFO] 2020-10-29 00:52:45,192: ROS Slave URI: [http://freight1207:44048/]
[rospy.impl.masterslave][INFO] 2020-10-29 00:52:45,192: _ready: http://freight1207:44048/
[xmlrpc][INFO] 2020-10-29 00:52:45,192: xml rpc node: starting XML-RPC server
[rospy.registration][INFO] 2020-10-29 00:52:45,193: Registering with master node http://localhost:11311
[rospy.init][INFO] 2020-10-29 00:52:45,292: registered with master
[rospy.rosout][INFO] 2020-10-29 00:52:45,292: initializing /rosout core topic
[rospy.rosout][INFO] 2020-10-29 00:52:45,294: connected to core topic /rosout
[rospy.simtime][INFO] 2020-10-29 00:52:45,295: /use_sim_time is not set, will not subscribe to simulated time [/clock] topic
[rospy.internal][INFO] 2020-10-29 00:52:45,307: topic[/sound_play/feedback] adding connection to [http://freight1207:43785/], count 0
[rospy.internal][INFO] 2020-10-29 00:52:45,308: topic[/sound_play/result] adding connection to [http://freight1207:43785/], count 0
[rospy.internal][INFO] 2020-10-29 00:52:45,308: topic[/sound_play/status] adding connection to [http://freight1207:43785/], count 0
[rospy.internal][INFO] 2020-10-29 00:52:45,435: topic[/robotsound] adding connection to [/sound_play], count 0
[rospy.internal][INFO] 2020-10-29 00:52:45,435: topic[/sound_play/cancel] adding connection to [/sound_play], count 0
[rospy.internal][INFO] 2020-10-29 00:52:45,436: topic[/sound_play/goal] adding connection to [/sound_play], count 0
[rospy.internal][INFO] 2020-10-29 00:52:45,593: topic[/rosout] adding connection to [/rosout], count 0
[rospy.core][INFO] 2020-10-29 00:52:47,307: signal_shutdown [atexit]
[rospy.internal][INFO] 2020-10-29 00:52:47,310: topic[/sound_play/cancel] removing connection to /sound_play
[rospy.internal][INFO] 2020-10-29 00:52:47,310: topic[/sound_play/goal] removing connection to /sound_play
[rospy.internal][INFO] 2020-10-29 00:52:47,310: topic[/rosout] removing connection to /rosout
[rospy.internal][INFO] 2020-10-29 00:52:47,311: topic[/robotsound] removing connection to /sound_play
[rospy.internal][INFO] 2020-10-29 00:52:47,311: topic[/sound_play/result] removing connection to http://freight1207:43785/
[rospy.internal][INFO] 2020-10-29 00:52:47,311: topic[/sound_play/status] removing connection to http://freight1207:43785/
[rospy.internal][INFO] 2020-10-29 00:52:47,311: topic[/sound_play/feedback] removing connection to http://freight1207:43785/
[rospy.impl.masterslave][INFO] 2020-10-29 00:52:47,311: atexit
[rospy.internal][WARNING] 2020-10-29 00:52:47,312: Unknown error initiating TCP/IP socket to freight1207:55528 (http://freight1207:43785/): Traceback (most recent call last):
  File "/opt/ros/indigo/lib/python2.7/dist-packages/rospy/impl/tcpros_base.py", line 557, in connect
    self.read_header()
  File "/opt/ros/indigo/lib/python2.7/dist-packages/rospy/impl/tcpros_base.py", line 619, in read_header
    self._validate_header(read_ros_handshake_header(sock, self.read_buff, self.protocol.buff_size))
AttributeError: 'NoneType' object has no attribute 'buff_size'

