[rospy.client][INFO] 2020-11-04 01:01:07,590: init_node, name[/say_16888_1604480467567], pid[16888]
[xmlrpc][INFO] 2020-11-04 01:01:07,590: XML-RPC server binding to 0.0.0.0:0
[xmlrpc][INFO] 2020-11-04 01:01:07,590: Started XML-RPC server [http://freight1207:39503/]
[rospy.impl.masterslave][INFO] 2020-11-04 01:01:07,590: _ready: http://freight1207:39503/
[rospy.init][INFO] 2020-11-04 01:01:07,590: ROS Slave URI: [http://freight1207:39503/]
[xmlrpc][INFO] 2020-11-04 01:01:07,591: xml rpc node: starting XML-RPC server
[rospy.registration][INFO] 2020-11-04 01:01:07,591: Registering with master node http://localhost:11311
[rospy.init][INFO] 2020-11-04 01:01:07,691: registered with master
[rospy.rosout][INFO] 2020-11-04 01:01:07,691: initializing /rosout core topic
[rospy.rosout][INFO] 2020-11-04 01:01:07,693: connected to core topic /rosout
[rospy.simtime][INFO] 2020-11-04 01:01:07,693: /use_sim_time is not set, will not subscribe to simulated time [/clock] topic
[rospy.internal][INFO] 2020-11-04 01:01:07,706: topic[/sound_play/feedback] adding connection to [http://freight1207:37705/], count 0
[rospy.internal][INFO] 2020-11-04 01:01:07,706: topic[/sound_play/result] adding connection to [http://freight1207:37705/], count 0
[rospy.internal][INFO] 2020-11-04 01:01:07,707: topic[/sound_play/status] adding connection to [http://freight1207:37705/], count 0
[rospy.internal][INFO] 2020-11-04 01:01:07,744: topic[/robotsound] adding connection to [/sound_play], count 0
[rospy.internal][INFO] 2020-11-04 01:01:07,745: topic[/sound_play/cancel] adding connection to [/sound_play], count 0
[rospy.internal][INFO] 2020-11-04 01:01:07,745: topic[/sound_play/goal] adding connection to [/sound_play], count 0
[rospy.internal][INFO] 2020-11-04 01:01:07,932: topic[/rosout] adding connection to [/rosout], count 0
[rospy.core][INFO] 2020-11-04 01:01:15,595: signal_shutdown [signal-2]
[rospy.internal][INFO] 2020-11-04 01:01:15,598: topic[/sound_play/cancel] removing connection to /sound_play
[rospy.internal][INFO] 2020-11-04 01:01:15,598: topic[/sound_play/goal] removing connection to /sound_play
[rospy.internal][INFO] 2020-11-04 01:01:15,599: topic[/rosout] removing connection to /rosout
[rospy.internal][INFO] 2020-11-04 01:01:15,599: topic[/robotsound] removing connection to /sound_play
[rospy.internal][INFO] 2020-11-04 01:01:15,599: topic[/sound_play/result] removing connection to http://freight1207:37705/
[rospy.internal][INFO] 2020-11-04 01:01:15,599: topic[/sound_play/status] removing connection to http://freight1207:37705/
[rospy.internal][INFO] 2020-11-04 01:01:15,600: topic[/sound_play/feedback] removing connection to http://freight1207:37705/
[rospy.impl.masterslave][INFO] 2020-11-04 01:01:15,600: signal-2
[rospy.internal][WARNING] 2020-11-04 01:01:15,600: Unknown error initiating TCP/IP socket to freight1207:43705 (http://freight1207:37705/): Traceback (most recent call last):
  File "/opt/ros/indigo/lib/python2.7/dist-packages/rospy/impl/tcpros_base.py", line 558, in connect
    self.local_endpoint = self.socket.getsockname()
AttributeError: 'NoneType' object has no attribute 'getsockname'

