[rospy.client][INFO] 2020-11-04 17:29:30,166: init_node, name[/say_24032_1604539770144], pid[24032]
[xmlrpc][INFO] 2020-11-04 17:29:30,167: XML-RPC server binding to 0.0.0.0:0
[xmlrpc][INFO] 2020-11-04 17:29:30,167: Started XML-RPC server [http://freight1207:46144/]
[rospy.impl.masterslave][INFO] 2020-11-04 17:29:30,167: _ready: http://freight1207:46144/
[rospy.init][INFO] 2020-11-04 17:29:30,167: ROS Slave URI: [http://freight1207:46144/]
[xmlrpc][INFO] 2020-11-04 17:29:30,167: xml rpc node: starting XML-RPC server
[rospy.registration][INFO] 2020-11-04 17:29:30,168: Registering with master node http://localhost:11311
[rospy.init][INFO] 2020-11-04 17:29:30,267: registered with master
[rospy.rosout][INFO] 2020-11-04 17:29:30,268: initializing /rosout core topic
[rospy.rosout][INFO] 2020-11-04 17:29:30,270: connected to core topic /rosout
[rospy.simtime][INFO] 2020-11-04 17:29:30,270: /use_sim_time is not set, will not subscribe to simulated time [/clock] topic
[rospy.internal][INFO] 2020-11-04 17:29:30,283: topic[/sound_play/feedback] adding connection to [http://freight1207:37705/], count 0
[rospy.internal][INFO] 2020-11-04 17:29:30,284: topic[/sound_play/result] adding connection to [http://freight1207:37705/], count 0
[rospy.internal][INFO] 2020-11-04 17:29:30,284: topic[/sound_play/status] adding connection to [http://freight1207:37705/], count 0
[rospy.internal][INFO] 2020-11-04 17:29:30,289: topic[/sound_play/cancel] adding connection to [/sound_play], count 0
[rospy.internal][INFO] 2020-11-04 17:29:30,290: topic[/sound_play/goal] adding connection to [/sound_play], count 0
[rospy.internal][INFO] 2020-11-04 17:29:30,403: topic[/robotsound] adding connection to [/sound_play], count 0
[rospy.internal][INFO] 2020-11-04 17:29:30,478: topic[/rosout] adding connection to [/rosout], count 0
[rospy.core][INFO] 2020-11-04 17:29:32,283: signal_shutdown [atexit]
[rospy.internal][INFO] 2020-11-04 17:29:32,286: topic[/sound_play/cancel] removing connection to /sound_play
[rospy.internal][INFO] 2020-11-04 17:29:32,287: topic[/sound_play/goal] removing connection to /sound_play
[rospy.internal][INFO] 2020-11-04 17:29:32,287: topic[/rosout] removing connection to /rosout
[rospy.internal][INFO] 2020-11-04 17:29:32,287: topic[/robotsound] removing connection to /sound_play
[rospy.internal][INFO] 2020-11-04 17:29:32,287: topic[/sound_play/result] removing connection to http://freight1207:37705/
[rospy.internal][WARNING] 2020-11-04 17:29:32,288: Unknown error initiating TCP/IP socket to freight1207:43705 (http://freight1207:37705/): Traceback (most recent call last):
  File "/opt/ros/indigo/lib/python2.7/dist-packages/rospy/impl/tcpros_base.py", line 557, in connect
    self.read_header()
  File "/opt/ros/indigo/lib/python2.7/dist-packages/rospy/impl/tcpros_base.py", line 619, in read_header
    self._validate_header(read_ros_handshake_header(sock, self.read_buff, self.protocol.buff_size))
AttributeError: 'NoneType' object has no attribute 'buff_size'

[rospy.topics][ERROR] 2020-11-04 17:29:32,288: Traceback (most recent call last):
  File "/opt/ros/indigo/lib/python2.7/dist-packages/rospy/topics.py", line 307, in close
    c.close()
  File "/opt/ros/indigo/lib/python2.7/dist-packages/rospy/impl/tcpros_base.py", line 807, in close
    self.socket.close()
AttributeError: 'NoneType' object has no attribute 'close'

[rospy.internal][INFO] 2020-11-04 17:29:32,288: topic[/sound_play/status] removing connection to http://freight1207:37705/
[rospy.internal][INFO] 2020-11-04 17:29:32,288: topic[/sound_play/feedback] removing connection to http://freight1207:37705/
[rospy.impl.masterslave][INFO] 2020-11-04 17:29:32,288: atexit
[rospy.internal][WARNING] 2020-11-04 17:29:32,288: Unknown error initiating TCP/IP socket to freight1207:43705 (http://freight1207:37705/): Traceback (most recent call last):
  File "/opt/ros/indigo/lib/python2.7/dist-packages/rospy/impl/tcpros_base.py", line 557, in connect
    self.read_header()
  File "/opt/ros/indigo/lib/python2.7/dist-packages/rospy/impl/tcpros_base.py", line 619, in read_header
    self._validate_header(read_ros_handshake_header(sock, self.read_buff, self.protocol.buff_size))
AttributeError: 'NoneType' object has no attribute 'buff_size'

