[rospy.client][INFO] 2020-10-28 19:38:58,085: init_node, name[/say_3731_1603939138065], pid[3731]
[xmlrpc][INFO] 2020-10-28 19:38:58,086: XML-RPC server binding to 0.0.0.0:0
[xmlrpc][INFO] 2020-10-28 19:38:58,086: Started XML-RPC server [http://freight1207:34349/]
[rospy.init][INFO] 2020-10-28 19:38:58,086: ROS Slave URI: [http://freight1207:34349/]
[rospy.impl.masterslave][INFO] 2020-10-28 19:38:58,086: _ready: http://freight1207:34349/
[xmlrpc][INFO] 2020-10-28 19:38:58,086: xml rpc node: starting XML-RPC server
[rospy.registration][INFO] 2020-10-28 19:38:58,087: Registering with master node http://localhost:11311
[rospy.init][INFO] 2020-10-28 19:38:58,186: registered with master
[rospy.rosout][INFO] 2020-10-28 19:38:58,187: initializing /rosout core topic
[rospy.rosout][INFO] 2020-10-28 19:38:58,188: connected to core topic /rosout
[rospy.simtime][INFO] 2020-10-28 19:38:58,189: /use_sim_time is not set, will not subscribe to simulated time [/clock] topic
[rospy.internal][INFO] 2020-10-28 19:38:58,202: topic[/sound_play/feedback] adding connection to [http://freight1207:36694/], count 0
[rospy.internal][INFO] 2020-10-28 19:38:58,202: topic[/sound_play/result] adding connection to [http://freight1207:36694/], count 0
[rospy.internal][INFO] 2020-10-28 19:38:58,203: topic[/sound_play/status] adding connection to [http://freight1207:36694/], count 0
[rospy.internal][INFO] 2020-10-28 19:38:58,235: topic[/sound_play/cancel] adding connection to [/sound_play], count 0
[rospy.internal][INFO] 2020-10-28 19:38:58,235: topic[/robotsound] adding connection to [/sound_play], count 0
[rospy.internal][INFO] 2020-10-28 19:38:58,235: topic[/sound_play/goal] adding connection to [/sound_play], count 0
[rospy.internal][INFO] 2020-10-28 19:38:58,412: topic[/rosout] adding connection to [/rosout], count 0
[rospy.core][INFO] 2020-10-28 19:39:00,201: signal_shutdown [atexit]
[rospy.internal][INFO] 2020-10-28 19:39:00,204: topic[/sound_play/cancel] removing connection to /sound_play
[rospy.internal][INFO] 2020-10-28 19:39:00,204: topic[/sound_play/goal] removing connection to /sound_play
[rospy.internal][INFO] 2020-10-28 19:39:00,205: topic[/rosout] removing connection to /rosout
[rospy.internal][INFO] 2020-10-28 19:39:00,205: topic[/robotsound] removing connection to /sound_play
[rospy.internal][INFO] 2020-10-28 19:39:00,205: topic[/sound_play/result] removing connection to http://freight1207:36694/
[rospy.internal][INFO] 2020-10-28 19:39:00,205: topic[/sound_play/status] removing connection to http://freight1207:36694/
[rospy.internal][INFO] 2020-10-28 19:39:00,205: topic[/sound_play/feedback] removing connection to http://freight1207:36694/
[rospy.impl.masterslave][INFO] 2020-10-28 19:39:00,205: atexit
