[rospy.client][INFO] 2020-11-04 17:44:34,351: init_node, name[/say_24731_1604540674330], pid[24731]
[xmlrpc][INFO] 2020-11-04 17:44:34,352: XML-RPC server binding to 0.0.0.0:0
[xmlrpc][INFO] 2020-11-04 17:44:34,352: Started XML-RPC server [http://freight1207:53368/]
[rospy.impl.masterslave][INFO] 2020-11-04 17:44:34,352: _ready: http://freight1207:53368/
[rospy.init][INFO] 2020-11-04 17:44:34,352: ROS Slave URI: [http://freight1207:53368/]
[xmlrpc][INFO] 2020-11-04 17:44:34,353: xml rpc node: starting XML-RPC server
[rospy.registration][INFO] 2020-11-04 17:44:34,353: Registering with master node http://localhost:11311
[rospy.init][INFO] 2020-11-04 17:44:34,453: registered with master
[rospy.rosout][INFO] 2020-11-04 17:44:34,453: initializing /rosout core topic
[rospy.rosout][INFO] 2020-11-04 17:44:34,454: connected to core topic /rosout
[rospy.simtime][INFO] 2020-11-04 17:44:34,455: /use_sim_time is not set, will not subscribe to simulated time [/clock] topic
[rospy.internal][INFO] 2020-11-04 17:44:34,468: topic[/sound_play/result] adding connection to [http://freight1207:37705/], count 0
[rospy.internal][INFO] 2020-11-04 17:44:34,469: topic[/sound_play/status] adding connection to [http://freight1207:37705/], count 0
[rospy.internal][INFO] 2020-11-04 17:44:34,470: topic[/sound_play/feedback] adding connection to [http://freight1207:37705/], count 0
[rospy.internal][INFO] 2020-11-04 17:44:34,504: topic[/robotsound] adding connection to [/sound_play], count 0
[rospy.internal][INFO] 2020-11-04 17:44:34,505: topic[/sound_play/cancel] adding connection to [/sound_play], count 0
[rospy.internal][INFO] 2020-11-04 17:44:34,505: topic[/sound_play/goal] adding connection to [/sound_play], count 0
[rospy.internal][INFO] 2020-11-04 17:44:34,700: topic[/rosout] adding connection to [/rosout], count 0
[rospy.core][INFO] 2020-11-04 17:44:36,472: signal_shutdown [atexit]
[rospy.internal][INFO] 2020-11-04 17:44:36,475: topic[/sound_play/cancel] removing connection to /sound_play
[rospy.internal][INFO] 2020-11-04 17:44:36,475: topic[/sound_play/goal] removing connection to /sound_play
[rospy.internal][INFO] 2020-11-04 17:44:36,476: topic[/rosout] removing connection to /rosout
[rospy.internal][INFO] 2020-11-04 17:44:36,476: topic[/robotsound] removing connection to /sound_play
[rospy.internal][INFO] 2020-11-04 17:44:36,476: topic[/sound_play/result] removing connection to http://freight1207:37705/
[rospy.internal][INFO] 2020-11-04 17:44:36,476: topic[/sound_play/status] removing connection to http://freight1207:37705/
[rospy.internal][INFO] 2020-11-04 17:44:36,476: topic[/sound_play/feedback] removing connection to http://freight1207:37705/
[rospy.impl.masterslave][INFO] 2020-11-04 17:44:36,476: atexit
