[rospy.client][INFO] 2020-11-05 23:10:03,197: init_node, name[/say_5140_1604646603173], pid[5140]
[xmlrpc][INFO] 2020-11-05 23:10:03,198: XML-RPC server binding to 0.0.0.0:0
[xmlrpc][INFO] 2020-11-05 23:10:03,198: Started XML-RPC server [http://freight1207:55859/]
[rospy.impl.masterslave][INFO] 2020-11-05 23:10:03,198: _ready: http://freight1207:55859/
[rospy.init][INFO] 2020-11-05 23:10:03,198: ROS Slave URI: [http://freight1207:55859/]
[xmlrpc][INFO] 2020-11-05 23:10:03,198: xml rpc node: starting XML-RPC server
[rospy.registration][INFO] 2020-11-05 23:10:03,199: Registering with master node http://localhost:11311
[rospy.init][INFO] 2020-11-05 23:10:03,299: registered with master
[rospy.rosout][INFO] 2020-11-05 23:10:03,299: initializing /rosout core topic
[rospy.rosout][INFO] 2020-11-05 23:10:03,301: connected to core topic /rosout
[rospy.simtime][INFO] 2020-11-05 23:10:03,302: initializing /clock core topic
[rospy.simtime][INFO] 2020-11-05 23:10:03,303: connected to core topic /clock
[rospy.internal][INFO] 2020-11-05 23:10:03,314: topic[/sound_play/result] adding connection to [http://freight1207:48754/], count 0
[rospy.internal][INFO] 2020-11-05 23:10:03,315: topic[/sound_play/status] adding connection to [http://freight1207:48754/], count 0
[rospy.internal][INFO] 2020-11-05 23:10:03,316: topic[/sound_play/feedback] adding connection to [http://freight1207:48754/], count 0
[rospy.internal][INFO] 2020-11-05 23:10:03,356: topic[/sound_play/cancel] adding connection to [/sound_play], count 0
[rospy.internal][INFO] 2020-11-05 23:10:03,356: topic[/sound_play/goal] adding connection to [/sound_play], count 0
[rospy.internal][INFO] 2020-11-05 23:10:03,420: topic[/robotsound] adding connection to [/sound_play], count 0
[rospy.internal][INFO] 2020-11-05 23:10:03,508: topic[/rosout] adding connection to [/rosout], count 0
[rospy.core][INFO] 2020-11-05 23:10:05,009: signal_shutdown [signal-2]
[rospy.internal][INFO] 2020-11-05 23:10:05,014: topic[/sound_play/cancel] removing connection to /sound_play
[rospy.internal][INFO] 2020-11-05 23:10:05,014: topic[/sound_play/goal] removing connection to /sound_play
[rospy.internal][INFO] 2020-11-05 23:10:05,015: topic[/rosout] removing connection to /rosout
[rospy.internal][INFO] 2020-11-05 23:10:05,015: topic[/robotsound] removing connection to /sound_play
[rospy.internal][INFO] 2020-11-05 23:10:05,016: topic[/sound_play/status] removing connection to http://freight1207:48754/
[rospy.internal][INFO] 2020-11-05 23:10:05,016: topic[/sound_play/feedback] removing connection to http://freight1207:48754/
[rospy.internal][WARNING] 2020-11-05 23:10:05,016: Unknown error initiating TCP/IP socket to freight1207:53809 (http://freight1207:48754/): Traceback (most recent call last):
  File "/opt/ros/indigo/lib/python2.7/dist-packages/rospy/impl/tcpros_base.py", line 558, in connect
    self.local_endpoint = self.socket.getsockname()
AttributeError: 'NoneType' object has no attribute 'getsockname'

[rospy.internal][INFO] 2020-11-05 23:10:05,017: topic[/sound_play/result] removing connection to http://freight1207:48754/
[rospy.impl.masterslave][INFO] 2020-11-05 23:10:05,017: signal-2
[rospy.core][INFO] 2020-11-05 23:10:05,133: signal_shutdown [atexit]
