[rospy.client][INFO] 2020-10-29 00:55:45,851: init_node, name[/say_11937_1603958145831], pid[11937]
[xmlrpc][INFO] 2020-10-29 00:55:45,851: XML-RPC server binding to 0.0.0.0:0
[xmlrpc][INFO] 2020-10-29 00:55:45,851: Started XML-RPC server [http://freight1207:44467/]
[rospy.init][INFO] 2020-10-29 00:55:45,851: ROS Slave URI: [http://freight1207:44467/]
[rospy.impl.masterslave][INFO] 2020-10-29 00:55:45,851: _ready: http://freight1207:44467/
[xmlrpc][INFO] 2020-10-29 00:55:45,852: xml rpc node: starting XML-RPC server
[rospy.registration][INFO] 2020-10-29 00:55:45,852: Registering with master node http://localhost:11311
[rospy.init][INFO] 2020-10-29 00:55:45,951: registered with master
[rospy.rosout][INFO] 2020-10-29 00:55:45,952: initializing /rosout core topic
[rospy.rosout][INFO] 2020-10-29 00:55:45,953: connected to core topic /rosout
[rospy.simtime][INFO] 2020-10-29 00:55:45,954: /use_sim_time is not set, will not subscribe to simulated time [/clock] topic
[rospy.internal][INFO] 2020-10-29 00:55:45,967: topic[/sound_play/result] adding connection to [http://freight1207:43785/], count 0
[rospy.internal][INFO] 2020-10-29 00:55:45,967: topic[/sound_play/feedback] adding connection to [http://freight1207:43785/], count 0
[rospy.internal][INFO] 2020-10-29 00:55:45,968: topic[/sound_play/status] adding connection to [http://freight1207:43785/], count 0
[rospy.internal][INFO] 2020-10-29 00:55:46,002: topic[/robotsound] adding connection to [/sound_play], count 0
[rospy.internal][INFO] 2020-10-29 00:55:46,002: topic[/sound_play/goal] adding connection to [/sound_play], count 0
[rospy.internal][INFO] 2020-10-29 00:55:46,002: topic[/sound_play/cancel] adding connection to [/sound_play], count 0
[rospy.internal][INFO] 2020-10-29 00:55:46,170: topic[/rosout] adding connection to [/rosout], count 0
[rospy.core][INFO] 2020-10-29 00:55:47,966: signal_shutdown [atexit]
[rospy.internal][INFO] 2020-10-29 00:55:47,976: topic[/sound_play/cancel] removing connection to /sound_play
[rospy.internal][INFO] 2020-10-29 00:55:47,976: topic[/sound_play/goal] removing connection to /sound_play
[rospy.internal][INFO] 2020-10-29 00:55:47,977: topic[/rosout] removing connection to /rosout
[rospy.internal][INFO] 2020-10-29 00:55:47,977: topic[/robotsound] removing connection to /sound_play
[rospy.internal][INFO] 2020-10-29 00:55:47,977: topic[/sound_play/result] removing connection to http://freight1207:43785/
[rospy.internal][INFO] 2020-10-29 00:55:47,978: topic[/sound_play/status] removing connection to http://freight1207:43785/
[rospy.internal][INFO] 2020-10-29 00:55:47,978: topic[/sound_play/feedback] removing connection to http://freight1207:43785/
[rospy.impl.masterslave][INFO] 2020-10-29 00:55:47,979: atexit
[rospy.internal][WARNING] 2020-10-29 00:55:47,980: Unknown error initiating TCP/IP socket to freight1207:55528 (http://freight1207:43785/): Traceback (most recent call last):
  File "/opt/ros/indigo/lib/python2.7/dist-packages/rospy/impl/tcpros_base.py", line 557, in connect
    self.read_header()
  File "/opt/ros/indigo/lib/python2.7/dist-packages/rospy/impl/tcpros_base.py", line 619, in read_header
    self._validate_header(read_ros_handshake_header(sock, self.read_buff, self.protocol.buff_size))
AttributeError: 'NoneType' object has no attribute 'buff_size'

