[rospy.client][INFO] 2020-11-04 01:03:43,731: init_node, name[/say_17538_1604480623708], pid[17538]
[xmlrpc][INFO] 2020-11-04 01:03:43,731: XML-RPC server binding to 0.0.0.0:0
[xmlrpc][INFO] 2020-11-04 01:03:43,731: Started XML-RPC server [http://freight1207:48893/]
[rospy.impl.masterslave][INFO] 2020-11-04 01:03:43,731: _ready: http://freight1207:48893/
[rospy.init][INFO] 2020-11-04 01:03:43,731: ROS Slave URI: [http://freight1207:48893/]
[xmlrpc][INFO] 2020-11-04 01:03:43,732: xml rpc node: starting XML-RPC server
[rospy.registration][INFO] 2020-11-04 01:03:43,732: Registering with master node http://localhost:11311
[rospy.init][INFO] 2020-11-04 01:03:43,832: registered with master
[rospy.rosout][INFO] 2020-11-04 01:03:43,832: initializing /rosout core topic
[rospy.rosout][INFO] 2020-11-04 01:03:43,834: connected to core topic /rosout
[rospy.simtime][INFO] 2020-11-04 01:03:43,835: /use_sim_time is not set, will not subscribe to simulated time [/clock] topic
[rospy.internal][INFO] 2020-11-04 01:03:43,847: topic[/sound_play/feedback] adding connection to [http://freight1207:37705/], count 0
[rospy.internal][INFO] 2020-11-04 01:03:43,848: topic[/sound_play/result] adding connection to [http://freight1207:37705/], count 0
[rospy.internal][INFO] 2020-11-04 01:03:43,848: topic[/sound_play/status] adding connection to [http://freight1207:37705/], count 0
[rospy.internal][INFO] 2020-11-04 01:03:43,893: topic[/robotsound] adding connection to [/sound_play], count 0
[rospy.internal][INFO] 2020-11-04 01:03:43,893: topic[/sound_play/cancel] adding connection to [/sound_play], count 0
[rospy.internal][INFO] 2020-11-04 01:03:43,894: topic[/sound_play/goal] adding connection to [/sound_play], count 0
[rospy.internal][INFO] 2020-11-04 01:03:44,046: topic[/rosout] adding connection to [/rosout], count 0
[rospy.core][INFO] 2020-11-04 01:03:45,846: signal_shutdown [atexit]
[rospy.internal][INFO] 2020-11-04 01:03:45,850: topic[/sound_play/cancel] removing connection to /sound_play
[rospy.internal][INFO] 2020-11-04 01:03:45,850: topic[/sound_play/goal] removing connection to /sound_play
[rospy.internal][INFO] 2020-11-04 01:03:45,850: topic[/rosout] removing connection to /rosout
[rospy.internal][INFO] 2020-11-04 01:03:45,850: topic[/robotsound] removing connection to /sound_play
[rospy.internal][INFO] 2020-11-04 01:03:45,851: topic[/sound_play/result] removing connection to http://freight1207:37705/
[rospy.internal][WARNING] 2020-11-04 01:03:45,851: Unknown error initiating TCP/IP socket to freight1207:43705 (http://freight1207:37705/): Traceback (most recent call last):
  File "/opt/ros/indigo/lib/python2.7/dist-packages/rospy/impl/tcpros_base.py", line 557, in connect
    self.read_header()
  File "/opt/ros/indigo/lib/python2.7/dist-packages/rospy/impl/tcpros_base.py", line 619, in read_header
    self._validate_header(read_ros_handshake_header(sock, self.read_buff, self.protocol.buff_size))
AttributeError: 'NoneType' object has no attribute 'buff_size'

[rospy.topics][ERROR] 2020-11-04 01:03:45,851: Traceback (most recent call last):
  File "/opt/ros/indigo/lib/python2.7/dist-packages/rospy/topics.py", line 307, in close
    c.close()
  File "/opt/ros/indigo/lib/python2.7/dist-packages/rospy/impl/tcpros_base.py", line 807, in close
    self.socket.close()
AttributeError: 'NoneType' object has no attribute 'close'

[rospy.internal][INFO] 2020-11-04 01:03:45,851: topic[/sound_play/status] removing connection to http://freight1207:37705/
[rospy.internal][INFO] 2020-11-04 01:03:45,851: topic[/sound_play/feedback] removing connection to http://freight1207:37705/
[rospy.impl.masterslave][INFO] 2020-11-04 01:03:45,852: atexit
