[rospy.client][INFO] 2020-10-28 19:38:38,950: init_node, name[/say_3652_1603939118931], pid[3652]
[xmlrpc][INFO] 2020-10-28 19:38:38,950: XML-RPC server binding to 0.0.0.0:0
[xmlrpc][INFO] 2020-10-28 19:38:38,950: Started XML-RPC server [http://freight1207:34430/]
[rospy.init][INFO] 2020-10-28 19:38:38,951: ROS Slave URI: [http://freight1207:34430/]
[rospy.impl.masterslave][INFO] 2020-10-28 19:38:38,951: _ready: http://freight1207:34430/
[xmlrpc][INFO] 2020-10-28 19:38:38,951: xml rpc node: starting XML-RPC server
[rospy.registration][INFO] 2020-10-28 19:38:38,951: Registering with master node http://localhost:11311
[rospy.init][INFO] 2020-10-28 19:38:39,051: registered with master
[rospy.rosout][INFO] 2020-10-28 19:38:39,051: initializing /rosout core topic
[rospy.rosout][INFO] 2020-10-28 19:38:39,053: connected to core topic /rosout
[rospy.simtime][INFO] 2020-10-28 19:38:39,054: /use_sim_time is not set, will not subscribe to simulated time [/clock] topic
[rospy.internal][INFO] 2020-10-28 19:38:39,067: topic[/sound_play/feedback] adding connection to [http://freight1207:36694/], count 0
[rospy.internal][INFO] 2020-10-28 19:38:39,067: topic[/sound_play/result] adding connection to [http://freight1207:36694/], count 0
[rospy.internal][INFO] 2020-10-28 19:38:39,068: topic[/sound_play/status] adding connection to [http://freight1207:36694/], count 0
[rospy.internal][INFO] 2020-10-28 19:38:39,117: topic[/sound_play/cancel] adding connection to [/sound_play], count 0
[rospy.internal][INFO] 2020-10-28 19:38:39,118: topic[/robotsound] adding connection to [/sound_play], count 0
[rospy.internal][INFO] 2020-10-28 19:38:39,118: topic[/sound_play/goal] adding connection to [/sound_play], count 0
[rospy.internal][INFO] 2020-10-28 19:38:39,286: topic[/rosout] adding connection to [/rosout], count 0
[rospy.core][INFO] 2020-10-28 19:38:41,067: signal_shutdown [atexit]
[rospy.internal][INFO] 2020-10-28 19:38:41,071: topic[/sound_play/cancel] removing connection to /sound_play
[rospy.internal][INFO] 2020-10-28 19:38:41,071: topic[/sound_play/goal] removing connection to /sound_play
[rospy.internal][INFO] 2020-10-28 19:38:41,071: topic[/rosout] removing connection to /rosout
[rospy.internal][INFO] 2020-10-28 19:38:41,072: topic[/robotsound] removing connection to /sound_play
[rospy.internal][INFO] 2020-10-28 19:38:41,072: topic[/sound_play/result] removing connection to http://freight1207:36694/
[rospy.internal][WARNING] 2020-10-28 19:38:41,073: Unknown error initiating TCP/IP socket to freight1207:40293 (http://freight1207:36694/): Traceback (most recent call last):
  File "/opt/ros/indigo/lib/python2.7/dist-packages/rospy/impl/tcpros_base.py", line 557, in connect
    self.read_header()
  File "/opt/ros/indigo/lib/python2.7/dist-packages/rospy/impl/tcpros_base.py", line 619, in read_header
    self._validate_header(read_ros_handshake_header(sock, self.read_buff, self.protocol.buff_size))
AttributeError: 'NoneType' object has no attribute 'buff_size'

[rospy.topics][ERROR] 2020-10-28 19:38:41,073: Traceback (most recent call last):
  File "/opt/ros/indigo/lib/python2.7/dist-packages/rospy/topics.py", line 307, in close
    c.close()
  File "/opt/ros/indigo/lib/python2.7/dist-packages/rospy/impl/tcpros_base.py", line 807, in close
    self.socket.close()
AttributeError: 'NoneType' object has no attribute 'close'

[rospy.internal][INFO] 2020-10-28 19:38:41,073: topic[/sound_play/status] removing connection to http://freight1207:36694/
[rospy.internal][INFO] 2020-10-28 19:38:41,073: topic[/sound_play/feedback] removing connection to http://freight1207:36694/
[rospy.impl.masterslave][INFO] 2020-10-28 19:38:41,074: atexit
