[rospy.client][INFO] 2020-10-29 00:54:32,381: init_node, name[/say_11478_1603958072361], pid[11478]
[xmlrpc][INFO] 2020-10-29 00:54:32,382: XML-RPC server binding to 0.0.0.0:0
[xmlrpc][INFO] 2020-10-29 00:54:32,382: Started XML-RPC server [http://freight1207:46698/]
[rospy.init][INFO] 2020-10-29 00:54:32,382: ROS Slave URI: [http://freight1207:46698/]
[rospy.impl.masterslave][INFO] 2020-10-29 00:54:32,382: _ready: http://freight1207:46698/
[xmlrpc][INFO] 2020-10-29 00:54:32,382: xml rpc node: starting XML-RPC server
[rospy.registration][INFO] 2020-10-29 00:54:32,383: Registering with master node http://localhost:11311
[rospy.init][INFO] 2020-10-29 00:54:32,482: registered with master
[rospy.rosout][INFO] 2020-10-29 00:54:32,482: initializing /rosout core topic
[rospy.rosout][INFO] 2020-10-29 00:54:32,484: connected to core topic /rosout
[rospy.simtime][INFO] 2020-10-29 00:54:32,485: /use_sim_time is not set, will not subscribe to simulated time [/clock] topic
[rospy.internal][INFO] 2020-10-29 00:54:32,498: topic[/sound_play/feedback] adding connection to [http://freight1207:43785/], count 0
[rospy.internal][INFO] 2020-10-29 00:54:32,498: topic[/sound_play/result] adding connection to [http://freight1207:43785/], count 0
[rospy.internal][INFO] 2020-10-29 00:54:32,499: topic[/sound_play/status] adding connection to [http://freight1207:43785/], count 0
[rospy.internal][INFO] 2020-10-29 00:54:32,569: topic[/robotsound] adding connection to [/sound_play], count 0
[rospy.internal][INFO] 2020-10-29 00:54:32,570: topic[/sound_play/cancel] adding connection to [/sound_play], count 0
[rospy.internal][INFO] 2020-10-29 00:54:32,570: topic[/sound_play/goal] adding connection to [/sound_play], count 0
[rospy.internal][INFO] 2020-10-29 00:54:32,753: topic[/rosout] adding connection to [/rosout], count 0
[rospy.core][INFO] 2020-10-29 00:54:34,497: signal_shutdown [atexit]
[rospy.internal][INFO] 2020-10-29 00:54:34,505: topic[/sound_play/cancel] removing connection to /sound_play
[rospy.internal][INFO] 2020-10-29 00:54:34,506: topic[/sound_play/goal] removing connection to /sound_play
[rospy.internal][INFO] 2020-10-29 00:54:34,506: topic[/rosout] removing connection to /rosout
[rospy.internal][INFO] 2020-10-29 00:54:34,507: topic[/robotsound] removing connection to /sound_play
[rospy.internal][INFO] 2020-10-29 00:54:34,507: topic[/sound_play/result] removing connection to http://freight1207:43785/
[rospy.internal][INFO] 2020-10-29 00:54:34,508: topic[/sound_play/status] removing connection to http://freight1207:43785/
[rospy.internal][INFO] 2020-10-29 00:54:34,508: topic[/sound_play/feedback] removing connection to http://freight1207:43785/
[rospy.impl.masterslave][INFO] 2020-10-29 00:54:34,509: atexit
