[rospy.client][INFO] 2020-11-04 17:30:18,589: init_node, name[/say_24109_1604539818567], pid[24109]
[xmlrpc][INFO] 2020-11-04 17:30:18,589: XML-RPC server binding to 0.0.0.0:0
[xmlrpc][INFO] 2020-11-04 17:30:18,589: Started XML-RPC server [http://freight1207:60896/]
[rospy.init][INFO] 2020-11-04 17:30:18,589: ROS Slave URI: [http://freight1207:60896/]
[rospy.impl.masterslave][INFO] 2020-11-04 17:30:18,589: _ready: http://freight1207:60896/
[xmlrpc][INFO] 2020-11-04 17:30:18,590: xml rpc node: starting XML-RPC server
[rospy.registration][INFO] 2020-11-04 17:30:18,590: Registering with master node http://localhost:11311
[rospy.init][INFO] 2020-11-04 17:30:18,690: registered with master
[rospy.rosout][INFO] 2020-11-04 17:30:18,690: initializing /rosout core topic
[rospy.rosout][INFO] 2020-11-04 17:30:18,692: connected to core topic /rosout
[rospy.simtime][INFO] 2020-11-04 17:30:18,692: /use_sim_time is not set, will not subscribe to simulated time [/clock] topic
[rospy.internal][INFO] 2020-11-04 17:30:18,705: topic[/sound_play/feedback] adding connection to [http://freight1207:37705/], count 0
[rospy.internal][INFO] 2020-11-04 17:30:18,706: topic[/sound_play/result] adding connection to [http://freight1207:37705/], count 0
[rospy.internal][INFO] 2020-11-04 17:30:18,706: topic[/sound_play/status] adding connection to [http://freight1207:37705/], count 0
[rospy.internal][INFO] 2020-11-04 17:30:18,779: topic[/sound_play/cancel] adding connection to [/sound_play], count 0
[rospy.internal][INFO] 2020-11-04 17:30:18,779: topic[/robotsound] adding connection to [/sound_play], count 0
[rospy.internal][INFO] 2020-11-04 17:30:18,780: topic[/sound_play/goal] adding connection to [/sound_play], count 0
[rospy.internal][INFO] 2020-11-04 17:30:18,946: topic[/rosout] adding connection to [/rosout], count 0
[rospy.core][INFO] 2020-11-04 17:30:20,704: signal_shutdown [atexit]
[rospy.internal][INFO] 2020-11-04 17:30:20,707: topic[/sound_play/cancel] removing connection to /sound_play
[rospy.internal][INFO] 2020-11-04 17:30:20,708: topic[/sound_play/goal] removing connection to /sound_play
[rospy.internal][INFO] 2020-11-04 17:30:20,708: topic[/rosout] removing connection to /rosout
[rospy.internal][INFO] 2020-11-04 17:30:20,708: topic[/robotsound] removing connection to /sound_play
[rospy.internal][INFO] 2020-11-04 17:30:20,708: topic[/sound_play/result] removing connection to http://freight1207:37705/
[rospy.internal][INFO] 2020-11-04 17:30:20,708: topic[/sound_play/status] removing connection to http://freight1207:37705/
[rospy.internal][INFO] 2020-11-04 17:30:20,709: topic[/sound_play/feedback] removing connection to http://freight1207:37705/
[rospy.internal][WARNING] 2020-11-04 17:30:20,709: Unknown error initiating TCP/IP socket to freight1207:43705 (http://freight1207:37705/): Traceback (most recent call last):
  File "/opt/ros/indigo/lib/python2.7/dist-packages/rospy/impl/tcpros_base.py", line 557, in connect
    self.read_header()
  File "/opt/ros/indigo/lib/python2.7/dist-packages/rospy/impl/tcpros_base.py", line 619, in read_header
    self._validate_header(read_ros_handshake_header(sock, self.read_buff, self.protocol.buff_size))
AttributeError: 'NoneType' object has no attribute 'buff_size'

[rospy.topics][ERROR] 2020-11-04 17:30:20,709: Traceback (most recent call last):
  File "/opt/ros/indigo/lib/python2.7/dist-packages/rospy/topics.py", line 307, in close
    c.close()
  File "/opt/ros/indigo/lib/python2.7/dist-packages/rospy/impl/tcpros_base.py", line 807, in close
    self.socket.close()
AttributeError: 'NoneType' object has no attribute 'close'

[rospy.impl.masterslave][INFO] 2020-11-04 17:30:20,709: atexit
