[rospy.client][INFO] 2020-10-28 19:40:48,454: init_node, name[/say_4352_1603939248434], pid[4352]
[xmlrpc][INFO] 2020-10-28 19:40:48,454: XML-RPC server binding to 0.0.0.0:0
[xmlrpc][INFO] 2020-10-28 19:40:48,454: Started XML-RPC server [http://freight1207:47080/]
[rospy.init][INFO] 2020-10-28 19:40:48,454: ROS Slave URI: [http://freight1207:47080/]
[rospy.impl.masterslave][INFO] 2020-10-28 19:40:48,454: _ready: http://freight1207:47080/
[xmlrpc][INFO] 2020-10-28 19:40:48,455: xml rpc node: starting XML-RPC server
[rospy.registration][INFO] 2020-10-28 19:40:48,455: Registering with master node http://localhost:11311
[rospy.init][INFO] 2020-10-28 19:40:48,555: registered with master
[rospy.rosout][INFO] 2020-10-28 19:40:48,555: initializing /rosout core topic
[rospy.rosout][INFO] 2020-10-28 19:40:48,556: connected to core topic /rosout
[rospy.simtime][INFO] 2020-10-28 19:40:48,557: /use_sim_time is not set, will not subscribe to simulated time [/clock] topic
[rospy.internal][INFO] 2020-10-28 19:40:48,570: topic[/sound_play/feedback] adding connection to [http://freight1207:36694/], count 0
[rospy.internal][INFO] 2020-10-28 19:40:48,571: topic[/sound_play/status] adding connection to [http://freight1207:36694/], count 0
[rospy.internal][INFO] 2020-10-28 19:40:48,571: topic[/sound_play/result] adding connection to [http://freight1207:36694/], count 0
[rospy.internal][INFO] 2020-10-28 19:40:48,588: topic[/robotsound] adding connection to [/sound_play], count 0
[rospy.internal][INFO] 2020-10-28 19:40:48,589: topic[/sound_play/cancel] adding connection to [/sound_play], count 0
[rospy.internal][INFO] 2020-10-28 19:40:48,589: topic[/sound_play/goal] adding connection to [/sound_play], count 0
[rospy.internal][INFO] 2020-10-28 19:40:48,778: topic[/rosout] adding connection to [/rosout], count 0
[rospy.core][INFO] 2020-10-28 19:40:50,569: signal_shutdown [atexit]
[rospy.internal][INFO] 2020-10-28 19:40:50,572: topic[/sound_play/cancel] removing connection to /sound_play
[rospy.internal][INFO] 2020-10-28 19:40:50,572: topic[/sound_play/goal] removing connection to /sound_play
[rospy.internal][INFO] 2020-10-28 19:40:50,572: topic[/rosout] removing connection to /rosout
[rospy.internal][INFO] 2020-10-28 19:40:50,572: topic[/robotsound] removing connection to /sound_play
[rospy.internal][INFO] 2020-10-28 19:40:50,572: topic[/sound_play/result] removing connection to http://freight1207:36694/
[rospy.internal][INFO] 2020-10-28 19:40:50,573: topic[/sound_play/status] removing connection to http://freight1207:36694/
[rospy.internal][INFO] 2020-10-28 19:40:50,573: topic[/sound_play/feedback] removing connection to http://freight1207:36694/
[rospy.topics][ERROR] 2020-10-28 19:40:50,573: Traceback (most recent call last):
  File "/opt/ros/indigo/lib/python2.7/dist-packages/rospy/topics.py", line 307, in close
    c.close()
  File "/opt/ros/indigo/lib/python2.7/dist-packages/rospy/impl/tcpros_base.py", line 807, in close
    self.socket.close()
AttributeError: 'NoneType' object has no attribute 'close'

[rospy.internal][WARNING] 2020-10-28 19:40:50,573: Unknown error initiating TCP/IP socket to freight1207:40293 (http://freight1207:36694/): Traceback (most recent call last):
  File "/opt/ros/indigo/lib/python2.7/dist-packages/rospy/impl/tcpros_base.py", line 557, in connect
    self.read_header()
  File "/opt/ros/indigo/lib/python2.7/dist-packages/rospy/impl/tcpros_base.py", line 619, in read_header
    self._validate_header(read_ros_handshake_header(sock, self.read_buff, self.protocol.buff_size))
AttributeError: 'NoneType' object has no attribute 'buff_size'

[rospy.impl.masterslave][INFO] 2020-10-28 19:40:50,573: atexit
