[rospy.client][INFO] 2020-11-04 17:39:08,348: init_node, name[/say_24624_1604540348326], pid[24624]
[xmlrpc][INFO] 2020-11-04 17:39:08,348: XML-RPC server binding to 0.0.0.0:0
[xmlrpc][INFO] 2020-11-04 17:39:08,348: Started XML-RPC server [http://freight1207:45622/]
[rospy.init][INFO] 2020-11-04 17:39:08,348: ROS Slave URI: [http://freight1207:45622/]
[rospy.impl.masterslave][INFO] 2020-11-04 17:39:08,348: _ready: http://freight1207:45622/
[xmlrpc][INFO] 2020-11-04 17:39:08,349: xml rpc node: starting XML-RPC server
[rospy.registration][INFO] 2020-11-04 17:39:08,349: Registering with master node http://localhost:11311
[rospy.init][INFO] 2020-11-04 17:39:08,449: registered with master
[rospy.rosout][INFO] 2020-11-04 17:39:08,449: initializing /rosout core topic
[rospy.rosout][INFO] 2020-11-04 17:39:08,451: connected to core topic /rosout
[rospy.simtime][INFO] 2020-11-04 17:39:08,451: /use_sim_time is not set, will not subscribe to simulated time [/clock] topic
[rospy.internal][INFO] 2020-11-04 17:39:08,464: topic[/sound_play/feedback] adding connection to [http://freight1207:37705/], count 0
[rospy.internal][INFO] 2020-11-04 17:39:08,464: topic[/sound_play/result] adding connection to [http://freight1207:37705/], count 0
[rospy.internal][INFO] 2020-11-04 17:39:08,465: topic[/sound_play/status] adding connection to [http://freight1207:37705/], count 0
[rospy.internal][INFO] 2020-11-04 17:39:08,486: topic[/sound_play/cancel] adding connection to [/sound_play], count 0
[rospy.internal][INFO] 2020-11-04 17:39:08,487: topic[/sound_play/goal] adding connection to [/sound_play], count 0
[rospy.internal][INFO] 2020-11-04 17:39:08,601: topic[/robotsound] adding connection to [/sound_play], count 0
[rospy.internal][INFO] 2020-11-04 17:39:08,658: topic[/rosout] adding connection to [/rosout], count 0
[rospy.core][INFO] 2020-11-04 17:39:10,464: signal_shutdown [atexit]
[rospy.internal][INFO] 2020-11-04 17:39:10,467: topic[/sound_play/cancel] removing connection to /sound_play
[rospy.internal][INFO] 2020-11-04 17:39:10,467: topic[/sound_play/goal] removing connection to /sound_play
[rospy.internal][INFO] 2020-11-04 17:39:10,467: topic[/rosout] removing connection to /rosout
[rospy.internal][INFO] 2020-11-04 17:39:10,467: topic[/robotsound] removing connection to /sound_play
[rospy.internal][INFO] 2020-11-04 17:39:10,467: topic[/sound_play/result] removing connection to http://freight1207:37705/
[rospy.internal][INFO] 2020-11-04 17:39:10,468: topic[/sound_play/status] removing connection to http://freight1207:37705/
[rospy.internal][INFO] 2020-11-04 17:39:10,468: topic[/sound_play/feedback] removing connection to http://freight1207:37705/
[rospy.impl.masterslave][INFO] 2020-11-04 17:39:10,468: atexit
