[rospy.client][INFO] 2020-11-03 23:51:40,430: init_node, name[/say_6762_1604476300407], pid[6762]
[xmlrpc][INFO] 2020-11-03 23:51:40,430: XML-RPC server binding to 0.0.0.0:0
[xmlrpc][INFO] 2020-11-03 23:51:40,430: Started XML-RPC server [http://freight1207:54066/]
[rospy.init][INFO] 2020-11-03 23:51:40,430: ROS Slave URI: [http://freight1207:54066/]
[rospy.impl.masterslave][INFO] 2020-11-03 23:51:40,430: _ready: http://freight1207:54066/
[xmlrpc][INFO] 2020-11-03 23:51:40,431: xml rpc node: starting XML-RPC server
[rospy.registration][INFO] 2020-11-03 23:51:40,431: Registering with master node http://localhost:11311
[rospy.init][INFO] 2020-11-03 23:51:40,531: registered with master
[rospy.rosout][INFO] 2020-11-03 23:51:40,531: initializing /rosout core topic
[rospy.rosout][INFO] 2020-11-03 23:51:40,532: connected to core topic /rosout
[rospy.simtime][INFO] 2020-11-03 23:51:40,533: /use_sim_time is not set, will not subscribe to simulated time [/clock] topic
[rospy.internal][INFO] 2020-11-03 23:51:40,546: topic[/sound_play/feedback] adding connection to [http://freight1207:46946/], count 0
[rospy.internal][INFO] 2020-11-03 23:51:40,547: topic[/sound_play/result] adding connection to [http://freight1207:46946/], count 0
[rospy.internal][INFO] 2020-11-03 23:51:40,547: topic[/sound_play/status] adding connection to [http://freight1207:46946/], count 0
[rospy.internal][INFO] 2020-11-03 23:51:40,663: topic[/robotsound] adding connection to [/sound_play], count 0
[rospy.internal][INFO] 2020-11-03 23:51:40,663: topic[/sound_play/cancel] adding connection to [/sound_play], count 0
[rospy.internal][INFO] 2020-11-03 23:51:40,664: topic[/sound_play/goal] adding connection to [/sound_play], count 0
[rospy.internal][INFO] 2020-11-03 23:51:40,812: topic[/rosout] adding connection to [/rosout], count 0
[rospy.core][INFO] 2020-11-03 23:51:42,544: signal_shutdown [atexit]
[rospy.internal][INFO] 2020-11-03 23:51:42,548: topic[/sound_play/cancel] removing connection to /sound_play
[rospy.internal][INFO] 2020-11-03 23:51:42,548: topic[/sound_play/goal] removing connection to /sound_play
[rospy.internal][INFO] 2020-11-03 23:51:42,548: topic[/rosout] removing connection to /rosout
[rospy.internal][INFO] 2020-11-03 23:51:42,548: topic[/robotsound] removing connection to /sound_play
[rospy.internal][INFO] 2020-11-03 23:51:42,548: topic[/sound_play/result] removing connection to http://freight1207:46946/
[rospy.internal][WARNING] 2020-11-03 23:51:42,549: Unknown error initiating TCP/IP socket to freight1207:59372 (http://freight1207:46946/): Traceback (most recent call last):
  File "/opt/ros/indigo/lib/python2.7/dist-packages/rospy/impl/tcpros_base.py", line 557, in connect
    self.read_header()
  File "/opt/ros/indigo/lib/python2.7/dist-packages/rospy/impl/tcpros_base.py", line 619, in read_header
    self._validate_header(read_ros_handshake_header(sock, self.read_buff, self.protocol.buff_size))
AttributeError: 'NoneType' object has no attribute 'buff_size'

[rospy.topics][ERROR] 2020-11-03 23:51:42,549: Traceback (most recent call last):
  File "/opt/ros/indigo/lib/python2.7/dist-packages/rospy/topics.py", line 307, in close
    c.close()
  File "/opt/ros/indigo/lib/python2.7/dist-packages/rospy/impl/tcpros_base.py", line 807, in close
    self.socket.close()
AttributeError: 'NoneType' object has no attribute 'close'

[rospy.internal][INFO] 2020-11-03 23:51:42,549: topic[/sound_play/status] removing connection to http://freight1207:46946/
[rospy.internal][INFO] 2020-11-03 23:51:42,549: topic[/sound_play/feedback] removing connection to http://freight1207:46946/
[rospy.impl.masterslave][INFO] 2020-11-03 23:51:42,549: atexit
