[rospy.client][INFO] 2020-11-03 20:40:03,089: init_node, name[/say_4384_1604464803068], pid[4384]
[xmlrpc][INFO] 2020-11-03 20:40:03,089: XML-RPC server binding to 0.0.0.0:0
[xmlrpc][INFO] 2020-11-03 20:40:03,090: Started XML-RPC server [http://freight1207:41965/]
[rospy.init][INFO] 2020-11-03 20:40:03,090: ROS Slave URI: [http://freight1207:41965/]
[rospy.impl.masterslave][INFO] 2020-11-03 20:40:03,090: _ready: http://freight1207:41965/
[xmlrpc][INFO] 2020-11-03 20:40:03,090: xml rpc node: starting XML-RPC server
[rospy.registration][INFO] 2020-11-03 20:40:03,090: Registering with master node http://localhost:11311
[rospy.init][INFO] 2020-11-03 20:40:03,190: registered with master
[rospy.rosout][INFO] 2020-11-03 20:40:03,190: initializing /rosout core topic
[rospy.rosout][INFO] 2020-11-03 20:40:03,192: connected to core topic /rosout
[rospy.simtime][INFO] 2020-11-03 20:40:03,194: /use_sim_time is not set, will not subscribe to simulated time [/clock] topic
[rospy.internal][INFO] 2020-11-03 20:40:03,206: topic[/sound_play/feedback] adding connection to [http://freight1207:33380/], count 0
[rospy.internal][INFO] 2020-11-03 20:40:03,206: topic[/sound_play/result] adding connection to [http://freight1207:33380/], count 0
[rospy.internal][INFO] 2020-11-03 20:40:03,207: topic[/sound_play/status] adding connection to [http://freight1207:33380/], count 0
[rospy.internal][INFO] 2020-11-03 20:40:03,312: topic[/robotsound] adding connection to [/sound_play], count 0
[rospy.internal][INFO] 2020-11-03 20:40:03,312: topic[/sound_play/cancel] adding connection to [/sound_play], count 0
[rospy.internal][INFO] 2020-11-03 20:40:03,312: topic[/sound_play/goal] adding connection to [/sound_play], count 0
[rospy.internal][INFO] 2020-11-03 20:40:03,475: topic[/rosout] adding connection to [/rosout], count 0
[rospy.core][INFO] 2020-11-03 20:40:05,207: signal_shutdown [atexit]
[rospy.internal][INFO] 2020-11-03 20:40:05,210: topic[/sound_play/cancel] removing connection to /sound_play
[rospy.internal][INFO] 2020-11-03 20:40:05,210: topic[/sound_play/goal] removing connection to /sound_play
[rospy.internal][INFO] 2020-11-03 20:40:05,210: topic[/rosout] removing connection to /rosout
[rospy.internal][INFO] 2020-11-03 20:40:05,210: topic[/robotsound] removing connection to /sound_play
[rospy.internal][INFO] 2020-11-03 20:40:05,210: topic[/sound_play/result] removing connection to http://freight1207:33380/
[rospy.internal][INFO] 2020-11-03 20:40:05,211: topic[/sound_play/status] removing connection to http://freight1207:33380/
[rospy.internal][WARNING] 2020-11-03 20:40:05,211: Unknown error initiating TCP/IP socket to freight1207:55839 (http://freight1207:33380/): Traceback (most recent call last):
  File "/opt/ros/indigo/lib/python2.7/dist-packages/rospy/impl/tcpros_base.py", line 557, in connect
    self.read_header()
  File "/opt/ros/indigo/lib/python2.7/dist-packages/rospy/impl/tcpros_base.py", line 619, in read_header
    self._validate_header(read_ros_handshake_header(sock, self.read_buff, self.protocol.buff_size))
AttributeError: 'NoneType' object has no attribute 'buff_size'

[rospy.topics][ERROR] 2020-11-03 20:40:05,211: Traceback (most recent call last):
  File "/opt/ros/indigo/lib/python2.7/dist-packages/rospy/topics.py", line 307, in close
    c.close()
  File "/opt/ros/indigo/lib/python2.7/dist-packages/rospy/impl/tcpros_base.py", line 807, in close
    self.socket.close()
AttributeError: 'NoneType' object has no attribute 'close'

[rospy.internal][INFO] 2020-11-03 20:40:05,211: topic[/sound_play/feedback] removing connection to http://freight1207:33380/
[rospy.impl.masterslave][INFO] 2020-11-03 20:40:05,211: atexit
