[rospy.client][INFO] 2020-10-28 19:43:56,657: init_node, name[/say_5475_1603939436608], pid[5475]
[xmlrpc][INFO] 2020-10-28 19:43:56,658: XML-RPC server binding to 0.0.0.0:0
[xmlrpc][INFO] 2020-10-28 19:43:56,658: Started XML-RPC server [http://freight1207:50116/]
[rospy.init][INFO] 2020-10-28 19:43:56,658: ROS Slave URI: [http://freight1207:50116/]
[rospy.impl.masterslave][INFO] 2020-10-28 19:43:56,658: _ready: http://freight1207:50116/
[xmlrpc][INFO] 2020-10-28 19:43:56,659: xml rpc node: starting XML-RPC server
[rospy.registration][INFO] 2020-10-28 19:43:56,659: Registering with master node http://localhost:11311
[rospy.init][INFO] 2020-10-28 19:43:56,758: registered with master
[rospy.rosout][INFO] 2020-10-28 19:43:56,759: initializing /rosout core topic
[rospy.rosout][INFO] 2020-10-28 19:43:56,761: connected to core topic /rosout
[rospy.simtime][INFO] 2020-10-28 19:43:56,762: /use_sim_time is not set, will not subscribe to simulated time [/clock] topic
[rospy.internal][INFO] 2020-10-28 19:43:56,774: topic[/sound_play/result] adding connection to [http://freight1207:36694/], count 0
[rospy.internal][INFO] 2020-10-28 19:43:56,774: topic[/sound_play/feedback] adding connection to [http://freight1207:36694/], count 0
[rospy.internal][INFO] 2020-10-28 19:43:56,775: topic[/sound_play/status] adding connection to [http://freight1207:36694/], count 0
[rospy.internal][INFO] 2020-10-28 19:43:56,899: topic[/robotsound] adding connection to [/sound_play], count 0
[rospy.internal][INFO] 2020-10-28 19:43:56,899: topic[/sound_play/cancel] adding connection to [/sound_play], count 0
[rospy.internal][INFO] 2020-10-28 19:43:56,899: topic[/sound_play/goal] adding connection to [/sound_play], count 0
[rospy.internal][INFO] 2020-10-28 19:43:57,058: topic[/rosout] adding connection to [/rosout], count 0
[rospy.core][INFO] 2020-10-28 19:43:58,774: signal_shutdown [atexit]
[rospy.internal][INFO] 2020-10-28 19:43:58,777: topic[/sound_play/cancel] removing connection to /sound_play
[rospy.internal][INFO] 2020-10-28 19:43:58,778: topic[/sound_play/goal] removing connection to /sound_play
[rospy.internal][INFO] 2020-10-28 19:43:58,778: topic[/rosout] removing connection to /rosout
[rospy.internal][INFO] 2020-10-28 19:43:58,778: topic[/robotsound] removing connection to /sound_play
[rospy.internal][INFO] 2020-10-28 19:43:58,778: topic[/sound_play/result] removing connection to http://freight1207:36694/
[rospy.internal][INFO] 2020-10-28 19:43:58,778: topic[/sound_play/status] removing connection to http://freight1207:36694/
[rospy.internal][INFO] 2020-10-28 19:43:58,778: topic[/sound_play/feedback] removing connection to http://freight1207:36694/
[rospy.impl.masterslave][INFO] 2020-10-28 19:43:58,779: atexit
