[rospy.client][INFO] 2020-10-29 00:55:20,218: init_node, name[/say_11742_1603958120198], pid[11742]
[xmlrpc][INFO] 2020-10-29 00:55:20,218: XML-RPC server binding to 0.0.0.0:0
[xmlrpc][INFO] 2020-10-29 00:55:20,218: Started XML-RPC server [http://freight1207:60957/]
[rospy.init][INFO] 2020-10-29 00:55:20,218: ROS Slave URI: [http://freight1207:60957/]
[rospy.impl.masterslave][INFO] 2020-10-29 00:55:20,218: _ready: http://freight1207:60957/
[xmlrpc][INFO] 2020-10-29 00:55:20,219: xml rpc node: starting XML-RPC server
[rospy.registration][INFO] 2020-10-29 00:55:20,219: Registering with master node http://localhost:11311
[rospy.init][INFO] 2020-10-29 00:55:20,318: registered with master
[rospy.rosout][INFO] 2020-10-29 00:55:20,319: initializing /rosout core topic
[rospy.rosout][INFO] 2020-10-29 00:55:20,320: connected to core topic /rosout
[rospy.simtime][INFO] 2020-10-29 00:55:20,321: /use_sim_time is not set, will not subscribe to simulated time [/clock] topic
[rospy.internal][INFO] 2020-10-29 00:55:20,334: topic[/sound_play/feedback] adding connection to [http://freight1207:43785/], count 0
[rospy.internal][INFO] 2020-10-29 00:55:20,334: topic[/sound_play/result] adding connection to [http://freight1207:43785/], count 0
[rospy.internal][INFO] 2020-10-29 00:55:20,334: topic[/sound_play/status] adding connection to [http://freight1207:43785/], count 0
[rospy.internal][INFO] 2020-10-29 00:55:20,338: topic[/sound_play/cancel] adding connection to [/sound_play], count 0
[rospy.internal][INFO] 2020-10-29 00:55:20,339: topic[/sound_play/goal] adding connection to [/sound_play], count 0
[rospy.internal][INFO] 2020-10-29 00:55:20,452: topic[/robotsound] adding connection to [/sound_play], count 0
[rospy.internal][INFO] 2020-10-29 00:55:20,528: topic[/rosout] adding connection to [/rosout], count 0
[rospy.core][INFO] 2020-10-29 00:55:22,334: signal_shutdown [atexit]
[rospy.internal][INFO] 2020-10-29 00:55:22,338: topic[/sound_play/cancel] removing connection to /sound_play
[rospy.internal][INFO] 2020-10-29 00:55:22,338: topic[/sound_play/goal] removing connection to /sound_play
[rospy.internal][INFO] 2020-10-29 00:55:22,338: topic[/rosout] removing connection to /rosout
[rospy.internal][INFO] 2020-10-29 00:55:22,338: topic[/robotsound] removing connection to /sound_play
[rospy.internal][INFO] 2020-10-29 00:55:22,339: topic[/sound_play/result] removing connection to http://freight1207:43785/
[rospy.internal][INFO] 2020-10-29 00:55:22,339: topic[/sound_play/status] removing connection to http://freight1207:43785/
[rospy.internal][INFO] 2020-10-29 00:55:22,339: topic[/sound_play/feedback] removing connection to http://freight1207:43785/
[rospy.internal][WARNING] 2020-10-29 00:55:22,339: Unknown error initiating TCP/IP socket to freight1207:55528 (http://freight1207:43785/): Traceback (most recent call last):
  File "/opt/ros/indigo/lib/python2.7/dist-packages/rospy/impl/tcpros_base.py", line 557, in connect
    self.read_header()
  File "/opt/ros/indigo/lib/python2.7/dist-packages/rospy/impl/tcpros_base.py", line 619, in read_header
    self._validate_header(read_ros_handshake_header(sock, self.read_buff, self.protocol.buff_size))
AttributeError: 'NoneType' object has no attribute 'buff_size'

[rospy.topics][ERROR] 2020-10-29 00:55:22,340: Traceback (most recent call last):
  File "/opt/ros/indigo/lib/python2.7/dist-packages/rospy/topics.py", line 307, in close
    c.close()
  File "/opt/ros/indigo/lib/python2.7/dist-packages/rospy/impl/tcpros_base.py", line 807, in close
    self.socket.close()
AttributeError: 'NoneType' object has no attribute 'close'

[rospy.impl.masterslave][INFO] 2020-10-29 00:55:22,340: atexit
