[rospy.client][INFO] 2020-10-28 19:39:15,167: init_node, name[/say_3926_1603939155147], pid[3926]
[xmlrpc][INFO] 2020-10-28 19:39:15,167: XML-RPC server binding to 0.0.0.0:0
[xmlrpc][INFO] 2020-10-28 19:39:15,168: Started XML-RPC server [http://freight1207:45363/]
[rospy.init][INFO] 2020-10-28 19:39:15,168: ROS Slave URI: [http://freight1207:45363/]
[rospy.impl.masterslave][INFO] 2020-10-28 19:39:15,168: _ready: http://freight1207:45363/
[xmlrpc][INFO] 2020-10-28 19:39:15,168: xml rpc node: starting XML-RPC server
[rospy.registration][INFO] 2020-10-28 19:39:15,168: Registering with master node http://localhost:11311
[rospy.init][INFO] 2020-10-28 19:39:15,268: registered with master
[rospy.rosout][INFO] 2020-10-28 19:39:15,268: initializing /rosout core topic
[rospy.rosout][INFO] 2020-10-28 19:39:15,270: connected to core topic /rosout
[rospy.simtime][INFO] 2020-10-28 19:39:15,271: /use_sim_time is not set, will not subscribe to simulated time [/clock] topic
[rospy.internal][INFO] 2020-10-28 19:39:15,283: topic[/sound_play/feedback] adding connection to [http://freight1207:36694/], count 0
[rospy.internal][INFO] 2020-10-28 19:39:15,284: topic[/sound_play/result] adding connection to [http://freight1207:36694/], count 0
[rospy.internal][INFO] 2020-10-28 19:39:15,284: topic[/sound_play/status] adding connection to [http://freight1207:36694/], count 0
[rospy.internal][INFO] 2020-10-28 19:39:15,368: topic[/robotsound] adding connection to [/sound_play], count 0
[rospy.internal][INFO] 2020-10-28 19:39:15,368: topic[/sound_play/cancel] adding connection to [/sound_play], count 0
[rospy.internal][INFO] 2020-10-28 19:39:15,369: topic[/sound_play/goal] adding connection to [/sound_play], count 0
[rospy.internal][INFO] 2020-10-28 19:39:15,540: topic[/rosout] adding connection to [/rosout], count 0
[rospy.core][INFO] 2020-10-28 19:39:17,283: signal_shutdown [atexit]
[rospy.internal][INFO] 2020-10-28 19:39:17,286: topic[/sound_play/cancel] removing connection to /sound_play
[rospy.internal][INFO] 2020-10-28 19:39:17,286: topic[/sound_play/goal] removing connection to /sound_play
[rospy.internal][INFO] 2020-10-28 19:39:17,286: topic[/rosout] removing connection to /rosout
[rospy.internal][INFO] 2020-10-28 19:39:17,286: topic[/robotsound] removing connection to /sound_play
[rospy.internal][INFO] 2020-10-28 19:39:17,286: topic[/sound_play/result] removing connection to http://freight1207:36694/
[rospy.internal][INFO] 2020-10-28 19:39:17,286: topic[/sound_play/status] removing connection to http://freight1207:36694/
[rospy.internal][INFO] 2020-10-28 19:39:17,287: topic[/sound_play/feedback] removing connection to http://freight1207:36694/
[rospy.impl.masterslave][INFO] 2020-10-28 19:39:17,287: atexit
