[rospy.client][INFO] 2020-11-03 23:50:37,162: init_node, name[/say_6559_1604476237140], pid[6559]
[xmlrpc][INFO] 2020-11-03 23:50:37,163: XML-RPC server binding to 0.0.0.0:0
[xmlrpc][INFO] 2020-11-03 23:50:37,163: Started XML-RPC server [http://freight1207:45344/]
[rospy.init][INFO] 2020-11-03 23:50:37,163: ROS Slave URI: [http://freight1207:45344/]
[rospy.impl.masterslave][INFO] 2020-11-03 23:50:37,163: _ready: http://freight1207:45344/
[xmlrpc][INFO] 2020-11-03 23:50:37,163: xml rpc node: starting XML-RPC server
[rospy.registration][INFO] 2020-11-03 23:50:37,164: Registering with master node http://localhost:11311
[rospy.init][INFO] 2020-11-03 23:50:37,263: registered with master
[rospy.rosout][INFO] 2020-11-03 23:50:37,263: initializing /rosout core topic
[rospy.rosout][INFO] 2020-11-03 23:50:37,265: connected to core topic /rosout
[rospy.simtime][INFO] 2020-11-03 23:50:37,266: /use_sim_time is not set, will not subscribe to simulated time [/clock] topic
[rospy.internal][INFO] 2020-11-03 23:50:37,279: topic[/sound_play/feedback] adding connection to [http://freight1207:46946/], count 0
[rospy.internal][INFO] 2020-11-03 23:50:37,279: topic[/sound_play/result] adding connection to [http://freight1207:46946/], count 0
[rospy.internal][INFO] 2020-11-03 23:50:37,280: topic[/sound_play/status] adding connection to [http://freight1207:46946/], count 0
[rospy.internal][INFO] 2020-11-03 23:50:37,342: topic[/robotsound] adding connection to [/sound_play], count 0
[rospy.internal][INFO] 2020-11-03 23:50:37,343: topic[/sound_play/cancel] adding connection to [/sound_play], count 0
[rospy.internal][INFO] 2020-11-03 23:50:37,343: topic[/sound_play/goal] adding connection to [/sound_play], count 0
[rospy.internal][INFO] 2020-11-03 23:50:37,519: topic[/rosout] adding connection to [/rosout], count 0
[rospy.core][INFO] 2020-11-03 23:50:39,278: signal_shutdown [atexit]
[rospy.internal][INFO] 2020-11-03 23:50:39,281: topic[/sound_play/cancel] removing connection to /sound_play
[rospy.internal][INFO] 2020-11-03 23:50:39,281: topic[/sound_play/goal] removing connection to /sound_play
[rospy.internal][INFO] 2020-11-03 23:50:39,282: topic[/rosout] removing connection to /rosout
[rospy.internal][INFO] 2020-11-03 23:50:39,282: topic[/robotsound] removing connection to /sound_play
[rospy.internal][INFO] 2020-11-03 23:50:39,282: topic[/sound_play/result] removing connection to http://freight1207:46946/
[rospy.internal][WARNING] 2020-11-03 23:50:39,282: Unknown error initiating TCP/IP socket to freight1207:59372 (http://freight1207:46946/): Traceback (most recent call last):
  File "/opt/ros/indigo/lib/python2.7/dist-packages/rospy/impl/tcpros_base.py", line 557, in connect
    self.read_header()
  File "/opt/ros/indigo/lib/python2.7/dist-packages/rospy/impl/tcpros_base.py", line 619, in read_header
    self._validate_header(read_ros_handshake_header(sock, self.read_buff, self.protocol.buff_size))
AttributeError: 'NoneType' object has no attribute 'buff_size'

[rospy.topics][ERROR] 2020-11-03 23:50:39,283: Traceback (most recent call last):
  File "/opt/ros/indigo/lib/python2.7/dist-packages/rospy/topics.py", line 307, in close
    c.close()
  File "/opt/ros/indigo/lib/python2.7/dist-packages/rospy/impl/tcpros_base.py", line 807, in close
    self.socket.close()
AttributeError: 'NoneType' object has no attribute 'close'

[rospy.internal][INFO] 2020-11-03 23:50:39,283: topic[/sound_play/status] removing connection to http://freight1207:46946/
[rospy.internal][INFO] 2020-11-03 23:50:39,283: topic[/sound_play/feedback] removing connection to http://freight1207:46946/
[rospy.impl.masterslave][INFO] 2020-11-03 23:50:39,283: atexit
