[rospy.client][INFO] 2020-10-29 00:52:31,907: init_node, name[/say_10756_1603957951886], pid[10756]
[xmlrpc][INFO] 2020-10-29 00:52:31,907: XML-RPC server binding to 0.0.0.0:0
[xmlrpc][INFO] 2020-10-29 00:52:31,907: Started XML-RPC server [http://freight1207:50118/]
[rospy.init][INFO] 2020-10-29 00:52:31,907: ROS Slave URI: [http://freight1207:50118/]
[rospy.impl.masterslave][INFO] 2020-10-29 00:52:31,907: _ready: http://freight1207:50118/
[xmlrpc][INFO] 2020-10-29 00:52:31,908: xml rpc node: starting XML-RPC server
[rospy.registration][INFO] 2020-10-29 00:52:31,908: Registering with master node http://localhost:11311
[rospy.init][INFO] 2020-10-29 00:52:32,008: registered with master
[rospy.rosout][INFO] 2020-10-29 00:52:32,008: initializing /rosout core topic
[rospy.rosout][INFO] 2020-10-29 00:52:32,009: connected to core topic /rosout
[rospy.simtime][INFO] 2020-10-29 00:52:32,010: /use_sim_time is not set, will not subscribe to simulated time [/clock] topic
[rospy.internal][INFO] 2020-10-29 00:52:32,023: topic[/sound_play/result] adding connection to [http://freight1207:43785/], count 0
[rospy.internal][INFO] 2020-10-29 00:52:32,023: topic[/sound_play/feedback] adding connection to [http://freight1207:43785/], count 0
[rospy.internal][INFO] 2020-10-29 00:52:32,024: topic[/sound_play/status] adding connection to [http://freight1207:43785/], count 0
[rospy.internal][INFO] 2020-10-29 00:52:32,117: topic[/robotsound] adding connection to [/sound_play], count 0
[rospy.internal][INFO] 2020-10-29 00:52:32,117: topic[/sound_play/cancel] adding connection to [/sound_play], count 0
[rospy.internal][INFO] 2020-10-29 00:52:32,118: topic[/sound_play/goal] adding connection to [/sound_play], count 0
[rospy.internal][INFO] 2020-10-29 00:52:32,272: topic[/rosout] adding connection to [/rosout], count 0
[rospy.core][INFO] 2020-10-29 00:52:34,022: signal_shutdown [atexit]
[rospy.internal][INFO] 2020-10-29 00:52:34,026: topic[/sound_play/cancel] removing connection to /sound_play
[rospy.internal][INFO] 2020-10-29 00:52:34,026: topic[/sound_play/goal] removing connection to /sound_play
[rospy.internal][INFO] 2020-10-29 00:52:34,026: topic[/rosout] removing connection to /rosout
[rospy.internal][INFO] 2020-10-29 00:52:34,026: topic[/robotsound] removing connection to /sound_play
[rospy.internal][INFO] 2020-10-29 00:52:34,026: topic[/sound_play/result] removing connection to http://freight1207:43785/
[rospy.internal][INFO] 2020-10-29 00:52:34,026: topic[/sound_play/status] removing connection to http://freight1207:43785/
[rospy.internal][WARNING] 2020-10-29 00:52:34,027: Unknown error initiating TCP/IP socket to freight1207:55528 (http://freight1207:43785/): Traceback (most recent call last):
  File "/opt/ros/indigo/lib/python2.7/dist-packages/rospy/impl/tcpros_base.py", line 558, in connect
    self.local_endpoint = self.socket.getsockname()
AttributeError: 'NoneType' object has no attribute 'getsockname'

[rospy.topics][ERROR] 2020-10-29 00:52:34,027: Traceback (most recent call last):
  File "/opt/ros/indigo/lib/python2.7/dist-packages/rospy/topics.py", line 307, in close
    c.close()
  File "/opt/ros/indigo/lib/python2.7/dist-packages/rospy/impl/tcpros_base.py", line 807, in close
    self.socket.close()
AttributeError: 'NoneType' object has no attribute 'close'

[rospy.internal][WARNING] 2020-10-29 00:52:34,027: Unknown error initiating TCP/IP socket to freight1207:55528 (http://freight1207:43785/): Traceback (most recent call last):
  File "/opt/ros/indigo/lib/python2.7/dist-packages/rospy/impl/tcpros_base.py", line 557, in connect
    self.read_header()
  File "/opt/ros/indigo/lib/python2.7/dist-packages/rospy/impl/tcpros_base.py", line 619, in read_header
    self._validate_header(read_ros_handshake_header(sock, self.read_buff, self.protocol.buff_size))
AttributeError: 'NoneType' object has no attribute 'buff_size'

[rospy.internal][INFO] 2020-10-29 00:52:34,027: topic[/sound_play/feedback] removing connection to http://freight1207:43785/
[rospy.internal][WARNING] 2020-10-29 00:52:34,028: Unknown error initiating TCP/IP socket to freight1207:55528 (http://freight1207:43785/): Traceback (most recent call last):
  File "/opt/ros/indigo/lib/python2.7/dist-packages/rospy/impl/tcpros_base.py", line 557, in connect
    self.read_header()
  File "/opt/ros/indigo/lib/python2.7/dist-packages/rospy/impl/tcpros_base.py", line 619, in read_header
    self._validate_header(read_ros_handshake_header(sock, self.read_buff, self.protocol.buff_size))
AttributeError: 'NoneType' object has no attribute 'buff_size'

[rospy.topics][ERROR] 2020-10-29 00:52:34,028: Traceback (most recent call last):
  File "/opt/ros/indigo/lib/python2.7/dist-packages/rospy/topics.py", line 307, in close
    c.close()
  File "/opt/ros/indigo/lib/python2.7/dist-packages/rospy/impl/tcpros_base.py", line 807, in close
    self.socket.close()
AttributeError: 'NoneType' object has no attribute 'close'

[rospy.impl.masterslave][INFO] 2020-10-29 00:52:34,028: atexit
