[rospy.client][INFO] 2020-11-03 23:50:43,998: init_node, name[/say_6627_1604476243976], pid[6627]
[xmlrpc][INFO] 2020-11-03 23:50:43,998: XML-RPC server binding to 0.0.0.0:0
[xmlrpc][INFO] 2020-11-03 23:50:43,998: Started XML-RPC server [http://freight1207:48940/]
[rospy.impl.masterslave][INFO] 2020-11-03 23:50:43,998: _ready: http://freight1207:48940/
[rospy.init][INFO] 2020-11-03 23:50:43,998: ROS Slave URI: [http://freight1207:48940/]
[xmlrpc][INFO] 2020-11-03 23:50:43,999: xml rpc node: starting XML-RPC server
[rospy.registration][INFO] 2020-11-03 23:50:43,999: Registering with master node http://localhost:11311
[rospy.init][INFO] 2020-11-03 23:50:44,099: registered with master
[rospy.rosout][INFO] 2020-11-03 23:50:44,099: initializing /rosout core topic
[rospy.rosout][INFO] 2020-11-03 23:50:44,100: connected to core topic /rosout
[rospy.simtime][INFO] 2020-11-03 23:50:44,101: /use_sim_time is not set, will not subscribe to simulated time [/clock] topic
[rospy.internal][INFO] 2020-11-03 23:50:44,114: topic[/sound_play/feedback] adding connection to [http://freight1207:46946/], count 0
[rospy.internal][INFO] 2020-11-03 23:50:44,114: topic[/sound_play/result] adding connection to [http://freight1207:46946/], count 0
[rospy.internal][INFO] 2020-11-03 23:50:44,115: topic[/sound_play/status] adding connection to [http://freight1207:46946/], count 0
[rospy.internal][INFO] 2020-11-03 23:50:44,158: topic[/robotsound] adding connection to [/sound_play], count 0
[rospy.internal][INFO] 2020-11-03 23:50:44,158: topic[/sound_play/cancel] adding connection to [/sound_play], count 0
[rospy.internal][INFO] 2020-11-03 23:50:44,159: topic[/sound_play/goal] adding connection to [/sound_play], count 0
[rospy.internal][INFO] 2020-11-03 23:50:44,330: topic[/rosout] adding connection to [/rosout], count 0
[rospy.core][INFO] 2020-11-03 23:50:46,113: signal_shutdown [atexit]
[rospy.internal][INFO] 2020-11-03 23:50:46,118: topic[/sound_play/cancel] removing connection to /sound_play
[rospy.internal][INFO] 2020-11-03 23:50:46,118: topic[/sound_play/goal] removing connection to /sound_play
[rospy.internal][INFO] 2020-11-03 23:50:46,118: topic[/rosout] removing connection to /rosout
[rospy.internal][INFO] 2020-11-03 23:50:46,119: topic[/robotsound] removing connection to /sound_play
[rospy.internal][INFO] 2020-11-03 23:50:46,119: topic[/sound_play/result] removing connection to http://freight1207:46946/
[rospy.internal][INFO] 2020-11-03 23:50:46,119: topic[/sound_play/status] removing connection to http://freight1207:46946/
[rospy.internal][WARNING] 2020-11-03 23:50:46,120: Unknown error initiating TCP/IP socket to freight1207:59372 (http://freight1207:46946/): Traceback (most recent call last):
  File "/opt/ros/indigo/lib/python2.7/dist-packages/rospy/impl/tcpros_base.py", line 557, in connect
    self.read_header()
  File "/opt/ros/indigo/lib/python2.7/dist-packages/rospy/impl/tcpros_base.py", line 619, in read_header
    self._validate_header(read_ros_handshake_header(sock, self.read_buff, self.protocol.buff_size))
AttributeError: 'NoneType' object has no attribute 'buff_size'

[rospy.topics][ERROR] 2020-11-03 23:50:46,120: Traceback (most recent call last):
  File "/opt/ros/indigo/lib/python2.7/dist-packages/rospy/topics.py", line 307, in close
    c.close()
  File "/opt/ros/indigo/lib/python2.7/dist-packages/rospy/impl/tcpros_base.py", line 807, in close
    self.socket.close()
AttributeError: 'NoneType' object has no attribute 'close'

[rospy.internal][INFO] 2020-11-03 23:50:46,120: topic[/sound_play/feedback] removing connection to http://freight1207:46946/
[rospy.impl.masterslave][INFO] 2020-11-03 23:50:46,120: atexit
