[rospy.client][INFO] 2020-11-09 19:22:41,642: init_node, name[/say_4402_1604978561617], pid[4402]
[xmlrpc][INFO] 2020-11-09 19:22:41,642: XML-RPC server binding to 0.0.0.0:0
[xmlrpc][INFO] 2020-11-09 19:22:41,642: Started XML-RPC server [http://freight1207:53217/]
[rospy.init][INFO] 2020-11-09 19:22:41,642: ROS Slave URI: [http://freight1207:53217/]
[rospy.impl.masterslave][INFO] 2020-11-09 19:22:41,642: _ready: http://freight1207:53217/
[xmlrpc][INFO] 2020-11-09 19:22:41,642: xml rpc node: starting XML-RPC server
[rospy.registration][INFO] 2020-11-09 19:22:41,643: Registering with master node http://localhost:11311
[rospy.init][INFO] 2020-11-09 19:22:41,742: registered with master
[rospy.rosout][INFO] 2020-11-09 19:22:41,743: initializing /rosout core topic
[rospy.rosout][INFO] 2020-11-09 19:22:41,744: connected to core topic /rosout
[rospy.simtime][INFO] 2020-11-09 19:22:41,745: /use_sim_time is not set, will not subscribe to simulated time [/clock] topic
[rospy.internal][INFO] 2020-11-09 19:22:41,758: topic[/sound_play/result] adding connection to [http://freight1207:59468/], count 0
[rospy.internal][INFO] 2020-11-09 19:22:41,759: topic[/sound_play/feedback] adding connection to [http://freight1207:59468/], count 0
[rospy.internal][INFO] 2020-11-09 19:22:41,759: topic[/sound_play/status] adding connection to [http://freight1207:59468/], count 0
[rospy.internal][INFO] 2020-11-09 19:22:41,797: topic[/robotsound] adding connection to [/sound_play], count 0
[rospy.internal][INFO] 2020-11-09 19:22:41,798: topic[/sound_play/goal] adding connection to [/sound_play], count 0
[rospy.internal][INFO] 2020-11-09 19:22:41,798: topic[/sound_play/cancel] adding connection to [/sound_play], count 0
[rospy.internal][INFO] 2020-11-09 19:22:41,980: topic[/rosout] adding connection to [/rosout], count 0
[rospy.core][INFO] 2020-11-09 19:22:43,758: signal_shutdown [atexit]
[rospy.internal][INFO] 2020-11-09 19:22:43,761: topic[/sound_play/cancel] removing connection to /sound_play
[rospy.internal][INFO] 2020-11-09 19:22:43,761: topic[/sound_play/goal] removing connection to /sound_play
[rospy.internal][INFO] 2020-11-09 19:22:43,761: topic[/rosout] removing connection to /rosout
[rospy.internal][INFO] 2020-11-09 19:22:43,761: topic[/robotsound] removing connection to /sound_play
[rospy.internal][INFO] 2020-11-09 19:22:43,762: topic[/sound_play/result] removing connection to http://freight1207:59468/
[rospy.internal][INFO] 2020-11-09 19:22:43,762: topic[/sound_play/status] removing connection to http://freight1207:59468/
[rospy.internal][WARNING] 2020-11-09 19:22:43,762: Unknown error initiating TCP/IP socket to freight1207:46452 (http://freight1207:59468/): Traceback (most recent call last):
  File "/opt/ros/indigo/lib/python2.7/dist-packages/rospy/impl/tcpros_base.py", line 557, in connect
    self.read_header()
  File "/opt/ros/indigo/lib/python2.7/dist-packages/rospy/impl/tcpros_base.py", line 619, in read_header
    self._validate_header(read_ros_handshake_header(sock, self.read_buff, self.protocol.buff_size))
AttributeError: 'NoneType' object has no attribute 'buff_size'

[rospy.topics][ERROR] 2020-11-09 19:22:43,762: Traceback (most recent call last):
  File "/opt/ros/indigo/lib/python2.7/dist-packages/rospy/topics.py", line 307, in close
    c.close()
  File "/opt/ros/indigo/lib/python2.7/dist-packages/rospy/impl/tcpros_base.py", line 807, in close
    self.socket.close()
AttributeError: 'NoneType' object has no attribute 'close'

[rospy.internal][INFO] 2020-11-09 19:22:43,762: topic[/sound_play/feedback] removing connection to http://freight1207:59468/
[rospy.impl.masterslave][INFO] 2020-11-09 19:22:43,763: atexit
