[rospy.client][INFO] 2020-10-28 19:40:33,751: init_node, name[/say_4282_1603939233732], pid[4282]
[xmlrpc][INFO] 2020-10-28 19:40:33,752: XML-RPC server binding to 0.0.0.0:0
[xmlrpc][INFO] 2020-10-28 19:40:33,752: Started XML-RPC server [http://freight1207:35111/]
[rospy.init][INFO] 2020-10-28 19:40:33,752: ROS Slave URI: [http://freight1207:35111/]
[rospy.impl.masterslave][INFO] 2020-10-28 19:40:33,752: _ready: http://freight1207:35111/
[xmlrpc][INFO] 2020-10-28 19:40:33,752: xml rpc node: starting XML-RPC server
[rospy.registration][INFO] 2020-10-28 19:40:33,753: Registering with master node http://localhost:11311
[rospy.init][INFO] 2020-10-28 19:40:33,852: registered with master
[rospy.rosout][INFO] 2020-10-28 19:40:33,852: initializing /rosout core topic
[rospy.rosout][INFO] 2020-10-28 19:40:33,854: connected to core topic /rosout
[rospy.simtime][INFO] 2020-10-28 19:40:33,855: /use_sim_time is not set, will not subscribe to simulated time [/clock] topic
[rospy.internal][INFO] 2020-10-28 19:40:33,868: topic[/sound_play/feedback] adding connection to [http://freight1207:36694/], count 0
[rospy.internal][INFO] 2020-10-28 19:40:33,868: topic[/sound_play/result] adding connection to [http://freight1207:36694/], count 0
[rospy.internal][INFO] 2020-10-28 19:40:33,868: topic[/sound_play/status] adding connection to [http://freight1207:36694/], count 0
[rospy.internal][INFO] 2020-10-28 19:40:33,972: topic[/robotsound] adding connection to [/sound_play], count 0
[rospy.internal][INFO] 2020-10-28 19:40:33,972: topic[/sound_play/goal] adding connection to [/sound_play], count 0
[rospy.internal][INFO] 2020-10-28 19:40:33,973: topic[/sound_play/cancel] adding connection to [/sound_play], count 0
[rospy.internal][INFO] 2020-10-28 19:40:34,056: topic[/rosout] adding connection to [/rosout], count 0
[rospy.core][INFO] 2020-10-28 19:40:35,866: signal_shutdown [atexit]
[rospy.internal][INFO] 2020-10-28 19:40:35,870: topic[/sound_play/cancel] removing connection to /sound_play
[rospy.internal][INFO] 2020-10-28 19:40:35,870: topic[/sound_play/goal] removing connection to /sound_play
[rospy.internal][INFO] 2020-10-28 19:40:35,870: topic[/rosout] removing connection to /rosout
[rospy.internal][INFO] 2020-10-28 19:40:35,870: topic[/robotsound] removing connection to /sound_play
[rospy.internal][INFO] 2020-10-28 19:40:35,870: topic[/sound_play/result] removing connection to http://freight1207:36694/
[rospy.internal][INFO] 2020-10-28 19:40:35,871: topic[/sound_play/status] removing connection to http://freight1207:36694/
[rospy.internal][INFO] 2020-10-28 19:40:35,871: topic[/sound_play/feedback] removing connection to http://freight1207:36694/
[rospy.impl.masterslave][INFO] 2020-10-28 19:40:35,871: atexit
