[rospy.client][INFO] 2020-11-03 23:22:04,368: init_node, name[/say_4381_1604474524346], pid[4381]
[xmlrpc][INFO] 2020-11-03 23:22:04,368: XML-RPC server binding to 0.0.0.0:0
[xmlrpc][INFO] 2020-11-03 23:22:04,369: Started XML-RPC server [http://freight1207:44776/]
[rospy.init][INFO] 2020-11-03 23:22:04,369: ROS Slave URI: [http://freight1207:44776/]
[rospy.impl.masterslave][INFO] 2020-11-03 23:22:04,369: _ready: http://freight1207:44776/
[xmlrpc][INFO] 2020-11-03 23:22:04,369: xml rpc node: starting XML-RPC server
[rospy.registration][INFO] 2020-11-03 23:22:04,369: Registering with master node http://localhost:11311
[rospy.init][INFO] 2020-11-03 23:22:04,469: registered with master
[rospy.rosout][INFO] 2020-11-03 23:22:04,469: initializing /rosout core topic
[rospy.rosout][INFO] 2020-11-03 23:22:04,472: connected to core topic /rosout
[rospy.simtime][INFO] 2020-11-03 23:22:04,473: /use_sim_time is not set, will not subscribe to simulated time [/clock] topic
[rospy.internal][INFO] 2020-11-03 23:22:04,485: topic[/sound_play/status] adding connection to [http://freight1207:46946/], count 0
[rospy.internal][INFO] 2020-11-03 23:22:04,485: topic[/sound_play/result] adding connection to [http://freight1207:46946/], count 0
[rospy.internal][INFO] 2020-11-03 23:22:04,486: topic[/sound_play/feedback] adding connection to [http://freight1207:46946/], count 0
[rospy.internal][INFO] 2020-11-03 23:22:04,507: topic[/robotsound] adding connection to [/sound_play], count 0
[rospy.internal][INFO] 2020-11-03 23:22:04,508: topic[/sound_play/cancel] adding connection to [/sound_play], count 0
[rospy.internal][INFO] 2020-11-03 23:22:04,508: topic[/sound_play/goal] adding connection to [/sound_play], count 0
[rospy.internal][INFO] 2020-11-03 23:22:04,704: topic[/rosout] adding connection to [/rosout], count 0
[rospy.core][INFO] 2020-11-03 23:22:08,287: signal_shutdown [signal-2]
[rospy.internal][INFO] 2020-11-03 23:22:08,290: topic[/sound_play/cancel] removing connection to /sound_play
[rospy.internal][INFO] 2020-11-03 23:22:08,290: topic[/sound_play/goal] removing connection to /sound_play
[rospy.internal][INFO] 2020-11-03 23:22:08,290: topic[/rosout] removing connection to /rosout
[rospy.internal][INFO] 2020-11-03 23:22:08,290: topic[/robotsound] removing connection to /sound_play
[rospy.internal][INFO] 2020-11-03 23:22:08,290: topic[/sound_play/result] removing connection to http://freight1207:46946/
[rospy.internal][WARNING] 2020-11-03 23:22:08,291: Unknown error initiating TCP/IP socket to freight1207:59372 (http://freight1207:46946/): Traceback (most recent call last):
  File "/opt/ros/indigo/lib/python2.7/dist-packages/rospy/impl/tcpros_base.py", line 557, in connect
    self.read_header()
  File "/opt/ros/indigo/lib/python2.7/dist-packages/rospy/impl/tcpros_base.py", line 619, in read_header
    self._validate_header(read_ros_handshake_header(sock, self.read_buff, self.protocol.buff_size))
AttributeError: 'NoneType' object has no attribute 'buff_size'

[rospy.topics][ERROR] 2020-11-03 23:22:08,292: Traceback (most recent call last):
  File "/opt/ros/indigo/lib/python2.7/dist-packages/rospy/topics.py", line 307, in close
    c.close()
  File "/opt/ros/indigo/lib/python2.7/dist-packages/rospy/impl/tcpros_base.py", line 807, in close
    self.socket.close()
AttributeError: 'NoneType' object has no attribute 'close'

[rospy.internal][INFO] 2020-11-03 23:22:08,292: topic[/sound_play/status] removing connection to http://freight1207:46946/
[rospy.internal][INFO] 2020-11-03 23:22:08,292: topic[/sound_play/feedback] removing connection to http://freight1207:46946/
[rospy.impl.masterslave][INFO] 2020-11-03 23:22:08,292: signal-2
[rospy.core][INFO] 2020-11-03 23:22:10,717: signal_shutdown [signal-2]
[rospy.core][INFO] 2020-11-03 23:22:11,084: signal_shutdown [signal-2]
[rospy.core][INFO] 2020-11-03 23:22:11,367: signal_shutdown [signal-2]
[rospy.core][INFO] 2020-11-03 23:22:11,674: signal_shutdown [signal-2]
[rospy.core][INFO] 2020-11-03 23:22:11,990: signal_shutdown [signal-2]
[rospy.core][INFO] 2020-11-03 23:22:12,254: signal_shutdown [signal-2]
[rospy.core][INFO] 2020-11-03 23:22:12,663: signal_shutdown [signal-2]
[rospy.core][INFO] 2020-11-03 23:22:13,012: signal_shutdown [signal-2]
[rospy.core][INFO] 2020-11-03 23:22:15,418: signal_shutdown [signal-2]
[rospy.core][INFO] 2020-11-03 23:22:15,953: signal_shutdown [signal-2]
