[rospy.client][INFO] 2020-10-29 00:54:26,372: init_node, name[/say_11410_1603958066352], pid[11410]
[xmlrpc][INFO] 2020-10-29 00:54:26,373: XML-RPC server binding to 0.0.0.0:0
[xmlrpc][INFO] 2020-10-29 00:54:26,373: Started XML-RPC server [http://freight1207:35941/]
[rospy.init][INFO] 2020-10-29 00:54:26,373: ROS Slave URI: [http://freight1207:35941/]
[rospy.impl.masterslave][INFO] 2020-10-29 00:54:26,373: _ready: http://freight1207:35941/
[xmlrpc][INFO] 2020-10-29 00:54:26,373: xml rpc node: starting XML-RPC server
[rospy.registration][INFO] 2020-10-29 00:54:26,373: Registering with master node http://localhost:11311
[rospy.init][INFO] 2020-10-29 00:54:26,473: registered with master
[rospy.rosout][INFO] 2020-10-29 00:54:26,473: initializing /rosout core topic
[rospy.rosout][INFO] 2020-10-29 00:54:26,476: connected to core topic /rosout
[rospy.simtime][INFO] 2020-10-29 00:54:26,478: /use_sim_time is not set, will not subscribe to simulated time [/clock] topic
[rospy.internal][INFO] 2020-10-29 00:54:26,489: topic[/sound_play/status] adding connection to [http://freight1207:43785/], count 0
[rospy.internal][INFO] 2020-10-29 00:54:26,493: topic[/sound_play/result] adding connection to [http://freight1207:43785/], count 0
[rospy.internal][INFO] 2020-10-29 00:54:26,495: topic[/sound_play/feedback] adding connection to [http://freight1207:43785/], count 0
[rospy.internal][INFO] 2020-10-29 00:54:26,567: topic[/robotsound] adding connection to [/sound_play], count 0
[rospy.internal][INFO] 2020-10-29 00:54:26,567: topic[/sound_play/cancel] adding connection to [/sound_play], count 0
[rospy.internal][INFO] 2020-10-29 00:54:26,568: topic[/sound_play/goal] adding connection to [/sound_play], count 0
[rospy.internal][INFO] 2020-10-29 00:54:26,743: topic[/rosout] adding connection to [/rosout], count 0
[rospy.core][INFO] 2020-10-29 00:54:28,496: signal_shutdown [atexit]
[rospy.internal][INFO] 2020-10-29 00:54:28,499: topic[/sound_play/cancel] removing connection to /sound_play
[rospy.internal][INFO] 2020-10-29 00:54:28,499: topic[/sound_play/goal] removing connection to /sound_play
[rospy.internal][INFO] 2020-10-29 00:54:28,499: topic[/rosout] removing connection to /rosout
[rospy.internal][INFO] 2020-10-29 00:54:28,499: topic[/robotsound] removing connection to /sound_play
[rospy.internal][INFO] 2020-10-29 00:54:28,500: topic[/sound_play/result] removing connection to http://freight1207:43785/
[rospy.internal][INFO] 2020-10-29 00:54:28,500: topic[/sound_play/status] removing connection to http://freight1207:43785/
[rospy.internal][INFO] 2020-10-29 00:54:28,500: topic[/sound_play/feedback] removing connection to http://freight1207:43785/
[rospy.impl.masterslave][INFO] 2020-10-29 00:54:28,500: atexit
