[rospy.client][INFO] 2020-10-29 00:52:12,066: init_node, name[/say_10641_1603957932046], pid[10641]
[xmlrpc][INFO] 2020-10-29 00:52:12,067: XML-RPC server binding to 0.0.0.0:0
[xmlrpc][INFO] 2020-10-29 00:52:12,067: Started XML-RPC server [http://freight1207:55898/]
[rospy.init][INFO] 2020-10-29 00:52:12,067: ROS Slave URI: [http://freight1207:55898/]
[rospy.impl.masterslave][INFO] 2020-10-29 00:52:12,067: _ready: http://freight1207:55898/
[xmlrpc][INFO] 2020-10-29 00:52:12,067: xml rpc node: starting XML-RPC server
[rospy.registration][INFO] 2020-10-29 00:52:12,068: Registering with master node http://localhost:11311
[rospy.init][INFO] 2020-10-29 00:52:12,167: registered with master
[rospy.rosout][INFO] 2020-10-29 00:52:12,167: initializing /rosout core topic
[rospy.rosout][INFO] 2020-10-29 00:52:12,169: connected to core topic /rosout
[rospy.simtime][INFO] 2020-10-29 00:52:12,170: /use_sim_time is not set, will not subscribe to simulated time [/clock] topic
[rospy.internal][INFO] 2020-10-29 00:52:12,182: topic[/sound_play/feedback] adding connection to [http://freight1207:43785/], count 0
[rospy.internal][INFO] 2020-10-29 00:52:12,183: topic[/sound_play/result] adding connection to [http://freight1207:43785/], count 0
[rospy.internal][INFO] 2020-10-29 00:52:12,183: topic[/sound_play/status] adding connection to [http://freight1207:43785/], count 0
[rospy.internal][INFO] 2020-10-29 00:52:12,247: topic[/sound_play/goal] adding connection to [/sound_play], count 0
[rospy.internal][INFO] 2020-10-29 00:52:12,248: topic[/sound_play/cancel] adding connection to [/sound_play], count 0
[rospy.internal][INFO] 2020-10-29 00:52:12,248: topic[/robotsound] adding connection to [/sound_play], count 0
[rospy.internal][INFO] 2020-10-29 00:52:12,444: topic[/rosout] adding connection to [/rosout], count 0
[rospy.core][INFO] 2020-10-29 00:52:14,182: signal_shutdown [atexit]
[rospy.internal][INFO] 2020-10-29 00:52:14,185: topic[/sound_play/cancel] removing connection to /sound_play
[rospy.internal][INFO] 2020-10-29 00:52:14,185: topic[/sound_play/goal] removing connection to /sound_play
[rospy.internal][INFO] 2020-10-29 00:52:14,186: topic[/rosout] removing connection to /rosout
[rospy.internal][INFO] 2020-10-29 00:52:14,186: topic[/robotsound] removing connection to /sound_play
[rospy.internal][INFO] 2020-10-29 00:52:14,186: topic[/sound_play/result] removing connection to http://freight1207:43785/
[rospy.internal][WARNING] 2020-10-29 00:52:14,186: Unknown error initiating TCP/IP socket to freight1207:55528 (http://freight1207:43785/): Traceback (most recent call last):
  File "/opt/ros/indigo/lib/python2.7/dist-packages/rospy/impl/tcpros_base.py", line 557, in connect
    self.read_header()
  File "/opt/ros/indigo/lib/python2.7/dist-packages/rospy/impl/tcpros_base.py", line 619, in read_header
    self._validate_header(read_ros_handshake_header(sock, self.read_buff, self.protocol.buff_size))
AttributeError: 'NoneType' object has no attribute 'buff_size'

[rospy.topics][ERROR] 2020-10-29 00:52:14,188: Traceback (most recent call last):
  File "/opt/ros/indigo/lib/python2.7/dist-packages/rospy/topics.py", line 307, in close
    c.close()
  File "/opt/ros/indigo/lib/python2.7/dist-packages/rospy/impl/tcpros_base.py", line 807, in close
    self.socket.close()
AttributeError: 'NoneType' object has no attribute 'close'

[rospy.internal][INFO] 2020-10-29 00:52:14,188: topic[/sound_play/status] removing connection to http://freight1207:43785/
[rospy.internal][WARNING] 2020-10-29 00:52:14,188: Unknown error initiating TCP/IP socket to freight1207:55528 (http://freight1207:43785/): Traceback (most recent call last):
  File "/opt/ros/indigo/lib/python2.7/dist-packages/rospy/impl/tcpros_base.py", line 558, in connect
    self.local_endpoint = self.socket.getsockname()
AttributeError: 'NoneType' object has no attribute 'getsockname'

[rospy.internal][INFO] 2020-10-29 00:52:14,188: topic[/sound_play/feedback] removing connection to http://freight1207:43785/
[rospy.impl.masterslave][INFO] 2020-10-29 00:52:14,188: atexit
