[rospy.client][INFO] 2020-10-29 21:58:46,812: init_node, name[/say_9907_1604033926792], pid[9907]
[xmlrpc][INFO] 2020-10-29 21:58:46,812: XML-RPC server binding to 0.0.0.0:0
[xmlrpc][INFO] 2020-10-29 21:58:46,813: Started XML-RPC server [http://freight1207:57720/]
[rospy.init][INFO] 2020-10-29 21:58:46,813: ROS Slave URI: [http://freight1207:57720/]
[rospy.impl.masterslave][INFO] 2020-10-29 21:58:46,813: _ready: http://freight1207:57720/
[xmlrpc][INFO] 2020-10-29 21:58:46,813: xml rpc node: starting XML-RPC server
[rospy.registration][INFO] 2020-10-29 21:58:46,814: Registering with master node http://localhost:11311
[rospy.init][INFO] 2020-10-29 21:58:46,913: registered with master
[rospy.rosout][INFO] 2020-10-29 21:58:46,913: initializing /rosout core topic
[rospy.rosout][INFO] 2020-10-29 21:58:46,915: connected to core topic /rosout
[rospy.simtime][INFO] 2020-10-29 21:58:46,916: /use_sim_time is not set, will not subscribe to simulated time [/clock] topic
[rospy.internal][INFO] 2020-10-29 21:58:46,929: topic[/sound_play/feedback] adding connection to [http://freight1207:45667/], count 0
[rospy.internal][INFO] 2020-10-29 21:58:46,929: topic[/sound_play/result] adding connection to [http://freight1207:45667/], count 0
[rospy.internal][INFO] 2020-10-29 21:58:46,930: topic[/sound_play/status] adding connection to [http://freight1207:45667/], count 0
[rospy.internal][INFO] 2020-10-29 21:58:46,956: topic[/robotsound] adding connection to [/sound_play], count 0
[rospy.internal][INFO] 2020-10-29 21:58:46,957: topic[/sound_play/cancel] adding connection to [/sound_play], count 0
[rospy.internal][INFO] 2020-10-29 21:58:46,957: topic[/sound_play/goal] adding connection to [/sound_play], count 0
[rospy.internal][INFO] 2020-10-29 21:58:47,147: topic[/rosout] adding connection to [/rosout], count 0
[rospy.core][INFO] 2020-10-29 21:58:48,930: signal_shutdown [atexit]
[rospy.internal][INFO] 2020-10-29 21:58:48,933: topic[/sound_play/cancel] removing connection to /sound_play
[rospy.internal][INFO] 2020-10-29 21:58:48,933: topic[/sound_play/goal] removing connection to /sound_play
[rospy.internal][INFO] 2020-10-29 21:58:48,933: topic[/rosout] removing connection to /rosout
[rospy.internal][INFO] 2020-10-29 21:58:48,933: topic[/robotsound] removing connection to /sound_play
[rospy.internal][INFO] 2020-10-29 21:58:48,933: topic[/sound_play/result] removing connection to http://freight1207:45667/
[rospy.internal][INFO] 2020-10-29 21:58:48,934: topic[/sound_play/status] removing connection to http://freight1207:45667/
[rospy.internal][INFO] 2020-10-29 21:58:48,934: topic[/sound_play/feedback] removing connection to http://freight1207:45667/
[rospy.internal][WARNING] 2020-10-29 21:58:48,934: Unknown error initiating TCP/IP socket to freight1207:36941 (http://freight1207:45667/): Traceback (most recent call last):
  File "/opt/ros/indigo/lib/python2.7/dist-packages/rospy/impl/tcpros_base.py", line 557, in connect
    self.read_header()
  File "/opt/ros/indigo/lib/python2.7/dist-packages/rospy/impl/tcpros_base.py", line 619, in read_header
    self._validate_header(read_ros_handshake_header(sock, self.read_buff, self.protocol.buff_size))
AttributeError: 'NoneType' object has no attribute 'buff_size'

[rospy.topics][ERROR] 2020-10-29 21:58:48,934: Traceback (most recent call last):
  File "/opt/ros/indigo/lib/python2.7/dist-packages/rospy/topics.py", line 307, in close
    c.close()
  File "/opt/ros/indigo/lib/python2.7/dist-packages/rospy/impl/tcpros_base.py", line 807, in close
    self.socket.close()
AttributeError: 'NoneType' object has no attribute 'close'

[rospy.impl.masterslave][INFO] 2020-10-29 21:58:48,934: atexit
