[rospy.client][INFO] 2020-10-28 19:42:27,291: init_node, name[/say_4818_1603939347271], pid[4818]
[xmlrpc][INFO] 2020-10-28 19:42:27,291: XML-RPC server binding to 0.0.0.0:0
[xmlrpc][INFO] 2020-10-28 19:42:27,291: Started XML-RPC server [http://freight1207:53027/]
[rospy.init][INFO] 2020-10-28 19:42:27,291: ROS Slave URI: [http://freight1207:53027/]
[rospy.impl.masterslave][INFO] 2020-10-28 19:42:27,291: _ready: http://freight1207:53027/
[xmlrpc][INFO] 2020-10-28 19:42:27,291: xml rpc node: starting XML-RPC server
[rospy.registration][INFO] 2020-10-28 19:42:27,292: Registering with master node http://localhost:11311
[rospy.init][INFO] 2020-10-28 19:42:27,391: registered with master
[rospy.rosout][INFO] 2020-10-28 19:42:27,392: initializing /rosout core topic
[rospy.rosout][INFO] 2020-10-28 19:42:27,393: connected to core topic /rosout
[rospy.simtime][INFO] 2020-10-28 19:42:27,394: /use_sim_time is not set, will not subscribe to simulated time [/clock] topic
[rospy.internal][INFO] 2020-10-28 19:42:27,407: topic[/sound_play/result] adding connection to [http://freight1207:36694/], count 0
[rospy.internal][INFO] 2020-10-28 19:42:27,408: topic[/sound_play/feedback] adding connection to [http://freight1207:36694/], count 0
[rospy.internal][INFO] 2020-10-28 19:42:27,408: topic[/sound_play/status] adding connection to [http://freight1207:36694/], count 0
[rospy.internal][INFO] 2020-10-28 19:42:27,428: topic[/sound_play/cancel] adding connection to [/sound_play], count 0
[rospy.internal][INFO] 2020-10-28 19:42:27,429: topic[/robotsound] adding connection to [/sound_play], count 0
[rospy.internal][INFO] 2020-10-28 19:42:27,429: topic[/sound_play/goal] adding connection to [/sound_play], count 0
[rospy.internal][INFO] 2020-10-28 19:42:27,624: topic[/rosout] adding connection to [/rosout], count 0
[rospy.core][INFO] 2020-10-28 19:42:29,406: signal_shutdown [atexit]
[rospy.internal][INFO] 2020-10-28 19:42:29,409: topic[/sound_play/cancel] removing connection to /sound_play
[rospy.internal][INFO] 2020-10-28 19:42:29,409: topic[/sound_play/goal] removing connection to /sound_play
[rospy.internal][INFO] 2020-10-28 19:42:29,409: topic[/rosout] removing connection to /rosout
[rospy.internal][INFO] 2020-10-28 19:42:29,410: topic[/robotsound] removing connection to /sound_play
[rospy.internal][INFO] 2020-10-28 19:42:29,410: topic[/sound_play/result] removing connection to http://freight1207:36694/
[rospy.internal][INFO] 2020-10-28 19:42:29,410: topic[/sound_play/status] removing connection to http://freight1207:36694/
[rospy.internal][INFO] 2020-10-28 19:42:29,410: topic[/sound_play/feedback] removing connection to http://freight1207:36694/
[rospy.impl.masterslave][INFO] 2020-10-28 19:42:29,410: atexit
