[rospy.client][INFO] 2020-10-28 19:42:57,494: init_node, name[/say_4946_1603939377474], pid[4946]
[xmlrpc][INFO] 2020-10-28 19:42:57,494: XML-RPC server binding to 0.0.0.0:0
[xmlrpc][INFO] 2020-10-28 19:42:57,494: Started XML-RPC server [http://freight1207:34565/]
[rospy.init][INFO] 2020-10-28 19:42:57,494: ROS Slave URI: [http://freight1207:34565/]
[rospy.impl.masterslave][INFO] 2020-10-28 19:42:57,494: _ready: http://freight1207:34565/
[xmlrpc][INFO] 2020-10-28 19:42:57,495: xml rpc node: starting XML-RPC server
[rospy.registration][INFO] 2020-10-28 19:42:57,495: Registering with master node http://localhost:11311
[rospy.init][INFO] 2020-10-28 19:42:57,595: registered with master
[rospy.rosout][INFO] 2020-10-28 19:42:57,595: initializing /rosout core topic
[rospy.rosout][INFO] 2020-10-28 19:42:57,597: connected to core topic /rosout
[rospy.simtime][INFO] 2020-10-28 19:42:57,597: /use_sim_time is not set, will not subscribe to simulated time [/clock] topic
[rospy.internal][INFO] 2020-10-28 19:42:57,610: topic[/sound_play/feedback] adding connection to [http://freight1207:36694/], count 0
[rospy.internal][INFO] 2020-10-28 19:42:57,610: topic[/sound_play/result] adding connection to [http://freight1207:36694/], count 0
[rospy.internal][INFO] 2020-10-28 19:42:57,611: topic[/sound_play/status] adding connection to [http://freight1207:36694/], count 0
[rospy.internal][INFO] 2020-10-28 19:42:57,714: topic[/robotsound] adding connection to [/sound_play], count 0
[rospy.internal][INFO] 2020-10-28 19:42:57,714: topic[/sound_play/cancel] adding connection to [/sound_play], count 0
[rospy.internal][INFO] 2020-10-28 19:42:57,714: topic[/sound_play/goal] adding connection to [/sound_play], count 0
[rospy.internal][INFO] 2020-10-28 19:42:57,871: topic[/rosout] adding connection to [/rosout], count 0
[rospy.core][INFO] 2020-10-28 19:42:59,610: signal_shutdown [atexit]
[rospy.internal][INFO] 2020-10-28 19:42:59,614: topic[/sound_play/cancel] removing connection to /sound_play
[rospy.internal][INFO] 2020-10-28 19:42:59,614: topic[/sound_play/goal] removing connection to /sound_play
[rospy.internal][INFO] 2020-10-28 19:42:59,614: topic[/rosout] removing connection to /rosout
[rospy.internal][INFO] 2020-10-28 19:42:59,614: topic[/robotsound] removing connection to /sound_play
[rospy.internal][INFO] 2020-10-28 19:42:59,615: topic[/sound_play/result] removing connection to http://freight1207:36694/
[rospy.internal][WARNING] 2020-10-28 19:42:59,615: Unknown error initiating TCP/IP socket to freight1207:40293 (http://freight1207:36694/): Traceback (most recent call last):
  File "/opt/ros/indigo/lib/python2.7/dist-packages/rospy/impl/tcpros_base.py", line 557, in connect
    self.read_header()
  File "/opt/ros/indigo/lib/python2.7/dist-packages/rospy/impl/tcpros_base.py", line 619, in read_header
    self._validate_header(read_ros_handshake_header(sock, self.read_buff, self.protocol.buff_size))
AttributeError: 'NoneType' object has no attribute 'buff_size'

[rospy.topics][ERROR] 2020-10-28 19:42:59,616: Traceback (most recent call last):
  File "/opt/ros/indigo/lib/python2.7/dist-packages/rospy/topics.py", line 307, in close
    c.close()
  File "/opt/ros/indigo/lib/python2.7/dist-packages/rospy/impl/tcpros_base.py", line 807, in close
    self.socket.close()
AttributeError: 'NoneType' object has no attribute 'close'

[rospy.internal][INFO] 2020-10-28 19:42:59,616: topic[/sound_play/status] removing connection to http://freight1207:36694/
[rospy.internal][INFO] 2020-10-28 19:42:59,616: topic[/sound_play/feedback] removing connection to http://freight1207:36694/
[rospy.impl.masterslave][INFO] 2020-10-28 19:42:59,616: atexit
