[rospy.client][INFO] 2020-11-05 23:27:26,040: init_node, name[/say_5552_1604647646015], pid[5552]
[xmlrpc][INFO] 2020-11-05 23:27:26,040: XML-RPC server binding to 0.0.0.0:0
[xmlrpc][INFO] 2020-11-05 23:27:26,040: Started XML-RPC server [http://freight1207:45820/]
[rospy.init][INFO] 2020-11-05 23:27:26,040: ROS Slave URI: [http://freight1207:45820/]
[rospy.impl.masterslave][INFO] 2020-11-05 23:27:26,040: _ready: http://freight1207:45820/
[xmlrpc][INFO] 2020-11-05 23:27:26,041: xml rpc node: starting XML-RPC server
[rospy.registration][INFO] 2020-11-05 23:27:26,041: Registering with master node http://localhost:11311
[rospy.init][INFO] 2020-11-05 23:27:26,141: registered with master
[rospy.rosout][INFO] 2020-11-05 23:27:26,141: initializing /rosout core topic
[rospy.rosout][INFO] 2020-11-05 23:27:26,142: connected to core topic /rosout
[rospy.simtime][INFO] 2020-11-05 23:27:26,143: initializing /clock core topic
[rospy.simtime][INFO] 2020-11-05 23:27:26,145: connected to core topic /clock
[rospy.internal][INFO] 2020-11-05 23:27:26,156: topic[/sound_play/feedback] adding connection to [http://freight1207:48754/], count 0
[rospy.internal][INFO] 2020-11-05 23:27:26,156: topic[/sound_play/result] adding connection to [http://freight1207:48754/], count 0
[rospy.internal][INFO] 2020-11-05 23:27:26,157: topic[/sound_play/status] adding connection to [http://freight1207:48754/], count 0
[rospy.internal][INFO] 2020-11-05 23:27:26,270: topic[/sound_play/cancel] adding connection to [/sound_play], count 0
[rospy.internal][INFO] 2020-11-05 23:27:26,270: topic[/robotsound] adding connection to [/sound_play], count 0
[rospy.internal][INFO] 2020-11-05 23:27:26,270: topic[/sound_play/goal] adding connection to [/sound_play], count 0
[rospy.internal][INFO] 2020-11-05 23:27:26,433: topic[/rosout] adding connection to [/rosout], count 0
[rospy.core][INFO] 2020-11-05 23:27:29,645: signal_shutdown [signal-2]
[rospy.internal][INFO] 2020-11-05 23:27:29,648: topic[/sound_play/cancel] removing connection to /sound_play
[rospy.internal][INFO] 2020-11-05 23:27:29,648: topic[/sound_play/goal] removing connection to /sound_play
[rospy.internal][INFO] 2020-11-05 23:27:29,649: topic[/rosout] removing connection to /rosout
[rospy.internal][INFO] 2020-11-05 23:27:29,649: topic[/robotsound] removing connection to /sound_play
[rospy.internal][INFO] 2020-11-05 23:27:29,649: topic[/sound_play/status] removing connection to http://freight1207:48754/
[rospy.internal][WARNING] 2020-11-05 23:27:29,649: Unknown error initiating TCP/IP socket to freight1207:53809 (http://freight1207:48754/): Traceback (most recent call last):
  File "/opt/ros/indigo/lib/python2.7/dist-packages/rospy/impl/tcpros_base.py", line 557, in connect
    self.read_header()
  File "/opt/ros/indigo/lib/python2.7/dist-packages/rospy/impl/tcpros_base.py", line 619, in read_header
    self._validate_header(read_ros_handshake_header(sock, self.read_buff, self.protocol.buff_size))
AttributeError: 'NoneType' object has no attribute 'buff_size'

[rospy.topics][ERROR] 2020-11-05 23:27:29,650: Traceback (most recent call last):
  File "/opt/ros/indigo/lib/python2.7/dist-packages/rospy/topics.py", line 307, in close
    c.close()
  File "/opt/ros/indigo/lib/python2.7/dist-packages/rospy/impl/tcpros_base.py", line 807, in close
    self.socket.close()
AttributeError: 'NoneType' object has no attribute 'close'

[rospy.internal][INFO] 2020-11-05 23:27:29,650: topic[/sound_play/feedback] removing connection to http://freight1207:48754/
[rospy.internal][INFO] 2020-11-05 23:27:29,650: topic[/sound_play/result] removing connection to http://freight1207:48754/
[rospy.impl.masterslave][INFO] 2020-11-05 23:27:29,650: signal-2
[rospy.core][INFO] 2020-11-05 23:27:29,758: signal_shutdown [atexit]
