[rospy.client][INFO] 2020-11-03 20:39:39,900: init_node, name[/say_4006_1604464779878], pid[4006]
[xmlrpc][INFO] 2020-11-03 20:39:39,900: XML-RPC server binding to 0.0.0.0:0
[xmlrpc][INFO] 2020-11-03 20:39:39,900: Started XML-RPC server [http://freight1207:45342/]
[rospy.init][INFO] 2020-11-03 20:39:39,900: ROS Slave URI: [http://freight1207:45342/]
[rospy.impl.masterslave][INFO] 2020-11-03 20:39:39,900: _ready: http://freight1207:45342/
[xmlrpc][INFO] 2020-11-03 20:39:39,901: xml rpc node: starting XML-RPC server
[rospy.registration][INFO] 2020-11-03 20:39:39,901: Registering with master node http://localhost:11311
[rospy.init][INFO] 2020-11-03 20:39:40,001: registered with master
[rospy.rosout][INFO] 2020-11-03 20:39:40,001: initializing /rosout core topic
[rospy.rosout][INFO] 2020-11-03 20:39:40,002: connected to core topic /rosout
[rospy.simtime][INFO] 2020-11-03 20:39:40,003: /use_sim_time is not set, will not subscribe to simulated time [/clock] topic
[rospy.internal][INFO] 2020-11-03 20:39:40,016: topic[/sound_play/result] adding connection to [http://freight1207:33380/], count 0
[rospy.internal][INFO] 2020-11-03 20:39:40,017: topic[/sound_play/feedback] adding connection to [http://freight1207:33380/], count 0
[rospy.internal][INFO] 2020-11-03 20:39:40,017: topic[/sound_play/status] adding connection to [http://freight1207:33380/], count 0
[rospy.internal][INFO] 2020-11-03 20:39:40,070: topic[/sound_play/cancel] adding connection to [/sound_play], count 0
[rospy.internal][INFO] 2020-11-03 20:39:40,070: topic[/robotsound] adding connection to [/sound_play], count 0
[rospy.internal][INFO] 2020-11-03 20:39:40,070: topic[/sound_play/goal] adding connection to [/sound_play], count 0
[rospy.internal][INFO] 2020-11-03 20:39:40,226: topic[/rosout] adding connection to [/rosout], count 0
[rospy.core][INFO] 2020-11-03 20:39:42,015: signal_shutdown [atexit]
[rospy.internal][INFO] 2020-11-03 20:39:42,018: topic[/sound_play/cancel] removing connection to /sound_play
[rospy.internal][INFO] 2020-11-03 20:39:42,018: topic[/sound_play/goal] removing connection to /sound_play
[rospy.internal][INFO] 2020-11-03 20:39:42,018: topic[/rosout] removing connection to /rosout
[rospy.internal][INFO] 2020-11-03 20:39:42,018: topic[/robotsound] removing connection to /sound_play
[rospy.internal][INFO] 2020-11-03 20:39:42,018: topic[/sound_play/result] removing connection to http://freight1207:33380/
[rospy.internal][INFO] 2020-11-03 20:39:42,019: topic[/sound_play/status] removing connection to http://freight1207:33380/
[rospy.internal][INFO] 2020-11-03 20:39:42,019: topic[/sound_play/feedback] removing connection to http://freight1207:33380/
[rospy.impl.masterslave][INFO] 2020-11-03 20:39:42,019: atexit
[rospy.internal][WARNING] 2020-11-03 20:39:42,019: Unknown error initiating TCP/IP socket to freight1207:55839 (http://freight1207:33380/): Traceback (most recent call last):
  File "/opt/ros/indigo/lib/python2.7/dist-packages/rospy/impl/tcpros_base.py", line 558, in connect
    self.local_endpoint = self.socket.getsockname()
AttributeError: 'NoneType' object has no attribute 'getsockname'

