[rospy.client][INFO] 2020-10-29 00:31:04,867: init_node, name[/say_8124_1603956664847], pid[8124]
[xmlrpc][INFO] 2020-10-29 00:31:04,867: XML-RPC server binding to 0.0.0.0:0
[xmlrpc][INFO] 2020-10-29 00:31:04,868: Started XML-RPC server [http://freight1207:59578/]
[rospy.impl.masterslave][INFO] 2020-10-29 00:31:04,868: _ready: http://freight1207:59578/
[rospy.init][INFO] 2020-10-29 00:31:04,868: ROS Slave URI: [http://freight1207:59578/]
[xmlrpc][INFO] 2020-10-29 00:31:04,868: xml rpc node: starting XML-RPC server
[rospy.registration][INFO] 2020-10-29 00:31:04,868: Registering with master node http://localhost:11311
[rospy.init][INFO] 2020-10-29 00:31:04,969: registered with master
[rospy.rosout][INFO] 2020-10-29 00:31:04,969: initializing /rosout core topic
[rospy.rosout][INFO] 2020-10-29 00:31:04,970: connected to core topic /rosout
[rospy.simtime][INFO] 2020-10-29 00:31:04,971: /use_sim_time is not set, will not subscribe to simulated time [/clock] topic
[rospy.internal][INFO] 2020-10-29 00:31:04,983: topic[/sound_play/result] adding connection to [http://freight1207:43785/], count 0
[rospy.internal][INFO] 2020-10-29 00:31:04,984: topic[/sound_play/feedback] adding connection to [http://freight1207:43785/], count 0
[rospy.internal][INFO] 2020-10-29 00:31:04,985: topic[/sound_play/status] adding connection to [http://freight1207:43785/], count 0
[rospy.internal][INFO] 2020-10-29 00:31:05,075: topic[/robotsound] adding connection to [/sound_play], count 0
[rospy.internal][INFO] 2020-10-29 00:31:05,076: topic[/sound_play/cancel] adding connection to [/sound_play], count 0
[rospy.internal][INFO] 2020-10-29 00:31:05,076: topic[/sound_play/goal] adding connection to [/sound_play], count 0
[rospy.internal][INFO] 2020-10-29 00:31:05,176: topic[/rosout] adding connection to [/rosout], count 0
[rospy.core][INFO] 2020-10-29 00:31:06,983: signal_shutdown [atexit]
[rospy.internal][INFO] 2020-10-29 00:31:06,987: topic[/sound_play/cancel] removing connection to /sound_play
[rospy.internal][INFO] 2020-10-29 00:31:06,987: topic[/sound_play/goal] removing connection to /sound_play
[rospy.internal][INFO] 2020-10-29 00:31:06,987: topic[/rosout] removing connection to /rosout
[rospy.internal][INFO] 2020-10-29 00:31:06,987: topic[/robotsound] removing connection to /sound_play
[rospy.internal][INFO] 2020-10-29 00:31:06,987: topic[/sound_play/result] removing connection to http://freight1207:43785/
[rospy.internal][INFO] 2020-10-29 00:31:06,988: topic[/sound_play/status] removing connection to http://freight1207:43785/
[rospy.internal][INFO] 2020-10-29 00:31:06,988: topic[/sound_play/feedback] removing connection to http://freight1207:43785/
[rospy.impl.masterslave][INFO] 2020-10-29 00:31:06,988: atexit
