[rospy.client][INFO] 2020-11-04 00:29:33,716: init_node, name[/say_14378_1604478573694], pid[14378]
[xmlrpc][INFO] 2020-11-04 00:29:33,716: XML-RPC server binding to 0.0.0.0:0
[xmlrpc][INFO] 2020-11-04 00:29:33,716: Started XML-RPC server [http://freight1207:52184/]
[rospy.init][INFO] 2020-11-04 00:29:33,716: ROS Slave URI: [http://freight1207:52184/]
[rospy.impl.masterslave][INFO] 2020-11-04 00:29:33,716: _ready: http://freight1207:52184/
[xmlrpc][INFO] 2020-11-04 00:29:33,717: xml rpc node: starting XML-RPC server
[rospy.registration][INFO] 2020-11-04 00:29:33,717: Registering with master node http://localhost:11311
[rospy.init][INFO] 2020-11-04 00:29:33,816: registered with master
[rospy.rosout][INFO] 2020-11-04 00:29:33,817: initializing /rosout core topic
[rospy.rosout][INFO] 2020-11-04 00:29:33,818: connected to core topic /rosout
[rospy.simtime][INFO] 2020-11-04 00:29:33,819: /use_sim_time is not set, will not subscribe to simulated time [/clock] topic
[rospy.internal][INFO] 2020-11-04 00:29:33,832: topic[/sound_play/result] adding connection to [http://freight1207:43347/], count 0
[rospy.internal][INFO] 2020-11-04 00:29:33,832: topic[/sound_play/feedback] adding connection to [http://freight1207:43347/], count 0
[rospy.internal][INFO] 2020-11-04 00:29:33,833: topic[/sound_play/status] adding connection to [http://freight1207:43347/], count 0
[rospy.internal][INFO] 2020-11-04 00:29:33,953: topic[/robotsound] adding connection to [/sound_play], count 0
[rospy.internal][INFO] 2020-11-04 00:29:33,954: topic[/sound_play/cancel] adding connection to [/sound_play], count 0
[rospy.internal][INFO] 2020-11-04 00:29:33,954: topic[/sound_play/goal] adding connection to [/sound_play], count 0
[rospy.internal][INFO] 2020-11-04 00:29:34,117: topic[/rosout] adding connection to [/rosout], count 0
[rospy.core][INFO] 2020-11-04 00:29:35,831: signal_shutdown [atexit]
[rospy.internal][INFO] 2020-11-04 00:29:35,834: topic[/sound_play/cancel] removing connection to /sound_play
[rospy.internal][INFO] 2020-11-04 00:29:35,834: topic[/sound_play/goal] removing connection to /sound_play
[rospy.internal][INFO] 2020-11-04 00:29:35,834: topic[/rosout] removing connection to /rosout
[rospy.internal][INFO] 2020-11-04 00:29:35,835: topic[/robotsound] removing connection to /sound_play
[rospy.internal][INFO] 2020-11-04 00:29:35,835: topic[/sound_play/result] removing connection to http://freight1207:43347/
[rospy.internal][INFO] 2020-11-04 00:29:35,835: topic[/sound_play/status] removing connection to http://freight1207:43347/
[rospy.internal][INFO] 2020-11-04 00:29:35,835: topic[/sound_play/feedback] removing connection to http://freight1207:43347/
[rospy.impl.masterslave][INFO] 2020-11-04 00:29:35,835: atexit
