[rospy.client][INFO] 2020-11-09 23:02:41,387: init_node, name[/say_9843_1604991761363], pid[9843]
[xmlrpc][INFO] 2020-11-09 23:02:41,388: XML-RPC server binding to 0.0.0.0:0
[xmlrpc][INFO] 2020-11-09 23:02:41,388: Started XML-RPC server [http://freight1207:59492/]
[rospy.impl.masterslave][INFO] 2020-11-09 23:02:41,388: _ready: http://freight1207:59492/
[rospy.init][INFO] 2020-11-09 23:02:41,388: ROS Slave URI: [http://freight1207:59492/]
[xmlrpc][INFO] 2020-11-09 23:02:41,388: xml rpc node: starting XML-RPC server
[rospy.registration][INFO] 2020-11-09 23:02:41,389: Registering with master node http://localhost:11311
[rospy.init][INFO] 2020-11-09 23:02:41,489: registered with master
[rospy.rosout][INFO] 2020-11-09 23:02:41,489: initializing /rosout core topic
[rospy.rosout][INFO] 2020-11-09 23:02:41,490: connected to core topic /rosout
[rospy.simtime][INFO] 2020-11-09 23:02:41,491: /use_sim_time is not set, will not subscribe to simulated time [/clock] topic
[rospy.internal][INFO] 2020-11-09 23:02:41,504: topic[/sound_play/result] adding connection to [http://freight1207:34449/], count 0
[rospy.internal][INFO] 2020-11-09 23:02:41,505: topic[/sound_play/feedback] adding connection to [http://freight1207:34449/], count 0
[rospy.internal][INFO] 2020-11-09 23:02:41,505: topic[/sound_play/status] adding connection to [http://freight1207:34449/], count 0
[rospy.internal][INFO] 2020-11-09 23:02:41,589: topic[/robotsound] adding connection to [/sound_play], count 0
[rospy.internal][INFO] 2020-11-09 23:02:41,589: topic[/sound_play/goal] adding connection to [/sound_play], count 0
[rospy.internal][INFO] 2020-11-09 23:02:41,589: topic[/sound_play/cancel] adding connection to [/sound_play], count 0
[rospy.internal][INFO] 2020-11-09 23:02:41,752: topic[/rosout] adding connection to [/rosout], count 0
[rospy.core][INFO] 2020-11-09 23:02:43,503: signal_shutdown [atexit]
[rospy.internal][INFO] 2020-11-09 23:02:43,506: topic[/sound_play/cancel] removing connection to /sound_play
[rospy.internal][INFO] 2020-11-09 23:02:43,506: topic[/sound_play/goal] removing connection to /sound_play
[rospy.internal][INFO] 2020-11-09 23:02:43,506: topic[/rosout] removing connection to /rosout
[rospy.internal][INFO] 2020-11-09 23:02:43,506: topic[/robotsound] removing connection to /sound_play
[rospy.internal][INFO] 2020-11-09 23:02:43,507: topic[/sound_play/result] removing connection to http://freight1207:34449/
[rospy.internal][INFO] 2020-11-09 23:02:43,507: topic[/sound_play/status] removing connection to http://freight1207:34449/
[rospy.internal][INFO] 2020-11-09 23:02:43,507: topic[/sound_play/feedback] removing connection to http://freight1207:34449/
[rospy.internal][WARNING] 2020-11-09 23:02:43,508: Unknown error initiating TCP/IP socket to freight1207:50725 (http://freight1207:34449/): Traceback (most recent call last):
  File "/opt/ros/indigo/lib/python2.7/dist-packages/rospy/impl/tcpros_base.py", line 557, in connect
    self.read_header()
  File "/opt/ros/indigo/lib/python2.7/dist-packages/rospy/impl/tcpros_base.py", line 619, in read_header
    self._validate_header(read_ros_handshake_header(sock, self.read_buff, self.protocol.buff_size))
AttributeError: 'NoneType' object has no attribute 'buff_size'

[rospy.topics][ERROR] 2020-11-09 23:02:43,508: Traceback (most recent call last):
  File "/opt/ros/indigo/lib/python2.7/dist-packages/rospy/topics.py", line 307, in close
    c.close()
  File "/opt/ros/indigo/lib/python2.7/dist-packages/rospy/impl/tcpros_base.py", line 807, in close
    self.socket.close()
AttributeError: 'NoneType' object has no attribute 'close'

[rospy.impl.masterslave][INFO] 2020-11-09 23:02:43,508: atexit
