[rospy.client][INFO] 2020-11-05 23:27:34,826: init_node, name[/say_5616_1604647654802], pid[5616]
[xmlrpc][INFO] 2020-11-05 23:27:34,826: XML-RPC server binding to 0.0.0.0:0
[xmlrpc][INFO] 2020-11-05 23:27:34,826: Started XML-RPC server [http://freight1207:43589/]
[rospy.init][INFO] 2020-11-05 23:27:34,826: ROS Slave URI: [http://freight1207:43589/]
[rospy.impl.masterslave][INFO] 2020-11-05 23:27:34,826: _ready: http://freight1207:43589/
[xmlrpc][INFO] 2020-11-05 23:27:34,827: xml rpc node: starting XML-RPC server
[rospy.registration][INFO] 2020-11-05 23:27:34,827: Registering with master node http://localhost:11311
[rospy.init][INFO] 2020-11-05 23:27:34,927: registered with master
[rospy.rosout][INFO] 2020-11-05 23:27:34,927: initializing /rosout core topic
[rospy.rosout][INFO] 2020-11-05 23:27:34,928: connected to core topic /rosout
[rospy.simtime][INFO] 2020-11-05 23:27:34,929: initializing /clock core topic
[rospy.simtime][INFO] 2020-11-05 23:27:34,931: connected to core topic /clock
[rospy.internal][INFO] 2020-11-05 23:27:34,942: topic[/sound_play/feedback] adding connection to [http://freight1207:48754/], count 0
[rospy.internal][INFO] 2020-11-05 23:27:34,943: topic[/sound_play/result] adding connection to [http://freight1207:48754/], count 0
[rospy.internal][INFO] 2020-11-05 23:27:34,943: topic[/sound_play/status] adding connection to [http://freight1207:48754/], count 0
[rospy.internal][INFO] 2020-11-05 23:27:34,986: topic[/sound_play/cancel] adding connection to [/sound_play], count 0
[rospy.internal][INFO] 2020-11-05 23:27:34,986: topic[/robotsound] adding connection to [/sound_play], count 0
[rospy.internal][INFO] 2020-11-05 23:27:34,987: topic[/sound_play/goal] adding connection to [/sound_play], count 0
[rospy.internal][INFO] 2020-11-05 23:27:35,147: topic[/rosout] adding connection to [/rosout], count 0
[rospy.core][INFO] 2020-11-05 23:27:58,621: signal_shutdown [signal-2]
[rospy.internal][INFO] 2020-11-05 23:27:58,624: topic[/sound_play/cancel] removing connection to /sound_play
[rospy.internal][INFO] 2020-11-05 23:27:58,624: topic[/sound_play/goal] removing connection to /sound_play
[rospy.internal][INFO] 2020-11-05 23:27:58,624: topic[/rosout] removing connection to /rosout
[rospy.internal][INFO] 2020-11-05 23:27:58,624: topic[/robotsound] removing connection to /sound_play
[rospy.internal][INFO] 2020-11-05 23:27:58,625: topic[/sound_play/status] removing connection to http://freight1207:48754/
[rospy.topics][ERROR] 2020-11-05 23:27:58,625: Traceback (most recent call last):
  File "/opt/ros/indigo/lib/python2.7/dist-packages/rospy/topics.py", line 307, in close
    c.close()
  File "/opt/ros/indigo/lib/python2.7/dist-packages/rospy/impl/tcpros_base.py", line 807, in close
    self.socket.close()
AttributeError: 'NoneType' object has no attribute 'close'

[rospy.internal][INFO] 2020-11-05 23:27:58,625: topic[/sound_play/feedback] removing connection to http://freight1207:48754/
[rospy.internal][INFO] 2020-11-05 23:27:58,625: topic[/sound_play/result] removing connection to http://freight1207:48754/
[rospy.internal][WARNING] 2020-11-05 23:27:58,625: Unknown error initiating TCP/IP socket to freight1207:53809 (http://freight1207:48754/): Traceback (most recent call last):
  File "/opt/ros/indigo/lib/python2.7/dist-packages/rospy/impl/tcpros_base.py", line 557, in connect
    self.read_header()
  File "/opt/ros/indigo/lib/python2.7/dist-packages/rospy/impl/tcpros_base.py", line 619, in read_header
    self._validate_header(read_ros_handshake_header(sock, self.read_buff, self.protocol.buff_size))
AttributeError: 'NoneType' object has no attribute 'buff_size'

[rospy.impl.masterslave][INFO] 2020-11-05 23:27:58,625: signal-2
[rospy.core][INFO] 2020-11-05 23:27:58,790: signal_shutdown [atexit]
