[rospy.client][INFO] 2020-11-05 23:10:08,829: init_node, name[/say_5205_1604646608805], pid[5205]
[xmlrpc][INFO] 2020-11-05 23:10:08,829: XML-RPC server binding to 0.0.0.0:0
[xmlrpc][INFO] 2020-11-05 23:10:08,829: Started XML-RPC server [http://freight1207:39335/]
[rospy.init][INFO] 2020-11-05 23:10:08,829: ROS Slave URI: [http://freight1207:39335/]
[rospy.impl.masterslave][INFO] 2020-11-05 23:10:08,830: _ready: http://freight1207:39335/
[xmlrpc][INFO] 2020-11-05 23:10:08,830: xml rpc node: starting XML-RPC server
[rospy.registration][INFO] 2020-11-05 23:10:08,830: Registering with master node http://localhost:11311
[rospy.init][INFO] 2020-11-05 23:10:08,930: registered with master
[rospy.rosout][INFO] 2020-11-05 23:10:08,930: initializing /rosout core topic
[rospy.rosout][INFO] 2020-11-05 23:10:08,932: connected to core topic /rosout
[rospy.simtime][INFO] 2020-11-05 23:10:08,933: initializing /clock core topic
[rospy.simtime][INFO] 2020-11-05 23:10:08,934: connected to core topic /clock
[rospy.internal][INFO] 2020-11-05 23:10:08,946: topic[/sound_play/status] adding connection to [http://freight1207:48754/], count 0
[rospy.internal][INFO] 2020-11-05 23:10:08,947: topic[/sound_play/result] adding connection to [http://freight1207:48754/], count 0
[rospy.internal][INFO] 2020-11-05 23:10:08,947: topic[/sound_play/feedback] adding connection to [http://freight1207:48754/], count 0
[rospy.internal][INFO] 2020-11-05 23:10:09,037: topic[/sound_play/cancel] adding connection to [/sound_play], count 0
[rospy.internal][INFO] 2020-11-05 23:10:09,037: topic[/robotsound] adding connection to [/sound_play], count 0
[rospy.internal][INFO] 2020-11-05 23:10:09,038: topic[/sound_play/goal] adding connection to [/sound_play], count 0
[rospy.internal][INFO] 2020-11-05 23:10:09,219: topic[/rosout] adding connection to [/rosout], count 0
[rospy.core][INFO] 2020-11-05 23:10:17,444: signal_shutdown [signal-2]
[rospy.internal][INFO] 2020-11-05 23:10:17,447: topic[/sound_play/cancel] removing connection to /sound_play
[rospy.internal][INFO] 2020-11-05 23:10:17,447: topic[/sound_play/goal] removing connection to /sound_play
[rospy.internal][INFO] 2020-11-05 23:10:17,447: topic[/rosout] removing connection to /rosout
[rospy.internal][INFO] 2020-11-05 23:10:17,448: topic[/robotsound] removing connection to /sound_play
[rospy.internal][INFO] 2020-11-05 23:10:17,448: topic[/sound_play/status] removing connection to http://freight1207:48754/
[rospy.internal][WARNING] 2020-11-05 23:10:17,448: Unknown error initiating TCP/IP socket to freight1207:53809 (http://freight1207:48754/): Traceback (most recent call last):
  File "/opt/ros/indigo/lib/python2.7/dist-packages/rospy/impl/tcpros_base.py", line 557, in connect
    self.read_header()
  File "/opt/ros/indigo/lib/python2.7/dist-packages/rospy/impl/tcpros_base.py", line 619, in read_header
    self._validate_header(read_ros_handshake_header(sock, self.read_buff, self.protocol.buff_size))
AttributeError: 'NoneType' object has no attribute 'buff_size'

[rospy.topics][ERROR] 2020-11-05 23:10:17,449: Traceback (most recent call last):
  File "/opt/ros/indigo/lib/python2.7/dist-packages/rospy/topics.py", line 307, in close
    c.close()
  File "/opt/ros/indigo/lib/python2.7/dist-packages/rospy/impl/tcpros_base.py", line 807, in close
    self.socket.close()
AttributeError: 'NoneType' object has no attribute 'close'

[rospy.internal][INFO] 2020-11-05 23:10:17,449: topic[/sound_play/feedback] removing connection to http://freight1207:48754/
[rospy.internal][INFO] 2020-11-05 23:10:17,449: topic[/sound_play/result] removing connection to http://freight1207:48754/
[rospy.impl.masterslave][INFO] 2020-11-05 23:10:17,449: signal-2
[rospy.core][INFO] 2020-11-05 23:10:18,064: signal_shutdown [atexit]
