[rospy.client][INFO] 2020-10-28 19:43:12,662: init_node, name[/say_5080_1603939392642], pid[5080]
[xmlrpc][INFO] 2020-10-28 19:43:12,662: XML-RPC server binding to 0.0.0.0:0
[xmlrpc][INFO] 2020-10-28 19:43:12,663: Started XML-RPC server [http://freight1207:51260/]
[rospy.init][INFO] 2020-10-28 19:43:12,663: ROS Slave URI: [http://freight1207:51260/]
[rospy.impl.masterslave][INFO] 2020-10-28 19:43:12,663: _ready: http://freight1207:51260/
[xmlrpc][INFO] 2020-10-28 19:43:12,663: xml rpc node: starting XML-RPC server
[rospy.registration][INFO] 2020-10-28 19:43:12,663: Registering with master node http://localhost:11311
[rospy.init][INFO] 2020-10-28 19:43:12,763: registered with master
[rospy.rosout][INFO] 2020-10-28 19:43:12,763: initializing /rosout core topic
[rospy.rosout][INFO] 2020-10-28 19:43:12,765: connected to core topic /rosout
[rospy.simtime][INFO] 2020-10-28 19:43:12,766: /use_sim_time is not set, will not subscribe to simulated time [/clock] topic
[rospy.internal][INFO] 2020-10-28 19:43:12,778: topic[/sound_play/feedback] adding connection to [http://freight1207:36694/], count 0
[rospy.internal][INFO] 2020-10-28 19:43:12,779: topic[/sound_play/result] adding connection to [http://freight1207:36694/], count 0
[rospy.internal][INFO] 2020-10-28 19:43:12,779: topic[/sound_play/status] adding connection to [http://freight1207:36694/], count 0
[rospy.internal][INFO] 2020-10-28 19:43:12,809: topic[/robotsound] adding connection to [/sound_play], count 0
[rospy.internal][INFO] 2020-10-28 19:43:12,810: topic[/sound_play/cancel] adding connection to [/sound_play], count 0
[rospy.internal][INFO] 2020-10-28 19:43:12,810: topic[/sound_play/goal] adding connection to [/sound_play], count 0
[rospy.internal][INFO] 2020-10-28 19:43:12,995: topic[/rosout] adding connection to [/rosout], count 0
[rospy.core][INFO] 2020-10-28 19:43:14,778: signal_shutdown [atexit]
[rospy.internal][INFO] 2020-10-28 19:43:14,781: topic[/sound_play/cancel] removing connection to /sound_play
[rospy.internal][INFO] 2020-10-28 19:43:14,781: topic[/sound_play/goal] removing connection to /sound_play
[rospy.internal][INFO] 2020-10-28 19:43:14,781: topic[/rosout] removing connection to /rosout
[rospy.internal][INFO] 2020-10-28 19:43:14,781: topic[/robotsound] removing connection to /sound_play
[rospy.internal][INFO] 2020-10-28 19:43:14,782: topic[/sound_play/result] removing connection to http://freight1207:36694/
[rospy.internal][INFO] 2020-10-28 19:43:14,782: topic[/sound_play/status] removing connection to http://freight1207:36694/
[rospy.internal][INFO] 2020-10-28 19:43:14,782: topic[/sound_play/feedback] removing connection to http://freight1207:36694/
[rospy.impl.masterslave][INFO] 2020-10-28 19:43:14,782: atexit
