[rospy.client][INFO] 2020-10-28 19:39:30,554: init_node, name[/say_3989_1603939170534], pid[3989]
[xmlrpc][INFO] 2020-10-28 19:39:30,554: XML-RPC server binding to 0.0.0.0:0
[xmlrpc][INFO] 2020-10-28 19:39:30,554: Started XML-RPC server [http://freight1207:32830/]
[rospy.init][INFO] 2020-10-28 19:39:30,554: ROS Slave URI: [http://freight1207:32830/]
[rospy.impl.masterslave][INFO] 2020-10-28 19:39:30,554: _ready: http://freight1207:32830/
[xmlrpc][INFO] 2020-10-28 19:39:30,555: xml rpc node: starting XML-RPC server
[rospy.registration][INFO] 2020-10-28 19:39:30,555: Registering with master node http://localhost:11311
[rospy.init][INFO] 2020-10-28 19:39:30,654: registered with master
[rospy.rosout][INFO] 2020-10-28 19:39:30,655: initializing /rosout core topic
[rospy.rosout][INFO] 2020-10-28 19:39:30,656: connected to core topic /rosout
[rospy.simtime][INFO] 2020-10-28 19:39:30,657: /use_sim_time is not set, will not subscribe to simulated time [/clock] topic
[rospy.internal][INFO] 2020-10-28 19:39:30,670: topic[/sound_play/feedback] adding connection to [http://freight1207:36694/], count 0
[rospy.internal][INFO] 2020-10-28 19:39:30,670: topic[/sound_play/result] adding connection to [http://freight1207:36694/], count 0
[rospy.internal][INFO] 2020-10-28 19:39:30,671: topic[/sound_play/status] adding connection to [http://freight1207:36694/], count 0
[rospy.internal][INFO] 2020-10-28 19:39:30,685: topic[/sound_play/cancel] adding connection to [/sound_play], count 0
[rospy.internal][INFO] 2020-10-28 19:39:30,686: topic[/sound_play/goal] adding connection to [/sound_play], count 0
[rospy.internal][INFO] 2020-10-28 19:39:30,799: topic[/robotsound] adding connection to [/sound_play], count 0
[rospy.internal][INFO] 2020-10-28 19:39:30,863: topic[/rosout] adding connection to [/rosout], count 0
[rospy.core][INFO] 2020-10-28 19:39:32,670: signal_shutdown [atexit]
[rospy.internal][INFO] 2020-10-28 19:39:32,673: topic[/sound_play/cancel] removing connection to /sound_play
[rospy.internal][INFO] 2020-10-28 19:39:32,673: topic[/sound_play/goal] removing connection to /sound_play
[rospy.internal][INFO] 2020-10-28 19:39:32,674: topic[/rosout] removing connection to /rosout
[rospy.internal][INFO] 2020-10-28 19:39:32,674: topic[/robotsound] removing connection to /sound_play
[rospy.internal][INFO] 2020-10-28 19:39:32,674: topic[/sound_play/result] removing connection to http://freight1207:36694/
[rospy.internal][INFO] 2020-10-28 19:39:32,674: topic[/sound_play/status] removing connection to http://freight1207:36694/
[rospy.internal][INFO] 2020-10-28 19:39:32,674: topic[/sound_play/feedback] removing connection to http://freight1207:36694/
[rospy.impl.masterslave][INFO] 2020-10-28 19:39:32,674: atexit
