[rospy.client][INFO] 2020-10-29 21:56:44,567: init_node, name[/say_9775_1604033804546], pid[9775]
[xmlrpc][INFO] 2020-10-29 21:56:44,567: XML-RPC server binding to 0.0.0.0:0
[xmlrpc][INFO] 2020-10-29 21:56:44,567: Started XML-RPC server [http://freight1207:36268/]
[rospy.init][INFO] 2020-10-29 21:56:44,567: ROS Slave URI: [http://freight1207:36268/]
[rospy.impl.masterslave][INFO] 2020-10-29 21:56:44,567: _ready: http://freight1207:36268/
[xmlrpc][INFO] 2020-10-29 21:56:44,568: xml rpc node: starting XML-RPC server
[rospy.registration][INFO] 2020-10-29 21:56:44,568: Registering with master node http://localhost:11311
[rospy.init][INFO] 2020-10-29 21:56:44,667: registered with master
[rospy.rosout][INFO] 2020-10-29 21:56:44,667: initializing /rosout core topic
[rospy.rosout][INFO] 2020-10-29 21:56:44,669: connected to core topic /rosout
[rospy.simtime][INFO] 2020-10-29 21:56:44,670: /use_sim_time is not set, will not subscribe to simulated time [/clock] topic
[rospy.internal][INFO] 2020-10-29 21:56:44,683: topic[/sound_play/feedback] adding connection to [http://freight1207:45667/], count 0
[rospy.internal][INFO] 2020-10-29 21:56:44,683: topic[/sound_play/result] adding connection to [http://freight1207:45667/], count 0
[rospy.internal][INFO] 2020-10-29 21:56:44,684: topic[/sound_play/status] adding connection to [http://freight1207:45667/], count 0
[rospy.internal][INFO] 2020-10-29 21:56:44,694: topic[/robotsound] adding connection to [/sound_play], count 0
[rospy.internal][INFO] 2020-10-29 21:56:44,694: topic[/sound_play/cancel] adding connection to [/sound_play], count 0
[rospy.internal][INFO] 2020-10-29 21:56:44,695: topic[/sound_play/goal] adding connection to [/sound_play], count 0
[rospy.internal][INFO] 2020-10-29 21:56:44,882: topic[/rosout] adding connection to [/rosout], count 0
[rospy.core][INFO] 2020-10-29 21:56:46,682: signal_shutdown [atexit]
[rospy.internal][INFO] 2020-10-29 21:56:46,685: topic[/sound_play/cancel] removing connection to /sound_play
[rospy.internal][INFO] 2020-10-29 21:56:46,685: topic[/sound_play/goal] removing connection to /sound_play
[rospy.internal][INFO] 2020-10-29 21:56:46,685: topic[/rosout] removing connection to /rosout
[rospy.internal][INFO] 2020-10-29 21:56:46,686: topic[/robotsound] removing connection to /sound_play
[rospy.internal][INFO] 2020-10-29 21:56:46,686: topic[/sound_play/result] removing connection to http://freight1207:45667/
[rospy.internal][INFO] 2020-10-29 21:56:46,686: topic[/sound_play/status] removing connection to http://freight1207:45667/
[rospy.internal][INFO] 2020-10-29 21:56:46,686: topic[/sound_play/feedback] removing connection to http://freight1207:45667/
[rospy.impl.masterslave][INFO] 2020-10-29 21:56:46,686: atexit
