[rospy.client][INFO] 2020-11-09 19:23:08,356: init_node, name[/say_4475_1604978588330], pid[4475]
[xmlrpc][INFO] 2020-11-09 19:23:08,356: XML-RPC server binding to 0.0.0.0:0
[xmlrpc][INFO] 2020-11-09 19:23:08,356: Started XML-RPC server [http://freight1207:46521/]
[rospy.init][INFO] 2020-11-09 19:23:08,356: ROS Slave URI: [http://freight1207:46521/]
[rospy.impl.masterslave][INFO] 2020-11-09 19:23:08,356: _ready: http://freight1207:46521/
[xmlrpc][INFO] 2020-11-09 19:23:08,357: xml rpc node: starting XML-RPC server
[rospy.registration][INFO] 2020-11-09 19:23:08,357: Registering with master node http://localhost:11311
[rospy.init][INFO] 2020-11-09 19:23:08,457: registered with master
[rospy.rosout][INFO] 2020-11-09 19:23:08,457: initializing /rosout core topic
[rospy.rosout][INFO] 2020-11-09 19:23:08,459: connected to core topic /rosout
[rospy.simtime][INFO] 2020-11-09 19:23:08,459: /use_sim_time is not set, will not subscribe to simulated time [/clock] topic
[rospy.internal][INFO] 2020-11-09 19:23:08,472: topic[/sound_play/feedback] adding connection to [http://freight1207:59468/], count 0
[rospy.internal][INFO] 2020-11-09 19:23:08,473: topic[/sound_play/result] adding connection to [http://freight1207:59468/], count 0
[rospy.internal][INFO] 2020-11-09 19:23:08,473: topic[/sound_play/status] adding connection to [http://freight1207:59468/], count 0
[rospy.internal][INFO] 2020-11-09 19:23:08,568: topic[/robotsound] adding connection to [/sound_play], count 0
[rospy.internal][INFO] 2020-11-09 19:23:08,568: topic[/sound_play/cancel] adding connection to [/sound_play], count 0
[rospy.internal][INFO] 2020-11-09 19:23:08,568: topic[/sound_play/goal] adding connection to [/sound_play], count 0
[rospy.internal][INFO] 2020-11-09 19:23:08,717: topic[/rosout] adding connection to [/rosout], count 0
[rospy.core][INFO] 2020-11-09 19:23:10,471: signal_shutdown [atexit]
[rospy.internal][INFO] 2020-11-09 19:23:10,474: topic[/sound_play/cancel] removing connection to /sound_play
[rospy.internal][INFO] 2020-11-09 19:23:10,474: topic[/sound_play/goal] removing connection to /sound_play
[rospy.internal][INFO] 2020-11-09 19:23:10,474: topic[/rosout] removing connection to /rosout
[rospy.internal][INFO] 2020-11-09 19:23:10,474: topic[/robotsound] removing connection to /sound_play
[rospy.internal][INFO] 2020-11-09 19:23:10,474: topic[/sound_play/result] removing connection to http://freight1207:59468/
[rospy.internal][WARNING] 2020-11-09 19:23:10,475: Unknown error initiating TCP/IP socket to freight1207:46452 (http://freight1207:59468/): Traceback (most recent call last):
  File "/opt/ros/indigo/lib/python2.7/dist-packages/rospy/impl/tcpros_base.py", line 557, in connect
    self.read_header()
  File "/opt/ros/indigo/lib/python2.7/dist-packages/rospy/impl/tcpros_base.py", line 619, in read_header
    self._validate_header(read_ros_handshake_header(sock, self.read_buff, self.protocol.buff_size))
AttributeError: 'NoneType' object has no attribute 'buff_size'

[rospy.topics][ERROR] 2020-11-09 19:23:10,475: Traceback (most recent call last):
  File "/opt/ros/indigo/lib/python2.7/dist-packages/rospy/topics.py", line 307, in close
    c.close()
  File "/opt/ros/indigo/lib/python2.7/dist-packages/rospy/impl/tcpros_base.py", line 807, in close
    self.socket.close()
AttributeError: 'NoneType' object has no attribute 'close'

[rospy.internal][INFO] 2020-11-09 19:23:10,475: topic[/sound_play/status] removing connection to http://freight1207:59468/
[rospy.internal][INFO] 2020-11-09 19:23:10,475: topic[/sound_play/feedback] removing connection to http://freight1207:59468/
[rospy.impl.masterslave][INFO] 2020-11-09 19:23:10,475: atexit
