[rospy.client][INFO] 2020-11-04 00:28:58,028: init_node, name[/shutup_14178_1604478538006], pid[14178]
[xmlrpc][INFO] 2020-11-04 00:28:58,028: XML-RPC server binding to 0.0.0.0:0
[xmlrpc][INFO] 2020-11-04 00:28:58,028: Started XML-RPC server [http://freight1207:40756/]
[rospy.init][INFO] 2020-11-04 00:28:58,028: ROS Slave URI: [http://freight1207:40756/]
[rospy.impl.masterslave][INFO] 2020-11-04 00:28:58,028: _ready: http://freight1207:40756/
[xmlrpc][INFO] 2020-11-04 00:28:58,029: xml rpc node: starting XML-RPC server
[rospy.registration][INFO] 2020-11-04 00:28:58,029: Registering with master node http://localhost:11311
[rospy.init][INFO] 2020-11-04 00:28:58,129: registered with master
[rospy.rosout][INFO] 2020-11-04 00:28:58,129: initializing /rosout core topic
[rospy.rosout][INFO] 2020-11-04 00:28:58,130: connected to core topic /rosout
[rospy.simtime][INFO] 2020-11-04 00:28:58,131: /use_sim_time is not set, will not subscribe to simulated time [/clock] topic
[rospy.internal][INFO] 2020-11-04 00:28:58,144: topic[/sound_play/result] adding connection to [http://freight1207:43347/], count 0
[rospy.internal][INFO] 2020-11-04 00:28:58,145: topic[/sound_play/feedback] adding connection to [http://freight1207:43347/], count 0
[rospy.internal][INFO] 2020-11-04 00:28:58,145: topic[/sound_play/status] adding connection to [http://freight1207:43347/], count 0
[rospy.internal][INFO] 2020-11-04 00:28:58,188: topic[/robotsound] adding connection to [/sound_play], count 0
[rospy.internal][INFO] 2020-11-04 00:28:58,189: topic[/sound_play/cancel] adding connection to [/sound_play], count 0
[rospy.internal][INFO] 2020-11-04 00:28:58,189: topic[/sound_play/goal] adding connection to [/sound_play], count 0
[rospy.internal][INFO] 2020-11-04 00:28:58,362: topic[/rosout] adding connection to [/rosout], count 0
[rospy.core][INFO] 2020-11-04 00:29:03,132: signal_shutdown [signal-2]
[rospy.internal][INFO] 2020-11-04 00:29:03,135: topic[/sound_play/cancel] removing connection to /sound_play
[rospy.internal][INFO] 2020-11-04 00:29:03,135: topic[/sound_play/goal] removing connection to /sound_play
[rospy.internal][INFO] 2020-11-04 00:29:03,135: topic[/rosout] removing connection to /rosout
[rospy.internal][INFO] 2020-11-04 00:29:03,135: topic[/robotsound] removing connection to /sound_play
[rospy.internal][INFO] 2020-11-04 00:29:03,136: topic[/sound_play/result] removing connection to http://freight1207:43347/
[rospy.internal][INFO] 2020-11-04 00:29:03,136: topic[/sound_play/status] removing connection to http://freight1207:43347/
[rospy.internal][INFO] 2020-11-04 00:29:03,136: topic[/sound_play/feedback] removing connection to http://freight1207:43347/
[rospy.impl.masterslave][INFO] 2020-11-04 00:29:03,136: signal-2
[rospy.core][INFO] 2020-11-04 00:29:03,252: signal_shutdown [atexit]
