[rospy.client][INFO] 2020-11-03 22:03:25,015: init_node, name[/sound_play], pid[7389]
[xmlrpc][INFO] 2020-11-03 22:03:25,015: XML-RPC server binding to 0.0.0.0:0
[xmlrpc][INFO] 2020-11-03 22:03:25,016: Started XML-RPC server [http://freight1207:57712/]
[rospy.init][INFO] 2020-11-03 22:03:25,016: ROS Slave URI: [http://freight1207:57712/]
[rospy.impl.masterslave][INFO] 2020-11-03 22:03:25,016: _ready: http://freight1207:57712/
[xmlrpc][INFO] 2020-11-03 22:03:25,016: xml rpc node: starting XML-RPC server
[rospy.registration][INFO] 2020-11-03 22:03:25,017: Registering with master node http://localhost:11311
[rospy.init][INFO] 2020-11-03 22:03:25,116: registered with master
[rospy.rosout][INFO] 2020-11-03 22:03:25,116: initializing /rosout core topic
[rospy.rosout][INFO] 2020-11-03 22:03:25,118: connected to core topic /rosout
[rospy.simtime][INFO] 2020-11-03 22:03:25,119: /use_sim_time is not set, will not subscribe to simulated time [/clock] topic
[rospy.core][INFO] 2020-11-03 22:03:25,127: signal_shutdown [atexit]
[rospy.impl.masterslave][INFO] 2020-11-03 22:03:25,129: atexit
[rospy.client][INFO] 2020-11-04 00:03:33,492: init_node, name[/sound_play], pid[7703]
[xmlrpc][INFO] 2020-11-04 00:03:33,492: XML-RPC server binding to 0.0.0.0:0
[xmlrpc][INFO] 2020-11-04 00:03:33,492: Started XML-RPC server [http://freight1207:56961/]
[rospy.init][INFO] 2020-11-04 00:03:33,492: ROS Slave URI: [http://freight1207:56961/]
[rospy.impl.masterslave][INFO] 2020-11-04 00:03:33,492: _ready: http://freight1207:56961/
[xmlrpc][INFO] 2020-11-04 00:03:33,493: xml rpc node: starting XML-RPC server
[rospy.registration][INFO] 2020-11-04 00:03:33,493: Registering with master node http://localhost:11311
[rospy.init][INFO] 2020-11-04 00:03:33,593: registered with master
[rospy.rosout][INFO] 2020-11-04 00:03:33,593: initializing /rosout core topic
[rospy.rosout][INFO] 2020-11-04 00:03:33,595: connected to core topic /rosout
[rospy.simtime][INFO] 2020-11-04 00:03:33,595: /use_sim_time is not set, will not subscribe to simulated time [/clock] topic
[rospy.core][INFO] 2020-11-04 00:03:33,602: signal_shutdown [atexit]
[rospy.impl.masterslave][INFO] 2020-11-04 00:03:33,604: atexit
