[rospy.client][INFO] 2020-11-10 17:08:30,978: init_node, name[/rosbridge_websocket], pid[3324]
[xmlrpc][INFO] 2020-11-10 17:08:30,979: XML-RPC server binding to 0.0.0.0:0
[xmlrpc][INFO] 2020-11-10 17:08:30,979: Started XML-RPC server [http://freight1207:38420/]
[rospy.init][INFO] 2020-11-10 17:08:30,979: ROS Slave URI: [http://freight1207:38420/]
[rospy.impl.masterslave][INFO] 2020-11-10 17:08:30,979: _ready: http://freight1207:38420/
[xmlrpc][INFO] 2020-11-10 17:08:30,979: xml rpc node: starting XML-RPC server
[rospy.registration][INFO] 2020-11-10 17:08:30,980: Registering with master node http://localhost:11311
[rospy.init][INFO] 2020-11-10 17:08:31,079: registered with master
[rospy.rosout][INFO] 2020-11-10 17:08:31,079: initializing /rosout core topic
[rospy.rosout][INFO] 2020-11-10 17:08:31,081: connected to core topic /rosout
[rospy.simtime][INFO] 2020-11-10 17:08:31,081: /use_sim_time is not set, will not subscribe to simulated time [/clock] topic
[rosout][INFO] 2020-11-10 17:08:31,092: Rosbridge WebSocket server started on port 9090
[rospy.internal][INFO] 2020-11-10 17:08:31,337: topic[/rosout] adding connection to [/rosout], count 0
[rosout][INFO] 2020-11-10 17:09:11,191: Client connected.  1 clients total.
[rosout][INFO] 2020-11-10 17:09:17,498: Client disconnected. 0 clients total.
[rosout][INFO] 2020-11-10 17:09:53,101: Client connected.  1 clients total.
[rospy.internal][INFO] 2020-11-10 17:10:01,553: topic[/cmd_vel] adding connection to [/cmd_vel_mux], count 0
[rosout][INFO] 2020-11-10 17:11:06,678: Client disconnected. 0 clients total.
[rospy.internal][INFO] 2020-11-10 17:11:16,678: topic impl's ref count is zero, deleting topic /cmd_vel...
[rospy.internal][INFO] 2020-11-10 17:11:16,678: topic[/cmd_vel] removing connection to /cmd_vel_mux
[rosout][INFO] 2020-11-10 17:13:08,171: Client connected.  1 clients total.
[rospy.internal][INFO] 2020-11-10 17:14:07,912: topic[/cmd_vel] adding connection to [/cmd_vel_mux], count 0
[rospy.core][INFO] 2020-11-10 17:16:26,816: signal_shutdown [signal-15]
[rospy.registration][WARNING] 2020-11-10 17:16:26,818: cannot unregister with master due to network issues
[rospy.internal][INFO] 2020-11-10 17:16:26,818: topic[/rosout] removing connection to /rosout
[rospy.internal][INFO] 2020-11-10 17:16:26,818: topic[/cmd_vel] removing connection to /cmd_vel_mux
[rospy.impl.masterslave][INFO] 2020-11-10 17:16:26,818: signal-15
[rospy.core][INFO] 2020-11-10 17:16:26,889: signal_shutdown [signal-2]
[rospy.core][INFO] 2020-11-10 17:16:26,889: signal_shutdown [atexit]
