[roslaunch][INFO] 2018-12-02 23:41:51,620: Checking log directory for disk usage. This may take awhile.
Press Ctrl-C to interrupt
[roslaunch][INFO] 2018-12-02 23:41:51,622: Done checking log file disk usage. Usage is <1GB.
[roslaunch][INFO] 2018-12-02 23:41:51,622: roslaunch starting with args ['/opt/ros/indigo/bin/roslaunch', 'teleop.launch.xml', 'joy_device:=/dev/uinput']
[roslaunch][INFO] 2018-12-02 23:41:51,622: roslaunch env is {'MANDATORY_PATH': '/usr/share/gconf/ubuntu.mandatory.path', 'ROS_DISTRO': 'indigo', 'ROS_LOG_FILENAME': '/home/fetch/.ros/log/62a561fa-f6ce-11e8-a26e-000babe55698/roslaunch-freight1207-9251.log', 'XDG_GREETER_DATA_DIR': '/var/lib/lightdm-data/fetch', 'GNOME_DESKTOP_SESSION_ID': 'this-is-deprecated', 'UPSTART_EVENTS': 'started starting', 'LESSOPEN': '| /usr/bin/lesspipe %s', 'PKG_CONFIG_PATH': '/opt/ros/indigo/lib/pkgconfig:/opt/ros/indigo/lib/x86_64-linux-gnu/pkgconfig', 'CPATH': '/opt/ros/indigo/include', 'LOGNAME': 'fetch', 'USER': 'fetch', 'PATH': '/opt/ros/indigo/bin:/usr/local/sbin:/usr/local/bin:/usr/sbin:/usr/bin:/sbin:/bin:/usr/games:/usr/local/games', 'XDG_VTNR': '7', 'GNOME_KEYRING_CONTROL': '/run/user/1000/keyring-D86Y2d', 'CMAKE_PREFIX_PATH': '/opt/ros/indigo', 'LD_LIBRARY_PATH': '/opt/ros/indigo/lib:/opt/ros/indigo/lib/x86_64-linux-gnu', 'LANG': 'en_US.UTF-8', 'TERM': 'xterm-256color', 'SHELL': '/bin/bash', 'XDG_SESSION_PATH': '/org/freedesktop/DisplayManager/Session0', 'XAUTHORITY': '/home/fetch/.Xauthority', 'LANGUAGE': 'en_US', 'COMPIZ_CONFIG_PROFILE': 'ubuntu', 'SHLVL': '1', 'LESSCLOSE': '/usr/bin/lesspipe %s %s', 'QT_QPA_PLATFORMTHEME': 'appmenu-qt5', 'JOB': 'gnome-session', 'TEXTDOMAIN': 'im-config', 'UPSTART_INSTANCE': '', 'CLUTTER_IM_MODULE': 'xim', 'WINDOWID': '18874380', 'SESSIONTYPE': 'gnome-session', 'XMODIFIERS': '@im=ibus', 'ROS_ETC_DIR': '/opt/ros/indigo/etc/ros', 'GPG_AGENT_INFO': '/run/user/1000/keyring-D86Y2d/gpg:0:1', 'HOME': '/home/fetch', 'QT4_IM_MODULE': 'xim', 'SELINUX_INIT': 'YES', 'XDG_RUNTIME_DIR': '/run/user/1000', 'INSTANCE': 'Unity', 'PYTHONPATH': '/opt/ros/indigo/lib/python2.7/dist-packages', 'SSH_AUTH_SOCK': '/run/user/1000/keyring-D86Y2d/ssh', 'VTE_VERSION': '3409', 'ROS_ROOT': '/opt/ros/indigo/share/ros', 'GDMSESSION': 'ubuntu', 'IM_CONFIG_PHASE': '1', 'UPSTART_JOB': 'unity-settings-daemon', 'TEXTDOMAINDIR': '/usr/share/locale/', 'GNOME_KEYRING_PID': '1437', 'XDG_SEAT_PATH': '/org/freedesktop/DisplayManager/Seat0', 'ROS_PACKAGE_PATH': '/opt/ros/indigo/share:/opt/ros/indigo/stacks', 'XDG_CURRENT_DESKTOP': 'Unity', 'XDG_SESSION_ID': 'c2', 'DBUS_SESSION_BUS_ADDRESS': 'unix:abstract=/tmp/dbus-GoNjgdghpy', '_': '/opt/ros/indigo/bin/roslaunch', 'DEFAULTS_PATH': '/usr/share/gconf/ubuntu.default.path', 'GTK_IM_MODULE': 'ibus', 'DESKTOP_SESSION': 'ubuntu', 'UPSTART_SESSION': 'unix:abstract=/com/ubuntu/upstart-session/1000/1319', 'XDG_CONFIG_DIRS': '/etc/xdg/xdg-ubuntu:/usr/share/upstart/xdg:/etc/xdg', 'GTK_MODULES': 'overlay-scrollbar:unity-gtk-module', 'OLDPWD': '/etc/udev/rules.d', 'GDM_LANG': 'en_US', 'XDG_DATA_DIRS': '/usr/share/ubuntu:/usr/share/gnome:/usr/local/share/:/usr/share/', 'PWD': '/opt/ros/indigo/share/freight_bringup/launch/include', 'QT_IM_MODULE': 'ibus', 'ROS_MASTER_URI': 'http://localhost:11311', 'COLORTERM': 'gnome-terminal', 'DISPLAY': ':0', 'LS_COLORS': 'rs=0:di=01;34:ln=01;36:mh=00:pi=40;33:so=01;35:do=01;35:bd=40;33;01:cd=40;33;01:or=40;31;01:su=37;41:sg=30;43:ca=30;41:tw=30;42:ow=34;42:st=37;44:ex=01;32:*.tar=01;31:*.tgz=01;31:*.arj=01;31:*.taz=01;31:*.lzh=01;31:*.lzma=01;31:*.tlz=01;31:*.txz=01;31:*.zip=01;31:*.z=01;31:*.Z=01;31:*.dz=01;31:*.gz=01;31:*.lz=01;31:*.xz=01;31:*.bz2=01;31:*.bz=01;31:*.tbz=01;31:*.tbz2=01;31:*.tz=01;31:*.deb=01;31:*.rpm=01;31:*.jar=01;31:*.war=01;31:*.ear=01;31:*.sar=01;31:*.rar=01;31:*.ace=01;31:*.zoo=01;31:*.cpio=01;31:*.7z=01;31:*.rz=01;31:*.jpg=01;35:*.jpeg=01;35:*.gif=01;35:*.bmp=01;35:*.pbm=01;35:*.pgm=01;35:*.ppm=01;35:*.tga=01;35:*.xbm=01;35:*.xpm=01;35:*.tif=01;35:*.tiff=01;35:*.png=01;35:*.svg=01;35:*.svgz=01;35:*.mng=01;35:*.pcx=01;35:*.mov=01;35:*.mpg=01;35:*.mpeg=01;35:*.m2v=01;35:*.mkv=01;35:*.webm=01;35:*.ogm=01;35:*.mp4=01;35:*.m4v=01;35:*.mp4v=01;35:*.vob=01;35:*.qt=01;35:*.nuv=01;35:*.wmv=01;35:*.asf=01;35:*.rm=01;35:*.rmvb=01;35:*.flc=01;35:*.avi=01;35:*.fli=01;35:*.flv=01;35:*.gl=01;35:*.dl=01;35:*.xcf=01;35:*.xwd=01;35:*.yuv=01;35:*.cgm=01;35:*.emf=01;35:*.axv=01;35:*.anx=01;35:*.ogv=01;35:*.ogx=01;35:*.aac=00;36:*.au=00;36:*.flac=00;36:*.mid=00;36:*.midi=00;36:*.mka=00;36:*.mp3=00;36:*.mpc=00;36:*.ogg=00;36:*.ra=00;36:*.wav=00;36:*.axa=00;36:*.oga=00;36:*.spx=00;36:*.xspf=00;36:', 'XDG_SEAT': 'seat0'}
[roslaunch][INFO] 2018-12-02 23:41:51,622: starting in server mode
[roslaunch.parent][INFO] 2018-12-02 23:41:51,622: starting roslaunch parent run
[roslaunch][INFO] 2018-12-02 23:41:51,622: loading roscore config file /opt/ros/indigo/etc/ros/roscore.xml
[roslaunch][INFO] 2018-12-02 23:41:51,681: Added core node of type [rosout/rosout] in namespace [/]
[roslaunch.config][INFO] 2018-12-02 23:41:51,681: loading config file teleop.launch.xml
[roslaunch][INFO] 2018-12-02 23:41:51,682: Added node of type [joy/joy_node] in namespace [/]
[roslaunch][INFO] 2018-12-02 23:41:51,682: Added node of type [fetch_teleop/joystick_teleop] in namespace [/]
[roslaunch][INFO] 2018-12-02 23:41:51,682: Added node of type [topic_tools/mux] in namespace [/]
[roslaunch][INFO] 2018-12-02 23:41:51,682: ... selected machine [] for node of type [joy/joy_node]
[roslaunch][INFO] 2018-12-02 23:41:51,682: ... selected machine [] for node of type [fetch_teleop/joystick_teleop]
[roslaunch][INFO] 2018-12-02 23:41:51,682: ... selected machine [] for node of type [topic_tools/mux]
[roslaunch.pmon][INFO] 2018-12-02 23:41:51,683: start_process_monitor: creating ProcessMonitor
[roslaunch.pmon][INFO] 2018-12-02 23:41:51,683: created process monitor <ProcessMonitor(ProcessMonitor-1, initial daemon)>
[roslaunch.pmon][INFO] 2018-12-02 23:41:51,683: start_process_monitor: ProcessMonitor started
[roslaunch.parent][INFO] 2018-12-02 23:41:51,683: starting parent XML-RPC server
[roslaunch.server][INFO] 2018-12-02 23:41:51,684: starting roslaunch XML-RPC server
[roslaunch.server][INFO] 2018-12-02 23:41:51,684: waiting for roslaunch XML-RPC server to initialize
[xmlrpc][INFO] 2018-12-02 23:41:51,684: XML-RPC server binding to 0.0.0.0:0
[xmlrpc][INFO] 2018-12-02 23:41:51,684: Started XML-RPC server [http://freight1207:49939/]
[xmlrpc][INFO] 2018-12-02 23:41:51,684: xml rpc node: starting XML-RPC server
[roslaunch][INFO] 2018-12-02 23:41:51,696: started roslaunch server http://freight1207:49939/
[roslaunch.parent][INFO] 2018-12-02 23:41:51,696: ... parent XML-RPC server started
[roslaunch][INFO] 2018-12-02 23:41:51,697: master.is_running[http://localhost:11311]
[roslaunch][INFO] 2018-12-02 23:41:51,697: master.is_running[http://localhost:11311]
[roslaunch][INFO] 2018-12-02 23:41:51,698: ROS_MASTER_URI=http://localhost:11311
[roslaunch][INFO] 2018-12-02 23:41:51,699: setting /roslaunch/uris/host_freight1207__49939' to http://freight1207:49939/
[roslaunch][INFO] 2018-12-02 23:41:51,701: load_parameters starting ...
[roslaunch][INFO] 2018-12-02 23:41:51,703: ... load_parameters complete
[roslaunch][INFO] 2018-12-02 23:41:51,703: launch_nodes: launching local nodes ...
[roslaunch][INFO] 2018-12-02 23:41:51,703: ... preparing to launch node of type [joy/joy_node]
[roslaunch][INFO] 2018-12-02 23:41:51,703: create_node_process: package[joy] type[joy_node] machine[Machine(name[] env_loader[None] address[localhost] ssh_port[22] user[None] assignable[True] timeout[10.0])] master_uri[http://localhost:11311]
[roslaunch][INFO] 2018-12-02 23:41:51,703: process[joy-1]: env[{'WINDOWID': '18874380', 'QT_QPA_PLATFORMTHEME': 'appmenu-qt5', 'ROS_DISTRO': 'indigo', 'XDG_GREETER_DATA_DIR': '/var/lib/lightdm-data/fetch', 'GNOME_DESKTOP_SESSION_ID': 'this-is-deprecated', 'UPSTART_EVENTS': 'started starting', 'LESSOPEN': '| /usr/bin/lesspipe %s', 'XDG_SEAT_PATH': '/org/freedesktop/DisplayManager/Seat0', 'CPATH': '/opt/ros/indigo/include', 'LOGNAME': 'fetch', 'USER': 'fetch', 'PATH': '/opt/ros/indigo/bin:/usr/local/sbin:/usr/local/bin:/usr/sbin:/usr/bin:/sbin:/bin:/usr/games:/usr/local/games', 'XDG_VTNR': '7', 'GNOME_KEYRING_CONTROL': '/run/user/1000/keyring-D86Y2d', 'CMAKE_PREFIX_PATH': '/opt/ros/indigo', 'LD_LIBRARY_PATH': '/opt/ros/indigo/lib:/opt/ros/indigo/lib/x86_64-linux-gnu', 'LANG': 'en_US.UTF-8', 'TERM': 'xterm-256color', 'SHELL': '/bin/bash', 'XDG_SESSION_PATH': '/org/freedesktop/DisplayManager/Session0', 'XAUTHORITY': '/home/fetch/.Xauthority', 'LANGUAGE': 'en_US', 'SHLVL': '1', 'MANDATORY_PATH': '/usr/share/gconf/ubuntu.mandatory.path', 'JOB': 'gnome-session', 'ROS_LOG_FILENAME': '/home/fetch/.ros/log/62a561fa-f6ce-11e8-a26e-000babe55698/roslaunch-freight1207-9251.log', 'UPSTART_INSTANCE': '', 'COMPIZ_CONFIG_PROFILE': 'ubuntu', 'TEXTDOMAIN': 'im-config', 'CLUTTER_IM_MODULE': 'xim', 'XMODIFIERS': '@im=ibus', 'ROS_MASTER_URI': 'http://localhost:11311', 'GPG_AGENT_INFO': '/run/user/1000/keyring-D86Y2d/gpg:0:1', 'HOME': '/home/fetch', 'QT4_IM_MODULE': 'xim', 'SELINUX_INIT': 'YES', 'SSH_AUTH_SOCK': '/run/user/1000/keyring-D86Y2d/ssh', 'XDG_RUNTIME_DIR': '/run/user/1000', 'PYTHONPATH': '/opt/ros/indigo/lib/python2.7/dist-packages', 'SESSIONTYPE': 'gnome-session', 'VTE_VERSION': '3409', 'ROS_ROOT': '/opt/ros/indigo/share/ros', 'GDMSESSION': 'ubuntu', 'IM_CONFIG_PHASE': '1', 'UPSTART_JOB': 'unity-settings-daemon', 'TEXTDOMAINDIR': '/usr/share/locale/', 'XDG_DATA_DIRS': '/usr/share/ubuntu:/usr/share/gnome:/usr/local/share/:/usr/share/', 'PKG_CONFIG_PATH': '/opt/ros/indigo/lib/pkgconfig:/opt/ros/indigo/lib/x86_64-linux-gnu/pkgconfig', 'ROS_PACKAGE_PATH': '/opt/ros/indigo/share:/opt/ros/indigo/stacks', 'XDG_CURRENT_DESKTOP': 'Unity', 'XDG_SESSION_ID': 'c2', 'DBUS_SESSION_BUS_ADDRESS': 'unix:abstract=/tmp/dbus-GoNjgdghpy', '_': '/opt/ros/indigo/bin/roslaunch', 'DEFAULTS_PATH': '/usr/share/gconf/ubuntu.default.path', 'GTK_IM_MODULE': 'ibus', 'DESKTOP_SESSION': 'ubuntu', 'UPSTART_SESSION': 'unix:abstract=/com/ubuntu/upstart-session/1000/1319', 'LESSCLOSE': '/usr/bin/lesspipe %s %s', 'GNOME_KEYRING_PID': '1437', 'OLDPWD': '/etc/udev/rules.d', 'LS_COLORS': 'rs=0:di=01;34:ln=01;36:mh=00:pi=40;33:so=01;35:do=01;35:bd=40;33;01:cd=40;33;01:or=40;31;01:su=37;41:sg=30;43:ca=30;41:tw=30;42:ow=34;42:st=37;44:ex=01;32:*.tar=01;31:*.tgz=01;31:*.arj=01;31:*.taz=01;31:*.lzh=01;31:*.lzma=01;31:*.tlz=01;31:*.txz=01;31:*.zip=01;31:*.z=01;31:*.Z=01;31:*.dz=01;31:*.gz=01;31:*.lz=01;31:*.xz=01;31:*.bz2=01;31:*.bz=01;31:*.tbz=01;31:*.tbz2=01;31:*.tz=01;31:*.deb=01;31:*.rpm=01;31:*.jar=01;31:*.war=01;31:*.ear=01;31:*.sar=01;31:*.rar=01;31:*.ace=01;31:*.zoo=01;31:*.cpio=01;31:*.7z=01;31:*.rz=01;31:*.jpg=01;35:*.jpeg=01;35:*.gif=01;35:*.bmp=01;35:*.pbm=01;35:*.pgm=01;35:*.ppm=01;35:*.tga=01;35:*.xbm=01;35:*.xpm=01;35:*.tif=01;35:*.tiff=01;35:*.png=01;35:*.svg=01;35:*.svgz=01;35:*.mng=01;35:*.pcx=01;35:*.mov=01;35:*.mpg=01;35:*.mpeg=01;35:*.m2v=01;35:*.mkv=01;35:*.webm=01;35:*.ogm=01;35:*.mp4=01;35:*.m4v=01;35:*.mp4v=01;35:*.vob=01;35:*.qt=01;35:*.nuv=01;35:*.wmv=01;35:*.asf=01;35:*.rm=01;35:*.rmvb=01;35:*.flc=01;35:*.avi=01;35:*.fli=01;35:*.flv=01;35:*.gl=01;35:*.dl=01;35:*.xcf=01;35:*.xwd=01;35:*.yuv=01;35:*.cgm=01;35:*.emf=01;35:*.axv=01;35:*.anx=01;35:*.ogv=01;35:*.ogx=01;35:*.aac=00;36:*.au=00;36:*.flac=00;36:*.mid=00;36:*.midi=00;36:*.mka=00;36:*.mp3=00;36:*.mpc=00;36:*.ogg=00;36:*.ra=00;36:*.wav=00;36:*.axa=00;36:*.oga=00;36:*.spx=00;36:*.xspf=00;36:', 'GDM_LANG': 'en_US', 'GTK_MODULES': 'overlay-scrollbar:unity-gtk-module', 'INSTANCE': 'Unity', 'PWD': '/opt/ros/indigo/share/freight_bringup/launch/include', 'QT_IM_MODULE': 'ibus', 'ROS_ETC_DIR': '/opt/ros/indigo/etc/ros', 'COLORTERM': 'gnome-terminal', 'DISPLAY': ':0', 'XDG_CONFIG_DIRS': '/etc/xdg/xdg-ubuntu:/usr/share/upstart/xdg:/etc/xdg', 'XDG_SEAT': 'seat0'}]
[roslaunch][INFO] 2018-12-02 23:41:51,718: process[joy-1]: args[[u'/opt/ros/indigo/lib/joy/joy_node', u'__name:=joy']]
[roslaunch][INFO] 2018-12-02 23:41:51,718: ... created process [joy-1]
[roslaunch.pmon][INFO] 2018-12-02 23:41:51,718: ProcessMonitor.register[joy-1]
[roslaunch.pmon][INFO] 2018-12-02 23:41:51,718: ProcessMonitor.register[joy-1] complete
[roslaunch][INFO] 2018-12-02 23:41:51,718: ... registered process [joy-1]
[roslaunch][INFO] 2018-12-02 23:41:51,719: process[joy-1]: starting os process
[roslaunch][INFO] 2018-12-02 23:41:51,719: process[joy-1]: start w/ args [[u'/opt/ros/indigo/lib/joy/joy_node', u'__name:=joy', u'__log:=/home/fetch/.ros/log/62a561fa-f6ce-11e8-a26e-000babe55698/joy-1.log']]
[roslaunch][INFO] 2018-12-02 23:41:51,719: process[joy-1]: cwd will be [/home/fetch/.ros]
[roslaunch][INFO] 2018-12-02 23:41:51,721: process[joy-1]: started with pid [9269]
[roslaunch][INFO] 2018-12-02 23:41:51,721: ... successfully launched [joy-1]
[roslaunch][INFO] 2018-12-02 23:41:51,721: ... preparing to launch node of type [fetch_teleop/joystick_teleop]
[roslaunch][INFO] 2018-12-02 23:41:51,721: create_node_process: package[fetch_teleop] type[joystick_teleop] machine[Machine(name[] env_loader[None] address[localhost] ssh_port[22] user[None] assignable[True] timeout[10.0])] master_uri[http://localhost:11311]
[roslaunch][INFO] 2018-12-02 23:41:51,721: process[teleop-2]: env[{'WINDOWID': '18874380', 'QT_QPA_PLATFORMTHEME': 'appmenu-qt5', 'ROS_DISTRO': 'indigo', 'XDG_GREETER_DATA_DIR': '/var/lib/lightdm-data/fetch', 'GNOME_DESKTOP_SESSION_ID': 'this-is-deprecated', 'UPSTART_EVENTS': 'started starting', 'LESSOPEN': '| /usr/bin/lesspipe %s', 'XDG_SEAT_PATH': '/org/freedesktop/DisplayManager/Seat0', 'CPATH': '/opt/ros/indigo/include', 'LOGNAME': 'fetch', 'USER': 'fetch', 'PATH': '/opt/ros/indigo/bin:/usr/local/sbin:/usr/local/bin:/usr/sbin:/usr/bin:/sbin:/bin:/usr/games:/usr/local/games', 'XDG_VTNR': '7', 'GNOME_KEYRING_CONTROL': '/run/user/1000/keyring-D86Y2d', 'CMAKE_PREFIX_PATH': '/opt/ros/indigo', 'LD_LIBRARY_PATH': '/opt/ros/indigo/lib:/opt/ros/indigo/lib/x86_64-linux-gnu', 'LANG': 'en_US.UTF-8', 'TERM': 'xterm-256color', 'SHELL': '/bin/bash', 'XDG_SESSION_PATH': '/org/freedesktop/DisplayManager/Session0', 'XAUTHORITY': '/home/fetch/.Xauthority', 'LANGUAGE': 'en_US', 'SHLVL': '1', 'MANDATORY_PATH': '/usr/share/gconf/ubuntu.mandatory.path', 'JOB': 'gnome-session', 'ROS_LOG_FILENAME': '/home/fetch/.ros/log/62a561fa-f6ce-11e8-a26e-000babe55698/roslaunch-freight1207-9251.log', 'UPSTART_INSTANCE': '', 'COMPIZ_CONFIG_PROFILE': 'ubuntu', 'TEXTDOMAIN': 'im-config', 'CLUTTER_IM_MODULE': 'xim', 'XMODIFIERS': '@im=ibus', 'ROS_MASTER_URI': 'http://localhost:11311', 'GPG_AGENT_INFO': '/run/user/1000/keyring-D86Y2d/gpg:0:1', 'HOME': '/home/fetch', 'QT4_IM_MODULE': 'xim', 'SELINUX_INIT': 'YES', 'SSH_AUTH_SOCK': '/run/user/1000/keyring-D86Y2d/ssh', 'XDG_RUNTIME_DIR': '/run/user/1000', 'PYTHONPATH': '/opt/ros/indigo/lib/python2.7/dist-packages', 'SESSIONTYPE': 'gnome-session', 'VTE_VERSION': '3409', 'ROS_ROOT': '/opt/ros/indigo/share/ros', 'GDMSESSION': 'ubuntu', 'IM_CONFIG_PHASE': '1', 'UPSTART_JOB': 'unity-settings-daemon', 'TEXTDOMAINDIR': '/usr/share/locale/', 'XDG_DATA_DIRS': '/usr/share/ubuntu:/usr/share/gnome:/usr/local/share/:/usr/share/', 'PKG_CONFIG_PATH': '/opt/ros/indigo/lib/pkgconfig:/opt/ros/indigo/lib/x86_64-linux-gnu/pkgconfig', 'ROS_PACKAGE_PATH': '/opt/ros/indigo/share:/opt/ros/indigo/stacks', 'XDG_CURRENT_DESKTOP': 'Unity', 'XDG_SESSION_ID': 'c2', 'DBUS_SESSION_BUS_ADDRESS': 'unix:abstract=/tmp/dbus-GoNjgdghpy', '_': '/opt/ros/indigo/bin/roslaunch', 'DEFAULTS_PATH': '/usr/share/gconf/ubuntu.default.path', 'GTK_IM_MODULE': 'ibus', 'DESKTOP_SESSION': 'ubuntu', 'UPSTART_SESSION': 'unix:abstract=/com/ubuntu/upstart-session/1000/1319', 'LESSCLOSE': '/usr/bin/lesspipe %s %s', 'GNOME_KEYRING_PID': '1437', 'OLDPWD': '/etc/udev/rules.d', 'LS_COLORS': 'rs=0:di=01;34:ln=01;36:mh=00:pi=40;33:so=01;35:do=01;35:bd=40;33;01:cd=40;33;01:or=40;31;01:su=37;41:sg=30;43:ca=30;41:tw=30;42:ow=34;42:st=37;44:ex=01;32:*.tar=01;31:*.tgz=01;31:*.arj=01;31:*.taz=01;31:*.lzh=01;31:*.lzma=01;31:*.tlz=01;31:*.txz=01;31:*.zip=01;31:*.z=01;31:*.Z=01;31:*.dz=01;31:*.gz=01;31:*.lz=01;31:*.xz=01;31:*.bz2=01;31:*.bz=01;31:*.tbz=01;31:*.tbz2=01;31:*.tz=01;31:*.deb=01;31:*.rpm=01;31:*.jar=01;31:*.war=01;31:*.ear=01;31:*.sar=01;31:*.rar=01;31:*.ace=01;31:*.zoo=01;31:*.cpio=01;31:*.7z=01;31:*.rz=01;31:*.jpg=01;35:*.jpeg=01;35:*.gif=01;35:*.bmp=01;35:*.pbm=01;35:*.pgm=01;35:*.ppm=01;35:*.tga=01;35:*.xbm=01;35:*.xpm=01;35:*.tif=01;35:*.tiff=01;35:*.png=01;35:*.svg=01;35:*.svgz=01;35:*.mng=01;35:*.pcx=01;35:*.mov=01;35:*.mpg=01;35:*.mpeg=01;35:*.m2v=01;35:*.mkv=01;35:*.webm=01;35:*.ogm=01;35:*.mp4=01;35:*.m4v=01;35:*.mp4v=01;35:*.vob=01;35:*.qt=01;35:*.nuv=01;35:*.wmv=01;35:*.asf=01;35:*.rm=01;35:*.rmvb=01;35:*.flc=01;35:*.avi=01;35:*.fli=01;35:*.flv=01;35:*.gl=01;35:*.dl=01;35:*.xcf=01;35:*.xwd=01;35:*.yuv=01;35:*.cgm=01;35:*.emf=01;35:*.axv=01;35:*.anx=01;35:*.ogv=01;35:*.ogx=01;35:*.aac=00;36:*.au=00;36:*.flac=00;36:*.mid=00;36:*.midi=00;36:*.mka=00;36:*.mp3=00;36:*.mpc=00;36:*.ogg=00;36:*.ra=00;36:*.wav=00;36:*.axa=00;36:*.oga=00;36:*.spx=00;36:*.xspf=00;36:', 'GDM_LANG': 'en_US', 'GTK_MODULES': 'overlay-scrollbar:unity-gtk-module', 'INSTANCE': 'Unity', 'PWD': '/opt/ros/indigo/share/freight_bringup/launch/include', 'QT_IM_MODULE': 'ibus', 'ROS_ETC_DIR': '/opt/ros/indigo/etc/ros', 'COLORTERM': 'gnome-terminal', 'DISPLAY': ':0', 'XDG_CONFIG_DIRS': '/etc/xdg/xdg-ubuntu:/usr/share/upstart/xdg:/etc/xdg', 'XDG_SEAT': 'seat0'}]
[roslaunch][INFO] 2018-12-02 23:41:51,722: process[teleop-2]: args[[u'/opt/ros/indigo/lib/fetch_teleop/joystick_teleop', u'__name:=teleop']]
[roslaunch][INFO] 2018-12-02 23:41:51,722: ... created process [teleop-2]
[roslaunch.pmon][INFO] 2018-12-02 23:41:51,722: ProcessMonitor.register[teleop-2]
[roslaunch.pmon][INFO] 2018-12-02 23:41:51,722: ProcessMonitor.register[teleop-2] complete
[roslaunch][INFO] 2018-12-02 23:41:51,722: ... registered process [teleop-2]
[roslaunch][INFO] 2018-12-02 23:41:51,722: process[teleop-2]: starting os process
[roslaunch][INFO] 2018-12-02 23:41:51,722: process[teleop-2]: start w/ args [[u'/opt/ros/indigo/lib/fetch_teleop/joystick_teleop', u'__name:=teleop', u'__log:=/home/fetch/.ros/log/62a561fa-f6ce-11e8-a26e-000babe55698/teleop-2.log']]
[roslaunch][INFO] 2018-12-02 23:41:51,722: process[teleop-2]: cwd will be [/home/fetch/.ros]
[roslaunch][INFO] 2018-12-02 23:41:51,726: process[teleop-2]: started with pid [9270]
[roslaunch][INFO] 2018-12-02 23:41:51,726: ... successfully launched [teleop-2]
[roslaunch][INFO] 2018-12-02 23:41:51,727: ... preparing to launch node of type [topic_tools/mux]
[roslaunch][INFO] 2018-12-02 23:41:51,727: create_node_process: package[topic_tools] type[mux] machine[Machine(name[] env_loader[None] address[localhost] ssh_port[22] user[None] assignable[True] timeout[10.0])] master_uri[http://localhost:11311]
[roslaunch][INFO] 2018-12-02 23:41:51,727: process[cmd_vel_mux-3]: env[{'WINDOWID': '18874380', 'QT_QPA_PLATFORMTHEME': 'appmenu-qt5', 'ROS_DISTRO': 'indigo', 'XDG_GREETER_DATA_DIR': '/var/lib/lightdm-data/fetch', 'GNOME_DESKTOP_SESSION_ID': 'this-is-deprecated', 'UPSTART_EVENTS': 'started starting', 'LESSOPEN': '| /usr/bin/lesspipe %s', 'XDG_SEAT_PATH': '/org/freedesktop/DisplayManager/Seat0', 'CPATH': '/opt/ros/indigo/include', 'LOGNAME': 'fetch', 'USER': 'fetch', 'PATH': '/opt/ros/indigo/bin:/usr/local/sbin:/usr/local/bin:/usr/sbin:/usr/bin:/sbin:/bin:/usr/games:/usr/local/games', 'XDG_VTNR': '7', 'GNOME_KEYRING_CONTROL': '/run/user/1000/keyring-D86Y2d', 'CMAKE_PREFIX_PATH': '/opt/ros/indigo', 'LD_LIBRARY_PATH': '/opt/ros/indigo/lib:/opt/ros/indigo/lib/x86_64-linux-gnu', 'LANG': 'en_US.UTF-8', 'TERM': 'xterm-256color', 'SHELL': '/bin/bash', 'XDG_SESSION_PATH': '/org/freedesktop/DisplayManager/Session0', 'XAUTHORITY': '/home/fetch/.Xauthority', 'LANGUAGE': 'en_US', 'SHLVL': '1', 'MANDATORY_PATH': '/usr/share/gconf/ubuntu.mandatory.path', 'JOB': 'gnome-session', 'ROS_LOG_FILENAME': '/home/fetch/.ros/log/62a561fa-f6ce-11e8-a26e-000babe55698/roslaunch-freight1207-9251.log', 'UPSTART_INSTANCE': '', 'COMPIZ_CONFIG_PROFILE': 'ubuntu', 'TEXTDOMAIN': 'im-config', 'CLUTTER_IM_MODULE': 'xim', 'XMODIFIERS': '@im=ibus', 'ROS_MASTER_URI': 'http://localhost:11311', 'GPG_AGENT_INFO': '/run/user/1000/keyring-D86Y2d/gpg:0:1', 'HOME': '/home/fetch', 'QT4_IM_MODULE': 'xim', 'SELINUX_INIT': 'YES', 'SSH_AUTH_SOCK': '/run/user/1000/keyring-D86Y2d/ssh', 'XDG_RUNTIME_DIR': '/run/user/1000', 'PYTHONPATH': '/opt/ros/indigo/lib/python2.7/dist-packages', 'SESSIONTYPE': 'gnome-session', 'VTE_VERSION': '3409', 'ROS_ROOT': '/opt/ros/indigo/share/ros', 'GDMSESSION': 'ubuntu', 'IM_CONFIG_PHASE': '1', 'UPSTART_JOB': 'unity-settings-daemon', 'TEXTDOMAINDIR': '/usr/share/locale/', 'XDG_DATA_DIRS': '/usr/share/ubuntu:/usr/share/gnome:/usr/local/share/:/usr/share/', 'PKG_CONFIG_PATH': '/opt/ros/indigo/lib/pkgconfig:/opt/ros/indigo/lib/x86_64-linux-gnu/pkgconfig', 'ROS_PACKAGE_PATH': '/opt/ros/indigo/share:/opt/ros/indigo/stacks', 'XDG_CURRENT_DESKTOP': 'Unity', 'XDG_SESSION_ID': 'c2', 'DBUS_SESSION_BUS_ADDRESS': 'unix:abstract=/tmp/dbus-GoNjgdghpy', '_': '/opt/ros/indigo/bin/roslaunch', 'DEFAULTS_PATH': '/usr/share/gconf/ubuntu.default.path', 'GTK_IM_MODULE': 'ibus', 'DESKTOP_SESSION': 'ubuntu', 'UPSTART_SESSION': 'unix:abstract=/com/ubuntu/upstart-session/1000/1319', 'LESSCLOSE': '/usr/bin/lesspipe %s %s', 'GNOME_KEYRING_PID': '1437', 'OLDPWD': '/etc/udev/rules.d', 'LS_COLORS': 'rs=0:di=01;34:ln=01;36:mh=00:pi=40;33:so=01;35:do=01;35:bd=40;33;01:cd=40;33;01:or=40;31;01:su=37;41:sg=30;43:ca=30;41:tw=30;42:ow=34;42:st=37;44:ex=01;32:*.tar=01;31:*.tgz=01;31:*.arj=01;31:*.taz=01;31:*.lzh=01;31:*.lzma=01;31:*.tlz=01;31:*.txz=01;31:*.zip=01;31:*.z=01;31:*.Z=01;31:*.dz=01;31:*.gz=01;31:*.lz=01;31:*.xz=01;31:*.bz2=01;31:*.bz=01;31:*.tbz=01;31:*.tbz2=01;31:*.tz=01;31:*.deb=01;31:*.rpm=01;31:*.jar=01;31:*.war=01;31:*.ear=01;31:*.sar=01;31:*.rar=01;31:*.ace=01;31:*.zoo=01;31:*.cpio=01;31:*.7z=01;31:*.rz=01;31:*.jpg=01;35:*.jpeg=01;35:*.gif=01;35:*.bmp=01;35:*.pbm=01;35:*.pgm=01;35:*.ppm=01;35:*.tga=01;35:*.xbm=01;35:*.xpm=01;35:*.tif=01;35:*.tiff=01;35:*.png=01;35:*.svg=01;35:*.svgz=01;35:*.mng=01;35:*.pcx=01;35:*.mov=01;35:*.mpg=01;35:*.mpeg=01;35:*.m2v=01;35:*.mkv=01;35:*.webm=01;35:*.ogm=01;35:*.mp4=01;35:*.m4v=01;35:*.mp4v=01;35:*.vob=01;35:*.qt=01;35:*.nuv=01;35:*.wmv=01;35:*.asf=01;35:*.rm=01;35:*.rmvb=01;35:*.flc=01;35:*.avi=01;35:*.fli=01;35:*.flv=01;35:*.gl=01;35:*.dl=01;35:*.xcf=01;35:*.xwd=01;35:*.yuv=01;35:*.cgm=01;35:*.emf=01;35:*.axv=01;35:*.anx=01;35:*.ogv=01;35:*.ogx=01;35:*.aac=00;36:*.au=00;36:*.flac=00;36:*.mid=00;36:*.midi=00;36:*.mka=00;36:*.mp3=00;36:*.mpc=00;36:*.ogg=00;36:*.ra=00;36:*.wav=00;36:*.axa=00;36:*.oga=00;36:*.spx=00;36:*.xspf=00;36:', 'GDM_LANG': 'en_US', 'GTK_MODULES': 'overlay-scrollbar:unity-gtk-module', 'INSTANCE': 'Unity', 'PWD': '/opt/ros/indigo/share/freight_bringup/launch/include', 'QT_IM_MODULE': 'ibus', 'ROS_ETC_DIR': '/opt/ros/indigo/etc/ros', 'COLORTERM': 'gnome-terminal', 'DISPLAY': ':0', 'XDG_CONFIG_DIRS': '/etc/xdg/xdg-ubuntu:/usr/share/upstart/xdg:/etc/xdg', 'XDG_SEAT': 'seat0'}]
[roslaunch][INFO] 2018-12-02 23:41:51,728: process[cmd_vel_mux-3]: args[[u'/opt/ros/indigo/lib/topic_tools/mux', 'base_controller/command', '/cmd_vel', '/teleop/cmd_vel', u'mux:=cmd_vel_mux', u'__name:=cmd_vel_mux']]
[roslaunch][INFO] 2018-12-02 23:41:51,728: ... created process [cmd_vel_mux-3]
[roslaunch.pmon][INFO] 2018-12-02 23:41:51,729: ProcessMonitor.register[cmd_vel_mux-3]
[roslaunch.pmon][INFO] 2018-12-02 23:41:51,729: ProcessMonitor.register[cmd_vel_mux-3] complete
[roslaunch][INFO] 2018-12-02 23:41:51,729: ... registered process [cmd_vel_mux-3]
[roslaunch][INFO] 2018-12-02 23:41:51,729: process[cmd_vel_mux-3]: starting os process
[roslaunch][INFO] 2018-12-02 23:41:51,729: process[cmd_vel_mux-3]: start w/ args [[u'/opt/ros/indigo/lib/topic_tools/mux', 'base_controller/command', '/cmd_vel', '/teleop/cmd_vel', u'mux:=cmd_vel_mux', u'__name:=cmd_vel_mux', u'__log:=/home/fetch/.ros/log/62a561fa-f6ce-11e8-a26e-000babe55698/cmd_vel_mux-3.log']]
[roslaunch][INFO] 2018-12-02 23:41:51,729: process[cmd_vel_mux-3]: cwd will be [/home/fetch/.ros]
[roslaunch][INFO] 2018-12-02 23:41:51,731: process[cmd_vel_mux-3]: started with pid [9276]
[roslaunch][INFO] 2018-12-02 23:41:51,731: ... successfully launched [cmd_vel_mux-3]
[roslaunch][INFO] 2018-12-02 23:41:51,731: ... launch_nodes complete
[roslaunch.pmon][INFO] 2018-12-02 23:41:51,731: registrations completed <ProcessMonitor(ProcessMonitor-1, started daemon 139984867895040)>
[roslaunch.parent][INFO] 2018-12-02 23:41:51,731: ... roslaunch parent running, waiting for process exit
[roslaunch][INFO] 2018-12-02 23:41:51,731: spin
[roslaunch][INFO] 2018-12-02 23:41:52,284: [cmd_vel_mux-3] process has finished cleanly
log file: /home/fetch/.ros/log/62a561fa-f6ce-11e8-a26e-000babe55698/cmd_vel_mux-3*.log
[roslaunch][INFO] 2018-12-02 23:41:52,285: [cmd_vel_mux-3] restarting process
[roslaunch][INFO] 2018-12-02 23:41:52,285: process[cmd_vel_mux-3]: restarting os process
[roslaunch][INFO] 2018-12-02 23:41:52,285: process[cmd_vel_mux-3]: start w/ args [[u'/opt/ros/indigo/lib/topic_tools/mux', 'base_controller/command', '/cmd_vel', '/teleop/cmd_vel', u'mux:=cmd_vel_mux', u'__name:=cmd_vel_mux', u'__log:=/home/fetch/.ros/log/62a561fa-f6ce-11e8-a26e-000babe55698/cmd_vel_mux-3.log']]
[roslaunch][INFO] 2018-12-02 23:41:52,285: process[cmd_vel_mux-3]: cwd will be [/home/fetch/.ros]
[roslaunch][INFO] 2018-12-02 23:41:52,286: process[cmd_vel_mux-3]: started with pid [9424]
[roslaunch][INFO] 2018-12-02 23:41:52,687: [cmd_vel_mux-3] process has finished cleanly
log file: /home/fetch/.ros/log/62a561fa-f6ce-11e8-a26e-000babe55698/cmd_vel_mux-3*.log
[roslaunch][INFO] 2018-12-02 23:41:52,687: [cmd_vel_mux-3] restarting process
[roslaunch][INFO] 2018-12-02 23:41:52,688: process[cmd_vel_mux-3]: restarting os process
[roslaunch][INFO] 2018-12-02 23:41:52,688: process[cmd_vel_mux-3]: start w/ args [[u'/opt/ros/indigo/lib/topic_tools/mux', 'base_controller/command', '/cmd_vel', '/teleop/cmd_vel', u'mux:=cmd_vel_mux', u'__name:=cmd_vel_mux', u'__log:=/home/fetch/.ros/log/62a561fa-f6ce-11e8-a26e-000babe55698/cmd_vel_mux-3.log']]
[roslaunch][INFO] 2018-12-02 23:41:52,688: process[cmd_vel_mux-3]: cwd will be [/home/fetch/.ros]
[roslaunch][INFO] 2018-12-02 23:41:52,689: process[cmd_vel_mux-3]: started with pid [9494]
[roslaunch][INFO] 2018-12-02 23:41:53,290: [cmd_vel_mux-3] process has finished cleanly
log file: /home/fetch/.ros/log/62a561fa-f6ce-11e8-a26e-000babe55698/cmd_vel_mux-3*.log
[roslaunch][INFO] 2018-12-02 23:41:53,291: [cmd_vel_mux-3] restarting process
[roslaunch][INFO] 2018-12-02 23:41:53,291: process[cmd_vel_mux-3]: restarting os process
[roslaunch][INFO] 2018-12-02 23:41:53,291: process[cmd_vel_mux-3]: start w/ args [[u'/opt/ros/indigo/lib/topic_tools/mux', 'base_controller/command', '/cmd_vel', '/teleop/cmd_vel', u'mux:=cmd_vel_mux', u'__name:=cmd_vel_mux', u'__log:=/home/fetch/.ros/log/62a561fa-f6ce-11e8-a26e-000babe55698/cmd_vel_mux-3.log']]
[roslaunch][INFO] 2018-12-02 23:41:53,291: process[cmd_vel_mux-3]: cwd will be [/home/fetch/.ros]
[roslaunch][INFO] 2018-12-02 23:41:53,292: process[cmd_vel_mux-3]: started with pid [9577]
[roslaunch][ERROR] 2018-12-02 23:41:53,793: [teleop-2] process has died [pid 9270, exit code -11, cmd /opt/ros/indigo/lib/fetch_teleop/joystick_teleop __name:=teleop __log:=/home/fetch/.ros/log/62a561fa-f6ce-11e8-a26e-000babe55698/teleop-2.log].
log file: /home/fetch/.ros/log/62a561fa-f6ce-11e8-a26e-000babe55698/teleop-2*.log
[roslaunch.pmon][INFO] 2018-12-02 23:41:53,794: ProcessMonitor.unregister[teleop-2] starting
[roslaunch.pmon][INFO] 2018-12-02 23:41:53,794: ProcessMonitor.unregister[teleop-2] complete
[roslaunch][INFO] 2018-12-02 23:41:53,894: [cmd_vel_mux-3] process has finished cleanly
log file: /home/fetch/.ros/log/62a561fa-f6ce-11e8-a26e-000babe55698/cmd_vel_mux-3*.log
[roslaunch][INFO] 2018-12-02 23:41:53,894: [cmd_vel_mux-3] restarting process
[roslaunch][INFO] 2018-12-02 23:41:53,895: process[cmd_vel_mux-3]: restarting os process
[roslaunch][INFO] 2018-12-02 23:41:53,895: process[cmd_vel_mux-3]: start w/ args [[u'/opt/ros/indigo/lib/topic_tools/mux', 'base_controller/command', '/cmd_vel', '/teleop/cmd_vel', u'mux:=cmd_vel_mux', u'__name:=cmd_vel_mux', u'__log:=/home/fetch/.ros/log/62a561fa-f6ce-11e8-a26e-000babe55698/cmd_vel_mux-3.log']]
[roslaunch][INFO] 2018-12-02 23:41:53,896: process[cmd_vel_mux-3]: cwd will be [/home/fetch/.ros]
[roslaunch][INFO] 2018-12-02 23:41:53,897: process[cmd_vel_mux-3]: started with pid [9699]
[roslaunch][INFO] 2018-12-02 23:41:54,298: [cmd_vel_mux-3] process has finished cleanly
log file: /home/fetch/.ros/log/62a561fa-f6ce-11e8-a26e-000babe55698/cmd_vel_mux-3*.log
[roslaunch][INFO] 2018-12-02 23:41:54,298: [cmd_vel_mux-3] restarting process
[roslaunch][INFO] 2018-12-02 23:41:54,298: process[cmd_vel_mux-3]: restarting os process
[roslaunch][INFO] 2018-12-02 23:41:54,298: process[cmd_vel_mux-3]: start w/ args [[u'/opt/ros/indigo/lib/topic_tools/mux', 'base_controller/command', '/cmd_vel', '/teleop/cmd_vel', u'mux:=cmd_vel_mux', u'__name:=cmd_vel_mux', u'__log:=/home/fetch/.ros/log/62a561fa-f6ce-11e8-a26e-000babe55698/cmd_vel_mux-3.log']]
[roslaunch][INFO] 2018-12-02 23:41:54,299: process[cmd_vel_mux-3]: cwd will be [/home/fetch/.ros]
[roslaunch][INFO] 2018-12-02 23:41:54,300: process[cmd_vel_mux-3]: started with pid [9779]
[roslaunch][INFO] 2018-12-02 23:41:54,801: [cmd_vel_mux-3] process has finished cleanly
log file: /home/fetch/.ros/log/62a561fa-f6ce-11e8-a26e-000babe55698/cmd_vel_mux-3*.log
[roslaunch][INFO] 2018-12-02 23:41:54,801: [cmd_vel_mux-3] restarting process
[roslaunch][INFO] 2018-12-02 23:41:54,801: process[cmd_vel_mux-3]: restarting os process
[roslaunch][INFO] 2018-12-02 23:41:54,802: process[cmd_vel_mux-3]: start w/ args [[u'/opt/ros/indigo/lib/topic_tools/mux', 'base_controller/command', '/cmd_vel', '/teleop/cmd_vel', u'mux:=cmd_vel_mux', u'__name:=cmd_vel_mux', u'__log:=/home/fetch/.ros/log/62a561fa-f6ce-11e8-a26e-000babe55698/cmd_vel_mux-3.log']]
[roslaunch][INFO] 2018-12-02 23:41:54,802: process[cmd_vel_mux-3]: cwd will be [/home/fetch/.ros]
[roslaunch][INFO] 2018-12-02 23:41:54,803: process[cmd_vel_mux-3]: started with pid [9859]
[roslaunch][INFO] 2018-12-02 23:41:55,304: [cmd_vel_mux-3] process has finished cleanly
log file: /home/fetch/.ros/log/62a561fa-f6ce-11e8-a26e-000babe55698/cmd_vel_mux-3*.log
[roslaunch][INFO] 2018-12-02 23:41:55,304: [cmd_vel_mux-3] restarting process
[roslaunch][INFO] 2018-12-02 23:41:55,304: process[cmd_vel_mux-3]: restarting os process
[roslaunch][INFO] 2018-12-02 23:41:55,305: process[cmd_vel_mux-3]: start w/ args [[u'/opt/ros/indigo/lib/topic_tools/mux', 'base_controller/command', '/cmd_vel', '/teleop/cmd_vel', u'mux:=cmd_vel_mux', u'__name:=cmd_vel_mux', u'__log:=/home/fetch/.ros/log/62a561fa-f6ce-11e8-a26e-000babe55698/cmd_vel_mux-3.log']]
[roslaunch][INFO] 2018-12-02 23:41:55,305: process[cmd_vel_mux-3]: cwd will be [/home/fetch/.ros]
[roslaunch][INFO] 2018-12-02 23:41:55,306: process[cmd_vel_mux-3]: started with pid [9939]
[roslaunch][INFO] 2018-12-02 23:41:55,807: [cmd_vel_mux-3] process has finished cleanly
log file: /home/fetch/.ros/log/62a561fa-f6ce-11e8-a26e-000babe55698/cmd_vel_mux-3*.log
[roslaunch][INFO] 2018-12-02 23:41:55,807: [cmd_vel_mux-3] restarting process
[roslaunch][INFO] 2018-12-02 23:41:55,808: process[cmd_vel_mux-3]: restarting os process
[roslaunch][INFO] 2018-12-02 23:41:55,808: process[cmd_vel_mux-3]: start w/ args [[u'/opt/ros/indigo/lib/topic_tools/mux', 'base_controller/command', '/cmd_vel', '/teleop/cmd_vel', u'mux:=cmd_vel_mux', u'__name:=cmd_vel_mux', u'__log:=/home/fetch/.ros/log/62a561fa-f6ce-11e8-a26e-000babe55698/cmd_vel_mux-3.log']]
[roslaunch][INFO] 2018-12-02 23:41:55,808: process[cmd_vel_mux-3]: cwd will be [/home/fetch/.ros]
[roslaunch][INFO] 2018-12-02 23:41:55,809: process[cmd_vel_mux-3]: started with pid [10019]
[roslaunch][INFO] 2018-12-02 23:41:56,310: [cmd_vel_mux-3] process has finished cleanly
log file: /home/fetch/.ros/log/62a561fa-f6ce-11e8-a26e-000babe55698/cmd_vel_mux-3*.log
[roslaunch][INFO] 2018-12-02 23:41:56,310: [cmd_vel_mux-3] restarting process
[roslaunch][INFO] 2018-12-02 23:41:56,311: process[cmd_vel_mux-3]: restarting os process
[roslaunch][INFO] 2018-12-02 23:41:56,311: process[cmd_vel_mux-3]: start w/ args [[u'/opt/ros/indigo/lib/topic_tools/mux', 'base_controller/command', '/cmd_vel', '/teleop/cmd_vel', u'mux:=cmd_vel_mux', u'__name:=cmd_vel_mux', u'__log:=/home/fetch/.ros/log/62a561fa-f6ce-11e8-a26e-000babe55698/cmd_vel_mux-3.log']]
[roslaunch][INFO] 2018-12-02 23:41:56,311: process[cmd_vel_mux-3]: cwd will be [/home/fetch/.ros]
[roslaunch][INFO] 2018-12-02 23:41:56,312: process[cmd_vel_mux-3]: started with pid [10099]
[roslaunch][INFO] 2018-12-02 23:41:56,813: [cmd_vel_mux-3] process has finished cleanly
log file: /home/fetch/.ros/log/62a561fa-f6ce-11e8-a26e-000babe55698/cmd_vel_mux-3*.log
[roslaunch][INFO] 2018-12-02 23:41:56,814: [cmd_vel_mux-3] restarting process
[roslaunch][INFO] 2018-12-02 23:41:56,814: process[cmd_vel_mux-3]: restarting os process
[roslaunch][INFO] 2018-12-02 23:41:56,814: process[cmd_vel_mux-3]: start w/ args [[u'/opt/ros/indigo/lib/topic_tools/mux', 'base_controller/command', '/cmd_vel', '/teleop/cmd_vel', u'mux:=cmd_vel_mux', u'__name:=cmd_vel_mux', u'__log:=/home/fetch/.ros/log/62a561fa-f6ce-11e8-a26e-000babe55698/cmd_vel_mux-3.log']]
[roslaunch][INFO] 2018-12-02 23:41:56,814: process[cmd_vel_mux-3]: cwd will be [/home/fetch/.ros]
[roslaunch][INFO] 2018-12-02 23:41:56,815: process[cmd_vel_mux-3]: started with pid [10179]
[roslaunch][INFO] 2018-12-02 23:41:57,316: [cmd_vel_mux-3] process has finished cleanly
log file: /home/fetch/.ros/log/62a561fa-f6ce-11e8-a26e-000babe55698/cmd_vel_mux-3*.log
[roslaunch][INFO] 2018-12-02 23:41:57,317: [cmd_vel_mux-3] restarting process
[roslaunch][INFO] 2018-12-02 23:41:57,317: process[cmd_vel_mux-3]: restarting os process
[roslaunch][INFO] 2018-12-02 23:41:57,317: process[cmd_vel_mux-3]: start w/ args [[u'/opt/ros/indigo/lib/topic_tools/mux', 'base_controller/command', '/cmd_vel', '/teleop/cmd_vel', u'mux:=cmd_vel_mux', u'__name:=cmd_vel_mux', u'__log:=/home/fetch/.ros/log/62a561fa-f6ce-11e8-a26e-000babe55698/cmd_vel_mux-3.log']]
[roslaunch][INFO] 2018-12-02 23:41:57,317: process[cmd_vel_mux-3]: cwd will be [/home/fetch/.ros]
[roslaunch][INFO] 2018-12-02 23:41:57,319: process[cmd_vel_mux-3]: started with pid [10259]
[roslaunch][INFO] 2018-12-02 23:41:57,820: [cmd_vel_mux-3] process has finished cleanly
log file: /home/fetch/.ros/log/62a561fa-f6ce-11e8-a26e-000babe55698/cmd_vel_mux-3*.log
[roslaunch][INFO] 2018-12-02 23:41:57,820: [cmd_vel_mux-3] restarting process
[roslaunch][INFO] 2018-12-02 23:41:57,820: process[cmd_vel_mux-3]: restarting os process
[roslaunch][INFO] 2018-12-02 23:41:57,820: process[cmd_vel_mux-3]: start w/ args [[u'/opt/ros/indigo/lib/topic_tools/mux', 'base_controller/command', '/cmd_vel', '/teleop/cmd_vel', u'mux:=cmd_vel_mux', u'__name:=cmd_vel_mux', u'__log:=/home/fetch/.ros/log/62a561fa-f6ce-11e8-a26e-000babe55698/cmd_vel_mux-3.log']]
[roslaunch][INFO] 2018-12-02 23:41:57,821: process[cmd_vel_mux-3]: cwd will be [/home/fetch/.ros]
[roslaunch][INFO] 2018-12-02 23:41:57,822: process[cmd_vel_mux-3]: started with pid [10339]
[roslaunch][INFO] 2018-12-02 23:41:58,323: [cmd_vel_mux-3] process has finished cleanly
log file: /home/fetch/.ros/log/62a561fa-f6ce-11e8-a26e-000babe55698/cmd_vel_mux-3*.log
[roslaunch][INFO] 2018-12-02 23:41:58,323: [cmd_vel_mux-3] restarting process
[roslaunch][INFO] 2018-12-02 23:41:58,323: process[cmd_vel_mux-3]: restarting os process
[roslaunch][INFO] 2018-12-02 23:41:58,323: process[cmd_vel_mux-3]: start w/ args [[u'/opt/ros/indigo/lib/topic_tools/mux', 'base_controller/command', '/cmd_vel', '/teleop/cmd_vel', u'mux:=cmd_vel_mux', u'__name:=cmd_vel_mux', u'__log:=/home/fetch/.ros/log/62a561fa-f6ce-11e8-a26e-000babe55698/cmd_vel_mux-3.log']]
[roslaunch][INFO] 2018-12-02 23:41:58,324: process[cmd_vel_mux-3]: cwd will be [/home/fetch/.ros]
[roslaunch][INFO] 2018-12-02 23:41:58,325: process[cmd_vel_mux-3]: started with pid [10419]
[roslaunch][INFO] 2018-12-02 23:41:58,826: [cmd_vel_mux-3] process has finished cleanly
log file: /home/fetch/.ros/log/62a561fa-f6ce-11e8-a26e-000babe55698/cmd_vel_mux-3*.log
[roslaunch][INFO] 2018-12-02 23:41:58,826: [cmd_vel_mux-3] restarting process
[roslaunch][INFO] 2018-12-02 23:41:58,826: process[cmd_vel_mux-3]: restarting os process
[roslaunch][INFO] 2018-12-02 23:41:58,827: process[cmd_vel_mux-3]: start w/ args [[u'/opt/ros/indigo/lib/topic_tools/mux', 'base_controller/command', '/cmd_vel', '/teleop/cmd_vel', u'mux:=cmd_vel_mux', u'__name:=cmd_vel_mux', u'__log:=/home/fetch/.ros/log/62a561fa-f6ce-11e8-a26e-000babe55698/cmd_vel_mux-3.log']]
[roslaunch][INFO] 2018-12-02 23:41:58,827: process[cmd_vel_mux-3]: cwd will be [/home/fetch/.ros]
[roslaunch][INFO] 2018-12-02 23:41:58,828: process[cmd_vel_mux-3]: started with pid [10499]
[roslaunch][INFO] 2018-12-02 23:41:59,329: [cmd_vel_mux-3] process has finished cleanly
log file: /home/fetch/.ros/log/62a561fa-f6ce-11e8-a26e-000babe55698/cmd_vel_mux-3*.log
[roslaunch][INFO] 2018-12-02 23:41:59,329: [cmd_vel_mux-3] restarting process
[roslaunch][INFO] 2018-12-02 23:41:59,329: process[cmd_vel_mux-3]: restarting os process
[roslaunch][INFO] 2018-12-02 23:41:59,330: process[cmd_vel_mux-3]: start w/ args [[u'/opt/ros/indigo/lib/topic_tools/mux', 'base_controller/command', '/cmd_vel', '/teleop/cmd_vel', u'mux:=cmd_vel_mux', u'__name:=cmd_vel_mux', u'__log:=/home/fetch/.ros/log/62a561fa-f6ce-11e8-a26e-000babe55698/cmd_vel_mux-3.log']]
[roslaunch][INFO] 2018-12-02 23:41:59,330: process[cmd_vel_mux-3]: cwd will be [/home/fetch/.ros]
[roslaunch][INFO] 2018-12-02 23:41:59,331: process[cmd_vel_mux-3]: started with pid [10579]
[roslaunch][INFO] 2018-12-02 23:41:59,832: [cmd_vel_mux-3] process has finished cleanly
log file: /home/fetch/.ros/log/62a561fa-f6ce-11e8-a26e-000babe55698/cmd_vel_mux-3*.log
[roslaunch][INFO] 2018-12-02 23:41:59,832: [cmd_vel_mux-3] restarting process
[roslaunch][INFO] 2018-12-02 23:41:59,832: process[cmd_vel_mux-3]: restarting os process
[roslaunch][INFO] 2018-12-02 23:41:59,833: process[cmd_vel_mux-3]: start w/ args [[u'/opt/ros/indigo/lib/topic_tools/mux', 'base_controller/command', '/cmd_vel', '/teleop/cmd_vel', u'mux:=cmd_vel_mux', u'__name:=cmd_vel_mux', u'__log:=/home/fetch/.ros/log/62a561fa-f6ce-11e8-a26e-000babe55698/cmd_vel_mux-3.log']]
[roslaunch][INFO] 2018-12-02 23:41:59,833: process[cmd_vel_mux-3]: cwd will be [/home/fetch/.ros]
[roslaunch][INFO] 2018-12-02 23:41:59,834: process[cmd_vel_mux-3]: started with pid [10659]
[roslaunch][INFO] 2018-12-02 23:42:00,335: [cmd_vel_mux-3] process has finished cleanly
log file: /home/fetch/.ros/log/62a561fa-f6ce-11e8-a26e-000babe55698/cmd_vel_mux-3*.log
[roslaunch][INFO] 2018-12-02 23:42:00,335: [cmd_vel_mux-3] restarting process
[roslaunch][INFO] 2018-12-02 23:42:00,336: process[cmd_vel_mux-3]: restarting os process
[roslaunch][INFO] 2018-12-02 23:42:00,336: process[cmd_vel_mux-3]: start w/ args [[u'/opt/ros/indigo/lib/topic_tools/mux', 'base_controller/command', '/cmd_vel', '/teleop/cmd_vel', u'mux:=cmd_vel_mux', u'__name:=cmd_vel_mux', u'__log:=/home/fetch/.ros/log/62a561fa-f6ce-11e8-a26e-000babe55698/cmd_vel_mux-3.log']]
[roslaunch][INFO] 2018-12-02 23:42:00,336: process[cmd_vel_mux-3]: cwd will be [/home/fetch/.ros]
[roslaunch][INFO] 2018-12-02 23:42:00,337: process[cmd_vel_mux-3]: started with pid [10739]
[roslaunch][INFO] 2018-12-02 23:42:00,838: [cmd_vel_mux-3] process has finished cleanly
log file: /home/fetch/.ros/log/62a561fa-f6ce-11e8-a26e-000babe55698/cmd_vel_mux-3*.log
[roslaunch][INFO] 2018-12-02 23:42:00,839: [cmd_vel_mux-3] restarting process
[roslaunch][INFO] 2018-12-02 23:42:00,839: process[cmd_vel_mux-3]: restarting os process
[roslaunch][INFO] 2018-12-02 23:42:00,839: process[cmd_vel_mux-3]: start w/ args [[u'/opt/ros/indigo/lib/topic_tools/mux', 'base_controller/command', '/cmd_vel', '/teleop/cmd_vel', u'mux:=cmd_vel_mux', u'__name:=cmd_vel_mux', u'__log:=/home/fetch/.ros/log/62a561fa-f6ce-11e8-a26e-000babe55698/cmd_vel_mux-3.log']]
[roslaunch][INFO] 2018-12-02 23:42:00,839: process[cmd_vel_mux-3]: cwd will be [/home/fetch/.ros]
[roslaunch][INFO] 2018-12-02 23:42:00,840: process[cmd_vel_mux-3]: started with pid [10819]
[roslaunch][INFO] 2018-12-02 23:42:01,341: [cmd_vel_mux-3] process has finished cleanly
log file: /home/fetch/.ros/log/62a561fa-f6ce-11e8-a26e-000babe55698/cmd_vel_mux-3*.log
[roslaunch][INFO] 2018-12-02 23:42:01,342: [cmd_vel_mux-3] restarting process
[roslaunch][INFO] 2018-12-02 23:42:01,342: process[cmd_vel_mux-3]: restarting os process
[roslaunch][INFO] 2018-12-02 23:42:01,342: process[cmd_vel_mux-3]: start w/ args [[u'/opt/ros/indigo/lib/topic_tools/mux', 'base_controller/command', '/cmd_vel', '/teleop/cmd_vel', u'mux:=cmd_vel_mux', u'__name:=cmd_vel_mux', u'__log:=/home/fetch/.ros/log/62a561fa-f6ce-11e8-a26e-000babe55698/cmd_vel_mux-3.log']]
[roslaunch][INFO] 2018-12-02 23:42:01,342: process[cmd_vel_mux-3]: cwd will be [/home/fetch/.ros]
[roslaunch][INFO] 2018-12-02 23:42:01,343: process[cmd_vel_mux-3]: started with pid [10899]
[roslaunch][INFO] 2018-12-02 23:42:01,844: [cmd_vel_mux-3] process has finished cleanly
log file: /home/fetch/.ros/log/62a561fa-f6ce-11e8-a26e-000babe55698/cmd_vel_mux-3*.log
[roslaunch][INFO] 2018-12-02 23:42:01,845: [cmd_vel_mux-3] restarting process
[roslaunch][INFO] 2018-12-02 23:42:01,845: process[cmd_vel_mux-3]: restarting os process
[roslaunch][INFO] 2018-12-02 23:42:01,845: process[cmd_vel_mux-3]: start w/ args [[u'/opt/ros/indigo/lib/topic_tools/mux', 'base_controller/command', '/cmd_vel', '/teleop/cmd_vel', u'mux:=cmd_vel_mux', u'__name:=cmd_vel_mux', u'__log:=/home/fetch/.ros/log/62a561fa-f6ce-11e8-a26e-000babe55698/cmd_vel_mux-3.log']]
[roslaunch][INFO] 2018-12-02 23:42:01,845: process[cmd_vel_mux-3]: cwd will be [/home/fetch/.ros]
[roslaunch][INFO] 2018-12-02 23:42:01,847: process[cmd_vel_mux-3]: started with pid [10979]
[roslaunch][INFO] 2018-12-02 23:42:02,348: [cmd_vel_mux-3] process has finished cleanly
log file: /home/fetch/.ros/log/62a561fa-f6ce-11e8-a26e-000babe55698/cmd_vel_mux-3*.log
[roslaunch][INFO] 2018-12-02 23:42:02,348: [cmd_vel_mux-3] restarting process
[roslaunch][INFO] 2018-12-02 23:42:02,348: process[cmd_vel_mux-3]: restarting os process
[roslaunch][INFO] 2018-12-02 23:42:02,348: process[cmd_vel_mux-3]: start w/ args [[u'/opt/ros/indigo/lib/topic_tools/mux', 'base_controller/command', '/cmd_vel', '/teleop/cmd_vel', u'mux:=cmd_vel_mux', u'__name:=cmd_vel_mux', u'__log:=/home/fetch/.ros/log/62a561fa-f6ce-11e8-a26e-000babe55698/cmd_vel_mux-3.log']]
[roslaunch][INFO] 2018-12-02 23:42:02,348: process[cmd_vel_mux-3]: cwd will be [/home/fetch/.ros]
[roslaunch][INFO] 2018-12-02 23:42:02,350: process[cmd_vel_mux-3]: started with pid [11059]
[roslaunch][INFO] 2018-12-02 23:42:02,851: [cmd_vel_mux-3] process has finished cleanly
log file: /home/fetch/.ros/log/62a561fa-f6ce-11e8-a26e-000babe55698/cmd_vel_mux-3*.log
[roslaunch][INFO] 2018-12-02 23:42:02,851: [cmd_vel_mux-3] restarting process
[roslaunch][INFO] 2018-12-02 23:42:02,851: process[cmd_vel_mux-3]: restarting os process
[roslaunch][INFO] 2018-12-02 23:42:02,851: process[cmd_vel_mux-3]: start w/ args [[u'/opt/ros/indigo/lib/topic_tools/mux', 'base_controller/command', '/cmd_vel', '/teleop/cmd_vel', u'mux:=cmd_vel_mux', u'__name:=cmd_vel_mux', u'__log:=/home/fetch/.ros/log/62a561fa-f6ce-11e8-a26e-000babe55698/cmd_vel_mux-3.log']]
[roslaunch][INFO] 2018-12-02 23:42:02,851: process[cmd_vel_mux-3]: cwd will be [/home/fetch/.ros]
[roslaunch][INFO] 2018-12-02 23:42:02,853: process[cmd_vel_mux-3]: started with pid [11139]
[roslaunch][INFO] 2018-12-02 23:42:03,354: [cmd_vel_mux-3] process has finished cleanly
log file: /home/fetch/.ros/log/62a561fa-f6ce-11e8-a26e-000babe55698/cmd_vel_mux-3*.log
[roslaunch][INFO] 2018-12-02 23:42:03,354: [cmd_vel_mux-3] restarting process
[roslaunch][INFO] 2018-12-02 23:42:03,354: process[cmd_vel_mux-3]: restarting os process
[roslaunch][INFO] 2018-12-02 23:42:03,354: process[cmd_vel_mux-3]: start w/ args [[u'/opt/ros/indigo/lib/topic_tools/mux', 'base_controller/command', '/cmd_vel', '/teleop/cmd_vel', u'mux:=cmd_vel_mux', u'__name:=cmd_vel_mux', u'__log:=/home/fetch/.ros/log/62a561fa-f6ce-11e8-a26e-000babe55698/cmd_vel_mux-3.log']]
[roslaunch][INFO] 2018-12-02 23:42:03,355: process[cmd_vel_mux-3]: cwd will be [/home/fetch/.ros]
[roslaunch][INFO] 2018-12-02 23:42:03,356: process[cmd_vel_mux-3]: started with pid [11219]
[roslaunch][INFO] 2018-12-02 23:42:03,857: [cmd_vel_mux-3] process has finished cleanly
log file: /home/fetch/.ros/log/62a561fa-f6ce-11e8-a26e-000babe55698/cmd_vel_mux-3*.log
[roslaunch][INFO] 2018-12-02 23:42:03,857: [cmd_vel_mux-3] restarting process
[roslaunch][INFO] 2018-12-02 23:42:03,857: process[cmd_vel_mux-3]: restarting os process
[roslaunch][INFO] 2018-12-02 23:42:03,858: process[cmd_vel_mux-3]: start w/ args [[u'/opt/ros/indigo/lib/topic_tools/mux', 'base_controller/command', '/cmd_vel', '/teleop/cmd_vel', u'mux:=cmd_vel_mux', u'__name:=cmd_vel_mux', u'__log:=/home/fetch/.ros/log/62a561fa-f6ce-11e8-a26e-000babe55698/cmd_vel_mux-3.log']]
[roslaunch][INFO] 2018-12-02 23:42:03,858: process[cmd_vel_mux-3]: cwd will be [/home/fetch/.ros]
[roslaunch][INFO] 2018-12-02 23:42:03,859: process[cmd_vel_mux-3]: started with pid [11299]
[roslaunch][INFO] 2018-12-02 23:42:04,360: [cmd_vel_mux-3] process has finished cleanly
log file: /home/fetch/.ros/log/62a561fa-f6ce-11e8-a26e-000babe55698/cmd_vel_mux-3*.log
[roslaunch][INFO] 2018-12-02 23:42:04,360: [cmd_vel_mux-3] restarting process
[roslaunch][INFO] 2018-12-02 23:42:04,361: process[cmd_vel_mux-3]: restarting os process
[roslaunch][INFO] 2018-12-02 23:42:04,361: process[cmd_vel_mux-3]: start w/ args [[u'/opt/ros/indigo/lib/topic_tools/mux', 'base_controller/command', '/cmd_vel', '/teleop/cmd_vel', u'mux:=cmd_vel_mux', u'__name:=cmd_vel_mux', u'__log:=/home/fetch/.ros/log/62a561fa-f6ce-11e8-a26e-000babe55698/cmd_vel_mux-3.log']]
[roslaunch][INFO] 2018-12-02 23:42:04,361: process[cmd_vel_mux-3]: cwd will be [/home/fetch/.ros]
[roslaunch][INFO] 2018-12-02 23:42:04,363: process[cmd_vel_mux-3]: started with pid [11379]
[roslaunch][INFO] 2018-12-02 23:42:04,864: [cmd_vel_mux-3] process has finished cleanly
log file: /home/fetch/.ros/log/62a561fa-f6ce-11e8-a26e-000babe55698/cmd_vel_mux-3*.log
[roslaunch][INFO] 2018-12-02 23:42:04,864: [cmd_vel_mux-3] restarting process
[roslaunch][INFO] 2018-12-02 23:42:04,864: process[cmd_vel_mux-3]: restarting os process
[roslaunch][INFO] 2018-12-02 23:42:04,864: process[cmd_vel_mux-3]: start w/ args [[u'/opt/ros/indigo/lib/topic_tools/mux', 'base_controller/command', '/cmd_vel', '/teleop/cmd_vel', u'mux:=cmd_vel_mux', u'__name:=cmd_vel_mux', u'__log:=/home/fetch/.ros/log/62a561fa-f6ce-11e8-a26e-000babe55698/cmd_vel_mux-3.log']]
[roslaunch][INFO] 2018-12-02 23:42:04,864: process[cmd_vel_mux-3]: cwd will be [/home/fetch/.ros]
[roslaunch][INFO] 2018-12-02 23:42:04,866: process[cmd_vel_mux-3]: started with pid [11459]
[roslaunch][INFO] 2018-12-02 23:42:05,267: [cmd_vel_mux-3] process has finished cleanly
log file: /home/fetch/.ros/log/62a561fa-f6ce-11e8-a26e-000babe55698/cmd_vel_mux-3*.log
[roslaunch][INFO] 2018-12-02 23:42:05,267: [cmd_vel_mux-3] restarting process
[roslaunch][INFO] 2018-12-02 23:42:05,267: process[cmd_vel_mux-3]: restarting os process
[roslaunch][INFO] 2018-12-02 23:42:05,267: process[cmd_vel_mux-3]: start w/ args [[u'/opt/ros/indigo/lib/topic_tools/mux', 'base_controller/command', '/cmd_vel', '/teleop/cmd_vel', u'mux:=cmd_vel_mux', u'__name:=cmd_vel_mux', u'__log:=/home/fetch/.ros/log/62a561fa-f6ce-11e8-a26e-000babe55698/cmd_vel_mux-3.log']]
[roslaunch][INFO] 2018-12-02 23:42:05,267: process[cmd_vel_mux-3]: cwd will be [/home/fetch/.ros]
[roslaunch][INFO] 2018-12-02 23:42:05,269: process[cmd_vel_mux-3]: started with pid [11539]
[roslaunch.pmon][INFO] 2018-12-02 23:42:05,615: ProcessMonitor.shutdown <ProcessMonitor(ProcessMonitor-1, started daemon 139984867895040)>
[roslaunch.pmon][INFO] 2018-12-02 23:42:05,669: ProcessMonitor._post_run <ProcessMonitor(ProcessMonitor-1, started daemon 139984867895040)>
[roslaunch.pmon][INFO] 2018-12-02 23:42:05,670: ProcessMonitor._post_run <ProcessMonitor(ProcessMonitor-1, started daemon 139984867895040)>: remaining procs are [<roslaunch.nodeprocess.LocalProcess object at 0x7f50c34f3090>, <roslaunch.nodeprocess.LocalProcess object at 0x7f50c34f3290>]
[roslaunch.pmon][INFO] 2018-12-02 23:42:05,670: ProcessMonitor exit: killing cmd_vel_mux-3
[roslaunch][INFO] 2018-12-02 23:42:05,670: [cmd_vel_mux-3] killing on exit
[roslaunch.pmon][INFO] 2018-12-02 23:42:05,670: ProcessMonitor exit: killing joy-1
[roslaunch][INFO] 2018-12-02 23:42:05,670: process[cmd_vel_mux-3]: killing os process with pid[11539] pgid[11539]
[roslaunch][INFO] 2018-12-02 23:42:05,671: [joy-1] killing on exit
[roslaunch][INFO] 2018-12-02 23:42:05,671: [cmd_vel_mux-3] sending SIGINT to pgid [11539]
[roslaunch][INFO] 2018-12-02 23:42:05,671: process[joy-1]: killing os process with pid[9269] pgid[9269]
[roslaunch][INFO] 2018-12-02 23:42:05,671: [cmd_vel_mux-3] sent SIGINT to pgid [11539]
[roslaunch][INFO] 2018-12-02 23:42:05,671: [joy-1] sending SIGINT to pgid [9269]
[roslaunch][INFO] 2018-12-02 23:42:05,672: [joy-1] sent SIGINT to pgid [9269]
[roslaunch][INFO] 2018-12-02 23:42:05,771: process[cmd_vel_mux-3]: SIGINT killed with return value 0
[roslaunch][INFO] 2018-12-02 23:42:06,774: process[joy-1]: SIGINT killed with return value 0
[roslaunch.pmon][INFO] 2018-12-02 23:42:06,774: ProcessMonitor exit: cleaning up data structures and signals
[roslaunch.pmon][INFO] 2018-12-02 23:42:06,774: ProcessMonitor exit: pmon has shutdown
[roslaunch][INFO] 2018-12-02 23:42:06,804: process monitor is done spinning, initiating full shutdown
[roslaunch][INFO] 2018-12-02 23:42:06,805: runner.stop()
[roslaunch][INFO] 2018-12-02 23:42:06,805: shutting down processing monitor...
[roslaunch][INFO] 2018-12-02 23:42:06,805: shutting down processing monitor <ProcessMonitor(ProcessMonitor-1, stopped daemon 139984867895040)>
[roslaunch.pmon][INFO] 2018-12-02 23:42:06,805: ProcessMonitor.shutdown <ProcessMonitor(ProcessMonitor-1, stopped daemon 139984867895040)>
[roslaunch][INFO] 2018-12-02 23:42:06,805: ... shutting down processing monitor complete
[roslaunch][INFO] 2018-12-02 23:42:06,805: done
[roslaunch.pmon][INFO] 2018-12-02 23:42:06,806: ProcessMonitor.shutdown <ProcessMonitor(ProcessMonitor-1, stopped daemon 139984867895040)>
[rospy.core][INFO] 2018-12-02 23:42:06,806: signal_shutdown [atexit]
