[33m[ WARN] [1543822959.682350400]: /sick_tim_filter (type=Chain) initialized as an empty filter sequence[0m
[0m[ INFO] [1543822959.682443422]: Using default filter setup.[0m
[33m[ WARN] [1543822959.783824111]: NoFilterBranch (type=Chain) initialized as an empty filter sequence[0m
[0m[ INFO] [1543822959.826914785]: NoFilterPublisher (type=Publisher) : publishing on topic /base_scan_no_self_filter[0m
[33m[ WARN] [1543822960.151043935]: IntensityFilterBranch (type=Chain) initialized as an empty filter sequence[0m
[0m[ INFO] [1543822960.155003399]: Using default range/intensity adjustment values.[0m
[0m[ INFO] [1543822960.155037316]: > Range: 0.0000  Min Intensity: 255.0000[0m
[0m[ INFO] [1543822960.155071708]: > Range: 0.1000  Min Intensity: 227.0000[0m
[0m[ INFO] [1543822960.155122008]: > Range: 0.1800  Min Intensity: 225.0000[0m
[0m[ INFO] [1543822960.155163889]: > Range: 0.3000  Min Intensity: 229.0000[0m
[0m[ INFO] [1543822960.155201444]: > Range: 0.5000  Min Intensity: 234.0000[0m
[0m[ INFO] [1543822960.155238318]: > Range: 0.7500  Min Intensity: 235.0000[0m
[0m[ INFO] [1543822960.155276842]: > Range: 1.0000  Min Intensity: 235.0000[0m
[0m[ INFO] [1543822960.155289435]: > Range: 1.5000  Min Intensity: 236.0000[0m
[0m[ INFO] [1543822960.155300406]: > Range: 2.0000  Min Intensity: 233.0000[0m
[0m[ INFO] [1543822960.155309901]: > Range: 2.5000  Min Intensity: 231.0000[0m
[0m[ INFO] [1543822960.155317170]: > Range: 3.0000  Min Intensity: 230.0000[0m
[0m[ INFO] [1543822960.155324506]: > Range: 3.5000  Min Intensity: 227.0000[0m
[0m[ INFO] [1543822960.155333390]: > Range: 3.7500  Min Intensity: 255.0000[0m
[0m[ INFO] [1543822960.157257741]: IntensitySmallClusterFilter (type=MinimumNeighborhoodFilter) Filtering min_neighbors < (3)[0m
[0m[ INFO] [1543822960.159900932]: IntensityPublisher (type=Publisher) : publishing on topic /base_scan_tagged[0m
[0m[ INFO] [1543822960.166945273]: Output (type=Publisher) : publishing on topic /out[0m
