[roslaunch][INFO] 2018-12-06 22:25:57,538: Checking log directory for disk usage. This may take awhile.
Press Ctrl-C to interrupt
[roslaunch][INFO] 2018-12-06 22:25:57,540: Done checking log file disk usage. Usage is <1GB.
[roslaunch][INFO] 2018-12-06 22:25:57,540: roslaunch starting with args ['/opt/ros/indigo/bin/roslaunch', 'fetch_auto_dock', 'auto_dock.launch']
[roslaunch][INFO] 2018-12-06 22:25:57,540: roslaunch env is {'LC_NUMERIC': 'ko_KR.UTF-8', 'ROS_DISTRO': 'indigo', 'LESSOPEN': '| /usr/bin/lesspipe %s', 'CPATH': '/home/fetch/catkin_ws/devel/include:/opt/ros/indigo/include', 'LOGNAME': 'root', 'USER': 'root', 'ROS_PACKAGE_PATH': '/home/fetch/catkin_ws/src:/opt/ros/indigo/share:/opt/ros/indigo/stacks', 'LC_PAPER': 'ko_KR.UTF-8', 'PATH': '/opt/ros/indigo/bin:/usr/local/sbin:/usr/local/bin:/usr/sbin:/usr/bin:/sbin:/bin:/snap/bin', 'CMAKE_PREFIX_PATH': '/home/fetch/catkin_ws/devel:/opt/ros/indigo', 'LD_LIBRARY_PATH': '/home/fetch/catkin_ws/devel/lib:/opt/ros/indigo/lib:/opt/ros/indigo/lib/x86_64-linux-gnu', 'LANG': 'en_US.UTF-8', 'TERM': 'xterm-256color', 'SHELL': '/bin/bash', 'LC_MONETARY': 'ko_KR.UTF-8', 'ROS_LOG_FILENAME': '/home/fetch/.ros/log/b90fbc02-f9df-11e8-b0ab-000babe55698/roslaunch-freight1207-7058.log', 'ROS_ETC_DIR': '/opt/ros/indigo/etc/ros', 'SUDO_USER': 'fetch', 'HOME': '/home/fetch', 'USERNAME': 'root', 'SUDO_COMMAND': '/bin/bash', 'LC_ADDRESS': 'ko_KR.UTF-8', 'PYTHONPATH': '/home/fetch/catkin_ws/devel/lib/python2.7/dist-packages:/opt/ros/indigo/lib/python2.7/dist-packages', 'SHLVL': '1', 'SUDO_UID': '1000', 'ROS_ROOT': '/opt/ros/indigo/share/ros', 'PKG_CONFIG_PATH': '/home/fetch/catkin_ws/devel/lib/pkgconfig:/opt/ros/indigo/lib/pkgconfig:/opt/ros/indigo/lib/x86_64-linux-gnu/pkgconfig', 'LC_ALL': 'C', '_': '/opt/ros/indigo/bin/roslaunch', 'LC_IDENTIFICATION': 'ko_KR.UTF-8', 'SUDO_GID': '1000', 'LESSCLOSE': '/usr/bin/lesspipe %s %s', 'LC_TELEPHONE': 'ko_KR.UTF-8', 'LC_MEASUREMENT': 'ko_KR.UTF-8', 'PWD': '/opt/ros/indigo/share/fetch_navigation/launch', 'ROS_MASTER_URI': 'http://localhost:11311', 'LC_NAME': 'ko_KR.UTF-8', 'MAIL': '/var/mail/root', 'LC_TIME': 'ko_KR.UTF-8', 'LS_COLORS': 'rs=0:di=01;34:ln=01;36:mh=00:pi=40;33:so=01;35:do=01;35:bd=40;33;01:cd=40;33;01:or=40;31;01:su=37;41:sg=30;43:ca=30;41:tw=30;42:ow=34;42:st=37;44:ex=01;32:*.tar=01;31:*.tgz=01;31:*.arj=01;31:*.taz=01;31:*.lzh=01;31:*.lzma=01;31:*.tlz=01;31:*.txz=01;31:*.zip=01;31:*.z=01;31:*.Z=01;31:*.dz=01;31:*.gz=01;31:*.lz=01;31:*.xz=01;31:*.bz2=01;31:*.bz=01;31:*.tbz=01;31:*.tbz2=01;31:*.tz=01;31:*.deb=01;31:*.rpm=01;31:*.jar=01;31:*.war=01;31:*.ear=01;31:*.sar=01;31:*.rar=01;31:*.ace=01;31:*.zoo=01;31:*.cpio=01;31:*.7z=01;31:*.rz=01;31:*.jpg=01;35:*.jpeg=01;35:*.gif=01;35:*.bmp=01;35:*.pbm=01;35:*.pgm=01;35:*.ppm=01;35:*.tga=01;35:*.xbm=01;35:*.xpm=01;35:*.tif=01;35:*.tiff=01;35:*.png=01;35:*.svg=01;35:*.svgz=01;35:*.mng=01;35:*.pcx=01;35:*.mov=01;35:*.mpg=01;35:*.mpeg=01;35:*.m2v=01;35:*.mkv=01;35:*.webm=01;35:*.ogm=01;35:*.mp4=01;35:*.m4v=01;35:*.mp4v=01;35:*.vob=01;35:*.qt=01;35:*.nuv=01;35:*.wmv=01;35:*.asf=01;35:*.rm=01;35:*.rmvb=01;35:*.flc=01;35:*.avi=01;35:*.fli=01;35:*.flv=01;35:*.gl=01;35:*.dl=01;35:*.xcf=01;35:*.xwd=01;35:*.yuv=01;35:*.cgm=01;35:*.emf=01;35:*.axv=01;35:*.anx=01;35:*.ogv=01;35:*.ogx=01;35:*.aac=00;36:*.au=00;36:*.flac=00;36:*.mid=00;36:*.midi=00;36:*.mka=00;36:*.mp3=00;36:*.mpc=00;36:*.ogg=00;36:*.ra=00;36:*.wav=00;36:*.axa=00;36:*.oga=00;36:*.spx=00;36:*.xspf=00;36:'}
[roslaunch][INFO] 2018-12-06 22:25:57,540: starting in server mode
[roslaunch.parent][INFO] 2018-12-06 22:25:57,540: starting roslaunch parent run
[roslaunch][INFO] 2018-12-06 22:25:57,540: loading roscore config file /opt/ros/indigo/etc/ros/roscore.xml
[roslaunch][INFO] 2018-12-06 22:25:57,597: Added core node of type [rosout/rosout] in namespace [/]
[roslaunch.config][INFO] 2018-12-06 22:25:57,597: loading config file /opt/ros/indigo/share/fetch_auto_dock/launch/auto_dock.launch
[roslaunch][INFO] 2018-12-06 22:25:57,598: Added node of type [fetch_auto_dock/auto_dock] in namespace [/]
[roslaunch][INFO] 2018-12-06 22:25:57,598: Added node of type [fetch_auto_dock/dock_on_button.py] in namespace [/]
[roslaunch][INFO] 2018-12-06 22:25:57,598: Added node of type [fetch_auto_dock/undock_on_button.py] in namespace [/]
[roslaunch][INFO] 2018-12-06 22:25:57,598: ... selected machine [] for node of type [fetch_auto_dock/auto_dock]
[roslaunch][INFO] 2018-12-06 22:25:57,598: ... selected machine [] for node of type [fetch_auto_dock/dock_on_button.py]
[roslaunch][INFO] 2018-12-06 22:25:57,598: ... selected machine [] for node of type [fetch_auto_dock/undock_on_button.py]
[roslaunch.pmon][INFO] 2018-12-06 22:25:57,599: start_process_monitor: creating ProcessMonitor
[roslaunch.pmon][INFO] 2018-12-06 22:25:57,599: created process monitor <ProcessMonitor(ProcessMonitor-1, initial daemon)>
[roslaunch.pmon][INFO] 2018-12-06 22:25:57,599: start_process_monitor: ProcessMonitor started
[roslaunch.parent][INFO] 2018-12-06 22:25:57,599: starting parent XML-RPC server
[roslaunch.server][INFO] 2018-12-06 22:25:57,599: starting roslaunch XML-RPC server
[roslaunch.server][INFO] 2018-12-06 22:25:57,599: waiting for roslaunch XML-RPC server to initialize
[xmlrpc][INFO] 2018-12-06 22:25:57,599: XML-RPC server binding to 0.0.0.0:0
[xmlrpc][INFO] 2018-12-06 22:25:57,600: Started XML-RPC server [http://freight1207:45356/]
[xmlrpc][INFO] 2018-12-06 22:25:57,600: xml rpc node: starting XML-RPC server
[roslaunch][INFO] 2018-12-06 22:25:57,610: started roslaunch server http://freight1207:45356/
[roslaunch.parent][INFO] 2018-12-06 22:25:57,611: ... parent XML-RPC server started
[roslaunch][INFO] 2018-12-06 22:25:57,611: master.is_running[http://localhost:11311]
[roslaunch][INFO] 2018-12-06 22:25:57,612: master.is_running[http://localhost:11311]
[roslaunch][INFO] 2018-12-06 22:25:57,612: ROS_MASTER_URI=http://localhost:11311
[roslaunch][INFO] 2018-12-06 22:25:57,614: setting /roslaunch/uris/host_freight1207__45356' to http://freight1207:45356/
[roslaunch][INFO] 2018-12-06 22:25:57,615: load_parameters starting ...
[roslaunch][INFO] 2018-12-06 22:25:57,617: ... load_parameters complete
[roslaunch][INFO] 2018-12-06 22:25:57,617: launch_nodes: launching local nodes ...
[roslaunch][INFO] 2018-12-06 22:25:57,617: ... preparing to launch node of type [fetch_auto_dock/auto_dock]
[roslaunch][INFO] 2018-12-06 22:25:57,617: create_node_process: package[fetch_auto_dock] type[auto_dock] machine[Machine(name[] env_loader[None] address[localhost] ssh_port[22] user[None] assignable[True] timeout[10.0])] master_uri[http://localhost:11311]
[roslaunch][INFO] 2018-12-06 22:25:57,617: process[auto_dock-1]: env[{'LC_NUMERIC': 'ko_KR.UTF-8', 'ROS_DISTRO': 'indigo', 'LC_MEASUREMENT': 'ko_KR.UTF-8', 'LESSOPEN': '| /usr/bin/lesspipe %s', 'CPATH': '/home/fetch/catkin_ws/devel/include:/opt/ros/indigo/include', 'LOGNAME': 'root', 'USER': 'root', 'HOME': '/home/fetch', 'LC_PAPER': 'ko_KR.UTF-8', 'PATH': '/opt/ros/indigo/bin:/usr/local/sbin:/usr/local/bin:/usr/sbin:/usr/bin:/sbin:/bin:/snap/bin', 'CMAKE_PREFIX_PATH': '/home/fetch/catkin_ws/devel:/opt/ros/indigo', 'ROS_LOG_FILENAME': '/home/fetch/.ros/log/b90fbc02-f9df-11e8-b0ab-000babe55698/roslaunch-freight1207-7058.log', 'LANG': 'en_US.UTF-8', 'TERM': 'xterm-256color', 'SHELL': '/bin/bash', 'LC_MONETARY': 'ko_KR.UTF-8', 'LD_LIBRARY_PATH': '/home/fetch/catkin_ws/devel/lib:/opt/ros/indigo/lib:/opt/ros/indigo/lib/x86_64-linux-gnu', 'ROS_MASTER_URI': 'http://localhost:11311', 'SUDO_USER': 'fetch', 'USERNAME': 'root', 'LC_ALL': 'C', 'LC_IDENTIFICATION': 'ko_KR.UTF-8', 'LC_ADDRESS': 'ko_KR.UTF-8', 'PYTHONPATH': '/home/fetch/catkin_ws/devel/lib/python2.7/dist-packages:/opt/ros/indigo/lib/python2.7/dist-packages', 'SUDO_UID': '1000', 'ROS_ROOT': '/opt/ros/indigo/share/ros', 'PKG_CONFIG_PATH': '/home/fetch/catkin_ws/devel/lib/pkgconfig:/opt/ros/indigo/lib/pkgconfig:/opt/ros/indigo/lib/x86_64-linux-gnu/pkgconfig', 'ROS_PACKAGE_PATH': '/home/fetch/catkin_ws/src:/opt/ros/indigo/share:/opt/ros/indigo/stacks', '_': '/opt/ros/indigo/bin/roslaunch', 'SUDO_COMMAND': '/bin/bash', 'SUDO_GID': '1000', 'LESSCLOSE': '/usr/bin/lesspipe %s %s', 'LC_TELEPHONE': 'ko_KR.UTF-8', 'SHLVL': '1', 'PWD': '/opt/ros/indigo/share/fetch_navigation/launch', 'ROS_ETC_DIR': '/opt/ros/indigo/etc/ros', 'LC_NAME': 'ko_KR.UTF-8', 'MAIL': '/var/mail/root', 'LC_TIME': 'ko_KR.UTF-8', 'LS_COLORS': 'rs=0:di=01;34:ln=01;36:mh=00:pi=40;33:so=01;35:do=01;35:bd=40;33;01:cd=40;33;01:or=40;31;01:su=37;41:sg=30;43:ca=30;41:tw=30;42:ow=34;42:st=37;44:ex=01;32:*.tar=01;31:*.tgz=01;31:*.arj=01;31:*.taz=01;31:*.lzh=01;31:*.lzma=01;31:*.tlz=01;31:*.txz=01;31:*.zip=01;31:*.z=01;31:*.Z=01;31:*.dz=01;31:*.gz=01;31:*.lz=01;31:*.xz=01;31:*.bz2=01;31:*.bz=01;31:*.tbz=01;31:*.tbz2=01;31:*.tz=01;31:*.deb=01;31:*.rpm=01;31:*.jar=01;31:*.war=01;31:*.ear=01;31:*.sar=01;31:*.rar=01;31:*.ace=01;31:*.zoo=01;31:*.cpio=01;31:*.7z=01;31:*.rz=01;31:*.jpg=01;35:*.jpeg=01;35:*.gif=01;35:*.bmp=01;35:*.pbm=01;35:*.pgm=01;35:*.ppm=01;35:*.tga=01;35:*.xbm=01;35:*.xpm=01;35:*.tif=01;35:*.tiff=01;35:*.png=01;35:*.svg=01;35:*.svgz=01;35:*.mng=01;35:*.pcx=01;35:*.mov=01;35:*.mpg=01;35:*.mpeg=01;35:*.m2v=01;35:*.mkv=01;35:*.webm=01;35:*.ogm=01;35:*.mp4=01;35:*.m4v=01;35:*.mp4v=01;35:*.vob=01;35:*.qt=01;35:*.nuv=01;35:*.wmv=01;35:*.asf=01;35:*.rm=01;35:*.rmvb=01;35:*.flc=01;35:*.avi=01;35:*.fli=01;35:*.flv=01;35:*.gl=01;35:*.dl=01;35:*.xcf=01;35:*.xwd=01;35:*.yuv=01;35:*.cgm=01;35:*.emf=01;35:*.axv=01;35:*.anx=01;35:*.ogv=01;35:*.ogx=01;35:*.aac=00;36:*.au=00;36:*.flac=00;36:*.mid=00;36:*.midi=00;36:*.mka=00;36:*.mp3=00;36:*.mpc=00;36:*.ogg=00;36:*.ra=00;36:*.wav=00;36:*.axa=00;36:*.oga=00;36:*.spx=00;36:*.xspf=00;36:'}]
[roslaunch][INFO] 2018-12-06 22:25:57,634: process[auto_dock-1]: args[[u'/opt/ros/indigo/lib/fetch_auto_dock/auto_dock', u'__name:=auto_dock']]
[roslaunch][INFO] 2018-12-06 22:25:57,634: ... created process [auto_dock-1]
[roslaunch.pmon][INFO] 2018-12-06 22:25:57,634: ProcessMonitor.register[auto_dock-1]
[roslaunch.pmon][INFO] 2018-12-06 22:25:57,634: ProcessMonitor.register[auto_dock-1] complete
[roslaunch][INFO] 2018-12-06 22:25:57,634: ... registered process [auto_dock-1]
[roslaunch][INFO] 2018-12-06 22:25:57,634: process[auto_dock-1]: starting os process
[roslaunch][INFO] 2018-12-06 22:25:57,634: process[auto_dock-1]: start w/ args [[u'/opt/ros/indigo/lib/fetch_auto_dock/auto_dock', u'__name:=auto_dock', u'__log:=/home/fetch/.ros/log/b90fbc02-f9df-11e8-b0ab-000babe55698/auto_dock-1.log']]
[roslaunch][INFO] 2018-12-06 22:25:57,634: process[auto_dock-1]: cwd will be [/home/fetch/.ros]
[roslaunch][INFO] 2018-12-06 22:25:57,637: process[auto_dock-1]: started with pid [7076]
[roslaunch][INFO] 2018-12-06 22:25:57,637: ... successfully launched [auto_dock-1]
[roslaunch][INFO] 2018-12-06 22:25:57,637: ... preparing to launch node of type [fetch_auto_dock/dock_on_button.py]
[roslaunch][INFO] 2018-12-06 22:25:57,637: create_node_process: package[fetch_auto_dock] type[dock_on_button.py] machine[Machine(name[] env_loader[None] address[localhost] ssh_port[22] user[None] assignable[True] timeout[10.0])] master_uri[http://localhost:11311]
[roslaunch][INFO] 2018-12-06 22:25:57,637: process[dock_on_button-2]: env[{'LC_NUMERIC': 'ko_KR.UTF-8', 'ROS_DISTRO': 'indigo', 'LC_MEASUREMENT': 'ko_KR.UTF-8', 'LESSOPEN': '| /usr/bin/lesspipe %s', 'CPATH': '/home/fetch/catkin_ws/devel/include:/opt/ros/indigo/include', 'LOGNAME': 'root', 'USER': 'root', 'HOME': '/home/fetch', 'LC_PAPER': 'ko_KR.UTF-8', 'PATH': '/opt/ros/indigo/bin:/usr/local/sbin:/usr/local/bin:/usr/sbin:/usr/bin:/sbin:/bin:/snap/bin', 'CMAKE_PREFIX_PATH': '/home/fetch/catkin_ws/devel:/opt/ros/indigo', 'ROS_LOG_FILENAME': '/home/fetch/.ros/log/b90fbc02-f9df-11e8-b0ab-000babe55698/roslaunch-freight1207-7058.log', 'LANG': 'en_US.UTF-8', 'TERM': 'xterm-256color', 'SHELL': '/bin/bash', 'LC_MONETARY': 'ko_KR.UTF-8', 'LD_LIBRARY_PATH': '/home/fetch/catkin_ws/devel/lib:/opt/ros/indigo/lib:/opt/ros/indigo/lib/x86_64-linux-gnu', 'ROS_MASTER_URI': 'http://localhost:11311', 'SUDO_USER': 'fetch', 'USERNAME': 'root', 'LC_ALL': 'C', 'LC_IDENTIFICATION': 'ko_KR.UTF-8', 'LC_ADDRESS': 'ko_KR.UTF-8', 'PYTHONPATH': '/home/fetch/catkin_ws/devel/lib/python2.7/dist-packages:/opt/ros/indigo/lib/python2.7/dist-packages', 'SUDO_UID': '1000', 'ROS_ROOT': '/opt/ros/indigo/share/ros', 'PKG_CONFIG_PATH': '/home/fetch/catkin_ws/devel/lib/pkgconfig:/opt/ros/indigo/lib/pkgconfig:/opt/ros/indigo/lib/x86_64-linux-gnu/pkgconfig', 'ROS_PACKAGE_PATH': '/home/fetch/catkin_ws/src:/opt/ros/indigo/share:/opt/ros/indigo/stacks', '_': '/opt/ros/indigo/bin/roslaunch', 'SUDO_COMMAND': '/bin/bash', 'SUDO_GID': '1000', 'LESSCLOSE': '/usr/bin/lesspipe %s %s', 'LC_TELEPHONE': 'ko_KR.UTF-8', 'SHLVL': '1', 'PWD': '/opt/ros/indigo/share/fetch_navigation/launch', 'ROS_ETC_DIR': '/opt/ros/indigo/etc/ros', 'LC_NAME': 'ko_KR.UTF-8', 'MAIL': '/var/mail/root', 'LC_TIME': 'ko_KR.UTF-8', 'LS_COLORS': 'rs=0:di=01;34:ln=01;36:mh=00:pi=40;33:so=01;35:do=01;35:bd=40;33;01:cd=40;33;01:or=40;31;01:su=37;41:sg=30;43:ca=30;41:tw=30;42:ow=34;42:st=37;44:ex=01;32:*.tar=01;31:*.tgz=01;31:*.arj=01;31:*.taz=01;31:*.lzh=01;31:*.lzma=01;31:*.tlz=01;31:*.txz=01;31:*.zip=01;31:*.z=01;31:*.Z=01;31:*.dz=01;31:*.gz=01;31:*.lz=01;31:*.xz=01;31:*.bz2=01;31:*.bz=01;31:*.tbz=01;31:*.tbz2=01;31:*.tz=01;31:*.deb=01;31:*.rpm=01;31:*.jar=01;31:*.war=01;31:*.ear=01;31:*.sar=01;31:*.rar=01;31:*.ace=01;31:*.zoo=01;31:*.cpio=01;31:*.7z=01;31:*.rz=01;31:*.jpg=01;35:*.jpeg=01;35:*.gif=01;35:*.bmp=01;35:*.pbm=01;35:*.pgm=01;35:*.ppm=01;35:*.tga=01;35:*.xbm=01;35:*.xpm=01;35:*.tif=01;35:*.tiff=01;35:*.png=01;35:*.svg=01;35:*.svgz=01;35:*.mng=01;35:*.pcx=01;35:*.mov=01;35:*.mpg=01;35:*.mpeg=01;35:*.m2v=01;35:*.mkv=01;35:*.webm=01;35:*.ogm=01;35:*.mp4=01;35:*.m4v=01;35:*.mp4v=01;35:*.vob=01;35:*.qt=01;35:*.nuv=01;35:*.wmv=01;35:*.asf=01;35:*.rm=01;35:*.rmvb=01;35:*.flc=01;35:*.avi=01;35:*.fli=01;35:*.flv=01;35:*.gl=01;35:*.dl=01;35:*.xcf=01;35:*.xwd=01;35:*.yuv=01;35:*.cgm=01;35:*.emf=01;35:*.axv=01;35:*.anx=01;35:*.ogv=01;35:*.ogx=01;35:*.aac=00;36:*.au=00;36:*.flac=00;36:*.mid=00;36:*.midi=00;36:*.mka=00;36:*.mp3=00;36:*.mpc=00;36:*.ogg=00;36:*.ra=00;36:*.wav=00;36:*.axa=00;36:*.oga=00;36:*.spx=00;36:*.xspf=00;36:'}]
[roslaunch][INFO] 2018-12-06 22:25:57,638: process[dock_on_button-2]: args[[u'/opt/ros/indigo/lib/fetch_auto_dock/dock_on_button.py', u'__name:=dock_on_button']]
[roslaunch][INFO] 2018-12-06 22:25:57,638: ... created process [dock_on_button-2]
[roslaunch.pmon][INFO] 2018-12-06 22:25:57,638: ProcessMonitor.register[dock_on_button-2]
[roslaunch.pmon][INFO] 2018-12-06 22:25:57,638: ProcessMonitor.register[dock_on_button-2] complete
[roslaunch][INFO] 2018-12-06 22:25:57,638: ... registered process [dock_on_button-2]
[roslaunch][INFO] 2018-12-06 22:25:57,638: process[dock_on_button-2]: starting os process
[roslaunch][INFO] 2018-12-06 22:25:57,638: process[dock_on_button-2]: start w/ args [[u'/opt/ros/indigo/lib/fetch_auto_dock/dock_on_button.py', u'__name:=dock_on_button', u'__log:=/home/fetch/.ros/log/b90fbc02-f9df-11e8-b0ab-000babe55698/dock_on_button-2.log']]
[roslaunch][INFO] 2018-12-06 22:25:57,638: process[dock_on_button-2]: cwd will be [/home/fetch/.ros]
[roslaunch][INFO] 2018-12-06 22:25:57,644: process[dock_on_button-2]: started with pid [7077]
[roslaunch][INFO] 2018-12-06 22:25:57,644: ... successfully launched [dock_on_button-2]
[roslaunch][INFO] 2018-12-06 22:25:57,644: ... preparing to launch node of type [fetch_auto_dock/undock_on_button.py]
[roslaunch][INFO] 2018-12-06 22:25:57,644: create_node_process: package[fetch_auto_dock] type[undock_on_button.py] machine[Machine(name[] env_loader[None] address[localhost] ssh_port[22] user[None] assignable[True] timeout[10.0])] master_uri[http://localhost:11311]
[roslaunch][INFO] 2018-12-06 22:25:57,644: process[undock_on_button-3]: env[{'LC_NUMERIC': 'ko_KR.UTF-8', 'ROS_DISTRO': 'indigo', 'LC_MEASUREMENT': 'ko_KR.UTF-8', 'LESSOPEN': '| /usr/bin/lesspipe %s', 'CPATH': '/home/fetch/catkin_ws/devel/include:/opt/ros/indigo/include', 'LOGNAME': 'root', 'USER': 'root', 'HOME': '/home/fetch', 'LC_PAPER': 'ko_KR.UTF-8', 'PATH': '/opt/ros/indigo/bin:/usr/local/sbin:/usr/local/bin:/usr/sbin:/usr/bin:/sbin:/bin:/snap/bin', 'CMAKE_PREFIX_PATH': '/home/fetch/catkin_ws/devel:/opt/ros/indigo', 'ROS_LOG_FILENAME': '/home/fetch/.ros/log/b90fbc02-f9df-11e8-b0ab-000babe55698/roslaunch-freight1207-7058.log', 'LANG': 'en_US.UTF-8', 'TERM': 'xterm-256color', 'SHELL': '/bin/bash', 'LC_MONETARY': 'ko_KR.UTF-8', 'LD_LIBRARY_PATH': '/home/fetch/catkin_ws/devel/lib:/opt/ros/indigo/lib:/opt/ros/indigo/lib/x86_64-linux-gnu', 'ROS_MASTER_URI': 'http://localhost:11311', 'SUDO_USER': 'fetch', 'USERNAME': 'root', 'LC_ALL': 'C', 'LC_IDENTIFICATION': 'ko_KR.UTF-8', 'LC_ADDRESS': 'ko_KR.UTF-8', 'PYTHONPATH': '/home/fetch/catkin_ws/devel/lib/python2.7/dist-packages:/opt/ros/indigo/lib/python2.7/dist-packages', 'SUDO_UID': '1000', 'ROS_ROOT': '/opt/ros/indigo/share/ros', 'PKG_CONFIG_PATH': '/home/fetch/catkin_ws/devel/lib/pkgconfig:/opt/ros/indigo/lib/pkgconfig:/opt/ros/indigo/lib/x86_64-linux-gnu/pkgconfig', 'ROS_PACKAGE_PATH': '/home/fetch/catkin_ws/src:/opt/ros/indigo/share:/opt/ros/indigo/stacks', '_': '/opt/ros/indigo/bin/roslaunch', 'SUDO_COMMAND': '/bin/bash', 'SUDO_GID': '1000', 'LESSCLOSE': '/usr/bin/lesspipe %s %s', 'LC_TELEPHONE': 'ko_KR.UTF-8', 'SHLVL': '1', 'PWD': '/opt/ros/indigo/share/fetch_navigation/launch', 'ROS_ETC_DIR': '/opt/ros/indigo/etc/ros', 'LC_NAME': 'ko_KR.UTF-8', 'MAIL': '/var/mail/root', 'LC_TIME': 'ko_KR.UTF-8', 'LS_COLORS': 'rs=0:di=01;34:ln=01;36:mh=00:pi=40;33:so=01;35:do=01;35:bd=40;33;01:cd=40;33;01:or=40;31;01:su=37;41:sg=30;43:ca=30;41:tw=30;42:ow=34;42:st=37;44:ex=01;32:*.tar=01;31:*.tgz=01;31:*.arj=01;31:*.taz=01;31:*.lzh=01;31:*.lzma=01;31:*.tlz=01;31:*.txz=01;31:*.zip=01;31:*.z=01;31:*.Z=01;31:*.dz=01;31:*.gz=01;31:*.lz=01;31:*.xz=01;31:*.bz2=01;31:*.bz=01;31:*.tbz=01;31:*.tbz2=01;31:*.tz=01;31:*.deb=01;31:*.rpm=01;31:*.jar=01;31:*.war=01;31:*.ear=01;31:*.sar=01;31:*.rar=01;31:*.ace=01;31:*.zoo=01;31:*.cpio=01;31:*.7z=01;31:*.rz=01;31:*.jpg=01;35:*.jpeg=01;35:*.gif=01;35:*.bmp=01;35:*.pbm=01;35:*.pgm=01;35:*.ppm=01;35:*.tga=01;35:*.xbm=01;35:*.xpm=01;35:*.tif=01;35:*.tiff=01;35:*.png=01;35:*.svg=01;35:*.svgz=01;35:*.mng=01;35:*.pcx=01;35:*.mov=01;35:*.mpg=01;35:*.mpeg=01;35:*.m2v=01;35:*.mkv=01;35:*.webm=01;35:*.ogm=01;35:*.mp4=01;35:*.m4v=01;35:*.mp4v=01;35:*.vob=01;35:*.qt=01;35:*.nuv=01;35:*.wmv=01;35:*.asf=01;35:*.rm=01;35:*.rmvb=01;35:*.flc=01;35:*.avi=01;35:*.fli=01;35:*.flv=01;35:*.gl=01;35:*.dl=01;35:*.xcf=01;35:*.xwd=01;35:*.yuv=01;35:*.cgm=01;35:*.emf=01;35:*.axv=01;35:*.anx=01;35:*.ogv=01;35:*.ogx=01;35:*.aac=00;36:*.au=00;36:*.flac=00;36:*.mid=00;36:*.midi=00;36:*.mka=00;36:*.mp3=00;36:*.mpc=00;36:*.ogg=00;36:*.ra=00;36:*.wav=00;36:*.axa=00;36:*.oga=00;36:*.spx=00;36:*.xspf=00;36:'}]
[roslaunch][INFO] 2018-12-06 22:25:57,645: process[undock_on_button-3]: args[[u'/opt/ros/indigo/lib/fetch_auto_dock/undock_on_button.py', u'__name:=undock_on_button']]
[roslaunch][INFO] 2018-12-06 22:25:57,645: ... created process [undock_on_button-3]
[roslaunch.pmon][INFO] 2018-12-06 22:25:57,645: ProcessMonitor.register[undock_on_button-3]
[roslaunch.pmon][INFO] 2018-12-06 22:25:57,645: ProcessMonitor.register[undock_on_button-3] complete
[roslaunch][INFO] 2018-12-06 22:25:57,645: ... registered process [undock_on_button-3]
[roslaunch][INFO] 2018-12-06 22:25:57,645: process[undock_on_button-3]: starting os process
[roslaunch][INFO] 2018-12-06 22:25:57,645: process[undock_on_button-3]: start w/ args [[u'/opt/ros/indigo/lib/fetch_auto_dock/undock_on_button.py', u'__name:=undock_on_button', u'__log:=/home/fetch/.ros/log/b90fbc02-f9df-11e8-b0ab-000babe55698/undock_on_button-3.log']]
[roslaunch][INFO] 2018-12-06 22:25:57,645: process[undock_on_button-3]: cwd will be [/home/fetch/.ros]
[roslaunch][INFO] 2018-12-06 22:25:57,647: process[undock_on_button-3]: started with pid [7078]
[roslaunch][INFO] 2018-12-06 22:25:57,647: ... successfully launched [undock_on_button-3]
[roslaunch][INFO] 2018-12-06 22:25:57,647: ... launch_nodes complete
[roslaunch.pmon][INFO] 2018-12-06 22:25:57,647: registrations completed <ProcessMonitor(ProcessMonitor-1, started daemon 139795931301632)>
[roslaunch.parent][INFO] 2018-12-06 22:25:57,647: ... roslaunch parent running, waiting for process exit
[roslaunch][INFO] 2018-12-06 22:25:57,647: spin
[roslaunch.pmon][INFO] 2018-12-06 22:30:57,522: ProcessMonitor.shutdown <ProcessMonitor(ProcessMonitor-1, started daemon 139795931301632)>
[roslaunch.pmon][INFO] 2018-12-06 22:30:57,589: ProcessMonitor._post_run <ProcessMonitor(ProcessMonitor-1, started daemon 139795931301632)>
[roslaunch.pmon][INFO] 2018-12-06 22:30:57,589: ProcessMonitor._post_run <ProcessMonitor(ProcessMonitor-1, started daemon 139795931301632)>: remaining procs are [<roslaunch.nodeprocess.LocalProcess object at 0x7f24c5cf7610>, <roslaunch.nodeprocess.LocalProcess object at 0x7f24c5cf7b50>, <roslaunch.nodeprocess.LocalProcess object at 0x7f24c5cf7850>]
[roslaunch.pmon][INFO] 2018-12-06 22:30:57,590: ProcessMonitor exit: killing undock_on_button-3
[roslaunch][INFO] 2018-12-06 22:30:57,590: [undock_on_button-3] killing on exit
[roslaunch.pmon][INFO] 2018-12-06 22:30:57,590: ProcessMonitor exit: killing dock_on_button-2
[roslaunch.pmon][INFO] 2018-12-06 22:30:57,590: ProcessMonitor exit: killing auto_dock-1
[roslaunch][INFO] 2018-12-06 22:30:57,590: process[undock_on_button-3]: killing os process with pid[7078] pgid[7078]
[roslaunch][INFO] 2018-12-06 22:30:57,590: [dock_on_button-2] killing on exit
[roslaunch][INFO] 2018-12-06 22:30:57,591: [auto_dock-1] killing on exit
[roslaunch][INFO] 2018-12-06 22:30:57,591: [undock_on_button-3] sending SIGINT to pgid [7078]
[roslaunch][INFO] 2018-12-06 22:30:57,591: process[dock_on_button-2]: killing os process with pid[7077] pgid[7077]
[roslaunch][INFO] 2018-12-06 22:30:57,591: process[auto_dock-1]: killing os process with pid[7076] pgid[7076]
[roslaunch][INFO] 2018-12-06 22:30:57,591: [undock_on_button-3] sent SIGINT to pgid [7078]
[roslaunch][INFO] 2018-12-06 22:30:57,591: [dock_on_button-2] sending SIGINT to pgid [7077]
[roslaunch][INFO] 2018-12-06 22:30:57,592: [auto_dock-1] sending SIGINT to pgid [7076]
[roslaunch][INFO] 2018-12-06 22:30:57,592: [dock_on_button-2] sent SIGINT to pgid [7077]
[roslaunch][INFO] 2018-12-06 22:30:57,592: [auto_dock-1] sent SIGINT to pgid [7076]
[roslaunch][INFO] 2018-12-06 22:30:57,792: process[undock_on_button-3]: SIGINT killed with return value 0
[roslaunch][INFO] 2018-12-06 22:30:57,792: process[dock_on_button-2]: SIGINT killed with return value 0
[roslaunch][INFO] 2018-12-06 22:30:57,892: process[auto_dock-1]: SIGINT killed with return value 0
[roslaunch.pmon][INFO] 2018-12-06 22:30:57,892: ProcessMonitor exit: cleaning up data structures and signals
[roslaunch.pmon][INFO] 2018-12-06 22:30:57,893: ProcessMonitor exit: pmon has shutdown
[roslaunch][INFO] 2018-12-06 22:30:57,936: process monitor is done spinning, initiating full shutdown
[roslaunch][INFO] 2018-12-06 22:30:57,936: runner.stop()
[roslaunch][INFO] 2018-12-06 22:30:57,936: shutting down processing monitor...
[roslaunch][INFO] 2018-12-06 22:30:57,936: shutting down processing monitor <ProcessMonitor(ProcessMonitor-1, stopped daemon 139795931301632)>
[roslaunch.pmon][INFO] 2018-12-06 22:30:57,936: ProcessMonitor.shutdown <ProcessMonitor(ProcessMonitor-1, stopped daemon 139795931301632)>
[roslaunch][INFO] 2018-12-06 22:30:57,937: ... shutting down processing monitor complete
[roslaunch][INFO] 2018-12-06 22:30:57,937: done
[roslaunch.pmon][INFO] 2018-12-06 22:30:57,937: ProcessMonitor.shutdown <ProcessMonitor(ProcessMonitor-1, stopped daemon 139795931301632)>
[rospy.core][INFO] 2018-12-06 22:30:57,937: signal_shutdown [atexit]
