[roslaunch][INFO] 2018-12-06 22:16:08,799: Checking log directory for disk usage. This may take awhile.
Press Ctrl-C to interrupt
[roslaunch][INFO] 2018-12-06 22:16:08,801: Done checking log file disk usage. Usage is <1GB.
[roslaunch][INFO] 2018-12-06 22:16:08,801: roslaunch starting with args ['/opt/ros/indigo/bin/roslaunch', 'freight_nav.launch']
[roslaunch][INFO] 2018-12-06 22:16:08,801: roslaunch env is {'LC_NUMERIC': 'ko_KR.UTF-8', 'ROS_DISTRO': 'indigo', 'LESSOPEN': '| /usr/bin/lesspipe %s', 'CPATH': '/home/fetch/catkin_ws/devel/include:/opt/ros/indigo/include', 'LOGNAME': 'root', 'USER': 'root', 'ROS_PACKAGE_PATH': '/home/fetch/catkin_ws/src:/opt/ros/indigo/share:/opt/ros/indigo/stacks', 'LC_PAPER': 'ko_KR.UTF-8', 'PATH': '/opt/ros/indigo/bin:/usr/local/sbin:/usr/local/bin:/usr/sbin:/usr/bin:/sbin:/bin:/snap/bin', 'CMAKE_PREFIX_PATH': '/home/fetch/catkin_ws/devel:/opt/ros/indigo', 'LD_LIBRARY_PATH': '/home/fetch/catkin_ws/devel/lib:/opt/ros/indigo/lib:/opt/ros/indigo/lib/x86_64-linux-gnu', 'LANG': 'en_US.UTF-8', 'TERM': 'xterm-256color', 'SHELL': '/bin/bash', 'LC_MONETARY': 'ko_KR.UTF-8', 'ROS_LOG_FILENAME': '/home/fetch/.ros/log/b90fbc02-f9df-11e8-b0ab-000babe55698/roslaunch-freight1207-5116.log', 'ROS_ETC_DIR': '/opt/ros/indigo/etc/ros', 'SUDO_USER': 'fetch', 'HOME': '/home/fetch', 'USERNAME': 'root', 'SUDO_COMMAND': '/bin/bash', 'LC_ADDRESS': 'ko_KR.UTF-8', 'PYTHONPATH': '/home/fetch/catkin_ws/devel/lib/python2.7/dist-packages:/opt/ros/indigo/lib/python2.7/dist-packages', 'SHLVL': '1', 'SUDO_UID': '1000', 'ROS_ROOT': '/opt/ros/indigo/share/ros', 'PKG_CONFIG_PATH': '/home/fetch/catkin_ws/devel/lib/pkgconfig:/opt/ros/indigo/lib/pkgconfig:/opt/ros/indigo/lib/x86_64-linux-gnu/pkgconfig', 'LC_ALL': 'C', '_': '/opt/ros/indigo/bin/roslaunch', 'LC_IDENTIFICATION': 'ko_KR.UTF-8', 'SUDO_GID': '1000', 'LESSCLOSE': '/usr/bin/lesspipe %s %s', 'LC_TELEPHONE': 'ko_KR.UTF-8', 'LC_MEASUREMENT': 'ko_KR.UTF-8', 'PWD': '/opt/ros/indigo/share/fetch_navigation/launch', 'ROS_MASTER_URI': 'http://localhost:11311', 'LC_NAME': 'ko_KR.UTF-8', 'MAIL': '/var/mail/root', 'LC_TIME': 'ko_KR.UTF-8', 'LS_COLORS': 'rs=0:di=01;34:ln=01;36:mh=00:pi=40;33:so=01;35:do=01;35:bd=40;33;01:cd=40;33;01:or=40;31;01:su=37;41:sg=30;43:ca=30;41:tw=30;42:ow=34;42:st=37;44:ex=01;32:*.tar=01;31:*.tgz=01;31:*.arj=01;31:*.taz=01;31:*.lzh=01;31:*.lzma=01;31:*.tlz=01;31:*.txz=01;31:*.zip=01;31:*.z=01;31:*.Z=01;31:*.dz=01;31:*.gz=01;31:*.lz=01;31:*.xz=01;31:*.bz2=01;31:*.bz=01;31:*.tbz=01;31:*.tbz2=01;31:*.tz=01;31:*.deb=01;31:*.rpm=01;31:*.jar=01;31:*.war=01;31:*.ear=01;31:*.sar=01;31:*.rar=01;31:*.ace=01;31:*.zoo=01;31:*.cpio=01;31:*.7z=01;31:*.rz=01;31:*.jpg=01;35:*.jpeg=01;35:*.gif=01;35:*.bmp=01;35:*.pbm=01;35:*.pgm=01;35:*.ppm=01;35:*.tga=01;35:*.xbm=01;35:*.xpm=01;35:*.tif=01;35:*.tiff=01;35:*.png=01;35:*.svg=01;35:*.svgz=01;35:*.mng=01;35:*.pcx=01;35:*.mov=01;35:*.mpg=01;35:*.mpeg=01;35:*.m2v=01;35:*.mkv=01;35:*.webm=01;35:*.ogm=01;35:*.mp4=01;35:*.m4v=01;35:*.mp4v=01;35:*.vob=01;35:*.qt=01;35:*.nuv=01;35:*.wmv=01;35:*.asf=01;35:*.rm=01;35:*.rmvb=01;35:*.flc=01;35:*.avi=01;35:*.fli=01;35:*.flv=01;35:*.gl=01;35:*.dl=01;35:*.xcf=01;35:*.xwd=01;35:*.yuv=01;35:*.cgm=01;35:*.emf=01;35:*.axv=01;35:*.anx=01;35:*.ogv=01;35:*.ogx=01;35:*.aac=00;36:*.au=00;36:*.flac=00;36:*.mid=00;36:*.midi=00;36:*.mka=00;36:*.mp3=00;36:*.mpc=00;36:*.ogg=00;36:*.ra=00;36:*.wav=00;36:*.axa=00;36:*.oga=00;36:*.spx=00;36:*.xspf=00;36:'}
[roslaunch][INFO] 2018-12-06 22:16:08,801: starting in server mode
[roslaunch.parent][INFO] 2018-12-06 22:16:08,802: starting roslaunch parent run
[roslaunch][INFO] 2018-12-06 22:16:08,802: loading roscore config file /opt/ros/indigo/etc/ros/roscore.xml
[roslaunch][INFO] 2018-12-06 22:16:08,858: Added core node of type [rosout/rosout] in namespace [/]
[roslaunch.config][INFO] 2018-12-06 22:16:08,858: loading config file freight_nav.launch
[roslaunch][INFO] 2018-12-06 22:16:08,878: Added node of type [map_server/map_server] in namespace [/]
[roslaunch][INFO] 2018-12-06 22:16:08,884: Added node of type [amcl/amcl] in namespace [/]
[roslaunch][INFO] 2018-12-06 22:16:08,903: Added node of type [move_base/move_base] in namespace [/]
[roslaunch][INFO] 2018-12-06 22:16:08,903: ... selected machine [] for node of type [map_server/map_server]
[roslaunch][INFO] 2018-12-06 22:16:08,903: ... selected machine [] for node of type [amcl/amcl]
[roslaunch][INFO] 2018-12-06 22:16:08,903: ... selected machine [] for node of type [move_base/move_base]
[roslaunch.pmon][INFO] 2018-12-06 22:16:08,904: start_process_monitor: creating ProcessMonitor
[roslaunch.pmon][INFO] 2018-12-06 22:16:08,904: created process monitor <ProcessMonitor(ProcessMonitor-1, initial daemon)>
[roslaunch.pmon][INFO] 2018-12-06 22:16:08,904: start_process_monitor: ProcessMonitor started
[roslaunch.parent][INFO] 2018-12-06 22:16:08,904: starting parent XML-RPC server
[roslaunch.server][INFO] 2018-12-06 22:16:08,904: starting roslaunch XML-RPC server
[roslaunch.server][INFO] 2018-12-06 22:16:08,904: waiting for roslaunch XML-RPC server to initialize
[xmlrpc][INFO] 2018-12-06 22:16:08,905: XML-RPC server binding to 0.0.0.0:0
[xmlrpc][INFO] 2018-12-06 22:16:08,905: Started XML-RPC server [http://freight1207:55781/]
[xmlrpc][INFO] 2018-12-06 22:16:08,905: xml rpc node: starting XML-RPC server
[roslaunch][INFO] 2018-12-06 22:16:08,916: started roslaunch server http://freight1207:55781/
[roslaunch.parent][INFO] 2018-12-06 22:16:08,916: ... parent XML-RPC server started
[roslaunch][INFO] 2018-12-06 22:16:08,917: master.is_running[http://localhost:11311]
[roslaunch][INFO] 2018-12-06 22:16:08,917: master.is_running[http://localhost:11311]
[roslaunch][INFO] 2018-12-06 22:16:08,918: ROS_MASTER_URI=http://localhost:11311
[roslaunch][INFO] 2018-12-06 22:16:08,919: setting /roslaunch/uris/host_freight1207__55781' to http://freight1207:55781/
[roslaunch][INFO] 2018-12-06 22:16:08,921: load_parameters starting ...
[roslaunch][INFO] 2018-12-06 22:16:08,940: ... load_parameters complete
[roslaunch][INFO] 2018-12-06 22:16:08,940: launch_nodes: launching local nodes ...
[roslaunch][INFO] 2018-12-06 22:16:08,940: ... preparing to launch node of type [map_server/map_server]
[roslaunch][INFO] 2018-12-06 22:16:08,940: create_node_process: package[map_server] type[map_server] machine[Machine(name[] env_loader[None] address[localhost] ssh_port[22] user[None] assignable[True] timeout[10.0])] master_uri[http://localhost:11311]
[roslaunch][INFO] 2018-12-06 22:16:08,940: process[map_server-1]: env[{'LC_NUMERIC': 'ko_KR.UTF-8', 'ROS_DISTRO': 'indigo', 'LC_MEASUREMENT': 'ko_KR.UTF-8', 'LESSOPEN': '| /usr/bin/lesspipe %s', 'CPATH': '/home/fetch/catkin_ws/devel/include:/opt/ros/indigo/include', 'LOGNAME': 'root', 'USER': 'root', 'HOME': '/home/fetch', 'LC_PAPER': 'ko_KR.UTF-8', 'PATH': '/opt/ros/indigo/bin:/usr/local/sbin:/usr/local/bin:/usr/sbin:/usr/bin:/sbin:/bin:/snap/bin', 'CMAKE_PREFIX_PATH': '/home/fetch/catkin_ws/devel:/opt/ros/indigo', 'ROS_LOG_FILENAME': '/home/fetch/.ros/log/b90fbc02-f9df-11e8-b0ab-000babe55698/roslaunch-freight1207-5116.log', 'LANG': 'en_US.UTF-8', 'TERM': 'xterm-256color', 'SHELL': '/bin/bash', 'LC_MONETARY': 'ko_KR.UTF-8', 'LD_LIBRARY_PATH': '/home/fetch/catkin_ws/devel/lib:/opt/ros/indigo/lib:/opt/ros/indigo/lib/x86_64-linux-gnu', 'ROS_MASTER_URI': 'http://localhost:11311', 'SUDO_USER': 'fetch', 'USERNAME': 'root', 'LC_ALL': 'C', 'LC_IDENTIFICATION': 'ko_KR.UTF-8', 'LC_ADDRESS': 'ko_KR.UTF-8', 'PYTHONPATH': '/home/fetch/catkin_ws/devel/lib/python2.7/dist-packages:/opt/ros/indigo/lib/python2.7/dist-packages', 'SUDO_UID': '1000', 'ROS_ROOT': '/opt/ros/indigo/share/ros', 'PKG_CONFIG_PATH': '/home/fetch/catkin_ws/devel/lib/pkgconfig:/opt/ros/indigo/lib/pkgconfig:/opt/ros/indigo/lib/x86_64-linux-gnu/pkgconfig', 'ROS_PACKAGE_PATH': '/home/fetch/catkin_ws/src:/opt/ros/indigo/share:/opt/ros/indigo/stacks', '_': '/opt/ros/indigo/bin/roslaunch', 'SUDO_COMMAND': '/bin/bash', 'SUDO_GID': '1000', 'LESSCLOSE': '/usr/bin/lesspipe %s %s', 'LC_TELEPHONE': 'ko_KR.UTF-8', 'SHLVL': '1', 'PWD': '/opt/ros/indigo/share/fetch_navigation/launch', 'ROS_ETC_DIR': '/opt/ros/indigo/etc/ros', 'LC_NAME': 'ko_KR.UTF-8', 'MAIL': '/var/mail/root', 'LC_TIME': 'ko_KR.UTF-8', 'LS_COLORS': 'rs=0:di=01;34:ln=01;36:mh=00:pi=40;33:so=01;35:do=01;35:bd=40;33;01:cd=40;33;01:or=40;31;01:su=37;41:sg=30;43:ca=30;41:tw=30;42:ow=34;42:st=37;44:ex=01;32:*.tar=01;31:*.tgz=01;31:*.arj=01;31:*.taz=01;31:*.lzh=01;31:*.lzma=01;31:*.tlz=01;31:*.txz=01;31:*.zip=01;31:*.z=01;31:*.Z=01;31:*.dz=01;31:*.gz=01;31:*.lz=01;31:*.xz=01;31:*.bz2=01;31:*.bz=01;31:*.tbz=01;31:*.tbz2=01;31:*.tz=01;31:*.deb=01;31:*.rpm=01;31:*.jar=01;31:*.war=01;31:*.ear=01;31:*.sar=01;31:*.rar=01;31:*.ace=01;31:*.zoo=01;31:*.cpio=01;31:*.7z=01;31:*.rz=01;31:*.jpg=01;35:*.jpeg=01;35:*.gif=01;35:*.bmp=01;35:*.pbm=01;35:*.pgm=01;35:*.ppm=01;35:*.tga=01;35:*.xbm=01;35:*.xpm=01;35:*.tif=01;35:*.tiff=01;35:*.png=01;35:*.svg=01;35:*.svgz=01;35:*.mng=01;35:*.pcx=01;35:*.mov=01;35:*.mpg=01;35:*.mpeg=01;35:*.m2v=01;35:*.mkv=01;35:*.webm=01;35:*.ogm=01;35:*.mp4=01;35:*.m4v=01;35:*.mp4v=01;35:*.vob=01;35:*.qt=01;35:*.nuv=01;35:*.wmv=01;35:*.asf=01;35:*.rm=01;35:*.rmvb=01;35:*.flc=01;35:*.avi=01;35:*.fli=01;35:*.flv=01;35:*.gl=01;35:*.dl=01;35:*.xcf=01;35:*.xwd=01;35:*.yuv=01;35:*.cgm=01;35:*.emf=01;35:*.axv=01;35:*.anx=01;35:*.ogv=01;35:*.ogx=01;35:*.aac=00;36:*.au=00;36:*.flac=00;36:*.mid=00;36:*.midi=00;36:*.mka=00;36:*.mp3=00;36:*.mpc=00;36:*.ogg=00;36:*.ra=00;36:*.wav=00;36:*.axa=00;36:*.oga=00;36:*.spx=00;36:*.xspf=00;36:'}]
[roslaunch][INFO] 2018-12-06 22:16:08,956: process[map_server-1]: args[[u'/opt/ros/indigo/lib/map_server/map_server', '/home/fetch/maps/uok01.yaml', u'__name:=map_server']]
[roslaunch][INFO] 2018-12-06 22:16:08,956: ... created process [map_server-1]
[roslaunch.pmon][INFO] 2018-12-06 22:16:08,956: ProcessMonitor.register[map_server-1]
[roslaunch.pmon][INFO] 2018-12-06 22:16:08,956: ProcessMonitor.register[map_server-1] complete
[roslaunch][INFO] 2018-12-06 22:16:08,956: ... registered process [map_server-1]
[roslaunch][INFO] 2018-12-06 22:16:08,957: process[map_server-1]: starting os process
[roslaunch][INFO] 2018-12-06 22:16:08,957: process[map_server-1]: start w/ args [[u'/opt/ros/indigo/lib/map_server/map_server', '/home/fetch/maps/uok01.yaml', u'__name:=map_server', u'__log:=/home/fetch/.ros/log/b90fbc02-f9df-11e8-b0ab-000babe55698/map_server-1.log']]
[roslaunch][INFO] 2018-12-06 22:16:08,957: process[map_server-1]: cwd will be [/home/fetch/.ros]
[roslaunch][INFO] 2018-12-06 22:16:08,959: process[map_server-1]: started with pid [5134]
[roslaunch][INFO] 2018-12-06 22:16:08,959: ... successfully launched [map_server-1]
[roslaunch][INFO] 2018-12-06 22:16:08,959: ... preparing to launch node of type [amcl/amcl]
[roslaunch][INFO] 2018-12-06 22:16:08,959: create_node_process: package[amcl] type[amcl] machine[Machine(name[] env_loader[None] address[localhost] ssh_port[22] user[None] assignable[True] timeout[10.0])] master_uri[http://localhost:11311]
[roslaunch][INFO] 2018-12-06 22:16:08,960: process[amcl-2]: env[{'LC_NUMERIC': 'ko_KR.UTF-8', 'ROS_DISTRO': 'indigo', 'LC_MEASUREMENT': 'ko_KR.UTF-8', 'LESSOPEN': '| /usr/bin/lesspipe %s', 'CPATH': '/home/fetch/catkin_ws/devel/include:/opt/ros/indigo/include', 'LOGNAME': 'root', 'USER': 'root', 'HOME': '/home/fetch', 'LC_PAPER': 'ko_KR.UTF-8', 'PATH': '/opt/ros/indigo/bin:/usr/local/sbin:/usr/local/bin:/usr/sbin:/usr/bin:/sbin:/bin:/snap/bin', 'CMAKE_PREFIX_PATH': '/home/fetch/catkin_ws/devel:/opt/ros/indigo', 'ROS_LOG_FILENAME': '/home/fetch/.ros/log/b90fbc02-f9df-11e8-b0ab-000babe55698/roslaunch-freight1207-5116.log', 'LANG': 'en_US.UTF-8', 'TERM': 'xterm-256color', 'SHELL': '/bin/bash', 'LC_MONETARY': 'ko_KR.UTF-8', 'LD_LIBRARY_PATH': '/home/fetch/catkin_ws/devel/lib:/opt/ros/indigo/lib:/opt/ros/indigo/lib/x86_64-linux-gnu', 'ROS_MASTER_URI': 'http://localhost:11311', 'SUDO_USER': 'fetch', 'USERNAME': 'root', 'LC_ALL': 'C', 'LC_IDENTIFICATION': 'ko_KR.UTF-8', 'LC_ADDRESS': 'ko_KR.UTF-8', 'PYTHONPATH': '/home/fetch/catkin_ws/devel/lib/python2.7/dist-packages:/opt/ros/indigo/lib/python2.7/dist-packages', 'SUDO_UID': '1000', 'ROS_ROOT': '/opt/ros/indigo/share/ros', 'PKG_CONFIG_PATH': '/home/fetch/catkin_ws/devel/lib/pkgconfig:/opt/ros/indigo/lib/pkgconfig:/opt/ros/indigo/lib/x86_64-linux-gnu/pkgconfig', 'ROS_PACKAGE_PATH': '/home/fetch/catkin_ws/src:/opt/ros/indigo/share:/opt/ros/indigo/stacks', '_': '/opt/ros/indigo/bin/roslaunch', 'SUDO_COMMAND': '/bin/bash', 'SUDO_GID': '1000', 'LESSCLOSE': '/usr/bin/lesspipe %s %s', 'LC_TELEPHONE': 'ko_KR.UTF-8', 'SHLVL': '1', 'PWD': '/opt/ros/indigo/share/fetch_navigation/launch', 'ROS_ETC_DIR': '/opt/ros/indigo/etc/ros', 'LC_NAME': 'ko_KR.UTF-8', 'MAIL': '/var/mail/root', 'LC_TIME': 'ko_KR.UTF-8', 'LS_COLORS': 'rs=0:di=01;34:ln=01;36:mh=00:pi=40;33:so=01;35:do=01;35:bd=40;33;01:cd=40;33;01:or=40;31;01:su=37;41:sg=30;43:ca=30;41:tw=30;42:ow=34;42:st=37;44:ex=01;32:*.tar=01;31:*.tgz=01;31:*.arj=01;31:*.taz=01;31:*.lzh=01;31:*.lzma=01;31:*.tlz=01;31:*.txz=01;31:*.zip=01;31:*.z=01;31:*.Z=01;31:*.dz=01;31:*.gz=01;31:*.lz=01;31:*.xz=01;31:*.bz2=01;31:*.bz=01;31:*.tbz=01;31:*.tbz2=01;31:*.tz=01;31:*.deb=01;31:*.rpm=01;31:*.jar=01;31:*.war=01;31:*.ear=01;31:*.sar=01;31:*.rar=01;31:*.ace=01;31:*.zoo=01;31:*.cpio=01;31:*.7z=01;31:*.rz=01;31:*.jpg=01;35:*.jpeg=01;35:*.gif=01;35:*.bmp=01;35:*.pbm=01;35:*.pgm=01;35:*.ppm=01;35:*.tga=01;35:*.xbm=01;35:*.xpm=01;35:*.tif=01;35:*.tiff=01;35:*.png=01;35:*.svg=01;35:*.svgz=01;35:*.mng=01;35:*.pcx=01;35:*.mov=01;35:*.mpg=01;35:*.mpeg=01;35:*.m2v=01;35:*.mkv=01;35:*.webm=01;35:*.ogm=01;35:*.mp4=01;35:*.m4v=01;35:*.mp4v=01;35:*.vob=01;35:*.qt=01;35:*.nuv=01;35:*.wmv=01;35:*.asf=01;35:*.rm=01;35:*.rmvb=01;35:*.flc=01;35:*.avi=01;35:*.fli=01;35:*.flv=01;35:*.gl=01;35:*.dl=01;35:*.xcf=01;35:*.xwd=01;35:*.yuv=01;35:*.cgm=01;35:*.emf=01;35:*.axv=01;35:*.anx=01;35:*.ogv=01;35:*.ogx=01;35:*.aac=00;36:*.au=00;36:*.flac=00;36:*.mid=00;36:*.midi=00;36:*.mka=00;36:*.mp3=00;36:*.mpc=00;36:*.ogg=00;36:*.ra=00;36:*.wav=00;36:*.axa=00;36:*.oga=00;36:*.spx=00;36:*.xspf=00;36:'}]
[roslaunch][INFO] 2018-12-06 22:16:08,961: process[amcl-2]: args[[u'/opt/ros/indigo/lib/amcl/amcl', u'scan:=base_scan', u'map:=map', u'__name:=amcl']]
[roslaunch][INFO] 2018-12-06 22:16:08,961: ... created process [amcl-2]
[roslaunch.pmon][INFO] 2018-12-06 22:16:08,962: ProcessMonitor.register[amcl-2]
[roslaunch.pmon][INFO] 2018-12-06 22:16:08,962: ProcessMonitor.register[amcl-2] complete
[roslaunch][INFO] 2018-12-06 22:16:08,962: ... registered process [amcl-2]
[roslaunch][INFO] 2018-12-06 22:16:08,962: process[amcl-2]: starting os process
[roslaunch][INFO] 2018-12-06 22:16:08,962: process[amcl-2]: start w/ args [[u'/opt/ros/indigo/lib/amcl/amcl', u'scan:=base_scan', u'map:=map', u'__name:=amcl', u'__log:=/home/fetch/.ros/log/b90fbc02-f9df-11e8-b0ab-000babe55698/amcl-2.log']]
[roslaunch][INFO] 2018-12-06 22:16:08,962: process[amcl-2]: cwd will be [/home/fetch/.ros]
[roslaunch][INFO] 2018-12-06 22:16:08,965: process[amcl-2]: started with pid [5135]
[roslaunch][INFO] 2018-12-06 22:16:08,965: ... successfully launched [amcl-2]
[roslaunch][INFO] 2018-12-06 22:16:08,965: ... preparing to launch node of type [move_base/move_base]
[roslaunch][INFO] 2018-12-06 22:16:08,965: create_node_process: package[move_base] type[move_base] machine[Machine(name[] env_loader[None] address[localhost] ssh_port[22] user[None] assignable[True] timeout[10.0])] master_uri[http://localhost:11311]
[roslaunch][INFO] 2018-12-06 22:16:08,965: process[move_base-3]: env[{'LC_NUMERIC': 'ko_KR.UTF-8', 'ROS_DISTRO': 'indigo', 'LC_MEASUREMENT': 'ko_KR.UTF-8', 'LESSOPEN': '| /usr/bin/lesspipe %s', 'CPATH': '/home/fetch/catkin_ws/devel/include:/opt/ros/indigo/include', 'LOGNAME': 'root', 'USER': 'root', 'HOME': '/home/fetch', 'LC_PAPER': 'ko_KR.UTF-8', 'PATH': '/opt/ros/indigo/bin:/usr/local/sbin:/usr/local/bin:/usr/sbin:/usr/bin:/sbin:/bin:/snap/bin', 'CMAKE_PREFIX_PATH': '/home/fetch/catkin_ws/devel:/opt/ros/indigo', 'ROS_LOG_FILENAME': '/home/fetch/.ros/log/b90fbc02-f9df-11e8-b0ab-000babe55698/roslaunch-freight1207-5116.log', 'LANG': 'en_US.UTF-8', 'TERM': 'xterm-256color', 'SHELL': '/bin/bash', 'LC_MONETARY': 'ko_KR.UTF-8', 'LD_LIBRARY_PATH': '/home/fetch/catkin_ws/devel/lib:/opt/ros/indigo/lib:/opt/ros/indigo/lib/x86_64-linux-gnu', 'ROS_MASTER_URI': 'http://localhost:11311', 'SUDO_USER': 'fetch', 'USERNAME': 'root', 'LC_ALL': 'C', 'LC_IDENTIFICATION': 'ko_KR.UTF-8', 'LC_ADDRESS': 'ko_KR.UTF-8', 'PYTHONPATH': '/home/fetch/catkin_ws/devel/lib/python2.7/dist-packages:/opt/ros/indigo/lib/python2.7/dist-packages', 'SUDO_UID': '1000', 'ROS_ROOT': '/opt/ros/indigo/share/ros', 'PKG_CONFIG_PATH': '/home/fetch/catkin_ws/devel/lib/pkgconfig:/opt/ros/indigo/lib/pkgconfig:/opt/ros/indigo/lib/x86_64-linux-gnu/pkgconfig', 'ROS_PACKAGE_PATH': '/home/fetch/catkin_ws/src:/opt/ros/indigo/share:/opt/ros/indigo/stacks', '_': '/opt/ros/indigo/bin/roslaunch', 'SUDO_COMMAND': '/bin/bash', 'SUDO_GID': '1000', 'LESSCLOSE': '/usr/bin/lesspipe %s %s', 'LC_TELEPHONE': 'ko_KR.UTF-8', 'SHLVL': '1', 'PWD': '/opt/ros/indigo/share/fetch_navigation/launch', 'ROS_ETC_DIR': '/opt/ros/indigo/etc/ros', 'LC_NAME': 'ko_KR.UTF-8', 'MAIL': '/var/mail/root', 'LC_TIME': 'ko_KR.UTF-8', 'LS_COLORS': 'rs=0:di=01;34:ln=01;36:mh=00:pi=40;33:so=01;35:do=01;35:bd=40;33;01:cd=40;33;01:or=40;31;01:su=37;41:sg=30;43:ca=30;41:tw=30;42:ow=34;42:st=37;44:ex=01;32:*.tar=01;31:*.tgz=01;31:*.arj=01;31:*.taz=01;31:*.lzh=01;31:*.lzma=01;31:*.tlz=01;31:*.txz=01;31:*.zip=01;31:*.z=01;31:*.Z=01;31:*.dz=01;31:*.gz=01;31:*.lz=01;31:*.xz=01;31:*.bz2=01;31:*.bz=01;31:*.tbz=01;31:*.tbz2=01;31:*.tz=01;31:*.deb=01;31:*.rpm=01;31:*.jar=01;31:*.war=01;31:*.ear=01;31:*.sar=01;31:*.rar=01;31:*.ace=01;31:*.zoo=01;31:*.cpio=01;31:*.7z=01;31:*.rz=01;31:*.jpg=01;35:*.jpeg=01;35:*.gif=01;35:*.bmp=01;35:*.pbm=01;35:*.pgm=01;35:*.ppm=01;35:*.tga=01;35:*.xbm=01;35:*.xpm=01;35:*.tif=01;35:*.tiff=01;35:*.png=01;35:*.svg=01;35:*.svgz=01;35:*.mng=01;35:*.pcx=01;35:*.mov=01;35:*.mpg=01;35:*.mpeg=01;35:*.m2v=01;35:*.mkv=01;35:*.webm=01;35:*.ogm=01;35:*.mp4=01;35:*.m4v=01;35:*.mp4v=01;35:*.vob=01;35:*.qt=01;35:*.nuv=01;35:*.wmv=01;35:*.asf=01;35:*.rm=01;35:*.rmvb=01;35:*.flc=01;35:*.avi=01;35:*.fli=01;35:*.flv=01;35:*.gl=01;35:*.dl=01;35:*.xcf=01;35:*.xwd=01;35:*.yuv=01;35:*.cgm=01;35:*.emf=01;35:*.axv=01;35:*.anx=01;35:*.ogv=01;35:*.ogx=01;35:*.aac=00;36:*.au=00;36:*.flac=00;36:*.mid=00;36:*.midi=00;36:*.mka=00;36:*.mp3=00;36:*.mpc=00;36:*.ogg=00;36:*.ra=00;36:*.wav=00;36:*.axa=00;36:*.oga=00;36:*.spx=00;36:*.xspf=00;36:'}]
[roslaunch][INFO] 2018-12-06 22:16:08,966: process[move_base-3]: args[[u'/opt/ros/indigo/lib/move_base/move_base', u'cmd_vel:=cmd_vel', u'odom:=odom', u'map:=map', u'__name:=move_base']]
[roslaunch][INFO] 2018-12-06 22:16:08,967: ... created process [move_base-3]
[roslaunch.pmon][INFO] 2018-12-06 22:16:08,967: ProcessMonitor.register[move_base-3]
[roslaunch.pmon][INFO] 2018-12-06 22:16:08,967: ProcessMonitor.register[move_base-3] complete
[roslaunch][INFO] 2018-12-06 22:16:08,967: ... registered process [move_base-3]
[roslaunch][INFO] 2018-12-06 22:16:08,967: process[move_base-3]: starting os process
[roslaunch][INFO] 2018-12-06 22:16:08,967: process[move_base-3]: start w/ args [[u'/opt/ros/indigo/lib/move_base/move_base', u'cmd_vel:=cmd_vel', u'odom:=odom', u'map:=map', u'__name:=move_base', u'__log:=/home/fetch/.ros/log/b90fbc02-f9df-11e8-b0ab-000babe55698/move_base-3.log']]
[roslaunch][INFO] 2018-12-06 22:16:08,967: process[move_base-3]: cwd will be [/home/fetch/.ros]
[roslaunch][INFO] 2018-12-06 22:16:08,970: process[move_base-3]: started with pid [5136]
[roslaunch][INFO] 2018-12-06 22:16:08,970: ... successfully launched [move_base-3]
[roslaunch][INFO] 2018-12-06 22:16:08,970: ... launch_nodes complete
[roslaunch.pmon][INFO] 2018-12-06 22:16:08,970: registrations completed <ProcessMonitor(ProcessMonitor-1, started daemon 140566375360256)>
[roslaunch.parent][INFO] 2018-12-06 22:16:08,970: ... roslaunch parent running, waiting for process exit
[roslaunch][INFO] 2018-12-06 22:16:08,970: spin
[roslaunch.pmon][INFO] 2018-12-06 22:21:09,397: ProcessMonitor.shutdown <ProcessMonitor(ProcessMonitor-1, started daemon 140566375360256)>
[roslaunch.pmon][INFO] 2018-12-06 22:21:09,483: ProcessMonitor._post_run <ProcessMonitor(ProcessMonitor-1, started daemon 140566375360256)>
[roslaunch.pmon][INFO] 2018-12-06 22:21:09,483: ProcessMonitor._post_run <ProcessMonitor(ProcessMonitor-1, started daemon 140566375360256)>: remaining procs are [<roslaunch.nodeprocess.LocalProcess object at 0x7fd82900f050>, <roslaunch.nodeprocess.LocalProcess object at 0x7fd82900ffd0>, <roslaunch.nodeprocess.LocalProcess object at 0x7fd82900ff10>]
[roslaunch.pmon][INFO] 2018-12-06 22:21:09,483: ProcessMonitor exit: killing move_base-3
[roslaunch.pmon][INFO] 2018-12-06 22:21:09,483: ProcessMonitor exit: killing amcl-2
[roslaunch][INFO] 2018-12-06 22:21:09,484: [move_base-3] killing on exit
[roslaunch.pmon][INFO] 2018-12-06 22:21:09,484: ProcessMonitor exit: killing map_server-1
[roslaunch][INFO] 2018-12-06 22:21:09,484: [amcl-2] killing on exit
[roslaunch][INFO] 2018-12-06 22:21:09,484: [map_server-1] killing on exit
[roslaunch][INFO] 2018-12-06 22:21:09,484: process[move_base-3]: killing os process with pid[5136] pgid[5136]
[roslaunch][INFO] 2018-12-06 22:21:09,484: process[amcl-2]: killing os process with pid[5135] pgid[5135]
[roslaunch][INFO] 2018-12-06 22:21:09,485: process[map_server-1]: killing os process with pid[5134] pgid[5134]
[roslaunch][INFO] 2018-12-06 22:21:09,485: [move_base-3] sending SIGINT to pgid [5136]
[roslaunch][INFO] 2018-12-06 22:21:09,485: [amcl-2] sending SIGINT to pgid [5135]
[roslaunch][INFO] 2018-12-06 22:21:09,485: [map_server-1] sending SIGINT to pgid [5134]
[roslaunch][INFO] 2018-12-06 22:21:09,485: [move_base-3] sent SIGINT to pgid [5136]
[roslaunch][INFO] 2018-12-06 22:21:09,485: [amcl-2] sent SIGINT to pgid [5135]
[roslaunch][INFO] 2018-12-06 22:21:09,485: [map_server-1] sent SIGINT to pgid [5134]
[roslaunch][INFO] 2018-12-06 22:21:09,686: process[map_server-1]: SIGINT killed with return value 0
[roslaunch][INFO] 2018-12-06 22:21:09,786: process[amcl-2]: SIGINT killed with return value 0
[roslaunch][INFO] 2018-12-06 22:21:09,986: process[move_base-3]: SIGINT killed with return value 0
[roslaunch.pmon][INFO] 2018-12-06 22:21:09,986: ProcessMonitor exit: cleaning up data structures and signals
[roslaunch.pmon][INFO] 2018-12-06 22:21:09,986: ProcessMonitor exit: pmon has shutdown
[roslaunch][INFO] 2018-12-06 22:21:10,011: process monitor is done spinning, initiating full shutdown
[roslaunch][INFO] 2018-12-06 22:21:10,011: runner.stop()
[roslaunch][INFO] 2018-12-06 22:21:10,011: shutting down processing monitor...
[roslaunch][INFO] 2018-12-06 22:21:10,011: shutting down processing monitor <ProcessMonitor(ProcessMonitor-1, stopped daemon 140566375360256)>
[roslaunch.pmon][INFO] 2018-12-06 22:21:10,011: ProcessMonitor.shutdown <ProcessMonitor(ProcessMonitor-1, stopped daemon 140566375360256)>
[roslaunch][INFO] 2018-12-06 22:21:10,011: ... shutting down processing monitor complete
[roslaunch][INFO] 2018-12-06 22:21:10,011: done
[roslaunch.pmon][INFO] 2018-12-06 22:21:10,011: ProcessMonitor.shutdown <ProcessMonitor(ProcessMonitor-1, stopped daemon 140566375360256)>
[rospy.core][INFO] 2018-12-06 22:21:10,011: signal_shutdown [atexit]
