[roslaunch][INFO] 2018-12-06 22:49:13,189: Checking log directory for disk usage. This may take awhile.
Press Ctrl-C to interrupt
[roslaunch][INFO] 2018-12-06 22:49:13,191: Done checking log file disk usage. Usage is <1GB.
[roslaunch][INFO] 2018-12-06 22:49:13,191: roslaunch starting with args ['/opt/ros/indigo/bin/roslaunch', 'fetch_auto_dock', 'auto_dock.launch']
[roslaunch][INFO] 2018-12-06 22:49:13,191: roslaunch env is {'LC_NUMERIC': 'ko_KR.UTF-8', 'ROS_DISTRO': 'indigo', 'LESSOPEN': '| /usr/bin/lesspipe %s', 'SSH_CLIENT': '192.168.0.17 39924 22', 'CPATH': '/home/fetch/catkin_ws/devel/include:/opt/ros/indigo/include', 'LOGNAME': 'fetch', 'USER': 'fetch', 'ROS_PACKAGE_PATH': '/home/fetch/catkin_ws/src:/opt/ros/indigo/share:/opt/ros/indigo/stacks', 'LC_PAPER': 'ko_KR.UTF-8', 'PATH': '/opt/ros/indigo/bin:/usr/local/sbin:/usr/local/bin:/usr/sbin:/usr/bin:/sbin:/bin:/usr/games:/usr/local/games', 'CMAKE_PREFIX_PATH': '/home/fetch/catkin_ws/devel:/opt/ros/indigo', 'LD_LIBRARY_PATH': '/home/fetch/catkin_ws/devel/lib:/opt/ros/indigo/lib:/opt/ros/indigo/lib/x86_64-linux-gnu', 'LANG': 'en_US.UTF-8', 'TERM': 'xterm-256color', 'SHELL': '/bin/bash', 'LC_MONETARY': 'ko_KR.UTF-8', 'QT_QPA_PLATFORMTHEME': 'appmenu-qt5', 'ROS_LOG_FILENAME': '/home/fetch/.ros/log/b90fbc02-f9df-11e8-b0ab-000babe55698/roslaunch-freight1207-13357.log', 'ROS_ETC_DIR': '/opt/ros/indigo/etc/ros', 'HOME': '/home/fetch', 'XDG_RUNTIME_DIR': '/run/user/1000', 'LC_ADDRESS': 'ko_KR.UTF-8', 'PYTHONPATH': '/home/fetch/catkin_ws/devel/lib/python2.7/dist-packages:/opt/ros/indigo/lib/python2.7/dist-packages', 'SHLVL': '1', 'ROS_ROOT': '/opt/ros/indigo/share/ros', 'PKG_CONFIG_PATH': '/home/fetch/catkin_ws/devel/lib/pkgconfig:/opt/ros/indigo/lib/pkgconfig:/opt/ros/indigo/lib/x86_64-linux-gnu/pkgconfig', 'LC_ALL': 'C', 'XDG_SESSION_ID': '10', '_': '/opt/ros/indigo/bin/roslaunch', 'LC_IDENTIFICATION': 'ko_KR.UTF-8', 'SSH_CONNECTION': '192.168.0.17 39924 192.168.0.19 22', 'LESSCLOSE': '/usr/bin/lesspipe %s %s', 'SSH_TTY': '/dev/pts/31', 'LC_TELEPHONE': 'ko_KR.UTF-8', 'LC_MEASUREMENT': 'ko_KR.UTF-8', 'PWD': '/home/fetch', 'ROS_MASTER_URI': 'http://localhost:11311', 'LC_NAME': 'ko_KR.UTF-8', 'MAIL': '/var/mail/fetch', 'LC_TIME': 'ko_KR.UTF-8', 'LS_COLORS': 'rs=0:di=01;34:ln=01;36:mh=00:pi=40;33:so=01;35:do=01;35:bd=40;33;01:cd=40;33;01:or=40;31;01:su=37;41:sg=30;43:ca=30;41:tw=30;42:ow=34;42:st=37;44:ex=01;32:*.tar=01;31:*.tgz=01;31:*.arj=01;31:*.taz=01;31:*.lzh=01;31:*.lzma=01;31:*.tlz=01;31:*.txz=01;31:*.zip=01;31:*.z=01;31:*.Z=01;31:*.dz=01;31:*.gz=01;31:*.lz=01;31:*.xz=01;31:*.bz2=01;31:*.bz=01;31:*.tbz=01;31:*.tbz2=01;31:*.tz=01;31:*.deb=01;31:*.rpm=01;31:*.jar=01;31:*.war=01;31:*.ear=01;31:*.sar=01;31:*.rar=01;31:*.ace=01;31:*.zoo=01;31:*.cpio=01;31:*.7z=01;31:*.rz=01;31:*.jpg=01;35:*.jpeg=01;35:*.gif=01;35:*.bmp=01;35:*.pbm=01;35:*.pgm=01;35:*.ppm=01;35:*.tga=01;35:*.xbm=01;35:*.xpm=01;35:*.tif=01;35:*.tiff=01;35:*.png=01;35:*.svg=01;35:*.svgz=01;35:*.mng=01;35:*.pcx=01;35:*.mov=01;35:*.mpg=01;35:*.mpeg=01;35:*.m2v=01;35:*.mkv=01;35:*.webm=01;35:*.ogm=01;35:*.mp4=01;35:*.m4v=01;35:*.mp4v=01;35:*.vob=01;35:*.qt=01;35:*.nuv=01;35:*.wmv=01;35:*.asf=01;35:*.rm=01;35:*.rmvb=01;35:*.flc=01;35:*.avi=01;35:*.fli=01;35:*.flv=01;35:*.gl=01;35:*.dl=01;35:*.xcf=01;35:*.xwd=01;35:*.yuv=01;35:*.cgm=01;35:*.emf=01;35:*.axv=01;35:*.anx=01;35:*.ogv=01;35:*.ogx=01;35:*.aac=00;36:*.au=00;36:*.flac=00;36:*.mid=00;36:*.midi=00;36:*.mka=00;36:*.mp3=00;36:*.mpc=00;36:*.ogg=00;36:*.ra=00;36:*.wav=00;36:*.axa=00;36:*.oga=00;36:*.spx=00;36:*.xspf=00;36:'}
[roslaunch][INFO] 2018-12-06 22:49:13,191: starting in server mode
[roslaunch.parent][INFO] 2018-12-06 22:49:13,191: starting roslaunch parent run
[roslaunch][INFO] 2018-12-06 22:49:13,191: loading roscore config file /opt/ros/indigo/etc/ros/roscore.xml
[roslaunch][INFO] 2018-12-06 22:49:13,249: Added core node of type [rosout/rosout] in namespace [/]
[roslaunch.config][INFO] 2018-12-06 22:49:13,250: loading config file /opt/ros/indigo/share/fetch_auto_dock/launch/auto_dock.launch
[roslaunch][INFO] 2018-12-06 22:49:13,250: Added node of type [fetch_auto_dock/auto_dock] in namespace [/]
[roslaunch][INFO] 2018-12-06 22:49:13,250: Added node of type [fetch_auto_dock/dock_on_button.py] in namespace [/]
[roslaunch][INFO] 2018-12-06 22:49:13,250: Added node of type [fetch_auto_dock/undock_on_button.py] in namespace [/]
[roslaunch][INFO] 2018-12-06 22:49:13,250: ... selected machine [] for node of type [fetch_auto_dock/auto_dock]
[roslaunch][INFO] 2018-12-06 22:49:13,250: ... selected machine [] for node of type [fetch_auto_dock/dock_on_button.py]
[roslaunch][INFO] 2018-12-06 22:49:13,251: ... selected machine [] for node of type [fetch_auto_dock/undock_on_button.py]
[roslaunch.pmon][INFO] 2018-12-06 22:49:13,251: start_process_monitor: creating ProcessMonitor
[roslaunch.pmon][INFO] 2018-12-06 22:49:13,251: created process monitor <ProcessMonitor(ProcessMonitor-1, initial daemon)>
[roslaunch.pmon][INFO] 2018-12-06 22:49:13,251: start_process_monitor: ProcessMonitor started
[roslaunch.parent][INFO] 2018-12-06 22:49:13,252: starting parent XML-RPC server
[roslaunch.server][INFO] 2018-12-06 22:49:13,252: starting roslaunch XML-RPC server
[roslaunch.server][INFO] 2018-12-06 22:49:13,252: waiting for roslaunch XML-RPC server to initialize
[xmlrpc][INFO] 2018-12-06 22:49:13,252: XML-RPC server binding to 0.0.0.0:0
[xmlrpc][INFO] 2018-12-06 22:49:13,252: Started XML-RPC server [http://freight1207:43866/]
[xmlrpc][INFO] 2018-12-06 22:49:13,252: xml rpc node: starting XML-RPC server
[roslaunch][INFO] 2018-12-06 22:49:13,263: started roslaunch server http://freight1207:43866/
[roslaunch.parent][INFO] 2018-12-06 22:49:13,263: ... parent XML-RPC server started
[roslaunch][INFO] 2018-12-06 22:49:13,263: master.is_running[http://localhost:11311]
[roslaunch][INFO] 2018-12-06 22:49:13,264: master.is_running[http://localhost:11311]
[roslaunch][INFO] 2018-12-06 22:49:13,265: ROS_MASTER_URI=http://localhost:11311
[roslaunch][INFO] 2018-12-06 22:49:13,266: setting /roslaunch/uris/host_freight1207__43866' to http://freight1207:43866/
[roslaunch][INFO] 2018-12-06 22:49:13,267: load_parameters starting ...
[roslaunch][INFO] 2018-12-06 22:49:13,269: ... load_parameters complete
[roslaunch][INFO] 2018-12-06 22:49:13,269: launch_nodes: launching local nodes ...
[roslaunch][INFO] 2018-12-06 22:49:13,269: ... preparing to launch node of type [fetch_auto_dock/auto_dock]
[roslaunch][INFO] 2018-12-06 22:49:13,269: create_node_process: package[fetch_auto_dock] type[auto_dock] machine[Machine(name[] env_loader[None] address[localhost] ssh_port[22] user[None] assignable[True] timeout[10.0])] master_uri[http://localhost:11311]
[roslaunch][INFO] 2018-12-06 22:49:13,269: process[auto_dock-1]: env[{'LC_NUMERIC': 'ko_KR.UTF-8', 'ROS_DISTRO': 'indigo', 'LC_MEASUREMENT': 'ko_KR.UTF-8', 'LESSOPEN': '| /usr/bin/lesspipe %s', 'SSH_CLIENT': '192.168.0.17 39924 22', 'CPATH': '/home/fetch/catkin_ws/devel/include:/opt/ros/indigo/include', 'LOGNAME': 'fetch', 'USER': 'fetch', 'HOME': '/home/fetch', 'LC_PAPER': 'ko_KR.UTF-8', 'PATH': '/opt/ros/indigo/bin:/usr/local/sbin:/usr/local/bin:/usr/sbin:/usr/bin:/sbin:/bin:/usr/games:/usr/local/games', 'CMAKE_PREFIX_PATH': '/home/fetch/catkin_ws/devel:/opt/ros/indigo', 'ROS_LOG_FILENAME': '/home/fetch/.ros/log/b90fbc02-f9df-11e8-b0ab-000babe55698/roslaunch-freight1207-13357.log', 'LANG': 'en_US.UTF-8', 'TERM': 'xterm-256color', 'SHELL': '/bin/bash', 'LC_MONETARY': 'ko_KR.UTF-8', 'QT_QPA_PLATFORMTHEME': 'appmenu-qt5', 'LD_LIBRARY_PATH': '/home/fetch/catkin_ws/devel/lib:/opt/ros/indigo/lib:/opt/ros/indigo/lib/x86_64-linux-gnu', 'ROS_MASTER_URI': 'http://localhost:11311', 'LC_ALL': 'C', 'XDG_RUNTIME_DIR': '/run/user/1000', 'LC_ADDRESS': 'ko_KR.UTF-8', 'PYTHONPATH': '/home/fetch/catkin_ws/devel/lib/python2.7/dist-packages:/opt/ros/indigo/lib/python2.7/dist-packages', 'ROS_ROOT': '/opt/ros/indigo/share/ros', 'PKG_CONFIG_PATH': '/home/fetch/catkin_ws/devel/lib/pkgconfig:/opt/ros/indigo/lib/pkgconfig:/opt/ros/indigo/lib/x86_64-linux-gnu/pkgconfig', 'ROS_PACKAGE_PATH': '/home/fetch/catkin_ws/src:/opt/ros/indigo/share:/opt/ros/indigo/stacks', 'XDG_SESSION_ID': '10', '_': '/opt/ros/indigo/bin/roslaunch', 'LC_IDENTIFICATION': 'ko_KR.UTF-8', 'LS_COLORS': 'rs=0:di=01;34:ln=01;36:mh=00:pi=40;33:so=01;35:do=01;35:bd=40;33;01:cd=40;33;01:or=40;31;01:su=37;41:sg=30;43:ca=30;41:tw=30;42:ow=34;42:st=37;44:ex=01;32:*.tar=01;31:*.tgz=01;31:*.arj=01;31:*.taz=01;31:*.lzh=01;31:*.lzma=01;31:*.tlz=01;31:*.txz=01;31:*.zip=01;31:*.z=01;31:*.Z=01;31:*.dz=01;31:*.gz=01;31:*.lz=01;31:*.xz=01;31:*.bz2=01;31:*.bz=01;31:*.tbz=01;31:*.tbz2=01;31:*.tz=01;31:*.deb=01;31:*.rpm=01;31:*.jar=01;31:*.war=01;31:*.ear=01;31:*.sar=01;31:*.rar=01;31:*.ace=01;31:*.zoo=01;31:*.cpio=01;31:*.7z=01;31:*.rz=01;31:*.jpg=01;35:*.jpeg=01;35:*.gif=01;35:*.bmp=01;35:*.pbm=01;35:*.pgm=01;35:*.ppm=01;35:*.tga=01;35:*.xbm=01;35:*.xpm=01;35:*.tif=01;35:*.tiff=01;35:*.png=01;35:*.svg=01;35:*.svgz=01;35:*.mng=01;35:*.pcx=01;35:*.mov=01;35:*.mpg=01;35:*.mpeg=01;35:*.m2v=01;35:*.mkv=01;35:*.webm=01;35:*.ogm=01;35:*.mp4=01;35:*.m4v=01;35:*.mp4v=01;35:*.vob=01;35:*.qt=01;35:*.nuv=01;35:*.wmv=01;35:*.asf=01;35:*.rm=01;35:*.rmvb=01;35:*.flc=01;35:*.avi=01;35:*.fli=01;35:*.flv=01;35:*.gl=01;35:*.dl=01;35:*.xcf=01;35:*.xwd=01;35:*.yuv=01;35:*.cgm=01;35:*.emf=01;35:*.axv=01;35:*.anx=01;35:*.ogv=01;35:*.ogx=01;35:*.aac=00;36:*.au=00;36:*.flac=00;36:*.mid=00;36:*.midi=00;36:*.mka=00;36:*.mp3=00;36:*.mpc=00;36:*.ogg=00;36:*.ra=00;36:*.wav=00;36:*.axa=00;36:*.oga=00;36:*.spx=00;36:*.xspf=00;36:', 'LESSCLOSE': '/usr/bin/lesspipe %s %s', 'SSH_TTY': '/dev/pts/31', 'LC_TELEPHONE': 'ko_KR.UTF-8', 'SHLVL': '1', 'PWD': '/home/fetch', 'ROS_ETC_DIR': '/opt/ros/indigo/etc/ros', 'LC_NAME': 'ko_KR.UTF-8', 'MAIL': '/var/mail/fetch', 'LC_TIME': 'ko_KR.UTF-8', 'SSH_CONNECTION': '192.168.0.17 39924 192.168.0.19 22'}]
[roslaunch][INFO] 2018-12-06 22:49:13,287: process[auto_dock-1]: args[[u'/opt/ros/indigo/lib/fetch_auto_dock/auto_dock', u'__name:=auto_dock']]
[roslaunch][INFO] 2018-12-06 22:49:13,287: ... created process [auto_dock-1]
[roslaunch.pmon][INFO] 2018-12-06 22:49:13,287: ProcessMonitor.register[auto_dock-1]
[roslaunch.pmon][INFO] 2018-12-06 22:49:13,287: ProcessMonitor.register[auto_dock-1] complete
[roslaunch][INFO] 2018-12-06 22:49:13,287: ... registered process [auto_dock-1]
[roslaunch][INFO] 2018-12-06 22:49:13,287: process[auto_dock-1]: starting os process
[roslaunch][INFO] 2018-12-06 22:49:13,287: process[auto_dock-1]: start w/ args [[u'/opt/ros/indigo/lib/fetch_auto_dock/auto_dock', u'__name:=auto_dock', u'__log:=/home/fetch/.ros/log/b90fbc02-f9df-11e8-b0ab-000babe55698/auto_dock-1.log']]
[roslaunch][INFO] 2018-12-06 22:49:13,287: process[auto_dock-1]: cwd will be [/home/fetch/.ros]
[roslaunch][INFO] 2018-12-06 22:49:13,289: process[auto_dock-1]: started with pid [13375]
[roslaunch][INFO] 2018-12-06 22:49:13,289: ... successfully launched [auto_dock-1]
[roslaunch][INFO] 2018-12-06 22:49:13,289: ... preparing to launch node of type [fetch_auto_dock/dock_on_button.py]
[roslaunch][INFO] 2018-12-06 22:49:13,289: create_node_process: package[fetch_auto_dock] type[dock_on_button.py] machine[Machine(name[] env_loader[None] address[localhost] ssh_port[22] user[None] assignable[True] timeout[10.0])] master_uri[http://localhost:11311]
[roslaunch][INFO] 2018-12-06 22:49:13,289: process[dock_on_button-2]: env[{'LC_NUMERIC': 'ko_KR.UTF-8', 'ROS_DISTRO': 'indigo', 'LC_MEASUREMENT': 'ko_KR.UTF-8', 'LESSOPEN': '| /usr/bin/lesspipe %s', 'SSH_CLIENT': '192.168.0.17 39924 22', 'CPATH': '/home/fetch/catkin_ws/devel/include:/opt/ros/indigo/include', 'LOGNAME': 'fetch', 'USER': 'fetch', 'HOME': '/home/fetch', 'LC_PAPER': 'ko_KR.UTF-8', 'PATH': '/opt/ros/indigo/bin:/usr/local/sbin:/usr/local/bin:/usr/sbin:/usr/bin:/sbin:/bin:/usr/games:/usr/local/games', 'CMAKE_PREFIX_PATH': '/home/fetch/catkin_ws/devel:/opt/ros/indigo', 'ROS_LOG_FILENAME': '/home/fetch/.ros/log/b90fbc02-f9df-11e8-b0ab-000babe55698/roslaunch-freight1207-13357.log', 'LANG': 'en_US.UTF-8', 'TERM': 'xterm-256color', 'SHELL': '/bin/bash', 'LC_MONETARY': 'ko_KR.UTF-8', 'QT_QPA_PLATFORMTHEME': 'appmenu-qt5', 'LD_LIBRARY_PATH': '/home/fetch/catkin_ws/devel/lib:/opt/ros/indigo/lib:/opt/ros/indigo/lib/x86_64-linux-gnu', 'ROS_MASTER_URI': 'http://localhost:11311', 'LC_ALL': 'C', 'XDG_RUNTIME_DIR': '/run/user/1000', 'LC_ADDRESS': 'ko_KR.UTF-8', 'PYTHONPATH': '/home/fetch/catkin_ws/devel/lib/python2.7/dist-packages:/opt/ros/indigo/lib/python2.7/dist-packages', 'ROS_ROOT': '/opt/ros/indigo/share/ros', 'PKG_CONFIG_PATH': '/home/fetch/catkin_ws/devel/lib/pkgconfig:/opt/ros/indigo/lib/pkgconfig:/opt/ros/indigo/lib/x86_64-linux-gnu/pkgconfig', 'ROS_PACKAGE_PATH': '/home/fetch/catkin_ws/src:/opt/ros/indigo/share:/opt/ros/indigo/stacks', 'XDG_SESSION_ID': '10', '_': '/opt/ros/indigo/bin/roslaunch', 'LC_IDENTIFICATION': 'ko_KR.UTF-8', 'LS_COLORS': 'rs=0:di=01;34:ln=01;36:mh=00:pi=40;33:so=01;35:do=01;35:bd=40;33;01:cd=40;33;01:or=40;31;01:su=37;41:sg=30;43:ca=30;41:tw=30;42:ow=34;42:st=37;44:ex=01;32:*.tar=01;31:*.tgz=01;31:*.arj=01;31:*.taz=01;31:*.lzh=01;31:*.lzma=01;31:*.tlz=01;31:*.txz=01;31:*.zip=01;31:*.z=01;31:*.Z=01;31:*.dz=01;31:*.gz=01;31:*.lz=01;31:*.xz=01;31:*.bz2=01;31:*.bz=01;31:*.tbz=01;31:*.tbz2=01;31:*.tz=01;31:*.deb=01;31:*.rpm=01;31:*.jar=01;31:*.war=01;31:*.ear=01;31:*.sar=01;31:*.rar=01;31:*.ace=01;31:*.zoo=01;31:*.cpio=01;31:*.7z=01;31:*.rz=01;31:*.jpg=01;35:*.jpeg=01;35:*.gif=01;35:*.bmp=01;35:*.pbm=01;35:*.pgm=01;35:*.ppm=01;35:*.tga=01;35:*.xbm=01;35:*.xpm=01;35:*.tif=01;35:*.tiff=01;35:*.png=01;35:*.svg=01;35:*.svgz=01;35:*.mng=01;35:*.pcx=01;35:*.mov=01;35:*.mpg=01;35:*.mpeg=01;35:*.m2v=01;35:*.mkv=01;35:*.webm=01;35:*.ogm=01;35:*.mp4=01;35:*.m4v=01;35:*.mp4v=01;35:*.vob=01;35:*.qt=01;35:*.nuv=01;35:*.wmv=01;35:*.asf=01;35:*.rm=01;35:*.rmvb=01;35:*.flc=01;35:*.avi=01;35:*.fli=01;35:*.flv=01;35:*.gl=01;35:*.dl=01;35:*.xcf=01;35:*.xwd=01;35:*.yuv=01;35:*.cgm=01;35:*.emf=01;35:*.axv=01;35:*.anx=01;35:*.ogv=01;35:*.ogx=01;35:*.aac=00;36:*.au=00;36:*.flac=00;36:*.mid=00;36:*.midi=00;36:*.mka=00;36:*.mp3=00;36:*.mpc=00;36:*.ogg=00;36:*.ra=00;36:*.wav=00;36:*.axa=00;36:*.oga=00;36:*.spx=00;36:*.xspf=00;36:', 'LESSCLOSE': '/usr/bin/lesspipe %s %s', 'SSH_TTY': '/dev/pts/31', 'LC_TELEPHONE': 'ko_KR.UTF-8', 'SHLVL': '1', 'PWD': '/home/fetch', 'ROS_ETC_DIR': '/opt/ros/indigo/etc/ros', 'LC_NAME': 'ko_KR.UTF-8', 'MAIL': '/var/mail/fetch', 'LC_TIME': 'ko_KR.UTF-8', 'SSH_CONNECTION': '192.168.0.17 39924 192.168.0.19 22'}]
[roslaunch][INFO] 2018-12-06 22:49:13,290: process[dock_on_button-2]: args[[u'/opt/ros/indigo/lib/fetch_auto_dock/dock_on_button.py', u'__name:=dock_on_button']]
[roslaunch][INFO] 2018-12-06 22:49:13,290: ... created process [dock_on_button-2]
[roslaunch.pmon][INFO] 2018-12-06 22:49:13,290: ProcessMonitor.register[dock_on_button-2]
[roslaunch.pmon][INFO] 2018-12-06 22:49:13,290: ProcessMonitor.register[dock_on_button-2] complete
[roslaunch][INFO] 2018-12-06 22:49:13,290: ... registered process [dock_on_button-2]
[roslaunch][INFO] 2018-12-06 22:49:13,290: process[dock_on_button-2]: starting os process
[roslaunch][ERROR] 2018-12-06 22:49:13,290: Traceback (most recent call last):
  File "/opt/ros/indigo/lib/python2.7/dist-packages/roslaunch/nodeprocess.py", line 276, in start
    logfileout, logfileerr = self._configure_logging()
  File "/opt/ros/indigo/lib/python2.7/dist-packages/roslaunch/nodeprocess.py", line 243, in _configure_logging
    logfileout = open(outf, mode)
IOError: [Errno 13] Permission denied: u'/home/fetch/.ros/log/b90fbc02-f9df-11e8-b0ab-000babe55698/dock_on_button-2-stdout.log'

[roslaunch][ERROR] 2018-12-06 22:49:13,290: [dock_on_button-2] ERROR: unable to configure logging [[Errno 13] Permission denied: u'/home/fetch/.ros/log/b90fbc02-f9df-11e8-b0ab-000babe55698/dock_on_button-2-stdout.log']
[roslaunch][INFO] 2018-12-06 22:49:13,291: process[dock_on_button-2]: start w/ args [[u'/opt/ros/indigo/lib/fetch_auto_dock/dock_on_button.py', u'__name:=dock_on_button']]
[roslaunch][INFO] 2018-12-06 22:49:13,291: process[dock_on_button-2]: cwd will be [/home/fetch/.ros]
[roslaunch][INFO] 2018-12-06 22:49:13,292: process[dock_on_button-2]: started with pid [13376]
[roslaunch][INFO] 2018-12-06 22:49:13,292: ... successfully launched [dock_on_button-2]
[roslaunch][INFO] 2018-12-06 22:49:13,292: ... preparing to launch node of type [fetch_auto_dock/undock_on_button.py]
[roslaunch][INFO] 2018-12-06 22:49:13,292: create_node_process: package[fetch_auto_dock] type[undock_on_button.py] machine[Machine(name[] env_loader[None] address[localhost] ssh_port[22] user[None] assignable[True] timeout[10.0])] master_uri[http://localhost:11311]
[roslaunch][INFO] 2018-12-06 22:49:13,293: process[undock_on_button-3]: env[{'LC_NUMERIC': 'ko_KR.UTF-8', 'ROS_DISTRO': 'indigo', 'LC_MEASUREMENT': 'ko_KR.UTF-8', 'LESSOPEN': '| /usr/bin/lesspipe %s', 'SSH_CLIENT': '192.168.0.17 39924 22', 'CPATH': '/home/fetch/catkin_ws/devel/include:/opt/ros/indigo/include', 'LOGNAME': 'fetch', 'USER': 'fetch', 'HOME': '/home/fetch', 'LC_PAPER': 'ko_KR.UTF-8', 'PATH': '/opt/ros/indigo/bin:/usr/local/sbin:/usr/local/bin:/usr/sbin:/usr/bin:/sbin:/bin:/usr/games:/usr/local/games', 'CMAKE_PREFIX_PATH': '/home/fetch/catkin_ws/devel:/opt/ros/indigo', 'ROS_LOG_FILENAME': '/home/fetch/.ros/log/b90fbc02-f9df-11e8-b0ab-000babe55698/roslaunch-freight1207-13357.log', 'LANG': 'en_US.UTF-8', 'TERM': 'xterm-256color', 'SHELL': '/bin/bash', 'LC_MONETARY': 'ko_KR.UTF-8', 'QT_QPA_PLATFORMTHEME': 'appmenu-qt5', 'LD_LIBRARY_PATH': '/home/fetch/catkin_ws/devel/lib:/opt/ros/indigo/lib:/opt/ros/indigo/lib/x86_64-linux-gnu', 'ROS_MASTER_URI': 'http://localhost:11311', 'LC_ALL': 'C', 'XDG_RUNTIME_DIR': '/run/user/1000', 'LC_ADDRESS': 'ko_KR.UTF-8', 'PYTHONPATH': '/home/fetch/catkin_ws/devel/lib/python2.7/dist-packages:/opt/ros/indigo/lib/python2.7/dist-packages', 'ROS_ROOT': '/opt/ros/indigo/share/ros', 'PKG_CONFIG_PATH': '/home/fetch/catkin_ws/devel/lib/pkgconfig:/opt/ros/indigo/lib/pkgconfig:/opt/ros/indigo/lib/x86_64-linux-gnu/pkgconfig', 'ROS_PACKAGE_PATH': '/home/fetch/catkin_ws/src:/opt/ros/indigo/share:/opt/ros/indigo/stacks', 'XDG_SESSION_ID': '10', '_': '/opt/ros/indigo/bin/roslaunch', 'LC_IDENTIFICATION': 'ko_KR.UTF-8', 'LS_COLORS': 'rs=0:di=01;34:ln=01;36:mh=00:pi=40;33:so=01;35:do=01;35:bd=40;33;01:cd=40;33;01:or=40;31;01:su=37;41:sg=30;43:ca=30;41:tw=30;42:ow=34;42:st=37;44:ex=01;32:*.tar=01;31:*.tgz=01;31:*.arj=01;31:*.taz=01;31:*.lzh=01;31:*.lzma=01;31:*.tlz=01;31:*.txz=01;31:*.zip=01;31:*.z=01;31:*.Z=01;31:*.dz=01;31:*.gz=01;31:*.lz=01;31:*.xz=01;31:*.bz2=01;31:*.bz=01;31:*.tbz=01;31:*.tbz2=01;31:*.tz=01;31:*.deb=01;31:*.rpm=01;31:*.jar=01;31:*.war=01;31:*.ear=01;31:*.sar=01;31:*.rar=01;31:*.ace=01;31:*.zoo=01;31:*.cpio=01;31:*.7z=01;31:*.rz=01;31:*.jpg=01;35:*.jpeg=01;35:*.gif=01;35:*.bmp=01;35:*.pbm=01;35:*.pgm=01;35:*.ppm=01;35:*.tga=01;35:*.xbm=01;35:*.xpm=01;35:*.tif=01;35:*.tiff=01;35:*.png=01;35:*.svg=01;35:*.svgz=01;35:*.mng=01;35:*.pcx=01;35:*.mov=01;35:*.mpg=01;35:*.mpeg=01;35:*.m2v=01;35:*.mkv=01;35:*.webm=01;35:*.ogm=01;35:*.mp4=01;35:*.m4v=01;35:*.mp4v=01;35:*.vob=01;35:*.qt=01;35:*.nuv=01;35:*.wmv=01;35:*.asf=01;35:*.rm=01;35:*.rmvb=01;35:*.flc=01;35:*.avi=01;35:*.fli=01;35:*.flv=01;35:*.gl=01;35:*.dl=01;35:*.xcf=01;35:*.xwd=01;35:*.yuv=01;35:*.cgm=01;35:*.emf=01;35:*.axv=01;35:*.anx=01;35:*.ogv=01;35:*.ogx=01;35:*.aac=00;36:*.au=00;36:*.flac=00;36:*.mid=00;36:*.midi=00;36:*.mka=00;36:*.mp3=00;36:*.mpc=00;36:*.ogg=00;36:*.ra=00;36:*.wav=00;36:*.axa=00;36:*.oga=00;36:*.spx=00;36:*.xspf=00;36:', 'LESSCLOSE': '/usr/bin/lesspipe %s %s', 'SSH_TTY': '/dev/pts/31', 'LC_TELEPHONE': 'ko_KR.UTF-8', 'SHLVL': '1', 'PWD': '/home/fetch', 'ROS_ETC_DIR': '/opt/ros/indigo/etc/ros', 'LC_NAME': 'ko_KR.UTF-8', 'MAIL': '/var/mail/fetch', 'LC_TIME': 'ko_KR.UTF-8', 'SSH_CONNECTION': '192.168.0.17 39924 192.168.0.19 22'}]
[roslaunch][INFO] 2018-12-06 22:49:13,293: process[undock_on_button-3]: args[[u'/opt/ros/indigo/lib/fetch_auto_dock/undock_on_button.py', u'__name:=undock_on_button']]
[roslaunch][INFO] 2018-12-06 22:49:13,293: ... created process [undock_on_button-3]
[roslaunch.pmon][INFO] 2018-12-06 22:49:13,293: ProcessMonitor.register[undock_on_button-3]
[roslaunch.pmon][INFO] 2018-12-06 22:49:13,293: ProcessMonitor.register[undock_on_button-3] complete
[roslaunch][INFO] 2018-12-06 22:49:13,293: ... registered process [undock_on_button-3]
[roslaunch][INFO] 2018-12-06 22:49:13,294: process[undock_on_button-3]: starting os process
[roslaunch][ERROR] 2018-12-06 22:49:13,294: Traceback (most recent call last):
  File "/opt/ros/indigo/lib/python2.7/dist-packages/roslaunch/nodeprocess.py", line 276, in start
    logfileout, logfileerr = self._configure_logging()
  File "/opt/ros/indigo/lib/python2.7/dist-packages/roslaunch/nodeprocess.py", line 243, in _configure_logging
    logfileout = open(outf, mode)
IOError: [Errno 13] Permission denied: u'/home/fetch/.ros/log/b90fbc02-f9df-11e8-b0ab-000babe55698/undock_on_button-3-stdout.log'

[roslaunch][ERROR] 2018-12-06 22:49:13,294: [undock_on_button-3] ERROR: unable to configure logging [[Errno 13] Permission denied: u'/home/fetch/.ros/log/b90fbc02-f9df-11e8-b0ab-000babe55698/undock_on_button-3-stdout.log']
[roslaunch][INFO] 2018-12-06 22:49:13,294: process[undock_on_button-3]: start w/ args [[u'/opt/ros/indigo/lib/fetch_auto_dock/undock_on_button.py', u'__name:=undock_on_button']]
[roslaunch][INFO] 2018-12-06 22:49:13,294: process[undock_on_button-3]: cwd will be [/home/fetch/.ros]
[roslaunch][INFO] 2018-12-06 22:49:13,297: process[undock_on_button-3]: started with pid [13377]
[roslaunch][INFO] 2018-12-06 22:49:13,297: ... successfully launched [undock_on_button-3]
[roslaunch][INFO] 2018-12-06 22:49:13,298: ... launch_nodes complete
[roslaunch.pmon][INFO] 2018-12-06 22:49:13,298: registrations completed <ProcessMonitor(ProcessMonitor-1, started daemon 139727819884288)>
[roslaunch.parent][INFO] 2018-12-06 22:49:13,298: ... roslaunch parent running, waiting for process exit
[roslaunch][INFO] 2018-12-06 22:49:13,298: spin
[roslaunch.pmon][INFO] 2018-12-06 22:50:51,072: ProcessMonitor.shutdown <ProcessMonitor(ProcessMonitor-1, started daemon 139727819884288)>
[roslaunch.pmon][INFO] 2018-12-06 22:50:51,108: ProcessMonitor._post_run <ProcessMonitor(ProcessMonitor-1, started daemon 139727819884288)>
[roslaunch.pmon][INFO] 2018-12-06 22:50:51,108: ProcessMonitor._post_run <ProcessMonitor(ProcessMonitor-1, started daemon 139727819884288)>: remaining procs are [<roslaunch.nodeprocess.LocalProcess object at 0x7f14eb360690>, <roslaunch.nodeprocess.LocalProcess object at 0x7f14eb360bd0>, <roslaunch.nodeprocess.LocalProcess object at 0x7f14ea8f1390>]
[roslaunch.pmon][INFO] 2018-12-06 22:50:51,108: ProcessMonitor exit: killing undock_on_button-3
[roslaunch][INFO] 2018-12-06 22:50:51,108: [undock_on_button-3] killing on exit
[roslaunch.pmon][INFO] 2018-12-06 22:50:51,108: ProcessMonitor exit: killing dock_on_button-2
[roslaunch.pmon][INFO] 2018-12-06 22:50:51,109: ProcessMonitor exit: killing auto_dock-1
[roslaunch][INFO] 2018-12-06 22:50:51,109: process[undock_on_button-3]: killing os process with pid[13377] pgid[13377]
[roslaunch][INFO] 2018-12-06 22:50:51,109: [dock_on_button-2] killing on exit
[roslaunch][INFO] 2018-12-06 22:50:51,109: [auto_dock-1] killing on exit
[roslaunch][INFO] 2018-12-06 22:50:51,109: [undock_on_button-3] sending SIGINT to pgid [13377]
[roslaunch][INFO] 2018-12-06 22:50:51,110: process[dock_on_button-2]: killing os process with pid[13376] pgid[13376]
[roslaunch][INFO] 2018-12-06 22:50:51,110: process[auto_dock-1]: killing os process with pid[13375] pgid[13375]
[roslaunch][INFO] 2018-12-06 22:50:51,110: [undock_on_button-3] sent SIGINT to pgid [13377]
[roslaunch][INFO] 2018-12-06 22:50:51,110: [dock_on_button-2] sending SIGINT to pgid [13376]
[roslaunch][INFO] 2018-12-06 22:50:51,110: [auto_dock-1] sending SIGINT to pgid [13375]
[roslaunch][INFO] 2018-12-06 22:50:51,110: [dock_on_button-2] sent SIGINT to pgid [13376]
[roslaunch][INFO] 2018-12-06 22:50:51,110: [auto_dock-1] sent SIGINT to pgid [13375]
[roslaunch][INFO] 2018-12-06 22:50:51,310: process[undock_on_button-3]: SIGINT killed with return value 0
[roslaunch][INFO] 2018-12-06 22:50:51,311: process[dock_on_button-2]: SIGINT killed with return value 0
[roslaunch][INFO] 2018-12-06 22:50:51,411: process[auto_dock-1]: SIGINT killed with return value 0
[roslaunch.pmon][INFO] 2018-12-06 22:50:51,411: ProcessMonitor exit: cleaning up data structures and signals
[roslaunch.pmon][INFO] 2018-12-06 22:50:51,411: ProcessMonitor exit: pmon has shutdown
[roslaunch][INFO] 2018-12-06 22:50:51,436: process monitor is done spinning, initiating full shutdown
[roslaunch][INFO] 2018-12-06 22:50:51,436: runner.stop()
[roslaunch][INFO] 2018-12-06 22:50:51,436: shutting down processing monitor...
[roslaunch][INFO] 2018-12-06 22:50:51,436: shutting down processing monitor <ProcessMonitor(ProcessMonitor-1, stopped daemon 139727819884288)>
[roslaunch.pmon][INFO] 2018-12-06 22:50:51,436: ProcessMonitor.shutdown <ProcessMonitor(ProcessMonitor-1, stopped daemon 139727819884288)>
[roslaunch][INFO] 2018-12-06 22:50:51,436: ... shutting down processing monitor complete
[roslaunch][INFO] 2018-12-06 22:50:51,436: done
[roslaunch.pmon][INFO] 2018-12-06 22:50:51,436: ProcessMonitor.shutdown <ProcessMonitor(ProcessMonitor-1, stopped daemon 139727819884288)>
[rospy.core][INFO] 2018-12-06 22:50:51,436: signal_shutdown [atexit]
