[roslaunch][INFO] 2020-11-08 23:01:21,953: Checking log directory for disk usage. This may take awhile.
Press Ctrl-C to interrupt
[roslaunch][INFO] 2020-11-08 23:01:21,957: Done checking log file disk usage. Usage is <1GB.
[roslaunch][INFO] 2020-11-08 23:01:21,957: roslaunch starting with args ['/opt/ros/indigo/bin/roslaunch', 'fetch_navigation', 'freight_nav.launch']
[roslaunch][INFO] 2020-11-08 23:01:21,957: roslaunch env is {'ROS_DISTRO': 'indigo', 'LESSOPEN': '| /usr/bin/lesspipe %s', 'SSH_CLIENT': '172.22.77.105 62391 22', 'CPATH': '/home/fetch/catkin_ws/devel/include:/opt/ros/indigo/include', 'LOGNAME': 'fetch', 'USER': 'fetch', 'PATH': '/opt/ros/indigo/bin:/usr/local/sbin:/usr/local/bin:/usr/sbin:/usr/bin:/sbin:/bin:/usr/games:/usr/local/games', 'HOME': '/home/fetch', 'VIRTUALENVWRAPPER_SCRIPT': '/usr/share/virtualenvwrapper/virtualenvwrapper.sh', 'LD_LIBRARY_PATH': '/home/fetch/catkin_ws/devel/lib:/opt/ros/indigo/lib', 'LANG': 'en_US.UTF-8', 'TERM': 'xterm-256color', 'SHELL': '/bin/bash', 'ROS_LOG_FILENAME': '/home/fetch/.ros/log/afd34642-2253-11eb-a78b-000babe55698/roslaunch-freight1207-16143.log', 'SHLVL': '1', 'QT_QPA_PLATFORMTHEME': 'appmenu-qt5', 'ROS_ETC_DIR': '/opt/ros/indigo/etc/ros', 'DISPLAY': 'localhost:11.0', '_VIRTUALENVWRAPPER_API': ' mkvirtualenv rmvirtualenv lsvirtualenv showvirtualenv workon add2virtualenv cdsitepackages cdvirtualenv lssitepackages toggleglobalsitepackages cpvirtualenv setvirtualenvproject mkproject cdproject mktmpenv mkvirtualenv rmvirtualenv lsvirtualenv showvirtualenv workon add2virtualenv cdsitepackages cdvirtualenv lssitepackages toggleglobalsitepackages cpvirtualenv setvirtualenvproject mkproject cdproject mktmpenv', 'CMAKE_PREFIX_PATH': '/home/fetch/catkin_ws/devel:/opt/ros/indigo', 'XDG_RUNTIME_DIR': '/run/user/1000', 'PYTHONPATH': '/home/fetch/catkin_ws/devel/lib/python2.7/dist-packages:/opt/ros/indigo/lib/python2.7/dist-packages', 'ROS_ROOT': '/opt/ros/indigo/share/ros', 'PKG_CONFIG_PATH': '/home/fetch/catkin_ws/devel/lib/pkgconfig:/opt/ros/indigo/lib/pkgconfig', 'ROS_PACKAGE_PATH': '/home/fetch/catkin_ws/src:/opt/ros/indigo/share:/opt/ros/indigo/stacks', 'XDG_SESSION_ID': '2', '_': '/opt/ros/indigo/bin/roslaunch', 'SSH_CONNECTION': '172.22.77.105 62391 172.22.77.172 22', 'LESSCLOSE': '/usr/bin/lesspipe %s %s', 'SSH_TTY': '/dev/pts/8', 'OLDPWD': '/home/fetch', 'ROSLISP_PACKAGE_DIRECTORIES': '/home/fetch/catkin_ws/devel/share/common-lisp', 'PWD': '/home/fetch/catkin_ws/src/patrolling/src', 'ROS_MASTER_URI': 'http://localhost:11311', 'MAIL': '/var/mail/fetch', 'LS_COLORS': 'rs=0:di=01;34:ln=01;36:mh=00:pi=40;33:so=01;35:do=01;35:bd=40;33;01:cd=40;33;01:or=40;31;01:su=37;41:sg=30;43:ca=30;41:tw=30;42:ow=34;42:st=37;44:ex=01;32:*.tar=01;31:*.tgz=01;31:*.arj=01;31:*.taz=01;31:*.lzh=01;31:*.lzma=01;31:*.tlz=01;31:*.txz=01;31:*.zip=01;31:*.z=01;31:*.Z=01;31:*.dz=01;31:*.gz=01;31:*.lz=01;31:*.xz=01;31:*.bz2=01;31:*.bz=01;31:*.tbz=01;31:*.tbz2=01;31:*.tz=01;31:*.deb=01;31:*.rpm=01;31:*.jar=01;31:*.war=01;31:*.ear=01;31:*.sar=01;31:*.rar=01;31:*.ace=01;31:*.zoo=01;31:*.cpio=01;31:*.7z=01;31:*.rz=01;31:*.jpg=01;35:*.jpeg=01;35:*.gif=01;35:*.bmp=01;35:*.pbm=01;35:*.pgm=01;35:*.ppm=01;35:*.tga=01;35:*.xbm=01;35:*.xpm=01;35:*.tif=01;35:*.tiff=01;35:*.png=01;35:*.svg=01;35:*.svgz=01;35:*.mng=01;35:*.pcx=01;35:*.mov=01;35:*.mpg=01;35:*.mpeg=01;35:*.m2v=01;35:*.mkv=01;35:*.webm=01;35:*.ogm=01;35:*.mp4=01;35:*.m4v=01;35:*.mp4v=01;35:*.vob=01;35:*.qt=01;35:*.nuv=01;35:*.wmv=01;35:*.asf=01;35:*.rm=01;35:*.rmvb=01;35:*.flc=01;35:*.avi=01;35:*.fli=01;35:*.flv=01;35:*.gl=01;35:*.dl=01;35:*.xcf=01;35:*.xwd=01;35:*.yuv=01;35:*.cgm=01;35:*.emf=01;35:*.axv=01;35:*.anx=01;35:*.ogv=01;35:*.ogx=01;35:*.aac=00;36:*.au=00;36:*.flac=00;36:*.mid=00;36:*.midi=00;36:*.mka=00;36:*.mp3=00;36:*.mpc=00;36:*.ogg=00;36:*.ra=00;36:*.wav=00;36:*.axa=00;36:*.oga=00;36:*.spx=00;36:*.xspf=00;36:'}
[roslaunch][INFO] 2020-11-08 23:01:21,957: starting in server mode
[roslaunch.parent][INFO] 2020-11-08 23:01:21,957: starting roslaunch parent run
[roslaunch][INFO] 2020-11-08 23:01:21,958: loading roscore config file /opt/ros/indigo/etc/ros/roscore.xml
[roslaunch][INFO] 2020-11-08 23:01:22,034: Added core node of type [rosout/rosout] in namespace [/]
[roslaunch.config][INFO] 2020-11-08 23:01:22,034: loading config file /opt/ros/indigo/share/fetch_navigation/launch/freight_nav.launch
[roslaunch][INFO] 2020-11-08 23:01:22,071: Added node of type [map_server/map_server] in namespace [/]
[roslaunch][INFO] 2020-11-08 23:01:22,072: Added node of type [rviz/rviz] in namespace [/]
[roslaunch][INFO] 2020-11-08 23:01:22,077: Added node of type [amcl/amcl] in namespace [/]
[roslaunch][INFO] 2020-11-08 23:01:22,094: Added node of type [move_base/move_base] in namespace [/]
[roslaunch][INFO] 2020-11-08 23:01:22,094: ... selected machine [] for node of type [map_server/map_server]
[roslaunch][INFO] 2020-11-08 23:01:22,094: ... selected machine [] for node of type [rviz/rviz]
[roslaunch][INFO] 2020-11-08 23:01:22,094: ... selected machine [] for node of type [amcl/amcl]
[roslaunch][INFO] 2020-11-08 23:01:22,095: ... selected machine [] for node of type [move_base/move_base]
[roslaunch.pmon][INFO] 2020-11-08 23:01:22,095: start_process_monitor: creating ProcessMonitor
[roslaunch.pmon][INFO] 2020-11-08 23:01:22,095: created process monitor <ProcessMonitor(ProcessMonitor-1, initial daemon)>
[roslaunch.pmon][INFO] 2020-11-08 23:01:22,095: start_process_monitor: ProcessMonitor started
[roslaunch.parent][INFO] 2020-11-08 23:01:22,095: starting parent XML-RPC server
[roslaunch.server][INFO] 2020-11-08 23:01:22,095: starting roslaunch XML-RPC server
[roslaunch.server][INFO] 2020-11-08 23:01:22,096: waiting for roslaunch XML-RPC server to initialize
[xmlrpc][INFO] 2020-11-08 23:01:22,096: XML-RPC server binding to 0.0.0.0:0
[xmlrpc][INFO] 2020-11-08 23:01:22,096: Started XML-RPC server [http://freight1207:51242/]
[xmlrpc][INFO] 2020-11-08 23:01:22,096: xml rpc node: starting XML-RPC server
[roslaunch][INFO] 2020-11-08 23:01:22,107: started roslaunch server http://freight1207:51242/
[roslaunch.parent][INFO] 2020-11-08 23:01:22,107: ... parent XML-RPC server started
[roslaunch][INFO] 2020-11-08 23:01:22,108: master.is_running[http://localhost:11311]
[roslaunch][INFO] 2020-11-08 23:01:22,108: master.is_running[http://localhost:11311]
[roslaunch][INFO] 2020-11-08 23:01:22,109: ROS_MASTER_URI=http://localhost:11311
[roslaunch][INFO] 2020-11-08 23:01:22,110: setting /roslaunch/uris/host_freight1207__51242' to http://freight1207:51242/
[roslaunch][INFO] 2020-11-08 23:01:22,112: load_parameters starting ...
[roslaunch][INFO] 2020-11-08 23:01:22,131: ... load_parameters complete
[roslaunch][INFO] 2020-11-08 23:01:22,131: launch_nodes: launching local nodes ...
[roslaunch][INFO] 2020-11-08 23:01:22,131: ... preparing to launch node of type [map_server/map_server]
[roslaunch][INFO] 2020-11-08 23:01:22,131: create_node_process: package[map_server] type[map_server] machine[Machine(name[] env_loader[None] address[localhost] ssh_port[22] user[None] assignable[True] timeout[10.0])] master_uri[http://localhost:11311]
[roslaunch][INFO] 2020-11-08 23:01:22,131: process[map_server-1]: env[{'ROS_DISTRO': 'indigo', 'LESSOPEN': '| /usr/bin/lesspipe %s', 'SSH_CLIENT': '172.22.77.105 62391 22', 'CPATH': '/home/fetch/catkin_ws/devel/include:/opt/ros/indigo/include', 'LOGNAME': 'fetch', 'USER': 'fetch', 'PATH': '/opt/ros/indigo/bin:/usr/local/sbin:/usr/local/bin:/usr/sbin:/usr/bin:/sbin:/bin:/usr/games:/usr/local/games', 'HOME': '/home/fetch', 'CMAKE_PREFIX_PATH': '/home/fetch/catkin_ws/devel:/opt/ros/indigo', 'ROS_LOG_FILENAME': '/home/fetch/.ros/log/afd34642-2253-11eb-a78b-000babe55698/roslaunch-freight1207-16143.log', 'LANG': 'en_US.UTF-8', 'TERM': 'xterm-256color', 'SHELL': '/bin/bash', 'SHLVL': '1', 'QT_QPA_PLATFORMTHEME': 'appmenu-qt5', 'DISPLAY': 'localhost:11.0', '_VIRTUALENVWRAPPER_API': ' mkvirtualenv rmvirtualenv lsvirtualenv showvirtualenv workon add2virtualenv cdsitepackages cdvirtualenv lssitepackages toggleglobalsitepackages cpvirtualenv setvirtualenvproject mkproject cdproject mktmpenv mkvirtualenv rmvirtualenv lsvirtualenv showvirtualenv workon add2virtualenv cdsitepackages cdvirtualenv lssitepackages toggleglobalsitepackages cpvirtualenv setvirtualenvproject mkproject cdproject mktmpenv', 'XDG_RUNTIME_DIR': '/run/user/1000', 'PYTHONPATH': '/home/fetch/catkin_ws/devel/lib/python2.7/dist-packages:/opt/ros/indigo/lib/python2.7/dist-packages', 'ROS_ROOT': '/opt/ros/indigo/share/ros', 'PKG_CONFIG_PATH': '/home/fetch/catkin_ws/devel/lib/pkgconfig:/opt/ros/indigo/lib/pkgconfig', 'ROS_PACKAGE_PATH': '/home/fetch/catkin_ws/src:/opt/ros/indigo/share:/opt/ros/indigo/stacks', 'XDG_SESSION_ID': '2', '_': '/opt/ros/indigo/bin/roslaunch', 'LD_LIBRARY_PATH': '/home/fetch/catkin_ws/devel/lib:/opt/ros/indigo/lib', 'LS_COLORS': 'rs=0:di=01;34:ln=01;36:mh=00:pi=40;33:so=01;35:do=01;35:bd=40;33;01:cd=40;33;01:or=40;31;01:su=37;41:sg=30;43:ca=30;41:tw=30;42:ow=34;42:st=37;44:ex=01;32:*.tar=01;31:*.tgz=01;31:*.arj=01;31:*.taz=01;31:*.lzh=01;31:*.lzma=01;31:*.tlz=01;31:*.txz=01;31:*.zip=01;31:*.z=01;31:*.Z=01;31:*.dz=01;31:*.gz=01;31:*.lz=01;31:*.xz=01;31:*.bz2=01;31:*.bz=01;31:*.tbz=01;31:*.tbz2=01;31:*.tz=01;31:*.deb=01;31:*.rpm=01;31:*.jar=01;31:*.war=01;31:*.ear=01;31:*.sar=01;31:*.rar=01;31:*.ace=01;31:*.zoo=01;31:*.cpio=01;31:*.7z=01;31:*.rz=01;31:*.jpg=01;35:*.jpeg=01;35:*.gif=01;35:*.bmp=01;35:*.pbm=01;35:*.pgm=01;35:*.ppm=01;35:*.tga=01;35:*.xbm=01;35:*.xpm=01;35:*.tif=01;35:*.tiff=01;35:*.png=01;35:*.svg=01;35:*.svgz=01;35:*.mng=01;35:*.pcx=01;35:*.mov=01;35:*.mpg=01;35:*.mpeg=01;35:*.m2v=01;35:*.mkv=01;35:*.webm=01;35:*.ogm=01;35:*.mp4=01;35:*.m4v=01;35:*.mp4v=01;35:*.vob=01;35:*.qt=01;35:*.nuv=01;35:*.wmv=01;35:*.asf=01;35:*.rm=01;35:*.rmvb=01;35:*.flc=01;35:*.avi=01;35:*.fli=01;35:*.flv=01;35:*.gl=01;35:*.dl=01;35:*.xcf=01;35:*.xwd=01;35:*.yuv=01;35:*.cgm=01;35:*.emf=01;35:*.axv=01;35:*.anx=01;35:*.ogv=01;35:*.ogx=01;35:*.aac=00;36:*.au=00;36:*.flac=00;36:*.mid=00;36:*.midi=00;36:*.mka=00;36:*.mp3=00;36:*.mpc=00;36:*.ogg=00;36:*.ra=00;36:*.wav=00;36:*.axa=00;36:*.oga=00;36:*.spx=00;36:*.xspf=00;36:', 'LESSCLOSE': '/usr/bin/lesspipe %s %s', 'SSH_TTY': '/dev/pts/8', 'OLDPWD': '/home/fetch', 'ROSLISP_PACKAGE_DIRECTORIES': '/home/fetch/catkin_ws/devel/share/common-lisp', 'VIRTUALENVWRAPPER_SCRIPT': '/usr/share/virtualenvwrapper/virtualenvwrapper.sh', 'PWD': '/home/fetch/catkin_ws/src/patrolling/src', 'ROS_ETC_DIR': '/opt/ros/indigo/etc/ros', 'ROS_MASTER_URI': 'http://localhost:11311', 'MAIL': '/var/mail/fetch', 'SSH_CONNECTION': '172.22.77.105 62391 172.22.77.172 22'}]
[roslaunch][INFO] 2020-11-08 23:01:22,169: process[map_server-1]: args[[u'/opt/ros/indigo/lib/map_server/map_server', '/home/fetch/final_map.yaml', u'__name:=map_server']]
[roslaunch][INFO] 2020-11-08 23:01:22,169: ... created process [map_server-1]
[roslaunch.pmon][INFO] 2020-11-08 23:01:22,169: ProcessMonitor.register[map_server-1]
[roslaunch.pmon][INFO] 2020-11-08 23:01:22,169: ProcessMonitor.register[map_server-1] complete
[roslaunch][INFO] 2020-11-08 23:01:22,169: ... registered process [map_server-1]
[roslaunch][INFO] 2020-11-08 23:01:22,169: process[map_server-1]: starting os process
[roslaunch][INFO] 2020-11-08 23:01:22,169: process[map_server-1]: start w/ args [[u'/opt/ros/indigo/lib/map_server/map_server', '/home/fetch/final_map.yaml', u'__name:=map_server', u'__log:=/home/fetch/.ros/log/afd34642-2253-11eb-a78b-000babe55698/map_server-1.log']]
[roslaunch][INFO] 2020-11-08 23:01:22,169: process[map_server-1]: cwd will be [/home/fetch/.ros]
[roslaunch][INFO] 2020-11-08 23:01:22,171: process[map_server-1]: started with pid [16161]
[roslaunch][INFO] 2020-11-08 23:01:22,171: ... successfully launched [map_server-1]
[roslaunch][INFO] 2020-11-08 23:01:22,171: ... preparing to launch node of type [rviz/rviz]
[roslaunch][INFO] 2020-11-08 23:01:22,171: create_node_process: package[rviz] type[rviz] machine[Machine(name[] env_loader[None] address[localhost] ssh_port[22] user[None] assignable[True] timeout[10.0])] master_uri[http://localhost:11311]
[roslaunch][INFO] 2020-11-08 23:01:22,171: process[rviz-2]: env[{'ROS_DISTRO': 'indigo', 'LESSOPEN': '| /usr/bin/lesspipe %s', 'SSH_CLIENT': '172.22.77.105 62391 22', 'CPATH': '/home/fetch/catkin_ws/devel/include:/opt/ros/indigo/include', 'LOGNAME': 'fetch', 'USER': 'fetch', 'PATH': '/opt/ros/indigo/bin:/usr/local/sbin:/usr/local/bin:/usr/sbin:/usr/bin:/sbin:/bin:/usr/games:/usr/local/games', 'HOME': '/home/fetch', 'CMAKE_PREFIX_PATH': '/home/fetch/catkin_ws/devel:/opt/ros/indigo', 'ROS_LOG_FILENAME': '/home/fetch/.ros/log/afd34642-2253-11eb-a78b-000babe55698/roslaunch-freight1207-16143.log', 'LANG': 'en_US.UTF-8', 'TERM': 'xterm-256color', 'SHELL': '/bin/bash', 'SHLVL': '1', 'QT_QPA_PLATFORMTHEME': 'appmenu-qt5', 'DISPLAY': 'localhost:11.0', '_VIRTUALENVWRAPPER_API': ' mkvirtualenv rmvirtualenv lsvirtualenv showvirtualenv workon add2virtualenv cdsitepackages cdvirtualenv lssitepackages toggleglobalsitepackages cpvirtualenv setvirtualenvproject mkproject cdproject mktmpenv mkvirtualenv rmvirtualenv lsvirtualenv showvirtualenv workon add2virtualenv cdsitepackages cdvirtualenv lssitepackages toggleglobalsitepackages cpvirtualenv setvirtualenvproject mkproject cdproject mktmpenv', 'XDG_RUNTIME_DIR': '/run/user/1000', 'PYTHONPATH': '/home/fetch/catkin_ws/devel/lib/python2.7/dist-packages:/opt/ros/indigo/lib/python2.7/dist-packages', 'ROS_ROOT': '/opt/ros/indigo/share/ros', 'PKG_CONFIG_PATH': '/home/fetch/catkin_ws/devel/lib/pkgconfig:/opt/ros/indigo/lib/pkgconfig', 'ROS_PACKAGE_PATH': '/home/fetch/catkin_ws/src:/opt/ros/indigo/share:/opt/ros/indigo/stacks', 'XDG_SESSION_ID': '2', '_': '/opt/ros/indigo/bin/roslaunch', 'LD_LIBRARY_PATH': '/home/fetch/catkin_ws/devel/lib:/opt/ros/indigo/lib', 'LS_COLORS': 'rs=0:di=01;34:ln=01;36:mh=00:pi=40;33:so=01;35:do=01;35:bd=40;33;01:cd=40;33;01:or=40;31;01:su=37;41:sg=30;43:ca=30;41:tw=30;42:ow=34;42:st=37;44:ex=01;32:*.tar=01;31:*.tgz=01;31:*.arj=01;31:*.taz=01;31:*.lzh=01;31:*.lzma=01;31:*.tlz=01;31:*.txz=01;31:*.zip=01;31:*.z=01;31:*.Z=01;31:*.dz=01;31:*.gz=01;31:*.lz=01;31:*.xz=01;31:*.bz2=01;31:*.bz=01;31:*.tbz=01;31:*.tbz2=01;31:*.tz=01;31:*.deb=01;31:*.rpm=01;31:*.jar=01;31:*.war=01;31:*.ear=01;31:*.sar=01;31:*.rar=01;31:*.ace=01;31:*.zoo=01;31:*.cpio=01;31:*.7z=01;31:*.rz=01;31:*.jpg=01;35:*.jpeg=01;35:*.gif=01;35:*.bmp=01;35:*.pbm=01;35:*.pgm=01;35:*.ppm=01;35:*.tga=01;35:*.xbm=01;35:*.xpm=01;35:*.tif=01;35:*.tiff=01;35:*.png=01;35:*.svg=01;35:*.svgz=01;35:*.mng=01;35:*.pcx=01;35:*.mov=01;35:*.mpg=01;35:*.mpeg=01;35:*.m2v=01;35:*.mkv=01;35:*.webm=01;35:*.ogm=01;35:*.mp4=01;35:*.m4v=01;35:*.mp4v=01;35:*.vob=01;35:*.qt=01;35:*.nuv=01;35:*.wmv=01;35:*.asf=01;35:*.rm=01;35:*.rmvb=01;35:*.flc=01;35:*.avi=01;35:*.fli=01;35:*.flv=01;35:*.gl=01;35:*.dl=01;35:*.xcf=01;35:*.xwd=01;35:*.yuv=01;35:*.cgm=01;35:*.emf=01;35:*.axv=01;35:*.anx=01;35:*.ogv=01;35:*.ogx=01;35:*.aac=00;36:*.au=00;36:*.flac=00;36:*.mid=00;36:*.midi=00;36:*.mka=00;36:*.mp3=00;36:*.mpc=00;36:*.ogg=00;36:*.ra=00;36:*.wav=00;36:*.axa=00;36:*.oga=00;36:*.spx=00;36:*.xspf=00;36:', 'LESSCLOSE': '/usr/bin/lesspipe %s %s', 'SSH_TTY': '/dev/pts/8', 'OLDPWD': '/home/fetch', 'ROSLISP_PACKAGE_DIRECTORIES': '/home/fetch/catkin_ws/devel/share/common-lisp', 'VIRTUALENVWRAPPER_SCRIPT': '/usr/share/virtualenvwrapper/virtualenvwrapper.sh', 'PWD': '/home/fetch/catkin_ws/src/patrolling/src', 'ROS_ETC_DIR': '/opt/ros/indigo/etc/ros', 'ROS_MASTER_URI': 'http://localhost:11311', 'MAIL': '/var/mail/fetch', 'SSH_CONNECTION': '172.22.77.105 62391 172.22.77.172 22'}]
[roslaunch][INFO] 2020-11-08 23:01:22,173: process[rviz-2]: args[[u'/opt/ros/indigo/lib/rviz/rviz', '/opt/ros/indigo/share/fetch_navigation/config/navigation.rviz', u'__name:=rviz']]
[roslaunch][INFO] 2020-11-08 23:01:22,173: ... created process [rviz-2]
[roslaunch.pmon][INFO] 2020-11-08 23:01:22,173: ProcessMonitor.register[rviz-2]
[roslaunch.pmon][INFO] 2020-11-08 23:01:22,174: ProcessMonitor.register[rviz-2] complete
[roslaunch][INFO] 2020-11-08 23:01:22,174: ... registered process [rviz-2]
[roslaunch][INFO] 2020-11-08 23:01:22,174: process[rviz-2]: starting os process
[roslaunch][INFO] 2020-11-08 23:01:22,174: process[rviz-2]: start w/ args [[u'/opt/ros/indigo/lib/rviz/rviz', '/opt/ros/indigo/share/fetch_navigation/config/navigation.rviz', u'__name:=rviz', u'__log:=/home/fetch/.ros/log/afd34642-2253-11eb-a78b-000babe55698/rviz-2.log']]
[roslaunch][INFO] 2020-11-08 23:01:22,174: process[rviz-2]: cwd will be [/home/fetch/.ros]
[roslaunch][INFO] 2020-11-08 23:01:22,175: process[rviz-2]: started with pid [16162]
[roslaunch][INFO] 2020-11-08 23:01:22,176: ... successfully launched [rviz-2]
[roslaunch][INFO] 2020-11-08 23:01:22,176: ... preparing to launch node of type [amcl/amcl]
[roslaunch][INFO] 2020-11-08 23:01:22,176: create_node_process: package[amcl] type[amcl] machine[Machine(name[] env_loader[None] address[localhost] ssh_port[22] user[None] assignable[True] timeout[10.0])] master_uri[http://localhost:11311]
[roslaunch][INFO] 2020-11-08 23:01:22,176: process[amcl-3]: env[{'ROS_DISTRO': 'indigo', 'LESSOPEN': '| /usr/bin/lesspipe %s', 'SSH_CLIENT': '172.22.77.105 62391 22', 'CPATH': '/home/fetch/catkin_ws/devel/include:/opt/ros/indigo/include', 'LOGNAME': 'fetch', 'USER': 'fetch', 'PATH': '/opt/ros/indigo/bin:/usr/local/sbin:/usr/local/bin:/usr/sbin:/usr/bin:/sbin:/bin:/usr/games:/usr/local/games', 'HOME': '/home/fetch', 'CMAKE_PREFIX_PATH': '/home/fetch/catkin_ws/devel:/opt/ros/indigo', 'ROS_LOG_FILENAME': '/home/fetch/.ros/log/afd34642-2253-11eb-a78b-000babe55698/roslaunch-freight1207-16143.log', 'LANG': 'en_US.UTF-8', 'TERM': 'xterm-256color', 'SHELL': '/bin/bash', 'SHLVL': '1', 'QT_QPA_PLATFORMTHEME': 'appmenu-qt5', 'DISPLAY': 'localhost:11.0', '_VIRTUALENVWRAPPER_API': ' mkvirtualenv rmvirtualenv lsvirtualenv showvirtualenv workon add2virtualenv cdsitepackages cdvirtualenv lssitepackages toggleglobalsitepackages cpvirtualenv setvirtualenvproject mkproject cdproject mktmpenv mkvirtualenv rmvirtualenv lsvirtualenv showvirtualenv workon add2virtualenv cdsitepackages cdvirtualenv lssitepackages toggleglobalsitepackages cpvirtualenv setvirtualenvproject mkproject cdproject mktmpenv', 'XDG_RUNTIME_DIR': '/run/user/1000', 'PYTHONPATH': '/home/fetch/catkin_ws/devel/lib/python2.7/dist-packages:/opt/ros/indigo/lib/python2.7/dist-packages', 'ROS_ROOT': '/opt/ros/indigo/share/ros', 'PKG_CONFIG_PATH': '/home/fetch/catkin_ws/devel/lib/pkgconfig:/opt/ros/indigo/lib/pkgconfig', 'ROS_PACKAGE_PATH': '/home/fetch/catkin_ws/src:/opt/ros/indigo/share:/opt/ros/indigo/stacks', 'XDG_SESSION_ID': '2', '_': '/opt/ros/indigo/bin/roslaunch', 'LD_LIBRARY_PATH': '/home/fetch/catkin_ws/devel/lib:/opt/ros/indigo/lib', 'LS_COLORS': 'rs=0:di=01;34:ln=01;36:mh=00:pi=40;33:so=01;35:do=01;35:bd=40;33;01:cd=40;33;01:or=40;31;01:su=37;41:sg=30;43:ca=30;41:tw=30;42:ow=34;42:st=37;44:ex=01;32:*.tar=01;31:*.tgz=01;31:*.arj=01;31:*.taz=01;31:*.lzh=01;31:*.lzma=01;31:*.tlz=01;31:*.txz=01;31:*.zip=01;31:*.z=01;31:*.Z=01;31:*.dz=01;31:*.gz=01;31:*.lz=01;31:*.xz=01;31:*.bz2=01;31:*.bz=01;31:*.tbz=01;31:*.tbz2=01;31:*.tz=01;31:*.deb=01;31:*.rpm=01;31:*.jar=01;31:*.war=01;31:*.ear=01;31:*.sar=01;31:*.rar=01;31:*.ace=01;31:*.zoo=01;31:*.cpio=01;31:*.7z=01;31:*.rz=01;31:*.jpg=01;35:*.jpeg=01;35:*.gif=01;35:*.bmp=01;35:*.pbm=01;35:*.pgm=01;35:*.ppm=01;35:*.tga=01;35:*.xbm=01;35:*.xpm=01;35:*.tif=01;35:*.tiff=01;35:*.png=01;35:*.svg=01;35:*.svgz=01;35:*.mng=01;35:*.pcx=01;35:*.mov=01;35:*.mpg=01;35:*.mpeg=01;35:*.m2v=01;35:*.mkv=01;35:*.webm=01;35:*.ogm=01;35:*.mp4=01;35:*.m4v=01;35:*.mp4v=01;35:*.vob=01;35:*.qt=01;35:*.nuv=01;35:*.wmv=01;35:*.asf=01;35:*.rm=01;35:*.rmvb=01;35:*.flc=01;35:*.avi=01;35:*.fli=01;35:*.flv=01;35:*.gl=01;35:*.dl=01;35:*.xcf=01;35:*.xwd=01;35:*.yuv=01;35:*.cgm=01;35:*.emf=01;35:*.axv=01;35:*.anx=01;35:*.ogv=01;35:*.ogx=01;35:*.aac=00;36:*.au=00;36:*.flac=00;36:*.mid=00;36:*.midi=00;36:*.mka=00;36:*.mp3=00;36:*.mpc=00;36:*.ogg=00;36:*.ra=00;36:*.wav=00;36:*.axa=00;36:*.oga=00;36:*.spx=00;36:*.xspf=00;36:', 'LESSCLOSE': '/usr/bin/lesspipe %s %s', 'SSH_TTY': '/dev/pts/8', 'OLDPWD': '/home/fetch', 'ROSLISP_PACKAGE_DIRECTORIES': '/home/fetch/catkin_ws/devel/share/common-lisp', 'VIRTUALENVWRAPPER_SCRIPT': '/usr/share/virtualenvwrapper/virtualenvwrapper.sh', 'PWD': '/home/fetch/catkin_ws/src/patrolling/src', 'ROS_ETC_DIR': '/opt/ros/indigo/etc/ros', 'ROS_MASTER_URI': 'http://localhost:11311', 'MAIL': '/var/mail/fetch', 'SSH_CONNECTION': '172.22.77.105 62391 172.22.77.172 22'}]
[roslaunch][INFO] 2020-11-08 23:01:22,176: process[amcl-3]: args[[u'/opt/ros/indigo/lib/amcl/amcl', u'scan:=base_scan', u'map:=map', u'__name:=amcl']]
[roslaunch][INFO] 2020-11-08 23:01:22,177: ... created process [amcl-3]
[roslaunch.pmon][INFO] 2020-11-08 23:01:22,177: ProcessMonitor.register[amcl-3]
[roslaunch.pmon][INFO] 2020-11-08 23:01:22,177: ProcessMonitor.register[amcl-3] complete
[roslaunch][INFO] 2020-11-08 23:01:22,177: ... registered process [amcl-3]
[roslaunch][INFO] 2020-11-08 23:01:22,177: process[amcl-3]: starting os process
[roslaunch][INFO] 2020-11-08 23:01:22,177: process[amcl-3]: start w/ args [[u'/opt/ros/indigo/lib/amcl/amcl', u'scan:=base_scan', u'map:=map', u'__name:=amcl', u'__log:=/home/fetch/.ros/log/afd34642-2253-11eb-a78b-000babe55698/amcl-3.log']]
[roslaunch][INFO] 2020-11-08 23:01:22,177: process[amcl-3]: cwd will be [/home/fetch/.ros]
[roslaunch][INFO] 2020-11-08 23:01:22,186: process[amcl-3]: started with pid [16163]
[roslaunch][INFO] 2020-11-08 23:01:22,186: ... successfully launched [amcl-3]
[roslaunch][INFO] 2020-11-08 23:01:22,186: ... preparing to launch node of type [move_base/move_base]
[roslaunch][INFO] 2020-11-08 23:01:22,186: create_node_process: package[move_base] type[move_base] machine[Machine(name[] env_loader[None] address[localhost] ssh_port[22] user[None] assignable[True] timeout[10.0])] master_uri[http://localhost:11311]
[roslaunch][INFO] 2020-11-08 23:01:22,187: process[move_base-4]: env[{'ROS_DISTRO': 'indigo', 'LESSOPEN': '| /usr/bin/lesspipe %s', 'SSH_CLIENT': '172.22.77.105 62391 22', 'CPATH': '/home/fetch/catkin_ws/devel/include:/opt/ros/indigo/include', 'LOGNAME': 'fetch', 'USER': 'fetch', 'PATH': '/opt/ros/indigo/bin:/usr/local/sbin:/usr/local/bin:/usr/sbin:/usr/bin:/sbin:/bin:/usr/games:/usr/local/games', 'HOME': '/home/fetch', 'CMAKE_PREFIX_PATH': '/home/fetch/catkin_ws/devel:/opt/ros/indigo', 'ROS_LOG_FILENAME': '/home/fetch/.ros/log/afd34642-2253-11eb-a78b-000babe55698/roslaunch-freight1207-16143.log', 'LANG': 'en_US.UTF-8', 'TERM': 'xterm-256color', 'SHELL': '/bin/bash', 'SHLVL': '1', 'QT_QPA_PLATFORMTHEME': 'appmenu-qt5', 'DISPLAY': 'localhost:11.0', '_VIRTUALENVWRAPPER_API': ' mkvirtualenv rmvirtualenv lsvirtualenv showvirtualenv workon add2virtualenv cdsitepackages cdvirtualenv lssitepackages toggleglobalsitepackages cpvirtualenv setvirtualenvproject mkproject cdproject mktmpenv mkvirtualenv rmvirtualenv lsvirtualenv showvirtualenv workon add2virtualenv cdsitepackages cdvirtualenv lssitepackages toggleglobalsitepackages cpvirtualenv setvirtualenvproject mkproject cdproject mktmpenv', 'XDG_RUNTIME_DIR': '/run/user/1000', 'PYTHONPATH': '/home/fetch/catkin_ws/devel/lib/python2.7/dist-packages:/opt/ros/indigo/lib/python2.7/dist-packages', 'ROS_ROOT': '/opt/ros/indigo/share/ros', 'PKG_CONFIG_PATH': '/home/fetch/catkin_ws/devel/lib/pkgconfig:/opt/ros/indigo/lib/pkgconfig', 'ROS_PACKAGE_PATH': '/home/fetch/catkin_ws/src:/opt/ros/indigo/share:/opt/ros/indigo/stacks', 'XDG_SESSION_ID': '2', '_': '/opt/ros/indigo/bin/roslaunch', 'LD_LIBRARY_PATH': '/home/fetch/catkin_ws/devel/lib:/opt/ros/indigo/lib', 'LS_COLORS': 'rs=0:di=01;34:ln=01;36:mh=00:pi=40;33:so=01;35:do=01;35:bd=40;33;01:cd=40;33;01:or=40;31;01:su=37;41:sg=30;43:ca=30;41:tw=30;42:ow=34;42:st=37;44:ex=01;32:*.tar=01;31:*.tgz=01;31:*.arj=01;31:*.taz=01;31:*.lzh=01;31:*.lzma=01;31:*.tlz=01;31:*.txz=01;31:*.zip=01;31:*.z=01;31:*.Z=01;31:*.dz=01;31:*.gz=01;31:*.lz=01;31:*.xz=01;31:*.bz2=01;31:*.bz=01;31:*.tbz=01;31:*.tbz2=01;31:*.tz=01;31:*.deb=01;31:*.rpm=01;31:*.jar=01;31:*.war=01;31:*.ear=01;31:*.sar=01;31:*.rar=01;31:*.ace=01;31:*.zoo=01;31:*.cpio=01;31:*.7z=01;31:*.rz=01;31:*.jpg=01;35:*.jpeg=01;35:*.gif=01;35:*.bmp=01;35:*.pbm=01;35:*.pgm=01;35:*.ppm=01;35:*.tga=01;35:*.xbm=01;35:*.xpm=01;35:*.tif=01;35:*.tiff=01;35:*.png=01;35:*.svg=01;35:*.svgz=01;35:*.mng=01;35:*.pcx=01;35:*.mov=01;35:*.mpg=01;35:*.mpeg=01;35:*.m2v=01;35:*.mkv=01;35:*.webm=01;35:*.ogm=01;35:*.mp4=01;35:*.m4v=01;35:*.mp4v=01;35:*.vob=01;35:*.qt=01;35:*.nuv=01;35:*.wmv=01;35:*.asf=01;35:*.rm=01;35:*.rmvb=01;35:*.flc=01;35:*.avi=01;35:*.fli=01;35:*.flv=01;35:*.gl=01;35:*.dl=01;35:*.xcf=01;35:*.xwd=01;35:*.yuv=01;35:*.cgm=01;35:*.emf=01;35:*.axv=01;35:*.anx=01;35:*.ogv=01;35:*.ogx=01;35:*.aac=00;36:*.au=00;36:*.flac=00;36:*.mid=00;36:*.midi=00;36:*.mka=00;36:*.mp3=00;36:*.mpc=00;36:*.ogg=00;36:*.ra=00;36:*.wav=00;36:*.axa=00;36:*.oga=00;36:*.spx=00;36:*.xspf=00;36:', 'LESSCLOSE': '/usr/bin/lesspipe %s %s', 'SSH_TTY': '/dev/pts/8', 'OLDPWD': '/home/fetch', 'ROSLISP_PACKAGE_DIRECTORIES': '/home/fetch/catkin_ws/devel/share/common-lisp', 'VIRTUALENVWRAPPER_SCRIPT': '/usr/share/virtualenvwrapper/virtualenvwrapper.sh', 'PWD': '/home/fetch/catkin_ws/src/patrolling/src', 'ROS_ETC_DIR': '/opt/ros/indigo/etc/ros', 'ROS_MASTER_URI': 'http://localhost:11311', 'MAIL': '/var/mail/fetch', 'SSH_CONNECTION': '172.22.77.105 62391 172.22.77.172 22'}]
[roslaunch][INFO] 2020-11-08 23:01:22,187: process[move_base-4]: args[[u'/opt/ros/indigo/lib/move_base/move_base', u'cmd_vel:=cmd_vel', u'odom:=odom', u'map:=map', u'__name:=move_base']]
[roslaunch][INFO] 2020-11-08 23:01:22,187: ... created process [move_base-4]
[roslaunch.pmon][INFO] 2020-11-08 23:01:22,187: ProcessMonitor.register[move_base-4]
[roslaunch.pmon][INFO] 2020-11-08 23:01:22,188: ProcessMonitor.register[move_base-4] complete
[roslaunch][INFO] 2020-11-08 23:01:22,188: ... registered process [move_base-4]
[roslaunch][INFO] 2020-11-08 23:01:22,188: process[move_base-4]: starting os process
[roslaunch][INFO] 2020-11-08 23:01:22,188: process[move_base-4]: start w/ args [[u'/opt/ros/indigo/lib/move_base/move_base', u'cmd_vel:=cmd_vel', u'odom:=odom', u'map:=map', u'__name:=move_base', u'__log:=/home/fetch/.ros/log/afd34642-2253-11eb-a78b-000babe55698/move_base-4.log']]
[roslaunch][INFO] 2020-11-08 23:01:22,188: process[move_base-4]: cwd will be [/home/fetch/.ros]
[roslaunch][INFO] 2020-11-08 23:01:22,190: process[move_base-4]: started with pid [16177]
[roslaunch][INFO] 2020-11-08 23:01:22,190: ... successfully launched [move_base-4]
[roslaunch][INFO] 2020-11-08 23:01:22,190: ... launch_nodes complete
[roslaunch.pmon][INFO] 2020-11-08 23:01:22,190: registrations completed <ProcessMonitor(ProcessMonitor-1, started daemon 140425146775296)>
[roslaunch.parent][INFO] 2020-11-08 23:01:22,190: ... roslaunch parent running, waiting for process exit
[roslaunch][INFO] 2020-11-08 23:01:22,190: spin
[roslaunch][INFO] 2020-11-08 23:01:23,197: [move_base-4] process has finished cleanly
log file: /home/fetch/.ros/log/afd34642-2253-11eb-a78b-000babe55698/move_base-4*.log
[roslaunch][INFO] 2020-11-08 23:01:23,197: [move_base-4] restarting process
[roslaunch][INFO] 2020-11-08 23:01:23,197: process[move_base-4]: restarting os process
[roslaunch][INFO] 2020-11-08 23:01:23,197: process[move_base-4]: start w/ args [[u'/opt/ros/indigo/lib/move_base/move_base', u'cmd_vel:=cmd_vel', u'odom:=odom', u'map:=map', u'__name:=move_base', u'__log:=/home/fetch/.ros/log/afd34642-2253-11eb-a78b-000babe55698/move_base-4.log']]
[roslaunch][INFO] 2020-11-08 23:01:23,198: process[move_base-4]: cwd will be [/home/fetch/.ros]
[roslaunch][INFO] 2020-11-08 23:01:23,199: process[move_base-4]: started with pid [17187]
[roslaunch][INFO] 2020-11-08 23:01:24,201: [move_base-4] process has finished cleanly
log file: /home/fetch/.ros/log/afd34642-2253-11eb-a78b-000babe55698/move_base-4*.log
[roslaunch][INFO] 2020-11-08 23:01:24,201: [move_base-4] restarting process
[roslaunch][INFO] 2020-11-08 23:01:24,201: process[move_base-4]: restarting os process
[roslaunch][INFO] 2020-11-08 23:01:24,201: process[move_base-4]: start w/ args [[u'/opt/ros/indigo/lib/move_base/move_base', u'cmd_vel:=cmd_vel', u'odom:=odom', u'map:=map', u'__name:=move_base', u'__log:=/home/fetch/.ros/log/afd34642-2253-11eb-a78b-000babe55698/move_base-4.log']]
[roslaunch][INFO] 2020-11-08 23:01:24,201: process[move_base-4]: cwd will be [/home/fetch/.ros]
[roslaunch][INFO] 2020-11-08 23:01:24,203: process[move_base-4]: started with pid [18301]
[roslaunch][INFO] 2020-11-08 23:01:25,305: [move_base-4] process has finished cleanly
log file: /home/fetch/.ros/log/afd34642-2253-11eb-a78b-000babe55698/move_base-4*.log
[roslaunch][INFO] 2020-11-08 23:01:25,305: [move_base-4] restarting process
[roslaunch][INFO] 2020-11-08 23:01:25,305: process[move_base-4]: restarting os process
[roslaunch][INFO] 2020-11-08 23:01:25,305: process[move_base-4]: start w/ args [[u'/opt/ros/indigo/lib/move_base/move_base', u'cmd_vel:=cmd_vel', u'odom:=odom', u'map:=map', u'__name:=move_base', u'__log:=/home/fetch/.ros/log/afd34642-2253-11eb-a78b-000babe55698/move_base-4.log']]
[roslaunch][INFO] 2020-11-08 23:01:25,306: process[move_base-4]: cwd will be [/home/fetch/.ros]
[roslaunch][INFO] 2020-11-08 23:01:25,307: process[move_base-4]: started with pid [19471]
[roslaunch][INFO] 2020-11-08 23:01:26,309: [move_base-4] process has finished cleanly
log file: /home/fetch/.ros/log/afd34642-2253-11eb-a78b-000babe55698/move_base-4*.log
[roslaunch][INFO] 2020-11-08 23:01:26,309: [move_base-4] restarting process
[roslaunch][INFO] 2020-11-08 23:01:26,309: process[move_base-4]: restarting os process
[roslaunch][INFO] 2020-11-08 23:01:26,309: process[move_base-4]: start w/ args [[u'/opt/ros/indigo/lib/move_base/move_base', u'cmd_vel:=cmd_vel', u'odom:=odom', u'map:=map', u'__name:=move_base', u'__log:=/home/fetch/.ros/log/afd34642-2253-11eb-a78b-000babe55698/move_base-4.log']]
[roslaunch][INFO] 2020-11-08 23:01:26,309: process[move_base-4]: cwd will be [/home/fetch/.ros]
[roslaunch][INFO] 2020-11-08 23:01:26,311: process[move_base-4]: started with pid [20582]
[roslaunch][INFO] 2020-11-08 23:01:27,313: [move_base-4] process has finished cleanly
log file: /home/fetch/.ros/log/afd34642-2253-11eb-a78b-000babe55698/move_base-4*.log
[roslaunch][INFO] 2020-11-08 23:01:27,313: [move_base-4] restarting process
[roslaunch][INFO] 2020-11-08 23:01:27,313: process[move_base-4]: restarting os process
[roslaunch][INFO] 2020-11-08 23:01:27,313: process[move_base-4]: start w/ args [[u'/opt/ros/indigo/lib/move_base/move_base', u'cmd_vel:=cmd_vel', u'odom:=odom', u'map:=map', u'__name:=move_base', u'__log:=/home/fetch/.ros/log/afd34642-2253-11eb-a78b-000babe55698/move_base-4.log']]
[roslaunch][INFO] 2020-11-08 23:01:27,313: process[move_base-4]: cwd will be [/home/fetch/.ros]
[roslaunch][INFO] 2020-11-08 23:01:27,315: process[move_base-4]: started with pid [21698]
[roslaunch][INFO] 2020-11-08 23:01:28,317: [move_base-4] process has finished cleanly
log file: /home/fetch/.ros/log/afd34642-2253-11eb-a78b-000babe55698/move_base-4*.log
[roslaunch][INFO] 2020-11-08 23:01:28,317: [move_base-4] restarting process
[roslaunch][INFO] 2020-11-08 23:01:28,317: process[move_base-4]: restarting os process
[roslaunch][INFO] 2020-11-08 23:01:28,317: process[move_base-4]: start w/ args [[u'/opt/ros/indigo/lib/move_base/move_base', u'cmd_vel:=cmd_vel', u'odom:=odom', u'map:=map', u'__name:=move_base', u'__log:=/home/fetch/.ros/log/afd34642-2253-11eb-a78b-000babe55698/move_base-4.log']]
[roslaunch][INFO] 2020-11-08 23:01:28,317: process[move_base-4]: cwd will be [/home/fetch/.ros]
[roslaunch][INFO] 2020-11-08 23:01:28,319: process[move_base-4]: started with pid [22811]
[roslaunch][INFO] 2020-11-08 23:01:29,321: [move_base-4] process has finished cleanly
log file: /home/fetch/.ros/log/afd34642-2253-11eb-a78b-000babe55698/move_base-4*.log
[roslaunch][INFO] 2020-11-08 23:01:29,321: [move_base-4] restarting process
[roslaunch][INFO] 2020-11-08 23:01:29,321: process[move_base-4]: restarting os process
[roslaunch][INFO] 2020-11-08 23:01:29,321: process[move_base-4]: start w/ args [[u'/opt/ros/indigo/lib/move_base/move_base', u'cmd_vel:=cmd_vel', u'odom:=odom', u'map:=map', u'__name:=move_base', u'__log:=/home/fetch/.ros/log/afd34642-2253-11eb-a78b-000babe55698/move_base-4.log']]
[roslaunch][INFO] 2020-11-08 23:01:29,321: process[move_base-4]: cwd will be [/home/fetch/.ros]
[roslaunch][INFO] 2020-11-08 23:01:29,322: process[move_base-4]: started with pid [23927]
[roslaunch][INFO] 2020-11-08 23:01:30,425: [move_base-4] process has finished cleanly
log file: /home/fetch/.ros/log/afd34642-2253-11eb-a78b-000babe55698/move_base-4*.log
[roslaunch][INFO] 2020-11-08 23:01:30,425: [move_base-4] restarting process
[roslaunch][INFO] 2020-11-08 23:01:30,425: process[move_base-4]: restarting os process
[roslaunch][INFO] 2020-11-08 23:01:30,425: process[move_base-4]: start w/ args [[u'/opt/ros/indigo/lib/move_base/move_base', u'cmd_vel:=cmd_vel', u'odom:=odom', u'map:=map', u'__name:=move_base', u'__log:=/home/fetch/.ros/log/afd34642-2253-11eb-a78b-000babe55698/move_base-4.log']]
[roslaunch][INFO] 2020-11-08 23:01:30,425: process[move_base-4]: cwd will be [/home/fetch/.ros]
[roslaunch][INFO] 2020-11-08 23:01:30,427: process[move_base-4]: started with pid [25038]
[roslaunch][INFO] 2020-11-08 23:01:31,428: [move_base-4] process has finished cleanly
log file: /home/fetch/.ros/log/afd34642-2253-11eb-a78b-000babe55698/move_base-4*.log
[roslaunch][INFO] 2020-11-08 23:01:31,429: [move_base-4] restarting process
[roslaunch][INFO] 2020-11-08 23:01:31,429: process[move_base-4]: restarting os process
[roslaunch][INFO] 2020-11-08 23:01:31,429: process[move_base-4]: start w/ args [[u'/opt/ros/indigo/lib/move_base/move_base', u'cmd_vel:=cmd_vel', u'odom:=odom', u'map:=map', u'__name:=move_base', u'__log:=/home/fetch/.ros/log/afd34642-2253-11eb-a78b-000babe55698/move_base-4.log']]
[roslaunch][INFO] 2020-11-08 23:01:31,429: process[move_base-4]: cwd will be [/home/fetch/.ros]
[roslaunch][INFO] 2020-11-08 23:01:31,430: process[move_base-4]: started with pid [26154]
[roslaunch][INFO] 2020-11-08 23:01:32,432: [move_base-4] process has finished cleanly
log file: /home/fetch/.ros/log/afd34642-2253-11eb-a78b-000babe55698/move_base-4*.log
[roslaunch][INFO] 2020-11-08 23:01:32,432: [move_base-4] restarting process
[roslaunch][INFO] 2020-11-08 23:01:32,433: process[move_base-4]: restarting os process
[roslaunch][INFO] 2020-11-08 23:01:32,433: process[move_base-4]: start w/ args [[u'/opt/ros/indigo/lib/move_base/move_base', u'cmd_vel:=cmd_vel', u'odom:=odom', u'map:=map', u'__name:=move_base', u'__log:=/home/fetch/.ros/log/afd34642-2253-11eb-a78b-000babe55698/move_base-4.log']]
[roslaunch][INFO] 2020-11-08 23:01:32,433: process[move_base-4]: cwd will be [/home/fetch/.ros]
[roslaunch][INFO] 2020-11-08 23:01:32,434: process[move_base-4]: started with pid [27264]
[roslaunch][INFO] 2020-11-08 23:01:33,436: [move_base-4] process has finished cleanly
log file: /home/fetch/.ros/log/afd34642-2253-11eb-a78b-000babe55698/move_base-4*.log
[roslaunch][INFO] 2020-11-08 23:01:33,436: [move_base-4] restarting process
[roslaunch][INFO] 2020-11-08 23:01:33,436: process[move_base-4]: restarting os process
[roslaunch][INFO] 2020-11-08 23:01:33,437: process[move_base-4]: start w/ args [[u'/opt/ros/indigo/lib/move_base/move_base', u'cmd_vel:=cmd_vel', u'odom:=odom', u'map:=map', u'__name:=move_base', u'__log:=/home/fetch/.ros/log/afd34642-2253-11eb-a78b-000babe55698/move_base-4.log']]
[roslaunch][INFO] 2020-11-08 23:01:33,437: process[move_base-4]: cwd will be [/home/fetch/.ros]
[roslaunch][INFO] 2020-11-08 23:01:33,438: process[move_base-4]: started with pid [28380]
[roslaunch][INFO] 2020-11-08 23:01:34,540: [move_base-4] process has finished cleanly
log file: /home/fetch/.ros/log/afd34642-2253-11eb-a78b-000babe55698/move_base-4*.log
[roslaunch][INFO] 2020-11-08 23:01:34,540: [move_base-4] restarting process
[roslaunch][INFO] 2020-11-08 23:01:34,540: process[move_base-4]: restarting os process
[roslaunch][INFO] 2020-11-08 23:01:34,541: process[move_base-4]: start w/ args [[u'/opt/ros/indigo/lib/move_base/move_base', u'cmd_vel:=cmd_vel', u'odom:=odom', u'map:=map', u'__name:=move_base', u'__log:=/home/fetch/.ros/log/afd34642-2253-11eb-a78b-000babe55698/move_base-4.log']]
[roslaunch][INFO] 2020-11-08 23:01:34,541: process[move_base-4]: cwd will be [/home/fetch/.ros]
[roslaunch][INFO] 2020-11-08 23:01:34,542: process[move_base-4]: started with pid [29490]
[roslaunch][INFO] 2020-11-08 23:01:35,544: [move_base-4] process has finished cleanly
log file: /home/fetch/.ros/log/afd34642-2253-11eb-a78b-000babe55698/move_base-4*.log
[roslaunch][INFO] 2020-11-08 23:01:35,544: [move_base-4] restarting process
[roslaunch][INFO] 2020-11-08 23:01:35,544: process[move_base-4]: restarting os process
[roslaunch][INFO] 2020-11-08 23:01:35,545: process[move_base-4]: start w/ args [[u'/opt/ros/indigo/lib/move_base/move_base', u'cmd_vel:=cmd_vel', u'odom:=odom', u'map:=map', u'__name:=move_base', u'__log:=/home/fetch/.ros/log/afd34642-2253-11eb-a78b-000babe55698/move_base-4.log']]
[roslaunch][INFO] 2020-11-08 23:01:35,545: process[move_base-4]: cwd will be [/home/fetch/.ros]
[roslaunch][INFO] 2020-11-08 23:01:35,546: process[move_base-4]: started with pid [30606]
[roslaunch][INFO] 2020-11-08 23:01:36,548: [move_base-4] process has finished cleanly
log file: /home/fetch/.ros/log/afd34642-2253-11eb-a78b-000babe55698/move_base-4*.log
[roslaunch][INFO] 2020-11-08 23:01:36,548: [move_base-4] restarting process
[roslaunch][INFO] 2020-11-08 23:01:36,548: process[move_base-4]: restarting os process
[roslaunch][INFO] 2020-11-08 23:01:36,548: process[move_base-4]: start w/ args [[u'/opt/ros/indigo/lib/move_base/move_base', u'cmd_vel:=cmd_vel', u'odom:=odom', u'map:=map', u'__name:=move_base', u'__log:=/home/fetch/.ros/log/afd34642-2253-11eb-a78b-000babe55698/move_base-4.log']]
[roslaunch][INFO] 2020-11-08 23:01:36,548: process[move_base-4]: cwd will be [/home/fetch/.ros]
[roslaunch][INFO] 2020-11-08 23:01:36,550: process[move_base-4]: started with pid [31716]
[roslaunch][INFO] 2020-11-08 23:01:37,452: [move_base-4] process has finished cleanly
log file: /home/fetch/.ros/log/afd34642-2253-11eb-a78b-000babe55698/move_base-4*.log
[roslaunch][INFO] 2020-11-08 23:01:37,452: [move_base-4] restarting process
[roslaunch][INFO] 2020-11-08 23:01:37,452: process[move_base-4]: restarting os process
[roslaunch][INFO] 2020-11-08 23:01:37,452: process[move_base-4]: start w/ args [[u'/opt/ros/indigo/lib/move_base/move_base', u'cmd_vel:=cmd_vel', u'odom:=odom', u'map:=map', u'__name:=move_base', u'__log:=/home/fetch/.ros/log/afd34642-2253-11eb-a78b-000babe55698/move_base-4.log']]
[roslaunch][INFO] 2020-11-08 23:01:37,452: process[move_base-4]: cwd will be [/home/fetch/.ros]
[roslaunch][INFO] 2020-11-08 23:01:37,454: process[move_base-4]: started with pid [367]
[roslaunch][INFO] 2020-11-08 23:01:38,556: [move_base-4] process has finished cleanly
log file: /home/fetch/.ros/log/afd34642-2253-11eb-a78b-000babe55698/move_base-4*.log
[roslaunch][INFO] 2020-11-08 23:01:38,556: [move_base-4] restarting process
[roslaunch][INFO] 2020-11-08 23:01:38,556: process[move_base-4]: restarting os process
[roslaunch][INFO] 2020-11-08 23:01:38,556: process[move_base-4]: start w/ args [[u'/opt/ros/indigo/lib/move_base/move_base', u'cmd_vel:=cmd_vel', u'odom:=odom', u'map:=map', u'__name:=move_base', u'__log:=/home/fetch/.ros/log/afd34642-2253-11eb-a78b-000babe55698/move_base-4.log']]
[roslaunch][INFO] 2020-11-08 23:01:38,556: process[move_base-4]: cwd will be [/home/fetch/.ros]
[roslaunch][INFO] 2020-11-08 23:01:38,558: process[move_base-4]: started with pid [1664]
[roslaunch][INFO] 2020-11-08 23:01:39,660: [move_base-4] process has finished cleanly
log file: /home/fetch/.ros/log/afd34642-2253-11eb-a78b-000babe55698/move_base-4*.log
[roslaunch][INFO] 2020-11-08 23:01:39,660: [move_base-4] restarting process
[roslaunch][INFO] 2020-11-08 23:01:39,660: process[move_base-4]: restarting os process
[roslaunch][INFO] 2020-11-08 23:01:39,660: process[move_base-4]: start w/ args [[u'/opt/ros/indigo/lib/move_base/move_base', u'cmd_vel:=cmd_vel', u'odom:=odom', u'map:=map', u'__name:=move_base', u'__log:=/home/fetch/.ros/log/afd34642-2253-11eb-a78b-000babe55698/move_base-4.log']]
[roslaunch][INFO] 2020-11-08 23:01:39,660: process[move_base-4]: cwd will be [/home/fetch/.ros]
[roslaunch][INFO] 2020-11-08 23:01:39,662: process[move_base-4]: started with pid [2930]
[roslaunch][INFO] 2020-11-08 23:01:40,764: [move_base-4] process has finished cleanly
log file: /home/fetch/.ros/log/afd34642-2253-11eb-a78b-000babe55698/move_base-4*.log
[roslaunch][INFO] 2020-11-08 23:01:40,764: [move_base-4] restarting process
[roslaunch][INFO] 2020-11-08 23:01:40,765: process[move_base-4]: restarting os process
[roslaunch][INFO] 2020-11-08 23:01:40,765: process[move_base-4]: start w/ args [[u'/opt/ros/indigo/lib/move_base/move_base', u'cmd_vel:=cmd_vel', u'odom:=odom', u'map:=map', u'__name:=move_base', u'__log:=/home/fetch/.ros/log/afd34642-2253-11eb-a78b-000babe55698/move_base-4.log']]
[roslaunch][INFO] 2020-11-08 23:01:40,765: process[move_base-4]: cwd will be [/home/fetch/.ros]
[roslaunch][INFO] 2020-11-08 23:01:40,766: process[move_base-4]: started with pid [4079]
[roslaunch][INFO] 2020-11-08 23:01:41,768: [move_base-4] process has finished cleanly
log file: /home/fetch/.ros/log/afd34642-2253-11eb-a78b-000babe55698/move_base-4*.log
[roslaunch][INFO] 2020-11-08 23:01:41,768: [move_base-4] restarting process
[roslaunch][INFO] 2020-11-08 23:01:41,768: process[move_base-4]: restarting os process
[roslaunch][INFO] 2020-11-08 23:01:41,769: process[move_base-4]: start w/ args [[u'/opt/ros/indigo/lib/move_base/move_base', u'cmd_vel:=cmd_vel', u'odom:=odom', u'map:=map', u'__name:=move_base', u'__log:=/home/fetch/.ros/log/afd34642-2253-11eb-a78b-000babe55698/move_base-4.log']]
[roslaunch][INFO] 2020-11-08 23:01:41,769: process[move_base-4]: cwd will be [/home/fetch/.ros]
[roslaunch][INFO] 2020-11-08 23:01:41,770: process[move_base-4]: started with pid [5202]
[roslaunch][INFO] 2020-11-08 23:01:42,772: [move_base-4] process has finished cleanly
log file: /home/fetch/.ros/log/afd34642-2253-11eb-a78b-000babe55698/move_base-4*.log
[roslaunch][INFO] 2020-11-08 23:01:42,772: [move_base-4] restarting process
[roslaunch][INFO] 2020-11-08 23:01:42,772: process[move_base-4]: restarting os process
[roslaunch][INFO] 2020-11-08 23:01:42,772: process[move_base-4]: start w/ args [[u'/opt/ros/indigo/lib/move_base/move_base', u'cmd_vel:=cmd_vel', u'odom:=odom', u'map:=map', u'__name:=move_base', u'__log:=/home/fetch/.ros/log/afd34642-2253-11eb-a78b-000babe55698/move_base-4.log']]
[roslaunch][INFO] 2020-11-08 23:01:42,772: process[move_base-4]: cwd will be [/home/fetch/.ros]
[roslaunch][INFO] 2020-11-08 23:01:42,774: process[move_base-4]: started with pid [6312]
[roslaunch][INFO] 2020-11-08 23:01:43,776: [move_base-4] process has finished cleanly
log file: /home/fetch/.ros/log/afd34642-2253-11eb-a78b-000babe55698/move_base-4*.log
[roslaunch][INFO] 2020-11-08 23:01:43,776: [move_base-4] restarting process
[roslaunch][INFO] 2020-11-08 23:01:43,776: process[move_base-4]: restarting os process
[roslaunch][INFO] 2020-11-08 23:01:43,776: process[move_base-4]: start w/ args [[u'/opt/ros/indigo/lib/move_base/move_base', u'cmd_vel:=cmd_vel', u'odom:=odom', u'map:=map', u'__name:=move_base', u'__log:=/home/fetch/.ros/log/afd34642-2253-11eb-a78b-000babe55698/move_base-4.log']]
[roslaunch][INFO] 2020-11-08 23:01:43,776: process[move_base-4]: cwd will be [/home/fetch/.ros]
[roslaunch][INFO] 2020-11-08 23:01:43,778: process[move_base-4]: started with pid [7433]
[roslaunch][INFO] 2020-11-08 23:01:44,779: [move_base-4] process has finished cleanly
log file: /home/fetch/.ros/log/afd34642-2253-11eb-a78b-000babe55698/move_base-4*.log
[roslaunch][INFO] 2020-11-08 23:01:44,780: [move_base-4] restarting process
[roslaunch][INFO] 2020-11-08 23:01:44,780: process[move_base-4]: restarting os process
[roslaunch][INFO] 2020-11-08 23:01:44,780: process[move_base-4]: start w/ args [[u'/opt/ros/indigo/lib/move_base/move_base', u'cmd_vel:=cmd_vel', u'odom:=odom', u'map:=map', u'__name:=move_base', u'__log:=/home/fetch/.ros/log/afd34642-2253-11eb-a78b-000babe55698/move_base-4.log']]
[roslaunch][INFO] 2020-11-08 23:01:44,780: process[move_base-4]: cwd will be [/home/fetch/.ros]
[roslaunch][INFO] 2020-11-08 23:01:44,781: process[move_base-4]: started with pid [8544]
[roslaunch][INFO] 2020-11-08 23:01:45,783: [move_base-4] process has finished cleanly
log file: /home/fetch/.ros/log/afd34642-2253-11eb-a78b-000babe55698/move_base-4*.log
[roslaunch][INFO] 2020-11-08 23:01:45,783: [move_base-4] restarting process
[roslaunch][INFO] 2020-11-08 23:01:45,783: process[move_base-4]: restarting os process
[roslaunch][INFO] 2020-11-08 23:01:45,784: process[move_base-4]: start w/ args [[u'/opt/ros/indigo/lib/move_base/move_base', u'cmd_vel:=cmd_vel', u'odom:=odom', u'map:=map', u'__name:=move_base', u'__log:=/home/fetch/.ros/log/afd34642-2253-11eb-a78b-000babe55698/move_base-4.log']]
[roslaunch][INFO] 2020-11-08 23:01:45,784: process[move_base-4]: cwd will be [/home/fetch/.ros]
[roslaunch][INFO] 2020-11-08 23:01:45,785: process[move_base-4]: started with pid [9660]
[roslaunch][INFO] 2020-11-08 23:01:46,787: [move_base-4] process has finished cleanly
log file: /home/fetch/.ros/log/afd34642-2253-11eb-a78b-000babe55698/move_base-4*.log
[roslaunch][INFO] 2020-11-08 23:01:46,787: [move_base-4] restarting process
[roslaunch][INFO] 2020-11-08 23:01:46,787: process[move_base-4]: restarting os process
[roslaunch][INFO] 2020-11-08 23:01:46,787: process[move_base-4]: start w/ args [[u'/opt/ros/indigo/lib/move_base/move_base', u'cmd_vel:=cmd_vel', u'odom:=odom', u'map:=map', u'__name:=move_base', u'__log:=/home/fetch/.ros/log/afd34642-2253-11eb-a78b-000babe55698/move_base-4.log']]
[roslaunch][INFO] 2020-11-08 23:01:46,787: process[move_base-4]: cwd will be [/home/fetch/.ros]
[roslaunch][INFO] 2020-11-08 23:01:46,789: process[move_base-4]: started with pid [10771]
[roslaunch][INFO] 2020-11-08 23:01:47,791: [move_base-4] process has finished cleanly
log file: /home/fetch/.ros/log/afd34642-2253-11eb-a78b-000babe55698/move_base-4*.log
[roslaunch][INFO] 2020-11-08 23:01:47,791: [move_base-4] restarting process
[roslaunch][INFO] 2020-11-08 23:01:47,791: process[move_base-4]: restarting os process
[roslaunch][INFO] 2020-11-08 23:01:47,791: process[move_base-4]: start w/ args [[u'/opt/ros/indigo/lib/move_base/move_base', u'cmd_vel:=cmd_vel', u'odom:=odom', u'map:=map', u'__name:=move_base', u'__log:=/home/fetch/.ros/log/afd34642-2253-11eb-a78b-000babe55698/move_base-4.log']]
[roslaunch][INFO] 2020-11-08 23:01:47,791: process[move_base-4]: cwd will be [/home/fetch/.ros]
[roslaunch][INFO] 2020-11-08 23:01:47,793: process[move_base-4]: started with pid [11887]
[roslaunch][INFO] 2020-11-08 23:01:48,895: [move_base-4] process has finished cleanly
log file: /home/fetch/.ros/log/afd34642-2253-11eb-a78b-000babe55698/move_base-4*.log
[roslaunch][INFO] 2020-11-08 23:01:48,895: [move_base-4] restarting process
[roslaunch][INFO] 2020-11-08 23:01:48,895: process[move_base-4]: restarting os process
[roslaunch][INFO] 2020-11-08 23:01:48,896: process[move_base-4]: start w/ args [[u'/opt/ros/indigo/lib/move_base/move_base', u'cmd_vel:=cmd_vel', u'odom:=odom', u'map:=map', u'__name:=move_base', u'__log:=/home/fetch/.ros/log/afd34642-2253-11eb-a78b-000babe55698/move_base-4.log']]
[roslaunch][INFO] 2020-11-08 23:01:48,896: process[move_base-4]: cwd will be [/home/fetch/.ros]
[roslaunch][INFO] 2020-11-08 23:01:48,897: process[move_base-4]: started with pid [12997]
[roslaunch][INFO] 2020-11-08 23:01:49,899: [move_base-4] process has finished cleanly
log file: /home/fetch/.ros/log/afd34642-2253-11eb-a78b-000babe55698/move_base-4*.log
[roslaunch][INFO] 2020-11-08 23:01:49,899: [move_base-4] restarting process
[roslaunch][INFO] 2020-11-08 23:01:49,899: process[move_base-4]: restarting os process
[roslaunch][INFO] 2020-11-08 23:01:49,899: process[move_base-4]: start w/ args [[u'/opt/ros/indigo/lib/move_base/move_base', u'cmd_vel:=cmd_vel', u'odom:=odom', u'map:=map', u'__name:=move_base', u'__log:=/home/fetch/.ros/log/afd34642-2253-11eb-a78b-000babe55698/move_base-4.log']]
[roslaunch][INFO] 2020-11-08 23:01:49,899: process[move_base-4]: cwd will be [/home/fetch/.ros]
[roslaunch][INFO] 2020-11-08 23:01:49,901: process[move_base-4]: started with pid [14113]
[roslaunch][INFO] 2020-11-08 23:01:50,903: [move_base-4] process has finished cleanly
log file: /home/fetch/.ros/log/afd34642-2253-11eb-a78b-000babe55698/move_base-4*.log
[roslaunch][INFO] 2020-11-08 23:01:50,903: [move_base-4] restarting process
[roslaunch][INFO] 2020-11-08 23:01:50,903: process[move_base-4]: restarting os process
[roslaunch][INFO] 2020-11-08 23:01:50,903: process[move_base-4]: start w/ args [[u'/opt/ros/indigo/lib/move_base/move_base', u'cmd_vel:=cmd_vel', u'odom:=odom', u'map:=map', u'__name:=move_base', u'__log:=/home/fetch/.ros/log/afd34642-2253-11eb-a78b-000babe55698/move_base-4.log']]
[roslaunch][INFO] 2020-11-08 23:01:50,903: process[move_base-4]: cwd will be [/home/fetch/.ros]
[roslaunch][INFO] 2020-11-08 23:01:50,905: process[move_base-4]: started with pid [15223]
[roslaunch][INFO] 2020-11-08 23:01:52,007: [move_base-4] process has finished cleanly
log file: /home/fetch/.ros/log/afd34642-2253-11eb-a78b-000babe55698/move_base-4*.log
[roslaunch][INFO] 2020-11-08 23:01:52,007: [move_base-4] restarting process
[roslaunch][INFO] 2020-11-08 23:01:52,007: process[move_base-4]: restarting os process
[roslaunch][INFO] 2020-11-08 23:01:52,007: process[move_base-4]: start w/ args [[u'/opt/ros/indigo/lib/move_base/move_base', u'cmd_vel:=cmd_vel', u'odom:=odom', u'map:=map', u'__name:=move_base', u'__log:=/home/fetch/.ros/log/afd34642-2253-11eb-a78b-000babe55698/move_base-4.log']]
[roslaunch][INFO] 2020-11-08 23:01:52,007: process[move_base-4]: cwd will be [/home/fetch/.ros]
[roslaunch][INFO] 2020-11-08 23:01:52,009: process[move_base-4]: started with pid [16359]
[roslaunch][INFO] 2020-11-08 23:01:53,011: [move_base-4] process has finished cleanly
log file: /home/fetch/.ros/log/afd34642-2253-11eb-a78b-000babe55698/move_base-4*.log
[roslaunch][INFO] 2020-11-08 23:01:53,011: [move_base-4] restarting process
[roslaunch][INFO] 2020-11-08 23:01:53,011: process[move_base-4]: restarting os process
[roslaunch][INFO] 2020-11-08 23:01:53,011: process[move_base-4]: start w/ args [[u'/opt/ros/indigo/lib/move_base/move_base', u'cmd_vel:=cmd_vel', u'odom:=odom', u'map:=map', u'__name:=move_base', u'__log:=/home/fetch/.ros/log/afd34642-2253-11eb-a78b-000babe55698/move_base-4.log']]
[roslaunch][INFO] 2020-11-08 23:01:53,011: process[move_base-4]: cwd will be [/home/fetch/.ros]
[roslaunch][INFO] 2020-11-08 23:01:53,013: process[move_base-4]: started with pid [17479]
[roslaunch][INFO] 2020-11-08 23:01:54,115: [move_base-4] process has finished cleanly
log file: /home/fetch/.ros/log/afd34642-2253-11eb-a78b-000babe55698/move_base-4*.log
[roslaunch][INFO] 2020-11-08 23:01:54,115: [move_base-4] restarting process
[roslaunch][INFO] 2020-11-08 23:01:54,115: process[move_base-4]: restarting os process
[roslaunch][INFO] 2020-11-08 23:01:54,115: process[move_base-4]: start w/ args [[u'/opt/ros/indigo/lib/move_base/move_base', u'cmd_vel:=cmd_vel', u'odom:=odom', u'map:=map', u'__name:=move_base', u'__log:=/home/fetch/.ros/log/afd34642-2253-11eb-a78b-000babe55698/move_base-4.log']]
[roslaunch][INFO] 2020-11-08 23:01:54,115: process[move_base-4]: cwd will be [/home/fetch/.ros]
[roslaunch][INFO] 2020-11-08 23:01:54,117: process[move_base-4]: started with pid [18603]
[roslaunch][INFO] 2020-11-08 23:01:55,119: [move_base-4] process has finished cleanly
log file: /home/fetch/.ros/log/afd34642-2253-11eb-a78b-000babe55698/move_base-4*.log
[roslaunch][INFO] 2020-11-08 23:01:55,119: [move_base-4] restarting process
[roslaunch][INFO] 2020-11-08 23:01:55,119: process[move_base-4]: restarting os process
[roslaunch][INFO] 2020-11-08 23:01:55,119: process[move_base-4]: start w/ args [[u'/opt/ros/indigo/lib/move_base/move_base', u'cmd_vel:=cmd_vel', u'odom:=odom', u'map:=map', u'__name:=move_base', u'__log:=/home/fetch/.ros/log/afd34642-2253-11eb-a78b-000babe55698/move_base-4.log']]
[roslaunch][INFO] 2020-11-08 23:01:55,119: process[move_base-4]: cwd will be [/home/fetch/.ros]
[roslaunch][INFO] 2020-11-08 23:01:55,121: process[move_base-4]: started with pid [19714]
[roslaunch][INFO] 2020-11-08 23:01:56,122: [move_base-4] process has finished cleanly
log file: /home/fetch/.ros/log/afd34642-2253-11eb-a78b-000babe55698/move_base-4*.log
[roslaunch][INFO] 2020-11-08 23:01:56,122: [move_base-4] restarting process
[roslaunch][INFO] 2020-11-08 23:01:56,123: process[move_base-4]: restarting os process
[roslaunch][INFO] 2020-11-08 23:01:56,123: process[move_base-4]: start w/ args [[u'/opt/ros/indigo/lib/move_base/move_base', u'cmd_vel:=cmd_vel', u'odom:=odom', u'map:=map', u'__name:=move_base', u'__log:=/home/fetch/.ros/log/afd34642-2253-11eb-a78b-000babe55698/move_base-4.log']]
[roslaunch][INFO] 2020-11-08 23:01:56,123: process[move_base-4]: cwd will be [/home/fetch/.ros]
[roslaunch][INFO] 2020-11-08 23:01:56,124: process[move_base-4]: started with pid [20830]
[roslaunch][INFO] 2020-11-08 23:01:57,126: [move_base-4] process has finished cleanly
log file: /home/fetch/.ros/log/afd34642-2253-11eb-a78b-000babe55698/move_base-4*.log
[roslaunch][INFO] 2020-11-08 23:01:57,126: [move_base-4] restarting process
[roslaunch][INFO] 2020-11-08 23:01:57,126: process[move_base-4]: restarting os process
[roslaunch][INFO] 2020-11-08 23:01:57,126: process[move_base-4]: start w/ args [[u'/opt/ros/indigo/lib/move_base/move_base', u'cmd_vel:=cmd_vel', u'odom:=odom', u'map:=map', u'__name:=move_base', u'__log:=/home/fetch/.ros/log/afd34642-2253-11eb-a78b-000babe55698/move_base-4.log']]
[roslaunch][INFO] 2020-11-08 23:01:57,126: process[move_base-4]: cwd will be [/home/fetch/.ros]
[roslaunch][INFO] 2020-11-08 23:01:57,128: process[move_base-4]: started with pid [21940]
[roslaunch][INFO] 2020-11-08 23:01:58,230: [move_base-4] process has finished cleanly
log file: /home/fetch/.ros/log/afd34642-2253-11eb-a78b-000babe55698/move_base-4*.log
[roslaunch][INFO] 2020-11-08 23:01:58,230: [move_base-4] restarting process
[roslaunch][INFO] 2020-11-08 23:01:58,230: process[move_base-4]: restarting os process
[roslaunch][INFO] 2020-11-08 23:01:58,230: process[move_base-4]: start w/ args [[u'/opt/ros/indigo/lib/move_base/move_base', u'cmd_vel:=cmd_vel', u'odom:=odom', u'map:=map', u'__name:=move_base', u'__log:=/home/fetch/.ros/log/afd34642-2253-11eb-a78b-000babe55698/move_base-4.log']]
[roslaunch][INFO] 2020-11-08 23:01:58,230: process[move_base-4]: cwd will be [/home/fetch/.ros]
[roslaunch][INFO] 2020-11-08 23:01:58,232: process[move_base-4]: started with pid [23057]
[roslaunch.pmon][INFO] 2020-11-08 23:01:58,353: ProcessMonitor.shutdown <ProcessMonitor(ProcessMonitor-1, started daemon 140425146775296)>
[roslaunch.pmon][INFO] 2020-11-08 23:01:58,433: ProcessMonitor._post_run <ProcessMonitor(ProcessMonitor-1, started daemon 140425146775296)>
[roslaunch.pmon][INFO] 2020-11-08 23:01:58,433: ProcessMonitor._post_run <ProcessMonitor(ProcessMonitor-1, started daemon 140425146775296)>: remaining procs are [<roslaunch.nodeprocess.LocalProcess object at 0x7fb7471e2150>, <roslaunch.nodeprocess.LocalProcess object at 0x7fb7472c0f50>, <roslaunch.nodeprocess.LocalProcess object at 0x7fb7471e2fd0>, <roslaunch.nodeprocess.LocalProcess object at 0x7fb7471e2910>]
[roslaunch.pmon][INFO] 2020-11-08 23:01:58,433: ProcessMonitor exit: killing move_base-4
[roslaunch][INFO] 2020-11-08 23:01:58,433: [move_base-4] killing on exit
[roslaunch][INFO] 2020-11-08 23:01:58,433: process[move_base-4]: killing os process with pid[23057] pgid[23057]
[roslaunch][INFO] 2020-11-08 23:01:58,433: [move_base-4] sending SIGINT to pgid [23057]
[roslaunch][INFO] 2020-11-08 23:01:58,433: [move_base-4] sent SIGINT to pgid [23057]
[roslaunch.pmon][INFO] 2020-11-08 23:01:58,434: ProcessMonitor exit: killing amcl-3
[roslaunch][INFO] 2020-11-08 23:01:58,434: [amcl-3] killing on exit
[roslaunch][INFO] 2020-11-08 23:01:58,434: process[amcl-3]: killing os process with pid[16163] pgid[16163]
[roslaunch][INFO] 2020-11-08 23:01:58,434: [amcl-3] sending SIGINT to pgid [16163]
[roslaunch][INFO] 2020-11-08 23:01:58,434: [amcl-3] sent SIGINT to pgid [16163]
[roslaunch.pmon][INFO] 2020-11-08 23:01:58,434: ProcessMonitor exit: killing rviz-2
[roslaunch][INFO] 2020-11-08 23:01:58,434: [rviz-2] killing on exit
[roslaunch.pmon][INFO] 2020-11-08 23:01:58,434: ProcessMonitor exit: killing map_server-1
[roslaunch][INFO] 2020-11-08 23:01:58,434: process[rviz-2]: killing os process with pid[16162] pgid[16162]
[roslaunch][INFO] 2020-11-08 23:01:58,434: [map_server-1] killing on exit
[roslaunch][INFO] 2020-11-08 23:01:58,435: [rviz-2] sending SIGINT to pgid [16162]
[roslaunch][INFO] 2020-11-08 23:01:58,435: process[map_server-1]: killing os process with pid[16161] pgid[16161]
[roslaunch][INFO] 2020-11-08 23:01:58,435: [rviz-2] sent SIGINT to pgid [16162]
[roslaunch][INFO] 2020-11-08 23:01:58,435: [map_server-1] sending SIGINT to pgid [16161]
[roslaunch][INFO] 2020-11-08 23:01:58,435: [map_server-1] sent SIGINT to pgid [16161]
[roslaunch][INFO] 2020-11-08 23:01:58,736: process[map_server-1]: SIGINT killed with return value 0
[roslaunch][INFO] 2020-11-08 23:01:58,834: process[amcl-3]: SIGINT killed with return value 0
[roslaunch][INFO] 2020-11-08 23:01:58,836: process[rviz-2]: SIGINT killed with return value 0
[roslaunch][INFO] 2020-11-08 23:01:58,934: process[move_base-4]: SIGINT killed with return value 0
[roslaunch.pmon][INFO] 2020-11-08 23:01:58,934: ProcessMonitor exit: cleaning up data structures and signals
[roslaunch.pmon][INFO] 2020-11-08 23:01:58,934: ProcessMonitor exit: pmon has shutdown
[roslaunch][INFO] 2020-11-08 23:01:58,967: process monitor is done spinning, initiating full shutdown
[roslaunch][INFO] 2020-11-08 23:01:58,967: runner.stop()
[roslaunch][INFO] 2020-11-08 23:01:58,967: shutting down processing monitor...
[roslaunch][INFO] 2020-11-08 23:01:58,967: shutting down processing monitor <ProcessMonitor(ProcessMonitor-1, stopped daemon 140425146775296)>
[roslaunch.pmon][INFO] 2020-11-08 23:01:58,967: ProcessMonitor.shutdown <ProcessMonitor(ProcessMonitor-1, stopped daemon 140425146775296)>
[roslaunch][INFO] 2020-11-08 23:01:58,967: ... shutting down processing monitor complete
[roslaunch][INFO] 2020-11-08 23:01:58,968: done
[roslaunch.pmon][INFO] 2020-11-08 23:01:58,968: ProcessMonitor.shutdown <ProcessMonitor(ProcessMonitor-1, stopped daemon 140425146775296)>
[rospy.core][INFO] 2020-11-08 23:01:58,968: signal_shutdown [atexit]
