[roslaunch][INFO] 2020-10-19 21:55:22,051: Checking log directory for disk usage. This may take awhile.
Press Ctrl-C to interrupt
[roslaunch][INFO] 2020-10-19 21:55:22,053: Done checking log file disk usage. Usage is <1GB.
[roslaunch][INFO] 2020-10-19 21:55:22,054: roslaunch starting with args ['/opt/ros/indigo/bin/roslaunch', 'gaitech_remote_control', 'remote_control.launch']
[roslaunch][INFO] 2020-10-19 21:55:22,054: roslaunch env is {'ROS_DISTRO': 'indigo', 'LESSOPEN': '| /usr/bin/lesspipe %s', 'SSH_CLIENT': '192.168.30.25 50269 22', 'CPATH': '/home/fetch/catkin_ws/devel/include:/opt/ros/indigo/include', 'LOGNAME': 'fetch', 'USER': 'fetch', 'PATH': '/opt/ros/indigo/bin:/usr/local/sbin:/usr/local/bin:/usr/sbin:/usr/bin:/sbin:/bin:/usr/games:/usr/local/games', 'HOME': '/home/fetch', 'CMAKE_PREFIX_PATH': '/home/fetch/catkin_ws/devel:/opt/ros/indigo', 'LD_LIBRARY_PATH': '/home/fetch/catkin_ws/devel/lib:/opt/ros/indigo/lib:/opt/ros/indigo/lib/x86_64-linux-gnu', 'LANG': 'en_US.UTF-8', 'TERM': 'xterm-256color', 'SHELL': '/bin/bash', 'SHLVL': '1', 'QT_QPA_PLATFORMTHEME': 'appmenu-qt5', 'ROS_LOG_FILENAME': '/home/fetch/.ros/log/7577838c-1290-11eb-836a-000babe55698/roslaunch-freight1207-5144.log', 'ROS_ETC_DIR': '/opt/ros/indigo/etc/ros', 'XDG_RUNTIME_DIR': '/run/user/1000', 'PYTHONPATH': '/home/fetch/catkin_ws/devel/lib/python2.7/dist-packages:/opt/ros/indigo/lib/python2.7/dist-packages', 'ROS_ROOT': '/opt/ros/indigo/share/ros', 'PKG_CONFIG_PATH': '/home/fetch/catkin_ws/devel/lib/pkgconfig:/opt/ros/indigo/lib/pkgconfig:/opt/ros/indigo/lib/x86_64-linux-gnu/pkgconfig', 'ROS_PACKAGE_PATH': '/home/fetch/catkin_ws/src:/opt/ros/indigo/share:/opt/ros/indigo/stacks', 'XDG_SESSION_ID': '1', '_': '/opt/ros/indigo/bin/roslaunch', 'SSH_CONNECTION': '192.168.30.25 50269 192.168.30.100 22', 'LESSCLOSE': '/usr/bin/lesspipe %s %s', 'SSH_TTY': '/dev/pts/0', 'PWD': '/home/fetch', 'ROS_MASTER_URI': 'http://localhost:11311', 'MAIL': '/var/mail/fetch', 'LS_COLORS': 'rs=0:di=01;34:ln=01;36:mh=00:pi=40;33:so=01;35:do=01;35:bd=40;33;01:cd=40;33;01:or=40;31;01:su=37;41:sg=30;43:ca=30;41:tw=30;42:ow=34;42:st=37;44:ex=01;32:*.tar=01;31:*.tgz=01;31:*.arj=01;31:*.taz=01;31:*.lzh=01;31:*.lzma=01;31:*.tlz=01;31:*.txz=01;31:*.zip=01;31:*.z=01;31:*.Z=01;31:*.dz=01;31:*.gz=01;31:*.lz=01;31:*.xz=01;31:*.bz2=01;31:*.bz=01;31:*.tbz=01;31:*.tbz2=01;31:*.tz=01;31:*.deb=01;31:*.rpm=01;31:*.jar=01;31:*.war=01;31:*.ear=01;31:*.sar=01;31:*.rar=01;31:*.ace=01;31:*.zoo=01;31:*.cpio=01;31:*.7z=01;31:*.rz=01;31:*.jpg=01;35:*.jpeg=01;35:*.gif=01;35:*.bmp=01;35:*.pbm=01;35:*.pgm=01;35:*.ppm=01;35:*.tga=01;35:*.xbm=01;35:*.xpm=01;35:*.tif=01;35:*.tiff=01;35:*.png=01;35:*.svg=01;35:*.svgz=01;35:*.mng=01;35:*.pcx=01;35:*.mov=01;35:*.mpg=01;35:*.mpeg=01;35:*.m2v=01;35:*.mkv=01;35:*.webm=01;35:*.ogm=01;35:*.mp4=01;35:*.m4v=01;35:*.mp4v=01;35:*.vob=01;35:*.qt=01;35:*.nuv=01;35:*.wmv=01;35:*.asf=01;35:*.rm=01;35:*.rmvb=01;35:*.flc=01;35:*.avi=01;35:*.fli=01;35:*.flv=01;35:*.gl=01;35:*.dl=01;35:*.xcf=01;35:*.xwd=01;35:*.yuv=01;35:*.cgm=01;35:*.emf=01;35:*.axv=01;35:*.anx=01;35:*.ogv=01;35:*.ogx=01;35:*.aac=00;36:*.au=00;36:*.flac=00;36:*.mid=00;36:*.midi=00;36:*.mka=00;36:*.mp3=00;36:*.mpc=00;36:*.ogg=00;36:*.ra=00;36:*.wav=00;36:*.axa=00;36:*.oga=00;36:*.spx=00;36:*.xspf=00;36:'}
[roslaunch][INFO] 2020-10-19 21:55:22,054: starting in server mode
[roslaunch.parent][INFO] 2020-10-19 21:55:22,054: starting roslaunch parent run
[roslaunch][INFO] 2020-10-19 21:55:22,054: loading roscore config file /opt/ros/indigo/etc/ros/roscore.xml
[roslaunch][INFO] 2020-10-19 21:55:22,112: Added core node of type [rosout/rosout] in namespace [/]
[roslaunch.config][INFO] 2020-10-19 21:55:22,112: loading config file /home/fetch/catkin_ws/src/gaitech_remote_control/launch/remote_control.launch
[roslaunch][INFO] 2020-10-19 21:55:22,114: Added node of type [gaitech_remote_control/remote_control_node] in namespace [/]
[roslaunch][INFO] 2020-10-19 21:55:22,114: ... selected machine [] for node of type [gaitech_remote_control/remote_control_node]
[roslaunch.pmon][INFO] 2020-10-19 21:55:22,115: start_process_monitor: creating ProcessMonitor
[roslaunch.pmon][INFO] 2020-10-19 21:55:22,115: created process monitor <ProcessMonitor(ProcessMonitor-1, initial daemon)>
[roslaunch.pmon][INFO] 2020-10-19 21:55:22,115: start_process_monitor: ProcessMonitor started
[roslaunch.parent][INFO] 2020-10-19 21:55:22,115: starting parent XML-RPC server
[roslaunch.server][INFO] 2020-10-19 21:55:22,115: starting roslaunch XML-RPC server
[xmlrpc][INFO] 2020-10-19 21:55:22,115: XML-RPC server binding to 0.0.0.0:0
[roslaunch.server][INFO] 2020-10-19 21:55:22,115: waiting for roslaunch XML-RPC server to initialize
[xmlrpc][INFO] 2020-10-19 21:55:22,115: Started XML-RPC server [http://freight1207:48961/]
[xmlrpc][INFO] 2020-10-19 21:55:22,115: xml rpc node: starting XML-RPC server
[roslaunch][INFO] 2020-10-19 21:55:22,126: started roslaunch server http://freight1207:48961/
[roslaunch.parent][INFO] 2020-10-19 21:55:22,126: ... parent XML-RPC server started
[roslaunch][INFO] 2020-10-19 21:55:22,127: master.is_running[http://localhost:11311]
[roslaunch][INFO] 2020-10-19 21:55:22,127: auto-starting new master
[roslaunch][INFO] 2020-10-19 21:55:22,127: create_master_process: rosmaster, /opt/ros/indigo/share/ros, 11311, 3, None
[roslaunch][INFO] 2020-10-19 21:55:22,127: process[master]: launching with args [['rosmaster', '--core', '-p', '11311', '-w', '3']]
[roslaunch.pmon][INFO] 2020-10-19 21:55:22,127: ProcessMonitor.register[master]
[roslaunch.pmon][INFO] 2020-10-19 21:55:22,127: ProcessMonitor.register[master] complete
[roslaunch][INFO] 2020-10-19 21:55:22,127: process[master]: starting os process
[roslaunch][INFO] 2020-10-19 21:55:22,127: process[master]: start w/ args [['rosmaster', '--core', '-p', '11311', '-w', '3', '__log:=/home/fetch/.ros/log/7577838c-1290-11eb-836a-000babe55698/master.log']]
[roslaunch][INFO] 2020-10-19 21:55:22,127: process[master]: cwd will be [/home/fetch/.ros]
[roslaunch][INFO] 2020-10-19 21:55:22,129: process[master]: started with pid [5156]
[roslaunch][INFO] 2020-10-19 21:55:22,129: master.is_running[http://localhost:11311]
[roslaunch][INFO] 2020-10-19 21:55:22,230: master.is_running[http://localhost:11311]
[roslaunch][INFO] 2020-10-19 21:55:22,231: master.is_running[http://localhost:11311]
[roslaunch][INFO] 2020-10-19 21:55:22,231: ROS_MASTER_URI=http://localhost:11311
[roslaunch][INFO] 2020-10-19 21:55:22,232: setting /run_id to 7577838c-1290-11eb-836a-000babe55698
[roslaunch][INFO] 2020-10-19 21:55:22,233: setting /roslaunch/uris/host_freight1207__48961' to http://freight1207:48961/
[roslaunch][INFO] 2020-10-19 21:55:22,234: ... preparing to launch node of type [rosout/rosout]
[roslaunch][INFO] 2020-10-19 21:55:22,234: create_node_process: package[rosout] type[rosout] machine[Machine(name[] env_loader[None] address[localhost] ssh_port[22] user[None] assignable[True] timeout[10.0])] master_uri[http://localhost:11311]
[roslaunch][INFO] 2020-10-19 21:55:22,235: process[rosout-1]: env[{'ROS_DISTRO': 'indigo', 'LESSOPEN': '| /usr/bin/lesspipe %s', 'SSH_CLIENT': '192.168.30.25 50269 22', 'CPATH': '/home/fetch/catkin_ws/devel/include:/opt/ros/indigo/include', 'LOGNAME': 'fetch', 'USER': 'fetch', 'PATH': '/opt/ros/indigo/bin:/usr/local/sbin:/usr/local/bin:/usr/sbin:/usr/bin:/sbin:/bin:/usr/games:/usr/local/games', 'HOME': '/home/fetch', 'CMAKE_PREFIX_PATH': '/home/fetch/catkin_ws/devel:/opt/ros/indigo', 'ROS_LOG_FILENAME': '/home/fetch/.ros/log/7577838c-1290-11eb-836a-000babe55698/roslaunch-freight1207-5144.log', 'LANG': 'en_US.UTF-8', 'TERM': 'xterm-256color', 'SHELL': '/bin/bash', 'SHLVL': '1', 'QT_QPA_PLATFORMTHEME': 'appmenu-qt5', 'LD_LIBRARY_PATH': '/home/fetch/catkin_ws/devel/lib:/opt/ros/indigo/lib:/opt/ros/indigo/lib/x86_64-linux-gnu', 'ROS_MASTER_URI': 'http://localhost:11311', 'XDG_RUNTIME_DIR': '/run/user/1000', 'PYTHONPATH': '/home/fetch/catkin_ws/devel/lib/python2.7/dist-packages:/opt/ros/indigo/lib/python2.7/dist-packages', 'ROS_ROOT': '/opt/ros/indigo/share/ros', 'PKG_CONFIG_PATH': '/home/fetch/catkin_ws/devel/lib/pkgconfig:/opt/ros/indigo/lib/pkgconfig:/opt/ros/indigo/lib/x86_64-linux-gnu/pkgconfig', 'ROS_PACKAGE_PATH': '/home/fetch/catkin_ws/src:/opt/ros/indigo/share:/opt/ros/indigo/stacks', 'XDG_SESSION_ID': '1', '_': '/opt/ros/indigo/bin/roslaunch', 'LS_COLORS': 'rs=0:di=01;34:ln=01;36:mh=00:pi=40;33:so=01;35:do=01;35:bd=40;33;01:cd=40;33;01:or=40;31;01:su=37;41:sg=30;43:ca=30;41:tw=30;42:ow=34;42:st=37;44:ex=01;32:*.tar=01;31:*.tgz=01;31:*.arj=01;31:*.taz=01;31:*.lzh=01;31:*.lzma=01;31:*.tlz=01;31:*.txz=01;31:*.zip=01;31:*.z=01;31:*.Z=01;31:*.dz=01;31:*.gz=01;31:*.lz=01;31:*.xz=01;31:*.bz2=01;31:*.bz=01;31:*.tbz=01;31:*.tbz2=01;31:*.tz=01;31:*.deb=01;31:*.rpm=01;31:*.jar=01;31:*.war=01;31:*.ear=01;31:*.sar=01;31:*.rar=01;31:*.ace=01;31:*.zoo=01;31:*.cpio=01;31:*.7z=01;31:*.rz=01;31:*.jpg=01;35:*.jpeg=01;35:*.gif=01;35:*.bmp=01;35:*.pbm=01;35:*.pgm=01;35:*.ppm=01;35:*.tga=01;35:*.xbm=01;35:*.xpm=01;35:*.tif=01;35:*.tiff=01;35:*.png=01;35:*.svg=01;35:*.svgz=01;35:*.mng=01;35:*.pcx=01;35:*.mov=01;35:*.mpg=01;35:*.mpeg=01;35:*.m2v=01;35:*.mkv=01;35:*.webm=01;35:*.ogm=01;35:*.mp4=01;35:*.m4v=01;35:*.mp4v=01;35:*.vob=01;35:*.qt=01;35:*.nuv=01;35:*.wmv=01;35:*.asf=01;35:*.rm=01;35:*.rmvb=01;35:*.flc=01;35:*.avi=01;35:*.fli=01;35:*.flv=01;35:*.gl=01;35:*.dl=01;35:*.xcf=01;35:*.xwd=01;35:*.yuv=01;35:*.cgm=01;35:*.emf=01;35:*.axv=01;35:*.anx=01;35:*.ogv=01;35:*.ogx=01;35:*.aac=00;36:*.au=00;36:*.flac=00;36:*.mid=00;36:*.midi=00;36:*.mka=00;36:*.mp3=00;36:*.mpc=00;36:*.ogg=00;36:*.ra=00;36:*.wav=00;36:*.axa=00;36:*.oga=00;36:*.spx=00;36:*.xspf=00;36:', 'LESSCLOSE': '/usr/bin/lesspipe %s %s', 'SSH_TTY': '/dev/pts/0', 'PWD': '/home/fetch', 'ROS_ETC_DIR': '/opt/ros/indigo/etc/ros', 'MAIL': '/var/mail/fetch', 'SSH_CONNECTION': '192.168.30.25 50269 192.168.30.100 22'}]
[roslaunch][INFO] 2020-10-19 21:55:22,253: process[rosout-1]: args[[u'/opt/ros/indigo/lib/rosout/rosout', u'__name:=rosout']]
[roslaunch][INFO] 2020-10-19 21:55:22,253: ... created process [rosout-1]
[roslaunch.pmon][INFO] 2020-10-19 21:55:22,253: ProcessMonitor.register[rosout-1]
[roslaunch.pmon][INFO] 2020-10-19 21:55:22,253: ProcessMonitor.register[rosout-1] complete
[roslaunch][INFO] 2020-10-19 21:55:22,253: ... registered process [rosout-1]
[roslaunch][INFO] 2020-10-19 21:55:22,253: process[rosout-1]: starting os process
[roslaunch][INFO] 2020-10-19 21:55:22,253: process[rosout-1]: start w/ args [[u'/opt/ros/indigo/lib/rosout/rosout', u'__name:=rosout', u'__log:=/home/fetch/.ros/log/7577838c-1290-11eb-836a-000babe55698/rosout-1.log']]
[roslaunch][INFO] 2020-10-19 21:55:22,253: process[rosout-1]: cwd will be [/home/fetch/.ros]
[roslaunch][INFO] 2020-10-19 21:55:22,255: process[rosout-1]: started with pid [5170]
[roslaunch][INFO] 2020-10-19 21:55:22,255: ... successfully launched [rosout-1]
[roslaunch][INFO] 2020-10-19 21:55:22,255: load_parameters starting ...
[roslaunch][INFO] 2020-10-19 21:55:22,264: ... load_parameters complete
[roslaunch][INFO] 2020-10-19 21:55:22,264: launch_nodes: launching local nodes ...
[roslaunch][INFO] 2020-10-19 21:55:22,264: ... preparing to launch node of type [gaitech_remote_control/remote_control_node]
[roslaunch][INFO] 2020-10-19 21:55:22,264: create_node_process: package[gaitech_remote_control] type[remote_control_node] machine[Machine(name[] env_loader[None] address[localhost] ssh_port[22] user[None] assignable[True] timeout[10.0])] master_uri[http://localhost:11311]
[roslaunch][INFO] 2020-10-19 21:55:22,264: process[remote_control-2]: env[{'ROS_DISTRO': 'indigo', 'LESSOPEN': '| /usr/bin/lesspipe %s', 'SSH_CLIENT': '192.168.30.25 50269 22', 'CPATH': '/home/fetch/catkin_ws/devel/include:/opt/ros/indigo/include', 'LOGNAME': 'fetch', 'USER': 'fetch', 'PATH': '/opt/ros/indigo/bin:/usr/local/sbin:/usr/local/bin:/usr/sbin:/usr/bin:/sbin:/bin:/usr/games:/usr/local/games', 'HOME': '/home/fetch', 'CMAKE_PREFIX_PATH': '/home/fetch/catkin_ws/devel:/opt/ros/indigo', 'ROS_LOG_FILENAME': '/home/fetch/.ros/log/7577838c-1290-11eb-836a-000babe55698/roslaunch-freight1207-5144.log', 'LANG': 'en_US.UTF-8', 'TERM': 'xterm-256color', 'SHELL': '/bin/bash', 'SHLVL': '1', 'QT_QPA_PLATFORMTHEME': 'appmenu-qt5', 'LD_LIBRARY_PATH': '/home/fetch/catkin_ws/devel/lib:/opt/ros/indigo/lib:/opt/ros/indigo/lib/x86_64-linux-gnu', 'ROS_MASTER_URI': 'http://localhost:11311', 'XDG_RUNTIME_DIR': '/run/user/1000', 'PYTHONPATH': '/home/fetch/catkin_ws/devel/lib/python2.7/dist-packages:/opt/ros/indigo/lib/python2.7/dist-packages', 'ROS_ROOT': '/opt/ros/indigo/share/ros', 'PKG_CONFIG_PATH': '/home/fetch/catkin_ws/devel/lib/pkgconfig:/opt/ros/indigo/lib/pkgconfig:/opt/ros/indigo/lib/x86_64-linux-gnu/pkgconfig', 'ROS_PACKAGE_PATH': '/home/fetch/catkin_ws/src:/opt/ros/indigo/share:/opt/ros/indigo/stacks', 'XDG_SESSION_ID': '1', '_': '/opt/ros/indigo/bin/roslaunch', 'LS_COLORS': 'rs=0:di=01;34:ln=01;36:mh=00:pi=40;33:so=01;35:do=01;35:bd=40;33;01:cd=40;33;01:or=40;31;01:su=37;41:sg=30;43:ca=30;41:tw=30;42:ow=34;42:st=37;44:ex=01;32:*.tar=01;31:*.tgz=01;31:*.arj=01;31:*.taz=01;31:*.lzh=01;31:*.lzma=01;31:*.tlz=01;31:*.txz=01;31:*.zip=01;31:*.z=01;31:*.Z=01;31:*.dz=01;31:*.gz=01;31:*.lz=01;31:*.xz=01;31:*.bz2=01;31:*.bz=01;31:*.tbz=01;31:*.tbz2=01;31:*.tz=01;31:*.deb=01;31:*.rpm=01;31:*.jar=01;31:*.war=01;31:*.ear=01;31:*.sar=01;31:*.rar=01;31:*.ace=01;31:*.zoo=01;31:*.cpio=01;31:*.7z=01;31:*.rz=01;31:*.jpg=01;35:*.jpeg=01;35:*.gif=01;35:*.bmp=01;35:*.pbm=01;35:*.pgm=01;35:*.ppm=01;35:*.tga=01;35:*.xbm=01;35:*.xpm=01;35:*.tif=01;35:*.tiff=01;35:*.png=01;35:*.svg=01;35:*.svgz=01;35:*.mng=01;35:*.pcx=01;35:*.mov=01;35:*.mpg=01;35:*.mpeg=01;35:*.m2v=01;35:*.mkv=01;35:*.webm=01;35:*.ogm=01;35:*.mp4=01;35:*.m4v=01;35:*.mp4v=01;35:*.vob=01;35:*.qt=01;35:*.nuv=01;35:*.wmv=01;35:*.asf=01;35:*.rm=01;35:*.rmvb=01;35:*.flc=01;35:*.avi=01;35:*.fli=01;35:*.flv=01;35:*.gl=01;35:*.dl=01;35:*.xcf=01;35:*.xwd=01;35:*.yuv=01;35:*.cgm=01;35:*.emf=01;35:*.axv=01;35:*.anx=01;35:*.ogv=01;35:*.ogx=01;35:*.aac=00;36:*.au=00;36:*.flac=00;36:*.mid=00;36:*.midi=00;36:*.mka=00;36:*.mp3=00;36:*.mpc=00;36:*.ogg=00;36:*.ra=00;36:*.wav=00;36:*.axa=00;36:*.oga=00;36:*.spx=00;36:*.xspf=00;36:', 'LESSCLOSE': '/usr/bin/lesspipe %s %s', 'SSH_TTY': '/dev/pts/0', 'PWD': '/home/fetch', 'ROS_ETC_DIR': '/opt/ros/indigo/etc/ros', 'MAIL': '/var/mail/fetch', 'SSH_CONNECTION': '192.168.30.25 50269 192.168.30.100 22'}]
[roslaunch][INFO] 2020-10-19 21:55:22,264: process[remote_control-2]: args[[u'/home/fetch/catkin_ws/devel/lib/gaitech_remote_control/remote_control_node', u'__name:=remote_control']]
[roslaunch][INFO] 2020-10-19 21:55:22,265: ... created process [remote_control-2]
[roslaunch.pmon][INFO] 2020-10-19 21:55:22,265: ProcessMonitor.register[remote_control-2]
[roslaunch.pmon][INFO] 2020-10-19 21:55:22,265: ProcessMonitor.register[remote_control-2] complete
[roslaunch][INFO] 2020-10-19 21:55:22,265: ... registered process [remote_control-2]
[roslaunch][INFO] 2020-10-19 21:55:22,265: process[remote_control-2]: starting os process
[roslaunch][INFO] 2020-10-19 21:55:22,265: process[remote_control-2]: start w/ args [[u'/home/fetch/catkin_ws/devel/lib/gaitech_remote_control/remote_control_node', u'__name:=remote_control', u'__log:=/home/fetch/.ros/log/7577838c-1290-11eb-836a-000babe55698/remote_control-2.log']]
[roslaunch][INFO] 2020-10-19 21:55:22,265: process[remote_control-2]: cwd will be [/home/fetch/.ros]
[roslaunch][INFO] 2020-10-19 21:55:22,267: process[remote_control-2]: started with pid [5183]
[roslaunch][INFO] 2020-10-19 21:55:22,267: ... successfully launched [remote_control-2]
[roslaunch][INFO] 2020-10-19 21:55:22,267: ... launch_nodes complete
[roslaunch.pmon][INFO] 2020-10-19 21:55:22,267: registrations completed <ProcessMonitor(ProcessMonitor-1, started daemon 140553922258688)>
[roslaunch.parent][INFO] 2020-10-19 21:55:22,268: ... roslaunch parent running, waiting for process exit
[roslaunch][INFO] 2020-10-19 21:55:22,268: spin
[roslaunch.pmon][INFO] 2020-10-19 21:55:26,567: ProcessMonitor.shutdown <ProcessMonitor(ProcessMonitor-1, started daemon 140553922258688)>
[roslaunch.pmon][INFO] 2020-10-19 21:55:26,622: ProcessMonitor._post_run <ProcessMonitor(ProcessMonitor-1, started daemon 140553922258688)>
[roslaunch.pmon][INFO] 2020-10-19 21:55:26,623: ProcessMonitor._post_run <ProcessMonitor(ProcessMonitor-1, started daemon 140553922258688)>: remaining procs are [<roslaunch.nodeprocess.LocalProcess object at 0x7fd542bc8a10>, <roslaunch.nodeprocess.LocalProcess object at 0x7fd542bc8e90>, <roslaunch.nodeprocess.LocalProcess object at 0x7fd542bc8c50>]
[roslaunch.pmon][INFO] 2020-10-19 21:55:26,623: ProcessMonitor exit: killing remote_control-2
[roslaunch][INFO] 2020-10-19 21:55:26,623: [remote_control-2] killing on exit
[roslaunch][INFO] 2020-10-19 21:55:26,624: process[remote_control-2]: killing os process with pid[5183] pgid[5183]
[roslaunch][INFO] 2020-10-19 21:55:26,624: [remote_control-2] sending SIGINT to pgid [5183]
[roslaunch][INFO] 2020-10-19 21:55:26,624: [remote_control-2] sent SIGINT to pgid [5183]
[roslaunch][INFO] 2020-10-19 21:55:26,925: process[remote_control-2]: SIGINT killed with return value 0
[roslaunch.pmon][INFO] 2020-10-19 21:55:26,925: ProcessMonitor exit: killing rosout-1
[roslaunch][INFO] 2020-10-19 21:55:26,925: [rosout-1] killing on exit
[roslaunch][INFO] 2020-10-19 21:55:26,925: process[rosout-1]: killing os process with pid[5170] pgid[5170]
[roslaunch][INFO] 2020-10-19 21:55:26,925: [rosout-1] sending SIGINT to pgid [5170]
[roslaunch][INFO] 2020-10-19 21:55:26,925: [rosout-1] sent SIGINT to pgid [5170]
[roslaunch][INFO] 2020-10-19 21:55:27,226: process[rosout-1]: SIGINT killed with return value 0
[roslaunch.pmon][INFO] 2020-10-19 21:55:27,226: ProcessMonitor exit: killing master
[roslaunch][INFO] 2020-10-19 21:55:27,226: [master] killing on exit
[roslaunch][INFO] 2020-10-19 21:55:27,226: process[master]: killing os process with pid[5156] pgid[5156]
[roslaunch][INFO] 2020-10-19 21:55:27,226: [master] sending SIGINT to pgid [5156]
[roslaunch][INFO] 2020-10-19 21:55:27,226: [master] sent SIGINT to pgid [5156]
[roslaunch][INFO] 2020-10-19 21:55:27,426: process[master]: SIGINT killed with return value 0
[roslaunch.pmon][INFO] 2020-10-19 21:55:27,426: ProcessMonitor exit: cleaning up data structures and signals
[roslaunch.pmon][INFO] 2020-10-19 21:55:27,426: ProcessMonitor exit: pmon has shutdown
[roslaunch][INFO] 2020-10-19 21:55:27,432: process monitor is done spinning, initiating full shutdown
[roslaunch][INFO] 2020-10-19 21:55:27,432: runner.stop()
[roslaunch][INFO] 2020-10-19 21:55:27,432: shutting down processing monitor...
[roslaunch][INFO] 2020-10-19 21:55:27,432: shutting down processing monitor <ProcessMonitor(ProcessMonitor-1, stopped daemon 140553922258688)>
[roslaunch.pmon][INFO] 2020-10-19 21:55:27,432: ProcessMonitor.shutdown <ProcessMonitor(ProcessMonitor-1, stopped daemon 140553922258688)>
[roslaunch][INFO] 2020-10-19 21:55:27,432: ... shutting down processing monitor complete
[roslaunch][INFO] 2020-10-19 21:55:27,432: done
[roslaunch.pmon][INFO] 2020-10-19 21:55:27,433: ProcessMonitor.shutdown <ProcessMonitor(ProcessMonitor-1, stopped daemon 140553922258688)>
[rospy.core][INFO] 2020-10-19 21:55:27,433: signal_shutdown [atexit]
