[rospy.client][INFO] 2020-11-05 21:32:20,210: init_node, name[/rosapi], pid[3318]
[xmlrpc][INFO] 2020-11-05 21:32:20,210: XML-RPC server binding to 0.0.0.0:0
[xmlrpc][INFO] 2020-11-05 21:32:20,210: Started XML-RPC server [http://freight1207:33605/]
[rospy.init][INFO] 2020-11-05 21:32:20,210: ROS Slave URI: [http://freight1207:33605/]
[rospy.impl.masterslave][INFO] 2020-11-05 21:32:20,210: _ready: http://freight1207:33605/
[xmlrpc][INFO] 2020-11-05 21:32:20,211: xml rpc node: starting XML-RPC server
[rospy.registration][INFO] 2020-11-05 21:32:20,211: Registering with master node http://localhost:11311
[rospy.init][INFO] 2020-11-05 21:32:20,311: registered with master
[rospy.rosout][INFO] 2020-11-05 21:32:20,311: initializing /rosout core topic
[rospy.rosout][INFO] 2020-11-05 21:32:20,312: connected to core topic /rosout
[rospy.simtime][INFO] 2020-11-05 21:32:20,313: /use_sim_time is not set, will not subscribe to simulated time [/clock] topic
[rosout][INFO] 2020-11-05 21:32:20,335: Rosapi started
[rospy.internal][INFO] 2020-11-05 21:32:20,502: topic[/rosout] adding connection to [/rosout], count 0
[rospy.core][INFO] 2020-11-05 21:40:59,456: signal_shutdown [signal-2]
[rospy.internal][INFO] 2020-11-05 21:40:59,462: topic[/rosout] removing connection to /rosout
[rospy.impl.masterslave][INFO] 2020-11-05 21:40:59,463: signal-2
[rospy.core][INFO] 2020-11-05 21:41:00,077: signal_shutdown [atexit]
[rospy.client][INFO] 2020-11-05 21:49:02,799: init_node, name[/rosapi], pid[6934]
[xmlrpc][INFO] 2020-11-05 21:49:02,799: XML-RPC server binding to 0.0.0.0:0
[xmlrpc][INFO] 2020-11-05 21:49:02,799: Started XML-RPC server [http://freight1207:37616/]
[rospy.init][INFO] 2020-11-05 21:49:02,799: ROS Slave URI: [http://freight1207:37616/]
[rospy.impl.masterslave][INFO] 2020-11-05 21:49:02,799: _ready: http://freight1207:37616/
[xmlrpc][INFO] 2020-11-05 21:49:02,800: xml rpc node: starting XML-RPC server
[rospy.registration][INFO] 2020-11-05 21:49:02,800: Registering with master node http://localhost:11311
[rospy.init][INFO] 2020-11-05 21:49:02,900: registered with master
[rospy.rosout][INFO] 2020-11-05 21:49:02,900: initializing /rosout core topic
[rospy.rosout][INFO] 2020-11-05 21:49:02,901: connected to core topic /rosout
[rospy.simtime][INFO] 2020-11-05 21:49:02,902: /use_sim_time is not set, will not subscribe to simulated time [/clock] topic
[rosout][INFO] 2020-11-05 21:49:02,924: Rosapi started
[rospy.internal][INFO] 2020-11-05 21:49:03,168: topic[/rosout] adding connection to [/rosout], count 0
[rospy.core][INFO] 2020-11-05 21:51:46,717: signal_shutdown [signal-2]
[rospy.internal][INFO] 2020-11-05 21:51:46,723: topic[/rosout] removing connection to /rosout
[rospy.impl.masterslave][INFO] 2020-11-05 21:51:46,723: signal-2
[rospy.core][INFO] 2020-11-05 21:51:46,855: signal_shutdown [atexit]
