[roslaunch][INFO] 2020-11-05 21:49:02,155: Checking log directory for disk usage. This may take awhile.
Press Ctrl-C to interrupt
[roslaunch][INFO] 2020-11-05 21:49:02,159: Done checking log file disk usage. Usage is <1GB.
[roslaunch][INFO] 2020-11-05 21:49:02,159: roslaunch starting with args ['/opt/ros/indigo/bin/roslaunch', 'rosbridge_server', 'rosbridge_websocket.launch']
[roslaunch][INFO] 2020-11-05 21:49:02,160: roslaunch env is {'LC_NUMERIC': 'ko_KR.UTF-8', 'ROS_DISTRO': 'indigo', 'NVM_CD_FLAGS': '', 'LESSOPEN': '| /usr/bin/lesspipe %s', 'SSH_CLIENT': '172.22.77.171 53493 22', 'CPATH': '/home/fetch/catkin_ws/devel/include:/opt/ros/indigo/include', 'LOGNAME': 'fetch', 'USER': 'fetch', 'NVM_DIR': '/home/fetch/.nvm', 'HOME': '/home/fetch', 'LC_PAPER': 'ko_KR.UTF-8', 'PATH': '/home/fetch/.nvm/versions/node/v10.15.3/bin:/opt/ros/indigo/bin:/usr/local/sbin:/usr/local/bin:/usr/sbin:/usr/bin:/sbin:/bin:/usr/games:/usr/local/games', 'VIRTUALENVWRAPPER_SCRIPT': '/usr/share/virtualenvwrapper/virtualenvwrapper.sh', 'LD_LIBRARY_PATH': '/home/fetch/catkin_ws/devel/lib:/opt/ros/indigo/lib', 'LANG': 'en_US.UTF-8', 'TERM': 'xterm-256color', 'SHELL': '/bin/bash', 'ROS_LOG_FILENAME': '/home/fetch/.ros/log/64d7a426-1ff1-11eb-9c9a-000babe55698/roslaunch-freight1207-6915.log', 'LC_MONETARY': 'ko_KR.UTF-8', 'QT_QPA_PLATFORMTHEME': 'appmenu-qt5', 'ROS_ETC_DIR': '/opt/ros/indigo/etc/ros', 'DISPLAY': 'localhost:10.0', 'NVM_BIN': '/home/fetch/.nvm/versions/node/v10.15.3/bin', '_VIRTUALENVWRAPPER_API': ' mkvirtualenv rmvirtualenv lsvirtualenv showvirtualenv workon add2virtualenv cdsitepackages cdvirtualenv lssitepackages toggleglobalsitepackages cpvirtualenv setvirtualenvproject mkproject cdproject mktmpenv mkvirtualenv rmvirtualenv lsvirtualenv showvirtualenv workon add2virtualenv cdsitepackages cdvirtualenv lssitepackages toggleglobalsitepackages cpvirtualenv setvirtualenvproject mkproject cdproject mktmpenv', 'CMAKE_PREFIX_PATH': '/home/fetch/catkin_ws/devel:/opt/ros/indigo', 'XDG_RUNTIME_DIR': '/run/user/1000', 'LC_ADDRESS': 'ko_KR.UTF-8', 'PYTHONPATH': '/home/fetch/catkin_ws/devel/lib/python2.7/dist-packages:/opt/ros/indigo/lib/python2.7/dist-packages', 'SHLVL': '1', 'ROS_ROOT': '/opt/ros/indigo/share/ros', 'PKG_CONFIG_PATH': '/home/fetch/catkin_ws/devel/lib/pkgconfig:/opt/ros/indigo/lib/pkgconfig', 'ROS_PACKAGE_PATH': '/home/fetch/catkin_ws/src:/opt/ros/indigo/share:/opt/ros/indigo/stacks', 'XDG_SESSION_ID': '4', '_': '/opt/ros/indigo/bin/roslaunch', 'LC_IDENTIFICATION': 'ko_KR.UTF-8', 'SSH_CONNECTION': '172.22.77.171 53493 172.22.77.172 22', 'LESSCLOSE': '/usr/bin/lesspipe %s %s', 'SSH_TTY': '/dev/pts/1', 'ROSLISP_PACKAGE_DIRECTORIES': '/home/fetch/catkin_ws/devel/share/common-lisp', 'LC_TELEPHONE': 'ko_KR.UTF-8', 'LC_MEASUREMENT': 'ko_KR.UTF-8', 'PWD': '/home/fetch', 'ROS_MASTER_URI': 'http://localhost:11311', 'LC_NAME': 'ko_KR.UTF-8', 'MAIL': '/var/mail/fetch', 'LC_TIME': 'ko_KR.UTF-8', 'LS_COLORS': 'rs=0:di=01;34:ln=01;36:mh=00:pi=40;33:so=01;35:do=01;35:bd=40;33;01:cd=40;33;01:or=40;31;01:su=37;41:sg=30;43:ca=30;41:tw=30;42:ow=34;42:st=37;44:ex=01;32:*.tar=01;31:*.tgz=01;31:*.arj=01;31:*.taz=01;31:*.lzh=01;31:*.lzma=01;31:*.tlz=01;31:*.txz=01;31:*.zip=01;31:*.z=01;31:*.Z=01;31:*.dz=01;31:*.gz=01;31:*.lz=01;31:*.xz=01;31:*.bz2=01;31:*.bz=01;31:*.tbz=01;31:*.tbz2=01;31:*.tz=01;31:*.deb=01;31:*.rpm=01;31:*.jar=01;31:*.war=01;31:*.ear=01;31:*.sar=01;31:*.rar=01;31:*.ace=01;31:*.zoo=01;31:*.cpio=01;31:*.7z=01;31:*.rz=01;31:*.jpg=01;35:*.jpeg=01;35:*.gif=01;35:*.bmp=01;35:*.pbm=01;35:*.pgm=01;35:*.ppm=01;35:*.tga=01;35:*.xbm=01;35:*.xpm=01;35:*.tif=01;35:*.tiff=01;35:*.png=01;35:*.svg=01;35:*.svgz=01;35:*.mng=01;35:*.pcx=01;35:*.mov=01;35:*.mpg=01;35:*.mpeg=01;35:*.m2v=01;35:*.mkv=01;35:*.webm=01;35:*.ogm=01;35:*.mp4=01;35:*.m4v=01;35:*.mp4v=01;35:*.vob=01;35:*.qt=01;35:*.nuv=01;35:*.wmv=01;35:*.asf=01;35:*.rm=01;35:*.rmvb=01;35:*.flc=01;35:*.avi=01;35:*.fli=01;35:*.flv=01;35:*.gl=01;35:*.dl=01;35:*.xcf=01;35:*.xwd=01;35:*.yuv=01;35:*.cgm=01;35:*.emf=01;35:*.axv=01;35:*.anx=01;35:*.ogv=01;35:*.ogx=01;35:*.aac=00;36:*.au=00;36:*.flac=00;36:*.mid=00;36:*.midi=00;36:*.mka=00;36:*.mp3=00;36:*.mpc=00;36:*.ogg=00;36:*.ra=00;36:*.wav=00;36:*.axa=00;36:*.oga=00;36:*.spx=00;36:*.xspf=00;36:'}
[roslaunch][INFO] 2020-11-05 21:49:02,160: starting in server mode
[roslaunch.parent][INFO] 2020-11-05 21:49:02,160: starting roslaunch parent run
[roslaunch][INFO] 2020-11-05 21:49:02,160: loading roscore config file /opt/ros/indigo/etc/ros/roscore.xml
[roslaunch][INFO] 2020-11-05 21:49:02,231: Added core node of type [rosout/rosout] in namespace [/]
[roslaunch.config][INFO] 2020-11-05 21:49:02,231: loading config file /home/fetch/catkin_ws/src/rosbridge_suite/rosbridge_server/launch/rosbridge_websocket.launch
[roslaunch][INFO] 2020-11-05 21:49:02,234: Added node of type [rosbridge_server/rosbridge_websocket] in namespace [/]
[roslaunch][INFO] 2020-11-05 21:49:02,234: Added node of type [rosapi/rosapi_node] in namespace [/]
[roslaunch][INFO] 2020-11-05 21:49:02,234: ... selected machine [] for node of type [rosbridge_server/rosbridge_websocket]
[roslaunch][INFO] 2020-11-05 21:49:02,234: ... selected machine [] for node of type [rosapi/rosapi_node]
[roslaunch.pmon][INFO] 2020-11-05 21:49:02,235: start_process_monitor: creating ProcessMonitor
[roslaunch.pmon][INFO] 2020-11-05 21:49:02,235: created process monitor <ProcessMonitor(ProcessMonitor-1, initial daemon)>
[roslaunch.pmon][INFO] 2020-11-05 21:49:02,235: start_process_monitor: ProcessMonitor started
[roslaunch.parent][INFO] 2020-11-05 21:49:02,235: starting parent XML-RPC server
[roslaunch.server][INFO] 2020-11-05 21:49:02,235: starting roslaunch XML-RPC server
[roslaunch.server][INFO] 2020-11-05 21:49:02,236: waiting for roslaunch XML-RPC server to initialize
[xmlrpc][INFO] 2020-11-05 21:49:02,236: XML-RPC server binding to 0.0.0.0:0
[xmlrpc][INFO] 2020-11-05 21:49:02,236: Started XML-RPC server [http://freight1207:56789/]
[xmlrpc][INFO] 2020-11-05 21:49:02,236: xml rpc node: starting XML-RPC server
[roslaunch][INFO] 2020-11-05 21:49:02,247: started roslaunch server http://freight1207:56789/
[roslaunch.parent][INFO] 2020-11-05 21:49:02,247: ... parent XML-RPC server started
[roslaunch][INFO] 2020-11-05 21:49:02,247: master.is_running[http://localhost:11311]
[roslaunch][INFO] 2020-11-05 21:49:02,248: master.is_running[http://localhost:11311]
[roslaunch][INFO] 2020-11-05 21:49:02,249: ROS_MASTER_URI=http://localhost:11311
[roslaunch][INFO] 2020-11-05 21:49:02,250: setting /roslaunch/uris/host_freight1207__56789' to http://freight1207:56789/
[roslaunch][INFO] 2020-11-05 21:49:02,251: load_parameters starting ...
[roslaunch][INFO] 2020-11-05 21:49:02,255: ... load_parameters complete
[roslaunch][INFO] 2020-11-05 21:49:02,255: launch_nodes: launching local nodes ...
[roslaunch][INFO] 2020-11-05 21:49:02,256: ... preparing to launch node of type [rosbridge_server/rosbridge_websocket]
[roslaunch][INFO] 2020-11-05 21:49:02,256: create_node_process: package[rosbridge_server] type[rosbridge_websocket] machine[Machine(name[] env_loader[None] address[localhost] ssh_port[22] user[None] assignable[True] timeout[10.0])] master_uri[http://localhost:11311]
[roslaunch][INFO] 2020-11-05 21:49:02,256: process[rosbridge_websocket-1]: env[{'LC_NUMERIC': 'ko_KR.UTF-8', 'ROS_DISTRO': 'indigo', 'NVM_CD_FLAGS': '', 'LC_MEASUREMENT': 'ko_KR.UTF-8', 'LESSOPEN': '| /usr/bin/lesspipe %s', 'SSH_CLIENT': '172.22.77.171 53493 22', 'CPATH': '/home/fetch/catkin_ws/devel/include:/opt/ros/indigo/include', 'LOGNAME': 'fetch', 'USER': 'fetch', 'NVM_DIR': '/home/fetch/.nvm', 'HOME': '/home/fetch', 'LC_PAPER': 'ko_KR.UTF-8', 'PATH': '/home/fetch/.nvm/versions/node/v10.15.3/bin:/opt/ros/indigo/bin:/usr/local/sbin:/usr/local/bin:/usr/sbin:/usr/bin:/sbin:/bin:/usr/games:/usr/local/games', 'VIRTUALENVWRAPPER_SCRIPT': '/usr/share/virtualenvwrapper/virtualenvwrapper.sh', 'ROS_LOG_FILENAME': '/home/fetch/.ros/log/64d7a426-1ff1-11eb-9c9a-000babe55698/roslaunch-freight1207-6915.log', 'LANG': 'en_US.UTF-8', 'TERM': 'xterm-256color', 'SHELL': '/bin/bash', 'LC_MONETARY': 'ko_KR.UTF-8', 'QT_QPA_PLATFORMTHEME': 'appmenu-qt5', 'DISPLAY': 'localhost:10.0', 'NVM_BIN': '/home/fetch/.nvm/versions/node/v10.15.3/bin', '_VIRTUALENVWRAPPER_API': ' mkvirtualenv rmvirtualenv lsvirtualenv showvirtualenv workon add2virtualenv cdsitepackages cdvirtualenv lssitepackages toggleglobalsitepackages cpvirtualenv setvirtualenvproject mkproject cdproject mktmpenv mkvirtualenv rmvirtualenv lsvirtualenv showvirtualenv workon add2virtualenv cdsitepackages cdvirtualenv lssitepackages toggleglobalsitepackages cpvirtualenv setvirtualenvproject mkproject cdproject mktmpenv', 'CMAKE_PREFIX_PATH': '/home/fetch/catkin_ws/devel:/opt/ros/indigo', 'XDG_RUNTIME_DIR': '/run/user/1000', 'LC_ADDRESS': 'ko_KR.UTF-8', 'PYTHONPATH': '/home/fetch/catkin_ws/devel/lib/python2.7/dist-packages:/opt/ros/indigo/lib/python2.7/dist-packages', 'ROS_ROOT': '/opt/ros/indigo/share/ros', 'PKG_CONFIG_PATH': '/home/fetch/catkin_ws/devel/lib/pkgconfig:/opt/ros/indigo/lib/pkgconfig', 'ROS_PACKAGE_PATH': '/home/fetch/catkin_ws/src:/opt/ros/indigo/share:/opt/ros/indigo/stacks', 'XDG_SESSION_ID': '4', '_': '/opt/ros/indigo/bin/roslaunch', 'LC_IDENTIFICATION': 'ko_KR.UTF-8', 'LD_LIBRARY_PATH': '/home/fetch/catkin_ws/devel/lib:/opt/ros/indigo/lib', 'LS_COLORS': 'rs=0:di=01;34:ln=01;36:mh=00:pi=40;33:so=01;35:do=01;35:bd=40;33;01:cd=40;33;01:or=40;31;01:su=37;41:sg=30;43:ca=30;41:tw=30;42:ow=34;42:st=37;44:ex=01;32:*.tar=01;31:*.tgz=01;31:*.arj=01;31:*.taz=01;31:*.lzh=01;31:*.lzma=01;31:*.tlz=01;31:*.txz=01;31:*.zip=01;31:*.z=01;31:*.Z=01;31:*.dz=01;31:*.gz=01;31:*.lz=01;31:*.xz=01;31:*.bz2=01;31:*.bz=01;31:*.tbz=01;31:*.tbz2=01;31:*.tz=01;31:*.deb=01;31:*.rpm=01;31:*.jar=01;31:*.war=01;31:*.ear=01;31:*.sar=01;31:*.rar=01;31:*.ace=01;31:*.zoo=01;31:*.cpio=01;31:*.7z=01;31:*.rz=01;31:*.jpg=01;35:*.jpeg=01;35:*.gif=01;35:*.bmp=01;35:*.pbm=01;35:*.pgm=01;35:*.ppm=01;35:*.tga=01;35:*.xbm=01;35:*.xpm=01;35:*.tif=01;35:*.tiff=01;35:*.png=01;35:*.svg=01;35:*.svgz=01;35:*.mng=01;35:*.pcx=01;35:*.mov=01;35:*.mpg=01;35:*.mpeg=01;35:*.m2v=01;35:*.mkv=01;35:*.webm=01;35:*.ogm=01;35:*.mp4=01;35:*.m4v=01;35:*.mp4v=01;35:*.vob=01;35:*.qt=01;35:*.nuv=01;35:*.wmv=01;35:*.asf=01;35:*.rm=01;35:*.rmvb=01;35:*.flc=01;35:*.avi=01;35:*.fli=01;35:*.flv=01;35:*.gl=01;35:*.dl=01;35:*.xcf=01;35:*.xwd=01;35:*.yuv=01;35:*.cgm=01;35:*.emf=01;35:*.axv=01;35:*.anx=01;35:*.ogv=01;35:*.ogx=01;35:*.aac=00;36:*.au=00;36:*.flac=00;36:*.mid=00;36:*.midi=00;36:*.mka=00;36:*.mp3=00;36:*.mpc=00;36:*.ogg=00;36:*.ra=00;36:*.wav=00;36:*.axa=00;36:*.oga=00;36:*.spx=00;36:*.xspf=00;36:', 'LESSCLOSE': '/usr/bin/lesspipe %s %s', 'SSH_TTY': '/dev/pts/1', 'ROSLISP_PACKAGE_DIRECTORIES': '/home/fetch/catkin_ws/devel/share/common-lisp', 'LC_TELEPHONE': 'ko_KR.UTF-8', 'SHLVL': '1', 'PWD': '/home/fetch', 'ROS_ETC_DIR': '/opt/ros/indigo/etc/ros', 'ROS_MASTER_URI': 'http://localhost:11311', 'LC_NAME': 'ko_KR.UTF-8', 'MAIL': '/var/mail/fetch', 'LC_TIME': 'ko_KR.UTF-8', 'SSH_CONNECTION': '172.22.77.171 53493 172.22.77.172 22'}]
[roslaunch][INFO] 2020-11-05 21:49:02,291: process[rosbridge_websocket-1]: args[[u'/home/fetch/catkin_ws/src/rosbridge_suite/rosbridge_server/scripts/rosbridge_websocket', u'__name:=rosbridge_websocket']]
[roslaunch][INFO] 2020-11-05 21:49:02,291: ... created process [rosbridge_websocket-1]
[roslaunch.pmon][INFO] 2020-11-05 21:49:02,291: ProcessMonitor.register[rosbridge_websocket-1]
[roslaunch.pmon][INFO] 2020-11-05 21:49:02,291: ProcessMonitor.register[rosbridge_websocket-1] complete
[roslaunch][INFO] 2020-11-05 21:49:02,291: ... registered process [rosbridge_websocket-1]
[roslaunch][INFO] 2020-11-05 21:49:02,291: process[rosbridge_websocket-1]: starting os process
[roslaunch][INFO] 2020-11-05 21:49:02,291: process[rosbridge_websocket-1]: start w/ args [[u'/home/fetch/catkin_ws/src/rosbridge_suite/rosbridge_server/scripts/rosbridge_websocket', u'__name:=rosbridge_websocket', u'__log:=/home/fetch/.ros/log/64d7a426-1ff1-11eb-9c9a-000babe55698/rosbridge_websocket-1.log']]
[roslaunch][INFO] 2020-11-05 21:49:02,291: process[rosbridge_websocket-1]: cwd will be [/home/fetch/.ros]
[roslaunch][INFO] 2020-11-05 21:49:02,293: process[rosbridge_websocket-1]: started with pid [6933]
[roslaunch][INFO] 2020-11-05 21:49:02,293: ... successfully launched [rosbridge_websocket-1]
[roslaunch][INFO] 2020-11-05 21:49:02,293: ... preparing to launch node of type [rosapi/rosapi_node]
[roslaunch][INFO] 2020-11-05 21:49:02,294: create_node_process: package[rosapi] type[rosapi_node] machine[Machine(name[] env_loader[None] address[localhost] ssh_port[22] user[None] assignable[True] timeout[10.0])] master_uri[http://localhost:11311]
[roslaunch][INFO] 2020-11-05 21:49:02,294: process[rosapi-2]: env[{'LC_NUMERIC': 'ko_KR.UTF-8', 'ROS_DISTRO': 'indigo', 'NVM_CD_FLAGS': '', 'LC_MEASUREMENT': 'ko_KR.UTF-8', 'LESSOPEN': '| /usr/bin/lesspipe %s', 'SSH_CLIENT': '172.22.77.171 53493 22', 'CPATH': '/home/fetch/catkin_ws/devel/include:/opt/ros/indigo/include', 'LOGNAME': 'fetch', 'USER': 'fetch', 'NVM_DIR': '/home/fetch/.nvm', 'HOME': '/home/fetch', 'LC_PAPER': 'ko_KR.UTF-8', 'PATH': '/home/fetch/.nvm/versions/node/v10.15.3/bin:/opt/ros/indigo/bin:/usr/local/sbin:/usr/local/bin:/usr/sbin:/usr/bin:/sbin:/bin:/usr/games:/usr/local/games', 'VIRTUALENVWRAPPER_SCRIPT': '/usr/share/virtualenvwrapper/virtualenvwrapper.sh', 'ROS_LOG_FILENAME': '/home/fetch/.ros/log/64d7a426-1ff1-11eb-9c9a-000babe55698/roslaunch-freight1207-6915.log', 'LANG': 'en_US.UTF-8', 'TERM': 'xterm-256color', 'SHELL': '/bin/bash', 'LC_MONETARY': 'ko_KR.UTF-8', 'QT_QPA_PLATFORMTHEME': 'appmenu-qt5', 'DISPLAY': 'localhost:10.0', 'NVM_BIN': '/home/fetch/.nvm/versions/node/v10.15.3/bin', '_VIRTUALENVWRAPPER_API': ' mkvirtualenv rmvirtualenv lsvirtualenv showvirtualenv workon add2virtualenv cdsitepackages cdvirtualenv lssitepackages toggleglobalsitepackages cpvirtualenv setvirtualenvproject mkproject cdproject mktmpenv mkvirtualenv rmvirtualenv lsvirtualenv showvirtualenv workon add2virtualenv cdsitepackages cdvirtualenv lssitepackages toggleglobalsitepackages cpvirtualenv setvirtualenvproject mkproject cdproject mktmpenv', 'CMAKE_PREFIX_PATH': '/home/fetch/catkin_ws/devel:/opt/ros/indigo', 'XDG_RUNTIME_DIR': '/run/user/1000', 'LC_ADDRESS': 'ko_KR.UTF-8', 'PYTHONPATH': '/home/fetch/catkin_ws/devel/lib/python2.7/dist-packages:/opt/ros/indigo/lib/python2.7/dist-packages', 'ROS_ROOT': '/opt/ros/indigo/share/ros', 'PKG_CONFIG_PATH': '/home/fetch/catkin_ws/devel/lib/pkgconfig:/opt/ros/indigo/lib/pkgconfig', 'ROS_PACKAGE_PATH': '/home/fetch/catkin_ws/src:/opt/ros/indigo/share:/opt/ros/indigo/stacks', 'XDG_SESSION_ID': '4', '_': '/opt/ros/indigo/bin/roslaunch', 'LC_IDENTIFICATION': 'ko_KR.UTF-8', 'LD_LIBRARY_PATH': '/home/fetch/catkin_ws/devel/lib:/opt/ros/indigo/lib', 'LS_COLORS': 'rs=0:di=01;34:ln=01;36:mh=00:pi=40;33:so=01;35:do=01;35:bd=40;33;01:cd=40;33;01:or=40;31;01:su=37;41:sg=30;43:ca=30;41:tw=30;42:ow=34;42:st=37;44:ex=01;32:*.tar=01;31:*.tgz=01;31:*.arj=01;31:*.taz=01;31:*.lzh=01;31:*.lzma=01;31:*.tlz=01;31:*.txz=01;31:*.zip=01;31:*.z=01;31:*.Z=01;31:*.dz=01;31:*.gz=01;31:*.lz=01;31:*.xz=01;31:*.bz2=01;31:*.bz=01;31:*.tbz=01;31:*.tbz2=01;31:*.tz=01;31:*.deb=01;31:*.rpm=01;31:*.jar=01;31:*.war=01;31:*.ear=01;31:*.sar=01;31:*.rar=01;31:*.ace=01;31:*.zoo=01;31:*.cpio=01;31:*.7z=01;31:*.rz=01;31:*.jpg=01;35:*.jpeg=01;35:*.gif=01;35:*.bmp=01;35:*.pbm=01;35:*.pgm=01;35:*.ppm=01;35:*.tga=01;35:*.xbm=01;35:*.xpm=01;35:*.tif=01;35:*.tiff=01;35:*.png=01;35:*.svg=01;35:*.svgz=01;35:*.mng=01;35:*.pcx=01;35:*.mov=01;35:*.mpg=01;35:*.mpeg=01;35:*.m2v=01;35:*.mkv=01;35:*.webm=01;35:*.ogm=01;35:*.mp4=01;35:*.m4v=01;35:*.mp4v=01;35:*.vob=01;35:*.qt=01;35:*.nuv=01;35:*.wmv=01;35:*.asf=01;35:*.rm=01;35:*.rmvb=01;35:*.flc=01;35:*.avi=01;35:*.fli=01;35:*.flv=01;35:*.gl=01;35:*.dl=01;35:*.xcf=01;35:*.xwd=01;35:*.yuv=01;35:*.cgm=01;35:*.emf=01;35:*.axv=01;35:*.anx=01;35:*.ogv=01;35:*.ogx=01;35:*.aac=00;36:*.au=00;36:*.flac=00;36:*.mid=00;36:*.midi=00;36:*.mka=00;36:*.mp3=00;36:*.mpc=00;36:*.ogg=00;36:*.ra=00;36:*.wav=00;36:*.axa=00;36:*.oga=00;36:*.spx=00;36:*.xspf=00;36:', 'LESSCLOSE': '/usr/bin/lesspipe %s %s', 'SSH_TTY': '/dev/pts/1', 'ROSLISP_PACKAGE_DIRECTORIES': '/home/fetch/catkin_ws/devel/share/common-lisp', 'LC_TELEPHONE': 'ko_KR.UTF-8', 'SHLVL': '1', 'PWD': '/home/fetch', 'ROS_ETC_DIR': '/opt/ros/indigo/etc/ros', 'ROS_MASTER_URI': 'http://localhost:11311', 'LC_NAME': 'ko_KR.UTF-8', 'MAIL': '/var/mail/fetch', 'LC_TIME': 'ko_KR.UTF-8', 'SSH_CONNECTION': '172.22.77.171 53493 172.22.77.172 22'}]
[roslaunch][INFO] 2020-11-05 21:49:02,295: process[rosapi-2]: args[[u'/home/fetch/catkin_ws/src/rosbridge_suite/rosapi/scripts/rosapi_node', u'__name:=rosapi']]
[roslaunch][INFO] 2020-11-05 21:49:02,295: ... created process [rosapi-2]
[roslaunch.pmon][INFO] 2020-11-05 21:49:02,295: ProcessMonitor.register[rosapi-2]
[roslaunch.pmon][INFO] 2020-11-05 21:49:02,295: ProcessMonitor.register[rosapi-2] complete
[roslaunch][INFO] 2020-11-05 21:49:02,295: ... registered process [rosapi-2]
[roslaunch][INFO] 2020-11-05 21:49:02,295: process[rosapi-2]: starting os process
[roslaunch][INFO] 2020-11-05 21:49:02,295: process[rosapi-2]: start w/ args [[u'/home/fetch/catkin_ws/src/rosbridge_suite/rosapi/scripts/rosapi_node', u'__name:=rosapi', u'__log:=/home/fetch/.ros/log/64d7a426-1ff1-11eb-9c9a-000babe55698/rosapi-2.log']]
[roslaunch][INFO] 2020-11-05 21:49:02,295: process[rosapi-2]: cwd will be [/home/fetch/.ros]
[roslaunch][INFO] 2020-11-05 21:49:02,297: process[rosapi-2]: started with pid [6934]
[roslaunch][INFO] 2020-11-05 21:49:02,297: ... successfully launched [rosapi-2]
[roslaunch][INFO] 2020-11-05 21:49:02,297: ... launch_nodes complete
[roslaunch.pmon][INFO] 2020-11-05 21:49:02,297: registrations completed <ProcessMonitor(ProcessMonitor-1, started daemon 140541802768128)>
[roslaunch.parent][INFO] 2020-11-05 21:49:02,297: ... roslaunch parent running, waiting for process exit
[roslaunch][INFO] 2020-11-05 21:49:02,297: spin
[roslaunch.pmon][INFO] 2020-11-05 21:51:46,695: ProcessMonitor.shutdown <ProcessMonitor(ProcessMonitor-1, started daemon 140541802768128)>
[roslaunch.pmon][INFO] 2020-11-05 21:51:46,715: ProcessMonitor._post_run <ProcessMonitor(ProcessMonitor-1, started daemon 140541802768128)>
[roslaunch.pmon][INFO] 2020-11-05 21:51:46,715: ProcessMonitor._post_run <ProcessMonitor(ProcessMonitor-1, started daemon 140541802768128)>: remaining procs are [<roslaunch.nodeprocess.LocalProcess object at 0x7fd27062f3d0>, <roslaunch.nodeprocess.LocalProcess object at 0x7fd27062fbd0>]
[roslaunch.pmon][INFO] 2020-11-05 21:51:46,716: ProcessMonitor exit: killing rosapi-2
[roslaunch][INFO] 2020-11-05 21:51:46,716: [rosapi-2] killing on exit
[roslaunch.pmon][INFO] 2020-11-05 21:51:46,716: ProcessMonitor exit: killing rosbridge_websocket-1
[roslaunch][INFO] 2020-11-05 21:51:46,716: process[rosapi-2]: killing os process with pid[6934] pgid[6934]
[roslaunch][INFO] 2020-11-05 21:51:46,716: [rosbridge_websocket-1] killing on exit
[roslaunch][INFO] 2020-11-05 21:51:46,716: [rosapi-2] sending SIGINT to pgid [6934]
[roslaunch][INFO] 2020-11-05 21:51:46,716: process[rosbridge_websocket-1]: killing os process with pid[6933] pgid[6933]
[roslaunch][INFO] 2020-11-05 21:51:46,717: [rosapi-2] sent SIGINT to pgid [6934]
[roslaunch][INFO] 2020-11-05 21:51:46,717: [rosbridge_websocket-1] sending SIGINT to pgid [6933]
[roslaunch][INFO] 2020-11-05 21:51:46,717: [rosbridge_websocket-1] sent SIGINT to pgid [6933]
[roslaunch][INFO] 2020-11-05 21:51:46,917: process[rosapi-2]: SIGINT killed with return value 0
[roslaunch][INFO] 2020-11-05 21:51:47,018: process[rosbridge_websocket-1]: SIGINT killed with return value 0
[roslaunch.pmon][INFO] 2020-11-05 21:51:47,018: ProcessMonitor exit: cleaning up data structures and signals
[roslaunch.pmon][INFO] 2020-11-05 21:51:47,018: ProcessMonitor exit: pmon has shutdown
[roslaunch][INFO] 2020-11-05 21:51:47,059: process monitor is done spinning, initiating full shutdown
[roslaunch][INFO] 2020-11-05 21:51:47,059: runner.stop()
[roslaunch][INFO] 2020-11-05 21:51:47,059: shutting down processing monitor...
[roslaunch][INFO] 2020-11-05 21:51:47,059: shutting down processing monitor <ProcessMonitor(ProcessMonitor-1, stopped daemon 140541802768128)>
[roslaunch.pmon][INFO] 2020-11-05 21:51:47,059: ProcessMonitor.shutdown <ProcessMonitor(ProcessMonitor-1, stopped daemon 140541802768128)>
[roslaunch][INFO] 2020-11-05 21:51:47,059: ... shutting down processing monitor complete
[roslaunch][INFO] 2020-11-05 21:51:47,059: done
[roslaunch.pmon][INFO] 2020-11-05 21:51:47,059: ProcessMonitor.shutdown <ProcessMonitor(ProcessMonitor-1, stopped daemon 140541802768128)>
[rospy.core][INFO] 2020-11-05 21:51:47,059: signal_shutdown [atexit]
