[roslaunch][INFO] 2020-10-29 21:32:37,355: Checking log directory for disk usage. This may take awhile.
Press Ctrl-C to interrupt
[roslaunch][INFO] 2020-10-29 21:32:37,358: Done checking log file disk usage. Usage is <1GB.
[roslaunch][INFO] 2020-10-29 21:32:37,358: roslaunch starting with args ['/opt/ros/indigo/bin/roslaunch', 'fetch_navigation', 'freight_nav.launch']
[roslaunch][INFO] 2020-10-29 21:32:37,358: roslaunch env is {'ROS_DISTRO': 'indigo', 'LESSOPEN': '| /usr/bin/lesspipe %s', 'SSH_CLIENT': '172.22.77.105 61795 22', 'CPATH': '/home/fetch/catkin_ws/devel/include:/opt/ros/indigo/include', 'LOGNAME': 'fetch', 'USER': 'fetch', 'PATH': '/opt/ros/indigo/bin:/usr/local/sbin:/usr/local/bin:/usr/sbin:/usr/bin:/sbin:/bin:/usr/games:/usr/local/games', 'HOME': '/home/fetch', 'VIRTUALENVWRAPPER_SCRIPT': '/usr/share/virtualenvwrapper/virtualenvwrapper.sh', 'LD_LIBRARY_PATH': '/home/fetch/catkin_ws/devel/lib:/opt/ros/indigo/lib', 'LANG': 'en_US.UTF-8', 'TERM': 'xterm-256color', 'SHELL': '/bin/bash', 'ROS_LOG_FILENAME': '/home/fetch/.ros/log/2caef098-1a62-11eb-9ee3-000babe55698/roslaunch-freight1207-5284.log', 'SHLVL': '1', 'QT_QPA_PLATFORMTHEME': 'appmenu-qt5', 'ROS_ETC_DIR': '/opt/ros/indigo/etc/ros', 'DISPLAY': 'localhost:13.0', '_VIRTUALENVWRAPPER_API': ' mkvirtualenv rmvirtualenv lsvirtualenv showvirtualenv workon add2virtualenv cdsitepackages cdvirtualenv lssitepackages toggleglobalsitepackages cpvirtualenv setvirtualenvproject mkproject cdproject mktmpenv mkvirtualenv rmvirtualenv lsvirtualenv showvirtualenv workon add2virtualenv cdsitepackages cdvirtualenv lssitepackages toggleglobalsitepackages cpvirtualenv setvirtualenvproject mkproject cdproject mktmpenv', 'CMAKE_PREFIX_PATH': '/home/fetch/catkin_ws/devel:/opt/ros/indigo', 'XDG_RUNTIME_DIR': '/run/user/1000', 'PYTHONPATH': '/home/fetch/catkin_ws/devel/lib/python2.7/dist-packages:/opt/ros/indigo/lib/python2.7/dist-packages', 'ROS_ROOT': '/opt/ros/indigo/share/ros', 'PKG_CONFIG_PATH': '/home/fetch/catkin_ws/devel/lib/pkgconfig:/opt/ros/indigo/lib/pkgconfig', 'ROS_PACKAGE_PATH': '/home/fetch/catkin_ws/src:/opt/ros/indigo/share:/opt/ros/indigo/stacks', 'XDG_SESSION_ID': '4', '_': '/opt/ros/indigo/bin/roslaunch', 'SSH_CONNECTION': '172.22.77.105 61795 172.22.77.172 22', 'LESSCLOSE': '/usr/bin/lesspipe %s %s', 'SSH_TTY': '/dev/pts/29', 'PWD': '/home/fetch', 'ROS_MASTER_URI': 'http://localhost:11311', 'MAIL': '/var/mail/fetch', 'LS_COLORS': 'rs=0:di=01;34:ln=01;36:mh=00:pi=40;33:so=01;35:do=01;35:bd=40;33;01:cd=40;33;01:or=40;31;01:su=37;41:sg=30;43:ca=30;41:tw=30;42:ow=34;42:st=37;44:ex=01;32:*.tar=01;31:*.tgz=01;31:*.arj=01;31:*.taz=01;31:*.lzh=01;31:*.lzma=01;31:*.tlz=01;31:*.txz=01;31:*.zip=01;31:*.z=01;31:*.Z=01;31:*.dz=01;31:*.gz=01;31:*.lz=01;31:*.xz=01;31:*.bz2=01;31:*.bz=01;31:*.tbz=01;31:*.tbz2=01;31:*.tz=01;31:*.deb=01;31:*.rpm=01;31:*.jar=01;31:*.war=01;31:*.ear=01;31:*.sar=01;31:*.rar=01;31:*.ace=01;31:*.zoo=01;31:*.cpio=01;31:*.7z=01;31:*.rz=01;31:*.jpg=01;35:*.jpeg=01;35:*.gif=01;35:*.bmp=01;35:*.pbm=01;35:*.pgm=01;35:*.ppm=01;35:*.tga=01;35:*.xbm=01;35:*.xpm=01;35:*.tif=01;35:*.tiff=01;35:*.png=01;35:*.svg=01;35:*.svgz=01;35:*.mng=01;35:*.pcx=01;35:*.mov=01;35:*.mpg=01;35:*.mpeg=01;35:*.m2v=01;35:*.mkv=01;35:*.webm=01;35:*.ogm=01;35:*.mp4=01;35:*.m4v=01;35:*.mp4v=01;35:*.vob=01;35:*.qt=01;35:*.nuv=01;35:*.wmv=01;35:*.asf=01;35:*.rm=01;35:*.rmvb=01;35:*.flc=01;35:*.avi=01;35:*.fli=01;35:*.flv=01;35:*.gl=01;35:*.dl=01;35:*.xcf=01;35:*.xwd=01;35:*.yuv=01;35:*.cgm=01;35:*.emf=01;35:*.axv=01;35:*.anx=01;35:*.ogv=01;35:*.ogx=01;35:*.aac=00;36:*.au=00;36:*.flac=00;36:*.mid=00;36:*.midi=00;36:*.mka=00;36:*.mp3=00;36:*.mpc=00;36:*.ogg=00;36:*.ra=00;36:*.wav=00;36:*.axa=00;36:*.oga=00;36:*.spx=00;36:*.xspf=00;36:'}
[roslaunch][INFO] 2020-10-29 21:32:37,358: starting in server mode
[roslaunch.parent][INFO] 2020-10-29 21:32:37,358: starting roslaunch parent run
[roslaunch][INFO] 2020-10-29 21:32:37,358: loading roscore config file /opt/ros/indigo/etc/ros/roscore.xml
[roslaunch][INFO] 2020-10-29 21:32:37,426: Added core node of type [rosout/rosout] in namespace [/]
[roslaunch.config][INFO] 2020-10-29 21:32:37,427: loading config file /opt/ros/indigo/share/fetch_navigation/launch/freight_nav.launch
[roslaunch][INFO] 2020-10-29 21:32:37,458: Added node of type [map_server/map_server] in namespace [/]
[roslaunch][INFO] 2020-10-29 21:32:37,459: Added node of type [rviz/rviz] in namespace [/]
[roslaunch][INFO] 2020-10-29 21:32:37,464: Added node of type [amcl/amcl] in namespace [/]
[roslaunch][INFO] 2020-10-29 21:32:37,480: Added node of type [move_base/move_base] in namespace [/]
[roslaunch][INFO] 2020-10-29 21:32:37,481: ... selected machine [] for node of type [map_server/map_server]
[roslaunch][INFO] 2020-10-29 21:32:37,481: ... selected machine [] for node of type [rviz/rviz]
[roslaunch][INFO] 2020-10-29 21:32:37,481: ... selected machine [] for node of type [amcl/amcl]
[roslaunch][INFO] 2020-10-29 21:32:37,481: ... selected machine [] for node of type [move_base/move_base]
[roslaunch.pmon][INFO] 2020-10-29 21:32:37,481: start_process_monitor: creating ProcessMonitor
[roslaunch.pmon][INFO] 2020-10-29 21:32:37,481: created process monitor <ProcessMonitor(ProcessMonitor-1, initial daemon)>
[roslaunch.pmon][INFO] 2020-10-29 21:32:37,482: start_process_monitor: ProcessMonitor started
[roslaunch.parent][INFO] 2020-10-29 21:32:37,482: starting parent XML-RPC server
[roslaunch.server][INFO] 2020-10-29 21:32:37,482: starting roslaunch XML-RPC server
[roslaunch.server][INFO] 2020-10-29 21:32:37,482: waiting for roslaunch XML-RPC server to initialize
[xmlrpc][INFO] 2020-10-29 21:32:37,482: XML-RPC server binding to 0.0.0.0:0
[xmlrpc][INFO] 2020-10-29 21:32:37,482: Started XML-RPC server [http://freight1207:47936/]
[xmlrpc][INFO] 2020-10-29 21:32:37,482: xml rpc node: starting XML-RPC server
[roslaunch][INFO] 2020-10-29 21:32:37,493: started roslaunch server http://freight1207:47936/
[roslaunch.parent][INFO] 2020-10-29 21:32:37,493: ... parent XML-RPC server started
[roslaunch][INFO] 2020-10-29 21:32:37,494: master.is_running[http://localhost:11311]
[roslaunch][INFO] 2020-10-29 21:32:37,495: master.is_running[http://localhost:11311]
[roslaunch][INFO] 2020-10-29 21:32:37,495: ROS_MASTER_URI=http://localhost:11311
[roslaunch][INFO] 2020-10-29 21:32:37,496: setting /roslaunch/uris/host_freight1207__47936' to http://freight1207:47936/
[roslaunch][INFO] 2020-10-29 21:32:37,498: load_parameters starting ...
[roslaunch][INFO] 2020-10-29 21:32:37,516: ... load_parameters complete
[roslaunch][INFO] 2020-10-29 21:32:37,516: launch_nodes: launching local nodes ...
[roslaunch][INFO] 2020-10-29 21:32:37,516: ... preparing to launch node of type [map_server/map_server]
[roslaunch][INFO] 2020-10-29 21:32:37,516: create_node_process: package[map_server] type[map_server] machine[Machine(name[] env_loader[None] address[localhost] ssh_port[22] user[None] assignable[True] timeout[10.0])] master_uri[http://localhost:11311]
[roslaunch][INFO] 2020-10-29 21:32:37,516: process[map_server-1]: env[{'ROS_DISTRO': 'indigo', 'LESSOPEN': '| /usr/bin/lesspipe %s', 'SSH_CLIENT': '172.22.77.105 61795 22', 'CPATH': '/home/fetch/catkin_ws/devel/include:/opt/ros/indigo/include', 'LOGNAME': 'fetch', 'USER': 'fetch', 'PATH': '/opt/ros/indigo/bin:/usr/local/sbin:/usr/local/bin:/usr/sbin:/usr/bin:/sbin:/bin:/usr/games:/usr/local/games', 'HOME': '/home/fetch', 'CMAKE_PREFIX_PATH': '/home/fetch/catkin_ws/devel:/opt/ros/indigo', 'ROS_LOG_FILENAME': '/home/fetch/.ros/log/2caef098-1a62-11eb-9ee3-000babe55698/roslaunch-freight1207-5284.log', 'LANG': 'en_US.UTF-8', 'TERM': 'xterm-256color', 'SHELL': '/bin/bash', 'SHLVL': '1', 'QT_QPA_PLATFORMTHEME': 'appmenu-qt5', 'DISPLAY': 'localhost:13.0', '_VIRTUALENVWRAPPER_API': ' mkvirtualenv rmvirtualenv lsvirtualenv showvirtualenv workon add2virtualenv cdsitepackages cdvirtualenv lssitepackages toggleglobalsitepackages cpvirtualenv setvirtualenvproject mkproject cdproject mktmpenv mkvirtualenv rmvirtualenv lsvirtualenv showvirtualenv workon add2virtualenv cdsitepackages cdvirtualenv lssitepackages toggleglobalsitepackages cpvirtualenv setvirtualenvproject mkproject cdproject mktmpenv', 'XDG_RUNTIME_DIR': '/run/user/1000', 'PYTHONPATH': '/home/fetch/catkin_ws/devel/lib/python2.7/dist-packages:/opt/ros/indigo/lib/python2.7/dist-packages', 'ROS_ROOT': '/opt/ros/indigo/share/ros', 'PKG_CONFIG_PATH': '/home/fetch/catkin_ws/devel/lib/pkgconfig:/opt/ros/indigo/lib/pkgconfig', 'ROS_PACKAGE_PATH': '/home/fetch/catkin_ws/src:/opt/ros/indigo/share:/opt/ros/indigo/stacks', 'XDG_SESSION_ID': '4', '_': '/opt/ros/indigo/bin/roslaunch', 'LD_LIBRARY_PATH': '/home/fetch/catkin_ws/devel/lib:/opt/ros/indigo/lib', 'LS_COLORS': 'rs=0:di=01;34:ln=01;36:mh=00:pi=40;33:so=01;35:do=01;35:bd=40;33;01:cd=40;33;01:or=40;31;01:su=37;41:sg=30;43:ca=30;41:tw=30;42:ow=34;42:st=37;44:ex=01;32:*.tar=01;31:*.tgz=01;31:*.arj=01;31:*.taz=01;31:*.lzh=01;31:*.lzma=01;31:*.tlz=01;31:*.txz=01;31:*.zip=01;31:*.z=01;31:*.Z=01;31:*.dz=01;31:*.gz=01;31:*.lz=01;31:*.xz=01;31:*.bz2=01;31:*.bz=01;31:*.tbz=01;31:*.tbz2=01;31:*.tz=01;31:*.deb=01;31:*.rpm=01;31:*.jar=01;31:*.war=01;31:*.ear=01;31:*.sar=01;31:*.rar=01;31:*.ace=01;31:*.zoo=01;31:*.cpio=01;31:*.7z=01;31:*.rz=01;31:*.jpg=01;35:*.jpeg=01;35:*.gif=01;35:*.bmp=01;35:*.pbm=01;35:*.pgm=01;35:*.ppm=01;35:*.tga=01;35:*.xbm=01;35:*.xpm=01;35:*.tif=01;35:*.tiff=01;35:*.png=01;35:*.svg=01;35:*.svgz=01;35:*.mng=01;35:*.pcx=01;35:*.mov=01;35:*.mpg=01;35:*.mpeg=01;35:*.m2v=01;35:*.mkv=01;35:*.webm=01;35:*.ogm=01;35:*.mp4=01;35:*.m4v=01;35:*.mp4v=01;35:*.vob=01;35:*.qt=01;35:*.nuv=01;35:*.wmv=01;35:*.asf=01;35:*.rm=01;35:*.rmvb=01;35:*.flc=01;35:*.avi=01;35:*.fli=01;35:*.flv=01;35:*.gl=01;35:*.dl=01;35:*.xcf=01;35:*.xwd=01;35:*.yuv=01;35:*.cgm=01;35:*.emf=01;35:*.axv=01;35:*.anx=01;35:*.ogv=01;35:*.ogx=01;35:*.aac=00;36:*.au=00;36:*.flac=00;36:*.mid=00;36:*.midi=00;36:*.mka=00;36:*.mp3=00;36:*.mpc=00;36:*.ogg=00;36:*.ra=00;36:*.wav=00;36:*.axa=00;36:*.oga=00;36:*.spx=00;36:*.xspf=00;36:', 'LESSCLOSE': '/usr/bin/lesspipe %s %s', 'SSH_TTY': '/dev/pts/29', 'VIRTUALENVWRAPPER_SCRIPT': '/usr/share/virtualenvwrapper/virtualenvwrapper.sh', 'PWD': '/home/fetch', 'ROS_ETC_DIR': '/opt/ros/indigo/etc/ros', 'ROS_MASTER_URI': 'http://localhost:11311', 'MAIL': '/var/mail/fetch', 'SSH_CONNECTION': '172.22.77.105 61795 172.22.77.172 22'}]
[roslaunch][INFO] 2020-10-29 21:32:37,547: process[map_server-1]: args[[u'/opt/ros/indigo/lib/map_server/map_server', '/home/fetch/2nd.yaml', u'__name:=map_server']]
[roslaunch][INFO] 2020-10-29 21:32:37,547: ... created process [map_server-1]
[roslaunch.pmon][INFO] 2020-10-29 21:32:37,547: ProcessMonitor.register[map_server-1]
[roslaunch.pmon][INFO] 2020-10-29 21:32:37,547: ProcessMonitor.register[map_server-1] complete
[roslaunch][INFO] 2020-10-29 21:32:37,547: ... registered process [map_server-1]
[roslaunch][INFO] 2020-10-29 21:32:37,547: process[map_server-1]: starting os process
[roslaunch][INFO] 2020-10-29 21:32:37,547: process[map_server-1]: start w/ args [[u'/opt/ros/indigo/lib/map_server/map_server', '/home/fetch/2nd.yaml', u'__name:=map_server', u'__log:=/home/fetch/.ros/log/2caef098-1a62-11eb-9ee3-000babe55698/map_server-1.log']]
[roslaunch][INFO] 2020-10-29 21:32:37,547: process[map_server-1]: cwd will be [/home/fetch/.ros]
[roslaunch][INFO] 2020-10-29 21:32:37,549: process[map_server-1]: started with pid [5302]
[roslaunch][INFO] 2020-10-29 21:32:37,549: ... successfully launched [map_server-1]
[roslaunch][INFO] 2020-10-29 21:32:37,549: ... preparing to launch node of type [rviz/rviz]
[roslaunch][INFO] 2020-10-29 21:32:37,549: create_node_process: package[rviz] type[rviz] machine[Machine(name[] env_loader[None] address[localhost] ssh_port[22] user[None] assignable[True] timeout[10.0])] master_uri[http://localhost:11311]
[roslaunch][INFO] 2020-10-29 21:32:37,549: process[rviz-2]: env[{'ROS_DISTRO': 'indigo', 'LESSOPEN': '| /usr/bin/lesspipe %s', 'SSH_CLIENT': '172.22.77.105 61795 22', 'CPATH': '/home/fetch/catkin_ws/devel/include:/opt/ros/indigo/include', 'LOGNAME': 'fetch', 'USER': 'fetch', 'PATH': '/opt/ros/indigo/bin:/usr/local/sbin:/usr/local/bin:/usr/sbin:/usr/bin:/sbin:/bin:/usr/games:/usr/local/games', 'HOME': '/home/fetch', 'CMAKE_PREFIX_PATH': '/home/fetch/catkin_ws/devel:/opt/ros/indigo', 'ROS_LOG_FILENAME': '/home/fetch/.ros/log/2caef098-1a62-11eb-9ee3-000babe55698/roslaunch-freight1207-5284.log', 'LANG': 'en_US.UTF-8', 'TERM': 'xterm-256color', 'SHELL': '/bin/bash', 'SHLVL': '1', 'QT_QPA_PLATFORMTHEME': 'appmenu-qt5', 'DISPLAY': 'localhost:13.0', '_VIRTUALENVWRAPPER_API': ' mkvirtualenv rmvirtualenv lsvirtualenv showvirtualenv workon add2virtualenv cdsitepackages cdvirtualenv lssitepackages toggleglobalsitepackages cpvirtualenv setvirtualenvproject mkproject cdproject mktmpenv mkvirtualenv rmvirtualenv lsvirtualenv showvirtualenv workon add2virtualenv cdsitepackages cdvirtualenv lssitepackages toggleglobalsitepackages cpvirtualenv setvirtualenvproject mkproject cdproject mktmpenv', 'XDG_RUNTIME_DIR': '/run/user/1000', 'PYTHONPATH': '/home/fetch/catkin_ws/devel/lib/python2.7/dist-packages:/opt/ros/indigo/lib/python2.7/dist-packages', 'ROS_ROOT': '/opt/ros/indigo/share/ros', 'PKG_CONFIG_PATH': '/home/fetch/catkin_ws/devel/lib/pkgconfig:/opt/ros/indigo/lib/pkgconfig', 'ROS_PACKAGE_PATH': '/home/fetch/catkin_ws/src:/opt/ros/indigo/share:/opt/ros/indigo/stacks', 'XDG_SESSION_ID': '4', '_': '/opt/ros/indigo/bin/roslaunch', 'LD_LIBRARY_PATH': '/home/fetch/catkin_ws/devel/lib:/opt/ros/indigo/lib', 'LS_COLORS': 'rs=0:di=01;34:ln=01;36:mh=00:pi=40;33:so=01;35:do=01;35:bd=40;33;01:cd=40;33;01:or=40;31;01:su=37;41:sg=30;43:ca=30;41:tw=30;42:ow=34;42:st=37;44:ex=01;32:*.tar=01;31:*.tgz=01;31:*.arj=01;31:*.taz=01;31:*.lzh=01;31:*.lzma=01;31:*.tlz=01;31:*.txz=01;31:*.zip=01;31:*.z=01;31:*.Z=01;31:*.dz=01;31:*.gz=01;31:*.lz=01;31:*.xz=01;31:*.bz2=01;31:*.bz=01;31:*.tbz=01;31:*.tbz2=01;31:*.tz=01;31:*.deb=01;31:*.rpm=01;31:*.jar=01;31:*.war=01;31:*.ear=01;31:*.sar=01;31:*.rar=01;31:*.ace=01;31:*.zoo=01;31:*.cpio=01;31:*.7z=01;31:*.rz=01;31:*.jpg=01;35:*.jpeg=01;35:*.gif=01;35:*.bmp=01;35:*.pbm=01;35:*.pgm=01;35:*.ppm=01;35:*.tga=01;35:*.xbm=01;35:*.xpm=01;35:*.tif=01;35:*.tiff=01;35:*.png=01;35:*.svg=01;35:*.svgz=01;35:*.mng=01;35:*.pcx=01;35:*.mov=01;35:*.mpg=01;35:*.mpeg=01;35:*.m2v=01;35:*.mkv=01;35:*.webm=01;35:*.ogm=01;35:*.mp4=01;35:*.m4v=01;35:*.mp4v=01;35:*.vob=01;35:*.qt=01;35:*.nuv=01;35:*.wmv=01;35:*.asf=01;35:*.rm=01;35:*.rmvb=01;35:*.flc=01;35:*.avi=01;35:*.fli=01;35:*.flv=01;35:*.gl=01;35:*.dl=01;35:*.xcf=01;35:*.xwd=01;35:*.yuv=01;35:*.cgm=01;35:*.emf=01;35:*.axv=01;35:*.anx=01;35:*.ogv=01;35:*.ogx=01;35:*.aac=00;36:*.au=00;36:*.flac=00;36:*.mid=00;36:*.midi=00;36:*.mka=00;36:*.mp3=00;36:*.mpc=00;36:*.ogg=00;36:*.ra=00;36:*.wav=00;36:*.axa=00;36:*.oga=00;36:*.spx=00;36:*.xspf=00;36:', 'LESSCLOSE': '/usr/bin/lesspipe %s %s', 'SSH_TTY': '/dev/pts/29', 'VIRTUALENVWRAPPER_SCRIPT': '/usr/share/virtualenvwrapper/virtualenvwrapper.sh', 'PWD': '/home/fetch', 'ROS_ETC_DIR': '/opt/ros/indigo/etc/ros', 'ROS_MASTER_URI': 'http://localhost:11311', 'MAIL': '/var/mail/fetch', 'SSH_CONNECTION': '172.22.77.105 61795 172.22.77.172 22'}]
[roslaunch][INFO] 2020-10-29 21:32:37,551: process[rviz-2]: args[[u'/opt/ros/indigo/lib/rviz/rviz', '/opt/ros/indigo/share/fetch_navigation/config/navigation.rviz', u'__name:=rviz']]
[roslaunch][INFO] 2020-10-29 21:32:37,552: ... created process [rviz-2]
[roslaunch.pmon][INFO] 2020-10-29 21:32:37,552: ProcessMonitor.register[rviz-2]
[roslaunch.pmon][INFO] 2020-10-29 21:32:37,552: ProcessMonitor.register[rviz-2] complete
[roslaunch][INFO] 2020-10-29 21:32:37,552: ... registered process [rviz-2]
[roslaunch][INFO] 2020-10-29 21:32:37,552: process[rviz-2]: starting os process
[roslaunch][INFO] 2020-10-29 21:32:37,552: process[rviz-2]: start w/ args [[u'/opt/ros/indigo/lib/rviz/rviz', '/opt/ros/indigo/share/fetch_navigation/config/navigation.rviz', u'__name:=rviz', u'__log:=/home/fetch/.ros/log/2caef098-1a62-11eb-9ee3-000babe55698/rviz-2.log']]
[roslaunch][INFO] 2020-10-29 21:32:37,552: process[rviz-2]: cwd will be [/home/fetch/.ros]
[roslaunch][INFO] 2020-10-29 21:32:37,554: process[rviz-2]: started with pid [5303]
[roslaunch][INFO] 2020-10-29 21:32:37,554: ... successfully launched [rviz-2]
[roslaunch][INFO] 2020-10-29 21:32:37,554: ... preparing to launch node of type [amcl/amcl]
[roslaunch][INFO] 2020-10-29 21:32:37,554: create_node_process: package[amcl] type[amcl] machine[Machine(name[] env_loader[None] address[localhost] ssh_port[22] user[None] assignable[True] timeout[10.0])] master_uri[http://localhost:11311]
[roslaunch][INFO] 2020-10-29 21:32:37,554: process[amcl-3]: env[{'ROS_DISTRO': 'indigo', 'LESSOPEN': '| /usr/bin/lesspipe %s', 'SSH_CLIENT': '172.22.77.105 61795 22', 'CPATH': '/home/fetch/catkin_ws/devel/include:/opt/ros/indigo/include', 'LOGNAME': 'fetch', 'USER': 'fetch', 'PATH': '/opt/ros/indigo/bin:/usr/local/sbin:/usr/local/bin:/usr/sbin:/usr/bin:/sbin:/bin:/usr/games:/usr/local/games', 'HOME': '/home/fetch', 'CMAKE_PREFIX_PATH': '/home/fetch/catkin_ws/devel:/opt/ros/indigo', 'ROS_LOG_FILENAME': '/home/fetch/.ros/log/2caef098-1a62-11eb-9ee3-000babe55698/roslaunch-freight1207-5284.log', 'LANG': 'en_US.UTF-8', 'TERM': 'xterm-256color', 'SHELL': '/bin/bash', 'SHLVL': '1', 'QT_QPA_PLATFORMTHEME': 'appmenu-qt5', 'DISPLAY': 'localhost:13.0', '_VIRTUALENVWRAPPER_API': ' mkvirtualenv rmvirtualenv lsvirtualenv showvirtualenv workon add2virtualenv cdsitepackages cdvirtualenv lssitepackages toggleglobalsitepackages cpvirtualenv setvirtualenvproject mkproject cdproject mktmpenv mkvirtualenv rmvirtualenv lsvirtualenv showvirtualenv workon add2virtualenv cdsitepackages cdvirtualenv lssitepackages toggleglobalsitepackages cpvirtualenv setvirtualenvproject mkproject cdproject mktmpenv', 'XDG_RUNTIME_DIR': '/run/user/1000', 'PYTHONPATH': '/home/fetch/catkin_ws/devel/lib/python2.7/dist-packages:/opt/ros/indigo/lib/python2.7/dist-packages', 'ROS_ROOT': '/opt/ros/indigo/share/ros', 'PKG_CONFIG_PATH': '/home/fetch/catkin_ws/devel/lib/pkgconfig:/opt/ros/indigo/lib/pkgconfig', 'ROS_PACKAGE_PATH': '/home/fetch/catkin_ws/src:/opt/ros/indigo/share:/opt/ros/indigo/stacks', 'XDG_SESSION_ID': '4', '_': '/opt/ros/indigo/bin/roslaunch', 'LD_LIBRARY_PATH': '/home/fetch/catkin_ws/devel/lib:/opt/ros/indigo/lib', 'LS_COLORS': 'rs=0:di=01;34:ln=01;36:mh=00:pi=40;33:so=01;35:do=01;35:bd=40;33;01:cd=40;33;01:or=40;31;01:su=37;41:sg=30;43:ca=30;41:tw=30;42:ow=34;42:st=37;44:ex=01;32:*.tar=01;31:*.tgz=01;31:*.arj=01;31:*.taz=01;31:*.lzh=01;31:*.lzma=01;31:*.tlz=01;31:*.txz=01;31:*.zip=01;31:*.z=01;31:*.Z=01;31:*.dz=01;31:*.gz=01;31:*.lz=01;31:*.xz=01;31:*.bz2=01;31:*.bz=01;31:*.tbz=01;31:*.tbz2=01;31:*.tz=01;31:*.deb=01;31:*.rpm=01;31:*.jar=01;31:*.war=01;31:*.ear=01;31:*.sar=01;31:*.rar=01;31:*.ace=01;31:*.zoo=01;31:*.cpio=01;31:*.7z=01;31:*.rz=01;31:*.jpg=01;35:*.jpeg=01;35:*.gif=01;35:*.bmp=01;35:*.pbm=01;35:*.pgm=01;35:*.ppm=01;35:*.tga=01;35:*.xbm=01;35:*.xpm=01;35:*.tif=01;35:*.tiff=01;35:*.png=01;35:*.svg=01;35:*.svgz=01;35:*.mng=01;35:*.pcx=01;35:*.mov=01;35:*.mpg=01;35:*.mpeg=01;35:*.m2v=01;35:*.mkv=01;35:*.webm=01;35:*.ogm=01;35:*.mp4=01;35:*.m4v=01;35:*.mp4v=01;35:*.vob=01;35:*.qt=01;35:*.nuv=01;35:*.wmv=01;35:*.asf=01;35:*.rm=01;35:*.rmvb=01;35:*.flc=01;35:*.avi=01;35:*.fli=01;35:*.flv=01;35:*.gl=01;35:*.dl=01;35:*.xcf=01;35:*.xwd=01;35:*.yuv=01;35:*.cgm=01;35:*.emf=01;35:*.axv=01;35:*.anx=01;35:*.ogv=01;35:*.ogx=01;35:*.aac=00;36:*.au=00;36:*.flac=00;36:*.mid=00;36:*.midi=00;36:*.mka=00;36:*.mp3=00;36:*.mpc=00;36:*.ogg=00;36:*.ra=00;36:*.wav=00;36:*.axa=00;36:*.oga=00;36:*.spx=00;36:*.xspf=00;36:', 'LESSCLOSE': '/usr/bin/lesspipe %s %s', 'SSH_TTY': '/dev/pts/29', 'VIRTUALENVWRAPPER_SCRIPT': '/usr/share/virtualenvwrapper/virtualenvwrapper.sh', 'PWD': '/home/fetch', 'ROS_ETC_DIR': '/opt/ros/indigo/etc/ros', 'ROS_MASTER_URI': 'http://localhost:11311', 'MAIL': '/var/mail/fetch', 'SSH_CONNECTION': '172.22.77.105 61795 172.22.77.172 22'}]
[roslaunch][INFO] 2020-10-29 21:32:37,555: process[amcl-3]: args[[u'/opt/ros/indigo/lib/amcl/amcl', u'scan:=base_scan', u'map:=map', u'__name:=amcl']]
[roslaunch][INFO] 2020-10-29 21:32:37,555: ... created process [amcl-3]
[roslaunch.pmon][INFO] 2020-10-29 21:32:37,555: ProcessMonitor.register[amcl-3]
[roslaunch.pmon][INFO] 2020-10-29 21:32:37,555: ProcessMonitor.register[amcl-3] complete
[roslaunch][INFO] 2020-10-29 21:32:37,555: ... registered process [amcl-3]
[roslaunch][INFO] 2020-10-29 21:32:37,555: process[amcl-3]: starting os process
[roslaunch][INFO] 2020-10-29 21:32:37,555: process[amcl-3]: start w/ args [[u'/opt/ros/indigo/lib/amcl/amcl', u'scan:=base_scan', u'map:=map', u'__name:=amcl', u'__log:=/home/fetch/.ros/log/2caef098-1a62-11eb-9ee3-000babe55698/amcl-3.log']]
[roslaunch][INFO] 2020-10-29 21:32:37,555: process[amcl-3]: cwd will be [/home/fetch/.ros]
[roslaunch][INFO] 2020-10-29 21:32:37,557: process[amcl-3]: started with pid [5304]
[roslaunch][INFO] 2020-10-29 21:32:37,557: ... successfully launched [amcl-3]
[roslaunch][INFO] 2020-10-29 21:32:37,557: ... preparing to launch node of type [move_base/move_base]
[roslaunch][INFO] 2020-10-29 21:32:37,557: create_node_process: package[move_base] type[move_base] machine[Machine(name[] env_loader[None] address[localhost] ssh_port[22] user[None] assignable[True] timeout[10.0])] master_uri[http://localhost:11311]
[roslaunch][INFO] 2020-10-29 21:32:37,558: process[move_base-4]: env[{'ROS_DISTRO': 'indigo', 'LESSOPEN': '| /usr/bin/lesspipe %s', 'SSH_CLIENT': '172.22.77.105 61795 22', 'CPATH': '/home/fetch/catkin_ws/devel/include:/opt/ros/indigo/include', 'LOGNAME': 'fetch', 'USER': 'fetch', 'PATH': '/opt/ros/indigo/bin:/usr/local/sbin:/usr/local/bin:/usr/sbin:/usr/bin:/sbin:/bin:/usr/games:/usr/local/games', 'HOME': '/home/fetch', 'CMAKE_PREFIX_PATH': '/home/fetch/catkin_ws/devel:/opt/ros/indigo', 'ROS_LOG_FILENAME': '/home/fetch/.ros/log/2caef098-1a62-11eb-9ee3-000babe55698/roslaunch-freight1207-5284.log', 'LANG': 'en_US.UTF-8', 'TERM': 'xterm-256color', 'SHELL': '/bin/bash', 'SHLVL': '1', 'QT_QPA_PLATFORMTHEME': 'appmenu-qt5', 'DISPLAY': 'localhost:13.0', '_VIRTUALENVWRAPPER_API': ' mkvirtualenv rmvirtualenv lsvirtualenv showvirtualenv workon add2virtualenv cdsitepackages cdvirtualenv lssitepackages toggleglobalsitepackages cpvirtualenv setvirtualenvproject mkproject cdproject mktmpenv mkvirtualenv rmvirtualenv lsvirtualenv showvirtualenv workon add2virtualenv cdsitepackages cdvirtualenv lssitepackages toggleglobalsitepackages cpvirtualenv setvirtualenvproject mkproject cdproject mktmpenv', 'XDG_RUNTIME_DIR': '/run/user/1000', 'PYTHONPATH': '/home/fetch/catkin_ws/devel/lib/python2.7/dist-packages:/opt/ros/indigo/lib/python2.7/dist-packages', 'ROS_ROOT': '/opt/ros/indigo/share/ros', 'PKG_CONFIG_PATH': '/home/fetch/catkin_ws/devel/lib/pkgconfig:/opt/ros/indigo/lib/pkgconfig', 'ROS_PACKAGE_PATH': '/home/fetch/catkin_ws/src:/opt/ros/indigo/share:/opt/ros/indigo/stacks', 'XDG_SESSION_ID': '4', '_': '/opt/ros/indigo/bin/roslaunch', 'LD_LIBRARY_PATH': '/home/fetch/catkin_ws/devel/lib:/opt/ros/indigo/lib', 'LS_COLORS': 'rs=0:di=01;34:ln=01;36:mh=00:pi=40;33:so=01;35:do=01;35:bd=40;33;01:cd=40;33;01:or=40;31;01:su=37;41:sg=30;43:ca=30;41:tw=30;42:ow=34;42:st=37;44:ex=01;32:*.tar=01;31:*.tgz=01;31:*.arj=01;31:*.taz=01;31:*.lzh=01;31:*.lzma=01;31:*.tlz=01;31:*.txz=01;31:*.zip=01;31:*.z=01;31:*.Z=01;31:*.dz=01;31:*.gz=01;31:*.lz=01;31:*.xz=01;31:*.bz2=01;31:*.bz=01;31:*.tbz=01;31:*.tbz2=01;31:*.tz=01;31:*.deb=01;31:*.rpm=01;31:*.jar=01;31:*.war=01;31:*.ear=01;31:*.sar=01;31:*.rar=01;31:*.ace=01;31:*.zoo=01;31:*.cpio=01;31:*.7z=01;31:*.rz=01;31:*.jpg=01;35:*.jpeg=01;35:*.gif=01;35:*.bmp=01;35:*.pbm=01;35:*.pgm=01;35:*.ppm=01;35:*.tga=01;35:*.xbm=01;35:*.xpm=01;35:*.tif=01;35:*.tiff=01;35:*.png=01;35:*.svg=01;35:*.svgz=01;35:*.mng=01;35:*.pcx=01;35:*.mov=01;35:*.mpg=01;35:*.mpeg=01;35:*.m2v=01;35:*.mkv=01;35:*.webm=01;35:*.ogm=01;35:*.mp4=01;35:*.m4v=01;35:*.mp4v=01;35:*.vob=01;35:*.qt=01;35:*.nuv=01;35:*.wmv=01;35:*.asf=01;35:*.rm=01;35:*.rmvb=01;35:*.flc=01;35:*.avi=01;35:*.fli=01;35:*.flv=01;35:*.gl=01;35:*.dl=01;35:*.xcf=01;35:*.xwd=01;35:*.yuv=01;35:*.cgm=01;35:*.emf=01;35:*.axv=01;35:*.anx=01;35:*.ogv=01;35:*.ogx=01;35:*.aac=00;36:*.au=00;36:*.flac=00;36:*.mid=00;36:*.midi=00;36:*.mka=00;36:*.mp3=00;36:*.mpc=00;36:*.ogg=00;36:*.ra=00;36:*.wav=00;36:*.axa=00;36:*.oga=00;36:*.spx=00;36:*.xspf=00;36:', 'LESSCLOSE': '/usr/bin/lesspipe %s %s', 'SSH_TTY': '/dev/pts/29', 'VIRTUALENVWRAPPER_SCRIPT': '/usr/share/virtualenvwrapper/virtualenvwrapper.sh', 'PWD': '/home/fetch', 'ROS_ETC_DIR': '/opt/ros/indigo/etc/ros', 'ROS_MASTER_URI': 'http://localhost:11311', 'MAIL': '/var/mail/fetch', 'SSH_CONNECTION': '172.22.77.105 61795 172.22.77.172 22'}]
[roslaunch][INFO] 2020-10-29 21:32:37,558: process[move_base-4]: args[[u'/opt/ros/indigo/lib/move_base/move_base', u'cmd_vel:=cmd_vel', u'odom:=odom', u'map:=map', u'__name:=move_base']]
[roslaunch][INFO] 2020-10-29 21:32:37,558: ... created process [move_base-4]
[roslaunch.pmon][INFO] 2020-10-29 21:32:37,558: ProcessMonitor.register[move_base-4]
[roslaunch.pmon][INFO] 2020-10-29 21:32:37,558: ProcessMonitor.register[move_base-4] complete
[roslaunch][INFO] 2020-10-29 21:32:37,558: ... registered process [move_base-4]
[roslaunch][INFO] 2020-10-29 21:32:37,558: process[move_base-4]: starting os process
[roslaunch][INFO] 2020-10-29 21:32:37,559: process[move_base-4]: start w/ args [[u'/opt/ros/indigo/lib/move_base/move_base', u'cmd_vel:=cmd_vel', u'odom:=odom', u'map:=map', u'__name:=move_base', u'__log:=/home/fetch/.ros/log/2caef098-1a62-11eb-9ee3-000babe55698/move_base-4.log']]
[roslaunch][INFO] 2020-10-29 21:32:37,559: process[move_base-4]: cwd will be [/home/fetch/.ros]
[roslaunch][INFO] 2020-10-29 21:32:37,565: process[move_base-4]: started with pid [5310]
[roslaunch][INFO] 2020-10-29 21:32:37,566: ... successfully launched [move_base-4]
[roslaunch][INFO] 2020-10-29 21:32:37,566: ... launch_nodes complete
[roslaunch.pmon][INFO] 2020-10-29 21:32:37,566: registrations completed <ProcessMonitor(ProcessMonitor-1, started daemon 140443979519744)>
[roslaunch.parent][INFO] 2020-10-29 21:32:37,566: ... roslaunch parent running, waiting for process exit
[roslaunch][INFO] 2020-10-29 21:32:37,566: spin
[roslaunch.pmon][INFO] 2020-10-29 21:37:32,834: ProcessMonitor.shutdown <ProcessMonitor(ProcessMonitor-1, started daemon 140443979519744)>
[roslaunch.pmon][INFO] 2020-10-29 21:37:32,860: ProcessMonitor._post_run <ProcessMonitor(ProcessMonitor-1, started daemon 140443979519744)>
[roslaunch.pmon][INFO] 2020-10-29 21:37:32,860: ProcessMonitor._post_run <ProcessMonitor(ProcessMonitor-1, started daemon 140443979519744)>: remaining procs are [<roslaunch.nodeprocess.LocalProcess object at 0x7fbba9a42550>, <roslaunch.nodeprocess.LocalProcess object at 0x7fbba9a42710>, <roslaunch.nodeprocess.LocalProcess object at 0x7fbba9a42bd0>, <roslaunch.nodeprocess.LocalProcess object at 0x7fbb9bfde3d0>]
[roslaunch.pmon][INFO] 2020-10-29 21:37:32,860: ProcessMonitor exit: killing move_base-4
[roslaunch][INFO] 2020-10-29 21:37:32,860: [move_base-4] killing on exit
[roslaunch.pmon][INFO] 2020-10-29 21:37:32,860: ProcessMonitor exit: killing amcl-3
[roslaunch][INFO] 2020-10-29 21:37:32,861: process[move_base-4]: killing os process with pid[5310] pgid[5310]
[roslaunch.pmon][INFO] 2020-10-29 21:37:32,861: ProcessMonitor exit: killing rviz-2
[roslaunch][INFO] 2020-10-29 21:37:32,861: [amcl-3] killing on exit
[roslaunch][INFO] 2020-10-29 21:37:32,861: [move_base-4] sending SIGINT to pgid [5310]
[roslaunch.pmon][INFO] 2020-10-29 21:37:32,861: ProcessMonitor exit: killing map_server-1
[roslaunch][INFO] 2020-10-29 21:37:32,861: [rviz-2] killing on exit
[roslaunch][INFO] 2020-10-29 21:37:32,861: process[amcl-3]: killing os process with pid[5304] pgid[5304]
[roslaunch][INFO] 2020-10-29 21:37:32,862: [move_base-4] sent SIGINT to pgid [5310]
[roslaunch][INFO] 2020-10-29 21:37:32,862: [map_server-1] killing on exit
[roslaunch][INFO] 2020-10-29 21:37:32,862: process[rviz-2]: killing os process with pid[5303] pgid[5303]
[roslaunch][INFO] 2020-10-29 21:37:32,862: [amcl-3] sending SIGINT to pgid [5304]
[roslaunch][INFO] 2020-10-29 21:37:32,862: [rviz-2] sending SIGINT to pgid [5303]
[roslaunch][INFO] 2020-10-29 21:37:32,862: process[map_server-1]: killing os process with pid[5302] pgid[5302]
[roslaunch][INFO] 2020-10-29 21:37:32,862: [amcl-3] sent SIGINT to pgid [5304]
[roslaunch][INFO] 2020-10-29 21:37:32,863: [rviz-2] sent SIGINT to pgid [5303]
[roslaunch][INFO] 2020-10-29 21:37:32,863: [map_server-1] sending SIGINT to pgid [5302]
[roslaunch][INFO] 2020-10-29 21:37:32,863: [map_server-1] sent SIGINT to pgid [5302]
[roslaunch][INFO] 2020-10-29 21:37:33,063: process[amcl-3]: SIGINT killed with return value 0
[roslaunch][INFO] 2020-10-29 21:37:33,063: process[map_server-1]: SIGINT killed with return value 0
[roslaunch][INFO] 2020-10-29 21:37:33,263: process[move_base-4]: SIGINT killed with return value 0
[roslaunch][INFO] 2020-10-29 21:37:33,764: process[rviz-2]: SIGINT killed with return value 0
[roslaunch.pmon][INFO] 2020-10-29 21:37:33,764: ProcessMonitor exit: cleaning up data structures and signals
[roslaunch.pmon][INFO] 2020-10-29 21:37:33,765: ProcessMonitor exit: pmon has shutdown
[roslaunch][INFO] 2020-10-29 21:37:33,800: process monitor is done spinning, initiating full shutdown
[roslaunch][INFO] 2020-10-29 21:37:33,800: runner.stop()
[roslaunch][INFO] 2020-10-29 21:37:33,800: shutting down processing monitor...
[roslaunch][INFO] 2020-10-29 21:37:33,800: shutting down processing monitor <ProcessMonitor(ProcessMonitor-1, stopped daemon 140443979519744)>
[roslaunch.pmon][INFO] 2020-10-29 21:37:33,800: ProcessMonitor.shutdown <ProcessMonitor(ProcessMonitor-1, stopped daemon 140443979519744)>
[roslaunch][INFO] 2020-10-29 21:37:33,800: ... shutting down processing monitor complete
[roslaunch][INFO] 2020-10-29 21:37:33,800: done
[roslaunch.pmon][INFO] 2020-10-29 21:37:33,800: ProcessMonitor.shutdown <ProcessMonitor(ProcessMonitor-1, stopped daemon 140443979519744)>
[rospy.core][INFO] 2020-10-29 21:37:33,800: signal_shutdown [atexit]
