[rospy.client][INFO] 2020-10-29 21:44:21,026: init_node, name[/tilt_head_node], pid[7710]
[xmlrpc][INFO] 2020-10-29 21:44:21,026: XML-RPC server binding to 0.0.0.0:0
[xmlrpc][INFO] 2020-10-29 21:44:21,026: Started XML-RPC server [http://freight1207:42570/]
[rospy.init][INFO] 2020-10-29 21:44:21,027: ROS Slave URI: [http://freight1207:42570/]
[rospy.impl.masterslave][INFO] 2020-10-29 21:44:21,027: _ready: http://freight1207:42570/
[xmlrpc][INFO] 2020-10-29 21:44:21,027: xml rpc node: starting XML-RPC server
[rospy.registration][INFO] 2020-10-29 21:44:21,027: Registering with master node http://localhost:11311
[rospy.init][INFO] 2020-10-29 21:44:21,127: registered with master
[rospy.rosout][INFO] 2020-10-29 21:44:21,127: initializing /rosout core topic
[rospy.rosout][INFO] 2020-10-29 21:44:21,129: connected to core topic /rosout
[rospy.simtime][INFO] 2020-10-29 21:44:21,129: /use_sim_time is not set, will not subscribe to simulated time [/clock] topic
[rospy.internal][INFO] 2020-10-29 21:44:21,142: topic[/tf] adding connection to [http://freight1207:40577/], count 0
[rospy.internal][INFO] 2020-10-29 21:44:21,143: topic[/tf] adding connection to [http://freight1207:59434/], count 0
[rospy.internal][INFO] 2020-10-29 21:44:21,143: topic[/tf_static] adding connection to [http://freight1207:40577/], count 0
[rospy.internal][INFO] 2020-10-29 21:44:21,401: topic[/rosout] adding connection to [/rosout], count 0
[rospy.core][INFO] 2020-10-29 21:44:29,989: signal_shutdown [signal-2]
[rospy.internal][INFO] 2020-10-29 21:44:29,992: topic[/rosout] removing connection to /rosout
[rospy.internal][INFO] 2020-10-29 21:44:29,993: topic[/tf_static] removing connection to http://freight1207:40577/
[rospy.internal][INFO] 2020-10-29 21:44:29,993: topic[/tf] removing connection to http://freight1207:40577/
[rospy.internal][INFO] 2020-10-29 21:44:29,993: topic[/tf] removing connection to http://freight1207:59434/
[rospy.impl.masterslave][INFO] 2020-10-29 21:44:29,993: signal-2
[rospy.core][INFO] 2020-10-29 21:44:30,110: signal_shutdown [atexit]
