[rospy.client][INFO] 2018-12-16 20:06:25,415: init_node, name[/rostful_server], pid[5436]
[xmlrpc][INFO] 2018-12-16 20:06:25,415: XML-RPC server binding to 0.0.0.0:0
[xmlrpc][INFO] 2018-12-16 20:06:25,415: Started XML-RPC server [http://freight1207:56812/]
[rospy.init][INFO] 2018-12-16 20:06:25,415: ROS Slave URI: [http://freight1207:56812/]
[rospy.impl.masterslave][INFO] 2018-12-16 20:06:25,415: _ready: http://freight1207:56812/
[xmlrpc][INFO] 2018-12-16 20:06:25,416: xml rpc node: starting XML-RPC server
[rospy.registration][INFO] 2018-12-16 20:06:25,416: Registering with master node http://localhost:11311
[rospy.init][INFO] 2018-12-16 20:06:25,515: registered with master
[rospy.rosout][INFO] 2018-12-16 20:06:25,516: initializing /rosout core topic
[rospy.rosout][INFO] 2018-12-16 20:06:25,517: connected to core topic /rosout
[rospy.simtime][INFO] 2018-12-16 20:06:25,518: /use_sim_time is not set, will not subscribe to simulated time [/clock] topic
[rosout][WARNING] 2018-12-16 20:06:25,522: rostful_server: Delaying the start 1 seconds
[rospy.internal][INFO] 2018-12-16 20:06:25,760: topic[/rosout] adding connection to [/rosout], count 0
[rosout][INFO] 2018-12-16 20:06:26,571: rostful_server: Started server on port 8080
[rospy.internal][INFO] 2018-12-16 20:06:26,582: topic[/current/pose] adding connection to [http://freight1207:56762/], count 0
[rospy.internal][INFO] 2018-12-16 20:06:26,584: topic[/current/pose] adding connection to [http://freight1207:56812/], count 1
[rospy.internal][INFO] 2018-12-16 20:06:26,587: topic[/remote_control] adding connection to [http://freight1207:56812/], count 0
[rospy.internal][INFO] 2018-12-16 20:06:26,587: topic[/enable_software_runstop] adding connection to [http://freight1207:56812/], count 0
[rospy.internal][INFO] 2018-12-16 20:06:26,587: topic[/current/pose] adding connection to [/rostful_server], count 0
[rospy.internal][INFO] 2018-12-16 20:06:26,588: topic[/local_control/cancel] adding connection to [http://freight1207:56812/], count 0
[rospy.internal][INFO] 2018-12-16 20:06:26,589: topic[/local_control/initialpose] adding connection to [http://freight1207:56812/], count 0
[rospy.internal][INFO] 2018-12-16 20:06:26,590: topic[/remote_control] adding connection to [/rostful_server], count 0
[rospy.internal][INFO] 2018-12-16 20:06:26,591: topic[/local_control/goto] adding connection to [http://freight1207:56812/], count 0
[rospy.internal][INFO] 2018-12-16 20:06:26,591: topic[/enable_software_runstop] adding connection to [/rostful_server], count 0
[rospy.internal][INFO] 2018-12-16 20:06:26,591: topic[/local_control/initialpose] adding connection to [/rostful_server], count 0
[rospy.internal][INFO] 2018-12-16 20:06:26,592: topic[/local_control/cancel] adding connection to [/rostful_server], count 0
[rospy.internal][INFO] 2018-12-16 20:06:26,592: topic[/local_control/goto] adding connection to [/rostful_server], count 0
[rospy.internal][INFO] 2018-12-16 20:06:26,595: topic[/enable_software_runstop] adding connection to [/software_runstop], count 1
[rospy.internal][INFO] 2018-12-16 20:06:26,762: topic[/local_control/initialpose] adding connection to [/local_control_initialpose], count 1
[rospy.internal][INFO] 2018-12-16 20:06:26,763: topic[/local_control/goto] adding connection to [/local_control_navigation], count 1
[rospy.internal][INFO] 2018-12-16 20:06:26,763: topic[/local_control/cancel] adding connection to [/local_control_navigation], count 1
[rospy.internal][INFO] 2018-12-16 20:06:26,763: topic[/remote_control] adding connection to [/remote_control], count 1
[rosout][WARNING] 2018-12-16 20:07:08,552: Inbound TCP/IP connection failed: connection from sender terminated before handshake header received. 0 bytes were received. Please check sender for additional details.
[rospy.internal][ERROR] 2018-12-16 20:07:08,553: Inbound TCP/IP connection failed:
Traceback (most recent call last):
  File "/opt/ros/indigo/lib/python2.7/dist-packages/rospy/impl/tcpros_base.py", line 321, in _tcp_server_callback
    header = read_ros_handshake_header(sock, StringIO(), buff_size)
  File "/opt/ros/indigo/lib/python2.7/dist-packages/rosgraph/network.py", line 365, in read_ros_handshake_header
    raise ROSHandshakeException("connection from sender terminated before handshake header received. %s bytes were received. Please check sender for additional details."%b.tell())
ROSHandshakeException: connection from sender terminated before handshake header received. 0 bytes were received. Please check sender for additional details.

