[roslaunch][INFO] 2020-11-01 19:52:40,525: Checking log directory for disk usage. This may take awhile.
Press Ctrl-C to interrupt
[roslaunch][INFO] 2020-11-01 19:52:40,545: Done checking log file disk usage. Usage is <1GB.
[roslaunch][INFO] 2020-11-01 19:52:40,545: roslaunch starting with args ['/opt/ros/indigo/bin/roslaunch', 'fetch_navigation', 'freight_nav.launch']
[roslaunch][INFO] 2020-11-01 19:52:40,545: roslaunch env is {'ROS_DISTRO': 'indigo', 'NVM_CD_FLAGS': '', 'LESSOPEN': '| /usr/bin/lesspipe %s', 'SSH_CLIENT': '172.22.77.105 57609 22', 'CPATH': '/home/fetch/catkin_ws/devel/include:/opt/ros/indigo/include', 'LOGNAME': 'fetch', 'USER': 'fetch', 'NVM_DIR': '/home/fetch/.nvm', 'PATH': '/home/fetch/.nvm/versions/node/v10.15.3/bin:/opt/ros/indigo/bin:/usr/local/sbin:/usr/local/bin:/usr/sbin:/usr/bin:/sbin:/bin:/usr/games:/usr/local/games', 'HOME': '/home/fetch', 'VIRTUALENVWRAPPER_SCRIPT': '/usr/share/virtualenvwrapper/virtualenvwrapper.sh', 'LD_LIBRARY_PATH': '/home/fetch/catkin_ws/devel/lib:/opt/ros/indigo/lib', 'LANG': 'en_US.UTF-8', 'TERM': 'xterm-256color', 'SHELL': '/bin/bash', 'ROS_LOG_FILENAME': '/home/fetch/.ros/log/d00b73fc-1cbe-11eb-b00b-000babe55698/roslaunch-freight1207-3295.log', 'SHLVL': '1', 'QT_QPA_PLATFORMTHEME': 'appmenu-qt5', 'ROS_ETC_DIR': '/opt/ros/indigo/etc/ros', 'DISPLAY': 'localhost:10.0', 'NVM_BIN': '/home/fetch/.nvm/versions/node/v10.15.3/bin', '_VIRTUALENVWRAPPER_API': ' mkvirtualenv rmvirtualenv lsvirtualenv showvirtualenv workon add2virtualenv cdsitepackages cdvirtualenv lssitepackages toggleglobalsitepackages cpvirtualenv setvirtualenvproject mkproject cdproject mktmpenv mkvirtualenv rmvirtualenv lsvirtualenv showvirtualenv workon add2virtualenv cdsitepackages cdvirtualenv lssitepackages toggleglobalsitepackages cpvirtualenv setvirtualenvproject mkproject cdproject mktmpenv', 'CMAKE_PREFIX_PATH': '/home/fetch/catkin_ws/devel:/opt/ros/indigo', 'XDG_RUNTIME_DIR': '/run/user/1000', 'PYTHONPATH': '/home/fetch/catkin_ws/devel/lib/python2.7/dist-packages:/opt/ros/indigo/lib/python2.7/dist-packages', 'ROS_ROOT': '/opt/ros/indigo/share/ros', 'PKG_CONFIG_PATH': '/home/fetch/catkin_ws/devel/lib/pkgconfig:/opt/ros/indigo/lib/pkgconfig', 'ROS_PACKAGE_PATH': '/home/fetch/catkin_ws/src:/opt/ros/indigo/share:/opt/ros/indigo/stacks', 'XDG_SESSION_ID': '1', '_': '/opt/ros/indigo/bin/roslaunch', 'SSH_CONNECTION': '172.22.77.105 57609 172.22.77.172 22', 'LESSCLOSE': '/usr/bin/lesspipe %s %s', 'SSH_TTY': '/dev/pts/1', 'PWD': '/home/fetch', 'ROS_MASTER_URI': 'http://localhost:11311', 'MAIL': '/var/mail/fetch', 'LS_COLORS': 'rs=0:di=01;34:ln=01;36:mh=00:pi=40;33:so=01;35:do=01;35:bd=40;33;01:cd=40;33;01:or=40;31;01:su=37;41:sg=30;43:ca=30;41:tw=30;42:ow=34;42:st=37;44:ex=01;32:*.tar=01;31:*.tgz=01;31:*.arj=01;31:*.taz=01;31:*.lzh=01;31:*.lzma=01;31:*.tlz=01;31:*.txz=01;31:*.zip=01;31:*.z=01;31:*.Z=01;31:*.dz=01;31:*.gz=01;31:*.lz=01;31:*.xz=01;31:*.bz2=01;31:*.bz=01;31:*.tbz=01;31:*.tbz2=01;31:*.tz=01;31:*.deb=01;31:*.rpm=01;31:*.jar=01;31:*.war=01;31:*.ear=01;31:*.sar=01;31:*.rar=01;31:*.ace=01;31:*.zoo=01;31:*.cpio=01;31:*.7z=01;31:*.rz=01;31:*.jpg=01;35:*.jpeg=01;35:*.gif=01;35:*.bmp=01;35:*.pbm=01;35:*.pgm=01;35:*.ppm=01;35:*.tga=01;35:*.xbm=01;35:*.xpm=01;35:*.tif=01;35:*.tiff=01;35:*.png=01;35:*.svg=01;35:*.svgz=01;35:*.mng=01;35:*.pcx=01;35:*.mov=01;35:*.mpg=01;35:*.mpeg=01;35:*.m2v=01;35:*.mkv=01;35:*.webm=01;35:*.ogm=01;35:*.mp4=01;35:*.m4v=01;35:*.mp4v=01;35:*.vob=01;35:*.qt=01;35:*.nuv=01;35:*.wmv=01;35:*.asf=01;35:*.rm=01;35:*.rmvb=01;35:*.flc=01;35:*.avi=01;35:*.fli=01;35:*.flv=01;35:*.gl=01;35:*.dl=01;35:*.xcf=01;35:*.xwd=01;35:*.yuv=01;35:*.cgm=01;35:*.emf=01;35:*.axv=01;35:*.anx=01;35:*.ogv=01;35:*.ogx=01;35:*.aac=00;36:*.au=00;36:*.flac=00;36:*.mid=00;36:*.midi=00;36:*.mka=00;36:*.mp3=00;36:*.mpc=00;36:*.ogg=00;36:*.ra=00;36:*.wav=00;36:*.axa=00;36:*.oga=00;36:*.spx=00;36:*.xspf=00;36:'}
[roslaunch][INFO] 2020-11-01 19:52:40,545: starting in server mode
[roslaunch.parent][INFO] 2020-11-01 19:52:40,545: starting roslaunch parent run
[roslaunch][INFO] 2020-11-01 19:52:40,545: loading roscore config file /opt/ros/indigo/etc/ros/roscore.xml
[roslaunch][INFO] 2020-11-01 19:52:40,612: Added core node of type [rosout/rosout] in namespace [/]
[roslaunch.config][INFO] 2020-11-01 19:52:40,612: loading config file /opt/ros/indigo/share/fetch_navigation/launch/freight_nav.launch
[roslaunch][INFO] 2020-11-01 19:52:40,644: Added node of type [map_server/map_server] in namespace [/]
[roslaunch][INFO] 2020-11-01 19:52:40,644: Added node of type [rviz/rviz] in namespace [/]
[roslaunch][INFO] 2020-11-01 19:52:40,650: Added node of type [amcl/amcl] in namespace [/]
[roslaunch][INFO] 2020-11-01 19:52:40,668: Added node of type [move_base/move_base] in namespace [/]
[roslaunch][INFO] 2020-11-01 19:52:40,668: ... selected machine [] for node of type [map_server/map_server]
[roslaunch][INFO] 2020-11-01 19:52:40,668: ... selected machine [] for node of type [rviz/rviz]
[roslaunch][INFO] 2020-11-01 19:52:40,668: ... selected machine [] for node of type [amcl/amcl]
[roslaunch][INFO] 2020-11-01 19:52:40,668: ... selected machine [] for node of type [move_base/move_base]
[roslaunch.pmon][INFO] 2020-11-01 19:52:40,669: start_process_monitor: creating ProcessMonitor
[roslaunch.pmon][INFO] 2020-11-01 19:52:40,669: created process monitor <ProcessMonitor(ProcessMonitor-1, initial daemon)>
[roslaunch.pmon][INFO] 2020-11-01 19:52:40,669: start_process_monitor: ProcessMonitor started
[roslaunch.parent][INFO] 2020-11-01 19:52:40,669: starting parent XML-RPC server
[roslaunch.server][INFO] 2020-11-01 19:52:40,669: starting roslaunch XML-RPC server
[roslaunch.server][INFO] 2020-11-01 19:52:40,669: waiting for roslaunch XML-RPC server to initialize
[xmlrpc][INFO] 2020-11-01 19:52:40,669: XML-RPC server binding to 0.0.0.0:0
[xmlrpc][INFO] 2020-11-01 19:52:40,670: Started XML-RPC server [http://freight1207:57896/]
[xmlrpc][INFO] 2020-11-01 19:52:40,670: xml rpc node: starting XML-RPC server
[roslaunch][INFO] 2020-11-01 19:52:40,680: started roslaunch server http://freight1207:57896/
[roslaunch.parent][INFO] 2020-11-01 19:52:40,681: ... parent XML-RPC server started
[roslaunch][INFO] 2020-11-01 19:52:40,681: master.is_running[http://localhost:11311]
[roslaunch][INFO] 2020-11-01 19:52:40,682: master.is_running[http://localhost:11311]
[roslaunch][INFO] 2020-11-01 19:52:40,683: ROS_MASTER_URI=http://localhost:11311
[roslaunch][INFO] 2020-11-01 19:52:40,684: setting /roslaunch/uris/host_freight1207__57896' to http://freight1207:57896/
[roslaunch][INFO] 2020-11-01 19:52:40,686: load_parameters starting ...
[roslaunch][INFO] 2020-11-01 19:52:40,704: ... load_parameters complete
[roslaunch][INFO] 2020-11-01 19:52:40,704: launch_nodes: launching local nodes ...
[roslaunch][INFO] 2020-11-01 19:52:40,704: ... preparing to launch node of type [map_server/map_server]
[roslaunch][INFO] 2020-11-01 19:52:40,704: create_node_process: package[map_server] type[map_server] machine[Machine(name[] env_loader[None] address[localhost] ssh_port[22] user[None] assignable[True] timeout[10.0])] master_uri[http://localhost:11311]
[roslaunch][INFO] 2020-11-01 19:52:40,704: process[map_server-1]: env[{'ROS_DISTRO': 'indigo', 'NVM_CD_FLAGS': '', 'LESSOPEN': '| /usr/bin/lesspipe %s', 'SSH_CLIENT': '172.22.77.105 57609 22', 'CPATH': '/home/fetch/catkin_ws/devel/include:/opt/ros/indigo/include', 'LOGNAME': 'fetch', 'USER': 'fetch', 'NVM_DIR': '/home/fetch/.nvm', 'PATH': '/home/fetch/.nvm/versions/node/v10.15.3/bin:/opt/ros/indigo/bin:/usr/local/sbin:/usr/local/bin:/usr/sbin:/usr/bin:/sbin:/bin:/usr/games:/usr/local/games', 'HOME': '/home/fetch', 'VIRTUALENVWRAPPER_SCRIPT': '/usr/share/virtualenvwrapper/virtualenvwrapper.sh', 'ROS_LOG_FILENAME': '/home/fetch/.ros/log/d00b73fc-1cbe-11eb-b00b-000babe55698/roslaunch-freight1207-3295.log', 'LANG': 'en_US.UTF-8', 'TERM': 'xterm-256color', 'SHELL': '/bin/bash', 'SHLVL': '1', 'QT_QPA_PLATFORMTHEME': 'appmenu-qt5', 'DISPLAY': 'localhost:10.0', 'NVM_BIN': '/home/fetch/.nvm/versions/node/v10.15.3/bin', '_VIRTUALENVWRAPPER_API': ' mkvirtualenv rmvirtualenv lsvirtualenv showvirtualenv workon add2virtualenv cdsitepackages cdvirtualenv lssitepackages toggleglobalsitepackages cpvirtualenv setvirtualenvproject mkproject cdproject mktmpenv mkvirtualenv rmvirtualenv lsvirtualenv showvirtualenv workon add2virtualenv cdsitepackages cdvirtualenv lssitepackages toggleglobalsitepackages cpvirtualenv setvirtualenvproject mkproject cdproject mktmpenv', 'CMAKE_PREFIX_PATH': '/home/fetch/catkin_ws/devel:/opt/ros/indigo', 'XDG_RUNTIME_DIR': '/run/user/1000', 'PYTHONPATH': '/home/fetch/catkin_ws/devel/lib/python2.7/dist-packages:/opt/ros/indigo/lib/python2.7/dist-packages', 'ROS_ROOT': '/opt/ros/indigo/share/ros', 'PKG_CONFIG_PATH': '/home/fetch/catkin_ws/devel/lib/pkgconfig:/opt/ros/indigo/lib/pkgconfig', 'ROS_PACKAGE_PATH': '/home/fetch/catkin_ws/src:/opt/ros/indigo/share:/opt/ros/indigo/stacks', 'XDG_SESSION_ID': '1', '_': '/opt/ros/indigo/bin/roslaunch', 'LD_LIBRARY_PATH': '/home/fetch/catkin_ws/devel/lib:/opt/ros/indigo/lib', 'LS_COLORS': 'rs=0:di=01;34:ln=01;36:mh=00:pi=40;33:so=01;35:do=01;35:bd=40;33;01:cd=40;33;01:or=40;31;01:su=37;41:sg=30;43:ca=30;41:tw=30;42:ow=34;42:st=37;44:ex=01;32:*.tar=01;31:*.tgz=01;31:*.arj=01;31:*.taz=01;31:*.lzh=01;31:*.lzma=01;31:*.tlz=01;31:*.txz=01;31:*.zip=01;31:*.z=01;31:*.Z=01;31:*.dz=01;31:*.gz=01;31:*.lz=01;31:*.xz=01;31:*.bz2=01;31:*.bz=01;31:*.tbz=01;31:*.tbz2=01;31:*.tz=01;31:*.deb=01;31:*.rpm=01;31:*.jar=01;31:*.war=01;31:*.ear=01;31:*.sar=01;31:*.rar=01;31:*.ace=01;31:*.zoo=01;31:*.cpio=01;31:*.7z=01;31:*.rz=01;31:*.jpg=01;35:*.jpeg=01;35:*.gif=01;35:*.bmp=01;35:*.pbm=01;35:*.pgm=01;35:*.ppm=01;35:*.tga=01;35:*.xbm=01;35:*.xpm=01;35:*.tif=01;35:*.tiff=01;35:*.png=01;35:*.svg=01;35:*.svgz=01;35:*.mng=01;35:*.pcx=01;35:*.mov=01;35:*.mpg=01;35:*.mpeg=01;35:*.m2v=01;35:*.mkv=01;35:*.webm=01;35:*.ogm=01;35:*.mp4=01;35:*.m4v=01;35:*.mp4v=01;35:*.vob=01;35:*.qt=01;35:*.nuv=01;35:*.wmv=01;35:*.asf=01;35:*.rm=01;35:*.rmvb=01;35:*.flc=01;35:*.avi=01;35:*.fli=01;35:*.flv=01;35:*.gl=01;35:*.dl=01;35:*.xcf=01;35:*.xwd=01;35:*.yuv=01;35:*.cgm=01;35:*.emf=01;35:*.axv=01;35:*.anx=01;35:*.ogv=01;35:*.ogx=01;35:*.aac=00;36:*.au=00;36:*.flac=00;36:*.mid=00;36:*.midi=00;36:*.mka=00;36:*.mp3=00;36:*.mpc=00;36:*.ogg=00;36:*.ra=00;36:*.wav=00;36:*.axa=00;36:*.oga=00;36:*.spx=00;36:*.xspf=00;36:', 'LESSCLOSE': '/usr/bin/lesspipe %s %s', 'SSH_TTY': '/dev/pts/1', 'PWD': '/home/fetch', 'ROS_ETC_DIR': '/opt/ros/indigo/etc/ros', 'ROS_MASTER_URI': 'http://localhost:11311', 'MAIL': '/var/mail/fetch', 'SSH_CONNECTION': '172.22.77.105 57609 172.22.77.172 22'}]
[roslaunch][INFO] 2020-11-01 19:52:40,735: process[map_server-1]: args[[u'/opt/ros/indigo/lib/map_server/map_server', '/home/fetch/6class.yaml', u'__name:=map_server']]
[roslaunch][INFO] 2020-11-01 19:52:40,735: ... created process [map_server-1]
[roslaunch.pmon][INFO] 2020-11-01 19:52:40,735: ProcessMonitor.register[map_server-1]
[roslaunch.pmon][INFO] 2020-11-01 19:52:40,735: ProcessMonitor.register[map_server-1] complete
[roslaunch][INFO] 2020-11-01 19:52:40,735: ... registered process [map_server-1]
[roslaunch][INFO] 2020-11-01 19:52:40,735: process[map_server-1]: starting os process
[roslaunch][INFO] 2020-11-01 19:52:40,736: process[map_server-1]: start w/ args [[u'/opt/ros/indigo/lib/map_server/map_server', '/home/fetch/6class.yaml', u'__name:=map_server', u'__log:=/home/fetch/.ros/log/d00b73fc-1cbe-11eb-b00b-000babe55698/map_server-1.log']]
[roslaunch][INFO] 2020-11-01 19:52:40,736: process[map_server-1]: cwd will be [/home/fetch/.ros]
[roslaunch][INFO] 2020-11-01 19:52:40,738: process[map_server-1]: started with pid [3313]
[roslaunch][INFO] 2020-11-01 19:52:40,738: ... successfully launched [map_server-1]
[roslaunch][INFO] 2020-11-01 19:52:40,738: ... preparing to launch node of type [rviz/rviz]
[roslaunch][INFO] 2020-11-01 19:52:40,738: create_node_process: package[rviz] type[rviz] machine[Machine(name[] env_loader[None] address[localhost] ssh_port[22] user[None] assignable[True] timeout[10.0])] master_uri[http://localhost:11311]
[roslaunch][INFO] 2020-11-01 19:52:40,738: process[rviz-2]: env[{'ROS_DISTRO': 'indigo', 'NVM_CD_FLAGS': '', 'LESSOPEN': '| /usr/bin/lesspipe %s', 'SSH_CLIENT': '172.22.77.105 57609 22', 'CPATH': '/home/fetch/catkin_ws/devel/include:/opt/ros/indigo/include', 'LOGNAME': 'fetch', 'USER': 'fetch', 'NVM_DIR': '/home/fetch/.nvm', 'PATH': '/home/fetch/.nvm/versions/node/v10.15.3/bin:/opt/ros/indigo/bin:/usr/local/sbin:/usr/local/bin:/usr/sbin:/usr/bin:/sbin:/bin:/usr/games:/usr/local/games', 'HOME': '/home/fetch', 'VIRTUALENVWRAPPER_SCRIPT': '/usr/share/virtualenvwrapper/virtualenvwrapper.sh', 'ROS_LOG_FILENAME': '/home/fetch/.ros/log/d00b73fc-1cbe-11eb-b00b-000babe55698/roslaunch-freight1207-3295.log', 'LANG': 'en_US.UTF-8', 'TERM': 'xterm-256color', 'SHELL': '/bin/bash', 'SHLVL': '1', 'QT_QPA_PLATFORMTHEME': 'appmenu-qt5', 'DISPLAY': 'localhost:10.0', 'NVM_BIN': '/home/fetch/.nvm/versions/node/v10.15.3/bin', '_VIRTUALENVWRAPPER_API': ' mkvirtualenv rmvirtualenv lsvirtualenv showvirtualenv workon add2virtualenv cdsitepackages cdvirtualenv lssitepackages toggleglobalsitepackages cpvirtualenv setvirtualenvproject mkproject cdproject mktmpenv mkvirtualenv rmvirtualenv lsvirtualenv showvirtualenv workon add2virtualenv cdsitepackages cdvirtualenv lssitepackages toggleglobalsitepackages cpvirtualenv setvirtualenvproject mkproject cdproject mktmpenv', 'CMAKE_PREFIX_PATH': '/home/fetch/catkin_ws/devel:/opt/ros/indigo', 'XDG_RUNTIME_DIR': '/run/user/1000', 'PYTHONPATH': '/home/fetch/catkin_ws/devel/lib/python2.7/dist-packages:/opt/ros/indigo/lib/python2.7/dist-packages', 'ROS_ROOT': '/opt/ros/indigo/share/ros', 'PKG_CONFIG_PATH': '/home/fetch/catkin_ws/devel/lib/pkgconfig:/opt/ros/indigo/lib/pkgconfig', 'ROS_PACKAGE_PATH': '/home/fetch/catkin_ws/src:/opt/ros/indigo/share:/opt/ros/indigo/stacks', 'XDG_SESSION_ID': '1', '_': '/opt/ros/indigo/bin/roslaunch', 'LD_LIBRARY_PATH': '/home/fetch/catkin_ws/devel/lib:/opt/ros/indigo/lib', 'LS_COLORS': 'rs=0:di=01;34:ln=01;36:mh=00:pi=40;33:so=01;35:do=01;35:bd=40;33;01:cd=40;33;01:or=40;31;01:su=37;41:sg=30;43:ca=30;41:tw=30;42:ow=34;42:st=37;44:ex=01;32:*.tar=01;31:*.tgz=01;31:*.arj=01;31:*.taz=01;31:*.lzh=01;31:*.lzma=01;31:*.tlz=01;31:*.txz=01;31:*.zip=01;31:*.z=01;31:*.Z=01;31:*.dz=01;31:*.gz=01;31:*.lz=01;31:*.xz=01;31:*.bz2=01;31:*.bz=01;31:*.tbz=01;31:*.tbz2=01;31:*.tz=01;31:*.deb=01;31:*.rpm=01;31:*.jar=01;31:*.war=01;31:*.ear=01;31:*.sar=01;31:*.rar=01;31:*.ace=01;31:*.zoo=01;31:*.cpio=01;31:*.7z=01;31:*.rz=01;31:*.jpg=01;35:*.jpeg=01;35:*.gif=01;35:*.bmp=01;35:*.pbm=01;35:*.pgm=01;35:*.ppm=01;35:*.tga=01;35:*.xbm=01;35:*.xpm=01;35:*.tif=01;35:*.tiff=01;35:*.png=01;35:*.svg=01;35:*.svgz=01;35:*.mng=01;35:*.pcx=01;35:*.mov=01;35:*.mpg=01;35:*.mpeg=01;35:*.m2v=01;35:*.mkv=01;35:*.webm=01;35:*.ogm=01;35:*.mp4=01;35:*.m4v=01;35:*.mp4v=01;35:*.vob=01;35:*.qt=01;35:*.nuv=01;35:*.wmv=01;35:*.asf=01;35:*.rm=01;35:*.rmvb=01;35:*.flc=01;35:*.avi=01;35:*.fli=01;35:*.flv=01;35:*.gl=01;35:*.dl=01;35:*.xcf=01;35:*.xwd=01;35:*.yuv=01;35:*.cgm=01;35:*.emf=01;35:*.axv=01;35:*.anx=01;35:*.ogv=01;35:*.ogx=01;35:*.aac=00;36:*.au=00;36:*.flac=00;36:*.mid=00;36:*.midi=00;36:*.mka=00;36:*.mp3=00;36:*.mpc=00;36:*.ogg=00;36:*.ra=00;36:*.wav=00;36:*.axa=00;36:*.oga=00;36:*.spx=00;36:*.xspf=00;36:', 'LESSCLOSE': '/usr/bin/lesspipe %s %s', 'SSH_TTY': '/dev/pts/1', 'PWD': '/home/fetch', 'ROS_ETC_DIR': '/opt/ros/indigo/etc/ros', 'ROS_MASTER_URI': 'http://localhost:11311', 'MAIL': '/var/mail/fetch', 'SSH_CONNECTION': '172.22.77.105 57609 172.22.77.172 22'}]
[roslaunch][INFO] 2020-11-01 19:52:40,743: process[rviz-2]: args[[u'/opt/ros/indigo/lib/rviz/rviz', '/opt/ros/indigo/share/fetch_navigation/config/navigation.rviz', u'__name:=rviz']]
[roslaunch][INFO] 2020-11-01 19:52:40,743: ... created process [rviz-2]
[roslaunch.pmon][INFO] 2020-11-01 19:52:40,743: ProcessMonitor.register[rviz-2]
[roslaunch.pmon][INFO] 2020-11-01 19:52:40,743: ProcessMonitor.register[rviz-2] complete
[roslaunch][INFO] 2020-11-01 19:52:40,743: ... registered process [rviz-2]
[roslaunch][INFO] 2020-11-01 19:52:40,743: process[rviz-2]: starting os process
[roslaunch][INFO] 2020-11-01 19:52:40,744: process[rviz-2]: start w/ args [[u'/opt/ros/indigo/lib/rviz/rviz', '/opt/ros/indigo/share/fetch_navigation/config/navigation.rviz', u'__name:=rviz', u'__log:=/home/fetch/.ros/log/d00b73fc-1cbe-11eb-b00b-000babe55698/rviz-2.log']]
[roslaunch][INFO] 2020-11-01 19:52:40,744: process[rviz-2]: cwd will be [/home/fetch/.ros]
[roslaunch][INFO] 2020-11-01 19:52:40,745: process[rviz-2]: started with pid [3314]
[roslaunch][INFO] 2020-11-01 19:52:40,745: ... successfully launched [rviz-2]
[roslaunch][INFO] 2020-11-01 19:52:40,745: ... preparing to launch node of type [amcl/amcl]
[roslaunch][INFO] 2020-11-01 19:52:40,745: create_node_process: package[amcl] type[amcl] machine[Machine(name[] env_loader[None] address[localhost] ssh_port[22] user[None] assignable[True] timeout[10.0])] master_uri[http://localhost:11311]
[roslaunch][INFO] 2020-11-01 19:52:40,746: process[amcl-3]: env[{'ROS_DISTRO': 'indigo', 'NVM_CD_FLAGS': '', 'LESSOPEN': '| /usr/bin/lesspipe %s', 'SSH_CLIENT': '172.22.77.105 57609 22', 'CPATH': '/home/fetch/catkin_ws/devel/include:/opt/ros/indigo/include', 'LOGNAME': 'fetch', 'USER': 'fetch', 'NVM_DIR': '/home/fetch/.nvm', 'PATH': '/home/fetch/.nvm/versions/node/v10.15.3/bin:/opt/ros/indigo/bin:/usr/local/sbin:/usr/local/bin:/usr/sbin:/usr/bin:/sbin:/bin:/usr/games:/usr/local/games', 'HOME': '/home/fetch', 'VIRTUALENVWRAPPER_SCRIPT': '/usr/share/virtualenvwrapper/virtualenvwrapper.sh', 'ROS_LOG_FILENAME': '/home/fetch/.ros/log/d00b73fc-1cbe-11eb-b00b-000babe55698/roslaunch-freight1207-3295.log', 'LANG': 'en_US.UTF-8', 'TERM': 'xterm-256color', 'SHELL': '/bin/bash', 'SHLVL': '1', 'QT_QPA_PLATFORMTHEME': 'appmenu-qt5', 'DISPLAY': 'localhost:10.0', 'NVM_BIN': '/home/fetch/.nvm/versions/node/v10.15.3/bin', '_VIRTUALENVWRAPPER_API': ' mkvirtualenv rmvirtualenv lsvirtualenv showvirtualenv workon add2virtualenv cdsitepackages cdvirtualenv lssitepackages toggleglobalsitepackages cpvirtualenv setvirtualenvproject mkproject cdproject mktmpenv mkvirtualenv rmvirtualenv lsvirtualenv showvirtualenv workon add2virtualenv cdsitepackages cdvirtualenv lssitepackages toggleglobalsitepackages cpvirtualenv setvirtualenvproject mkproject cdproject mktmpenv', 'CMAKE_PREFIX_PATH': '/home/fetch/catkin_ws/devel:/opt/ros/indigo', 'XDG_RUNTIME_DIR': '/run/user/1000', 'PYTHONPATH': '/home/fetch/catkin_ws/devel/lib/python2.7/dist-packages:/opt/ros/indigo/lib/python2.7/dist-packages', 'ROS_ROOT': '/opt/ros/indigo/share/ros', 'PKG_CONFIG_PATH': '/home/fetch/catkin_ws/devel/lib/pkgconfig:/opt/ros/indigo/lib/pkgconfig', 'ROS_PACKAGE_PATH': '/home/fetch/catkin_ws/src:/opt/ros/indigo/share:/opt/ros/indigo/stacks', 'XDG_SESSION_ID': '1', '_': '/opt/ros/indigo/bin/roslaunch', 'LD_LIBRARY_PATH': '/home/fetch/catkin_ws/devel/lib:/opt/ros/indigo/lib', 'LS_COLORS': 'rs=0:di=01;34:ln=01;36:mh=00:pi=40;33:so=01;35:do=01;35:bd=40;33;01:cd=40;33;01:or=40;31;01:su=37;41:sg=30;43:ca=30;41:tw=30;42:ow=34;42:st=37;44:ex=01;32:*.tar=01;31:*.tgz=01;31:*.arj=01;31:*.taz=01;31:*.lzh=01;31:*.lzma=01;31:*.tlz=01;31:*.txz=01;31:*.zip=01;31:*.z=01;31:*.Z=01;31:*.dz=01;31:*.gz=01;31:*.lz=01;31:*.xz=01;31:*.bz2=01;31:*.bz=01;31:*.tbz=01;31:*.tbz2=01;31:*.tz=01;31:*.deb=01;31:*.rpm=01;31:*.jar=01;31:*.war=01;31:*.ear=01;31:*.sar=01;31:*.rar=01;31:*.ace=01;31:*.zoo=01;31:*.cpio=01;31:*.7z=01;31:*.rz=01;31:*.jpg=01;35:*.jpeg=01;35:*.gif=01;35:*.bmp=01;35:*.pbm=01;35:*.pgm=01;35:*.ppm=01;35:*.tga=01;35:*.xbm=01;35:*.xpm=01;35:*.tif=01;35:*.tiff=01;35:*.png=01;35:*.svg=01;35:*.svgz=01;35:*.mng=01;35:*.pcx=01;35:*.mov=01;35:*.mpg=01;35:*.mpeg=01;35:*.m2v=01;35:*.mkv=01;35:*.webm=01;35:*.ogm=01;35:*.mp4=01;35:*.m4v=01;35:*.mp4v=01;35:*.vob=01;35:*.qt=01;35:*.nuv=01;35:*.wmv=01;35:*.asf=01;35:*.rm=01;35:*.rmvb=01;35:*.flc=01;35:*.avi=01;35:*.fli=01;35:*.flv=01;35:*.gl=01;35:*.dl=01;35:*.xcf=01;35:*.xwd=01;35:*.yuv=01;35:*.cgm=01;35:*.emf=01;35:*.axv=01;35:*.anx=01;35:*.ogv=01;35:*.ogx=01;35:*.aac=00;36:*.au=00;36:*.flac=00;36:*.mid=00;36:*.midi=00;36:*.mka=00;36:*.mp3=00;36:*.mpc=00;36:*.ogg=00;36:*.ra=00;36:*.wav=00;36:*.axa=00;36:*.oga=00;36:*.spx=00;36:*.xspf=00;36:', 'LESSCLOSE': '/usr/bin/lesspipe %s %s', 'SSH_TTY': '/dev/pts/1', 'PWD': '/home/fetch', 'ROS_ETC_DIR': '/opt/ros/indigo/etc/ros', 'ROS_MASTER_URI': 'http://localhost:11311', 'MAIL': '/var/mail/fetch', 'SSH_CONNECTION': '172.22.77.105 57609 172.22.77.172 22'}]
[roslaunch][INFO] 2020-11-01 19:52:40,747: process[amcl-3]: args[[u'/opt/ros/indigo/lib/amcl/amcl', u'scan:=base_scan', u'map:=map', u'__name:=amcl']]
[roslaunch][INFO] 2020-11-01 19:52:40,747: ... created process [amcl-3]
[roslaunch.pmon][INFO] 2020-11-01 19:52:40,747: ProcessMonitor.register[amcl-3]
[roslaunch.pmon][INFO] 2020-11-01 19:52:40,748: ProcessMonitor.register[amcl-3] complete
[roslaunch][INFO] 2020-11-01 19:52:40,748: ... registered process [amcl-3]
[roslaunch][INFO] 2020-11-01 19:52:40,748: process[amcl-3]: starting os process
[roslaunch][INFO] 2020-11-01 19:52:40,748: process[amcl-3]: start w/ args [[u'/opt/ros/indigo/lib/amcl/amcl', u'scan:=base_scan', u'map:=map', u'__name:=amcl', u'__log:=/home/fetch/.ros/log/d00b73fc-1cbe-11eb-b00b-000babe55698/amcl-3.log']]
[roslaunch][INFO] 2020-11-01 19:52:40,748: process[amcl-3]: cwd will be [/home/fetch/.ros]
[roslaunch][INFO] 2020-11-01 19:52:40,750: process[amcl-3]: started with pid [3315]
[roslaunch][INFO] 2020-11-01 19:52:40,751: ... successfully launched [amcl-3]
[roslaunch][INFO] 2020-11-01 19:52:40,751: ... preparing to launch node of type [move_base/move_base]
[roslaunch][INFO] 2020-11-01 19:52:40,751: create_node_process: package[move_base] type[move_base] machine[Machine(name[] env_loader[None] address[localhost] ssh_port[22] user[None] assignable[True] timeout[10.0])] master_uri[http://localhost:11311]
[roslaunch][INFO] 2020-11-01 19:52:40,751: process[move_base-4]: env[{'ROS_DISTRO': 'indigo', 'NVM_CD_FLAGS': '', 'LESSOPEN': '| /usr/bin/lesspipe %s', 'SSH_CLIENT': '172.22.77.105 57609 22', 'CPATH': '/home/fetch/catkin_ws/devel/include:/opt/ros/indigo/include', 'LOGNAME': 'fetch', 'USER': 'fetch', 'NVM_DIR': '/home/fetch/.nvm', 'PATH': '/home/fetch/.nvm/versions/node/v10.15.3/bin:/opt/ros/indigo/bin:/usr/local/sbin:/usr/local/bin:/usr/sbin:/usr/bin:/sbin:/bin:/usr/games:/usr/local/games', 'HOME': '/home/fetch', 'VIRTUALENVWRAPPER_SCRIPT': '/usr/share/virtualenvwrapper/virtualenvwrapper.sh', 'ROS_LOG_FILENAME': '/home/fetch/.ros/log/d00b73fc-1cbe-11eb-b00b-000babe55698/roslaunch-freight1207-3295.log', 'LANG': 'en_US.UTF-8', 'TERM': 'xterm-256color', 'SHELL': '/bin/bash', 'SHLVL': '1', 'QT_QPA_PLATFORMTHEME': 'appmenu-qt5', 'DISPLAY': 'localhost:10.0', 'NVM_BIN': '/home/fetch/.nvm/versions/node/v10.15.3/bin', '_VIRTUALENVWRAPPER_API': ' mkvirtualenv rmvirtualenv lsvirtualenv showvirtualenv workon add2virtualenv cdsitepackages cdvirtualenv lssitepackages toggleglobalsitepackages cpvirtualenv setvirtualenvproject mkproject cdproject mktmpenv mkvirtualenv rmvirtualenv lsvirtualenv showvirtualenv workon add2virtualenv cdsitepackages cdvirtualenv lssitepackages toggleglobalsitepackages cpvirtualenv setvirtualenvproject mkproject cdproject mktmpenv', 'CMAKE_PREFIX_PATH': '/home/fetch/catkin_ws/devel:/opt/ros/indigo', 'XDG_RUNTIME_DIR': '/run/user/1000', 'PYTHONPATH': '/home/fetch/catkin_ws/devel/lib/python2.7/dist-packages:/opt/ros/indigo/lib/python2.7/dist-packages', 'ROS_ROOT': '/opt/ros/indigo/share/ros', 'PKG_CONFIG_PATH': '/home/fetch/catkin_ws/devel/lib/pkgconfig:/opt/ros/indigo/lib/pkgconfig', 'ROS_PACKAGE_PATH': '/home/fetch/catkin_ws/src:/opt/ros/indigo/share:/opt/ros/indigo/stacks', 'XDG_SESSION_ID': '1', '_': '/opt/ros/indigo/bin/roslaunch', 'LD_LIBRARY_PATH': '/home/fetch/catkin_ws/devel/lib:/opt/ros/indigo/lib', 'LS_COLORS': 'rs=0:di=01;34:ln=01;36:mh=00:pi=40;33:so=01;35:do=01;35:bd=40;33;01:cd=40;33;01:or=40;31;01:su=37;41:sg=30;43:ca=30;41:tw=30;42:ow=34;42:st=37;44:ex=01;32:*.tar=01;31:*.tgz=01;31:*.arj=01;31:*.taz=01;31:*.lzh=01;31:*.lzma=01;31:*.tlz=01;31:*.txz=01;31:*.zip=01;31:*.z=01;31:*.Z=01;31:*.dz=01;31:*.gz=01;31:*.lz=01;31:*.xz=01;31:*.bz2=01;31:*.bz=01;31:*.tbz=01;31:*.tbz2=01;31:*.tz=01;31:*.deb=01;31:*.rpm=01;31:*.jar=01;31:*.war=01;31:*.ear=01;31:*.sar=01;31:*.rar=01;31:*.ace=01;31:*.zoo=01;31:*.cpio=01;31:*.7z=01;31:*.rz=01;31:*.jpg=01;35:*.jpeg=01;35:*.gif=01;35:*.bmp=01;35:*.pbm=01;35:*.pgm=01;35:*.ppm=01;35:*.tga=01;35:*.xbm=01;35:*.xpm=01;35:*.tif=01;35:*.tiff=01;35:*.png=01;35:*.svg=01;35:*.svgz=01;35:*.mng=01;35:*.pcx=01;35:*.mov=01;35:*.mpg=01;35:*.mpeg=01;35:*.m2v=01;35:*.mkv=01;35:*.webm=01;35:*.ogm=01;35:*.mp4=01;35:*.m4v=01;35:*.mp4v=01;35:*.vob=01;35:*.qt=01;35:*.nuv=01;35:*.wmv=01;35:*.asf=01;35:*.rm=01;35:*.rmvb=01;35:*.flc=01;35:*.avi=01;35:*.fli=01;35:*.flv=01;35:*.gl=01;35:*.dl=01;35:*.xcf=01;35:*.xwd=01;35:*.yuv=01;35:*.cgm=01;35:*.emf=01;35:*.axv=01;35:*.anx=01;35:*.ogv=01;35:*.ogx=01;35:*.aac=00;36:*.au=00;36:*.flac=00;36:*.mid=00;36:*.midi=00;36:*.mka=00;36:*.mp3=00;36:*.mpc=00;36:*.ogg=00;36:*.ra=00;36:*.wav=00;36:*.axa=00;36:*.oga=00;36:*.spx=00;36:*.xspf=00;36:', 'LESSCLOSE': '/usr/bin/lesspipe %s %s', 'SSH_TTY': '/dev/pts/1', 'PWD': '/home/fetch', 'ROS_ETC_DIR': '/opt/ros/indigo/etc/ros', 'ROS_MASTER_URI': 'http://localhost:11311', 'MAIL': '/var/mail/fetch', 'SSH_CONNECTION': '172.22.77.105 57609 172.22.77.172 22'}]
[roslaunch][INFO] 2020-11-01 19:52:40,752: process[move_base-4]: args[[u'/opt/ros/indigo/lib/move_base/move_base', u'cmd_vel:=cmd_vel', u'odom:=odom', u'map:=map', u'__name:=move_base']]
[roslaunch][INFO] 2020-11-01 19:52:40,752: ... created process [move_base-4]
[roslaunch.pmon][INFO] 2020-11-01 19:52:40,752: ProcessMonitor.register[move_base-4]
[roslaunch.pmon][INFO] 2020-11-01 19:52:40,753: ProcessMonitor.register[move_base-4] complete
[roslaunch][INFO] 2020-11-01 19:52:40,753: ... registered process [move_base-4]
[roslaunch][INFO] 2020-11-01 19:52:40,753: process[move_base-4]: starting os process
[roslaunch][INFO] 2020-11-01 19:52:40,753: process[move_base-4]: start w/ args [[u'/opt/ros/indigo/lib/move_base/move_base', u'cmd_vel:=cmd_vel', u'odom:=odom', u'map:=map', u'__name:=move_base', u'__log:=/home/fetch/.ros/log/d00b73fc-1cbe-11eb-b00b-000babe55698/move_base-4.log']]
[roslaunch][INFO] 2020-11-01 19:52:40,753: process[move_base-4]: cwd will be [/home/fetch/.ros]
[roslaunch][INFO] 2020-11-01 19:52:40,755: process[move_base-4]: started with pid [3316]
[roslaunch][INFO] 2020-11-01 19:52:40,755: ... successfully launched [move_base-4]
[roslaunch][INFO] 2020-11-01 19:52:40,755: ... launch_nodes complete
[roslaunch.pmon][INFO] 2020-11-01 19:52:40,755: registrations completed <ProcessMonitor(ProcessMonitor-1, started daemon 139846122690304)>
[roslaunch.parent][INFO] 2020-11-01 19:52:40,755: ... roslaunch parent running, waiting for process exit
[roslaunch][INFO] 2020-11-01 19:52:40,755: spin
[roslaunch.pmon][INFO] 2020-11-01 19:53:24,678: ProcessMonitor.shutdown <ProcessMonitor(ProcessMonitor-1, started daemon 139846122690304)>
[roslaunch.pmon][INFO] 2020-11-01 19:53:24,740: ProcessMonitor._post_run <ProcessMonitor(ProcessMonitor-1, started daemon 139846122690304)>
[roslaunch.pmon][INFO] 2020-11-01 19:53:24,740: ProcessMonitor._post_run <ProcessMonitor(ProcessMonitor-1, started daemon 139846122690304)>: remaining procs are [<roslaunch.nodeprocess.LocalProcess object at 0x7f307698d550>, <roslaunch.nodeprocess.LocalProcess object at 0x7f307698d710>, <roslaunch.nodeprocess.LocalProcess object at 0x7f307698dbd0>, <roslaunch.nodeprocess.LocalProcess object at 0x7f3074f513d0>]
[roslaunch.pmon][INFO] 2020-11-01 19:53:24,740: ProcessMonitor exit: killing move_base-4
[roslaunch.pmon][INFO] 2020-11-01 19:53:24,740: ProcessMonitor exit: killing amcl-3
[roslaunch.pmon][INFO] 2020-11-01 19:53:24,741: ProcessMonitor exit: killing rviz-2
[roslaunch][INFO] 2020-11-01 19:53:24,741: [amcl-3] killing on exit
[roslaunch.pmon][INFO] 2020-11-01 19:53:24,741: ProcessMonitor exit: killing map_server-1
[roslaunch][INFO] 2020-11-01 19:53:24,741: [rviz-2] killing on exit
[roslaunch][INFO] 2020-11-01 19:53:24,740: [move_base-4] killing on exit
[roslaunch][INFO] 2020-11-01 19:53:24,741: process[amcl-3]: killing os process with pid[3315] pgid[3315]
[roslaunch][INFO] 2020-11-01 19:53:24,741: [map_server-1] killing on exit
[roslaunch][INFO] 2020-11-01 19:53:24,742: process[rviz-2]: killing os process with pid[3314] pgid[3314]
[roslaunch][INFO] 2020-11-01 19:53:24,742: process[move_base-4]: killing os process with pid[3316] pgid[3316]
[roslaunch][INFO] 2020-11-01 19:53:24,742: [amcl-3] sending SIGINT to pgid [3315]
[roslaunch][INFO] 2020-11-01 19:53:24,742: [rviz-2] sending SIGINT to pgid [3314]
[roslaunch][INFO] 2020-11-01 19:53:24,742: process[map_server-1]: killing os process with pid[3313] pgid[3313]
[roslaunch][INFO] 2020-11-01 19:53:24,743: [map_server-1] sending SIGINT to pgid [3313]
[roslaunch][INFO] 2020-11-01 19:53:24,743: [amcl-3] sent SIGINT to pgid [3315]
[roslaunch][INFO] 2020-11-01 19:53:24,743: [rviz-2] sent SIGINT to pgid [3314]
[roslaunch][INFO] 2020-11-01 19:53:24,743: [map_server-1] sent SIGINT to pgid [3313]
[roslaunch][INFO] 2020-11-01 19:53:24,742: [move_base-4] sending SIGINT to pgid [3316]
[roslaunch][INFO] 2020-11-01 19:53:24,743: [move_base-4] sent SIGINT to pgid [3316]
[roslaunch][INFO] 2020-11-01 19:53:24,943: process[map_server-1]: SIGINT killed with return value 0
[roslaunch][INFO] 2020-11-01 19:53:25,043: process[amcl-3]: SIGINT killed with return value 0
[roslaunch][INFO] 2020-11-01 19:53:25,244: process[move_base-4]: SIGINT killed with return value 0
[roslaunch][INFO] 2020-11-01 19:53:26,245: process[rviz-2]: SIGINT killed with return value 0
[roslaunch.pmon][INFO] 2020-11-01 19:53:26,245: ProcessMonitor exit: cleaning up data structures and signals
[roslaunch.pmon][INFO] 2020-11-01 19:53:26,245: ProcessMonitor exit: pmon has shutdown
[roslaunch][INFO] 2020-11-01 19:53:26,295: process monitor is done spinning, initiating full shutdown
[roslaunch][INFO] 2020-11-01 19:53:26,295: runner.stop()
[roslaunch][INFO] 2020-11-01 19:53:26,295: shutting down processing monitor...
[roslaunch][INFO] 2020-11-01 19:53:26,295: shutting down processing monitor <ProcessMonitor(ProcessMonitor-1, stopped daemon 139846122690304)>
[roslaunch.pmon][INFO] 2020-11-01 19:53:26,295: ProcessMonitor.shutdown <ProcessMonitor(ProcessMonitor-1, stopped daemon 139846122690304)>
[roslaunch][INFO] 2020-11-01 19:53:26,295: ... shutting down processing monitor complete
[roslaunch][INFO] 2020-11-01 19:53:26,295: done
[roslaunch.pmon][INFO] 2020-11-01 19:53:26,295: ProcessMonitor.shutdown <ProcessMonitor(ProcessMonitor-1, stopped daemon 139846122690304)>
[rospy.core][INFO] 2020-11-01 19:53:26,295: signal_shutdown [atexit]
