[roslaunch][INFO] 2020-11-01 19:49:53,327: Checking log directory for disk usage. This may take awhile.
Press Ctrl-C to interrupt
[roslaunch][INFO] 2020-11-01 19:49:53,330: Done checking log file disk usage. Usage is <1GB.
[roslaunch][INFO] 2020-11-01 19:49:53,331: roslaunch starting with args ['/opt/ros/indigo/bin/roslaunch', 'fetch_navigation', 'freight_nav.launch']
[roslaunch][INFO] 2020-11-01 19:49:53,331: roslaunch env is {'ROS_DISTRO': 'indigo', 'NVM_CD_FLAGS': '', 'LESSOPEN': '| /usr/bin/lesspipe %s', 'SSH_CLIENT': '172.22.77.105 57546 22', 'CPATH': '/home/fetch/catkin_ws/devel/include:/opt/ros/indigo/include', 'LOGNAME': 'fetch', 'USER': 'fetch', 'NVM_DIR': '/home/fetch/.nvm', 'PATH': '/home/fetch/.nvm/versions/node/v10.15.3/bin:/opt/ros/indigo/bin:/usr/local/sbin:/usr/local/bin:/usr/sbin:/usr/bin:/sbin:/bin:/usr/games:/usr/local/games', 'HOME': '/home/fetch', 'VIRTUALENVWRAPPER_SCRIPT': '/usr/share/virtualenvwrapper/virtualenvwrapper.sh', 'LD_LIBRARY_PATH': '/home/fetch/catkin_ws/devel/lib:/opt/ros/indigo/lib', 'LANG': 'en_US.UTF-8', 'TERM': 'xterm-256color', 'SHELL': '/bin/bash', 'ROS_LOG_FILENAME': '/home/fetch/.ros/log/a1b3a782-1cbd-11eb-9a7e-000babe55698/roslaunch-freight1207-4494.log', 'SHLVL': '1', 'QT_QPA_PLATFORMTHEME': 'appmenu-qt5', 'ROS_ETC_DIR': '/opt/ros/indigo/etc/ros', 'DISPLAY': 'localhost:10.0', 'NVM_BIN': '/home/fetch/.nvm/versions/node/v10.15.3/bin', '_VIRTUALENVWRAPPER_API': ' mkvirtualenv rmvirtualenv lsvirtualenv showvirtualenv workon add2virtualenv cdsitepackages cdvirtualenv lssitepackages toggleglobalsitepackages cpvirtualenv setvirtualenvproject mkproject cdproject mktmpenv mkvirtualenv rmvirtualenv lsvirtualenv showvirtualenv workon add2virtualenv cdsitepackages cdvirtualenv lssitepackages toggleglobalsitepackages cpvirtualenv setvirtualenvproject mkproject cdproject mktmpenv', 'CMAKE_PREFIX_PATH': '/home/fetch/catkin_ws/devel:/opt/ros/indigo', 'XDG_RUNTIME_DIR': '/run/user/1000', 'PYTHONPATH': '/home/fetch/catkin_ws/devel/lib/python2.7/dist-packages:/opt/ros/indigo/lib/python2.7/dist-packages', 'ROS_ROOT': '/opt/ros/indigo/share/ros', 'PKG_CONFIG_PATH': '/home/fetch/catkin_ws/devel/lib/pkgconfig:/opt/ros/indigo/lib/pkgconfig', 'ROS_PACKAGE_PATH': '/home/fetch/catkin_ws/src:/opt/ros/indigo/share:/opt/ros/indigo/stacks', 'XDG_SESSION_ID': '1', '_': '/opt/ros/indigo/bin/roslaunch', 'SSH_CONNECTION': '172.22.77.105 57546 172.22.77.172 22', 'LESSCLOSE': '/usr/bin/lesspipe %s %s', 'SSH_TTY': '/dev/pts/1', 'PWD': '/home/fetch', 'ROS_MASTER_URI': 'http://localhost:11311', 'MAIL': '/var/mail/fetch', 'LS_COLORS': 'rs=0:di=01;34:ln=01;36:mh=00:pi=40;33:so=01;35:do=01;35:bd=40;33;01:cd=40;33;01:or=40;31;01:su=37;41:sg=30;43:ca=30;41:tw=30;42:ow=34;42:st=37;44:ex=01;32:*.tar=01;31:*.tgz=01;31:*.arj=01;31:*.taz=01;31:*.lzh=01;31:*.lzma=01;31:*.tlz=01;31:*.txz=01;31:*.zip=01;31:*.z=01;31:*.Z=01;31:*.dz=01;31:*.gz=01;31:*.lz=01;31:*.xz=01;31:*.bz2=01;31:*.bz=01;31:*.tbz=01;31:*.tbz2=01;31:*.tz=01;31:*.deb=01;31:*.rpm=01;31:*.jar=01;31:*.war=01;31:*.ear=01;31:*.sar=01;31:*.rar=01;31:*.ace=01;31:*.zoo=01;31:*.cpio=01;31:*.7z=01;31:*.rz=01;31:*.jpg=01;35:*.jpeg=01;35:*.gif=01;35:*.bmp=01;35:*.pbm=01;35:*.pgm=01;35:*.ppm=01;35:*.tga=01;35:*.xbm=01;35:*.xpm=01;35:*.tif=01;35:*.tiff=01;35:*.png=01;35:*.svg=01;35:*.svgz=01;35:*.mng=01;35:*.pcx=01;35:*.mov=01;35:*.mpg=01;35:*.mpeg=01;35:*.m2v=01;35:*.mkv=01;35:*.webm=01;35:*.ogm=01;35:*.mp4=01;35:*.m4v=01;35:*.mp4v=01;35:*.vob=01;35:*.qt=01;35:*.nuv=01;35:*.wmv=01;35:*.asf=01;35:*.rm=01;35:*.rmvb=01;35:*.flc=01;35:*.avi=01;35:*.fli=01;35:*.flv=01;35:*.gl=01;35:*.dl=01;35:*.xcf=01;35:*.xwd=01;35:*.yuv=01;35:*.cgm=01;35:*.emf=01;35:*.axv=01;35:*.anx=01;35:*.ogv=01;35:*.ogx=01;35:*.aac=00;36:*.au=00;36:*.flac=00;36:*.mid=00;36:*.midi=00;36:*.mka=00;36:*.mp3=00;36:*.mpc=00;36:*.ogg=00;36:*.ra=00;36:*.wav=00;36:*.axa=00;36:*.oga=00;36:*.spx=00;36:*.xspf=00;36:'}
[roslaunch][INFO] 2020-11-01 19:49:53,331: starting in server mode
[roslaunch.parent][INFO] 2020-11-01 19:49:53,331: starting roslaunch parent run
[roslaunch][INFO] 2020-11-01 19:49:53,331: loading roscore config file /opt/ros/indigo/etc/ros/roscore.xml
[roslaunch][INFO] 2020-11-01 19:49:53,399: Added core node of type [rosout/rosout] in namespace [/]
[roslaunch.config][INFO] 2020-11-01 19:49:53,399: loading config file /opt/ros/indigo/share/fetch_navigation/launch/freight_nav.launch
[roslaunch][INFO] 2020-11-01 19:49:53,431: Added node of type [map_server/map_server] in namespace [/]
[roslaunch][INFO] 2020-11-01 19:49:53,432: Added node of type [rviz/rviz] in namespace [/]
[roslaunch][INFO] 2020-11-01 19:49:53,438: Added node of type [amcl/amcl] in namespace [/]
[roslaunch][INFO] 2020-11-01 19:49:53,456: Added node of type [move_base/move_base] in namespace [/]
[roslaunch][INFO] 2020-11-01 19:49:53,456: ... selected machine [] for node of type [map_server/map_server]
[roslaunch][INFO] 2020-11-01 19:49:53,457: ... selected machine [] for node of type [rviz/rviz]
[roslaunch][INFO] 2020-11-01 19:49:53,457: ... selected machine [] for node of type [amcl/amcl]
[roslaunch][INFO] 2020-11-01 19:49:53,457: ... selected machine [] for node of type [move_base/move_base]
[roslaunch.pmon][INFO] 2020-11-01 19:49:53,457: start_process_monitor: creating ProcessMonitor
[roslaunch.pmon][INFO] 2020-11-01 19:49:53,457: created process monitor <ProcessMonitor(ProcessMonitor-1, initial daemon)>
[roslaunch.pmon][INFO] 2020-11-01 19:49:53,458: start_process_monitor: ProcessMonitor started
[roslaunch.parent][INFO] 2020-11-01 19:49:53,458: starting parent XML-RPC server
[roslaunch.server][INFO] 2020-11-01 19:49:53,458: starting roslaunch XML-RPC server
[roslaunch.server][INFO] 2020-11-01 19:49:53,458: waiting for roslaunch XML-RPC server to initialize
[xmlrpc][INFO] 2020-11-01 19:49:53,458: XML-RPC server binding to 0.0.0.0:0
[xmlrpc][INFO] 2020-11-01 19:49:53,458: Started XML-RPC server [http://freight1207:37866/]
[xmlrpc][INFO] 2020-11-01 19:49:53,458: xml rpc node: starting XML-RPC server
[roslaunch][INFO] 2020-11-01 19:49:53,469: started roslaunch server http://freight1207:37866/
[roslaunch.parent][INFO] 2020-11-01 19:49:53,469: ... parent XML-RPC server started
[roslaunch][INFO] 2020-11-01 19:49:53,470: master.is_running[http://localhost:11311]
[roslaunch][INFO] 2020-11-01 19:49:53,471: master.is_running[http://localhost:11311]
[roslaunch][INFO] 2020-11-01 19:49:53,472: ROS_MASTER_URI=http://localhost:11311
[roslaunch][INFO] 2020-11-01 19:49:53,473: setting /roslaunch/uris/host_freight1207__37866' to http://freight1207:37866/
[roslaunch][INFO] 2020-11-01 19:49:53,474: load_parameters starting ...
[roslaunch][INFO] 2020-11-01 19:49:53,493: ... load_parameters complete
[roslaunch][INFO] 2020-11-01 19:49:53,493: launch_nodes: launching local nodes ...
[roslaunch][INFO] 2020-11-01 19:49:53,493: ... preparing to launch node of type [map_server/map_server]
[roslaunch][INFO] 2020-11-01 19:49:53,493: create_node_process: package[map_server] type[map_server] machine[Machine(name[] env_loader[None] address[localhost] ssh_port[22] user[None] assignable[True] timeout[10.0])] master_uri[http://localhost:11311]
[roslaunch][INFO] 2020-11-01 19:49:53,493: process[map_server-1]: env[{'ROS_DISTRO': 'indigo', 'NVM_CD_FLAGS': '', 'LESSOPEN': '| /usr/bin/lesspipe %s', 'SSH_CLIENT': '172.22.77.105 57546 22', 'CPATH': '/home/fetch/catkin_ws/devel/include:/opt/ros/indigo/include', 'LOGNAME': 'fetch', 'USER': 'fetch', 'NVM_DIR': '/home/fetch/.nvm', 'PATH': '/home/fetch/.nvm/versions/node/v10.15.3/bin:/opt/ros/indigo/bin:/usr/local/sbin:/usr/local/bin:/usr/sbin:/usr/bin:/sbin:/bin:/usr/games:/usr/local/games', 'HOME': '/home/fetch', 'VIRTUALENVWRAPPER_SCRIPT': '/usr/share/virtualenvwrapper/virtualenvwrapper.sh', 'ROS_LOG_FILENAME': '/home/fetch/.ros/log/a1b3a782-1cbd-11eb-9a7e-000babe55698/roslaunch-freight1207-4494.log', 'LANG': 'en_US.UTF-8', 'TERM': 'xterm-256color', 'SHELL': '/bin/bash', 'SHLVL': '1', 'QT_QPA_PLATFORMTHEME': 'appmenu-qt5', 'DISPLAY': 'localhost:10.0', 'NVM_BIN': '/home/fetch/.nvm/versions/node/v10.15.3/bin', '_VIRTUALENVWRAPPER_API': ' mkvirtualenv rmvirtualenv lsvirtualenv showvirtualenv workon add2virtualenv cdsitepackages cdvirtualenv lssitepackages toggleglobalsitepackages cpvirtualenv setvirtualenvproject mkproject cdproject mktmpenv mkvirtualenv rmvirtualenv lsvirtualenv showvirtualenv workon add2virtualenv cdsitepackages cdvirtualenv lssitepackages toggleglobalsitepackages cpvirtualenv setvirtualenvproject mkproject cdproject mktmpenv', 'CMAKE_PREFIX_PATH': '/home/fetch/catkin_ws/devel:/opt/ros/indigo', 'XDG_RUNTIME_DIR': '/run/user/1000', 'PYTHONPATH': '/home/fetch/catkin_ws/devel/lib/python2.7/dist-packages:/opt/ros/indigo/lib/python2.7/dist-packages', 'ROS_ROOT': '/opt/ros/indigo/share/ros', 'PKG_CONFIG_PATH': '/home/fetch/catkin_ws/devel/lib/pkgconfig:/opt/ros/indigo/lib/pkgconfig', 'ROS_PACKAGE_PATH': '/home/fetch/catkin_ws/src:/opt/ros/indigo/share:/opt/ros/indigo/stacks', 'XDG_SESSION_ID': '1', '_': '/opt/ros/indigo/bin/roslaunch', 'LD_LIBRARY_PATH': '/home/fetch/catkin_ws/devel/lib:/opt/ros/indigo/lib', 'LS_COLORS': 'rs=0:di=01;34:ln=01;36:mh=00:pi=40;33:so=01;35:do=01;35:bd=40;33;01:cd=40;33;01:or=40;31;01:su=37;41:sg=30;43:ca=30;41:tw=30;42:ow=34;42:st=37;44:ex=01;32:*.tar=01;31:*.tgz=01;31:*.arj=01;31:*.taz=01;31:*.lzh=01;31:*.lzma=01;31:*.tlz=01;31:*.txz=01;31:*.zip=01;31:*.z=01;31:*.Z=01;31:*.dz=01;31:*.gz=01;31:*.lz=01;31:*.xz=01;31:*.bz2=01;31:*.bz=01;31:*.tbz=01;31:*.tbz2=01;31:*.tz=01;31:*.deb=01;31:*.rpm=01;31:*.jar=01;31:*.war=01;31:*.ear=01;31:*.sar=01;31:*.rar=01;31:*.ace=01;31:*.zoo=01;31:*.cpio=01;31:*.7z=01;31:*.rz=01;31:*.jpg=01;35:*.jpeg=01;35:*.gif=01;35:*.bmp=01;35:*.pbm=01;35:*.pgm=01;35:*.ppm=01;35:*.tga=01;35:*.xbm=01;35:*.xpm=01;35:*.tif=01;35:*.tiff=01;35:*.png=01;35:*.svg=01;35:*.svgz=01;35:*.mng=01;35:*.pcx=01;35:*.mov=01;35:*.mpg=01;35:*.mpeg=01;35:*.m2v=01;35:*.mkv=01;35:*.webm=01;35:*.ogm=01;35:*.mp4=01;35:*.m4v=01;35:*.mp4v=01;35:*.vob=01;35:*.qt=01;35:*.nuv=01;35:*.wmv=01;35:*.asf=01;35:*.rm=01;35:*.rmvb=01;35:*.flc=01;35:*.avi=01;35:*.fli=01;35:*.flv=01;35:*.gl=01;35:*.dl=01;35:*.xcf=01;35:*.xwd=01;35:*.yuv=01;35:*.cgm=01;35:*.emf=01;35:*.axv=01;35:*.anx=01;35:*.ogv=01;35:*.ogx=01;35:*.aac=00;36:*.au=00;36:*.flac=00;36:*.mid=00;36:*.midi=00;36:*.mka=00;36:*.mp3=00;36:*.mpc=00;36:*.ogg=00;36:*.ra=00;36:*.wav=00;36:*.axa=00;36:*.oga=00;36:*.spx=00;36:*.xspf=00;36:', 'LESSCLOSE': '/usr/bin/lesspipe %s %s', 'SSH_TTY': '/dev/pts/1', 'PWD': '/home/fetch', 'ROS_ETC_DIR': '/opt/ros/indigo/etc/ros', 'ROS_MASTER_URI': 'http://localhost:11311', 'MAIL': '/var/mail/fetch', 'SSH_CONNECTION': '172.22.77.105 57546 172.22.77.172 22'}]
[roslaunch][INFO] 2020-11-01 19:49:53,524: process[map_server-1]: args[[u'/opt/ros/indigo/lib/map_server/map_server', '/home/fetch/6class.yaml', u'__name:=map_server']]
[roslaunch][INFO] 2020-11-01 19:49:53,525: ... created process [map_server-1]
[roslaunch.pmon][INFO] 2020-11-01 19:49:53,525: ProcessMonitor.register[map_server-1]
[roslaunch.pmon][INFO] 2020-11-01 19:49:53,525: ProcessMonitor.register[map_server-1] complete
[roslaunch][INFO] 2020-11-01 19:49:53,525: ... registered process [map_server-1]
[roslaunch][INFO] 2020-11-01 19:49:53,525: process[map_server-1]: starting os process
[roslaunch][INFO] 2020-11-01 19:49:53,525: process[map_server-1]: start w/ args [[u'/opt/ros/indigo/lib/map_server/map_server', '/home/fetch/6class.yaml', u'__name:=map_server', u'__log:=/home/fetch/.ros/log/a1b3a782-1cbd-11eb-9a7e-000babe55698/map_server-1.log']]
[roslaunch][INFO] 2020-11-01 19:49:53,525: process[map_server-1]: cwd will be [/home/fetch/.ros]
[roslaunch][INFO] 2020-11-01 19:49:53,527: process[map_server-1]: started with pid [4512]
[roslaunch][INFO] 2020-11-01 19:49:53,527: ... successfully launched [map_server-1]
[roslaunch][INFO] 2020-11-01 19:49:53,527: ... preparing to launch node of type [rviz/rviz]
[roslaunch][INFO] 2020-11-01 19:49:53,527: create_node_process: package[rviz] type[rviz] machine[Machine(name[] env_loader[None] address[localhost] ssh_port[22] user[None] assignable[True] timeout[10.0])] master_uri[http://localhost:11311]
[roslaunch][INFO] 2020-11-01 19:49:53,528: process[rviz-2]: env[{'ROS_DISTRO': 'indigo', 'NVM_CD_FLAGS': '', 'LESSOPEN': '| /usr/bin/lesspipe %s', 'SSH_CLIENT': '172.22.77.105 57546 22', 'CPATH': '/home/fetch/catkin_ws/devel/include:/opt/ros/indigo/include', 'LOGNAME': 'fetch', 'USER': 'fetch', 'NVM_DIR': '/home/fetch/.nvm', 'PATH': '/home/fetch/.nvm/versions/node/v10.15.3/bin:/opt/ros/indigo/bin:/usr/local/sbin:/usr/local/bin:/usr/sbin:/usr/bin:/sbin:/bin:/usr/games:/usr/local/games', 'HOME': '/home/fetch', 'VIRTUALENVWRAPPER_SCRIPT': '/usr/share/virtualenvwrapper/virtualenvwrapper.sh', 'ROS_LOG_FILENAME': '/home/fetch/.ros/log/a1b3a782-1cbd-11eb-9a7e-000babe55698/roslaunch-freight1207-4494.log', 'LANG': 'en_US.UTF-8', 'TERM': 'xterm-256color', 'SHELL': '/bin/bash', 'SHLVL': '1', 'QT_QPA_PLATFORMTHEME': 'appmenu-qt5', 'DISPLAY': 'localhost:10.0', 'NVM_BIN': '/home/fetch/.nvm/versions/node/v10.15.3/bin', '_VIRTUALENVWRAPPER_API': ' mkvirtualenv rmvirtualenv lsvirtualenv showvirtualenv workon add2virtualenv cdsitepackages cdvirtualenv lssitepackages toggleglobalsitepackages cpvirtualenv setvirtualenvproject mkproject cdproject mktmpenv mkvirtualenv rmvirtualenv lsvirtualenv showvirtualenv workon add2virtualenv cdsitepackages cdvirtualenv lssitepackages toggleglobalsitepackages cpvirtualenv setvirtualenvproject mkproject cdproject mktmpenv', 'CMAKE_PREFIX_PATH': '/home/fetch/catkin_ws/devel:/opt/ros/indigo', 'XDG_RUNTIME_DIR': '/run/user/1000', 'PYTHONPATH': '/home/fetch/catkin_ws/devel/lib/python2.7/dist-packages:/opt/ros/indigo/lib/python2.7/dist-packages', 'ROS_ROOT': '/opt/ros/indigo/share/ros', 'PKG_CONFIG_PATH': '/home/fetch/catkin_ws/devel/lib/pkgconfig:/opt/ros/indigo/lib/pkgconfig', 'ROS_PACKAGE_PATH': '/home/fetch/catkin_ws/src:/opt/ros/indigo/share:/opt/ros/indigo/stacks', 'XDG_SESSION_ID': '1', '_': '/opt/ros/indigo/bin/roslaunch', 'LD_LIBRARY_PATH': '/home/fetch/catkin_ws/devel/lib:/opt/ros/indigo/lib', 'LS_COLORS': 'rs=0:di=01;34:ln=01;36:mh=00:pi=40;33:so=01;35:do=01;35:bd=40;33;01:cd=40;33;01:or=40;31;01:su=37;41:sg=30;43:ca=30;41:tw=30;42:ow=34;42:st=37;44:ex=01;32:*.tar=01;31:*.tgz=01;31:*.arj=01;31:*.taz=01;31:*.lzh=01;31:*.lzma=01;31:*.tlz=01;31:*.txz=01;31:*.zip=01;31:*.z=01;31:*.Z=01;31:*.dz=01;31:*.gz=01;31:*.lz=01;31:*.xz=01;31:*.bz2=01;31:*.bz=01;31:*.tbz=01;31:*.tbz2=01;31:*.tz=01;31:*.deb=01;31:*.rpm=01;31:*.jar=01;31:*.war=01;31:*.ear=01;31:*.sar=01;31:*.rar=01;31:*.ace=01;31:*.zoo=01;31:*.cpio=01;31:*.7z=01;31:*.rz=01;31:*.jpg=01;35:*.jpeg=01;35:*.gif=01;35:*.bmp=01;35:*.pbm=01;35:*.pgm=01;35:*.ppm=01;35:*.tga=01;35:*.xbm=01;35:*.xpm=01;35:*.tif=01;35:*.tiff=01;35:*.png=01;35:*.svg=01;35:*.svgz=01;35:*.mng=01;35:*.pcx=01;35:*.mov=01;35:*.mpg=01;35:*.mpeg=01;35:*.m2v=01;35:*.mkv=01;35:*.webm=01;35:*.ogm=01;35:*.mp4=01;35:*.m4v=01;35:*.mp4v=01;35:*.vob=01;35:*.qt=01;35:*.nuv=01;35:*.wmv=01;35:*.asf=01;35:*.rm=01;35:*.rmvb=01;35:*.flc=01;35:*.avi=01;35:*.fli=01;35:*.flv=01;35:*.gl=01;35:*.dl=01;35:*.xcf=01;35:*.xwd=01;35:*.yuv=01;35:*.cgm=01;35:*.emf=01;35:*.axv=01;35:*.anx=01;35:*.ogv=01;35:*.ogx=01;35:*.aac=00;36:*.au=00;36:*.flac=00;36:*.mid=00;36:*.midi=00;36:*.mka=00;36:*.mp3=00;36:*.mpc=00;36:*.ogg=00;36:*.ra=00;36:*.wav=00;36:*.axa=00;36:*.oga=00;36:*.spx=00;36:*.xspf=00;36:', 'LESSCLOSE': '/usr/bin/lesspipe %s %s', 'SSH_TTY': '/dev/pts/1', 'PWD': '/home/fetch', 'ROS_ETC_DIR': '/opt/ros/indigo/etc/ros', 'ROS_MASTER_URI': 'http://localhost:11311', 'MAIL': '/var/mail/fetch', 'SSH_CONNECTION': '172.22.77.105 57546 172.22.77.172 22'}]
[roslaunch][INFO] 2020-11-01 19:49:53,533: process[rviz-2]: args[[u'/opt/ros/indigo/lib/rviz/rviz', '/opt/ros/indigo/share/fetch_navigation/config/navigation.rviz', u'__name:=rviz']]
[roslaunch][INFO] 2020-11-01 19:49:53,534: ... created process [rviz-2]
[roslaunch.pmon][INFO] 2020-11-01 19:49:53,534: ProcessMonitor.register[rviz-2]
[roslaunch.pmon][INFO] 2020-11-01 19:49:53,534: ProcessMonitor.register[rviz-2] complete
[roslaunch][INFO] 2020-11-01 19:49:53,534: ... registered process [rviz-2]
[roslaunch][INFO] 2020-11-01 19:49:53,534: process[rviz-2]: starting os process
[roslaunch][INFO] 2020-11-01 19:49:53,534: process[rviz-2]: start w/ args [[u'/opt/ros/indigo/lib/rviz/rviz', '/opt/ros/indigo/share/fetch_navigation/config/navigation.rviz', u'__name:=rviz', u'__log:=/home/fetch/.ros/log/a1b3a782-1cbd-11eb-9a7e-000babe55698/rviz-2.log']]
[roslaunch][INFO] 2020-11-01 19:49:53,534: process[rviz-2]: cwd will be [/home/fetch/.ros]
[roslaunch][INFO] 2020-11-01 19:49:53,535: process[rviz-2]: started with pid [4513]
[roslaunch][INFO] 2020-11-01 19:49:53,536: ... successfully launched [rviz-2]
[roslaunch][INFO] 2020-11-01 19:49:53,536: ... preparing to launch node of type [amcl/amcl]
[roslaunch][INFO] 2020-11-01 19:49:53,536: create_node_process: package[amcl] type[amcl] machine[Machine(name[] env_loader[None] address[localhost] ssh_port[22] user[None] assignable[True] timeout[10.0])] master_uri[http://localhost:11311]
[roslaunch][INFO] 2020-11-01 19:49:53,536: process[amcl-3]: env[{'ROS_DISTRO': 'indigo', 'NVM_CD_FLAGS': '', 'LESSOPEN': '| /usr/bin/lesspipe %s', 'SSH_CLIENT': '172.22.77.105 57546 22', 'CPATH': '/home/fetch/catkin_ws/devel/include:/opt/ros/indigo/include', 'LOGNAME': 'fetch', 'USER': 'fetch', 'NVM_DIR': '/home/fetch/.nvm', 'PATH': '/home/fetch/.nvm/versions/node/v10.15.3/bin:/opt/ros/indigo/bin:/usr/local/sbin:/usr/local/bin:/usr/sbin:/usr/bin:/sbin:/bin:/usr/games:/usr/local/games', 'HOME': '/home/fetch', 'VIRTUALENVWRAPPER_SCRIPT': '/usr/share/virtualenvwrapper/virtualenvwrapper.sh', 'ROS_LOG_FILENAME': '/home/fetch/.ros/log/a1b3a782-1cbd-11eb-9a7e-000babe55698/roslaunch-freight1207-4494.log', 'LANG': 'en_US.UTF-8', 'TERM': 'xterm-256color', 'SHELL': '/bin/bash', 'SHLVL': '1', 'QT_QPA_PLATFORMTHEME': 'appmenu-qt5', 'DISPLAY': 'localhost:10.0', 'NVM_BIN': '/home/fetch/.nvm/versions/node/v10.15.3/bin', '_VIRTUALENVWRAPPER_API': ' mkvirtualenv rmvirtualenv lsvirtualenv showvirtualenv workon add2virtualenv cdsitepackages cdvirtualenv lssitepackages toggleglobalsitepackages cpvirtualenv setvirtualenvproject mkproject cdproject mktmpenv mkvirtualenv rmvirtualenv lsvirtualenv showvirtualenv workon add2virtualenv cdsitepackages cdvirtualenv lssitepackages toggleglobalsitepackages cpvirtualenv setvirtualenvproject mkproject cdproject mktmpenv', 'CMAKE_PREFIX_PATH': '/home/fetch/catkin_ws/devel:/opt/ros/indigo', 'XDG_RUNTIME_DIR': '/run/user/1000', 'PYTHONPATH': '/home/fetch/catkin_ws/devel/lib/python2.7/dist-packages:/opt/ros/indigo/lib/python2.7/dist-packages', 'ROS_ROOT': '/opt/ros/indigo/share/ros', 'PKG_CONFIG_PATH': '/home/fetch/catkin_ws/devel/lib/pkgconfig:/opt/ros/indigo/lib/pkgconfig', 'ROS_PACKAGE_PATH': '/home/fetch/catkin_ws/src:/opt/ros/indigo/share:/opt/ros/indigo/stacks', 'XDG_SESSION_ID': '1', '_': '/opt/ros/indigo/bin/roslaunch', 'LD_LIBRARY_PATH': '/home/fetch/catkin_ws/devel/lib:/opt/ros/indigo/lib', 'LS_COLORS': 'rs=0:di=01;34:ln=01;36:mh=00:pi=40;33:so=01;35:do=01;35:bd=40;33;01:cd=40;33;01:or=40;31;01:su=37;41:sg=30;43:ca=30;41:tw=30;42:ow=34;42:st=37;44:ex=01;32:*.tar=01;31:*.tgz=01;31:*.arj=01;31:*.taz=01;31:*.lzh=01;31:*.lzma=01;31:*.tlz=01;31:*.txz=01;31:*.zip=01;31:*.z=01;31:*.Z=01;31:*.dz=01;31:*.gz=01;31:*.lz=01;31:*.xz=01;31:*.bz2=01;31:*.bz=01;31:*.tbz=01;31:*.tbz2=01;31:*.tz=01;31:*.deb=01;31:*.rpm=01;31:*.jar=01;31:*.war=01;31:*.ear=01;31:*.sar=01;31:*.rar=01;31:*.ace=01;31:*.zoo=01;31:*.cpio=01;31:*.7z=01;31:*.rz=01;31:*.jpg=01;35:*.jpeg=01;35:*.gif=01;35:*.bmp=01;35:*.pbm=01;35:*.pgm=01;35:*.ppm=01;35:*.tga=01;35:*.xbm=01;35:*.xpm=01;35:*.tif=01;35:*.tiff=01;35:*.png=01;35:*.svg=01;35:*.svgz=01;35:*.mng=01;35:*.pcx=01;35:*.mov=01;35:*.mpg=01;35:*.mpeg=01;35:*.m2v=01;35:*.mkv=01;35:*.webm=01;35:*.ogm=01;35:*.mp4=01;35:*.m4v=01;35:*.mp4v=01;35:*.vob=01;35:*.qt=01;35:*.nuv=01;35:*.wmv=01;35:*.asf=01;35:*.rm=01;35:*.rmvb=01;35:*.flc=01;35:*.avi=01;35:*.fli=01;35:*.flv=01;35:*.gl=01;35:*.dl=01;35:*.xcf=01;35:*.xwd=01;35:*.yuv=01;35:*.cgm=01;35:*.emf=01;35:*.axv=01;35:*.anx=01;35:*.ogv=01;35:*.ogx=01;35:*.aac=00;36:*.au=00;36:*.flac=00;36:*.mid=00;36:*.midi=00;36:*.mka=00;36:*.mp3=00;36:*.mpc=00;36:*.ogg=00;36:*.ra=00;36:*.wav=00;36:*.axa=00;36:*.oga=00;36:*.spx=00;36:*.xspf=00;36:', 'LESSCLOSE': '/usr/bin/lesspipe %s %s', 'SSH_TTY': '/dev/pts/1', 'PWD': '/home/fetch', 'ROS_ETC_DIR': '/opt/ros/indigo/etc/ros', 'ROS_MASTER_URI': 'http://localhost:11311', 'MAIL': '/var/mail/fetch', 'SSH_CONNECTION': '172.22.77.105 57546 172.22.77.172 22'}]
[roslaunch][INFO] 2020-11-01 19:49:53,537: process[amcl-3]: args[[u'/opt/ros/indigo/lib/amcl/amcl', u'scan:=base_scan', u'map:=map', u'__name:=amcl']]
[roslaunch][INFO] 2020-11-01 19:49:53,537: ... created process [amcl-3]
[roslaunch.pmon][INFO] 2020-11-01 19:49:53,537: ProcessMonitor.register[amcl-3]
[roslaunch.pmon][INFO] 2020-11-01 19:49:53,538: ProcessMonitor.register[amcl-3] complete
[roslaunch][INFO] 2020-11-01 19:49:53,538: ... registered process [amcl-3]
[roslaunch][INFO] 2020-11-01 19:49:53,538: process[amcl-3]: starting os process
[roslaunch][INFO] 2020-11-01 19:49:53,538: process[amcl-3]: start w/ args [[u'/opt/ros/indigo/lib/amcl/amcl', u'scan:=base_scan', u'map:=map', u'__name:=amcl', u'__log:=/home/fetch/.ros/log/a1b3a782-1cbd-11eb-9a7e-000babe55698/amcl-3.log']]
[roslaunch][INFO] 2020-11-01 19:49:53,538: process[amcl-3]: cwd will be [/home/fetch/.ros]
[roslaunch][INFO] 2020-11-01 19:49:53,541: process[amcl-3]: started with pid [4514]
[roslaunch][INFO] 2020-11-01 19:49:53,541: ... successfully launched [amcl-3]
[roslaunch][INFO] 2020-11-01 19:49:53,541: ... preparing to launch node of type [move_base/move_base]
[roslaunch][INFO] 2020-11-01 19:49:53,541: create_node_process: package[move_base] type[move_base] machine[Machine(name[] env_loader[None] address[localhost] ssh_port[22] user[None] assignable[True] timeout[10.0])] master_uri[http://localhost:11311]
[roslaunch][INFO] 2020-11-01 19:49:53,541: process[move_base-4]: env[{'ROS_DISTRO': 'indigo', 'NVM_CD_FLAGS': '', 'LESSOPEN': '| /usr/bin/lesspipe %s', 'SSH_CLIENT': '172.22.77.105 57546 22', 'CPATH': '/home/fetch/catkin_ws/devel/include:/opt/ros/indigo/include', 'LOGNAME': 'fetch', 'USER': 'fetch', 'NVM_DIR': '/home/fetch/.nvm', 'PATH': '/home/fetch/.nvm/versions/node/v10.15.3/bin:/opt/ros/indigo/bin:/usr/local/sbin:/usr/local/bin:/usr/sbin:/usr/bin:/sbin:/bin:/usr/games:/usr/local/games', 'HOME': '/home/fetch', 'VIRTUALENVWRAPPER_SCRIPT': '/usr/share/virtualenvwrapper/virtualenvwrapper.sh', 'ROS_LOG_FILENAME': '/home/fetch/.ros/log/a1b3a782-1cbd-11eb-9a7e-000babe55698/roslaunch-freight1207-4494.log', 'LANG': 'en_US.UTF-8', 'TERM': 'xterm-256color', 'SHELL': '/bin/bash', 'SHLVL': '1', 'QT_QPA_PLATFORMTHEME': 'appmenu-qt5', 'DISPLAY': 'localhost:10.0', 'NVM_BIN': '/home/fetch/.nvm/versions/node/v10.15.3/bin', '_VIRTUALENVWRAPPER_API': ' mkvirtualenv rmvirtualenv lsvirtualenv showvirtualenv workon add2virtualenv cdsitepackages cdvirtualenv lssitepackages toggleglobalsitepackages cpvirtualenv setvirtualenvproject mkproject cdproject mktmpenv mkvirtualenv rmvirtualenv lsvirtualenv showvirtualenv workon add2virtualenv cdsitepackages cdvirtualenv lssitepackages toggleglobalsitepackages cpvirtualenv setvirtualenvproject mkproject cdproject mktmpenv', 'CMAKE_PREFIX_PATH': '/home/fetch/catkin_ws/devel:/opt/ros/indigo', 'XDG_RUNTIME_DIR': '/run/user/1000', 'PYTHONPATH': '/home/fetch/catkin_ws/devel/lib/python2.7/dist-packages:/opt/ros/indigo/lib/python2.7/dist-packages', 'ROS_ROOT': '/opt/ros/indigo/share/ros', 'PKG_CONFIG_PATH': '/home/fetch/catkin_ws/devel/lib/pkgconfig:/opt/ros/indigo/lib/pkgconfig', 'ROS_PACKAGE_PATH': '/home/fetch/catkin_ws/src:/opt/ros/indigo/share:/opt/ros/indigo/stacks', 'XDG_SESSION_ID': '1', '_': '/opt/ros/indigo/bin/roslaunch', 'LD_LIBRARY_PATH': '/home/fetch/catkin_ws/devel/lib:/opt/ros/indigo/lib', 'LS_COLORS': 'rs=0:di=01;34:ln=01;36:mh=00:pi=40;33:so=01;35:do=01;35:bd=40;33;01:cd=40;33;01:or=40;31;01:su=37;41:sg=30;43:ca=30;41:tw=30;42:ow=34;42:st=37;44:ex=01;32:*.tar=01;31:*.tgz=01;31:*.arj=01;31:*.taz=01;31:*.lzh=01;31:*.lzma=01;31:*.tlz=01;31:*.txz=01;31:*.zip=01;31:*.z=01;31:*.Z=01;31:*.dz=01;31:*.gz=01;31:*.lz=01;31:*.xz=01;31:*.bz2=01;31:*.bz=01;31:*.tbz=01;31:*.tbz2=01;31:*.tz=01;31:*.deb=01;31:*.rpm=01;31:*.jar=01;31:*.war=01;31:*.ear=01;31:*.sar=01;31:*.rar=01;31:*.ace=01;31:*.zoo=01;31:*.cpio=01;31:*.7z=01;31:*.rz=01;31:*.jpg=01;35:*.jpeg=01;35:*.gif=01;35:*.bmp=01;35:*.pbm=01;35:*.pgm=01;35:*.ppm=01;35:*.tga=01;35:*.xbm=01;35:*.xpm=01;35:*.tif=01;35:*.tiff=01;35:*.png=01;35:*.svg=01;35:*.svgz=01;35:*.mng=01;35:*.pcx=01;35:*.mov=01;35:*.mpg=01;35:*.mpeg=01;35:*.m2v=01;35:*.mkv=01;35:*.webm=01;35:*.ogm=01;35:*.mp4=01;35:*.m4v=01;35:*.mp4v=01;35:*.vob=01;35:*.qt=01;35:*.nuv=01;35:*.wmv=01;35:*.asf=01;35:*.rm=01;35:*.rmvb=01;35:*.flc=01;35:*.avi=01;35:*.fli=01;35:*.flv=01;35:*.gl=01;35:*.dl=01;35:*.xcf=01;35:*.xwd=01;35:*.yuv=01;35:*.cgm=01;35:*.emf=01;35:*.axv=01;35:*.anx=01;35:*.ogv=01;35:*.ogx=01;35:*.aac=00;36:*.au=00;36:*.flac=00;36:*.mid=00;36:*.midi=00;36:*.mka=00;36:*.mp3=00;36:*.mpc=00;36:*.ogg=00;36:*.ra=00;36:*.wav=00;36:*.axa=00;36:*.oga=00;36:*.spx=00;36:*.xspf=00;36:', 'LESSCLOSE': '/usr/bin/lesspipe %s %s', 'SSH_TTY': '/dev/pts/1', 'PWD': '/home/fetch', 'ROS_ETC_DIR': '/opt/ros/indigo/etc/ros', 'ROS_MASTER_URI': 'http://localhost:11311', 'MAIL': '/var/mail/fetch', 'SSH_CONNECTION': '172.22.77.105 57546 172.22.77.172 22'}]
[roslaunch][INFO] 2020-11-01 19:49:53,542: process[move_base-4]: args[[u'/opt/ros/indigo/lib/move_base/move_base', u'cmd_vel:=cmd_vel', u'odom:=odom', u'map:=map', u'__name:=move_base']]
[roslaunch][INFO] 2020-11-01 19:49:53,543: ... created process [move_base-4]
[roslaunch.pmon][INFO] 2020-11-01 19:49:53,543: ProcessMonitor.register[move_base-4]
[roslaunch.pmon][INFO] 2020-11-01 19:49:53,543: ProcessMonitor.register[move_base-4] complete
[roslaunch][INFO] 2020-11-01 19:49:53,543: ... registered process [move_base-4]
[roslaunch][INFO] 2020-11-01 19:49:53,543: process[move_base-4]: starting os process
[roslaunch][INFO] 2020-11-01 19:49:53,543: process[move_base-4]: start w/ args [[u'/opt/ros/indigo/lib/move_base/move_base', u'cmd_vel:=cmd_vel', u'odom:=odom', u'map:=map', u'__name:=move_base', u'__log:=/home/fetch/.ros/log/a1b3a782-1cbd-11eb-9a7e-000babe55698/move_base-4.log']]
[roslaunch][INFO] 2020-11-01 19:49:53,543: process[move_base-4]: cwd will be [/home/fetch/.ros]
[roslaunch][INFO] 2020-11-01 19:49:53,545: process[move_base-4]: started with pid [4515]
[roslaunch][INFO] 2020-11-01 19:49:53,545: ... successfully launched [move_base-4]
[roslaunch][INFO] 2020-11-01 19:49:53,545: ... launch_nodes complete
[roslaunch.pmon][INFO] 2020-11-01 19:49:53,545: registrations completed <ProcessMonitor(ProcessMonitor-1, started daemon 140513767331584)>
[roslaunch.parent][INFO] 2020-11-01 19:49:53,545: ... roslaunch parent running, waiting for process exit
[roslaunch][INFO] 2020-11-01 19:49:53,546: spin
[roslaunch.pmon][INFO] 2020-11-01 19:50:33,433: ProcessMonitor.shutdown <ProcessMonitor(ProcessMonitor-1, started daemon 140513767331584)>
[roslaunch.pmon][INFO] 2020-11-01 19:50:33,521: ProcessMonitor._post_run <ProcessMonitor(ProcessMonitor-1, started daemon 140513767331584)>
[roslaunch.pmon][INFO] 2020-11-01 19:50:33,521: ProcessMonitor._post_run <ProcessMonitor(ProcessMonitor-1, started daemon 140513767331584)>: remaining procs are [<roslaunch.nodeprocess.LocalProcess object at 0x7fcbe951a550>, <roslaunch.nodeprocess.LocalProcess object at 0x7fcbe951a710>, <roslaunch.nodeprocess.LocalProcess object at 0x7fcbe951abd0>, <roslaunch.nodeprocess.LocalProcess object at 0x7fcbe82dc3d0>]
[roslaunch.pmon][INFO] 2020-11-01 19:50:33,521: ProcessMonitor exit: killing move_base-4
[roslaunch][INFO] 2020-11-01 19:50:33,521: [move_base-4] killing on exit
[roslaunch.pmon][INFO] 2020-11-01 19:50:33,521: ProcessMonitor exit: killing amcl-3
[roslaunch][INFO] 2020-11-01 19:50:33,521: process[move_base-4]: killing os process with pid[4515] pgid[4515]
[roslaunch][INFO] 2020-11-01 19:50:33,522: [amcl-3] killing on exit
[roslaunch][INFO] 2020-11-01 19:50:33,522: [move_base-4] sending SIGINT to pgid [4515]
[roslaunch.pmon][INFO] 2020-11-01 19:50:33,522: ProcessMonitor exit: killing rviz-2
[roslaunch.pmon][INFO] 2020-11-01 19:50:33,522: ProcessMonitor exit: killing map_server-1
[roslaunch][INFO] 2020-11-01 19:50:33,522: process[amcl-3]: killing os process with pid[4514] pgid[4514]
[roslaunch][INFO] 2020-11-01 19:50:33,522: [move_base-4] sent SIGINT to pgid [4515]
[roslaunch][INFO] 2020-11-01 19:50:33,523: [rviz-2] killing on exit
[roslaunch][INFO] 2020-11-01 19:50:33,523: [map_server-1] killing on exit
[roslaunch][INFO] 2020-11-01 19:50:33,523: [amcl-3] sending SIGINT to pgid [4514]
[roslaunch][INFO] 2020-11-01 19:50:33,523: process[rviz-2]: killing os process with pid[4513] pgid[4513]
[roslaunch][INFO] 2020-11-01 19:50:33,523: process[map_server-1]: killing os process with pid[4512] pgid[4512]
[roslaunch][INFO] 2020-11-01 19:50:33,523: [amcl-3] sent SIGINT to pgid [4514]
[roslaunch][INFO] 2020-11-01 19:50:33,523: [rviz-2] sending SIGINT to pgid [4513]
[roslaunch][INFO] 2020-11-01 19:50:33,523: [map_server-1] sending SIGINT to pgid [4512]
[roslaunch][INFO] 2020-11-01 19:50:33,524: [rviz-2] sent SIGINT to pgid [4513]
[roslaunch][INFO] 2020-11-01 19:50:33,524: [map_server-1] sent SIGINT to pgid [4512]
[roslaunch][INFO] 2020-11-01 19:50:33,624: process[rviz-2]: SIGINT killed with return value 1
[roslaunch][INFO] 2020-11-01 19:50:33,724: process[map_server-1]: SIGINT killed with return value 0
[roslaunch][INFO] 2020-11-01 19:50:33,824: process[amcl-3]: SIGINT killed with return value 0
[roslaunch][INFO] 2020-11-01 19:50:34,024: process[move_base-4]: SIGINT killed with return value 0
[roslaunch.pmon][INFO] 2020-11-01 19:50:34,024: ProcessMonitor exit: cleaning up data structures and signals
[roslaunch.pmon][INFO] 2020-11-01 19:50:34,024: ProcessMonitor exit: pmon has shutdown
[roslaunch][INFO] 2020-11-01 19:50:34,048: process monitor is done spinning, initiating full shutdown
[roslaunch][INFO] 2020-11-01 19:50:34,048: runner.stop()
[roslaunch][INFO] 2020-11-01 19:50:34,048: shutting down processing monitor...
[roslaunch][INFO] 2020-11-01 19:50:34,048: shutting down processing monitor <ProcessMonitor(ProcessMonitor-1, stopped daemon 140513767331584)>
[roslaunch.pmon][INFO] 2020-11-01 19:50:34,048: ProcessMonitor.shutdown <ProcessMonitor(ProcessMonitor-1, stopped daemon 140513767331584)>
[roslaunch][INFO] 2020-11-01 19:50:34,048: ... shutting down processing monitor complete
[roslaunch][INFO] 2020-11-01 19:50:34,048: done
[roslaunch.pmon][INFO] 2020-11-01 19:50:34,048: ProcessMonitor.shutdown <ProcessMonitor(ProcessMonitor-1, stopped daemon 140513767331584)>
[rospy.core][INFO] 2020-11-01 19:50:34,048: signal_shutdown [atexit]
