22:50:17: Creating resource group General
22:50:17: Creating resource group Internal
22:50:17: Creating resource group Autodetect
22:50:17: SceneManagerFactory for type 'DefaultSceneManager' registered.
22:50:17: Registering ResourceManager for type Material
22:50:17: Registering ResourceManager for type Mesh
22:50:17: Registering ResourceManager for type Skeleton
22:50:17: MovableObjectFactory for type 'ParticleSystem' registered.
22:50:17: OverlayElementFactory for type Panel registered.
22:50:17: OverlayElementFactory for type BorderPanel registered.
22:50:17: OverlayElementFactory for type TextArea registered.
22:50:17: Registering ResourceManager for type Font
22:50:17: ArchiveFactory for archive type FileSystem registered.
22:50:17: ArchiveFactory for archive type Zip registered.
22:50:17: ArchiveFactory for archive type EmbeddedZip registered.
22:50:17: DDS codec registering
22:50:17: FreeImage version: 3.15.4
22:50:17: This program uses FreeImage, a free, open source image library supporting all common bitmap formats. See http://freeimage.sourceforge.net for details
22:50:17: Supported formats: bmp,ico,jpg,jif,jpeg,jpe,jng,koa,iff,lbm,mng,pbm,pbm,pcd,pcx,pgm,pgm,png,ppm,ppm,ras,tga,targa,tif,tiff,wap,wbmp,wbm,psd,cut,xbm,xpm,gif,hdr,g3,sgi,exr,j2k,j2c,jp2,pfm,pct,pict,pic,3fr,arw,bay,bmq,cap,cine,cr2,crw,cs1,dc2,dcr,drf,dsc,dng,erf,fff,ia,iiq,k25,kc2,kdc,mdc,mef,mos,mrw,nef,nrw,orf,pef,ptx,pxn,qtk,raf,raw,rdc,rw2,rwl,rwz,sr2,srf,srw,sti
22:50:17: Registering ResourceManager for type HighLevelGpuProgram
22:50:17: Registering ResourceManager for type Compositor
22:50:17: MovableObjectFactory for type 'Entity' registered.
22:50:17: MovableObjectFactory for type 'Light' registered.
22:50:17: MovableObjectFactory for type 'BillboardSet' registered.
22:50:17: MovableObjectFactory for type 'ManualObject' registered.
22:50:17: MovableObjectFactory for type 'BillboardChain' registered.
22:50:17: MovableObjectFactory for type 'RibbonTrail' registered.
22:50:17: OGRE EXCEPTION(6:FileNotFoundException): 'plugins.cfg' file not found! in ConfigFile::load at /build/buildd/ogre-1.8-1.8.1+dfsg/OgreMain/src/OgreConfigFile.cpp (line 88)
22:50:17: plugins.cfg not found, automatic plugin loading disabled.
22:50:17: *-*-* OGRE Initialising
22:50:17: *-*-* Version 1.8.1 (Byatis)
22:50:17: Loading library /usr/lib/x86_64-linux-gnu/OGRE-1.8.0/RenderSystem_GL.so
22:50:17: Installing plugin: GL RenderSystem
22:50:17: OpenGL Rendering Subsystem created.
22:50:17: Plugin successfully installed
22:50:17: Loading library /usr/lib/x86_64-linux-gnu/OGRE-1.8.0/Plugin_ParticleFX.so
22:50:17: Installing plugin: ParticleFX
22:50:17: Particle Emitter Type 'Point' registered
22:50:17: Particle Emitter Type 'Box' registered
22:50:17: Particle Emitter Type 'Ellipsoid' registered
22:50:17: Particle Emitter Type 'Cylinder' registered
22:50:17: Particle Emitter Type 'Ring' registered
22:50:17: Particle Emitter Type 'HollowEllipsoid' registered
22:50:17: Particle Affector Type 'LinearForce' registered
22:50:17: Particle Affector Type 'ColourFader' registered
22:50:17: Particle Affector Type 'ColourFader2' registered
22:50:17: Particle Affector Type 'ColourImage' registered
22:50:17: Particle Affector Type 'ColourInterpolator' registered
22:50:17: Particle Affector Type 'Scaler' registered
22:50:17: Particle Affector Type 'Rotator' registered
22:50:17: Particle Affector Type 'DirectionRandomiser' registered
22:50:17: Particle Affector Type 'DeflectorPlane' registered
22:50:17: Plugin successfully installed
22:50:17: Loading library /usr/lib/x86_64-linux-gnu/OGRE-1.8.0/Plugin_BSPSceneManager.so
22:50:17: Installing plugin: BSP Scene Manager
22:50:17: Plugin successfully installed
22:50:17: Loading library /usr/lib/x86_64-linux-gnu/OGRE-1.8.0/Plugin_OctreeSceneManager.so
22:50:17: Installing plugin: Octree Scene Manager
22:50:17: Plugin successfully installed
22:50:17: CPU Identifier & Features
22:50:17: -------------------------
22:50:17:  *   CPU ID: GenuineIntel: Intel(R) Core(TM) i5-4590S CPU @ 3.00GHz
22:50:17:  *      SSE: yes
22:50:17:  *     SSE2: yes
22:50:17:  *     SSE3: yes
22:50:17:  *      MMX: yes
22:50:17:  *   MMXEXT: yes
22:50:17:  *    3DNOW: no
22:50:17:  * 3DNOWEXT: no
22:50:17:  *     CMOV: yes
22:50:17:  *      TSC: yes
22:50:17:  *      FPU: yes
22:50:17:  *      PRO: yes
22:50:17:  *       HT: no
22:50:17: -------------------------
22:50:17: ******************************
*** Starting GLX Subsystem ***
******************************
22:50:17: Registering ResourceManager for type Texture
22:50:17: Added resource location '/usr/share/gazebo-2.2/' of type 'FileSystem' to resource group 'General'
22:50:17: Added resource location '/usr/share/gazebo-2.2/media' of type 'FileSystem' to resource group 'General'
22:50:17: Creating resource group SkyX
22:50:17: Added resource location '/usr/share/gazebo-2.2/media/skyx' of type 'FileSystem' to resource group 'SkyX'
22:50:17: Added resource location '/usr/share/gazebo-2.2/media/rtshaderlib' of type 'FileSystem' to resource group 'General'
22:50:17: Added resource location '/usr/share/gazebo-2.2/media/materials/programs' of type 'FileSystem' to resource group 'General'
22:50:17: Added resource location '/usr/share/gazebo-2.2/media/materials/scripts' of type 'FileSystem' to resource group 'General'
22:50:17: Added resource location '/usr/share/gazebo-2.2/media/materials/textures' of type 'FileSystem' to resource group 'General'
22:50:17: Added resource location '/usr/share/gazebo-2.2/media/media/models' of type 'FileSystem' to resource group 'General'
22:50:17: Creating resource group Fonts
22:50:17: Added resource location '/usr/share/gazebo-2.2/media/fonts' of type 'FileSystem' to resource group 'Fonts'
22:50:17: Creating resource group LookNFeel
22:50:17: Added resource location '/usr/share/gazebo-2.2/media/gui/looknfeel' of type 'FileSystem' to resource group 'LookNFeel'
22:50:17: Creating resource group Schemes
22:50:17: Added resource location '/usr/share/gazebo-2.2/media/gui/schemes' of type 'FileSystem' to resource group 'Schemes'
22:50:17: Creating resource group Imagesets
22:50:17: Added resource location '/usr/share/gazebo-2.2/media/gui/imagesets' of type 'FileSystem' to resource group 'Imagesets'
22:50:17: Added resource location '/usr/share/gazebo-2.2/media/gui/fonts' of type 'FileSystem' to resource group 'Fonts'
22:50:17: Creating resource group Layouts
22:50:17: Added resource location '/usr/share/gazebo-2.2/media/gui/layouts' of type 'FileSystem' to resource group 'Layouts'
22:50:17: Creating resource group Animations
22:50:17: Added resource location '/usr/share/gazebo-2.2/media/gui/animations' of type 'FileSystem' to resource group 'Animations'
22:50:17: Added resource location '/usr/share/gazebo-2.2/Media' of type 'FileSystem' to resource group 'General'
22:50:17: Added resource location '/usr/share/gazebo-2.2/Media/skyx' of type 'FileSystem' to resource group 'SkyX'
22:50:17: Added resource location '/usr/share/gazebo-2.2/Media/rtshaderlib' of type 'FileSystem' to resource group 'General'
22:50:17: Added resource location '/usr/share/gazebo-2.2/Media/materials/programs' of type 'FileSystem' to resource group 'General'
22:50:17: Added resource location '/usr/share/gazebo-2.2/Media/materials/scripts' of type 'FileSystem' to resource group 'General'
22:50:17: Added resource location '/usr/share/gazebo-2.2/Media/materials/textures' of type 'FileSystem' to resource group 'General'
22:50:17: Added resource location '/usr/share/gazebo-2.2/Media/media/models' of type 'FileSystem' to resource group 'General'
22:50:17: Added resource location '/usr/share/gazebo-2.2/Media/fonts' of type 'FileSystem' to resource group 'Fonts'
22:50:17: Added resource location '/usr/share/gazebo-2.2/Media/gui/looknfeel' of type 'FileSystem' to resource group 'LookNFeel'
22:50:17: Added resource location '/usr/share/gazebo-2.2/Media/gui/schemes' of type 'FileSystem' to resource group 'Schemes'
22:50:17: Added resource location '/usr/share/gazebo-2.2/Media/gui/imagesets' of type 'FileSystem' to resource group 'Imagesets'
22:50:17: Added resource location '/usr/share/gazebo-2.2/Media/gui/fonts' of type 'FileSystem' to resource group 'Fonts'
22:50:17: Added resource location '/usr/share/gazebo-2.2/Media/gui/layouts' of type 'FileSystem' to resource group 'Layouts'
22:50:17: Added resource location '/usr/share/gazebo-2.2/Media/gui/animations' of type 'FileSystem' to resource group 'Animations'
22:50:17: GLRenderSystem::_createRenderWindow "OgreWindow(0)", 1x1 windowed  miscParams: FSAA=4 externalGLControl= macAPI=carbon parentWindowHandle=62914561 
