[rospy.client][INFO] 2020-11-04 23:21:58,719: init_node, name[/check_odometry], pid[7517]
[xmlrpc][INFO] 2020-11-04 23:21:58,720: XML-RPC server binding to 0.0.0.0:0
[xmlrpc][INFO] 2020-11-04 23:21:58,720: Started XML-RPC server [http://freight1207:56630/]
[rospy.init][INFO] 2020-11-04 23:21:58,720: ROS Slave URI: [http://freight1207:56630/]
[rospy.impl.masterslave][INFO] 2020-11-04 23:21:58,720: _ready: http://freight1207:56630/
[xmlrpc][INFO] 2020-11-04 23:21:58,720: xml rpc node: starting XML-RPC server
[rospy.registration][INFO] 2020-11-04 23:21:58,721: Registering with master node http://localhost:11311
[rospy.init][INFO] 2020-11-04 23:21:58,820: registered with master
[rospy.rosout][INFO] 2020-11-04 23:21:58,820: initializing /rosout core topic
[rospy.rosout][INFO] 2020-11-04 23:21:58,822: connected to core topic /rosout
[rospy.simtime][INFO] 2020-11-04 23:21:58,823: /use_sim_time is not set, will not subscribe to simulated time [/clock] topic
[rospy.internal][INFO] 2020-11-04 23:21:58,836: topic[/sound_play/result] adding connection to [http://freight1207:40980/], count 0
[rospy.internal][INFO] 2020-11-04 23:21:58,837: topic[/sound_play/feedback] adding connection to [http://freight1207:40980/], count 0
[rospy.internal][INFO] 2020-11-04 23:21:58,837: topic[/sound_play/status] adding connection to [http://freight1207:40980/], count 0
[rospy.internal][INFO] 2020-11-04 23:21:58,852: topic[/robotsound] adding connection to [/sound_play], count 0
[rospy.internal][INFO] 2020-11-04 23:21:58,852: topic[/sound_play/cancel] adding connection to [/sound_play], count 0
[rospy.internal][INFO] 2020-11-04 23:21:58,853: topic[/sound_play/goal] adding connection to [/sound_play], count 0
[rospy.internal][INFO] 2020-11-04 23:21:59,048: topic[/rosout] adding connection to [/rosout], count 0
[rospy.internal][INFO] 2020-11-04 23:22:00,840: topic[/odom] adding connection to [http://freight1207:35103/], count 0
[rospy.core][INFO] 2020-11-04 23:22:05,279: signal_shutdown [signal-2]
[rospy.internal][INFO] 2020-11-04 23:22:05,282: topic[/sound_play/cancel] removing connection to /sound_play
[rospy.internal][INFO] 2020-11-04 23:22:05,282: topic[/sound_play/goal] removing connection to /sound_play
[rospy.internal][INFO] 2020-11-04 23:22:05,283: topic[/rosout] removing connection to /rosout
[rospy.internal][INFO] 2020-11-04 23:22:05,283: topic[/robotsound] removing connection to /sound_play
[rospy.internal][INFO] 2020-11-04 23:22:05,283: topic[/sound_play/result] removing connection to http://freight1207:40980/
[rospy.internal][INFO] 2020-11-04 23:22:05,283: topic[/odom] removing connection to http://freight1207:35103/
[rospy.internal][INFO] 2020-11-04 23:22:05,283: topic[/sound_play/status] removing connection to http://freight1207:40980/
[rospy.internal][INFO] 2020-11-04 23:22:05,284: topic[/sound_play/feedback] removing connection to http://freight1207:40980/
[rospy.impl.masterslave][INFO] 2020-11-04 23:22:05,284: signal-2
[rospy.internal][ERROR] 2020-11-04 23:22:05,284: Traceback (most recent call last):
  File "/opt/ros/indigo/lib/python2.7/dist-packages/rospy/impl/tcpros_base.py", line 698, in receive_once
    self.stat_bytes += recv_buff(sock, b, p.buff_size)
  File "/opt/ros/indigo/lib/python2.7/dist-packages/rospy/impl/tcpros_base.py", line 103, in recv_buff
    d = sock.recv(buff_size)
error: [Errno 104] Connection reset by peer

[rospy.core][INFO] 2020-11-04 23:22:05,416: signal_shutdown [atexit]
[rospy.client][INFO] 2020-11-04 23:23:03,323: init_node, name[/check_odometry], pid[8607]
[xmlrpc][INFO] 2020-11-04 23:23:03,324: XML-RPC server binding to 0.0.0.0:0
[xmlrpc][INFO] 2020-11-04 23:23:03,324: Started XML-RPC server [http://freight1207:57501/]
[rospy.impl.masterslave][INFO] 2020-11-04 23:23:03,324: _ready: http://freight1207:57501/
[rospy.init][INFO] 2020-11-04 23:23:03,324: ROS Slave URI: [http://freight1207:57501/]
[xmlrpc][INFO] 2020-11-04 23:23:03,324: xml rpc node: starting XML-RPC server
[rospy.registration][INFO] 2020-11-04 23:23:03,325: Registering with master node http://localhost:11311
[rospy.init][INFO] 2020-11-04 23:23:03,425: registered with master
[rospy.rosout][INFO] 2020-11-04 23:23:03,425: initializing /rosout core topic
[rospy.rosout][INFO] 2020-11-04 23:23:03,426: connected to core topic /rosout
[rospy.simtime][INFO] 2020-11-04 23:23:03,427: /use_sim_time is not set, will not subscribe to simulated time [/clock] topic
[rospy.internal][INFO] 2020-11-04 23:23:03,440: topic[/sound_play/feedback] adding connection to [http://freight1207:40980/], count 0
[rospy.internal][INFO] 2020-11-04 23:23:03,440: topic[/sound_play/result] adding connection to [http://freight1207:40980/], count 0
[rospy.internal][INFO] 2020-11-04 23:23:03,441: topic[/sound_play/status] adding connection to [http://freight1207:40980/], count 0
[rospy.internal][INFO] 2020-11-04 23:23:03,486: topic[/robotsound] adding connection to [/sound_play], count 0
[rospy.internal][INFO] 2020-11-04 23:23:03,487: topic[/sound_play/goal] adding connection to [/sound_play], count 0
[rospy.internal][INFO] 2020-11-04 23:23:03,487: topic[/sound_play/cancel] adding connection to [/sound_play], count 0
[rospy.internal][INFO] 2020-11-04 23:23:03,642: topic[/rosout] adding connection to [/rosout], count 0
[rospy.internal][INFO] 2020-11-04 23:23:05,441: topic[/odom] adding connection to [http://freight1207:35103/], count 0
[rospy.core][INFO] 2020-11-04 23:23:07,986: signal_shutdown [signal-2]
[rospy.internal][INFO] 2020-11-04 23:23:07,988: topic[/sound_play/cancel] removing connection to /sound_play
[rospy.internal][INFO] 2020-11-04 23:23:07,989: topic[/sound_play/goal] removing connection to /sound_play
[rospy.internal][INFO] 2020-11-04 23:23:07,989: topic[/rosout] removing connection to /rosout
[rospy.internal][INFO] 2020-11-04 23:23:07,989: topic[/robotsound] removing connection to /sound_play
[rospy.internal][INFO] 2020-11-04 23:23:07,989: topic[/sound_play/result] removing connection to http://freight1207:40980/
[rospy.internal][INFO] 2020-11-04 23:23:07,990: topic[/odom] removing connection to http://freight1207:35103/
[rospy.internal][INFO] 2020-11-04 23:23:07,990: topic[/sound_play/status] removing connection to http://freight1207:40980/
[rospy.internal][ERROR] 2020-11-04 23:23:07,990: Traceback (most recent call last):
  File "/opt/ros/indigo/lib/python2.7/dist-packages/rospy/impl/tcpros_base.py", line 698, in receive_once
    self.stat_bytes += recv_buff(sock, b, p.buff_size)
  File "/opt/ros/indigo/lib/python2.7/dist-packages/rospy/impl/tcpros_base.py", line 103, in recv_buff
    d = sock.recv(buff_size)
error: [Errno 104] Connection reset by peer

[rospy.internal][WARNING] 2020-11-04 23:23:07,990: Unknown error initiating TCP/IP socket to freight1207:40168 (http://freight1207:40980/): Traceback (most recent call last):
  File "/opt/ros/indigo/lib/python2.7/dist-packages/rospy/impl/tcpros_base.py", line 557, in connect
    self.read_header()
  File "/opt/ros/indigo/lib/python2.7/dist-packages/rospy/impl/tcpros_base.py", line 619, in read_header
    self._validate_header(read_ros_handshake_header(sock, self.read_buff, self.protocol.buff_size))
AttributeError: 'NoneType' object has no attribute 'buff_size'

[rospy.topics][ERROR] 2020-11-04 23:23:07,990: Traceback (most recent call last):
  File "/opt/ros/indigo/lib/python2.7/dist-packages/rospy/topics.py", line 307, in close
    c.close()
  File "/opt/ros/indigo/lib/python2.7/dist-packages/rospy/impl/tcpros_base.py", line 807, in close
    self.socket.close()
AttributeError: 'NoneType' object has no attribute 'close'

[rospy.internal][INFO] 2020-11-04 23:23:07,991: topic[/sound_play/feedback] removing connection to http://freight1207:40980/
[rospy.impl.masterslave][INFO] 2020-11-04 23:23:07,991: signal-2
[rospy.core][INFO] 2020-11-04 23:23:08,106: signal_shutdown [atexit]
