[rospy.client][INFO] 2020-11-04 23:22:18,859: init_node, name[/rostful_server], pid[7711]
[xmlrpc][INFO] 2020-11-04 23:22:18,859: XML-RPC server binding to 0.0.0.0:0
[xmlrpc][INFO] 2020-11-04 23:22:18,859: Started XML-RPC server [http://freight1207:48555/]
[rospy.init][INFO] 2020-11-04 23:22:18,859: ROS Slave URI: [http://freight1207:48555/]
[rospy.impl.masterslave][INFO] 2020-11-04 23:22:18,860: _ready: http://freight1207:48555/
[xmlrpc][INFO] 2020-11-04 23:22:18,860: xml rpc node: starting XML-RPC server
[rospy.registration][INFO] 2020-11-04 23:22:18,860: Registering with master node http://localhost:11311
[rospy.init][INFO] 2020-11-04 23:22:18,960: registered with master
[rospy.rosout][INFO] 2020-11-04 23:22:18,960: initializing /rosout core topic
[rospy.rosout][INFO] 2020-11-04 23:22:18,962: connected to core topic /rosout
[rospy.simtime][INFO] 2020-11-04 23:22:18,962: /use_sim_time is not set, will not subscribe to simulated time [/clock] topic
[rosout][WARNING] 2020-11-04 23:22:18,966: rostful_server: Delaying the start 1 seconds
[rospy.internal][INFO] 2020-11-04 23:22:19,178: topic[/rosout] adding connection to [/rosout], count 0
[rospy.internal][INFO] 2020-11-04 23:22:20,026: topic[/enable_software_runstop] adding connection to [http://freight1207:48555/], count 0
[rospy.internal][INFO] 2020-11-04 23:22:20,027: topic[/enable_software_runstop] adding connection to [/rostful_server], count 0
[rospy.internal][INFO] 2020-11-04 23:22:20,054: topic[/enable_software_runstop] adding connection to [/software_runstop], count 1
[rosout][INFO] 2020-11-04 23:22:20,065: rostful_server: Started server on port 8080
[rosout][INFO] 2020-11-04 23:23:23,805: rostful_server: Shutting down the server
[rospy.core][INFO] 2020-11-04 23:23:23,805: signal_shutdown [Closing]
[rospy.internal][INFO] 2020-11-04 23:23:23,807: topic[/enable_software_runstop] removing connection to /rostful_server
[rospy.internal][INFO] 2020-11-04 23:23:23,807: topic[/enable_software_runstop] removing connection to /software_runstop
[rospy.internal][INFO] 2020-11-04 23:23:23,808: topic[/rosout] removing connection to /rosout
[rospy.internal][INFO] 2020-11-04 23:23:23,808: topic[/enable_software_runstop] removing connection to http://freight1207:48555/
[rospy.impl.masterslave][INFO] 2020-11-04 23:23:23,808: Closing
[rospy.internal][ERROR] 2020-11-04 23:23:23,808: Unable to initiate TCP/IP socket to freight1207:59285 (http://freight1207:48555/): Traceback (most recent call last):
  File "/opt/ros/indigo/lib/python2.7/dist-packages/rospy/impl/tcpros_base.py", line 557, in connect
    self.read_header()
  File "/opt/ros/indigo/lib/python2.7/dist-packages/rospy/impl/tcpros_base.py", line 619, in read_header
    self._validate_header(read_ros_handshake_header(sock, self.read_buff, self.protocol.buff_size))
  File "/opt/ros/indigo/lib/python2.7/dist-packages/rospy/impl/tcpros_base.py", line 580, in _validate_header
    raise TransportInitError("remote error reported: %s"%header['error'])
TransportInitError: remote error reported: node shutting down

[rospy.core][INFO] 2020-11-04 23:23:23,972: signal_shutdown [atexit]
[rospy.client][INFO] 2020-11-04 23:23:26,175: init_node, name[/rostful_server], pid[8778]
[xmlrpc][INFO] 2020-11-04 23:23:26,176: XML-RPC server binding to 0.0.0.0:0
[xmlrpc][INFO] 2020-11-04 23:23:26,176: Started XML-RPC server [http://freight1207:52214/]
[rospy.init][INFO] 2020-11-04 23:23:26,176: ROS Slave URI: [http://freight1207:52214/]
[rospy.impl.masterslave][INFO] 2020-11-04 23:23:26,176: _ready: http://freight1207:52214/
[xmlrpc][INFO] 2020-11-04 23:23:26,176: xml rpc node: starting XML-RPC server
[rospy.registration][INFO] 2020-11-04 23:23:26,177: Registering with master node http://localhost:11311
[rospy.init][INFO] 2020-11-04 23:23:26,276: registered with master
[rospy.rosout][INFO] 2020-11-04 23:23:26,276: initializing /rosout core topic
[rospy.rosout][INFO] 2020-11-04 23:23:26,278: connected to core topic /rosout
[rospy.simtime][INFO] 2020-11-04 23:23:26,279: /use_sim_time is not set, will not subscribe to simulated time [/clock] topic
[rosout][WARNING] 2020-11-04 23:23:26,283: rostful_server: Delaying the start 1 seconds
[rospy.internal][INFO] 2020-11-04 23:23:26,528: topic[/rosout] adding connection to [/rosout], count 0
[rospy.internal][INFO] 2020-11-04 23:23:27,332: topic[/enable_software_runstop] adding connection to [/software_runstop], count 0
[rospy.internal][INFO] 2020-11-04 23:23:27,345: topic[/current/pose] adding connection to [http://freight1207:52214/], count 0
[rospy.internal][INFO] 2020-11-04 23:23:27,345: topic[/current/pose] adding connection to [http://freight1207:34504/], count 0
[rospy.internal][INFO] 2020-11-04 23:23:27,346: topic[/local_control/cancel] adding connection to [http://freight1207:52214/], count 0
[rospy.internal][INFO] 2020-11-04 23:23:27,348: topic[/enable_software_runstop] adding connection to [http://freight1207:52214/], count 0
[rospy.internal][INFO] 2020-11-04 23:23:27,348: topic[/current/pose] adding connection to [/rostful_server], count 0
[rospy.internal][INFO] 2020-11-04 23:23:27,349: topic[/local_control/initialpose] adding connection to [http://freight1207:52214/], count 0
[rospy.internal][INFO] 2020-11-04 23:23:27,350: topic[/local_control/goto] adding connection to [http://freight1207:52214/], count 0
[rospy.internal][INFO] 2020-11-04 23:23:27,351: topic[/local_control/cancel] adding connection to [/rostful_server], count 0
[rospy.internal][INFO] 2020-11-04 23:23:27,352: topic[/enable_software_runstop] adding connection to [/rostful_server], count 1
[rospy.internal][INFO] 2020-11-04 23:23:27,352: topic[/local_control/initialpose] adding connection to [/rostful_server], count 0
[rospy.internal][INFO] 2020-11-04 23:23:27,352: topic[/local_control/goto] adding connection to [/rostful_server], count 0
[rosout][INFO] 2020-11-04 23:23:27,356: rostful_server: Started server on port 8080
[rospy.internal][INFO] 2020-11-04 23:23:27,530: topic[/local_control/cancel] adding connection to [/local_control_navigation], count 1
[rospy.internal][INFO] 2020-11-04 23:23:27,530: topic[/local_control/goto] adding connection to [/local_control_navigation], count 1
[rospy.internal][INFO] 2020-11-04 23:23:27,531: topic[/local_control/initialpose] adding connection to [/local_control_initialpose], count 1
[rosout][WARNING] 2020-11-04 23:23:29,888: publishing data: True to topic /local_control/cancel
[rosout][WARNING] 2020-11-04 23:23:45,445: publishing data: True to topic /local_control/cancel
[rosout][WARNING] 2020-11-04 23:24:02,065: publishing data: True to topic /local_control/cancel
[rospy.internal][WARNING] 2020-11-04 23:24:49,748: Unknown error initiating TCP/IP socket to freight1207:59536 (http://freight1207:34504/): Traceback (most recent call last):
  File "/opt/ros/indigo/lib/python2.7/dist-packages/rospy/impl/tcpros_base.py", line 557, in connect
    self.read_header()
  File "/opt/ros/indigo/lib/python2.7/dist-packages/rospy/impl/tcpros_base.py", line 619, in read_header
    self._validate_header(read_ros_handshake_header(sock, self.read_buff, self.protocol.buff_size))
  File "/opt/ros/indigo/lib/python2.7/dist-packages/rosgraph/network.py", line 363, in read_ros_handshake_header
    d = sock.recv(buff_size)
error: [Errno 104] Connection reset by peer

[rospy.internal][INFO] 2020-11-04 23:24:49,749: topic[/current/pose] removing connection to http://freight1207:34504/
