[rospy.client][INFO] 2020-11-04 22:52:43,759: init_node, name[/rostful_server], pid[5152]
[xmlrpc][INFO] 2020-11-04 22:52:43,759: XML-RPC server binding to 0.0.0.0:0
[xmlrpc][INFO] 2020-11-04 22:52:43,760: Started XML-RPC server [http://freight1207:43016/]
[rospy.impl.masterslave][INFO] 2020-11-04 22:52:43,760: _ready: http://freight1207:43016/
[rospy.init][INFO] 2020-11-04 22:52:43,760: ROS Slave URI: [http://freight1207:43016/]
[xmlrpc][INFO] 2020-11-04 22:52:43,760: xml rpc node: starting XML-RPC server
[rospy.registration][INFO] 2020-11-04 22:52:43,760: Registering with master node http://localhost:11311
[rospy.init][INFO] 2020-11-04 22:52:43,860: registered with master
[rospy.rosout][INFO] 2020-11-04 22:52:43,860: initializing /rosout core topic
[rospy.rosout][INFO] 2020-11-04 22:52:43,862: connected to core topic /rosout
[rospy.simtime][INFO] 2020-11-04 22:52:43,863: /use_sim_time is not set, will not subscribe to simulated time [/clock] topic
[rosout][WARNING] 2020-11-04 22:52:43,867: rostful_server: Delaying the start 1 seconds
[rospy.internal][INFO] 2020-11-04 22:52:44,064: topic[/rosout] adding connection to [/rosout], count 0
[rospy.internal][INFO] 2020-11-04 22:52:44,926: topic[/enable_software_runstop] adding connection to [http://freight1207:43016/], count 0
[rosout][INFO] 2020-11-04 22:52:44,927: rostful_server: Started server on port 8080
[rospy.internal][INFO] 2020-11-04 22:52:44,927: topic[/enable_software_runstop] adding connection to [/rostful_server], count 0
[rospy.internal][INFO] 2020-11-04 22:52:45,011: topic[/enable_software_runstop] adding connection to [/software_runstop], count 1
[rosout][INFO] 2020-11-04 22:53:37,773: rostful_server: Shutting down the server
[rospy.core][INFO] 2020-11-04 22:53:37,774: signal_shutdown [Closing]
[rospy.internal][INFO] 2020-11-04 22:53:37,776: topic[/enable_software_runstop] removing connection to /rostful_server
[rospy.internal][INFO] 2020-11-04 22:53:37,776: topic[/enable_software_runstop] removing connection to /software_runstop
[rospy.internal][INFO] 2020-11-04 22:53:37,776: topic[/rosout] removing connection to /rosout
[rospy.internal][INFO] 2020-11-04 22:53:37,776: topic[/enable_software_runstop] removing connection to http://freight1207:43016/
[rospy.impl.masterslave][INFO] 2020-11-04 22:53:37,776: Closing
[rospy.internal][ERROR] 2020-11-04 22:53:37,777: Unable to initiate TCP/IP socket to freight1207:59858 (http://freight1207:43016/): Traceback (most recent call last):
  File "/opt/ros/indigo/lib/python2.7/dist-packages/rospy/impl/tcpros_base.py", line 557, in connect
    self.read_header()
  File "/opt/ros/indigo/lib/python2.7/dist-packages/rospy/impl/tcpros_base.py", line 619, in read_header
    self._validate_header(read_ros_handshake_header(sock, self.read_buff, self.protocol.buff_size))
  File "/opt/ros/indigo/lib/python2.7/dist-packages/rospy/impl/tcpros_base.py", line 580, in _validate_header
    raise TransportInitError("remote error reported: %s"%header['error'])
TransportInitError: remote error reported: node shutting down

[rospy.core][INFO] 2020-11-04 22:53:37,908: signal_shutdown [atexit]
[rospy.client][INFO] 2020-11-04 22:53:43,616: init_node, name[/rostful_server], pid[5811]
[xmlrpc][INFO] 2020-11-04 22:53:43,616: XML-RPC server binding to 0.0.0.0:0
[xmlrpc][INFO] 2020-11-04 22:53:43,616: Started XML-RPC server [http://freight1207:39291/]
[rospy.init][INFO] 2020-11-04 22:53:43,616: ROS Slave URI: [http://freight1207:39291/]
[rospy.impl.masterslave][INFO] 2020-11-04 22:53:43,617: _ready: http://freight1207:39291/
[xmlrpc][INFO] 2020-11-04 22:53:43,617: xml rpc node: starting XML-RPC server
[rospy.registration][INFO] 2020-11-04 22:53:43,617: Registering with master node http://localhost:11311
[rospy.init][INFO] 2020-11-04 22:53:43,717: registered with master
[rospy.rosout][INFO] 2020-11-04 22:53:43,717: initializing /rosout core topic
[rospy.rosout][INFO] 2020-11-04 22:53:43,719: connected to core topic /rosout
[rospy.simtime][INFO] 2020-11-04 22:53:43,719: /use_sim_time is not set, will not subscribe to simulated time [/clock] topic
[rosout][WARNING] 2020-11-04 22:53:43,723: rostful_server: Delaying the start 1 seconds
[rospy.internal][INFO] 2020-11-04 22:53:43,943: topic[/rosout] adding connection to [/rosout], count 0
[rospy.internal][INFO] 2020-11-04 22:53:44,785: topic[/current/pose] adding connection to [http://freight1207:49207/], count 0
[rospy.internal][INFO] 2020-11-04 22:53:44,787: topic[/enable_software_runstop] adding connection to [http://freight1207:39291/], count 0
[rospy.internal][INFO] 2020-11-04 22:53:44,789: topic[/current/pose] adding connection to [http://freight1207:39291/], count 1
[rospy.internal][INFO] 2020-11-04 22:53:44,790: topic[/local_control/cancel] adding connection to [http://freight1207:39291/], count 0
[rospy.internal][INFO] 2020-11-04 22:53:44,791: topic[/enable_software_runstop] adding connection to [/rostful_server], count 0
[rospy.internal][INFO] 2020-11-04 22:53:44,791: topic[/local_control/initialpose] adding connection to [http://freight1207:39291/], count 0
[rospy.internal][INFO] 2020-11-04 22:53:44,791: topic[/current/pose] adding connection to [/rostful_server], count 0
[rospy.internal][INFO] 2020-11-04 22:53:44,792: topic[/local_control/goto] adding connection to [http://freight1207:39291/], count 0
[rospy.internal][INFO] 2020-11-04 22:53:44,792: topic[/local_control/cancel] adding connection to [/rostful_server], count 0
[rospy.internal][INFO] 2020-11-04 22:53:44,793: topic[/local_control/initialpose] adding connection to [/rostful_server], count 0
[rospy.internal][INFO] 2020-11-04 22:53:44,793: topic[/local_control/goto] adding connection to [/rostful_server], count 0
[rosout][INFO] 2020-11-04 22:53:44,796: rostful_server: Started server on port 8080
[rospy.internal][INFO] 2020-11-04 22:53:44,888: topic[/enable_software_runstop] adding connection to [/software_runstop], count 1
[rospy.internal][INFO] 2020-11-04 22:53:44,944: topic[/local_control/initialpose] adding connection to [/local_control_initialpose], count 1
[rospy.internal][INFO] 2020-11-04 22:53:44,945: topic[/local_control/cancel] adding connection to [/local_control_navigation], count 1
[rospy.internal][INFO] 2020-11-04 22:53:44,945: topic[/local_control/goto] adding connection to [/local_control_navigation], count 1
[rosout][WARNING] 2020-11-04 22:53:50,190: publishing header: 
  seq: 0
  stamp: 
    secs: 0
    nsecs:         0
  frame_id: ''
goals: 
  - 
    locationX: -10.36
    locationY: -3.52
    orientation: 0.23
  - 
    locationX: -9.22
    locationY: -3.04
    orientation: 0.201 to topic /local_control/goto
[rosout][WARNING] 2020-11-04 22:54:05,508: publishing header: 
  seq: 0
  stamp: 
    secs: 0
    nsecs:         0
  frame_id: ''
goals: 
  - 
    locationX: -10.36
    locationY: -3.52
    orientation: 0.23
  - 
    locationX: -9.22
    locationY: -3.04
    orientation: 0.201 to topic /local_control/goto
[rosout][WARNING] 2020-11-04 22:55:20,617: publishing header: 
  seq: 0
  stamp: 
    secs: 0
    nsecs:         0
  frame_id: ''
goals: 
  - 
    locationX: -10.36
    locationY: -3.52
    orientation: 0.23
  - 
    locationX: -9.22
    locationY: -3.04
    orientation: 0.201 to topic /local_control/goto
[rosout][WARNING] 2020-11-04 22:55:32,567: publishing header: 
  seq: 0
  stamp: 
    secs: 0
    nsecs:         0
  frame_id: ''
goals: 
  - 
    locationX: -10.36
    locationY: -3.52
    orientation: 0.23
  - 
    locationX: -9.22
    locationY: -3.04
    orientation: 0.201 to topic /local_control/goto
[rosout][WARNING] 2020-11-04 22:55:40,780: publishing header: 
  seq: 0
  stamp: 
    secs: 0
    nsecs:         0
  frame_id: ''
goals: 
  - 
    locationX: -10.36
    locationY: -3.52
    orientation: 0.23
  - 
    locationX: -9.22
    locationY: -3.04
    orientation: 0.201 to topic /local_control/goto
[rosout][WARNING] 2020-11-04 22:55:45,461: publishing header: 
  seq: 0
  stamp: 
    secs: 0
    nsecs:         0
  frame_id: ''
goals: 
  - 
    locationX: -10.36
    locationY: -3.52
    orientation: 0.23
  - 
    locationX: -9.22
    locationY: -3.04
    orientation: 0.201 to topic /local_control/goto
[rosout][WARNING] 2020-11-04 22:55:51,933: publishing header: 
  seq: 0
  stamp: 
    secs: 0
    nsecs:         0
  frame_id: ''
goals: 
  - 
    locationX: -10.36
    locationY: -3.52
    orientation: 0.23
  - 
    locationX: -9.22
    locationY: -3.04
    orientation: 0.201 to topic /local_control/goto
[rosout][WARNING] 2020-11-04 22:55:55,314: publishing header: 
  seq: 0
  stamp: 
    secs: 0
    nsecs:         0
  frame_id: ''
goals: 
  - 
    locationX: -10.36
    locationY: -3.52
    orientation: 0.23
  - 
    locationX: -9.22
    locationY: -3.04
    orientation: 0.201 to topic /local_control/goto
[rosout][WARNING] 2020-11-04 22:55:57,025: publishing header: 
  seq: 0
  stamp: 
    secs: 0
    nsecs:         0
  frame_id: ''
goals: 
  - 
    locationX: -10.36
    locationY: -3.52
    orientation: 0.23
  - 
    locationX: -9.22
    locationY: -3.04
    orientation: 0.201 to topic /local_control/goto
[rosout][WARNING] 2020-11-04 22:55:59,201: publishing header: 
  seq: 0
  stamp: 
    secs: 0
    nsecs:         0
  frame_id: ''
goals: 
  - 
    locationX: -10.36
    locationY: -3.52
    orientation: 0.23
  - 
    locationX: -9.22
    locationY: -3.04
    orientation: 0.201 to topic /local_control/goto
[rosout][WARNING] 2020-11-04 22:56:00,820: publishing header: 
  seq: 0
  stamp: 
    secs: 0
    nsecs:         0
  frame_id: ''
goals: 
  - 
    locationX: -10.36
    locationY: -3.52
    orientation: 0.23
  - 
    locationX: -9.22
    locationY: -3.04
    orientation: 0.201 to topic /local_control/goto
[rosout][WARNING] 2020-11-04 22:56:01,984: publishing header: 
  seq: 0
  stamp: 
    secs: 0
    nsecs:         0
  frame_id: ''
goals: 
  - 
    locationX: -10.36
    locationY: -3.52
    orientation: 0.23
  - 
    locationX: -9.22
    locationY: -3.04
    orientation: 0.201 to topic /local_control/goto
[rosout][WARNING] 2020-11-04 22:56:02,970: publishing header: 
  seq: 0
  stamp: 
    secs: 0
    nsecs:         0
  frame_id: ''
goals: 
  - 
    locationX: -10.36
    locationY: -3.52
    orientation: 0.23
  - 
    locationX: -9.22
    locationY: -3.04
    orientation: 0.201 to topic /local_control/goto
[rosout][WARNING] 2020-11-04 22:56:03,923: publishing header: 
  seq: 0
  stamp: 
    secs: 0
    nsecs:         0
  frame_id: ''
goals: 
  - 
    locationX: -10.36
    locationY: -3.52
    orientation: 0.23
  - 
    locationX: -9.22
    locationY: -3.04
    orientation: 0.201 to topic /local_control/goto
[rosout][WARNING] 2020-11-04 22:56:04,857: publishing header: 
  seq: 0
  stamp: 
    secs: 0
    nsecs:         0
  frame_id: ''
goals: 
  - 
    locationX: -10.36
    locationY: -3.52
    orientation: 0.23
  - 
    locationX: -9.22
    locationY: -3.04
    orientation: 0.201 to topic /local_control/goto
[rosout][WARNING] 2020-11-04 22:56:05,590: publishing header: 
  seq: 0
  stamp: 
    secs: 0
    nsecs:         0
  frame_id: ''
goals: 
  - 
    locationX: -10.36
    locationY: -3.52
    orientation: 0.23
  - 
    locationX: -9.22
    locationY: -3.04
    orientation: 0.201 to topic /local_control/goto
[rosout][WARNING] 2020-11-04 22:56:06,466: publishing header: 
  seq: 0
  stamp: 
    secs: 0
    nsecs:         0
  frame_id: ''
goals: 
  - 
    locationX: -10.36
    locationY: -3.52
    orientation: 0.23
  - 
    locationX: -9.22
    locationY: -3.04
    orientation: 0.201 to topic /local_control/goto
[rosout][WARNING] 2020-11-04 22:56:07,439: publishing header: 
  seq: 0
  stamp: 
    secs: 0
    nsecs:         0
  frame_id: ''
goals: 
  - 
    locationX: -10.36
    locationY: -3.52
    orientation: 0.23
  - 
    locationX: -9.22
    locationY: -3.04
    orientation: 0.201 to topic /local_control/goto
[rosout][WARNING] 2020-11-04 22:56:15,228: publishing header: 
  seq: 0
  stamp: 
    secs: 0
    nsecs:         0
  frame_id: ''
goals: 
  - 
    locationX: -10.36
    locationY: -3.52
    orientation: 0.23
  - 
    locationX: -9.22
    locationY: -3.04
    orientation: 0.201 to topic /local_control/goto
[rosout][WARNING] 2020-11-04 22:56:16,500: publishing header: 
  seq: 0
  stamp: 
    secs: 0
    nsecs:         0
  frame_id: ''
goals: 
  - 
    locationX: -10.36
    locationY: -3.52
    orientation: 0.23
  - 
    locationX: -9.22
    locationY: -3.04
    orientation: 0.201 to topic /local_control/goto
[rosout][WARNING] 2020-11-04 22:56:17,534: publishing header: 
  seq: 0
  stamp: 
    secs: 0
    nsecs:         0
  frame_id: ''
goals: 
  - 
    locationX: -10.36
    locationY: -3.52
    orientation: 0.23
  - 
    locationX: -9.22
    locationY: -3.04
    orientation: 0.201 to topic /local_control/goto
[rosout][WARNING] 2020-11-04 22:56:18,469: publishing header: 
  seq: 0
  stamp: 
    secs: 0
    nsecs:         0
  frame_id: ''
goals: 
  - 
    locationX: -10.36
    locationY: -3.52
    orientation: 0.23
  - 
    locationX: -9.22
    locationY: -3.04
    orientation: 0.201 to topic /local_control/goto
[rosout][WARNING] 2020-11-04 22:56:20,226: publishing header: 
  seq: 0
  stamp: 
    secs: 0
    nsecs:         0
  frame_id: ''
goals: 
  - 
    locationX: -10.36
    locationY: -3.52
    orientation: 0.23
  - 
    locationX: -9.22
    locationY: -3.04
    orientation: 0.201 to topic /local_control/goto
[rosout][WARNING] 2020-11-04 22:56:21,056: publishing header: 
  seq: 0
  stamp: 
    secs: 0
    nsecs:         0
  frame_id: ''
goals: 
  - 
    locationX: -10.36
    locationY: -3.52
    orientation: 0.23
  - 
    locationX: -9.22
    locationY: -3.04
    orientation: 0.201 to topic /local_control/goto
[rosout][WARNING] 2020-11-04 22:56:21,701: publishing header: 
  seq: 0
  stamp: 
    secs: 0
    nsecs:         0
  frame_id: ''
goals: 
  - 
    locationX: -10.36
    locationY: -3.52
    orientation: 0.23
  - 
    locationX: -9.22
    locationY: -3.04
    orientation: 0.201 to topic /local_control/goto
[rosout][WARNING] 2020-11-04 22:56:22,341: publishing header: 
  seq: 0
  stamp: 
    secs: 0
    nsecs:         0
  frame_id: ''
goals: 
  - 
    locationX: -10.36
    locationY: -3.52
    orientation: 0.23
  - 
    locationX: -9.22
    locationY: -3.04
    orientation: 0.201 to topic /local_control/goto
[rosout][WARNING] 2020-11-04 22:56:27,854: publishing header: 
  seq: 0
  stamp: 
    secs: 0
    nsecs:         0
  frame_id: ''
goals: 
  - 
    locationX: -10.36
    locationY: -3.52
    orientation: 0.23
  - 
    locationX: -9.22
    locationY: -3.04
    orientation: 0.201 to topic /local_control/goto
[rosout][WARNING] 2020-11-04 22:56:28,131: publishing header: 
  seq: 0
  stamp: 
    secs: 0
    nsecs:         0
  frame_id: ''
goals: 
  - 
    locationX: -10.36
    locationY: -3.52
    orientation: 0.23
  - 
    locationX: -9.22
    locationY: -3.04
    orientation: 0.201 to topic /local_control/goto
[rosout][WARNING] 2020-11-04 22:56:28,439: publishing header: 
  seq: 0
  stamp: 
    secs: 0
    nsecs:         0
  frame_id: ''
goals: 
  - 
    locationX: -10.36
    locationY: -3.52
    orientation: 0.23
  - 
    locationX: -9.22
    locationY: -3.04
    orientation: 0.201 to topic /local_control/goto
[rosout][WARNING] 2020-11-04 22:56:28,774: publishing header: 
  seq: 0
  stamp: 
    secs: 0
    nsecs:         0
  frame_id: ''
goals: 
  - 
    locationX: -10.36
    locationY: -3.52
    orientation: 0.23
  - 
    locationX: -9.22
    locationY: -3.04
    orientation: 0.201 to topic /local_control/goto
