[rospy.client][INFO] 2018-12-15 19:09:35,641: init_node, name[/rostful_server], pid[3162]
[xmlrpc][INFO] 2018-12-15 19:09:35,642: XML-RPC server binding to 0.0.0.0:0
[xmlrpc][INFO] 2018-12-15 19:09:35,642: Started XML-RPC server [http://freight1207:60122/]
[rospy.init][INFO] 2018-12-15 19:09:35,642: ROS Slave URI: [http://freight1207:60122/]
[rospy.impl.masterslave][INFO] 2018-12-15 19:09:35,642: _ready: http://freight1207:60122/
[xmlrpc][INFO] 2018-12-15 19:09:35,642: xml rpc node: starting XML-RPC server
[rospy.registration][INFO] 2018-12-15 19:09:35,643: Registering with master node http://localhost:11311
[rospy.init][INFO] 2018-12-15 19:09:35,742: registered with master
[rospy.rosout][INFO] 2018-12-15 19:09:35,742: initializing /rosout core topic
[rospy.rosout][INFO] 2018-12-15 19:09:35,744: connected to core topic /rosout
[rospy.simtime][INFO] 2018-12-15 19:09:35,745: /use_sim_time is not set, will not subscribe to simulated time [/clock] topic
[rosout][WARNING] 2018-12-15 19:09:35,749: rostful_server: Delaying the start 1 seconds
[rospy.internal][INFO] 2018-12-15 19:09:35,957: topic[/rosout] adding connection to [/rosout], count 0
[rospy.core][INFO] 2018-12-15 19:09:36,776: signal_shutdown [atexit]
[rospy.internal][INFO] 2018-12-15 19:09:36,778: topic[/rosout] removing connection to /rosout
[rospy.impl.masterslave][INFO] 2018-12-15 19:09:36,778: atexit
[rospy.client][INFO] 2018-12-15 19:14:26,040: init_node, name[/rostful_server], pid[3435]
[xmlrpc][INFO] 2018-12-15 19:14:26,041: XML-RPC server binding to 0.0.0.0:0
[xmlrpc][INFO] 2018-12-15 19:14:26,041: Started XML-RPC server [http://freight1207:58031/]
[rospy.init][INFO] 2018-12-15 19:14:26,041: ROS Slave URI: [http://freight1207:58031/]
[rospy.impl.masterslave][INFO] 2018-12-15 19:14:26,041: _ready: http://freight1207:58031/
[xmlrpc][INFO] 2018-12-15 19:14:26,041: xml rpc node: starting XML-RPC server
[rospy.registration][INFO] 2018-12-15 19:14:26,042: Registering with master node http://localhost:11311
[rospy.init][INFO] 2018-12-15 19:14:26,141: registered with master
[rospy.rosout][INFO] 2018-12-15 19:14:26,141: initializing /rosout core topic
[rospy.rosout][INFO] 2018-12-15 19:14:26,143: connected to core topic /rosout
[rospy.simtime][INFO] 2018-12-15 19:14:26,144: /use_sim_time is not set, will not subscribe to simulated time [/clock] topic
[rosout][WARNING] 2018-12-15 19:14:26,148: rostful_server: Delaying the start 1 seconds
[rospy.internal][INFO] 2018-12-15 19:14:26,362: topic[/rosout] adding connection to [/rosout], count 0
[rosout][INFO] 2018-12-15 19:14:27,173: rostful_server: Started server on port 8080
[rospy.internal][INFO] 2018-12-15 19:14:27,207: topic[/enable_software_runstop] adding connection to [http://freight1207:58031/], count 0
[rospy.internal][INFO] 2018-12-15 19:14:27,208: topic[/enable_software_runstop] adding connection to [/rostful_server], count 0
[rospy.internal][INFO] 2018-12-15 19:14:27,215: topic[/enable_software_runstop] adding connection to [/software_runstop], count 1
[rosout][INFO] 2018-12-15 19:22:34,593: rostful_server: Shutting down the server
[rospy.core][INFO] 2018-12-15 19:22:34,593: signal_shutdown [Closing]
[rospy.internal][INFO] 2018-12-15 19:22:34,595: topic[/enable_software_runstop] removing connection to /rostful_server
[rospy.internal][INFO] 2018-12-15 19:22:34,595: topic[/enable_software_runstop] removing connection to /software_runstop
[rospy.internal][INFO] 2018-12-15 19:22:34,595: topic[/rosout] removing connection to /rosout
[rospy.internal][INFO] 2018-12-15 19:22:34,596: topic[/enable_software_runstop] removing connection to http://freight1207:58031/
[rospy.impl.masterslave][INFO] 2018-12-15 19:22:34,596: Closing
[rospy.internal][WARNING] 2018-12-15 19:22:34,597: Unknown error initiating TCP/IP socket to freight1207:43645 (http://freight1207:58031/): Traceback (most recent call last):
  File "/opt/ros/indigo/lib/python2.7/dist-packages/rospy/impl/tcpros_base.py", line 557, in connect
    self.read_header()
  File "/opt/ros/indigo/lib/python2.7/dist-packages/rospy/impl/tcpros_base.py", line 619, in read_header
    self._validate_header(read_ros_handshake_header(sock, self.read_buff, self.protocol.buff_size))
  File "/opt/ros/indigo/lib/python2.7/dist-packages/rosgraph/network.py", line 363, in read_ros_handshake_header
    d = sock.recv(buff_size)
error: [Errno 104] Connection reset by peer

[rospy.core][INFO] 2018-12-15 19:22:34,760: signal_shutdown [atexit]
[rospy.client][INFO] 2018-12-15 20:13:11,191: init_node, name[/rostful_server], pid[5883]
[xmlrpc][INFO] 2018-12-15 20:13:11,192: XML-RPC server binding to 0.0.0.0:0
[xmlrpc][INFO] 2018-12-15 20:13:11,192: Started XML-RPC server [http://freight1207:58513/]
[rospy.init][INFO] 2018-12-15 20:13:11,192: ROS Slave URI: [http://freight1207:58513/]
[rospy.impl.masterslave][INFO] 2018-12-15 20:13:11,192: _ready: http://freight1207:58513/
[xmlrpc][INFO] 2018-12-15 20:13:11,193: xml rpc node: starting XML-RPC server
[rospy.registration][INFO] 2018-12-15 20:13:11,193: Registering with master node http://localhost:11311
[rospy.init][INFO] 2018-12-15 20:13:11,292: registered with master
[rospy.rosout][INFO] 2018-12-15 20:13:11,293: initializing /rosout core topic
[rospy.rosout][INFO] 2018-12-15 20:13:11,294: connected to core topic /rosout
[rospy.simtime][INFO] 2018-12-15 20:13:11,295: /use_sim_time is not set, will not subscribe to simulated time [/clock] topic
[rosout][WARNING] 2018-12-15 20:13:11,299: rostful_server: Delaying the start 1 seconds
[rospy.internal][INFO] 2018-12-15 20:13:11,501: topic[/rosout] adding connection to [/rosout], count 0
[rosout][INFO] 2018-12-15 20:13:12,340: rostful_server: Started server on port 8080
[rospy.internal][INFO] 2018-12-15 20:13:12,359: topic[/current/pose] adding connection to [http://freight1207:46071/], count 0
[rospy.internal][INFO] 2018-12-15 20:13:12,360: topic[/current/pose] adding connection to [http://freight1207:58513/], count 1
[rospy.internal][INFO] 2018-12-15 20:13:12,362: topic[/remote_control] adding connection to [http://freight1207:58513/], count 0
[rospy.internal][INFO] 2018-12-15 20:13:12,363: topic[/enable_software_runstop] adding connection to [http://freight1207:58513/], count 0
[rospy.internal][INFO] 2018-12-15 20:13:12,363: topic[/current/pose] adding connection to [/rostful_server], count 0
[rospy.internal][INFO] 2018-12-15 20:13:12,364: topic[/local_control/cancel] adding connection to [http://freight1207:58513/], count 0
[rospy.internal][INFO] 2018-12-15 20:13:12,365: topic[/remote_control] adding connection to [/rostful_server], count 0
[rospy.internal][INFO] 2018-12-15 20:13:12,366: topic[/local_control/initialpose] adding connection to [http://freight1207:58513/], count 0
[rospy.internal][INFO] 2018-12-15 20:13:12,366: topic[/enable_software_runstop] adding connection to [/rostful_server], count 0
[rospy.internal][INFO] 2018-12-15 20:13:12,367: topic[/local_control/goto] adding connection to [http://freight1207:58513/], count 0
[rospy.internal][INFO] 2018-12-15 20:13:12,367: topic[/local_control/cancel] adding connection to [/rostful_server], count 0
[rospy.internal][INFO] 2018-12-15 20:13:12,367: topic[/local_control/initialpose] adding connection to [/rostful_server], count 0
[rospy.internal][INFO] 2018-12-15 20:13:12,368: topic[/local_control/goto] adding connection to [/rostful_server], count 0
[rospy.internal][INFO] 2018-12-15 20:13:12,414: topic[/enable_software_runstop] adding connection to [/software_runstop], count 1
[rospy.internal][INFO] 2018-12-15 20:13:12,603: topic[/local_control/initialpose] adding connection to [/local_control_initialpose], count 1
[rospy.internal][INFO] 2018-12-15 20:13:12,603: topic[/local_control/cancel] adding connection to [/local_control_navigation], count 1
[rospy.internal][INFO] 2018-12-15 20:13:12,603: topic[/local_control/goto] adding connection to [/local_control_navigation], count 1
[rospy.internal][INFO] 2018-12-15 20:13:12,603: topic[/remote_control] adding connection to [/remote_control], count 1
[rosout][INFO] 2018-12-15 20:13:14,746: rostful_server: Shutting down the server
[rospy.core][INFO] 2018-12-15 20:13:14,747: signal_shutdown [Closing]
[rospy.internal][INFO] 2018-12-15 20:13:14,751: topic[/enable_software_runstop] removing connection to /rostful_server
[rospy.internal][INFO] 2018-12-15 20:13:14,751: topic[/enable_software_runstop] removing connection to /software_runstop
[rospy.internal][INFO] 2018-12-15 20:13:14,752: topic[/local_control/goto] removing connection to /rostful_server
[rospy.internal][INFO] 2018-12-15 20:13:14,752: topic[/local_control/goto] removing connection to /local_control_navigation
[rospy.internal][INFO] 2018-12-15 20:13:14,752: topic[/rosout] removing connection to /rosout
[rospy.internal][ERROR] 2018-12-15 20:13:14,752: Unable to initiate TCP/IP socket to freight1207:57772 (http://freight1207:58513/): Traceback (most recent call last):
  File "/opt/ros/indigo/lib/python2.7/dist-packages/rospy/impl/tcpros_base.py", line 557, in connect
    self.read_header()
  File "/opt/ros/indigo/lib/python2.7/dist-packages/rospy/impl/tcpros_base.py", line 619, in read_header
    self._validate_header(read_ros_handshake_header(sock, self.read_buff, self.protocol.buff_size))
  File "/opt/ros/indigo/lib/python2.7/dist-packages/rospy/impl/tcpros_base.py", line 580, in _validate_header
    raise TransportInitError("remote error reported: %s"%header['error'])
TransportInitError: remote error reported: node shutting down

[rospy.internal][INFO] 2018-12-15 20:13:14,753: topic[/local_control/initialpose] removing connection to /rostful_server
[rospy.internal][INFO] 2018-12-15 20:13:14,753: topic[/local_control/initialpose] removing connection to /local_control_initialpose
[rospy.internal][INFO] 2018-12-15 20:13:14,753: topic[/remote_control] removing connection to /rostful_server
[rospy.internal][ERROR] 2018-12-15 20:13:14,753: Unable to initiate TCP/IP socket to freight1207:57772 (http://freight1207:58513/): Traceback (most recent call last):
  File "/opt/ros/indigo/lib/python2.7/dist-packages/rospy/impl/tcpros_base.py", line 557, in connect
    self.read_header()
  File "/opt/ros/indigo/lib/python2.7/dist-packages/rospy/impl/tcpros_base.py", line 619, in read_header
    self._validate_header(read_ros_handshake_header(sock, self.read_buff, self.protocol.buff_size))
  File "/opt/ros/indigo/lib/python2.7/dist-packages/rospy/impl/tcpros_base.py", line 580, in _validate_header
    raise TransportInitError("remote error reported: %s"%header['error'])
TransportInitError: remote error reported: node shutting down

[rospy.internal][INFO] 2018-12-15 20:13:14,754: topic[/remote_control] removing connection to /remote_control
[rospy.internal][ERROR] 2018-12-15 20:13:14,754: Unable to initiate TCP/IP socket to freight1207:57772 (http://freight1207:58513/): Traceback (most recent call last):
  File "/opt/ros/indigo/lib/python2.7/dist-packages/rospy/impl/tcpros_base.py", line 557, in connect
    self.read_header()
  File "/opt/ros/indigo/lib/python2.7/dist-packages/rospy/impl/tcpros_base.py", line 619, in read_header
    self._validate_header(read_ros_handshake_header(sock, self.read_buff, self.protocol.buff_size))
  File "/opt/ros/indigo/lib/python2.7/dist-packages/rospy/impl/tcpros_base.py", line 580, in _validate_header
    raise TransportInitError("remote error reported: %s"%header['error'])
TransportInitError: remote error reported: node shutting down

[rospy.internal][ERROR] 2018-12-15 20:13:14,754: Unable to initiate TCP/IP socket to freight1207:57772 (http://freight1207:58513/): Traceback (most recent call last):
  File "/opt/ros/indigo/lib/python2.7/dist-packages/rospy/impl/tcpros_base.py", line 557, in connect
    self.read_header()
  File "/opt/ros/indigo/lib/python2.7/dist-packages/rospy/impl/tcpros_base.py", line 619, in read_header
    self._validate_header(read_ros_handshake_header(sock, self.read_buff, self.protocol.buff_size))
  File "/opt/ros/indigo/lib/python2.7/dist-packages/rospy/impl/tcpros_base.py", line 580, in _validate_header
    raise TransportInitError("remote error reported: %s"%header['error'])
TransportInitError: remote error reported: node shutting down

[rospy.internal][INFO] 2018-12-15 20:13:14,754: topic[/local_control/cancel] removing connection to /rostful_server
[rospy.internal][INFO] 2018-12-15 20:13:14,755: topic[/local_control/cancel] removing connection to /local_control_navigation
[rospy.internal][ERROR] 2018-12-15 20:13:14,755: Unable to initiate TCP/IP socket to freight1207:57772 (http://freight1207:58513/): Traceback (most recent call last):
  File "/opt/ros/indigo/lib/python2.7/dist-packages/rospy/impl/tcpros_base.py", line 557, in connect
    self.read_header()
  File "/opt/ros/indigo/lib/python2.7/dist-packages/rospy/impl/tcpros_base.py", line 619, in read_header
    self._validate_header(read_ros_handshake_header(sock, self.read_buff, self.protocol.buff_size))
  File "/opt/ros/indigo/lib/python2.7/dist-packages/rospy/impl/tcpros_base.py", line 580, in _validate_header
    raise TransportInitError("remote error reported: %s"%header['error'])
TransportInitError: remote error reported: node shutting down

[rospy.internal][INFO] 2018-12-15 20:13:14,755: topic[/current/pose] removing connection to /rostful_server
[rospy.internal][INFO] 2018-12-15 20:13:14,755: topic[/enable_software_runstop] removing connection to http://freight1207:58513/
[rospy.internal][INFO] 2018-12-15 20:13:14,755: topic[/local_control/goto] removing connection to http://freight1207:58513/
[rospy.internal][INFO] 2018-12-15 20:13:14,755: topic[/local_control/initialpose] removing connection to http://freight1207:58513/
[rospy.internal][ERROR] 2018-12-15 20:13:14,756: Unable to initiate TCP/IP socket to freight1207:57772 (http://freight1207:58513/): Traceback (most recent call last):
  File "/opt/ros/indigo/lib/python2.7/dist-packages/rospy/impl/tcpros_base.py", line 557, in connect
    self.read_header()
  File "/opt/ros/indigo/lib/python2.7/dist-packages/rospy/impl/tcpros_base.py", line 619, in read_header
    self._validate_header(read_ros_handshake_header(sock, self.read_buff, self.protocol.buff_size))
  File "/opt/ros/indigo/lib/python2.7/dist-packages/rospy/impl/tcpros_base.py", line 580, in _validate_header
    raise TransportInitError("remote error reported: %s"%header['error'])
TransportInitError: remote error reported: node shutting down

[rospy.internal][INFO] 2018-12-15 20:13:14,756: topic[/remote_control] removing connection to http://freight1207:58513/
[rospy.internal][INFO] 2018-12-15 20:13:14,756: topic[/local_control/cancel] removing connection to http://freight1207:58513/
[rospy.internal][INFO] 2018-12-15 20:13:14,756: topic[/current/pose] removing connection to http://freight1207:46071/
[rospy.internal][INFO] 2018-12-15 20:13:14,756: topic[/current/pose] removing connection to http://freight1207:58513/
[rospy.impl.masterslave][INFO] 2018-12-15 20:13:14,756: Closing
[rospy.core][INFO] 2018-12-15 20:13:14,888: signal_shutdown [atexit]
[rospy.client][INFO] 2018-12-15 20:13:17,409: init_node, name[/rostful_server], pid[5987]
[xmlrpc][INFO] 2018-12-15 20:13:17,409: XML-RPC server binding to 0.0.0.0:0
[xmlrpc][INFO] 2018-12-15 20:13:17,409: Started XML-RPC server [http://freight1207:37016/]
[rospy.init][INFO] 2018-12-15 20:13:17,409: ROS Slave URI: [http://freight1207:37016/]
[rospy.impl.masterslave][INFO] 2018-12-15 20:13:17,409: _ready: http://freight1207:37016/
[xmlrpc][INFO] 2018-12-15 20:13:17,410: xml rpc node: starting XML-RPC server
[rospy.registration][INFO] 2018-12-15 20:13:17,410: Registering with master node http://localhost:11311
[rospy.init][INFO] 2018-12-15 20:13:17,509: registered with master
[rospy.rosout][INFO] 2018-12-15 20:13:17,510: initializing /rosout core topic
[rospy.rosout][INFO] 2018-12-15 20:13:17,511: connected to core topic /rosout
[rospy.simtime][INFO] 2018-12-15 20:13:17,512: /use_sim_time is not set, will not subscribe to simulated time [/clock] topic
[rosout][WARNING] 2018-12-15 20:13:17,516: rostful_server: Delaying the start 1 seconds
[rospy.internal][INFO] 2018-12-15 20:13:17,713: topic[/rosout] adding connection to [/rosout], count 0
[rosout][INFO] 2018-12-15 20:13:18,556: rostful_server: Started server on port 8080
[rospy.internal][INFO] 2018-12-15 20:13:18,575: topic[/current/pose] adding connection to [http://freight1207:46071/], count 0
[rospy.internal][INFO] 2018-12-15 20:13:18,576: topic[/current/pose] adding connection to [http://freight1207:37016/], count 1
[rospy.internal][INFO] 2018-12-15 20:13:18,578: topic[/remote_control] adding connection to [http://freight1207:37016/], count 0
[rospy.internal][INFO] 2018-12-15 20:13:18,580: topic[/local_control/cancel] adding connection to [http://freight1207:37016/], count 0
[rospy.internal][INFO] 2018-12-15 20:13:18,581: topic[/current/pose] adding connection to [/rostful_server], count 0
[rospy.internal][INFO] 2018-12-15 20:13:18,581: topic[/enable_software_runstop] adding connection to [http://freight1207:37016/], count 0
[rospy.internal][INFO] 2018-12-15 20:13:18,582: topic[/local_control/initialpose] adding connection to [http://freight1207:37016/], count 0
[rospy.internal][INFO] 2018-12-15 20:13:18,582: topic[/remote_control] adding connection to [/rostful_server], count 0
[rospy.internal][INFO] 2018-12-15 20:13:18,583: topic[/local_control/goto] adding connection to [http://freight1207:37016/], count 0
[rospy.internal][INFO] 2018-12-15 20:13:18,583: topic[/local_control/cancel] adding connection to [/rostful_server], count 0
[rospy.internal][INFO] 2018-12-15 20:13:18,584: topic[/enable_software_runstop] adding connection to [/rostful_server], count 0
[rospy.internal][INFO] 2018-12-15 20:13:18,584: topic[/local_control/initialpose] adding connection to [/rostful_server], count 0
[rospy.internal][INFO] 2018-12-15 20:13:18,584: topic[/local_control/goto] adding connection to [/rostful_server], count 0
[rospy.internal][INFO] 2018-12-15 20:13:18,629: topic[/enable_software_runstop] adding connection to [/software_runstop], count 1
[rospy.internal][INFO] 2018-12-15 20:13:18,814: topic[/local_control/goto] adding connection to [/local_control_navigation], count 1
[rospy.internal][INFO] 2018-12-15 20:13:18,815: topic[/local_control/cancel] adding connection to [/local_control_navigation], count 1
[rospy.internal][INFO] 2018-12-15 20:13:18,815: topic[/local_control/initialpose] adding connection to [/local_control_initialpose], count 1
[rospy.internal][INFO] 2018-12-15 20:13:18,815: topic[/remote_control] adding connection to [/remote_control], count 1
[rosout][WARNING] 2018-12-15 20:19:56,560: publishing data: right to topic /remote_control
[rosout][WARNING] 2018-12-15 20:20:03,537: publishing data: right to topic /remote_control
[rosout][WARNING] 2018-12-15 20:20:24,494: publishing data: forward to topic /remote_control
[rosout][WARNING] 2018-12-15 20:20:28,426: publishing data: right to topic /remote_control
[rosout][WARNING] 2018-12-15 20:20:47,929: publishing data: right to topic /remote_control
[rosout][WARNING] 2018-12-15 20:21:15,921: publishing data: right to topic /remote_control
[rosout][WARNING] 2018-12-15 21:02:02,158: publishing data: True to topic /local_control/cancel
[rosout][WARNING] 2018-12-15 21:02:29,660: publishing data: True to topic /local_control/cancel
[rospy.core][INFO] 2018-12-15 22:01:06,777: signal_shutdown [atexit]
[rospy.internal][INFO] 2018-12-15 22:01:06,781: topic[/enable_software_runstop] removing connection to /rostful_server
[rospy.internal][INFO] 2018-12-15 22:01:06,781: topic[/enable_software_runstop] removing connection to /software_runstop
[rospy.internal][INFO] 2018-12-15 22:01:06,781: topic[/local_control/goto] removing connection to /rostful_server
[rospy.internal][INFO] 2018-12-15 22:01:06,781: topic[/local_control/goto] removing connection to /local_control_navigation
[rospy.internal][INFO] 2018-12-15 22:01:06,782: topic[/rosout] removing connection to /rosout
[rospy.internal][INFO] 2018-12-15 22:01:06,782: topic[/local_control/initialpose] removing connection to /rostful_server
[rospy.internal][INFO] 2018-12-15 22:01:06,782: topic[/local_control/initialpose] removing connection to /local_control_initialpose
[rospy.internal][INFO] 2018-12-15 22:01:06,782: topic[/remote_control] removing connection to /rostful_server
[rospy.internal][INFO] 2018-12-15 22:01:06,782: topic[/remote_control] removing connection to /remote_control
[rospy.internal][INFO] 2018-12-15 22:01:06,782: topic[/local_control/cancel] removing connection to /rostful_server
[rospy.internal][INFO] 2018-12-15 22:01:06,782: topic[/local_control/cancel] removing connection to /local_control_navigation
[rospy.internal][INFO] 2018-12-15 22:01:06,783: topic[/current/pose] removing connection to /rostful_server
[rospy.internal][INFO] 2018-12-15 22:01:06,783: topic[/enable_software_runstop] removing connection to http://freight1207:37016/
[rospy.internal][INFO] 2018-12-15 22:01:06,783: topic[/local_control/goto] removing connection to http://freight1207:37016/
[rospy.internal][WARNING] 2018-12-15 22:01:06,783: Unknown error initiating TCP/IP socket to freight1207:40638 (http://freight1207:37016/): Traceback (most recent call last):
  File "/opt/ros/indigo/lib/python2.7/dist-packages/rospy/impl/tcpros_base.py", line 557, in connect
    self.read_header()
  File "/opt/ros/indigo/lib/python2.7/dist-packages/rospy/impl/tcpros_base.py", line 619, in read_header
    self._validate_header(read_ros_handshake_header(sock, self.read_buff, self.protocol.buff_size))
  File "/opt/ros/indigo/lib/python2.7/dist-packages/rosgraph/network.py", line 365, in read_ros_handshake_header
    raise ROSHandshakeException("connection from sender terminated before handshake header received. %s bytes were received. Please check sender for additional details."%b.tell())
ROSHandshakeException: connection from sender terminated before handshake header received. 0 bytes were received. Please check sender for additional details.

[rospy.internal][INFO] 2018-12-15 22:01:06,783: topic[/local_control/initialpose] removing connection to http://freight1207:37016/
[rospy.internal][INFO] 2018-12-15 22:01:06,783: topic[/local_control/initialpose] removing connection to http://freight1207:37016/
[rospy.topics][ERROR] 2018-12-15 22:01:06,784: Traceback (most recent call last):
  File "/opt/ros/indigo/lib/python2.7/dist-packages/rospy/topics.py", line 307, in close
    c.close()
  File "/opt/ros/indigo/lib/python2.7/dist-packages/rospy/impl/tcpros_base.py", line 807, in close
    self.socket.close()
AttributeError: 'NoneType' object has no attribute 'close'

[rospy.internal][INFO] 2018-12-15 22:01:06,784: topic[/remote_control] removing connection to http://freight1207:37016/
[rospy.internal][INFO] 2018-12-15 22:01:06,784: topic[/local_control/cancel] removing connection to http://freight1207:37016/
[rospy.internal][INFO] 2018-12-15 22:01:06,784: topic[/current/pose] removing connection to http://freight1207:46071/
[rospy.internal][WARNING] 2018-12-15 22:01:06,784: Unknown error initiating TCP/IP socket to freight1207:40638 (http://freight1207:37016/): Traceback (most recent call last):
  File "/opt/ros/indigo/lib/python2.7/dist-packages/rospy/impl/tcpros_base.py", line 557, in connect
    self.read_header()
  File "/opt/ros/indigo/lib/python2.7/dist-packages/rospy/impl/tcpros_base.py", line 619, in read_header
    self._validate_header(read_ros_handshake_header(sock, self.read_buff, self.protocol.buff_size))
  File "/opt/ros/indigo/lib/python2.7/dist-packages/rosgraph/network.py", line 365, in read_ros_handshake_header
    raise ROSHandshakeException("connection from sender terminated before handshake header received. %s bytes were received. Please check sender for additional details."%b.tell())
ROSHandshakeException: connection from sender terminated before handshake header received. 0 bytes were received. Please check sender for additional details.

[rospy.internal][INFO] 2018-12-15 22:01:06,784: topic[/current/pose] removing connection to http://freight1207:37016/
[rospy.internal][INFO] 2018-12-15 22:01:06,784: topic[/current/pose] removing connection to http://freight1207:37016/
[rospy.topics][ERROR] 2018-12-15 22:01:06,785: Traceback (most recent call last):
  File "/opt/ros/indigo/lib/python2.7/dist-packages/rospy/topics.py", line 307, in close
    c.close()
  File "/opt/ros/indigo/lib/python2.7/dist-packages/rospy/impl/tcpros_base.py", line 807, in close
    self.socket.close()
AttributeError: 'NoneType' object has no attribute 'close'

[rospy.impl.masterslave][INFO] 2018-12-15 22:01:06,785: atexit
[rospy.internal][WARNING] 2018-12-15 22:01:06,788: Unknown error initiating TCP/IP socket to freight1207:40638 (http://freight1207:37016/): Traceback (most recent call last):
  File "/opt/ros/indigo/lib/python2.7/dist-packages/rospy/impl/tcpros_base.py", line 557, in connect
    self.read_header()
  File "/opt/ros/indigo/lib/python2.7/dist-packages/rospy/impl/tcpros_base.py", line 619, in read_header
    self._validate_header(read_ros_handshake_header(sock, self.read_buff, self.protocol.buff_size))
AttributeError: 'NoneType' object has no attribute 'buff_size'

[rospy.internal][ERROR] 2018-12-15 22:01:06,792: Unable to initiate TCP/IP socket to freight1207:40638 (http://freight1207:37016/): Traceback (most recent call last):
  File "/opt/ros/indigo/lib/python2.7/dist-packages/rospy/impl/tcpros_base.py", line 557, in connect
    self.read_header()
  File "/opt/ros/indigo/lib/python2.7/dist-packages/rospy/impl/tcpros_base.py", line 619, in read_header
    self._validate_header(read_ros_handshake_header(sock, self.read_buff, self.protocol.buff_size))
  File "/opt/ros/indigo/lib/python2.7/dist-packages/rospy/impl/tcpros_base.py", line 580, in _validate_header
    raise TransportInitError("remote error reported: %s"%header['error'])
TransportInitError: remote error reported: node shutting down

[rospy.client][INFO] 2018-12-15 22:13:57,540: init_node, name[/rostful_server], pid[6453]
[xmlrpc][INFO] 2018-12-15 22:13:57,540: XML-RPC server binding to 0.0.0.0:0
[xmlrpc][INFO] 2018-12-15 22:13:57,541: Started XML-RPC server [http://freight1207:35898/]
[rospy.init][INFO] 2018-12-15 22:13:57,541: ROS Slave URI: [http://freight1207:35898/]
[rospy.impl.masterslave][INFO] 2018-12-15 22:13:57,541: _ready: http://freight1207:35898/
[xmlrpc][INFO] 2018-12-15 22:13:57,541: xml rpc node: starting XML-RPC server
[rospy.registration][INFO] 2018-12-15 22:13:57,542: Registering with master node http://localhost:11311
[rospy.init][INFO] 2018-12-15 22:13:57,641: registered with master
[rospy.rosout][INFO] 2018-12-15 22:13:57,641: initializing /rosout core topic
[rospy.rosout][INFO] 2018-12-15 22:13:57,644: connected to core topic /rosout
[rospy.simtime][INFO] 2018-12-15 22:13:57,644: /use_sim_time is not set, will not subscribe to simulated time [/clock] topic
[rosout][WARNING] 2018-12-15 22:13:57,648: rostful_server: Delaying the start 1 seconds
[rospy.internal][INFO] 2018-12-15 22:13:57,906: topic[/rosout] adding connection to [/rosout], count 0
[rosout][INFO] 2018-12-15 22:13:58,693: rostful_server: Started server on port 8080
[rospy.internal][INFO] 2018-12-15 22:13:58,708: topic[/current/pose] adding connection to [http://freight1207:35898/], count 0
[rospy.internal][INFO] 2018-12-15 22:13:58,709: topic[/remote_control] adding connection to [http://freight1207:35898/], count 0
[rospy.internal][INFO] 2018-12-15 22:13:58,710: topic[/enable_software_runstop] adding connection to [http://freight1207:35898/], count 0
[rospy.internal][INFO] 2018-12-15 22:13:58,711: topic[/local_control/cancel] adding connection to [http://freight1207:35898/], count 0
[rospy.internal][INFO] 2018-12-15 22:13:58,712: topic[/local_control/initialpose] adding connection to [http://freight1207:35898/], count 0
[rospy.internal][INFO] 2018-12-15 22:13:58,713: topic[/current/pose] adding connection to [/rostful_server], count 0
[rospy.internal][INFO] 2018-12-15 22:13:58,714: topic[/remote_control] adding connection to [/rostful_server], count 0
[rospy.internal][INFO] 2018-12-15 22:13:58,714: topic[/local_control/goto] adding connection to [http://freight1207:35898/], count 0
[rospy.internal][INFO] 2018-12-15 22:13:58,715: topic[/enable_software_runstop] adding connection to [/rostful_server], count 0
[rospy.internal][INFO] 2018-12-15 22:13:58,715: topic[/local_control/initialpose] adding connection to [/rostful_server], count 0
[rospy.internal][INFO] 2018-12-15 22:13:58,715: topic[/local_control/cancel] adding connection to [/rostful_server], count 0
[rospy.internal][INFO] 2018-12-15 22:13:58,715: topic[/local_control/goto] adding connection to [/rostful_server], count 0
[rospy.internal][INFO] 2018-12-15 22:13:58,723: topic[/enable_software_runstop] adding connection to [/software_runstop], count 1
[rosout][WARNING] 2018-12-15 22:14:17,490: publishing data: backward to topic /remote_control
[rosout][WARNING] 2018-12-15 22:14:27,220: publishing data: backward to topic /remote_control
[rospy.internal][INFO] 2018-12-15 22:14:57,388: topic[/current/pose] adding connection to [http://freight1207:58009/], count 1
[rospy.internal][INFO] 2018-12-15 22:14:57,487: topic[/local_control/initialpose] adding connection to [/local_control_initialpose], count 1
[rospy.internal][INFO] 2018-12-15 22:14:57,488: topic[/local_control/goto] adding connection to [/local_control_navigation], count 1
[rospy.internal][INFO] 2018-12-15 22:14:57,488: topic[/local_control/cancel] adding connection to [/local_control_navigation], count 1
[rosout][WARNING] 2018-12-15 22:15:02,820: publishing data: backward to topic /remote_control
[rospy.internal][INFO] 2018-12-15 22:15:09,602: topic[/remote_control] adding connection to [/remote_control], count 1
[rosout][WARNING] 2018-12-15 22:15:15,441: publishing data: backward to topic /remote_control
[rosout][WARNING] 2018-12-15 22:15:45,273: publishing data: forward to topic /remote_control
[rosout][WARNING] 2018-12-15 22:15:50,944: publishing data: backward to topic /remote_control
[rosout][WARNING] 2018-12-15 22:15:55,411: publishing data: right to topic /remote_control
[rosout][WARNING] 2018-12-15 22:16:00,378: publishing data: left to topic /remote_control
