[rospy.client][INFO] 2020-10-28 22:31:45,367: init_node, name[/rosapi], pid[4174]
[xmlrpc][INFO] 2020-10-28 22:31:45,368: XML-RPC server binding to 0.0.0.0:0
[xmlrpc][INFO] 2020-10-28 22:31:45,368: Started XML-RPC server [http://freight1207:37401/]
[rospy.init][INFO] 2020-10-28 22:31:45,368: ROS Slave URI: [http://freight1207:37401/]
[rospy.impl.masterslave][INFO] 2020-10-28 22:31:45,368: _ready: http://freight1207:37401/
[xmlrpc][INFO] 2020-10-28 22:31:45,368: xml rpc node: starting XML-RPC server
[rospy.registration][INFO] 2020-10-28 22:31:45,369: Registering with master node http://localhost:11311
[rospy.init][INFO] 2020-10-28 22:31:45,468: registered with master
[rospy.rosout][INFO] 2020-10-28 22:31:45,468: initializing /rosout core topic
[rospy.rosout][INFO] 2020-10-28 22:31:45,470: connected to core topic /rosout
[rospy.simtime][INFO] 2020-10-28 22:31:45,471: /use_sim_time is not set, will not subscribe to simulated time [/clock] topic
[rosout][INFO] 2020-10-28 22:31:45,492: Rosapi started
[rospy.internal][INFO] 2020-10-28 22:31:45,704: topic[/rosout] adding connection to [/rosout], count 0
[rospy.core][INFO] 2020-10-28 22:34:19,708: signal_shutdown [signal-2]
[rospy.internal][INFO] 2020-10-28 22:34:19,715: topic[/rosout] removing connection to /rosout
[rospy.impl.masterslave][INFO] 2020-10-28 22:34:19,715: signal-2
[rospy.core][INFO] 2020-10-28 22:34:19,822: signal_shutdown [atexit]
[rospy.client][INFO] 2020-10-29 01:56:20,910: init_node, name[/rosapi], pid[15667]
[xmlrpc][INFO] 2020-10-29 01:56:20,911: XML-RPC server binding to 0.0.0.0:0
[xmlrpc][INFO] 2020-10-29 01:56:20,911: Started XML-RPC server [http://freight1207:57784/]
[rospy.init][INFO] 2020-10-29 01:56:20,911: ROS Slave URI: [http://freight1207:57784/]
[rospy.impl.masterslave][INFO] 2020-10-29 01:56:20,911: _ready: http://freight1207:57784/
[xmlrpc][INFO] 2020-10-29 01:56:20,911: xml rpc node: starting XML-RPC server
[rospy.registration][INFO] 2020-10-29 01:56:20,912: Registering with master node http://localhost:11311
[rospy.init][INFO] 2020-10-29 01:56:21,011: registered with master
[rospy.rosout][INFO] 2020-10-29 01:56:21,011: initializing /rosout core topic
[rospy.rosout][INFO] 2020-10-29 01:56:21,013: connected to core topic /rosout
[rospy.simtime][INFO] 2020-10-29 01:56:21,014: /use_sim_time is not set, will not subscribe to simulated time [/clock] topic
[rosout][INFO] 2020-10-29 01:56:21,035: Rosapi started
[rospy.internal][INFO] 2020-10-29 01:56:21,187: topic[/rosout] adding connection to [/rosout], count 0
[rospy.client][INFO] 2020-10-29 01:58:02,575: init_node, name[/rosapi], pid[16644]
[xmlrpc][INFO] 2020-10-29 01:58:02,575: XML-RPC server binding to 0.0.0.0:0
[xmlrpc][INFO] 2020-10-29 01:58:02,576: Started XML-RPC server [http://freight1207:33602/]
[rospy.init][INFO] 2020-10-29 01:58:02,576: ROS Slave URI: [http://freight1207:33602/]
[rospy.impl.masterslave][INFO] 2020-10-29 01:58:02,576: _ready: http://freight1207:33602/
[xmlrpc][INFO] 2020-10-29 01:58:02,576: xml rpc node: starting XML-RPC server
[rospy.registration][INFO] 2020-10-29 01:58:02,577: Registering with master node http://localhost:11311
[rospy.init][INFO] 2020-10-29 01:58:02,676: registered with master
[rospy.rosout][INFO] 2020-10-29 01:58:02,676: initializing /rosout core topic
[rospy.rosout][INFO] 2020-10-29 01:58:02,678: connected to core topic /rosout
[rospy.simtime][INFO] 2020-10-29 01:58:02,679: /use_sim_time is not set, will not subscribe to simulated time [/clock] topic
[rosout][INFO] 2020-10-29 01:58:02,700: Rosapi started
[rospy.impl.masterslave][INFO] 2020-10-29 01:58:02,732: external shutdown request from [/master]: new node registered with same name
[rospy.core][INFO] 2020-10-29 01:58:02,732: signal_shutdown [external shutdown request from [/master]: [new node registered with same name]]
[rospy.internal][INFO] 2020-10-29 01:58:02,737: topic[/rosout] removing connection to /rosout
[rospy.internal][INFO] 2020-10-29 01:58:02,834: topic[/rosout] adding connection to [/rosout], count 0
[rospy.core][INFO] 2020-10-29 01:58:03,137: signal_shutdown [atexit]
[rospy.client][INFO] 2020-10-29 01:58:08,041: init_node, name[/rosapi], pid[16742]
[xmlrpc][INFO] 2020-10-29 01:58:08,041: XML-RPC server binding to 0.0.0.0:0
[xmlrpc][INFO] 2020-10-29 01:58:08,041: Started XML-RPC server [http://freight1207:51099/]
[rospy.impl.masterslave][INFO] 2020-10-29 01:58:08,041: _ready: http://freight1207:51099/
[rospy.init][INFO] 2020-10-29 01:58:08,041: ROS Slave URI: [http://freight1207:51099/]
[xmlrpc][INFO] 2020-10-29 01:58:08,042: xml rpc node: starting XML-RPC server
[rospy.registration][INFO] 2020-10-29 01:58:08,042: Registering with master node http://localhost:11311
[rospy.init][INFO] 2020-10-29 01:58:08,142: registered with master
[rospy.rosout][INFO] 2020-10-29 01:58:08,142: initializing /rosout core topic
[rospy.rosout][INFO] 2020-10-29 01:58:08,143: connected to core topic /rosout
[rospy.simtime][INFO] 2020-10-29 01:58:08,144: /use_sim_time is not set, will not subscribe to simulated time [/clock] topic
[rospy.impl.masterslave][INFO] 2020-10-29 01:58:08,146: external shutdown request from [/master]: new node registered with same name
[rospy.core][INFO] 2020-10-29 01:58:08,146: signal_shutdown [external shutdown request from [/master]: [new node registered with same name]]
[rospy.internal][INFO] 2020-10-29 01:58:08,154: topic[/rosout] removing connection to /rosout
[rosout][INFO] 2020-10-29 01:58:08,168: Rosapi started
[rospy.core][INFO] 2020-10-29 01:58:08,318: signal_shutdown [atexit]
[rospy.internal][INFO] 2020-10-29 01:58:08,363: topic[/rosout] adding connection to [/rosout], count 0
[rospy.core][INFO] 2020-10-29 02:14:43,847: signal_shutdown [signal-2]
[rospy.internal][INFO] 2020-10-29 02:14:43,853: topic[/rosout] removing connection to /rosout
[rospy.impl.masterslave][INFO] 2020-10-29 02:14:43,853: signal-2
[rospy.core][INFO] 2020-10-29 02:14:43,957: signal_shutdown [atexit]
