[roslaunch][INFO] 2020-11-03 00:54:48,200: Checking log directory for disk usage. This may take awhile.
Press Ctrl-C to interrupt
[roslaunch][INFO] 2020-11-03 00:54:48,223: Done checking log file disk usage. Usage is <1GB.
[roslaunch][INFO] 2020-11-03 00:54:48,223: roslaunch starting with args ['/opt/ros/indigo/bin/roslaunch', 'fetch_navigation', 'freight_nav.launch']
[roslaunch][INFO] 2020-11-03 00:54:48,223: roslaunch env is {'ROS_DISTRO': 'indigo', 'NVM_CD_FLAGS': '', 'LESSOPEN': '| /usr/bin/lesspipe %s', 'SSH_CLIENT': '172.22.77.105 54610 22', 'CPATH': '/home/fetch/catkin_ws/devel/include:/opt/ros/indigo/include', 'LOGNAME': 'fetch', 'USER': 'fetch', 'NVM_DIR': '/home/fetch/.nvm', 'PATH': '/home/fetch/.nvm/versions/node/v10.15.3/bin:/opt/ros/indigo/bin:/usr/local/sbin:/usr/local/bin:/usr/sbin:/usr/bin:/sbin:/bin:/usr/games:/usr/local/games', 'HOME': '/home/fetch', 'VIRTUALENVWRAPPER_SCRIPT': '/usr/share/virtualenvwrapper/virtualenvwrapper.sh', 'LD_LIBRARY_PATH': '/home/fetch/catkin_ws/devel/lib:/opt/ros/indigo/lib', 'LANG': 'en_US.UTF-8', 'TERM': 'xterm-256color', 'SHELL': '/bin/bash', 'ROS_LOG_FILENAME': '/home/fetch/.ros/log/21d36b74-1db2-11eb-b089-000babe55698/roslaunch-freight1207-3641.log', 'SHLVL': '1', 'QT_QPA_PLATFORMTHEME': 'appmenu-qt5', 'ROS_ETC_DIR': '/opt/ros/indigo/etc/ros', 'DISPLAY': 'localhost:10.0', 'NVM_BIN': '/home/fetch/.nvm/versions/node/v10.15.3/bin', '_VIRTUALENVWRAPPER_API': ' mkvirtualenv rmvirtualenv lsvirtualenv showvirtualenv workon add2virtualenv cdsitepackages cdvirtualenv lssitepackages toggleglobalsitepackages cpvirtualenv setvirtualenvproject mkproject cdproject mktmpenv mkvirtualenv rmvirtualenv lsvirtualenv showvirtualenv workon add2virtualenv cdsitepackages cdvirtualenv lssitepackages toggleglobalsitepackages cpvirtualenv setvirtualenvproject mkproject cdproject mktmpenv', 'CMAKE_PREFIX_PATH': '/home/fetch/catkin_ws/devel:/opt/ros/indigo', 'XDG_RUNTIME_DIR': '/run/user/1000', 'PYTHONPATH': '/home/fetch/catkin_ws/devel/lib/python2.7/dist-packages:/opt/ros/indigo/lib/python2.7/dist-packages', 'ROS_ROOT': '/opt/ros/indigo/share/ros', 'PKG_CONFIG_PATH': '/home/fetch/catkin_ws/devel/lib/pkgconfig:/opt/ros/indigo/lib/pkgconfig', 'ROS_PACKAGE_PATH': '/home/fetch/catkin_ws/src:/opt/ros/indigo/share:/opt/ros/indigo/stacks', 'XDG_SESSION_ID': '1', '_': '/opt/ros/indigo/bin/roslaunch', 'SSH_CONNECTION': '172.22.77.105 54610 172.22.77.172 22', 'LESSCLOSE': '/usr/bin/lesspipe %s %s', 'SSH_TTY': '/dev/pts/6', 'PWD': '/home/fetch', 'ROS_MASTER_URI': 'http://localhost:11311', 'MAIL': '/var/mail/fetch', 'LS_COLORS': 'rs=0:di=01;34:ln=01;36:mh=00:pi=40;33:so=01;35:do=01;35:bd=40;33;01:cd=40;33;01:or=40;31;01:su=37;41:sg=30;43:ca=30;41:tw=30;42:ow=34;42:st=37;44:ex=01;32:*.tar=01;31:*.tgz=01;31:*.arj=01;31:*.taz=01;31:*.lzh=01;31:*.lzma=01;31:*.tlz=01;31:*.txz=01;31:*.zip=01;31:*.z=01;31:*.Z=01;31:*.dz=01;31:*.gz=01;31:*.lz=01;31:*.xz=01;31:*.bz2=01;31:*.bz=01;31:*.tbz=01;31:*.tbz2=01;31:*.tz=01;31:*.deb=01;31:*.rpm=01;31:*.jar=01;31:*.war=01;31:*.ear=01;31:*.sar=01;31:*.rar=01;31:*.ace=01;31:*.zoo=01;31:*.cpio=01;31:*.7z=01;31:*.rz=01;31:*.jpg=01;35:*.jpeg=01;35:*.gif=01;35:*.bmp=01;35:*.pbm=01;35:*.pgm=01;35:*.ppm=01;35:*.tga=01;35:*.xbm=01;35:*.xpm=01;35:*.tif=01;35:*.tiff=01;35:*.png=01;35:*.svg=01;35:*.svgz=01;35:*.mng=01;35:*.pcx=01;35:*.mov=01;35:*.mpg=01;35:*.mpeg=01;35:*.m2v=01;35:*.mkv=01;35:*.webm=01;35:*.ogm=01;35:*.mp4=01;35:*.m4v=01;35:*.mp4v=01;35:*.vob=01;35:*.qt=01;35:*.nuv=01;35:*.wmv=01;35:*.asf=01;35:*.rm=01;35:*.rmvb=01;35:*.flc=01;35:*.avi=01;35:*.fli=01;35:*.flv=01;35:*.gl=01;35:*.dl=01;35:*.xcf=01;35:*.xwd=01;35:*.yuv=01;35:*.cgm=01;35:*.emf=01;35:*.axv=01;35:*.anx=01;35:*.ogv=01;35:*.ogx=01;35:*.aac=00;36:*.au=00;36:*.flac=00;36:*.mid=00;36:*.midi=00;36:*.mka=00;36:*.mp3=00;36:*.mpc=00;36:*.ogg=00;36:*.ra=00;36:*.wav=00;36:*.axa=00;36:*.oga=00;36:*.spx=00;36:*.xspf=00;36:'}
[roslaunch][INFO] 2020-11-03 00:54:48,223: starting in server mode
[roslaunch.parent][INFO] 2020-11-03 00:54:48,223: starting roslaunch parent run
[roslaunch][INFO] 2020-11-03 00:54:48,224: loading roscore config file /opt/ros/indigo/etc/ros/roscore.xml
[roslaunch][INFO] 2020-11-03 00:54:48,292: Added core node of type [rosout/rosout] in namespace [/]
[roslaunch.config][INFO] 2020-11-03 00:54:48,292: loading config file /opt/ros/indigo/share/fetch_navigation/launch/freight_nav.launch
[roslaunch][INFO] 2020-11-03 00:54:48,323: Added node of type [map_server/map_server] in namespace [/]
[roslaunch][INFO] 2020-11-03 00:54:48,324: Added node of type [rviz/rviz] in namespace [/]
[roslaunch][INFO] 2020-11-03 00:54:48,329: Added node of type [amcl/amcl] in namespace [/]
[roslaunch][INFO] 2020-11-03 00:54:48,347: Added node of type [move_base/move_base] in namespace [/]
[roslaunch][INFO] 2020-11-03 00:54:48,347: ... selected machine [] for node of type [map_server/map_server]
[roslaunch][INFO] 2020-11-03 00:54:48,347: ... selected machine [] for node of type [rviz/rviz]
[roslaunch][INFO] 2020-11-03 00:54:48,347: ... selected machine [] for node of type [amcl/amcl]
[roslaunch][INFO] 2020-11-03 00:54:48,347: ... selected machine [] for node of type [move_base/move_base]
[roslaunch.pmon][INFO] 2020-11-03 00:54:48,348: start_process_monitor: creating ProcessMonitor
[roslaunch.pmon][INFO] 2020-11-03 00:54:48,348: created process monitor <ProcessMonitor(ProcessMonitor-1, initial daemon)>
[roslaunch.pmon][INFO] 2020-11-03 00:54:48,348: start_process_monitor: ProcessMonitor started
[roslaunch.parent][INFO] 2020-11-03 00:54:48,348: starting parent XML-RPC server
[roslaunch.server][INFO] 2020-11-03 00:54:48,348: starting roslaunch XML-RPC server
[roslaunch.server][INFO] 2020-11-03 00:54:48,348: waiting for roslaunch XML-RPC server to initialize
[xmlrpc][INFO] 2020-11-03 00:54:48,348: XML-RPC server binding to 0.0.0.0:0
[xmlrpc][INFO] 2020-11-03 00:54:48,349: Started XML-RPC server [http://freight1207:59643/]
[xmlrpc][INFO] 2020-11-03 00:54:48,349: xml rpc node: starting XML-RPC server
[roslaunch][INFO] 2020-11-03 00:54:48,360: started roslaunch server http://freight1207:59643/
[roslaunch.parent][INFO] 2020-11-03 00:54:48,360: ... parent XML-RPC server started
[roslaunch][INFO] 2020-11-03 00:54:48,361: master.is_running[http://localhost:11311]
[roslaunch][INFO] 2020-11-03 00:54:48,362: master.is_running[http://localhost:11311]
[roslaunch][INFO] 2020-11-03 00:54:48,362: ROS_MASTER_URI=http://localhost:11311
[roslaunch][INFO] 2020-11-03 00:54:48,364: setting /roslaunch/uris/host_freight1207__59643' to http://freight1207:59643/
[roslaunch][INFO] 2020-11-03 00:54:48,365: load_parameters starting ...
[roslaunch][INFO] 2020-11-03 00:54:48,384: ... load_parameters complete
[roslaunch][INFO] 2020-11-03 00:54:48,384: launch_nodes: launching local nodes ...
[roslaunch][INFO] 2020-11-03 00:54:48,384: ... preparing to launch node of type [map_server/map_server]
[roslaunch][INFO] 2020-11-03 00:54:48,384: create_node_process: package[map_server] type[map_server] machine[Machine(name[] env_loader[None] address[localhost] ssh_port[22] user[None] assignable[True] timeout[10.0])] master_uri[http://localhost:11311]
[roslaunch][INFO] 2020-11-03 00:54:48,384: process[map_server-1]: env[{'ROS_DISTRO': 'indigo', 'NVM_CD_FLAGS': '', 'LESSOPEN': '| /usr/bin/lesspipe %s', 'SSH_CLIENT': '172.22.77.105 54610 22', 'CPATH': '/home/fetch/catkin_ws/devel/include:/opt/ros/indigo/include', 'LOGNAME': 'fetch', 'USER': 'fetch', 'NVM_DIR': '/home/fetch/.nvm', 'PATH': '/home/fetch/.nvm/versions/node/v10.15.3/bin:/opt/ros/indigo/bin:/usr/local/sbin:/usr/local/bin:/usr/sbin:/usr/bin:/sbin:/bin:/usr/games:/usr/local/games', 'HOME': '/home/fetch', 'VIRTUALENVWRAPPER_SCRIPT': '/usr/share/virtualenvwrapper/virtualenvwrapper.sh', 'ROS_LOG_FILENAME': '/home/fetch/.ros/log/21d36b74-1db2-11eb-b089-000babe55698/roslaunch-freight1207-3641.log', 'LANG': 'en_US.UTF-8', 'TERM': 'xterm-256color', 'SHELL': '/bin/bash', 'SHLVL': '1', 'QT_QPA_PLATFORMTHEME': 'appmenu-qt5', 'DISPLAY': 'localhost:10.0', 'NVM_BIN': '/home/fetch/.nvm/versions/node/v10.15.3/bin', '_VIRTUALENVWRAPPER_API': ' mkvirtualenv rmvirtualenv lsvirtualenv showvirtualenv workon add2virtualenv cdsitepackages cdvirtualenv lssitepackages toggleglobalsitepackages cpvirtualenv setvirtualenvproject mkproject cdproject mktmpenv mkvirtualenv rmvirtualenv lsvirtualenv showvirtualenv workon add2virtualenv cdsitepackages cdvirtualenv lssitepackages toggleglobalsitepackages cpvirtualenv setvirtualenvproject mkproject cdproject mktmpenv', 'CMAKE_PREFIX_PATH': '/home/fetch/catkin_ws/devel:/opt/ros/indigo', 'XDG_RUNTIME_DIR': '/run/user/1000', 'PYTHONPATH': '/home/fetch/catkin_ws/devel/lib/python2.7/dist-packages:/opt/ros/indigo/lib/python2.7/dist-packages', 'ROS_ROOT': '/opt/ros/indigo/share/ros', 'PKG_CONFIG_PATH': '/home/fetch/catkin_ws/devel/lib/pkgconfig:/opt/ros/indigo/lib/pkgconfig', 'ROS_PACKAGE_PATH': '/home/fetch/catkin_ws/src:/opt/ros/indigo/share:/opt/ros/indigo/stacks', 'XDG_SESSION_ID': '1', '_': '/opt/ros/indigo/bin/roslaunch', 'LD_LIBRARY_PATH': '/home/fetch/catkin_ws/devel/lib:/opt/ros/indigo/lib', 'LS_COLORS': 'rs=0:di=01;34:ln=01;36:mh=00:pi=40;33:so=01;35:do=01;35:bd=40;33;01:cd=40;33;01:or=40;31;01:su=37;41:sg=30;43:ca=30;41:tw=30;42:ow=34;42:st=37;44:ex=01;32:*.tar=01;31:*.tgz=01;31:*.arj=01;31:*.taz=01;31:*.lzh=01;31:*.lzma=01;31:*.tlz=01;31:*.txz=01;31:*.zip=01;31:*.z=01;31:*.Z=01;31:*.dz=01;31:*.gz=01;31:*.lz=01;31:*.xz=01;31:*.bz2=01;31:*.bz=01;31:*.tbz=01;31:*.tbz2=01;31:*.tz=01;31:*.deb=01;31:*.rpm=01;31:*.jar=01;31:*.war=01;31:*.ear=01;31:*.sar=01;31:*.rar=01;31:*.ace=01;31:*.zoo=01;31:*.cpio=01;31:*.7z=01;31:*.rz=01;31:*.jpg=01;35:*.jpeg=01;35:*.gif=01;35:*.bmp=01;35:*.pbm=01;35:*.pgm=01;35:*.ppm=01;35:*.tga=01;35:*.xbm=01;35:*.xpm=01;35:*.tif=01;35:*.tiff=01;35:*.png=01;35:*.svg=01;35:*.svgz=01;35:*.mng=01;35:*.pcx=01;35:*.mov=01;35:*.mpg=01;35:*.mpeg=01;35:*.m2v=01;35:*.mkv=01;35:*.webm=01;35:*.ogm=01;35:*.mp4=01;35:*.m4v=01;35:*.mp4v=01;35:*.vob=01;35:*.qt=01;35:*.nuv=01;35:*.wmv=01;35:*.asf=01;35:*.rm=01;35:*.rmvb=01;35:*.flc=01;35:*.avi=01;35:*.fli=01;35:*.flv=01;35:*.gl=01;35:*.dl=01;35:*.xcf=01;35:*.xwd=01;35:*.yuv=01;35:*.cgm=01;35:*.emf=01;35:*.axv=01;35:*.anx=01;35:*.ogv=01;35:*.ogx=01;35:*.aac=00;36:*.au=00;36:*.flac=00;36:*.mid=00;36:*.midi=00;36:*.mka=00;36:*.mp3=00;36:*.mpc=00;36:*.ogg=00;36:*.ra=00;36:*.wav=00;36:*.axa=00;36:*.oga=00;36:*.spx=00;36:*.xspf=00;36:', 'LESSCLOSE': '/usr/bin/lesspipe %s %s', 'SSH_TTY': '/dev/pts/6', 'PWD': '/home/fetch', 'ROS_ETC_DIR': '/opt/ros/indigo/etc/ros', 'ROS_MASTER_URI': 'http://localhost:11311', 'MAIL': '/var/mail/fetch', 'SSH_CONNECTION': '172.22.77.105 54610 172.22.77.172 22'}]
[roslaunch][INFO] 2020-11-03 00:54:48,414: process[map_server-1]: args[[u'/opt/ros/indigo/lib/map_server/map_server', '/home/fetch/final_map.yaml', u'__name:=map_server']]
[roslaunch][INFO] 2020-11-03 00:54:48,415: ... created process [map_server-1]
[roslaunch.pmon][INFO] 2020-11-03 00:54:48,415: ProcessMonitor.register[map_server-1]
[roslaunch.pmon][INFO] 2020-11-03 00:54:48,415: ProcessMonitor.register[map_server-1] complete
[roslaunch][INFO] 2020-11-03 00:54:48,415: ... registered process [map_server-1]
[roslaunch][INFO] 2020-11-03 00:54:48,415: process[map_server-1]: starting os process
[roslaunch][INFO] 2020-11-03 00:54:48,415: process[map_server-1]: start w/ args [[u'/opt/ros/indigo/lib/map_server/map_server', '/home/fetch/final_map.yaml', u'__name:=map_server', u'__log:=/home/fetch/.ros/log/21d36b74-1db2-11eb-b089-000babe55698/map_server-1.log']]
[roslaunch][INFO] 2020-11-03 00:54:48,415: process[map_server-1]: cwd will be [/home/fetch/.ros]
[roslaunch][INFO] 2020-11-03 00:54:48,417: process[map_server-1]: started with pid [3659]
[roslaunch][INFO] 2020-11-03 00:54:48,417: ... successfully launched [map_server-1]
[roslaunch][INFO] 2020-11-03 00:54:48,417: ... preparing to launch node of type [rviz/rviz]
[roslaunch][INFO] 2020-11-03 00:54:48,417: create_node_process: package[rviz] type[rviz] machine[Machine(name[] env_loader[None] address[localhost] ssh_port[22] user[None] assignable[True] timeout[10.0])] master_uri[http://localhost:11311]
[roslaunch][INFO] 2020-11-03 00:54:48,418: process[rviz-2]: env[{'ROS_DISTRO': 'indigo', 'NVM_CD_FLAGS': '', 'LESSOPEN': '| /usr/bin/lesspipe %s', 'SSH_CLIENT': '172.22.77.105 54610 22', 'CPATH': '/home/fetch/catkin_ws/devel/include:/opt/ros/indigo/include', 'LOGNAME': 'fetch', 'USER': 'fetch', 'NVM_DIR': '/home/fetch/.nvm', 'PATH': '/home/fetch/.nvm/versions/node/v10.15.3/bin:/opt/ros/indigo/bin:/usr/local/sbin:/usr/local/bin:/usr/sbin:/usr/bin:/sbin:/bin:/usr/games:/usr/local/games', 'HOME': '/home/fetch', 'VIRTUALENVWRAPPER_SCRIPT': '/usr/share/virtualenvwrapper/virtualenvwrapper.sh', 'ROS_LOG_FILENAME': '/home/fetch/.ros/log/21d36b74-1db2-11eb-b089-000babe55698/roslaunch-freight1207-3641.log', 'LANG': 'en_US.UTF-8', 'TERM': 'xterm-256color', 'SHELL': '/bin/bash', 'SHLVL': '1', 'QT_QPA_PLATFORMTHEME': 'appmenu-qt5', 'DISPLAY': 'localhost:10.0', 'NVM_BIN': '/home/fetch/.nvm/versions/node/v10.15.3/bin', '_VIRTUALENVWRAPPER_API': ' mkvirtualenv rmvirtualenv lsvirtualenv showvirtualenv workon add2virtualenv cdsitepackages cdvirtualenv lssitepackages toggleglobalsitepackages cpvirtualenv setvirtualenvproject mkproject cdproject mktmpenv mkvirtualenv rmvirtualenv lsvirtualenv showvirtualenv workon add2virtualenv cdsitepackages cdvirtualenv lssitepackages toggleglobalsitepackages cpvirtualenv setvirtualenvproject mkproject cdproject mktmpenv', 'CMAKE_PREFIX_PATH': '/home/fetch/catkin_ws/devel:/opt/ros/indigo', 'XDG_RUNTIME_DIR': '/run/user/1000', 'PYTHONPATH': '/home/fetch/catkin_ws/devel/lib/python2.7/dist-packages:/opt/ros/indigo/lib/python2.7/dist-packages', 'ROS_ROOT': '/opt/ros/indigo/share/ros', 'PKG_CONFIG_PATH': '/home/fetch/catkin_ws/devel/lib/pkgconfig:/opt/ros/indigo/lib/pkgconfig', 'ROS_PACKAGE_PATH': '/home/fetch/catkin_ws/src:/opt/ros/indigo/share:/opt/ros/indigo/stacks', 'XDG_SESSION_ID': '1', '_': '/opt/ros/indigo/bin/roslaunch', 'LD_LIBRARY_PATH': '/home/fetch/catkin_ws/devel/lib:/opt/ros/indigo/lib', 'LS_COLORS': 'rs=0:di=01;34:ln=01;36:mh=00:pi=40;33:so=01;35:do=01;35:bd=40;33;01:cd=40;33;01:or=40;31;01:su=37;41:sg=30;43:ca=30;41:tw=30;42:ow=34;42:st=37;44:ex=01;32:*.tar=01;31:*.tgz=01;31:*.arj=01;31:*.taz=01;31:*.lzh=01;31:*.lzma=01;31:*.tlz=01;31:*.txz=01;31:*.zip=01;31:*.z=01;31:*.Z=01;31:*.dz=01;31:*.gz=01;31:*.lz=01;31:*.xz=01;31:*.bz2=01;31:*.bz=01;31:*.tbz=01;31:*.tbz2=01;31:*.tz=01;31:*.deb=01;31:*.rpm=01;31:*.jar=01;31:*.war=01;31:*.ear=01;31:*.sar=01;31:*.rar=01;31:*.ace=01;31:*.zoo=01;31:*.cpio=01;31:*.7z=01;31:*.rz=01;31:*.jpg=01;35:*.jpeg=01;35:*.gif=01;35:*.bmp=01;35:*.pbm=01;35:*.pgm=01;35:*.ppm=01;35:*.tga=01;35:*.xbm=01;35:*.xpm=01;35:*.tif=01;35:*.tiff=01;35:*.png=01;35:*.svg=01;35:*.svgz=01;35:*.mng=01;35:*.pcx=01;35:*.mov=01;35:*.mpg=01;35:*.mpeg=01;35:*.m2v=01;35:*.mkv=01;35:*.webm=01;35:*.ogm=01;35:*.mp4=01;35:*.m4v=01;35:*.mp4v=01;35:*.vob=01;35:*.qt=01;35:*.nuv=01;35:*.wmv=01;35:*.asf=01;35:*.rm=01;35:*.rmvb=01;35:*.flc=01;35:*.avi=01;35:*.fli=01;35:*.flv=01;35:*.gl=01;35:*.dl=01;35:*.xcf=01;35:*.xwd=01;35:*.yuv=01;35:*.cgm=01;35:*.emf=01;35:*.axv=01;35:*.anx=01;35:*.ogv=01;35:*.ogx=01;35:*.aac=00;36:*.au=00;36:*.flac=00;36:*.mid=00;36:*.midi=00;36:*.mka=00;36:*.mp3=00;36:*.mpc=00;36:*.ogg=00;36:*.ra=00;36:*.wav=00;36:*.axa=00;36:*.oga=00;36:*.spx=00;36:*.xspf=00;36:', 'LESSCLOSE': '/usr/bin/lesspipe %s %s', 'SSH_TTY': '/dev/pts/6', 'PWD': '/home/fetch', 'ROS_ETC_DIR': '/opt/ros/indigo/etc/ros', 'ROS_MASTER_URI': 'http://localhost:11311', 'MAIL': '/var/mail/fetch', 'SSH_CONNECTION': '172.22.77.105 54610 172.22.77.172 22'}]
[roslaunch][INFO] 2020-11-03 00:54:48,423: process[rviz-2]: args[[u'/opt/ros/indigo/lib/rviz/rviz', '/opt/ros/indigo/share/fetch_navigation/config/navigation.rviz', u'__name:=rviz']]
[roslaunch][INFO] 2020-11-03 00:54:48,423: ... created process [rviz-2]
[roslaunch.pmon][INFO] 2020-11-03 00:54:48,423: ProcessMonitor.register[rviz-2]
[roslaunch.pmon][INFO] 2020-11-03 00:54:48,423: ProcessMonitor.register[rviz-2] complete
[roslaunch][INFO] 2020-11-03 00:54:48,423: ... registered process [rviz-2]
[roslaunch][INFO] 2020-11-03 00:54:48,423: process[rviz-2]: starting os process
[roslaunch][INFO] 2020-11-03 00:54:48,423: process[rviz-2]: start w/ args [[u'/opt/ros/indigo/lib/rviz/rviz', '/opt/ros/indigo/share/fetch_navigation/config/navigation.rviz', u'__name:=rviz', u'__log:=/home/fetch/.ros/log/21d36b74-1db2-11eb-b089-000babe55698/rviz-2.log']]
[roslaunch][INFO] 2020-11-03 00:54:48,423: process[rviz-2]: cwd will be [/home/fetch/.ros]
[roslaunch][INFO] 2020-11-03 00:54:48,425: process[rviz-2]: started with pid [3660]
[roslaunch][INFO] 2020-11-03 00:54:48,425: ... successfully launched [rviz-2]
[roslaunch][INFO] 2020-11-03 00:54:48,425: ... preparing to launch node of type [amcl/amcl]
[roslaunch][INFO] 2020-11-03 00:54:48,425: create_node_process: package[amcl] type[amcl] machine[Machine(name[] env_loader[None] address[localhost] ssh_port[22] user[None] assignable[True] timeout[10.0])] master_uri[http://localhost:11311]
[roslaunch][INFO] 2020-11-03 00:54:48,425: process[amcl-3]: env[{'ROS_DISTRO': 'indigo', 'NVM_CD_FLAGS': '', 'LESSOPEN': '| /usr/bin/lesspipe %s', 'SSH_CLIENT': '172.22.77.105 54610 22', 'CPATH': '/home/fetch/catkin_ws/devel/include:/opt/ros/indigo/include', 'LOGNAME': 'fetch', 'USER': 'fetch', 'NVM_DIR': '/home/fetch/.nvm', 'PATH': '/home/fetch/.nvm/versions/node/v10.15.3/bin:/opt/ros/indigo/bin:/usr/local/sbin:/usr/local/bin:/usr/sbin:/usr/bin:/sbin:/bin:/usr/games:/usr/local/games', 'HOME': '/home/fetch', 'VIRTUALENVWRAPPER_SCRIPT': '/usr/share/virtualenvwrapper/virtualenvwrapper.sh', 'ROS_LOG_FILENAME': '/home/fetch/.ros/log/21d36b74-1db2-11eb-b089-000babe55698/roslaunch-freight1207-3641.log', 'LANG': 'en_US.UTF-8', 'TERM': 'xterm-256color', 'SHELL': '/bin/bash', 'SHLVL': '1', 'QT_QPA_PLATFORMTHEME': 'appmenu-qt5', 'DISPLAY': 'localhost:10.0', 'NVM_BIN': '/home/fetch/.nvm/versions/node/v10.15.3/bin', '_VIRTUALENVWRAPPER_API': ' mkvirtualenv rmvirtualenv lsvirtualenv showvirtualenv workon add2virtualenv cdsitepackages cdvirtualenv lssitepackages toggleglobalsitepackages cpvirtualenv setvirtualenvproject mkproject cdproject mktmpenv mkvirtualenv rmvirtualenv lsvirtualenv showvirtualenv workon add2virtualenv cdsitepackages cdvirtualenv lssitepackages toggleglobalsitepackages cpvirtualenv setvirtualenvproject mkproject cdproject mktmpenv', 'CMAKE_PREFIX_PATH': '/home/fetch/catkin_ws/devel:/opt/ros/indigo', 'XDG_RUNTIME_DIR': '/run/user/1000', 'PYTHONPATH': '/home/fetch/catkin_ws/devel/lib/python2.7/dist-packages:/opt/ros/indigo/lib/python2.7/dist-packages', 'ROS_ROOT': '/opt/ros/indigo/share/ros', 'PKG_CONFIG_PATH': '/home/fetch/catkin_ws/devel/lib/pkgconfig:/opt/ros/indigo/lib/pkgconfig', 'ROS_PACKAGE_PATH': '/home/fetch/catkin_ws/src:/opt/ros/indigo/share:/opt/ros/indigo/stacks', 'XDG_SESSION_ID': '1', '_': '/opt/ros/indigo/bin/roslaunch', 'LD_LIBRARY_PATH': '/home/fetch/catkin_ws/devel/lib:/opt/ros/indigo/lib', 'LS_COLORS': 'rs=0:di=01;34:ln=01;36:mh=00:pi=40;33:so=01;35:do=01;35:bd=40;33;01:cd=40;33;01:or=40;31;01:su=37;41:sg=30;43:ca=30;41:tw=30;42:ow=34;42:st=37;44:ex=01;32:*.tar=01;31:*.tgz=01;31:*.arj=01;31:*.taz=01;31:*.lzh=01;31:*.lzma=01;31:*.tlz=01;31:*.txz=01;31:*.zip=01;31:*.z=01;31:*.Z=01;31:*.dz=01;31:*.gz=01;31:*.lz=01;31:*.xz=01;31:*.bz2=01;31:*.bz=01;31:*.tbz=01;31:*.tbz2=01;31:*.tz=01;31:*.deb=01;31:*.rpm=01;31:*.jar=01;31:*.war=01;31:*.ear=01;31:*.sar=01;31:*.rar=01;31:*.ace=01;31:*.zoo=01;31:*.cpio=01;31:*.7z=01;31:*.rz=01;31:*.jpg=01;35:*.jpeg=01;35:*.gif=01;35:*.bmp=01;35:*.pbm=01;35:*.pgm=01;35:*.ppm=01;35:*.tga=01;35:*.xbm=01;35:*.xpm=01;35:*.tif=01;35:*.tiff=01;35:*.png=01;35:*.svg=01;35:*.svgz=01;35:*.mng=01;35:*.pcx=01;35:*.mov=01;35:*.mpg=01;35:*.mpeg=01;35:*.m2v=01;35:*.mkv=01;35:*.webm=01;35:*.ogm=01;35:*.mp4=01;35:*.m4v=01;35:*.mp4v=01;35:*.vob=01;35:*.qt=01;35:*.nuv=01;35:*.wmv=01;35:*.asf=01;35:*.rm=01;35:*.rmvb=01;35:*.flc=01;35:*.avi=01;35:*.fli=01;35:*.flv=01;35:*.gl=01;35:*.dl=01;35:*.xcf=01;35:*.xwd=01;35:*.yuv=01;35:*.cgm=01;35:*.emf=01;35:*.axv=01;35:*.anx=01;35:*.ogv=01;35:*.ogx=01;35:*.aac=00;36:*.au=00;36:*.flac=00;36:*.mid=00;36:*.midi=00;36:*.mka=00;36:*.mp3=00;36:*.mpc=00;36:*.ogg=00;36:*.ra=00;36:*.wav=00;36:*.axa=00;36:*.oga=00;36:*.spx=00;36:*.xspf=00;36:', 'LESSCLOSE': '/usr/bin/lesspipe %s %s', 'SSH_TTY': '/dev/pts/6', 'PWD': '/home/fetch', 'ROS_ETC_DIR': '/opt/ros/indigo/etc/ros', 'ROS_MASTER_URI': 'http://localhost:11311', 'MAIL': '/var/mail/fetch', 'SSH_CONNECTION': '172.22.77.105 54610 172.22.77.172 22'}]
[roslaunch][INFO] 2020-11-03 00:54:48,426: process[amcl-3]: args[[u'/opt/ros/indigo/lib/amcl/amcl', u'scan:=base_scan', u'map:=map', u'__name:=amcl']]
[roslaunch][INFO] 2020-11-03 00:54:48,427: ... created process [amcl-3]
[roslaunch.pmon][INFO] 2020-11-03 00:54:48,427: ProcessMonitor.register[amcl-3]
[roslaunch.pmon][INFO] 2020-11-03 00:54:48,427: ProcessMonitor.register[amcl-3] complete
[roslaunch][INFO] 2020-11-03 00:54:48,427: ... registered process [amcl-3]
[roslaunch][INFO] 2020-11-03 00:54:48,427: process[amcl-3]: starting os process
[roslaunch][INFO] 2020-11-03 00:54:48,427: process[amcl-3]: start w/ args [[u'/opt/ros/indigo/lib/amcl/amcl', u'scan:=base_scan', u'map:=map', u'__name:=amcl', u'__log:=/home/fetch/.ros/log/21d36b74-1db2-11eb-b089-000babe55698/amcl-3.log']]
[roslaunch][INFO] 2020-11-03 00:54:48,427: process[amcl-3]: cwd will be [/home/fetch/.ros]
[roslaunch][INFO] 2020-11-03 00:54:48,429: process[amcl-3]: started with pid [3661]
[roslaunch][INFO] 2020-11-03 00:54:48,429: ... successfully launched [amcl-3]
[roslaunch][INFO] 2020-11-03 00:54:48,430: ... preparing to launch node of type [move_base/move_base]
[roslaunch][INFO] 2020-11-03 00:54:48,430: create_node_process: package[move_base] type[move_base] machine[Machine(name[] env_loader[None] address[localhost] ssh_port[22] user[None] assignable[True] timeout[10.0])] master_uri[http://localhost:11311]
[roslaunch][INFO] 2020-11-03 00:54:48,430: process[move_base-4]: env[{'ROS_DISTRO': 'indigo', 'NVM_CD_FLAGS': '', 'LESSOPEN': '| /usr/bin/lesspipe %s', 'SSH_CLIENT': '172.22.77.105 54610 22', 'CPATH': '/home/fetch/catkin_ws/devel/include:/opt/ros/indigo/include', 'LOGNAME': 'fetch', 'USER': 'fetch', 'NVM_DIR': '/home/fetch/.nvm', 'PATH': '/home/fetch/.nvm/versions/node/v10.15.3/bin:/opt/ros/indigo/bin:/usr/local/sbin:/usr/local/bin:/usr/sbin:/usr/bin:/sbin:/bin:/usr/games:/usr/local/games', 'HOME': '/home/fetch', 'VIRTUALENVWRAPPER_SCRIPT': '/usr/share/virtualenvwrapper/virtualenvwrapper.sh', 'ROS_LOG_FILENAME': '/home/fetch/.ros/log/21d36b74-1db2-11eb-b089-000babe55698/roslaunch-freight1207-3641.log', 'LANG': 'en_US.UTF-8', 'TERM': 'xterm-256color', 'SHELL': '/bin/bash', 'SHLVL': '1', 'QT_QPA_PLATFORMTHEME': 'appmenu-qt5', 'DISPLAY': 'localhost:10.0', 'NVM_BIN': '/home/fetch/.nvm/versions/node/v10.15.3/bin', '_VIRTUALENVWRAPPER_API': ' mkvirtualenv rmvirtualenv lsvirtualenv showvirtualenv workon add2virtualenv cdsitepackages cdvirtualenv lssitepackages toggleglobalsitepackages cpvirtualenv setvirtualenvproject mkproject cdproject mktmpenv mkvirtualenv rmvirtualenv lsvirtualenv showvirtualenv workon add2virtualenv cdsitepackages cdvirtualenv lssitepackages toggleglobalsitepackages cpvirtualenv setvirtualenvproject mkproject cdproject mktmpenv', 'CMAKE_PREFIX_PATH': '/home/fetch/catkin_ws/devel:/opt/ros/indigo', 'XDG_RUNTIME_DIR': '/run/user/1000', 'PYTHONPATH': '/home/fetch/catkin_ws/devel/lib/python2.7/dist-packages:/opt/ros/indigo/lib/python2.7/dist-packages', 'ROS_ROOT': '/opt/ros/indigo/share/ros', 'PKG_CONFIG_PATH': '/home/fetch/catkin_ws/devel/lib/pkgconfig:/opt/ros/indigo/lib/pkgconfig', 'ROS_PACKAGE_PATH': '/home/fetch/catkin_ws/src:/opt/ros/indigo/share:/opt/ros/indigo/stacks', 'XDG_SESSION_ID': '1', '_': '/opt/ros/indigo/bin/roslaunch', 'LD_LIBRARY_PATH': '/home/fetch/catkin_ws/devel/lib:/opt/ros/indigo/lib', 'LS_COLORS': 'rs=0:di=01;34:ln=01;36:mh=00:pi=40;33:so=01;35:do=01;35:bd=40;33;01:cd=40;33;01:or=40;31;01:su=37;41:sg=30;43:ca=30;41:tw=30;42:ow=34;42:st=37;44:ex=01;32:*.tar=01;31:*.tgz=01;31:*.arj=01;31:*.taz=01;31:*.lzh=01;31:*.lzma=01;31:*.tlz=01;31:*.txz=01;31:*.zip=01;31:*.z=01;31:*.Z=01;31:*.dz=01;31:*.gz=01;31:*.lz=01;31:*.xz=01;31:*.bz2=01;31:*.bz=01;31:*.tbz=01;31:*.tbz2=01;31:*.tz=01;31:*.deb=01;31:*.rpm=01;31:*.jar=01;31:*.war=01;31:*.ear=01;31:*.sar=01;31:*.rar=01;31:*.ace=01;31:*.zoo=01;31:*.cpio=01;31:*.7z=01;31:*.rz=01;31:*.jpg=01;35:*.jpeg=01;35:*.gif=01;35:*.bmp=01;35:*.pbm=01;35:*.pgm=01;35:*.ppm=01;35:*.tga=01;35:*.xbm=01;35:*.xpm=01;35:*.tif=01;35:*.tiff=01;35:*.png=01;35:*.svg=01;35:*.svgz=01;35:*.mng=01;35:*.pcx=01;35:*.mov=01;35:*.mpg=01;35:*.mpeg=01;35:*.m2v=01;35:*.mkv=01;35:*.webm=01;35:*.ogm=01;35:*.mp4=01;35:*.m4v=01;35:*.mp4v=01;35:*.vob=01;35:*.qt=01;35:*.nuv=01;35:*.wmv=01;35:*.asf=01;35:*.rm=01;35:*.rmvb=01;35:*.flc=01;35:*.avi=01;35:*.fli=01;35:*.flv=01;35:*.gl=01;35:*.dl=01;35:*.xcf=01;35:*.xwd=01;35:*.yuv=01;35:*.cgm=01;35:*.emf=01;35:*.axv=01;35:*.anx=01;35:*.ogv=01;35:*.ogx=01;35:*.aac=00;36:*.au=00;36:*.flac=00;36:*.mid=00;36:*.midi=00;36:*.mka=00;36:*.mp3=00;36:*.mpc=00;36:*.ogg=00;36:*.ra=00;36:*.wav=00;36:*.axa=00;36:*.oga=00;36:*.spx=00;36:*.xspf=00;36:', 'LESSCLOSE': '/usr/bin/lesspipe %s %s', 'SSH_TTY': '/dev/pts/6', 'PWD': '/home/fetch', 'ROS_ETC_DIR': '/opt/ros/indigo/etc/ros', 'ROS_MASTER_URI': 'http://localhost:11311', 'MAIL': '/var/mail/fetch', 'SSH_CONNECTION': '172.22.77.105 54610 172.22.77.172 22'}]
[roslaunch][INFO] 2020-11-03 00:54:48,431: process[move_base-4]: args[[u'/opt/ros/indigo/lib/move_base/move_base', u'cmd_vel:=cmd_vel', u'odom:=odom', u'map:=map', u'__name:=move_base']]
[roslaunch][INFO] 2020-11-03 00:54:48,432: ... created process [move_base-4]
[roslaunch.pmon][INFO] 2020-11-03 00:54:48,432: ProcessMonitor.register[move_base-4]
[roslaunch.pmon][INFO] 2020-11-03 00:54:48,432: ProcessMonitor.register[move_base-4] complete
[roslaunch][INFO] 2020-11-03 00:54:48,432: ... registered process [move_base-4]
[roslaunch][INFO] 2020-11-03 00:54:48,432: process[move_base-4]: starting os process
[roslaunch][INFO] 2020-11-03 00:54:48,432: process[move_base-4]: start w/ args [[u'/opt/ros/indigo/lib/move_base/move_base', u'cmd_vel:=cmd_vel', u'odom:=odom', u'map:=map', u'__name:=move_base', u'__log:=/home/fetch/.ros/log/21d36b74-1db2-11eb-b089-000babe55698/move_base-4.log']]
[roslaunch][INFO] 2020-11-03 00:54:48,432: process[move_base-4]: cwd will be [/home/fetch/.ros]
[roslaunch][INFO] 2020-11-03 00:54:48,434: process[move_base-4]: started with pid [3662]
[roslaunch][INFO] 2020-11-03 00:54:48,435: ... successfully launched [move_base-4]
[roslaunch][INFO] 2020-11-03 00:54:48,435: ... launch_nodes complete
[roslaunch.pmon][INFO] 2020-11-03 00:54:48,435: registrations completed <ProcessMonitor(ProcessMonitor-1, started daemon 140089440868096)>
[roslaunch.parent][INFO] 2020-11-03 00:54:48,435: ... roslaunch parent running, waiting for process exit
[roslaunch][INFO] 2020-11-03 00:54:48,435: spin
[roslaunch][INFO] 2020-11-03 00:57:54,449: [map_server-1] process has finished cleanly
log file: /home/fetch/.ros/log/21d36b74-1db2-11eb-b089-000babe55698/map_server-1*.log
[roslaunch][INFO] 2020-11-03 00:57:54,449: [amcl-3] process has finished cleanly
log file: /home/fetch/.ros/log/21d36b74-1db2-11eb-b089-000babe55698/amcl-3*.log
[roslaunch.pmon][INFO] 2020-11-03 00:57:54,449: ProcessMonitor.unregister[map_server-1] starting
[roslaunch.pmon][INFO] 2020-11-03 00:57:54,449: ProcessMonitor.unregister[map_server-1] complete
[roslaunch.pmon][INFO] 2020-11-03 00:57:54,449: ProcessMonitor.unregister[amcl-3] starting
[roslaunch.pmon][INFO] 2020-11-03 00:57:54,450: ProcessMonitor.unregister[amcl-3] complete
[roslaunch][INFO] 2020-11-03 00:57:54,550: [move_base-4] process has finished cleanly
log file: /home/fetch/.ros/log/21d36b74-1db2-11eb-b089-000babe55698/move_base-4*.log
[roslaunch][INFO] 2020-11-03 00:57:54,550: [move_base-4] restarting process
[roslaunch][INFO] 2020-11-03 00:57:54,550: process[move_base-4]: restarting os process
[roslaunch][INFO] 2020-11-03 00:57:54,550: process[move_base-4]: start w/ args [[u'/opt/ros/indigo/lib/move_base/move_base', u'cmd_vel:=cmd_vel', u'odom:=odom', u'map:=map', u'__name:=move_base', u'__log:=/home/fetch/.ros/log/21d36b74-1db2-11eb-b089-000babe55698/move_base-4.log']]
[roslaunch][INFO] 2020-11-03 00:57:54,550: process[move_base-4]: cwd will be [/home/fetch/.ros]
[roslaunch][INFO] 2020-11-03 00:57:54,552: process[move_base-4]: started with pid [6398]
[roslaunch][INFO] 2020-11-03 00:57:55,654: [move_base-4] process has finished cleanly
log file: /home/fetch/.ros/log/21d36b74-1db2-11eb-b089-000babe55698/move_base-4*.log
[roslaunch][INFO] 2020-11-03 00:57:55,654: [move_base-4] restarting process
[roslaunch][INFO] 2020-11-03 00:57:55,654: process[move_base-4]: restarting os process
[roslaunch][INFO] 2020-11-03 00:57:55,654: process[move_base-4]: start w/ args [[u'/opt/ros/indigo/lib/move_base/move_base', u'cmd_vel:=cmd_vel', u'odom:=odom', u'map:=map', u'__name:=move_base', u'__log:=/home/fetch/.ros/log/21d36b74-1db2-11eb-b089-000babe55698/move_base-4.log']]
[roslaunch][INFO] 2020-11-03 00:57:55,654: process[move_base-4]: cwd will be [/home/fetch/.ros]
[roslaunch][INFO] 2020-11-03 00:57:55,656: process[move_base-4]: started with pid [7514]
[roslaunch][INFO] 2020-11-03 00:57:56,758: [move_base-4] process has finished cleanly
log file: /home/fetch/.ros/log/21d36b74-1db2-11eb-b089-000babe55698/move_base-4*.log
[roslaunch][INFO] 2020-11-03 00:57:56,758: [move_base-4] restarting process
[roslaunch][INFO] 2020-11-03 00:57:56,758: process[move_base-4]: restarting os process
[roslaunch][INFO] 2020-11-03 00:57:56,758: process[move_base-4]: start w/ args [[u'/opt/ros/indigo/lib/move_base/move_base', u'cmd_vel:=cmd_vel', u'odom:=odom', u'map:=map', u'__name:=move_base', u'__log:=/home/fetch/.ros/log/21d36b74-1db2-11eb-b089-000babe55698/move_base-4.log']]
[roslaunch][INFO] 2020-11-03 00:57:56,758: process[move_base-4]: cwd will be [/home/fetch/.ros]
[roslaunch][INFO] 2020-11-03 00:57:56,760: process[move_base-4]: started with pid [8624]
[roslaunch][INFO] 2020-11-03 00:57:57,861: [move_base-4] process has finished cleanly
log file: /home/fetch/.ros/log/21d36b74-1db2-11eb-b089-000babe55698/move_base-4*.log
[roslaunch][INFO] 2020-11-03 00:57:57,862: [move_base-4] restarting process
[roslaunch][INFO] 2020-11-03 00:57:57,862: process[move_base-4]: restarting os process
[roslaunch][INFO] 2020-11-03 00:57:57,862: process[move_base-4]: start w/ args [[u'/opt/ros/indigo/lib/move_base/move_base', u'cmd_vel:=cmd_vel', u'odom:=odom', u'map:=map', u'__name:=move_base', u'__log:=/home/fetch/.ros/log/21d36b74-1db2-11eb-b089-000babe55698/move_base-4.log']]
[roslaunch][INFO] 2020-11-03 00:57:57,862: process[move_base-4]: cwd will be [/home/fetch/.ros]
[roslaunch][INFO] 2020-11-03 00:57:57,863: process[move_base-4]: started with pid [9740]
[roslaunch][INFO] 2020-11-03 00:57:58,965: [move_base-4] process has finished cleanly
log file: /home/fetch/.ros/log/21d36b74-1db2-11eb-b089-000babe55698/move_base-4*.log
[roslaunch][INFO] 2020-11-03 00:57:58,965: [move_base-4] restarting process
[roslaunch][INFO] 2020-11-03 00:57:58,965: process[move_base-4]: restarting os process
[roslaunch][INFO] 2020-11-03 00:57:58,965: process[move_base-4]: start w/ args [[u'/opt/ros/indigo/lib/move_base/move_base', u'cmd_vel:=cmd_vel', u'odom:=odom', u'map:=map', u'__name:=move_base', u'__log:=/home/fetch/.ros/log/21d36b74-1db2-11eb-b089-000babe55698/move_base-4.log']]
[roslaunch][INFO] 2020-11-03 00:57:58,966: process[move_base-4]: cwd will be [/home/fetch/.ros]
[roslaunch][INFO] 2020-11-03 00:57:58,967: process[move_base-4]: started with pid [10851]
[roslaunch][INFO] 2020-11-03 00:58:00,069: [move_base-4] process has finished cleanly
log file: /home/fetch/.ros/log/21d36b74-1db2-11eb-b089-000babe55698/move_base-4*.log
[roslaunch][INFO] 2020-11-03 00:58:00,069: [move_base-4] restarting process
[roslaunch][INFO] 2020-11-03 00:58:00,069: process[move_base-4]: restarting os process
[roslaunch][INFO] 2020-11-03 00:58:00,069: process[move_base-4]: start w/ args [[u'/opt/ros/indigo/lib/move_base/move_base', u'cmd_vel:=cmd_vel', u'odom:=odom', u'map:=map', u'__name:=move_base', u'__log:=/home/fetch/.ros/log/21d36b74-1db2-11eb-b089-000babe55698/move_base-4.log']]
[roslaunch][INFO] 2020-11-03 00:58:00,069: process[move_base-4]: cwd will be [/home/fetch/.ros]
[roslaunch][INFO] 2020-11-03 00:58:00,071: process[move_base-4]: started with pid [11967]
[roslaunch][INFO] 2020-11-03 00:58:01,173: [move_base-4] process has finished cleanly
log file: /home/fetch/.ros/log/21d36b74-1db2-11eb-b089-000babe55698/move_base-4*.log
[roslaunch][INFO] 2020-11-03 00:58:01,173: [move_base-4] restarting process
[roslaunch][INFO] 2020-11-03 00:58:01,173: process[move_base-4]: restarting os process
[roslaunch][INFO] 2020-11-03 00:58:01,173: process[move_base-4]: start w/ args [[u'/opt/ros/indigo/lib/move_base/move_base', u'cmd_vel:=cmd_vel', u'odom:=odom', u'map:=map', u'__name:=move_base', u'__log:=/home/fetch/.ros/log/21d36b74-1db2-11eb-b089-000babe55698/move_base-4.log']]
[roslaunch][INFO] 2020-11-03 00:58:01,173: process[move_base-4]: cwd will be [/home/fetch/.ros]
[roslaunch][INFO] 2020-11-03 00:58:01,175: process[move_base-4]: started with pid [13077]
[roslaunch][INFO] 2020-11-03 00:58:02,276: [move_base-4] process has finished cleanly
log file: /home/fetch/.ros/log/21d36b74-1db2-11eb-b089-000babe55698/move_base-4*.log
[roslaunch][INFO] 2020-11-03 00:58:02,277: [move_base-4] restarting process
[roslaunch][INFO] 2020-11-03 00:58:02,277: process[move_base-4]: restarting os process
[roslaunch][INFO] 2020-11-03 00:58:02,277: process[move_base-4]: start w/ args [[u'/opt/ros/indigo/lib/move_base/move_base', u'cmd_vel:=cmd_vel', u'odom:=odom', u'map:=map', u'__name:=move_base', u'__log:=/home/fetch/.ros/log/21d36b74-1db2-11eb-b089-000babe55698/move_base-4.log']]
[roslaunch][INFO] 2020-11-03 00:58:02,277: process[move_base-4]: cwd will be [/home/fetch/.ros]
[roslaunch][INFO] 2020-11-03 00:58:02,279: process[move_base-4]: started with pid [14209]
[roslaunch.pmon][INFO] 2020-11-03 00:58:16,182: ProcessMonitor.shutdown <ProcessMonitor(ProcessMonitor-1, started daemon 140089440868096)>
[roslaunch.pmon][INFO] 2020-11-03 00:58:16,202: ProcessMonitor._post_run <ProcessMonitor(ProcessMonitor-1, started daemon 140089440868096)>
[roslaunch.pmon][INFO] 2020-11-03 00:58:16,202: ProcessMonitor._post_run <ProcessMonitor(ProcessMonitor-1, started daemon 140089440868096)>: remaining procs are [<roslaunch.nodeprocess.LocalProcess object at 0x7f691d7d9710>, <roslaunch.nodeprocess.LocalProcess object at 0x7f691c59c3d0>]
[roslaunch.pmon][INFO] 2020-11-03 00:58:16,202: ProcessMonitor exit: killing move_base-4
[roslaunch][INFO] 2020-11-03 00:58:16,202: [move_base-4] killing on exit
[roslaunch.pmon][INFO] 2020-11-03 00:58:16,202: ProcessMonitor exit: killing rviz-2
[roslaunch][INFO] 2020-11-03 00:58:16,203: process[move_base-4]: killing os process with pid[14209] pgid[14209]
[roslaunch][INFO] 2020-11-03 00:58:16,203: [rviz-2] killing on exit
[roslaunch][INFO] 2020-11-03 00:58:16,203: [move_base-4] sending SIGINT to pgid [14209]
[roslaunch][INFO] 2020-11-03 00:58:16,203: process[rviz-2]: killing os process with pid[3660] pgid[3660]
[roslaunch][INFO] 2020-11-03 00:58:16,203: [move_base-4] sent SIGINT to pgid [14209]
[roslaunch][INFO] 2020-11-03 00:58:16,203: [rviz-2] sending SIGINT to pgid [3660]
[roslaunch][INFO] 2020-11-03 00:58:16,204: [rviz-2] sent SIGINT to pgid [3660]
[roslaunch][INFO] 2020-11-03 00:58:16,704: process[move_base-4]: SIGINT killed with return value 0
[roslaunch][INFO] 2020-11-03 00:58:22,813: process[rviz-2]: SIGINT killed with return value 0
[roslaunch.pmon][INFO] 2020-11-03 00:58:22,814: ProcessMonitor exit: cleaning up data structures and signals
[roslaunch.pmon][INFO] 2020-11-03 00:58:22,814: ProcessMonitor exit: pmon has shutdown
[roslaunch][INFO] 2020-11-03 00:58:22,824: process monitor is done spinning, initiating full shutdown
[roslaunch][INFO] 2020-11-03 00:58:22,824: runner.stop()
[roslaunch][INFO] 2020-11-03 00:58:22,824: shutting down processing monitor...
[roslaunch][INFO] 2020-11-03 00:58:22,824: shutting down processing monitor <ProcessMonitor(ProcessMonitor-1, stopped daemon 140089440868096)>
[roslaunch.pmon][INFO] 2020-11-03 00:58:22,825: ProcessMonitor.shutdown <ProcessMonitor(ProcessMonitor-1, stopped daemon 140089440868096)>
[roslaunch][INFO] 2020-11-03 00:58:22,825: ... shutting down processing monitor complete
[roslaunch][INFO] 2020-11-03 00:58:22,825: done
[roslaunch.pmon][INFO] 2020-11-03 00:58:22,825: ProcessMonitor.shutdown <ProcessMonitor(ProcessMonitor-1, stopped daemon 140089440868096)>
[rospy.core][INFO] 2020-11-03 00:58:22,825: signal_shutdown [atexit]
