[rospy.client][INFO] 2020-11-01 21:48:21,388: init_node, name[/rostful_server], pid[3337]
[xmlrpc][INFO] 2020-11-01 21:48:21,389: XML-RPC server binding to 0.0.0.0:0
[xmlrpc][INFO] 2020-11-01 21:48:21,389: Started XML-RPC server [http://freight1207:53674/]
[rospy.init][INFO] 2020-11-01 21:48:21,389: ROS Slave URI: [http://freight1207:53674/]
[rospy.impl.masterslave][INFO] 2020-11-01 21:48:21,389: _ready: http://freight1207:53674/
[xmlrpc][INFO] 2020-11-01 21:48:21,389: xml rpc node: starting XML-RPC server
[rospy.registration][INFO] 2020-11-01 21:48:21,390: Registering with master node http://localhost:11311
[rospy.init][INFO] 2020-11-01 21:48:21,489: registered with master
[rospy.rosout][INFO] 2020-11-01 21:48:21,489: initializing /rosout core topic
[rospy.rosout][INFO] 2020-11-01 21:48:21,491: connected to core topic /rosout
[rospy.simtime][INFO] 2020-11-01 21:48:21,492: /use_sim_time is not set, will not subscribe to simulated time [/clock] topic
[rosout][WARNING] 2020-11-01 21:48:21,496: rostful_server: Delaying the start 1 seconds
[rospy.internal][INFO] 2020-11-01 21:48:21,694: topic[/rosout] adding connection to [/rosout], count 0
[rosout][INFO] 2020-11-01 21:48:22,527: rostful_server: Started server on port 8080
[rospy.internal][INFO] 2020-11-01 21:48:22,555: topic[/enable_software_runstop] adding connection to [http://freight1207:53674/], count 0
[rospy.internal][INFO] 2020-11-01 21:48:22,556: topic[/enable_software_runstop] adding connection to [/rostful_server], count 0
[rospy.internal][INFO] 2020-11-01 21:48:22,601: topic[/enable_software_runstop] adding connection to [/software_runstop], count 1
[rosout][INFO] 2020-11-01 21:49:27,651: rostful_server: Shutting down the server
[rospy.core][INFO] 2020-11-01 21:49:27,652: signal_shutdown [Closing]
[rospy.internal][INFO] 2020-11-01 21:49:27,657: topic[/enable_software_runstop] removing connection to /rostful_server
[rospy.internal][INFO] 2020-11-01 21:49:27,658: topic[/enable_software_runstop] removing connection to /software_runstop
[rospy.internal][INFO] 2020-11-01 21:49:27,658: topic[/rosout] removing connection to /rosout
[rospy.internal][INFO] 2020-11-01 21:49:27,659: topic[/enable_software_runstop] removing connection to http://freight1207:53674/
[rospy.impl.masterslave][INFO] 2020-11-01 21:49:27,660: Closing
[rospy.internal][WARNING] 2020-11-01 21:49:27,661: Unknown error initiating TCP/IP socket to freight1207:41295 (http://freight1207:53674/): Traceback (most recent call last):
  File "/opt/ros/indigo/lib/python2.7/dist-packages/rospy/impl/tcpros_base.py", line 558, in connect
    self.local_endpoint = self.socket.getsockname()
AttributeError: 'NoneType' object has no attribute 'getsockname'

[rospy.core][INFO] 2020-11-01 21:49:27,792: signal_shutdown [atexit]
[rospy.client][INFO] 2020-11-01 21:49:58,124: init_node, name[/rostful_server], pid[3420]
[xmlrpc][INFO] 2020-11-01 21:49:58,124: XML-RPC server binding to 0.0.0.0:0
[xmlrpc][INFO] 2020-11-01 21:49:58,124: Started XML-RPC server [http://freight1207:59389/]
[rospy.init][INFO] 2020-11-01 21:49:58,124: ROS Slave URI: [http://freight1207:59389/]
[rospy.impl.masterslave][INFO] 2020-11-01 21:49:58,124: _ready: http://freight1207:59389/
[xmlrpc][INFO] 2020-11-01 21:49:58,125: xml rpc node: starting XML-RPC server
[rospy.registration][INFO] 2020-11-01 21:49:58,125: Registering with master node http://localhost:11311
[rospy.init][INFO] 2020-11-01 21:49:58,225: registered with master
[rospy.rosout][INFO] 2020-11-01 21:49:58,225: initializing /rosout core topic
[rospy.rosout][INFO] 2020-11-01 21:49:58,227: connected to core topic /rosout
[rospy.simtime][INFO] 2020-11-01 21:49:58,227: /use_sim_time is not set, will not subscribe to simulated time [/clock] topic
[rosout][WARNING] 2020-11-01 21:49:58,232: rostful_server: Delaying the start 1 seconds
[rospy.internal][INFO] 2020-11-01 21:49:58,429: topic[/rosout] adding connection to [/rosout], count 0
[rosout][INFO] 2020-11-01 21:49:59,265: rostful_server: Started server on port 8080
[rospy.internal][INFO] 2020-11-01 21:49:59,291: topic[/enable_software_runstop] adding connection to [http://freight1207:59389/], count 0
[rospy.internal][INFO] 2020-11-01 21:49:59,292: topic[/enable_software_runstop] adding connection to [/rostful_server], count 0
[rospy.internal][INFO] 2020-11-01 21:49:59,340: topic[/enable_software_runstop] adding connection to [/software_runstop], count 1
[rosout][INFO] 2020-11-01 21:54:33,691: rostful_server: Shutting down the server
[rospy.core][INFO] 2020-11-01 21:54:33,691: signal_shutdown [Closing]
[rospy.internal][INFO] 2020-11-01 21:54:33,693: topic[/enable_software_runstop] removing connection to /rostful_server
[rospy.internal][INFO] 2020-11-01 21:54:33,693: topic[/enable_software_runstop] removing connection to /software_runstop
[rospy.internal][INFO] 2020-11-01 21:54:33,693: topic[/rosout] removing connection to /rosout
[rospy.internal][INFO] 2020-11-01 21:54:33,693: topic[/enable_software_runstop] removing connection to http://freight1207:59389/
[rospy.impl.masterslave][INFO] 2020-11-01 21:54:33,694: Closing
[rospy.internal][ERROR] 2020-11-01 21:54:33,694: Unable to initiate TCP/IP socket to freight1207:60316 (http://freight1207:59389/): Traceback (most recent call last):
  File "/opt/ros/indigo/lib/python2.7/dist-packages/rospy/impl/tcpros_base.py", line 557, in connect
    self.read_header()
  File "/opt/ros/indigo/lib/python2.7/dist-packages/rospy/impl/tcpros_base.py", line 619, in read_header
    self._validate_header(read_ros_handshake_header(sock, self.read_buff, self.protocol.buff_size))
  File "/opt/ros/indigo/lib/python2.7/dist-packages/rospy/impl/tcpros_base.py", line 580, in _validate_header
    raise TransportInitError("remote error reported: %s"%header['error'])
TransportInitError: remote error reported: node shutting down

[rospy.core][INFO] 2020-11-01 21:54:33,857: signal_shutdown [atexit]
[rospy.client][INFO] 2020-11-01 21:54:35,919: init_node, name[/rostful_server], pid[3510]
[xmlrpc][INFO] 2020-11-01 21:54:35,920: XML-RPC server binding to 0.0.0.0:0
[xmlrpc][INFO] 2020-11-01 21:54:35,920: Started XML-RPC server [http://freight1207:35726/]
[rospy.init][INFO] 2020-11-01 21:54:35,920: ROS Slave URI: [http://freight1207:35726/]
[rospy.impl.masterslave][INFO] 2020-11-01 21:54:35,920: _ready: http://freight1207:35726/
[xmlrpc][INFO] 2020-11-01 21:54:35,920: xml rpc node: starting XML-RPC server
[rospy.registration][INFO] 2020-11-01 21:54:35,921: Registering with master node http://localhost:11311
[rospy.init][INFO] 2020-11-01 21:54:36,020: registered with master
[rospy.rosout][INFO] 2020-11-01 21:54:36,021: initializing /rosout core topic
[rospy.rosout][INFO] 2020-11-01 21:54:36,023: connected to core topic /rosout
[rospy.simtime][INFO] 2020-11-01 21:54:36,024: /use_sim_time is not set, will not subscribe to simulated time [/clock] topic
[rosout][WARNING] 2020-11-01 21:54:36,033: rostful_server: Delaying the start 1 seconds
[rospy.internal][INFO] 2020-11-01 21:54:36,236: topic[/rosout] adding connection to [/rosout], count 0
[rosout][INFO] 2020-11-01 21:54:37,065: rostful_server: Started server on port 8080
[rospy.internal][INFO] 2020-11-01 21:54:37,086: topic[/enable_software_runstop] adding connection to [http://freight1207:35726/], count 0
[rospy.internal][INFO] 2020-11-01 21:54:37,087: topic[/enable_software_runstop] adding connection to [/rostful_server], count 0
[rospy.internal][INFO] 2020-11-01 21:54:37,177: topic[/enable_software_runstop] adding connection to [/software_runstop], count 1
[rosout][INFO] 2020-11-01 22:00:39,147: rostful_server: Shutting down the server
[rospy.core][INFO] 2020-11-01 22:00:39,148: signal_shutdown [Closing]
[rospy.internal][INFO] 2020-11-01 22:00:39,152: topic[/enable_software_runstop] removing connection to /rostful_server
[rospy.internal][INFO] 2020-11-01 22:00:39,153: topic[/enable_software_runstop] removing connection to /software_runstop
[rospy.internal][INFO] 2020-11-01 22:00:39,153: topic[/rosout] removing connection to /rosout
[rospy.internal][INFO] 2020-11-01 22:00:39,154: topic[/enable_software_runstop] removing connection to http://freight1207:35726/
[rospy.impl.masterslave][INFO] 2020-11-01 22:00:39,155: Closing
[rospy.internal][WARNING] 2020-11-01 22:00:39,155: Unknown error initiating TCP/IP socket to freight1207:39419 (http://freight1207:35726/): Traceback (most recent call last):
  File "/opt/ros/indigo/lib/python2.7/dist-packages/rospy/impl/tcpros_base.py", line 557, in connect
    self.read_header()
  File "/opt/ros/indigo/lib/python2.7/dist-packages/rospy/impl/tcpros_base.py", line 619, in read_header
    self._validate_header(read_ros_handshake_header(sock, self.read_buff, self.protocol.buff_size))
AttributeError: 'NoneType' object has no attribute 'buff_size'

[rospy.core][INFO] 2020-11-01 22:00:39,286: signal_shutdown [atexit]
[rospy.client][INFO] 2020-11-01 22:00:45,290: init_node, name[/rostful_server], pid[4413]
[xmlrpc][INFO] 2020-11-01 22:00:45,291: XML-RPC server binding to 0.0.0.0:0
[rospy.init][INFO] 2020-11-01 22:00:45,291: ROS Slave URI: [http://freight1207:40948/]
[xmlrpc][INFO] 2020-11-01 22:00:45,291: Started XML-RPC server [http://freight1207:40948/]
[rospy.impl.masterslave][INFO] 2020-11-01 22:00:45,291: _ready: http://freight1207:40948/
[xmlrpc][INFO] 2020-11-01 22:00:45,291: xml rpc node: starting XML-RPC server
[rospy.registration][INFO] 2020-11-01 22:00:45,292: Registering with master node http://localhost:11311
[rospy.init][INFO] 2020-11-01 22:00:45,391: registered with master
[rospy.rosout][INFO] 2020-11-01 22:00:45,391: initializing /rosout core topic
[rospy.rosout][INFO] 2020-11-01 22:00:45,393: connected to core topic /rosout
[rospy.simtime][INFO] 2020-11-01 22:00:45,394: /use_sim_time is not set, will not subscribe to simulated time [/clock] topic
[rosout][WARNING] 2020-11-01 22:00:45,398: rostful_server: Delaying the start 1 seconds
[rospy.internal][INFO] 2020-11-01 22:00:45,659: topic[/rosout] adding connection to [/rosout], count 0
[rosout][INFO] 2020-11-01 22:00:46,445: rostful_server: Started server on port 8080
[rospy.internal][INFO] 2020-11-01 22:00:46,457: topic[/enable_software_runstop] adding connection to [http://freight1207:40948/], count 0
[rospy.internal][INFO] 2020-11-01 22:00:46,458: topic[/enable_software_runstop] adding connection to [/rostful_server], count 0
[rospy.internal][INFO] 2020-11-01 22:00:46,489: topic[/enable_software_runstop] adding connection to [/software_runstop], count 1
[rosout][INFO] 2020-11-01 22:01:19,237: rostful_server: Shutting down the server
[rospy.core][INFO] 2020-11-01 22:01:19,237: signal_shutdown [Closing]
[rospy.internal][INFO] 2020-11-01 22:01:19,239: topic[/enable_software_runstop] removing connection to /rostful_server
[rospy.internal][INFO] 2020-11-01 22:01:19,239: topic[/enable_software_runstop] removing connection to /software_runstop
[rospy.internal][INFO] 2020-11-01 22:01:19,240: topic[/rosout] removing connection to /rosout
[rospy.internal][INFO] 2020-11-01 22:01:19,240: topic[/enable_software_runstop] removing connection to http://freight1207:40948/
[rospy.impl.masterslave][INFO] 2020-11-01 22:01:19,240: Closing
[rospy.internal][ERROR] 2020-11-01 22:01:19,240: Unable to initiate TCP/IP socket to freight1207:46794 (http://freight1207:40948/): Traceback (most recent call last):
  File "/opt/ros/indigo/lib/python2.7/dist-packages/rospy/impl/tcpros_base.py", line 557, in connect
    self.read_header()
  File "/opt/ros/indigo/lib/python2.7/dist-packages/rospy/impl/tcpros_base.py", line 619, in read_header
    self._validate_header(read_ros_handshake_header(sock, self.read_buff, self.protocol.buff_size))
  File "/opt/ros/indigo/lib/python2.7/dist-packages/rospy/impl/tcpros_base.py", line 580, in _validate_header
    raise TransportInitError("remote error reported: %s"%header['error'])
TransportInitError: remote error reported: node shutting down

[rospy.core][INFO] 2020-11-01 22:01:19,404: signal_shutdown [atexit]
[rospy.client][INFO] 2020-11-01 22:01:24,166: init_node, name[/rostful_server], pid[4485]
[xmlrpc][INFO] 2020-11-01 22:01:24,167: XML-RPC server binding to 0.0.0.0:0
[xmlrpc][INFO] 2020-11-01 22:01:24,167: Started XML-RPC server [http://freight1207:33973/]
[rospy.init][INFO] 2020-11-01 22:01:24,167: ROS Slave URI: [http://freight1207:33973/]
[rospy.impl.masterslave][INFO] 2020-11-01 22:01:24,167: _ready: http://freight1207:33973/
[xmlrpc][INFO] 2020-11-01 22:01:24,168: xml rpc node: starting XML-RPC server
[rospy.registration][INFO] 2020-11-01 22:01:24,168: Registering with master node http://localhost:11311
[rospy.init][INFO] 2020-11-01 22:01:24,267: registered with master
[rospy.rosout][INFO] 2020-11-01 22:01:24,268: initializing /rosout core topic
[rospy.rosout][INFO] 2020-11-01 22:01:24,270: connected to core topic /rosout
[rospy.simtime][INFO] 2020-11-01 22:01:24,271: /use_sim_time is not set, will not subscribe to simulated time [/clock] topic
[rosout][WARNING] 2020-11-01 22:01:24,282: rostful_server: Delaying the start 1 seconds
[rospy.internal][INFO] 2020-11-01 22:01:24,514: topic[/rosout] adding connection to [/rosout], count 0
[rosout][INFO] 2020-11-01 22:01:25,314: rostful_server: Started server on port 8080
[rospy.internal][INFO] 2020-11-01 22:01:25,333: topic[/enable_software_runstop] adding connection to [http://freight1207:33973/], count 0
[rospy.internal][INFO] 2020-11-01 22:01:25,335: topic[/enable_software_runstop] adding connection to [/rostful_server], count 0
[rospy.internal][INFO] 2020-11-01 22:01:25,363: topic[/enable_software_runstop] adding connection to [/software_runstop], count 1
[rosout][INFO] 2020-11-01 22:01:57,700: rostful_server: Shutting down the server
[rospy.core][INFO] 2020-11-01 22:01:57,700: signal_shutdown [Closing]
[rospy.internal][INFO] 2020-11-01 22:01:57,702: topic[/enable_software_runstop] removing connection to /rostful_server
[rospy.internal][INFO] 2020-11-01 22:01:57,702: topic[/enable_software_runstop] removing connection to /software_runstop
[rospy.internal][INFO] 2020-11-01 22:01:57,702: topic[/rosout] removing connection to /rosout
[rospy.internal][INFO] 2020-11-01 22:01:57,703: topic[/enable_software_runstop] removing connection to http://freight1207:33973/
[rospy.impl.masterslave][INFO] 2020-11-01 22:01:57,703: Closing
[rospy.internal][WARNING] 2020-11-01 22:01:57,704: Unknown error initiating TCP/IP socket to freight1207:58253 (http://freight1207:33973/): Traceback (most recent call last):
  File "/opt/ros/indigo/lib/python2.7/dist-packages/rospy/impl/tcpros_base.py", line 557, in connect
    self.read_header()
  File "/opt/ros/indigo/lib/python2.7/dist-packages/rospy/impl/tcpros_base.py", line 619, in read_header
    self._validate_header(read_ros_handshake_header(sock, self.read_buff, self.protocol.buff_size))
  File "/opt/ros/indigo/lib/python2.7/dist-packages/rosgraph/network.py", line 363, in read_ros_handshake_header
    d = sock.recv(buff_size)
error: [Errno 104] Connection reset by peer

[rospy.core][INFO] 2020-11-01 22:01:57,806: signal_shutdown [atexit]
[rospy.client][INFO] 2020-11-01 22:02:36,509: init_node, name[/rostful_server], pid[4723]
[xmlrpc][INFO] 2020-11-01 22:02:36,509: XML-RPC server binding to 0.0.0.0:0
[xmlrpc][INFO] 2020-11-01 22:02:36,510: Started XML-RPC server [http://freight1207:53540/]
[rospy.init][INFO] 2020-11-01 22:02:36,510: ROS Slave URI: [http://freight1207:53540/]
[rospy.impl.masterslave][INFO] 2020-11-01 22:02:36,510: _ready: http://freight1207:53540/
[xmlrpc][INFO] 2020-11-01 22:02:36,510: xml rpc node: starting XML-RPC server
[rospy.registration][INFO] 2020-11-01 22:02:36,510: Registering with master node http://localhost:11311
[rospy.init][INFO] 2020-11-01 22:02:36,610: registered with master
[rospy.rosout][INFO] 2020-11-01 22:02:36,610: initializing /rosout core topic
[rospy.rosout][INFO] 2020-11-01 22:02:36,612: connected to core topic /rosout
[rospy.simtime][INFO] 2020-11-01 22:02:36,613: /use_sim_time is not set, will not subscribe to simulated time [/clock] topic
[rosout][WARNING] 2020-11-01 22:02:36,617: rostful_server: Delaying the start 1 seconds
[rospy.internal][INFO] 2020-11-01 22:02:36,814: topic[/rosout] adding connection to [/rosout], count 0
[rosout][INFO] 2020-11-01 22:02:37,663: rostful_server: Started server on port 8080
[rospy.internal][INFO] 2020-11-01 22:02:37,677: topic[/current/pose] adding connection to [http://freight1207:45346/], count 0
[rospy.internal][INFO] 2020-11-01 22:02:37,679: topic[/enable_software_runstop] adding connection to [http://freight1207:53540/], count 0
[rospy.internal][INFO] 2020-11-01 22:02:37,680: topic[/current/pose] adding connection to [http://freight1207:53540/], count 1
[rospy.internal][INFO] 2020-11-01 22:02:37,681: topic[/enable_software_runstop] adding connection to [/rostful_server], count 0
[rospy.internal][INFO] 2020-11-01 22:02:37,681: topic[/local_control/cancel] adding connection to [http://freight1207:53540/], count 0
[rospy.internal][INFO] 2020-11-01 22:02:37,682: topic[/local_control/initialpose] adding connection to [http://freight1207:53540/], count 0
[rospy.internal][INFO] 2020-11-01 22:02:37,683: topic[/current/pose] adding connection to [/rostful_server], count 0
[rospy.internal][INFO] 2020-11-01 22:02:37,683: topic[/local_control/goto] adding connection to [http://freight1207:53540/], count 0
[rospy.internal][INFO] 2020-11-01 22:02:37,684: topic[/local_control/cancel] adding connection to [/rostful_server], count 0
[rospy.internal][INFO] 2020-11-01 22:02:37,684: topic[/local_control/initialpose] adding connection to [/rostful_server], count 0
[rospy.internal][INFO] 2020-11-01 22:02:37,685: topic[/local_control/goto] adding connection to [/rostful_server], count 0
[rospy.internal][INFO] 2020-11-01 22:02:37,745: topic[/enable_software_runstop] adding connection to [/software_runstop], count 1
[rospy.internal][INFO] 2020-11-01 22:02:37,915: topic[/local_control/initialpose] adding connection to [/local_control_initialpose], count 1
[rospy.internal][INFO] 2020-11-01 22:02:37,916: topic[/local_control/goto] adding connection to [/local_control_navigation], count 1
[rospy.internal][INFO] 2020-11-01 22:02:37,916: topic[/local_control/cancel] adding connection to [/local_control_navigation], count 1
[rosout][WARNING] 2020-11-01 22:02:38,553: publishing header: 
  seq: 0
  stamp: 
    secs: 0
    nsecs:         0
  frame_id: ''
goals: 
  - 
    locationX: 0.5
    locationY: -0.19
    orientation: 0.49
  - 
    locationX: 0.45
    locationY: -1.23
    orientation: -0.71 to topic /local_control/goto
[rosout][INFO] 2020-11-01 22:02:42,102: rostful_server: Shutting down the server
[rospy.core][INFO] 2020-11-01 22:02:42,102: signal_shutdown [Closing]
[rospy.internal][INFO] 2020-11-01 22:02:42,106: topic[/enable_software_runstop] removing connection to /rostful_server
[rospy.internal][INFO] 2020-11-01 22:02:42,106: topic[/enable_software_runstop] removing connection to /software_runstop
[rospy.internal][INFO] 2020-11-01 22:02:42,106: topic[/local_control/goto] removing connection to /rostful_server
[rospy.internal][INFO] 2020-11-01 22:02:42,107: topic[/local_control/goto] removing connection to /local_control_navigation
[rospy.internal][INFO] 2020-11-01 22:02:42,107: topic[/rosout] removing connection to /rosout
[rospy.internal][ERROR] 2020-11-01 22:02:42,107: Unable to initiate TCP/IP socket to freight1207:49041 (http://freight1207:53540/): Traceback (most recent call last):
  File "/opt/ros/indigo/lib/python2.7/dist-packages/rospy/impl/tcpros_base.py", line 557, in connect
    self.read_header()
  File "/opt/ros/indigo/lib/python2.7/dist-packages/rospy/impl/tcpros_base.py", line 619, in read_header
    self._validate_header(read_ros_handshake_header(sock, self.read_buff, self.protocol.buff_size))
  File "/opt/ros/indigo/lib/python2.7/dist-packages/rospy/impl/tcpros_base.py", line 580, in _validate_header
    raise TransportInitError("remote error reported: %s"%header['error'])
TransportInitError: remote error reported: node shutting down

[rospy.internal][INFO] 2020-11-01 22:02:42,107: topic[/local_control/initialpose] removing connection to /rostful_server
[rospy.internal][ERROR] 2020-11-01 22:02:42,107: Unable to initiate TCP/IP socket to freight1207:49041 (http://freight1207:53540/): Traceback (most recent call last):
  File "/opt/ros/indigo/lib/python2.7/dist-packages/rospy/impl/tcpros_base.py", line 557, in connect
    self.read_header()
  File "/opt/ros/indigo/lib/python2.7/dist-packages/rospy/impl/tcpros_base.py", line 619, in read_header
    self._validate_header(read_ros_handshake_header(sock, self.read_buff, self.protocol.buff_size))
  File "/opt/ros/indigo/lib/python2.7/dist-packages/rospy/impl/tcpros_base.py", line 580, in _validate_header
    raise TransportInitError("remote error reported: %s"%header['error'])
TransportInitError: remote error reported: node shutting down

[rospy.internal][INFO] 2020-11-01 22:02:42,108: topic[/local_control/initialpose] removing connection to /local_control_initialpose
[rospy.internal][INFO] 2020-11-01 22:02:42,108: topic[/local_control/cancel] removing connection to /rostful_server
[rospy.internal][INFO] 2020-11-01 22:02:42,108: topic[/local_control/cancel] removing connection to /local_control_navigation
[rospy.internal][ERROR] 2020-11-01 22:02:42,108: Unable to initiate TCP/IP socket to freight1207:49041 (http://freight1207:53540/): Traceback (most recent call last):
  File "/opt/ros/indigo/lib/python2.7/dist-packages/rospy/impl/tcpros_base.py", line 557, in connect
    self.read_header()
  File "/opt/ros/indigo/lib/python2.7/dist-packages/rospy/impl/tcpros_base.py", line 619, in read_header
    self._validate_header(read_ros_handshake_header(sock, self.read_buff, self.protocol.buff_size))
  File "/opt/ros/indigo/lib/python2.7/dist-packages/rospy/impl/tcpros_base.py", line 580, in _validate_header
    raise TransportInitError("remote error reported: %s"%header['error'])
TransportInitError: remote error reported: node shutting down

[rospy.internal][ERROR] 2020-11-01 22:02:42,109: Unable to initiate TCP/IP socket to freight1207:49041 (http://freight1207:53540/): Traceback (most recent call last):
  File "/opt/ros/indigo/lib/python2.7/dist-packages/rospy/impl/tcpros_base.py", line 557, in connect
    self.read_header()
  File "/opt/ros/indigo/lib/python2.7/dist-packages/rospy/impl/tcpros_base.py", line 619, in read_header
    self._validate_header(read_ros_handshake_header(sock, self.read_buff, self.protocol.buff_size))
  File "/opt/ros/indigo/lib/python2.7/dist-packages/rospy/impl/tcpros_base.py", line 580, in _validate_header
    raise TransportInitError("remote error reported: %s"%header['error'])
TransportInitError: remote error reported: node shutting down

[rospy.internal][INFO] 2020-11-01 22:02:42,109: topic[/current/pose] removing connection to /rostful_server
[rospy.internal][INFO] 2020-11-01 22:02:42,109: topic[/enable_software_runstop] removing connection to http://freight1207:53540/
[rospy.internal][INFO] 2020-11-01 22:02:42,109: topic[/local_control/initialpose] removing connection to http://freight1207:53540/
[rospy.internal][INFO] 2020-11-01 22:02:42,109: topic[/local_control/goto] removing connection to http://freight1207:53540/
[rospy.internal][ERROR] 2020-11-01 22:02:42,109: Unable to initiate TCP/IP socket to freight1207:49041 (http://freight1207:53540/): Traceback (most recent call last):
  File "/opt/ros/indigo/lib/python2.7/dist-packages/rospy/impl/tcpros_base.py", line 557, in connect
    self.read_header()
  File "/opt/ros/indigo/lib/python2.7/dist-packages/rospy/impl/tcpros_base.py", line 619, in read_header
    self._validate_header(read_ros_handshake_header(sock, self.read_buff, self.protocol.buff_size))
  File "/opt/ros/indigo/lib/python2.7/dist-packages/rospy/impl/tcpros_base.py", line 580, in _validate_header
    raise TransportInitError("remote error reported: %s"%header['error'])
TransportInitError: remote error reported: node shutting down

[rospy.internal][INFO] 2020-11-01 22:02:42,109: topic[/local_control/cancel] removing connection to http://freight1207:53540/
[rospy.internal][INFO] 2020-11-01 22:02:42,110: topic[/current/pose] removing connection to http://freight1207:45346/
[rospy.internal][INFO] 2020-11-01 22:02:42,110: topic[/current/pose] removing connection to http://freight1207:53540/
[rospy.impl.masterslave][INFO] 2020-11-01 22:02:42,110: Closing
[rospy.core][INFO] 2020-11-01 22:02:42,273: signal_shutdown [atexit]
[rospy.client][INFO] 2020-11-01 22:02:52,144: init_node, name[/rostful_server], pid[4818]
[xmlrpc][INFO] 2020-11-01 22:02:52,144: XML-RPC server binding to 0.0.0.0:0
[xmlrpc][INFO] 2020-11-01 22:02:52,144: Started XML-RPC server [http://freight1207:45400/]
[rospy.init][INFO] 2020-11-01 22:02:52,144: ROS Slave URI: [http://freight1207:45400/]
[rospy.impl.masterslave][INFO] 2020-11-01 22:02:52,144: _ready: http://freight1207:45400/
[xmlrpc][INFO] 2020-11-01 22:02:52,145: xml rpc node: starting XML-RPC server
[rospy.registration][INFO] 2020-11-01 22:02:52,145: Registering with master node http://localhost:11311
[rospy.init][INFO] 2020-11-01 22:02:52,245: registered with master
[rospy.rosout][INFO] 2020-11-01 22:02:52,245: initializing /rosout core topic
[rospy.rosout][INFO] 2020-11-01 22:02:52,246: connected to core topic /rosout
[rospy.simtime][INFO] 2020-11-01 22:02:52,247: /use_sim_time is not set, will not subscribe to simulated time [/clock] topic
[rosout][WARNING] 2020-11-01 22:02:52,251: rostful_server: Delaying the start 1 seconds
[rospy.internal][INFO] 2020-11-01 22:02:52,538: topic[/rosout] adding connection to [/rosout], count 0
[rosout][INFO] 2020-11-01 22:02:53,304: rostful_server: Started server on port 8080
[rospy.internal][INFO] 2020-11-01 22:02:53,311: topic[/current/pose] adding connection to [http://freight1207:45346/], count 0
[rospy.internal][INFO] 2020-11-01 22:02:53,312: topic[/current/pose] adding connection to [http://freight1207:45400/], count 1
[rospy.internal][INFO] 2020-11-01 22:02:53,313: topic[/enable_software_runstop] adding connection to [http://freight1207:45400/], count 0
[rospy.internal][INFO] 2020-11-01 22:02:53,315: topic[/local_control/cancel] adding connection to [http://freight1207:45400/], count 0
[rospy.internal][INFO] 2020-11-01 22:02:53,315: topic[/current/pose] adding connection to [/rostful_server], count 0
[rospy.internal][INFO] 2020-11-01 22:02:53,316: topic[/local_control/initialpose] adding connection to [http://freight1207:45400/], count 0
[rospy.internal][INFO] 2020-11-01 22:02:53,317: topic[/local_control/goto] adding connection to [http://freight1207:45400/], count 0
[rospy.internal][INFO] 2020-11-01 22:02:53,317: topic[/enable_software_runstop] adding connection to [/rostful_server], count 0
[rospy.internal][INFO] 2020-11-01 22:02:53,318: topic[/local_control/cancel] adding connection to [/rostful_server], count 0
[rospy.internal][INFO] 2020-11-01 22:02:53,318: topic[/local_control/initialpose] adding connection to [/rostful_server], count 0
[rospy.internal][INFO] 2020-11-01 22:02:53,318: topic[/local_control/goto] adding connection to [/rostful_server], count 0
[rospy.internal][INFO] 2020-11-01 22:02:53,362: topic[/enable_software_runstop] adding connection to [/software_runstop], count 1
[rospy.internal][INFO] 2020-11-01 22:02:53,540: topic[/local_control/initialpose] adding connection to [/local_control_initialpose], count 1
[rospy.internal][INFO] 2020-11-01 22:02:53,540: topic[/local_control/goto] adding connection to [/local_control_navigation], count 1
[rospy.internal][INFO] 2020-11-01 22:02:53,540: topic[/local_control/cancel] adding connection to [/local_control_navigation], count 1
[rosout][WARNING] 2020-11-01 22:02:54,784: publishing header: 
  seq: 0
  stamp: 
    secs: 0
    nsecs:         0
  frame_id: ''
goals: 
  - 
    locationX: 0.5
    locationY: -0.19
    orientation: 0.49
  - 
    locationX: 0.45
    locationY: -1.23
    orientation: -0.71 to topic /local_control/goto
[rosout][INFO] 2020-11-01 22:02:57,834: rostful_server: Shutting down the server
[rospy.core][INFO] 2020-11-01 22:02:57,834: signal_shutdown [Closing]
[rospy.internal][INFO] 2020-11-01 22:02:57,838: topic[/enable_software_runstop] removing connection to /rostful_server
[rospy.internal][INFO] 2020-11-01 22:02:57,838: topic[/enable_software_runstop] removing connection to /software_runstop
[rospy.internal][INFO] 2020-11-01 22:02:57,838: topic[/local_control/goto] removing connection to /rostful_server
[rospy.internal][INFO] 2020-11-01 22:02:57,839: topic[/local_control/goto] removing connection to /local_control_navigation
[rospy.internal][ERROR] 2020-11-01 22:02:57,839: Unable to initiate TCP/IP socket to freight1207:59353 (http://freight1207:45400/): Traceback (most recent call last):
  File "/opt/ros/indigo/lib/python2.7/dist-packages/rospy/impl/tcpros_base.py", line 557, in connect
    self.read_header()
  File "/opt/ros/indigo/lib/python2.7/dist-packages/rospy/impl/tcpros_base.py", line 619, in read_header
    self._validate_header(read_ros_handshake_header(sock, self.read_buff, self.protocol.buff_size))
  File "/opt/ros/indigo/lib/python2.7/dist-packages/rospy/impl/tcpros_base.py", line 580, in _validate_header
    raise TransportInitError("remote error reported: %s"%header['error'])
TransportInitError: remote error reported: node shutting down

[rospy.internal][INFO] 2020-11-01 22:02:57,839: topic[/rosout] removing connection to /rosout
[rospy.internal][ERROR] 2020-11-01 22:02:57,839: Unable to initiate TCP/IP socket to freight1207:59353 (http://freight1207:45400/): Traceback (most recent call last):
  File "/opt/ros/indigo/lib/python2.7/dist-packages/rospy/impl/tcpros_base.py", line 557, in connect
    self.read_header()
  File "/opt/ros/indigo/lib/python2.7/dist-packages/rospy/impl/tcpros_base.py", line 619, in read_header
    self._validate_header(read_ros_handshake_header(sock, self.read_buff, self.protocol.buff_size))
  File "/opt/ros/indigo/lib/python2.7/dist-packages/rospy/impl/tcpros_base.py", line 580, in _validate_header
    raise TransportInitError("remote error reported: %s"%header['error'])
TransportInitError: remote error reported: node shutting down

[rospy.internal][INFO] 2020-11-01 22:02:57,839: topic[/local_control/initialpose] removing connection to /rostful_server
[rospy.internal][INFO] 2020-11-01 22:02:57,840: topic[/local_control/initialpose] removing connection to /local_control_initialpose
[rospy.internal][INFO] 2020-11-01 22:02:57,840: topic[/local_control/cancel] removing connection to /rostful_server
[rospy.internal][ERROR] 2020-11-01 22:02:57,840: Unable to initiate TCP/IP socket to freight1207:59353 (http://freight1207:45400/): Traceback (most recent call last):
  File "/opt/ros/indigo/lib/python2.7/dist-packages/rospy/impl/tcpros_base.py", line 557, in connect
    self.read_header()
  File "/opt/ros/indigo/lib/python2.7/dist-packages/rospy/impl/tcpros_base.py", line 619, in read_header
    self._validate_header(read_ros_handshake_header(sock, self.read_buff, self.protocol.buff_size))
  File "/opt/ros/indigo/lib/python2.7/dist-packages/rospy/impl/tcpros_base.py", line 580, in _validate_header
    raise TransportInitError("remote error reported: %s"%header['error'])
TransportInitError: remote error reported: node shutting down

[rospy.internal][INFO] 2020-11-01 22:02:57,840: topic[/local_control/cancel] removing connection to /local_control_navigation
[rospy.internal][ERROR] 2020-11-01 22:02:57,840: Unable to initiate TCP/IP socket to freight1207:59353 (http://freight1207:45400/): Traceback (most recent call last):
  File "/opt/ros/indigo/lib/python2.7/dist-packages/rospy/impl/tcpros_base.py", line 557, in connect
    self.read_header()
  File "/opt/ros/indigo/lib/python2.7/dist-packages/rospy/impl/tcpros_base.py", line 619, in read_header
    self._validate_header(read_ros_handshake_header(sock, self.read_buff, self.protocol.buff_size))
  File "/opt/ros/indigo/lib/python2.7/dist-packages/rospy/impl/tcpros_base.py", line 580, in _validate_header
    raise TransportInitError("remote error reported: %s"%header['error'])
TransportInitError: remote error reported: node shutting down

[rospy.internal][INFO] 2020-11-01 22:02:57,840: topic[/current/pose] removing connection to /rostful_server
[rospy.internal][INFO] 2020-11-01 22:02:57,841: topic[/enable_software_runstop] removing connection to http://freight1207:45400/
[rospy.internal][INFO] 2020-11-01 22:02:57,841: topic[/local_control/initialpose] removing connection to http://freight1207:45400/
[rospy.internal][INFO] 2020-11-01 22:02:57,841: topic[/local_control/goto] removing connection to http://freight1207:45400/
[rospy.internal][INFO] 2020-11-01 22:02:57,841: topic[/local_control/cancel] removing connection to http://freight1207:45400/
[rospy.internal][ERROR] 2020-11-01 22:02:57,841: Unable to initiate TCP/IP socket to freight1207:59353 (http://freight1207:45400/): Traceback (most recent call last):
  File "/opt/ros/indigo/lib/python2.7/dist-packages/rospy/impl/tcpros_base.py", line 557, in connect
    self.read_header()
  File "/opt/ros/indigo/lib/python2.7/dist-packages/rospy/impl/tcpros_base.py", line 619, in read_header
    self._validate_header(read_ros_handshake_header(sock, self.read_buff, self.protocol.buff_size))
  File "/opt/ros/indigo/lib/python2.7/dist-packages/rospy/impl/tcpros_base.py", line 580, in _validate_header
    raise TransportInitError("remote error reported: %s"%header['error'])
TransportInitError: remote error reported: node shutting down

[rospy.internal][INFO] 2020-11-01 22:02:57,841: topic[/current/pose] removing connection to http://freight1207:45346/
[rospy.internal][WARNING] 2020-11-01 22:02:57,841: Unknown error initiating TCP/IP socket to freight1207:59808 (http://freight1207:45346/): Traceback (most recent call last):
  File "/opt/ros/indigo/lib/python2.7/dist-packages/rospy/impl/tcpros_base.py", line 557, in connect
    self.read_header()
  File "/opt/ros/indigo/lib/python2.7/dist-packages/rospy/impl/tcpros_base.py", line 619, in read_header
    self._validate_header(read_ros_handshake_header(sock, self.read_buff, self.protocol.buff_size))
AttributeError: 'NoneType' object has no attribute 'buff_size'

[rospy.topics][ERROR] 2020-11-01 22:02:57,843: Traceback (most recent call last):
  File "/opt/ros/indigo/lib/python2.7/dist-packages/rospy/topics.py", line 307, in close
    c.close()
  File "/opt/ros/indigo/lib/python2.7/dist-packages/rospy/impl/tcpros_base.py", line 807, in close
    self.socket.close()
AttributeError: 'NoneType' object has no attribute 'close'

[rospy.internal][INFO] 2020-11-01 22:02:57,843: topic[/current/pose] removing connection to http://freight1207:45400/
[rospy.impl.masterslave][INFO] 2020-11-01 22:02:57,843: Closing
[rospy.core][INFO] 2020-11-01 22:02:57,947: signal_shutdown [atexit]
[rospy.client][INFO] 2020-11-01 22:03:08,905: init_node, name[/rostful_server], pid[4913]
[xmlrpc][INFO] 2020-11-01 22:03:08,905: XML-RPC server binding to 0.0.0.0:0
[xmlrpc][INFO] 2020-11-01 22:03:08,905: Started XML-RPC server [http://freight1207:45498/]
[rospy.init][INFO] 2020-11-01 22:03:08,906: ROS Slave URI: [http://freight1207:45498/]
[rospy.impl.masterslave][INFO] 2020-11-01 22:03:08,906: _ready: http://freight1207:45498/
[xmlrpc][INFO] 2020-11-01 22:03:08,906: xml rpc node: starting XML-RPC server
[rospy.registration][INFO] 2020-11-01 22:03:08,906: Registering with master node http://localhost:11311
[rospy.init][INFO] 2020-11-01 22:03:09,006: registered with master
[rospy.rosout][INFO] 2020-11-01 22:03:09,006: initializing /rosout core topic
[rospy.rosout][INFO] 2020-11-01 22:03:09,008: connected to core topic /rosout
[rospy.simtime][INFO] 2020-11-01 22:03:09,008: /use_sim_time is not set, will not subscribe to simulated time [/clock] topic
[rosout][WARNING] 2020-11-01 22:03:09,012: rostful_server: Delaying the start 1 seconds
[rospy.internal][INFO] 2020-11-01 22:03:09,263: topic[/rosout] adding connection to [/rosout], count 0
[rosout][INFO] 2020-11-01 22:03:10,057: rostful_server: Started server on port 8080
[rospy.internal][INFO] 2020-11-01 22:03:10,072: topic[/current/pose] adding connection to [http://freight1207:45346/], count 0
[rospy.internal][INFO] 2020-11-01 22:03:10,073: topic[/current/pose] adding connection to [http://freight1207:45498/], count 1
[rospy.internal][INFO] 2020-11-01 22:03:10,074: topic[/enable_software_runstop] adding connection to [http://freight1207:45498/], count 0
[rospy.internal][INFO] 2020-11-01 22:03:10,075: topic[/current/pose] adding connection to [/rostful_server], count 0
[rospy.internal][INFO] 2020-11-01 22:03:10,076: topic[/enable_software_runstop] adding connection to [/rostful_server], count 0
[rospy.internal][INFO] 2020-11-01 22:03:10,076: topic[/local_control/cancel] adding connection to [http://freight1207:45498/], count 0
[rospy.internal][INFO] 2020-11-01 22:03:10,077: topic[/local_control/initialpose] adding connection to [http://freight1207:45498/], count 0
[rospy.internal][INFO] 2020-11-01 22:03:10,078: topic[/local_control/cancel] adding connection to [/rostful_server], count 0
[rospy.internal][INFO] 2020-11-01 22:03:10,078: topic[/local_control/goto] adding connection to [http://freight1207:45498/], count 0
[rospy.internal][INFO] 2020-11-01 22:03:10,079: topic[/local_control/initialpose] adding connection to [/rostful_server], count 0
[rospy.internal][INFO] 2020-11-01 22:03:10,080: topic[/local_control/goto] adding connection to [/rostful_server], count 0
[rospy.internal][INFO] 2020-11-01 22:03:10,080: topic[/enable_software_runstop] adding connection to [/software_runstop], count 1
[rospy.internal][INFO] 2020-11-01 22:03:10,263: topic[/local_control/initialpose] adding connection to [/local_control_initialpose], count 1
[rospy.internal][INFO] 2020-11-01 22:03:10,264: topic[/local_control/goto] adding connection to [/local_control_navigation], count 1
[rospy.internal][INFO] 2020-11-01 22:03:10,264: topic[/local_control/cancel] adding connection to [/local_control_navigation], count 1
[rosout][WARNING] 2020-11-01 22:03:44,803: publishing header: 
  seq: 0
  stamp: 
    secs: 0
    nsecs:         0
  frame_id: ''
goals: 
  - 
    locationX: 0.5
    locationY: -0.19
    orientation: 0.49
  - 
    locationX: 0.45
    locationY: -1.23
    orientation: -0.71 to topic /local_control/goto
[rosout][WARNING] 2020-11-01 22:04:26,084: publishing header: 
  seq: 0
  stamp: 
    secs: 0
    nsecs:         0
  frame_id: ''
goals: 
  - 
    locationX: -4.04
    locationY: 0.35
    orientation: -0.04
  - 
    locationX: -2.32
    locationY: 0.79
    orientation: 0.14 to topic /local_control/goto
[rosout][INFO] 2020-11-01 22:07:53,967: rostful_server: Shutting down the server
[rospy.core][INFO] 2020-11-01 22:07:53,967: signal_shutdown [Closing]
[rospy.internal][INFO] 2020-11-01 22:07:53,970: topic[/enable_software_runstop] removing connection to /rostful_server
[rospy.internal][INFO] 2020-11-01 22:07:53,971: topic[/enable_software_runstop] removing connection to /software_runstop
[rospy.internal][INFO] 2020-11-01 22:07:53,971: topic[/local_control/goto] removing connection to /rostful_server
[rospy.internal][INFO] 2020-11-01 22:07:53,971: topic[/local_control/goto] removing connection to /local_control_navigation
[rospy.internal][INFO] 2020-11-01 22:07:53,971: topic[/rosout] removing connection to /rosout
[rospy.internal][ERROR] 2020-11-01 22:07:53,972: Unable to initiate TCP/IP socket to freight1207:43663 (http://freight1207:45498/): Traceback (most recent call last):
  File "/opt/ros/indigo/lib/python2.7/dist-packages/rospy/impl/tcpros_base.py", line 557, in connect
    self.read_header()
  File "/opt/ros/indigo/lib/python2.7/dist-packages/rospy/impl/tcpros_base.py", line 619, in read_header
    self._validate_header(read_ros_handshake_header(sock, self.read_buff, self.protocol.buff_size))
  File "/opt/ros/indigo/lib/python2.7/dist-packages/rospy/impl/tcpros_base.py", line 580, in _validate_header
    raise TransportInitError("remote error reported: %s"%header['error'])
TransportInitError: remote error reported: node shutting down

[rospy.internal][INFO] 2020-11-01 22:07:53,972: topic[/local_control/initialpose] removing connection to /rostful_server
[rospy.internal][ERROR] 2020-11-01 22:07:53,972: Unable to initiate TCP/IP socket to freight1207:43663 (http://freight1207:45498/): Traceback (most recent call last):
  File "/opt/ros/indigo/lib/python2.7/dist-packages/rospy/impl/tcpros_base.py", line 557, in connect
    self.read_header()
  File "/opt/ros/indigo/lib/python2.7/dist-packages/rospy/impl/tcpros_base.py", line 619, in read_header
    self._validate_header(read_ros_handshake_header(sock, self.read_buff, self.protocol.buff_size))
  File "/opt/ros/indigo/lib/python2.7/dist-packages/rospy/impl/tcpros_base.py", line 580, in _validate_header
    raise TransportInitError("remote error reported: %s"%header['error'])
TransportInitError: remote error reported: node shutting down

[rospy.internal][INFO] 2020-11-01 22:07:53,972: topic[/local_control/initialpose] removing connection to /local_control_initialpose
[rospy.internal][ERROR] 2020-11-01 22:07:53,972: Unable to initiate TCP/IP socket to freight1207:43663 (http://freight1207:45498/): Traceback (most recent call last):
  File "/opt/ros/indigo/lib/python2.7/dist-packages/rospy/impl/tcpros_base.py", line 557, in connect
    self.read_header()
  File "/opt/ros/indigo/lib/python2.7/dist-packages/rospy/impl/tcpros_base.py", line 619, in read_header
    self._validate_header(read_ros_handshake_header(sock, self.read_buff, self.protocol.buff_size))
  File "/opt/ros/indigo/lib/python2.7/dist-packages/rospy/impl/tcpros_base.py", line 580, in _validate_header
    raise TransportInitError("remote error reported: %s"%header['error'])
TransportInitError: remote error reported: node shutting down

[rospy.internal][INFO] 2020-11-01 22:07:53,973: topic[/local_control/cancel] removing connection to /rostful_server
[rospy.internal][INFO] 2020-11-01 22:07:53,973: topic[/local_control/cancel] removing connection to /local_control_navigation
[rospy.internal][INFO] 2020-11-01 22:07:53,973: topic[/current/pose] removing connection to /rostful_server
[rospy.internal][ERROR] 2020-11-01 22:07:53,973: Unable to initiate TCP/IP socket to freight1207:43663 (http://freight1207:45498/): Traceback (most recent call last):
  File "/opt/ros/indigo/lib/python2.7/dist-packages/rospy/impl/tcpros_base.py", line 557, in connect
    self.read_header()
  File "/opt/ros/indigo/lib/python2.7/dist-packages/rospy/impl/tcpros_base.py", line 619, in read_header
    self._validate_header(read_ros_handshake_header(sock, self.read_buff, self.protocol.buff_size))
  File "/opt/ros/indigo/lib/python2.7/dist-packages/rospy/impl/tcpros_base.py", line 580, in _validate_header
    raise TransportInitError("remote error reported: %s"%header['error'])
TransportInitError: remote error reported: node shutting down

[rospy.internal][INFO] 2020-11-01 22:07:53,973: topic[/enable_software_runstop] removing connection to http://freight1207:45498/
[rospy.internal][INFO] 2020-11-01 22:07:53,974: topic[/local_control/initialpose] removing connection to http://freight1207:45498/
[rospy.internal][ERROR] 2020-11-01 22:07:53,974: Unable to initiate TCP/IP socket to freight1207:43663 (http://freight1207:45498/): Traceback (most recent call last):
  File "/opt/ros/indigo/lib/python2.7/dist-packages/rospy/impl/tcpros_base.py", line 557, in connect
    self.read_header()
  File "/opt/ros/indigo/lib/python2.7/dist-packages/rospy/impl/tcpros_base.py", line 619, in read_header
    self._validate_header(read_ros_handshake_header(sock, self.read_buff, self.protocol.buff_size))
  File "/opt/ros/indigo/lib/python2.7/dist-packages/rospy/impl/tcpros_base.py", line 580, in _validate_header
    raise TransportInitError("remote error reported: %s"%header['error'])
TransportInitError: remote error reported: node shutting down

[rospy.internal][INFO] 2020-11-01 22:07:53,974: topic[/local_control/goto] removing connection to http://freight1207:45498/
[rospy.internal][INFO] 2020-11-01 22:07:53,974: topic[/local_control/cancel] removing connection to http://freight1207:45498/
[rospy.internal][INFO] 2020-11-01 22:07:53,974: topic[/current/pose] removing connection to http://freight1207:45346/
[rospy.internal][INFO] 2020-11-01 22:07:53,974: topic[/current/pose] removing connection to http://freight1207:45498/
[rospy.impl.masterslave][INFO] 2020-11-01 22:07:53,974: Closing
[rospy.core][INFO] 2020-11-01 22:07:54,138: signal_shutdown [atexit]
