[roslaunch][INFO] 2018-12-16 18:57:26,129: Checking log directory for disk usage. This may take awhile.
Press Ctrl-C to interrupt
[roslaunch][INFO] 2018-12-16 18:57:26,131: Done checking log file disk usage. Usage is <1GB.
[roslaunch][INFO] 2018-12-16 18:57:26,131: roslaunch starting with args ['/opt/ros/indigo/bin/roslaunch', 'rostful_server.launch']
[roslaunch][INFO] 2018-12-16 18:57:26,131: roslaunch env is {'LC_NUMERIC': 'ko_KR.UTF-8', 'ROS_DISTRO': 'indigo', 'LESSOPEN': '| /usr/bin/lesspipe %s', 'SSH_CLIENT': '192.168.1.200 55662 22', 'CPATH': '/home/fetch/catkin_ws/devel/include:/opt/ros/indigo/include', 'LOGNAME': 'fetch', 'USER': 'fetch', 'ROS_PACKAGE_PATH': '/home/fetch/catkin_ws/src:/opt/ros/indigo/share:/opt/ros/indigo/stacks', 'LC_PAPER': 'ko_KR.UTF-8', 'PATH': '/opt/ros/indigo/bin:/usr/local/sbin:/usr/local/bin:/usr/sbin:/usr/bin:/sbin:/bin:/usr/games:/usr/local/games', 'CMAKE_PREFIX_PATH': '/home/fetch/catkin_ws/devel:/opt/ros/indigo', 'LD_LIBRARY_PATH': '/home/fetch/catkin_ws/devel/lib:/opt/ros/indigo/lib:/opt/ros/indigo/lib/x86_64-linux-gnu', 'LANG': 'en_US.UTF-8', 'TERM': 'xterm-256color', 'SHELL': '/bin/bash', 'LC_MONETARY': 'ko_KR.UTF-8', 'QT_QPA_PLATFORMTHEME': 'appmenu-qt5', 'ROS_LOG_FILENAME': '/home/fetch/.ros/log/0d0d8d06-0193-11e9-8d9e-000babe55698/roslaunch-freight1207-15338.log', 'ROS_ETC_DIR': '/opt/ros/indigo/etc/ros', 'HOME': '/home/fetch', 'XDG_RUNTIME_DIR': '/run/user/1000', 'LC_ADDRESS': 'ko_KR.UTF-8', 'PYTHONPATH': '/home/fetch/catkin_ws/devel/lib/python2.7/dist-packages:/opt/ros/indigo/lib/python2.7/dist-packages', 'SHLVL': '1', 'ROS_ROOT': '/opt/ros/indigo/share/ros', 'PKG_CONFIG_PATH': '/home/fetch/catkin_ws/devel/lib/pkgconfig:/opt/ros/indigo/lib/pkgconfig:/opt/ros/indigo/lib/x86_64-linux-gnu/pkgconfig', 'LC_ALL': 'C', 'XDG_SESSION_ID': '7', '_': '/opt/ros/indigo/bin/roslaunch', 'LC_IDENTIFICATION': 'ko_KR.UTF-8', 'SSH_CONNECTION': '192.168.1.200 55662 192.168.1.100 22', 'LESSCLOSE': '/usr/bin/lesspipe %s %s', 'SSH_TTY': '/dev/pts/31', 'OLDPWD': '/home/fetch', 'LC_TELEPHONE': 'ko_KR.UTF-8', 'LC_MEASUREMENT': 'ko_KR.UTF-8', 'PWD': '/home/fetch/catkin_ws/src/rostful/rostful/launch', 'ROS_MASTER_URI': 'http://localhost:11311', 'LC_NAME': 'ko_KR.UTF-8', 'MAIL': '/var/mail/fetch', 'LC_TIME': 'ko_KR.UTF-8', 'LS_COLORS': 'rs=0:di=01;34:ln=01;36:mh=00:pi=40;33:so=01;35:do=01;35:bd=40;33;01:cd=40;33;01:or=40;31;01:su=37;41:sg=30;43:ca=30;41:tw=30;42:ow=34;42:st=37;44:ex=01;32:*.tar=01;31:*.tgz=01;31:*.arj=01;31:*.taz=01;31:*.lzh=01;31:*.lzma=01;31:*.tlz=01;31:*.txz=01;31:*.zip=01;31:*.z=01;31:*.Z=01;31:*.dz=01;31:*.gz=01;31:*.lz=01;31:*.xz=01;31:*.bz2=01;31:*.bz=01;31:*.tbz=01;31:*.tbz2=01;31:*.tz=01;31:*.deb=01;31:*.rpm=01;31:*.jar=01;31:*.war=01;31:*.ear=01;31:*.sar=01;31:*.rar=01;31:*.ace=01;31:*.zoo=01;31:*.cpio=01;31:*.7z=01;31:*.rz=01;31:*.jpg=01;35:*.jpeg=01;35:*.gif=01;35:*.bmp=01;35:*.pbm=01;35:*.pgm=01;35:*.ppm=01;35:*.tga=01;35:*.xbm=01;35:*.xpm=01;35:*.tif=01;35:*.tiff=01;35:*.png=01;35:*.svg=01;35:*.svgz=01;35:*.mng=01;35:*.pcx=01;35:*.mov=01;35:*.mpg=01;35:*.mpeg=01;35:*.m2v=01;35:*.mkv=01;35:*.webm=01;35:*.ogm=01;35:*.mp4=01;35:*.m4v=01;35:*.mp4v=01;35:*.vob=01;35:*.qt=01;35:*.nuv=01;35:*.wmv=01;35:*.asf=01;35:*.rm=01;35:*.rmvb=01;35:*.flc=01;35:*.avi=01;35:*.fli=01;35:*.flv=01;35:*.gl=01;35:*.dl=01;35:*.xcf=01;35:*.xwd=01;35:*.yuv=01;35:*.cgm=01;35:*.emf=01;35:*.axv=01;35:*.anx=01;35:*.ogv=01;35:*.ogx=01;35:*.aac=00;36:*.au=00;36:*.flac=00;36:*.mid=00;36:*.midi=00;36:*.mka=00;36:*.mp3=00;36:*.mpc=00;36:*.ogg=00;36:*.ra=00;36:*.wav=00;36:*.axa=00;36:*.oga=00;36:*.spx=00;36:*.xspf=00;36:'}
[roslaunch][INFO] 2018-12-16 18:57:26,131: starting in server mode
[roslaunch.parent][INFO] 2018-12-16 18:57:26,131: starting roslaunch parent run
[roslaunch][INFO] 2018-12-16 18:57:26,131: loading roscore config file /opt/ros/indigo/etc/ros/roscore.xml
[roslaunch][INFO] 2018-12-16 18:57:26,191: Added core node of type [rosout/rosout] in namespace [/]
[roslaunch.config][INFO] 2018-12-16 18:57:26,191: loading config file rostful_server.launch
[roslaunch][INFO] 2018-12-16 18:57:26,192: Added node of type [rostful/server] in namespace [/]
[roslaunch][INFO] 2018-12-16 18:57:26,192: ... selected machine [] for node of type [rostful/server]
[roslaunch.pmon][INFO] 2018-12-16 18:57:26,192: start_process_monitor: creating ProcessMonitor
[roslaunch.pmon][INFO] 2018-12-16 18:57:26,192: created process monitor <ProcessMonitor(ProcessMonitor-1, initial daemon)>
[roslaunch.pmon][INFO] 2018-12-16 18:57:26,193: start_process_monitor: ProcessMonitor started
[roslaunch.parent][INFO] 2018-12-16 18:57:26,193: starting parent XML-RPC server
[roslaunch.server][INFO] 2018-12-16 18:57:26,193: starting roslaunch XML-RPC server
[roslaunch.server][INFO] 2018-12-16 18:57:26,193: waiting for roslaunch XML-RPC server to initialize
[xmlrpc][INFO] 2018-12-16 18:57:26,193: XML-RPC server binding to 0.0.0.0:0
[xmlrpc][INFO] 2018-12-16 18:57:26,193: Started XML-RPC server [http://freight1207:34299/]
[xmlrpc][INFO] 2018-12-16 18:57:26,193: xml rpc node: starting XML-RPC server
[roslaunch][INFO] 2018-12-16 18:57:26,204: started roslaunch server http://freight1207:34299/
[roslaunch.parent][INFO] 2018-12-16 18:57:26,204: ... parent XML-RPC server started
[roslaunch][INFO] 2018-12-16 18:57:26,204: master.is_running[http://localhost:11311]
[roslaunch][INFO] 2018-12-16 18:57:26,205: master.is_running[http://localhost:11311]
[roslaunch][INFO] 2018-12-16 18:57:26,206: ROS_MASTER_URI=http://localhost:11311
[roslaunch][INFO] 2018-12-16 18:57:26,207: setting /roslaunch/uris/host_freight1207__34299' to http://freight1207:34299/
[roslaunch][INFO] 2018-12-16 18:57:26,209: load_parameters starting ...
[roslaunch][INFO] 2018-12-16 18:57:26,211: ... load_parameters complete
[roslaunch][INFO] 2018-12-16 18:57:26,212: launch_nodes: launching local nodes ...
[roslaunch][INFO] 2018-12-16 18:57:26,212: ... preparing to launch node of type [rostful/server]
[roslaunch][INFO] 2018-12-16 18:57:26,212: create_node_process: package[rostful] type[server] machine[Machine(name[] env_loader[None] address[localhost] ssh_port[22] user[None] assignable[True] timeout[10.0])] master_uri[http://localhost:11311]
[roslaunch][INFO] 2018-12-16 18:57:26,212: process[rostful_server-1]: env[{'LC_NUMERIC': 'ko_KR.UTF-8', 'ROS_DISTRO': 'indigo', 'LC_MEASUREMENT': 'ko_KR.UTF-8', 'LESSOPEN': '| /usr/bin/lesspipe %s', 'SSH_CLIENT': '192.168.1.200 55662 22', 'CPATH': '/home/fetch/catkin_ws/devel/include:/opt/ros/indigo/include', 'LOGNAME': 'fetch', 'USER': 'fetch', 'HOME': '/home/fetch', 'LC_PAPER': 'ko_KR.UTF-8', 'PATH': '/opt/ros/indigo/bin:/usr/local/sbin:/usr/local/bin:/usr/sbin:/usr/bin:/sbin:/bin:/usr/games:/usr/local/games', 'CMAKE_PREFIX_PATH': '/home/fetch/catkin_ws/devel:/opt/ros/indigo', 'ROS_LOG_FILENAME': '/home/fetch/.ros/log/0d0d8d06-0193-11e9-8d9e-000babe55698/roslaunch-freight1207-15338.log', 'LANG': 'en_US.UTF-8', 'TERM': 'xterm-256color', 'SHELL': '/bin/bash', 'LC_MONETARY': 'ko_KR.UTF-8', 'QT_QPA_PLATFORMTHEME': 'appmenu-qt5', 'LD_LIBRARY_PATH': '/home/fetch/catkin_ws/devel/lib:/opt/ros/indigo/lib:/opt/ros/indigo/lib/x86_64-linux-gnu', 'ROS_MASTER_URI': 'http://localhost:11311', 'LC_ALL': 'C', 'XDG_RUNTIME_DIR': '/run/user/1000', 'LC_ADDRESS': 'ko_KR.UTF-8', 'PYTHONPATH': '/home/fetch/catkin_ws/devel/lib/python2.7/dist-packages:/opt/ros/indigo/lib/python2.7/dist-packages', 'ROS_ROOT': '/opt/ros/indigo/share/ros', 'PKG_CONFIG_PATH': '/home/fetch/catkin_ws/devel/lib/pkgconfig:/opt/ros/indigo/lib/pkgconfig:/opt/ros/indigo/lib/x86_64-linux-gnu/pkgconfig', 'ROS_PACKAGE_PATH': '/home/fetch/catkin_ws/src:/opt/ros/indigo/share:/opt/ros/indigo/stacks', 'XDG_SESSION_ID': '7', '_': '/opt/ros/indigo/bin/roslaunch', 'LC_IDENTIFICATION': 'ko_KR.UTF-8', 'LS_COLORS': 'rs=0:di=01;34:ln=01;36:mh=00:pi=40;33:so=01;35:do=01;35:bd=40;33;01:cd=40;33;01:or=40;31;01:su=37;41:sg=30;43:ca=30;41:tw=30;42:ow=34;42:st=37;44:ex=01;32:*.tar=01;31:*.tgz=01;31:*.arj=01;31:*.taz=01;31:*.lzh=01;31:*.lzma=01;31:*.tlz=01;31:*.txz=01;31:*.zip=01;31:*.z=01;31:*.Z=01;31:*.dz=01;31:*.gz=01;31:*.lz=01;31:*.xz=01;31:*.bz2=01;31:*.bz=01;31:*.tbz=01;31:*.tbz2=01;31:*.tz=01;31:*.deb=01;31:*.rpm=01;31:*.jar=01;31:*.war=01;31:*.ear=01;31:*.sar=01;31:*.rar=01;31:*.ace=01;31:*.zoo=01;31:*.cpio=01;31:*.7z=01;31:*.rz=01;31:*.jpg=01;35:*.jpeg=01;35:*.gif=01;35:*.bmp=01;35:*.pbm=01;35:*.pgm=01;35:*.ppm=01;35:*.tga=01;35:*.xbm=01;35:*.xpm=01;35:*.tif=01;35:*.tiff=01;35:*.png=01;35:*.svg=01;35:*.svgz=01;35:*.mng=01;35:*.pcx=01;35:*.mov=01;35:*.mpg=01;35:*.mpeg=01;35:*.m2v=01;35:*.mkv=01;35:*.webm=01;35:*.ogm=01;35:*.mp4=01;35:*.m4v=01;35:*.mp4v=01;35:*.vob=01;35:*.qt=01;35:*.nuv=01;35:*.wmv=01;35:*.asf=01;35:*.rm=01;35:*.rmvb=01;35:*.flc=01;35:*.avi=01;35:*.fli=01;35:*.flv=01;35:*.gl=01;35:*.dl=01;35:*.xcf=01;35:*.xwd=01;35:*.yuv=01;35:*.cgm=01;35:*.emf=01;35:*.axv=01;35:*.anx=01;35:*.ogv=01;35:*.ogx=01;35:*.aac=00;36:*.au=00;36:*.flac=00;36:*.mid=00;36:*.midi=00;36:*.mka=00;36:*.mp3=00;36:*.mpc=00;36:*.ogg=00;36:*.ra=00;36:*.wav=00;36:*.axa=00;36:*.oga=00;36:*.spx=00;36:*.xspf=00;36:', 'LESSCLOSE': '/usr/bin/lesspipe %s %s', 'SSH_TTY': '/dev/pts/31', 'OLDPWD': '/home/fetch', 'LC_TELEPHONE': 'ko_KR.UTF-8', 'SHLVL': '1', 'PWD': '/home/fetch/catkin_ws/src/rostful/rostful/launch', 'ROS_ETC_DIR': '/opt/ros/indigo/etc/ros', 'LC_NAME': 'ko_KR.UTF-8', 'MAIL': '/var/mail/fetch', 'LC_TIME': 'ko_KR.UTF-8', 'SSH_CONNECTION': '192.168.1.200 55662 192.168.1.100 22'}]
[roslaunch][INFO] 2018-12-16 18:57:26,231: process[rostful_server-1]: args[[u'/home/fetch/catkin_ws/src/rostful/rostful/scripts/server', '--host', '192.168.1.100', '-p', '8080', '--topics', '/local_control/goto', '/local_control/initialpose', '/local_control/cancel', '/local_control/initialpose', '/enable_software_runstop', '/remote_control', '/cmd_dock', '/cmd_undock', '/current/pose', u'__name:=rostful_server']]
[roslaunch][INFO] 2018-12-16 18:57:26,231: ... created process [rostful_server-1]
[roslaunch.pmon][INFO] 2018-12-16 18:57:26,231: ProcessMonitor.register[rostful_server-1]
[roslaunch.pmon][INFO] 2018-12-16 18:57:26,231: ProcessMonitor.register[rostful_server-1] complete
[roslaunch][INFO] 2018-12-16 18:57:26,231: ... registered process [rostful_server-1]
[roslaunch][INFO] 2018-12-16 18:57:26,231: process[rostful_server-1]: starting os process
[roslaunch][INFO] 2018-12-16 18:57:26,231: process[rostful_server-1]: start w/ args [[u'/home/fetch/catkin_ws/src/rostful/rostful/scripts/server', '--host', '192.168.1.100', '-p', '8080', '--topics', '/local_control/goto', '/local_control/initialpose', '/local_control/cancel', '/local_control/initialpose', '/enable_software_runstop', '/remote_control', '/cmd_dock', '/cmd_undock', '/current/pose', u'__name:=rostful_server', u'__log:=/home/fetch/.ros/log/0d0d8d06-0193-11e9-8d9e-000babe55698/rostful_server-1.log']]
[roslaunch][INFO] 2018-12-16 18:57:26,231: process[rostful_server-1]: cwd will be [/home/fetch/.ros]
[roslaunch][INFO] 2018-12-16 18:57:26,233: process[rostful_server-1]: started with pid [15356]
[roslaunch][INFO] 2018-12-16 18:57:26,233: ... successfully launched [rostful_server-1]
[roslaunch][INFO] 2018-12-16 18:57:26,233: ... launch_nodes complete
[roslaunch.pmon][INFO] 2018-12-16 18:57:26,233: registrations completed <ProcessMonitor(ProcessMonitor-1, started daemon 140676186777344)>
[roslaunch.parent][INFO] 2018-12-16 18:57:26,233: ... roslaunch parent running, waiting for process exit
[roslaunch][INFO] 2018-12-16 18:57:26,233: spin
[roslaunch.pmon][INFO] 2018-12-16 19:00:09,946: ProcessMonitor.shutdown <ProcessMonitor(ProcessMonitor-1, started daemon 140676186777344)>
[roslaunch.pmon][INFO] 2018-12-16 19:00:09,949: ProcessMonitor._post_run <ProcessMonitor(ProcessMonitor-1, started daemon 140676186777344)>
[roslaunch.pmon][INFO] 2018-12-16 19:00:09,950: ProcessMonitor._post_run <ProcessMonitor(ProcessMonitor-1, started daemon 140676186777344)>: remaining procs are [<roslaunch.nodeprocess.LocalProcess object at 0x7ff1ba462d90>]
[roslaunch.pmon][INFO] 2018-12-16 19:00:09,950: ProcessMonitor exit: killing rostful_server-1
[roslaunch][INFO] 2018-12-16 19:00:09,950: [rostful_server-1] killing on exit
[roslaunch][INFO] 2018-12-16 19:00:09,951: process[rostful_server-1]: killing os process with pid[15356] pgid[15356]
[roslaunch][INFO] 2018-12-16 19:00:09,951: [rostful_server-1] sending SIGINT to pgid [15356]
[roslaunch][INFO] 2018-12-16 19:00:09,951: [rostful_server-1] sent SIGINT to pgid [15356]
[roslaunch][ERROR] 2018-12-16 19:00:24,973: [rostful_server-1] escalating to SIGTERM
[roslaunch][INFO] 2018-12-16 19:00:24,973: [rostful_server-1] sent SIGTERM to pgid [15356]
[roslaunch][INFO] 2018-12-16 19:00:25,174: process[rostful_server-1]: SIGTERM killed with return value -15
[roslaunch.pmon][INFO] 2018-12-16 19:00:25,174: ProcessMonitor exit: cleaning up data structures and signals
[roslaunch.pmon][INFO] 2018-12-16 19:00:25,175: ProcessMonitor exit: pmon has shutdown
[roslaunch][INFO] 2018-12-16 19:00:25,186: process monitor is done spinning, initiating full shutdown
[roslaunch][INFO] 2018-12-16 19:00:25,186: runner.stop()
[roslaunch][INFO] 2018-12-16 19:00:25,186: shutting down processing monitor...
[roslaunch][INFO] 2018-12-16 19:00:25,186: shutting down processing monitor <ProcessMonitor(ProcessMonitor-1, stopped daemon 140676186777344)>
[roslaunch.pmon][INFO] 2018-12-16 19:00:25,186: ProcessMonitor.shutdown <ProcessMonitor(ProcessMonitor-1, stopped daemon 140676186777344)>
[roslaunch][INFO] 2018-12-16 19:00:25,186: ... shutting down processing monitor complete
[roslaunch][INFO] 2018-12-16 19:00:25,186: done
[roslaunch.pmon][INFO] 2018-12-16 19:00:25,186: ProcessMonitor.shutdown <ProcessMonitor(ProcessMonitor-1, stopped daemon 140676186777344)>
[rospy.core][INFO] 2018-12-16 19:00:25,186: signal_shutdown [atexit]
