[roslaunch][INFO] 2018-12-16 16:43:43,241: Checking log directory for disk usage. This may take awhile.
Press Ctrl-C to interrupt
[roslaunch][INFO] 2018-12-16 16:43:43,243: Done checking log file disk usage. Usage is <1GB.
[roslaunch][INFO] 2018-12-16 16:43:43,243: roslaunch starting with args ['/opt/ros/indigo/bin/roslaunch', 'robot_local_control', 'robot_local_control.launch']
[roslaunch][INFO] 2018-12-16 16:43:43,243: roslaunch env is {'ROS_DISTRO': 'indigo', 'LESSOPEN': '| /usr/bin/lesspipe %s', 'SSH_CLIENT': '192.168.1.2 16785 22', 'CPATH': '/home/fetch/catkin_ws/devel/include:/opt/ros/indigo/include', 'LOGNAME': 'fetch', 'USER': 'fetch', 'PATH': '/opt/ros/indigo/bin:/usr/local/sbin:/usr/local/bin:/usr/sbin:/usr/bin:/sbin:/bin:/usr/games:/usr/local/games', 'HOME': '/home/fetch', 'CMAKE_PREFIX_PATH': '/home/fetch/catkin_ws/devel:/opt/ros/indigo', 'LD_LIBRARY_PATH': '/home/fetch/catkin_ws/devel/lib:/opt/ros/indigo/lib:/opt/ros/indigo/lib/x86_64-linux-gnu', 'LANG': 'en_US.UTF-8', 'TERM': 'xterm-256color', 'SHELL': '/bin/bash', 'SHLVL': '1', 'QT_QPA_PLATFORMTHEME': 'appmenu-qt5', 'ROS_LOG_FILENAME': '/home/fetch/.ros/log/0d0d8d06-0193-11e9-8d9e-000babe55698/roslaunch-freight1207-6837.log', 'ROS_ETC_DIR': '/opt/ros/indigo/etc/ros', 'XDG_RUNTIME_DIR': '/run/user/1000', 'PYTHONPATH': '/home/fetch/catkin_ws/devel/lib/python2.7/dist-packages:/opt/ros/indigo/lib/python2.7/dist-packages', 'ROS_ROOT': '/opt/ros/indigo/share/ros', 'PKG_CONFIG_PATH': '/home/fetch/catkin_ws/devel/lib/pkgconfig:/opt/ros/indigo/lib/pkgconfig:/opt/ros/indigo/lib/x86_64-linux-gnu/pkgconfig', 'ROS_PACKAGE_PATH': '/home/fetch/catkin_ws/src:/opt/ros/indigo/share:/opt/ros/indigo/stacks', 'XDG_SESSION_ID': '2', '_': '/opt/ros/indigo/bin/roslaunch', 'SSH_CONNECTION': '192.168.1.2 16785 192.168.1.100 22', 'LESSCLOSE': '/usr/bin/lesspipe %s %s', 'SSH_TTY': '/dev/pts/1', 'PWD': '/home/fetch', 'ROS_MASTER_URI': 'http://localhost:11311', 'MAIL': '/var/mail/fetch', 'LS_COLORS': 'rs=0:di=01;34:ln=01;36:mh=00:pi=40;33:so=01;35:do=01;35:bd=40;33;01:cd=40;33;01:or=40;31;01:su=37;41:sg=30;43:ca=30;41:tw=30;42:ow=34;42:st=37;44:ex=01;32:*.tar=01;31:*.tgz=01;31:*.arj=01;31:*.taz=01;31:*.lzh=01;31:*.lzma=01;31:*.tlz=01;31:*.txz=01;31:*.zip=01;31:*.z=01;31:*.Z=01;31:*.dz=01;31:*.gz=01;31:*.lz=01;31:*.xz=01;31:*.bz2=01;31:*.bz=01;31:*.tbz=01;31:*.tbz2=01;31:*.tz=01;31:*.deb=01;31:*.rpm=01;31:*.jar=01;31:*.war=01;31:*.ear=01;31:*.sar=01;31:*.rar=01;31:*.ace=01;31:*.zoo=01;31:*.cpio=01;31:*.7z=01;31:*.rz=01;31:*.jpg=01;35:*.jpeg=01;35:*.gif=01;35:*.bmp=01;35:*.pbm=01;35:*.pgm=01;35:*.ppm=01;35:*.tga=01;35:*.xbm=01;35:*.xpm=01;35:*.tif=01;35:*.tiff=01;35:*.png=01;35:*.svg=01;35:*.svgz=01;35:*.mng=01;35:*.pcx=01;35:*.mov=01;35:*.mpg=01;35:*.mpeg=01;35:*.m2v=01;35:*.mkv=01;35:*.webm=01;35:*.ogm=01;35:*.mp4=01;35:*.m4v=01;35:*.mp4v=01;35:*.vob=01;35:*.qt=01;35:*.nuv=01;35:*.wmv=01;35:*.asf=01;35:*.rm=01;35:*.rmvb=01;35:*.flc=01;35:*.avi=01;35:*.fli=01;35:*.flv=01;35:*.gl=01;35:*.dl=01;35:*.xcf=01;35:*.xwd=01;35:*.yuv=01;35:*.cgm=01;35:*.emf=01;35:*.axv=01;35:*.anx=01;35:*.ogv=01;35:*.ogx=01;35:*.aac=00;36:*.au=00;36:*.flac=00;36:*.mid=00;36:*.midi=00;36:*.mka=00;36:*.mp3=00;36:*.mpc=00;36:*.ogg=00;36:*.ra=00;36:*.wav=00;36:*.axa=00;36:*.oga=00;36:*.spx=00;36:*.xspf=00;36:'}
[roslaunch][INFO] 2018-12-16 16:43:43,243: starting in server mode
[roslaunch.parent][INFO] 2018-12-16 16:43:43,244: starting roslaunch parent run
[roslaunch][INFO] 2018-12-16 16:43:43,244: loading roscore config file /opt/ros/indigo/etc/ros/roscore.xml
[roslaunch][INFO] 2018-12-16 16:43:43,301: Added core node of type [rosout/rosout] in namespace [/]
[roslaunch.config][INFO] 2018-12-16 16:43:43,301: loading config file /home/fetch/catkin_ws/src/robot_local_control/launch/robot_local_control.launch
[roslaunch][INFO] 2018-12-16 16:43:43,302: Added node of type [robot_local_control/local_control_navigation] in namespace [/]
[roslaunch][INFO] 2018-12-16 16:43:43,302: Added node of type [robot_local_control/local_control_initialpose] in namespace [/]
[roslaunch][INFO] 2018-12-16 16:43:43,302: Added node of type [robot_local_control/robot_pose_publisher] in namespace [/]
[roslaunch][INFO] 2018-12-16 16:43:43,302: ... selected machine [] for node of type [robot_local_control/local_control_navigation]
[roslaunch][INFO] 2018-12-16 16:43:43,302: ... selected machine [] for node of type [robot_local_control/local_control_initialpose]
[roslaunch][INFO] 2018-12-16 16:43:43,302: ... selected machine [] for node of type [robot_local_control/robot_pose_publisher]
[roslaunch.pmon][INFO] 2018-12-16 16:43:43,303: start_process_monitor: creating ProcessMonitor
[roslaunch.pmon][INFO] 2018-12-16 16:43:43,303: created process monitor <ProcessMonitor(ProcessMonitor-1, initial daemon)>
[roslaunch.pmon][INFO] 2018-12-16 16:43:43,303: start_process_monitor: ProcessMonitor started
[roslaunch.parent][INFO] 2018-12-16 16:43:43,303: starting parent XML-RPC server
[roslaunch.server][INFO] 2018-12-16 16:43:43,303: starting roslaunch XML-RPC server
[roslaunch.server][INFO] 2018-12-16 16:43:43,303: waiting for roslaunch XML-RPC server to initialize
[xmlrpc][INFO] 2018-12-16 16:43:43,304: XML-RPC server binding to 0.0.0.0:0
[xmlrpc][INFO] 2018-12-16 16:43:43,304: Started XML-RPC server [http://freight1207:57961/]
[xmlrpc][INFO] 2018-12-16 16:43:43,304: xml rpc node: starting XML-RPC server
[roslaunch][INFO] 2018-12-16 16:43:43,315: started roslaunch server http://freight1207:57961/
[roslaunch.parent][INFO] 2018-12-16 16:43:43,315: ... parent XML-RPC server started
[roslaunch][INFO] 2018-12-16 16:43:43,315: master.is_running[http://localhost:11311]
[roslaunch][INFO] 2018-12-16 16:43:43,316: master.is_running[http://localhost:11311]
[roslaunch][INFO] 2018-12-16 16:43:43,316: ROS_MASTER_URI=http://localhost:11311
[roslaunch][INFO] 2018-12-16 16:43:43,318: setting /roslaunch/uris/host_freight1207__57961' to http://freight1207:57961/
[roslaunch][INFO] 2018-12-16 16:43:43,319: load_parameters starting ...
[roslaunch][INFO] 2018-12-16 16:43:43,321: ... load_parameters complete
[roslaunch][INFO] 2018-12-16 16:43:43,321: launch_nodes: launching local nodes ...
[roslaunch][INFO] 2018-12-16 16:43:43,321: ... preparing to launch node of type [robot_local_control/local_control_navigation]
[roslaunch][INFO] 2018-12-16 16:43:43,321: create_node_process: package[robot_local_control] type[local_control_navigation] machine[Machine(name[] env_loader[None] address[localhost] ssh_port[22] user[None] assignable[True] timeout[10.0])] master_uri[http://localhost:11311]
[roslaunch][INFO] 2018-12-16 16:43:43,321: process[local_control_navigation-1]: env[{'ROS_DISTRO': 'indigo', 'LESSOPEN': '| /usr/bin/lesspipe %s', 'SSH_CLIENT': '192.168.1.2 16785 22', 'CPATH': '/home/fetch/catkin_ws/devel/include:/opt/ros/indigo/include', 'LOGNAME': 'fetch', 'USER': 'fetch', 'PATH': '/opt/ros/indigo/bin:/usr/local/sbin:/usr/local/bin:/usr/sbin:/usr/bin:/sbin:/bin:/usr/games:/usr/local/games', 'HOME': '/home/fetch', 'CMAKE_PREFIX_PATH': '/home/fetch/catkin_ws/devel:/opt/ros/indigo', 'ROS_LOG_FILENAME': '/home/fetch/.ros/log/0d0d8d06-0193-11e9-8d9e-000babe55698/roslaunch-freight1207-6837.log', 'LANG': 'en_US.UTF-8', 'TERM': 'xterm-256color', 'SHELL': '/bin/bash', 'SHLVL': '1', 'QT_QPA_PLATFORMTHEME': 'appmenu-qt5', 'LD_LIBRARY_PATH': '/home/fetch/catkin_ws/devel/lib:/opt/ros/indigo/lib:/opt/ros/indigo/lib/x86_64-linux-gnu', 'ROS_MASTER_URI': 'http://localhost:11311', 'XDG_RUNTIME_DIR': '/run/user/1000', 'PYTHONPATH': '/home/fetch/catkin_ws/devel/lib/python2.7/dist-packages:/opt/ros/indigo/lib/python2.7/dist-packages', 'ROS_ROOT': '/opt/ros/indigo/share/ros', 'PKG_CONFIG_PATH': '/home/fetch/catkin_ws/devel/lib/pkgconfig:/opt/ros/indigo/lib/pkgconfig:/opt/ros/indigo/lib/x86_64-linux-gnu/pkgconfig', 'ROS_PACKAGE_PATH': '/home/fetch/catkin_ws/src:/opt/ros/indigo/share:/opt/ros/indigo/stacks', 'XDG_SESSION_ID': '2', '_': '/opt/ros/indigo/bin/roslaunch', 'LS_COLORS': 'rs=0:di=01;34:ln=01;36:mh=00:pi=40;33:so=01;35:do=01;35:bd=40;33;01:cd=40;33;01:or=40;31;01:su=37;41:sg=30;43:ca=30;41:tw=30;42:ow=34;42:st=37;44:ex=01;32:*.tar=01;31:*.tgz=01;31:*.arj=01;31:*.taz=01;31:*.lzh=01;31:*.lzma=01;31:*.tlz=01;31:*.txz=01;31:*.zip=01;31:*.z=01;31:*.Z=01;31:*.dz=01;31:*.gz=01;31:*.lz=01;31:*.xz=01;31:*.bz2=01;31:*.bz=01;31:*.tbz=01;31:*.tbz2=01;31:*.tz=01;31:*.deb=01;31:*.rpm=01;31:*.jar=01;31:*.war=01;31:*.ear=01;31:*.sar=01;31:*.rar=01;31:*.ace=01;31:*.zoo=01;31:*.cpio=01;31:*.7z=01;31:*.rz=01;31:*.jpg=01;35:*.jpeg=01;35:*.gif=01;35:*.bmp=01;35:*.pbm=01;35:*.pgm=01;35:*.ppm=01;35:*.tga=01;35:*.xbm=01;35:*.xpm=01;35:*.tif=01;35:*.tiff=01;35:*.png=01;35:*.svg=01;35:*.svgz=01;35:*.mng=01;35:*.pcx=01;35:*.mov=01;35:*.mpg=01;35:*.mpeg=01;35:*.m2v=01;35:*.mkv=01;35:*.webm=01;35:*.ogm=01;35:*.mp4=01;35:*.m4v=01;35:*.mp4v=01;35:*.vob=01;35:*.qt=01;35:*.nuv=01;35:*.wmv=01;35:*.asf=01;35:*.rm=01;35:*.rmvb=01;35:*.flc=01;35:*.avi=01;35:*.fli=01;35:*.flv=01;35:*.gl=01;35:*.dl=01;35:*.xcf=01;35:*.xwd=01;35:*.yuv=01;35:*.cgm=01;35:*.emf=01;35:*.axv=01;35:*.anx=01;35:*.ogv=01;35:*.ogx=01;35:*.aac=00;36:*.au=00;36:*.flac=00;36:*.mid=00;36:*.midi=00;36:*.mka=00;36:*.mp3=00;36:*.mpc=00;36:*.ogg=00;36:*.ra=00;36:*.wav=00;36:*.axa=00;36:*.oga=00;36:*.spx=00;36:*.xspf=00;36:', 'LESSCLOSE': '/usr/bin/lesspipe %s %s', 'SSH_TTY': '/dev/pts/1', 'PWD': '/home/fetch', 'ROS_ETC_DIR': '/opt/ros/indigo/etc/ros', 'MAIL': '/var/mail/fetch', 'SSH_CONNECTION': '192.168.1.2 16785 192.168.1.100 22'}]
[roslaunch][INFO] 2018-12-16 16:43:43,338: process[local_control_navigation-1]: args[[u'/home/fetch/catkin_ws/devel/lib/robot_local_control/local_control_navigation', u'__name:=local_control_navigation']]
[roslaunch][INFO] 2018-12-16 16:43:43,339: ... created process [local_control_navigation-1]
[roslaunch.pmon][INFO] 2018-12-16 16:43:43,339: ProcessMonitor.register[local_control_navigation-1]
[roslaunch.pmon][INFO] 2018-12-16 16:43:43,339: ProcessMonitor.register[local_control_navigation-1] complete
[roslaunch][INFO] 2018-12-16 16:43:43,339: ... registered process [local_control_navigation-1]
[roslaunch][INFO] 2018-12-16 16:43:43,339: process[local_control_navigation-1]: starting os process
[roslaunch][INFO] 2018-12-16 16:43:43,339: process[local_control_navigation-1]: start w/ args [[u'/home/fetch/catkin_ws/devel/lib/robot_local_control/local_control_navigation', u'__name:=local_control_navigation', u'__log:=/home/fetch/.ros/log/0d0d8d06-0193-11e9-8d9e-000babe55698/local_control_navigation-1.log']]
[roslaunch][INFO] 2018-12-16 16:43:43,339: process[local_control_navigation-1]: cwd will be [/home/fetch/.ros]
[roslaunch][INFO] 2018-12-16 16:43:43,341: process[local_control_navigation-1]: started with pid [6855]
[roslaunch][INFO] 2018-12-16 16:43:43,341: ... successfully launched [local_control_navigation-1]
[roslaunch][INFO] 2018-12-16 16:43:43,341: ... preparing to launch node of type [robot_local_control/local_control_initialpose]
[roslaunch][INFO] 2018-12-16 16:43:43,341: create_node_process: package[robot_local_control] type[local_control_initialpose] machine[Machine(name[] env_loader[None] address[localhost] ssh_port[22] user[None] assignable[True] timeout[10.0])] master_uri[http://localhost:11311]
[roslaunch][INFO] 2018-12-16 16:43:43,341: process[local_control_initialpose-2]: env[{'ROS_DISTRO': 'indigo', 'LESSOPEN': '| /usr/bin/lesspipe %s', 'SSH_CLIENT': '192.168.1.2 16785 22', 'CPATH': '/home/fetch/catkin_ws/devel/include:/opt/ros/indigo/include', 'LOGNAME': 'fetch', 'USER': 'fetch', 'PATH': '/opt/ros/indigo/bin:/usr/local/sbin:/usr/local/bin:/usr/sbin:/usr/bin:/sbin:/bin:/usr/games:/usr/local/games', 'HOME': '/home/fetch', 'CMAKE_PREFIX_PATH': '/home/fetch/catkin_ws/devel:/opt/ros/indigo', 'ROS_LOG_FILENAME': '/home/fetch/.ros/log/0d0d8d06-0193-11e9-8d9e-000babe55698/roslaunch-freight1207-6837.log', 'LANG': 'en_US.UTF-8', 'TERM': 'xterm-256color', 'SHELL': '/bin/bash', 'SHLVL': '1', 'QT_QPA_PLATFORMTHEME': 'appmenu-qt5', 'LD_LIBRARY_PATH': '/home/fetch/catkin_ws/devel/lib:/opt/ros/indigo/lib:/opt/ros/indigo/lib/x86_64-linux-gnu', 'ROS_MASTER_URI': 'http://localhost:11311', 'XDG_RUNTIME_DIR': '/run/user/1000', 'PYTHONPATH': '/home/fetch/catkin_ws/devel/lib/python2.7/dist-packages:/opt/ros/indigo/lib/python2.7/dist-packages', 'ROS_ROOT': '/opt/ros/indigo/share/ros', 'PKG_CONFIG_PATH': '/home/fetch/catkin_ws/devel/lib/pkgconfig:/opt/ros/indigo/lib/pkgconfig:/opt/ros/indigo/lib/x86_64-linux-gnu/pkgconfig', 'ROS_PACKAGE_PATH': '/home/fetch/catkin_ws/src:/opt/ros/indigo/share:/opt/ros/indigo/stacks', 'XDG_SESSION_ID': '2', '_': '/opt/ros/indigo/bin/roslaunch', 'LS_COLORS': 'rs=0:di=01;34:ln=01;36:mh=00:pi=40;33:so=01;35:do=01;35:bd=40;33;01:cd=40;33;01:or=40;31;01:su=37;41:sg=30;43:ca=30;41:tw=30;42:ow=34;42:st=37;44:ex=01;32:*.tar=01;31:*.tgz=01;31:*.arj=01;31:*.taz=01;31:*.lzh=01;31:*.lzma=01;31:*.tlz=01;31:*.txz=01;31:*.zip=01;31:*.z=01;31:*.Z=01;31:*.dz=01;31:*.gz=01;31:*.lz=01;31:*.xz=01;31:*.bz2=01;31:*.bz=01;31:*.tbz=01;31:*.tbz2=01;31:*.tz=01;31:*.deb=01;31:*.rpm=01;31:*.jar=01;31:*.war=01;31:*.ear=01;31:*.sar=01;31:*.rar=01;31:*.ace=01;31:*.zoo=01;31:*.cpio=01;31:*.7z=01;31:*.rz=01;31:*.jpg=01;35:*.jpeg=01;35:*.gif=01;35:*.bmp=01;35:*.pbm=01;35:*.pgm=01;35:*.ppm=01;35:*.tga=01;35:*.xbm=01;35:*.xpm=01;35:*.tif=01;35:*.tiff=01;35:*.png=01;35:*.svg=01;35:*.svgz=01;35:*.mng=01;35:*.pcx=01;35:*.mov=01;35:*.mpg=01;35:*.mpeg=01;35:*.m2v=01;35:*.mkv=01;35:*.webm=01;35:*.ogm=01;35:*.mp4=01;35:*.m4v=01;35:*.mp4v=01;35:*.vob=01;35:*.qt=01;35:*.nuv=01;35:*.wmv=01;35:*.asf=01;35:*.rm=01;35:*.rmvb=01;35:*.flc=01;35:*.avi=01;35:*.fli=01;35:*.flv=01;35:*.gl=01;35:*.dl=01;35:*.xcf=01;35:*.xwd=01;35:*.yuv=01;35:*.cgm=01;35:*.emf=01;35:*.axv=01;35:*.anx=01;35:*.ogv=01;35:*.ogx=01;35:*.aac=00;36:*.au=00;36:*.flac=00;36:*.mid=00;36:*.midi=00;36:*.mka=00;36:*.mp3=00;36:*.mpc=00;36:*.ogg=00;36:*.ra=00;36:*.wav=00;36:*.axa=00;36:*.oga=00;36:*.spx=00;36:*.xspf=00;36:', 'LESSCLOSE': '/usr/bin/lesspipe %s %s', 'SSH_TTY': '/dev/pts/1', 'PWD': '/home/fetch', 'ROS_ETC_DIR': '/opt/ros/indigo/etc/ros', 'MAIL': '/var/mail/fetch', 'SSH_CONNECTION': '192.168.1.2 16785 192.168.1.100 22'}]
[roslaunch][INFO] 2018-12-16 16:43:43,342: process[local_control_initialpose-2]: args[[u'/home/fetch/catkin_ws/devel/lib/robot_local_control/local_control_initialpose', u'__name:=local_control_initialpose']]
[roslaunch][INFO] 2018-12-16 16:43:43,342: ... created process [local_control_initialpose-2]
[roslaunch.pmon][INFO] 2018-12-16 16:43:43,342: ProcessMonitor.register[local_control_initialpose-2]
[roslaunch.pmon][INFO] 2018-12-16 16:43:43,342: ProcessMonitor.register[local_control_initialpose-2] complete
[roslaunch][INFO] 2018-12-16 16:43:43,342: ... registered process [local_control_initialpose-2]
[roslaunch][INFO] 2018-12-16 16:43:43,342: process[local_control_initialpose-2]: starting os process
[roslaunch][INFO] 2018-12-16 16:43:43,342: process[local_control_initialpose-2]: start w/ args [[u'/home/fetch/catkin_ws/devel/lib/robot_local_control/local_control_initialpose', u'__name:=local_control_initialpose', u'__log:=/home/fetch/.ros/log/0d0d8d06-0193-11e9-8d9e-000babe55698/local_control_initialpose-2.log']]
[roslaunch][INFO] 2018-12-16 16:43:43,342: process[local_control_initialpose-2]: cwd will be [/home/fetch/.ros]
[roslaunch][INFO] 2018-12-16 16:43:43,347: process[local_control_initialpose-2]: started with pid [6856]
[roslaunch][INFO] 2018-12-16 16:43:43,347: ... successfully launched [local_control_initialpose-2]
[roslaunch][INFO] 2018-12-16 16:43:43,347: ... preparing to launch node of type [robot_local_control/robot_pose_publisher]
[roslaunch][INFO] 2018-12-16 16:43:43,347: create_node_process: package[robot_local_control] type[robot_pose_publisher] machine[Machine(name[] env_loader[None] address[localhost] ssh_port[22] user[None] assignable[True] timeout[10.0])] master_uri[http://localhost:11311]
[roslaunch][INFO] 2018-12-16 16:43:43,347: process[robot_pose_publisher-3]: env[{'ROS_DISTRO': 'indigo', 'LESSOPEN': '| /usr/bin/lesspipe %s', 'SSH_CLIENT': '192.168.1.2 16785 22', 'CPATH': '/home/fetch/catkin_ws/devel/include:/opt/ros/indigo/include', 'LOGNAME': 'fetch', 'USER': 'fetch', 'PATH': '/opt/ros/indigo/bin:/usr/local/sbin:/usr/local/bin:/usr/sbin:/usr/bin:/sbin:/bin:/usr/games:/usr/local/games', 'HOME': '/home/fetch', 'CMAKE_PREFIX_PATH': '/home/fetch/catkin_ws/devel:/opt/ros/indigo', 'ROS_LOG_FILENAME': '/home/fetch/.ros/log/0d0d8d06-0193-11e9-8d9e-000babe55698/roslaunch-freight1207-6837.log', 'LANG': 'en_US.UTF-8', 'TERM': 'xterm-256color', 'SHELL': '/bin/bash', 'SHLVL': '1', 'QT_QPA_PLATFORMTHEME': 'appmenu-qt5', 'LD_LIBRARY_PATH': '/home/fetch/catkin_ws/devel/lib:/opt/ros/indigo/lib:/opt/ros/indigo/lib/x86_64-linux-gnu', 'ROS_MASTER_URI': 'http://localhost:11311', 'XDG_RUNTIME_DIR': '/run/user/1000', 'PYTHONPATH': '/home/fetch/catkin_ws/devel/lib/python2.7/dist-packages:/opt/ros/indigo/lib/python2.7/dist-packages', 'ROS_ROOT': '/opt/ros/indigo/share/ros', 'PKG_CONFIG_PATH': '/home/fetch/catkin_ws/devel/lib/pkgconfig:/opt/ros/indigo/lib/pkgconfig:/opt/ros/indigo/lib/x86_64-linux-gnu/pkgconfig', 'ROS_PACKAGE_PATH': '/home/fetch/catkin_ws/src:/opt/ros/indigo/share:/opt/ros/indigo/stacks', 'XDG_SESSION_ID': '2', '_': '/opt/ros/indigo/bin/roslaunch', 'LS_COLORS': 'rs=0:di=01;34:ln=01;36:mh=00:pi=40;33:so=01;35:do=01;35:bd=40;33;01:cd=40;33;01:or=40;31;01:su=37;41:sg=30;43:ca=30;41:tw=30;42:ow=34;42:st=37;44:ex=01;32:*.tar=01;31:*.tgz=01;31:*.arj=01;31:*.taz=01;31:*.lzh=01;31:*.lzma=01;31:*.tlz=01;31:*.txz=01;31:*.zip=01;31:*.z=01;31:*.Z=01;31:*.dz=01;31:*.gz=01;31:*.lz=01;31:*.xz=01;31:*.bz2=01;31:*.bz=01;31:*.tbz=01;31:*.tbz2=01;31:*.tz=01;31:*.deb=01;31:*.rpm=01;31:*.jar=01;31:*.war=01;31:*.ear=01;31:*.sar=01;31:*.rar=01;31:*.ace=01;31:*.zoo=01;31:*.cpio=01;31:*.7z=01;31:*.rz=01;31:*.jpg=01;35:*.jpeg=01;35:*.gif=01;35:*.bmp=01;35:*.pbm=01;35:*.pgm=01;35:*.ppm=01;35:*.tga=01;35:*.xbm=01;35:*.xpm=01;35:*.tif=01;35:*.tiff=01;35:*.png=01;35:*.svg=01;35:*.svgz=01;35:*.mng=01;35:*.pcx=01;35:*.mov=01;35:*.mpg=01;35:*.mpeg=01;35:*.m2v=01;35:*.mkv=01;35:*.webm=01;35:*.ogm=01;35:*.mp4=01;35:*.m4v=01;35:*.mp4v=01;35:*.vob=01;35:*.qt=01;35:*.nuv=01;35:*.wmv=01;35:*.asf=01;35:*.rm=01;35:*.rmvb=01;35:*.flc=01;35:*.avi=01;35:*.fli=01;35:*.flv=01;35:*.gl=01;35:*.dl=01;35:*.xcf=01;35:*.xwd=01;35:*.yuv=01;35:*.cgm=01;35:*.emf=01;35:*.axv=01;35:*.anx=01;35:*.ogv=01;35:*.ogx=01;35:*.aac=00;36:*.au=00;36:*.flac=00;36:*.mid=00;36:*.midi=00;36:*.mka=00;36:*.mp3=00;36:*.mpc=00;36:*.ogg=00;36:*.ra=00;36:*.wav=00;36:*.axa=00;36:*.oga=00;36:*.spx=00;36:*.xspf=00;36:', 'LESSCLOSE': '/usr/bin/lesspipe %s %s', 'SSH_TTY': '/dev/pts/1', 'PWD': '/home/fetch', 'ROS_ETC_DIR': '/opt/ros/indigo/etc/ros', 'MAIL': '/var/mail/fetch', 'SSH_CONNECTION': '192.168.1.2 16785 192.168.1.100 22'}]
[roslaunch][INFO] 2018-12-16 16:43:43,348: process[robot_pose_publisher-3]: args[[u'/home/fetch/catkin_ws/devel/lib/robot_local_control/robot_pose_publisher', u'__name:=robot_pose_publisher']]
[roslaunch][INFO] 2018-12-16 16:43:43,348: ... created process [robot_pose_publisher-3]
[roslaunch.pmon][INFO] 2018-12-16 16:43:43,348: ProcessMonitor.register[robot_pose_publisher-3]
[roslaunch.pmon][INFO] 2018-12-16 16:43:43,348: ProcessMonitor.register[robot_pose_publisher-3] complete
[roslaunch][INFO] 2018-12-16 16:43:43,348: ... registered process [robot_pose_publisher-3]
[roslaunch][INFO] 2018-12-16 16:43:43,348: process[robot_pose_publisher-3]: starting os process
[roslaunch][INFO] 2018-12-16 16:43:43,348: process[robot_pose_publisher-3]: start w/ args [[u'/home/fetch/catkin_ws/devel/lib/robot_local_control/robot_pose_publisher', u'__name:=robot_pose_publisher', u'__log:=/home/fetch/.ros/log/0d0d8d06-0193-11e9-8d9e-000babe55698/robot_pose_publisher-3.log']]
[roslaunch][INFO] 2018-12-16 16:43:43,348: process[robot_pose_publisher-3]: cwd will be [/home/fetch/.ros]
[roslaunch][INFO] 2018-12-16 16:43:43,350: process[robot_pose_publisher-3]: started with pid [6858]
[roslaunch][INFO] 2018-12-16 16:43:43,350: ... successfully launched [robot_pose_publisher-3]
[roslaunch][INFO] 2018-12-16 16:43:43,350: ... launch_nodes complete
[roslaunch.pmon][INFO] 2018-12-16 16:43:43,350: registrations completed <ProcessMonitor(ProcessMonitor-1, started daemon 139910314424064)>
[roslaunch.parent][INFO] 2018-12-16 16:43:43,351: ... roslaunch parent running, waiting for process exit
[roslaunch][INFO] 2018-12-16 16:43:43,351: spin
[roslaunch][INFO] 2018-12-16 18:48:18,135: [robot_pose_publisher-3] process has finished cleanly
log file: /home/fetch/.ros/log/0d0d8d06-0193-11e9-8d9e-000babe55698/robot_pose_publisher-3*.log
[roslaunch.pmon][INFO] 2018-12-16 18:48:18,135: ProcessMonitor.unregister[robot_pose_publisher-3] starting
[roslaunch.pmon][INFO] 2018-12-16 18:48:18,135: ProcessMonitor.unregister[robot_pose_publisher-3] complete
[roslaunch][INFO] 2018-12-16 18:52:46,477: [local_control_navigation-1] process has finished cleanly
log file: /home/fetch/.ros/log/0d0d8d06-0193-11e9-8d9e-000babe55698/local_control_navigation-1*.log
[roslaunch.pmon][INFO] 2018-12-16 18:52:46,477: ProcessMonitor.unregister[local_control_navigation-1] starting
[roslaunch.pmon][INFO] 2018-12-16 18:52:46,477: ProcessMonitor.unregister[local_control_navigation-1] complete
[roslaunch][INFO] 2018-12-16 18:52:46,578: [local_control_initialpose-2] process has finished cleanly
log file: /home/fetch/.ros/log/0d0d8d06-0193-11e9-8d9e-000babe55698/local_control_initialpose-2*.log
[roslaunch.pmon][INFO] 2018-12-16 18:52:46,578: ProcessMonitor.unregister[local_control_initialpose-2] starting
[roslaunch.pmon][INFO] 2018-12-16 18:52:46,578: ProcessMonitor.unregister[local_control_initialpose-2] complete
[roslaunch][INFO] 2018-12-16 18:52:46,578: all processes on machine have died, roslaunch will exit
[roslaunch.pmon][INFO] 2018-12-16 18:52:46,678: ProcessMonitor._post_run <ProcessMonitor(ProcessMonitor-1, started daemon 139910314424064)>
[roslaunch.pmon][INFO] 2018-12-16 18:52:46,678: ProcessMonitor._post_run <ProcessMonitor(ProcessMonitor-1, started daemon 139910314424064)>: remaining procs are []
[roslaunch.pmon][INFO] 2018-12-16 18:52:46,679: ProcessMonitor exit: cleaning up data structures and signals
[roslaunch.pmon][INFO] 2018-12-16 18:52:46,679: ProcessMonitor exit: pmon has shutdown
[roslaunch][INFO] 2018-12-16 18:52:46,687: process monitor is done spinning, initiating full shutdown
[roslaunch][INFO] 2018-12-16 18:52:46,687: runner.stop()
[roslaunch][INFO] 2018-12-16 18:52:46,687: shutting down processing monitor...
[roslaunch][INFO] 2018-12-16 18:52:46,687: shutting down processing monitor <ProcessMonitor(ProcessMonitor-1, stopped daemon 139910314424064)>
[roslaunch.pmon][INFO] 2018-12-16 18:52:46,687: ProcessMonitor.shutdown <ProcessMonitor(ProcessMonitor-1, stopped daemon 139910314424064)>
[roslaunch][INFO] 2018-12-16 18:52:46,687: ... shutting down processing monitor complete
[roslaunch][INFO] 2018-12-16 18:52:46,688: done
[roslaunch.pmon][INFO] 2018-12-16 18:52:46,688: ProcessMonitor.shutdown <ProcessMonitor(ProcessMonitor-1, stopped daemon 139910314424064)>
[rospy.core][INFO] 2018-12-16 18:52:46,688: signal_shutdown [atexit]
