[roslaunch][INFO] 2018-12-16 16:34:10,576: Checking log directory for disk usage. This may take awhile.
Press Ctrl-C to interrupt
[roslaunch][INFO] 2018-12-16 16:34:10,579: Done checking log file disk usage. Usage is <1GB.
[roslaunch][INFO] 2018-12-16 16:34:10,579: roslaunch starting with args ['/opt/ros/indigo/bin/roslaunch', 'fetch_navigation', 'freight_nav.launch']
[roslaunch][INFO] 2018-12-16 16:34:10,579: roslaunch env is {'ROS_DISTRO': 'indigo', 'LESSOPEN': '| /usr/bin/lesspipe %s', 'SSH_CLIENT': '192.168.1.2 16728 22', 'CPATH': '/home/fetch/catkin_ws/devel/include:/opt/ros/indigo/include', 'LOGNAME': 'fetch', 'USER': 'fetch', 'PATH': '/opt/ros/indigo/bin:/usr/local/sbin:/usr/local/bin:/usr/sbin:/usr/bin:/sbin:/bin:/usr/games:/usr/local/games', 'HOME': '/home/fetch', 'CMAKE_PREFIX_PATH': '/home/fetch/catkin_ws/devel:/opt/ros/indigo', 'LD_LIBRARY_PATH': '/home/fetch/catkin_ws/devel/lib:/opt/ros/indigo/lib:/opt/ros/indigo/lib/x86_64-linux-gnu', 'LANG': 'en_US.UTF-8', 'TERM': 'xterm-256color', 'SHELL': '/bin/bash', 'SHLVL': '1', 'QT_QPA_PLATFORMTHEME': 'appmenu-qt5', 'ROS_LOG_FILENAME': '/home/fetch/.ros/log/0d0d8d06-0193-11e9-8d9e-000babe55698/roslaunch-freight1207-3106.log', 'ROS_ETC_DIR': '/opt/ros/indigo/etc/ros', 'XDG_RUNTIME_DIR': '/run/user/1000', 'PYTHONPATH': '/home/fetch/catkin_ws/devel/lib/python2.7/dist-packages:/opt/ros/indigo/lib/python2.7/dist-packages', 'ROS_ROOT': '/opt/ros/indigo/share/ros', 'PKG_CONFIG_PATH': '/home/fetch/catkin_ws/devel/lib/pkgconfig:/opt/ros/indigo/lib/pkgconfig:/opt/ros/indigo/lib/x86_64-linux-gnu/pkgconfig', 'ROS_PACKAGE_PATH': '/home/fetch/catkin_ws/src:/opt/ros/indigo/share:/opt/ros/indigo/stacks', 'XDG_SESSION_ID': '1', '_': '/opt/ros/indigo/bin/roslaunch', 'SSH_CONNECTION': '192.168.1.2 16728 192.168.1.100 22', 'LESSCLOSE': '/usr/bin/lesspipe %s %s', 'SSH_TTY': '/dev/pts/0', 'PWD': '/home/fetch', 'ROS_MASTER_URI': 'http://localhost:11311', 'MAIL': '/var/mail/fetch', 'LS_COLORS': 'rs=0:di=01;34:ln=01;36:mh=00:pi=40;33:so=01;35:do=01;35:bd=40;33;01:cd=40;33;01:or=40;31;01:su=37;41:sg=30;43:ca=30;41:tw=30;42:ow=34;42:st=37;44:ex=01;32:*.tar=01;31:*.tgz=01;31:*.arj=01;31:*.taz=01;31:*.lzh=01;31:*.lzma=01;31:*.tlz=01;31:*.txz=01;31:*.zip=01;31:*.z=01;31:*.Z=01;31:*.dz=01;31:*.gz=01;31:*.lz=01;31:*.xz=01;31:*.bz2=01;31:*.bz=01;31:*.tbz=01;31:*.tbz2=01;31:*.tz=01;31:*.deb=01;31:*.rpm=01;31:*.jar=01;31:*.war=01;31:*.ear=01;31:*.sar=01;31:*.rar=01;31:*.ace=01;31:*.zoo=01;31:*.cpio=01;31:*.7z=01;31:*.rz=01;31:*.jpg=01;35:*.jpeg=01;35:*.gif=01;35:*.bmp=01;35:*.pbm=01;35:*.pgm=01;35:*.ppm=01;35:*.tga=01;35:*.xbm=01;35:*.xpm=01;35:*.tif=01;35:*.tiff=01;35:*.png=01;35:*.svg=01;35:*.svgz=01;35:*.mng=01;35:*.pcx=01;35:*.mov=01;35:*.mpg=01;35:*.mpeg=01;35:*.m2v=01;35:*.mkv=01;35:*.webm=01;35:*.ogm=01;35:*.mp4=01;35:*.m4v=01;35:*.mp4v=01;35:*.vob=01;35:*.qt=01;35:*.nuv=01;35:*.wmv=01;35:*.asf=01;35:*.rm=01;35:*.rmvb=01;35:*.flc=01;35:*.avi=01;35:*.fli=01;35:*.flv=01;35:*.gl=01;35:*.dl=01;35:*.xcf=01;35:*.xwd=01;35:*.yuv=01;35:*.cgm=01;35:*.emf=01;35:*.axv=01;35:*.anx=01;35:*.ogv=01;35:*.ogx=01;35:*.aac=00;36:*.au=00;36:*.flac=00;36:*.mid=00;36:*.midi=00;36:*.mka=00;36:*.mp3=00;36:*.mpc=00;36:*.ogg=00;36:*.ra=00;36:*.wav=00;36:*.axa=00;36:*.oga=00;36:*.spx=00;36:*.xspf=00;36:'}
[roslaunch][INFO] 2018-12-16 16:34:10,579: starting in server mode
[roslaunch.parent][INFO] 2018-12-16 16:34:10,579: starting roslaunch parent run
[roslaunch][INFO] 2018-12-16 16:34:10,579: loading roscore config file /opt/ros/indigo/etc/ros/roscore.xml
[roslaunch][INFO] 2018-12-16 16:34:10,636: Added core node of type [rosout/rosout] in namespace [/]
[roslaunch.config][INFO] 2018-12-16 16:34:10,636: loading config file /opt/ros/indigo/share/fetch_navigation/launch/freight_nav.launch
[roslaunch][INFO] 2018-12-16 16:34:10,655: Added node of type [map_server/map_server] in namespace [/]
[roslaunch][INFO] 2018-12-16 16:34:10,660: Added node of type [amcl/amcl] in namespace [/]
[roslaunch][INFO] 2018-12-16 16:34:10,679: Added node of type [move_base/move_base] in namespace [/]
[roslaunch][INFO] 2018-12-16 16:34:10,679: ... selected machine [] for node of type [map_server/map_server]
[roslaunch][INFO] 2018-12-16 16:34:10,679: ... selected machine [] for node of type [amcl/amcl]
[roslaunch][INFO] 2018-12-16 16:34:10,679: ... selected machine [] for node of type [move_base/move_base]
[roslaunch.pmon][INFO] 2018-12-16 16:34:10,680: start_process_monitor: creating ProcessMonitor
[roslaunch.pmon][INFO] 2018-12-16 16:34:10,680: created process monitor <ProcessMonitor(ProcessMonitor-1, initial daemon)>
[roslaunch.pmon][INFO] 2018-12-16 16:34:10,680: start_process_monitor: ProcessMonitor started
[roslaunch.parent][INFO] 2018-12-16 16:34:10,680: starting parent XML-RPC server
[roslaunch.server][INFO] 2018-12-16 16:34:10,680: starting roslaunch XML-RPC server
[roslaunch.server][INFO] 2018-12-16 16:34:10,680: waiting for roslaunch XML-RPC server to initialize
[xmlrpc][INFO] 2018-12-16 16:34:10,680: XML-RPC server binding to 0.0.0.0:0
[xmlrpc][INFO] 2018-12-16 16:34:10,681: Started XML-RPC server [http://freight1207:42542/]
[xmlrpc][INFO] 2018-12-16 16:34:10,681: xml rpc node: starting XML-RPC server
[roslaunch][INFO] 2018-12-16 16:34:10,691: started roslaunch server http://freight1207:42542/
[roslaunch.parent][INFO] 2018-12-16 16:34:10,692: ... parent XML-RPC server started
[roslaunch][INFO] 2018-12-16 16:34:10,692: master.is_running[http://localhost:11311]
[roslaunch][INFO] 2018-12-16 16:34:10,693: master.is_running[http://localhost:11311]
[roslaunch][INFO] 2018-12-16 16:34:10,694: ROS_MASTER_URI=http://localhost:11311
[roslaunch][INFO] 2018-12-16 16:34:10,695: setting /roslaunch/uris/host_freight1207__42542' to http://freight1207:42542/
[roslaunch][INFO] 2018-12-16 16:34:10,697: load_parameters starting ...
[roslaunch][INFO] 2018-12-16 16:34:10,715: ... load_parameters complete
[roslaunch][INFO] 2018-12-16 16:34:10,715: launch_nodes: launching local nodes ...
[roslaunch][INFO] 2018-12-16 16:34:10,716: ... preparing to launch node of type [map_server/map_server]
[roslaunch][INFO] 2018-12-16 16:34:10,716: create_node_process: package[map_server] type[map_server] machine[Machine(name[] env_loader[None] address[localhost] ssh_port[22] user[None] assignable[True] timeout[10.0])] master_uri[http://localhost:11311]
[roslaunch][INFO] 2018-12-16 16:34:10,716: process[map_server-1]: env[{'ROS_DISTRO': 'indigo', 'LESSOPEN': '| /usr/bin/lesspipe %s', 'SSH_CLIENT': '192.168.1.2 16728 22', 'CPATH': '/home/fetch/catkin_ws/devel/include:/opt/ros/indigo/include', 'LOGNAME': 'fetch', 'USER': 'fetch', 'PATH': '/opt/ros/indigo/bin:/usr/local/sbin:/usr/local/bin:/usr/sbin:/usr/bin:/sbin:/bin:/usr/games:/usr/local/games', 'HOME': '/home/fetch', 'CMAKE_PREFIX_PATH': '/home/fetch/catkin_ws/devel:/opt/ros/indigo', 'ROS_LOG_FILENAME': '/home/fetch/.ros/log/0d0d8d06-0193-11e9-8d9e-000babe55698/roslaunch-freight1207-3106.log', 'LANG': 'en_US.UTF-8', 'TERM': 'xterm-256color', 'SHELL': '/bin/bash', 'SHLVL': '1', 'QT_QPA_PLATFORMTHEME': 'appmenu-qt5', 'LD_LIBRARY_PATH': '/home/fetch/catkin_ws/devel/lib:/opt/ros/indigo/lib:/opt/ros/indigo/lib/x86_64-linux-gnu', 'ROS_MASTER_URI': 'http://localhost:11311', 'XDG_RUNTIME_DIR': '/run/user/1000', 'PYTHONPATH': '/home/fetch/catkin_ws/devel/lib/python2.7/dist-packages:/opt/ros/indigo/lib/python2.7/dist-packages', 'ROS_ROOT': '/opt/ros/indigo/share/ros', 'PKG_CONFIG_PATH': '/home/fetch/catkin_ws/devel/lib/pkgconfig:/opt/ros/indigo/lib/pkgconfig:/opt/ros/indigo/lib/x86_64-linux-gnu/pkgconfig', 'ROS_PACKAGE_PATH': '/home/fetch/catkin_ws/src:/opt/ros/indigo/share:/opt/ros/indigo/stacks', 'XDG_SESSION_ID': '1', '_': '/opt/ros/indigo/bin/roslaunch', 'LS_COLORS': 'rs=0:di=01;34:ln=01;36:mh=00:pi=40;33:so=01;35:do=01;35:bd=40;33;01:cd=40;33;01:or=40;31;01:su=37;41:sg=30;43:ca=30;41:tw=30;42:ow=34;42:st=37;44:ex=01;32:*.tar=01;31:*.tgz=01;31:*.arj=01;31:*.taz=01;31:*.lzh=01;31:*.lzma=01;31:*.tlz=01;31:*.txz=01;31:*.zip=01;31:*.z=01;31:*.Z=01;31:*.dz=01;31:*.gz=01;31:*.lz=01;31:*.xz=01;31:*.bz2=01;31:*.bz=01;31:*.tbz=01;31:*.tbz2=01;31:*.tz=01;31:*.deb=01;31:*.rpm=01;31:*.jar=01;31:*.war=01;31:*.ear=01;31:*.sar=01;31:*.rar=01;31:*.ace=01;31:*.zoo=01;31:*.cpio=01;31:*.7z=01;31:*.rz=01;31:*.jpg=01;35:*.jpeg=01;35:*.gif=01;35:*.bmp=01;35:*.pbm=01;35:*.pgm=01;35:*.ppm=01;35:*.tga=01;35:*.xbm=01;35:*.xpm=01;35:*.tif=01;35:*.tiff=01;35:*.png=01;35:*.svg=01;35:*.svgz=01;35:*.mng=01;35:*.pcx=01;35:*.mov=01;35:*.mpg=01;35:*.mpeg=01;35:*.m2v=01;35:*.mkv=01;35:*.webm=01;35:*.ogm=01;35:*.mp4=01;35:*.m4v=01;35:*.mp4v=01;35:*.vob=01;35:*.qt=01;35:*.nuv=01;35:*.wmv=01;35:*.asf=01;35:*.rm=01;35:*.rmvb=01;35:*.flc=01;35:*.avi=01;35:*.fli=01;35:*.flv=01;35:*.gl=01;35:*.dl=01;35:*.xcf=01;35:*.xwd=01;35:*.yuv=01;35:*.cgm=01;35:*.emf=01;35:*.axv=01;35:*.anx=01;35:*.ogv=01;35:*.ogx=01;35:*.aac=00;36:*.au=00;36:*.flac=00;36:*.mid=00;36:*.midi=00;36:*.mka=00;36:*.mp3=00;36:*.mpc=00;36:*.ogg=00;36:*.ra=00;36:*.wav=00;36:*.axa=00;36:*.oga=00;36:*.spx=00;36:*.xspf=00;36:', 'LESSCLOSE': '/usr/bin/lesspipe %s %s', 'SSH_TTY': '/dev/pts/0', 'PWD': '/home/fetch', 'ROS_ETC_DIR': '/opt/ros/indigo/etc/ros', 'MAIL': '/var/mail/fetch', 'SSH_CONNECTION': '192.168.1.2 16728 192.168.1.100 22'}]
[roslaunch][INFO] 2018-12-16 16:34:10,733: process[map_server-1]: args[[u'/opt/ros/indigo/lib/map_server/map_server', '/home/fetch/maps/uok02.yaml', u'__name:=map_server']]
[roslaunch][INFO] 2018-12-16 16:34:10,733: ... created process [map_server-1]
[roslaunch.pmon][INFO] 2018-12-16 16:34:10,733: ProcessMonitor.register[map_server-1]
[roslaunch.pmon][INFO] 2018-12-16 16:34:10,733: ProcessMonitor.register[map_server-1] complete
[roslaunch][INFO] 2018-12-16 16:34:10,733: ... registered process [map_server-1]
[roslaunch][INFO] 2018-12-16 16:34:10,733: process[map_server-1]: starting os process
[roslaunch][INFO] 2018-12-16 16:34:10,733: process[map_server-1]: start w/ args [[u'/opt/ros/indigo/lib/map_server/map_server', '/home/fetch/maps/uok02.yaml', u'__name:=map_server', u'__log:=/home/fetch/.ros/log/0d0d8d06-0193-11e9-8d9e-000babe55698/map_server-1.log']]
[roslaunch][INFO] 2018-12-16 16:34:10,733: process[map_server-1]: cwd will be [/home/fetch/.ros]
[roslaunch][INFO] 2018-12-16 16:34:10,735: process[map_server-1]: started with pid [3124]
[roslaunch][INFO] 2018-12-16 16:34:10,735: ... successfully launched [map_server-1]
[roslaunch][INFO] 2018-12-16 16:34:10,736: ... preparing to launch node of type [amcl/amcl]
[roslaunch][INFO] 2018-12-16 16:34:10,736: create_node_process: package[amcl] type[amcl] machine[Machine(name[] env_loader[None] address[localhost] ssh_port[22] user[None] assignable[True] timeout[10.0])] master_uri[http://localhost:11311]
[roslaunch][INFO] 2018-12-16 16:34:10,736: process[amcl-2]: env[{'ROS_DISTRO': 'indigo', 'LESSOPEN': '| /usr/bin/lesspipe %s', 'SSH_CLIENT': '192.168.1.2 16728 22', 'CPATH': '/home/fetch/catkin_ws/devel/include:/opt/ros/indigo/include', 'LOGNAME': 'fetch', 'USER': 'fetch', 'PATH': '/opt/ros/indigo/bin:/usr/local/sbin:/usr/local/bin:/usr/sbin:/usr/bin:/sbin:/bin:/usr/games:/usr/local/games', 'HOME': '/home/fetch', 'CMAKE_PREFIX_PATH': '/home/fetch/catkin_ws/devel:/opt/ros/indigo', 'ROS_LOG_FILENAME': '/home/fetch/.ros/log/0d0d8d06-0193-11e9-8d9e-000babe55698/roslaunch-freight1207-3106.log', 'LANG': 'en_US.UTF-8', 'TERM': 'xterm-256color', 'SHELL': '/bin/bash', 'SHLVL': '1', 'QT_QPA_PLATFORMTHEME': 'appmenu-qt5', 'LD_LIBRARY_PATH': '/home/fetch/catkin_ws/devel/lib:/opt/ros/indigo/lib:/opt/ros/indigo/lib/x86_64-linux-gnu', 'ROS_MASTER_URI': 'http://localhost:11311', 'XDG_RUNTIME_DIR': '/run/user/1000', 'PYTHONPATH': '/home/fetch/catkin_ws/devel/lib/python2.7/dist-packages:/opt/ros/indigo/lib/python2.7/dist-packages', 'ROS_ROOT': '/opt/ros/indigo/share/ros', 'PKG_CONFIG_PATH': '/home/fetch/catkin_ws/devel/lib/pkgconfig:/opt/ros/indigo/lib/pkgconfig:/opt/ros/indigo/lib/x86_64-linux-gnu/pkgconfig', 'ROS_PACKAGE_PATH': '/home/fetch/catkin_ws/src:/opt/ros/indigo/share:/opt/ros/indigo/stacks', 'XDG_SESSION_ID': '1', '_': '/opt/ros/indigo/bin/roslaunch', 'LS_COLORS': 'rs=0:di=01;34:ln=01;36:mh=00:pi=40;33:so=01;35:do=01;35:bd=40;33;01:cd=40;33;01:or=40;31;01:su=37;41:sg=30;43:ca=30;41:tw=30;42:ow=34;42:st=37;44:ex=01;32:*.tar=01;31:*.tgz=01;31:*.arj=01;31:*.taz=01;31:*.lzh=01;31:*.lzma=01;31:*.tlz=01;31:*.txz=01;31:*.zip=01;31:*.z=01;31:*.Z=01;31:*.dz=01;31:*.gz=01;31:*.lz=01;31:*.xz=01;31:*.bz2=01;31:*.bz=01;31:*.tbz=01;31:*.tbz2=01;31:*.tz=01;31:*.deb=01;31:*.rpm=01;31:*.jar=01;31:*.war=01;31:*.ear=01;31:*.sar=01;31:*.rar=01;31:*.ace=01;31:*.zoo=01;31:*.cpio=01;31:*.7z=01;31:*.rz=01;31:*.jpg=01;35:*.jpeg=01;35:*.gif=01;35:*.bmp=01;35:*.pbm=01;35:*.pgm=01;35:*.ppm=01;35:*.tga=01;35:*.xbm=01;35:*.xpm=01;35:*.tif=01;35:*.tiff=01;35:*.png=01;35:*.svg=01;35:*.svgz=01;35:*.mng=01;35:*.pcx=01;35:*.mov=01;35:*.mpg=01;35:*.mpeg=01;35:*.m2v=01;35:*.mkv=01;35:*.webm=01;35:*.ogm=01;35:*.mp4=01;35:*.m4v=01;35:*.mp4v=01;35:*.vob=01;35:*.qt=01;35:*.nuv=01;35:*.wmv=01;35:*.asf=01;35:*.rm=01;35:*.rmvb=01;35:*.flc=01;35:*.avi=01;35:*.fli=01;35:*.flv=01;35:*.gl=01;35:*.dl=01;35:*.xcf=01;35:*.xwd=01;35:*.yuv=01;35:*.cgm=01;35:*.emf=01;35:*.axv=01;35:*.anx=01;35:*.ogv=01;35:*.ogx=01;35:*.aac=00;36:*.au=00;36:*.flac=00;36:*.mid=00;36:*.midi=00;36:*.mka=00;36:*.mp3=00;36:*.mpc=00;36:*.ogg=00;36:*.ra=00;36:*.wav=00;36:*.axa=00;36:*.oga=00;36:*.spx=00;36:*.xspf=00;36:', 'LESSCLOSE': '/usr/bin/lesspipe %s %s', 'SSH_TTY': '/dev/pts/0', 'PWD': '/home/fetch', 'ROS_ETC_DIR': '/opt/ros/indigo/etc/ros', 'MAIL': '/var/mail/fetch', 'SSH_CONNECTION': '192.168.1.2 16728 192.168.1.100 22'}]
[roslaunch][INFO] 2018-12-16 16:34:10,737: process[amcl-2]: args[[u'/opt/ros/indigo/lib/amcl/amcl', u'scan:=base_scan', u'map:=map', u'__name:=amcl']]
[roslaunch][INFO] 2018-12-16 16:34:10,737: ... created process [amcl-2]
[roslaunch.pmon][INFO] 2018-12-16 16:34:10,737: ProcessMonitor.register[amcl-2]
[roslaunch.pmon][INFO] 2018-12-16 16:34:10,738: ProcessMonitor.register[amcl-2] complete
[roslaunch][INFO] 2018-12-16 16:34:10,738: ... registered process [amcl-2]
[roslaunch][INFO] 2018-12-16 16:34:10,738: process[amcl-2]: starting os process
[roslaunch][INFO] 2018-12-16 16:34:10,738: process[amcl-2]: start w/ args [[u'/opt/ros/indigo/lib/amcl/amcl', u'scan:=base_scan', u'map:=map', u'__name:=amcl', u'__log:=/home/fetch/.ros/log/0d0d8d06-0193-11e9-8d9e-000babe55698/amcl-2.log']]
[roslaunch][INFO] 2018-12-16 16:34:10,738: process[amcl-2]: cwd will be [/home/fetch/.ros]
[roslaunch][INFO] 2018-12-16 16:34:10,740: process[amcl-2]: started with pid [3125]
[roslaunch][INFO] 2018-12-16 16:34:10,740: ... successfully launched [amcl-2]
[roslaunch][INFO] 2018-12-16 16:34:10,740: ... preparing to launch node of type [move_base/move_base]
[roslaunch][INFO] 2018-12-16 16:34:10,740: create_node_process: package[move_base] type[move_base] machine[Machine(name[] env_loader[None] address[localhost] ssh_port[22] user[None] assignable[True] timeout[10.0])] master_uri[http://localhost:11311]
[roslaunch][INFO] 2018-12-16 16:34:10,741: process[move_base-3]: env[{'ROS_DISTRO': 'indigo', 'LESSOPEN': '| /usr/bin/lesspipe %s', 'SSH_CLIENT': '192.168.1.2 16728 22', 'CPATH': '/home/fetch/catkin_ws/devel/include:/opt/ros/indigo/include', 'LOGNAME': 'fetch', 'USER': 'fetch', 'PATH': '/opt/ros/indigo/bin:/usr/local/sbin:/usr/local/bin:/usr/sbin:/usr/bin:/sbin:/bin:/usr/games:/usr/local/games', 'HOME': '/home/fetch', 'CMAKE_PREFIX_PATH': '/home/fetch/catkin_ws/devel:/opt/ros/indigo', 'ROS_LOG_FILENAME': '/home/fetch/.ros/log/0d0d8d06-0193-11e9-8d9e-000babe55698/roslaunch-freight1207-3106.log', 'LANG': 'en_US.UTF-8', 'TERM': 'xterm-256color', 'SHELL': '/bin/bash', 'SHLVL': '1', 'QT_QPA_PLATFORMTHEME': 'appmenu-qt5', 'LD_LIBRARY_PATH': '/home/fetch/catkin_ws/devel/lib:/opt/ros/indigo/lib:/opt/ros/indigo/lib/x86_64-linux-gnu', 'ROS_MASTER_URI': 'http://localhost:11311', 'XDG_RUNTIME_DIR': '/run/user/1000', 'PYTHONPATH': '/home/fetch/catkin_ws/devel/lib/python2.7/dist-packages:/opt/ros/indigo/lib/python2.7/dist-packages', 'ROS_ROOT': '/opt/ros/indigo/share/ros', 'PKG_CONFIG_PATH': '/home/fetch/catkin_ws/devel/lib/pkgconfig:/opt/ros/indigo/lib/pkgconfig:/opt/ros/indigo/lib/x86_64-linux-gnu/pkgconfig', 'ROS_PACKAGE_PATH': '/home/fetch/catkin_ws/src:/opt/ros/indigo/share:/opt/ros/indigo/stacks', 'XDG_SESSION_ID': '1', '_': '/opt/ros/indigo/bin/roslaunch', 'LS_COLORS': 'rs=0:di=01;34:ln=01;36:mh=00:pi=40;33:so=01;35:do=01;35:bd=40;33;01:cd=40;33;01:or=40;31;01:su=37;41:sg=30;43:ca=30;41:tw=30;42:ow=34;42:st=37;44:ex=01;32:*.tar=01;31:*.tgz=01;31:*.arj=01;31:*.taz=01;31:*.lzh=01;31:*.lzma=01;31:*.tlz=01;31:*.txz=01;31:*.zip=01;31:*.z=01;31:*.Z=01;31:*.dz=01;31:*.gz=01;31:*.lz=01;31:*.xz=01;31:*.bz2=01;31:*.bz=01;31:*.tbz=01;31:*.tbz2=01;31:*.tz=01;31:*.deb=01;31:*.rpm=01;31:*.jar=01;31:*.war=01;31:*.ear=01;31:*.sar=01;31:*.rar=01;31:*.ace=01;31:*.zoo=01;31:*.cpio=01;31:*.7z=01;31:*.rz=01;31:*.jpg=01;35:*.jpeg=01;35:*.gif=01;35:*.bmp=01;35:*.pbm=01;35:*.pgm=01;35:*.ppm=01;35:*.tga=01;35:*.xbm=01;35:*.xpm=01;35:*.tif=01;35:*.tiff=01;35:*.png=01;35:*.svg=01;35:*.svgz=01;35:*.mng=01;35:*.pcx=01;35:*.mov=01;35:*.mpg=01;35:*.mpeg=01;35:*.m2v=01;35:*.mkv=01;35:*.webm=01;35:*.ogm=01;35:*.mp4=01;35:*.m4v=01;35:*.mp4v=01;35:*.vob=01;35:*.qt=01;35:*.nuv=01;35:*.wmv=01;35:*.asf=01;35:*.rm=01;35:*.rmvb=01;35:*.flc=01;35:*.avi=01;35:*.fli=01;35:*.flv=01;35:*.gl=01;35:*.dl=01;35:*.xcf=01;35:*.xwd=01;35:*.yuv=01;35:*.cgm=01;35:*.emf=01;35:*.axv=01;35:*.anx=01;35:*.ogv=01;35:*.ogx=01;35:*.aac=00;36:*.au=00;36:*.flac=00;36:*.mid=00;36:*.midi=00;36:*.mka=00;36:*.mp3=00;36:*.mpc=00;36:*.ogg=00;36:*.ra=00;36:*.wav=00;36:*.axa=00;36:*.oga=00;36:*.spx=00;36:*.xspf=00;36:', 'LESSCLOSE': '/usr/bin/lesspipe %s %s', 'SSH_TTY': '/dev/pts/0', 'PWD': '/home/fetch', 'ROS_ETC_DIR': '/opt/ros/indigo/etc/ros', 'MAIL': '/var/mail/fetch', 'SSH_CONNECTION': '192.168.1.2 16728 192.168.1.100 22'}]
[roslaunch][INFO] 2018-12-16 16:34:10,742: process[move_base-3]: args[[u'/opt/ros/indigo/lib/move_base/move_base', u'cmd_vel:=cmd_vel', u'odom:=odom', u'map:=map', u'__name:=move_base']]
[roslaunch][INFO] 2018-12-16 16:34:10,742: ... created process [move_base-3]
[roslaunch.pmon][INFO] 2018-12-16 16:34:10,742: ProcessMonitor.register[move_base-3]
[roslaunch.pmon][INFO] 2018-12-16 16:34:10,742: ProcessMonitor.register[move_base-3] complete
[roslaunch][INFO] 2018-12-16 16:34:10,742: ... registered process [move_base-3]
[roslaunch][INFO] 2018-12-16 16:34:10,742: process[move_base-3]: starting os process
[roslaunch][INFO] 2018-12-16 16:34:10,742: process[move_base-3]: start w/ args [[u'/opt/ros/indigo/lib/move_base/move_base', u'cmd_vel:=cmd_vel', u'odom:=odom', u'map:=map', u'__name:=move_base', u'__log:=/home/fetch/.ros/log/0d0d8d06-0193-11e9-8d9e-000babe55698/move_base-3.log']]
[roslaunch][INFO] 2018-12-16 16:34:10,742: process[move_base-3]: cwd will be [/home/fetch/.ros]
[roslaunch][INFO] 2018-12-16 16:34:10,745: process[move_base-3]: started with pid [3126]
[roslaunch][INFO] 2018-12-16 16:34:10,745: ... successfully launched [move_base-3]
[roslaunch][INFO] 2018-12-16 16:34:10,745: ... launch_nodes complete
[roslaunch.pmon][INFO] 2018-12-16 16:34:10,745: registrations completed <ProcessMonitor(ProcessMonitor-1, started daemon 139954500581120)>
[roslaunch.parent][INFO] 2018-12-16 16:34:10,745: ... roslaunch parent running, waiting for process exit
[roslaunch][INFO] 2018-12-16 16:34:10,745: spin
[roslaunch.pmon][INFO] 2018-12-16 16:45:42,585: ProcessMonitor.shutdown <ProcessMonitor(ProcessMonitor-1, started daemon 139954500581120)>
[roslaunch.pmon][INFO] 2018-12-16 16:45:42,594: ProcessMonitor._post_run <ProcessMonitor(ProcessMonitor-1, started daemon 139954500581120)>
[roslaunch.pmon][INFO] 2018-12-16 16:45:42,594: ProcessMonitor._post_run <ProcessMonitor(ProcessMonitor-1, started daemon 139954500581120)>: remaining procs are [<roslaunch.nodeprocess.LocalProcess object at 0x7f49b26c7350>, <roslaunch.nodeprocess.LocalProcess object at 0x7f49b26c7f10>, <roslaunch.nodeprocess.LocalProcess object at 0x7f49b26c7a50>]
[roslaunch.pmon][INFO] 2018-12-16 16:45:42,595: ProcessMonitor exit: killing move_base-3
[roslaunch.pmon][INFO] 2018-12-16 16:45:42,595: ProcessMonitor exit: killing amcl-2
[roslaunch][INFO] 2018-12-16 16:45:42,595: [move_base-3] killing on exit
[roslaunch][INFO] 2018-12-16 16:45:42,595: [amcl-2] killing on exit
[roslaunch.pmon][INFO] 2018-12-16 16:45:42,595: ProcessMonitor exit: killing map_server-1
[roslaunch][INFO] 2018-12-16 16:45:42,595: process[move_base-3]: killing os process with pid[3126] pgid[3126]
[roslaunch][INFO] 2018-12-16 16:45:42,596: [map_server-1] killing on exit
[roslaunch][INFO] 2018-12-16 16:45:42,596: [move_base-3] sending SIGINT to pgid [3126]
[roslaunch][INFO] 2018-12-16 16:45:42,596: process[amcl-2]: killing os process with pid[3125] pgid[3125]
[roslaunch][INFO] 2018-12-16 16:45:42,596: process[map_server-1]: killing os process with pid[3124] pgid[3124]
[roslaunch][INFO] 2018-12-16 16:45:42,596: [move_base-3] sent SIGINT to pgid [3126]
[roslaunch][INFO] 2018-12-16 16:45:42,596: [amcl-2] sending SIGINT to pgid [3125]
[roslaunch][INFO] 2018-12-16 16:45:42,596: [map_server-1] sending SIGINT to pgid [3124]
[roslaunch][INFO] 2018-12-16 16:45:42,597: [amcl-2] sent SIGINT to pgid [3125]
[roslaunch][INFO] 2018-12-16 16:45:42,597: [map_server-1] sent SIGINT to pgid [3124]
[roslaunch][INFO] 2018-12-16 16:45:42,797: process[map_server-1]: SIGINT killed with return value 0
[roslaunch][INFO] 2018-12-16 16:45:42,997: process[amcl-2]: SIGINT killed with return value 0
[roslaunch][INFO] 2018-12-16 16:45:43,097: process[move_base-3]: SIGINT killed with return value 0
[roslaunch.pmon][INFO] 2018-12-16 16:45:43,098: ProcessMonitor exit: cleaning up data structures and signals
[roslaunch.pmon][INFO] 2018-12-16 16:45:43,098: ProcessMonitor exit: pmon has shutdown
[roslaunch][INFO] 2018-12-16 16:45:43,099: process monitor is done spinning, initiating full shutdown
[roslaunch][INFO] 2018-12-16 16:45:43,099: runner.stop()
[roslaunch][INFO] 2018-12-16 16:45:43,100: shutting down processing monitor...
[roslaunch][INFO] 2018-12-16 16:45:43,100: shutting down processing monitor <ProcessMonitor(ProcessMonitor-1, stopped daemon 139954500581120)>
[roslaunch.pmon][INFO] 2018-12-16 16:45:43,100: ProcessMonitor.shutdown <ProcessMonitor(ProcessMonitor-1, stopped daemon 139954500581120)>
[roslaunch][INFO] 2018-12-16 16:45:43,100: ... shutting down processing monitor complete
[roslaunch][INFO] 2018-12-16 16:45:43,100: done
[roslaunch.pmon][INFO] 2018-12-16 16:45:43,100: ProcessMonitor.shutdown <ProcessMonitor(ProcessMonitor-1, stopped daemon 139954500581120)>
[rospy.core][INFO] 2018-12-16 16:45:43,100: signal_shutdown [atexit]
