[roslaunch][INFO] 2020-11-02 16:55:21,491: Checking log directory for disk usage. This may take awhile.
Press Ctrl-C to interrupt
[roslaunch][INFO] 2020-11-02 16:55:21,494: Done checking log file disk usage. Usage is <1GB.
[roslaunch][INFO] 2020-11-02 16:55:21,495: roslaunch starting with args ['/opt/ros/indigo/bin/roslaunch', 'fetch_navigation', 'freight_nav.launch']
[roslaunch][INFO] 2020-11-02 16:55:21,495: roslaunch env is {'ROS_DISTRO': 'indigo', 'NVM_CD_FLAGS': '', 'LESSOPEN': '| /usr/bin/lesspipe %s', 'SSH_CLIENT': '172.22.77.105 50014 22', 'CPATH': '/home/fetch/catkin_ws/devel/include:/opt/ros/indigo/include', 'LOGNAME': 'fetch', 'USER': 'fetch', 'NVM_DIR': '/home/fetch/.nvm', 'PATH': '/home/fetch/.nvm/versions/node/v10.15.3/bin:/opt/ros/indigo/bin:/usr/local/sbin:/usr/local/bin:/usr/sbin:/usr/bin:/sbin:/bin:/usr/games:/usr/local/games', 'HOME': '/home/fetch', 'VIRTUALENVWRAPPER_SCRIPT': '/usr/share/virtualenvwrapper/virtualenvwrapper.sh', 'LD_LIBRARY_PATH': '/home/fetch/catkin_ws/devel/lib:/opt/ros/indigo/lib', 'LANG': 'en_US.UTF-8', 'TERM': 'xterm-256color', 'SHELL': '/bin/bash', 'ROS_LOG_FILENAME': '/home/fetch/.ros/log/b6275ba8-1d6e-11eb-b745-000babe55698/roslaunch-freight1207-5328.log', 'SHLVL': '1', 'QT_QPA_PLATFORMTHEME': 'appmenu-qt5', 'ROS_ETC_DIR': '/opt/ros/indigo/etc/ros', 'DISPLAY': 'localhost:12.0', 'NVM_BIN': '/home/fetch/.nvm/versions/node/v10.15.3/bin', '_VIRTUALENVWRAPPER_API': ' mkvirtualenv rmvirtualenv lsvirtualenv showvirtualenv workon add2virtualenv cdsitepackages cdvirtualenv lssitepackages toggleglobalsitepackages cpvirtualenv setvirtualenvproject mkproject cdproject mktmpenv mkvirtualenv rmvirtualenv lsvirtualenv showvirtualenv workon add2virtualenv cdsitepackages cdvirtualenv lssitepackages toggleglobalsitepackages cpvirtualenv setvirtualenvproject mkproject cdproject mktmpenv', 'CMAKE_PREFIX_PATH': '/home/fetch/catkin_ws/devel:/opt/ros/indigo', 'XDG_RUNTIME_DIR': '/run/user/1000', 'PYTHONPATH': '/home/fetch/catkin_ws/devel/lib/python2.7/dist-packages:/opt/ros/indigo/lib/python2.7/dist-packages', 'ROS_ROOT': '/opt/ros/indigo/share/ros', 'PKG_CONFIG_PATH': '/home/fetch/catkin_ws/devel/lib/pkgconfig:/opt/ros/indigo/lib/pkgconfig', 'ROS_PACKAGE_PATH': '/home/fetch/catkin_ws/src:/opt/ros/indigo/share:/opt/ros/indigo/stacks', 'XDG_SESSION_ID': '3', '_': '/opt/ros/indigo/bin/roslaunch', 'SSH_CONNECTION': '172.22.77.105 50014 172.22.77.172 22', 'LESSCLOSE': '/usr/bin/lesspipe %s %s', 'SSH_TTY': '/dev/pts/0', 'PWD': '/home/fetch', 'ROS_MASTER_URI': 'http://localhost:11311', 'MAIL': '/var/mail/fetch', 'LS_COLORS': 'rs=0:di=01;34:ln=01;36:mh=00:pi=40;33:so=01;35:do=01;35:bd=40;33;01:cd=40;33;01:or=40;31;01:su=37;41:sg=30;43:ca=30;41:tw=30;42:ow=34;42:st=37;44:ex=01;32:*.tar=01;31:*.tgz=01;31:*.arj=01;31:*.taz=01;31:*.lzh=01;31:*.lzma=01;31:*.tlz=01;31:*.txz=01;31:*.zip=01;31:*.z=01;31:*.Z=01;31:*.dz=01;31:*.gz=01;31:*.lz=01;31:*.xz=01;31:*.bz2=01;31:*.bz=01;31:*.tbz=01;31:*.tbz2=01;31:*.tz=01;31:*.deb=01;31:*.rpm=01;31:*.jar=01;31:*.war=01;31:*.ear=01;31:*.sar=01;31:*.rar=01;31:*.ace=01;31:*.zoo=01;31:*.cpio=01;31:*.7z=01;31:*.rz=01;31:*.jpg=01;35:*.jpeg=01;35:*.gif=01;35:*.bmp=01;35:*.pbm=01;35:*.pgm=01;35:*.ppm=01;35:*.tga=01;35:*.xbm=01;35:*.xpm=01;35:*.tif=01;35:*.tiff=01;35:*.png=01;35:*.svg=01;35:*.svgz=01;35:*.mng=01;35:*.pcx=01;35:*.mov=01;35:*.mpg=01;35:*.mpeg=01;35:*.m2v=01;35:*.mkv=01;35:*.webm=01;35:*.ogm=01;35:*.mp4=01;35:*.m4v=01;35:*.mp4v=01;35:*.vob=01;35:*.qt=01;35:*.nuv=01;35:*.wmv=01;35:*.asf=01;35:*.rm=01;35:*.rmvb=01;35:*.flc=01;35:*.avi=01;35:*.fli=01;35:*.flv=01;35:*.gl=01;35:*.dl=01;35:*.xcf=01;35:*.xwd=01;35:*.yuv=01;35:*.cgm=01;35:*.emf=01;35:*.axv=01;35:*.anx=01;35:*.ogv=01;35:*.ogx=01;35:*.aac=00;36:*.au=00;36:*.flac=00;36:*.mid=00;36:*.midi=00;36:*.mka=00;36:*.mp3=00;36:*.mpc=00;36:*.ogg=00;36:*.ra=00;36:*.wav=00;36:*.axa=00;36:*.oga=00;36:*.spx=00;36:*.xspf=00;36:'}
[roslaunch][INFO] 2020-11-02 16:55:21,495: starting in server mode
[roslaunch.parent][INFO] 2020-11-02 16:55:21,495: starting roslaunch parent run
[roslaunch][INFO] 2020-11-02 16:55:21,495: loading roscore config file /opt/ros/indigo/etc/ros/roscore.xml
[roslaunch][INFO] 2020-11-02 16:55:21,563: Added core node of type [rosout/rosout] in namespace [/]
[roslaunch.config][INFO] 2020-11-02 16:55:21,563: loading config file /opt/ros/indigo/share/fetch_navigation/launch/freight_nav.launch
[roslaunch][INFO] 2020-11-02 16:55:21,596: Added node of type [map_server/map_server] in namespace [/]
[roslaunch][INFO] 2020-11-02 16:55:21,596: Added node of type [rviz/rviz] in namespace [/]
[roslaunch][INFO] 2020-11-02 16:55:21,601: Added node of type [amcl/amcl] in namespace [/]
[roslaunch][INFO] 2020-11-02 16:55:21,619: Added node of type [move_base/move_base] in namespace [/]
[roslaunch][INFO] 2020-11-02 16:55:21,619: ... selected machine [] for node of type [map_server/map_server]
[roslaunch][INFO] 2020-11-02 16:55:21,619: ... selected machine [] for node of type [rviz/rviz]
[roslaunch][INFO] 2020-11-02 16:55:21,619: ... selected machine [] for node of type [amcl/amcl]
[roslaunch][INFO] 2020-11-02 16:55:21,619: ... selected machine [] for node of type [move_base/move_base]
[roslaunch.pmon][INFO] 2020-11-02 16:55:21,620: start_process_monitor: creating ProcessMonitor
[roslaunch.pmon][INFO] 2020-11-02 16:55:21,620: created process monitor <ProcessMonitor(ProcessMonitor-1, initial daemon)>
[roslaunch.pmon][INFO] 2020-11-02 16:55:21,623: start_process_monitor: ProcessMonitor started
[roslaunch.parent][INFO] 2020-11-02 16:55:21,623: starting parent XML-RPC server
[roslaunch.server][INFO] 2020-11-02 16:55:21,623: starting roslaunch XML-RPC server
[roslaunch.server][INFO] 2020-11-02 16:55:21,623: waiting for roslaunch XML-RPC server to initialize
[xmlrpc][INFO] 2020-11-02 16:55:21,623: XML-RPC server binding to 0.0.0.0:0
[xmlrpc][INFO] 2020-11-02 16:55:21,623: Started XML-RPC server [http://freight1207:51294/]
[xmlrpc][INFO] 2020-11-02 16:55:21,623: xml rpc node: starting XML-RPC server
[roslaunch][INFO] 2020-11-02 16:55:21,634: started roslaunch server http://freight1207:51294/
[roslaunch.parent][INFO] 2020-11-02 16:55:21,634: ... parent XML-RPC server started
[roslaunch][INFO] 2020-11-02 16:55:21,635: master.is_running[http://localhost:11311]
[roslaunch][INFO] 2020-11-02 16:55:21,636: master.is_running[http://localhost:11311]
[roslaunch][INFO] 2020-11-02 16:55:21,637: ROS_MASTER_URI=http://localhost:11311
[roslaunch][INFO] 2020-11-02 16:55:21,638: setting /roslaunch/uris/host_freight1207__51294' to http://freight1207:51294/
[roslaunch][INFO] 2020-11-02 16:55:21,639: load_parameters starting ...
[roslaunch][INFO] 2020-11-02 16:55:21,661: ... load_parameters complete
[roslaunch][INFO] 2020-11-02 16:55:21,661: launch_nodes: launching local nodes ...
[roslaunch][INFO] 2020-11-02 16:55:21,661: ... preparing to launch node of type [map_server/map_server]
[roslaunch][INFO] 2020-11-02 16:55:21,661: create_node_process: package[map_server] type[map_server] machine[Machine(name[] env_loader[None] address[localhost] ssh_port[22] user[None] assignable[True] timeout[10.0])] master_uri[http://localhost:11311]
[roslaunch][INFO] 2020-11-02 16:55:21,661: process[map_server-1]: env[{'ROS_DISTRO': 'indigo', 'NVM_CD_FLAGS': '', 'LESSOPEN': '| /usr/bin/lesspipe %s', 'SSH_CLIENT': '172.22.77.105 50014 22', 'CPATH': '/home/fetch/catkin_ws/devel/include:/opt/ros/indigo/include', 'LOGNAME': 'fetch', 'USER': 'fetch', 'NVM_DIR': '/home/fetch/.nvm', 'PATH': '/home/fetch/.nvm/versions/node/v10.15.3/bin:/opt/ros/indigo/bin:/usr/local/sbin:/usr/local/bin:/usr/sbin:/usr/bin:/sbin:/bin:/usr/games:/usr/local/games', 'HOME': '/home/fetch', 'VIRTUALENVWRAPPER_SCRIPT': '/usr/share/virtualenvwrapper/virtualenvwrapper.sh', 'ROS_LOG_FILENAME': '/home/fetch/.ros/log/b6275ba8-1d6e-11eb-b745-000babe55698/roslaunch-freight1207-5328.log', 'LANG': 'en_US.UTF-8', 'TERM': 'xterm-256color', 'SHELL': '/bin/bash', 'SHLVL': '1', 'QT_QPA_PLATFORMTHEME': 'appmenu-qt5', 'DISPLAY': 'localhost:12.0', 'NVM_BIN': '/home/fetch/.nvm/versions/node/v10.15.3/bin', '_VIRTUALENVWRAPPER_API': ' mkvirtualenv rmvirtualenv lsvirtualenv showvirtualenv workon add2virtualenv cdsitepackages cdvirtualenv lssitepackages toggleglobalsitepackages cpvirtualenv setvirtualenvproject mkproject cdproject mktmpenv mkvirtualenv rmvirtualenv lsvirtualenv showvirtualenv workon add2virtualenv cdsitepackages cdvirtualenv lssitepackages toggleglobalsitepackages cpvirtualenv setvirtualenvproject mkproject cdproject mktmpenv', 'CMAKE_PREFIX_PATH': '/home/fetch/catkin_ws/devel:/opt/ros/indigo', 'XDG_RUNTIME_DIR': '/run/user/1000', 'PYTHONPATH': '/home/fetch/catkin_ws/devel/lib/python2.7/dist-packages:/opt/ros/indigo/lib/python2.7/dist-packages', 'ROS_ROOT': '/opt/ros/indigo/share/ros', 'PKG_CONFIG_PATH': '/home/fetch/catkin_ws/devel/lib/pkgconfig:/opt/ros/indigo/lib/pkgconfig', 'ROS_PACKAGE_PATH': '/home/fetch/catkin_ws/src:/opt/ros/indigo/share:/opt/ros/indigo/stacks', 'XDG_SESSION_ID': '3', '_': '/opt/ros/indigo/bin/roslaunch', 'LD_LIBRARY_PATH': '/home/fetch/catkin_ws/devel/lib:/opt/ros/indigo/lib', 'LS_COLORS': 'rs=0:di=01;34:ln=01;36:mh=00:pi=40;33:so=01;35:do=01;35:bd=40;33;01:cd=40;33;01:or=40;31;01:su=37;41:sg=30;43:ca=30;41:tw=30;42:ow=34;42:st=37;44:ex=01;32:*.tar=01;31:*.tgz=01;31:*.arj=01;31:*.taz=01;31:*.lzh=01;31:*.lzma=01;31:*.tlz=01;31:*.txz=01;31:*.zip=01;31:*.z=01;31:*.Z=01;31:*.dz=01;31:*.gz=01;31:*.lz=01;31:*.xz=01;31:*.bz2=01;31:*.bz=01;31:*.tbz=01;31:*.tbz2=01;31:*.tz=01;31:*.deb=01;31:*.rpm=01;31:*.jar=01;31:*.war=01;31:*.ear=01;31:*.sar=01;31:*.rar=01;31:*.ace=01;31:*.zoo=01;31:*.cpio=01;31:*.7z=01;31:*.rz=01;31:*.jpg=01;35:*.jpeg=01;35:*.gif=01;35:*.bmp=01;35:*.pbm=01;35:*.pgm=01;35:*.ppm=01;35:*.tga=01;35:*.xbm=01;35:*.xpm=01;35:*.tif=01;35:*.tiff=01;35:*.png=01;35:*.svg=01;35:*.svgz=01;35:*.mng=01;35:*.pcx=01;35:*.mov=01;35:*.mpg=01;35:*.mpeg=01;35:*.m2v=01;35:*.mkv=01;35:*.webm=01;35:*.ogm=01;35:*.mp4=01;35:*.m4v=01;35:*.mp4v=01;35:*.vob=01;35:*.qt=01;35:*.nuv=01;35:*.wmv=01;35:*.asf=01;35:*.rm=01;35:*.rmvb=01;35:*.flc=01;35:*.avi=01;35:*.fli=01;35:*.flv=01;35:*.gl=01;35:*.dl=01;35:*.xcf=01;35:*.xwd=01;35:*.yuv=01;35:*.cgm=01;35:*.emf=01;35:*.axv=01;35:*.anx=01;35:*.ogv=01;35:*.ogx=01;35:*.aac=00;36:*.au=00;36:*.flac=00;36:*.mid=00;36:*.midi=00;36:*.mka=00;36:*.mp3=00;36:*.mpc=00;36:*.ogg=00;36:*.ra=00;36:*.wav=00;36:*.axa=00;36:*.oga=00;36:*.spx=00;36:*.xspf=00;36:', 'LESSCLOSE': '/usr/bin/lesspipe %s %s', 'SSH_TTY': '/dev/pts/0', 'PWD': '/home/fetch', 'ROS_ETC_DIR': '/opt/ros/indigo/etc/ros', 'ROS_MASTER_URI': 'http://localhost:11311', 'MAIL': '/var/mail/fetch', 'SSH_CONNECTION': '172.22.77.105 50014 172.22.77.172 22'}]
[roslaunch][INFO] 2020-11-02 16:55:21,693: process[map_server-1]: args[[u'/opt/ros/indigo/lib/map_server/map_server', '/home/fetch/1103_6class.yaml', u'__name:=map_server']]
[roslaunch][INFO] 2020-11-02 16:55:21,693: ... created process [map_server-1]
[roslaunch.pmon][INFO] 2020-11-02 16:55:21,693: ProcessMonitor.register[map_server-1]
[roslaunch.pmon][INFO] 2020-11-02 16:55:21,693: ProcessMonitor.register[map_server-1] complete
[roslaunch][INFO] 2020-11-02 16:55:21,693: ... registered process [map_server-1]
[roslaunch][INFO] 2020-11-02 16:55:21,693: process[map_server-1]: starting os process
[roslaunch][INFO] 2020-11-02 16:55:21,693: process[map_server-1]: start w/ args [[u'/opt/ros/indigo/lib/map_server/map_server', '/home/fetch/1103_6class.yaml', u'__name:=map_server', u'__log:=/home/fetch/.ros/log/b6275ba8-1d6e-11eb-b745-000babe55698/map_server-1.log']]
[roslaunch][INFO] 2020-11-02 16:55:21,693: process[map_server-1]: cwd will be [/home/fetch/.ros]
[roslaunch][INFO] 2020-11-02 16:55:21,694: process[map_server-1]: started with pid [5352]
[roslaunch][INFO] 2020-11-02 16:55:21,695: ... successfully launched [map_server-1]
[roslaunch][INFO] 2020-11-02 16:55:21,695: ... preparing to launch node of type [rviz/rviz]
[roslaunch][INFO] 2020-11-02 16:55:21,695: create_node_process: package[rviz] type[rviz] machine[Machine(name[] env_loader[None] address[localhost] ssh_port[22] user[None] assignable[True] timeout[10.0])] master_uri[http://localhost:11311]
[roslaunch][INFO] 2020-11-02 16:55:21,695: process[rviz-2]: env[{'ROS_DISTRO': 'indigo', 'NVM_CD_FLAGS': '', 'LESSOPEN': '| /usr/bin/lesspipe %s', 'SSH_CLIENT': '172.22.77.105 50014 22', 'CPATH': '/home/fetch/catkin_ws/devel/include:/opt/ros/indigo/include', 'LOGNAME': 'fetch', 'USER': 'fetch', 'NVM_DIR': '/home/fetch/.nvm', 'PATH': '/home/fetch/.nvm/versions/node/v10.15.3/bin:/opt/ros/indigo/bin:/usr/local/sbin:/usr/local/bin:/usr/sbin:/usr/bin:/sbin:/bin:/usr/games:/usr/local/games', 'HOME': '/home/fetch', 'VIRTUALENVWRAPPER_SCRIPT': '/usr/share/virtualenvwrapper/virtualenvwrapper.sh', 'ROS_LOG_FILENAME': '/home/fetch/.ros/log/b6275ba8-1d6e-11eb-b745-000babe55698/roslaunch-freight1207-5328.log', 'LANG': 'en_US.UTF-8', 'TERM': 'xterm-256color', 'SHELL': '/bin/bash', 'SHLVL': '1', 'QT_QPA_PLATFORMTHEME': 'appmenu-qt5', 'DISPLAY': 'localhost:12.0', 'NVM_BIN': '/home/fetch/.nvm/versions/node/v10.15.3/bin', '_VIRTUALENVWRAPPER_API': ' mkvirtualenv rmvirtualenv lsvirtualenv showvirtualenv workon add2virtualenv cdsitepackages cdvirtualenv lssitepackages toggleglobalsitepackages cpvirtualenv setvirtualenvproject mkproject cdproject mktmpenv mkvirtualenv rmvirtualenv lsvirtualenv showvirtualenv workon add2virtualenv cdsitepackages cdvirtualenv lssitepackages toggleglobalsitepackages cpvirtualenv setvirtualenvproject mkproject cdproject mktmpenv', 'CMAKE_PREFIX_PATH': '/home/fetch/catkin_ws/devel:/opt/ros/indigo', 'XDG_RUNTIME_DIR': '/run/user/1000', 'PYTHONPATH': '/home/fetch/catkin_ws/devel/lib/python2.7/dist-packages:/opt/ros/indigo/lib/python2.7/dist-packages', 'ROS_ROOT': '/opt/ros/indigo/share/ros', 'PKG_CONFIG_PATH': '/home/fetch/catkin_ws/devel/lib/pkgconfig:/opt/ros/indigo/lib/pkgconfig', 'ROS_PACKAGE_PATH': '/home/fetch/catkin_ws/src:/opt/ros/indigo/share:/opt/ros/indigo/stacks', 'XDG_SESSION_ID': '3', '_': '/opt/ros/indigo/bin/roslaunch', 'LD_LIBRARY_PATH': '/home/fetch/catkin_ws/devel/lib:/opt/ros/indigo/lib', 'LS_COLORS': 'rs=0:di=01;34:ln=01;36:mh=00:pi=40;33:so=01;35:do=01;35:bd=40;33;01:cd=40;33;01:or=40;31;01:su=37;41:sg=30;43:ca=30;41:tw=30;42:ow=34;42:st=37;44:ex=01;32:*.tar=01;31:*.tgz=01;31:*.arj=01;31:*.taz=01;31:*.lzh=01;31:*.lzma=01;31:*.tlz=01;31:*.txz=01;31:*.zip=01;31:*.z=01;31:*.Z=01;31:*.dz=01;31:*.gz=01;31:*.lz=01;31:*.xz=01;31:*.bz2=01;31:*.bz=01;31:*.tbz=01;31:*.tbz2=01;31:*.tz=01;31:*.deb=01;31:*.rpm=01;31:*.jar=01;31:*.war=01;31:*.ear=01;31:*.sar=01;31:*.rar=01;31:*.ace=01;31:*.zoo=01;31:*.cpio=01;31:*.7z=01;31:*.rz=01;31:*.jpg=01;35:*.jpeg=01;35:*.gif=01;35:*.bmp=01;35:*.pbm=01;35:*.pgm=01;35:*.ppm=01;35:*.tga=01;35:*.xbm=01;35:*.xpm=01;35:*.tif=01;35:*.tiff=01;35:*.png=01;35:*.svg=01;35:*.svgz=01;35:*.mng=01;35:*.pcx=01;35:*.mov=01;35:*.mpg=01;35:*.mpeg=01;35:*.m2v=01;35:*.mkv=01;35:*.webm=01;35:*.ogm=01;35:*.mp4=01;35:*.m4v=01;35:*.mp4v=01;35:*.vob=01;35:*.qt=01;35:*.nuv=01;35:*.wmv=01;35:*.asf=01;35:*.rm=01;35:*.rmvb=01;35:*.flc=01;35:*.avi=01;35:*.fli=01;35:*.flv=01;35:*.gl=01;35:*.dl=01;35:*.xcf=01;35:*.xwd=01;35:*.yuv=01;35:*.cgm=01;35:*.emf=01;35:*.axv=01;35:*.anx=01;35:*.ogv=01;35:*.ogx=01;35:*.aac=00;36:*.au=00;36:*.flac=00;36:*.mid=00;36:*.midi=00;36:*.mka=00;36:*.mp3=00;36:*.mpc=00;36:*.ogg=00;36:*.ra=00;36:*.wav=00;36:*.axa=00;36:*.oga=00;36:*.spx=00;36:*.xspf=00;36:', 'LESSCLOSE': '/usr/bin/lesspipe %s %s', 'SSH_TTY': '/dev/pts/0', 'PWD': '/home/fetch', 'ROS_ETC_DIR': '/opt/ros/indigo/etc/ros', 'ROS_MASTER_URI': 'http://localhost:11311', 'MAIL': '/var/mail/fetch', 'SSH_CONNECTION': '172.22.77.105 50014 172.22.77.172 22'}]
[roslaunch][INFO] 2020-11-02 16:55:21,697: process[rviz-2]: args[[u'/opt/ros/indigo/lib/rviz/rviz', '/opt/ros/indigo/share/fetch_navigation/config/navigation.rviz', u'__name:=rviz']]
[roslaunch][INFO] 2020-11-02 16:55:21,697: ... created process [rviz-2]
[roslaunch.pmon][INFO] 2020-11-02 16:55:21,697: ProcessMonitor.register[rviz-2]
[roslaunch.pmon][INFO] 2020-11-02 16:55:21,697: ProcessMonitor.register[rviz-2] complete
[roslaunch][INFO] 2020-11-02 16:55:21,697: ... registered process [rviz-2]
[roslaunch][INFO] 2020-11-02 16:55:21,697: process[rviz-2]: starting os process
[roslaunch][INFO] 2020-11-02 16:55:21,697: process[rviz-2]: start w/ args [[u'/opt/ros/indigo/lib/rviz/rviz', '/opt/ros/indigo/share/fetch_navigation/config/navigation.rviz', u'__name:=rviz', u'__log:=/home/fetch/.ros/log/b6275ba8-1d6e-11eb-b745-000babe55698/rviz-2.log']]
[roslaunch][INFO] 2020-11-02 16:55:21,698: process[rviz-2]: cwd will be [/home/fetch/.ros]
[roslaunch][INFO] 2020-11-02 16:55:21,699: process[rviz-2]: started with pid [5353]
[roslaunch][INFO] 2020-11-02 16:55:21,699: ... successfully launched [rviz-2]
[roslaunch][INFO] 2020-11-02 16:55:21,699: ... preparing to launch node of type [amcl/amcl]
[roslaunch][INFO] 2020-11-02 16:55:21,699: create_node_process: package[amcl] type[amcl] machine[Machine(name[] env_loader[None] address[localhost] ssh_port[22] user[None] assignable[True] timeout[10.0])] master_uri[http://localhost:11311]
[roslaunch][INFO] 2020-11-02 16:55:21,699: process[amcl-3]: env[{'ROS_DISTRO': 'indigo', 'NVM_CD_FLAGS': '', 'LESSOPEN': '| /usr/bin/lesspipe %s', 'SSH_CLIENT': '172.22.77.105 50014 22', 'CPATH': '/home/fetch/catkin_ws/devel/include:/opt/ros/indigo/include', 'LOGNAME': 'fetch', 'USER': 'fetch', 'NVM_DIR': '/home/fetch/.nvm', 'PATH': '/home/fetch/.nvm/versions/node/v10.15.3/bin:/opt/ros/indigo/bin:/usr/local/sbin:/usr/local/bin:/usr/sbin:/usr/bin:/sbin:/bin:/usr/games:/usr/local/games', 'HOME': '/home/fetch', 'VIRTUALENVWRAPPER_SCRIPT': '/usr/share/virtualenvwrapper/virtualenvwrapper.sh', 'ROS_LOG_FILENAME': '/home/fetch/.ros/log/b6275ba8-1d6e-11eb-b745-000babe55698/roslaunch-freight1207-5328.log', 'LANG': 'en_US.UTF-8', 'TERM': 'xterm-256color', 'SHELL': '/bin/bash', 'SHLVL': '1', 'QT_QPA_PLATFORMTHEME': 'appmenu-qt5', 'DISPLAY': 'localhost:12.0', 'NVM_BIN': '/home/fetch/.nvm/versions/node/v10.15.3/bin', '_VIRTUALENVWRAPPER_API': ' mkvirtualenv rmvirtualenv lsvirtualenv showvirtualenv workon add2virtualenv cdsitepackages cdvirtualenv lssitepackages toggleglobalsitepackages cpvirtualenv setvirtualenvproject mkproject cdproject mktmpenv mkvirtualenv rmvirtualenv lsvirtualenv showvirtualenv workon add2virtualenv cdsitepackages cdvirtualenv lssitepackages toggleglobalsitepackages cpvirtualenv setvirtualenvproject mkproject cdproject mktmpenv', 'CMAKE_PREFIX_PATH': '/home/fetch/catkin_ws/devel:/opt/ros/indigo', 'XDG_RUNTIME_DIR': '/run/user/1000', 'PYTHONPATH': '/home/fetch/catkin_ws/devel/lib/python2.7/dist-packages:/opt/ros/indigo/lib/python2.7/dist-packages', 'ROS_ROOT': '/opt/ros/indigo/share/ros', 'PKG_CONFIG_PATH': '/home/fetch/catkin_ws/devel/lib/pkgconfig:/opt/ros/indigo/lib/pkgconfig', 'ROS_PACKAGE_PATH': '/home/fetch/catkin_ws/src:/opt/ros/indigo/share:/opt/ros/indigo/stacks', 'XDG_SESSION_ID': '3', '_': '/opt/ros/indigo/bin/roslaunch', 'LD_LIBRARY_PATH': '/home/fetch/catkin_ws/devel/lib:/opt/ros/indigo/lib', 'LS_COLORS': 'rs=0:di=01;34:ln=01;36:mh=00:pi=40;33:so=01;35:do=01;35:bd=40;33;01:cd=40;33;01:or=40;31;01:su=37;41:sg=30;43:ca=30;41:tw=30;42:ow=34;42:st=37;44:ex=01;32:*.tar=01;31:*.tgz=01;31:*.arj=01;31:*.taz=01;31:*.lzh=01;31:*.lzma=01;31:*.tlz=01;31:*.txz=01;31:*.zip=01;31:*.z=01;31:*.Z=01;31:*.dz=01;31:*.gz=01;31:*.lz=01;31:*.xz=01;31:*.bz2=01;31:*.bz=01;31:*.tbz=01;31:*.tbz2=01;31:*.tz=01;31:*.deb=01;31:*.rpm=01;31:*.jar=01;31:*.war=01;31:*.ear=01;31:*.sar=01;31:*.rar=01;31:*.ace=01;31:*.zoo=01;31:*.cpio=01;31:*.7z=01;31:*.rz=01;31:*.jpg=01;35:*.jpeg=01;35:*.gif=01;35:*.bmp=01;35:*.pbm=01;35:*.pgm=01;35:*.ppm=01;35:*.tga=01;35:*.xbm=01;35:*.xpm=01;35:*.tif=01;35:*.tiff=01;35:*.png=01;35:*.svg=01;35:*.svgz=01;35:*.mng=01;35:*.pcx=01;35:*.mov=01;35:*.mpg=01;35:*.mpeg=01;35:*.m2v=01;35:*.mkv=01;35:*.webm=01;35:*.ogm=01;35:*.mp4=01;35:*.m4v=01;35:*.mp4v=01;35:*.vob=01;35:*.qt=01;35:*.nuv=01;35:*.wmv=01;35:*.asf=01;35:*.rm=01;35:*.rmvb=01;35:*.flc=01;35:*.avi=01;35:*.fli=01;35:*.flv=01;35:*.gl=01;35:*.dl=01;35:*.xcf=01;35:*.xwd=01;35:*.yuv=01;35:*.cgm=01;35:*.emf=01;35:*.axv=01;35:*.anx=01;35:*.ogv=01;35:*.ogx=01;35:*.aac=00;36:*.au=00;36:*.flac=00;36:*.mid=00;36:*.midi=00;36:*.mka=00;36:*.mp3=00;36:*.mpc=00;36:*.ogg=00;36:*.ra=00;36:*.wav=00;36:*.axa=00;36:*.oga=00;36:*.spx=00;36:*.xspf=00;36:', 'LESSCLOSE': '/usr/bin/lesspipe %s %s', 'SSH_TTY': '/dev/pts/0', 'PWD': '/home/fetch', 'ROS_ETC_DIR': '/opt/ros/indigo/etc/ros', 'ROS_MASTER_URI': 'http://localhost:11311', 'MAIL': '/var/mail/fetch', 'SSH_CONNECTION': '172.22.77.105 50014 172.22.77.172 22'}]
[roslaunch][INFO] 2020-11-02 16:55:21,700: process[amcl-3]: args[[u'/opt/ros/indigo/lib/amcl/amcl', u'scan:=base_scan', u'map:=map', u'__name:=amcl']]
[roslaunch][INFO] 2020-11-02 16:55:21,700: ... created process [amcl-3]
[roslaunch.pmon][INFO] 2020-11-02 16:55:21,700: ProcessMonitor.register[amcl-3]
[roslaunch.pmon][INFO] 2020-11-02 16:55:21,700: ProcessMonitor.register[amcl-3] complete
[roslaunch][INFO] 2020-11-02 16:55:21,700: ... registered process [amcl-3]
[roslaunch][INFO] 2020-11-02 16:55:21,700: process[amcl-3]: starting os process
[roslaunch][INFO] 2020-11-02 16:55:21,700: process[amcl-3]: start w/ args [[u'/opt/ros/indigo/lib/amcl/amcl', u'scan:=base_scan', u'map:=map', u'__name:=amcl', u'__log:=/home/fetch/.ros/log/b6275ba8-1d6e-11eb-b745-000babe55698/amcl-3.log']]
[roslaunch][INFO] 2020-11-02 16:55:21,700: process[amcl-3]: cwd will be [/home/fetch/.ros]
[roslaunch][INFO] 2020-11-02 16:55:21,702: process[amcl-3]: started with pid [5354]
[roslaunch][INFO] 2020-11-02 16:55:21,702: ... successfully launched [amcl-3]
[roslaunch][INFO] 2020-11-02 16:55:21,702: ... preparing to launch node of type [move_base/move_base]
[roslaunch][INFO] 2020-11-02 16:55:21,702: create_node_process: package[move_base] type[move_base] machine[Machine(name[] env_loader[None] address[localhost] ssh_port[22] user[None] assignable[True] timeout[10.0])] master_uri[http://localhost:11311]
[roslaunch][INFO] 2020-11-02 16:55:21,703: process[move_base-4]: env[{'ROS_DISTRO': 'indigo', 'NVM_CD_FLAGS': '', 'LESSOPEN': '| /usr/bin/lesspipe %s', 'SSH_CLIENT': '172.22.77.105 50014 22', 'CPATH': '/home/fetch/catkin_ws/devel/include:/opt/ros/indigo/include', 'LOGNAME': 'fetch', 'USER': 'fetch', 'NVM_DIR': '/home/fetch/.nvm', 'PATH': '/home/fetch/.nvm/versions/node/v10.15.3/bin:/opt/ros/indigo/bin:/usr/local/sbin:/usr/local/bin:/usr/sbin:/usr/bin:/sbin:/bin:/usr/games:/usr/local/games', 'HOME': '/home/fetch', 'VIRTUALENVWRAPPER_SCRIPT': '/usr/share/virtualenvwrapper/virtualenvwrapper.sh', 'ROS_LOG_FILENAME': '/home/fetch/.ros/log/b6275ba8-1d6e-11eb-b745-000babe55698/roslaunch-freight1207-5328.log', 'LANG': 'en_US.UTF-8', 'TERM': 'xterm-256color', 'SHELL': '/bin/bash', 'SHLVL': '1', 'QT_QPA_PLATFORMTHEME': 'appmenu-qt5', 'DISPLAY': 'localhost:12.0', 'NVM_BIN': '/home/fetch/.nvm/versions/node/v10.15.3/bin', '_VIRTUALENVWRAPPER_API': ' mkvirtualenv rmvirtualenv lsvirtualenv showvirtualenv workon add2virtualenv cdsitepackages cdvirtualenv lssitepackages toggleglobalsitepackages cpvirtualenv setvirtualenvproject mkproject cdproject mktmpenv mkvirtualenv rmvirtualenv lsvirtualenv showvirtualenv workon add2virtualenv cdsitepackages cdvirtualenv lssitepackages toggleglobalsitepackages cpvirtualenv setvirtualenvproject mkproject cdproject mktmpenv', 'CMAKE_PREFIX_PATH': '/home/fetch/catkin_ws/devel:/opt/ros/indigo', 'XDG_RUNTIME_DIR': '/run/user/1000', 'PYTHONPATH': '/home/fetch/catkin_ws/devel/lib/python2.7/dist-packages:/opt/ros/indigo/lib/python2.7/dist-packages', 'ROS_ROOT': '/opt/ros/indigo/share/ros', 'PKG_CONFIG_PATH': '/home/fetch/catkin_ws/devel/lib/pkgconfig:/opt/ros/indigo/lib/pkgconfig', 'ROS_PACKAGE_PATH': '/home/fetch/catkin_ws/src:/opt/ros/indigo/share:/opt/ros/indigo/stacks', 'XDG_SESSION_ID': '3', '_': '/opt/ros/indigo/bin/roslaunch', 'LD_LIBRARY_PATH': '/home/fetch/catkin_ws/devel/lib:/opt/ros/indigo/lib', 'LS_COLORS': 'rs=0:di=01;34:ln=01;36:mh=00:pi=40;33:so=01;35:do=01;35:bd=40;33;01:cd=40;33;01:or=40;31;01:su=37;41:sg=30;43:ca=30;41:tw=30;42:ow=34;42:st=37;44:ex=01;32:*.tar=01;31:*.tgz=01;31:*.arj=01;31:*.taz=01;31:*.lzh=01;31:*.lzma=01;31:*.tlz=01;31:*.txz=01;31:*.zip=01;31:*.z=01;31:*.Z=01;31:*.dz=01;31:*.gz=01;31:*.lz=01;31:*.xz=01;31:*.bz2=01;31:*.bz=01;31:*.tbz=01;31:*.tbz2=01;31:*.tz=01;31:*.deb=01;31:*.rpm=01;31:*.jar=01;31:*.war=01;31:*.ear=01;31:*.sar=01;31:*.rar=01;31:*.ace=01;31:*.zoo=01;31:*.cpio=01;31:*.7z=01;31:*.rz=01;31:*.jpg=01;35:*.jpeg=01;35:*.gif=01;35:*.bmp=01;35:*.pbm=01;35:*.pgm=01;35:*.ppm=01;35:*.tga=01;35:*.xbm=01;35:*.xpm=01;35:*.tif=01;35:*.tiff=01;35:*.png=01;35:*.svg=01;35:*.svgz=01;35:*.mng=01;35:*.pcx=01;35:*.mov=01;35:*.mpg=01;35:*.mpeg=01;35:*.m2v=01;35:*.mkv=01;35:*.webm=01;35:*.ogm=01;35:*.mp4=01;35:*.m4v=01;35:*.mp4v=01;35:*.vob=01;35:*.qt=01;35:*.nuv=01;35:*.wmv=01;35:*.asf=01;35:*.rm=01;35:*.rmvb=01;35:*.flc=01;35:*.avi=01;35:*.fli=01;35:*.flv=01;35:*.gl=01;35:*.dl=01;35:*.xcf=01;35:*.xwd=01;35:*.yuv=01;35:*.cgm=01;35:*.emf=01;35:*.axv=01;35:*.anx=01;35:*.ogv=01;35:*.ogx=01;35:*.aac=00;36:*.au=00;36:*.flac=00;36:*.mid=00;36:*.midi=00;36:*.mka=00;36:*.mp3=00;36:*.mpc=00;36:*.ogg=00;36:*.ra=00;36:*.wav=00;36:*.axa=00;36:*.oga=00;36:*.spx=00;36:*.xspf=00;36:', 'LESSCLOSE': '/usr/bin/lesspipe %s %s', 'SSH_TTY': '/dev/pts/0', 'PWD': '/home/fetch', 'ROS_ETC_DIR': '/opt/ros/indigo/etc/ros', 'ROS_MASTER_URI': 'http://localhost:11311', 'MAIL': '/var/mail/fetch', 'SSH_CONNECTION': '172.22.77.105 50014 172.22.77.172 22'}]
[roslaunch][INFO] 2020-11-02 16:55:21,703: process[move_base-4]: args[[u'/opt/ros/indigo/lib/move_base/move_base', u'cmd_vel:=cmd_vel', u'odom:=odom', u'map:=map', u'__name:=move_base']]
[roslaunch][INFO] 2020-11-02 16:55:21,703: ... created process [move_base-4]
[roslaunch.pmon][INFO] 2020-11-02 16:55:21,703: ProcessMonitor.register[move_base-4]
[roslaunch.pmon][INFO] 2020-11-02 16:55:21,703: ProcessMonitor.register[move_base-4] complete
[roslaunch][INFO] 2020-11-02 16:55:21,703: ... registered process [move_base-4]
[roslaunch][INFO] 2020-11-02 16:55:21,703: process[move_base-4]: starting os process
[roslaunch][INFO] 2020-11-02 16:55:21,704: process[move_base-4]: start w/ args [[u'/opt/ros/indigo/lib/move_base/move_base', u'cmd_vel:=cmd_vel', u'odom:=odom', u'map:=map', u'__name:=move_base', u'__log:=/home/fetch/.ros/log/b6275ba8-1d6e-11eb-b745-000babe55698/move_base-4.log']]
[roslaunch][INFO] 2020-11-02 16:55:21,704: process[move_base-4]: cwd will be [/home/fetch/.ros]
[roslaunch][INFO] 2020-11-02 16:55:21,709: process[move_base-4]: started with pid [5356]
[roslaunch][INFO] 2020-11-02 16:55:21,709: ... successfully launched [move_base-4]
[roslaunch][INFO] 2020-11-02 16:55:21,710: ... launch_nodes complete
[roslaunch.pmon][INFO] 2020-11-02 16:55:21,710: registrations completed <ProcessMonitor(ProcessMonitor-1, started daemon 140595006543616)>
[roslaunch.parent][INFO] 2020-11-02 16:55:21,710: ... roslaunch parent running, waiting for process exit
[roslaunch][INFO] 2020-11-02 16:55:21,710: spin
[roslaunch][INFO] 2020-11-02 16:55:22,825: [move_base-4] process has finished cleanly
log file: /home/fetch/.ros/log/b6275ba8-1d6e-11eb-b745-000babe55698/move_base-4*.log
[roslaunch][INFO] 2020-11-02 16:55:22,825: [move_base-4] restarting process
[roslaunch][INFO] 2020-11-02 16:55:22,825: process[move_base-4]: restarting os process
[roslaunch][INFO] 2020-11-02 16:55:22,825: process[move_base-4]: start w/ args [[u'/opt/ros/indigo/lib/move_base/move_base', u'cmd_vel:=cmd_vel', u'odom:=odom', u'map:=map', u'__name:=move_base', u'__log:=/home/fetch/.ros/log/b6275ba8-1d6e-11eb-b745-000babe55698/move_base-4.log']]
[roslaunch][INFO] 2020-11-02 16:55:22,825: process[move_base-4]: cwd will be [/home/fetch/.ros]
[roslaunch][INFO] 2020-11-02 16:55:22,826: process[move_base-4]: started with pid [6817]
[roslaunch][INFO] 2020-11-02 16:55:23,427: [move_base-4] process has finished cleanly
log file: /home/fetch/.ros/log/b6275ba8-1d6e-11eb-b745-000babe55698/move_base-4*.log
[roslaunch][INFO] 2020-11-02 16:55:23,428: [move_base-4] restarting process
[roslaunch][INFO] 2020-11-02 16:55:23,428: process[move_base-4]: restarting os process
[roslaunch][INFO] 2020-11-02 16:55:23,428: process[move_base-4]: start w/ args [[u'/opt/ros/indigo/lib/move_base/move_base', u'cmd_vel:=cmd_vel', u'odom:=odom', u'map:=map', u'__name:=move_base', u'__log:=/home/fetch/.ros/log/b6275ba8-1d6e-11eb-b745-000babe55698/move_base-4.log']]
[roslaunch][INFO] 2020-11-02 16:55:23,428: process[move_base-4]: cwd will be [/home/fetch/.ros]
[roslaunch][INFO] 2020-11-02 16:55:23,429: process[move_base-4]: started with pid [7525]
[roslaunch][INFO] 2020-11-02 16:55:24,131: [move_base-4] process has finished cleanly
log file: /home/fetch/.ros/log/b6275ba8-1d6e-11eb-b745-000babe55698/move_base-4*.log
[roslaunch][INFO] 2020-11-02 16:55:24,131: [move_base-4] restarting process
[roslaunch][INFO] 2020-11-02 16:55:24,131: process[move_base-4]: restarting os process
[roslaunch][INFO] 2020-11-02 16:55:24,131: process[move_base-4]: start w/ args [[u'/opt/ros/indigo/lib/move_base/move_base', u'cmd_vel:=cmd_vel', u'odom:=odom', u'map:=map', u'__name:=move_base', u'__log:=/home/fetch/.ros/log/b6275ba8-1d6e-11eb-b745-000babe55698/move_base-4.log']]
[roslaunch][INFO] 2020-11-02 16:55:24,131: process[move_base-4]: cwd will be [/home/fetch/.ros]
[roslaunch][INFO] 2020-11-02 16:55:24,133: process[move_base-4]: started with pid [8291]
[roslaunch][INFO] 2020-11-02 16:55:24,834: [move_base-4] process has finished cleanly
log file: /home/fetch/.ros/log/b6275ba8-1d6e-11eb-b745-000babe55698/move_base-4*.log
[roslaunch][INFO] 2020-11-02 16:55:24,834: [move_base-4] restarting process
[roslaunch][INFO] 2020-11-02 16:55:24,834: process[move_base-4]: restarting os process
[roslaunch][INFO] 2020-11-02 16:55:24,834: process[move_base-4]: start w/ args [[u'/opt/ros/indigo/lib/move_base/move_base', u'cmd_vel:=cmd_vel', u'odom:=odom', u'map:=map', u'__name:=move_base', u'__log:=/home/fetch/.ros/log/b6275ba8-1d6e-11eb-b745-000babe55698/move_base-4.log']]
[roslaunch][INFO] 2020-11-02 16:55:24,834: process[move_base-4]: cwd will be [/home/fetch/.ros]
[roslaunch][INFO] 2020-11-02 16:55:24,836: process[move_base-4]: started with pid [9427]
[roslaunch][INFO] 2020-11-02 16:55:26,038: [move_base-4] process has finished cleanly
log file: /home/fetch/.ros/log/b6275ba8-1d6e-11eb-b745-000babe55698/move_base-4*.log
[roslaunch][INFO] 2020-11-02 16:55:26,038: [move_base-4] restarting process
[roslaunch][INFO] 2020-11-02 16:55:26,038: process[move_base-4]: restarting os process
[roslaunch][INFO] 2020-11-02 16:55:26,040: process[move_base-4]: start w/ args [[u'/opt/ros/indigo/lib/move_base/move_base', u'cmd_vel:=cmd_vel', u'odom:=odom', u'map:=map', u'__name:=move_base', u'__log:=/home/fetch/.ros/log/b6275ba8-1d6e-11eb-b745-000babe55698/move_base-4.log']]
[roslaunch][INFO] 2020-11-02 16:55:26,040: process[move_base-4]: cwd will be [/home/fetch/.ros]
[roslaunch][INFO] 2020-11-02 16:55:26,042: process[move_base-4]: started with pid [11078]
[roslaunch][INFO] 2020-11-02 16:55:26,643: [move_base-4] process has finished cleanly
log file: /home/fetch/.ros/log/b6275ba8-1d6e-11eb-b745-000babe55698/move_base-4*.log
[roslaunch][INFO] 2020-11-02 16:55:26,643: [move_base-4] restarting process
[roslaunch][INFO] 2020-11-02 16:55:26,643: process[move_base-4]: restarting os process
[roslaunch][INFO] 2020-11-02 16:55:26,643: process[move_base-4]: start w/ args [[u'/opt/ros/indigo/lib/move_base/move_base', u'cmd_vel:=cmd_vel', u'odom:=odom', u'map:=map', u'__name:=move_base', u'__log:=/home/fetch/.ros/log/b6275ba8-1d6e-11eb-b745-000babe55698/move_base-4.log']]
[roslaunch][INFO] 2020-11-02 16:55:26,644: process[move_base-4]: cwd will be [/home/fetch/.ros]
[roslaunch][INFO] 2020-11-02 16:55:26,645: process[move_base-4]: started with pid [12089]
[roslaunch][INFO] 2020-11-02 16:55:27,446: [move_base-4] process has finished cleanly
log file: /home/fetch/.ros/log/b6275ba8-1d6e-11eb-b745-000babe55698/move_base-4*.log
[roslaunch][INFO] 2020-11-02 16:55:27,447: [move_base-4] restarting process
[roslaunch][INFO] 2020-11-02 16:55:27,447: process[move_base-4]: restarting os process
[roslaunch][INFO] 2020-11-02 16:55:27,447: process[move_base-4]: start w/ args [[u'/opt/ros/indigo/lib/move_base/move_base', u'cmd_vel:=cmd_vel', u'odom:=odom', u'map:=map', u'__name:=move_base', u'__log:=/home/fetch/.ros/log/b6275ba8-1d6e-11eb-b745-000babe55698/move_base-4.log']]
[roslaunch][INFO] 2020-11-02 16:55:27,447: process[move_base-4]: cwd will be [/home/fetch/.ros]
[roslaunch][INFO] 2020-11-02 16:55:27,448: process[move_base-4]: started with pid [12842]
[roslaunch][INFO] 2020-11-02 16:55:28,150: [move_base-4] process has finished cleanly
log file: /home/fetch/.ros/log/b6275ba8-1d6e-11eb-b745-000babe55698/move_base-4*.log
[roslaunch][INFO] 2020-11-02 16:55:28,150: [move_base-4] restarting process
[roslaunch][INFO] 2020-11-02 16:55:28,150: process[move_base-4]: restarting os process
[roslaunch][INFO] 2020-11-02 16:55:28,150: process[move_base-4]: start w/ args [[u'/opt/ros/indigo/lib/move_base/move_base', u'cmd_vel:=cmd_vel', u'odom:=odom', u'map:=map', u'__name:=move_base', u'__log:=/home/fetch/.ros/log/b6275ba8-1d6e-11eb-b745-000babe55698/move_base-4.log']]
[roslaunch][INFO] 2020-11-02 16:55:28,150: process[move_base-4]: cwd will be [/home/fetch/.ros]
[roslaunch][INFO] 2020-11-02 16:55:28,152: process[move_base-4]: started with pid [13979]
[roslaunch][INFO] 2020-11-02 16:55:29,354: [move_base-4] process has finished cleanly
log file: /home/fetch/.ros/log/b6275ba8-1d6e-11eb-b745-000babe55698/move_base-4*.log
[roslaunch][INFO] 2020-11-02 16:55:29,354: [move_base-4] restarting process
[roslaunch][INFO] 2020-11-02 16:55:29,354: process[move_base-4]: restarting os process
[roslaunch][INFO] 2020-11-02 16:55:29,354: process[move_base-4]: start w/ args [[u'/opt/ros/indigo/lib/move_base/move_base', u'cmd_vel:=cmd_vel', u'odom:=odom', u'map:=map', u'__name:=move_base', u'__log:=/home/fetch/.ros/log/b6275ba8-1d6e-11eb-b745-000babe55698/move_base-4.log']]
[roslaunch][INFO] 2020-11-02 16:55:29,354: process[move_base-4]: cwd will be [/home/fetch/.ros]
[roslaunch][INFO] 2020-11-02 16:55:29,355: process[move_base-4]: started with pid [15576]
[roslaunch][INFO] 2020-11-02 16:55:30,057: [move_base-4] process has finished cleanly
log file: /home/fetch/.ros/log/b6275ba8-1d6e-11eb-b745-000babe55698/move_base-4*.log
[roslaunch][INFO] 2020-11-02 16:55:30,057: [move_base-4] restarting process
[roslaunch][INFO] 2020-11-02 16:55:30,057: process[move_base-4]: restarting os process
[roslaunch][INFO] 2020-11-02 16:55:30,057: process[move_base-4]: start w/ args [[u'/opt/ros/indigo/lib/move_base/move_base', u'cmd_vel:=cmd_vel', u'odom:=odom', u'map:=map', u'__name:=move_base', u'__log:=/home/fetch/.ros/log/b6275ba8-1d6e-11eb-b745-000babe55698/move_base-4.log']]
[roslaunch][INFO] 2020-11-02 16:55:30,057: process[move_base-4]: cwd will be [/home/fetch/.ros]
[roslaunch][INFO] 2020-11-02 16:55:30,059: process[move_base-4]: started with pid [16284]
[roslaunch][INFO] 2020-11-02 16:55:30,760: [move_base-4] process has finished cleanly
log file: /home/fetch/.ros/log/b6275ba8-1d6e-11eb-b745-000babe55698/move_base-4*.log
[roslaunch][INFO] 2020-11-02 16:55:30,760: [move_base-4] restarting process
[roslaunch][INFO] 2020-11-02 16:55:30,760: process[move_base-4]: restarting os process
[roslaunch][INFO] 2020-11-02 16:55:30,760: process[move_base-4]: start w/ args [[u'/opt/ros/indigo/lib/move_base/move_base', u'cmd_vel:=cmd_vel', u'odom:=odom', u'map:=map', u'__name:=move_base', u'__log:=/home/fetch/.ros/log/b6275ba8-1d6e-11eb-b745-000babe55698/move_base-4.log']]
[roslaunch][INFO] 2020-11-02 16:55:30,760: process[move_base-4]: cwd will be [/home/fetch/.ros]
[roslaunch][INFO] 2020-11-02 16:55:30,762: process[move_base-4]: started with pid [17431]
[roslaunch][INFO] 2020-11-02 16:55:31,864: [move_base-4] process has finished cleanly
log file: /home/fetch/.ros/log/b6275ba8-1d6e-11eb-b745-000babe55698/move_base-4*.log
[roslaunch][INFO] 2020-11-02 16:55:31,864: [move_base-4] restarting process
[roslaunch][INFO] 2020-11-02 16:55:31,864: process[move_base-4]: restarting os process
[roslaunch][INFO] 2020-11-02 16:55:31,864: process[move_base-4]: start w/ args [[u'/opt/ros/indigo/lib/move_base/move_base', u'cmd_vel:=cmd_vel', u'odom:=odom', u'map:=map', u'__name:=move_base', u'__log:=/home/fetch/.ros/log/b6275ba8-1d6e-11eb-b745-000babe55698/move_base-4.log']]
[roslaunch][INFO] 2020-11-02 16:55:31,864: process[move_base-4]: cwd will be [/home/fetch/.ros]
[roslaunch][INFO] 2020-11-02 16:55:31,865: process[move_base-4]: started with pid [18849]
[roslaunch][INFO] 2020-11-02 16:55:32,667: [move_base-4] process has finished cleanly
log file: /home/fetch/.ros/log/b6275ba8-1d6e-11eb-b745-000babe55698/move_base-4*.log
[roslaunch][INFO] 2020-11-02 16:55:32,667: [move_base-4] restarting process
[roslaunch][INFO] 2020-11-02 16:55:32,667: process[move_base-4]: restarting os process
[roslaunch][INFO] 2020-11-02 16:55:32,667: process[move_base-4]: start w/ args [[u'/opt/ros/indigo/lib/move_base/move_base', u'cmd_vel:=cmd_vel', u'odom:=odom', u'map:=map', u'__name:=move_base', u'__log:=/home/fetch/.ros/log/b6275ba8-1d6e-11eb-b745-000babe55698/move_base-4.log']]
[roslaunch][INFO] 2020-11-02 16:55:32,667: process[move_base-4]: cwd will be [/home/fetch/.ros]
[roslaunch][INFO] 2020-11-02 16:55:32,669: process[move_base-4]: started with pid [19717]
[roslaunch][INFO] 2020-11-02 16:55:33,370: [move_base-4] process has finished cleanly
log file: /home/fetch/.ros/log/b6275ba8-1d6e-11eb-b745-000babe55698/move_base-4*.log
[roslaunch][INFO] 2020-11-02 16:55:33,370: [move_base-4] restarting process
[roslaunch][INFO] 2020-11-02 16:55:33,370: process[move_base-4]: restarting os process
[roslaunch][INFO] 2020-11-02 16:55:33,371: process[move_base-4]: start w/ args [[u'/opt/ros/indigo/lib/move_base/move_base', u'cmd_vel:=cmd_vel', u'odom:=odom', u'map:=map', u'__name:=move_base', u'__log:=/home/fetch/.ros/log/b6275ba8-1d6e-11eb-b745-000babe55698/move_base-4.log']]
[roslaunch][INFO] 2020-11-02 16:55:33,371: process[move_base-4]: cwd will be [/home/fetch/.ros]
[roslaunch][INFO] 2020-11-02 16:55:33,372: process[move_base-4]: started with pid [20866]
[roslaunch][INFO] 2020-11-02 16:55:34,474: [move_base-4] process has finished cleanly
log file: /home/fetch/.ros/log/b6275ba8-1d6e-11eb-b745-000babe55698/move_base-4*.log
[roslaunch][INFO] 2020-11-02 16:55:34,474: [move_base-4] restarting process
[roslaunch][INFO] 2020-11-02 16:55:34,474: process[move_base-4]: restarting os process
[roslaunch][INFO] 2020-11-02 16:55:34,474: process[move_base-4]: start w/ args [[u'/opt/ros/indigo/lib/move_base/move_base', u'cmd_vel:=cmd_vel', u'odom:=odom', u'map:=map', u'__name:=move_base', u'__log:=/home/fetch/.ros/log/b6275ba8-1d6e-11eb-b745-000babe55698/move_base-4.log']]
[roslaunch][INFO] 2020-11-02 16:55:34,475: process[move_base-4]: cwd will be [/home/fetch/.ros]
[roslaunch][INFO] 2020-11-02 16:55:34,476: process[move_base-4]: started with pid [22272]
[roslaunch][INFO] 2020-11-02 16:55:35,278: [move_base-4] process has finished cleanly
log file: /home/fetch/.ros/log/b6275ba8-1d6e-11eb-b745-000babe55698/move_base-4*.log
[roslaunch][INFO] 2020-11-02 16:55:35,278: [move_base-4] restarting process
[roslaunch][INFO] 2020-11-02 16:55:35,278: process[move_base-4]: restarting os process
[roslaunch][INFO] 2020-11-02 16:55:35,278: process[move_base-4]: start w/ args [[u'/opt/ros/indigo/lib/move_base/move_base', u'cmd_vel:=cmd_vel', u'odom:=odom', u'map:=map', u'__name:=move_base', u'__log:=/home/fetch/.ros/log/b6275ba8-1d6e-11eb-b745-000babe55698/move_base-4.log']]
[roslaunch][INFO] 2020-11-02 16:55:35,278: process[move_base-4]: cwd will be [/home/fetch/.ros]
[roslaunch][INFO] 2020-11-02 16:55:35,280: process[move_base-4]: started with pid [23146]
[roslaunch][INFO] 2020-11-02 16:55:35,981: [move_base-4] process has finished cleanly
log file: /home/fetch/.ros/log/b6275ba8-1d6e-11eb-b745-000babe55698/move_base-4*.log
[roslaunch][INFO] 2020-11-02 16:55:35,981: [move_base-4] restarting process
[roslaunch][INFO] 2020-11-02 16:55:35,981: process[move_base-4]: restarting os process
[roslaunch][INFO] 2020-11-02 16:55:35,981: process[move_base-4]: start w/ args [[u'/opt/ros/indigo/lib/move_base/move_base', u'cmd_vel:=cmd_vel', u'odom:=odom', u'map:=map', u'__name:=move_base', u'__log:=/home/fetch/.ros/log/b6275ba8-1d6e-11eb-b745-000babe55698/move_base-4.log']]
[roslaunch][INFO] 2020-11-02 16:55:35,981: process[move_base-4]: cwd will be [/home/fetch/.ros]
[roslaunch][INFO] 2020-11-02 16:55:35,983: process[move_base-4]: started with pid [24266]
[roslaunch][INFO] 2020-11-02 16:55:37,185: [move_base-4] process has finished cleanly
log file: /home/fetch/.ros/log/b6275ba8-1d6e-11eb-b745-000babe55698/move_base-4*.log
[roslaunch][INFO] 2020-11-02 16:55:37,185: [move_base-4] restarting process
[roslaunch][INFO] 2020-11-02 16:55:37,185: process[move_base-4]: restarting os process
[roslaunch][INFO] 2020-11-02 16:55:37,185: process[move_base-4]: start w/ args [[u'/opt/ros/indigo/lib/move_base/move_base', u'cmd_vel:=cmd_vel', u'odom:=odom', u'map:=map', u'__name:=move_base', u'__log:=/home/fetch/.ros/log/b6275ba8-1d6e-11eb-b745-000babe55698/move_base-4.log']]
[roslaunch][INFO] 2020-11-02 16:55:37,185: process[move_base-4]: cwd will be [/home/fetch/.ros]
[roslaunch][INFO] 2020-11-02 16:55:37,191: process[move_base-4]: started with pid [25906]
[roslaunch][INFO] 2020-11-02 16:55:37,892: [move_base-4] process has finished cleanly
log file: /home/fetch/.ros/log/b6275ba8-1d6e-11eb-b745-000babe55698/move_base-4*.log
[roslaunch][INFO] 2020-11-02 16:55:37,892: [move_base-4] restarting process
[roslaunch][INFO] 2020-11-02 16:55:37,892: process[move_base-4]: restarting os process
[roslaunch][INFO] 2020-11-02 16:55:37,892: process[move_base-4]: start w/ args [[u'/opt/ros/indigo/lib/move_base/move_base', u'cmd_vel:=cmd_vel', u'odom:=odom', u'map:=map', u'__name:=move_base', u'__log:=/home/fetch/.ros/log/b6275ba8-1d6e-11eb-b745-000babe55698/move_base-4.log']]
[roslaunch][INFO] 2020-11-02 16:55:37,892: process[move_base-4]: cwd will be [/home/fetch/.ros]
[roslaunch][INFO] 2020-11-02 16:55:37,894: process[move_base-4]: started with pid [27019]
[roslaunch][INFO] 2020-11-02 16:55:38,595: [move_base-4] process has finished cleanly
log file: /home/fetch/.ros/log/b6275ba8-1d6e-11eb-b745-000babe55698/move_base-4*.log
[roslaunch][INFO] 2020-11-02 16:55:38,595: [move_base-4] restarting process
[roslaunch][INFO] 2020-11-02 16:55:38,595: process[move_base-4]: restarting os process
[roslaunch][INFO] 2020-11-02 16:55:38,595: process[move_base-4]: start w/ args [[u'/opt/ros/indigo/lib/move_base/move_base', u'cmd_vel:=cmd_vel', u'odom:=odom', u'map:=map', u'__name:=move_base', u'__log:=/home/fetch/.ros/log/b6275ba8-1d6e-11eb-b745-000babe55698/move_base-4.log']]
[roslaunch][INFO] 2020-11-02 16:55:38,595: process[move_base-4]: cwd will be [/home/fetch/.ros]
[roslaunch][INFO] 2020-11-02 16:55:38,597: process[move_base-4]: started with pid [28129]
[roslaunch][INFO] 2020-11-02 16:55:39,298: [move_base-4] process has finished cleanly
log file: /home/fetch/.ros/log/b6275ba8-1d6e-11eb-b745-000babe55698/move_base-4*.log
[roslaunch][INFO] 2020-11-02 16:55:39,298: [move_base-4] restarting process
[roslaunch][INFO] 2020-11-02 16:55:39,298: process[move_base-4]: restarting os process
[roslaunch][INFO] 2020-11-02 16:55:39,299: process[move_base-4]: start w/ args [[u'/opt/ros/indigo/lib/move_base/move_base', u'cmd_vel:=cmd_vel', u'odom:=odom', u'map:=map', u'__name:=move_base', u'__log:=/home/fetch/.ros/log/b6275ba8-1d6e-11eb-b745-000babe55698/move_base-4.log']]
[roslaunch][INFO] 2020-11-02 16:55:39,299: process[move_base-4]: cwd will be [/home/fetch/.ros]
[roslaunch][INFO] 2020-11-02 16:55:39,300: process[move_base-4]: started with pid [29244]
[roslaunch][INFO] 2020-11-02 16:55:40,002: [move_base-4] process has finished cleanly
log file: /home/fetch/.ros/log/b6275ba8-1d6e-11eb-b745-000babe55698/move_base-4*.log
[roslaunch][INFO] 2020-11-02 16:55:40,002: [move_base-4] restarting process
[roslaunch][INFO] 2020-11-02 16:55:40,002: process[move_base-4]: restarting os process
[roslaunch][INFO] 2020-11-02 16:55:40,002: process[move_base-4]: start w/ args [[u'/opt/ros/indigo/lib/move_base/move_base', u'cmd_vel:=cmd_vel', u'odom:=odom', u'map:=map', u'__name:=move_base', u'__log:=/home/fetch/.ros/log/b6275ba8-1d6e-11eb-b745-000babe55698/move_base-4.log']]
[roslaunch][INFO] 2020-11-02 16:55:40,002: process[move_base-4]: cwd will be [/home/fetch/.ros]
[roslaunch][INFO] 2020-11-02 16:55:40,003: process[move_base-4]: started with pid [29893]
[roslaunch][INFO] 2020-11-02 16:55:40,705: [move_base-4] process has finished cleanly
log file: /home/fetch/.ros/log/b6275ba8-1d6e-11eb-b745-000babe55698/move_base-4*.log
[roslaunch][INFO] 2020-11-02 16:55:40,705: [move_base-4] restarting process
[roslaunch][INFO] 2020-11-02 16:55:40,705: process[move_base-4]: restarting os process
[roslaunch][INFO] 2020-11-02 16:55:40,705: process[move_base-4]: start w/ args [[u'/opt/ros/indigo/lib/move_base/move_base', u'cmd_vel:=cmd_vel', u'odom:=odom', u'map:=map', u'__name:=move_base', u'__log:=/home/fetch/.ros/log/b6275ba8-1d6e-11eb-b745-000babe55698/move_base-4.log']]
[roslaunch][INFO] 2020-11-02 16:55:40,705: process[move_base-4]: cwd will be [/home/fetch/.ros]
[roslaunch][INFO] 2020-11-02 16:55:40,707: process[move_base-4]: started with pid [31032]
[roslaunch][INFO] 2020-11-02 16:55:41,909: [move_base-4] process has finished cleanly
log file: /home/fetch/.ros/log/b6275ba8-1d6e-11eb-b745-000babe55698/move_base-4*.log
[roslaunch][INFO] 2020-11-02 16:55:41,909: [move_base-4] restarting process
[roslaunch][INFO] 2020-11-02 16:55:41,909: process[move_base-4]: restarting os process
[roslaunch][INFO] 2020-11-02 16:55:41,909: process[move_base-4]: start w/ args [[u'/opt/ros/indigo/lib/move_base/move_base', u'cmd_vel:=cmd_vel', u'odom:=odom', u'map:=map', u'__name:=move_base', u'__log:=/home/fetch/.ros/log/b6275ba8-1d6e-11eb-b745-000babe55698/move_base-4.log']]
[roslaunch][INFO] 2020-11-02 16:55:41,909: process[move_base-4]: cwd will be [/home/fetch/.ros]
[roslaunch][INFO] 2020-11-02 16:55:41,911: process[move_base-4]: started with pid [32628]
[roslaunch][INFO] 2020-11-02 16:55:42,512: [move_base-4] process has finished cleanly
log file: /home/fetch/.ros/log/b6275ba8-1d6e-11eb-b745-000babe55698/move_base-4*.log
[roslaunch][INFO] 2020-11-02 16:55:42,512: [move_base-4] restarting process
[roslaunch][INFO] 2020-11-02 16:55:42,512: process[move_base-4]: restarting os process
[roslaunch][INFO] 2020-11-02 16:55:42,512: process[move_base-4]: start w/ args [[u'/opt/ros/indigo/lib/move_base/move_base', u'cmd_vel:=cmd_vel', u'odom:=odom', u'map:=map', u'__name:=move_base', u'__log:=/home/fetch/.ros/log/b6275ba8-1d6e-11eb-b745-000babe55698/move_base-4.log']]
[roslaunch][INFO] 2020-11-02 16:55:42,512: process[move_base-4]: cwd will be [/home/fetch/.ros]
[roslaunch][INFO] 2020-11-02 16:55:42,514: process[move_base-4]: started with pid [910]
[roslaunch][INFO] 2020-11-02 16:55:43,215: [move_base-4] process has finished cleanly
log file: /home/fetch/.ros/log/b6275ba8-1d6e-11eb-b745-000babe55698/move_base-4*.log
[roslaunch][INFO] 2020-11-02 16:55:43,215: [move_base-4] restarting process
[roslaunch][INFO] 2020-11-02 16:55:43,215: process[move_base-4]: restarting os process
[roslaunch][INFO] 2020-11-02 16:55:43,215: process[move_base-4]: start w/ args [[u'/opt/ros/indigo/lib/move_base/move_base', u'cmd_vel:=cmd_vel', u'odom:=odom', u'map:=map', u'__name:=move_base', u'__log:=/home/fetch/.ros/log/b6275ba8-1d6e-11eb-b745-000babe55698/move_base-4.log']]
[roslaunch][INFO] 2020-11-02 16:55:43,215: process[move_base-4]: cwd will be [/home/fetch/.ros]
[roslaunch][INFO] 2020-11-02 16:55:43,217: process[move_base-4]: started with pid [2305]
[roslaunch][INFO] 2020-11-02 16:55:44,319: [move_base-4] process has finished cleanly
log file: /home/fetch/.ros/log/b6275ba8-1d6e-11eb-b745-000babe55698/move_base-4*.log
[roslaunch][INFO] 2020-11-02 16:55:44,319: [move_base-4] restarting process
[roslaunch][INFO] 2020-11-02 16:55:44,319: process[move_base-4]: restarting os process
[roslaunch][INFO] 2020-11-02 16:55:44,319: process[move_base-4]: start w/ args [[u'/opt/ros/indigo/lib/move_base/move_base', u'cmd_vel:=cmd_vel', u'odom:=odom', u'map:=map', u'__name:=move_base', u'__log:=/home/fetch/.ros/log/b6275ba8-1d6e-11eb-b745-000babe55698/move_base-4.log']]
[roslaunch][INFO] 2020-11-02 16:55:44,319: process[move_base-4]: cwd will be [/home/fetch/.ros]
[roslaunch][INFO] 2020-11-02 16:55:44,323: process[move_base-4]: started with pid [3776]
[roslaunch][INFO] 2020-11-02 16:55:45,124: [move_base-4] process has finished cleanly
log file: /home/fetch/.ros/log/b6275ba8-1d6e-11eb-b745-000babe55698/move_base-4*.log
[roslaunch][INFO] 2020-11-02 16:55:45,124: [move_base-4] restarting process
[roslaunch][INFO] 2020-11-02 16:55:45,124: process[move_base-4]: restarting os process
[roslaunch][INFO] 2020-11-02 16:55:45,125: process[move_base-4]: start w/ args [[u'/opt/ros/indigo/lib/move_base/move_base', u'cmd_vel:=cmd_vel', u'odom:=odom', u'map:=map', u'__name:=move_base', u'__log:=/home/fetch/.ros/log/b6275ba8-1d6e-11eb-b745-000babe55698/move_base-4.log']]
[roslaunch][INFO] 2020-11-02 16:55:45,125: process[move_base-4]: cwd will be [/home/fetch/.ros]
[roslaunch][INFO] 2020-11-02 16:55:45,126: process[move_base-4]: started with pid [4653]
[roslaunch][INFO] 2020-11-02 16:55:45,827: [move_base-4] process has finished cleanly
log file: /home/fetch/.ros/log/b6275ba8-1d6e-11eb-b745-000babe55698/move_base-4*.log
[roslaunch][INFO] 2020-11-02 16:55:45,828: [move_base-4] restarting process
[roslaunch][INFO] 2020-11-02 16:55:45,828: process[move_base-4]: restarting os process
[roslaunch][INFO] 2020-11-02 16:55:45,828: process[move_base-4]: start w/ args [[u'/opt/ros/indigo/lib/move_base/move_base', u'cmd_vel:=cmd_vel', u'odom:=odom', u'map:=map', u'__name:=move_base', u'__log:=/home/fetch/.ros/log/b6275ba8-1d6e-11eb-b745-000babe55698/move_base-4.log']]
[roslaunch][INFO] 2020-11-02 16:55:45,828: process[move_base-4]: cwd will be [/home/fetch/.ros]
[roslaunch][INFO] 2020-11-02 16:55:45,829: process[move_base-4]: started with pid [5815]
[roslaunch][INFO] 2020-11-02 16:55:47,032: [move_base-4] process has finished cleanly
log file: /home/fetch/.ros/log/b6275ba8-1d6e-11eb-b745-000babe55698/move_base-4*.log
[roslaunch][INFO] 2020-11-02 16:55:47,032: [move_base-4] restarting process
[roslaunch][INFO] 2020-11-02 16:55:47,032: process[move_base-4]: restarting os process
[roslaunch][INFO] 2020-11-02 16:55:47,032: process[move_base-4]: start w/ args [[u'/opt/ros/indigo/lib/move_base/move_base', u'cmd_vel:=cmd_vel', u'odom:=odom', u'map:=map', u'__name:=move_base', u'__log:=/home/fetch/.ros/log/b6275ba8-1d6e-11eb-b745-000babe55698/move_base-4.log']]
[roslaunch][INFO] 2020-11-02 16:55:47,032: process[move_base-4]: cwd will be [/home/fetch/.ros]
[roslaunch][INFO] 2020-11-02 16:55:47,033: process[move_base-4]: started with pid [7408]
[roslaunch][INFO] 2020-11-02 16:55:47,735: [move_base-4] process has finished cleanly
log file: /home/fetch/.ros/log/b6275ba8-1d6e-11eb-b745-000babe55698/move_base-4*.log
[roslaunch][INFO] 2020-11-02 16:55:47,735: [move_base-4] restarting process
[roslaunch][INFO] 2020-11-02 16:55:47,735: process[move_base-4]: restarting os process
[roslaunch][INFO] 2020-11-02 16:55:47,735: process[move_base-4]: start w/ args [[u'/opt/ros/indigo/lib/move_base/move_base', u'cmd_vel:=cmd_vel', u'odom:=odom', u'map:=map', u'__name:=move_base', u'__log:=/home/fetch/.ros/log/b6275ba8-1d6e-11eb-b745-000babe55698/move_base-4.log']]
[roslaunch][INFO] 2020-11-02 16:55:47,735: process[move_base-4]: cwd will be [/home/fetch/.ros]
[roslaunch][INFO] 2020-11-02 16:55:47,737: process[move_base-4]: started with pid [8126]
[roslaunch][INFO] 2020-11-02 16:55:48,438: [move_base-4] process has finished cleanly
log file: /home/fetch/.ros/log/b6275ba8-1d6e-11eb-b745-000babe55698/move_base-4*.log
[roslaunch][INFO] 2020-11-02 16:55:48,438: [move_base-4] restarting process
[roslaunch][INFO] 2020-11-02 16:55:48,438: process[move_base-4]: restarting os process
[roslaunch][INFO] 2020-11-02 16:55:48,439: process[move_base-4]: start w/ args [[u'/opt/ros/indigo/lib/move_base/move_base', u'cmd_vel:=cmd_vel', u'odom:=odom', u'map:=map', u'__name:=move_base', u'__log:=/home/fetch/.ros/log/b6275ba8-1d6e-11eb-b745-000babe55698/move_base-4.log']]
[roslaunch][INFO] 2020-11-02 16:55:48,439: process[move_base-4]: cwd will be [/home/fetch/.ros]
[roslaunch][INFO] 2020-11-02 16:55:48,440: process[move_base-4]: started with pid [9253]
[roslaunch][INFO] 2020-11-02 16:55:49,642: [move_base-4] process has finished cleanly
log file: /home/fetch/.ros/log/b6275ba8-1d6e-11eb-b745-000babe55698/move_base-4*.log
[roslaunch][INFO] 2020-11-02 16:55:49,642: [move_base-4] restarting process
[roslaunch][INFO] 2020-11-02 16:55:49,643: process[move_base-4]: restarting os process
[roslaunch][INFO] 2020-11-02 16:55:49,643: process[move_base-4]: start w/ args [[u'/opt/ros/indigo/lib/move_base/move_base', u'cmd_vel:=cmd_vel', u'odom:=odom', u'map:=map', u'__name:=move_base', u'__log:=/home/fetch/.ros/log/b6275ba8-1d6e-11eb-b745-000babe55698/move_base-4.log']]
[roslaunch][INFO] 2020-11-02 16:55:49,643: process[move_base-4]: cwd will be [/home/fetch/.ros]
[roslaunch][INFO] 2020-11-02 16:55:49,644: process[move_base-4]: started with pid [10841]
[roslaunch][INFO] 2020-11-02 16:55:50,245: [move_base-4] process has finished cleanly
log file: /home/fetch/.ros/log/b6275ba8-1d6e-11eb-b745-000babe55698/move_base-4*.log
[roslaunch][INFO] 2020-11-02 16:55:50,246: [move_base-4] restarting process
[roslaunch][INFO] 2020-11-02 16:55:50,246: process[move_base-4]: restarting os process
[roslaunch][INFO] 2020-11-02 16:55:50,246: process[move_base-4]: start w/ args [[u'/opt/ros/indigo/lib/move_base/move_base', u'cmd_vel:=cmd_vel', u'odom:=odom', u'map:=map', u'__name:=move_base', u'__log:=/home/fetch/.ros/log/b6275ba8-1d6e-11eb-b745-000babe55698/move_base-4.log']]
[roslaunch][INFO] 2020-11-02 16:55:50,246: process[move_base-4]: cwd will be [/home/fetch/.ros]
[roslaunch][INFO] 2020-11-02 16:55:50,247: process[move_base-4]: started with pid [11554]
[roslaunch][INFO] 2020-11-02 16:55:50,949: [move_base-4] process has finished cleanly
log file: /home/fetch/.ros/log/b6275ba8-1d6e-11eb-b745-000babe55698/move_base-4*.log
[roslaunch][INFO] 2020-11-02 16:55:50,949: [move_base-4] restarting process
[roslaunch][INFO] 2020-11-02 16:55:50,949: process[move_base-4]: restarting os process
[roslaunch][INFO] 2020-11-02 16:55:50,949: process[move_base-4]: start w/ args [[u'/opt/ros/indigo/lib/move_base/move_base', u'cmd_vel:=cmd_vel', u'odom:=odom', u'map:=map', u'__name:=move_base', u'__log:=/home/fetch/.ros/log/b6275ba8-1d6e-11eb-b745-000babe55698/move_base-4.log']]
[roslaunch][INFO] 2020-11-02 16:55:50,949: process[move_base-4]: cwd will be [/home/fetch/.ros]
[roslaunch][INFO] 2020-11-02 16:55:50,950: process[move_base-4]: started with pid [12678]
[roslaunch][INFO] 2020-11-02 16:55:52,052: [move_base-4] process has finished cleanly
log file: /home/fetch/.ros/log/b6275ba8-1d6e-11eb-b745-000babe55698/move_base-4*.log
[roslaunch][INFO] 2020-11-02 16:55:52,052: [move_base-4] restarting process
[roslaunch][INFO] 2020-11-02 16:55:52,053: process[move_base-4]: restarting os process
[roslaunch][INFO] 2020-11-02 16:55:52,053: process[move_base-4]: start w/ args [[u'/opt/ros/indigo/lib/move_base/move_base', u'cmd_vel:=cmd_vel', u'odom:=odom', u'map:=map', u'__name:=move_base', u'__log:=/home/fetch/.ros/log/b6275ba8-1d6e-11eb-b745-000babe55698/move_base-4.log']]
[roslaunch][INFO] 2020-11-02 16:55:52,053: process[move_base-4]: cwd will be [/home/fetch/.ros]
[roslaunch][INFO] 2020-11-02 16:55:52,054: process[move_base-4]: started with pid [14069]
[roslaunch][INFO] 2020-11-02 16:55:52,755: [move_base-4] process has finished cleanly
log file: /home/fetch/.ros/log/b6275ba8-1d6e-11eb-b745-000babe55698/move_base-4*.log
[roslaunch][INFO] 2020-11-02 16:55:52,756: [move_base-4] restarting process
[roslaunch][INFO] 2020-11-02 16:55:52,756: process[move_base-4]: restarting os process
[roslaunch][INFO] 2020-11-02 16:55:52,756: process[move_base-4]: start w/ args [[u'/opt/ros/indigo/lib/move_base/move_base', u'cmd_vel:=cmd_vel', u'odom:=odom', u'map:=map', u'__name:=move_base', u'__log:=/home/fetch/.ros/log/b6275ba8-1d6e-11eb-b745-000babe55698/move_base-4.log']]
[roslaunch][INFO] 2020-11-02 16:55:52,756: process[move_base-4]: cwd will be [/home/fetch/.ros]
[roslaunch][INFO] 2020-11-02 16:55:52,757: process[move_base-4]: started with pid [14937]
[roslaunch][INFO] 2020-11-02 16:55:53,459: [move_base-4] process has finished cleanly
log file: /home/fetch/.ros/log/b6275ba8-1d6e-11eb-b745-000babe55698/move_base-4*.log
[roslaunch][INFO] 2020-11-02 16:55:53,459: [move_base-4] restarting process
[roslaunch][INFO] 2020-11-02 16:55:53,459: process[move_base-4]: restarting os process
[roslaunch][INFO] 2020-11-02 16:55:53,459: process[move_base-4]: start w/ args [[u'/opt/ros/indigo/lib/move_base/move_base', u'cmd_vel:=cmd_vel', u'odom:=odom', u'map:=map', u'__name:=move_base', u'__log:=/home/fetch/.ros/log/b6275ba8-1d6e-11eb-b745-000babe55698/move_base-4.log']]
[roslaunch][INFO] 2020-11-02 16:55:53,459: process[move_base-4]: cwd will be [/home/fetch/.ros]
[roslaunch][INFO] 2020-11-02 16:55:53,460: process[move_base-4]: started with pid [16042]
[roslaunch][INFO] 2020-11-02 16:55:54,062: [move_base-4] process has finished cleanly
log file: /home/fetch/.ros/log/b6275ba8-1d6e-11eb-b745-000babe55698/move_base-4*.log
[roslaunch][INFO] 2020-11-02 16:55:54,062: [move_base-4] restarting process
[roslaunch][INFO] 2020-11-02 16:55:54,062: process[move_base-4]: restarting os process
[roslaunch][INFO] 2020-11-02 16:55:54,062: process[move_base-4]: start w/ args [[u'/opt/ros/indigo/lib/move_base/move_base', u'cmd_vel:=cmd_vel', u'odom:=odom', u'map:=map', u'__name:=move_base', u'__log:=/home/fetch/.ros/log/b6275ba8-1d6e-11eb-b745-000babe55698/move_base-4.log']]
[roslaunch][INFO] 2020-11-02 16:55:54,062: process[move_base-4]: cwd will be [/home/fetch/.ros]
[roslaunch][INFO] 2020-11-02 16:55:54,064: process[move_base-4]: started with pid [16625]
[roslaunch.pmon][INFO] 2020-11-02 16:56:44,752: ProcessMonitor.shutdown <ProcessMonitor(ProcessMonitor-1, started daemon 140595006543616)>
[roslaunch.pmon][INFO] 2020-11-02 16:56:44,844: ProcessMonitor._post_run <ProcessMonitor(ProcessMonitor-1, started daemon 140595006543616)>
[roslaunch.pmon][INFO] 2020-11-02 16:56:44,844: ProcessMonitor._post_run <ProcessMonitor(ProcessMonitor-1, started daemon 140595006543616)>: remaining procs are [<roslaunch.nodeprocess.LocalProcess object at 0x7fded38da9d0>, <roslaunch.nodeprocess.LocalProcess object at 0x7fded38da950>, <roslaunch.nodeprocess.LocalProcess object at 0x7fded38f4fd0>, <roslaunch.nodeprocess.LocalProcess object at 0x7fded1e9c390>]
[roslaunch.pmon][INFO] 2020-11-02 16:56:44,844: ProcessMonitor exit: killing move_base-4
[roslaunch][INFO] 2020-11-02 16:56:44,844: [move_base-4] killing on exit
[roslaunch][INFO] 2020-11-02 16:56:44,845: process[move_base-4]: killing os process with pid[16625] pgid[16625]
[roslaunch][INFO] 2020-11-02 16:56:44,845: [move_base-4] sending SIGINT to pgid [16625]
[roslaunch.pmon][INFO] 2020-11-02 16:56:44,845: ProcessMonitor exit: killing amcl-3
[roslaunch][INFO] 2020-11-02 16:56:44,845: [move_base-4] sent SIGINT to pgid [16625]
[roslaunch.pmon][INFO] 2020-11-02 16:56:44,845: ProcessMonitor exit: killing rviz-2
[roslaunch][INFO] 2020-11-02 16:56:44,845: [amcl-3] killing on exit
[roslaunch.pmon][INFO] 2020-11-02 16:56:44,846: ProcessMonitor exit: killing map_server-1
[roslaunch][INFO] 2020-11-02 16:56:44,846: [rviz-2] killing on exit
[roslaunch][INFO] 2020-11-02 16:56:44,846: process[amcl-3]: killing os process with pid[5354] pgid[5354]
[roslaunch][INFO] 2020-11-02 16:56:44,846: [map_server-1] killing on exit
[roslaunch][INFO] 2020-11-02 16:56:44,846: [amcl-3] sending SIGINT to pgid [5354]
[roslaunch][INFO] 2020-11-02 16:56:44,847: process[map_server-1]: killing os process with pid[5352] pgid[5352]
[roslaunch][INFO] 2020-11-02 16:56:44,847: process[rviz-2]: killing os process with pid[5353] pgid[5353]
[roslaunch][INFO] 2020-11-02 16:56:44,847: [amcl-3] sent SIGINT to pgid [5354]
[roslaunch][INFO] 2020-11-02 16:56:44,847: [map_server-1] sending SIGINT to pgid [5352]
[roslaunch][INFO] 2020-11-02 16:56:44,847: [rviz-2] sending SIGINT to pgid [5353]
[roslaunch][INFO] 2020-11-02 16:56:44,847: [map_server-1] sent SIGINT to pgid [5352]
[roslaunch][INFO] 2020-11-02 16:56:44,847: [rviz-2] sent SIGINT to pgid [5353]
[roslaunch][INFO] 2020-11-02 16:56:45,048: process[map_server-1]: SIGINT killed with return value 0
[roslaunch][INFO] 2020-11-02 16:56:45,248: process[amcl-3]: SIGINT killed with return value 0
[roslaunch][INFO] 2020-11-02 16:56:45,346: process[move_base-4]: SIGINT killed with return value 0
[roslaunch][ERROR] 2020-11-02 16:56:59,869: [rviz-2] escalating to SIGTERM
[roslaunch][INFO] 2020-11-02 16:56:59,869: [rviz-2] sent SIGTERM to pgid [5353]
[roslaunch][INFO] 2020-11-02 16:57:00,069: process[rviz-2]: SIGTERM killed with return value -15
[roslaunch.pmon][INFO] 2020-11-02 16:57:00,070: ProcessMonitor exit: cleaning up data structures and signals
[roslaunch.pmon][INFO] 2020-11-02 16:57:00,070: ProcessMonitor exit: pmon has shutdown
[roslaunch][INFO] 2020-11-02 16:57:00,074: process monitor is done spinning, initiating full shutdown
[roslaunch][INFO] 2020-11-02 16:57:00,074: runner.stop()
[roslaunch][INFO] 2020-11-02 16:57:00,074: shutting down processing monitor...
[roslaunch][INFO] 2020-11-02 16:57:00,074: shutting down processing monitor <ProcessMonitor(ProcessMonitor-1, stopped daemon 140595006543616)>
[roslaunch.pmon][INFO] 2020-11-02 16:57:00,074: ProcessMonitor.shutdown <ProcessMonitor(ProcessMonitor-1, stopped daemon 140595006543616)>
[roslaunch][INFO] 2020-11-02 16:57:00,074: ... shutting down processing monitor complete
[roslaunch][INFO] 2020-11-02 16:57:00,074: done
[roslaunch.pmon][INFO] 2020-11-02 16:57:00,074: ProcessMonitor.shutdown <ProcessMonitor(ProcessMonitor-1, stopped daemon 140595006543616)>
[rospy.core][INFO] 2020-11-02 16:57:00,074: signal_shutdown [atexit]
