[roslaunch][INFO] 2020-11-03 18:28:29,972: Checking log directory for disk usage. This may take awhile.
Press Ctrl-C to interrupt
[roslaunch][INFO] 2020-11-03 18:28:29,976: Done checking log file disk usage. Usage is <1GB.
[roslaunch][INFO] 2020-11-03 18:28:29,976: roslaunch starting with args ['/opt/ros/indigo/bin/roslaunch', 'rosbridge_server', 'rosbridge_websocket.launch']
[roslaunch][INFO] 2020-11-03 18:28:29,976: roslaunch env is {'ROS_DISTRO': 'indigo', 'NVM_CD_FLAGS': '', 'LESSOPEN': '| /usr/bin/lesspipe %s', 'SSH_CLIENT': '172.22.77.105 50327 22', 'CPATH': '/home/fetch/catkin_ws/devel/include:/opt/ros/indigo/include', 'LOGNAME': 'fetch', 'USER': 'fetch', 'NVM_DIR': '/home/fetch/.nvm', 'HOME': '/home/fetch', 'PATH': '/home/fetch/.nvm/versions/node/v10.15.3/bin:/opt/ros/indigo/bin:/usr/local/sbin:/usr/local/bin:/usr/sbin:/usr/bin:/sbin:/bin:/usr/games:/usr/local/games', 'VIRTUALENVWRAPPER_SCRIPT': '/usr/share/virtualenvwrapper/virtualenvwrapper.sh', 'LD_LIBRARY_PATH': '/home/fetch/catkin_ws/devel/lib:/opt/ros/indigo/lib', 'LANG': 'en_US.UTF-8', 'TERM': 'xterm-256color', 'SHELL': '/bin/bash', 'ROS_LOG_FILENAME': '/home/fetch/.ros/log/6d401088-1e45-11eb-97fa-000babe55698/roslaunch-freight1207-5593.log', 'SHLVL': '1', 'QT_QPA_PLATFORMTHEME': 'appmenu-qt5', 'ROS_ETC_DIR': '/opt/ros/indigo/etc/ros', 'DISPLAY': 'localhost:11.0', 'NVM_BIN': '/home/fetch/.nvm/versions/node/v10.15.3/bin', '_VIRTUALENVWRAPPER_API': ' mkvirtualenv rmvirtualenv lsvirtualenv showvirtualenv workon add2virtualenv cdsitepackages cdvirtualenv lssitepackages toggleglobalsitepackages cpvirtualenv setvirtualenvproject mkproject cdproject mktmpenv mkvirtualenv rmvirtualenv lsvirtualenv showvirtualenv workon add2virtualenv cdsitepackages cdvirtualenv lssitepackages toggleglobalsitepackages cpvirtualenv setvirtualenvproject mkproject cdproject mktmpenv', 'CMAKE_PREFIX_PATH': '/home/fetch/catkin_ws/devel:/opt/ros/indigo', 'XDG_RUNTIME_DIR': '/run/user/1000', 'PYTHONPATH': '/home/fetch/catkin_ws/devel/lib/python2.7/dist-packages:/opt/ros/indigo/lib/python2.7/dist-packages', 'ROS_ROOT': '/opt/ros/indigo/share/ros', 'PKG_CONFIG_PATH': '/home/fetch/catkin_ws/devel/lib/pkgconfig:/opt/ros/indigo/lib/pkgconfig', 'ROS_PACKAGE_PATH': '/home/fetch/catkin_ws/src:/opt/ros/indigo/share:/opt/ros/indigo/stacks', 'XDG_SESSION_ID': '2', '_': '/opt/ros/indigo/bin/roslaunch', 'SSH_CONNECTION': '172.22.77.105 50327 172.22.77.172 22', 'LESSCLOSE': '/usr/bin/lesspipe %s %s', 'SSH_TTY': '/dev/pts/3', 'OLDPWD': '/opt/ros/indigo/share/rosbridge_server', 'ROSLISP_PACKAGE_DIRECTORIES': '/home/fetch/catkin_ws/devel/share/common-lisp', 'PWD': '/opt/ros/indigo/share/rosbridge_server/launch', 'ROS_MASTER_URI': 'http://localhost:11311', 'MAIL': '/var/mail/fetch', 'LS_COLORS': 'rs=0:di=01;34:ln=01;36:mh=00:pi=40;33:so=01;35:do=01;35:bd=40;33;01:cd=40;33;01:or=40;31;01:su=37;41:sg=30;43:ca=30;41:tw=30;42:ow=34;42:st=37;44:ex=01;32:*.tar=01;31:*.tgz=01;31:*.arj=01;31:*.taz=01;31:*.lzh=01;31:*.lzma=01;31:*.tlz=01;31:*.txz=01;31:*.zip=01;31:*.z=01;31:*.Z=01;31:*.dz=01;31:*.gz=01;31:*.lz=01;31:*.xz=01;31:*.bz2=01;31:*.bz=01;31:*.tbz=01;31:*.tbz2=01;31:*.tz=01;31:*.deb=01;31:*.rpm=01;31:*.jar=01;31:*.war=01;31:*.ear=01;31:*.sar=01;31:*.rar=01;31:*.ace=01;31:*.zoo=01;31:*.cpio=01;31:*.7z=01;31:*.rz=01;31:*.jpg=01;35:*.jpeg=01;35:*.gif=01;35:*.bmp=01;35:*.pbm=01;35:*.pgm=01;35:*.ppm=01;35:*.tga=01;35:*.xbm=01;35:*.xpm=01;35:*.tif=01;35:*.tiff=01;35:*.png=01;35:*.svg=01;35:*.svgz=01;35:*.mng=01;35:*.pcx=01;35:*.mov=01;35:*.mpg=01;35:*.mpeg=01;35:*.m2v=01;35:*.mkv=01;35:*.webm=01;35:*.ogm=01;35:*.mp4=01;35:*.m4v=01;35:*.mp4v=01;35:*.vob=01;35:*.qt=01;35:*.nuv=01;35:*.wmv=01;35:*.asf=01;35:*.rm=01;35:*.rmvb=01;35:*.flc=01;35:*.avi=01;35:*.fli=01;35:*.flv=01;35:*.gl=01;35:*.dl=01;35:*.xcf=01;35:*.xwd=01;35:*.yuv=01;35:*.cgm=01;35:*.emf=01;35:*.axv=01;35:*.anx=01;35:*.ogv=01;35:*.ogx=01;35:*.aac=00;36:*.au=00;36:*.flac=00;36:*.mid=00;36:*.midi=00;36:*.mka=00;36:*.mp3=00;36:*.mpc=00;36:*.ogg=00;36:*.ra=00;36:*.wav=00;36:*.axa=00;36:*.oga=00;36:*.spx=00;36:*.xspf=00;36:'}
[roslaunch][INFO] 2020-11-03 18:28:29,976: starting in server mode
[roslaunch.parent][INFO] 2020-11-03 18:28:29,976: starting roslaunch parent run
[roslaunch][INFO] 2020-11-03 18:28:29,976: loading roscore config file /opt/ros/indigo/etc/ros/roscore.xml
[roslaunch][INFO] 2020-11-03 18:28:30,048: Added core node of type [rosout/rosout] in namespace [/]
[roslaunch.config][INFO] 2020-11-03 18:28:30,048: loading config file /home/fetch/catkin_ws/src/rosbridge_suite/rosbridge_server/launch/rosbridge_websocket.launch
[roslaunch][INFO] 2020-11-03 18:28:30,050: Added node of type [rosbridge_server/rosbridge_websocket] in namespace [/]
[roslaunch][INFO] 2020-11-03 18:28:30,051: Added node of type [rosapi/rosapi_node] in namespace [/]
[roslaunch][INFO] 2020-11-03 18:28:30,051: ... selected machine [] for node of type [rosbridge_server/rosbridge_websocket]
[roslaunch][INFO] 2020-11-03 18:28:30,051: ... selected machine [] for node of type [rosapi/rosapi_node]
[roslaunch.pmon][INFO] 2020-11-03 18:28:30,052: start_process_monitor: creating ProcessMonitor
[roslaunch.pmon][INFO] 2020-11-03 18:28:30,052: created process monitor <ProcessMonitor(ProcessMonitor-1, initial daemon)>
[roslaunch.pmon][INFO] 2020-11-03 18:28:30,052: start_process_monitor: ProcessMonitor started
[roslaunch.parent][INFO] 2020-11-03 18:28:30,052: starting parent XML-RPC server
[roslaunch.server][INFO] 2020-11-03 18:28:30,052: starting roslaunch XML-RPC server
[roslaunch.server][INFO] 2020-11-03 18:28:30,052: waiting for roslaunch XML-RPC server to initialize
[xmlrpc][INFO] 2020-11-03 18:28:30,052: XML-RPC server binding to 0.0.0.0:0
[xmlrpc][INFO] 2020-11-03 18:28:30,052: Started XML-RPC server [http://freight1207:42021/]
[xmlrpc][INFO] 2020-11-03 18:28:30,052: xml rpc node: starting XML-RPC server
[roslaunch][INFO] 2020-11-03 18:28:30,063: started roslaunch server http://freight1207:42021/
[roslaunch.parent][INFO] 2020-11-03 18:28:30,063: ... parent XML-RPC server started
[roslaunch][INFO] 2020-11-03 18:28:30,064: master.is_running[http://localhost:11311]
[roslaunch][INFO] 2020-11-03 18:28:30,064: auto-starting new master
[roslaunch][INFO] 2020-11-03 18:28:30,064: create_master_process: rosmaster, /opt/ros/indigo/share/ros, 11311, 3, None
[roslaunch][INFO] 2020-11-03 18:28:30,064: process[master]: launching with args [['rosmaster', '--core', '-p', '11311', '-w', '3']]
[roslaunch.pmon][INFO] 2020-11-03 18:28:30,064: ProcessMonitor.register[master]
[roslaunch.pmon][INFO] 2020-11-03 18:28:30,064: ProcessMonitor.register[master] complete
[roslaunch][INFO] 2020-11-03 18:28:30,064: process[master]: starting os process
[roslaunch][INFO] 2020-11-03 18:28:30,064: process[master]: start w/ args [['rosmaster', '--core', '-p', '11311', '-w', '3', '__log:=/home/fetch/.ros/log/6d401088-1e45-11eb-97fa-000babe55698/master.log']]
[roslaunch][INFO] 2020-11-03 18:28:30,064: process[master]: cwd will be [/home/fetch/.ros]
[roslaunch][INFO] 2020-11-03 18:28:30,066: process[master]: started with pid [5605]
[roslaunch][INFO] 2020-11-03 18:28:30,066: master.is_running[http://localhost:11311]
[roslaunch][INFO] 2020-11-03 18:28:30,167: master.is_running[http://localhost:11311]
[roslaunch][INFO] 2020-11-03 18:28:30,168: master.is_running[http://localhost:11311]
[roslaunch][INFO] 2020-11-03 18:28:30,169: ROS_MASTER_URI=http://localhost:11311
[roslaunch][INFO] 2020-11-03 18:28:30,170: setting /run_id to 6d401088-1e45-11eb-97fa-000babe55698
[roslaunch][INFO] 2020-11-03 18:28:30,170: setting /roslaunch/uris/host_freight1207__42021' to http://freight1207:42021/
[roslaunch][INFO] 2020-11-03 18:28:30,172: ... preparing to launch node of type [rosout/rosout]
[roslaunch][INFO] 2020-11-03 18:28:30,172: create_node_process: package[rosout] type[rosout] machine[Machine(name[] env_loader[None] address[localhost] ssh_port[22] user[None] assignable[True] timeout[10.0])] master_uri[http://localhost:11311]
[roslaunch][INFO] 2020-11-03 18:28:30,172: process[rosout-1]: env[{'ROS_DISTRO': 'indigo', 'NVM_CD_FLAGS': '', 'LESSOPEN': '| /usr/bin/lesspipe %s', 'SSH_CLIENT': '172.22.77.105 50327 22', 'CPATH': '/home/fetch/catkin_ws/devel/include:/opt/ros/indigo/include', 'LOGNAME': 'fetch', 'USER': 'fetch', 'NVM_DIR': '/home/fetch/.nvm', 'HOME': '/home/fetch', 'PATH': '/home/fetch/.nvm/versions/node/v10.15.3/bin:/opt/ros/indigo/bin:/usr/local/sbin:/usr/local/bin:/usr/sbin:/usr/bin:/sbin:/bin:/usr/games:/usr/local/games', 'VIRTUALENVWRAPPER_SCRIPT': '/usr/share/virtualenvwrapper/virtualenvwrapper.sh', 'ROS_LOG_FILENAME': '/home/fetch/.ros/log/6d401088-1e45-11eb-97fa-000babe55698/roslaunch-freight1207-5593.log', 'LANG': 'en_US.UTF-8', 'TERM': 'xterm-256color', 'SHELL': '/bin/bash', 'SHLVL': '1', 'QT_QPA_PLATFORMTHEME': 'appmenu-qt5', 'DISPLAY': 'localhost:11.0', 'NVM_BIN': '/home/fetch/.nvm/versions/node/v10.15.3/bin', '_VIRTUALENVWRAPPER_API': ' mkvirtualenv rmvirtualenv lsvirtualenv showvirtualenv workon add2virtualenv cdsitepackages cdvirtualenv lssitepackages toggleglobalsitepackages cpvirtualenv setvirtualenvproject mkproject cdproject mktmpenv mkvirtualenv rmvirtualenv lsvirtualenv showvirtualenv workon add2virtualenv cdsitepackages cdvirtualenv lssitepackages toggleglobalsitepackages cpvirtualenv setvirtualenvproject mkproject cdproject mktmpenv', 'CMAKE_PREFIX_PATH': '/home/fetch/catkin_ws/devel:/opt/ros/indigo', 'XDG_RUNTIME_DIR': '/run/user/1000', 'PYTHONPATH': '/home/fetch/catkin_ws/devel/lib/python2.7/dist-packages:/opt/ros/indigo/lib/python2.7/dist-packages', 'ROS_ROOT': '/opt/ros/indigo/share/ros', 'PKG_CONFIG_PATH': '/home/fetch/catkin_ws/devel/lib/pkgconfig:/opt/ros/indigo/lib/pkgconfig', 'ROS_PACKAGE_PATH': '/home/fetch/catkin_ws/src:/opt/ros/indigo/share:/opt/ros/indigo/stacks', 'XDG_SESSION_ID': '2', '_': '/opt/ros/indigo/bin/roslaunch', 'LD_LIBRARY_PATH': '/home/fetch/catkin_ws/devel/lib:/opt/ros/indigo/lib', 'LS_COLORS': 'rs=0:di=01;34:ln=01;36:mh=00:pi=40;33:so=01;35:do=01;35:bd=40;33;01:cd=40;33;01:or=40;31;01:su=37;41:sg=30;43:ca=30;41:tw=30;42:ow=34;42:st=37;44:ex=01;32:*.tar=01;31:*.tgz=01;31:*.arj=01;31:*.taz=01;31:*.lzh=01;31:*.lzma=01;31:*.tlz=01;31:*.txz=01;31:*.zip=01;31:*.z=01;31:*.Z=01;31:*.dz=01;31:*.gz=01;31:*.lz=01;31:*.xz=01;31:*.bz2=01;31:*.bz=01;31:*.tbz=01;31:*.tbz2=01;31:*.tz=01;31:*.deb=01;31:*.rpm=01;31:*.jar=01;31:*.war=01;31:*.ear=01;31:*.sar=01;31:*.rar=01;31:*.ace=01;31:*.zoo=01;31:*.cpio=01;31:*.7z=01;31:*.rz=01;31:*.jpg=01;35:*.jpeg=01;35:*.gif=01;35:*.bmp=01;35:*.pbm=01;35:*.pgm=01;35:*.ppm=01;35:*.tga=01;35:*.xbm=01;35:*.xpm=01;35:*.tif=01;35:*.tiff=01;35:*.png=01;35:*.svg=01;35:*.svgz=01;35:*.mng=01;35:*.pcx=01;35:*.mov=01;35:*.mpg=01;35:*.mpeg=01;35:*.m2v=01;35:*.mkv=01;35:*.webm=01;35:*.ogm=01;35:*.mp4=01;35:*.m4v=01;35:*.mp4v=01;35:*.vob=01;35:*.qt=01;35:*.nuv=01;35:*.wmv=01;35:*.asf=01;35:*.rm=01;35:*.rmvb=01;35:*.flc=01;35:*.avi=01;35:*.fli=01;35:*.flv=01;35:*.gl=01;35:*.dl=01;35:*.xcf=01;35:*.xwd=01;35:*.yuv=01;35:*.cgm=01;35:*.emf=01;35:*.axv=01;35:*.anx=01;35:*.ogv=01;35:*.ogx=01;35:*.aac=00;36:*.au=00;36:*.flac=00;36:*.mid=00;36:*.midi=00;36:*.mka=00;36:*.mp3=00;36:*.mpc=00;36:*.ogg=00;36:*.ra=00;36:*.wav=00;36:*.axa=00;36:*.oga=00;36:*.spx=00;36:*.xspf=00;36:', 'LESSCLOSE': '/usr/bin/lesspipe %s %s', 'SSH_TTY': '/dev/pts/3', 'OLDPWD': '/opt/ros/indigo/share/rosbridge_server', 'ROSLISP_PACKAGE_DIRECTORIES': '/home/fetch/catkin_ws/devel/share/common-lisp', 'PWD': '/opt/ros/indigo/share/rosbridge_server/launch', 'ROS_ETC_DIR': '/opt/ros/indigo/etc/ros', 'ROS_MASTER_URI': 'http://localhost:11311', 'MAIL': '/var/mail/fetch', 'SSH_CONNECTION': '172.22.77.105 50327 172.22.77.172 22'}]
[roslaunch][INFO] 2020-11-03 18:28:30,205: process[rosout-1]: args[[u'/opt/ros/indigo/lib/rosout/rosout', u'__name:=rosout']]
[roslaunch][INFO] 2020-11-03 18:28:30,206: ... created process [rosout-1]
[roslaunch.pmon][INFO] 2020-11-03 18:28:30,206: ProcessMonitor.register[rosout-1]
[roslaunch.pmon][INFO] 2020-11-03 18:28:30,206: ProcessMonitor.register[rosout-1] complete
[roslaunch][INFO] 2020-11-03 18:28:30,206: ... registered process [rosout-1]
[roslaunch][INFO] 2020-11-03 18:28:30,206: process[rosout-1]: starting os process
[roslaunch][INFO] 2020-11-03 18:28:30,206: process[rosout-1]: start w/ args [[u'/opt/ros/indigo/lib/rosout/rosout', u'__name:=rosout', u'__log:=/home/fetch/.ros/log/6d401088-1e45-11eb-97fa-000babe55698/rosout-1.log']]
[roslaunch][INFO] 2020-11-03 18:28:30,206: process[rosout-1]: cwd will be [/home/fetch/.ros]
[roslaunch][INFO] 2020-11-03 18:28:30,207: process[rosout-1]: started with pid [5618]
[roslaunch][INFO] 2020-11-03 18:28:30,208: ... successfully launched [rosout-1]
[roslaunch][INFO] 2020-11-03 18:28:30,208: load_parameters starting ...
[roslaunch][INFO] 2020-11-03 18:28:30,218: ... load_parameters complete
[roslaunch][INFO] 2020-11-03 18:28:30,218: launch_nodes: launching local nodes ...
[roslaunch][INFO] 2020-11-03 18:28:30,218: ... preparing to launch node of type [rosbridge_server/rosbridge_websocket]
[roslaunch][INFO] 2020-11-03 18:28:30,218: create_node_process: package[rosbridge_server] type[rosbridge_websocket] machine[Machine(name[] env_loader[None] address[localhost] ssh_port[22] user[None] assignable[True] timeout[10.0])] master_uri[http://localhost:11311]
[roslaunch][INFO] 2020-11-03 18:28:30,219: process[rosbridge_websocket-2]: env[{'ROS_DISTRO': 'indigo', 'NVM_CD_FLAGS': '', 'LESSOPEN': '| /usr/bin/lesspipe %s', 'SSH_CLIENT': '172.22.77.105 50327 22', 'CPATH': '/home/fetch/catkin_ws/devel/include:/opt/ros/indigo/include', 'LOGNAME': 'fetch', 'USER': 'fetch', 'NVM_DIR': '/home/fetch/.nvm', 'HOME': '/home/fetch', 'PATH': '/home/fetch/.nvm/versions/node/v10.15.3/bin:/opt/ros/indigo/bin:/usr/local/sbin:/usr/local/bin:/usr/sbin:/usr/bin:/sbin:/bin:/usr/games:/usr/local/games', 'VIRTUALENVWRAPPER_SCRIPT': '/usr/share/virtualenvwrapper/virtualenvwrapper.sh', 'ROS_LOG_FILENAME': '/home/fetch/.ros/log/6d401088-1e45-11eb-97fa-000babe55698/roslaunch-freight1207-5593.log', 'LANG': 'en_US.UTF-8', 'TERM': 'xterm-256color', 'SHELL': '/bin/bash', 'SHLVL': '1', 'QT_QPA_PLATFORMTHEME': 'appmenu-qt5', 'DISPLAY': 'localhost:11.0', 'NVM_BIN': '/home/fetch/.nvm/versions/node/v10.15.3/bin', '_VIRTUALENVWRAPPER_API': ' mkvirtualenv rmvirtualenv lsvirtualenv showvirtualenv workon add2virtualenv cdsitepackages cdvirtualenv lssitepackages toggleglobalsitepackages cpvirtualenv setvirtualenvproject mkproject cdproject mktmpenv mkvirtualenv rmvirtualenv lsvirtualenv showvirtualenv workon add2virtualenv cdsitepackages cdvirtualenv lssitepackages toggleglobalsitepackages cpvirtualenv setvirtualenvproject mkproject cdproject mktmpenv', 'CMAKE_PREFIX_PATH': '/home/fetch/catkin_ws/devel:/opt/ros/indigo', 'XDG_RUNTIME_DIR': '/run/user/1000', 'PYTHONPATH': '/home/fetch/catkin_ws/devel/lib/python2.7/dist-packages:/opt/ros/indigo/lib/python2.7/dist-packages', 'ROS_ROOT': '/opt/ros/indigo/share/ros', 'PKG_CONFIG_PATH': '/home/fetch/catkin_ws/devel/lib/pkgconfig:/opt/ros/indigo/lib/pkgconfig', 'ROS_PACKAGE_PATH': '/home/fetch/catkin_ws/src:/opt/ros/indigo/share:/opt/ros/indigo/stacks', 'XDG_SESSION_ID': '2', '_': '/opt/ros/indigo/bin/roslaunch', 'LD_LIBRARY_PATH': '/home/fetch/catkin_ws/devel/lib:/opt/ros/indigo/lib', 'LS_COLORS': 'rs=0:di=01;34:ln=01;36:mh=00:pi=40;33:so=01;35:do=01;35:bd=40;33;01:cd=40;33;01:or=40;31;01:su=37;41:sg=30;43:ca=30;41:tw=30;42:ow=34;42:st=37;44:ex=01;32:*.tar=01;31:*.tgz=01;31:*.arj=01;31:*.taz=01;31:*.lzh=01;31:*.lzma=01;31:*.tlz=01;31:*.txz=01;31:*.zip=01;31:*.z=01;31:*.Z=01;31:*.dz=01;31:*.gz=01;31:*.lz=01;31:*.xz=01;31:*.bz2=01;31:*.bz=01;31:*.tbz=01;31:*.tbz2=01;31:*.tz=01;31:*.deb=01;31:*.rpm=01;31:*.jar=01;31:*.war=01;31:*.ear=01;31:*.sar=01;31:*.rar=01;31:*.ace=01;31:*.zoo=01;31:*.cpio=01;31:*.7z=01;31:*.rz=01;31:*.jpg=01;35:*.jpeg=01;35:*.gif=01;35:*.bmp=01;35:*.pbm=01;35:*.pgm=01;35:*.ppm=01;35:*.tga=01;35:*.xbm=01;35:*.xpm=01;35:*.tif=01;35:*.tiff=01;35:*.png=01;35:*.svg=01;35:*.svgz=01;35:*.mng=01;35:*.pcx=01;35:*.mov=01;35:*.mpg=01;35:*.mpeg=01;35:*.m2v=01;35:*.mkv=01;35:*.webm=01;35:*.ogm=01;35:*.mp4=01;35:*.m4v=01;35:*.mp4v=01;35:*.vob=01;35:*.qt=01;35:*.nuv=01;35:*.wmv=01;35:*.asf=01;35:*.rm=01;35:*.rmvb=01;35:*.flc=01;35:*.avi=01;35:*.fli=01;35:*.flv=01;35:*.gl=01;35:*.dl=01;35:*.xcf=01;35:*.xwd=01;35:*.yuv=01;35:*.cgm=01;35:*.emf=01;35:*.axv=01;35:*.anx=01;35:*.ogv=01;35:*.ogx=01;35:*.aac=00;36:*.au=00;36:*.flac=00;36:*.mid=00;36:*.midi=00;36:*.mka=00;36:*.mp3=00;36:*.mpc=00;36:*.ogg=00;36:*.ra=00;36:*.wav=00;36:*.axa=00;36:*.oga=00;36:*.spx=00;36:*.xspf=00;36:', 'LESSCLOSE': '/usr/bin/lesspipe %s %s', 'SSH_TTY': '/dev/pts/3', 'OLDPWD': '/opt/ros/indigo/share/rosbridge_server', 'ROSLISP_PACKAGE_DIRECTORIES': '/home/fetch/catkin_ws/devel/share/common-lisp', 'PWD': '/opt/ros/indigo/share/rosbridge_server/launch', 'ROS_ETC_DIR': '/opt/ros/indigo/etc/ros', 'ROS_MASTER_URI': 'http://localhost:11311', 'MAIL': '/var/mail/fetch', 'SSH_CONNECTION': '172.22.77.105 50327 172.22.77.172 22'}]
[roslaunch][INFO] 2020-11-03 18:28:30,220: process[rosbridge_websocket-2]: args[[u'/home/fetch/catkin_ws/src/rosbridge_suite/rosbridge_server/scripts/rosbridge_websocket', u'__name:=rosbridge_websocket']]
[roslaunch][INFO] 2020-11-03 18:28:30,220: ... created process [rosbridge_websocket-2]
[roslaunch.pmon][INFO] 2020-11-03 18:28:30,220: ProcessMonitor.register[rosbridge_websocket-2]
[roslaunch.pmon][INFO] 2020-11-03 18:28:30,220: ProcessMonitor.register[rosbridge_websocket-2] complete
[roslaunch][INFO] 2020-11-03 18:28:30,220: ... registered process [rosbridge_websocket-2]
[roslaunch][INFO] 2020-11-03 18:28:30,220: process[rosbridge_websocket-2]: starting os process
[roslaunch][INFO] 2020-11-03 18:28:30,220: process[rosbridge_websocket-2]: start w/ args [[u'/home/fetch/catkin_ws/src/rosbridge_suite/rosbridge_server/scripts/rosbridge_websocket', u'__name:=rosbridge_websocket', u'__log:=/home/fetch/.ros/log/6d401088-1e45-11eb-97fa-000babe55698/rosbridge_websocket-2.log']]
[roslaunch][INFO] 2020-11-03 18:28:30,220: process[rosbridge_websocket-2]: cwd will be [/home/fetch/.ros]
[roslaunch][INFO] 2020-11-03 18:28:30,222: process[rosbridge_websocket-2]: started with pid [5635]
[roslaunch][INFO] 2020-11-03 18:28:30,222: ... successfully launched [rosbridge_websocket-2]
[roslaunch][INFO] 2020-11-03 18:28:30,223: ... preparing to launch node of type [rosapi/rosapi_node]
[roslaunch][INFO] 2020-11-03 18:28:30,223: create_node_process: package[rosapi] type[rosapi_node] machine[Machine(name[] env_loader[None] address[localhost] ssh_port[22] user[None] assignable[True] timeout[10.0])] master_uri[http://localhost:11311]
[roslaunch][INFO] 2020-11-03 18:28:30,223: process[rosapi-3]: env[{'ROS_DISTRO': 'indigo', 'NVM_CD_FLAGS': '', 'LESSOPEN': '| /usr/bin/lesspipe %s', 'SSH_CLIENT': '172.22.77.105 50327 22', 'CPATH': '/home/fetch/catkin_ws/devel/include:/opt/ros/indigo/include', 'LOGNAME': 'fetch', 'USER': 'fetch', 'NVM_DIR': '/home/fetch/.nvm', 'HOME': '/home/fetch', 'PATH': '/home/fetch/.nvm/versions/node/v10.15.3/bin:/opt/ros/indigo/bin:/usr/local/sbin:/usr/local/bin:/usr/sbin:/usr/bin:/sbin:/bin:/usr/games:/usr/local/games', 'VIRTUALENVWRAPPER_SCRIPT': '/usr/share/virtualenvwrapper/virtualenvwrapper.sh', 'ROS_LOG_FILENAME': '/home/fetch/.ros/log/6d401088-1e45-11eb-97fa-000babe55698/roslaunch-freight1207-5593.log', 'LANG': 'en_US.UTF-8', 'TERM': 'xterm-256color', 'SHELL': '/bin/bash', 'SHLVL': '1', 'QT_QPA_PLATFORMTHEME': 'appmenu-qt5', 'DISPLAY': 'localhost:11.0', 'NVM_BIN': '/home/fetch/.nvm/versions/node/v10.15.3/bin', '_VIRTUALENVWRAPPER_API': ' mkvirtualenv rmvirtualenv lsvirtualenv showvirtualenv workon add2virtualenv cdsitepackages cdvirtualenv lssitepackages toggleglobalsitepackages cpvirtualenv setvirtualenvproject mkproject cdproject mktmpenv mkvirtualenv rmvirtualenv lsvirtualenv showvirtualenv workon add2virtualenv cdsitepackages cdvirtualenv lssitepackages toggleglobalsitepackages cpvirtualenv setvirtualenvproject mkproject cdproject mktmpenv', 'CMAKE_PREFIX_PATH': '/home/fetch/catkin_ws/devel:/opt/ros/indigo', 'XDG_RUNTIME_DIR': '/run/user/1000', 'PYTHONPATH': '/home/fetch/catkin_ws/devel/lib/python2.7/dist-packages:/opt/ros/indigo/lib/python2.7/dist-packages', 'ROS_ROOT': '/opt/ros/indigo/share/ros', 'PKG_CONFIG_PATH': '/home/fetch/catkin_ws/devel/lib/pkgconfig:/opt/ros/indigo/lib/pkgconfig', 'ROS_PACKAGE_PATH': '/home/fetch/catkin_ws/src:/opt/ros/indigo/share:/opt/ros/indigo/stacks', 'XDG_SESSION_ID': '2', '_': '/opt/ros/indigo/bin/roslaunch', 'LD_LIBRARY_PATH': '/home/fetch/catkin_ws/devel/lib:/opt/ros/indigo/lib', 'LS_COLORS': 'rs=0:di=01;34:ln=01;36:mh=00:pi=40;33:so=01;35:do=01;35:bd=40;33;01:cd=40;33;01:or=40;31;01:su=37;41:sg=30;43:ca=30;41:tw=30;42:ow=34;42:st=37;44:ex=01;32:*.tar=01;31:*.tgz=01;31:*.arj=01;31:*.taz=01;31:*.lzh=01;31:*.lzma=01;31:*.tlz=01;31:*.txz=01;31:*.zip=01;31:*.z=01;31:*.Z=01;31:*.dz=01;31:*.gz=01;31:*.lz=01;31:*.xz=01;31:*.bz2=01;31:*.bz=01;31:*.tbz=01;31:*.tbz2=01;31:*.tz=01;31:*.deb=01;31:*.rpm=01;31:*.jar=01;31:*.war=01;31:*.ear=01;31:*.sar=01;31:*.rar=01;31:*.ace=01;31:*.zoo=01;31:*.cpio=01;31:*.7z=01;31:*.rz=01;31:*.jpg=01;35:*.jpeg=01;35:*.gif=01;35:*.bmp=01;35:*.pbm=01;35:*.pgm=01;35:*.ppm=01;35:*.tga=01;35:*.xbm=01;35:*.xpm=01;35:*.tif=01;35:*.tiff=01;35:*.png=01;35:*.svg=01;35:*.svgz=01;35:*.mng=01;35:*.pcx=01;35:*.mov=01;35:*.mpg=01;35:*.mpeg=01;35:*.m2v=01;35:*.mkv=01;35:*.webm=01;35:*.ogm=01;35:*.mp4=01;35:*.m4v=01;35:*.mp4v=01;35:*.vob=01;35:*.qt=01;35:*.nuv=01;35:*.wmv=01;35:*.asf=01;35:*.rm=01;35:*.rmvb=01;35:*.flc=01;35:*.avi=01;35:*.fli=01;35:*.flv=01;35:*.gl=01;35:*.dl=01;35:*.xcf=01;35:*.xwd=01;35:*.yuv=01;35:*.cgm=01;35:*.emf=01;35:*.axv=01;35:*.anx=01;35:*.ogv=01;35:*.ogx=01;35:*.aac=00;36:*.au=00;36:*.flac=00;36:*.mid=00;36:*.midi=00;36:*.mka=00;36:*.mp3=00;36:*.mpc=00;36:*.ogg=00;36:*.ra=00;36:*.wav=00;36:*.axa=00;36:*.oga=00;36:*.spx=00;36:*.xspf=00;36:', 'LESSCLOSE': '/usr/bin/lesspipe %s %s', 'SSH_TTY': '/dev/pts/3', 'OLDPWD': '/opt/ros/indigo/share/rosbridge_server', 'ROSLISP_PACKAGE_DIRECTORIES': '/home/fetch/catkin_ws/devel/share/common-lisp', 'PWD': '/opt/ros/indigo/share/rosbridge_server/launch', 'ROS_ETC_DIR': '/opt/ros/indigo/etc/ros', 'ROS_MASTER_URI': 'http://localhost:11311', 'MAIL': '/var/mail/fetch', 'SSH_CONNECTION': '172.22.77.105 50327 172.22.77.172 22'}]
[roslaunch][INFO] 2020-11-03 18:28:30,226: process[rosapi-3]: args[[u'/home/fetch/catkin_ws/src/rosbridge_suite/rosapi/scripts/rosapi_node', u'__name:=rosapi']]
[roslaunch][INFO] 2020-11-03 18:28:30,226: ... created process [rosapi-3]
[roslaunch.pmon][INFO] 2020-11-03 18:28:30,226: ProcessMonitor.register[rosapi-3]
[roslaunch.pmon][INFO] 2020-11-03 18:28:30,226: ProcessMonitor.register[rosapi-3] complete
[roslaunch][INFO] 2020-11-03 18:28:30,226: ... registered process [rosapi-3]
[roslaunch][INFO] 2020-11-03 18:28:30,226: process[rosapi-3]: starting os process
[roslaunch][INFO] 2020-11-03 18:28:30,226: process[rosapi-3]: start w/ args [[u'/home/fetch/catkin_ws/src/rosbridge_suite/rosapi/scripts/rosapi_node', u'__name:=rosapi', u'__log:=/home/fetch/.ros/log/6d401088-1e45-11eb-97fa-000babe55698/rosapi-3.log']]
[roslaunch][INFO] 2020-11-03 18:28:30,226: process[rosapi-3]: cwd will be [/home/fetch/.ros]
[roslaunch][INFO] 2020-11-03 18:28:30,228: process[rosapi-3]: started with pid [5636]
[roslaunch][INFO] 2020-11-03 18:28:30,228: ... successfully launched [rosapi-3]
[roslaunch][INFO] 2020-11-03 18:28:30,229: ... launch_nodes complete
[roslaunch.pmon][INFO] 2020-11-03 18:28:30,229: registrations completed <ProcessMonitor(ProcessMonitor-1, started daemon 139692095235840)>
[roslaunch.parent][INFO] 2020-11-03 18:28:30,229: ... roslaunch parent running, waiting for process exit
[roslaunch][INFO] 2020-11-03 18:28:30,229: spin
[roslaunch.pmon][INFO] 2020-11-03 18:41:54,757: ProcessMonitor.shutdown <ProcessMonitor(ProcessMonitor-1, started daemon 139692095235840)>
[roslaunch.pmon][INFO] 2020-11-03 18:41:54,840: ProcessMonitor._post_run <ProcessMonitor(ProcessMonitor-1, started daemon 139692095235840)>
[roslaunch.pmon][INFO] 2020-11-03 18:41:54,840: ProcessMonitor._post_run <ProcessMonitor(ProcessMonitor-1, started daemon 139692095235840)>: remaining procs are [<roslaunch.nodeprocess.LocalProcess object at 0x7f0c99db6fd0>, <roslaunch.nodeprocess.LocalProcess object at 0x7f0c99d8f450>, <roslaunch.nodeprocess.LocalProcess object at 0x7f0c99d9db90>, <roslaunch.nodeprocess.LocalProcess object at 0x7f0c99d9dbd0>]
[roslaunch.pmon][INFO] 2020-11-03 18:41:54,840: ProcessMonitor exit: killing rosapi-3
[roslaunch][INFO] 2020-11-03 18:41:54,841: [rosapi-3] killing on exit
[roslaunch.pmon][INFO] 2020-11-03 18:41:54,841: ProcessMonitor exit: killing rosbridge_websocket-2
[roslaunch][INFO] 2020-11-03 18:41:54,841: process[rosapi-3]: killing os process with pid[5636] pgid[5636]
[roslaunch][INFO] 2020-11-03 18:41:54,841: [rosbridge_websocket-2] killing on exit
[roslaunch][INFO] 2020-11-03 18:41:54,841: [rosapi-3] sending SIGINT to pgid [5636]
[roslaunch][INFO] 2020-11-03 18:41:54,842: process[rosbridge_websocket-2]: killing os process with pid[5635] pgid[5635]
[roslaunch][INFO] 2020-11-03 18:41:54,842: [rosapi-3] sent SIGINT to pgid [5636]
[roslaunch][INFO] 2020-11-03 18:41:54,842: [rosbridge_websocket-2] sending SIGINT to pgid [5635]
[roslaunch][INFO] 2020-11-03 18:41:54,842: [rosbridge_websocket-2] sent SIGINT to pgid [5635]
[roslaunch][INFO] 2020-11-03 18:41:55,042: process[rosbridge_websocket-2]: SIGINT killed with return value 0
[roslaunch][INFO] 2020-11-03 18:41:55,543: process[rosapi-3]: SIGINT killed with return value 0
[roslaunch.pmon][INFO] 2020-11-03 18:41:55,543: ProcessMonitor exit: killing rosout-1
[roslaunch][INFO] 2020-11-03 18:41:55,543: [rosout-1] killing on exit
[roslaunch][INFO] 2020-11-03 18:41:55,543: process[rosout-1]: killing os process with pid[5618] pgid[5618]
[roslaunch][INFO] 2020-11-03 18:41:55,543: [rosout-1] sending SIGINT to pgid [5618]
[roslaunch][INFO] 2020-11-03 18:41:55,544: [rosout-1] sent SIGINT to pgid [5618]
[roslaunch][INFO] 2020-11-03 18:41:55,744: process[rosout-1]: SIGINT killed with return value 0
[roslaunch.pmon][INFO] 2020-11-03 18:41:55,744: ProcessMonitor exit: killing master
[roslaunch][INFO] 2020-11-03 18:41:55,744: [master] killing on exit
[roslaunch][INFO] 2020-11-03 18:41:55,744: process[master]: killing os process with pid[5605] pgid[5605]
[roslaunch][INFO] 2020-11-03 18:41:55,744: [master] sending SIGINT to pgid [5605]
[roslaunch][INFO] 2020-11-03 18:41:55,744: [master] sent SIGINT to pgid [5605]
[roslaunch][INFO] 2020-11-03 18:41:55,945: process[master]: SIGINT killed with return value 0
[roslaunch.pmon][INFO] 2020-11-03 18:41:55,945: ProcessMonitor exit: cleaning up data structures and signals
[roslaunch.pmon][INFO] 2020-11-03 18:41:55,945: ProcessMonitor exit: pmon has shutdown
[roslaunch][INFO] 2020-11-03 18:41:55,972: process monitor is done spinning, initiating full shutdown
[roslaunch][INFO] 2020-11-03 18:41:55,973: runner.stop()
[roslaunch][INFO] 2020-11-03 18:41:55,973: shutting down processing monitor...
[roslaunch][INFO] 2020-11-03 18:41:55,973: shutting down processing monitor <ProcessMonitor(ProcessMonitor-1, stopped daemon 139692095235840)>
[roslaunch.pmon][INFO] 2020-11-03 18:41:55,973: ProcessMonitor.shutdown <ProcessMonitor(ProcessMonitor-1, stopped daemon 139692095235840)>
[roslaunch][INFO] 2020-11-03 18:41:55,973: ... shutting down processing monitor complete
[roslaunch][INFO] 2020-11-03 18:41:55,973: done
[roslaunch.pmon][INFO] 2020-11-03 18:41:55,973: ProcessMonitor.shutdown <ProcessMonitor(ProcessMonitor-1, stopped daemon 139692095235840)>
[rospy.core][INFO] 2020-11-03 18:41:55,973: signal_shutdown [atexit]
