[rosmaster.main][INFO] 2020-10-19 22:05:47,886: initialization complete, waiting for shutdown
[rosmaster.main][INFO] 2020-10-19 22:05:47,886: Starting ROS Master Node
[xmlrpc][INFO] 2020-10-19 22:05:47,886: XML-RPC server binding to 0.0.0.0:11311
[xmlrpc][INFO] 2020-10-19 22:05:47,886: Started XML-RPC server [http://freight1207:11311/]
[xmlrpc][INFO] 2020-10-19 22:05:47,886: xml rpc node: starting XML-RPC server
[rosmaster.master][INFO] 2020-10-19 22:05:47,887: Master initialized: port[11311], uri[http://freight1207:11311/]
[rosmaster.master][INFO] 2020-10-19 22:05:47,910: +PARAM [/run_id] by /roslaunch
[rosmaster.master][INFO] 2020-10-19 22:05:47,911: +PARAM [/roslaunch/uris/host_freight1207__39500] by /roslaunch
[rosmaster.master][INFO] 2020-10-19 22:05:47,942: +PARAM [/move_base/global_costmap/obstacles/base_scan/raytrace_range] by /roslaunch
[rosmaster.master][INFO] 2020-10-19 22:05:47,942: +PARAM [/move_base/local_costmap/obstacles/max_obstacle_height] by /roslaunch
[rosmaster.master][INFO] 2020-10-19 22:05:47,942: +PARAM [/amcl/gui_publish_rate] by /roslaunch
[rosmaster.master][INFO] 2020-10-19 22:05:47,942: +PARAM [/move_base/TrajectoryPlannerROS/vx_samples] by /roslaunch
[rosmaster.master][INFO] 2020-10-19 22:05:47,942: +PARAM [/move_base/global_costmap/obstacles/z_resolution] by /roslaunch
[rosmaster.master][INFO] 2020-10-19 22:05:47,942: +PARAM [/amcl/save_pose_rate] by /roslaunch
[rosmaster.master][INFO] 2020-10-19 22:05:47,943: +PARAM [/amcl/recovery_alpha_slow] by /roslaunch
[rosmaster.master][INFO] 2020-10-19 22:05:47,943: +PARAM [/move_base/TrajectoryPlannerROS/heading_scoring_timestep] by /roslaunch
[rosmaster.master][INFO] 2020-10-19 22:05:47,943: +PARAM [/move_base/TrajectoryPlannerROS/sim_time] by /roslaunch
[rosmaster.master][INFO] 2020-10-19 22:05:47,943: +SERVICE [/rosout/get_loggers] /rosout http://freight1207:54953/
[rosmaster.master][INFO] 2020-10-19 22:05:47,943: +PARAM [/move_base/local_costmap/transform_tolerance] by /roslaunch
[rosmaster.master][INFO] 2020-10-19 22:05:47,943: +PARAM [/move_base/TrajectoryPlannerROS/min_vel_y] by /roslaunch
[rosmaster.master][INFO] 2020-10-19 22:05:47,944: +PARAM [/move_base/global_costmap/obstacles/base_scan/min_obstacle_height] by /roslaunch
[rosmaster.master][INFO] 2020-10-19 22:05:47,944: +PARAM [/move_base/local_costmap/height] by /roslaunch
[rosmaster.master][INFO] 2020-10-19 22:05:47,944: +SERVICE [/rosout/set_logger_level] /rosout http://freight1207:54953/
[rosmaster.master][INFO] 2020-10-19 22:05:47,944: +PARAM [/amcl/laser_max_range] by /roslaunch
[rosmaster.master][INFO] 2020-10-19 22:05:47,944: +PARAM [/amcl/laser_z_rand] by /roslaunch
[rosmaster.master][INFO] 2020-10-19 22:05:47,944: +PARAM [/move_base/planner_frequency] by /roslaunch
[rosmaster.master][INFO] 2020-10-19 22:05:47,944: +PARAM [/move_base/TrajectoryPlannerROS/gdist_scale] by /roslaunch
[rosmaster.master][INFO] 2020-10-19 22:05:47,945: +PARAM [/amcl/use_map_topic] by /roslaunch
[rosmaster.master][INFO] 2020-10-19 22:05:47,945: +PARAM [/move_base/controller_patience] by /roslaunch
[rosmaster.master][INFO] 2020-10-19 22:05:47,945: +PARAM [/move_base/local_costmap/robot_radius] by /roslaunch
[rosmaster.master][INFO] 2020-10-19 22:05:47,945: +PARAM [/move_base/local_costmap/inflater/inflation_radius] by /roslaunch
[rosmaster.master][INFO] 2020-10-19 22:05:47,945: +PARAM [/move_base/local_costmap/obstacles/base_scan/clearing] by /roslaunch
[rosmaster.master][INFO] 2020-10-19 22:05:47,945: +PUB [/rosout_agg] /rosout http://freight1207:54953/
[rosmaster.master][INFO] 2020-10-19 22:05:47,945: +PARAM [/move_base/local_costmap/resolution] by /roslaunch
[rosmaster.master][INFO] 2020-10-19 22:05:47,946: +PARAM [/move_base/TrajectoryPlannerROS/holonomic_robot] by /roslaunch
[rosmaster.master][INFO] 2020-10-19 22:05:47,946: +PARAM [/move_base/global_costmap/plugins] by /roslaunch
[rosmaster.master][INFO] 2020-10-19 22:05:47,946: +PARAM [/move_base/local_costmap/obstacles/base_scan/min_obstacle_height] by /roslaunch
[rosmaster.master][INFO] 2020-10-19 22:05:47,946: +PARAM [/move_base/global_costmap/obstacles/observation_sources] by /roslaunch
[rosmaster.master][INFO] 2020-10-19 22:05:47,946: +PARAM [/move_base/global_costmap/obstacles/max_obstacle_height] by /roslaunch
[rosmaster.master][INFO] 2020-10-19 22:05:47,946: +PARAM [/move_base/global_costmap/publish_frequency] by /roslaunch
[rosmaster.master][INFO] 2020-10-19 22:05:47,947: +PARAM [/move_base/conservative_reset/reset_distance] by /roslaunch
[rosmaster.master][INFO] 2020-10-19 22:05:47,947: +PARAM [/move_base/global_costmap/inflater/inflation_radius] by /roslaunch
[rosmaster.master][INFO] 2020-10-19 22:05:47,947: +PARAM [/move_base/local_costmap/width] by /roslaunch
[rosmaster.master][INFO] 2020-10-19 22:05:47,948: +PARAM [/move_base/TrajectoryPlannerROS/max_vel_y] by /roslaunch
[rosmaster.master][INFO] 2020-10-19 22:05:47,948: +PARAM [/move_base/TrajectoryPlannerROS/max_vel_x] by /roslaunch
[rosmaster.master][INFO] 2020-10-19 22:05:47,948: +PARAM [/move_base/local_costmap/rolling_window] by /roslaunch
[rosmaster.master][INFO] 2020-10-19 22:05:47,948: +PARAM [/move_base/NavfnROS/allow_unknown] by /roslaunch
[rosmaster.master][INFO] 2020-10-19 22:05:47,948: +PARAM [/move_base/controller_frequency] by /roslaunch
[rosmaster.master][INFO] 2020-10-19 22:05:47,948: +PARAM [/move_base/TrajectoryPlannerROS/heading_scoring] by /roslaunch
[rosmaster.master][INFO] 2020-10-19 22:05:47,949: +PARAM [/amcl/laser_max_beams] by /roslaunch
[rosmaster.master][INFO] 2020-10-19 22:05:47,949: +PARAM [/move_base/oscillation_timeout] by /roslaunch
[rosmaster.master][INFO] 2020-10-19 22:05:47,949: +SUB [/rosout] /rosout http://freight1207:54953/
[rosmaster.master][INFO] 2020-10-19 22:05:47,949: +PARAM [/move_base/TrajectoryPlannerROS/oscillation_reset_dist] by /roslaunch
[rosmaster.master][INFO] 2020-10-19 22:05:47,949: +PARAM [/amcl/laser_model_type] by /roslaunch
[rosmaster.master][INFO] 2020-10-19 22:05:47,949: +PARAM [/move_base/global_costmap/obstacles/base_scan/clearing] by /roslaunch
[rosmaster.master][INFO] 2020-10-19 22:05:47,949: +PARAM [/amcl/odom_model_type] by /roslaunch
[rosmaster.master][INFO] 2020-10-19 22:05:47,950: +PARAM [/amcl/laser_sigma_hit] by /roslaunch
[rosmaster.master][INFO] 2020-10-19 22:05:47,950: +PARAM [/amcl/recovery_alpha_fast] by /roslaunch
[rosmaster.master][INFO] 2020-10-19 22:05:47,950: +PARAM [/amcl/transform_tolerance] by /roslaunch
[rosmaster.master][INFO] 2020-10-19 22:05:47,950: +PARAM [/move_base/aggressive_reset/reset_distance] by /roslaunch
[rosmaster.master][INFO] 2020-10-19 22:05:47,950: +PARAM [/move_base/base_global_planner] by /roslaunch
[rosmaster.master][INFO] 2020-10-19 22:05:47,950: +PARAM [/move_base/TrajectoryPlannerROS/occdist_scale] by /roslaunch
[rosmaster.master][INFO] 2020-10-19 22:05:47,950: +PARAM [/move_base/TrajectoryPlannerROS/acc_lim_y] by /roslaunch
[rosmaster.master][INFO] 2020-10-19 22:05:47,950: +PARAM [/rosdistro] by /roslaunch
[rosmaster.master][INFO] 2020-10-19 22:05:47,950: +PARAM [/move_base/TrajectoryPlannerROS/acc_lim_x] by /roslaunch
[rosmaster.master][INFO] 2020-10-19 22:05:47,950: +PARAM [/move_base/oscillation_distance] by /roslaunch
[rosmaster.master][INFO] 2020-10-19 22:05:47,950: +PARAM [/amcl/odom_alpha4] by /roslaunch
[rosmaster.master][INFO] 2020-10-19 22:05:47,950: +PARAM [/move_base/local_costmap/obstacles/base_scan/obstacle_range] by /roslaunch
[rosmaster.master][INFO] 2020-10-19 22:05:47,950: +PARAM [/amcl/odom_alpha1] by /roslaunch
[rosmaster.master][INFO] 2020-10-19 22:05:47,950: +PARAM [/amcl/odom_alpha2] by /roslaunch
[rosmaster.master][INFO] 2020-10-19 22:05:47,950: +PARAM [/amcl/odom_alpha3] by /roslaunch
[rosmaster.master][INFO] 2020-10-19 22:05:47,950: +PARAM [/amcl/odom_frame_id] by /roslaunch
[rosmaster.master][INFO] 2020-10-19 22:05:47,950: +PARAM [/move_base/local_costmap/obstacles/base_scan/raytrace_range] by /roslaunch
[rosmaster.master][INFO] 2020-10-19 22:05:47,951: +PARAM [/move_base/TrajectoryPlannerROS/min_vel_theta] by /roslaunch
[rosmaster.master][INFO] 2020-10-19 22:05:47,951: +PARAM [/move_base/rotate_recovery/sim_granularity] by /roslaunch
[rosmaster.master][INFO] 2020-10-19 22:05:47,951: +PARAM [/move_base/TrajectoryPlannerROS/angular_sim_granularity] by /roslaunch
[rosmaster.master][INFO] 2020-10-19 22:05:47,951: +PARAM [/move_base/global_costmap/static_map] by /roslaunch
[rosmaster.master][INFO] 2020-10-19 22:05:47,951: +PARAM [/move_base/local_costmap/inflater/robot_radius] by /roslaunch
[rosmaster.master][INFO] 2020-10-19 22:05:47,951: +PARAM [/move_base/local_costmap/obstacles/base_scan/marking] by /roslaunch
[rosmaster.master][INFO] 2020-10-19 22:05:47,951: +PARAM [/move_base/global_costmap/inflater/robot_radius] by /roslaunch
[rosmaster.master][INFO] 2020-10-19 22:05:47,951: +PARAM [/move_base/TrajectoryPlannerROS/dwa] by /roslaunch
[rosmaster.master][INFO] 2020-10-19 22:05:47,951: +PARAM [/amcl/max_particles] by /roslaunch
[rosmaster.master][INFO] 2020-10-19 22:05:47,951: +PARAM [/move_base/global_costmap/obstacles/base_scan/marking] by /roslaunch
[rosmaster.master][INFO] 2020-10-19 22:05:47,951: +PARAM [/move_base/TrajectoryPlannerROS/min_vel_x] by /roslaunch
[rosmaster.master][INFO] 2020-10-19 22:05:47,951: +PARAM [/amcl/min_particles] by /roslaunch
[rosmaster.master][INFO] 2020-10-19 22:05:47,951: +PARAM [/move_base/global_costmap/robot_base_frame] by /roslaunch
[rosmaster.master][INFO] 2020-10-19 22:05:47,951: +PARAM [/move_base/recovery_behaviors] by /roslaunch
[rosmaster.master][INFO] 2020-10-19 22:05:47,951: +PARAM [/amcl/global_frame_id] by /roslaunch
[rosmaster.master][INFO] 2020-10-19 22:05:47,951: +PARAM [/move_base/local_costmap/obstacles/publish_observations] by /roslaunch
[rosmaster.master][INFO] 2020-10-19 22:05:47,951: +PARAM [/move_base/NavfnROS/visualize_potential] by /roslaunch
[rosmaster.master][INFO] 2020-10-19 22:05:47,951: +PARAM [/amcl/laser_min_range] by /roslaunch
[rosmaster.master][INFO] 2020-10-19 22:05:47,952: +PARAM [/move_base/local_costmap/plugins] by /roslaunch
[rosmaster.master][INFO] 2020-10-19 22:05:47,952: +PARAM [/move_base/local_costmap/publish_frequency] by /roslaunch
[rosmaster.master][INFO] 2020-10-19 22:05:47,952: +PARAM [/move_base/local_costmap/obstacles/base_scan/max_obstacle_height] by /roslaunch
[rosmaster.master][INFO] 2020-10-19 22:05:47,952: +PARAM [/move_base/TrajectoryPlannerROS/acc_lim_theta] by /roslaunch
[rosmaster.master][INFO] 2020-10-19 22:05:47,952: +PARAM [/move_base/global_costmap/robot_radius] by /roslaunch
[rosmaster.master][INFO] 2020-10-19 22:05:47,952: +PARAM [/move_base/global_costmap/update_frequency] by /roslaunch
[rosmaster.master][INFO] 2020-10-19 22:05:47,952: +PARAM [/amcl/kld_err] by /roslaunch
[rosmaster.master][INFO] 2020-10-19 22:05:47,952: +PARAM [/amcl/resample_interval] by /roslaunch
[rosmaster.master][INFO] 2020-10-19 22:05:47,952: +PARAM [/move_base/global_costmap/obstacles/base_scan/max_obstacle_height] by /roslaunch
[rosmaster.master][INFO] 2020-10-19 22:05:47,952: +PARAM [/move_base/TrajectoryPlannerROS/latch_xy_goal_tolerance] by /roslaunch
[rosmaster.master][INFO] 2020-10-19 22:05:47,952: +PARAM [/move_base/TrajectoryPlannerROS/heading_lookahead] by /roslaunch
[rosmaster.master][INFO] 2020-10-19 22:05:47,952: +PARAM [/move_base/NavfnROS/default_tolerance] by /roslaunch
[rosmaster.master][INFO] 2020-10-19 22:05:47,952: +PARAM [/move_base/TrajectoryPlannerROS/yaw_goal_tolerance] by /roslaunch
[rosmaster.master][INFO] 2020-10-19 22:05:47,952: +PARAM [/move_base/TrajectoryPlannerROS/publish_cost_grid_pc] by /roslaunch
[rosmaster.master][INFO] 2020-10-19 22:05:47,952: +PARAM [/move_base/local_costmap/obstacles/observation_sources] by /roslaunch
[rosmaster.master][INFO] 2020-10-19 22:05:47,952: +PARAM [/move_base/local_costmap/obstacles/base_scan/data_type] by /roslaunch
[rosmaster.master][INFO] 2020-10-19 22:05:47,952: +PARAM [/move_base/local_costmap/obstacles/z_voxels] by /roslaunch
[rosmaster.master][INFO] 2020-10-19 22:05:47,952: +PARAM [/amcl/laser_likelihood_max_dist] by /roslaunch
[rosmaster.master][INFO] 2020-10-19 22:05:47,953: +PARAM [/move_base/global_costmap/obstacles/z_voxels] by /roslaunch
[rosmaster.master][INFO] 2020-10-19 22:05:47,953: +PARAM [/move_base/global_costmap/obstacles/base_scan/data_type] by /roslaunch
[rosmaster.master][INFO] 2020-10-19 22:05:47,953: +PARAM [/move_base/TrajectoryPlannerROS/max_vel_theta] by /roslaunch
[rosmaster.master][INFO] 2020-10-19 22:05:47,953: +PARAM [/amcl/laser_z_hit] by /roslaunch
[rosmaster.master][INFO] 2020-10-19 22:05:47,953: +PARAM [/move_base/local_costmap/robot_base_frame] by /roslaunch
[rosmaster.master][INFO] 2020-10-19 22:05:47,953: +PARAM [/move_base/TrajectoryPlannerROS/xy_goal_tolerance] by /roslaunch
[rosmaster.master][INFO] 2020-10-19 22:05:47,953: +PARAM [/move_base/global_costmap/transform_tolerance] by /roslaunch
[rosmaster.master][INFO] 2020-10-19 22:05:47,953: +PARAM [/move_base/TrajectoryPlannerROS/pdist_scale] by /roslaunch
[rosmaster.master][INFO] 2020-10-19 22:05:47,953: +PARAM [/move_base/TrajectoryPlannerROS/sim_granularity] by /roslaunch
[rosmaster.master][INFO] 2020-10-19 22:05:47,953: +PARAM [/move_base/local_costmap/obstacles/base_scan/topic] by /roslaunch
[rosmaster.master][INFO] 2020-10-19 22:05:47,953: +PARAM [/move_base/global_costmap/obstacles/base_scan/obstacle_range] by /roslaunch
[rosmaster.master][INFO] 2020-10-19 22:05:47,953: +PARAM [/move_base/TrajectoryPlannerROS/vtheta_samples] by /roslaunch
[rosmaster.master][INFO] 2020-10-19 22:05:47,953: +PARAM [/move_base/TrajectoryPlannerROS/meter_scoring] by /roslaunch
[rosmaster.master][INFO] 2020-10-19 22:05:47,953: +PARAM [/move_base/NavfnROS/planner_window_y] by /roslaunch
[rosmaster.master][INFO] 2020-10-19 22:05:47,953: +PARAM [/move_base/NavfnROS/planner_window_x] by /roslaunch
[rosmaster.master][INFO] 2020-10-19 22:05:47,953: +PARAM [/move_base/local_costmap/obstacles/z_resolution] by /roslaunch
[rosmaster.master][INFO] 2020-10-19 22:05:47,953: +PARAM [/amcl/base_frame_id] by /roslaunch
[rosmaster.master][INFO] 2020-10-19 22:05:47,953: +PARAM [/rosversion] by /roslaunch
[rosmaster.master][INFO] 2020-10-19 22:05:47,953: +PARAM [/move_base/local_costmap/global_frame] by /roslaunch
[rosmaster.master][INFO] 2020-10-19 22:05:47,953: +PARAM [/move_base/global_costmap/global_frame] by /roslaunch
[rosmaster.master][INFO] 2020-10-19 22:05:47,954: +PARAM [/move_base/global_costmap/obstacles/base_scan/topic] by /roslaunch
[rosmaster.master][INFO] 2020-10-19 22:05:47,954: +PARAM [/amcl/kld_z] by /roslaunch
[rosmaster.master][INFO] 2020-10-19 22:05:47,954: +PARAM [/move_base/rotate_recovery/frequency] by /roslaunch
[rosmaster.master][INFO] 2020-10-19 22:05:47,954: +PARAM [/move_base/base_local_planner] by /roslaunch
[rosmaster.master][INFO] 2020-10-19 22:05:47,954: +PARAM [/move_base/planner_patience] by /roslaunch
[rosmaster.master][INFO] 2020-10-19 22:05:47,954: +PARAM [/amcl/update_min_a] by /roslaunch
[rosmaster.master][INFO] 2020-10-19 22:05:47,954: +PARAM [/amcl/update_min_d] by /roslaunch
[rosmaster.master][INFO] 2020-10-19 22:05:47,954: +PARAM [/move_base/TrajectoryPlannerROS/min_in_place_vel_theta] by /roslaunch
[rosmaster.master][INFO] 2020-10-19 22:05:47,954: +PARAM [/move_base/recovery_behavior_enabled] by /roslaunch
[rosmaster.master][INFO] 2020-10-19 22:05:47,975: +PUB [/rosout] /map_server http://freight1207:53160/
[rosmaster.master][INFO] 2020-10-19 22:05:47,975: +PUB [/rosout] /amcl http://freight1207:57156/
[rosmaster.master][INFO] 2020-10-19 22:05:47,976: +SERVICE [/map_server/get_loggers] /map_server http://freight1207:53160/
[rosmaster.master][INFO] 2020-10-19 22:05:47,976: +SERVICE [/amcl/get_loggers] /amcl http://freight1207:57156/
[rosmaster.master][INFO] 2020-10-19 22:05:47,976: +SERVICE [/map_server/set_logger_level] /map_server http://freight1207:53160/
[rosmaster.master][INFO] 2020-10-19 22:05:47,977: +SERVICE [/amcl/set_logger_level] /amcl http://freight1207:57156/
[rosmaster.master][INFO] 2020-10-19 22:05:47,986: publisherUpdate[/rosout] -> http://freight1207:54953/
[rosmaster.master][INFO] 2020-10-19 22:05:47,988: publisherUpdate[/rosout] -> http://freight1207:54953/
[rosmaster.master][INFO] 2020-10-19 22:05:47,989: +PUB [/rosout] /move_base http://freight1207:45531/
[rosmaster.master][INFO] 2020-10-19 22:05:47,991: +SERVICE [/move_base/get_loggers] /move_base http://freight1207:45531/
[rosmaster.master][INFO] 2020-10-19 22:05:47,991: +SERVICE [/move_base/set_logger_level] /move_base http://freight1207:45531/
[rosmaster.master][INFO] 2020-10-19 22:05:47,997: +SUB [/tf] /move_base http://freight1207:45531/
[rosmaster.master][INFO] 2020-10-19 22:05:48,000: +SUB [/tf_static] /move_base http://freight1207:45531/
[rosmaster.master][INFO] 2020-10-19 22:05:48,007: +SERVICE [/static_map] /map_server http://freight1207:53160/
[rosmaster.master][INFO] 2020-10-19 22:05:48,008: +PUB [/map_metadata] /map_server http://freight1207:53160/
[rosmaster.master][INFO] 2020-10-19 22:05:48,011: +PUB [/map] /map_server http://freight1207:53160/
[rosmaster.master][INFO] 2020-10-19 22:05:48,028: +PUB [/cmd_vel] /move_base http://freight1207:45531/
[rosmaster.master][INFO] 2020-10-19 22:05:48,029: +PUB [/move_base/current_goal] /move_base http://freight1207:45531/
[rosmaster.master][INFO] 2020-10-19 22:05:48,030: +PUB [/move_base/goal] /move_base http://freight1207:45531/
[rosmaster.master][INFO] 2020-10-19 22:05:48,034: +SUB [/move_base_simple/goal] /move_base http://freight1207:45531/
[rosmaster.master][INFO] 2020-10-19 22:05:48,039: +PUB [/tf] /amcl http://freight1207:57156/
[rosmaster.master][INFO] 2020-10-19 22:05:48,041: +SUB [/tf] /amcl http://freight1207:57156/
[rosmaster.master][INFO] 2020-10-19 22:05:48,045: +SUB [/tf_static] /amcl http://freight1207:57156/
[rosmaster.master][INFO] 2020-10-19 22:05:48,046: +PUB [/amcl_pose] /amcl http://freight1207:57156/
[rosmaster.master][INFO] 2020-10-19 22:05:48,047: +PUB [/particlecloud] /amcl http://freight1207:57156/
[rosmaster.master][INFO] 2020-10-19 22:05:48,048: +SERVICE [/global_localization] /amcl http://freight1207:57156/
[rosmaster.master][INFO] 2020-10-19 22:05:48,048: +SERVICE [/request_nomotion_update] /amcl http://freight1207:57156/
[rosmaster.master][INFO] 2020-10-19 22:05:48,048: +SERVICE [/set_map] /amcl http://freight1207:57156/
[rosmaster.master][INFO] 2020-10-19 22:05:48,050: +SUB [/base_scan] /amcl http://freight1207:57156/
[rosmaster.master][INFO] 2020-10-19 22:05:48,052: +SUB [/initialpose] /amcl http://freight1207:57156/
[rosmaster.master][INFO] 2020-10-19 22:05:48,086: publisherUpdate[/rosout] -> http://freight1207:54953/
[rosmaster.master][INFO] 2020-10-19 22:05:48,087: publisherUpdate[/tf] -> http://freight1207:45531/
[rosmaster.master][INFO] 2020-10-19 22:05:48,241: +SERVICE [/amcl/set_parameters] /amcl http://freight1207:57156/
[rosmaster.master][INFO] 2020-10-19 22:05:48,242: +PUB [/amcl/parameter_descriptions] /amcl http://freight1207:57156/
[rosmaster.master][INFO] 2020-10-19 22:05:48,242: +PUB [/amcl/parameter_updates] /amcl http://freight1207:57156/
[rosmaster.master][INFO] 2020-10-19 22:05:48,256: +PARAM [/amcl/min_particles] by /amcl
[rosmaster.master][INFO] 2020-10-19 22:05:48,257: +PARAM [/amcl/max_particles] by /amcl
[rosmaster.master][INFO] 2020-10-19 22:05:48,257: +PARAM [/amcl/kld_err] by /amcl
[rosmaster.master][INFO] 2020-10-19 22:05:48,258: +PARAM [/amcl/kld_z] by /amcl
[rosmaster.master][INFO] 2020-10-19 22:05:48,258: +PARAM [/amcl/update_min_d] by /amcl
[rosmaster.master][INFO] 2020-10-19 22:05:48,259: +PARAM [/amcl/update_min_a] by /amcl
[rosmaster.master][INFO] 2020-10-19 22:05:48,259: +PARAM [/amcl/resample_interval] by /amcl
[rosmaster.master][INFO] 2020-10-19 22:05:48,259: +PARAM [/amcl/transform_tolerance] by /amcl
[rosmaster.master][INFO] 2020-10-19 22:05:48,260: +PARAM [/amcl/recovery_alpha_slow] by /amcl
[rosmaster.master][INFO] 2020-10-19 22:05:48,260: +PARAM [/amcl/recovery_alpha_fast] by /amcl
[rosmaster.master][INFO] 2020-10-19 22:05:48,261: +PARAM [/amcl/do_beamskip] by /amcl
[rosmaster.master][INFO] 2020-10-19 22:05:48,261: +PARAM [/amcl/beam_skip_distance] by /amcl
[rosmaster.master][INFO] 2020-10-19 22:05:48,261: +PARAM [/amcl/beam_skip_threshold] by /amcl
[rosmaster.master][INFO] 2020-10-19 22:05:48,262: +PARAM [/amcl/tf_broadcast] by /amcl
[rosmaster.master][INFO] 2020-10-19 22:05:48,262: +PARAM [/amcl/gui_publish_rate] by /amcl
[rosmaster.master][INFO] 2020-10-19 22:05:48,263: +PARAM [/amcl/save_pose_rate] by /amcl
[rosmaster.master][INFO] 2020-10-19 22:05:48,264: +PARAM [/amcl/use_map_topic] by /amcl
[rosmaster.master][INFO] 2020-10-19 22:05:48,264: +PARAM [/amcl/first_map_only] by /amcl
[rosmaster.master][INFO] 2020-10-19 22:05:48,264: +PARAM [/amcl/laser_min_range] by /amcl
[rosmaster.master][INFO] 2020-10-19 22:05:48,265: +PARAM [/amcl/laser_max_range] by /amcl
[rosmaster.master][INFO] 2020-10-19 22:05:48,265: +PARAM [/amcl/laser_max_beams] by /amcl
[rosmaster.master][INFO] 2020-10-19 22:05:48,266: +PARAM [/amcl/laser_z_hit] by /amcl
[rosmaster.master][INFO] 2020-10-19 22:05:48,266: +PARAM [/amcl/laser_z_short] by /amcl
[rosmaster.master][INFO] 2020-10-19 22:05:48,266: +PARAM [/amcl/laser_z_max] by /amcl
[rosmaster.master][INFO] 2020-10-19 22:05:48,267: +PARAM [/amcl/laser_z_rand] by /amcl
[rosmaster.master][INFO] 2020-10-19 22:05:48,267: +PARAM [/amcl/laser_sigma_hit] by /amcl
[rosmaster.master][INFO] 2020-10-19 22:05:48,268: +PARAM [/amcl/laser_lambda_short] by /amcl
[rosmaster.master][INFO] 2020-10-19 22:05:48,268: +PARAM [/amcl/laser_likelihood_max_dist] by /amcl
[rosmaster.master][INFO] 2020-10-19 22:05:48,269: +PARAM [/amcl/laser_model_type] by /amcl
[rosmaster.master][INFO] 2020-10-19 22:05:48,269: +PARAM [/amcl/odom_model_type] by /amcl
[rosmaster.master][INFO] 2020-10-19 22:05:48,270: +PARAM [/amcl/odom_alpha1] by /amcl
[rosmaster.master][INFO] 2020-10-19 22:05:48,270: +PARAM [/amcl/odom_alpha2] by /amcl
[rosmaster.master][INFO] 2020-10-19 22:05:48,271: +PARAM [/amcl/odom_alpha3] by /amcl
[rosmaster.master][INFO] 2020-10-19 22:05:48,271: +PARAM [/amcl/odom_alpha4] by /amcl
[rosmaster.master][INFO] 2020-10-19 22:05:48,272: +PARAM [/amcl/odom_alpha5] by /amcl
[rosmaster.master][INFO] 2020-10-19 22:05:48,272: +PARAM [/amcl/odom_frame_id] by /amcl
[rosmaster.master][INFO] 2020-10-19 22:05:48,273: +PARAM [/amcl/base_frame_id] by /amcl
[rosmaster.master][INFO] 2020-10-19 22:05:48,273: +PARAM [/amcl/global_frame_id] by /amcl
[rosmaster.master][INFO] 2020-10-19 22:05:48,273: +PARAM [/amcl/restore_defaults] by /amcl
[rosmaster.master][INFO] 2020-10-19 22:05:48,274: +PARAM [/amcl/min_particles] by /amcl
[rosmaster.master][INFO] 2020-10-19 22:05:48,274: +PARAM [/amcl/max_particles] by /amcl
[rosmaster.master][INFO] 2020-10-19 22:05:48,275: +PARAM [/amcl/kld_err] by /amcl
[rosmaster.master][INFO] 2020-10-19 22:05:48,275: +PARAM [/amcl/kld_z] by /amcl
[rosmaster.master][INFO] 2020-10-19 22:05:48,276: +PARAM [/amcl/update_min_d] by /amcl
[rosmaster.master][INFO] 2020-10-19 22:05:48,276: +PARAM [/amcl/update_min_a] by /amcl
[rosmaster.master][INFO] 2020-10-19 22:05:48,276: +PARAM [/amcl/resample_interval] by /amcl
[rosmaster.master][INFO] 2020-10-19 22:05:48,277: +PARAM [/amcl/transform_tolerance] by /amcl
[rosmaster.master][INFO] 2020-10-19 22:05:48,277: +PARAM [/amcl/recovery_alpha_slow] by /amcl
[rosmaster.master][INFO] 2020-10-19 22:05:48,278: +PARAM [/amcl/recovery_alpha_fast] by /amcl
[rosmaster.master][INFO] 2020-10-19 22:05:48,278: +PARAM [/amcl/do_beamskip] by /amcl
[rosmaster.master][INFO] 2020-10-19 22:05:48,279: +PARAM [/amcl/beam_skip_distance] by /amcl
[rosmaster.master][INFO] 2020-10-19 22:05:48,279: +PARAM [/amcl/beam_skip_threshold] by /amcl
[rosmaster.master][INFO] 2020-10-19 22:05:48,279: +PARAM [/amcl/tf_broadcast] by /amcl
[rosmaster.master][INFO] 2020-10-19 22:05:48,280: +PARAM [/amcl/gui_publish_rate] by /amcl
[rosmaster.master][INFO] 2020-10-19 22:05:48,280: +PARAM [/amcl/save_pose_rate] by /amcl
[rosmaster.master][INFO] 2020-10-19 22:05:48,281: +PARAM [/amcl/use_map_topic] by /amcl
[rosmaster.master][INFO] 2020-10-19 22:05:48,281: +PARAM [/amcl/first_map_only] by /amcl
[rosmaster.master][INFO] 2020-10-19 22:05:48,281: +PARAM [/amcl/laser_min_range] by /amcl
[rosmaster.master][INFO] 2020-10-19 22:05:48,282: +PARAM [/amcl/laser_max_range] by /amcl
[rosmaster.master][INFO] 2020-10-19 22:05:48,282: +PARAM [/amcl/laser_max_beams] by /amcl
[rosmaster.master][INFO] 2020-10-19 22:05:48,283: +PARAM [/amcl/laser_z_hit] by /amcl
[rosmaster.master][INFO] 2020-10-19 22:05:48,283: +PARAM [/amcl/laser_z_short] by /amcl
[rosmaster.master][INFO] 2020-10-19 22:05:48,283: +PARAM [/amcl/laser_z_max] by /amcl
[rosmaster.master][INFO] 2020-10-19 22:05:48,284: +PARAM [/amcl/laser_z_rand] by /amcl
[rosmaster.master][INFO] 2020-10-19 22:05:48,284: +PARAM [/amcl/laser_sigma_hit] by /amcl
[rosmaster.master][INFO] 2020-10-19 22:05:48,285: +PARAM [/amcl/laser_lambda_short] by /amcl
[rosmaster.master][INFO] 2020-10-19 22:05:48,285: +PARAM [/amcl/laser_likelihood_max_dist] by /amcl
[rosmaster.master][INFO] 2020-10-19 22:05:48,285: +PARAM [/amcl/laser_model_type] by /amcl
[rosmaster.master][INFO] 2020-10-19 22:05:48,286: +PARAM [/amcl/odom_model_type] by /amcl
[rosmaster.master][INFO] 2020-10-19 22:05:48,286: +PARAM [/amcl/odom_alpha1] by /amcl
[rosmaster.master][INFO] 2020-10-19 22:05:48,286: +PARAM [/amcl/odom_alpha2] by /amcl
[rosmaster.master][INFO] 2020-10-19 22:05:48,287: +PARAM [/amcl/odom_alpha3] by /amcl
[rosmaster.master][INFO] 2020-10-19 22:05:48,287: +PARAM [/amcl/odom_alpha4] by /amcl
[rosmaster.master][INFO] 2020-10-19 22:05:48,288: +PARAM [/amcl/odom_alpha5] by /amcl
[rosmaster.master][INFO] 2020-10-19 22:05:48,288: +PARAM [/amcl/odom_frame_id] by /amcl
[rosmaster.master][INFO] 2020-10-19 22:05:48,289: +PARAM [/amcl/base_frame_id] by /amcl
[rosmaster.master][INFO] 2020-10-19 22:05:48,289: +PARAM [/amcl/global_frame_id] by /amcl
[rosmaster.master][INFO] 2020-10-19 22:05:48,290: +PARAM [/amcl/restore_defaults] by /amcl
[rosmaster.master][INFO] 2020-10-19 22:05:48,700: +PUB [/rosout] /tilt_head_node http://freight1207:36991/
[rosmaster.master][INFO] 2020-10-19 22:05:48,702: +SERVICE [/tilt_head_node/get_loggers] /tilt_head_node http://freight1207:36991/
[rosmaster.master][INFO] 2020-10-19 22:05:48,703: +SERVICE [/tilt_head_node/set_logger_level] /tilt_head_node http://freight1207:36991/
[rosmaster.master][INFO] 2020-10-19 22:05:48,705: +SUB [/tf] /tilt_head_node http://freight1207:36991/
[rosmaster.master][INFO] 2020-10-19 22:05:48,706: +SUB [/tf_static] /tilt_head_node http://freight1207:36991/
[rosmaster.master][INFO] 2020-10-19 22:05:48,707: +PUB [/head_controller/point_head/goal] /tilt_head_node http://freight1207:36991/
[rosmaster.master][INFO] 2020-10-19 22:05:48,708: +PUB [/head_controller/point_head/cancel] /tilt_head_node http://freight1207:36991/
[rosmaster.master][INFO] 2020-10-19 22:05:48,710: +SUB [/head_controller/point_head/status] /tilt_head_node http://freight1207:36991/
[rosmaster.master][INFO] 2020-10-19 22:05:48,711: +SUB [/head_controller/point_head/result] /tilt_head_node http://freight1207:36991/
[rosmaster.master][INFO] 2020-10-19 22:05:48,713: +SUB [/head_controller/point_head/feedback] /tilt_head_node http://freight1207:36991/
[rosmaster.master][INFO] 2020-10-19 22:05:48,789: publisherUpdate[/rosout] -> http://freight1207:54953/
[rosmaster.master][INFO] 2020-10-19 22:06:07,328: -SUB [/tf_static] /tilt_head_node http://freight1207:36991/
[rosmaster.master][INFO] 2020-10-19 22:06:07,329: +PARAM [/amcl/initial_pose_x] by /amcl
[rosmaster.master][INFO] 2020-10-19 22:06:07,329: -SUB [/head_controller/point_head/feedback] /tilt_head_node http://freight1207:36991/
[rosmaster.master][INFO] 2020-10-19 22:06:07,329: -SUB [/head_controller/point_head/result] /tilt_head_node http://freight1207:36991/
[rosmaster.master][INFO] 2020-10-19 22:06:07,329: -SUB [/tf] /tilt_head_node http://freight1207:36991/
[rosmaster.master][INFO] 2020-10-19 22:06:07,329: -SUB [/head_controller/point_head/status] /tilt_head_node http://freight1207:36991/
[rosmaster.master][INFO] 2020-10-19 22:06:07,329: -PUB [/head_controller/point_head/goal] /tilt_head_node http://freight1207:36991/
[rosmaster.master][INFO] 2020-10-19 22:06:07,329: +PARAM [/amcl/initial_pose_y] by /amcl
[rosmaster.master][INFO] 2020-10-19 22:06:07,330: -PUB [/head_controller/point_head/cancel] /tilt_head_node http://freight1207:36991/
[rosmaster.master][INFO] 2020-10-19 22:06:07,330: -PUB [/rosout] /tilt_head_node http://freight1207:36991/
[rosmaster.master][INFO] 2020-10-19 22:06:07,330: -SERVICE [/tilt_head_node/set_logger_level] /tilt_head_node rosrpc://freight1207:43490
[rosmaster.master][INFO] 2020-10-19 22:06:07,330: -SERVICE [/tilt_head_node/get_loggers] /tilt_head_node rosrpc://freight1207:43490
[rosmaster.master][INFO] 2020-10-19 22:06:07,330: +PARAM [/amcl/initial_pose_a] by /amcl
[rosmaster.master][INFO] 2020-10-19 22:06:07,331: +PARAM [/amcl/initial_cov_xx] by /amcl
[rosmaster.master][INFO] 2020-10-19 22:06:07,331: +PARAM [/amcl/initial_cov_yy] by /amcl
[rosmaster.master][INFO] 2020-10-19 22:06:07,332: +PARAM [/amcl/initial_cov_aa] by /amcl
[rosmaster.master][INFO] 2020-10-19 22:06:07,412: publisherUpdate[/rosout] -> http://freight1207:54953/
[rosmaster.master][INFO] 2020-10-19 22:06:07,415: -PUB [/rosout] /move_base http://freight1207:45531/
[rosmaster.master][INFO] 2020-10-19 22:06:07,415: -PUB [/cmd_vel] /move_base http://freight1207:45531/
[rosmaster.master][INFO] 2020-10-19 22:06:07,416: -PUB [/move_base/current_goal] /move_base http://freight1207:45531/
[rosmaster.master][INFO] 2020-10-19 22:06:07,416: -PUB [/move_base/goal] /move_base http://freight1207:45531/
[rosmaster.master][INFO] 2020-10-19 22:06:07,417: -SUB [/tf] /move_base http://freight1207:45531/
[rosmaster.master][INFO] 2020-10-19 22:06:07,417: -SUB [/tf_static] /move_base http://freight1207:45531/
[rosmaster.master][INFO] 2020-10-19 22:06:07,418: -SUB [/move_base_simple/goal] /move_base http://freight1207:45531/
[rosmaster.master][INFO] 2020-10-19 22:06:07,418: -SERVICE [/move_base/get_loggers] /move_base rosrpc://freight1207:56675
[rosmaster.master][INFO] 2020-10-19 22:06:07,419: -SERVICE [/move_base/set_logger_level] /move_base rosrpc://freight1207:56675
[rosmaster.master][INFO] 2020-10-19 22:06:07,439: -PUB [/rosout] /amcl http://freight1207:57156/
[rosmaster.master][INFO] 2020-10-19 22:06:07,440: -PUB [/tf] /amcl http://freight1207:57156/
[rosmaster.master][INFO] 2020-10-19 22:06:07,440: -PUB [/amcl_pose] /amcl http://freight1207:57156/
[rosmaster.master][INFO] 2020-10-19 22:06:07,441: -PUB [/particlecloud] /amcl http://freight1207:57156/
[rosmaster.master][INFO] 2020-10-19 22:06:07,441: -PUB [/amcl/parameter_descriptions] /amcl http://freight1207:57156/
[rosmaster.master][INFO] 2020-10-19 22:06:07,441: -PUB [/amcl/parameter_updates] /amcl http://freight1207:57156/
[rosmaster.master][INFO] 2020-10-19 22:06:07,442: -SUB [/tf] /amcl http://freight1207:57156/
[rosmaster.master][INFO] 2020-10-19 22:06:07,443: -SUB [/tf_static] /amcl http://freight1207:57156/
[rosmaster.master][INFO] 2020-10-19 22:06:07,443: -SUB [/base_scan] /amcl http://freight1207:57156/
[rosmaster.master][INFO] 2020-10-19 22:06:07,443: -SUB [/initialpose] /amcl http://freight1207:57156/
[rosmaster.master][INFO] 2020-10-19 22:06:07,444: -SERVICE [/amcl/get_loggers] /amcl rosrpc://freight1207:37629
[rosmaster.master][INFO] 2020-10-19 22:06:07,444: -SERVICE [/amcl/set_logger_level] /amcl rosrpc://freight1207:37629
[rosmaster.master][INFO] 2020-10-19 22:06:07,445: -SERVICE [/global_localization] /amcl rosrpc://freight1207:37629
[rosmaster.master][INFO] 2020-10-19 22:06:07,445: -SERVICE [/request_nomotion_update] /amcl rosrpc://freight1207:37629
[rosmaster.master][INFO] 2020-10-19 22:06:07,446: -SERVICE [/set_map] /amcl rosrpc://freight1207:37629
[rosmaster.master][INFO] 2020-10-19 22:06:07,446: -SERVICE [/amcl/set_parameters] /amcl rosrpc://freight1207:37629
[rosmaster.master][INFO] 2020-10-19 22:06:07,451: +PARAM [/move_base/global_costmap/static_map/enabled] by /move_base
[rosmaster.master][INFO] 2020-10-19 22:06:07,451: +PARAM [/move_base/global_costmap/static_map/enabled] by /move_base
[rosmaster.master][INFO] 2020-10-19 22:06:07,512: -PUB [/rosout] /map_server http://freight1207:53160/
[rosmaster.master][INFO] 2020-10-19 22:06:07,512: publisherUpdate[/rosout] -> http://freight1207:54953/
[rosmaster.master][INFO] 2020-10-19 22:06:07,513: publisherUpdate[/rosout] -> http://freight1207:54953/
[rosmaster.master][INFO] 2020-10-19 22:06:07,513: publisherUpdate[/tf] -> http://freight1207:57156/
[rosmaster.master][INFO] 2020-10-19 22:06:07,513: -PUB [/map_metadata] /map_server http://freight1207:53160/
[rosmaster.master][INFO] 2020-10-19 22:06:07,514: publisherUpdate[/rosout] -> http://freight1207:54953/
[rosmaster.master][INFO] 2020-10-19 22:06:07,515: -PUB [/map] /map_server http://freight1207:53160/
[rosmaster.master][INFO] 2020-10-19 22:06:07,515: -SERVICE [/map_server/get_loggers] /map_server rosrpc://freight1207:54835
[rosmaster.threadpool][ERROR] 2020-10-19 22:06:07,516: Traceback (most recent call last):
  File "/opt/ros/indigo/lib/python2.7/dist-packages/rosmaster/threadpool.py", line 218, in run
    result = cmd(*args)
  File "/opt/ros/indigo/lib/python2.7/dist-packages/rosmaster/master_api.py", line 208, in publisher_update_task
    xmlrpcapi(api).publisherUpdate('/master', topic, pub_uris)
  File "/usr/lib/python2.7/xmlrpclib.py", line 1233, in __call__
    return self.__send(self.__name, args)
  File "/usr/lib/python2.7/xmlrpclib.py", line 1587, in __request
    verbose=self.__verbose
  File "/usr/lib/python2.7/xmlrpclib.py", line 1273, in request
    return self.single_request(host, handler, request_body, verbose)
  File "/usr/lib/python2.7/xmlrpclib.py", line 1306, in single_request
    return self.parse_response(response)
  File "/usr/lib/python2.7/xmlrpclib.py", line 1482, in parse_response
    return u.close()
  File "/usr/lib/python2.7/xmlrpclib.py", line 794, in close
    raise Fault(**self._stack[0])
Fault: <Fault -1: 'publisherUpdate: unknown method name'>

[rosmaster.master][INFO] 2020-10-19 22:06:07,516: -SERVICE [/map_server/set_logger_level] /map_server rosrpc://freight1207:54835
[rosmaster.master][INFO] 2020-10-19 22:06:07,516: -SERVICE [/static_map] /map_server rosrpc://freight1207:54835
[rosmaster.master][INFO] 2020-10-19 22:06:07,559: +PARAM [/move_base/global_costmap/obstacles/enabled] by /move_base
[rosmaster.master][INFO] 2020-10-19 22:06:07,560: +PARAM [/move_base/global_costmap/obstacles/footprint_clearing_enabled] by /move_base
[rosmaster.master][INFO] 2020-10-19 22:06:07,560: +PARAM [/move_base/global_costmap/obstacles/max_obstacle_height] by /move_base
[rosmaster.master][INFO] 2020-10-19 22:06:07,561: +PARAM [/move_base/global_costmap/obstacles/origin_z] by /move_base
[rosmaster.master][INFO] 2020-10-19 22:06:07,561: +PARAM [/move_base/global_costmap/obstacles/z_resolution] by /move_base
[rosmaster.master][INFO] 2020-10-19 22:06:07,562: +PARAM [/move_base/global_costmap/obstacles/z_voxels] by /move_base
[rosmaster.master][INFO] 2020-10-19 22:06:07,562: +PARAM [/move_base/global_costmap/obstacles/unknown_threshold] by /move_base
[rosmaster.master][INFO] 2020-10-19 22:06:07,563: +PARAM [/move_base/global_costmap/obstacles/mark_threshold] by /move_base
[rosmaster.master][INFO] 2020-10-19 22:06:07,563: +PARAM [/move_base/global_costmap/obstacles/combination_method] by /move_base
[rosmaster.master][INFO] 2020-10-19 22:06:07,564: +PARAM [/move_base/global_costmap/obstacles/enabled] by /move_base
[rosmaster.master][INFO] 2020-10-19 22:06:07,564: +PARAM [/move_base/global_costmap/obstacles/footprint_clearing_enabled] by /move_base
[rosmaster.master][INFO] 2020-10-19 22:06:07,564: +PARAM [/move_base/global_costmap/obstacles/max_obstacle_height] by /move_base
[rosmaster.master][INFO] 2020-10-19 22:06:07,565: +PARAM [/move_base/global_costmap/obstacles/origin_z] by /move_base
[rosmaster.master][INFO] 2020-10-19 22:06:07,565: +PARAM [/move_base/global_costmap/obstacles/z_resolution] by /move_base
[rosmaster.master][INFO] 2020-10-19 22:06:07,566: +PARAM [/move_base/global_costmap/obstacles/z_voxels] by /move_base
[rosmaster.master][INFO] 2020-10-19 22:06:07,566: +PARAM [/move_base/global_costmap/obstacles/unknown_threshold] by /move_base
[rosmaster.master][INFO] 2020-10-19 22:06:07,566: +PARAM [/move_base/global_costmap/obstacles/mark_threshold] by /move_base
[rosmaster.master][INFO] 2020-10-19 22:06:07,567: +PARAM [/move_base/global_costmap/obstacles/combination_method] by /move_base
[rosmaster.master][INFO] 2020-10-19 22:06:07,577: +PARAM [/move_base/global_costmap/inflater/enabled] by /move_base
[rosmaster.master][INFO] 2020-10-19 22:06:07,577: +PARAM [/move_base/global_costmap/inflater/cost_scaling_factor] by /move_base
[rosmaster.master][INFO] 2020-10-19 22:06:07,577: +PARAM [/move_base/global_costmap/inflater/inflation_radius] by /move_base
[rosmaster.master][INFO] 2020-10-19 22:06:07,578: +PARAM [/move_base/global_costmap/inflater/enabled] by /move_base
[rosmaster.master][INFO] 2020-10-19 22:06:07,578: +PARAM [/move_base/global_costmap/inflater/cost_scaling_factor] by /move_base
[rosmaster.master][INFO] 2020-10-19 22:06:07,579: +PARAM [/move_base/global_costmap/inflater/inflation_radius] by /move_base
[rosmaster.master][INFO] 2020-10-19 22:06:07,582: +PARAM [/move_base/global_costmap/robot_radius] by /move_base
[rosmaster.master][INFO] 2020-10-19 22:06:07,587: +PARAM [/move_base/global_costmap/transform_tolerance] by /move_base
[rosmaster.master][INFO] 2020-10-19 22:06:07,587: +PARAM [/move_base/global_costmap/update_frequency] by /move_base
[rosmaster.master][INFO] 2020-10-19 22:06:07,587: +PARAM [/move_base/global_costmap/publish_frequency] by /move_base
[rosmaster.master][INFO] 2020-10-19 22:06:07,588: +PARAM [/move_base/global_costmap/width] by /move_base
[rosmaster.master][INFO] 2020-10-19 22:06:07,588: +PARAM [/move_base/global_costmap/height] by /move_base
[rosmaster.master][INFO] 2020-10-19 22:06:07,589: +PARAM [/move_base/global_costmap/resolution] by /move_base
[rosmaster.master][INFO] 2020-10-19 22:06:07,589: +PARAM [/move_base/global_costmap/origin_x] by /move_base
[rosmaster.master][INFO] 2020-10-19 22:06:07,590: +PARAM [/move_base/global_costmap/origin_y] by /move_base
[rosmaster.master][INFO] 2020-10-19 22:06:07,590: +PARAM [/move_base/global_costmap/footprint] by /move_base
[rosmaster.master][INFO] 2020-10-19 22:06:07,591: +PARAM [/move_base/global_costmap/robot_radius] by /move_base
[rosmaster.master][INFO] 2020-10-19 22:06:07,591: +PARAM [/move_base/global_costmap/footprint_padding] by /move_base
[rosmaster.master][INFO] 2020-10-19 22:06:07,592: +PARAM [/move_base/global_costmap/transform_tolerance] by /move_base
[rosmaster.master][INFO] 2020-10-19 22:06:07,592: +PARAM [/move_base/global_costmap/update_frequency] by /move_base
[rosmaster.master][INFO] 2020-10-19 22:06:07,593: +PARAM [/move_base/global_costmap/publish_frequency] by /move_base
[rosmaster.master][INFO] 2020-10-19 22:06:07,593: +PARAM [/move_base/global_costmap/width] by /move_base
[rosmaster.master][INFO] 2020-10-19 22:06:07,593: +PARAM [/move_base/global_costmap/height] by /move_base
[rosmaster.master][INFO] 2020-10-19 22:06:07,594: +PARAM [/move_base/global_costmap/resolution] by /move_base
[rosmaster.master][INFO] 2020-10-19 22:06:07,594: +PARAM [/move_base/global_costmap/origin_x] by /move_base
[rosmaster.master][INFO] 2020-10-19 22:06:07,595: +PARAM [/move_base/global_costmap/origin_y] by /move_base
[rosmaster.master][INFO] 2020-10-19 22:06:07,595: +PARAM [/move_base/global_costmap/footprint] by /move_base
[rosmaster.master][INFO] 2020-10-19 22:06:07,596: +PARAM [/move_base/global_costmap/robot_radius] by /move_base
[rosmaster.master][INFO] 2020-10-19 22:06:07,596: +PARAM [/move_base/global_costmap/footprint_padding] by /move_base
[rosmaster.master][INFO] 2020-10-19 22:06:07,660: +PARAM [/move_base/local_costmap/obstacles/enabled] by /move_base
[rosmaster.master][INFO] 2020-10-19 22:06:07,661: +PARAM [/move_base/local_costmap/obstacles/footprint_clearing_enabled] by /move_base
[rosmaster.master][INFO] 2020-10-19 22:06:07,661: +PARAM [/move_base/local_costmap/obstacles/max_obstacle_height] by /move_base
[rosmaster.master][INFO] 2020-10-19 22:06:07,662: +PARAM [/move_base/local_costmap/obstacles/origin_z] by /move_base
[rosmaster.master][INFO] 2020-10-19 22:06:07,662: +PARAM [/move_base/local_costmap/obstacles/z_resolution] by /move_base
[rosmaster.master][INFO] 2020-10-19 22:06:07,663: +PARAM [/move_base/local_costmap/obstacles/z_voxels] by /move_base
[rosmaster.master][INFO] 2020-10-19 22:06:07,663: +PARAM [/move_base/local_costmap/obstacles/unknown_threshold] by /move_base
[rosmaster.master][INFO] 2020-10-19 22:06:07,664: +PARAM [/move_base/local_costmap/obstacles/mark_threshold] by /move_base
[rosmaster.master][INFO] 2020-10-19 22:06:07,664: +PARAM [/move_base/local_costmap/obstacles/combination_method] by /move_base
[rosmaster.master][INFO] 2020-10-19 22:06:07,665: +PARAM [/move_base/local_costmap/obstacles/enabled] by /move_base
[rosmaster.master][INFO] 2020-10-19 22:06:07,665: +PARAM [/move_base/local_costmap/obstacles/footprint_clearing_enabled] by /move_base
[rosmaster.master][INFO] 2020-10-19 22:06:07,665: +PARAM [/move_base/local_costmap/obstacles/max_obstacle_height] by /move_base
[rosmaster.master][INFO] 2020-10-19 22:06:07,666: +PARAM [/move_base/local_costmap/obstacles/origin_z] by /move_base
[rosmaster.master][INFO] 2020-10-19 22:06:07,666: +PARAM [/move_base/local_costmap/obstacles/z_resolution] by /move_base
[rosmaster.master][INFO] 2020-10-19 22:06:07,667: +PARAM [/move_base/local_costmap/obstacles/z_voxels] by /move_base
[rosmaster.master][INFO] 2020-10-19 22:06:07,667: +PARAM [/move_base/local_costmap/obstacles/unknown_threshold] by /move_base
[rosmaster.master][INFO] 2020-10-19 22:06:07,667: +PARAM [/move_base/local_costmap/obstacles/mark_threshold] by /move_base
[rosmaster.master][INFO] 2020-10-19 22:06:07,668: +PARAM [/move_base/local_costmap/obstacles/combination_method] by /move_base
[rosmaster.master][INFO] 2020-10-19 22:06:07,699: +PARAM [/move_base/local_costmap/inflater/enabled] by /move_base
[rosmaster.master][INFO] 2020-10-19 22:06:07,699: +PARAM [/move_base/local_costmap/inflater/cost_scaling_factor] by /move_base
[rosmaster.master][INFO] 2020-10-19 22:06:07,700: +PARAM [/move_base/local_costmap/inflater/inflation_radius] by /move_base
[rosmaster.master][INFO] 2020-10-19 22:06:07,700: +PARAM [/move_base/local_costmap/inflater/enabled] by /move_base
[rosmaster.master][INFO] 2020-10-19 22:06:07,700: +PARAM [/move_base/local_costmap/inflater/cost_scaling_factor] by /move_base
[rosmaster.master][INFO] 2020-10-19 22:06:07,701: +PARAM [/move_base/local_costmap/inflater/inflation_radius] by /move_base
[rosmaster.master][INFO] 2020-10-19 22:06:07,704: +PARAM [/move_base/local_costmap/robot_radius] by /move_base
[rosmaster.master][INFO] 2020-10-19 22:06:07,709: +PARAM [/move_base/local_costmap/transform_tolerance] by /move_base
[rosmaster.master][INFO] 2020-10-19 22:06:07,709: +PARAM [/move_base/local_costmap/update_frequency] by /move_base
[rosmaster.master][INFO] 2020-10-19 22:06:07,710: +PARAM [/move_base/local_costmap/publish_frequency] by /move_base
[rosmaster.master][INFO] 2020-10-19 22:06:07,710: +PARAM [/move_base/local_costmap/width] by /move_base
[rosmaster.master][INFO] 2020-10-19 22:06:07,711: +PARAM [/move_base/local_costmap/height] by /move_base
[rosmaster.master][INFO] 2020-10-19 22:06:07,711: +PARAM [/move_base/local_costmap/resolution] by /move_base
[rosmaster.master][INFO] 2020-10-19 22:06:07,712: +PARAM [/move_base/local_costmap/origin_x] by /move_base
[rosmaster.master][INFO] 2020-10-19 22:06:07,712: +PARAM [/move_base/local_costmap/origin_y] by /move_base
[rosmaster.master][INFO] 2020-10-19 22:06:07,713: +PARAM [/move_base/local_costmap/footprint] by /move_base
[rosmaster.master][INFO] 2020-10-19 22:06:07,713: +PARAM [/move_base/local_costmap/robot_radius] by /move_base
[rosmaster.master][INFO] 2020-10-19 22:06:07,714: +PARAM [/move_base/local_costmap/footprint_padding] by /move_base
[rosmaster.master][INFO] 2020-10-19 22:06:07,714: +PARAM [/move_base/local_costmap/transform_tolerance] by /move_base
[rosmaster.master][INFO] 2020-10-19 22:06:07,715: +PARAM [/move_base/local_costmap/update_frequency] by /move_base
[rosmaster.master][INFO] 2020-10-19 22:06:07,715: +PARAM [/move_base/local_costmap/publish_frequency] by /move_base
[rosmaster.master][INFO] 2020-10-19 22:06:07,716: +PARAM [/move_base/local_costmap/width] by /move_base
[rosmaster.master][INFO] 2020-10-19 22:06:07,716: +PARAM [/move_base/local_costmap/height] by /move_base
[rosmaster.master][INFO] 2020-10-19 22:06:07,717: +PARAM [/move_base/local_costmap/resolution] by /move_base
[rosmaster.master][INFO] 2020-10-19 22:06:07,717: +PARAM [/move_base/local_costmap/origin_x] by /move_base
[rosmaster.master][INFO] 2020-10-19 22:06:07,718: +PARAM [/move_base/local_costmap/origin_y] by /move_base
[rosmaster.master][INFO] 2020-10-19 22:06:07,718: +PARAM [/move_base/local_costmap/footprint] by /move_base
[rosmaster.master][INFO] 2020-10-19 22:06:07,718: +PARAM [/move_base/local_costmap/robot_radius] by /move_base
[rosmaster.master][INFO] 2020-10-19 22:06:07,719: +PARAM [/move_base/local_costmap/footprint_padding] by /move_base
[rosmaster.master][INFO] 2020-10-19 22:06:07,775: +PARAM [/move_base/TrajectoryPlannerROS/acc_lim_x] by /move_base
[rosmaster.master][INFO] 2020-10-19 22:06:07,776: +PARAM [/move_base/TrajectoryPlannerROS/acc_lim_y] by /move_base
[rosmaster.master][INFO] 2020-10-19 22:06:07,776: +PARAM [/move_base/TrajectoryPlannerROS/acc_lim_theta] by /move_base
[rosmaster.master][INFO] 2020-10-19 22:06:07,777: +PARAM [/move_base/TrajectoryPlannerROS/max_vel_x] by /move_base
[rosmaster.master][INFO] 2020-10-19 22:06:07,777: +PARAM [/move_base/TrajectoryPlannerROS/min_vel_x] by /move_base
[rosmaster.master][INFO] 2020-10-19 22:06:07,778: +PARAM [/move_base/TrajectoryPlannerROS/max_vel_theta] by /move_base
[rosmaster.master][INFO] 2020-10-19 22:06:07,778: +PARAM [/move_base/TrajectoryPlannerROS/min_vel_theta] by /move_base
[rosmaster.master][INFO] 2020-10-19 22:06:07,778: +PARAM [/move_base/TrajectoryPlannerROS/min_in_place_vel_theta] by /move_base
[rosmaster.master][INFO] 2020-10-19 22:06:07,779: +PARAM [/move_base/TrajectoryPlannerROS/sim_time] by /move_base
[rosmaster.master][INFO] 2020-10-19 22:06:07,779: +PARAM [/move_base/TrajectoryPlannerROS/sim_granularity] by /move_base
[rosmaster.master][INFO] 2020-10-19 22:06:07,780: +PARAM [/move_base/TrajectoryPlannerROS/angular_sim_granularity] by /move_base
[rosmaster.master][INFO] 2020-10-19 22:06:07,780: +PARAM [/move_base/TrajectoryPlannerROS/pdist_scale] by /move_base
[rosmaster.master][INFO] 2020-10-19 22:06:07,781: +PARAM [/move_base/TrajectoryPlannerROS/gdist_scale] by /move_base
[rosmaster.master][INFO] 2020-10-19 22:06:07,781: +PARAM [/move_base/TrajectoryPlannerROS/occdist_scale] by /move_base
[rosmaster.master][INFO] 2020-10-19 22:06:07,781: +PARAM [/move_base/TrajectoryPlannerROS/oscillation_reset_dist] by /move_base
[rosmaster.master][INFO] 2020-10-19 22:06:07,782: +PARAM [/move_base/TrajectoryPlannerROS/escape_reset_dist] by /move_base
[rosmaster.master][INFO] 2020-10-19 22:06:07,782: +PARAM [/move_base/TrajectoryPlannerROS/escape_reset_theta] by /move_base
[rosmaster.master][INFO] 2020-10-19 22:06:07,783: +PARAM [/move_base/TrajectoryPlannerROS/vx_samples] by /move_base
[rosmaster.master][INFO] 2020-10-19 22:06:07,783: +PARAM [/move_base/TrajectoryPlannerROS/vtheta_samples] by /move_base
[rosmaster.master][INFO] 2020-10-19 22:06:07,783: +PARAM [/move_base/TrajectoryPlannerROS/heading_lookahead] by /move_base
[rosmaster.master][INFO] 2020-10-19 22:06:07,784: +PARAM [/move_base/TrajectoryPlannerROS/holonomic_robot] by /move_base
[rosmaster.master][INFO] 2020-10-19 22:06:07,784: +PARAM [/move_base/TrajectoryPlannerROS/escape_vel] by /move_base
[rosmaster.master][INFO] 2020-10-19 22:06:07,785: +PARAM [/move_base/TrajectoryPlannerROS/dwa] by /move_base
[rosmaster.master][INFO] 2020-10-19 22:06:07,785: +PARAM [/move_base/TrajectoryPlannerROS/heading_scoring] by /move_base
[rosmaster.master][INFO] 2020-10-19 22:06:07,785: +PARAM [/move_base/TrajectoryPlannerROS/heading_scoring_timestep] by /move_base
[rosmaster.master][INFO] 2020-10-19 22:06:07,786: +PARAM [/move_base/TrajectoryPlannerROS/simple_attractor] by /move_base
[rosmaster.master][INFO] 2020-10-19 22:06:07,786: +PARAM [/move_base/TrajectoryPlannerROS/y_vels] by /move_base
[rosmaster.master][INFO] 2020-10-19 22:06:07,786: +PARAM [/move_base/TrajectoryPlannerROS/restore_defaults] by /move_base
[rosmaster.master][INFO] 2020-10-19 22:06:07,787: +PARAM [/move_base/TrajectoryPlannerROS/acc_lim_x] by /move_base
[rosmaster.master][INFO] 2020-10-19 22:06:07,787: +PARAM [/move_base/TrajectoryPlannerROS/acc_lim_y] by /move_base
[rosmaster.master][INFO] 2020-10-19 22:06:07,788: +PARAM [/move_base/TrajectoryPlannerROS/acc_lim_theta] by /move_base
[rosmaster.master][INFO] 2020-10-19 22:06:07,788: +PARAM [/move_base/TrajectoryPlannerROS/max_vel_x] by /move_base
[rosmaster.master][INFO] 2020-10-19 22:06:07,789: +PARAM [/move_base/TrajectoryPlannerROS/min_vel_x] by /move_base
[rosmaster.master][INFO] 2020-10-19 22:06:07,789: +PARAM [/move_base/TrajectoryPlannerROS/max_vel_theta] by /move_base
[rosmaster.master][INFO] 2020-10-19 22:06:07,790: +PARAM [/move_base/TrajectoryPlannerROS/min_vel_theta] by /move_base
[rosmaster.master][INFO] 2020-10-19 22:06:07,790: +PARAM [/move_base/TrajectoryPlannerROS/min_in_place_vel_theta] by /move_base
[rosmaster.master][INFO] 2020-10-19 22:06:07,790: +PARAM [/move_base/TrajectoryPlannerROS/sim_time] by /move_base
[rosmaster.master][INFO] 2020-10-19 22:06:07,791: +PARAM [/move_base/TrajectoryPlannerROS/sim_granularity] by /move_base
[rosmaster.master][INFO] 2020-10-19 22:06:07,791: +PARAM [/move_base/TrajectoryPlannerROS/angular_sim_granularity] by /move_base
[rosmaster.master][INFO] 2020-10-19 22:06:07,792: +PARAM [/move_base/TrajectoryPlannerROS/pdist_scale] by /move_base
[rosmaster.master][INFO] 2020-10-19 22:06:07,792: +PARAM [/move_base/TrajectoryPlannerROS/gdist_scale] by /move_base
[rosmaster.master][INFO] 2020-10-19 22:06:07,793: +PARAM [/move_base/TrajectoryPlannerROS/occdist_scale] by /move_base
[rosmaster.master][INFO] 2020-10-19 22:06:07,793: +PARAM [/move_base/TrajectoryPlannerROS/oscillation_reset_dist] by /move_base
[rosmaster.master][INFO] 2020-10-19 22:06:07,794: +PARAM [/move_base/TrajectoryPlannerROS/escape_reset_dist] by /move_base
[rosmaster.master][INFO] 2020-10-19 22:06:07,794: +PARAM [/move_base/TrajectoryPlannerROS/escape_reset_theta] by /move_base
[rosmaster.master][INFO] 2020-10-19 22:06:07,795: +PARAM [/move_base/TrajectoryPlannerROS/vx_samples] by /move_base
[rosmaster.master][INFO] 2020-10-19 22:06:07,795: +PARAM [/move_base/TrajectoryPlannerROS/vtheta_samples] by /move_base
[rosmaster.master][INFO] 2020-10-19 22:06:07,796: +PARAM [/move_base/TrajectoryPlannerROS/heading_lookahead] by /move_base
[rosmaster.master][INFO] 2020-10-19 22:06:07,796: +PARAM [/move_base/TrajectoryPlannerROS/holonomic_robot] by /move_base
[rosmaster.master][INFO] 2020-10-19 22:06:07,796: +PARAM [/move_base/TrajectoryPlannerROS/escape_vel] by /move_base
[rosmaster.master][INFO] 2020-10-19 22:06:07,797: +PARAM [/move_base/TrajectoryPlannerROS/dwa] by /move_base
[rosmaster.master][INFO] 2020-10-19 22:06:07,797: +PARAM [/move_base/TrajectoryPlannerROS/heading_scoring] by /move_base
[rosmaster.master][INFO] 2020-10-19 22:06:07,798: +PARAM [/move_base/TrajectoryPlannerROS/heading_scoring_timestep] by /move_base
[rosmaster.master][INFO] 2020-10-19 22:06:07,798: +PARAM [/move_base/TrajectoryPlannerROS/simple_attractor] by /move_base
[rosmaster.master][INFO] 2020-10-19 22:06:07,798: +PARAM [/move_base/TrajectoryPlannerROS/y_vels] by /move_base
[rosmaster.master][INFO] 2020-10-19 22:06:07,799: +PARAM [/move_base/TrajectoryPlannerROS/restore_defaults] by /move_base
[rosmaster.master][INFO] 2020-10-19 22:06:07,854: +PARAM [/move_base/base_global_planner] by /move_base
[rosmaster.master][INFO] 2020-10-19 22:06:07,855: +PARAM [/move_base/base_local_planner] by /move_base
[rosmaster.master][INFO] 2020-10-19 22:06:07,855: +PARAM [/move_base/planner_frequency] by /move_base
[rosmaster.master][INFO] 2020-10-19 22:06:07,856: +PARAM [/move_base/controller_frequency] by /move_base
[rosmaster.master][INFO] 2020-10-19 22:06:07,856: +PARAM [/move_base/planner_patience] by /move_base
[rosmaster.master][INFO] 2020-10-19 22:06:07,856: +PARAM [/move_base/controller_patience] by /move_base
[rosmaster.master][INFO] 2020-10-19 22:06:07,857: +PARAM [/move_base/max_planning_retries] by /move_base
[rosmaster.master][INFO] 2020-10-19 22:06:07,857: +PARAM [/move_base/conservative_reset_dist] by /move_base
[rosmaster.master][INFO] 2020-10-19 22:06:07,858: +PARAM [/move_base/recovery_behavior_enabled] by /move_base
[rosmaster.master][INFO] 2020-10-19 22:06:07,858: +PARAM [/move_base/clearing_rotation_allowed] by /move_base
[rosmaster.master][INFO] 2020-10-19 22:06:07,859: +PARAM [/move_base/shutdown_costmaps] by /move_base
[rosmaster.master][INFO] 2020-10-19 22:06:07,859: +PARAM [/move_base/oscillation_timeout] by /move_base
[rosmaster.master][INFO] 2020-10-19 22:06:07,859: +PARAM [/move_base/oscillation_distance] by /move_base
[rosmaster.master][INFO] 2020-10-19 22:06:07,860: +PARAM [/move_base/restore_defaults] by /move_base
[rosmaster.master][INFO] 2020-10-19 22:06:07,860: +PARAM [/move_base/base_global_planner] by /move_base
[rosmaster.master][INFO] 2020-10-19 22:06:07,861: +PARAM [/move_base/base_local_planner] by /move_base
[rosmaster.master][INFO] 2020-10-19 22:06:07,861: +PARAM [/move_base/planner_frequency] by /move_base
[rosmaster.master][INFO] 2020-10-19 22:06:07,862: +PARAM [/move_base/controller_frequency] by /move_base
[rosmaster.master][INFO] 2020-10-19 22:06:07,862: +PARAM [/move_base/planner_patience] by /move_base
[rosmaster.master][INFO] 2020-10-19 22:06:07,862: +PARAM [/move_base/controller_patience] by /move_base
[rosmaster.master][INFO] 2020-10-19 22:06:07,863: +PARAM [/move_base/max_planning_retries] by /move_base
[rosmaster.master][INFO] 2020-10-19 22:06:07,863: +PARAM [/move_base/conservative_reset_dist] by /move_base
[rosmaster.master][INFO] 2020-10-19 22:06:07,864: +PARAM [/move_base/recovery_behavior_enabled] by /move_base
[rosmaster.master][INFO] 2020-10-19 22:06:07,864: +PARAM [/move_base/clearing_rotation_allowed] by /move_base
[rosmaster.master][INFO] 2020-10-19 22:06:07,865: +PARAM [/move_base/shutdown_costmaps] by /move_base
[rosmaster.master][INFO] 2020-10-19 22:06:07,865: +PARAM [/move_base/oscillation_timeout] by /move_base
[rosmaster.master][INFO] 2020-10-19 22:06:07,865: +PARAM [/move_base/oscillation_distance] by /move_base
[rosmaster.master][INFO] 2020-10-19 22:06:07,866: +PARAM [/move_base/restore_defaults] by /move_base
[rosmaster.master][INFO] 2020-10-19 22:06:08,216: -PUB [/rosout_agg] /rosout http://freight1207:54953/
[rosmaster.master][INFO] 2020-10-19 22:06:08,217: -SUB [/rosout] /rosout http://freight1207:54953/
[rosmaster.master][INFO] 2020-10-19 22:06:08,217: -SERVICE [/rosout/get_loggers] /rosout rosrpc://freight1207:50062
[rosmaster.master][INFO] 2020-10-19 22:06:08,218: -SERVICE [/rosout/set_logger_level] /rosout rosrpc://freight1207:50062
[rosmaster.main][INFO] 2020-10-19 22:06:08,229: keyboard interrupt, will exit
[rosmaster.main][INFO] 2020-10-19 22:06:08,230: stopping master...
[rospy.core][INFO] 2020-10-19 22:06:08,230: signal_shutdown [atexit]
