[roslaunch][INFO] 2020-10-19 22:05:47,684: Checking log directory for disk usage. This may take awhile.
Press Ctrl-C to interrupt
[roslaunch][INFO] 2020-10-19 22:05:47,687: Done checking log file disk usage. Usage is <1GB.
[roslaunch][INFO] 2020-10-19 22:05:47,687: roslaunch starting with args ['/opt/ros/indigo/bin/roslaunch', 'fetch_navigation', 'fetch_nav.launch']
[roslaunch][INFO] 2020-10-19 22:05:47,687: roslaunch env is {'ROS_DISTRO': 'indigo', 'LESSOPEN': '| /usr/bin/lesspipe %s', 'SSH_CLIENT': '192.168.30.25 50287 22', 'CPATH': '/home/fetch/catkin_ws/devel/include:/opt/ros/indigo/include', 'LOGNAME': 'fetch', 'USER': 'fetch', 'HOME': '/home/fetch', 'PATH': '/opt/ros/indigo/bin:/usr/local/sbin:/usr/local/bin:/usr/sbin:/usr/bin:/sbin:/bin:/usr/games:/usr/local/games', 'CMAKE_PREFIX_PATH': '/home/fetch/catkin_ws/devel:/opt/ros/indigo', 'LD_LIBRARY_PATH': '/home/fetch/catkin_ws/devel/lib:/opt/ros/indigo/lib:/opt/ros/indigo/lib/x86_64-linux-gnu', 'LANG': 'en_US.UTF-8', 'TERM': 'xterm-256color', 'SHELL': '/bin/bash', 'SHLVL': '1', 'QT_QPA_PLATFORMTHEME': 'appmenu-qt5', 'ROS_LOG_FILENAME': '/home/fetch/.ros/log/ea5f6e0c-1291-11eb-9d86-000babe55698/roslaunch-freight1207-8421.log', 'ROS_ETC_DIR': '/opt/ros/indigo/etc/ros', 'XDG_RUNTIME_DIR': '/run/user/1000', 'PYTHONPATH': '/home/fetch/catkin_ws/devel/lib/python2.7/dist-packages:/opt/ros/indigo/lib/python2.7/dist-packages', 'ROS_ROOT': '/opt/ros/indigo/share/ros', 'PKG_CONFIG_PATH': '/home/fetch/catkin_ws/devel/lib/pkgconfig:/opt/ros/indigo/lib/pkgconfig:/opt/ros/indigo/lib/x86_64-linux-gnu/pkgconfig', 'ROS_PACKAGE_PATH': '/home/fetch/catkin_ws/src:/opt/ros/indigo/share:/opt/ros/indigo/stacks', 'XDG_SESSION_ID': '2', '_': '/opt/ros/indigo/bin/roslaunch', 'SSH_CONNECTION': '192.168.30.25 50287 192.168.30.100 22', 'LESSCLOSE': '/usr/bin/lesspipe %s %s', 'SSH_TTY': '/dev/pts/6', 'OLDPWD': '/opt/ros/indigo/share/fetch_navigation/launch/include', 'PWD': '/opt/ros/indigo/share/fetch_navigation/launch', 'ROS_MASTER_URI': 'http://localhost:11311', 'MAIL': '/var/mail/fetch', 'LS_COLORS': 'rs=0:di=01;34:ln=01;36:mh=00:pi=40;33:so=01;35:do=01;35:bd=40;33;01:cd=40;33;01:or=40;31;01:su=37;41:sg=30;43:ca=30;41:tw=30;42:ow=34;42:st=37;44:ex=01;32:*.tar=01;31:*.tgz=01;31:*.arj=01;31:*.taz=01;31:*.lzh=01;31:*.lzma=01;31:*.tlz=01;31:*.txz=01;31:*.zip=01;31:*.z=01;31:*.Z=01;31:*.dz=01;31:*.gz=01;31:*.lz=01;31:*.xz=01;31:*.bz2=01;31:*.bz=01;31:*.tbz=01;31:*.tbz2=01;31:*.tz=01;31:*.deb=01;31:*.rpm=01;31:*.jar=01;31:*.war=01;31:*.ear=01;31:*.sar=01;31:*.rar=01;31:*.ace=01;31:*.zoo=01;31:*.cpio=01;31:*.7z=01;31:*.rz=01;31:*.jpg=01;35:*.jpeg=01;35:*.gif=01;35:*.bmp=01;35:*.pbm=01;35:*.pgm=01;35:*.ppm=01;35:*.tga=01;35:*.xbm=01;35:*.xpm=01;35:*.tif=01;35:*.tiff=01;35:*.png=01;35:*.svg=01;35:*.svgz=01;35:*.mng=01;35:*.pcx=01;35:*.mov=01;35:*.mpg=01;35:*.mpeg=01;35:*.m2v=01;35:*.mkv=01;35:*.webm=01;35:*.ogm=01;35:*.mp4=01;35:*.m4v=01;35:*.mp4v=01;35:*.vob=01;35:*.qt=01;35:*.nuv=01;35:*.wmv=01;35:*.asf=01;35:*.rm=01;35:*.rmvb=01;35:*.flc=01;35:*.avi=01;35:*.fli=01;35:*.flv=01;35:*.gl=01;35:*.dl=01;35:*.xcf=01;35:*.xwd=01;35:*.yuv=01;35:*.cgm=01;35:*.emf=01;35:*.axv=01;35:*.anx=01;35:*.ogv=01;35:*.ogx=01;35:*.aac=00;36:*.au=00;36:*.flac=00;36:*.mid=00;36:*.midi=00;36:*.mka=00;36:*.mp3=00;36:*.mpc=00;36:*.ogg=00;36:*.ra=00;36:*.wav=00;36:*.axa=00;36:*.oga=00;36:*.spx=00;36:*.xspf=00;36:'}
[roslaunch][INFO] 2020-10-19 22:05:47,687: starting in server mode
[roslaunch.parent][INFO] 2020-10-19 22:05:47,687: starting roslaunch parent run
[roslaunch][INFO] 2020-10-19 22:05:47,687: loading roscore config file /opt/ros/indigo/etc/ros/roscore.xml
[roslaunch][INFO] 2020-10-19 22:05:47,746: Added core node of type [rosout/rosout] in namespace [/]
[roslaunch.config][INFO] 2020-10-19 22:05:47,746: loading config file /opt/ros/indigo/share/fetch_navigation/launch/fetch_nav.launch
[roslaunch][INFO] 2020-10-19 22:05:47,765: Added node of type [map_server/map_server] in namespace [/]
[roslaunch][INFO] 2020-10-19 22:05:47,770: Added node of type [amcl/amcl] in namespace [/]
[roslaunch][INFO] 2020-10-19 22:05:47,790: Added node of type [move_base/move_base] in namespace [/]
[roslaunch][INFO] 2020-10-19 22:05:47,791: Added node of type [fetch_navigation/tilt_head.py] in namespace [/]
[roslaunch][INFO] 2020-10-19 22:05:47,791: ... selected machine [] for node of type [map_server/map_server]
[roslaunch][INFO] 2020-10-19 22:05:47,791: ... selected machine [] for node of type [amcl/amcl]
[roslaunch][INFO] 2020-10-19 22:05:47,791: ... selected machine [] for node of type [move_base/move_base]
[roslaunch][INFO] 2020-10-19 22:05:47,791: ... selected machine [] for node of type [fetch_navigation/tilt_head.py]
[roslaunch.pmon][INFO] 2020-10-19 22:05:47,791: start_process_monitor: creating ProcessMonitor
[roslaunch.pmon][INFO] 2020-10-19 22:05:47,792: created process monitor <ProcessMonitor(ProcessMonitor-1, initial daemon)>
[roslaunch.pmon][INFO] 2020-10-19 22:05:47,792: start_process_monitor: ProcessMonitor started
[roslaunch.parent][INFO] 2020-10-19 22:05:47,792: starting parent XML-RPC server
[roslaunch.server][INFO] 2020-10-19 22:05:47,792: starting roslaunch XML-RPC server
[roslaunch.server][INFO] 2020-10-19 22:05:47,792: waiting for roslaunch XML-RPC server to initialize
[xmlrpc][INFO] 2020-10-19 22:05:47,792: XML-RPC server binding to 0.0.0.0:0
[xmlrpc][INFO] 2020-10-19 22:05:47,792: Started XML-RPC server [http://freight1207:39500/]
[xmlrpc][INFO] 2020-10-19 22:05:47,792: xml rpc node: starting XML-RPC server
[roslaunch][INFO] 2020-10-19 22:05:47,803: started roslaunch server http://freight1207:39500/
[roslaunch.parent][INFO] 2020-10-19 22:05:47,803: ... parent XML-RPC server started
[roslaunch][INFO] 2020-10-19 22:05:47,804: master.is_running[http://localhost:11311]
[roslaunch][INFO] 2020-10-19 22:05:47,804: auto-starting new master
[roslaunch][INFO] 2020-10-19 22:05:47,805: create_master_process: rosmaster, /opt/ros/indigo/share/ros, 11311, 3, None
[roslaunch][INFO] 2020-10-19 22:05:47,805: process[master]: launching with args [['rosmaster', '--core', '-p', '11311', '-w', '3']]
[roslaunch.pmon][INFO] 2020-10-19 22:05:47,805: ProcessMonitor.register[master]
[roslaunch.pmon][INFO] 2020-10-19 22:05:47,805: ProcessMonitor.register[master] complete
[roslaunch][INFO] 2020-10-19 22:05:47,805: process[master]: starting os process
[roslaunch][INFO] 2020-10-19 22:05:47,805: process[master]: start w/ args [['rosmaster', '--core', '-p', '11311', '-w', '3', '__log:=/home/fetch/.ros/log/ea5f6e0c-1291-11eb-9d86-000babe55698/master.log']]
[roslaunch][INFO] 2020-10-19 22:05:47,805: process[master]: cwd will be [/home/fetch/.ros]
[roslaunch][INFO] 2020-10-19 22:05:47,807: process[master]: started with pid [8433]
[roslaunch][INFO] 2020-10-19 22:05:47,807: master.is_running[http://localhost:11311]
[roslaunch][INFO] 2020-10-19 22:05:47,907: master.is_running[http://localhost:11311]
[roslaunch][INFO] 2020-10-19 22:05:47,909: master.is_running[http://localhost:11311]
[roslaunch][INFO] 2020-10-19 22:05:47,909: ROS_MASTER_URI=http://localhost:11311
[roslaunch][INFO] 2020-10-19 22:05:47,910: setting /run_id to ea5f6e0c-1291-11eb-9d86-000babe55698
[roslaunch][INFO] 2020-10-19 22:05:47,911: setting /roslaunch/uris/host_freight1207__39500' to http://freight1207:39500/
[roslaunch][INFO] 2020-10-19 22:05:47,912: ... preparing to launch node of type [rosout/rosout]
[roslaunch][INFO] 2020-10-19 22:05:47,912: create_node_process: package[rosout] type[rosout] machine[Machine(name[] env_loader[None] address[localhost] ssh_port[22] user[None] assignable[True] timeout[10.0])] master_uri[http://localhost:11311]
[roslaunch][INFO] 2020-10-19 22:05:47,912: process[rosout-1]: env[{'ROS_DISTRO': 'indigo', 'LESSOPEN': '| /usr/bin/lesspipe %s', 'SSH_CLIENT': '192.168.30.25 50287 22', 'CPATH': '/home/fetch/catkin_ws/devel/include:/opt/ros/indigo/include', 'LOGNAME': 'fetch', 'USER': 'fetch', 'HOME': '/home/fetch', 'PATH': '/opt/ros/indigo/bin:/usr/local/sbin:/usr/local/bin:/usr/sbin:/usr/bin:/sbin:/bin:/usr/games:/usr/local/games', 'CMAKE_PREFIX_PATH': '/home/fetch/catkin_ws/devel:/opt/ros/indigo', 'ROS_LOG_FILENAME': '/home/fetch/.ros/log/ea5f6e0c-1291-11eb-9d86-000babe55698/roslaunch-freight1207-8421.log', 'LANG': 'en_US.UTF-8', 'TERM': 'xterm-256color', 'SHELL': '/bin/bash', 'SHLVL': '1', 'QT_QPA_PLATFORMTHEME': 'appmenu-qt5', 'LD_LIBRARY_PATH': '/home/fetch/catkin_ws/devel/lib:/opt/ros/indigo/lib:/opt/ros/indigo/lib/x86_64-linux-gnu', 'ROS_MASTER_URI': 'http://localhost:11311', 'XDG_RUNTIME_DIR': '/run/user/1000', 'PYTHONPATH': '/home/fetch/catkin_ws/devel/lib/python2.7/dist-packages:/opt/ros/indigo/lib/python2.7/dist-packages', 'ROS_ROOT': '/opt/ros/indigo/share/ros', 'PKG_CONFIG_PATH': '/home/fetch/catkin_ws/devel/lib/pkgconfig:/opt/ros/indigo/lib/pkgconfig:/opt/ros/indigo/lib/x86_64-linux-gnu/pkgconfig', 'ROS_PACKAGE_PATH': '/home/fetch/catkin_ws/src:/opt/ros/indigo/share:/opt/ros/indigo/stacks', 'XDG_SESSION_ID': '2', '_': '/opt/ros/indigo/bin/roslaunch', 'LS_COLORS': 'rs=0:di=01;34:ln=01;36:mh=00:pi=40;33:so=01;35:do=01;35:bd=40;33;01:cd=40;33;01:or=40;31;01:su=37;41:sg=30;43:ca=30;41:tw=30;42:ow=34;42:st=37;44:ex=01;32:*.tar=01;31:*.tgz=01;31:*.arj=01;31:*.taz=01;31:*.lzh=01;31:*.lzma=01;31:*.tlz=01;31:*.txz=01;31:*.zip=01;31:*.z=01;31:*.Z=01;31:*.dz=01;31:*.gz=01;31:*.lz=01;31:*.xz=01;31:*.bz2=01;31:*.bz=01;31:*.tbz=01;31:*.tbz2=01;31:*.tz=01;31:*.deb=01;31:*.rpm=01;31:*.jar=01;31:*.war=01;31:*.ear=01;31:*.sar=01;31:*.rar=01;31:*.ace=01;31:*.zoo=01;31:*.cpio=01;31:*.7z=01;31:*.rz=01;31:*.jpg=01;35:*.jpeg=01;35:*.gif=01;35:*.bmp=01;35:*.pbm=01;35:*.pgm=01;35:*.ppm=01;35:*.tga=01;35:*.xbm=01;35:*.xpm=01;35:*.tif=01;35:*.tiff=01;35:*.png=01;35:*.svg=01;35:*.svgz=01;35:*.mng=01;35:*.pcx=01;35:*.mov=01;35:*.mpg=01;35:*.mpeg=01;35:*.m2v=01;35:*.mkv=01;35:*.webm=01;35:*.ogm=01;35:*.mp4=01;35:*.m4v=01;35:*.mp4v=01;35:*.vob=01;35:*.qt=01;35:*.nuv=01;35:*.wmv=01;35:*.asf=01;35:*.rm=01;35:*.rmvb=01;35:*.flc=01;35:*.avi=01;35:*.fli=01;35:*.flv=01;35:*.gl=01;35:*.dl=01;35:*.xcf=01;35:*.xwd=01;35:*.yuv=01;35:*.cgm=01;35:*.emf=01;35:*.axv=01;35:*.anx=01;35:*.ogv=01;35:*.ogx=01;35:*.aac=00;36:*.au=00;36:*.flac=00;36:*.mid=00;36:*.midi=00;36:*.mka=00;36:*.mp3=00;36:*.mpc=00;36:*.ogg=00;36:*.ra=00;36:*.wav=00;36:*.axa=00;36:*.oga=00;36:*.spx=00;36:*.xspf=00;36:', 'LESSCLOSE': '/usr/bin/lesspipe %s %s', 'SSH_TTY': '/dev/pts/6', 'OLDPWD': '/opt/ros/indigo/share/fetch_navigation/launch/include', 'PWD': '/opt/ros/indigo/share/fetch_navigation/launch', 'ROS_ETC_DIR': '/opt/ros/indigo/etc/ros', 'MAIL': '/var/mail/fetch', 'SSH_CONNECTION': '192.168.30.25 50287 192.168.30.100 22'}]
[roslaunch][INFO] 2020-10-19 22:05:47,930: process[rosout-1]: args[[u'/opt/ros/indigo/lib/rosout/rosout', u'__name:=rosout']]
[roslaunch][INFO] 2020-10-19 22:05:47,930: ... created process [rosout-1]
[roslaunch.pmon][INFO] 2020-10-19 22:05:47,930: ProcessMonitor.register[rosout-1]
[roslaunch.pmon][INFO] 2020-10-19 22:05:47,930: ProcessMonitor.register[rosout-1] complete
[roslaunch][INFO] 2020-10-19 22:05:47,931: ... registered process [rosout-1]
[roslaunch][INFO] 2020-10-19 22:05:47,931: process[rosout-1]: starting os process
[roslaunch][INFO] 2020-10-19 22:05:47,931: process[rosout-1]: start w/ args [[u'/opt/ros/indigo/lib/rosout/rosout', u'__name:=rosout', u'__log:=/home/fetch/.ros/log/ea5f6e0c-1291-11eb-9d86-000babe55698/rosout-1.log']]
[roslaunch][INFO] 2020-10-19 22:05:47,931: process[rosout-1]: cwd will be [/home/fetch/.ros]
[roslaunch][INFO] 2020-10-19 22:05:47,933: process[rosout-1]: started with pid [8446]
[roslaunch][INFO] 2020-10-19 22:05:47,933: ... successfully launched [rosout-1]
[roslaunch][INFO] 2020-10-19 22:05:47,933: load_parameters starting ...
[roslaunch][INFO] 2020-10-19 22:05:47,959: ... load_parameters complete
[roslaunch][INFO] 2020-10-19 22:05:47,959: launch_nodes: launching local nodes ...
[roslaunch][INFO] 2020-10-19 22:05:47,959: ... preparing to launch node of type [map_server/map_server]
[roslaunch][INFO] 2020-10-19 22:05:47,959: create_node_process: package[map_server] type[map_server] machine[Machine(name[] env_loader[None] address[localhost] ssh_port[22] user[None] assignable[True] timeout[10.0])] master_uri[http://localhost:11311]
[roslaunch][INFO] 2020-10-19 22:05:47,959: process[map_server-2]: env[{'ROS_DISTRO': 'indigo', 'LESSOPEN': '| /usr/bin/lesspipe %s', 'SSH_CLIENT': '192.168.30.25 50287 22', 'CPATH': '/home/fetch/catkin_ws/devel/include:/opt/ros/indigo/include', 'LOGNAME': 'fetch', 'USER': 'fetch', 'HOME': '/home/fetch', 'PATH': '/opt/ros/indigo/bin:/usr/local/sbin:/usr/local/bin:/usr/sbin:/usr/bin:/sbin:/bin:/usr/games:/usr/local/games', 'CMAKE_PREFIX_PATH': '/home/fetch/catkin_ws/devel:/opt/ros/indigo', 'ROS_LOG_FILENAME': '/home/fetch/.ros/log/ea5f6e0c-1291-11eb-9d86-000babe55698/roslaunch-freight1207-8421.log', 'LANG': 'en_US.UTF-8', 'TERM': 'xterm-256color', 'SHELL': '/bin/bash', 'SHLVL': '1', 'QT_QPA_PLATFORMTHEME': 'appmenu-qt5', 'LD_LIBRARY_PATH': '/home/fetch/catkin_ws/devel/lib:/opt/ros/indigo/lib:/opt/ros/indigo/lib/x86_64-linux-gnu', 'ROS_MASTER_URI': 'http://localhost:11311', 'XDG_RUNTIME_DIR': '/run/user/1000', 'PYTHONPATH': '/home/fetch/catkin_ws/devel/lib/python2.7/dist-packages:/opt/ros/indigo/lib/python2.7/dist-packages', 'ROS_ROOT': '/opt/ros/indigo/share/ros', 'PKG_CONFIG_PATH': '/home/fetch/catkin_ws/devel/lib/pkgconfig:/opt/ros/indigo/lib/pkgconfig:/opt/ros/indigo/lib/x86_64-linux-gnu/pkgconfig', 'ROS_PACKAGE_PATH': '/home/fetch/catkin_ws/src:/opt/ros/indigo/share:/opt/ros/indigo/stacks', 'XDG_SESSION_ID': '2', '_': '/opt/ros/indigo/bin/roslaunch', 'LS_COLORS': 'rs=0:di=01;34:ln=01;36:mh=00:pi=40;33:so=01;35:do=01;35:bd=40;33;01:cd=40;33;01:or=40;31;01:su=37;41:sg=30;43:ca=30;41:tw=30;42:ow=34;42:st=37;44:ex=01;32:*.tar=01;31:*.tgz=01;31:*.arj=01;31:*.taz=01;31:*.lzh=01;31:*.lzma=01;31:*.tlz=01;31:*.txz=01;31:*.zip=01;31:*.z=01;31:*.Z=01;31:*.dz=01;31:*.gz=01;31:*.lz=01;31:*.xz=01;31:*.bz2=01;31:*.bz=01;31:*.tbz=01;31:*.tbz2=01;31:*.tz=01;31:*.deb=01;31:*.rpm=01;31:*.jar=01;31:*.war=01;31:*.ear=01;31:*.sar=01;31:*.rar=01;31:*.ace=01;31:*.zoo=01;31:*.cpio=01;31:*.7z=01;31:*.rz=01;31:*.jpg=01;35:*.jpeg=01;35:*.gif=01;35:*.bmp=01;35:*.pbm=01;35:*.pgm=01;35:*.ppm=01;35:*.tga=01;35:*.xbm=01;35:*.xpm=01;35:*.tif=01;35:*.tiff=01;35:*.png=01;35:*.svg=01;35:*.svgz=01;35:*.mng=01;35:*.pcx=01;35:*.mov=01;35:*.mpg=01;35:*.mpeg=01;35:*.m2v=01;35:*.mkv=01;35:*.webm=01;35:*.ogm=01;35:*.mp4=01;35:*.m4v=01;35:*.mp4v=01;35:*.vob=01;35:*.qt=01;35:*.nuv=01;35:*.wmv=01;35:*.asf=01;35:*.rm=01;35:*.rmvb=01;35:*.flc=01;35:*.avi=01;35:*.fli=01;35:*.flv=01;35:*.gl=01;35:*.dl=01;35:*.xcf=01;35:*.xwd=01;35:*.yuv=01;35:*.cgm=01;35:*.emf=01;35:*.axv=01;35:*.anx=01;35:*.ogv=01;35:*.ogx=01;35:*.aac=00;36:*.au=00;36:*.flac=00;36:*.mid=00;36:*.midi=00;36:*.mka=00;36:*.mp3=00;36:*.mpc=00;36:*.ogg=00;36:*.ra=00;36:*.wav=00;36:*.axa=00;36:*.oga=00;36:*.spx=00;36:*.xspf=00;36:', 'LESSCLOSE': '/usr/bin/lesspipe %s %s', 'SSH_TTY': '/dev/pts/6', 'OLDPWD': '/opt/ros/indigo/share/fetch_navigation/launch/include', 'PWD': '/opt/ros/indigo/share/fetch_navigation/launch', 'ROS_ETC_DIR': '/opt/ros/indigo/etc/ros', 'MAIL': '/var/mail/fetch', 'SSH_CONNECTION': '192.168.30.25 50287 192.168.30.100 22'}]
[roslaunch][INFO] 2020-10-19 22:05:47,960: process[map_server-2]: args[[u'/opt/ros/indigo/lib/map_server/map_server', '/opt/ros/indigo/share/fetch_maps/maps/3_1_16_localization.yaml', u'__name:=map_server']]
[roslaunch][INFO] 2020-10-19 22:05:47,960: ... created process [map_server-2]
[roslaunch.pmon][INFO] 2020-10-19 22:05:47,960: ProcessMonitor.register[map_server-2]
[roslaunch.pmon][INFO] 2020-10-19 22:05:47,960: ProcessMonitor.register[map_server-2] complete
[roslaunch][INFO] 2020-10-19 22:05:47,960: ... registered process [map_server-2]
[roslaunch][INFO] 2020-10-19 22:05:47,960: process[map_server-2]: starting os process
[roslaunch][INFO] 2020-10-19 22:05:47,960: process[map_server-2]: start w/ args [[u'/opt/ros/indigo/lib/map_server/map_server', '/opt/ros/indigo/share/fetch_maps/maps/3_1_16_localization.yaml', u'__name:=map_server', u'__log:=/home/fetch/.ros/log/ea5f6e0c-1291-11eb-9d86-000babe55698/map_server-2.log']]
[roslaunch][INFO] 2020-10-19 22:05:47,960: process[map_server-2]: cwd will be [/home/fetch/.ros]
[roslaunch][INFO] 2020-10-19 22:05:47,962: process[map_server-2]: started with pid [8463]
[roslaunch][INFO] 2020-10-19 22:05:47,962: ... successfully launched [map_server-2]
[roslaunch][INFO] 2020-10-19 22:05:47,962: ... preparing to launch node of type [amcl/amcl]
[roslaunch][INFO] 2020-10-19 22:05:47,963: create_node_process: package[amcl] type[amcl] machine[Machine(name[] env_loader[None] address[localhost] ssh_port[22] user[None] assignable[True] timeout[10.0])] master_uri[http://localhost:11311]
[roslaunch][INFO] 2020-10-19 22:05:47,963: process[amcl-3]: env[{'ROS_DISTRO': 'indigo', 'LESSOPEN': '| /usr/bin/lesspipe %s', 'SSH_CLIENT': '192.168.30.25 50287 22', 'CPATH': '/home/fetch/catkin_ws/devel/include:/opt/ros/indigo/include', 'LOGNAME': 'fetch', 'USER': 'fetch', 'HOME': '/home/fetch', 'PATH': '/opt/ros/indigo/bin:/usr/local/sbin:/usr/local/bin:/usr/sbin:/usr/bin:/sbin:/bin:/usr/games:/usr/local/games', 'CMAKE_PREFIX_PATH': '/home/fetch/catkin_ws/devel:/opt/ros/indigo', 'ROS_LOG_FILENAME': '/home/fetch/.ros/log/ea5f6e0c-1291-11eb-9d86-000babe55698/roslaunch-freight1207-8421.log', 'LANG': 'en_US.UTF-8', 'TERM': 'xterm-256color', 'SHELL': '/bin/bash', 'SHLVL': '1', 'QT_QPA_PLATFORMTHEME': 'appmenu-qt5', 'LD_LIBRARY_PATH': '/home/fetch/catkin_ws/devel/lib:/opt/ros/indigo/lib:/opt/ros/indigo/lib/x86_64-linux-gnu', 'ROS_MASTER_URI': 'http://localhost:11311', 'XDG_RUNTIME_DIR': '/run/user/1000', 'PYTHONPATH': '/home/fetch/catkin_ws/devel/lib/python2.7/dist-packages:/opt/ros/indigo/lib/python2.7/dist-packages', 'ROS_ROOT': '/opt/ros/indigo/share/ros', 'PKG_CONFIG_PATH': '/home/fetch/catkin_ws/devel/lib/pkgconfig:/opt/ros/indigo/lib/pkgconfig:/opt/ros/indigo/lib/x86_64-linux-gnu/pkgconfig', 'ROS_PACKAGE_PATH': '/home/fetch/catkin_ws/src:/opt/ros/indigo/share:/opt/ros/indigo/stacks', 'XDG_SESSION_ID': '2', '_': '/opt/ros/indigo/bin/roslaunch', 'LS_COLORS': 'rs=0:di=01;34:ln=01;36:mh=00:pi=40;33:so=01;35:do=01;35:bd=40;33;01:cd=40;33;01:or=40;31;01:su=37;41:sg=30;43:ca=30;41:tw=30;42:ow=34;42:st=37;44:ex=01;32:*.tar=01;31:*.tgz=01;31:*.arj=01;31:*.taz=01;31:*.lzh=01;31:*.lzma=01;31:*.tlz=01;31:*.txz=01;31:*.zip=01;31:*.z=01;31:*.Z=01;31:*.dz=01;31:*.gz=01;31:*.lz=01;31:*.xz=01;31:*.bz2=01;31:*.bz=01;31:*.tbz=01;31:*.tbz2=01;31:*.tz=01;31:*.deb=01;31:*.rpm=01;31:*.jar=01;31:*.war=01;31:*.ear=01;31:*.sar=01;31:*.rar=01;31:*.ace=01;31:*.zoo=01;31:*.cpio=01;31:*.7z=01;31:*.rz=01;31:*.jpg=01;35:*.jpeg=01;35:*.gif=01;35:*.bmp=01;35:*.pbm=01;35:*.pgm=01;35:*.ppm=01;35:*.tga=01;35:*.xbm=01;35:*.xpm=01;35:*.tif=01;35:*.tiff=01;35:*.png=01;35:*.svg=01;35:*.svgz=01;35:*.mng=01;35:*.pcx=01;35:*.mov=01;35:*.mpg=01;35:*.mpeg=01;35:*.m2v=01;35:*.mkv=01;35:*.webm=01;35:*.ogm=01;35:*.mp4=01;35:*.m4v=01;35:*.mp4v=01;35:*.vob=01;35:*.qt=01;35:*.nuv=01;35:*.wmv=01;35:*.asf=01;35:*.rm=01;35:*.rmvb=01;35:*.flc=01;35:*.avi=01;35:*.fli=01;35:*.flv=01;35:*.gl=01;35:*.dl=01;35:*.xcf=01;35:*.xwd=01;35:*.yuv=01;35:*.cgm=01;35:*.emf=01;35:*.axv=01;35:*.anx=01;35:*.ogv=01;35:*.ogx=01;35:*.aac=00;36:*.au=00;36:*.flac=00;36:*.mid=00;36:*.midi=00;36:*.mka=00;36:*.mp3=00;36:*.mpc=00;36:*.ogg=00;36:*.ra=00;36:*.wav=00;36:*.axa=00;36:*.oga=00;36:*.spx=00;36:*.xspf=00;36:', 'LESSCLOSE': '/usr/bin/lesspipe %s %s', 'SSH_TTY': '/dev/pts/6', 'OLDPWD': '/opt/ros/indigo/share/fetch_navigation/launch/include', 'PWD': '/opt/ros/indigo/share/fetch_navigation/launch', 'ROS_ETC_DIR': '/opt/ros/indigo/etc/ros', 'MAIL': '/var/mail/fetch', 'SSH_CONNECTION': '192.168.30.25 50287 192.168.30.100 22'}]
[roslaunch][INFO] 2020-10-19 22:05:47,963: process[amcl-3]: args[[u'/opt/ros/indigo/lib/amcl/amcl', u'scan:=base_scan', u'map:=map', u'__name:=amcl']]
[roslaunch][INFO] 2020-10-19 22:05:47,963: ... created process [amcl-3]
[roslaunch.pmon][INFO] 2020-10-19 22:05:47,963: ProcessMonitor.register[amcl-3]
[roslaunch.pmon][INFO] 2020-10-19 22:05:47,963: ProcessMonitor.register[amcl-3] complete
[roslaunch][INFO] 2020-10-19 22:05:47,964: ... registered process [amcl-3]
[roslaunch][INFO] 2020-10-19 22:05:47,964: process[amcl-3]: starting os process
[roslaunch][INFO] 2020-10-19 22:05:47,964: process[amcl-3]: start w/ args [[u'/opt/ros/indigo/lib/amcl/amcl', u'scan:=base_scan', u'map:=map', u'__name:=amcl', u'__log:=/home/fetch/.ros/log/ea5f6e0c-1291-11eb-9d86-000babe55698/amcl-3.log']]
[roslaunch][INFO] 2020-10-19 22:05:47,964: process[amcl-3]: cwd will be [/home/fetch/.ros]
[roslaunch][INFO] 2020-10-19 22:05:47,966: process[amcl-3]: started with pid [8464]
[roslaunch][INFO] 2020-10-19 22:05:47,966: ... successfully launched [amcl-3]
[roslaunch][INFO] 2020-10-19 22:05:47,966: ... preparing to launch node of type [move_base/move_base]
[roslaunch][INFO] 2020-10-19 22:05:47,966: create_node_process: package[move_base] type[move_base] machine[Machine(name[] env_loader[None] address[localhost] ssh_port[22] user[None] assignable[True] timeout[10.0])] master_uri[http://localhost:11311]
[roslaunch][INFO] 2020-10-19 22:05:47,966: process[move_base-4]: env[{'ROS_DISTRO': 'indigo', 'LESSOPEN': '| /usr/bin/lesspipe %s', 'SSH_CLIENT': '192.168.30.25 50287 22', 'CPATH': '/home/fetch/catkin_ws/devel/include:/opt/ros/indigo/include', 'LOGNAME': 'fetch', 'USER': 'fetch', 'HOME': '/home/fetch', 'PATH': '/opt/ros/indigo/bin:/usr/local/sbin:/usr/local/bin:/usr/sbin:/usr/bin:/sbin:/bin:/usr/games:/usr/local/games', 'CMAKE_PREFIX_PATH': '/home/fetch/catkin_ws/devel:/opt/ros/indigo', 'ROS_LOG_FILENAME': '/home/fetch/.ros/log/ea5f6e0c-1291-11eb-9d86-000babe55698/roslaunch-freight1207-8421.log', 'LANG': 'en_US.UTF-8', 'TERM': 'xterm-256color', 'SHELL': '/bin/bash', 'SHLVL': '1', 'QT_QPA_PLATFORMTHEME': 'appmenu-qt5', 'LD_LIBRARY_PATH': '/home/fetch/catkin_ws/devel/lib:/opt/ros/indigo/lib:/opt/ros/indigo/lib/x86_64-linux-gnu', 'ROS_MASTER_URI': 'http://localhost:11311', 'XDG_RUNTIME_DIR': '/run/user/1000', 'PYTHONPATH': '/home/fetch/catkin_ws/devel/lib/python2.7/dist-packages:/opt/ros/indigo/lib/python2.7/dist-packages', 'ROS_ROOT': '/opt/ros/indigo/share/ros', 'PKG_CONFIG_PATH': '/home/fetch/catkin_ws/devel/lib/pkgconfig:/opt/ros/indigo/lib/pkgconfig:/opt/ros/indigo/lib/x86_64-linux-gnu/pkgconfig', 'ROS_PACKAGE_PATH': '/home/fetch/catkin_ws/src:/opt/ros/indigo/share:/opt/ros/indigo/stacks', 'XDG_SESSION_ID': '2', '_': '/opt/ros/indigo/bin/roslaunch', 'LS_COLORS': 'rs=0:di=01;34:ln=01;36:mh=00:pi=40;33:so=01;35:do=01;35:bd=40;33;01:cd=40;33;01:or=40;31;01:su=37;41:sg=30;43:ca=30;41:tw=30;42:ow=34;42:st=37;44:ex=01;32:*.tar=01;31:*.tgz=01;31:*.arj=01;31:*.taz=01;31:*.lzh=01;31:*.lzma=01;31:*.tlz=01;31:*.txz=01;31:*.zip=01;31:*.z=01;31:*.Z=01;31:*.dz=01;31:*.gz=01;31:*.lz=01;31:*.xz=01;31:*.bz2=01;31:*.bz=01;31:*.tbz=01;31:*.tbz2=01;31:*.tz=01;31:*.deb=01;31:*.rpm=01;31:*.jar=01;31:*.war=01;31:*.ear=01;31:*.sar=01;31:*.rar=01;31:*.ace=01;31:*.zoo=01;31:*.cpio=01;31:*.7z=01;31:*.rz=01;31:*.jpg=01;35:*.jpeg=01;35:*.gif=01;35:*.bmp=01;35:*.pbm=01;35:*.pgm=01;35:*.ppm=01;35:*.tga=01;35:*.xbm=01;35:*.xpm=01;35:*.tif=01;35:*.tiff=01;35:*.png=01;35:*.svg=01;35:*.svgz=01;35:*.mng=01;35:*.pcx=01;35:*.mov=01;35:*.mpg=01;35:*.mpeg=01;35:*.m2v=01;35:*.mkv=01;35:*.webm=01;35:*.ogm=01;35:*.mp4=01;35:*.m4v=01;35:*.mp4v=01;35:*.vob=01;35:*.qt=01;35:*.nuv=01;35:*.wmv=01;35:*.asf=01;35:*.rm=01;35:*.rmvb=01;35:*.flc=01;35:*.avi=01;35:*.fli=01;35:*.flv=01;35:*.gl=01;35:*.dl=01;35:*.xcf=01;35:*.xwd=01;35:*.yuv=01;35:*.cgm=01;35:*.emf=01;35:*.axv=01;35:*.anx=01;35:*.ogv=01;35:*.ogx=01;35:*.aac=00;36:*.au=00;36:*.flac=00;36:*.mid=00;36:*.midi=00;36:*.mka=00;36:*.mp3=00;36:*.mpc=00;36:*.ogg=00;36:*.ra=00;36:*.wav=00;36:*.axa=00;36:*.oga=00;36:*.spx=00;36:*.xspf=00;36:', 'LESSCLOSE': '/usr/bin/lesspipe %s %s', 'SSH_TTY': '/dev/pts/6', 'OLDPWD': '/opt/ros/indigo/share/fetch_navigation/launch/include', 'PWD': '/opt/ros/indigo/share/fetch_navigation/launch', 'ROS_ETC_DIR': '/opt/ros/indigo/etc/ros', 'MAIL': '/var/mail/fetch', 'SSH_CONNECTION': '192.168.30.25 50287 192.168.30.100 22'}]
[roslaunch][INFO] 2020-10-19 22:05:47,967: process[move_base-4]: args[[u'/opt/ros/indigo/lib/move_base/move_base', u'cmd_vel:=cmd_vel', u'odom:=odom', u'map:=map', u'__name:=move_base']]
[roslaunch][INFO] 2020-10-19 22:05:47,967: ... created process [move_base-4]
[roslaunch.pmon][INFO] 2020-10-19 22:05:47,967: ProcessMonitor.register[move_base-4]
[roslaunch.pmon][INFO] 2020-10-19 22:05:47,967: ProcessMonitor.register[move_base-4] complete
[roslaunch][INFO] 2020-10-19 22:05:47,967: ... registered process [move_base-4]
[roslaunch][INFO] 2020-10-19 22:05:47,967: process[move_base-4]: starting os process
[roslaunch][INFO] 2020-10-19 22:05:47,967: process[move_base-4]: start w/ args [[u'/opt/ros/indigo/lib/move_base/move_base', u'cmd_vel:=cmd_vel', u'odom:=odom', u'map:=map', u'__name:=move_base', u'__log:=/home/fetch/.ros/log/ea5f6e0c-1291-11eb-9d86-000babe55698/move_base-4.log']]
[roslaunch][INFO] 2020-10-19 22:05:47,967: process[move_base-4]: cwd will be [/home/fetch/.ros]
[roslaunch][INFO] 2020-10-19 22:05:47,969: process[move_base-4]: started with pid [8465]
[roslaunch][INFO] 2020-10-19 22:05:47,969: ... successfully launched [move_base-4]
[roslaunch][INFO] 2020-10-19 22:05:47,969: ... preparing to launch node of type [fetch_navigation/tilt_head.py]
[roslaunch][INFO] 2020-10-19 22:05:47,969: create_node_process: package[fetch_navigation] type[tilt_head.py] machine[Machine(name[] env_loader[None] address[localhost] ssh_port[22] user[None] assignable[True] timeout[10.0])] master_uri[http://localhost:11311]
[roslaunch][INFO] 2020-10-19 22:05:47,970: process[tilt_head_node-5]: env[{'ROS_DISTRO': 'indigo', 'LESSOPEN': '| /usr/bin/lesspipe %s', 'SSH_CLIENT': '192.168.30.25 50287 22', 'CPATH': '/home/fetch/catkin_ws/devel/include:/opt/ros/indigo/include', 'LOGNAME': 'fetch', 'USER': 'fetch', 'HOME': '/home/fetch', 'PATH': '/opt/ros/indigo/bin:/usr/local/sbin:/usr/local/bin:/usr/sbin:/usr/bin:/sbin:/bin:/usr/games:/usr/local/games', 'CMAKE_PREFIX_PATH': '/home/fetch/catkin_ws/devel:/opt/ros/indigo', 'ROS_LOG_FILENAME': '/home/fetch/.ros/log/ea5f6e0c-1291-11eb-9d86-000babe55698/roslaunch-freight1207-8421.log', 'LANG': 'en_US.UTF-8', 'TERM': 'xterm-256color', 'SHELL': '/bin/bash', 'SHLVL': '1', 'QT_QPA_PLATFORMTHEME': 'appmenu-qt5', 'LD_LIBRARY_PATH': '/home/fetch/catkin_ws/devel/lib:/opt/ros/indigo/lib:/opt/ros/indigo/lib/x86_64-linux-gnu', 'ROS_MASTER_URI': 'http://localhost:11311', 'XDG_RUNTIME_DIR': '/run/user/1000', 'PYTHONPATH': '/home/fetch/catkin_ws/devel/lib/python2.7/dist-packages:/opt/ros/indigo/lib/python2.7/dist-packages', 'ROS_ROOT': '/opt/ros/indigo/share/ros', 'PKG_CONFIG_PATH': '/home/fetch/catkin_ws/devel/lib/pkgconfig:/opt/ros/indigo/lib/pkgconfig:/opt/ros/indigo/lib/x86_64-linux-gnu/pkgconfig', 'ROS_PACKAGE_PATH': '/home/fetch/catkin_ws/src:/opt/ros/indigo/share:/opt/ros/indigo/stacks', 'XDG_SESSION_ID': '2', '_': '/opt/ros/indigo/bin/roslaunch', 'LS_COLORS': 'rs=0:di=01;34:ln=01;36:mh=00:pi=40;33:so=01;35:do=01;35:bd=40;33;01:cd=40;33;01:or=40;31;01:su=37;41:sg=30;43:ca=30;41:tw=30;42:ow=34;42:st=37;44:ex=01;32:*.tar=01;31:*.tgz=01;31:*.arj=01;31:*.taz=01;31:*.lzh=01;31:*.lzma=01;31:*.tlz=01;31:*.txz=01;31:*.zip=01;31:*.z=01;31:*.Z=01;31:*.dz=01;31:*.gz=01;31:*.lz=01;31:*.xz=01;31:*.bz2=01;31:*.bz=01;31:*.tbz=01;31:*.tbz2=01;31:*.tz=01;31:*.deb=01;31:*.rpm=01;31:*.jar=01;31:*.war=01;31:*.ear=01;31:*.sar=01;31:*.rar=01;31:*.ace=01;31:*.zoo=01;31:*.cpio=01;31:*.7z=01;31:*.rz=01;31:*.jpg=01;35:*.jpeg=01;35:*.gif=01;35:*.bmp=01;35:*.pbm=01;35:*.pgm=01;35:*.ppm=01;35:*.tga=01;35:*.xbm=01;35:*.xpm=01;35:*.tif=01;35:*.tiff=01;35:*.png=01;35:*.svg=01;35:*.svgz=01;35:*.mng=01;35:*.pcx=01;35:*.mov=01;35:*.mpg=01;35:*.mpeg=01;35:*.m2v=01;35:*.mkv=01;35:*.webm=01;35:*.ogm=01;35:*.mp4=01;35:*.m4v=01;35:*.mp4v=01;35:*.vob=01;35:*.qt=01;35:*.nuv=01;35:*.wmv=01;35:*.asf=01;35:*.rm=01;35:*.rmvb=01;35:*.flc=01;35:*.avi=01;35:*.fli=01;35:*.flv=01;35:*.gl=01;35:*.dl=01;35:*.xcf=01;35:*.xwd=01;35:*.yuv=01;35:*.cgm=01;35:*.emf=01;35:*.axv=01;35:*.anx=01;35:*.ogv=01;35:*.ogx=01;35:*.aac=00;36:*.au=00;36:*.flac=00;36:*.mid=00;36:*.midi=00;36:*.mka=00;36:*.mp3=00;36:*.mpc=00;36:*.ogg=00;36:*.ra=00;36:*.wav=00;36:*.axa=00;36:*.oga=00;36:*.spx=00;36:*.xspf=00;36:', 'LESSCLOSE': '/usr/bin/lesspipe %s %s', 'SSH_TTY': '/dev/pts/6', 'OLDPWD': '/opt/ros/indigo/share/fetch_navigation/launch/include', 'PWD': '/opt/ros/indigo/share/fetch_navigation/launch', 'ROS_ETC_DIR': '/opt/ros/indigo/etc/ros', 'MAIL': '/var/mail/fetch', 'SSH_CONNECTION': '192.168.30.25 50287 192.168.30.100 22'}]
[roslaunch][INFO] 2020-10-19 22:05:47,971: process[tilt_head_node-5]: args[[u'/opt/ros/indigo/lib/fetch_navigation/tilt_head.py', u'__name:=tilt_head_node']]
[roslaunch][INFO] 2020-10-19 22:05:47,971: ... created process [tilt_head_node-5]
[roslaunch.pmon][INFO] 2020-10-19 22:05:47,971: ProcessMonitor.register[tilt_head_node-5]
[roslaunch.pmon][INFO] 2020-10-19 22:05:47,971: ProcessMonitor.register[tilt_head_node-5] complete
[roslaunch][INFO] 2020-10-19 22:05:47,971: ... registered process [tilt_head_node-5]
[roslaunch][INFO] 2020-10-19 22:05:47,971: process[tilt_head_node-5]: starting os process
[roslaunch][INFO] 2020-10-19 22:05:47,971: process[tilt_head_node-5]: start w/ args [[u'/opt/ros/indigo/lib/fetch_navigation/tilt_head.py', u'__name:=tilt_head_node', u'__log:=/home/fetch/.ros/log/ea5f6e0c-1291-11eb-9d86-000babe55698/tilt_head_node-5.log']]
[roslaunch][INFO] 2020-10-19 22:05:47,971: process[tilt_head_node-5]: cwd will be [/home/fetch/.ros]
[roslaunch][INFO] 2020-10-19 22:05:47,973: process[tilt_head_node-5]: started with pid [8467]
[roslaunch][INFO] 2020-10-19 22:05:47,973: ... successfully launched [tilt_head_node-5]
[roslaunch][INFO] 2020-10-19 22:05:47,973: ... launch_nodes complete
[roslaunch.pmon][INFO] 2020-10-19 22:05:47,974: registrations completed <ProcessMonitor(ProcessMonitor-1, started daemon 139687449216768)>
[roslaunch.parent][INFO] 2020-10-19 22:05:47,974: ... roslaunch parent running, waiting for process exit
[roslaunch][INFO] 2020-10-19 22:05:47,974: spin
[roslaunch.pmon][INFO] 2020-10-19 22:06:07,306: ProcessMonitor.shutdown <ProcessMonitor(ProcessMonitor-1, started daemon 139687449216768)>
[roslaunch.pmon][INFO] 2020-10-19 22:06:07,325: ProcessMonitor._post_run <ProcessMonitor(ProcessMonitor-1, started daemon 139687449216768)>
[roslaunch.pmon][INFO] 2020-10-19 22:06:07,325: ProcessMonitor._post_run <ProcessMonitor(ProcessMonitor-1, started daemon 139687449216768)>: remaining procs are [<roslaunch.nodeprocess.LocalProcess object at 0x7f0b84f24490>, <roslaunch.nodeprocess.LocalProcess object at 0x7f0b84f24d90>, <roslaunch.nodeprocess.LocalProcess object at 0x7f0b84f22ad0>, <roslaunch.nodeprocess.LocalProcess object at 0x7f0b84ecf7d0>, <roslaunch.nodeprocess.LocalProcess object at 0x7f0b84ecf8d0>, <roslaunch.nodeprocess.LocalProcess object at 0x7f0b84ecf690>]
[roslaunch.pmon][INFO] 2020-10-19 22:06:07,325: ProcessMonitor exit: killing tilt_head_node-5
[roslaunch][INFO] 2020-10-19 22:06:07,326: [tilt_head_node-5] killing on exit
[roslaunch.pmon][INFO] 2020-10-19 22:06:07,326: ProcessMonitor exit: killing move_base-4
[roslaunch][INFO] 2020-10-19 22:06:07,326: [move_base-4] killing on exit
[roslaunch][INFO] 2020-10-19 22:06:07,326: process[tilt_head_node-5]: killing os process with pid[8467] pgid[8467]
[roslaunch.pmon][INFO] 2020-10-19 22:06:07,326: ProcessMonitor exit: killing amcl-3
[roslaunch][INFO] 2020-10-19 22:06:07,326: process[move_base-4]: killing os process with pid[8465] pgid[8465]
[roslaunch][INFO] 2020-10-19 22:06:07,326: [tilt_head_node-5] sending SIGINT to pgid [8467]
[roslaunch.pmon][INFO] 2020-10-19 22:06:07,326: ProcessMonitor exit: killing map_server-2
[roslaunch][INFO] 2020-10-19 22:06:07,327: [amcl-3] killing on exit
[roslaunch][INFO] 2020-10-19 22:06:07,327: [move_base-4] sending SIGINT to pgid [8465]
[roslaunch][INFO] 2020-10-19 22:06:07,327: [tilt_head_node-5] sent SIGINT to pgid [8467]
[roslaunch][INFO] 2020-10-19 22:06:07,327: [map_server-2] killing on exit
[roslaunch][INFO] 2020-10-19 22:06:07,327: process[map_server-2]: killing os process with pid[8463] pgid[8463]
[roslaunch][INFO] 2020-10-19 22:06:07,327: process[amcl-3]: killing os process with pid[8464] pgid[8464]
[roslaunch][INFO] 2020-10-19 22:06:07,327: [move_base-4] sent SIGINT to pgid [8465]
[roslaunch][INFO] 2020-10-19 22:06:07,328: [map_server-2] sending SIGINT to pgid [8463]
[roslaunch][INFO] 2020-10-19 22:06:07,328: [amcl-3] sending SIGINT to pgid [8464]
[roslaunch][INFO] 2020-10-19 22:06:07,328: [map_server-2] sent SIGINT to pgid [8463]
[roslaunch][INFO] 2020-10-19 22:06:07,328: [amcl-3] sent SIGINT to pgid [8464]
[roslaunch][INFO] 2020-10-19 22:06:07,528: process[map_server-2]: SIGINT killed with return value 0
[roslaunch][INFO] 2020-10-19 22:06:07,629: process[amcl-3]: SIGINT killed with return value 0
[roslaunch][INFO] 2020-10-19 22:06:07,928: process[move_base-4]: SIGINT killed with return value 0
[roslaunch][INFO] 2020-10-19 22:06:08,028: process[tilt_head_node-5]: SIGINT killed with return value 0
[roslaunch.pmon][INFO] 2020-10-19 22:06:08,028: ProcessMonitor exit: killing rosout-1
[roslaunch][INFO] 2020-10-19 22:06:08,029: [rosout-1] killing on exit
[roslaunch][INFO] 2020-10-19 22:06:08,029: process[rosout-1]: killing os process with pid[8446] pgid[8446]
[roslaunch][INFO] 2020-10-19 22:06:08,029: [rosout-1] sending SIGINT to pgid [8446]
[roslaunch][INFO] 2020-10-19 22:06:08,029: [rosout-1] sent SIGINT to pgid [8446]
[roslaunch][INFO] 2020-10-19 22:06:08,229: process[rosout-1]: SIGINT killed with return value 0
[roslaunch.pmon][INFO] 2020-10-19 22:06:08,229: ProcessMonitor exit: killing master
[roslaunch][INFO] 2020-10-19 22:06:08,229: [master] killing on exit
[roslaunch][INFO] 2020-10-19 22:06:08,229: process[master]: killing os process with pid[8433] pgid[8433]
[roslaunch][INFO] 2020-10-19 22:06:08,229: [master] sending SIGINT to pgid [8433]
[roslaunch][INFO] 2020-10-19 22:06:08,229: [master] sent SIGINT to pgid [8433]
[roslaunch][INFO] 2020-10-19 22:06:08,430: process[master]: SIGINT killed with return value 0
[roslaunch.pmon][INFO] 2020-10-19 22:06:08,430: ProcessMonitor exit: cleaning up data structures and signals
[roslaunch.pmon][INFO] 2020-10-19 22:06:08,430: ProcessMonitor exit: pmon has shutdown
[roslaunch][INFO] 2020-10-19 22:06:08,472: process monitor is done spinning, initiating full shutdown
[roslaunch][INFO] 2020-10-19 22:06:08,472: runner.stop()
[roslaunch][INFO] 2020-10-19 22:06:08,472: shutting down processing monitor...
[roslaunch][INFO] 2020-10-19 22:06:08,472: shutting down processing monitor <ProcessMonitor(ProcessMonitor-1, stopped daemon 139687449216768)>
[roslaunch.pmon][INFO] 2020-10-19 22:06:08,472: ProcessMonitor.shutdown <ProcessMonitor(ProcessMonitor-1, stopped daemon 139687449216768)>
[roslaunch][INFO] 2020-10-19 22:06:08,472: ... shutting down processing monitor complete
[roslaunch][INFO] 2020-10-19 22:06:08,472: done
[roslaunch.pmon][INFO] 2020-10-19 22:06:08,472: ProcessMonitor.shutdown <ProcessMonitor(ProcessMonitor-1, stopped daemon 139687449216768)>
[rospy.core][INFO] 2020-10-19 22:06:08,472: signal_shutdown [atexit]
