[rospy.client][INFO] 2020-11-03 19:10:45,047: init_node, name[/rostful_server], pid[3426]
[xmlrpc][INFO] 2020-11-03 19:10:45,047: XML-RPC server binding to 0.0.0.0:0
[xmlrpc][INFO] 2020-11-03 19:10:45,047: Started XML-RPC server [http://freight1207:60848/]
[rospy.init][INFO] 2020-11-03 19:10:45,047: ROS Slave URI: [http://freight1207:60848/]
[rospy.impl.masterslave][INFO] 2020-11-03 19:10:45,047: _ready: http://freight1207:60848/
[xmlrpc][INFO] 2020-11-03 19:10:45,048: xml rpc node: starting XML-RPC server
[rospy.registration][INFO] 2020-11-03 19:10:45,048: Registering with master node http://localhost:11311
[rospy.init][INFO] 2020-11-03 19:10:45,148: registered with master
[rospy.rosout][INFO] 2020-11-03 19:10:45,148: initializing /rosout core topic
[rospy.rosout][INFO] 2020-11-03 19:10:45,149: connected to core topic /rosout
[rospy.simtime][INFO] 2020-11-03 19:10:45,150: /use_sim_time is not set, will not subscribe to simulated time [/clock] topic
[rosout][WARNING] 2020-11-03 19:10:45,155: rostful_server: Delaying the start 1 seconds
[rospy.internal][INFO] 2020-11-03 19:10:45,409: topic[/rosout] adding connection to [/rosout], count 0
[rosout][INFO] 2020-11-03 19:10:46,188: rostful_server: Started server on port 8080
[rospy.internal][INFO] 2020-11-03 19:10:46,213: topic[/enable_software_runstop] adding connection to [http://freight1207:60848/], count 0
[rospy.internal][INFO] 2020-11-03 19:10:46,215: topic[/enable_software_runstop] adding connection to [/rostful_server], count 0
[rospy.internal][INFO] 2020-11-03 19:10:46,258: topic[/enable_software_runstop] adding connection to [/software_runstop], count 1
[rosout][INFO] 2020-11-03 19:12:01,040: rostful_server: Shutting down the server
[rospy.core][INFO] 2020-11-03 19:12:01,040: signal_shutdown [Closing]
[rospy.internal][INFO] 2020-11-03 19:12:01,042: topic[/enable_software_runstop] removing connection to /rostful_server
[rospy.internal][INFO] 2020-11-03 19:12:01,043: topic[/enable_software_runstop] removing connection to /software_runstop
[rospy.internal][INFO] 2020-11-03 19:12:01,043: topic[/rosout] removing connection to /rosout
[rospy.internal][INFO] 2020-11-03 19:12:01,043: topic[/enable_software_runstop] removing connection to http://freight1207:60848/
[rospy.impl.masterslave][INFO] 2020-11-03 19:12:01,043: Closing
[rospy.internal][ERROR] 2020-11-03 19:12:01,044: Unable to initiate TCP/IP socket to freight1207:34595 (http://freight1207:60848/): Traceback (most recent call last):
  File "/opt/ros/indigo/lib/python2.7/dist-packages/rospy/impl/tcpros_base.py", line 557, in connect
    self.read_header()
  File "/opt/ros/indigo/lib/python2.7/dist-packages/rospy/impl/tcpros_base.py", line 619, in read_header
    self._validate_header(read_ros_handshake_header(sock, self.read_buff, self.protocol.buff_size))
  File "/opt/ros/indigo/lib/python2.7/dist-packages/rospy/impl/tcpros_base.py", line 580, in _validate_header
    raise TransportInitError("remote error reported: %s"%header['error'])
TransportInitError: remote error reported: node shutting down

[rospy.core][INFO] 2020-11-03 19:12:01,147: signal_shutdown [atexit]
