[rospy.client][INFO] 2020-10-19 02:27:12,142: init_node, name[/rosapi], pid[14913]
[xmlrpc][INFO] 2020-10-19 02:27:12,142: XML-RPC server binding to 0.0.0.0:0
[xmlrpc][INFO] 2020-10-19 02:27:12,143: Started XML-RPC server [http://freight1207:38138/]
[rospy.init][INFO] 2020-10-19 02:27:12,143: ROS Slave URI: [http://freight1207:38138/]
[rospy.impl.masterslave][INFO] 2020-10-19 02:27:12,143: _ready: http://freight1207:38138/
[xmlrpc][INFO] 2020-10-19 02:27:12,143: xml rpc node: starting XML-RPC server
[rospy.registration][INFO] 2020-10-19 02:27:12,144: Registering with master node http://localhost:11311
[rospy.init][INFO] 2020-10-19 02:27:12,243: registered with master
[rospy.rosout][INFO] 2020-10-19 02:27:12,243: initializing /rosout core topic
[rospy.rosout][INFO] 2020-10-19 02:27:12,245: connected to core topic /rosout
[rospy.simtime][INFO] 2020-10-19 02:27:12,246: /use_sim_time is not set, will not subscribe to simulated time [/clock] topic
[rosout][INFO] 2020-10-19 02:27:12,265: Rosapi started
[rospy.internal][INFO] 2020-10-19 02:27:12,430: topic[/rosout] adding connection to [/rosout], count 0
[rospy.core][INFO] 2020-10-19 02:28:51,367: signal_shutdown [signal-2]
[rospy.internal][INFO] 2020-10-19 02:28:51,373: topic[/rosout] removing connection to /rosout
[rospy.impl.masterslave][INFO] 2020-10-19 02:28:51,373: signal-2
[rospy.core][INFO] 2020-10-19 02:28:51,481: signal_shutdown [atexit]
[rospy.client][INFO] 2020-10-19 02:30:12,396: init_node, name[/rosapi], pid[15036]
[xmlrpc][INFO] 2020-10-19 02:30:12,396: XML-RPC server binding to 0.0.0.0:0
[xmlrpc][INFO] 2020-10-19 02:30:12,396: Started XML-RPC server [http://freight1207:50189/]
[rospy.impl.masterslave][INFO] 2020-10-19 02:30:12,397: _ready: http://freight1207:50189/
[rospy.init][INFO] 2020-10-19 02:30:12,397: ROS Slave URI: [http://freight1207:50189/]
[xmlrpc][INFO] 2020-10-19 02:30:12,397: xml rpc node: starting XML-RPC server
[rospy.registration][INFO] 2020-10-19 02:30:12,397: Registering with master node http://localhost:11311
[rospy.init][INFO] 2020-10-19 02:30:12,497: registered with master
[rospy.rosout][INFO] 2020-10-19 02:30:12,497: initializing /rosout core topic
[rospy.rosout][INFO] 2020-10-19 02:30:12,499: connected to core topic /rosout
[rospy.simtime][INFO] 2020-10-19 02:30:12,500: /use_sim_time is not set, will not subscribe to simulated time [/clock] topic
[rosout][INFO] 2020-10-19 02:30:12,519: Rosapi started
[rospy.internal][INFO] 2020-10-19 02:30:12,668: topic[/rosout] adding connection to [/rosout], count 0
[rospy.core][INFO] 2020-10-19 02:30:14,052: signal_shutdown [signal-2]
[rospy.internal][INFO] 2020-10-19 02:30:14,059: topic[/rosout] removing connection to /rosout
[rospy.impl.masterslave][INFO] 2020-10-19 02:30:14,059: signal-2
[rospy.core][INFO] 2020-10-19 02:30:14,162: signal_shutdown [atexit]
