[rospy.client][INFO] 2020-10-19 02:27:11,981: init_node, name[/rosbridge_websocket], pid[14912]
[xmlrpc][INFO] 2020-10-19 02:27:11,981: XML-RPC server binding to 0.0.0.0:0
[xmlrpc][INFO] 2020-10-19 02:27:11,982: Started XML-RPC server [http://freight1207:39019/]
[rospy.init][INFO] 2020-10-19 02:27:11,982: ROS Slave URI: [http://freight1207:39019/]
[rospy.impl.masterslave][INFO] 2020-10-19 02:27:11,982: _ready: http://freight1207:39019/
[xmlrpc][INFO] 2020-10-19 02:27:11,982: xml rpc node: starting XML-RPC server
[rospy.registration][INFO] 2020-10-19 02:27:11,982: Registering with master node http://localhost:11311
[rospy.init][INFO] 2020-10-19 02:27:12,082: registered with master
[rospy.rosout][INFO] 2020-10-19 02:27:12,082: initializing /rosout core topic
[rospy.rosout][INFO] 2020-10-19 02:27:12,084: connected to core topic /rosout
[rospy.simtime][INFO] 2020-10-19 02:27:12,085: /use_sim_time is not set, will not subscribe to simulated time [/clock] topic
[rosout][INFO] 2020-10-19 02:27:12,095: Rosbridge WebSocket server started on port 9090
[rospy.internal][INFO] 2020-10-19 02:27:12,329: topic[/rosout] adding connection to [/rosout], count 0
[tornado.access][WARNING] 2020-10-19 02:28:38,300: 400 GET / (192.168.30.22) 0.44ms
[tornado.access][WARNING] 2020-10-19 02:28:38,323: 404 GET /favicon.ico (192.168.30.22) 0.29ms
[rospy.core][INFO] 2020-10-19 02:28:51,367: signal_shutdown [signal-2]
[rospy.internal][INFO] 2020-10-19 02:28:51,370: topic[/rosout] removing connection to /rosout
[rospy.impl.masterslave][INFO] 2020-10-19 02:28:51,371: signal-2
[rospy.core][INFO] 2020-10-19 02:28:51,985: signal_shutdown [atexit]
[rospy.client][INFO] 2020-10-19 02:30:12,210: init_node, name[/rosbridge_websocket], pid[15035]
[xmlrpc][INFO] 2020-10-19 02:30:12,211: XML-RPC server binding to 0.0.0.0:0
[xmlrpc][INFO] 2020-10-19 02:30:12,211: Started XML-RPC server [http://freight1207:37853/]
[rospy.init][INFO] 2020-10-19 02:30:12,211: ROS Slave URI: [http://freight1207:37853/]
[rospy.impl.masterslave][INFO] 2020-10-19 02:30:12,211: _ready: http://freight1207:37853/
[xmlrpc][INFO] 2020-10-19 02:30:12,211: xml rpc node: starting XML-RPC server
[rospy.registration][INFO] 2020-10-19 02:30:12,212: Registering with master node http://localhost:11311
[rospy.init][INFO] 2020-10-19 02:30:12,311: registered with master
[rospy.rosout][INFO] 2020-10-19 02:30:12,311: initializing /rosout core topic
[rospy.rosout][INFO] 2020-10-19 02:30:12,314: connected to core topic /rosout
[rospy.simtime][INFO] 2020-10-19 02:30:12,315: /use_sim_time is not set, will not subscribe to simulated time [/clock] topic
[rosout][INFO] 2020-10-19 02:30:12,323: Rosbridge WebSocket server started on port 9090
[rospy.internal][INFO] 2020-10-19 02:30:12,567: topic[/rosout] adding connection to [/rosout], count 0
[rospy.core][INFO] 2020-10-19 02:30:14,052: signal_shutdown [signal-2]
[rospy.internal][INFO] 2020-10-19 02:30:14,056: topic[/rosout] removing connection to /rosout
[rospy.impl.masterslave][INFO] 2020-10-19 02:30:14,056: signal-2
[rospy.core][INFO] 2020-10-19 02:30:14,188: signal_shutdown [atexit]
