[roslaunch][INFO] 2020-10-18 23:50:22,125: Checking log directory for disk usage. This may take awhile.
Press Ctrl-C to interrupt
[roslaunch][INFO] 2020-10-18 23:50:22,128: Done checking log file disk usage. Usage is <1GB.
[roslaunch][INFO] 2020-10-18 23:50:22,128: roslaunch starting with args ['/opt/ros/indigo/bin/roslaunch', 'fetch_navigation', 'freight_nav.launch']
[roslaunch][INFO] 2020-10-18 23:50:22,128: roslaunch env is {'MANDATORY_PATH': '/usr/share/gconf/ubuntu.mandatory.path', 'ROS_DISTRO': 'indigo', 'ROS_LOG_FILENAME': '/home/fetch/.ros/log/8fdb4168-11d3-11eb-8797-000babe55698/roslaunch-freight1207-5436.log', 'XDG_GREETER_DATA_DIR': '/var/lib/lightdm-data/fetch', 'GNOME_DESKTOP_SESSION_ID': 'this-is-deprecated', 'LESSOPEN': '| /usr/bin/lesspipe %s', 'PKG_CONFIG_PATH': '/home/fetch/catkin_ws/devel/lib/pkgconfig:/opt/ros/indigo/lib/pkgconfig:/opt/ros/indigo/lib/x86_64-linux-gnu/pkgconfig', 'CPATH': '/home/fetch/catkin_ws/devel/include:/opt/ros/indigo/include', 'LOGNAME': 'fetch', 'WINDOWID': '60817419', 'PATH': '/opt/ros/indigo/bin:/usr/local/sbin:/usr/local/bin:/usr/sbin:/usr/bin:/sbin:/bin:/usr/games:/usr/local/games', 'XDG_VTNR': '7', 'GNOME_KEYRING_CONTROL': '/run/user/1000/keyring-4vtMk2', 'CMAKE_PREFIX_PATH': '/home/fetch/catkin_ws/devel:/opt/ros/indigo', 'LD_LIBRARY_PATH': '/home/fetch/catkin_ws/devel/lib:/opt/ros/indigo/lib:/opt/ros/indigo/lib/x86_64-linux-gnu', 'LANG': 'en_US.UTF-8', 'TERM': 'xterm-256color', 'SHELL': '/bin/bash', 'XDG_SESSION_PATH': '/org/freedesktop/DisplayManager/Session0', 'XAUTHORITY': '/home/fetch/.Xauthority', 'LANGUAGE': 'en_US', 'SESSION_MANAGER': 'local/freight1207:@/tmp/.ICE-unix/1484,unix/freight1207:/tmp/.ICE-unix/1484', 'SHLVL': '1', 'LESSCLOSE': '/usr/bin/lesspipe %s %s', 'QT_QPA_PLATFORMTHEME': 'appmenu-qt5', 'JOB': 'dbus', 'TEXTDOMAIN': 'im-config', 'QT4_IM_MODULE': 'xim', 'CLUTTER_IM_MODULE': 'xim', 'SESSION': 'ubuntu', 'SESSIONTYPE': 'gnome-session', 'XMODIFIERS': '@im=ibus', 'ROS_ETC_DIR': '/opt/ros/indigo/etc/ros', 'GPG_AGENT_INFO': '/run/user/1000/keyring-4vtMk2/gpg:0:1', 'HOME': '/home/fetch', 'SELINUX_INIT': 'YES', 'COMPIZ_BIN_PATH': '/usr/bin/', 'XDG_RUNTIME_DIR': '/run/user/1000', 'INSTANCE': '', 'PYTHONPATH': '/home/fetch/catkin_ws/devel/lib/python2.7/dist-packages:/opt/ros/indigo/lib/python2.7/dist-packages', 'COMPIZ_CONFIG_PROFILE': 'ubuntu', 'SSH_AUTH_SOCK': '/run/user/1000/keyring-4vtMk2/ssh', 'VTE_VERSION': '3409', 'ROS_ROOT': '/opt/ros/indigo/share/ros', 'GDMSESSION': 'ubuntu', 'IM_CONFIG_PHASE': '1', 'TEXTDOMAINDIR': '/usr/share/locale/', 'GNOME_KEYRING_PID': '1421', 'XDG_SEAT_PATH': '/org/freedesktop/DisplayManager/Seat0', 'ROS_PACKAGE_PATH': '/home/fetch/catkin_ws/src:/opt/ros/indigo/share:/opt/ros/indigo/stacks', 'XDG_CURRENT_DESKTOP': 'Unity', 'XDG_SESSION_ID': 'c2', 'DBUS_SESSION_BUS_ADDRESS': 'unix:abstract=/tmp/dbus-9Ok3VWg7EY', '_': '/opt/ros/indigo/bin/roslaunch', 'DEFAULTS_PATH': '/usr/share/gconf/ubuntu.default.path', 'GTK_IM_MODULE': 'ibus', 'DESKTOP_SESSION': 'ubuntu', 'UPSTART_SESSION': 'unix:abstract=/com/ubuntu/upstart-session/1000/1302', 'XDG_CONFIG_DIRS': '/etc/xdg/xdg-ubuntu:/usr/share/upstart/xdg:/etc/xdg', 'GTK_MODULES': 'overlay-scrollbar:unity-gtk-module', 'XDG_SEAT': 'seat0', 'OLDPWD': '/opt/ros/indigo/share/fetch_navigation', 'GDM_LANG': 'en_US', 'XDG_DATA_DIRS': '/usr/share/ubuntu:/usr/share/gnome:/usr/local/share/:/usr/share/', 'PWD': '/opt/ros/indigo/share/fetch_navigation/launch', 'QT_IM_MODULE': 'ibus', 'ROS_MASTER_URI': 'http://localhost:11311', 'COLORTERM': 'gnome-terminal', 'DISPLAY': ':0', 'XDG_MENU_PREFIX': 'gnome-', 'LS_COLORS': 'rs=0:di=01;34:ln=01;36:mh=00:pi=40;33:so=01;35:do=01;35:bd=40;33;01:cd=40;33;01:or=40;31;01:su=37;41:sg=30;43:ca=30;41:tw=30;42:ow=34;42:st=37;44:ex=01;32:*.tar=01;31:*.tgz=01;31:*.arj=01;31:*.taz=01;31:*.lzh=01;31:*.lzma=01;31:*.tlz=01;31:*.txz=01;31:*.zip=01;31:*.z=01;31:*.Z=01;31:*.dz=01;31:*.gz=01;31:*.lz=01;31:*.xz=01;31:*.bz2=01;31:*.bz=01;31:*.tbz=01;31:*.tbz2=01;31:*.tz=01;31:*.deb=01;31:*.rpm=01;31:*.jar=01;31:*.war=01;31:*.ear=01;31:*.sar=01;31:*.rar=01;31:*.ace=01;31:*.zoo=01;31:*.cpio=01;31:*.7z=01;31:*.rz=01;31:*.jpg=01;35:*.jpeg=01;35:*.gif=01;35:*.bmp=01;35:*.pbm=01;35:*.pgm=01;35:*.ppm=01;35:*.tga=01;35:*.xbm=01;35:*.xpm=01;35:*.tif=01;35:*.tiff=01;35:*.png=01;35:*.svg=01;35:*.svgz=01;35:*.mng=01;35:*.pcx=01;35:*.mov=01;35:*.mpg=01;35:*.mpeg=01;35:*.m2v=01;35:*.mkv=01;35:*.webm=01;35:*.ogm=01;35:*.mp4=01;35:*.m4v=01;35:*.mp4v=01;35:*.vob=01;35:*.qt=01;35:*.nuv=01;35:*.wmv=01;35:*.asf=01;35:*.rm=01;35:*.rmvb=01;35:*.flc=01;35:*.avi=01;35:*.fli=01;35:*.flv=01;35:*.gl=01;35:*.dl=01;35:*.xcf=01;35:*.xwd=01;35:*.yuv=01;35:*.cgm=01;35:*.emf=01;35:*.axv=01;35:*.anx=01;35:*.ogv=01;35:*.ogx=01;35:*.aac=00;36:*.au=00;36:*.flac=00;36:*.mid=00;36:*.midi=00;36:*.mka=00;36:*.mp3=00;36:*.mpc=00;36:*.ogg=00;36:*.ra=00;36:*.wav=00;36:*.axa=00;36:*.oga=00;36:*.spx=00;36:*.xspf=00;36:', 'USER': 'fetch'}
[roslaunch][INFO] 2020-10-18 23:50:22,128: starting in server mode
[roslaunch.parent][INFO] 2020-10-18 23:50:22,128: starting roslaunch parent run
[roslaunch][INFO] 2020-10-18 23:50:22,128: loading roscore config file /opt/ros/indigo/etc/ros/roscore.xml
[roslaunch][INFO] 2020-10-18 23:50:22,188: Added core node of type [rosout/rosout] in namespace [/]
[roslaunch.config][INFO] 2020-10-18 23:50:22,188: loading config file /opt/ros/indigo/share/fetch_navigation/launch/freight_nav.launch
[roslaunch][INFO] 2020-10-18 23:50:22,205: Added node of type [map_server/map_server] in namespace [/]
[roslaunch][INFO] 2020-10-18 23:50:22,206: Added node of type [rviz/rviz] in namespace [/]
[roslaunch][INFO] 2020-10-18 23:50:22,211: Added node of type [amcl/amcl] in namespace [/]
[roslaunch][INFO] 2020-10-18 23:50:22,228: Added node of type [move_base/move_base] in namespace [/]
[roslaunch][INFO] 2020-10-18 23:50:22,228: ... selected machine [] for node of type [map_server/map_server]
[roslaunch][INFO] 2020-10-18 23:50:22,228: ... selected machine [] for node of type [rviz/rviz]
[roslaunch][INFO] 2020-10-18 23:50:22,228: ... selected machine [] for node of type [amcl/amcl]
[roslaunch][INFO] 2020-10-18 23:50:22,228: ... selected machine [] for node of type [move_base/move_base]
[roslaunch.pmon][INFO] 2020-10-18 23:50:22,229: start_process_monitor: creating ProcessMonitor
[roslaunch.pmon][INFO] 2020-10-18 23:50:22,229: created process monitor <ProcessMonitor(ProcessMonitor-1, initial daemon)>
[roslaunch.pmon][INFO] 2020-10-18 23:50:22,229: start_process_monitor: ProcessMonitor started
[roslaunch.parent][INFO] 2020-10-18 23:50:22,229: starting parent XML-RPC server
[roslaunch.server][INFO] 2020-10-18 23:50:22,229: starting roslaunch XML-RPC server
[roslaunch.server][INFO] 2020-10-18 23:50:22,230: waiting for roslaunch XML-RPC server to initialize
[xmlrpc][INFO] 2020-10-18 23:50:22,230: XML-RPC server binding to 0.0.0.0:0
[xmlrpc][INFO] 2020-10-18 23:50:22,230: Started XML-RPC server [http://freight1207:50789/]
[xmlrpc][INFO] 2020-10-18 23:50:22,230: xml rpc node: starting XML-RPC server
[roslaunch][INFO] 2020-10-18 23:50:22,241: started roslaunch server http://freight1207:50789/
[roslaunch.parent][INFO] 2020-10-18 23:50:22,241: ... parent XML-RPC server started
[roslaunch][INFO] 2020-10-18 23:50:22,242: master.is_running[http://localhost:11311]
[roslaunch][INFO] 2020-10-18 23:50:22,243: master.is_running[http://localhost:11311]
[roslaunch][INFO] 2020-10-18 23:50:22,243: ROS_MASTER_URI=http://localhost:11311
[roslaunch][INFO] 2020-10-18 23:50:22,245: setting /roslaunch/uris/host_freight1207__50789' to http://freight1207:50789/
[roslaunch][INFO] 2020-10-18 23:50:22,246: load_parameters starting ...
[roslaunch][INFO] 2020-10-18 23:50:22,266: ... load_parameters complete
[roslaunch][INFO] 2020-10-18 23:50:22,266: launch_nodes: launching local nodes ...
[roslaunch][INFO] 2020-10-18 23:50:22,266: ... preparing to launch node of type [map_server/map_server]
[roslaunch][INFO] 2020-10-18 23:50:22,266: create_node_process: package[map_server] type[map_server] machine[Machine(name[] env_loader[None] address[localhost] ssh_port[22] user[None] assignable[True] timeout[10.0])] master_uri[http://localhost:11311]
[roslaunch][INFO] 2020-10-18 23:50:22,266: process[map_server-1]: env[{'QT_QPA_PLATFORMTHEME': 'appmenu-qt5', 'ROS_DISTRO': 'indigo', 'XDG_GREETER_DATA_DIR': '/var/lib/lightdm-data/fetch', 'GNOME_DESKTOP_SESSION_ID': 'this-is-deprecated', 'LESSOPEN': '| /usr/bin/lesspipe %s', 'XDG_SEAT_PATH': '/org/freedesktop/DisplayManager/Seat0', 'CPATH': '/home/fetch/catkin_ws/devel/include:/opt/ros/indigo/include', 'LOGNAME': 'fetch', 'XDG_SEAT': 'seat0', 'PATH': '/opt/ros/indigo/bin:/usr/local/sbin:/usr/local/bin:/usr/sbin:/usr/bin:/sbin:/bin:/usr/games:/usr/local/games', 'XDG_VTNR': '7', 'GNOME_KEYRING_CONTROL': '/run/user/1000/keyring-4vtMk2', 'CMAKE_PREFIX_PATH': '/home/fetch/catkin_ws/devel:/opt/ros/indigo', 'LD_LIBRARY_PATH': '/home/fetch/catkin_ws/devel/lib:/opt/ros/indigo/lib:/opt/ros/indigo/lib/x86_64-linux-gnu', 'LANG': 'en_US.UTF-8', 'TERM': 'xterm-256color', 'SHELL': '/bin/bash', 'XDG_SESSION_PATH': '/org/freedesktop/DisplayManager/Session0', 'XAUTHORITY': '/home/fetch/.Xauthority', 'LANGUAGE': 'en_US', 'SESSION_MANAGER': 'local/freight1207:@/tmp/.ICE-unix/1484,unix/freight1207:/tmp/.ICE-unix/1484', 'SHLVL': '1', 'MANDATORY_PATH': '/usr/share/gconf/ubuntu.mandatory.path', 'CLUTTER_IM_MODULE': 'xim', 'ROS_LOG_FILENAME': '/home/fetch/.ros/log/8fdb4168-11d3-11eb-8797-000babe55698/roslaunch-freight1207-5436.log', 'TEXTDOMAIN': 'im-config', 'JOB': 'dbus', 'WINDOWID': '60817419', 'SESSIONTYPE': 'gnome-session', 'XMODIFIERS': '@im=ibus', 'ROS_MASTER_URI': 'http://localhost:11311', 'GPG_AGENT_INFO': '/run/user/1000/keyring-4vtMk2/gpg:0:1', 'HOME': '/home/fetch', 'QT4_IM_MODULE': 'xim', 'SELINUX_INIT': 'YES', 'SSH_AUTH_SOCK': '/run/user/1000/keyring-4vtMk2/ssh', 'XDG_RUNTIME_DIR': '/run/user/1000', 'GTK_IM_MODULE': 'ibus', 'PYTHONPATH': '/home/fetch/catkin_ws/devel/lib/python2.7/dist-packages:/opt/ros/indigo/lib/python2.7/dist-packages', 'COMPIZ_CONFIG_PROFILE': 'ubuntu', 'COMPIZ_BIN_PATH': '/usr/bin/', 'VTE_VERSION': '3409', 'ROS_ROOT': '/opt/ros/indigo/share/ros', 'GDMSESSION': 'ubuntu', 'IM_CONFIG_PHASE': '1', 'TEXTDOMAINDIR': '/usr/share/locale/', 'XDG_DATA_DIRS': '/usr/share/ubuntu:/usr/share/gnome:/usr/local/share/:/usr/share/', 'PKG_CONFIG_PATH': '/home/fetch/catkin_ws/devel/lib/pkgconfig:/opt/ros/indigo/lib/pkgconfig:/opt/ros/indigo/lib/x86_64-linux-gnu/pkgconfig', 'ROS_PACKAGE_PATH': '/home/fetch/catkin_ws/src:/opt/ros/indigo/share:/opt/ros/indigo/stacks', 'XDG_CURRENT_DESKTOP': 'Unity', 'XDG_SESSION_ID': 'c2', 'DBUS_SESSION_BUS_ADDRESS': 'unix:abstract=/tmp/dbus-9Ok3VWg7EY', '_': '/opt/ros/indigo/bin/roslaunch', 'DEFAULTS_PATH': '/usr/share/gconf/ubuntu.default.path', 'SESSION': 'ubuntu', 'DESKTOP_SESSION': 'ubuntu', 'UPSTART_SESSION': 'unix:abstract=/com/ubuntu/upstart-session/1000/1302', 'LESSCLOSE': '/usr/bin/lesspipe %s %s', 'GNOME_KEYRING_PID': '1421', 'OLDPWD': '/opt/ros/indigo/share/fetch_navigation', 'LS_COLORS': 'rs=0:di=01;34:ln=01;36:mh=00:pi=40;33:so=01;35:do=01;35:bd=40;33;01:cd=40;33;01:or=40;31;01:su=37;41:sg=30;43:ca=30;41:tw=30;42:ow=34;42:st=37;44:ex=01;32:*.tar=01;31:*.tgz=01;31:*.arj=01;31:*.taz=01;31:*.lzh=01;31:*.lzma=01;31:*.tlz=01;31:*.txz=01;31:*.zip=01;31:*.z=01;31:*.Z=01;31:*.dz=01;31:*.gz=01;31:*.lz=01;31:*.xz=01;31:*.bz2=01;31:*.bz=01;31:*.tbz=01;31:*.tbz2=01;31:*.tz=01;31:*.deb=01;31:*.rpm=01;31:*.jar=01;31:*.war=01;31:*.ear=01;31:*.sar=01;31:*.rar=01;31:*.ace=01;31:*.zoo=01;31:*.cpio=01;31:*.7z=01;31:*.rz=01;31:*.jpg=01;35:*.jpeg=01;35:*.gif=01;35:*.bmp=01;35:*.pbm=01;35:*.pgm=01;35:*.ppm=01;35:*.tga=01;35:*.xbm=01;35:*.xpm=01;35:*.tif=01;35:*.tiff=01;35:*.png=01;35:*.svg=01;35:*.svgz=01;35:*.mng=01;35:*.pcx=01;35:*.mov=01;35:*.mpg=01;35:*.mpeg=01;35:*.m2v=01;35:*.mkv=01;35:*.webm=01;35:*.ogm=01;35:*.mp4=01;35:*.m4v=01;35:*.mp4v=01;35:*.vob=01;35:*.qt=01;35:*.nuv=01;35:*.wmv=01;35:*.asf=01;35:*.rm=01;35:*.rmvb=01;35:*.flc=01;35:*.avi=01;35:*.fli=01;35:*.flv=01;35:*.gl=01;35:*.dl=01;35:*.xcf=01;35:*.xwd=01;35:*.yuv=01;35:*.cgm=01;35:*.emf=01;35:*.axv=01;35:*.anx=01;35:*.ogv=01;35:*.ogx=01;35:*.aac=00;36:*.au=00;36:*.flac=00;36:*.mid=00;36:*.midi=00;36:*.mka=00;36:*.mp3=00;36:*.mpc=00;36:*.ogg=00;36:*.ra=00;36:*.wav=00;36:*.axa=00;36:*.oga=00;36:*.spx=00;36:*.xspf=00;36:', 'GDM_LANG': 'en_US', 'GTK_MODULES': 'overlay-scrollbar:unity-gtk-module', 'INSTANCE': '', 'PWD': '/opt/ros/indigo/share/fetch_navigation/launch', 'QT_IM_MODULE': 'ibus', 'ROS_ETC_DIR': '/opt/ros/indigo/etc/ros', 'COLORTERM': 'gnome-terminal', 'DISPLAY': ':0', 'XDG_MENU_PREFIX': 'gnome-', 'XDG_CONFIG_DIRS': '/etc/xdg/xdg-ubuntu:/usr/share/upstart/xdg:/etc/xdg', 'USER': 'fetch'}]
[roslaunch][INFO] 2020-10-18 23:50:22,283: process[map_server-1]: args[[u'/opt/ros/indigo/lib/map_server/map_server', '/home/fetch/first.yaml', u'__name:=map_server']]
[roslaunch][INFO] 2020-10-18 23:50:22,283: ... created process [map_server-1]
[roslaunch.pmon][INFO] 2020-10-18 23:50:22,283: ProcessMonitor.register[map_server-1]
[roslaunch.pmon][INFO] 2020-10-18 23:50:22,283: ProcessMonitor.register[map_server-1] complete
[roslaunch][INFO] 2020-10-18 23:50:22,283: ... registered process [map_server-1]
[roslaunch][INFO] 2020-10-18 23:50:22,283: process[map_server-1]: starting os process
[roslaunch][INFO] 2020-10-18 23:50:22,283: process[map_server-1]: start w/ args [[u'/opt/ros/indigo/lib/map_server/map_server', '/home/fetch/first.yaml', u'__name:=map_server', u'__log:=/home/fetch/.ros/log/8fdb4168-11d3-11eb-8797-000babe55698/map_server-1.log']]
[roslaunch][INFO] 2020-10-18 23:50:22,283: process[map_server-1]: cwd will be [/home/fetch/.ros]
[roslaunch][INFO] 2020-10-18 23:50:22,285: process[map_server-1]: started with pid [5454]
[roslaunch][INFO] 2020-10-18 23:50:22,285: ... successfully launched [map_server-1]
[roslaunch][INFO] 2020-10-18 23:50:22,285: ... preparing to launch node of type [rviz/rviz]
[roslaunch][INFO] 2020-10-18 23:50:22,285: create_node_process: package[rviz] type[rviz] machine[Machine(name[] env_loader[None] address[localhost] ssh_port[22] user[None] assignable[True] timeout[10.0])] master_uri[http://localhost:11311]
[roslaunch][INFO] 2020-10-18 23:50:22,285: process[rviz-2]: env[{'QT_QPA_PLATFORMTHEME': 'appmenu-qt5', 'ROS_DISTRO': 'indigo', 'XDG_GREETER_DATA_DIR': '/var/lib/lightdm-data/fetch', 'GNOME_DESKTOP_SESSION_ID': 'this-is-deprecated', 'LESSOPEN': '| /usr/bin/lesspipe %s', 'XDG_SEAT_PATH': '/org/freedesktop/DisplayManager/Seat0', 'CPATH': '/home/fetch/catkin_ws/devel/include:/opt/ros/indigo/include', 'LOGNAME': 'fetch', 'XDG_SEAT': 'seat0', 'PATH': '/opt/ros/indigo/bin:/usr/local/sbin:/usr/local/bin:/usr/sbin:/usr/bin:/sbin:/bin:/usr/games:/usr/local/games', 'XDG_VTNR': '7', 'GNOME_KEYRING_CONTROL': '/run/user/1000/keyring-4vtMk2', 'CMAKE_PREFIX_PATH': '/home/fetch/catkin_ws/devel:/opt/ros/indigo', 'LD_LIBRARY_PATH': '/home/fetch/catkin_ws/devel/lib:/opt/ros/indigo/lib:/opt/ros/indigo/lib/x86_64-linux-gnu', 'LANG': 'en_US.UTF-8', 'TERM': 'xterm-256color', 'SHELL': '/bin/bash', 'XDG_SESSION_PATH': '/org/freedesktop/DisplayManager/Session0', 'XAUTHORITY': '/home/fetch/.Xauthority', 'LANGUAGE': 'en_US', 'SESSION_MANAGER': 'local/freight1207:@/tmp/.ICE-unix/1484,unix/freight1207:/tmp/.ICE-unix/1484', 'SHLVL': '1', 'MANDATORY_PATH': '/usr/share/gconf/ubuntu.mandatory.path', 'CLUTTER_IM_MODULE': 'xim', 'ROS_LOG_FILENAME': '/home/fetch/.ros/log/8fdb4168-11d3-11eb-8797-000babe55698/roslaunch-freight1207-5436.log', 'TEXTDOMAIN': 'im-config', 'JOB': 'dbus', 'WINDOWID': '60817419', 'SESSIONTYPE': 'gnome-session', 'XMODIFIERS': '@im=ibus', 'ROS_MASTER_URI': 'http://localhost:11311', 'GPG_AGENT_INFO': '/run/user/1000/keyring-4vtMk2/gpg:0:1', 'HOME': '/home/fetch', 'QT4_IM_MODULE': 'xim', 'SELINUX_INIT': 'YES', 'SSH_AUTH_SOCK': '/run/user/1000/keyring-4vtMk2/ssh', 'XDG_RUNTIME_DIR': '/run/user/1000', 'GTK_IM_MODULE': 'ibus', 'PYTHONPATH': '/home/fetch/catkin_ws/devel/lib/python2.7/dist-packages:/opt/ros/indigo/lib/python2.7/dist-packages', 'COMPIZ_CONFIG_PROFILE': 'ubuntu', 'COMPIZ_BIN_PATH': '/usr/bin/', 'VTE_VERSION': '3409', 'ROS_ROOT': '/opt/ros/indigo/share/ros', 'GDMSESSION': 'ubuntu', 'IM_CONFIG_PHASE': '1', 'TEXTDOMAINDIR': '/usr/share/locale/', 'XDG_DATA_DIRS': '/usr/share/ubuntu:/usr/share/gnome:/usr/local/share/:/usr/share/', 'PKG_CONFIG_PATH': '/home/fetch/catkin_ws/devel/lib/pkgconfig:/opt/ros/indigo/lib/pkgconfig:/opt/ros/indigo/lib/x86_64-linux-gnu/pkgconfig', 'ROS_PACKAGE_PATH': '/home/fetch/catkin_ws/src:/opt/ros/indigo/share:/opt/ros/indigo/stacks', 'XDG_CURRENT_DESKTOP': 'Unity', 'XDG_SESSION_ID': 'c2', 'DBUS_SESSION_BUS_ADDRESS': 'unix:abstract=/tmp/dbus-9Ok3VWg7EY', '_': '/opt/ros/indigo/bin/roslaunch', 'DEFAULTS_PATH': '/usr/share/gconf/ubuntu.default.path', 'SESSION': 'ubuntu', 'DESKTOP_SESSION': 'ubuntu', 'UPSTART_SESSION': 'unix:abstract=/com/ubuntu/upstart-session/1000/1302', 'LESSCLOSE': '/usr/bin/lesspipe %s %s', 'GNOME_KEYRING_PID': '1421', 'OLDPWD': '/opt/ros/indigo/share/fetch_navigation', 'LS_COLORS': 'rs=0:di=01;34:ln=01;36:mh=00:pi=40;33:so=01;35:do=01;35:bd=40;33;01:cd=40;33;01:or=40;31;01:su=37;41:sg=30;43:ca=30;41:tw=30;42:ow=34;42:st=37;44:ex=01;32:*.tar=01;31:*.tgz=01;31:*.arj=01;31:*.taz=01;31:*.lzh=01;31:*.lzma=01;31:*.tlz=01;31:*.txz=01;31:*.zip=01;31:*.z=01;31:*.Z=01;31:*.dz=01;31:*.gz=01;31:*.lz=01;31:*.xz=01;31:*.bz2=01;31:*.bz=01;31:*.tbz=01;31:*.tbz2=01;31:*.tz=01;31:*.deb=01;31:*.rpm=01;31:*.jar=01;31:*.war=01;31:*.ear=01;31:*.sar=01;31:*.rar=01;31:*.ace=01;31:*.zoo=01;31:*.cpio=01;31:*.7z=01;31:*.rz=01;31:*.jpg=01;35:*.jpeg=01;35:*.gif=01;35:*.bmp=01;35:*.pbm=01;35:*.pgm=01;35:*.ppm=01;35:*.tga=01;35:*.xbm=01;35:*.xpm=01;35:*.tif=01;35:*.tiff=01;35:*.png=01;35:*.svg=01;35:*.svgz=01;35:*.mng=01;35:*.pcx=01;35:*.mov=01;35:*.mpg=01;35:*.mpeg=01;35:*.m2v=01;35:*.mkv=01;35:*.webm=01;35:*.ogm=01;35:*.mp4=01;35:*.m4v=01;35:*.mp4v=01;35:*.vob=01;35:*.qt=01;35:*.nuv=01;35:*.wmv=01;35:*.asf=01;35:*.rm=01;35:*.rmvb=01;35:*.flc=01;35:*.avi=01;35:*.fli=01;35:*.flv=01;35:*.gl=01;35:*.dl=01;35:*.xcf=01;35:*.xwd=01;35:*.yuv=01;35:*.cgm=01;35:*.emf=01;35:*.axv=01;35:*.anx=01;35:*.ogv=01;35:*.ogx=01;35:*.aac=00;36:*.au=00;36:*.flac=00;36:*.mid=00;36:*.midi=00;36:*.mka=00;36:*.mp3=00;36:*.mpc=00;36:*.ogg=00;36:*.ra=00;36:*.wav=00;36:*.axa=00;36:*.oga=00;36:*.spx=00;36:*.xspf=00;36:', 'GDM_LANG': 'en_US', 'GTK_MODULES': 'overlay-scrollbar:unity-gtk-module', 'INSTANCE': '', 'PWD': '/opt/ros/indigo/share/fetch_navigation/launch', 'QT_IM_MODULE': 'ibus', 'ROS_ETC_DIR': '/opt/ros/indigo/etc/ros', 'COLORTERM': 'gnome-terminal', 'DISPLAY': ':0', 'XDG_MENU_PREFIX': 'gnome-', 'XDG_CONFIG_DIRS': '/etc/xdg/xdg-ubuntu:/usr/share/upstart/xdg:/etc/xdg', 'USER': 'fetch'}]
[roslaunch][INFO] 2020-10-18 23:50:22,288: process[rviz-2]: args[[u'/opt/ros/indigo/lib/rviz/rviz', '-d', '/opt/ros/indigo/share/rviz/rviz/cmake/config_file.rviz', u'__name:=rviz']]
[roslaunch][INFO] 2020-10-18 23:50:22,288: ... created process [rviz-2]
[roslaunch.pmon][INFO] 2020-10-18 23:50:22,288: ProcessMonitor.register[rviz-2]
[roslaunch.pmon][INFO] 2020-10-18 23:50:22,288: ProcessMonitor.register[rviz-2] complete
[roslaunch][INFO] 2020-10-18 23:50:22,288: ... registered process [rviz-2]
[roslaunch][INFO] 2020-10-18 23:50:22,288: process[rviz-2]: starting os process
[roslaunch][INFO] 2020-10-18 23:50:22,288: process[rviz-2]: start w/ args [[u'/opt/ros/indigo/lib/rviz/rviz', '-d', '/opt/ros/indigo/share/rviz/rviz/cmake/config_file.rviz', u'__name:=rviz', u'__log:=/home/fetch/.ros/log/8fdb4168-11d3-11eb-8797-000babe55698/rviz-2.log']]
[roslaunch][INFO] 2020-10-18 23:50:22,288: process[rviz-2]: cwd will be [/home/fetch/.ros]
[roslaunch][INFO] 2020-10-18 23:50:22,290: process[rviz-2]: started with pid [5455]
[roslaunch][INFO] 2020-10-18 23:50:22,290: ... successfully launched [rviz-2]
[roslaunch][INFO] 2020-10-18 23:50:22,290: ... preparing to launch node of type [amcl/amcl]
[roslaunch][INFO] 2020-10-18 23:50:22,290: create_node_process: package[amcl] type[amcl] machine[Machine(name[] env_loader[None] address[localhost] ssh_port[22] user[None] assignable[True] timeout[10.0])] master_uri[http://localhost:11311]
[roslaunch][INFO] 2020-10-18 23:50:22,290: process[amcl-3]: env[{'QT_QPA_PLATFORMTHEME': 'appmenu-qt5', 'ROS_DISTRO': 'indigo', 'XDG_GREETER_DATA_DIR': '/var/lib/lightdm-data/fetch', 'GNOME_DESKTOP_SESSION_ID': 'this-is-deprecated', 'LESSOPEN': '| /usr/bin/lesspipe %s', 'XDG_SEAT_PATH': '/org/freedesktop/DisplayManager/Seat0', 'CPATH': '/home/fetch/catkin_ws/devel/include:/opt/ros/indigo/include', 'LOGNAME': 'fetch', 'XDG_SEAT': 'seat0', 'PATH': '/opt/ros/indigo/bin:/usr/local/sbin:/usr/local/bin:/usr/sbin:/usr/bin:/sbin:/bin:/usr/games:/usr/local/games', 'XDG_VTNR': '7', 'GNOME_KEYRING_CONTROL': '/run/user/1000/keyring-4vtMk2', 'CMAKE_PREFIX_PATH': '/home/fetch/catkin_ws/devel:/opt/ros/indigo', 'LD_LIBRARY_PATH': '/home/fetch/catkin_ws/devel/lib:/opt/ros/indigo/lib:/opt/ros/indigo/lib/x86_64-linux-gnu', 'LANG': 'en_US.UTF-8', 'TERM': 'xterm-256color', 'SHELL': '/bin/bash', 'XDG_SESSION_PATH': '/org/freedesktop/DisplayManager/Session0', 'XAUTHORITY': '/home/fetch/.Xauthority', 'LANGUAGE': 'en_US', 'SESSION_MANAGER': 'local/freight1207:@/tmp/.ICE-unix/1484,unix/freight1207:/tmp/.ICE-unix/1484', 'SHLVL': '1', 'MANDATORY_PATH': '/usr/share/gconf/ubuntu.mandatory.path', 'CLUTTER_IM_MODULE': 'xim', 'ROS_LOG_FILENAME': '/home/fetch/.ros/log/8fdb4168-11d3-11eb-8797-000babe55698/roslaunch-freight1207-5436.log', 'TEXTDOMAIN': 'im-config', 'JOB': 'dbus', 'WINDOWID': '60817419', 'SESSIONTYPE': 'gnome-session', 'XMODIFIERS': '@im=ibus', 'ROS_MASTER_URI': 'http://localhost:11311', 'GPG_AGENT_INFO': '/run/user/1000/keyring-4vtMk2/gpg:0:1', 'HOME': '/home/fetch', 'QT4_IM_MODULE': 'xim', 'SELINUX_INIT': 'YES', 'SSH_AUTH_SOCK': '/run/user/1000/keyring-4vtMk2/ssh', 'XDG_RUNTIME_DIR': '/run/user/1000', 'GTK_IM_MODULE': 'ibus', 'PYTHONPATH': '/home/fetch/catkin_ws/devel/lib/python2.7/dist-packages:/opt/ros/indigo/lib/python2.7/dist-packages', 'COMPIZ_CONFIG_PROFILE': 'ubuntu', 'COMPIZ_BIN_PATH': '/usr/bin/', 'VTE_VERSION': '3409', 'ROS_ROOT': '/opt/ros/indigo/share/ros', 'GDMSESSION': 'ubuntu', 'IM_CONFIG_PHASE': '1', 'TEXTDOMAINDIR': '/usr/share/locale/', 'XDG_DATA_DIRS': '/usr/share/ubuntu:/usr/share/gnome:/usr/local/share/:/usr/share/', 'PKG_CONFIG_PATH': '/home/fetch/catkin_ws/devel/lib/pkgconfig:/opt/ros/indigo/lib/pkgconfig:/opt/ros/indigo/lib/x86_64-linux-gnu/pkgconfig', 'ROS_PACKAGE_PATH': '/home/fetch/catkin_ws/src:/opt/ros/indigo/share:/opt/ros/indigo/stacks', 'XDG_CURRENT_DESKTOP': 'Unity', 'XDG_SESSION_ID': 'c2', 'DBUS_SESSION_BUS_ADDRESS': 'unix:abstract=/tmp/dbus-9Ok3VWg7EY', '_': '/opt/ros/indigo/bin/roslaunch', 'DEFAULTS_PATH': '/usr/share/gconf/ubuntu.default.path', 'SESSION': 'ubuntu', 'DESKTOP_SESSION': 'ubuntu', 'UPSTART_SESSION': 'unix:abstract=/com/ubuntu/upstart-session/1000/1302', 'LESSCLOSE': '/usr/bin/lesspipe %s %s', 'GNOME_KEYRING_PID': '1421', 'OLDPWD': '/opt/ros/indigo/share/fetch_navigation', 'LS_COLORS': 'rs=0:di=01;34:ln=01;36:mh=00:pi=40;33:so=01;35:do=01;35:bd=40;33;01:cd=40;33;01:or=40;31;01:su=37;41:sg=30;43:ca=30;41:tw=30;42:ow=34;42:st=37;44:ex=01;32:*.tar=01;31:*.tgz=01;31:*.arj=01;31:*.taz=01;31:*.lzh=01;31:*.lzma=01;31:*.tlz=01;31:*.txz=01;31:*.zip=01;31:*.z=01;31:*.Z=01;31:*.dz=01;31:*.gz=01;31:*.lz=01;31:*.xz=01;31:*.bz2=01;31:*.bz=01;31:*.tbz=01;31:*.tbz2=01;31:*.tz=01;31:*.deb=01;31:*.rpm=01;31:*.jar=01;31:*.war=01;31:*.ear=01;31:*.sar=01;31:*.rar=01;31:*.ace=01;31:*.zoo=01;31:*.cpio=01;31:*.7z=01;31:*.rz=01;31:*.jpg=01;35:*.jpeg=01;35:*.gif=01;35:*.bmp=01;35:*.pbm=01;35:*.pgm=01;35:*.ppm=01;35:*.tga=01;35:*.xbm=01;35:*.xpm=01;35:*.tif=01;35:*.tiff=01;35:*.png=01;35:*.svg=01;35:*.svgz=01;35:*.mng=01;35:*.pcx=01;35:*.mov=01;35:*.mpg=01;35:*.mpeg=01;35:*.m2v=01;35:*.mkv=01;35:*.webm=01;35:*.ogm=01;35:*.mp4=01;35:*.m4v=01;35:*.mp4v=01;35:*.vob=01;35:*.qt=01;35:*.nuv=01;35:*.wmv=01;35:*.asf=01;35:*.rm=01;35:*.rmvb=01;35:*.flc=01;35:*.avi=01;35:*.fli=01;35:*.flv=01;35:*.gl=01;35:*.dl=01;35:*.xcf=01;35:*.xwd=01;35:*.yuv=01;35:*.cgm=01;35:*.emf=01;35:*.axv=01;35:*.anx=01;35:*.ogv=01;35:*.ogx=01;35:*.aac=00;36:*.au=00;36:*.flac=00;36:*.mid=00;36:*.midi=00;36:*.mka=00;36:*.mp3=00;36:*.mpc=00;36:*.ogg=00;36:*.ra=00;36:*.wav=00;36:*.axa=00;36:*.oga=00;36:*.spx=00;36:*.xspf=00;36:', 'GDM_LANG': 'en_US', 'GTK_MODULES': 'overlay-scrollbar:unity-gtk-module', 'INSTANCE': '', 'PWD': '/opt/ros/indigo/share/fetch_navigation/launch', 'QT_IM_MODULE': 'ibus', 'ROS_ETC_DIR': '/opt/ros/indigo/etc/ros', 'COLORTERM': 'gnome-terminal', 'DISPLAY': ':0', 'XDG_MENU_PREFIX': 'gnome-', 'XDG_CONFIG_DIRS': '/etc/xdg/xdg-ubuntu:/usr/share/upstart/xdg:/etc/xdg', 'USER': 'fetch'}]
[roslaunch][INFO] 2020-10-18 23:50:22,291: process[amcl-3]: args[[u'/opt/ros/indigo/lib/amcl/amcl', u'scan:=base_scan', u'map:=map', u'__name:=amcl']]
[roslaunch][INFO] 2020-10-18 23:50:22,291: ... created process [amcl-3]
[roslaunch.pmon][INFO] 2020-10-18 23:50:22,291: ProcessMonitor.register[amcl-3]
[roslaunch.pmon][INFO] 2020-10-18 23:50:22,291: ProcessMonitor.register[amcl-3] complete
[roslaunch][INFO] 2020-10-18 23:50:22,291: ... registered process [amcl-3]
[roslaunch][INFO] 2020-10-18 23:50:22,291: process[amcl-3]: starting os process
[roslaunch][INFO] 2020-10-18 23:50:22,291: process[amcl-3]: start w/ args [[u'/opt/ros/indigo/lib/amcl/amcl', u'scan:=base_scan', u'map:=map', u'__name:=amcl', u'__log:=/home/fetch/.ros/log/8fdb4168-11d3-11eb-8797-000babe55698/amcl-3.log']]
[roslaunch][INFO] 2020-10-18 23:50:22,291: process[amcl-3]: cwd will be [/home/fetch/.ros]
[roslaunch][INFO] 2020-10-18 23:50:22,293: process[amcl-3]: started with pid [5456]
[roslaunch][INFO] 2020-10-18 23:50:22,293: ... successfully launched [amcl-3]
[roslaunch][INFO] 2020-10-18 23:50:22,293: ... preparing to launch node of type [move_base/move_base]
[roslaunch][INFO] 2020-10-18 23:50:22,293: create_node_process: package[move_base] type[move_base] machine[Machine(name[] env_loader[None] address[localhost] ssh_port[22] user[None] assignable[True] timeout[10.0])] master_uri[http://localhost:11311]
[roslaunch][INFO] 2020-10-18 23:50:22,293: process[move_base-4]: env[{'QT_QPA_PLATFORMTHEME': 'appmenu-qt5', 'ROS_DISTRO': 'indigo', 'XDG_GREETER_DATA_DIR': '/var/lib/lightdm-data/fetch', 'GNOME_DESKTOP_SESSION_ID': 'this-is-deprecated', 'LESSOPEN': '| /usr/bin/lesspipe %s', 'XDG_SEAT_PATH': '/org/freedesktop/DisplayManager/Seat0', 'CPATH': '/home/fetch/catkin_ws/devel/include:/opt/ros/indigo/include', 'LOGNAME': 'fetch', 'XDG_SEAT': 'seat0', 'PATH': '/opt/ros/indigo/bin:/usr/local/sbin:/usr/local/bin:/usr/sbin:/usr/bin:/sbin:/bin:/usr/games:/usr/local/games', 'XDG_VTNR': '7', 'GNOME_KEYRING_CONTROL': '/run/user/1000/keyring-4vtMk2', 'CMAKE_PREFIX_PATH': '/home/fetch/catkin_ws/devel:/opt/ros/indigo', 'LD_LIBRARY_PATH': '/home/fetch/catkin_ws/devel/lib:/opt/ros/indigo/lib:/opt/ros/indigo/lib/x86_64-linux-gnu', 'LANG': 'en_US.UTF-8', 'TERM': 'xterm-256color', 'SHELL': '/bin/bash', 'XDG_SESSION_PATH': '/org/freedesktop/DisplayManager/Session0', 'XAUTHORITY': '/home/fetch/.Xauthority', 'LANGUAGE': 'en_US', 'SESSION_MANAGER': 'local/freight1207:@/tmp/.ICE-unix/1484,unix/freight1207:/tmp/.ICE-unix/1484', 'SHLVL': '1', 'MANDATORY_PATH': '/usr/share/gconf/ubuntu.mandatory.path', 'CLUTTER_IM_MODULE': 'xim', 'ROS_LOG_FILENAME': '/home/fetch/.ros/log/8fdb4168-11d3-11eb-8797-000babe55698/roslaunch-freight1207-5436.log', 'TEXTDOMAIN': 'im-config', 'JOB': 'dbus', 'WINDOWID': '60817419', 'SESSIONTYPE': 'gnome-session', 'XMODIFIERS': '@im=ibus', 'ROS_MASTER_URI': 'http://localhost:11311', 'GPG_AGENT_INFO': '/run/user/1000/keyring-4vtMk2/gpg:0:1', 'HOME': '/home/fetch', 'QT4_IM_MODULE': 'xim', 'SELINUX_INIT': 'YES', 'SSH_AUTH_SOCK': '/run/user/1000/keyring-4vtMk2/ssh', 'XDG_RUNTIME_DIR': '/run/user/1000', 'GTK_IM_MODULE': 'ibus', 'PYTHONPATH': '/home/fetch/catkin_ws/devel/lib/python2.7/dist-packages:/opt/ros/indigo/lib/python2.7/dist-packages', 'COMPIZ_CONFIG_PROFILE': 'ubuntu', 'COMPIZ_BIN_PATH': '/usr/bin/', 'VTE_VERSION': '3409', 'ROS_ROOT': '/opt/ros/indigo/share/ros', 'GDMSESSION': 'ubuntu', 'IM_CONFIG_PHASE': '1', 'TEXTDOMAINDIR': '/usr/share/locale/', 'XDG_DATA_DIRS': '/usr/share/ubuntu:/usr/share/gnome:/usr/local/share/:/usr/share/', 'PKG_CONFIG_PATH': '/home/fetch/catkin_ws/devel/lib/pkgconfig:/opt/ros/indigo/lib/pkgconfig:/opt/ros/indigo/lib/x86_64-linux-gnu/pkgconfig', 'ROS_PACKAGE_PATH': '/home/fetch/catkin_ws/src:/opt/ros/indigo/share:/opt/ros/indigo/stacks', 'XDG_CURRENT_DESKTOP': 'Unity', 'XDG_SESSION_ID': 'c2', 'DBUS_SESSION_BUS_ADDRESS': 'unix:abstract=/tmp/dbus-9Ok3VWg7EY', '_': '/opt/ros/indigo/bin/roslaunch', 'DEFAULTS_PATH': '/usr/share/gconf/ubuntu.default.path', 'SESSION': 'ubuntu', 'DESKTOP_SESSION': 'ubuntu', 'UPSTART_SESSION': 'unix:abstract=/com/ubuntu/upstart-session/1000/1302', 'LESSCLOSE': '/usr/bin/lesspipe %s %s', 'GNOME_KEYRING_PID': '1421', 'OLDPWD': '/opt/ros/indigo/share/fetch_navigation', 'LS_COLORS': 'rs=0:di=01;34:ln=01;36:mh=00:pi=40;33:so=01;35:do=01;35:bd=40;33;01:cd=40;33;01:or=40;31;01:su=37;41:sg=30;43:ca=30;41:tw=30;42:ow=34;42:st=37;44:ex=01;32:*.tar=01;31:*.tgz=01;31:*.arj=01;31:*.taz=01;31:*.lzh=01;31:*.lzma=01;31:*.tlz=01;31:*.txz=01;31:*.zip=01;31:*.z=01;31:*.Z=01;31:*.dz=01;31:*.gz=01;31:*.lz=01;31:*.xz=01;31:*.bz2=01;31:*.bz=01;31:*.tbz=01;31:*.tbz2=01;31:*.tz=01;31:*.deb=01;31:*.rpm=01;31:*.jar=01;31:*.war=01;31:*.ear=01;31:*.sar=01;31:*.rar=01;31:*.ace=01;31:*.zoo=01;31:*.cpio=01;31:*.7z=01;31:*.rz=01;31:*.jpg=01;35:*.jpeg=01;35:*.gif=01;35:*.bmp=01;35:*.pbm=01;35:*.pgm=01;35:*.ppm=01;35:*.tga=01;35:*.xbm=01;35:*.xpm=01;35:*.tif=01;35:*.tiff=01;35:*.png=01;35:*.svg=01;35:*.svgz=01;35:*.mng=01;35:*.pcx=01;35:*.mov=01;35:*.mpg=01;35:*.mpeg=01;35:*.m2v=01;35:*.mkv=01;35:*.webm=01;35:*.ogm=01;35:*.mp4=01;35:*.m4v=01;35:*.mp4v=01;35:*.vob=01;35:*.qt=01;35:*.nuv=01;35:*.wmv=01;35:*.asf=01;35:*.rm=01;35:*.rmvb=01;35:*.flc=01;35:*.avi=01;35:*.fli=01;35:*.flv=01;35:*.gl=01;35:*.dl=01;35:*.xcf=01;35:*.xwd=01;35:*.yuv=01;35:*.cgm=01;35:*.emf=01;35:*.axv=01;35:*.anx=01;35:*.ogv=01;35:*.ogx=01;35:*.aac=00;36:*.au=00;36:*.flac=00;36:*.mid=00;36:*.midi=00;36:*.mka=00;36:*.mp3=00;36:*.mpc=00;36:*.ogg=00;36:*.ra=00;36:*.wav=00;36:*.axa=00;36:*.oga=00;36:*.spx=00;36:*.xspf=00;36:', 'GDM_LANG': 'en_US', 'GTK_MODULES': 'overlay-scrollbar:unity-gtk-module', 'INSTANCE': '', 'PWD': '/opt/ros/indigo/share/fetch_navigation/launch', 'QT_IM_MODULE': 'ibus', 'ROS_ETC_DIR': '/opt/ros/indigo/etc/ros', 'COLORTERM': 'gnome-terminal', 'DISPLAY': ':0', 'XDG_MENU_PREFIX': 'gnome-', 'XDG_CONFIG_DIRS': '/etc/xdg/xdg-ubuntu:/usr/share/upstart/xdg:/etc/xdg', 'USER': 'fetch'}]
[roslaunch][INFO] 2020-10-18 23:50:22,294: process[move_base-4]: args[[u'/opt/ros/indigo/lib/move_base/move_base', u'cmd_vel:=cmd_vel', u'odom:=odom', u'map:=map', u'__name:=move_base']]
[roslaunch][INFO] 2020-10-18 23:50:22,294: ... created process [move_base-4]
[roslaunch.pmon][INFO] 2020-10-18 23:50:22,294: ProcessMonitor.register[move_base-4]
[roslaunch.pmon][INFO] 2020-10-18 23:50:22,294: ProcessMonitor.register[move_base-4] complete
[roslaunch][INFO] 2020-10-18 23:50:22,294: ... registered process [move_base-4]
[roslaunch][INFO] 2020-10-18 23:50:22,294: process[move_base-4]: starting os process
[roslaunch][INFO] 2020-10-18 23:50:22,294: process[move_base-4]: start w/ args [[u'/opt/ros/indigo/lib/move_base/move_base', u'cmd_vel:=cmd_vel', u'odom:=odom', u'map:=map', u'__name:=move_base', u'__log:=/home/fetch/.ros/log/8fdb4168-11d3-11eb-8797-000babe55698/move_base-4.log']]
[roslaunch][INFO] 2020-10-18 23:50:22,294: process[move_base-4]: cwd will be [/home/fetch/.ros]
[roslaunch][INFO] 2020-10-18 23:50:22,300: process[move_base-4]: started with pid [5460]
[roslaunch][INFO] 2020-10-18 23:50:22,301: ... successfully launched [move_base-4]
[roslaunch][INFO] 2020-10-18 23:50:22,301: ... launch_nodes complete
[roslaunch.pmon][INFO] 2020-10-18 23:50:22,301: registrations completed <ProcessMonitor(ProcessMonitor-1, started daemon 140603925317376)>
[roslaunch.parent][INFO] 2020-10-18 23:50:22,301: ... roslaunch parent running, waiting for process exit
[roslaunch][INFO] 2020-10-18 23:50:22,301: spin
[roslaunch][ERROR] 2020-10-18 23:50:22,831: [rviz-2] process has died [pid 5455, exit code -11, cmd /opt/ros/indigo/lib/rviz/rviz -d /opt/ros/indigo/share/rviz/rviz/cmake/config_file.rviz __name:=rviz __log:=/home/fetch/.ros/log/8fdb4168-11d3-11eb-8797-000babe55698/rviz-2.log].
log file: /home/fetch/.ros/log/8fdb4168-11d3-11eb-8797-000babe55698/rviz-2*.log
[roslaunch.pmon][INFO] 2020-10-18 23:50:22,831: ProcessMonitor.unregister[rviz-2] starting
[roslaunch.pmon][INFO] 2020-10-18 23:50:22,831: ProcessMonitor.unregister[rviz-2] complete
[roslaunch.pmon][INFO] 2020-10-18 23:52:30,247: ProcessMonitor.shutdown <ProcessMonitor(ProcessMonitor-1, started daemon 140603925317376)>
[roslaunch.pmon][INFO] 2020-10-18 23:52:30,336: ProcessMonitor._post_run <ProcessMonitor(ProcessMonitor-1, started daemon 140603925317376)>
[roslaunch.pmon][INFO] 2020-10-18 23:52:30,336: ProcessMonitor._post_run <ProcessMonitor(ProcessMonitor-1, started daemon 140603925317376)>: remaining procs are [<roslaunch.nodeprocess.LocalProcess object at 0x7fe0e727b690>, <roslaunch.nodeprocess.LocalProcess object at 0x7fe0e727bc90>, <roslaunch.nodeprocess.LocalProcess object at 0x7fe0e581fe50>]
[roslaunch.pmon][INFO] 2020-10-18 23:52:30,336: ProcessMonitor exit: killing move_base-4
[roslaunch][INFO] 2020-10-18 23:52:30,337: [move_base-4] killing on exit
[roslaunch.pmon][INFO] 2020-10-18 23:52:30,337: ProcessMonitor exit: killing amcl-3
[roslaunch][INFO] 2020-10-18 23:52:30,337: [amcl-3] killing on exit
[roslaunch][INFO] 2020-10-18 23:52:30,337: process[move_base-4]: killing os process with pid[5460] pgid[5460]
[roslaunch][INFO] 2020-10-18 23:52:30,337: process[amcl-3]: killing os process with pid[5456] pgid[5456]
[roslaunch][INFO] 2020-10-18 23:52:30,337: [move_base-4] sending SIGINT to pgid [5460]
[roslaunch.pmon][INFO] 2020-10-18 23:52:30,337: ProcessMonitor exit: killing map_server-1
[roslaunch][INFO] 2020-10-18 23:52:30,338: [amcl-3] sending SIGINT to pgid [5456]
[roslaunch][INFO] 2020-10-18 23:52:30,338: [move_base-4] sent SIGINT to pgid [5460]
[roslaunch][INFO] 2020-10-18 23:52:30,338: [map_server-1] killing on exit
[roslaunch][INFO] 2020-10-18 23:52:30,338: [amcl-3] sent SIGINT to pgid [5456]
[roslaunch][INFO] 2020-10-18 23:52:30,339: process[map_server-1]: killing os process with pid[5454] pgid[5454]
[roslaunch][INFO] 2020-10-18 23:52:30,339: [map_server-1] sending SIGINT to pgid [5454]
[roslaunch][INFO] 2020-10-18 23:52:30,339: [map_server-1] sent SIGINT to pgid [5454]
[roslaunch][INFO] 2020-10-18 23:52:30,539: process[map_server-1]: SIGINT killed with return value 0
[roslaunch][INFO] 2020-10-18 23:52:30,639: process[amcl-3]: SIGINT killed with return value 0
[roslaunch][INFO] 2020-10-18 23:52:30,839: process[move_base-4]: SIGINT killed with return value 0
[roslaunch.pmon][INFO] 2020-10-18 23:52:30,839: ProcessMonitor exit: cleaning up data structures and signals
[roslaunch.pmon][INFO] 2020-10-18 23:52:30,839: ProcessMonitor exit: pmon has shutdown
[roslaunch][INFO] 2020-10-18 23:52:30,862: process monitor is done spinning, initiating full shutdown
[roslaunch][INFO] 2020-10-18 23:52:30,862: runner.stop()
[roslaunch][INFO] 2020-10-18 23:52:30,862: shutting down processing monitor...
[roslaunch][INFO] 2020-10-18 23:52:30,862: shutting down processing monitor <ProcessMonitor(ProcessMonitor-1, stopped daemon 140603925317376)>
[roslaunch.pmon][INFO] 2020-10-18 23:52:30,862: ProcessMonitor.shutdown <ProcessMonitor(ProcessMonitor-1, stopped daemon 140603925317376)>
[roslaunch][INFO] 2020-10-18 23:52:30,862: ... shutting down processing monitor complete
[roslaunch][INFO] 2020-10-18 23:52:30,862: done
[roslaunch.pmon][INFO] 2020-10-18 23:52:30,862: ProcessMonitor.shutdown <ProcessMonitor(ProcessMonitor-1, stopped daemon 140603925317376)>
[rospy.core][INFO] 2020-10-18 23:52:30,862: signal_shutdown [atexit]
