[roslaunch][INFO] 2020-10-19 00:55:52,755: Checking log directory for disk usage. This may take awhile.
Press Ctrl-C to interrupt
[roslaunch][INFO] 2020-10-19 00:55:52,757: Done checking log file disk usage. Usage is <1GB.
[roslaunch][INFO] 2020-10-19 00:55:52,757: roslaunch starting with args ['/opt/ros/indigo/bin/roslaunch', 'robot_local_control', 'robot_local_control.launch']
[roslaunch][INFO] 2020-10-19 00:55:52,757: roslaunch env is {'MANDATORY_PATH': '/usr/share/gconf/ubuntu.mandatory.path', 'ROS_DISTRO': 'indigo', 'ROS_LOG_FILENAME': '/home/fetch/.ros/log/8fdb4168-11d3-11eb-8797-000babe55698/roslaunch-freight1207-22725.log', 'XDG_GREETER_DATA_DIR': '/var/lib/lightdm-data/fetch', 'GNOME_DESKTOP_SESSION_ID': 'this-is-deprecated', 'LESSOPEN': '| /usr/bin/lesspipe %s', 'PKG_CONFIG_PATH': '/home/fetch/catkin_ws/devel/lib/pkgconfig:/opt/ros/indigo/lib/pkgconfig:/opt/ros/indigo/lib/x86_64-linux-gnu/pkgconfig', 'CPATH': '/home/fetch/catkin_ws/devel/include:/opt/ros/indigo/include', 'LOGNAME': 'fetch', 'WINDOWID': '60820973', 'PATH': '/opt/ros/indigo/bin:/usr/local/sbin:/usr/local/bin:/usr/sbin:/usr/bin:/sbin:/bin:/usr/games:/usr/local/games', 'XDG_VTNR': '7', 'GNOME_KEYRING_CONTROL': '/run/user/1000/keyring-4vtMk2', 'CMAKE_PREFIX_PATH': '/home/fetch/catkin_ws/devel:/opt/ros/indigo', 'LD_LIBRARY_PATH': '/home/fetch/catkin_ws/devel/lib:/opt/ros/indigo/lib:/opt/ros/indigo/lib/x86_64-linux-gnu', 'LANG': 'en_US.UTF-8', 'TERM': 'xterm-256color', 'SHELL': '/bin/bash', 'XDG_SESSION_PATH': '/org/freedesktop/DisplayManager/Session0', 'XAUTHORITY': '/home/fetch/.Xauthority', 'LANGUAGE': 'en_US', 'SESSION_MANAGER': 'local/freight1207:@/tmp/.ICE-unix/1484,unix/freight1207:/tmp/.ICE-unix/1484', 'SHLVL': '1', 'LESSCLOSE': '/usr/bin/lesspipe %s %s', 'QT_QPA_PLATFORMTHEME': 'appmenu-qt5', 'JOB': 'dbus', 'TEXTDOMAIN': 'im-config', 'QT4_IM_MODULE': 'xim', 'CLUTTER_IM_MODULE': 'xim', 'SESSION': 'ubuntu', 'SESSIONTYPE': 'gnome-session', 'XMODIFIERS': '@im=ibus', 'ROS_ETC_DIR': '/opt/ros/indigo/etc/ros', 'GPG_AGENT_INFO': '/run/user/1000/keyring-4vtMk2/gpg:0:1', 'HOME': '/home/fetch', 'SELINUX_INIT': 'YES', 'COMPIZ_BIN_PATH': '/usr/bin/', 'XDG_RUNTIME_DIR': '/run/user/1000', 'INSTANCE': '', 'PYTHONPATH': '/home/fetch/catkin_ws/devel/lib/python2.7/dist-packages:/opt/ros/indigo/lib/python2.7/dist-packages', 'COMPIZ_CONFIG_PROFILE': 'ubuntu', 'SSH_AUTH_SOCK': '/run/user/1000/keyring-4vtMk2/ssh', 'VTE_VERSION': '3409', 'ROS_ROOT': '/opt/ros/indigo/share/ros', 'GDMSESSION': 'ubuntu', 'IM_CONFIG_PHASE': '1', 'TEXTDOMAINDIR': '/usr/share/locale/', 'GNOME_KEYRING_PID': '1421', 'XDG_SEAT_PATH': '/org/freedesktop/DisplayManager/Seat0', 'ROS_PACKAGE_PATH': '/home/fetch/catkin_ws/src:/opt/ros/indigo/share:/opt/ros/indigo/stacks', 'XDG_CURRENT_DESKTOP': 'Unity', 'XDG_SESSION_ID': 'c2', 'DBUS_SESSION_BUS_ADDRESS': 'unix:abstract=/tmp/dbus-9Ok3VWg7EY', '_': '/opt/ros/indigo/bin/roslaunch', 'DEFAULTS_PATH': '/usr/share/gconf/ubuntu.default.path', 'GTK_IM_MODULE': 'ibus', 'DESKTOP_SESSION': 'ubuntu', 'UPSTART_SESSION': 'unix:abstract=/com/ubuntu/upstart-session/1000/1302', 'XDG_CONFIG_DIRS': '/etc/xdg/xdg-ubuntu:/usr/share/upstart/xdg:/etc/xdg', 'GTK_MODULES': 'overlay-scrollbar:unity-gtk-module', 'XDG_SEAT': 'seat0', 'OLDPWD': '/home/fetch/catkin_ws/src/robot_local_control', 'GDM_LANG': 'en_US', 'XDG_DATA_DIRS': '/usr/share/ubuntu:/usr/share/gnome:/usr/local/share/:/usr/share/', 'PWD': '/home/fetch/catkin_ws/src/robot_local_control/launch', 'QT_IM_MODULE': 'ibus', 'ROS_MASTER_URI': 'http://localhost:11311', 'COLORTERM': 'gnome-terminal', 'DISPLAY': ':0', 'XDG_MENU_PREFIX': 'gnome-', 'LS_COLORS': 'rs=0:di=01;34:ln=01;36:mh=00:pi=40;33:so=01;35:do=01;35:bd=40;33;01:cd=40;33;01:or=40;31;01:su=37;41:sg=30;43:ca=30;41:tw=30;42:ow=34;42:st=37;44:ex=01;32:*.tar=01;31:*.tgz=01;31:*.arj=01;31:*.taz=01;31:*.lzh=01;31:*.lzma=01;31:*.tlz=01;31:*.txz=01;31:*.zip=01;31:*.z=01;31:*.Z=01;31:*.dz=01;31:*.gz=01;31:*.lz=01;31:*.xz=01;31:*.bz2=01;31:*.bz=01;31:*.tbz=01;31:*.tbz2=01;31:*.tz=01;31:*.deb=01;31:*.rpm=01;31:*.jar=01;31:*.war=01;31:*.ear=01;31:*.sar=01;31:*.rar=01;31:*.ace=01;31:*.zoo=01;31:*.cpio=01;31:*.7z=01;31:*.rz=01;31:*.jpg=01;35:*.jpeg=01;35:*.gif=01;35:*.bmp=01;35:*.pbm=01;35:*.pgm=01;35:*.ppm=01;35:*.tga=01;35:*.xbm=01;35:*.xpm=01;35:*.tif=01;35:*.tiff=01;35:*.png=01;35:*.svg=01;35:*.svgz=01;35:*.mng=01;35:*.pcx=01;35:*.mov=01;35:*.mpg=01;35:*.mpeg=01;35:*.m2v=01;35:*.mkv=01;35:*.webm=01;35:*.ogm=01;35:*.mp4=01;35:*.m4v=01;35:*.mp4v=01;35:*.vob=01;35:*.qt=01;35:*.nuv=01;35:*.wmv=01;35:*.asf=01;35:*.rm=01;35:*.rmvb=01;35:*.flc=01;35:*.avi=01;35:*.fli=01;35:*.flv=01;35:*.gl=01;35:*.dl=01;35:*.xcf=01;35:*.xwd=01;35:*.yuv=01;35:*.cgm=01;35:*.emf=01;35:*.axv=01;35:*.anx=01;35:*.ogv=01;35:*.ogx=01;35:*.aac=00;36:*.au=00;36:*.flac=00;36:*.mid=00;36:*.midi=00;36:*.mka=00;36:*.mp3=00;36:*.mpc=00;36:*.ogg=00;36:*.ra=00;36:*.wav=00;36:*.axa=00;36:*.oga=00;36:*.spx=00;36:*.xspf=00;36:', 'USER': 'fetch'}
[roslaunch][INFO] 2020-10-19 00:55:52,757: starting in server mode
[roslaunch.parent][INFO] 2020-10-19 00:55:52,757: starting roslaunch parent run
[roslaunch][INFO] 2020-10-19 00:55:52,758: loading roscore config file /opt/ros/indigo/etc/ros/roscore.xml
[roslaunch][INFO] 2020-10-19 00:55:52,817: Added core node of type [rosout/rosout] in namespace [/]
[roslaunch.config][INFO] 2020-10-19 00:55:52,817: loading config file /home/fetch/catkin_ws/src/robot_local_control/launch/robot_local_control.launch
[roslaunch][INFO] 2020-10-19 00:55:52,819: Added node of type [robot_local_control/local_control_navigation] in namespace [/]
[roslaunch][INFO] 2020-10-19 00:55:52,819: Added node of type [robot_local_control/local_control_initialpose] in namespace [/]
[roslaunch][INFO] 2020-10-19 00:55:52,819: Added node of type [robot_local_control/robot_pose_publisher] in namespace [/]
[roslaunch][INFO] 2020-10-19 00:55:52,819: ... selected machine [] for node of type [robot_local_control/local_control_navigation]
[roslaunch][INFO] 2020-10-19 00:55:52,819: ... selected machine [] for node of type [robot_local_control/local_control_initialpose]
[roslaunch][INFO] 2020-10-19 00:55:52,819: ... selected machine [] for node of type [robot_local_control/robot_pose_publisher]
[roslaunch.pmon][INFO] 2020-10-19 00:55:52,820: start_process_monitor: creating ProcessMonitor
[roslaunch.pmon][INFO] 2020-10-19 00:55:52,820: created process monitor <ProcessMonitor(ProcessMonitor-1, initial daemon)>
[roslaunch.pmon][INFO] 2020-10-19 00:55:52,820: start_process_monitor: ProcessMonitor started
[roslaunch.parent][INFO] 2020-10-19 00:55:52,820: starting parent XML-RPC server
[roslaunch.server][INFO] 2020-10-19 00:55:52,820: starting roslaunch XML-RPC server
[roslaunch.server][INFO] 2020-10-19 00:55:52,820: waiting for roslaunch XML-RPC server to initialize
[xmlrpc][INFO] 2020-10-19 00:55:52,821: XML-RPC server binding to 0.0.0.0:0
[xmlrpc][INFO] 2020-10-19 00:55:52,821: Started XML-RPC server [http://freight1207:44744/]
[xmlrpc][INFO] 2020-10-19 00:55:52,821: xml rpc node: starting XML-RPC server
[roslaunch][INFO] 2020-10-19 00:55:52,832: started roslaunch server http://freight1207:44744/
[roslaunch.parent][INFO] 2020-10-19 00:55:52,832: ... parent XML-RPC server started
[roslaunch][INFO] 2020-10-19 00:55:52,832: master.is_running[http://localhost:11311]
[roslaunch][INFO] 2020-10-19 00:55:52,833: master.is_running[http://localhost:11311]
[roslaunch][INFO] 2020-10-19 00:55:52,834: ROS_MASTER_URI=http://localhost:11311
[roslaunch][INFO] 2020-10-19 00:55:52,835: setting /roslaunch/uris/host_freight1207__44744' to http://freight1207:44744/
[roslaunch][INFO] 2020-10-19 00:55:52,837: load_parameters starting ...
[roslaunch][INFO] 2020-10-19 00:55:52,838: ... load_parameters complete
[roslaunch][INFO] 2020-10-19 00:55:52,838: launch_nodes: launching local nodes ...
[roslaunch][INFO] 2020-10-19 00:55:52,838: ... preparing to launch node of type [robot_local_control/local_control_navigation]
[roslaunch][INFO] 2020-10-19 00:55:52,838: create_node_process: package[robot_local_control] type[local_control_navigation] machine[Machine(name[] env_loader[None] address[localhost] ssh_port[22] user[None] assignable[True] timeout[10.0])] master_uri[http://localhost:11311]
[roslaunch][INFO] 2020-10-19 00:55:52,838: process[local_control_navigation-1]: env[{'QT_QPA_PLATFORMTHEME': 'appmenu-qt5', 'ROS_DISTRO': 'indigo', 'XDG_GREETER_DATA_DIR': '/var/lib/lightdm-data/fetch', 'GNOME_DESKTOP_SESSION_ID': 'this-is-deprecated', 'LESSOPEN': '| /usr/bin/lesspipe %s', 'XDG_SEAT_PATH': '/org/freedesktop/DisplayManager/Seat0', 'CPATH': '/home/fetch/catkin_ws/devel/include:/opt/ros/indigo/include', 'LOGNAME': 'fetch', 'XDG_SEAT': 'seat0', 'PATH': '/opt/ros/indigo/bin:/usr/local/sbin:/usr/local/bin:/usr/sbin:/usr/bin:/sbin:/bin:/usr/games:/usr/local/games', 'XDG_VTNR': '7', 'GNOME_KEYRING_CONTROL': '/run/user/1000/keyring-4vtMk2', 'CMAKE_PREFIX_PATH': '/home/fetch/catkin_ws/devel:/opt/ros/indigo', 'LD_LIBRARY_PATH': '/home/fetch/catkin_ws/devel/lib:/opt/ros/indigo/lib:/opt/ros/indigo/lib/x86_64-linux-gnu', 'LANG': 'en_US.UTF-8', 'TERM': 'xterm-256color', 'SHELL': '/bin/bash', 'XDG_SESSION_PATH': '/org/freedesktop/DisplayManager/Session0', 'XAUTHORITY': '/home/fetch/.Xauthority', 'LANGUAGE': 'en_US', 'SESSION_MANAGER': 'local/freight1207:@/tmp/.ICE-unix/1484,unix/freight1207:/tmp/.ICE-unix/1484', 'SHLVL': '1', 'MANDATORY_PATH': '/usr/share/gconf/ubuntu.mandatory.path', 'CLUTTER_IM_MODULE': 'xim', 'ROS_LOG_FILENAME': '/home/fetch/.ros/log/8fdb4168-11d3-11eb-8797-000babe55698/roslaunch-freight1207-22725.log', 'TEXTDOMAIN': 'im-config', 'JOB': 'dbus', 'WINDOWID': '60820973', 'SESSIONTYPE': 'gnome-session', 'XMODIFIERS': '@im=ibus', 'ROS_MASTER_URI': 'http://localhost:11311', 'GPG_AGENT_INFO': '/run/user/1000/keyring-4vtMk2/gpg:0:1', 'HOME': '/home/fetch', 'QT4_IM_MODULE': 'xim', 'SELINUX_INIT': 'YES', 'SSH_AUTH_SOCK': '/run/user/1000/keyring-4vtMk2/ssh', 'XDG_RUNTIME_DIR': '/run/user/1000', 'GTK_IM_MODULE': 'ibus', 'PYTHONPATH': '/home/fetch/catkin_ws/devel/lib/python2.7/dist-packages:/opt/ros/indigo/lib/python2.7/dist-packages', 'COMPIZ_CONFIG_PROFILE': 'ubuntu', 'COMPIZ_BIN_PATH': '/usr/bin/', 'VTE_VERSION': '3409', 'ROS_ROOT': '/opt/ros/indigo/share/ros', 'GDMSESSION': 'ubuntu', 'IM_CONFIG_PHASE': '1', 'TEXTDOMAINDIR': '/usr/share/locale/', 'XDG_DATA_DIRS': '/usr/share/ubuntu:/usr/share/gnome:/usr/local/share/:/usr/share/', 'PKG_CONFIG_PATH': '/home/fetch/catkin_ws/devel/lib/pkgconfig:/opt/ros/indigo/lib/pkgconfig:/opt/ros/indigo/lib/x86_64-linux-gnu/pkgconfig', 'ROS_PACKAGE_PATH': '/home/fetch/catkin_ws/src:/opt/ros/indigo/share:/opt/ros/indigo/stacks', 'XDG_CURRENT_DESKTOP': 'Unity', 'XDG_SESSION_ID': 'c2', 'DBUS_SESSION_BUS_ADDRESS': 'unix:abstract=/tmp/dbus-9Ok3VWg7EY', '_': '/opt/ros/indigo/bin/roslaunch', 'DEFAULTS_PATH': '/usr/share/gconf/ubuntu.default.path', 'SESSION': 'ubuntu', 'DESKTOP_SESSION': 'ubuntu', 'UPSTART_SESSION': 'unix:abstract=/com/ubuntu/upstart-session/1000/1302', 'LESSCLOSE': '/usr/bin/lesspipe %s %s', 'GNOME_KEYRING_PID': '1421', 'OLDPWD': '/home/fetch/catkin_ws/src/robot_local_control', 'LS_COLORS': 'rs=0:di=01;34:ln=01;36:mh=00:pi=40;33:so=01;35:do=01;35:bd=40;33;01:cd=40;33;01:or=40;31;01:su=37;41:sg=30;43:ca=30;41:tw=30;42:ow=34;42:st=37;44:ex=01;32:*.tar=01;31:*.tgz=01;31:*.arj=01;31:*.taz=01;31:*.lzh=01;31:*.lzma=01;31:*.tlz=01;31:*.txz=01;31:*.zip=01;31:*.z=01;31:*.Z=01;31:*.dz=01;31:*.gz=01;31:*.lz=01;31:*.xz=01;31:*.bz2=01;31:*.bz=01;31:*.tbz=01;31:*.tbz2=01;31:*.tz=01;31:*.deb=01;31:*.rpm=01;31:*.jar=01;31:*.war=01;31:*.ear=01;31:*.sar=01;31:*.rar=01;31:*.ace=01;31:*.zoo=01;31:*.cpio=01;31:*.7z=01;31:*.rz=01;31:*.jpg=01;35:*.jpeg=01;35:*.gif=01;35:*.bmp=01;35:*.pbm=01;35:*.pgm=01;35:*.ppm=01;35:*.tga=01;35:*.xbm=01;35:*.xpm=01;35:*.tif=01;35:*.tiff=01;35:*.png=01;35:*.svg=01;35:*.svgz=01;35:*.mng=01;35:*.pcx=01;35:*.mov=01;35:*.mpg=01;35:*.mpeg=01;35:*.m2v=01;35:*.mkv=01;35:*.webm=01;35:*.ogm=01;35:*.mp4=01;35:*.m4v=01;35:*.mp4v=01;35:*.vob=01;35:*.qt=01;35:*.nuv=01;35:*.wmv=01;35:*.asf=01;35:*.rm=01;35:*.rmvb=01;35:*.flc=01;35:*.avi=01;35:*.fli=01;35:*.flv=01;35:*.gl=01;35:*.dl=01;35:*.xcf=01;35:*.xwd=01;35:*.yuv=01;35:*.cgm=01;35:*.emf=01;35:*.axv=01;35:*.anx=01;35:*.ogv=01;35:*.ogx=01;35:*.aac=00;36:*.au=00;36:*.flac=00;36:*.mid=00;36:*.midi=00;36:*.mka=00;36:*.mp3=00;36:*.mpc=00;36:*.ogg=00;36:*.ra=00;36:*.wav=00;36:*.axa=00;36:*.oga=00;36:*.spx=00;36:*.xspf=00;36:', 'GDM_LANG': 'en_US', 'GTK_MODULES': 'overlay-scrollbar:unity-gtk-module', 'INSTANCE': '', 'PWD': '/home/fetch/catkin_ws/src/robot_local_control/launch', 'QT_IM_MODULE': 'ibus', 'ROS_ETC_DIR': '/opt/ros/indigo/etc/ros', 'COLORTERM': 'gnome-terminal', 'DISPLAY': ':0', 'XDG_MENU_PREFIX': 'gnome-', 'XDG_CONFIG_DIRS': '/etc/xdg/xdg-ubuntu:/usr/share/upstart/xdg:/etc/xdg', 'USER': 'fetch'}]
[roslaunch][INFO] 2020-10-19 00:55:52,856: process[local_control_navigation-1]: args[[u'/home/fetch/catkin_ws/devel/lib/robot_local_control/local_control_navigation', u'__name:=local_control_navigation']]
[roslaunch][INFO] 2020-10-19 00:55:52,856: ... created process [local_control_navigation-1]
[roslaunch.pmon][INFO] 2020-10-19 00:55:52,856: ProcessMonitor.register[local_control_navigation-1]
[roslaunch.pmon][INFO] 2020-10-19 00:55:52,856: ProcessMonitor.register[local_control_navigation-1] complete
[roslaunch][INFO] 2020-10-19 00:55:52,856: ... registered process [local_control_navigation-1]
[roslaunch][INFO] 2020-10-19 00:55:52,856: process[local_control_navigation-1]: starting os process
[roslaunch][INFO] 2020-10-19 00:55:52,856: process[local_control_navigation-1]: start w/ args [[u'/home/fetch/catkin_ws/devel/lib/robot_local_control/local_control_navigation', u'__name:=local_control_navigation', u'__log:=/home/fetch/.ros/log/8fdb4168-11d3-11eb-8797-000babe55698/local_control_navigation-1.log']]
[roslaunch][INFO] 2020-10-19 00:55:52,856: process[local_control_navigation-1]: cwd will be [/home/fetch/.ros]
[roslaunch][INFO] 2020-10-19 00:55:52,858: process[local_control_navigation-1]: started with pid [22743]
[roslaunch][INFO] 2020-10-19 00:55:52,859: ... successfully launched [local_control_navigation-1]
[roslaunch][INFO] 2020-10-19 00:55:52,859: ... preparing to launch node of type [robot_local_control/local_control_initialpose]
[roslaunch][INFO] 2020-10-19 00:55:52,859: create_node_process: package[robot_local_control] type[local_control_initialpose] machine[Machine(name[] env_loader[None] address[localhost] ssh_port[22] user[None] assignable[True] timeout[10.0])] master_uri[http://localhost:11311]
[roslaunch][INFO] 2020-10-19 00:55:52,859: process[local_control_initialpose-2]: env[{'QT_QPA_PLATFORMTHEME': 'appmenu-qt5', 'ROS_DISTRO': 'indigo', 'XDG_GREETER_DATA_DIR': '/var/lib/lightdm-data/fetch', 'GNOME_DESKTOP_SESSION_ID': 'this-is-deprecated', 'LESSOPEN': '| /usr/bin/lesspipe %s', 'XDG_SEAT_PATH': '/org/freedesktop/DisplayManager/Seat0', 'CPATH': '/home/fetch/catkin_ws/devel/include:/opt/ros/indigo/include', 'LOGNAME': 'fetch', 'XDG_SEAT': 'seat0', 'PATH': '/opt/ros/indigo/bin:/usr/local/sbin:/usr/local/bin:/usr/sbin:/usr/bin:/sbin:/bin:/usr/games:/usr/local/games', 'XDG_VTNR': '7', 'GNOME_KEYRING_CONTROL': '/run/user/1000/keyring-4vtMk2', 'CMAKE_PREFIX_PATH': '/home/fetch/catkin_ws/devel:/opt/ros/indigo', 'LD_LIBRARY_PATH': '/home/fetch/catkin_ws/devel/lib:/opt/ros/indigo/lib:/opt/ros/indigo/lib/x86_64-linux-gnu', 'LANG': 'en_US.UTF-8', 'TERM': 'xterm-256color', 'SHELL': '/bin/bash', 'XDG_SESSION_PATH': '/org/freedesktop/DisplayManager/Session0', 'XAUTHORITY': '/home/fetch/.Xauthority', 'LANGUAGE': 'en_US', 'SESSION_MANAGER': 'local/freight1207:@/tmp/.ICE-unix/1484,unix/freight1207:/tmp/.ICE-unix/1484', 'SHLVL': '1', 'MANDATORY_PATH': '/usr/share/gconf/ubuntu.mandatory.path', 'CLUTTER_IM_MODULE': 'xim', 'ROS_LOG_FILENAME': '/home/fetch/.ros/log/8fdb4168-11d3-11eb-8797-000babe55698/roslaunch-freight1207-22725.log', 'TEXTDOMAIN': 'im-config', 'JOB': 'dbus', 'WINDOWID': '60820973', 'SESSIONTYPE': 'gnome-session', 'XMODIFIERS': '@im=ibus', 'ROS_MASTER_URI': 'http://localhost:11311', 'GPG_AGENT_INFO': '/run/user/1000/keyring-4vtMk2/gpg:0:1', 'HOME': '/home/fetch', 'QT4_IM_MODULE': 'xim', 'SELINUX_INIT': 'YES', 'SSH_AUTH_SOCK': '/run/user/1000/keyring-4vtMk2/ssh', 'XDG_RUNTIME_DIR': '/run/user/1000', 'GTK_IM_MODULE': 'ibus', 'PYTHONPATH': '/home/fetch/catkin_ws/devel/lib/python2.7/dist-packages:/opt/ros/indigo/lib/python2.7/dist-packages', 'COMPIZ_CONFIG_PROFILE': 'ubuntu', 'COMPIZ_BIN_PATH': '/usr/bin/', 'VTE_VERSION': '3409', 'ROS_ROOT': '/opt/ros/indigo/share/ros', 'GDMSESSION': 'ubuntu', 'IM_CONFIG_PHASE': '1', 'TEXTDOMAINDIR': '/usr/share/locale/', 'XDG_DATA_DIRS': '/usr/share/ubuntu:/usr/share/gnome:/usr/local/share/:/usr/share/', 'PKG_CONFIG_PATH': '/home/fetch/catkin_ws/devel/lib/pkgconfig:/opt/ros/indigo/lib/pkgconfig:/opt/ros/indigo/lib/x86_64-linux-gnu/pkgconfig', 'ROS_PACKAGE_PATH': '/home/fetch/catkin_ws/src:/opt/ros/indigo/share:/opt/ros/indigo/stacks', 'XDG_CURRENT_DESKTOP': 'Unity', 'XDG_SESSION_ID': 'c2', 'DBUS_SESSION_BUS_ADDRESS': 'unix:abstract=/tmp/dbus-9Ok3VWg7EY', '_': '/opt/ros/indigo/bin/roslaunch', 'DEFAULTS_PATH': '/usr/share/gconf/ubuntu.default.path', 'SESSION': 'ubuntu', 'DESKTOP_SESSION': 'ubuntu', 'UPSTART_SESSION': 'unix:abstract=/com/ubuntu/upstart-session/1000/1302', 'LESSCLOSE': '/usr/bin/lesspipe %s %s', 'GNOME_KEYRING_PID': '1421', 'OLDPWD': '/home/fetch/catkin_ws/src/robot_local_control', 'LS_COLORS': 'rs=0:di=01;34:ln=01;36:mh=00:pi=40;33:so=01;35:do=01;35:bd=40;33;01:cd=40;33;01:or=40;31;01:su=37;41:sg=30;43:ca=30;41:tw=30;42:ow=34;42:st=37;44:ex=01;32:*.tar=01;31:*.tgz=01;31:*.arj=01;31:*.taz=01;31:*.lzh=01;31:*.lzma=01;31:*.tlz=01;31:*.txz=01;31:*.zip=01;31:*.z=01;31:*.Z=01;31:*.dz=01;31:*.gz=01;31:*.lz=01;31:*.xz=01;31:*.bz2=01;31:*.bz=01;31:*.tbz=01;31:*.tbz2=01;31:*.tz=01;31:*.deb=01;31:*.rpm=01;31:*.jar=01;31:*.war=01;31:*.ear=01;31:*.sar=01;31:*.rar=01;31:*.ace=01;31:*.zoo=01;31:*.cpio=01;31:*.7z=01;31:*.rz=01;31:*.jpg=01;35:*.jpeg=01;35:*.gif=01;35:*.bmp=01;35:*.pbm=01;35:*.pgm=01;35:*.ppm=01;35:*.tga=01;35:*.xbm=01;35:*.xpm=01;35:*.tif=01;35:*.tiff=01;35:*.png=01;35:*.svg=01;35:*.svgz=01;35:*.mng=01;35:*.pcx=01;35:*.mov=01;35:*.mpg=01;35:*.mpeg=01;35:*.m2v=01;35:*.mkv=01;35:*.webm=01;35:*.ogm=01;35:*.mp4=01;35:*.m4v=01;35:*.mp4v=01;35:*.vob=01;35:*.qt=01;35:*.nuv=01;35:*.wmv=01;35:*.asf=01;35:*.rm=01;35:*.rmvb=01;35:*.flc=01;35:*.avi=01;35:*.fli=01;35:*.flv=01;35:*.gl=01;35:*.dl=01;35:*.xcf=01;35:*.xwd=01;35:*.yuv=01;35:*.cgm=01;35:*.emf=01;35:*.axv=01;35:*.anx=01;35:*.ogv=01;35:*.ogx=01;35:*.aac=00;36:*.au=00;36:*.flac=00;36:*.mid=00;36:*.midi=00;36:*.mka=00;36:*.mp3=00;36:*.mpc=00;36:*.ogg=00;36:*.ra=00;36:*.wav=00;36:*.axa=00;36:*.oga=00;36:*.spx=00;36:*.xspf=00;36:', 'GDM_LANG': 'en_US', 'GTK_MODULES': 'overlay-scrollbar:unity-gtk-module', 'INSTANCE': '', 'PWD': '/home/fetch/catkin_ws/src/robot_local_control/launch', 'QT_IM_MODULE': 'ibus', 'ROS_ETC_DIR': '/opt/ros/indigo/etc/ros', 'COLORTERM': 'gnome-terminal', 'DISPLAY': ':0', 'XDG_MENU_PREFIX': 'gnome-', 'XDG_CONFIG_DIRS': '/etc/xdg/xdg-ubuntu:/usr/share/upstart/xdg:/etc/xdg', 'USER': 'fetch'}]
[roslaunch][INFO] 2020-10-19 00:55:52,860: process[local_control_initialpose-2]: args[[u'/home/fetch/catkin_ws/devel/lib/robot_local_control/local_control_initialpose', u'__name:=local_control_initialpose']]
[roslaunch][INFO] 2020-10-19 00:55:52,860: ... created process [local_control_initialpose-2]
[roslaunch.pmon][INFO] 2020-10-19 00:55:52,860: ProcessMonitor.register[local_control_initialpose-2]
[roslaunch.pmon][INFO] 2020-10-19 00:55:52,860: ProcessMonitor.register[local_control_initialpose-2] complete
[roslaunch][INFO] 2020-10-19 00:55:52,860: ... registered process [local_control_initialpose-2]
[roslaunch][INFO] 2020-10-19 00:55:52,860: process[local_control_initialpose-2]: starting os process
[roslaunch][INFO] 2020-10-19 00:55:52,860: process[local_control_initialpose-2]: start w/ args [[u'/home/fetch/catkin_ws/devel/lib/robot_local_control/local_control_initialpose', u'__name:=local_control_initialpose', u'__log:=/home/fetch/.ros/log/8fdb4168-11d3-11eb-8797-000babe55698/local_control_initialpose-2.log']]
[roslaunch][INFO] 2020-10-19 00:55:52,860: process[local_control_initialpose-2]: cwd will be [/home/fetch/.ros]
[roslaunch][INFO] 2020-10-19 00:55:52,863: process[local_control_initialpose-2]: started with pid [22744]
[roslaunch][INFO] 2020-10-19 00:55:52,864: ... successfully launched [local_control_initialpose-2]
[roslaunch][INFO] 2020-10-19 00:55:52,864: ... preparing to launch node of type [robot_local_control/robot_pose_publisher]
[roslaunch][INFO] 2020-10-19 00:55:52,864: create_node_process: package[robot_local_control] type[robot_pose_publisher] machine[Machine(name[] env_loader[None] address[localhost] ssh_port[22] user[None] assignable[True] timeout[10.0])] master_uri[http://localhost:11311]
[roslaunch][INFO] 2020-10-19 00:55:52,864: process[robot_pose_publisher-3]: env[{'QT_QPA_PLATFORMTHEME': 'appmenu-qt5', 'ROS_DISTRO': 'indigo', 'XDG_GREETER_DATA_DIR': '/var/lib/lightdm-data/fetch', 'GNOME_DESKTOP_SESSION_ID': 'this-is-deprecated', 'LESSOPEN': '| /usr/bin/lesspipe %s', 'XDG_SEAT_PATH': '/org/freedesktop/DisplayManager/Seat0', 'CPATH': '/home/fetch/catkin_ws/devel/include:/opt/ros/indigo/include', 'LOGNAME': 'fetch', 'XDG_SEAT': 'seat0', 'PATH': '/opt/ros/indigo/bin:/usr/local/sbin:/usr/local/bin:/usr/sbin:/usr/bin:/sbin:/bin:/usr/games:/usr/local/games', 'XDG_VTNR': '7', 'GNOME_KEYRING_CONTROL': '/run/user/1000/keyring-4vtMk2', 'CMAKE_PREFIX_PATH': '/home/fetch/catkin_ws/devel:/opt/ros/indigo', 'LD_LIBRARY_PATH': '/home/fetch/catkin_ws/devel/lib:/opt/ros/indigo/lib:/opt/ros/indigo/lib/x86_64-linux-gnu', 'LANG': 'en_US.UTF-8', 'TERM': 'xterm-256color', 'SHELL': '/bin/bash', 'XDG_SESSION_PATH': '/org/freedesktop/DisplayManager/Session0', 'XAUTHORITY': '/home/fetch/.Xauthority', 'LANGUAGE': 'en_US', 'SESSION_MANAGER': 'local/freight1207:@/tmp/.ICE-unix/1484,unix/freight1207:/tmp/.ICE-unix/1484', 'SHLVL': '1', 'MANDATORY_PATH': '/usr/share/gconf/ubuntu.mandatory.path', 'CLUTTER_IM_MODULE': 'xim', 'ROS_LOG_FILENAME': '/home/fetch/.ros/log/8fdb4168-11d3-11eb-8797-000babe55698/roslaunch-freight1207-22725.log', 'TEXTDOMAIN': 'im-config', 'JOB': 'dbus', 'WINDOWID': '60820973', 'SESSIONTYPE': 'gnome-session', 'XMODIFIERS': '@im=ibus', 'ROS_MASTER_URI': 'http://localhost:11311', 'GPG_AGENT_INFO': '/run/user/1000/keyring-4vtMk2/gpg:0:1', 'HOME': '/home/fetch', 'QT4_IM_MODULE': 'xim', 'SELINUX_INIT': 'YES', 'SSH_AUTH_SOCK': '/run/user/1000/keyring-4vtMk2/ssh', 'XDG_RUNTIME_DIR': '/run/user/1000', 'GTK_IM_MODULE': 'ibus', 'PYTHONPATH': '/home/fetch/catkin_ws/devel/lib/python2.7/dist-packages:/opt/ros/indigo/lib/python2.7/dist-packages', 'COMPIZ_CONFIG_PROFILE': 'ubuntu', 'COMPIZ_BIN_PATH': '/usr/bin/', 'VTE_VERSION': '3409', 'ROS_ROOT': '/opt/ros/indigo/share/ros', 'GDMSESSION': 'ubuntu', 'IM_CONFIG_PHASE': '1', 'TEXTDOMAINDIR': '/usr/share/locale/', 'XDG_DATA_DIRS': '/usr/share/ubuntu:/usr/share/gnome:/usr/local/share/:/usr/share/', 'PKG_CONFIG_PATH': '/home/fetch/catkin_ws/devel/lib/pkgconfig:/opt/ros/indigo/lib/pkgconfig:/opt/ros/indigo/lib/x86_64-linux-gnu/pkgconfig', 'ROS_PACKAGE_PATH': '/home/fetch/catkin_ws/src:/opt/ros/indigo/share:/opt/ros/indigo/stacks', 'XDG_CURRENT_DESKTOP': 'Unity', 'XDG_SESSION_ID': 'c2', 'DBUS_SESSION_BUS_ADDRESS': 'unix:abstract=/tmp/dbus-9Ok3VWg7EY', '_': '/opt/ros/indigo/bin/roslaunch', 'DEFAULTS_PATH': '/usr/share/gconf/ubuntu.default.path', 'SESSION': 'ubuntu', 'DESKTOP_SESSION': 'ubuntu', 'UPSTART_SESSION': 'unix:abstract=/com/ubuntu/upstart-session/1000/1302', 'LESSCLOSE': '/usr/bin/lesspipe %s %s', 'GNOME_KEYRING_PID': '1421', 'OLDPWD': '/home/fetch/catkin_ws/src/robot_local_control', 'LS_COLORS': 'rs=0:di=01;34:ln=01;36:mh=00:pi=40;33:so=01;35:do=01;35:bd=40;33;01:cd=40;33;01:or=40;31;01:su=37;41:sg=30;43:ca=30;41:tw=30;42:ow=34;42:st=37;44:ex=01;32:*.tar=01;31:*.tgz=01;31:*.arj=01;31:*.taz=01;31:*.lzh=01;31:*.lzma=01;31:*.tlz=01;31:*.txz=01;31:*.zip=01;31:*.z=01;31:*.Z=01;31:*.dz=01;31:*.gz=01;31:*.lz=01;31:*.xz=01;31:*.bz2=01;31:*.bz=01;31:*.tbz=01;31:*.tbz2=01;31:*.tz=01;31:*.deb=01;31:*.rpm=01;31:*.jar=01;31:*.war=01;31:*.ear=01;31:*.sar=01;31:*.rar=01;31:*.ace=01;31:*.zoo=01;31:*.cpio=01;31:*.7z=01;31:*.rz=01;31:*.jpg=01;35:*.jpeg=01;35:*.gif=01;35:*.bmp=01;35:*.pbm=01;35:*.pgm=01;35:*.ppm=01;35:*.tga=01;35:*.xbm=01;35:*.xpm=01;35:*.tif=01;35:*.tiff=01;35:*.png=01;35:*.svg=01;35:*.svgz=01;35:*.mng=01;35:*.pcx=01;35:*.mov=01;35:*.mpg=01;35:*.mpeg=01;35:*.m2v=01;35:*.mkv=01;35:*.webm=01;35:*.ogm=01;35:*.mp4=01;35:*.m4v=01;35:*.mp4v=01;35:*.vob=01;35:*.qt=01;35:*.nuv=01;35:*.wmv=01;35:*.asf=01;35:*.rm=01;35:*.rmvb=01;35:*.flc=01;35:*.avi=01;35:*.fli=01;35:*.flv=01;35:*.gl=01;35:*.dl=01;35:*.xcf=01;35:*.xwd=01;35:*.yuv=01;35:*.cgm=01;35:*.emf=01;35:*.axv=01;35:*.anx=01;35:*.ogv=01;35:*.ogx=01;35:*.aac=00;36:*.au=00;36:*.flac=00;36:*.mid=00;36:*.midi=00;36:*.mka=00;36:*.mp3=00;36:*.mpc=00;36:*.ogg=00;36:*.ra=00;36:*.wav=00;36:*.axa=00;36:*.oga=00;36:*.spx=00;36:*.xspf=00;36:', 'GDM_LANG': 'en_US', 'GTK_MODULES': 'overlay-scrollbar:unity-gtk-module', 'INSTANCE': '', 'PWD': '/home/fetch/catkin_ws/src/robot_local_control/launch', 'QT_IM_MODULE': 'ibus', 'ROS_ETC_DIR': '/opt/ros/indigo/etc/ros', 'COLORTERM': 'gnome-terminal', 'DISPLAY': ':0', 'XDG_MENU_PREFIX': 'gnome-', 'XDG_CONFIG_DIRS': '/etc/xdg/xdg-ubuntu:/usr/share/upstart/xdg:/etc/xdg', 'USER': 'fetch'}]
[roslaunch][INFO] 2020-10-19 00:55:52,865: process[robot_pose_publisher-3]: args[[u'/home/fetch/catkin_ws/devel/lib/robot_local_control/robot_pose_publisher', u'__name:=robot_pose_publisher']]
[roslaunch][INFO] 2020-10-19 00:55:52,865: ... created process [robot_pose_publisher-3]
[roslaunch.pmon][INFO] 2020-10-19 00:55:52,865: ProcessMonitor.register[robot_pose_publisher-3]
[roslaunch.pmon][INFO] 2020-10-19 00:55:52,865: ProcessMonitor.register[robot_pose_publisher-3] complete
[roslaunch][INFO] 2020-10-19 00:55:52,865: ... registered process [robot_pose_publisher-3]
[roslaunch][INFO] 2020-10-19 00:55:52,865: process[robot_pose_publisher-3]: starting os process
[roslaunch][INFO] 2020-10-19 00:55:52,865: process[robot_pose_publisher-3]: start w/ args [[u'/home/fetch/catkin_ws/devel/lib/robot_local_control/robot_pose_publisher', u'__name:=robot_pose_publisher', u'__log:=/home/fetch/.ros/log/8fdb4168-11d3-11eb-8797-000babe55698/robot_pose_publisher-3.log']]
[roslaunch][INFO] 2020-10-19 00:55:52,865: process[robot_pose_publisher-3]: cwd will be [/home/fetch/.ros]
[roslaunch][INFO] 2020-10-19 00:55:52,867: process[robot_pose_publisher-3]: started with pid [22749]
[roslaunch][INFO] 2020-10-19 00:55:52,868: ... successfully launched [robot_pose_publisher-3]
[roslaunch][INFO] 2020-10-19 00:55:52,868: ... launch_nodes complete
[roslaunch.pmon][INFO] 2020-10-19 00:55:52,868: registrations completed <ProcessMonitor(ProcessMonitor-1, started daemon 139933682747136)>
[roslaunch.parent][INFO] 2020-10-19 00:55:52,868: ... roslaunch parent running, waiting for process exit
[roslaunch][INFO] 2020-10-19 00:55:52,868: spin
[roslaunch.pmon][INFO] 2020-10-19 00:56:06,258: ProcessMonitor.shutdown <ProcessMonitor(ProcessMonitor-1, started daemon 139933682747136)>
[roslaunch.pmon][INFO] 2020-10-19 00:56:06,343: ProcessMonitor._post_run <ProcessMonitor(ProcessMonitor-1, started daemon 139933682747136)>
[roslaunch.pmon][INFO] 2020-10-19 00:56:06,344: ProcessMonitor._post_run <ProcessMonitor(ProcessMonitor-1, started daemon 139933682747136)>: remaining procs are [<roslaunch.nodeprocess.LocalProcess object at 0x7f44d99bc710>, <roslaunch.nodeprocess.LocalProcess object at 0x7f44d99bcb10>, <roslaunch.nodeprocess.LocalProcess object at 0x7f44d99bcc50>]
[roslaunch.pmon][INFO] 2020-10-19 00:56:06,344: ProcessMonitor exit: killing robot_pose_publisher-3
[roslaunch][INFO] 2020-10-19 00:56:06,344: [robot_pose_publisher-3] killing on exit
[roslaunch.pmon][INFO] 2020-10-19 00:56:06,344: ProcessMonitor exit: killing local_control_initialpose-2
[roslaunch.pmon][INFO] 2020-10-19 00:56:06,344: ProcessMonitor exit: killing local_control_navigation-1
[roslaunch][INFO] 2020-10-19 00:56:06,344: [local_control_initialpose-2] killing on exit
[roslaunch][INFO] 2020-10-19 00:56:06,344: process[robot_pose_publisher-3]: killing os process with pid[22749] pgid[22749]
[roslaunch][INFO] 2020-10-19 00:56:06,345: [local_control_navigation-1] killing on exit
[roslaunch][INFO] 2020-10-19 00:56:06,345: [robot_pose_publisher-3] sending SIGINT to pgid [22749]
[roslaunch][INFO] 2020-10-19 00:56:06,345: process[local_control_initialpose-2]: killing os process with pid[22744] pgid[22744]
[roslaunch][INFO] 2020-10-19 00:56:06,345: [robot_pose_publisher-3] sent SIGINT to pgid [22749]
[roslaunch][INFO] 2020-10-19 00:56:06,345: process[local_control_navigation-1]: killing os process with pid[22743] pgid[22743]
[roslaunch][INFO] 2020-10-19 00:56:06,345: [local_control_initialpose-2] sending SIGINT to pgid [22744]
[roslaunch][INFO] 2020-10-19 00:56:06,346: [local_control_navigation-1] sending SIGINT to pgid [22743]
[roslaunch][INFO] 2020-10-19 00:56:06,346: [local_control_initialpose-2] sent SIGINT to pgid [22744]
[roslaunch][INFO] 2020-10-19 00:56:06,346: [local_control_navigation-1] sent SIGINT to pgid [22743]
[roslaunch][INFO] 2020-10-19 00:56:06,546: process[robot_pose_publisher-3]: SIGINT killed with return value 0
[roslaunch][INFO] 2020-10-19 00:56:06,546: process[local_control_initialpose-2]: SIGINT killed with return value 0
[roslaunch][INFO] 2020-10-19 00:56:06,647: process[local_control_navigation-1]: SIGINT killed with return value 0
[roslaunch.pmon][INFO] 2020-10-19 00:56:06,647: ProcessMonitor exit: cleaning up data structures and signals
[roslaunch.pmon][INFO] 2020-10-19 00:56:06,647: ProcessMonitor exit: pmon has shutdown
[roslaunch][INFO] 2020-10-19 00:56:06,672: process monitor is done spinning, initiating full shutdown
[roslaunch][INFO] 2020-10-19 00:56:06,672: runner.stop()
[roslaunch][INFO] 2020-10-19 00:56:06,672: shutting down processing monitor...
[roslaunch][INFO] 2020-10-19 00:56:06,672: shutting down processing monitor <ProcessMonitor(ProcessMonitor-1, stopped daemon 139933682747136)>
[roslaunch.pmon][INFO] 2020-10-19 00:56:06,672: ProcessMonitor.shutdown <ProcessMonitor(ProcessMonitor-1, stopped daemon 139933682747136)>
[roslaunch][INFO] 2020-10-19 00:56:06,672: ... shutting down processing monitor complete
[roslaunch][INFO] 2020-10-19 00:56:06,672: done
[roslaunch.pmon][INFO] 2020-10-19 00:56:06,672: ProcessMonitor.shutdown <ProcessMonitor(ProcessMonitor-1, stopped daemon 139933682747136)>
[rospy.core][INFO] 2020-10-19 00:56:06,672: signal_shutdown [atexit]
