[roslaunch][INFO] 2018-12-19 19:18:15,084: Checking log directory for disk usage. This may take awhile.
Press Ctrl-C to interrupt
[roslaunch][INFO] 2018-12-19 19:18:15,086: Done checking log file disk usage. Usage is <1GB.
[roslaunch][INFO] 2018-12-19 19:18:15,086: roslaunch starting with args ['/opt/ros/indigo/bin/roslaunch', 'fetch_navigation', 'freight_nav.launch']
[roslaunch][INFO] 2018-12-19 19:18:15,086: roslaunch env is {'LC_NUMERIC': 'ko_KR.UTF-8', 'ROS_DISTRO': 'indigo', 'LESSOPEN': '| /usr/bin/lesspipe %s', 'SSH_CLIENT': '192.168.1.200 59812 22', 'CPATH': '/home/fetch/catkin_ws/devel/include:/opt/ros/indigo/include', 'LOGNAME': 'fetch', 'USER': 'fetch', 'ROS_PACKAGE_PATH': '/home/fetch/catkin_ws/src:/opt/ros/indigo/share:/opt/ros/indigo/stacks', 'LC_PAPER': 'ko_KR.UTF-8', 'PATH': '/opt/ros/indigo/bin:/usr/local/sbin:/usr/local/bin:/usr/sbin:/usr/bin:/sbin:/bin:/usr/games:/usr/local/games', 'CMAKE_PREFIX_PATH': '/home/fetch/catkin_ws/devel:/opt/ros/indigo', 'LD_LIBRARY_PATH': '/home/fetch/catkin_ws/devel/lib:/opt/ros/indigo/lib:/opt/ros/indigo/lib/x86_64-linux-gnu', 'LANG': 'en_US.UTF-8', 'TERM': 'xterm-256color', 'SHELL': '/bin/bash', 'LC_MONETARY': 'ko_KR.UTF-8', 'QT_QPA_PLATFORMTHEME': 'appmenu-qt5', 'ROS_LOG_FILENAME': '/home/fetch/.ros/log/be670ad8-03fe-11e9-bf7f-000babe55698/roslaunch-freight1207-6838.log', 'ROS_ETC_DIR': '/opt/ros/indigo/etc/ros', 'HOME': '/home/fetch', 'XDG_RUNTIME_DIR': '/run/user/1000', 'LC_ADDRESS': 'ko_KR.UTF-8', 'PYTHONPATH': '/home/fetch/catkin_ws/devel/lib/python2.7/dist-packages:/opt/ros/indigo/lib/python2.7/dist-packages', 'SHLVL': '1', 'ROS_ROOT': '/opt/ros/indigo/share/ros', 'PKG_CONFIG_PATH': '/home/fetch/catkin_ws/devel/lib/pkgconfig:/opt/ros/indigo/lib/pkgconfig:/opt/ros/indigo/lib/x86_64-linux-gnu/pkgconfig', 'LC_ALL': 'C', 'XDG_SESSION_ID': '3', '_': '/opt/ros/indigo/bin/roslaunch', 'LC_IDENTIFICATION': 'ko_KR.UTF-8', 'SSH_CONNECTION': '192.168.1.200 59812 192.168.1.100 22', 'LESSCLOSE': '/usr/bin/lesspipe %s %s', 'SSH_TTY': '/dev/pts/1', 'OLDPWD': '/opt/ros/indigo/share/fetch_navigation', 'LC_TELEPHONE': 'ko_KR.UTF-8', 'LC_MEASUREMENT': 'ko_KR.UTF-8', 'PWD': '/opt/ros/indigo/share/fetch_navigation/launch', 'ROS_MASTER_URI': 'http://localhost:11311', 'LC_NAME': 'ko_KR.UTF-8', 'MAIL': '/var/mail/fetch', 'LC_TIME': 'ko_KR.UTF-8', 'LS_COLORS': 'rs=0:di=01;34:ln=01;36:mh=00:pi=40;33:so=01;35:do=01;35:bd=40;33;01:cd=40;33;01:or=40;31;01:su=37;41:sg=30;43:ca=30;41:tw=30;42:ow=34;42:st=37;44:ex=01;32:*.tar=01;31:*.tgz=01;31:*.arj=01;31:*.taz=01;31:*.lzh=01;31:*.lzma=01;31:*.tlz=01;31:*.txz=01;31:*.zip=01;31:*.z=01;31:*.Z=01;31:*.dz=01;31:*.gz=01;31:*.lz=01;31:*.xz=01;31:*.bz2=01;31:*.bz=01;31:*.tbz=01;31:*.tbz2=01;31:*.tz=01;31:*.deb=01;31:*.rpm=01;31:*.jar=01;31:*.war=01;31:*.ear=01;31:*.sar=01;31:*.rar=01;31:*.ace=01;31:*.zoo=01;31:*.cpio=01;31:*.7z=01;31:*.rz=01;31:*.jpg=01;35:*.jpeg=01;35:*.gif=01;35:*.bmp=01;35:*.pbm=01;35:*.pgm=01;35:*.ppm=01;35:*.tga=01;35:*.xbm=01;35:*.xpm=01;35:*.tif=01;35:*.tiff=01;35:*.png=01;35:*.svg=01;35:*.svgz=01;35:*.mng=01;35:*.pcx=01;35:*.mov=01;35:*.mpg=01;35:*.mpeg=01;35:*.m2v=01;35:*.mkv=01;35:*.webm=01;35:*.ogm=01;35:*.mp4=01;35:*.m4v=01;35:*.mp4v=01;35:*.vob=01;35:*.qt=01;35:*.nuv=01;35:*.wmv=01;35:*.asf=01;35:*.rm=01;35:*.rmvb=01;35:*.flc=01;35:*.avi=01;35:*.fli=01;35:*.flv=01;35:*.gl=01;35:*.dl=01;35:*.xcf=01;35:*.xwd=01;35:*.yuv=01;35:*.cgm=01;35:*.emf=01;35:*.axv=01;35:*.anx=01;35:*.ogv=01;35:*.ogx=01;35:*.aac=00;36:*.au=00;36:*.flac=00;36:*.mid=00;36:*.midi=00;36:*.mka=00;36:*.mp3=00;36:*.mpc=00;36:*.ogg=00;36:*.ra=00;36:*.wav=00;36:*.axa=00;36:*.oga=00;36:*.spx=00;36:*.xspf=00;36:'}
[roslaunch][INFO] 2018-12-19 19:18:15,086: starting in server mode
[roslaunch.parent][INFO] 2018-12-19 19:18:15,086: starting roslaunch parent run
[roslaunch][INFO] 2018-12-19 19:18:15,087: loading roscore config file /opt/ros/indigo/etc/ros/roscore.xml
[roslaunch][INFO] 2018-12-19 19:18:15,143: Added core node of type [rosout/rosout] in namespace [/]
[roslaunch.config][INFO] 2018-12-19 19:18:15,144: loading config file /opt/ros/indigo/share/fetch_navigation/launch/freight_nav.launch
[roslaunch][INFO] 2018-12-19 19:18:15,161: Added node of type [map_server/map_server] in namespace [/]
[roslaunch][INFO] 2018-12-19 19:18:15,166: Added node of type [amcl/amcl] in namespace [/]
[roslaunch][INFO] 2018-12-19 19:18:15,184: Added node of type [move_base/move_base] in namespace [/]
[roslaunch][INFO] 2018-12-19 19:18:15,184: ... selected machine [] for node of type [map_server/map_server]
[roslaunch][INFO] 2018-12-19 19:18:15,184: ... selected machine [] for node of type [amcl/amcl]
[roslaunch][INFO] 2018-12-19 19:18:15,185: ... selected machine [] for node of type [move_base/move_base]
[roslaunch.pmon][INFO] 2018-12-19 19:18:15,185: start_process_monitor: creating ProcessMonitor
[roslaunch.pmon][INFO] 2018-12-19 19:18:15,185: created process monitor <ProcessMonitor(ProcessMonitor-1, initial daemon)>
[roslaunch.pmon][INFO] 2018-12-19 19:18:15,185: start_process_monitor: ProcessMonitor started
[roslaunch.parent][INFO] 2018-12-19 19:18:15,186: starting parent XML-RPC server
[roslaunch.server][INFO] 2018-12-19 19:18:15,186: starting roslaunch XML-RPC server
[roslaunch.server][INFO] 2018-12-19 19:18:15,186: waiting for roslaunch XML-RPC server to initialize
[xmlrpc][INFO] 2018-12-19 19:18:15,186: XML-RPC server binding to 0.0.0.0:0
[xmlrpc][INFO] 2018-12-19 19:18:15,186: Started XML-RPC server [http://freight1207:44142/]
[xmlrpc][INFO] 2018-12-19 19:18:15,186: xml rpc node: starting XML-RPC server
[roslaunch][INFO] 2018-12-19 19:18:15,197: started roslaunch server http://freight1207:44142/
[roslaunch.parent][INFO] 2018-12-19 19:18:15,197: ... parent XML-RPC server started
[roslaunch][INFO] 2018-12-19 19:18:15,198: master.is_running[http://localhost:11311]
[roslaunch][INFO] 2018-12-19 19:18:15,198: master.is_running[http://localhost:11311]
[roslaunch][INFO] 2018-12-19 19:18:15,199: ROS_MASTER_URI=http://localhost:11311
[roslaunch][INFO] 2018-12-19 19:18:15,200: setting /roslaunch/uris/host_freight1207__44142' to http://freight1207:44142/
[roslaunch][INFO] 2018-12-19 19:18:15,202: load_parameters starting ...
[roslaunch][INFO] 2018-12-19 19:18:15,221: ... load_parameters complete
[roslaunch][INFO] 2018-12-19 19:18:15,221: launch_nodes: launching local nodes ...
[roslaunch][INFO] 2018-12-19 19:18:15,221: ... preparing to launch node of type [map_server/map_server]
[roslaunch][INFO] 2018-12-19 19:18:15,221: create_node_process: package[map_server] type[map_server] machine[Machine(name[] env_loader[None] address[localhost] ssh_port[22] user[None] assignable[True] timeout[10.0])] master_uri[http://localhost:11311]
[roslaunch][INFO] 2018-12-19 19:18:15,221: process[map_server-1]: env[{'LC_NUMERIC': 'ko_KR.UTF-8', 'ROS_DISTRO': 'indigo', 'LC_MEASUREMENT': 'ko_KR.UTF-8', 'LESSOPEN': '| /usr/bin/lesspipe %s', 'SSH_CLIENT': '192.168.1.200 59812 22', 'CPATH': '/home/fetch/catkin_ws/devel/include:/opt/ros/indigo/include', 'LOGNAME': 'fetch', 'USER': 'fetch', 'HOME': '/home/fetch', 'LC_PAPER': 'ko_KR.UTF-8', 'PATH': '/opt/ros/indigo/bin:/usr/local/sbin:/usr/local/bin:/usr/sbin:/usr/bin:/sbin:/bin:/usr/games:/usr/local/games', 'CMAKE_PREFIX_PATH': '/home/fetch/catkin_ws/devel:/opt/ros/indigo', 'ROS_LOG_FILENAME': '/home/fetch/.ros/log/be670ad8-03fe-11e9-bf7f-000babe55698/roslaunch-freight1207-6838.log', 'LANG': 'en_US.UTF-8', 'TERM': 'xterm-256color', 'SHELL': '/bin/bash', 'LC_MONETARY': 'ko_KR.UTF-8', 'QT_QPA_PLATFORMTHEME': 'appmenu-qt5', 'LD_LIBRARY_PATH': '/home/fetch/catkin_ws/devel/lib:/opt/ros/indigo/lib:/opt/ros/indigo/lib/x86_64-linux-gnu', 'ROS_MASTER_URI': 'http://localhost:11311', 'LC_ALL': 'C', 'XDG_RUNTIME_DIR': '/run/user/1000', 'LC_ADDRESS': 'ko_KR.UTF-8', 'PYTHONPATH': '/home/fetch/catkin_ws/devel/lib/python2.7/dist-packages:/opt/ros/indigo/lib/python2.7/dist-packages', 'ROS_ROOT': '/opt/ros/indigo/share/ros', 'PKG_CONFIG_PATH': '/home/fetch/catkin_ws/devel/lib/pkgconfig:/opt/ros/indigo/lib/pkgconfig:/opt/ros/indigo/lib/x86_64-linux-gnu/pkgconfig', 'ROS_PACKAGE_PATH': '/home/fetch/catkin_ws/src:/opt/ros/indigo/share:/opt/ros/indigo/stacks', 'XDG_SESSION_ID': '3', '_': '/opt/ros/indigo/bin/roslaunch', 'LC_IDENTIFICATION': 'ko_KR.UTF-8', 'LS_COLORS': 'rs=0:di=01;34:ln=01;36:mh=00:pi=40;33:so=01;35:do=01;35:bd=40;33;01:cd=40;33;01:or=40;31;01:su=37;41:sg=30;43:ca=30;41:tw=30;42:ow=34;42:st=37;44:ex=01;32:*.tar=01;31:*.tgz=01;31:*.arj=01;31:*.taz=01;31:*.lzh=01;31:*.lzma=01;31:*.tlz=01;31:*.txz=01;31:*.zip=01;31:*.z=01;31:*.Z=01;31:*.dz=01;31:*.gz=01;31:*.lz=01;31:*.xz=01;31:*.bz2=01;31:*.bz=01;31:*.tbz=01;31:*.tbz2=01;31:*.tz=01;31:*.deb=01;31:*.rpm=01;31:*.jar=01;31:*.war=01;31:*.ear=01;31:*.sar=01;31:*.rar=01;31:*.ace=01;31:*.zoo=01;31:*.cpio=01;31:*.7z=01;31:*.rz=01;31:*.jpg=01;35:*.jpeg=01;35:*.gif=01;35:*.bmp=01;35:*.pbm=01;35:*.pgm=01;35:*.ppm=01;35:*.tga=01;35:*.xbm=01;35:*.xpm=01;35:*.tif=01;35:*.tiff=01;35:*.png=01;35:*.svg=01;35:*.svgz=01;35:*.mng=01;35:*.pcx=01;35:*.mov=01;35:*.mpg=01;35:*.mpeg=01;35:*.m2v=01;35:*.mkv=01;35:*.webm=01;35:*.ogm=01;35:*.mp4=01;35:*.m4v=01;35:*.mp4v=01;35:*.vob=01;35:*.qt=01;35:*.nuv=01;35:*.wmv=01;35:*.asf=01;35:*.rm=01;35:*.rmvb=01;35:*.flc=01;35:*.avi=01;35:*.fli=01;35:*.flv=01;35:*.gl=01;35:*.dl=01;35:*.xcf=01;35:*.xwd=01;35:*.yuv=01;35:*.cgm=01;35:*.emf=01;35:*.axv=01;35:*.anx=01;35:*.ogv=01;35:*.ogx=01;35:*.aac=00;36:*.au=00;36:*.flac=00;36:*.mid=00;36:*.midi=00;36:*.mka=00;36:*.mp3=00;36:*.mpc=00;36:*.ogg=00;36:*.ra=00;36:*.wav=00;36:*.axa=00;36:*.oga=00;36:*.spx=00;36:*.xspf=00;36:', 'LESSCLOSE': '/usr/bin/lesspipe %s %s', 'SSH_TTY': '/dev/pts/1', 'OLDPWD': '/opt/ros/indigo/share/fetch_navigation', 'LC_TELEPHONE': 'ko_KR.UTF-8', 'SHLVL': '1', 'PWD': '/opt/ros/indigo/share/fetch_navigation/launch', 'ROS_ETC_DIR': '/opt/ros/indigo/etc/ros', 'LC_NAME': 'ko_KR.UTF-8', 'MAIL': '/var/mail/fetch', 'LC_TIME': 'ko_KR.UTF-8', 'SSH_CONNECTION': '192.168.1.200 59812 192.168.1.100 22'}]
[roslaunch][INFO] 2018-12-19 19:18:15,239: process[map_server-1]: args[[u'/opt/ros/indigo/lib/map_server/map_server', '/home/fetch/maps/uok03.yaml', u'__name:=map_server']]
[roslaunch][INFO] 2018-12-19 19:18:15,239: ... created process [map_server-1]
[roslaunch.pmon][INFO] 2018-12-19 19:18:15,239: ProcessMonitor.register[map_server-1]
[roslaunch.pmon][INFO] 2018-12-19 19:18:15,239: ProcessMonitor.register[map_server-1] complete
[roslaunch][INFO] 2018-12-19 19:18:15,239: ... registered process [map_server-1]
[roslaunch][INFO] 2018-12-19 19:18:15,239: process[map_server-1]: starting os process
[roslaunch][INFO] 2018-12-19 19:18:15,239: process[map_server-1]: start w/ args [[u'/opt/ros/indigo/lib/map_server/map_server', '/home/fetch/maps/uok03.yaml', u'__name:=map_server', u'__log:=/home/fetch/.ros/log/be670ad8-03fe-11e9-bf7f-000babe55698/map_server-1.log']]
[roslaunch][INFO] 2018-12-19 19:18:15,239: process[map_server-1]: cwd will be [/home/fetch/.ros]
[roslaunch][INFO] 2018-12-19 19:18:15,241: process[map_server-1]: started with pid [6856]
[roslaunch][INFO] 2018-12-19 19:18:15,241: ... successfully launched [map_server-1]
[roslaunch][INFO] 2018-12-19 19:18:15,241: ... preparing to launch node of type [amcl/amcl]
[roslaunch][INFO] 2018-12-19 19:18:15,241: create_node_process: package[amcl] type[amcl] machine[Machine(name[] env_loader[None] address[localhost] ssh_port[22] user[None] assignable[True] timeout[10.0])] master_uri[http://localhost:11311]
[roslaunch][INFO] 2018-12-19 19:18:15,241: process[amcl-2]: env[{'LC_NUMERIC': 'ko_KR.UTF-8', 'ROS_DISTRO': 'indigo', 'LC_MEASUREMENT': 'ko_KR.UTF-8', 'LESSOPEN': '| /usr/bin/lesspipe %s', 'SSH_CLIENT': '192.168.1.200 59812 22', 'CPATH': '/home/fetch/catkin_ws/devel/include:/opt/ros/indigo/include', 'LOGNAME': 'fetch', 'USER': 'fetch', 'HOME': '/home/fetch', 'LC_PAPER': 'ko_KR.UTF-8', 'PATH': '/opt/ros/indigo/bin:/usr/local/sbin:/usr/local/bin:/usr/sbin:/usr/bin:/sbin:/bin:/usr/games:/usr/local/games', 'CMAKE_PREFIX_PATH': '/home/fetch/catkin_ws/devel:/opt/ros/indigo', 'ROS_LOG_FILENAME': '/home/fetch/.ros/log/be670ad8-03fe-11e9-bf7f-000babe55698/roslaunch-freight1207-6838.log', 'LANG': 'en_US.UTF-8', 'TERM': 'xterm-256color', 'SHELL': '/bin/bash', 'LC_MONETARY': 'ko_KR.UTF-8', 'QT_QPA_PLATFORMTHEME': 'appmenu-qt5', 'LD_LIBRARY_PATH': '/home/fetch/catkin_ws/devel/lib:/opt/ros/indigo/lib:/opt/ros/indigo/lib/x86_64-linux-gnu', 'ROS_MASTER_URI': 'http://localhost:11311', 'LC_ALL': 'C', 'XDG_RUNTIME_DIR': '/run/user/1000', 'LC_ADDRESS': 'ko_KR.UTF-8', 'PYTHONPATH': '/home/fetch/catkin_ws/devel/lib/python2.7/dist-packages:/opt/ros/indigo/lib/python2.7/dist-packages', 'ROS_ROOT': '/opt/ros/indigo/share/ros', 'PKG_CONFIG_PATH': '/home/fetch/catkin_ws/devel/lib/pkgconfig:/opt/ros/indigo/lib/pkgconfig:/opt/ros/indigo/lib/x86_64-linux-gnu/pkgconfig', 'ROS_PACKAGE_PATH': '/home/fetch/catkin_ws/src:/opt/ros/indigo/share:/opt/ros/indigo/stacks', 'XDG_SESSION_ID': '3', '_': '/opt/ros/indigo/bin/roslaunch', 'LC_IDENTIFICATION': 'ko_KR.UTF-8', 'LS_COLORS': 'rs=0:di=01;34:ln=01;36:mh=00:pi=40;33:so=01;35:do=01;35:bd=40;33;01:cd=40;33;01:or=40;31;01:su=37;41:sg=30;43:ca=30;41:tw=30;42:ow=34;42:st=37;44:ex=01;32:*.tar=01;31:*.tgz=01;31:*.arj=01;31:*.taz=01;31:*.lzh=01;31:*.lzma=01;31:*.tlz=01;31:*.txz=01;31:*.zip=01;31:*.z=01;31:*.Z=01;31:*.dz=01;31:*.gz=01;31:*.lz=01;31:*.xz=01;31:*.bz2=01;31:*.bz=01;31:*.tbz=01;31:*.tbz2=01;31:*.tz=01;31:*.deb=01;31:*.rpm=01;31:*.jar=01;31:*.war=01;31:*.ear=01;31:*.sar=01;31:*.rar=01;31:*.ace=01;31:*.zoo=01;31:*.cpio=01;31:*.7z=01;31:*.rz=01;31:*.jpg=01;35:*.jpeg=01;35:*.gif=01;35:*.bmp=01;35:*.pbm=01;35:*.pgm=01;35:*.ppm=01;35:*.tga=01;35:*.xbm=01;35:*.xpm=01;35:*.tif=01;35:*.tiff=01;35:*.png=01;35:*.svg=01;35:*.svgz=01;35:*.mng=01;35:*.pcx=01;35:*.mov=01;35:*.mpg=01;35:*.mpeg=01;35:*.m2v=01;35:*.mkv=01;35:*.webm=01;35:*.ogm=01;35:*.mp4=01;35:*.m4v=01;35:*.mp4v=01;35:*.vob=01;35:*.qt=01;35:*.nuv=01;35:*.wmv=01;35:*.asf=01;35:*.rm=01;35:*.rmvb=01;35:*.flc=01;35:*.avi=01;35:*.fli=01;35:*.flv=01;35:*.gl=01;35:*.dl=01;35:*.xcf=01;35:*.xwd=01;35:*.yuv=01;35:*.cgm=01;35:*.emf=01;35:*.axv=01;35:*.anx=01;35:*.ogv=01;35:*.ogx=01;35:*.aac=00;36:*.au=00;36:*.flac=00;36:*.mid=00;36:*.midi=00;36:*.mka=00;36:*.mp3=00;36:*.mpc=00;36:*.ogg=00;36:*.ra=00;36:*.wav=00;36:*.axa=00;36:*.oga=00;36:*.spx=00;36:*.xspf=00;36:', 'LESSCLOSE': '/usr/bin/lesspipe %s %s', 'SSH_TTY': '/dev/pts/1', 'OLDPWD': '/opt/ros/indigo/share/fetch_navigation', 'LC_TELEPHONE': 'ko_KR.UTF-8', 'SHLVL': '1', 'PWD': '/opt/ros/indigo/share/fetch_navigation/launch', 'ROS_ETC_DIR': '/opt/ros/indigo/etc/ros', 'LC_NAME': 'ko_KR.UTF-8', 'MAIL': '/var/mail/fetch', 'LC_TIME': 'ko_KR.UTF-8', 'SSH_CONNECTION': '192.168.1.200 59812 192.168.1.100 22'}]
[roslaunch][INFO] 2018-12-19 19:18:15,242: process[amcl-2]: args[[u'/opt/ros/indigo/lib/amcl/amcl', u'scan:=base_scan', u'map:=map', u'__name:=amcl']]
[roslaunch][INFO] 2018-12-19 19:18:15,242: ... created process [amcl-2]
[roslaunch.pmon][INFO] 2018-12-19 19:18:15,242: ProcessMonitor.register[amcl-2]
[roslaunch.pmon][INFO] 2018-12-19 19:18:15,242: ProcessMonitor.register[amcl-2] complete
[roslaunch][INFO] 2018-12-19 19:18:15,242: ... registered process [amcl-2]
[roslaunch][INFO] 2018-12-19 19:18:15,242: process[amcl-2]: starting os process
[roslaunch][INFO] 2018-12-19 19:18:15,242: process[amcl-2]: start w/ args [[u'/opt/ros/indigo/lib/amcl/amcl', u'scan:=base_scan', u'map:=map', u'__name:=amcl', u'__log:=/home/fetch/.ros/log/be670ad8-03fe-11e9-bf7f-000babe55698/amcl-2.log']]
[roslaunch][INFO] 2018-12-19 19:18:15,242: process[amcl-2]: cwd will be [/home/fetch/.ros]
[roslaunch][INFO] 2018-12-19 19:18:15,248: process[amcl-2]: started with pid [6857]
[roslaunch][INFO] 2018-12-19 19:18:15,248: ... successfully launched [amcl-2]
[roslaunch][INFO] 2018-12-19 19:18:15,248: ... preparing to launch node of type [move_base/move_base]
[roslaunch][INFO] 2018-12-19 19:18:15,248: create_node_process: package[move_base] type[move_base] machine[Machine(name[] env_loader[None] address[localhost] ssh_port[22] user[None] assignable[True] timeout[10.0])] master_uri[http://localhost:11311]
[roslaunch][INFO] 2018-12-19 19:18:15,248: process[move_base-3]: env[{'LC_NUMERIC': 'ko_KR.UTF-8', 'ROS_DISTRO': 'indigo', 'LC_MEASUREMENT': 'ko_KR.UTF-8', 'LESSOPEN': '| /usr/bin/lesspipe %s', 'SSH_CLIENT': '192.168.1.200 59812 22', 'CPATH': '/home/fetch/catkin_ws/devel/include:/opt/ros/indigo/include', 'LOGNAME': 'fetch', 'USER': 'fetch', 'HOME': '/home/fetch', 'LC_PAPER': 'ko_KR.UTF-8', 'PATH': '/opt/ros/indigo/bin:/usr/local/sbin:/usr/local/bin:/usr/sbin:/usr/bin:/sbin:/bin:/usr/games:/usr/local/games', 'CMAKE_PREFIX_PATH': '/home/fetch/catkin_ws/devel:/opt/ros/indigo', 'ROS_LOG_FILENAME': '/home/fetch/.ros/log/be670ad8-03fe-11e9-bf7f-000babe55698/roslaunch-freight1207-6838.log', 'LANG': 'en_US.UTF-8', 'TERM': 'xterm-256color', 'SHELL': '/bin/bash', 'LC_MONETARY': 'ko_KR.UTF-8', 'QT_QPA_PLATFORMTHEME': 'appmenu-qt5', 'LD_LIBRARY_PATH': '/home/fetch/catkin_ws/devel/lib:/opt/ros/indigo/lib:/opt/ros/indigo/lib/x86_64-linux-gnu', 'ROS_MASTER_URI': 'http://localhost:11311', 'LC_ALL': 'C', 'XDG_RUNTIME_DIR': '/run/user/1000', 'LC_ADDRESS': 'ko_KR.UTF-8', 'PYTHONPATH': '/home/fetch/catkin_ws/devel/lib/python2.7/dist-packages:/opt/ros/indigo/lib/python2.7/dist-packages', 'ROS_ROOT': '/opt/ros/indigo/share/ros', 'PKG_CONFIG_PATH': '/home/fetch/catkin_ws/devel/lib/pkgconfig:/opt/ros/indigo/lib/pkgconfig:/opt/ros/indigo/lib/x86_64-linux-gnu/pkgconfig', 'ROS_PACKAGE_PATH': '/home/fetch/catkin_ws/src:/opt/ros/indigo/share:/opt/ros/indigo/stacks', 'XDG_SESSION_ID': '3', '_': '/opt/ros/indigo/bin/roslaunch', 'LC_IDENTIFICATION': 'ko_KR.UTF-8', 'LS_COLORS': 'rs=0:di=01;34:ln=01;36:mh=00:pi=40;33:so=01;35:do=01;35:bd=40;33;01:cd=40;33;01:or=40;31;01:su=37;41:sg=30;43:ca=30;41:tw=30;42:ow=34;42:st=37;44:ex=01;32:*.tar=01;31:*.tgz=01;31:*.arj=01;31:*.taz=01;31:*.lzh=01;31:*.lzma=01;31:*.tlz=01;31:*.txz=01;31:*.zip=01;31:*.z=01;31:*.Z=01;31:*.dz=01;31:*.gz=01;31:*.lz=01;31:*.xz=01;31:*.bz2=01;31:*.bz=01;31:*.tbz=01;31:*.tbz2=01;31:*.tz=01;31:*.deb=01;31:*.rpm=01;31:*.jar=01;31:*.war=01;31:*.ear=01;31:*.sar=01;31:*.rar=01;31:*.ace=01;31:*.zoo=01;31:*.cpio=01;31:*.7z=01;31:*.rz=01;31:*.jpg=01;35:*.jpeg=01;35:*.gif=01;35:*.bmp=01;35:*.pbm=01;35:*.pgm=01;35:*.ppm=01;35:*.tga=01;35:*.xbm=01;35:*.xpm=01;35:*.tif=01;35:*.tiff=01;35:*.png=01;35:*.svg=01;35:*.svgz=01;35:*.mng=01;35:*.pcx=01;35:*.mov=01;35:*.mpg=01;35:*.mpeg=01;35:*.m2v=01;35:*.mkv=01;35:*.webm=01;35:*.ogm=01;35:*.mp4=01;35:*.m4v=01;35:*.mp4v=01;35:*.vob=01;35:*.qt=01;35:*.nuv=01;35:*.wmv=01;35:*.asf=01;35:*.rm=01;35:*.rmvb=01;35:*.flc=01;35:*.avi=01;35:*.fli=01;35:*.flv=01;35:*.gl=01;35:*.dl=01;35:*.xcf=01;35:*.xwd=01;35:*.yuv=01;35:*.cgm=01;35:*.emf=01;35:*.axv=01;35:*.anx=01;35:*.ogv=01;35:*.ogx=01;35:*.aac=00;36:*.au=00;36:*.flac=00;36:*.mid=00;36:*.midi=00;36:*.mka=00;36:*.mp3=00;36:*.mpc=00;36:*.ogg=00;36:*.ra=00;36:*.wav=00;36:*.axa=00;36:*.oga=00;36:*.spx=00;36:*.xspf=00;36:', 'LESSCLOSE': '/usr/bin/lesspipe %s %s', 'SSH_TTY': '/dev/pts/1', 'OLDPWD': '/opt/ros/indigo/share/fetch_navigation', 'LC_TELEPHONE': 'ko_KR.UTF-8', 'SHLVL': '1', 'PWD': '/opt/ros/indigo/share/fetch_navigation/launch', 'ROS_ETC_DIR': '/opt/ros/indigo/etc/ros', 'LC_NAME': 'ko_KR.UTF-8', 'MAIL': '/var/mail/fetch', 'LC_TIME': 'ko_KR.UTF-8', 'SSH_CONNECTION': '192.168.1.200 59812 192.168.1.100 22'}]
[roslaunch][INFO] 2018-12-19 19:18:15,249: process[move_base-3]: args[[u'/opt/ros/indigo/lib/move_base/move_base', u'cmd_vel:=cmd_vel', u'odom:=odom', u'map:=map', u'__name:=move_base']]
[roslaunch][INFO] 2018-12-19 19:18:15,249: ... created process [move_base-3]
[roslaunch.pmon][INFO] 2018-12-19 19:18:15,249: ProcessMonitor.register[move_base-3]
[roslaunch.pmon][INFO] 2018-12-19 19:18:15,249: ProcessMonitor.register[move_base-3] complete
[roslaunch][INFO] 2018-12-19 19:18:15,249: ... registered process [move_base-3]
[roslaunch][INFO] 2018-12-19 19:18:15,249: process[move_base-3]: starting os process
[roslaunch][INFO] 2018-12-19 19:18:15,249: process[move_base-3]: start w/ args [[u'/opt/ros/indigo/lib/move_base/move_base', u'cmd_vel:=cmd_vel', u'odom:=odom', u'map:=map', u'__name:=move_base', u'__log:=/home/fetch/.ros/log/be670ad8-03fe-11e9-bf7f-000babe55698/move_base-3.log']]
[roslaunch][INFO] 2018-12-19 19:18:15,249: process[move_base-3]: cwd will be [/home/fetch/.ros]
[roslaunch][INFO] 2018-12-19 19:18:15,251: process[move_base-3]: started with pid [6863]
[roslaunch][INFO] 2018-12-19 19:18:15,251: ... successfully launched [move_base-3]
[roslaunch][INFO] 2018-12-19 19:18:15,251: ... launch_nodes complete
[roslaunch.pmon][INFO] 2018-12-19 19:18:15,251: registrations completed <ProcessMonitor(ProcessMonitor-1, started daemon 140200880248576)>
[roslaunch.parent][INFO] 2018-12-19 19:18:15,251: ... roslaunch parent running, waiting for process exit
[roslaunch][INFO] 2018-12-19 19:18:15,251: spin
[roslaunch.pmon][INFO] 2018-12-19 22:03:58,164: ProcessMonitor.shutdown <ProcessMonitor(ProcessMonitor-1, started daemon 140200880248576)>
[roslaunch.pmon][INFO] 2018-12-19 22:03:58,192: ProcessMonitor._post_run <ProcessMonitor(ProcessMonitor-1, started daemon 140200880248576)>
[roslaunch.pmon][INFO] 2018-12-19 22:03:58,192: ProcessMonitor._post_run <ProcessMonitor(ProcessMonitor-1, started daemon 140200880248576)>: remaining procs are [<roslaunch.nodeprocess.LocalProcess object at 0x7f830fcbd2d0>, <roslaunch.nodeprocess.LocalProcess object at 0x7f830fcbdb10>, <roslaunch.nodeprocess.LocalProcess object at 0x7f830fcbd7d0>]
[roslaunch.pmon][INFO] 2018-12-19 22:03:58,192: ProcessMonitor exit: killing move_base-3
[roslaunch][INFO] 2018-12-19 22:03:58,192: [move_base-3] killing on exit
[roslaunch.pmon][INFO] 2018-12-19 22:03:58,192: ProcessMonitor exit: killing amcl-2
[roslaunch][INFO] 2018-12-19 22:03:58,193: [amcl-2] killing on exit
[roslaunch][INFO] 2018-12-19 22:03:58,193: process[move_base-3]: killing os process with pid[6863] pgid[6863]
[roslaunch.pmon][INFO] 2018-12-19 22:03:58,193: ProcessMonitor exit: killing map_server-1
[roslaunch][INFO] 2018-12-19 22:03:58,193: process[amcl-2]: killing os process with pid[6857] pgid[6857]
[roslaunch][INFO] 2018-12-19 22:03:58,193: [move_base-3] sending SIGINT to pgid [6863]
[roslaunch][INFO] 2018-12-19 22:03:58,193: [move_base-3] sent SIGINT to pgid [6863]
[roslaunch][INFO] 2018-12-19 22:03:58,193: [map_server-1] killing on exit
[roslaunch][INFO] 2018-12-19 22:03:58,193: [amcl-2] sending SIGINT to pgid [6857]
[roslaunch][INFO] 2018-12-19 22:03:58,194: process[map_server-1]: killing os process with pid[6856] pgid[6856]
[roslaunch][INFO] 2018-12-19 22:03:58,194: [amcl-2] sent SIGINT to pgid [6857]
[roslaunch][INFO] 2018-12-19 22:03:58,194: [map_server-1] sending SIGINT to pgid [6856]
[roslaunch][INFO] 2018-12-19 22:03:58,194: [map_server-1] sent SIGINT to pgid [6856]
[roslaunch][INFO] 2018-12-19 22:03:58,395: process[map_server-1]: SIGINT killed with return value 0
[roslaunch][INFO] 2018-12-19 22:03:58,494: process[amcl-2]: SIGINT killed with return value 0
[roslaunch][INFO] 2018-12-19 22:03:58,694: process[move_base-3]: SIGINT killed with return value 0
[roslaunch.pmon][INFO] 2018-12-19 22:03:58,694: ProcessMonitor exit: cleaning up data structures and signals
[roslaunch.pmon][INFO] 2018-12-19 22:03:58,694: ProcessMonitor exit: pmon has shutdown
[roslaunch][INFO] 2018-12-19 22:03:58,728: process monitor is done spinning, initiating full shutdown
[roslaunch][INFO] 2018-12-19 22:03:58,729: runner.stop()
[roslaunch][INFO] 2018-12-19 22:03:58,729: shutting down processing monitor...
[roslaunch][INFO] 2018-12-19 22:03:58,729: shutting down processing monitor <ProcessMonitor(ProcessMonitor-1, stopped daemon 140200880248576)>
[roslaunch.pmon][INFO] 2018-12-19 22:03:58,729: ProcessMonitor.shutdown <ProcessMonitor(ProcessMonitor-1, stopped daemon 140200880248576)>
[roslaunch][INFO] 2018-12-19 22:03:58,729: ... shutting down processing monitor complete
[roslaunch][INFO] 2018-12-19 22:03:58,729: done
[roslaunch.pmon][INFO] 2018-12-19 22:03:58,729: ProcessMonitor.shutdown <ProcessMonitor(ProcessMonitor-1, stopped daemon 140200880248576)>
[rospy.core][INFO] 2018-12-19 22:03:58,729: signal_shutdown [atexit]
