[rospy.client][INFO] 2018-12-19 19:18:04,616: init_node, name[/rostful_server], pid[6768]
[xmlrpc][INFO] 2018-12-19 19:18:04,617: XML-RPC server binding to 0.0.0.0:0
[xmlrpc][INFO] 2018-12-19 19:18:04,617: Started XML-RPC server [http://freight1207:53131/]
[rospy.init][INFO] 2018-12-19 19:18:04,617: ROS Slave URI: [http://freight1207:53131/]
[rospy.impl.masterslave][INFO] 2018-12-19 19:18:04,617: _ready: http://freight1207:53131/
[xmlrpc][INFO] 2018-12-19 19:18:04,617: xml rpc node: starting XML-RPC server
[rospy.registration][INFO] 2018-12-19 19:18:04,618: Registering with master node http://localhost:11311
[rospy.init][INFO] 2018-12-19 19:18:04,717: registered with master
[rospy.rosout][INFO] 2018-12-19 19:18:04,717: initializing /rosout core topic
[rospy.rosout][INFO] 2018-12-19 19:18:04,719: connected to core topic /rosout
[rospy.simtime][INFO] 2018-12-19 19:18:04,720: /use_sim_time is not set, will not subscribe to simulated time [/clock] topic
[rosout][WARNING] 2018-12-19 19:18:04,724: rostful_server: Delaying the start 1 seconds
[rospy.internal][INFO] 2018-12-19 19:18:04,954: topic[/rosout] adding connection to [/rosout], count 0
[rosout][INFO] 2018-12-19 19:18:05,775: rostful_server: Started server on port 8080
[rospy.internal][INFO] 2018-12-19 19:18:05,779: topic[/enable_software_runstop] adding connection to [/software_runstop], count 0
[rospy.internal][INFO] 2018-12-19 19:18:05,784: topic[/current/pose] adding connection to [http://freight1207:48110/], count 0
[rospy.internal][INFO] 2018-12-19 19:18:05,786: topic[/remote_control] adding connection to [http://freight1207:53131/], count 0
[rospy.internal][INFO] 2018-12-19 19:18:05,787: topic[/enable_software_runstop] adding connection to [http://freight1207:53131/], count 0
[rospy.internal][INFO] 2018-12-19 19:18:05,788: topic[/remote_control] adding connection to [/rostful_server], count 0
[rospy.internal][INFO] 2018-12-19 19:18:05,789: topic[/current/pose] adding connection to [http://freight1207:53131/], count 1
[rospy.internal][INFO] 2018-12-19 19:18:05,789: topic[/enable_software_runstop] adding connection to [/rostful_server], count 1
[rospy.internal][INFO] 2018-12-19 19:18:05,790: topic[/local_control/cancel] adding connection to [http://freight1207:53131/], count 0
[rospy.internal][INFO] 2018-12-19 19:18:05,790: topic[/current/pose] adding connection to [/rostful_server], count 0
[rospy.internal][INFO] 2018-12-19 19:18:05,791: topic[/local_control/initialpose] adding connection to [http://freight1207:53131/], count 0
[rospy.internal][INFO] 2018-12-19 19:18:05,792: topic[/local_control/cancel] adding connection to [/rostful_server], count 0
[rospy.internal][INFO] 2018-12-19 19:18:05,792: topic[/local_control/goto] adding connection to [http://freight1207:53131/], count 0
[rospy.internal][INFO] 2018-12-19 19:18:05,793: topic[/local_control/initialpose] adding connection to [/rostful_server], count 0
[rospy.internal][INFO] 2018-12-19 19:18:05,793: topic[/local_control/goto] adding connection to [/rostful_server], count 0
[rospy.internal][INFO] 2018-12-19 19:18:05,957: topic[/local_control/initialpose] adding connection to [/local_control_initialpose], count 1
[rospy.internal][INFO] 2018-12-19 19:18:05,957: topic[/local_control/cancel] adding connection to [/local_control_navigation], count 1
[rospy.internal][INFO] 2018-12-19 19:18:05,957: topic[/local_control/goto] adding connection to [/local_control_navigation], count 1
[rospy.internal][INFO] 2018-12-19 19:18:05,987: topic[/remote_control] adding connection to [/remote_control], count 1
[rosout][WARNING] 2018-12-19 19:37:57,845: publishing locationX: 328.403808594
locationY: 157.618896484
orientation: -63.6681137085 to topic /local_control/initialpose
[rosout][WARNING] 2018-12-19 19:38:43,443: publishing locationX: 322.313720703
locationY: 167.382568359
orientation: -54.3424568176 to topic /local_control/initialpose
[rosout][WARNING] 2018-12-19 19:38:52,245: publishing locationX: 325.735839844
locationY: 177.02331543
orientation: 91.6256332397 to topic /local_control/initialpose
[rosout][WARNING] 2018-12-19 19:39:10,780: publishing locationX: 37.3056640625
locationY: 25.7020263672
orientation: -32.9760932922 to topic /local_control/initialpose
[rosout][WARNING] 2018-12-19 19:39:18,537: publishing locationX: 305.192382812
locationY: 144.299438477
orientation: -155.516616821 to topic /local_control/initialpose
[rosout][WARNING] 2018-12-19 19:39:24,466: publishing locationX: 294.535888672
locationY: 187.680053711
orientation: 92.7613677979 to topic /local_control/initialpose
[rosout][WARNING] 2018-12-19 19:39:28,889: publishing locationX: 324.596679688
locationY: 182.348999023
orientation: -174.894271851 to topic /local_control/initialpose
[rosout][WARNING] 2018-12-19 19:40:17,453: publishing data: forward to topic /remote_control
[rosout][WARNING] 2018-12-19 19:40:17,454: publishing data: forward to topic /remote_control
[rosout][WARNING] 2018-12-19 19:40:17,458: publishing data: forward to topic /remote_control
[rosout][WARNING] 2018-12-19 19:40:17,458: publishing data: forward to topic /remote_control
[rosout][WARNING] 2018-12-19 19:40:17,459: publishing data: forward to topic /remote_control
[rosout][WARNING] 2018-12-19 19:40:17,460: publishing data: forward to topic /remote_control
[rosout][WARNING] 2018-12-19 19:40:17,505: publishing data: forward to topic /remote_control
[rosout][WARNING] 2018-12-19 19:40:17,505: publishing data: forward to topic /remote_control
[rosout][WARNING] 2018-12-19 19:40:17,512: publishing data: forward to topic /remote_control
[rosout][WARNING] 2018-12-19 19:40:17,550: publishing data: forward to topic /remote_control
[rosout][WARNING] 2018-12-19 19:40:17,578: publishing data: forward to topic /remote_control
[rosout][WARNING] 2018-12-19 19:40:17,586: publishing data: forward to topic /remote_control
[rosout][WARNING] 2018-12-19 19:40:17,587: publishing data: forward to topic /remote_control
[rosout][WARNING] 2018-12-19 19:40:17,588: publishing data: forward to topic /remote_control
[rosout][WARNING] 2018-12-19 19:40:17,589: publishing data: forward to topic /remote_control
[rosout][WARNING] 2018-12-19 19:40:17,670: publishing data: forward to topic /remote_control
[rosout][WARNING] 2018-12-19 19:40:17,671: publishing data: forward to topic /remote_control
[rosout][WARNING] 2018-12-19 19:40:17,678: publishing data: forward to topic /remote_control
[rosout][WARNING] 2018-12-19 19:40:17,719: publishing data: forward to topic /remote_control
[rosout][WARNING] 2018-12-19 19:40:17,728: publishing data: forward to topic /remote_control
[rosout][WARNING] 2018-12-19 19:40:29,821: publishing data: left to topic /remote_control
[rosout][WARNING] 2018-12-19 19:40:29,950: publishing data: right to topic /remote_control
[rosout][WARNING] 2018-12-19 19:40:29,951: publishing data: left to topic /remote_control
[rosout][WARNING] 2018-12-19 19:40:29,952: publishing data: right to topic /remote_control
[rosout][WARNING] 2018-12-19 19:40:29,953: publishing data: left to topic /remote_control
[rosout][WARNING] 2018-12-19 19:40:29,953: publishing data: left to topic /remote_control
[rosout][WARNING] 2018-12-19 19:40:29,954: publishing data: left to topic /remote_control
[rosout][WARNING] 2018-12-19 19:40:29,954: publishing data: right to topic /remote_control
[rosout][WARNING] 2018-12-19 19:40:30,001: publishing data: left to topic /remote_control
[rosout][WARNING] 2018-12-19 19:40:30,002: publishing data: right to topic /remote_control
[rosout][WARNING] 2018-12-19 19:40:30,002: publishing data: left to topic /remote_control
[rosout][WARNING] 2018-12-19 19:40:30,003: publishing data: right to topic /remote_control
[rosout][WARNING] 2018-12-19 19:40:30,020: publishing data: right to topic /remote_control
[rosout][WARNING] 2018-12-19 19:40:30,021: publishing data: left to topic /remote_control
[rosout][WARNING] 2018-12-19 19:40:30,022: publishing data: left to topic /remote_control
[rosout][WARNING] 2018-12-19 19:40:30,022: publishing data: left to topic /remote_control
[rosout][WARNING] 2018-12-19 19:40:30,023: publishing data: right to topic /remote_control
[rosout][WARNING] 2018-12-19 19:40:30,023: publishing data: left to topic /remote_control
[rosout][WARNING] 2018-12-19 19:40:30,024: publishing data: left to topic /remote_control
[rosout][WARNING] 2018-12-19 19:40:30,036: publishing data: left to topic /remote_control
[rosout][WARNING] 2018-12-19 19:40:30,037: publishing data: right to topic /remote_control
[rosout][WARNING] 2018-12-19 19:40:30,065: publishing data: left to topic /remote_control
[rosout][WARNING] 2018-12-19 19:40:30,066: publishing data: left to topic /remote_control
[rosout][WARNING] 2018-12-19 19:40:30,103: publishing data: left to topic /remote_control
[rosout][WARNING] 2018-12-19 19:40:30,104: publishing data: left to topic /remote_control
[rosout][WARNING] 2018-12-19 19:40:30,104: publishing data: left to topic /remote_control
[rosout][WARNING] 2018-12-19 19:40:30,105: publishing data: left to topic /remote_control
[rosout][WARNING] 2018-12-19 19:40:30,106: publishing data: left to topic /remote_control
[rosout][WARNING] 2018-12-19 19:40:30,123: publishing data: left to topic /remote_control
[rosout][WARNING] 2018-12-19 19:40:30,124: publishing data: left to topic /remote_control
[rosout][WARNING] 2018-12-19 19:40:30,125: publishing data: left to topic /remote_control
[rosout][WARNING] 2018-12-19 19:40:30,127: publishing data: left to topic /remote_control
[rosout][WARNING] 2018-12-19 19:40:30,175: publishing data: left to topic /remote_control
[rosout][WARNING] 2018-12-19 19:40:30,175: publishing data: left to topic /remote_control
[rosout][WARNING] 2018-12-19 19:40:30,176: publishing data: left to topic /remote_control
[rosout][WARNING] 2018-12-19 19:40:30,177: publishing data: left to topic /remote_control
[rosout][WARNING] 2018-12-19 19:40:30,177: publishing data: left to topic /remote_control
[rosout][WARNING] 2018-12-19 19:40:30,210: publishing data: left to topic /remote_control
[rosout][WARNING] 2018-12-19 19:40:30,211: publishing data: left to topic /remote_control
[rosout][WARNING] 2018-12-19 19:40:30,211: publishing data: left to topic /remote_control
[rosout][WARNING] 2018-12-19 19:40:30,212: publishing data: left to topic /remote_control
[rosout][WARNING] 2018-12-19 19:40:30,213: publishing data: left to topic /remote_control
[rosout][WARNING] 2018-12-19 19:40:30,213: publishing data: left to topic /remote_control
[rosout][WARNING] 2018-12-19 19:40:30,214: publishing data: left to topic /remote_control
[rosout][WARNING] 2018-12-19 19:40:30,214: publishing data: right to topic /remote_control
[rosout][WARNING] 2018-12-19 19:40:30,252: publishing data: left to topic /remote_control
[rosout][WARNING] 2018-12-19 19:40:30,253: publishing data: left to topic /remote_control
[rosout][WARNING] 2018-12-19 19:40:30,253: publishing data: left to topic /remote_control
[rosout][WARNING] 2018-12-19 19:40:30,280: publishing data: right to topic /remote_control
[rosout][WARNING] 2018-12-19 19:40:30,280: publishing data: left to topic /remote_control
[rosout][WARNING] 2018-12-19 19:40:30,281: publishing data: right to topic /remote_control
[rosout][WARNING] 2018-12-19 19:40:30,281: publishing data: left to topic /remote_control
[rosout][WARNING] 2018-12-19 19:40:30,282: publishing data: left to topic /remote_control
[rosout][WARNING] 2018-12-19 19:40:30,282: publishing data: left to topic /remote_control
[rosout][WARNING] 2018-12-19 19:40:30,283: publishing data: left to topic /remote_control
[rosout][WARNING] 2018-12-19 19:40:30,343: publishing data: left to topic /remote_control
[rosout][WARNING] 2018-12-19 19:40:30,343: publishing data: left to topic /remote_control
[rosout][WARNING] 2018-12-19 19:40:30,344: publishing data: left to topic /remote_control
[rosout][WARNING] 2018-12-19 19:40:30,345: publishing data: left to topic /remote_control
[rosout][WARNING] 2018-12-19 19:40:30,345: publishing data: left to topic /remote_control
[rosout][WARNING] 2018-12-19 19:40:30,346: publishing data: left to topic /remote_control
[rosout][WARNING] 2018-12-19 19:40:30,346: publishing data: left to topic /remote_control
[rosout][WARNING] 2018-12-19 19:40:30,347: publishing data: left to topic /remote_control
[rosout][WARNING] 2018-12-19 19:40:30,689: publishing data: left to topic /remote_control
[rosout][WARNING] 2018-12-19 19:40:30,689: publishing data: left to topic /remote_control
[rosout][WARNING] 2018-12-19 19:40:30,690: publishing data: left to topic /remote_control
[rosout][WARNING] 2018-12-19 19:40:30,691: publishing data: left to topic /remote_control
[rosout][WARNING] 2018-12-19 19:40:30,691: publishing data: left to topic /remote_control
[rosout][WARNING] 2018-12-19 19:40:30,692: publishing data: left to topic /remote_control
[rosout][WARNING] 2018-12-19 19:40:30,699: publishing data: left to topic /remote_control
[rosout][WARNING] 2018-12-19 19:40:30,734: publishing data: left to topic /remote_control
[rosout][WARNING] 2018-12-19 19:40:30,735: publishing data: left to topic /remote_control
[rosout][WARNING] 2018-12-19 19:40:30,736: publishing data: left to topic /remote_control
[rosout][WARNING] 2018-12-19 19:40:30,745: publishing data: left to topic /remote_control
[rosout][WARNING] 2018-12-19 19:40:30,746: publishing data: left to topic /remote_control
[rosout][WARNING] 2018-12-19 19:40:30,746: publishing data: left to topic /remote_control
[rosout][WARNING] 2018-12-19 19:40:30,747: publishing data: left to topic /remote_control
[rosout][WARNING] 2018-12-19 19:40:30,747: publishing data: left to topic /remote_control
[rosout][WARNING] 2018-12-19 19:40:30,748: publishing data: left to topic /remote_control
[rosout][WARNING] 2018-12-19 19:40:30,748: publishing data: left to topic /remote_control
[rosout][WARNING] 2018-12-19 19:40:30,749: publishing data: left to topic /remote_control
[rosout][WARNING] 2018-12-19 19:40:30,754: publishing data: left to topic /remote_control
[rosout][WARNING] 2018-12-19 19:40:30,755: publishing data: left to topic /remote_control
[rosout][WARNING] 2018-12-19 19:40:30,756: publishing data: left to topic /remote_control
[rosout][WARNING] 2018-12-19 19:40:30,756: publishing data: left to topic /remote_control
[rosout][WARNING] 2018-12-19 19:40:31,175: publishing data: left to topic /remote_control
[rosout][WARNING] 2018-12-19 19:40:31,176: publishing data: right to topic /remote_control
[rosout][WARNING] 2018-12-19 19:40:31,290: publishing data: left to topic /remote_control
[rosout][WARNING] 2018-12-19 19:40:31,290: publishing data: left to topic /remote_control
[rosout][WARNING] 2018-12-19 19:40:31,291: publishing data: left to topic /remote_control
[rosout][WARNING] 2018-12-19 19:40:31,292: publishing data: left to topic /remote_control
[rosout][WARNING] 2018-12-19 19:40:31,292: publishing data: left to topic /remote_control
[rosout][WARNING] 2018-12-19 19:40:31,293: publishing data: left to topic /remote_control
[rosout][WARNING] 2018-12-19 19:40:31,293: publishing data: left to topic /remote_control
[rosout][WARNING] 2018-12-19 19:40:31,294: publishing data: left to topic /remote_control
[rosout][WARNING] 2018-12-19 19:40:31,340: publishing data: left to topic /remote_control
[rosout][WARNING] 2018-12-19 19:40:31,340: publishing data: left to topic /remote_control
[rosout][WARNING] 2018-12-19 19:40:31,341: publishing data: left to topic /remote_control
[rosout][WARNING] 2018-12-19 19:40:31,342: publishing data: left to topic /remote_control
[rosout][WARNING] 2018-12-19 19:40:31,342: publishing data: left to topic /remote_control
[rosout][WARNING] 2018-12-19 19:40:31,343: publishing data: left to topic /remote_control
[rosout][WARNING] 2018-12-19 19:40:31,350: publishing data: left to topic /remote_control
[rosout][WARNING] 2018-12-19 19:40:31,351: publishing data: left to topic /remote_control
[rosout][WARNING] 2018-12-19 19:40:31,351: publishing data: left to topic /remote_control
[rosout][WARNING] 2018-12-19 19:40:32,490: publishing data: left to topic /remote_control
[rosout][WARNING] 2018-12-19 19:40:32,491: publishing data: left to topic /remote_control
[rosout][WARNING] 2018-12-19 19:40:33,434: publishing data: right to topic /remote_control
[rosout][WARNING] 2018-12-19 19:40:33,435: publishing data: right to topic /remote_control
[rosout][WARNING] 2018-12-19 19:40:33,436: publishing data: right to topic /remote_control
[rosout][WARNING] 2018-12-19 19:40:33,437: publishing data: right to topic /remote_control
[rosout][WARNING] 2018-12-19 19:40:33,437: publishing data: right to topic /remote_control
[rosout][WARNING] 2018-12-19 19:40:33,445: publishing data: right to topic /remote_control
[rosout][WARNING] 2018-12-19 19:40:41,481: publishing data: left to topic /remote_control
[rosout][WARNING] 2018-12-19 19:40:41,482: publishing data: left to topic /remote_control
[rosout][WARNING] 2018-12-19 19:40:41,594: publishing data: left to topic /remote_control
[rosout][WARNING] 2018-12-19 19:40:41,595: publishing data: left to topic /remote_control
[rosout][WARNING] 2018-12-19 19:40:41,596: publishing data: left to topic /remote_control
[rosout][WARNING] 2018-12-19 19:40:41,596: publishing data: left to topic /remote_control
[rosout][WARNING] 2018-12-19 19:40:41,597: publishing data: left to topic /remote_control
[rosout][WARNING] 2018-12-19 19:40:41,655: publishing data: left to topic /remote_control
[rosout][WARNING] 2018-12-19 19:40:41,656: publishing data: left to topic /remote_control
[rosout][WARNING] 2018-12-19 19:40:41,684: publishing data: left to topic /remote_control
[rosout][WARNING] 2018-12-19 19:40:41,685: publishing data: left to topic /remote_control
[rosout][WARNING] 2018-12-19 19:40:45,615: publishing data: left to topic /remote_control
[rosout][WARNING] 2018-12-19 19:40:45,625: publishing data: left to topic /remote_control
[rosout][WARNING] 2018-12-19 19:40:45,642: publishing data: left to topic /remote_control
[rosout][WARNING] 2018-12-19 19:40:45,643: publishing data: left to topic /remote_control
[rosout][WARNING] 2018-12-19 19:40:45,644: publishing data: left to topic /remote_control
[rosout][WARNING] 2018-12-19 19:40:45,656: publishing data: left to topic /remote_control
[rosout][WARNING] 2018-12-19 19:40:45,657: publishing data: left to topic /remote_control
[rosout][WARNING] 2018-12-19 19:40:45,658: publishing data: left to topic /remote_control
[rosout][WARNING] 2018-12-19 19:40:45,658: publishing data: left to topic /remote_control
[rosout][WARNING] 2018-12-19 19:40:45,659: publishing data: left to topic /remote_control
[rosout][WARNING] 2018-12-19 19:40:45,660: publishing data: left to topic /remote_control
[rosout][WARNING] 2018-12-19 19:40:45,660: publishing data: left to topic /remote_control
[rosout][WARNING] 2018-12-19 19:40:45,907: publishing data: left to topic /remote_control
[rosout][WARNING] 2018-12-19 19:40:45,948: publishing data: left to topic /remote_control
[rosout][WARNING] 2018-12-19 19:40:45,949: publishing data: left to topic /remote_control
[rosout][WARNING] 2018-12-19 19:40:45,994: publishing data: left to topic /remote_control
[rosout][WARNING] 2018-12-19 19:40:46,152: publishing data: left to topic /remote_control
[rosout][WARNING] 2018-12-19 19:40:46,153: publishing data: left to topic /remote_control
[rosout][WARNING] 2018-12-19 19:40:46,202: publishing data: left to topic /remote_control
[rosout][WARNING] 2018-12-19 19:40:46,228: publishing data: left to topic /remote_control
[rosout][WARNING] 2018-12-19 19:40:48,401: publishing data: left to topic /remote_control
[rosout][WARNING] 2018-12-19 19:40:48,418: publishing data: left to topic /remote_control
[rosout][WARNING] 2018-12-19 19:40:48,420: publishing data: left to topic /remote_control
[rosout][WARNING] 2018-12-19 19:40:48,497: publishing data: left to topic /remote_control
[rosout][WARNING] 2018-12-19 19:40:48,498: publishing data: left to topic /remote_control
[rosout][WARNING] 2018-12-19 19:40:48,779: publishing data: left to topic /remote_control
[rosout][WARNING] 2018-12-19 19:40:50,721: publishing data: forward to topic /remote_control
[rosout][WARNING] 2018-12-19 19:40:50,767: publishing data: forward to topic /remote_control
[rosout][WARNING] 2018-12-19 19:40:50,815: publishing data: forward to topic /remote_control
[rosout][WARNING] 2018-12-19 19:40:50,816: publishing data: forward to topic /remote_control
[rosout][WARNING] 2018-12-19 19:40:50,858: publishing data: forward to topic /remote_control
[rosout][WARNING] 2018-12-19 19:40:50,996: publishing data: forward to topic /remote_control
[rosout][WARNING] 2018-12-19 19:40:51,018: publishing data: forward to topic /remote_control
[rosout][WARNING] 2018-12-19 19:40:51,018: publishing data: forward to topic /remote_control
[rosout][WARNING] 2018-12-19 19:40:51,071: publishing data: forward to topic /remote_control
[rosout][WARNING] 2018-12-19 19:40:51,107: publishing data: forward to topic /remote_control
[rosout][WARNING] 2018-12-19 19:40:51,236: publishing data: forward to topic /remote_control
[rosout][WARNING] 2018-12-19 19:40:51,248: publishing data: forward to topic /remote_control
[rosout][WARNING] 2018-12-19 19:40:51,268: publishing data: forward to topic /remote_control
[rosout][WARNING] 2018-12-19 19:40:51,308: publishing data: forward to topic /remote_control
[rosout][WARNING] 2018-12-19 19:40:51,322: publishing data: forward to topic /remote_control
[rosout][WARNING] 2018-12-19 19:40:53,010: publishing data: forward to topic /remote_control
[rosout][WARNING] 2018-12-19 19:40:53,013: publishing data: forward to topic /remote_control
[rosout][WARNING] 2018-12-19 19:40:53,014: publishing data: forward to topic /remote_control
[rosout][WARNING] 2018-12-19 19:40:53,077: publishing data: forward to topic /remote_control
[rosout][WARNING] 2018-12-19 19:40:53,105: publishing data: forward to topic /remote_control
[rosout][WARNING] 2018-12-19 19:40:53,106: publishing data: forward to topic /remote_control
[rosout][WARNING] 2018-12-19 19:40:53,107: publishing data: forward to topic /remote_control
[rosout][WARNING] 2018-12-19 19:40:53,132: publishing data: forward to topic /remote_control
[rosout][WARNING] 2018-12-19 19:40:53,132: publishing data: forward to topic /remote_control
[rosout][WARNING] 2018-12-19 19:40:53,133: publishing data: forward to topic /remote_control
[rosout][WARNING] 2018-12-19 19:40:53,179: publishing data: forward to topic /remote_control
[rosout][WARNING] 2018-12-19 19:40:53,179: publishing data: forward to topic /remote_control
[rosout][WARNING] 2018-12-19 19:40:53,180: publishing data: forward to topic /remote_control
[rosout][WARNING] 2018-12-19 19:40:53,181: publishing data: forward to topic /remote_control
[rosout][WARNING] 2018-12-19 19:40:55,824: publishing data: forward to topic /remote_control
[rosout][WARNING] 2018-12-19 19:40:58,194: publishing data: forward to topic /remote_control
[rosout][WARNING] 2018-12-19 19:40:58,195: publishing data: left to topic /remote_control
[rosout][WARNING] 2018-12-19 19:40:58,195: publishing data: forward to topic /remote_control
[rosout][WARNING] 2018-12-19 19:40:58,196: publishing data: forward to topic /remote_control
[rosout][WARNING] 2018-12-19 19:40:58,197: publishing data: forward to topic /remote_control
[rosout][WARNING] 2018-12-19 19:40:58,197: publishing data: forward to topic /remote_control
[rosout][WARNING] 2018-12-19 19:40:58,198: publishing data: forward to topic /remote_control
[rosout][WARNING] 2018-12-19 19:40:58,198: publishing data: forward to topic /remote_control
[rosout][WARNING] 2018-12-19 19:40:58,222: publishing data: forward to topic /remote_control
[rosout][WARNING] 2018-12-19 19:40:58,222: publishing data: forward to topic /remote_control
[rosout][WARNING] 2018-12-19 19:40:58,223: publishing data: forward to topic /remote_control
[rosout][WARNING] 2018-12-19 19:40:58,223: publishing data: forward to topic /remote_control
[rosout][WARNING] 2018-12-19 19:40:58,224: publishing data: forward to topic /remote_control
[rosout][WARNING] 2018-12-19 19:40:58,225: publishing data: forward to topic /remote_control
[rosout][WARNING] 2018-12-19 19:40:58,225: publishing data: forward to topic /remote_control
[rosout][WARNING] 2018-12-19 19:40:58,242: publishing data: forward to topic /remote_control
[rosout][WARNING] 2018-12-19 19:40:58,243: publishing data: left to topic /remote_control
[rosout][WARNING] 2018-12-19 19:40:58,244: publishing data: left to topic /remote_control
[rosout][WARNING] 2018-12-19 19:40:58,244: publishing data: left to topic /remote_control
[rosout][WARNING] 2018-12-19 19:40:58,496: publishing data: forward to topic /remote_control
[rosout][WARNING] 2018-12-19 19:40:58,497: publishing data: forward to topic /remote_control
[rosout][WARNING] 2018-12-19 19:40:58,498: publishing data: left to topic /remote_control
[rosout][WARNING] 2018-12-19 19:40:58,498: publishing data: forward to topic /remote_control
[rosout][WARNING] 2018-12-19 19:40:58,499: publishing data: forward to topic /remote_control
[rosout][WARNING] 2018-12-19 19:40:58,499: publishing data: left to topic /remote_control
[rosout][WARNING] 2018-12-19 19:40:58,500: publishing data: left to topic /remote_control
[rosout][WARNING] 2018-12-19 19:40:58,501: publishing data: forward to topic /remote_control
[rosout][WARNING] 2018-12-19 19:40:58,501: publishing data: forward to topic /remote_control
[rosout][WARNING] 2018-12-19 19:40:58,502: publishing data: left to topic /remote_control
[rosout][WARNING] 2018-12-19 19:40:58,503: publishing data: forward to topic /remote_control
[rosout][WARNING] 2018-12-19 19:40:58,503: publishing data: forward to topic /remote_control
[rosout][WARNING] 2018-12-19 19:40:58,504: publishing data: forward to topic /remote_control
[rosout][WARNING] 2018-12-19 19:40:58,504: publishing data: forward to topic /remote_control
[rosout][WARNING] 2018-12-19 19:40:58,505: publishing data: forward to topic /remote_control
[rosout][WARNING] 2018-12-19 19:40:58,506: publishing data: left to topic /remote_control
[rosout][WARNING] 2018-12-19 19:40:58,506: publishing data: forward to topic /remote_control
[rosout][WARNING] 2018-12-19 19:40:58,513: publishing data: forward to topic /remote_control
[rosout][WARNING] 2018-12-19 19:40:58,519: publishing data: forward to topic /remote_control
[rosout][WARNING] 2018-12-19 19:40:58,605: publishing data: forward to topic /remote_control
[rosout][WARNING] 2018-12-19 19:40:59,102: publishing data: left to topic /remote_control
[rosout][WARNING] 2018-12-19 19:40:59,103: publishing data: forward to topic /remote_control
[rosout][WARNING] 2018-12-19 19:40:59,103: publishing data: forward to topic /remote_control
[rosout][WARNING] 2018-12-19 19:40:59,104: publishing data: forward to topic /remote_control
[rosout][WARNING] 2018-12-19 19:40:59,104: publishing data: forward to topic /remote_control
[rosout][WARNING] 2018-12-19 19:40:59,105: publishing data: forward to topic /remote_control
[rosout][WARNING] 2018-12-19 19:40:59,106: publishing data: forward to topic /remote_control
[rosout][WARNING] 2018-12-19 19:40:59,106: publishing data: forward to topic /remote_control
[rosout][WARNING] 2018-12-19 19:40:59,107: publishing data: forward to topic /remote_control
[rosout][WARNING] 2018-12-19 19:40:59,107: publishing data: left to topic /remote_control
[rosout][WARNING] 2018-12-19 19:40:59,108: publishing data: forward to topic /remote_control
[rosout][WARNING] 2018-12-19 19:41:00,304: publishing data: forward to topic /remote_control
[rosout][WARNING] 2018-12-19 19:41:03,300: publishing data: left to topic /remote_control
[rosout][WARNING] 2018-12-19 19:41:03,301: publishing data: left to topic /remote_control
[rosout][WARNING] 2018-12-19 19:41:03,517: publishing data: left to topic /remote_control
[rosout][WARNING] 2018-12-19 19:41:03,518: publishing data: left to topic /remote_control
[rosout][WARNING] 2018-12-19 19:41:03,531: publishing data: left to topic /remote_control
[rosout][WARNING] 2018-12-19 19:41:03,532: publishing data: left to topic /remote_control
[rosout][WARNING] 2018-12-19 19:41:03,571: publishing data: left to topic /remote_control
[rosout][WARNING] 2018-12-19 19:41:03,572: publishing data: left to topic /remote_control
[rosout][WARNING] 2018-12-19 19:41:03,572: publishing data: left to topic /remote_control
[rosout][WARNING] 2018-12-19 19:41:03,573: publishing data: left to topic /remote_control
[rosout][WARNING] 2018-12-19 19:41:03,684: publishing data: left to topic /remote_control
[rosout][WARNING] 2018-12-19 19:41:03,685: publishing data: left to topic /remote_control
[rosout][WARNING] 2018-12-19 19:41:03,686: publishing data: left to topic /remote_control
[rosout][WARNING] 2018-12-19 19:41:03,686: publishing data: left to topic /remote_control
[rosout][WARNING] 2018-12-19 19:41:06,481: publishing data: forward to topic /remote_control
[rosout][WARNING] 2018-12-19 19:41:06,503: publishing data: forward to topic /remote_control
[rosout][WARNING] 2018-12-19 19:41:06,541: publishing data: forward to topic /remote_control
[rosout][WARNING] 2018-12-19 19:41:06,567: publishing data: forward to topic /remote_control
[rosout][WARNING] 2018-12-19 19:41:06,568: publishing data: forward to topic /remote_control
[rosout][WARNING] 2018-12-19 19:41:06,607: publishing data: forward to topic /remote_control
[rosout][WARNING] 2018-12-19 19:41:06,608: publishing data: forward to topic /remote_control
[rosout][WARNING] 2018-12-19 19:41:06,639: publishing data: forward to topic /remote_control
[rosout][WARNING] 2018-12-19 19:41:11,179: publishing data: left to topic /remote_control
[rosout][WARNING] 2018-12-19 19:41:11,193: publishing data: left to topic /remote_control
[rosout][WARNING] 2018-12-19 19:41:11,193: publishing data: left to topic /remote_control
[rosout][WARNING] 2018-12-19 19:41:11,236: publishing data: left to topic /remote_control
[rosout][WARNING] 2018-12-19 19:41:11,266: publishing data: left to topic /remote_control
[rosout][WARNING] 2018-12-19 19:41:36,926: publishing data: forward to topic /remote_control
[rosout][WARNING] 2018-12-19 19:41:36,929: publishing data: forward to topic /remote_control
[rosout][WARNING] 2018-12-19 19:41:36,941: publishing data: forward to topic /remote_control
[rosout][WARNING] 2018-12-19 19:41:36,964: publishing data: forward to topic /remote_control
[rosout][WARNING] 2018-12-19 19:41:37,002: publishing data: forward to topic /remote_control
[rosout][WARNING] 2018-12-19 19:41:37,003: publishing data: forward to topic /remote_control
[rosout][WARNING] 2018-12-19 19:41:37,028: publishing data: forward to topic /remote_control
[rosout][WARNING] 2018-12-19 19:41:37,045: publishing data: forward to topic /remote_control
[rosout][WARNING] 2018-12-19 19:41:37,067: publishing data: forward to topic /remote_control
[rosout][WARNING] 2018-12-19 19:41:37,098: publishing data: forward to topic /remote_control
[rosout][WARNING] 2018-12-19 19:41:39,798: publishing data: left to topic /remote_control
[rosout][WARNING] 2018-12-19 19:41:39,799: publishing data: left to topic /remote_control
[rosout][WARNING] 2018-12-19 19:41:39,800: publishing data: left to topic /remote_control
[rosout][WARNING] 2018-12-19 19:41:39,801: publishing data: left to topic /remote_control
[rosout][WARNING] 2018-12-19 19:41:39,843: publishing data: left to topic /remote_control
[rosout][WARNING] 2018-12-19 19:41:39,844: publishing data: left to topic /remote_control
[rosout][WARNING] 2018-12-19 19:41:39,848: publishing data: left to topic /remote_control
[rosout][WARNING] 2018-12-19 19:41:39,885: publishing data: left to topic /remote_control
[rosout][WARNING] 2018-12-19 19:41:39,974: publishing data: left to topic /remote_control
[rosout][WARNING] 2018-12-19 19:41:42,141: publishing data: left to topic /remote_control
[rosout][WARNING] 2018-12-19 19:41:44,812: publishing data: left to topic /remote_control
[rosout][WARNING] 2018-12-19 19:41:44,850: publishing data: left to topic /remote_control
[rosout][WARNING] 2018-12-19 19:41:44,850: publishing data: left to topic /remote_control
[rosout][WARNING] 2018-12-19 19:41:44,851: publishing data: left to topic /remote_control
[rosout][WARNING] 2018-12-19 19:41:44,852: publishing data: left to topic /remote_control
[rosout][WARNING] 2018-12-19 19:41:47,399: publishing data: forward to topic /remote_control
[rosout][WARNING] 2018-12-19 19:41:47,400: publishing data: forward to topic /remote_control
[rosout][WARNING] 2018-12-19 19:41:47,413: publishing data: forward to topic /remote_control
[rosout][WARNING] 2018-12-19 19:41:47,413: publishing data: forward to topic /remote_control
[rosout][WARNING] 2018-12-19 19:41:47,424: publishing data: forward to topic /remote_control
[rosout][WARNING] 2018-12-19 19:41:47,455: publishing data: forward to topic /remote_control
[rosout][WARNING] 2018-12-19 19:41:47,456: publishing data: forward to topic /remote_control
[rosout][WARNING] 2018-12-19 19:41:47,474: publishing data: forward to topic /remote_control
[rosout][WARNING] 2018-12-19 19:41:47,484: publishing data: forward to topic /remote_control
[rosout][WARNING] 2018-12-19 19:41:47,531: publishing data: forward to topic /remote_control
[rosout][WARNING] 2018-12-19 19:41:47,531: publishing data: forward to topic /remote_control
[rosout][WARNING] 2018-12-19 19:41:47,577: publishing data: forward to topic /remote_control
[rosout][WARNING] 2018-12-19 19:41:47,578: publishing data: forward to topic /remote_control
[rosout][WARNING] 2018-12-19 19:41:47,601: publishing data: forward to topic /remote_control
[rosout][WARNING] 2018-12-19 19:41:47,626: publishing data: forward to topic /remote_control
[rosout][WARNING] 2018-12-19 19:41:47,698: publishing data: forward to topic /remote_control
[rosout][WARNING] 2018-12-19 19:41:47,716: publishing data: forward to topic /remote_control
[rosout][WARNING] 2018-12-19 19:41:47,717: publishing data: forward to topic /remote_control
[rosout][WARNING] 2018-12-19 19:41:47,754: publishing data: forward to topic /remote_control
[rosout][WARNING] 2018-12-19 19:41:47,755: publishing data: forward to topic /remote_control
[rosout][WARNING] 2018-12-19 19:41:47,796: publishing data: forward to topic /remote_control
[rosout][WARNING] 2018-12-19 19:41:47,797: publishing data: forward to topic /remote_control
[rosout][WARNING] 2018-12-19 19:41:47,862: publishing data: forward to topic /remote_control
[rosout][WARNING] 2018-12-19 19:41:47,863: publishing data: forward to topic /remote_control
[rosout][WARNING] 2018-12-19 19:41:47,899: publishing data: forward to topic /remote_control
[rosout][WARNING] 2018-12-19 19:41:47,933: publishing data: forward to topic /remote_control
[rosout][WARNING] 2018-12-19 19:41:47,945: publishing data: forward to topic /remote_control
[rosout][WARNING] 2018-12-19 19:41:47,945: publishing data: forward to topic /remote_control
[rosout][WARNING] 2018-12-19 19:41:47,952: publishing data: forward to topic /remote_control
[rosout][WARNING] 2018-12-19 19:41:48,033: publishing data: forward to topic /remote_control
[rosout][WARNING] 2018-12-19 19:41:48,034: publishing data: forward to topic /remote_control
[rosout][WARNING] 2018-12-19 19:41:48,042: publishing data: forward to topic /remote_control
[rosout][WARNING] 2018-12-19 19:41:48,056: publishing data: forward to topic /remote_control
[rosout][WARNING] 2018-12-19 19:41:48,065: publishing data: forward to topic /remote_control
[rosout][WARNING] 2018-12-19 19:41:48,068: publishing data: forward to topic /remote_control
[rosout][WARNING] 2018-12-19 19:41:48,149: publishing data: forward to topic /remote_control
[rosout][WARNING] 2018-12-19 19:41:48,163: publishing data: forward to topic /remote_control
[rosout][WARNING] 2018-12-19 19:41:48,178: publishing data: forward to topic /remote_control
[rosout][WARNING] 2018-12-19 19:41:48,179: publishing data: forward to topic /remote_control
[rosout][WARNING] 2018-12-19 19:41:48,234: publishing data: forward to topic /remote_control
[rosout][WARNING] 2018-12-19 19:41:48,243: publishing data: forward to topic /remote_control
[rosout][WARNING] 2018-12-19 19:41:48,244: publishing data: forward to topic /remote_control
[rosout][WARNING] 2018-12-19 19:41:48,244: publishing data: forward to topic /remote_control
[rosout][WARNING] 2018-12-19 19:41:48,272: publishing data: forward to topic /remote_control
[rosout][WARNING] 2018-12-19 19:41:48,299: publishing data: forward to topic /remote_control
[rosout][WARNING] 2018-12-19 19:41:48,335: publishing data: forward to topic /remote_control
[rosout][WARNING] 2018-12-19 19:41:48,365: publishing data: forward to topic /remote_control
[rosout][WARNING] 2018-12-19 19:41:48,366: publishing data: forward to topic /remote_control
[rosout][WARNING] 2018-12-19 19:41:48,387: publishing data: forward to topic /remote_control
[rosout][WARNING] 2018-12-19 19:41:48,428: publishing data: forward to topic /remote_control
[rosout][WARNING] 2018-12-19 19:41:48,466: publishing data: forward to topic /remote_control
[rosout][WARNING] 2018-12-19 19:41:48,467: publishing data: forward to topic /remote_control
[rosout][WARNING] 2018-12-19 19:41:48,527: publishing data: forward to topic /remote_control
[rosout][WARNING] 2018-12-19 19:41:48,536: publishing data: forward to topic /remote_control
[rosout][WARNING] 2018-12-19 19:41:48,538: publishing data: forward to topic /remote_control
[rosout][WARNING] 2018-12-19 19:41:48,538: publishing data: forward to topic /remote_control
[rosout][WARNING] 2018-12-19 19:41:48,606: publishing data: forward to topic /remote_control
[rosout][WARNING] 2018-12-19 19:41:48,611: publishing data: forward to topic /remote_control
[rosout][WARNING] 2018-12-19 19:41:48,640: publishing data: forward to topic /remote_control
[rosout][WARNING] 2018-12-19 19:41:48,663: publishing data: forward to topic /remote_control
[rosout][WARNING] 2018-12-19 19:41:48,771: publishing data: forward to topic /remote_control
[rosout][WARNING] 2018-12-19 19:41:48,772: publishing data: forward to topic /remote_control
[rosout][WARNING] 2018-12-19 19:41:48,815: publishing data: forward to topic /remote_control
[rosout][WARNING] 2018-12-19 19:41:48,819: publishing data: forward to topic /remote_control
[rosout][WARNING] 2018-12-19 19:41:48,820: publishing data: forward to topic /remote_control
[rosout][WARNING] 2018-12-19 19:41:48,846: publishing data: forward to topic /remote_control
[rosout][WARNING] 2018-12-19 19:41:48,882: publishing data: forward to topic /remote_control
[rosout][WARNING] 2018-12-19 19:41:48,894: publishing data: forward to topic /remote_control
[rosout][WARNING] 2018-12-19 19:41:48,959: publishing data: forward to topic /remote_control
[rosout][WARNING] 2018-12-19 19:41:48,974: publishing data: forward to topic /remote_control
[rosout][WARNING] 2018-12-19 19:41:48,975: publishing data: forward to topic /remote_control
[rosout][WARNING] 2018-12-19 19:41:49,000: publishing data: forward to topic /remote_control
[rospy.internal][INFO] 2018-12-19 22:06:00,032: topic[/enable_software_runstop] adding connection to [/software_runstop], count 2
[rospy.internal][INFO] 2018-12-19 22:06:00,032: topic[/enable_software_runstop] removing connection to /software_runstop
