[roslaunch][INFO] 2020-11-05 23:50:45,194: Checking log directory for disk usage. This may take awhile.
Press Ctrl-C to interrupt
[roslaunch][INFO] 2020-11-05 23:50:45,198: Done checking log file disk usage. Usage is <1GB.
[roslaunch][INFO] 2020-11-05 23:50:45,198: roslaunch starting with args ['/opt/ros/indigo/bin/roslaunch', 'fetch_navigation', 'freight_nav.launch']
[roslaunch][INFO] 2020-11-05 23:50:45,199: roslaunch env is {'ROS_DISTRO': 'indigo', 'LESSOPEN': '| /usr/bin/lesspipe %s', 'SSH_CLIENT': '172.22.77.105 51751 22', 'CPATH': '/home/fetch/catkin_ws/devel/include:/opt/ros/indigo/include', 'LOGNAME': 'fetch', 'USER': 'fetch', 'PATH': '/opt/ros/indigo/bin:/usr/local/sbin:/usr/local/bin:/usr/sbin:/usr/bin:/sbin:/bin:/usr/games:/usr/local/games', 'HOME': '/home/fetch', 'VIRTUALENVWRAPPER_SCRIPT': '/usr/share/virtualenvwrapper/virtualenvwrapper.sh', 'LD_LIBRARY_PATH': '/home/fetch/catkin_ws/devel/lib:/opt/ros/indigo/lib', 'LANG': 'en_US.UTF-8', 'TERM': 'xterm-256color', 'SHELL': '/bin/bash', 'ROS_LOG_FILENAME': '/home/fetch/.ros/log/cbff72b6-2003-11eb-950a-000babe55698/roslaunch-freight1207-5730.log', 'SHLVL': '1', 'QT_QPA_PLATFORMTHEME': 'appmenu-qt5', 'ROS_ETC_DIR': '/opt/ros/indigo/etc/ros', 'DISPLAY': 'localhost:12.0', '_VIRTUALENVWRAPPER_API': ' mkvirtualenv rmvirtualenv lsvirtualenv showvirtualenv workon add2virtualenv cdsitepackages cdvirtualenv lssitepackages toggleglobalsitepackages cpvirtualenv setvirtualenvproject mkproject cdproject mktmpenv mkvirtualenv rmvirtualenv lsvirtualenv showvirtualenv workon add2virtualenv cdsitepackages cdvirtualenv lssitepackages toggleglobalsitepackages cpvirtualenv setvirtualenvproject mkproject cdproject mktmpenv', 'CMAKE_PREFIX_PATH': '/home/fetch/catkin_ws/devel:/opt/ros/indigo', 'XDG_RUNTIME_DIR': '/run/user/1000', 'PYTHONPATH': '/home/fetch/catkin_ws/devel/lib/python2.7/dist-packages:/opt/ros/indigo/lib/python2.7/dist-packages', 'ROS_ROOT': '/opt/ros/indigo/share/ros', 'PKG_CONFIG_PATH': '/home/fetch/catkin_ws/devel/lib/pkgconfig:/opt/ros/indigo/lib/pkgconfig', 'ROS_PACKAGE_PATH': '/home/fetch/catkin_ws/src:/opt/ros/indigo/share:/opt/ros/indigo/stacks', 'XDG_SESSION_ID': '3', '_': '/opt/ros/indigo/bin/roslaunch', 'SSH_CONNECTION': '172.22.77.105 51751 172.22.77.172 22', 'LESSCLOSE': '/usr/bin/lesspipe %s %s', 'SSH_TTY': '/dev/pts/28', 'ROSLISP_PACKAGE_DIRECTORIES': '/home/fetch/catkin_ws/devel/share/common-lisp', 'PWD': '/home/fetch', 'ROS_MASTER_URI': 'http://localhost:11311', 'MAIL': '/var/mail/fetch', 'LS_COLORS': 'rs=0:di=01;34:ln=01;36:mh=00:pi=40;33:so=01;35:do=01;35:bd=40;33;01:cd=40;33;01:or=40;31;01:su=37;41:sg=30;43:ca=30;41:tw=30;42:ow=34;42:st=37;44:ex=01;32:*.tar=01;31:*.tgz=01;31:*.arj=01;31:*.taz=01;31:*.lzh=01;31:*.lzma=01;31:*.tlz=01;31:*.txz=01;31:*.zip=01;31:*.z=01;31:*.Z=01;31:*.dz=01;31:*.gz=01;31:*.lz=01;31:*.xz=01;31:*.bz2=01;31:*.bz=01;31:*.tbz=01;31:*.tbz2=01;31:*.tz=01;31:*.deb=01;31:*.rpm=01;31:*.jar=01;31:*.war=01;31:*.ear=01;31:*.sar=01;31:*.rar=01;31:*.ace=01;31:*.zoo=01;31:*.cpio=01;31:*.7z=01;31:*.rz=01;31:*.jpg=01;35:*.jpeg=01;35:*.gif=01;35:*.bmp=01;35:*.pbm=01;35:*.pgm=01;35:*.ppm=01;35:*.tga=01;35:*.xbm=01;35:*.xpm=01;35:*.tif=01;35:*.tiff=01;35:*.png=01;35:*.svg=01;35:*.svgz=01;35:*.mng=01;35:*.pcx=01;35:*.mov=01;35:*.mpg=01;35:*.mpeg=01;35:*.m2v=01;35:*.mkv=01;35:*.webm=01;35:*.ogm=01;35:*.mp4=01;35:*.m4v=01;35:*.mp4v=01;35:*.vob=01;35:*.qt=01;35:*.nuv=01;35:*.wmv=01;35:*.asf=01;35:*.rm=01;35:*.rmvb=01;35:*.flc=01;35:*.avi=01;35:*.fli=01;35:*.flv=01;35:*.gl=01;35:*.dl=01;35:*.xcf=01;35:*.xwd=01;35:*.yuv=01;35:*.cgm=01;35:*.emf=01;35:*.axv=01;35:*.anx=01;35:*.ogv=01;35:*.ogx=01;35:*.aac=00;36:*.au=00;36:*.flac=00;36:*.mid=00;36:*.midi=00;36:*.mka=00;36:*.mp3=00;36:*.mpc=00;36:*.ogg=00;36:*.ra=00;36:*.wav=00;36:*.axa=00;36:*.oga=00;36:*.spx=00;36:*.xspf=00;36:'}
[roslaunch][INFO] 2020-11-05 23:50:45,199: starting in server mode
[roslaunch.parent][INFO] 2020-11-05 23:50:45,199: starting roslaunch parent run
[roslaunch][INFO] 2020-11-05 23:50:45,199: loading roscore config file /opt/ros/indigo/etc/ros/roscore.xml
[roslaunch][INFO] 2020-11-05 23:50:45,276: Added core node of type [rosout/rosout] in namespace [/]
[roslaunch.config][INFO] 2020-11-05 23:50:45,276: loading config file /opt/ros/indigo/share/fetch_navigation/launch/freight_nav.launch
[roslaunch][INFO] 2020-11-05 23:50:45,313: Added node of type [map_server/map_server] in namespace [/]
[roslaunch][INFO] 2020-11-05 23:50:45,314: Added node of type [rviz/rviz] in namespace [/]
[roslaunch][INFO] 2020-11-05 23:50:45,319: Added node of type [amcl/amcl] in namespace [/]
[roslaunch][INFO] 2020-11-05 23:50:45,336: Added node of type [move_base/move_base] in namespace [/]
[roslaunch][INFO] 2020-11-05 23:50:45,336: ... selected machine [] for node of type [map_server/map_server]
[roslaunch][INFO] 2020-11-05 23:50:45,336: ... selected machine [] for node of type [rviz/rviz]
[roslaunch][INFO] 2020-11-05 23:50:45,336: ... selected machine [] for node of type [amcl/amcl]
[roslaunch][INFO] 2020-11-05 23:50:45,336: ... selected machine [] for node of type [move_base/move_base]
[roslaunch.pmon][INFO] 2020-11-05 23:50:45,337: start_process_monitor: creating ProcessMonitor
[roslaunch.pmon][INFO] 2020-11-05 23:50:45,337: created process monitor <ProcessMonitor(ProcessMonitor-1, initial daemon)>
[roslaunch.pmon][INFO] 2020-11-05 23:50:45,337: start_process_monitor: ProcessMonitor started
[roslaunch.parent][INFO] 2020-11-05 23:50:45,337: starting parent XML-RPC server
[roslaunch.server][INFO] 2020-11-05 23:50:45,337: starting roslaunch XML-RPC server
[roslaunch.server][INFO] 2020-11-05 23:50:45,337: waiting for roslaunch XML-RPC server to initialize
[xmlrpc][INFO] 2020-11-05 23:50:45,338: XML-RPC server binding to 0.0.0.0:0
[xmlrpc][INFO] 2020-11-05 23:50:45,338: Started XML-RPC server [http://freight1207:56410/]
[xmlrpc][INFO] 2020-11-05 23:50:45,338: xml rpc node: starting XML-RPC server
[roslaunch][INFO] 2020-11-05 23:50:45,349: started roslaunch server http://freight1207:56410/
[roslaunch.parent][INFO] 2020-11-05 23:50:45,349: ... parent XML-RPC server started
[roslaunch][INFO] 2020-11-05 23:50:45,350: master.is_running[http://localhost:11311]
[roslaunch][INFO] 2020-11-05 23:50:45,350: master.is_running[http://localhost:11311]
[roslaunch][INFO] 2020-11-05 23:50:45,351: ROS_MASTER_URI=http://localhost:11311
[roslaunch][INFO] 2020-11-05 23:50:45,352: setting /roslaunch/uris/host_freight1207__56410' to http://freight1207:56410/
[roslaunch][INFO] 2020-11-05 23:50:45,354: load_parameters starting ...
[roslaunch][INFO] 2020-11-05 23:50:45,373: ... load_parameters complete
[roslaunch][INFO] 2020-11-05 23:50:45,373: launch_nodes: launching local nodes ...
[roslaunch][INFO] 2020-11-05 23:50:45,373: ... preparing to launch node of type [map_server/map_server]
[roslaunch][INFO] 2020-11-05 23:50:45,373: create_node_process: package[map_server] type[map_server] machine[Machine(name[] env_loader[None] address[localhost] ssh_port[22] user[None] assignable[True] timeout[10.0])] master_uri[http://localhost:11311]
[roslaunch][INFO] 2020-11-05 23:50:45,373: process[map_server-1]: env[{'ROS_DISTRO': 'indigo', 'LESSOPEN': '| /usr/bin/lesspipe %s', 'SSH_CLIENT': '172.22.77.105 51751 22', 'CPATH': '/home/fetch/catkin_ws/devel/include:/opt/ros/indigo/include', 'LOGNAME': 'fetch', 'USER': 'fetch', 'PATH': '/opt/ros/indigo/bin:/usr/local/sbin:/usr/local/bin:/usr/sbin:/usr/bin:/sbin:/bin:/usr/games:/usr/local/games', 'HOME': '/home/fetch', 'CMAKE_PREFIX_PATH': '/home/fetch/catkin_ws/devel:/opt/ros/indigo', 'ROS_LOG_FILENAME': '/home/fetch/.ros/log/cbff72b6-2003-11eb-950a-000babe55698/roslaunch-freight1207-5730.log', 'LANG': 'en_US.UTF-8', 'TERM': 'xterm-256color', 'SHELL': '/bin/bash', 'SHLVL': '1', 'QT_QPA_PLATFORMTHEME': 'appmenu-qt5', 'DISPLAY': 'localhost:12.0', '_VIRTUALENVWRAPPER_API': ' mkvirtualenv rmvirtualenv lsvirtualenv showvirtualenv workon add2virtualenv cdsitepackages cdvirtualenv lssitepackages toggleglobalsitepackages cpvirtualenv setvirtualenvproject mkproject cdproject mktmpenv mkvirtualenv rmvirtualenv lsvirtualenv showvirtualenv workon add2virtualenv cdsitepackages cdvirtualenv lssitepackages toggleglobalsitepackages cpvirtualenv setvirtualenvproject mkproject cdproject mktmpenv', 'XDG_RUNTIME_DIR': '/run/user/1000', 'PYTHONPATH': '/home/fetch/catkin_ws/devel/lib/python2.7/dist-packages:/opt/ros/indigo/lib/python2.7/dist-packages', 'ROS_ROOT': '/opt/ros/indigo/share/ros', 'PKG_CONFIG_PATH': '/home/fetch/catkin_ws/devel/lib/pkgconfig:/opt/ros/indigo/lib/pkgconfig', 'ROS_PACKAGE_PATH': '/home/fetch/catkin_ws/src:/opt/ros/indigo/share:/opt/ros/indigo/stacks', 'XDG_SESSION_ID': '3', '_': '/opt/ros/indigo/bin/roslaunch', 'LD_LIBRARY_PATH': '/home/fetch/catkin_ws/devel/lib:/opt/ros/indigo/lib', 'LS_COLORS': 'rs=0:di=01;34:ln=01;36:mh=00:pi=40;33:so=01;35:do=01;35:bd=40;33;01:cd=40;33;01:or=40;31;01:su=37;41:sg=30;43:ca=30;41:tw=30;42:ow=34;42:st=37;44:ex=01;32:*.tar=01;31:*.tgz=01;31:*.arj=01;31:*.taz=01;31:*.lzh=01;31:*.lzma=01;31:*.tlz=01;31:*.txz=01;31:*.zip=01;31:*.z=01;31:*.Z=01;31:*.dz=01;31:*.gz=01;31:*.lz=01;31:*.xz=01;31:*.bz2=01;31:*.bz=01;31:*.tbz=01;31:*.tbz2=01;31:*.tz=01;31:*.deb=01;31:*.rpm=01;31:*.jar=01;31:*.war=01;31:*.ear=01;31:*.sar=01;31:*.rar=01;31:*.ace=01;31:*.zoo=01;31:*.cpio=01;31:*.7z=01;31:*.rz=01;31:*.jpg=01;35:*.jpeg=01;35:*.gif=01;35:*.bmp=01;35:*.pbm=01;35:*.pgm=01;35:*.ppm=01;35:*.tga=01;35:*.xbm=01;35:*.xpm=01;35:*.tif=01;35:*.tiff=01;35:*.png=01;35:*.svg=01;35:*.svgz=01;35:*.mng=01;35:*.pcx=01;35:*.mov=01;35:*.mpg=01;35:*.mpeg=01;35:*.m2v=01;35:*.mkv=01;35:*.webm=01;35:*.ogm=01;35:*.mp4=01;35:*.m4v=01;35:*.mp4v=01;35:*.vob=01;35:*.qt=01;35:*.nuv=01;35:*.wmv=01;35:*.asf=01;35:*.rm=01;35:*.rmvb=01;35:*.flc=01;35:*.avi=01;35:*.fli=01;35:*.flv=01;35:*.gl=01;35:*.dl=01;35:*.xcf=01;35:*.xwd=01;35:*.yuv=01;35:*.cgm=01;35:*.emf=01;35:*.axv=01;35:*.anx=01;35:*.ogv=01;35:*.ogx=01;35:*.aac=00;36:*.au=00;36:*.flac=00;36:*.mid=00;36:*.midi=00;36:*.mka=00;36:*.mp3=00;36:*.mpc=00;36:*.ogg=00;36:*.ra=00;36:*.wav=00;36:*.axa=00;36:*.oga=00;36:*.spx=00;36:*.xspf=00;36:', 'LESSCLOSE': '/usr/bin/lesspipe %s %s', 'SSH_TTY': '/dev/pts/28', 'ROSLISP_PACKAGE_DIRECTORIES': '/home/fetch/catkin_ws/devel/share/common-lisp', 'VIRTUALENVWRAPPER_SCRIPT': '/usr/share/virtualenvwrapper/virtualenvwrapper.sh', 'PWD': '/home/fetch', 'ROS_ETC_DIR': '/opt/ros/indigo/etc/ros', 'ROS_MASTER_URI': 'http://localhost:11311', 'MAIL': '/var/mail/fetch', 'SSH_CONNECTION': '172.22.77.105 51751 172.22.77.172 22'}]
[roslaunch][INFO] 2020-11-05 23:50:45,411: process[map_server-1]: args[[u'/opt/ros/indigo/lib/map_server/map_server', '/home/fetch/final_map.yaml', u'__name:=map_server']]
[roslaunch][INFO] 2020-11-05 23:50:45,412: ... created process [map_server-1]
[roslaunch.pmon][INFO] 2020-11-05 23:50:45,412: ProcessMonitor.register[map_server-1]
[roslaunch.pmon][INFO] 2020-11-05 23:50:45,412: ProcessMonitor.register[map_server-1] complete
[roslaunch][INFO] 2020-11-05 23:50:45,412: ... registered process [map_server-1]
[roslaunch][INFO] 2020-11-05 23:50:45,412: process[map_server-1]: starting os process
[roslaunch][INFO] 2020-11-05 23:50:45,412: process[map_server-1]: start w/ args [[u'/opt/ros/indigo/lib/map_server/map_server', '/home/fetch/final_map.yaml', u'__name:=map_server', u'__log:=/home/fetch/.ros/log/cbff72b6-2003-11eb-950a-000babe55698/map_server-1.log']]
[roslaunch][INFO] 2020-11-05 23:50:45,412: process[map_server-1]: cwd will be [/home/fetch/.ros]
[roslaunch][INFO] 2020-11-05 23:50:45,413: process[map_server-1]: started with pid [5748]
[roslaunch][INFO] 2020-11-05 23:50:45,414: ... successfully launched [map_server-1]
[roslaunch][INFO] 2020-11-05 23:50:45,414: ... preparing to launch node of type [rviz/rviz]
[roslaunch][INFO] 2020-11-05 23:50:45,414: create_node_process: package[rviz] type[rviz] machine[Machine(name[] env_loader[None] address[localhost] ssh_port[22] user[None] assignable[True] timeout[10.0])] master_uri[http://localhost:11311]
[roslaunch][INFO] 2020-11-05 23:50:45,414: process[rviz-2]: env[{'ROS_DISTRO': 'indigo', 'LESSOPEN': '| /usr/bin/lesspipe %s', 'SSH_CLIENT': '172.22.77.105 51751 22', 'CPATH': '/home/fetch/catkin_ws/devel/include:/opt/ros/indigo/include', 'LOGNAME': 'fetch', 'USER': 'fetch', 'PATH': '/opt/ros/indigo/bin:/usr/local/sbin:/usr/local/bin:/usr/sbin:/usr/bin:/sbin:/bin:/usr/games:/usr/local/games', 'HOME': '/home/fetch', 'CMAKE_PREFIX_PATH': '/home/fetch/catkin_ws/devel:/opt/ros/indigo', 'ROS_LOG_FILENAME': '/home/fetch/.ros/log/cbff72b6-2003-11eb-950a-000babe55698/roslaunch-freight1207-5730.log', 'LANG': 'en_US.UTF-8', 'TERM': 'xterm-256color', 'SHELL': '/bin/bash', 'SHLVL': '1', 'QT_QPA_PLATFORMTHEME': 'appmenu-qt5', 'DISPLAY': 'localhost:12.0', '_VIRTUALENVWRAPPER_API': ' mkvirtualenv rmvirtualenv lsvirtualenv showvirtualenv workon add2virtualenv cdsitepackages cdvirtualenv lssitepackages toggleglobalsitepackages cpvirtualenv setvirtualenvproject mkproject cdproject mktmpenv mkvirtualenv rmvirtualenv lsvirtualenv showvirtualenv workon add2virtualenv cdsitepackages cdvirtualenv lssitepackages toggleglobalsitepackages cpvirtualenv setvirtualenvproject mkproject cdproject mktmpenv', 'XDG_RUNTIME_DIR': '/run/user/1000', 'PYTHONPATH': '/home/fetch/catkin_ws/devel/lib/python2.7/dist-packages:/opt/ros/indigo/lib/python2.7/dist-packages', 'ROS_ROOT': '/opt/ros/indigo/share/ros', 'PKG_CONFIG_PATH': '/home/fetch/catkin_ws/devel/lib/pkgconfig:/opt/ros/indigo/lib/pkgconfig', 'ROS_PACKAGE_PATH': '/home/fetch/catkin_ws/src:/opt/ros/indigo/share:/opt/ros/indigo/stacks', 'XDG_SESSION_ID': '3', '_': '/opt/ros/indigo/bin/roslaunch', 'LD_LIBRARY_PATH': '/home/fetch/catkin_ws/devel/lib:/opt/ros/indigo/lib', 'LS_COLORS': 'rs=0:di=01;34:ln=01;36:mh=00:pi=40;33:so=01;35:do=01;35:bd=40;33;01:cd=40;33;01:or=40;31;01:su=37;41:sg=30;43:ca=30;41:tw=30;42:ow=34;42:st=37;44:ex=01;32:*.tar=01;31:*.tgz=01;31:*.arj=01;31:*.taz=01;31:*.lzh=01;31:*.lzma=01;31:*.tlz=01;31:*.txz=01;31:*.zip=01;31:*.z=01;31:*.Z=01;31:*.dz=01;31:*.gz=01;31:*.lz=01;31:*.xz=01;31:*.bz2=01;31:*.bz=01;31:*.tbz=01;31:*.tbz2=01;31:*.tz=01;31:*.deb=01;31:*.rpm=01;31:*.jar=01;31:*.war=01;31:*.ear=01;31:*.sar=01;31:*.rar=01;31:*.ace=01;31:*.zoo=01;31:*.cpio=01;31:*.7z=01;31:*.rz=01;31:*.jpg=01;35:*.jpeg=01;35:*.gif=01;35:*.bmp=01;35:*.pbm=01;35:*.pgm=01;35:*.ppm=01;35:*.tga=01;35:*.xbm=01;35:*.xpm=01;35:*.tif=01;35:*.tiff=01;35:*.png=01;35:*.svg=01;35:*.svgz=01;35:*.mng=01;35:*.pcx=01;35:*.mov=01;35:*.mpg=01;35:*.mpeg=01;35:*.m2v=01;35:*.mkv=01;35:*.webm=01;35:*.ogm=01;35:*.mp4=01;35:*.m4v=01;35:*.mp4v=01;35:*.vob=01;35:*.qt=01;35:*.nuv=01;35:*.wmv=01;35:*.asf=01;35:*.rm=01;35:*.rmvb=01;35:*.flc=01;35:*.avi=01;35:*.fli=01;35:*.flv=01;35:*.gl=01;35:*.dl=01;35:*.xcf=01;35:*.xwd=01;35:*.yuv=01;35:*.cgm=01;35:*.emf=01;35:*.axv=01;35:*.anx=01;35:*.ogv=01;35:*.ogx=01;35:*.aac=00;36:*.au=00;36:*.flac=00;36:*.mid=00;36:*.midi=00;36:*.mka=00;36:*.mp3=00;36:*.mpc=00;36:*.ogg=00;36:*.ra=00;36:*.wav=00;36:*.axa=00;36:*.oga=00;36:*.spx=00;36:*.xspf=00;36:', 'LESSCLOSE': '/usr/bin/lesspipe %s %s', 'SSH_TTY': '/dev/pts/28', 'ROSLISP_PACKAGE_DIRECTORIES': '/home/fetch/catkin_ws/devel/share/common-lisp', 'VIRTUALENVWRAPPER_SCRIPT': '/usr/share/virtualenvwrapper/virtualenvwrapper.sh', 'PWD': '/home/fetch', 'ROS_ETC_DIR': '/opt/ros/indigo/etc/ros', 'ROS_MASTER_URI': 'http://localhost:11311', 'MAIL': '/var/mail/fetch', 'SSH_CONNECTION': '172.22.77.105 51751 172.22.77.172 22'}]
[roslaunch][INFO] 2020-11-05 23:50:45,416: process[rviz-2]: args[[u'/opt/ros/indigo/lib/rviz/rviz', '/opt/ros/indigo/share/fetch_navigation/config/navigation.rviz', u'__name:=rviz']]
[roslaunch][INFO] 2020-11-05 23:50:45,416: ... created process [rviz-2]
[roslaunch.pmon][INFO] 2020-11-05 23:50:45,416: ProcessMonitor.register[rviz-2]
[roslaunch.pmon][INFO] 2020-11-05 23:50:45,416: ProcessMonitor.register[rviz-2] complete
[roslaunch][INFO] 2020-11-05 23:50:45,416: ... registered process [rviz-2]
[roslaunch][INFO] 2020-11-05 23:50:45,416: process[rviz-2]: starting os process
[roslaunch][INFO] 2020-11-05 23:50:45,416: process[rviz-2]: start w/ args [[u'/opt/ros/indigo/lib/rviz/rviz', '/opt/ros/indigo/share/fetch_navigation/config/navigation.rviz', u'__name:=rviz', u'__log:=/home/fetch/.ros/log/cbff72b6-2003-11eb-950a-000babe55698/rviz-2.log']]
[roslaunch][INFO] 2020-11-05 23:50:45,416: process[rviz-2]: cwd will be [/home/fetch/.ros]
[roslaunch][INFO] 2020-11-05 23:50:45,418: process[rviz-2]: started with pid [5749]
[roslaunch][INFO] 2020-11-05 23:50:45,418: ... successfully launched [rviz-2]
[roslaunch][INFO] 2020-11-05 23:50:45,418: ... preparing to launch node of type [amcl/amcl]
[roslaunch][INFO] 2020-11-05 23:50:45,418: create_node_process: package[amcl] type[amcl] machine[Machine(name[] env_loader[None] address[localhost] ssh_port[22] user[None] assignable[True] timeout[10.0])] master_uri[http://localhost:11311]
[roslaunch][INFO] 2020-11-05 23:50:45,418: process[amcl-3]: env[{'ROS_DISTRO': 'indigo', 'LESSOPEN': '| /usr/bin/lesspipe %s', 'SSH_CLIENT': '172.22.77.105 51751 22', 'CPATH': '/home/fetch/catkin_ws/devel/include:/opt/ros/indigo/include', 'LOGNAME': 'fetch', 'USER': 'fetch', 'PATH': '/opt/ros/indigo/bin:/usr/local/sbin:/usr/local/bin:/usr/sbin:/usr/bin:/sbin:/bin:/usr/games:/usr/local/games', 'HOME': '/home/fetch', 'CMAKE_PREFIX_PATH': '/home/fetch/catkin_ws/devel:/opt/ros/indigo', 'ROS_LOG_FILENAME': '/home/fetch/.ros/log/cbff72b6-2003-11eb-950a-000babe55698/roslaunch-freight1207-5730.log', 'LANG': 'en_US.UTF-8', 'TERM': 'xterm-256color', 'SHELL': '/bin/bash', 'SHLVL': '1', 'QT_QPA_PLATFORMTHEME': 'appmenu-qt5', 'DISPLAY': 'localhost:12.0', '_VIRTUALENVWRAPPER_API': ' mkvirtualenv rmvirtualenv lsvirtualenv showvirtualenv workon add2virtualenv cdsitepackages cdvirtualenv lssitepackages toggleglobalsitepackages cpvirtualenv setvirtualenvproject mkproject cdproject mktmpenv mkvirtualenv rmvirtualenv lsvirtualenv showvirtualenv workon add2virtualenv cdsitepackages cdvirtualenv lssitepackages toggleglobalsitepackages cpvirtualenv setvirtualenvproject mkproject cdproject mktmpenv', 'XDG_RUNTIME_DIR': '/run/user/1000', 'PYTHONPATH': '/home/fetch/catkin_ws/devel/lib/python2.7/dist-packages:/opt/ros/indigo/lib/python2.7/dist-packages', 'ROS_ROOT': '/opt/ros/indigo/share/ros', 'PKG_CONFIG_PATH': '/home/fetch/catkin_ws/devel/lib/pkgconfig:/opt/ros/indigo/lib/pkgconfig', 'ROS_PACKAGE_PATH': '/home/fetch/catkin_ws/src:/opt/ros/indigo/share:/opt/ros/indigo/stacks', 'XDG_SESSION_ID': '3', '_': '/opt/ros/indigo/bin/roslaunch', 'LD_LIBRARY_PATH': '/home/fetch/catkin_ws/devel/lib:/opt/ros/indigo/lib', 'LS_COLORS': 'rs=0:di=01;34:ln=01;36:mh=00:pi=40;33:so=01;35:do=01;35:bd=40;33;01:cd=40;33;01:or=40;31;01:su=37;41:sg=30;43:ca=30;41:tw=30;42:ow=34;42:st=37;44:ex=01;32:*.tar=01;31:*.tgz=01;31:*.arj=01;31:*.taz=01;31:*.lzh=01;31:*.lzma=01;31:*.tlz=01;31:*.txz=01;31:*.zip=01;31:*.z=01;31:*.Z=01;31:*.dz=01;31:*.gz=01;31:*.lz=01;31:*.xz=01;31:*.bz2=01;31:*.bz=01;31:*.tbz=01;31:*.tbz2=01;31:*.tz=01;31:*.deb=01;31:*.rpm=01;31:*.jar=01;31:*.war=01;31:*.ear=01;31:*.sar=01;31:*.rar=01;31:*.ace=01;31:*.zoo=01;31:*.cpio=01;31:*.7z=01;31:*.rz=01;31:*.jpg=01;35:*.jpeg=01;35:*.gif=01;35:*.bmp=01;35:*.pbm=01;35:*.pgm=01;35:*.ppm=01;35:*.tga=01;35:*.xbm=01;35:*.xpm=01;35:*.tif=01;35:*.tiff=01;35:*.png=01;35:*.svg=01;35:*.svgz=01;35:*.mng=01;35:*.pcx=01;35:*.mov=01;35:*.mpg=01;35:*.mpeg=01;35:*.m2v=01;35:*.mkv=01;35:*.webm=01;35:*.ogm=01;35:*.mp4=01;35:*.m4v=01;35:*.mp4v=01;35:*.vob=01;35:*.qt=01;35:*.nuv=01;35:*.wmv=01;35:*.asf=01;35:*.rm=01;35:*.rmvb=01;35:*.flc=01;35:*.avi=01;35:*.fli=01;35:*.flv=01;35:*.gl=01;35:*.dl=01;35:*.xcf=01;35:*.xwd=01;35:*.yuv=01;35:*.cgm=01;35:*.emf=01;35:*.axv=01;35:*.anx=01;35:*.ogv=01;35:*.ogx=01;35:*.aac=00;36:*.au=00;36:*.flac=00;36:*.mid=00;36:*.midi=00;36:*.mka=00;36:*.mp3=00;36:*.mpc=00;36:*.ogg=00;36:*.ra=00;36:*.wav=00;36:*.axa=00;36:*.oga=00;36:*.spx=00;36:*.xspf=00;36:', 'LESSCLOSE': '/usr/bin/lesspipe %s %s', 'SSH_TTY': '/dev/pts/28', 'ROSLISP_PACKAGE_DIRECTORIES': '/home/fetch/catkin_ws/devel/share/common-lisp', 'VIRTUALENVWRAPPER_SCRIPT': '/usr/share/virtualenvwrapper/virtualenvwrapper.sh', 'PWD': '/home/fetch', 'ROS_ETC_DIR': '/opt/ros/indigo/etc/ros', 'ROS_MASTER_URI': 'http://localhost:11311', 'MAIL': '/var/mail/fetch', 'SSH_CONNECTION': '172.22.77.105 51751 172.22.77.172 22'}]
[roslaunch][INFO] 2020-11-05 23:50:45,419: process[amcl-3]: args[[u'/opt/ros/indigo/lib/amcl/amcl', u'scan:=base_scan', u'map:=map', u'__name:=amcl']]
[roslaunch][INFO] 2020-11-05 23:50:45,419: ... created process [amcl-3]
[roslaunch.pmon][INFO] 2020-11-05 23:50:45,419: ProcessMonitor.register[amcl-3]
[roslaunch.pmon][INFO] 2020-11-05 23:50:45,419: ProcessMonitor.register[amcl-3] complete
[roslaunch][INFO] 2020-11-05 23:50:45,419: ... registered process [amcl-3]
[roslaunch][INFO] 2020-11-05 23:50:45,419: process[amcl-3]: starting os process
[roslaunch][INFO] 2020-11-05 23:50:45,419: process[amcl-3]: start w/ args [[u'/opt/ros/indigo/lib/amcl/amcl', u'scan:=base_scan', u'map:=map', u'__name:=amcl', u'__log:=/home/fetch/.ros/log/cbff72b6-2003-11eb-950a-000babe55698/amcl-3.log']]
[roslaunch][INFO] 2020-11-05 23:50:45,419: process[amcl-3]: cwd will be [/home/fetch/.ros]
[roslaunch][INFO] 2020-11-05 23:50:45,421: process[amcl-3]: started with pid [5750]
[roslaunch][INFO] 2020-11-05 23:50:45,422: ... successfully launched [amcl-3]
[roslaunch][INFO] 2020-11-05 23:50:45,422: ... preparing to launch node of type [move_base/move_base]
[roslaunch][INFO] 2020-11-05 23:50:45,422: create_node_process: package[move_base] type[move_base] machine[Machine(name[] env_loader[None] address[localhost] ssh_port[22] user[None] assignable[True] timeout[10.0])] master_uri[http://localhost:11311]
[roslaunch][INFO] 2020-11-05 23:50:45,422: process[move_base-4]: env[{'ROS_DISTRO': 'indigo', 'LESSOPEN': '| /usr/bin/lesspipe %s', 'SSH_CLIENT': '172.22.77.105 51751 22', 'CPATH': '/home/fetch/catkin_ws/devel/include:/opt/ros/indigo/include', 'LOGNAME': 'fetch', 'USER': 'fetch', 'PATH': '/opt/ros/indigo/bin:/usr/local/sbin:/usr/local/bin:/usr/sbin:/usr/bin:/sbin:/bin:/usr/games:/usr/local/games', 'HOME': '/home/fetch', 'CMAKE_PREFIX_PATH': '/home/fetch/catkin_ws/devel:/opt/ros/indigo', 'ROS_LOG_FILENAME': '/home/fetch/.ros/log/cbff72b6-2003-11eb-950a-000babe55698/roslaunch-freight1207-5730.log', 'LANG': 'en_US.UTF-8', 'TERM': 'xterm-256color', 'SHELL': '/bin/bash', 'SHLVL': '1', 'QT_QPA_PLATFORMTHEME': 'appmenu-qt5', 'DISPLAY': 'localhost:12.0', '_VIRTUALENVWRAPPER_API': ' mkvirtualenv rmvirtualenv lsvirtualenv showvirtualenv workon add2virtualenv cdsitepackages cdvirtualenv lssitepackages toggleglobalsitepackages cpvirtualenv setvirtualenvproject mkproject cdproject mktmpenv mkvirtualenv rmvirtualenv lsvirtualenv showvirtualenv workon add2virtualenv cdsitepackages cdvirtualenv lssitepackages toggleglobalsitepackages cpvirtualenv setvirtualenvproject mkproject cdproject mktmpenv', 'XDG_RUNTIME_DIR': '/run/user/1000', 'PYTHONPATH': '/home/fetch/catkin_ws/devel/lib/python2.7/dist-packages:/opt/ros/indigo/lib/python2.7/dist-packages', 'ROS_ROOT': '/opt/ros/indigo/share/ros', 'PKG_CONFIG_PATH': '/home/fetch/catkin_ws/devel/lib/pkgconfig:/opt/ros/indigo/lib/pkgconfig', 'ROS_PACKAGE_PATH': '/home/fetch/catkin_ws/src:/opt/ros/indigo/share:/opt/ros/indigo/stacks', 'XDG_SESSION_ID': '3', '_': '/opt/ros/indigo/bin/roslaunch', 'LD_LIBRARY_PATH': '/home/fetch/catkin_ws/devel/lib:/opt/ros/indigo/lib', 'LS_COLORS': 'rs=0:di=01;34:ln=01;36:mh=00:pi=40;33:so=01;35:do=01;35:bd=40;33;01:cd=40;33;01:or=40;31;01:su=37;41:sg=30;43:ca=30;41:tw=30;42:ow=34;42:st=37;44:ex=01;32:*.tar=01;31:*.tgz=01;31:*.arj=01;31:*.taz=01;31:*.lzh=01;31:*.lzma=01;31:*.tlz=01;31:*.txz=01;31:*.zip=01;31:*.z=01;31:*.Z=01;31:*.dz=01;31:*.gz=01;31:*.lz=01;31:*.xz=01;31:*.bz2=01;31:*.bz=01;31:*.tbz=01;31:*.tbz2=01;31:*.tz=01;31:*.deb=01;31:*.rpm=01;31:*.jar=01;31:*.war=01;31:*.ear=01;31:*.sar=01;31:*.rar=01;31:*.ace=01;31:*.zoo=01;31:*.cpio=01;31:*.7z=01;31:*.rz=01;31:*.jpg=01;35:*.jpeg=01;35:*.gif=01;35:*.bmp=01;35:*.pbm=01;35:*.pgm=01;35:*.ppm=01;35:*.tga=01;35:*.xbm=01;35:*.xpm=01;35:*.tif=01;35:*.tiff=01;35:*.png=01;35:*.svg=01;35:*.svgz=01;35:*.mng=01;35:*.pcx=01;35:*.mov=01;35:*.mpg=01;35:*.mpeg=01;35:*.m2v=01;35:*.mkv=01;35:*.webm=01;35:*.ogm=01;35:*.mp4=01;35:*.m4v=01;35:*.mp4v=01;35:*.vob=01;35:*.qt=01;35:*.nuv=01;35:*.wmv=01;35:*.asf=01;35:*.rm=01;35:*.rmvb=01;35:*.flc=01;35:*.avi=01;35:*.fli=01;35:*.flv=01;35:*.gl=01;35:*.dl=01;35:*.xcf=01;35:*.xwd=01;35:*.yuv=01;35:*.cgm=01;35:*.emf=01;35:*.axv=01;35:*.anx=01;35:*.ogv=01;35:*.ogx=01;35:*.aac=00;36:*.au=00;36:*.flac=00;36:*.mid=00;36:*.midi=00;36:*.mka=00;36:*.mp3=00;36:*.mpc=00;36:*.ogg=00;36:*.ra=00;36:*.wav=00;36:*.axa=00;36:*.oga=00;36:*.spx=00;36:*.xspf=00;36:', 'LESSCLOSE': '/usr/bin/lesspipe %s %s', 'SSH_TTY': '/dev/pts/28', 'ROSLISP_PACKAGE_DIRECTORIES': '/home/fetch/catkin_ws/devel/share/common-lisp', 'VIRTUALENVWRAPPER_SCRIPT': '/usr/share/virtualenvwrapper/virtualenvwrapper.sh', 'PWD': '/home/fetch', 'ROS_ETC_DIR': '/opt/ros/indigo/etc/ros', 'ROS_MASTER_URI': 'http://localhost:11311', 'MAIL': '/var/mail/fetch', 'SSH_CONNECTION': '172.22.77.105 51751 172.22.77.172 22'}]
[roslaunch][INFO] 2020-11-05 23:50:45,422: process[move_base-4]: args[[u'/opt/ros/indigo/lib/move_base/move_base', u'cmd_vel:=cmd_vel', u'odom:=odom', u'map:=map', u'__name:=move_base']]
[roslaunch][INFO] 2020-11-05 23:50:45,423: ... created process [move_base-4]
[roslaunch.pmon][INFO] 2020-11-05 23:50:45,423: ProcessMonitor.register[move_base-4]
[roslaunch.pmon][INFO] 2020-11-05 23:50:45,423: ProcessMonitor.register[move_base-4] complete
[roslaunch][INFO] 2020-11-05 23:50:45,423: ... registered process [move_base-4]
[roslaunch][INFO] 2020-11-05 23:50:45,423: process[move_base-4]: starting os process
[roslaunch][INFO] 2020-11-05 23:50:45,423: process[move_base-4]: start w/ args [[u'/opt/ros/indigo/lib/move_base/move_base', u'cmd_vel:=cmd_vel', u'odom:=odom', u'map:=map', u'__name:=move_base', u'__log:=/home/fetch/.ros/log/cbff72b6-2003-11eb-950a-000babe55698/move_base-4.log']]
[roslaunch][INFO] 2020-11-05 23:50:45,423: process[move_base-4]: cwd will be [/home/fetch/.ros]
[roslaunch][INFO] 2020-11-05 23:50:45,424: process[move_base-4]: started with pid [5756]
[roslaunch][INFO] 2020-11-05 23:50:45,425: ... successfully launched [move_base-4]
[roslaunch][INFO] 2020-11-05 23:50:45,425: ... launch_nodes complete
[roslaunch.pmon][INFO] 2020-11-05 23:50:45,425: registrations completed <ProcessMonitor(ProcessMonitor-1, started daemon 140691838306048)>
[roslaunch.parent][INFO] 2020-11-05 23:50:45,425: ... roslaunch parent running, waiting for process exit
[roslaunch][INFO] 2020-11-05 23:50:45,425: spin
[roslaunch][INFO] 2020-11-05 23:50:46,539: [move_base-4] process has finished cleanly
log file: /home/fetch/.ros/log/cbff72b6-2003-11eb-950a-000babe55698/move_base-4*.log
[roslaunch][INFO] 2020-11-05 23:50:46,540: [move_base-4] restarting process
[roslaunch][INFO] 2020-11-05 23:50:46,540: process[move_base-4]: restarting os process
[roslaunch][INFO] 2020-11-05 23:50:46,540: process[move_base-4]: start w/ args [[u'/opt/ros/indigo/lib/move_base/move_base', u'cmd_vel:=cmd_vel', u'odom:=odom', u'map:=map', u'__name:=move_base', u'__log:=/home/fetch/.ros/log/cbff72b6-2003-11eb-950a-000babe55698/move_base-4.log']]
[roslaunch][INFO] 2020-11-05 23:50:46,540: process[move_base-4]: cwd will be [/home/fetch/.ros]
[roslaunch][INFO] 2020-11-05 23:50:46,541: process[move_base-4]: started with pid [6805]
[roslaunch][INFO] 2020-11-05 23:50:47,643: [move_base-4] process has finished cleanly
log file: /home/fetch/.ros/log/cbff72b6-2003-11eb-950a-000babe55698/move_base-4*.log
[roslaunch][INFO] 2020-11-05 23:50:47,643: [move_base-4] restarting process
[roslaunch][INFO] 2020-11-05 23:50:47,643: process[move_base-4]: restarting os process
[roslaunch][INFO] 2020-11-05 23:50:47,644: process[move_base-4]: start w/ args [[u'/opt/ros/indigo/lib/move_base/move_base', u'cmd_vel:=cmd_vel', u'odom:=odom', u'map:=map', u'__name:=move_base', u'__log:=/home/fetch/.ros/log/cbff72b6-2003-11eb-950a-000babe55698/move_base-4.log']]
[roslaunch][INFO] 2020-11-05 23:50:47,644: process[move_base-4]: cwd will be [/home/fetch/.ros]
[roslaunch][INFO] 2020-11-05 23:50:47,645: process[move_base-4]: started with pid [7942]
[roslaunch][INFO] 2020-11-05 23:50:48,747: [move_base-4] process has finished cleanly
log file: /home/fetch/.ros/log/cbff72b6-2003-11eb-950a-000babe55698/move_base-4*.log
[roslaunch][INFO] 2020-11-05 23:50:48,747: [move_base-4] restarting process
[roslaunch][INFO] 2020-11-05 23:50:48,747: process[move_base-4]: restarting os process
[roslaunch][INFO] 2020-11-05 23:50:48,747: process[move_base-4]: start w/ args [[u'/opt/ros/indigo/lib/move_base/move_base', u'cmd_vel:=cmd_vel', u'odom:=odom', u'map:=map', u'__name:=move_base', u'__log:=/home/fetch/.ros/log/cbff72b6-2003-11eb-950a-000babe55698/move_base-4.log']]
[roslaunch][INFO] 2020-11-05 23:50:48,747: process[move_base-4]: cwd will be [/home/fetch/.ros]
[roslaunch][INFO] 2020-11-05 23:50:48,749: process[move_base-4]: started with pid [9058]
[roslaunch][INFO] 2020-11-05 23:50:49,851: [move_base-4] process has finished cleanly
log file: /home/fetch/.ros/log/cbff72b6-2003-11eb-950a-000babe55698/move_base-4*.log
[roslaunch][INFO] 2020-11-05 23:50:49,851: [move_base-4] restarting process
[roslaunch][INFO] 2020-11-05 23:50:49,851: process[move_base-4]: restarting os process
[roslaunch][INFO] 2020-11-05 23:50:49,851: process[move_base-4]: start w/ args [[u'/opt/ros/indigo/lib/move_base/move_base', u'cmd_vel:=cmd_vel', u'odom:=odom', u'map:=map', u'__name:=move_base', u'__log:=/home/fetch/.ros/log/cbff72b6-2003-11eb-950a-000babe55698/move_base-4.log']]
[roslaunch][INFO] 2020-11-05 23:50:49,851: process[move_base-4]: cwd will be [/home/fetch/.ros]
[roslaunch][INFO] 2020-11-05 23:50:49,853: process[move_base-4]: started with pid [10168]
[roslaunch][INFO] 2020-11-05 23:50:50,955: [move_base-4] process has finished cleanly
log file: /home/fetch/.ros/log/cbff72b6-2003-11eb-950a-000babe55698/move_base-4*.log
[roslaunch][INFO] 2020-11-05 23:50:50,955: [move_base-4] restarting process
[roslaunch][INFO] 2020-11-05 23:50:50,955: process[move_base-4]: restarting os process
[roslaunch][INFO] 2020-11-05 23:50:50,955: process[move_base-4]: start w/ args [[u'/opt/ros/indigo/lib/move_base/move_base', u'cmd_vel:=cmd_vel', u'odom:=odom', u'map:=map', u'__name:=move_base', u'__log:=/home/fetch/.ros/log/cbff72b6-2003-11eb-950a-000babe55698/move_base-4.log']]
[roslaunch][INFO] 2020-11-05 23:50:50,955: process[move_base-4]: cwd will be [/home/fetch/.ros]
[roslaunch][INFO] 2020-11-05 23:50:50,957: process[move_base-4]: started with pid [11284]
[roslaunch][INFO] 2020-11-05 23:50:52,059: [move_base-4] process has finished cleanly
log file: /home/fetch/.ros/log/cbff72b6-2003-11eb-950a-000babe55698/move_base-4*.log
[roslaunch][INFO] 2020-11-05 23:50:52,059: [move_base-4] restarting process
[roslaunch][INFO] 2020-11-05 23:50:52,059: process[move_base-4]: restarting os process
[roslaunch][INFO] 2020-11-05 23:50:52,059: process[move_base-4]: start w/ args [[u'/opt/ros/indigo/lib/move_base/move_base', u'cmd_vel:=cmd_vel', u'odom:=odom', u'map:=map', u'__name:=move_base', u'__log:=/home/fetch/.ros/log/cbff72b6-2003-11eb-950a-000babe55698/move_base-4.log']]
[roslaunch][INFO] 2020-11-05 23:50:52,059: process[move_base-4]: cwd will be [/home/fetch/.ros]
[roslaunch][INFO] 2020-11-05 23:50:52,061: process[move_base-4]: started with pid [12394]
[roslaunch][INFO] 2020-11-05 23:50:53,163: [move_base-4] process has finished cleanly
log file: /home/fetch/.ros/log/cbff72b6-2003-11eb-950a-000babe55698/move_base-4*.log
[roslaunch][INFO] 2020-11-05 23:50:53,163: [move_base-4] restarting process
[roslaunch][INFO] 2020-11-05 23:50:53,163: process[move_base-4]: restarting os process
[roslaunch][INFO] 2020-11-05 23:50:53,163: process[move_base-4]: start w/ args [[u'/opt/ros/indigo/lib/move_base/move_base', u'cmd_vel:=cmd_vel', u'odom:=odom', u'map:=map', u'__name:=move_base', u'__log:=/home/fetch/.ros/log/cbff72b6-2003-11eb-950a-000babe55698/move_base-4.log']]
[roslaunch][INFO] 2020-11-05 23:50:53,163: process[move_base-4]: cwd will be [/home/fetch/.ros]
[roslaunch][INFO] 2020-11-05 23:50:53,165: process[move_base-4]: started with pid [13514]
[roslaunch][INFO] 2020-11-05 23:50:54,267: [move_base-4] process has finished cleanly
log file: /home/fetch/.ros/log/cbff72b6-2003-11eb-950a-000babe55698/move_base-4*.log
[roslaunch][INFO] 2020-11-05 23:50:54,267: [move_base-4] restarting process
[roslaunch][INFO] 2020-11-05 23:50:54,267: process[move_base-4]: restarting os process
[roslaunch][INFO] 2020-11-05 23:50:54,267: process[move_base-4]: start w/ args [[u'/opt/ros/indigo/lib/move_base/move_base', u'cmd_vel:=cmd_vel', u'odom:=odom', u'map:=map', u'__name:=move_base', u'__log:=/home/fetch/.ros/log/cbff72b6-2003-11eb-950a-000babe55698/move_base-4.log']]
[roslaunch][INFO] 2020-11-05 23:50:54,267: process[move_base-4]: cwd will be [/home/fetch/.ros]
[roslaunch][INFO] 2020-11-05 23:50:54,269: process[move_base-4]: started with pid [14624]
[roslaunch][INFO] 2020-11-05 23:50:55,371: [move_base-4] process has finished cleanly
log file: /home/fetch/.ros/log/cbff72b6-2003-11eb-950a-000babe55698/move_base-4*.log
[roslaunch][INFO] 2020-11-05 23:50:55,371: [move_base-4] restarting process
[roslaunch][INFO] 2020-11-05 23:50:55,371: process[move_base-4]: restarting os process
[roslaunch][INFO] 2020-11-05 23:50:55,371: process[move_base-4]: start w/ args [[u'/opt/ros/indigo/lib/move_base/move_base', u'cmd_vel:=cmd_vel', u'odom:=odom', u'map:=map', u'__name:=move_base', u'__log:=/home/fetch/.ros/log/cbff72b6-2003-11eb-950a-000babe55698/move_base-4.log']]
[roslaunch][INFO] 2020-11-05 23:50:55,371: process[move_base-4]: cwd will be [/home/fetch/.ros]
[roslaunch][INFO] 2020-11-05 23:50:55,373: process[move_base-4]: started with pid [15740]
[roslaunch][INFO] 2020-11-05 23:50:56,474: [move_base-4] process has finished cleanly
log file: /home/fetch/.ros/log/cbff72b6-2003-11eb-950a-000babe55698/move_base-4*.log
[roslaunch][INFO] 2020-11-05 23:50:56,475: [move_base-4] restarting process
[roslaunch][INFO] 2020-11-05 23:50:56,475: process[move_base-4]: restarting os process
[roslaunch][INFO] 2020-11-05 23:50:56,475: process[move_base-4]: start w/ args [[u'/opt/ros/indigo/lib/move_base/move_base', u'cmd_vel:=cmd_vel', u'odom:=odom', u'map:=map', u'__name:=move_base', u'__log:=/home/fetch/.ros/log/cbff72b6-2003-11eb-950a-000babe55698/move_base-4.log']]
[roslaunch][INFO] 2020-11-05 23:50:56,475: process[move_base-4]: cwd will be [/home/fetch/.ros]
[roslaunch][INFO] 2020-11-05 23:50:56,476: process[move_base-4]: started with pid [16850]
[roslaunch][INFO] 2020-11-05 23:50:57,578: [move_base-4] process has finished cleanly
log file: /home/fetch/.ros/log/cbff72b6-2003-11eb-950a-000babe55698/move_base-4*.log
[roslaunch][INFO] 2020-11-05 23:50:57,579: [move_base-4] restarting process
[roslaunch][INFO] 2020-11-05 23:50:57,579: process[move_base-4]: restarting os process
[roslaunch][INFO] 2020-11-05 23:50:57,579: process[move_base-4]: start w/ args [[u'/opt/ros/indigo/lib/move_base/move_base', u'cmd_vel:=cmd_vel', u'odom:=odom', u'map:=map', u'__name:=move_base', u'__log:=/home/fetch/.ros/log/cbff72b6-2003-11eb-950a-000babe55698/move_base-4.log']]
[roslaunch][INFO] 2020-11-05 23:50:57,579: process[move_base-4]: cwd will be [/home/fetch/.ros]
[roslaunch][INFO] 2020-11-05 23:50:57,580: process[move_base-4]: started with pid [17966]
[roslaunch][INFO] 2020-11-05 23:50:58,683: [move_base-4] process has finished cleanly
log file: /home/fetch/.ros/log/cbff72b6-2003-11eb-950a-000babe55698/move_base-4*.log
[roslaunch][INFO] 2020-11-05 23:50:58,683: [move_base-4] restarting process
[roslaunch][INFO] 2020-11-05 23:50:58,683: process[move_base-4]: restarting os process
[roslaunch][INFO] 2020-11-05 23:50:58,683: process[move_base-4]: start w/ args [[u'/opt/ros/indigo/lib/move_base/move_base', u'cmd_vel:=cmd_vel', u'odom:=odom', u'map:=map', u'__name:=move_base', u'__log:=/home/fetch/.ros/log/cbff72b6-2003-11eb-950a-000babe55698/move_base-4.log']]
[roslaunch][INFO] 2020-11-05 23:50:58,683: process[move_base-4]: cwd will be [/home/fetch/.ros]
[roslaunch][INFO] 2020-11-05 23:50:58,684: process[move_base-4]: started with pid [19082]
[roslaunch][INFO] 2020-11-05 23:50:59,887: [move_base-4] process has finished cleanly
log file: /home/fetch/.ros/log/cbff72b6-2003-11eb-950a-000babe55698/move_base-4*.log
[roslaunch][INFO] 2020-11-05 23:50:59,887: [move_base-4] restarting process
[roslaunch][INFO] 2020-11-05 23:50:59,887: process[move_base-4]: restarting os process
[roslaunch][INFO] 2020-11-05 23:50:59,887: process[move_base-4]: start w/ args [[u'/opt/ros/indigo/lib/move_base/move_base', u'cmd_vel:=cmd_vel', u'odom:=odom', u'map:=map', u'__name:=move_base', u'__log:=/home/fetch/.ros/log/cbff72b6-2003-11eb-950a-000babe55698/move_base-4.log']]
[roslaunch][INFO] 2020-11-05 23:50:59,887: process[move_base-4]: cwd will be [/home/fetch/.ros]
[roslaunch][INFO] 2020-11-05 23:50:59,889: process[move_base-4]: started with pid [20192]
[roslaunch][INFO] 2020-11-05 23:51:00,991: [move_base-4] process has finished cleanly
log file: /home/fetch/.ros/log/cbff72b6-2003-11eb-950a-000babe55698/move_base-4*.log
[roslaunch][INFO] 2020-11-05 23:51:00,991: [move_base-4] restarting process
[roslaunch][INFO] 2020-11-05 23:51:00,991: process[move_base-4]: restarting os process
[roslaunch][INFO] 2020-11-05 23:51:00,991: process[move_base-4]: start w/ args [[u'/opt/ros/indigo/lib/move_base/move_base', u'cmd_vel:=cmd_vel', u'odom:=odom', u'map:=map', u'__name:=move_base', u'__log:=/home/fetch/.ros/log/cbff72b6-2003-11eb-950a-000babe55698/move_base-4.log']]
[roslaunch][INFO] 2020-11-05 23:51:00,991: process[move_base-4]: cwd will be [/home/fetch/.ros]
[roslaunch][INFO] 2020-11-05 23:51:00,993: process[move_base-4]: started with pid [21308]
[roslaunch.pmon][INFO] 2020-11-05 23:51:01,621: ProcessMonitor.shutdown <ProcessMonitor(ProcessMonitor-1, started daemon 140691838306048)>
[roslaunch.pmon][INFO] 2020-11-05 23:51:01,694: ProcessMonitor._post_run <ProcessMonitor(ProcessMonitor-1, started daemon 140691838306048)>
[roslaunch.pmon][INFO] 2020-11-05 23:51:01,694: ProcessMonitor._post_run <ProcessMonitor(ProcessMonitor-1, started daemon 140691838306048)>: remaining procs are [<roslaunch.nodeprocess.LocalProcess object at 0x7ff55f2bf3d0>, <roslaunch.nodeprocess.LocalProcess object at 0x7ff55f39df50>, <roslaunch.nodeprocess.LocalProcess object at 0x7ff55f2bffd0>, <roslaunch.nodeprocess.LocalProcess object at 0x7ff55f2bf910>]
[roslaunch.pmon][INFO] 2020-11-05 23:51:01,694: ProcessMonitor exit: killing move_base-4
[roslaunch][INFO] 2020-11-05 23:51:01,694: [move_base-4] killing on exit
[roslaunch.pmon][INFO] 2020-11-05 23:51:01,695: ProcessMonitor exit: killing amcl-3
[roslaunch.pmon][INFO] 2020-11-05 23:51:01,695: ProcessMonitor exit: killing rviz-2
[roslaunch][INFO] 2020-11-05 23:51:01,695: process[move_base-4]: killing os process with pid[21308] pgid[21308]
[roslaunch.pmon][INFO] 2020-11-05 23:51:01,695: ProcessMonitor exit: killing map_server-1
[roslaunch][INFO] 2020-11-05 23:51:01,695: [amcl-3] killing on exit
[roslaunch][INFO] 2020-11-05 23:51:01,695: [rviz-2] killing on exit
[roslaunch][INFO] 2020-11-05 23:51:01,696: [move_base-4] sending SIGINT to pgid [21308]
[roslaunch][INFO] 2020-11-05 23:51:01,696: [map_server-1] killing on exit
[roslaunch][INFO] 2020-11-05 23:51:01,696: process[amcl-3]: killing os process with pid[5750] pgid[5750]
[roslaunch][INFO] 2020-11-05 23:51:01,696: process[rviz-2]: killing os process with pid[5749] pgid[5749]
[roslaunch][INFO] 2020-11-05 23:51:01,696: [move_base-4] sent SIGINT to pgid [21308]
[roslaunch][INFO] 2020-11-05 23:51:01,696: process[map_server-1]: killing os process with pid[5748] pgid[5748]
[roslaunch][INFO] 2020-11-05 23:51:01,696: [amcl-3] sending SIGINT to pgid [5750]
[roslaunch][INFO] 2020-11-05 23:51:01,696: [rviz-2] sending SIGINT to pgid [5749]
[roslaunch][INFO] 2020-11-05 23:51:01,697: [map_server-1] sending SIGINT to pgid [5748]
[roslaunch][INFO] 2020-11-05 23:51:01,697: [amcl-3] sent SIGINT to pgid [5750]
[roslaunch][INFO] 2020-11-05 23:51:01,697: [rviz-2] sent SIGINT to pgid [5749]
[roslaunch][INFO] 2020-11-05 23:51:01,697: [map_server-1] sent SIGINT to pgid [5748]
[roslaunch][INFO] 2020-11-05 23:51:01,897: process[map_server-1]: SIGINT killed with return value 0
[roslaunch][INFO] 2020-11-05 23:51:01,997: process[amcl-3]: SIGINT killed with return value 0
[roslaunch][INFO] 2020-11-05 23:51:02,097: process[move_base-4]: SIGINT killed with return value 0
[roslaunch][INFO] 2020-11-05 23:51:06,504: process[rviz-2]: SIGINT killed with return value 0
[roslaunch.pmon][INFO] 2020-11-05 23:51:06,504: ProcessMonitor exit: cleaning up data structures and signals
[roslaunch.pmon][INFO] 2020-11-05 23:51:06,504: ProcessMonitor exit: pmon has shutdown
[roslaunch][INFO] 2020-11-05 23:51:06,543: process monitor is done spinning, initiating full shutdown
[roslaunch][INFO] 2020-11-05 23:51:06,543: runner.stop()
[roslaunch][INFO] 2020-11-05 23:51:06,543: shutting down processing monitor...
[roslaunch][INFO] 2020-11-05 23:51:06,543: shutting down processing monitor <ProcessMonitor(ProcessMonitor-1, stopped daemon 140691838306048)>
[roslaunch.pmon][INFO] 2020-11-05 23:51:06,543: ProcessMonitor.shutdown <ProcessMonitor(ProcessMonitor-1, stopped daemon 140691838306048)>
[roslaunch][INFO] 2020-11-05 23:51:06,543: ... shutting down processing monitor complete
[roslaunch][INFO] 2020-11-05 23:51:06,543: done
[roslaunch.pmon][INFO] 2020-11-05 23:51:06,544: ProcessMonitor.shutdown <ProcessMonitor(ProcessMonitor-1, stopped daemon 140691838306048)>
[rospy.core][INFO] 2020-11-05 23:51:06,544: signal_shutdown [atexit]
