[roslaunch][INFO] 2020-11-05 23:45:55,947: Checking log directory for disk usage. This may take awhile.
Press Ctrl-C to interrupt
[roslaunch][INFO] 2020-11-05 23:45:55,971: Done checking log file disk usage. Usage is <1GB.
[roslaunch][INFO] 2020-11-05 23:45:55,971: roslaunch starting with args ['/opt/ros/indigo/bin/roslaunch', 'fetch_navigation', 'freight_nav.launch']
[roslaunch][INFO] 2020-11-05 23:45:55,971: roslaunch env is {'ROS_DISTRO': 'indigo', 'LESSOPEN': '| /usr/bin/lesspipe %s', 'SSH_CLIENT': '172.22.77.105 51730 22', 'CPATH': '/home/fetch/catkin_ws/devel/include:/opt/ros/indigo/include', 'LOGNAME': 'fetch', 'USER': 'fetch', 'PATH': '/opt/ros/indigo/bin:/usr/local/sbin:/usr/local/bin:/usr/sbin:/usr/bin:/sbin:/bin:/usr/games:/usr/local/games', 'HOME': '/home/fetch', 'VIRTUALENVWRAPPER_SCRIPT': '/usr/share/virtualenvwrapper/virtualenvwrapper.sh', 'LD_LIBRARY_PATH': '/home/fetch/catkin_ws/devel/lib:/opt/ros/indigo/lib', 'LANG': 'en_US.UTF-8', 'TERM': 'xterm-256color', 'SHELL': '/bin/bash', 'ROS_LOG_FILENAME': '/home/fetch/.ros/log/cbff72b6-2003-11eb-950a-000babe55698/roslaunch-freight1207-3427.log', 'SHLVL': '1', 'QT_QPA_PLATFORMTHEME': 'appmenu-qt5', 'ROS_ETC_DIR': '/opt/ros/indigo/etc/ros', 'DISPLAY': 'localhost:10.0', '_VIRTUALENVWRAPPER_API': ' mkvirtualenv rmvirtualenv lsvirtualenv showvirtualenv workon add2virtualenv cdsitepackages cdvirtualenv lssitepackages toggleglobalsitepackages cpvirtualenv setvirtualenvproject mkproject cdproject mktmpenv mkvirtualenv rmvirtualenv lsvirtualenv showvirtualenv workon add2virtualenv cdsitepackages cdvirtualenv lssitepackages toggleglobalsitepackages cpvirtualenv setvirtualenvproject mkproject cdproject mktmpenv', 'CMAKE_PREFIX_PATH': '/home/fetch/catkin_ws/devel:/opt/ros/indigo', 'XDG_RUNTIME_DIR': '/run/user/1000', 'PYTHONPATH': '/home/fetch/catkin_ws/devel/lib/python2.7/dist-packages:/opt/ros/indigo/lib/python2.7/dist-packages', 'ROS_ROOT': '/opt/ros/indigo/share/ros', 'PKG_CONFIG_PATH': '/home/fetch/catkin_ws/devel/lib/pkgconfig:/opt/ros/indigo/lib/pkgconfig', 'ROS_PACKAGE_PATH': '/home/fetch/catkin_ws/src:/opt/ros/indigo/share:/opt/ros/indigo/stacks', 'XDG_SESSION_ID': '1', '_': '/opt/ros/indigo/bin/roslaunch', 'SSH_CONNECTION': '172.22.77.105 51730 172.22.77.172 22', 'LESSCLOSE': '/usr/bin/lesspipe %s %s', 'SSH_TTY': '/dev/pts/1', 'OLDPWD': '/home/fetch', 'ROSLISP_PACKAGE_DIRECTORIES': '/home/fetch/catkin_ws/devel/share/common-lisp', 'PWD': '/home/fetch/catkin_ws/src/patrolling/src', 'ROS_MASTER_URI': 'http://localhost:11311', 'MAIL': '/var/mail/fetch', 'LS_COLORS': 'rs=0:di=01;34:ln=01;36:mh=00:pi=40;33:so=01;35:do=01;35:bd=40;33;01:cd=40;33;01:or=40;31;01:su=37;41:sg=30;43:ca=30;41:tw=30;42:ow=34;42:st=37;44:ex=01;32:*.tar=01;31:*.tgz=01;31:*.arj=01;31:*.taz=01;31:*.lzh=01;31:*.lzma=01;31:*.tlz=01;31:*.txz=01;31:*.zip=01;31:*.z=01;31:*.Z=01;31:*.dz=01;31:*.gz=01;31:*.lz=01;31:*.xz=01;31:*.bz2=01;31:*.bz=01;31:*.tbz=01;31:*.tbz2=01;31:*.tz=01;31:*.deb=01;31:*.rpm=01;31:*.jar=01;31:*.war=01;31:*.ear=01;31:*.sar=01;31:*.rar=01;31:*.ace=01;31:*.zoo=01;31:*.cpio=01;31:*.7z=01;31:*.rz=01;31:*.jpg=01;35:*.jpeg=01;35:*.gif=01;35:*.bmp=01;35:*.pbm=01;35:*.pgm=01;35:*.ppm=01;35:*.tga=01;35:*.xbm=01;35:*.xpm=01;35:*.tif=01;35:*.tiff=01;35:*.png=01;35:*.svg=01;35:*.svgz=01;35:*.mng=01;35:*.pcx=01;35:*.mov=01;35:*.mpg=01;35:*.mpeg=01;35:*.m2v=01;35:*.mkv=01;35:*.webm=01;35:*.ogm=01;35:*.mp4=01;35:*.m4v=01;35:*.mp4v=01;35:*.vob=01;35:*.qt=01;35:*.nuv=01;35:*.wmv=01;35:*.asf=01;35:*.rm=01;35:*.rmvb=01;35:*.flc=01;35:*.avi=01;35:*.fli=01;35:*.flv=01;35:*.gl=01;35:*.dl=01;35:*.xcf=01;35:*.xwd=01;35:*.yuv=01;35:*.cgm=01;35:*.emf=01;35:*.axv=01;35:*.anx=01;35:*.ogv=01;35:*.ogx=01;35:*.aac=00;36:*.au=00;36:*.flac=00;36:*.mid=00;36:*.midi=00;36:*.mka=00;36:*.mp3=00;36:*.mpc=00;36:*.ogg=00;36:*.ra=00;36:*.wav=00;36:*.axa=00;36:*.oga=00;36:*.spx=00;36:*.xspf=00;36:'}
[roslaunch][INFO] 2020-11-05 23:45:55,971: starting in server mode
[roslaunch.parent][INFO] 2020-11-05 23:45:55,971: starting roslaunch parent run
[roslaunch][INFO] 2020-11-05 23:45:55,972: loading roscore config file /opt/ros/indigo/etc/ros/roscore.xml
[roslaunch][INFO] 2020-11-05 23:45:56,047: Added core node of type [rosout/rosout] in namespace [/]
[roslaunch.config][INFO] 2020-11-05 23:45:56,047: loading config file /opt/ros/indigo/share/fetch_navigation/launch/freight_nav.launch
[roslaunch][INFO] 2020-11-05 23:45:56,084: Added node of type [map_server/map_server] in namespace [/]
[roslaunch][INFO] 2020-11-05 23:45:56,085: Added node of type [rviz/rviz] in namespace [/]
[roslaunch][INFO] 2020-11-05 23:45:56,090: Added node of type [amcl/amcl] in namespace [/]
[roslaunch][INFO] 2020-11-05 23:45:56,108: Added node of type [move_base/move_base] in namespace [/]
[roslaunch][INFO] 2020-11-05 23:45:56,108: ... selected machine [] for node of type [map_server/map_server]
[roslaunch][INFO] 2020-11-05 23:45:56,108: ... selected machine [] for node of type [rviz/rviz]
[roslaunch][INFO] 2020-11-05 23:45:56,108: ... selected machine [] for node of type [amcl/amcl]
[roslaunch][INFO] 2020-11-05 23:45:56,108: ... selected machine [] for node of type [move_base/move_base]
[roslaunch.pmon][INFO] 2020-11-05 23:45:56,109: start_process_monitor: creating ProcessMonitor
[roslaunch.pmon][INFO] 2020-11-05 23:45:56,109: created process monitor <ProcessMonitor(ProcessMonitor-1, initial daemon)>
[roslaunch.pmon][INFO] 2020-11-05 23:45:56,109: start_process_monitor: ProcessMonitor started
[roslaunch.parent][INFO] 2020-11-05 23:45:56,109: starting parent XML-RPC server
[roslaunch.server][INFO] 2020-11-05 23:45:56,109: starting roslaunch XML-RPC server
[roslaunch.server][INFO] 2020-11-05 23:45:56,109: waiting for roslaunch XML-RPC server to initialize
[xmlrpc][INFO] 2020-11-05 23:45:56,109: XML-RPC server binding to 0.0.0.0:0
[xmlrpc][INFO] 2020-11-05 23:45:56,109: Started XML-RPC server [http://freight1207:42087/]
[xmlrpc][INFO] 2020-11-05 23:45:56,109: xml rpc node: starting XML-RPC server
[roslaunch][INFO] 2020-11-05 23:45:56,120: started roslaunch server http://freight1207:42087/
[roslaunch.parent][INFO] 2020-11-05 23:45:56,120: ... parent XML-RPC server started
[roslaunch][INFO] 2020-11-05 23:45:56,121: master.is_running[http://localhost:11311]
[roslaunch][INFO] 2020-11-05 23:45:56,122: master.is_running[http://localhost:11311]
[roslaunch][INFO] 2020-11-05 23:45:56,123: ROS_MASTER_URI=http://localhost:11311
[roslaunch][INFO] 2020-11-05 23:45:56,124: setting /roslaunch/uris/host_freight1207__42087' to http://freight1207:42087/
[roslaunch][INFO] 2020-11-05 23:45:56,126: load_parameters starting ...
[roslaunch][INFO] 2020-11-05 23:45:56,144: ... load_parameters complete
[roslaunch][INFO] 2020-11-05 23:45:56,145: launch_nodes: launching local nodes ...
[roslaunch][INFO] 2020-11-05 23:45:56,145: ... preparing to launch node of type [map_server/map_server]
[roslaunch][INFO] 2020-11-05 23:45:56,145: create_node_process: package[map_server] type[map_server] machine[Machine(name[] env_loader[None] address[localhost] ssh_port[22] user[None] assignable[True] timeout[10.0])] master_uri[http://localhost:11311]
[roslaunch][INFO] 2020-11-05 23:45:56,145: process[map_server-1]: env[{'ROS_DISTRO': 'indigo', 'LESSOPEN': '| /usr/bin/lesspipe %s', 'SSH_CLIENT': '172.22.77.105 51730 22', 'CPATH': '/home/fetch/catkin_ws/devel/include:/opt/ros/indigo/include', 'LOGNAME': 'fetch', 'USER': 'fetch', 'PATH': '/opt/ros/indigo/bin:/usr/local/sbin:/usr/local/bin:/usr/sbin:/usr/bin:/sbin:/bin:/usr/games:/usr/local/games', 'HOME': '/home/fetch', 'CMAKE_PREFIX_PATH': '/home/fetch/catkin_ws/devel:/opt/ros/indigo', 'ROS_LOG_FILENAME': '/home/fetch/.ros/log/cbff72b6-2003-11eb-950a-000babe55698/roslaunch-freight1207-3427.log', 'LANG': 'en_US.UTF-8', 'TERM': 'xterm-256color', 'SHELL': '/bin/bash', 'SHLVL': '1', 'QT_QPA_PLATFORMTHEME': 'appmenu-qt5', 'DISPLAY': 'localhost:10.0', '_VIRTUALENVWRAPPER_API': ' mkvirtualenv rmvirtualenv lsvirtualenv showvirtualenv workon add2virtualenv cdsitepackages cdvirtualenv lssitepackages toggleglobalsitepackages cpvirtualenv setvirtualenvproject mkproject cdproject mktmpenv mkvirtualenv rmvirtualenv lsvirtualenv showvirtualenv workon add2virtualenv cdsitepackages cdvirtualenv lssitepackages toggleglobalsitepackages cpvirtualenv setvirtualenvproject mkproject cdproject mktmpenv', 'XDG_RUNTIME_DIR': '/run/user/1000', 'PYTHONPATH': '/home/fetch/catkin_ws/devel/lib/python2.7/dist-packages:/opt/ros/indigo/lib/python2.7/dist-packages', 'ROS_ROOT': '/opt/ros/indigo/share/ros', 'PKG_CONFIG_PATH': '/home/fetch/catkin_ws/devel/lib/pkgconfig:/opt/ros/indigo/lib/pkgconfig', 'ROS_PACKAGE_PATH': '/home/fetch/catkin_ws/src:/opt/ros/indigo/share:/opt/ros/indigo/stacks', 'XDG_SESSION_ID': '1', '_': '/opt/ros/indigo/bin/roslaunch', 'LD_LIBRARY_PATH': '/home/fetch/catkin_ws/devel/lib:/opt/ros/indigo/lib', 'LS_COLORS': 'rs=0:di=01;34:ln=01;36:mh=00:pi=40;33:so=01;35:do=01;35:bd=40;33;01:cd=40;33;01:or=40;31;01:su=37;41:sg=30;43:ca=30;41:tw=30;42:ow=34;42:st=37;44:ex=01;32:*.tar=01;31:*.tgz=01;31:*.arj=01;31:*.taz=01;31:*.lzh=01;31:*.lzma=01;31:*.tlz=01;31:*.txz=01;31:*.zip=01;31:*.z=01;31:*.Z=01;31:*.dz=01;31:*.gz=01;31:*.lz=01;31:*.xz=01;31:*.bz2=01;31:*.bz=01;31:*.tbz=01;31:*.tbz2=01;31:*.tz=01;31:*.deb=01;31:*.rpm=01;31:*.jar=01;31:*.war=01;31:*.ear=01;31:*.sar=01;31:*.rar=01;31:*.ace=01;31:*.zoo=01;31:*.cpio=01;31:*.7z=01;31:*.rz=01;31:*.jpg=01;35:*.jpeg=01;35:*.gif=01;35:*.bmp=01;35:*.pbm=01;35:*.pgm=01;35:*.ppm=01;35:*.tga=01;35:*.xbm=01;35:*.xpm=01;35:*.tif=01;35:*.tiff=01;35:*.png=01;35:*.svg=01;35:*.svgz=01;35:*.mng=01;35:*.pcx=01;35:*.mov=01;35:*.mpg=01;35:*.mpeg=01;35:*.m2v=01;35:*.mkv=01;35:*.webm=01;35:*.ogm=01;35:*.mp4=01;35:*.m4v=01;35:*.mp4v=01;35:*.vob=01;35:*.qt=01;35:*.nuv=01;35:*.wmv=01;35:*.asf=01;35:*.rm=01;35:*.rmvb=01;35:*.flc=01;35:*.avi=01;35:*.fli=01;35:*.flv=01;35:*.gl=01;35:*.dl=01;35:*.xcf=01;35:*.xwd=01;35:*.yuv=01;35:*.cgm=01;35:*.emf=01;35:*.axv=01;35:*.anx=01;35:*.ogv=01;35:*.ogx=01;35:*.aac=00;36:*.au=00;36:*.flac=00;36:*.mid=00;36:*.midi=00;36:*.mka=00;36:*.mp3=00;36:*.mpc=00;36:*.ogg=00;36:*.ra=00;36:*.wav=00;36:*.axa=00;36:*.oga=00;36:*.spx=00;36:*.xspf=00;36:', 'LESSCLOSE': '/usr/bin/lesspipe %s %s', 'SSH_TTY': '/dev/pts/1', 'OLDPWD': '/home/fetch', 'ROSLISP_PACKAGE_DIRECTORIES': '/home/fetch/catkin_ws/devel/share/common-lisp', 'VIRTUALENVWRAPPER_SCRIPT': '/usr/share/virtualenvwrapper/virtualenvwrapper.sh', 'PWD': '/home/fetch/catkin_ws/src/patrolling/src', 'ROS_ETC_DIR': '/opt/ros/indigo/etc/ros', 'ROS_MASTER_URI': 'http://localhost:11311', 'MAIL': '/var/mail/fetch', 'SSH_CONNECTION': '172.22.77.105 51730 172.22.77.172 22'}]
[roslaunch][INFO] 2020-11-05 23:45:56,183: process[map_server-1]: args[[u'/opt/ros/indigo/lib/map_server/map_server', '/home/fetch/final_map.yaml', u'__name:=map_server']]
[roslaunch][INFO] 2020-11-05 23:45:56,183: ... created process [map_server-1]
[roslaunch.pmon][INFO] 2020-11-05 23:45:56,183: ProcessMonitor.register[map_server-1]
[roslaunch.pmon][INFO] 2020-11-05 23:45:56,183: ProcessMonitor.register[map_server-1] complete
[roslaunch][INFO] 2020-11-05 23:45:56,183: ... registered process [map_server-1]
[roslaunch][INFO] 2020-11-05 23:45:56,183: process[map_server-1]: starting os process
[roslaunch][INFO] 2020-11-05 23:45:56,183: process[map_server-1]: start w/ args [[u'/opt/ros/indigo/lib/map_server/map_server', '/home/fetch/final_map.yaml', u'__name:=map_server', u'__log:=/home/fetch/.ros/log/cbff72b6-2003-11eb-950a-000babe55698/map_server-1.log']]
[roslaunch][INFO] 2020-11-05 23:45:56,183: process[map_server-1]: cwd will be [/home/fetch/.ros]
[roslaunch][INFO] 2020-11-05 23:45:56,186: process[map_server-1]: started with pid [3445]
[roslaunch][INFO] 2020-11-05 23:45:56,186: ... successfully launched [map_server-1]
[roslaunch][INFO] 2020-11-05 23:45:56,186: ... preparing to launch node of type [rviz/rviz]
[roslaunch][INFO] 2020-11-05 23:45:56,186: create_node_process: package[rviz] type[rviz] machine[Machine(name[] env_loader[None] address[localhost] ssh_port[22] user[None] assignable[True] timeout[10.0])] master_uri[http://localhost:11311]
[roslaunch][INFO] 2020-11-05 23:45:56,186: process[rviz-2]: env[{'ROS_DISTRO': 'indigo', 'LESSOPEN': '| /usr/bin/lesspipe %s', 'SSH_CLIENT': '172.22.77.105 51730 22', 'CPATH': '/home/fetch/catkin_ws/devel/include:/opt/ros/indigo/include', 'LOGNAME': 'fetch', 'USER': 'fetch', 'PATH': '/opt/ros/indigo/bin:/usr/local/sbin:/usr/local/bin:/usr/sbin:/usr/bin:/sbin:/bin:/usr/games:/usr/local/games', 'HOME': '/home/fetch', 'CMAKE_PREFIX_PATH': '/home/fetch/catkin_ws/devel:/opt/ros/indigo', 'ROS_LOG_FILENAME': '/home/fetch/.ros/log/cbff72b6-2003-11eb-950a-000babe55698/roslaunch-freight1207-3427.log', 'LANG': 'en_US.UTF-8', 'TERM': 'xterm-256color', 'SHELL': '/bin/bash', 'SHLVL': '1', 'QT_QPA_PLATFORMTHEME': 'appmenu-qt5', 'DISPLAY': 'localhost:10.0', '_VIRTUALENVWRAPPER_API': ' mkvirtualenv rmvirtualenv lsvirtualenv showvirtualenv workon add2virtualenv cdsitepackages cdvirtualenv lssitepackages toggleglobalsitepackages cpvirtualenv setvirtualenvproject mkproject cdproject mktmpenv mkvirtualenv rmvirtualenv lsvirtualenv showvirtualenv workon add2virtualenv cdsitepackages cdvirtualenv lssitepackages toggleglobalsitepackages cpvirtualenv setvirtualenvproject mkproject cdproject mktmpenv', 'XDG_RUNTIME_DIR': '/run/user/1000', 'PYTHONPATH': '/home/fetch/catkin_ws/devel/lib/python2.7/dist-packages:/opt/ros/indigo/lib/python2.7/dist-packages', 'ROS_ROOT': '/opt/ros/indigo/share/ros', 'PKG_CONFIG_PATH': '/home/fetch/catkin_ws/devel/lib/pkgconfig:/opt/ros/indigo/lib/pkgconfig', 'ROS_PACKAGE_PATH': '/home/fetch/catkin_ws/src:/opt/ros/indigo/share:/opt/ros/indigo/stacks', 'XDG_SESSION_ID': '1', '_': '/opt/ros/indigo/bin/roslaunch', 'LD_LIBRARY_PATH': '/home/fetch/catkin_ws/devel/lib:/opt/ros/indigo/lib', 'LS_COLORS': 'rs=0:di=01;34:ln=01;36:mh=00:pi=40;33:so=01;35:do=01;35:bd=40;33;01:cd=40;33;01:or=40;31;01:su=37;41:sg=30;43:ca=30;41:tw=30;42:ow=34;42:st=37;44:ex=01;32:*.tar=01;31:*.tgz=01;31:*.arj=01;31:*.taz=01;31:*.lzh=01;31:*.lzma=01;31:*.tlz=01;31:*.txz=01;31:*.zip=01;31:*.z=01;31:*.Z=01;31:*.dz=01;31:*.gz=01;31:*.lz=01;31:*.xz=01;31:*.bz2=01;31:*.bz=01;31:*.tbz=01;31:*.tbz2=01;31:*.tz=01;31:*.deb=01;31:*.rpm=01;31:*.jar=01;31:*.war=01;31:*.ear=01;31:*.sar=01;31:*.rar=01;31:*.ace=01;31:*.zoo=01;31:*.cpio=01;31:*.7z=01;31:*.rz=01;31:*.jpg=01;35:*.jpeg=01;35:*.gif=01;35:*.bmp=01;35:*.pbm=01;35:*.pgm=01;35:*.ppm=01;35:*.tga=01;35:*.xbm=01;35:*.xpm=01;35:*.tif=01;35:*.tiff=01;35:*.png=01;35:*.svg=01;35:*.svgz=01;35:*.mng=01;35:*.pcx=01;35:*.mov=01;35:*.mpg=01;35:*.mpeg=01;35:*.m2v=01;35:*.mkv=01;35:*.webm=01;35:*.ogm=01;35:*.mp4=01;35:*.m4v=01;35:*.mp4v=01;35:*.vob=01;35:*.qt=01;35:*.nuv=01;35:*.wmv=01;35:*.asf=01;35:*.rm=01;35:*.rmvb=01;35:*.flc=01;35:*.avi=01;35:*.fli=01;35:*.flv=01;35:*.gl=01;35:*.dl=01;35:*.xcf=01;35:*.xwd=01;35:*.yuv=01;35:*.cgm=01;35:*.emf=01;35:*.axv=01;35:*.anx=01;35:*.ogv=01;35:*.ogx=01;35:*.aac=00;36:*.au=00;36:*.flac=00;36:*.mid=00;36:*.midi=00;36:*.mka=00;36:*.mp3=00;36:*.mpc=00;36:*.ogg=00;36:*.ra=00;36:*.wav=00;36:*.axa=00;36:*.oga=00;36:*.spx=00;36:*.xspf=00;36:', 'LESSCLOSE': '/usr/bin/lesspipe %s %s', 'SSH_TTY': '/dev/pts/1', 'OLDPWD': '/home/fetch', 'ROSLISP_PACKAGE_DIRECTORIES': '/home/fetch/catkin_ws/devel/share/common-lisp', 'VIRTUALENVWRAPPER_SCRIPT': '/usr/share/virtualenvwrapper/virtualenvwrapper.sh', 'PWD': '/home/fetch/catkin_ws/src/patrolling/src', 'ROS_ETC_DIR': '/opt/ros/indigo/etc/ros', 'ROS_MASTER_URI': 'http://localhost:11311', 'MAIL': '/var/mail/fetch', 'SSH_CONNECTION': '172.22.77.105 51730 172.22.77.172 22'}]
[roslaunch][INFO] 2020-11-05 23:45:56,192: process[rviz-2]: args[[u'/opt/ros/indigo/lib/rviz/rviz', '/opt/ros/indigo/share/fetch_navigation/config/navigation.rviz', u'__name:=rviz']]
[roslaunch][INFO] 2020-11-05 23:45:56,192: ... created process [rviz-2]
[roslaunch.pmon][INFO] 2020-11-05 23:45:56,192: ProcessMonitor.register[rviz-2]
[roslaunch.pmon][INFO] 2020-11-05 23:45:56,193: ProcessMonitor.register[rviz-2] complete
[roslaunch][INFO] 2020-11-05 23:45:56,193: ... registered process [rviz-2]
[roslaunch][INFO] 2020-11-05 23:45:56,193: process[rviz-2]: starting os process
[roslaunch][INFO] 2020-11-05 23:45:56,193: process[rviz-2]: start w/ args [[u'/opt/ros/indigo/lib/rviz/rviz', '/opt/ros/indigo/share/fetch_navigation/config/navigation.rviz', u'__name:=rviz', u'__log:=/home/fetch/.ros/log/cbff72b6-2003-11eb-950a-000babe55698/rviz-2.log']]
[roslaunch][INFO] 2020-11-05 23:45:56,193: process[rviz-2]: cwd will be [/home/fetch/.ros]
[roslaunch][INFO] 2020-11-05 23:45:56,195: process[rviz-2]: started with pid [3446]
[roslaunch][INFO] 2020-11-05 23:45:56,195: ... successfully launched [rviz-2]
[roslaunch][INFO] 2020-11-05 23:45:56,195: ... preparing to launch node of type [amcl/amcl]
[roslaunch][INFO] 2020-11-05 23:45:56,195: create_node_process: package[amcl] type[amcl] machine[Machine(name[] env_loader[None] address[localhost] ssh_port[22] user[None] assignable[True] timeout[10.0])] master_uri[http://localhost:11311]
[roslaunch][INFO] 2020-11-05 23:45:56,195: process[amcl-3]: env[{'ROS_DISTRO': 'indigo', 'LESSOPEN': '| /usr/bin/lesspipe %s', 'SSH_CLIENT': '172.22.77.105 51730 22', 'CPATH': '/home/fetch/catkin_ws/devel/include:/opt/ros/indigo/include', 'LOGNAME': 'fetch', 'USER': 'fetch', 'PATH': '/opt/ros/indigo/bin:/usr/local/sbin:/usr/local/bin:/usr/sbin:/usr/bin:/sbin:/bin:/usr/games:/usr/local/games', 'HOME': '/home/fetch', 'CMAKE_PREFIX_PATH': '/home/fetch/catkin_ws/devel:/opt/ros/indigo', 'ROS_LOG_FILENAME': '/home/fetch/.ros/log/cbff72b6-2003-11eb-950a-000babe55698/roslaunch-freight1207-3427.log', 'LANG': 'en_US.UTF-8', 'TERM': 'xterm-256color', 'SHELL': '/bin/bash', 'SHLVL': '1', 'QT_QPA_PLATFORMTHEME': 'appmenu-qt5', 'DISPLAY': 'localhost:10.0', '_VIRTUALENVWRAPPER_API': ' mkvirtualenv rmvirtualenv lsvirtualenv showvirtualenv workon add2virtualenv cdsitepackages cdvirtualenv lssitepackages toggleglobalsitepackages cpvirtualenv setvirtualenvproject mkproject cdproject mktmpenv mkvirtualenv rmvirtualenv lsvirtualenv showvirtualenv workon add2virtualenv cdsitepackages cdvirtualenv lssitepackages toggleglobalsitepackages cpvirtualenv setvirtualenvproject mkproject cdproject mktmpenv', 'XDG_RUNTIME_DIR': '/run/user/1000', 'PYTHONPATH': '/home/fetch/catkin_ws/devel/lib/python2.7/dist-packages:/opt/ros/indigo/lib/python2.7/dist-packages', 'ROS_ROOT': '/opt/ros/indigo/share/ros', 'PKG_CONFIG_PATH': '/home/fetch/catkin_ws/devel/lib/pkgconfig:/opt/ros/indigo/lib/pkgconfig', 'ROS_PACKAGE_PATH': '/home/fetch/catkin_ws/src:/opt/ros/indigo/share:/opt/ros/indigo/stacks', 'XDG_SESSION_ID': '1', '_': '/opt/ros/indigo/bin/roslaunch', 'LD_LIBRARY_PATH': '/home/fetch/catkin_ws/devel/lib:/opt/ros/indigo/lib', 'LS_COLORS': 'rs=0:di=01;34:ln=01;36:mh=00:pi=40;33:so=01;35:do=01;35:bd=40;33;01:cd=40;33;01:or=40;31;01:su=37;41:sg=30;43:ca=30;41:tw=30;42:ow=34;42:st=37;44:ex=01;32:*.tar=01;31:*.tgz=01;31:*.arj=01;31:*.taz=01;31:*.lzh=01;31:*.lzma=01;31:*.tlz=01;31:*.txz=01;31:*.zip=01;31:*.z=01;31:*.Z=01;31:*.dz=01;31:*.gz=01;31:*.lz=01;31:*.xz=01;31:*.bz2=01;31:*.bz=01;31:*.tbz=01;31:*.tbz2=01;31:*.tz=01;31:*.deb=01;31:*.rpm=01;31:*.jar=01;31:*.war=01;31:*.ear=01;31:*.sar=01;31:*.rar=01;31:*.ace=01;31:*.zoo=01;31:*.cpio=01;31:*.7z=01;31:*.rz=01;31:*.jpg=01;35:*.jpeg=01;35:*.gif=01;35:*.bmp=01;35:*.pbm=01;35:*.pgm=01;35:*.ppm=01;35:*.tga=01;35:*.xbm=01;35:*.xpm=01;35:*.tif=01;35:*.tiff=01;35:*.png=01;35:*.svg=01;35:*.svgz=01;35:*.mng=01;35:*.pcx=01;35:*.mov=01;35:*.mpg=01;35:*.mpeg=01;35:*.m2v=01;35:*.mkv=01;35:*.webm=01;35:*.ogm=01;35:*.mp4=01;35:*.m4v=01;35:*.mp4v=01;35:*.vob=01;35:*.qt=01;35:*.nuv=01;35:*.wmv=01;35:*.asf=01;35:*.rm=01;35:*.rmvb=01;35:*.flc=01;35:*.avi=01;35:*.fli=01;35:*.flv=01;35:*.gl=01;35:*.dl=01;35:*.xcf=01;35:*.xwd=01;35:*.yuv=01;35:*.cgm=01;35:*.emf=01;35:*.axv=01;35:*.anx=01;35:*.ogv=01;35:*.ogx=01;35:*.aac=00;36:*.au=00;36:*.flac=00;36:*.mid=00;36:*.midi=00;36:*.mka=00;36:*.mp3=00;36:*.mpc=00;36:*.ogg=00;36:*.ra=00;36:*.wav=00;36:*.axa=00;36:*.oga=00;36:*.spx=00;36:*.xspf=00;36:', 'LESSCLOSE': '/usr/bin/lesspipe %s %s', 'SSH_TTY': '/dev/pts/1', 'OLDPWD': '/home/fetch', 'ROSLISP_PACKAGE_DIRECTORIES': '/home/fetch/catkin_ws/devel/share/common-lisp', 'VIRTUALENVWRAPPER_SCRIPT': '/usr/share/virtualenvwrapper/virtualenvwrapper.sh', 'PWD': '/home/fetch/catkin_ws/src/patrolling/src', 'ROS_ETC_DIR': '/opt/ros/indigo/etc/ros', 'ROS_MASTER_URI': 'http://localhost:11311', 'MAIL': '/var/mail/fetch', 'SSH_CONNECTION': '172.22.77.105 51730 172.22.77.172 22'}]
[roslaunch][INFO] 2020-11-05 23:45:56,197: process[amcl-3]: args[[u'/opt/ros/indigo/lib/amcl/amcl', u'scan:=base_scan', u'map:=map', u'__name:=amcl']]
[roslaunch][INFO] 2020-11-05 23:45:56,197: ... created process [amcl-3]
[roslaunch.pmon][INFO] 2020-11-05 23:45:56,197: ProcessMonitor.register[amcl-3]
[roslaunch.pmon][INFO] 2020-11-05 23:45:56,197: ProcessMonitor.register[amcl-3] complete
[roslaunch][INFO] 2020-11-05 23:45:56,197: ... registered process [amcl-3]
[roslaunch][INFO] 2020-11-05 23:45:56,197: process[amcl-3]: starting os process
[roslaunch][INFO] 2020-11-05 23:45:56,197: process[amcl-3]: start w/ args [[u'/opt/ros/indigo/lib/amcl/amcl', u'scan:=base_scan', u'map:=map', u'__name:=amcl', u'__log:=/home/fetch/.ros/log/cbff72b6-2003-11eb-950a-000babe55698/amcl-3.log']]
[roslaunch][INFO] 2020-11-05 23:45:56,197: process[amcl-3]: cwd will be [/home/fetch/.ros]
[roslaunch][INFO] 2020-11-05 23:45:56,200: process[amcl-3]: started with pid [3447]
[roslaunch][INFO] 2020-11-05 23:45:56,201: ... successfully launched [amcl-3]
[roslaunch][INFO] 2020-11-05 23:45:56,201: ... preparing to launch node of type [move_base/move_base]
[roslaunch][INFO] 2020-11-05 23:45:56,201: create_node_process: package[move_base] type[move_base] machine[Machine(name[] env_loader[None] address[localhost] ssh_port[22] user[None] assignable[True] timeout[10.0])] master_uri[http://localhost:11311]
[roslaunch][INFO] 2020-11-05 23:45:56,201: process[move_base-4]: env[{'ROS_DISTRO': 'indigo', 'LESSOPEN': '| /usr/bin/lesspipe %s', 'SSH_CLIENT': '172.22.77.105 51730 22', 'CPATH': '/home/fetch/catkin_ws/devel/include:/opt/ros/indigo/include', 'LOGNAME': 'fetch', 'USER': 'fetch', 'PATH': '/opt/ros/indigo/bin:/usr/local/sbin:/usr/local/bin:/usr/sbin:/usr/bin:/sbin:/bin:/usr/games:/usr/local/games', 'HOME': '/home/fetch', 'CMAKE_PREFIX_PATH': '/home/fetch/catkin_ws/devel:/opt/ros/indigo', 'ROS_LOG_FILENAME': '/home/fetch/.ros/log/cbff72b6-2003-11eb-950a-000babe55698/roslaunch-freight1207-3427.log', 'LANG': 'en_US.UTF-8', 'TERM': 'xterm-256color', 'SHELL': '/bin/bash', 'SHLVL': '1', 'QT_QPA_PLATFORMTHEME': 'appmenu-qt5', 'DISPLAY': 'localhost:10.0', '_VIRTUALENVWRAPPER_API': ' mkvirtualenv rmvirtualenv lsvirtualenv showvirtualenv workon add2virtualenv cdsitepackages cdvirtualenv lssitepackages toggleglobalsitepackages cpvirtualenv setvirtualenvproject mkproject cdproject mktmpenv mkvirtualenv rmvirtualenv lsvirtualenv showvirtualenv workon add2virtualenv cdsitepackages cdvirtualenv lssitepackages toggleglobalsitepackages cpvirtualenv setvirtualenvproject mkproject cdproject mktmpenv', 'XDG_RUNTIME_DIR': '/run/user/1000', 'PYTHONPATH': '/home/fetch/catkin_ws/devel/lib/python2.7/dist-packages:/opt/ros/indigo/lib/python2.7/dist-packages', 'ROS_ROOT': '/opt/ros/indigo/share/ros', 'PKG_CONFIG_PATH': '/home/fetch/catkin_ws/devel/lib/pkgconfig:/opt/ros/indigo/lib/pkgconfig', 'ROS_PACKAGE_PATH': '/home/fetch/catkin_ws/src:/opt/ros/indigo/share:/opt/ros/indigo/stacks', 'XDG_SESSION_ID': '1', '_': '/opt/ros/indigo/bin/roslaunch', 'LD_LIBRARY_PATH': '/home/fetch/catkin_ws/devel/lib:/opt/ros/indigo/lib', 'LS_COLORS': 'rs=0:di=01;34:ln=01;36:mh=00:pi=40;33:so=01;35:do=01;35:bd=40;33;01:cd=40;33;01:or=40;31;01:su=37;41:sg=30;43:ca=30;41:tw=30;42:ow=34;42:st=37;44:ex=01;32:*.tar=01;31:*.tgz=01;31:*.arj=01;31:*.taz=01;31:*.lzh=01;31:*.lzma=01;31:*.tlz=01;31:*.txz=01;31:*.zip=01;31:*.z=01;31:*.Z=01;31:*.dz=01;31:*.gz=01;31:*.lz=01;31:*.xz=01;31:*.bz2=01;31:*.bz=01;31:*.tbz=01;31:*.tbz2=01;31:*.tz=01;31:*.deb=01;31:*.rpm=01;31:*.jar=01;31:*.war=01;31:*.ear=01;31:*.sar=01;31:*.rar=01;31:*.ace=01;31:*.zoo=01;31:*.cpio=01;31:*.7z=01;31:*.rz=01;31:*.jpg=01;35:*.jpeg=01;35:*.gif=01;35:*.bmp=01;35:*.pbm=01;35:*.pgm=01;35:*.ppm=01;35:*.tga=01;35:*.xbm=01;35:*.xpm=01;35:*.tif=01;35:*.tiff=01;35:*.png=01;35:*.svg=01;35:*.svgz=01;35:*.mng=01;35:*.pcx=01;35:*.mov=01;35:*.mpg=01;35:*.mpeg=01;35:*.m2v=01;35:*.mkv=01;35:*.webm=01;35:*.ogm=01;35:*.mp4=01;35:*.m4v=01;35:*.mp4v=01;35:*.vob=01;35:*.qt=01;35:*.nuv=01;35:*.wmv=01;35:*.asf=01;35:*.rm=01;35:*.rmvb=01;35:*.flc=01;35:*.avi=01;35:*.fli=01;35:*.flv=01;35:*.gl=01;35:*.dl=01;35:*.xcf=01;35:*.xwd=01;35:*.yuv=01;35:*.cgm=01;35:*.emf=01;35:*.axv=01;35:*.anx=01;35:*.ogv=01;35:*.ogx=01;35:*.aac=00;36:*.au=00;36:*.flac=00;36:*.mid=00;36:*.midi=00;36:*.mka=00;36:*.mp3=00;36:*.mpc=00;36:*.ogg=00;36:*.ra=00;36:*.wav=00;36:*.axa=00;36:*.oga=00;36:*.spx=00;36:*.xspf=00;36:', 'LESSCLOSE': '/usr/bin/lesspipe %s %s', 'SSH_TTY': '/dev/pts/1', 'OLDPWD': '/home/fetch', 'ROSLISP_PACKAGE_DIRECTORIES': '/home/fetch/catkin_ws/devel/share/common-lisp', 'VIRTUALENVWRAPPER_SCRIPT': '/usr/share/virtualenvwrapper/virtualenvwrapper.sh', 'PWD': '/home/fetch/catkin_ws/src/patrolling/src', 'ROS_ETC_DIR': '/opt/ros/indigo/etc/ros', 'ROS_MASTER_URI': 'http://localhost:11311', 'MAIL': '/var/mail/fetch', 'SSH_CONNECTION': '172.22.77.105 51730 172.22.77.172 22'}]
[roslaunch][INFO] 2020-11-05 23:45:56,202: process[move_base-4]: args[[u'/opt/ros/indigo/lib/move_base/move_base', u'cmd_vel:=cmd_vel', u'odom:=odom', u'map:=map', u'__name:=move_base']]
[roslaunch][INFO] 2020-11-05 23:45:56,202: ... created process [move_base-4]
[roslaunch.pmon][INFO] 2020-11-05 23:45:56,202: ProcessMonitor.register[move_base-4]
[roslaunch.pmon][INFO] 2020-11-05 23:45:56,202: ProcessMonitor.register[move_base-4] complete
[roslaunch][INFO] 2020-11-05 23:45:56,202: ... registered process [move_base-4]
[roslaunch][INFO] 2020-11-05 23:45:56,202: process[move_base-4]: starting os process
[roslaunch][INFO] 2020-11-05 23:45:56,202: process[move_base-4]: start w/ args [[u'/opt/ros/indigo/lib/move_base/move_base', u'cmd_vel:=cmd_vel', u'odom:=odom', u'map:=map', u'__name:=move_base', u'__log:=/home/fetch/.ros/log/cbff72b6-2003-11eb-950a-000babe55698/move_base-4.log']]
[roslaunch][INFO] 2020-11-05 23:45:56,202: process[move_base-4]: cwd will be [/home/fetch/.ros]
[roslaunch][INFO] 2020-11-05 23:45:56,204: process[move_base-4]: started with pid [3448]
[roslaunch][INFO] 2020-11-05 23:45:56,205: ... successfully launched [move_base-4]
[roslaunch][INFO] 2020-11-05 23:45:56,205: ... launch_nodes complete
[roslaunch.pmon][INFO] 2020-11-05 23:45:56,205: registrations completed <ProcessMonitor(ProcessMonitor-1, started daemon 140030386185984)>
[roslaunch.parent][INFO] 2020-11-05 23:45:56,205: ... roslaunch parent running, waiting for process exit
[roslaunch][INFO] 2020-11-05 23:45:56,205: spin
[roslaunch][INFO] 2020-11-05 23:50:45,691: [amcl-3] process has finished cleanly
log file: /home/fetch/.ros/log/cbff72b6-2003-11eb-950a-000babe55698/amcl-3*.log
[roslaunch.pmon][INFO] 2020-11-05 23:50:45,692: ProcessMonitor.unregister[amcl-3] starting
[roslaunch.pmon][INFO] 2020-11-05 23:50:45,692: ProcessMonitor.unregister[amcl-3] complete
[roslaunch][INFO] 2020-11-05 23:50:45,792: [map_server-1] process has finished cleanly
log file: /home/fetch/.ros/log/cbff72b6-2003-11eb-950a-000babe55698/map_server-1*.log
[roslaunch.pmon][INFO] 2020-11-05 23:50:45,792: ProcessMonitor.unregister[map_server-1] starting
[roslaunch.pmon][INFO] 2020-11-05 23:50:45,792: ProcessMonitor.unregister[map_server-1] complete
[roslaunch][INFO] 2020-11-05 23:50:45,993: [move_base-4] process has finished cleanly
log file: /home/fetch/.ros/log/cbff72b6-2003-11eb-950a-000babe55698/move_base-4*.log
[roslaunch][INFO] 2020-11-05 23:50:45,993: [move_base-4] restarting process
[roslaunch][INFO] 2020-11-05 23:50:45,993: process[move_base-4]: restarting os process
[roslaunch][INFO] 2020-11-05 23:50:45,993: process[move_base-4]: start w/ args [[u'/opt/ros/indigo/lib/move_base/move_base', u'cmd_vel:=cmd_vel', u'odom:=odom', u'map:=map', u'__name:=move_base', u'__log:=/home/fetch/.ros/log/cbff72b6-2003-11eb-950a-000babe55698/move_base-4.log']]
[roslaunch][INFO] 2020-11-05 23:50:45,993: process[move_base-4]: cwd will be [/home/fetch/.ros]
[roslaunch][INFO] 2020-11-05 23:50:45,995: process[move_base-4]: started with pid [6208]
[roslaunch][INFO] 2020-11-05 23:50:47,097: [move_base-4] process has finished cleanly
log file: /home/fetch/.ros/log/cbff72b6-2003-11eb-950a-000babe55698/move_base-4*.log
[roslaunch][INFO] 2020-11-05 23:50:47,097: [move_base-4] restarting process
[roslaunch][INFO] 2020-11-05 23:50:47,097: process[move_base-4]: restarting os process
[roslaunch][INFO] 2020-11-05 23:50:47,097: process[move_base-4]: start w/ args [[u'/opt/ros/indigo/lib/move_base/move_base', u'cmd_vel:=cmd_vel', u'odom:=odom', u'map:=map', u'__name:=move_base', u'__log:=/home/fetch/.ros/log/cbff72b6-2003-11eb-950a-000babe55698/move_base-4.log']]
[roslaunch][INFO] 2020-11-05 23:50:47,097: process[move_base-4]: cwd will be [/home/fetch/.ros]
[roslaunch][INFO] 2020-11-05 23:50:47,098: process[move_base-4]: started with pid [7386]
[roslaunch][INFO] 2020-11-05 23:50:48,200: [move_base-4] process has finished cleanly
log file: /home/fetch/.ros/log/cbff72b6-2003-11eb-950a-000babe55698/move_base-4*.log
[roslaunch][INFO] 2020-11-05 23:50:48,200: [move_base-4] restarting process
[roslaunch][INFO] 2020-11-05 23:50:48,200: process[move_base-4]: restarting os process
[roslaunch][INFO] 2020-11-05 23:50:48,201: process[move_base-4]: start w/ args [[u'/opt/ros/indigo/lib/move_base/move_base', u'cmd_vel:=cmd_vel', u'odom:=odom', u'map:=map', u'__name:=move_base', u'__log:=/home/fetch/.ros/log/cbff72b6-2003-11eb-950a-000babe55698/move_base-4.log']]
[roslaunch][INFO] 2020-11-05 23:50:48,201: process[move_base-4]: cwd will be [/home/fetch/.ros]
[roslaunch][INFO] 2020-11-05 23:50:48,202: process[move_base-4]: started with pid [8497]
[roslaunch][INFO] 2020-11-05 23:50:49,304: [move_base-4] process has finished cleanly
log file: /home/fetch/.ros/log/cbff72b6-2003-11eb-950a-000babe55698/move_base-4*.log
[roslaunch][INFO] 2020-11-05 23:50:49,304: [move_base-4] restarting process
[roslaunch][INFO] 2020-11-05 23:50:49,304: process[move_base-4]: restarting os process
[roslaunch][INFO] 2020-11-05 23:50:49,304: process[move_base-4]: start w/ args [[u'/opt/ros/indigo/lib/move_base/move_base', u'cmd_vel:=cmd_vel', u'odom:=odom', u'map:=map', u'__name:=move_base', u'__log:=/home/fetch/.ros/log/cbff72b6-2003-11eb-950a-000babe55698/move_base-4.log']]
[roslaunch][INFO] 2020-11-05 23:50:49,304: process[move_base-4]: cwd will be [/home/fetch/.ros]
[roslaunch][INFO] 2020-11-05 23:50:49,306: process[move_base-4]: started with pid [9613]
[roslaunch][INFO] 2020-11-05 23:50:50,408: [move_base-4] process has finished cleanly
log file: /home/fetch/.ros/log/cbff72b6-2003-11eb-950a-000babe55698/move_base-4*.log
[roslaunch][INFO] 2020-11-05 23:50:50,408: [move_base-4] restarting process
[roslaunch][INFO] 2020-11-05 23:50:50,408: process[move_base-4]: restarting os process
[roslaunch][INFO] 2020-11-05 23:50:50,408: process[move_base-4]: start w/ args [[u'/opt/ros/indigo/lib/move_base/move_base', u'cmd_vel:=cmd_vel', u'odom:=odom', u'map:=map', u'__name:=move_base', u'__log:=/home/fetch/.ros/log/cbff72b6-2003-11eb-950a-000babe55698/move_base-4.log']]
[roslaunch][INFO] 2020-11-05 23:50:50,408: process[move_base-4]: cwd will be [/home/fetch/.ros]
[roslaunch][INFO] 2020-11-05 23:50:50,410: process[move_base-4]: started with pid [10723]
[roslaunch][INFO] 2020-11-05 23:50:51,512: [move_base-4] process has finished cleanly
log file: /home/fetch/.ros/log/cbff72b6-2003-11eb-950a-000babe55698/move_base-4*.log
[roslaunch][INFO] 2020-11-05 23:50:51,512: [move_base-4] restarting process
[roslaunch][INFO] 2020-11-05 23:50:51,512: process[move_base-4]: restarting os process
[roslaunch][INFO] 2020-11-05 23:50:51,512: process[move_base-4]: start w/ args [[u'/opt/ros/indigo/lib/move_base/move_base', u'cmd_vel:=cmd_vel', u'odom:=odom', u'map:=map', u'__name:=move_base', u'__log:=/home/fetch/.ros/log/cbff72b6-2003-11eb-950a-000babe55698/move_base-4.log']]
[roslaunch][INFO] 2020-11-05 23:50:51,512: process[move_base-4]: cwd will be [/home/fetch/.ros]
[roslaunch][INFO] 2020-11-05 23:50:51,514: process[move_base-4]: started with pid [11839]
[roslaunch][INFO] 2020-11-05 23:50:52,616: [move_base-4] process has finished cleanly
log file: /home/fetch/.ros/log/cbff72b6-2003-11eb-950a-000babe55698/move_base-4*.log
[roslaunch][INFO] 2020-11-05 23:50:52,616: [move_base-4] restarting process
[roslaunch][INFO] 2020-11-05 23:50:52,616: process[move_base-4]: restarting os process
[roslaunch][INFO] 2020-11-05 23:50:52,616: process[move_base-4]: start w/ args [[u'/opt/ros/indigo/lib/move_base/move_base', u'cmd_vel:=cmd_vel', u'odom:=odom', u'map:=map', u'__name:=move_base', u'__log:=/home/fetch/.ros/log/cbff72b6-2003-11eb-950a-000babe55698/move_base-4.log']]
[roslaunch][INFO] 2020-11-05 23:50:52,616: process[move_base-4]: cwd will be [/home/fetch/.ros]
[roslaunch][INFO] 2020-11-05 23:50:52,618: process[move_base-4]: started with pid [12959]
[roslaunch][INFO] 2020-11-05 23:50:53,719: [move_base-4] process has finished cleanly
log file: /home/fetch/.ros/log/cbff72b6-2003-11eb-950a-000babe55698/move_base-4*.log
[roslaunch][INFO] 2020-11-05 23:50:53,720: [move_base-4] restarting process
[roslaunch][INFO] 2020-11-05 23:50:53,720: process[move_base-4]: restarting os process
[roslaunch][INFO] 2020-11-05 23:50:53,720: process[move_base-4]: start w/ args [[u'/opt/ros/indigo/lib/move_base/move_base', u'cmd_vel:=cmd_vel', u'odom:=odom', u'map:=map', u'__name:=move_base', u'__log:=/home/fetch/.ros/log/cbff72b6-2003-11eb-950a-000babe55698/move_base-4.log']]
[roslaunch][INFO] 2020-11-05 23:50:53,720: process[move_base-4]: cwd will be [/home/fetch/.ros]
[roslaunch][INFO] 2020-11-05 23:50:53,721: process[move_base-4]: started with pid [14069]
[roslaunch][INFO] 2020-11-05 23:50:54,823: [move_base-4] process has finished cleanly
log file: /home/fetch/.ros/log/cbff72b6-2003-11eb-950a-000babe55698/move_base-4*.log
[roslaunch][INFO] 2020-11-05 23:50:54,824: [move_base-4] restarting process
[roslaunch][INFO] 2020-11-05 23:50:54,824: process[move_base-4]: restarting os process
[roslaunch][INFO] 2020-11-05 23:50:54,824: process[move_base-4]: start w/ args [[u'/opt/ros/indigo/lib/move_base/move_base', u'cmd_vel:=cmd_vel', u'odom:=odom', u'map:=map', u'__name:=move_base', u'__log:=/home/fetch/.ros/log/cbff72b6-2003-11eb-950a-000babe55698/move_base-4.log']]
[roslaunch][INFO] 2020-11-05 23:50:54,824: process[move_base-4]: cwd will be [/home/fetch/.ros]
[roslaunch][INFO] 2020-11-05 23:50:54,825: process[move_base-4]: started with pid [15185]
[roslaunch][INFO] 2020-11-05 23:50:55,927: [move_base-4] process has finished cleanly
log file: /home/fetch/.ros/log/cbff72b6-2003-11eb-950a-000babe55698/move_base-4*.log
[roslaunch][INFO] 2020-11-05 23:50:55,927: [move_base-4] restarting process
[roslaunch][INFO] 2020-11-05 23:50:55,928: process[move_base-4]: restarting os process
[roslaunch][INFO] 2020-11-05 23:50:55,928: process[move_base-4]: start w/ args [[u'/opt/ros/indigo/lib/move_base/move_base', u'cmd_vel:=cmd_vel', u'odom:=odom', u'map:=map', u'__name:=move_base', u'__log:=/home/fetch/.ros/log/cbff72b6-2003-11eb-950a-000babe55698/move_base-4.log']]
[roslaunch][INFO] 2020-11-05 23:50:55,928: process[move_base-4]: cwd will be [/home/fetch/.ros]
[roslaunch][INFO] 2020-11-05 23:50:55,929: process[move_base-4]: started with pid [16295]
[roslaunch][INFO] 2020-11-05 23:50:57,031: [move_base-4] process has finished cleanly
log file: /home/fetch/.ros/log/cbff72b6-2003-11eb-950a-000babe55698/move_base-4*.log
[roslaunch][INFO] 2020-11-05 23:50:57,032: [move_base-4] restarting process
[roslaunch][INFO] 2020-11-05 23:50:57,032: process[move_base-4]: restarting os process
[roslaunch][INFO] 2020-11-05 23:50:57,032: process[move_base-4]: start w/ args [[u'/opt/ros/indigo/lib/move_base/move_base', u'cmd_vel:=cmd_vel', u'odom:=odom', u'map:=map', u'__name:=move_base', u'__log:=/home/fetch/.ros/log/cbff72b6-2003-11eb-950a-000babe55698/move_base-4.log']]
[roslaunch][INFO] 2020-11-05 23:50:57,032: process[move_base-4]: cwd will be [/home/fetch/.ros]
[roslaunch][INFO] 2020-11-05 23:50:57,033: process[move_base-4]: started with pid [17411]
[roslaunch][INFO] 2020-11-05 23:50:58,135: [move_base-4] process has finished cleanly
log file: /home/fetch/.ros/log/cbff72b6-2003-11eb-950a-000babe55698/move_base-4*.log
[roslaunch][INFO] 2020-11-05 23:50:58,135: [move_base-4] restarting process
[roslaunch][INFO] 2020-11-05 23:50:58,136: process[move_base-4]: restarting os process
[roslaunch][INFO] 2020-11-05 23:50:58,136: process[move_base-4]: start w/ args [[u'/opt/ros/indigo/lib/move_base/move_base', u'cmd_vel:=cmd_vel', u'odom:=odom', u'map:=map', u'__name:=move_base', u'__log:=/home/fetch/.ros/log/cbff72b6-2003-11eb-950a-000babe55698/move_base-4.log']]
[roslaunch][INFO] 2020-11-05 23:50:58,136: process[move_base-4]: cwd will be [/home/fetch/.ros]
[roslaunch][INFO] 2020-11-05 23:50:58,137: process[move_base-4]: started with pid [18521]
[roslaunch][INFO] 2020-11-05 23:50:59,239: [move_base-4] process has finished cleanly
log file: /home/fetch/.ros/log/cbff72b6-2003-11eb-950a-000babe55698/move_base-4*.log
[roslaunch][INFO] 2020-11-05 23:50:59,239: [move_base-4] restarting process
[roslaunch][INFO] 2020-11-05 23:50:59,239: process[move_base-4]: restarting os process
[roslaunch][INFO] 2020-11-05 23:50:59,239: process[move_base-4]: start w/ args [[u'/opt/ros/indigo/lib/move_base/move_base', u'cmd_vel:=cmd_vel', u'odom:=odom', u'map:=map', u'__name:=move_base', u'__log:=/home/fetch/.ros/log/cbff72b6-2003-11eb-950a-000babe55698/move_base-4.log']]
[roslaunch][INFO] 2020-11-05 23:50:59,240: process[move_base-4]: cwd will be [/home/fetch/.ros]
[roslaunch][INFO] 2020-11-05 23:50:59,241: process[move_base-4]: started with pid [19637]
[roslaunch][INFO] 2020-11-05 23:51:00,443: [move_base-4] process has finished cleanly
log file: /home/fetch/.ros/log/cbff72b6-2003-11eb-950a-000babe55698/move_base-4*.log
[roslaunch][INFO] 2020-11-05 23:51:00,443: [move_base-4] restarting process
[roslaunch][INFO] 2020-11-05 23:51:00,443: process[move_base-4]: restarting os process
[roslaunch][INFO] 2020-11-05 23:51:00,444: process[move_base-4]: start w/ args [[u'/opt/ros/indigo/lib/move_base/move_base', u'cmd_vel:=cmd_vel', u'odom:=odom', u'map:=map', u'__name:=move_base', u'__log:=/home/fetch/.ros/log/cbff72b6-2003-11eb-950a-000babe55698/move_base-4.log']]
[roslaunch][INFO] 2020-11-05 23:51:00,444: process[move_base-4]: cwd will be [/home/fetch/.ros]
[roslaunch][INFO] 2020-11-05 23:51:00,447: process[move_base-4]: started with pid [20747]
[roslaunch][INFO] 2020-11-05 23:51:01,549: [move_base-4] process has finished cleanly
log file: /home/fetch/.ros/log/cbff72b6-2003-11eb-950a-000babe55698/move_base-4*.log
[roslaunch][INFO] 2020-11-05 23:51:01,549: [move_base-4] restarting process
[roslaunch][INFO] 2020-11-05 23:51:01,549: process[move_base-4]: restarting os process
[roslaunch][INFO] 2020-11-05 23:51:01,549: process[move_base-4]: start w/ args [[u'/opt/ros/indigo/lib/move_base/move_base', u'cmd_vel:=cmd_vel', u'odom:=odom', u'map:=map', u'__name:=move_base', u'__log:=/home/fetch/.ros/log/cbff72b6-2003-11eb-950a-000babe55698/move_base-4.log']]
[roslaunch][INFO] 2020-11-05 23:51:01,549: process[move_base-4]: cwd will be [/home/fetch/.ros]
[roslaunch][INFO] 2020-11-05 23:51:01,551: process[move_base-4]: started with pid [21863]
[roslaunch][INFO] 2020-11-05 23:51:19,380: [move_base-4] process has finished cleanly
log file: /home/fetch/.ros/log/cbff72b6-2003-11eb-950a-000babe55698/move_base-4*.log
[roslaunch][INFO] 2020-11-05 23:51:19,380: [move_base-4] restarting process
[roslaunch][INFO] 2020-11-05 23:51:19,380: process[move_base-4]: restarting os process
[roslaunch][INFO] 2020-11-05 23:51:19,380: process[move_base-4]: start w/ args [[u'/opt/ros/indigo/lib/move_base/move_base', u'cmd_vel:=cmd_vel', u'odom:=odom', u'map:=map', u'__name:=move_base', u'__log:=/home/fetch/.ros/log/cbff72b6-2003-11eb-950a-000babe55698/move_base-4.log']]
[roslaunch][INFO] 2020-11-05 23:51:19,380: process[move_base-4]: cwd will be [/home/fetch/.ros]
[roslaunch][INFO] 2020-11-05 23:51:19,382: process[move_base-4]: started with pid [23336]
[roslaunch][INFO] 2020-11-05 23:51:20,484: [move_base-4] process has finished cleanly
log file: /home/fetch/.ros/log/cbff72b6-2003-11eb-950a-000babe55698/move_base-4*.log
[roslaunch][INFO] 2020-11-05 23:51:20,484: [move_base-4] restarting process
[roslaunch][INFO] 2020-11-05 23:51:20,484: process[move_base-4]: restarting os process
[roslaunch][INFO] 2020-11-05 23:51:20,484: process[move_base-4]: start w/ args [[u'/opt/ros/indigo/lib/move_base/move_base', u'cmd_vel:=cmd_vel', u'odom:=odom', u'map:=map', u'__name:=move_base', u'__log:=/home/fetch/.ros/log/cbff72b6-2003-11eb-950a-000babe55698/move_base-4.log']]
[roslaunch][INFO] 2020-11-05 23:51:20,484: process[move_base-4]: cwd will be [/home/fetch/.ros]
[roslaunch][INFO] 2020-11-05 23:51:20,486: process[move_base-4]: started with pid [24460]
[roslaunch][INFO] 2020-11-05 23:51:21,688: [move_base-4] process has finished cleanly
log file: /home/fetch/.ros/log/cbff72b6-2003-11eb-950a-000babe55698/move_base-4*.log
[roslaunch][INFO] 2020-11-05 23:51:21,688: [move_base-4] restarting process
[roslaunch][INFO] 2020-11-05 23:51:21,688: process[move_base-4]: restarting os process
[roslaunch][INFO] 2020-11-05 23:51:21,688: process[move_base-4]: start w/ args [[u'/opt/ros/indigo/lib/move_base/move_base', u'cmd_vel:=cmd_vel', u'odom:=odom', u'map:=map', u'__name:=move_base', u'__log:=/home/fetch/.ros/log/cbff72b6-2003-11eb-950a-000babe55698/move_base-4.log']]
[roslaunch][INFO] 2020-11-05 23:51:21,688: process[move_base-4]: cwd will be [/home/fetch/.ros]
[roslaunch][INFO] 2020-11-05 23:51:21,690: process[move_base-4]: started with pid [25599]
[roslaunch][INFO] 2020-11-05 23:51:22,892: [move_base-4] process has finished cleanly
log file: /home/fetch/.ros/log/cbff72b6-2003-11eb-950a-000babe55698/move_base-4*.log
[roslaunch][INFO] 2020-11-05 23:51:22,892: [move_base-4] restarting process
[roslaunch][INFO] 2020-11-05 23:51:22,892: process[move_base-4]: restarting os process
[roslaunch][INFO] 2020-11-05 23:51:22,892: process[move_base-4]: start w/ args [[u'/opt/ros/indigo/lib/move_base/move_base', u'cmd_vel:=cmd_vel', u'odom:=odom', u'map:=map', u'__name:=move_base', u'__log:=/home/fetch/.ros/log/cbff72b6-2003-11eb-950a-000babe55698/move_base-4.log']]
[roslaunch][INFO] 2020-11-05 23:51:22,892: process[move_base-4]: cwd will be [/home/fetch/.ros]
[roslaunch][INFO] 2020-11-05 23:51:22,894: process[move_base-4]: started with pid [26742]
[roslaunch][INFO] 2020-11-05 23:51:24,096: [move_base-4] process has finished cleanly
log file: /home/fetch/.ros/log/cbff72b6-2003-11eb-950a-000babe55698/move_base-4*.log
[roslaunch][INFO] 2020-11-05 23:51:24,096: [move_base-4] restarting process
[roslaunch][INFO] 2020-11-05 23:51:24,096: process[move_base-4]: restarting os process
[roslaunch][INFO] 2020-11-05 23:51:24,096: process[move_base-4]: start w/ args [[u'/opt/ros/indigo/lib/move_base/move_base', u'cmd_vel:=cmd_vel', u'odom:=odom', u'map:=map', u'__name:=move_base', u'__log:=/home/fetch/.ros/log/cbff72b6-2003-11eb-950a-000babe55698/move_base-4.log']]
[roslaunch][INFO] 2020-11-05 23:51:24,096: process[move_base-4]: cwd will be [/home/fetch/.ros]
[roslaunch][INFO] 2020-11-05 23:51:24,098: process[move_base-4]: started with pid [27858]
[roslaunch][INFO] 2020-11-05 23:51:25,300: [move_base-4] process has finished cleanly
log file: /home/fetch/.ros/log/cbff72b6-2003-11eb-950a-000babe55698/move_base-4*.log
[roslaunch][INFO] 2020-11-05 23:51:25,300: [move_base-4] restarting process
[roslaunch][INFO] 2020-11-05 23:51:25,300: process[move_base-4]: restarting os process
[roslaunch][INFO] 2020-11-05 23:51:25,300: process[move_base-4]: start w/ args [[u'/opt/ros/indigo/lib/move_base/move_base', u'cmd_vel:=cmd_vel', u'odom:=odom', u'map:=map', u'__name:=move_base', u'__log:=/home/fetch/.ros/log/cbff72b6-2003-11eb-950a-000babe55698/move_base-4.log']]
[roslaunch][INFO] 2020-11-05 23:51:25,300: process[move_base-4]: cwd will be [/home/fetch/.ros]
[roslaunch][INFO] 2020-11-05 23:51:25,302: process[move_base-4]: started with pid [28968]
[roslaunch][INFO] 2020-11-05 23:51:26,504: [move_base-4] process has finished cleanly
log file: /home/fetch/.ros/log/cbff72b6-2003-11eb-950a-000babe55698/move_base-4*.log
[roslaunch][INFO] 2020-11-05 23:51:26,504: [move_base-4] restarting process
[roslaunch][INFO] 2020-11-05 23:51:26,504: process[move_base-4]: restarting os process
[roslaunch][INFO] 2020-11-05 23:51:26,504: process[move_base-4]: start w/ args [[u'/opt/ros/indigo/lib/move_base/move_base', u'cmd_vel:=cmd_vel', u'odom:=odom', u'map:=map', u'__name:=move_base', u'__log:=/home/fetch/.ros/log/cbff72b6-2003-11eb-950a-000babe55698/move_base-4.log']]
[roslaunch][INFO] 2020-11-05 23:51:26,504: process[move_base-4]: cwd will be [/home/fetch/.ros]
[roslaunch][INFO] 2020-11-05 23:51:26,506: process[move_base-4]: started with pid [30084]
[roslaunch][INFO] 2020-11-05 23:51:27,708: [move_base-4] process has finished cleanly
log file: /home/fetch/.ros/log/cbff72b6-2003-11eb-950a-000babe55698/move_base-4*.log
[roslaunch][INFO] 2020-11-05 23:51:27,708: [move_base-4] restarting process
[roslaunch][INFO] 2020-11-05 23:51:27,708: process[move_base-4]: restarting os process
[roslaunch][INFO] 2020-11-05 23:51:27,708: process[move_base-4]: start w/ args [[u'/opt/ros/indigo/lib/move_base/move_base', u'cmd_vel:=cmd_vel', u'odom:=odom', u'map:=map', u'__name:=move_base', u'__log:=/home/fetch/.ros/log/cbff72b6-2003-11eb-950a-000babe55698/move_base-4.log']]
[roslaunch][INFO] 2020-11-05 23:51:27,708: process[move_base-4]: cwd will be [/home/fetch/.ros]
[roslaunch][INFO] 2020-11-05 23:51:27,710: process[move_base-4]: started with pid [31194]
[roslaunch][INFO] 2020-11-05 23:51:28,912: [move_base-4] process has finished cleanly
log file: /home/fetch/.ros/log/cbff72b6-2003-11eb-950a-000babe55698/move_base-4*.log
[roslaunch][INFO] 2020-11-05 23:51:28,912: [move_base-4] restarting process
[roslaunch][INFO] 2020-11-05 23:51:28,912: process[move_base-4]: restarting os process
[roslaunch][INFO] 2020-11-05 23:51:28,912: process[move_base-4]: start w/ args [[u'/opt/ros/indigo/lib/move_base/move_base', u'cmd_vel:=cmd_vel', u'odom:=odom', u'map:=map', u'__name:=move_base', u'__log:=/home/fetch/.ros/log/cbff72b6-2003-11eb-950a-000babe55698/move_base-4.log']]
[roslaunch][INFO] 2020-11-05 23:51:28,913: process[move_base-4]: cwd will be [/home/fetch/.ros]
[roslaunch][INFO] 2020-11-05 23:51:28,914: process[move_base-4]: started with pid [32310]
[roslaunch][INFO] 2020-11-05 23:51:30,116: [move_base-4] process has finished cleanly
log file: /home/fetch/.ros/log/cbff72b6-2003-11eb-950a-000babe55698/move_base-4*.log
[roslaunch][INFO] 2020-11-05 23:51:30,116: [move_base-4] restarting process
[roslaunch][INFO] 2020-11-05 23:51:30,116: process[move_base-4]: restarting os process
[roslaunch][INFO] 2020-11-05 23:51:30,116: process[move_base-4]: start w/ args [[u'/opt/ros/indigo/lib/move_base/move_base', u'cmd_vel:=cmd_vel', u'odom:=odom', u'map:=map', u'__name:=move_base', u'__log:=/home/fetch/.ros/log/cbff72b6-2003-11eb-950a-000babe55698/move_base-4.log']]
[roslaunch][INFO] 2020-11-05 23:51:30,117: process[move_base-4]: cwd will be [/home/fetch/.ros]
[roslaunch][INFO] 2020-11-05 23:51:30,118: process[move_base-4]: started with pid [1001]
[roslaunch][INFO] 2020-11-05 23:51:31,320: [move_base-4] process has finished cleanly
log file: /home/fetch/.ros/log/cbff72b6-2003-11eb-950a-000babe55698/move_base-4*.log
[roslaunch][INFO] 2020-11-05 23:51:31,320: [move_base-4] restarting process
[roslaunch][INFO] 2020-11-05 23:51:31,320: process[move_base-4]: restarting os process
[roslaunch][INFO] 2020-11-05 23:51:31,320: process[move_base-4]: start w/ args [[u'/opt/ros/indigo/lib/move_base/move_base', u'cmd_vel:=cmd_vel', u'odom:=odom', u'map:=map', u'__name:=move_base', u'__log:=/home/fetch/.ros/log/cbff72b6-2003-11eb-950a-000babe55698/move_base-4.log']]
[roslaunch][INFO] 2020-11-05 23:51:31,320: process[move_base-4]: cwd will be [/home/fetch/.ros]
[roslaunch][INFO] 2020-11-05 23:51:31,322: process[move_base-4]: started with pid [2400]
[roslaunch][INFO] 2020-11-05 23:51:32,524: [move_base-4] process has finished cleanly
log file: /home/fetch/.ros/log/cbff72b6-2003-11eb-950a-000babe55698/move_base-4*.log
[roslaunch][INFO] 2020-11-05 23:51:32,524: [move_base-4] restarting process
[roslaunch][INFO] 2020-11-05 23:51:32,524: process[move_base-4]: restarting os process
[roslaunch][INFO] 2020-11-05 23:51:32,524: process[move_base-4]: start w/ args [[u'/opt/ros/indigo/lib/move_base/move_base', u'cmd_vel:=cmd_vel', u'odom:=odom', u'map:=map', u'__name:=move_base', u'__log:=/home/fetch/.ros/log/cbff72b6-2003-11eb-950a-000babe55698/move_base-4.log']]
[roslaunch][INFO] 2020-11-05 23:51:32,524: process[move_base-4]: cwd will be [/home/fetch/.ros]
[roslaunch][INFO] 2020-11-05 23:51:32,526: process[move_base-4]: started with pid [3572]
[roslaunch.pmon][INFO] 2020-11-05 23:51:51,327: ProcessMonitor.shutdown <ProcessMonitor(ProcessMonitor-1, started daemon 140030386185984)>
[roslaunch.pmon][INFO] 2020-11-05 23:51:51,362: ProcessMonitor._post_run <ProcessMonitor(ProcessMonitor-1, started daemon 140030386185984)>
[roslaunch.pmon][INFO] 2020-11-05 23:51:51,362: ProcessMonitor._post_run <ProcessMonitor(ProcessMonitor-1, started daemon 140030386185984)>: remaining procs are [<roslaunch.nodeprocess.LocalProcess object at 0x7f5b5d9b8f50>, <roslaunch.nodeprocess.LocalProcess object at 0x7f5b5d8d7890>]
[roslaunch.pmon][INFO] 2020-11-05 23:51:51,362: ProcessMonitor exit: killing move_base-4
[roslaunch.pmon][INFO] 2020-11-05 23:51:51,363: ProcessMonitor exit: killing rviz-2
[roslaunch][INFO] 2020-11-05 23:51:51,363: [move_base-4] killing on exit
[roslaunch][INFO] 2020-11-05 23:51:51,364: [rviz-2] killing on exit
[roslaunch.pmon][INFO] 2020-11-05 23:51:51,365: ProcessMonitor exit: cleaning up data structures and signals
[roslaunch.pmon][INFO] 2020-11-05 23:51:51,365: ProcessMonitor exit: pmon has shutdown
[roslaunch][INFO] 2020-11-05 23:51:51,389: process monitor is done spinning, initiating full shutdown
[roslaunch][INFO] 2020-11-05 23:51:51,389: runner.stop()
[roslaunch][INFO] 2020-11-05 23:51:51,389: shutting down processing monitor...
[roslaunch][INFO] 2020-11-05 23:51:51,389: shutting down processing monitor <ProcessMonitor(ProcessMonitor-1, stopped daemon 140030386185984)>
[roslaunch.pmon][INFO] 2020-11-05 23:51:51,390: ProcessMonitor.shutdown <ProcessMonitor(ProcessMonitor-1, stopped daemon 140030386185984)>
[roslaunch][INFO] 2020-11-05 23:51:51,390: ... shutting down processing monitor complete
[roslaunch][INFO] 2020-11-05 23:51:51,390: done
[roslaunch.pmon][INFO] 2020-11-05 23:51:51,390: ProcessMonitor.shutdown <ProcessMonitor(ProcessMonitor-1, stopped daemon 140030386185984)>
[rospy.core][INFO] 2020-11-05 23:51:51,390: signal_shutdown [atexit]
