[0m[ INFO] [1604470996.014934971]: rviz version 1.11.18[0m
[0m[ INFO] [1604470996.014971432]: compiled against Qt version 4.8.6[0m
[0m[ INFO] [1604470996.014979473]: compiled against OGRE version 1.8.1 (Byatis)[0m
[0m[ INFO] [1604470996.465913836]: Stereo is NOT SUPPORTED[0m
[0m[ INFO] [1604470996.465958082]: OpenGl version: 3 (GLSL 1.3).[0m
[33m[ WARN] [1604471069.246924797]: MessageFilter [target=map ]: Discarding message from [/move_base] due to empty frame_id.  This message will only print once.[0m
[33m[ WARN] [1604471069.247016304]: Invalid argument passed to canTransform argument source_frame in tf2 frame_ids cannot be empty[0m
[33m[ WARN] [1604471069.247080274]: Invalid argument passed to canTransform argument source_frame in tf2 frame_ids cannot be empty[0m
[33m[ WARN] [1604471069.247107395]: Invalid argument passed to canTransform argument source_frame in tf2 frame_ids cannot be empty[0m
[33m[ WARN] [1604471069.247125951]: Invalid argument passed to canTransform argument source_frame in tf2 frame_ids cannot be empty[0m
[33m[ WARN] [1604471069.247142512]: Invalid argument passed to canTransform argument source_frame in tf2 frame_ids cannot be empty[0m
[33m[ WARN] [1604471069.247164140]: Invalid argument passed to canTransform argument source_frame in tf2 frame_ids cannot be empty[0m
[33m[ WARN] [1604471069.247182730]: Invalid argument passed to canTransform argument source_frame in tf2 frame_ids cannot be empty[0m
[33m[ WARN] [1604471069.247200282]: Invalid argument passed to canTransform argument source_frame in tf2 frame_ids cannot be empty[0m
[33m[ WARN] [1604471069.247217511]: Invalid argument passed to canTransform argument source_frame in tf2 frame_ids cannot be empty[0m
[33m[ WARN] [1604471069.247235449]: Invalid argument passed to canTransform argument source_frame in tf2 frame_ids cannot be empty[0m
[33m[ WARN] [1604471069.654111237]: Invalid argument passed to canTransform argument source_frame in tf2 frame_ids cannot be empty[0m
[33m[ WARN] [1604471069.654164829]: Invalid argument passed to canTransform argument source_frame in tf2 frame_ids cannot be empty[0m
[33m[ WARN] [1604471069.654209582]: Invalid argument passed to canTransform argument source_frame in tf2 frame_ids cannot be empty[0m
[33m[ WARN] [1604471069.654247044]: Invalid argument passed to canTransform argument source_frame in tf2 frame_ids cannot be empty[0m
[33m[ WARN] [1604471069.654263411]: Invalid argument passed to canTransform argument source_frame in tf2 frame_ids cannot be empty[0m
[33m[ WARN] [1604471069.654301925]: Invalid argument passed to canTransform argument source_frame in tf2 frame_ids cannot be empty[0m
[33m[ WARN] [1604471069.654331218]: Invalid argument passed to canTransform argument source_frame in tf2 frame_ids cannot be empty[0m
[33m[ WARN] [1604471069.654403421]: Invalid argument passed to canTransform argument source_frame in tf2 frame_ids cannot be empty[0m
[33m[ WARN] [1604471069.654432693]: Invalid argument passed to canTransform argument source_frame in tf2 frame_ids cannot be empty[0m
[33m[ WARN] [1604471069.654449502]: Invalid argument passed to canTransform argument source_frame in tf2 frame_ids cannot be empty[0m
[33m[ WARN] [1604471070.067260390]: Invalid argument passed to canTransform argument source_frame in tf2 frame_ids cannot be empty[0m
[33m[ WARN] [1604471070.067314809]: Invalid argument passed to canTransform argument source_frame in tf2 frame_ids cannot be empty[0m
[33m[ WARN] [1604471070.067355176]: Invalid argument passed to canTransform argument source_frame in tf2 frame_ids cannot be empty[0m
[33m[ WARN] [1604471070.067377132]: Invalid argument passed to canTransform argument source_frame in tf2 frame_ids cannot be empty[0m
[33m[ WARN] [1604471070.067397586]: Invalid argument passed to canTransform argument source_frame in tf2 frame_ids cannot be empty[0m
[33m[ WARN] [1604471070.067416390]: Invalid argument passed to canTransform argument source_frame in tf2 frame_ids cannot be empty[0m
[33m[ WARN] [1604471070.067435616]: Invalid argument passed to canTransform argument source_frame in tf2 frame_ids cannot be empty[0m
[33m[ WARN] [1604471070.067473537]: Invalid argument passed to canTransform argument source_frame in tf2 frame_ids cannot be empty[0m
[33m[ WARN] [1604471070.067489834]: Invalid argument passed to canTransform argument source_frame in tf2 frame_ids cannot be empty[0m
[33m[ WARN] [1604471070.067505252]: Invalid argument passed to canTransform argument source_frame in tf2 frame_ids cannot be empty[0m
[33m[ WARN] [1604471070.517602963]: Invalid argument passed to canTransform argument source_frame in tf2 frame_ids cannot be empty[0m
[33m[ WARN] [1604471070.517664832]: Invalid argument passed to canTransform argument source_frame in tf2 frame_ids cannot be empty[0m
[33m[ WARN] [1604471070.517705708]: Invalid argument passed to canTransform argument source_frame in tf2 frame_ids cannot be empty[0m
[33m[ WARN] [1604471070.517724213]: Invalid argument passed to canTransform argument source_frame in tf2 frame_ids cannot be empty[0m
[33m[ WARN] [1604471070.517745050]: Invalid argument passed to canTransform argument source_frame in tf2 frame_ids cannot be empty[0m
[33m[ WARN] [1604471070.517763723]: Invalid argument passed to canTransform argument source_frame in tf2 frame_ids cannot be empty[0m
[33m[ WARN] [1604471070.517784170]: Invalid argument passed to canTransform argument source_frame in tf2 frame_ids cannot be empty[0m
[33m[ WARN] [1604471070.517802403]: Invalid argument passed to canTransform argument source_frame in tf2 frame_ids cannot be empty[0m
[33m[ WARN] [1604471070.517819773]: Invalid argument passed to canTransform argument source_frame in tf2 frame_ids cannot be empty[0m
[33m[ WARN] [1604471070.517834576]: Invalid argument passed to canTransform argument source_frame in tf2 frame_ids cannot be empty[0m
[33m[ WARN] [1604471070.922487541]: Invalid argument passed to canTransform argument source_frame in tf2 frame_ids cannot be empty[0m
[33m[ WARN] [1604471070.922538882]: Invalid argument passed to canTransform argument source_frame in tf2 frame_ids cannot be empty[0m
[33m[ WARN] [1604471070.922579699]: Invalid argument passed to canTransform argument source_frame in tf2 frame_ids cannot be empty[0m
[33m[ WARN] [1604471070.922598210]: Invalid argument passed to canTransform argument source_frame in tf2 frame_ids cannot be empty[0m
[33m[ WARN] [1604471070.922615478]: Invalid argument passed to canTransform argument source_frame in tf2 frame_ids cannot be empty[0m
[33m[ WARN] [1604471070.922632842]: Invalid argument passed to canTransform argument source_frame in tf2 frame_ids cannot be empty[0m
[33m[ WARN] [1604471070.922647969]: Invalid argument passed to canTransform argument source_frame in tf2 frame_ids cannot be empty[0m
[33m[ WARN] [1604471070.922663905]: Invalid argument passed to canTransform argument source_frame in tf2 frame_ids cannot be empty[0m
[33m[ WARN] [1604471070.922678914]: Invalid argument passed to canTransform argument source_frame in tf2 frame_ids cannot be empty[0m
[33m[ WARN] [1604471070.922695391]: Invalid argument passed to canTransform argument source_frame in tf2 frame_ids cannot be empty[0m
[33m[ WARN] [1604471073.737109547]: Invalid argument passed to canTransform argument source_frame in tf2 frame_ids cannot be empty[0m
[33m[ WARN] [1604471073.737164932]: Invalid argument passed to canTransform argument source_frame in tf2 frame_ids cannot be empty[0m
[33m[ WARN] [1604471073.737207553]: Invalid argument passed to canTransform argument source_frame in tf2 frame_ids cannot be empty[0m
[33m[ WARN] [1604471073.737227162]: Invalid argument passed to canTransform argument source_frame in tf2 frame_ids cannot be empty[0m
[33m[ WARN] [1604471073.737245200]: Invalid argument passed to canTransform argument source_frame in tf2 frame_ids cannot be empty[0m
[33m[ WARN] [1604471073.737262293]: Invalid argument passed to canTransform argument source_frame in tf2 frame_ids cannot be empty[0m
[33m[ WARN] [1604471073.737279983]: Invalid argument passed to canTransform argument source_frame in tf2 frame_ids cannot be empty[0m
[33m[ WARN] [1604471073.737314509]: Invalid argument passed to canTransform argument source_frame in tf2 frame_ids cannot be empty[0m
[33m[ WARN] [1604471073.737330651]: Invalid argument passed to canTransform argument source_frame in tf2 frame_ids cannot be empty[0m
[33m[ WARN] [1604471073.737345585]: Invalid argument passed to canTransform argument source_frame in tf2 frame_ids cannot be empty[0m
[33m[ WARN] [1604471074.145116915]: Invalid argument passed to canTransform argument source_frame in tf2 frame_ids cannot be empty[0m
[33m[ WARN] [1604471074.145177937]: Invalid argument passed to canTransform argument source_frame in tf2 frame_ids cannot be empty[0m
[33m[ WARN] [1604471074.145200561]: Invalid argument passed to canTransform argument source_frame in tf2 frame_ids cannot be empty[0m
[33m[ WARN] [1604471074.145350861]: Invalid argument passed to canTransform argument source_frame in tf2 frame_ids cannot be empty[0m
[33m[ WARN] [1604471074.145384239]: Invalid argument passed to canTransform argument source_frame in tf2 frame_ids cannot be empty[0m
[33m[ WARN] [1604471074.145406438]: Invalid argument passed to canTransform argument source_frame in tf2 frame_ids cannot be empty[0m
[33m[ WARN] [1604471074.145426064]: Invalid argument passed to canTransform argument source_frame in tf2 frame_ids cannot be empty[0m
[33m[ WARN] [1604471074.145443644]: Invalid argument passed to canTransform argument source_frame in tf2 frame_ids cannot be empty[0m
[33m[ WARN] [1604471074.145460292]: Invalid argument passed to canTransform argument source_frame in tf2 frame_ids cannot be empty[0m
[33m[ WARN] [1604471074.145476760]: Invalid argument passed to canTransform argument source_frame in tf2 frame_ids cannot be empty[0m
[33m[ WARN] [1604471074.575331971]: Invalid argument passed to canTransform argument source_frame in tf2 frame_ids cannot be empty[0m
[33m[ WARN] [1604471074.575384974]: Invalid argument passed to canTransform argument source_frame in tf2 frame_ids cannot be empty[0m
[33m[ WARN] [1604471074.575408302]: Invalid argument passed to canTransform argument source_frame in tf2 frame_ids cannot be empty[0m
[33m[ WARN] [1604471074.575448923]: Invalid argument passed to canTransform argument source_frame in tf2 frame_ids cannot be empty[0m
[33m[ WARN] [1604471074.575466900]: Invalid argument passed to canTransform argument source_frame in tf2 frame_ids cannot be empty[0m
[33m[ WARN] [1604471074.575486797]: Invalid argument passed to canTransform argument source_frame in tf2 frame_ids cannot be empty[0m
[33m[ WARN] [1604471074.575504188]: Invalid argument passed to canTransform argument source_frame in tf2 frame_ids cannot be empty[0m
[33m[ WARN] [1604471074.575522289]: Invalid argument passed to canTransform argument source_frame in tf2 frame_ids cannot be empty[0m
[33m[ WARN] [1604471074.575539603]: Invalid argument passed to canTransform argument source_frame in tf2 frame_ids cannot be empty[0m
[33m[ WARN] [1604471074.575556763]: Invalid argument passed to canTransform argument source_frame in tf2 frame_ids cannot be empty[0m
[33m[ WARN] [1604471075.041815699]: Invalid argument passed to canTransform argument source_frame in tf2 frame_ids cannot be empty[0m
[33m[ WARN] [1604471075.041877208]: Invalid argument passed to canTransform argument source_frame in tf2 frame_ids cannot be empty[0m
[33m[ WARN] [1604471075.041917306]: Invalid argument passed to canTransform argument source_frame in tf2 frame_ids cannot be empty[0m
[33m[ WARN] [1604471075.041935285]: Invalid argument passed to canTransform argument source_frame in tf2 frame_ids cannot be empty[0m
[33m[ WARN] [1604471075.041969306]: Invalid argument passed to canTransform argument source_frame in tf2 frame_ids cannot be empty[0m
[33m[ WARN] [1604471075.041988531]: Invalid argument passed to canTransform argument source_frame in tf2 frame_ids cannot be empty[0m
[33m[ WARN] [1604471075.042018746]: Invalid argument passed to canTransform argument source_frame in tf2 frame_ids cannot be empty[0m
[33m[ WARN] [1604471075.042072177]: Invalid argument passed to canTransform argument source_frame in tf2 frame_ids cannot be empty[0m
[33m[ WARN] [1604471075.042102046]: Invalid argument passed to canTransform argument source_frame in tf2 frame_ids cannot be empty[0m
[33m[ WARN] [1604471075.042119731]: Invalid argument passed to canTransform argument source_frame in tf2 frame_ids cannot be empty[0m
[33m[ WARN] [1604471075.667333772]: Invalid argument passed to canTransform argument source_frame in tf2 frame_ids cannot be empty[0m
[33m[ WARN] [1604471075.667396994]: Invalid argument passed to canTransform argument source_frame in tf2 frame_ids cannot be empty[0m
[33m[ WARN] [1604471075.667437743]: Invalid argument passed to canTransform argument source_frame in tf2 frame_ids cannot be empty[0m
[33m[ WARN] [1604471075.667455110]: Invalid argument passed to canTransform argument source_frame in tf2 frame_ids cannot be empty[0m
[33m[ WARN] [1604471075.667476099]: Invalid argument passed to canTransform argument source_frame in tf2 frame_ids cannot be empty[0m
[33m[ WARN] [1604471075.667494672]: Invalid argument passed to canTransform argument source_frame in tf2 frame_ids cannot be empty[0m
[33m[ WARN] [1604471075.667513056]: Invalid argument passed to canTransform argument source_frame in tf2 frame_ids cannot be empty[0m
[33m[ WARN] [1604471075.667532019]: Invalid argument passed to canTransform argument source_frame in tf2 frame_ids cannot be empty[0m
[33m[ WARN] [1604471075.667550107]: Invalid argument passed to canTransform argument source_frame in tf2 frame_ids cannot be empty[0m
[33m[ WARN] [1604471075.667587832]: Invalid argument passed to canTransform argument source_frame in tf2 frame_ids cannot be empty[0m
[33m[ WARN] [1604471076.451707275]: Invalid argument passed to canTransform argument source_frame in tf2 frame_ids cannot be empty[0m
[33m[ WARN] [1604471076.451760066]: Invalid argument passed to canTransform argument source_frame in tf2 frame_ids cannot be empty[0m
[33m[ WARN] [1604471076.451782181]: Invalid argument passed to canTransform argument source_frame in tf2 frame_ids cannot be empty[0m
[33m[ WARN] [1604471076.451817504]: Invalid argument passed to canTransform argument source_frame in tf2 frame_ids cannot be empty[0m
[33m[ WARN] [1604471076.451847344]: Invalid argument passed to canTransform argument source_frame in tf2 frame_ids cannot be empty[0m
[33m[ WARN] [1604471076.451874336]: Invalid argument passed to canTransform argument source_frame in tf2 frame_ids cannot be empty[0m
[33m[ WARN] [1604471076.451893419]: Invalid argument passed to canTransform argument source_frame in tf2 frame_ids cannot be empty[0m
[33m[ WARN] [1604471076.451909937]: Invalid argument passed to canTransform argument source_frame in tf2 frame_ids cannot be empty[0m
[33m[ WARN] [1604471076.451926730]: Invalid argument passed to canTransform argument source_frame in tf2 frame_ids cannot be empty[0m
[33m[ WARN] [1604471076.451943345]: Invalid argument passed to canTransform argument source_frame in tf2 frame_ids cannot be empty[0m
[33m[ WARN] [1604471077.116683017]: Invalid argument passed to canTransform argument source_frame in tf2 frame_ids cannot be empty[0m
[33m[ WARN] [1604471077.116736695]: Invalid argument passed to canTransform argument source_frame in tf2 frame_ids cannot be empty[0m
[33m[ WARN] [1604471077.116777424]: Invalid argument passed to canTransform argument source_frame in tf2 frame_ids cannot be empty[0m
[33m[ WARN] [1604471077.116813305]: Invalid argument passed to canTransform argument source_frame in tf2 frame_ids cannot be empty[0m
[33m[ WARN] [1604471077.116832819]: Invalid argument passed to canTransform argument source_frame in tf2 frame_ids cannot be empty[0m
[33m[ WARN] [1604471077.116857127]: Invalid argument passed to canTransform argument source_frame in tf2 frame_ids cannot be empty[0m
[33m[ WARN] [1604471077.116878432]: Invalid argument passed to canTransform argument source_frame in tf2 frame_ids cannot be empty[0m
[33m[ WARN] [1604471077.116953219]: Invalid argument passed to canTransform argument source_frame in tf2 frame_ids cannot be empty[0m
[33m[ WARN] [1604471077.116973734]: Invalid argument passed to canTransform argument source_frame in tf2 frame_ids cannot be empty[0m
[33m[ WARN] [1604471077.117002344]: Invalid argument passed to canTransform argument source_frame in tf2 frame_ids cannot be empty[0m
[33m[ WARN] [1604471077.724914741]: Invalid argument passed to canTransform argument source_frame in tf2 frame_ids cannot be empty[0m
[33m[ WARN] [1604471077.724975649]: Invalid argument passed to canTransform argument source_frame in tf2 frame_ids cannot be empty[0m
[33m[ WARN] [1604471077.725016491]: Invalid argument passed to canTransform argument source_frame in tf2 frame_ids cannot be empty[0m
[33m[ WARN] [1604471077.725053125]: Invalid argument passed to canTransform argument source_frame in tf2 frame_ids cannot be empty[0m
[33m[ WARN] [1604471077.725070109]: Invalid argument passed to canTransform argument source_frame in tf2 frame_ids cannot be empty[0m
[33m[ WARN] [1604471077.725090257]: Invalid argument passed to canTransform argument source_frame in tf2 frame_ids cannot be empty[0m
[33m[ WARN] [1604471077.725108508]: Invalid argument passed to canTransform argument source_frame in tf2 frame_ids cannot be empty[0m
[33m[ WARN] [1604471077.725125556]: Invalid argument passed to canTransform argument source_frame in tf2 frame_ids cannot be empty[0m
[33m[ WARN] [1604471077.725143784]: Invalid argument passed to canTransform argument source_frame in tf2 frame_ids cannot be empty[0m
[33m[ WARN] [1604471077.725160803]: Invalid argument passed to canTransform argument source_frame in tf2 frame_ids cannot be empty[0m
[33m[ WARN] [1604471078.380802056]: Invalid argument passed to canTransform argument source_frame in tf2 frame_ids cannot be empty[0m
[33m[ WARN] [1604471078.380847719]: Invalid argument passed to canTransform argument source_frame in tf2 frame_ids cannot be empty[0m
[33m[ WARN] [1604471078.380871250]: Invalid argument passed to canTransform argument source_frame in tf2 frame_ids cannot be empty[0m
[33m[ WARN] [1604471078.380889330]: Invalid argument passed to canTransform argument source_frame in tf2 frame_ids cannot be empty[0m
[33m[ WARN] [1604471078.380916195]: Invalid argument passed to canTransform argument source_frame in tf2 frame_ids cannot be empty[0m
[33m[ WARN] [1604471078.380935803]: Invalid argument passed to canTransform argument source_frame in tf2 frame_ids cannot be empty[0m
[33m[ WARN] [1604471078.380953741]: Invalid argument passed to canTransform argument source_frame in tf2 frame_ids cannot be empty[0m
[33m[ WARN] [1604471078.380971247]: Invalid argument passed to canTransform argument source_frame in tf2 frame_ids cannot be empty[0m
