[rospy.client][INFO] 2020-11-09 03:12:17,112: init_node, name[/rosapi], pid[6824]
[xmlrpc][INFO] 2020-11-09 03:12:17,112: XML-RPC server binding to 0.0.0.0:0
[xmlrpc][INFO] 2020-11-09 03:12:17,112: Started XML-RPC server [http://freight1207:56359/]
[rospy.init][INFO] 2020-11-09 03:12:17,112: ROS Slave URI: [http://freight1207:56359/]
[rospy.impl.masterslave][INFO] 2020-11-09 03:12:17,112: _ready: http://freight1207:56359/
[xmlrpc][INFO] 2020-11-09 03:12:17,113: xml rpc node: starting XML-RPC server
[rospy.registration][INFO] 2020-11-09 03:12:17,113: Registering with master node http://localhost:11311
[rospy.init][INFO] 2020-11-09 03:12:17,213: registered with master
[rospy.rosout][INFO] 2020-11-09 03:12:17,213: initializing /rosout core topic
[rospy.rosout][INFO] 2020-11-09 03:12:17,214: connected to core topic /rosout
[rospy.simtime][INFO] 2020-11-09 03:12:17,215: /use_sim_time is not set, will not subscribe to simulated time [/clock] topic
[rosout][INFO] 2020-11-09 03:12:17,237: Rosapi started
[rospy.internal][INFO] 2020-11-09 03:12:17,489: topic[/rosout] adding connection to [/rosout], count 0
[rospy.core][INFO] 2020-11-09 03:12:51,431: signal_shutdown [signal-2]
[rospy.internal][INFO] 2020-11-09 03:12:51,438: topic[/rosout] removing connection to /rosout
[rospy.impl.masterslave][INFO] 2020-11-09 03:12:51,438: signal-2
[rospy.core][INFO] 2020-11-09 03:12:52,052: signal_shutdown [atexit]
[rospy.client][INFO] 2020-11-09 03:25:03,104: init_node, name[/rosapi], pid[6980]
[xmlrpc][INFO] 2020-11-09 03:25:03,104: XML-RPC server binding to 0.0.0.0:0
[xmlrpc][INFO] 2020-11-09 03:25:03,104: Started XML-RPC server [http://freight1207:37322/]
[rospy.init][INFO] 2020-11-09 03:25:03,104: ROS Slave URI: [http://freight1207:37322/]
[rospy.impl.masterslave][INFO] 2020-11-09 03:25:03,104: _ready: http://freight1207:37322/
[xmlrpc][INFO] 2020-11-09 03:25:03,105: xml rpc node: starting XML-RPC server
[rospy.registration][INFO] 2020-11-09 03:25:03,105: Registering with master node http://localhost:11311
[rospy.init][INFO] 2020-11-09 03:25:03,205: registered with master
[rospy.rosout][INFO] 2020-11-09 03:25:03,205: initializing /rosout core topic
[rospy.rosout][INFO] 2020-11-09 03:25:03,206: connected to core topic /rosout
[rospy.simtime][INFO] 2020-11-09 03:25:03,207: /use_sim_time is not set, will not subscribe to simulated time [/clock] topic
[rosout][INFO] 2020-11-09 03:25:03,229: Rosapi started
[rospy.internal][INFO] 2020-11-09 03:25:03,446: topic[/rosout] adding connection to [/rosout], count 0
[rospy.core][INFO] 2020-11-09 06:04:16,119: signal_shutdown [signal-2]
[rospy.internal][INFO] 2020-11-09 06:04:16,125: topic[/rosout] removing connection to /rosout
[rospy.impl.masterslave][INFO] 2020-11-09 06:04:16,125: signal-2
[rospy.core][INFO] 2020-11-09 06:04:16,257: signal_shutdown [atexit]
