[rospy.client][INFO] 2020-11-09 03:12:16,729: init_node, name[/rosbridge_websocket], pid[6823]
[xmlrpc][INFO] 2020-11-09 03:12:16,729: XML-RPC server binding to 0.0.0.0:0
[xmlrpc][INFO] 2020-11-09 03:12:16,729: Started XML-RPC server [http://freight1207:47128/]
[rospy.init][INFO] 2020-11-09 03:12:16,729: ROS Slave URI: [http://freight1207:47128/]
[rospy.impl.masterslave][INFO] 2020-11-09 03:12:16,729: _ready: http://freight1207:47128/
[xmlrpc][INFO] 2020-11-09 03:12:16,730: xml rpc node: starting XML-RPC server
[rospy.registration][INFO] 2020-11-09 03:12:16,730: Registering with master node http://localhost:11311
[rospy.init][INFO] 2020-11-09 03:12:16,830: registered with master
[rospy.rosout][INFO] 2020-11-09 03:12:16,830: initializing /rosout core topic
[rospy.rosout][INFO] 2020-11-09 03:12:16,831: connected to core topic /rosout
[rospy.simtime][INFO] 2020-11-09 03:12:16,832: /use_sim_time is not set, will not subscribe to simulated time [/clock] topic
[rosout][INFO] 2020-11-09 03:12:16,843: Rosbridge WebSocket server started on port 9090
[rospy.internal][INFO] 2020-11-09 03:12:17,088: topic[/rosout] adding connection to [/rosout], count 0
[rosout][INFO] 2020-11-09 03:12:19,963: Client connected.  1 clients total.
[rosout][INFO] 2020-11-09 03:12:23,708: Client disconnected. 0 clients total.
[rosout][INFO] 2020-11-09 03:12:27,920: Client connected.  1 clients total.
[rosout][INFO] 2020-11-09 03:12:30,747: Client disconnected. 0 clients total.
[rospy.core][INFO] 2020-11-09 03:12:51,431: signal_shutdown [signal-2]
[rospy.internal][INFO] 2020-11-09 03:12:51,435: topic[/rosout] removing connection to /rosout
[rospy.impl.masterslave][INFO] 2020-11-09 03:12:51,435: signal-2
[rospy.core][INFO] 2020-11-09 03:12:51,567: signal_shutdown [atexit]
[rospy.client][INFO] 2020-11-09 03:25:02,777: init_node, name[/rosbridge_websocket], pid[6979]
[xmlrpc][INFO] 2020-11-09 03:25:02,777: XML-RPC server binding to 0.0.0.0:0
[xmlrpc][INFO] 2020-11-09 03:25:02,777: Started XML-RPC server [http://freight1207:37057/]
[rospy.init][INFO] 2020-11-09 03:25:02,777: ROS Slave URI: [http://freight1207:37057/]
[rospy.impl.masterslave][INFO] 2020-11-09 03:25:02,777: _ready: http://freight1207:37057/
[xmlrpc][INFO] 2020-11-09 03:25:02,778: xml rpc node: starting XML-RPC server
[rospy.registration][INFO] 2020-11-09 03:25:02,778: Registering with master node http://localhost:11311
[rospy.init][INFO] 2020-11-09 03:25:02,878: registered with master
[rospy.rosout][INFO] 2020-11-09 03:25:02,878: initializing /rosout core topic
[rospy.rosout][INFO] 2020-11-09 03:25:02,880: connected to core topic /rosout
[rospy.simtime][INFO] 2020-11-09 03:25:02,881: /use_sim_time is not set, will not subscribe to simulated time [/clock] topic
[rosout][INFO] 2020-11-09 03:25:02,893: Rosbridge WebSocket server started on port 9090
[rospy.internal][INFO] 2020-11-09 03:25:03,146: topic[/rosout] adding connection to [/rosout], count 0
[rosout][INFO] 2020-11-09 03:25:06,713: Client connected.  1 clients total.
[rosout][INFO] 2020-11-09 03:25:07,738: Client disconnected. 0 clients total.
[rosout][INFO] 2020-11-09 03:28:05,265: Client connected.  1 clients total.
[rosout][INFO] 2020-11-09 03:28:05,730: [Client 1] Subscribed to /map
[rospy.internal][INFO] 2020-11-09 03:28:07,196: topic impl's ref count is zero, deleting topic /map...
[rosout][INFO] 2020-11-09 03:28:07,198: Client disconnected. 0 clients total.
[rosout][INFO] 2020-11-09 03:28:07,375: Client connected.  1 clients total.
[rosout][INFO] 2020-11-09 03:28:07,400: [Client 2] Subscribed to /map
[rospy.internal][INFO] 2020-11-09 03:28:07,780: topic impl's ref count is zero, deleting topic /map...
[rosout][INFO] 2020-11-09 03:28:07,781: Client disconnected. 0 clients total.
[rosout][INFO] 2020-11-09 03:28:07,958: Client connected.  1 clients total.
[rosout][INFO] 2020-11-09 03:28:07,981: [Client 3] Subscribed to /map
[rospy.internal][INFO] 2020-11-09 03:28:34,386: topic impl's ref count is zero, deleting topic /map...
[rosout][INFO] 2020-11-09 03:28:34,387: Client disconnected. 0 clients total.
[rosout][INFO] 2020-11-09 03:57:03,882: Client connected.  1 clients total.
[rosout][INFO] 2020-11-09 03:57:03,914: [Client 4] Subscribed to /map
[rospy.internal][INFO] 2020-11-09 03:58:48,730: topic impl's ref count is zero, deleting topic /map...
[rosout][INFO] 2020-11-09 03:58:48,732: Client disconnected. 0 clients total.
[rosout][INFO] 2020-11-09 03:58:49,605: Client connected.  1 clients total.
[rosout][INFO] 2020-11-09 03:58:49,615: [Client 5] Subscribed to /map
[rospy.internal][INFO] 2020-11-09 04:02:52,024: topic impl's ref count is zero, deleting topic /map...
[rosout][INFO] 2020-11-09 04:02:52,025: Client disconnected. 0 clients total.
[rosout][INFO] 2020-11-09 04:02:52,199: Client connected.  1 clients total.
[rosout][INFO] 2020-11-09 04:02:52,233: [Client 6] Subscribed to /map
[rospy.internal][INFO] 2020-11-09 04:06:47,166: topic impl's ref count is zero, deleting topic /map...
[rosout][INFO] 2020-11-09 04:06:47,170: Client disconnected. 0 clients total.
[rosout][INFO] 2020-11-09 04:06:59,200: Client connected.  1 clients total.
[rosout][INFO] 2020-11-09 04:06:59,858: Client disconnected. 0 clients total.
[rosout][INFO] 2020-11-09 04:12:44,259: Client connected.  1 clients total.
[rosout][INFO] 2020-11-09 04:12:47,891: Client disconnected. 0 clients total.
[rosout][INFO] 2020-11-09 04:12:48,601: Client connected.  1 clients total.
[rosout][INFO] 2020-11-09 04:12:49,522: Client disconnected. 0 clients total.
[rosout][INFO] 2020-11-09 04:23:58,034: Client connected.  1 clients total.
[rosout][INFO] 2020-11-09 04:23:59,112: Client disconnected. 0 clients total.
[rosout][INFO] 2020-11-09 04:30:39,873: Client connected.  1 clients total.
[rosout][INFO] 2020-11-09 04:30:46,831: Client disconnected. 0 clients total.
[rosout][INFO] 2020-11-09 04:31:15,742: Client connected.  1 clients total.
[rosout][INFO] 2020-11-09 04:31:16,383: Client disconnected. 0 clients total.
[rosout][INFO] 2020-11-09 04:45:01,366: Client connected.  1 clients total.
[rosout][INFO] 2020-11-09 04:45:09,692: Client disconnected. 0 clients total.
[rosout][INFO] 2020-11-09 04:45:09,983: Client connected.  1 clients total.
[rosout][INFO] 2020-11-09 04:45:10,839: Client disconnected. 0 clients total.
[rosout][INFO] 2020-11-09 04:50:51,940: Client connected.  1 clients total.
[rosout][INFO] 2020-11-09 04:50:53,733: Client disconnected. 0 clients total.
[rosout][INFO] 2020-11-09 04:50:54,665: Client connected.  1 clients total.
[rosout][INFO] 2020-11-09 04:50:56,517: Client disconnected. 0 clients total.
[rosout][INFO] 2020-11-09 04:50:58,321: Client connected.  1 clients total.
[rosout][INFO] 2020-11-09 04:51:00,260: Client disconnected. 0 clients total.
[rosout][INFO] 2020-11-09 05:24:01,834: Client connected.  1 clients total.
[rosout][INFO] 2020-11-09 05:24:02,849: Client disconnected. 0 clients total.
[rosout][INFO] 2020-11-09 05:24:03,415: Client connected.  1 clients total.
[rosout][INFO] 2020-11-09 05:24:05,145: Client disconnected. 0 clients total.
[rosout][INFO] 2020-11-09 05:25:58,288: Client connected.  1 clients total.
[rosout][INFO] 2020-11-09 05:25:59,128: Client disconnected. 0 clients total.
[rosout][INFO] 2020-11-09 05:27:24,072: Client connected.  1 clients total.
[rosout][INFO] 2020-11-09 05:27:35,505: Client disconnected. 0 clients total.
[rosout][INFO] 2020-11-09 05:44:50,999: Client connected.  1 clients total.
[rosout][INFO] 2020-11-09 05:46:07,082: Client disconnected. 0 clients total.
[rosout][INFO] 2020-11-09 05:46:14,979: Client connected.  1 clients total.
[rosout][INFO] 2020-11-09 05:46:15,647: Client disconnected. 0 clients total.
[rosout][INFO] 2020-11-09 05:47:55,276: Client connected.  1 clients total.
[rosout][INFO] 2020-11-09 05:47:55,951: Client disconnected. 0 clients total.
[rosout][INFO] 2020-11-09 05:50:41,684: Client connected.  1 clients total.
[rosout][INFO] 2020-11-09 05:50:44,791: Client disconnected. 0 clients total.
[rosout][INFO] 2020-11-09 05:52:01,321: Client connected.  1 clients total.
[rosout][INFO] 2020-11-09 05:52:03,678: Client disconnected. 0 clients total.
[rosout][INFO] 2020-11-09 05:52:04,628: Client connected.  1 clients total.
[rosout][INFO] 2020-11-09 05:52:06,020: Client disconnected. 0 clients total.
[rospy.core][INFO] 2020-11-09 06:04:16,120: signal_shutdown [signal-2]
[rospy.internal][INFO] 2020-11-09 06:04:16,125: topic[/rosout] removing connection to /rosout
[rospy.impl.masterslave][INFO] 2020-11-09 06:04:16,125: signal-2
[rospy.core][INFO] 2020-11-09 06:04:16,226: signal_shutdown [atexit]
