[roslaunch][INFO] 2020-11-09 02:42:22,135: Checking log directory for disk usage. This may take awhile.
Press Ctrl-C to interrupt
[roslaunch][INFO] 2020-11-09 02:42:22,158: Done checking log file disk usage. Usage is <1GB.
[roslaunch][INFO] 2020-11-09 02:42:22,158: roslaunch starting with args ['/opt/ros/indigo/bin/roslaunch', 'fetch_navigation', 'freight_nav.launch']
[roslaunch][INFO] 2020-11-09 02:42:22,158: roslaunch env is {'LC_NUMERIC': 'ko_KR.UTF-8', 'ROS_DISTRO': 'indigo', 'LESSOPEN': '| /usr/bin/lesspipe %s', 'SSH_CLIENT': '172.22.77.171 62709 22', 'CPATH': '/home/fetch/catkin_ws/devel/include:/opt/ros/indigo/include', 'LOGNAME': 'fetch', 'USER': 'fetch', 'HOME': '/home/fetch', 'LC_PAPER': 'ko_KR.UTF-8', 'PATH': '/opt/ros/indigo/bin:/usr/local/sbin:/usr/local/bin:/usr/sbin:/usr/bin:/sbin:/bin:/usr/games:/usr/local/games', 'VIRTUALENVWRAPPER_SCRIPT': '/usr/share/virtualenvwrapper/virtualenvwrapper.sh', 'LD_LIBRARY_PATH': '/home/fetch/catkin_ws/devel/lib:/opt/ros/indigo/lib', 'LANG': 'en_US.UTF-8', 'TERM': 'xterm-256color', 'SHELL': '/bin/bash', 'ROS_LOG_FILENAME': '/home/fetch/.ros/log/0949a3b4-226e-11eb-b873-000babe55698/roslaunch-freight1207-3851.log', 'LC_MONETARY': 'ko_KR.UTF-8', 'QT_QPA_PLATFORMTHEME': 'appmenu-qt5', 'ROS_ETC_DIR': '/opt/ros/indigo/etc/ros', 'DISPLAY': 'localhost:10.0', '_VIRTUALENVWRAPPER_API': ' mkvirtualenv rmvirtualenv lsvirtualenv showvirtualenv workon add2virtualenv cdsitepackages cdvirtualenv lssitepackages toggleglobalsitepackages cpvirtualenv setvirtualenvproject mkproject cdproject mktmpenv mkvirtualenv rmvirtualenv lsvirtualenv showvirtualenv workon add2virtualenv cdsitepackages cdvirtualenv lssitepackages toggleglobalsitepackages cpvirtualenv setvirtualenvproject mkproject cdproject mktmpenv', 'CMAKE_PREFIX_PATH': '/home/fetch/catkin_ws/devel:/opt/ros/indigo', 'XDG_RUNTIME_DIR': '/run/user/1000', 'LC_ADDRESS': 'ko_KR.UTF-8', 'PYTHONPATH': '/home/fetch/catkin_ws/devel/lib/python2.7/dist-packages:/opt/ros/indigo/lib/python2.7/dist-packages', 'SHLVL': '1', 'ROS_ROOT': '/opt/ros/indigo/share/ros', 'PKG_CONFIG_PATH': '/home/fetch/catkin_ws/devel/lib/pkgconfig:/opt/ros/indigo/lib/pkgconfig', 'ROS_PACKAGE_PATH': '/home/fetch/catkin_ws/src:/opt/ros/indigo/share:/opt/ros/indigo/stacks', 'XDG_SESSION_ID': '1', '_': '/opt/ros/indigo/bin/roslaunch', 'LC_IDENTIFICATION': 'ko_KR.UTF-8', 'SSH_CONNECTION': '172.22.77.171 62709 172.22.77.172 22', 'LESSCLOSE': '/usr/bin/lesspipe %s %s', 'SSH_TTY': '/dev/pts/2', 'OLDPWD': '/opt/ros/indigo/share/rqt', 'ROSLISP_PACKAGE_DIRECTORIES': '/home/fetch/catkin_ws/devel/share/common-lisp', 'LC_TELEPHONE': 'ko_KR.UTF-8', 'LC_MEASUREMENT': 'ko_KR.UTF-8', 'PWD': '/opt/ros/indigo/share', 'ROS_MASTER_URI': 'http://localhost:11311', 'LC_NAME': 'ko_KR.UTF-8', 'MAIL': '/var/mail/fetch', 'LC_TIME': 'ko_KR.UTF-8', 'LS_COLORS': 'rs=0:di=01;34:ln=01;36:mh=00:pi=40;33:so=01;35:do=01;35:bd=40;33;01:cd=40;33;01:or=40;31;01:su=37;41:sg=30;43:ca=30;41:tw=30;42:ow=34;42:st=37;44:ex=01;32:*.tar=01;31:*.tgz=01;31:*.arj=01;31:*.taz=01;31:*.lzh=01;31:*.lzma=01;31:*.tlz=01;31:*.txz=01;31:*.zip=01;31:*.z=01;31:*.Z=01;31:*.dz=01;31:*.gz=01;31:*.lz=01;31:*.xz=01;31:*.bz2=01;31:*.bz=01;31:*.tbz=01;31:*.tbz2=01;31:*.tz=01;31:*.deb=01;31:*.rpm=01;31:*.jar=01;31:*.war=01;31:*.ear=01;31:*.sar=01;31:*.rar=01;31:*.ace=01;31:*.zoo=01;31:*.cpio=01;31:*.7z=01;31:*.rz=01;31:*.jpg=01;35:*.jpeg=01;35:*.gif=01;35:*.bmp=01;35:*.pbm=01;35:*.pgm=01;35:*.ppm=01;35:*.tga=01;35:*.xbm=01;35:*.xpm=01;35:*.tif=01;35:*.tiff=01;35:*.png=01;35:*.svg=01;35:*.svgz=01;35:*.mng=01;35:*.pcx=01;35:*.mov=01;35:*.mpg=01;35:*.mpeg=01;35:*.m2v=01;35:*.mkv=01;35:*.webm=01;35:*.ogm=01;35:*.mp4=01;35:*.m4v=01;35:*.mp4v=01;35:*.vob=01;35:*.qt=01;35:*.nuv=01;35:*.wmv=01;35:*.asf=01;35:*.rm=01;35:*.rmvb=01;35:*.flc=01;35:*.avi=01;35:*.fli=01;35:*.flv=01;35:*.gl=01;35:*.dl=01;35:*.xcf=01;35:*.xwd=01;35:*.yuv=01;35:*.cgm=01;35:*.emf=01;35:*.axv=01;35:*.anx=01;35:*.ogv=01;35:*.ogx=01;35:*.aac=00;36:*.au=00;36:*.flac=00;36:*.mid=00;36:*.midi=00;36:*.mka=00;36:*.mp3=00;36:*.mpc=00;36:*.ogg=00;36:*.ra=00;36:*.wav=00;36:*.axa=00;36:*.oga=00;36:*.spx=00;36:*.xspf=00;36:'}
[roslaunch][INFO] 2020-11-09 02:42:22,158: starting in server mode
[roslaunch.parent][INFO] 2020-11-09 02:42:22,158: starting roslaunch parent run
[roslaunch][INFO] 2020-11-09 02:42:22,158: loading roscore config file /opt/ros/indigo/etc/ros/roscore.xml
[roslaunch][INFO] 2020-11-09 02:42:22,235: Added core node of type [rosout/rosout] in namespace [/]
[roslaunch.config][INFO] 2020-11-09 02:42:22,235: loading config file /opt/ros/indigo/share/fetch_navigation/launch/freight_nav.launch
[roslaunch][INFO] 2020-11-09 02:42:22,274: Added node of type [map_server/map_server] in namespace [/]
[roslaunch][INFO] 2020-11-09 02:42:22,274: Added node of type [rviz/rviz] in namespace [/]
[roslaunch][INFO] 2020-11-09 02:42:22,280: Added node of type [amcl/amcl] in namespace [/]
[roslaunch][INFO] 2020-11-09 02:42:22,298: Added node of type [move_base/move_base] in namespace [/]
[roslaunch][INFO] 2020-11-09 02:42:22,299: ... selected machine [] for node of type [map_server/map_server]
[roslaunch][INFO] 2020-11-09 02:42:22,299: ... selected machine [] for node of type [rviz/rviz]
[roslaunch][INFO] 2020-11-09 02:42:22,299: ... selected machine [] for node of type [amcl/amcl]
[roslaunch][INFO] 2020-11-09 02:42:22,299: ... selected machine [] for node of type [move_base/move_base]
[roslaunch.pmon][INFO] 2020-11-09 02:42:22,299: start_process_monitor: creating ProcessMonitor
[roslaunch.pmon][INFO] 2020-11-09 02:42:22,299: created process monitor <ProcessMonitor(ProcessMonitor-1, initial daemon)>
[roslaunch.pmon][INFO] 2020-11-09 02:42:22,300: start_process_monitor: ProcessMonitor started
[roslaunch.parent][INFO] 2020-11-09 02:42:22,300: starting parent XML-RPC server
[roslaunch.server][INFO] 2020-11-09 02:42:22,300: starting roslaunch XML-RPC server
[roslaunch.server][INFO] 2020-11-09 02:42:22,300: waiting for roslaunch XML-RPC server to initialize
[xmlrpc][INFO] 2020-11-09 02:42:22,300: XML-RPC server binding to 0.0.0.0:0
[xmlrpc][INFO] 2020-11-09 02:42:22,300: Started XML-RPC server [http://freight1207:57361/]
[xmlrpc][INFO] 2020-11-09 02:42:22,300: xml rpc node: starting XML-RPC server
[roslaunch][INFO] 2020-11-09 02:42:22,311: started roslaunch server http://freight1207:57361/
[roslaunch.parent][INFO] 2020-11-09 02:42:22,311: ... parent XML-RPC server started
[roslaunch][INFO] 2020-11-09 02:42:22,312: master.is_running[http://localhost:11311]
[roslaunch][INFO] 2020-11-09 02:42:22,313: master.is_running[http://localhost:11311]
[roslaunch][INFO] 2020-11-09 02:42:22,313: ROS_MASTER_URI=http://localhost:11311
[roslaunch][INFO] 2020-11-09 02:42:22,315: setting /roslaunch/uris/host_freight1207__57361' to http://freight1207:57361/
[roslaunch][INFO] 2020-11-09 02:42:22,316: load_parameters starting ...
[roslaunch][INFO] 2020-11-09 02:42:22,335: ... load_parameters complete
[roslaunch][INFO] 2020-11-09 02:42:22,335: launch_nodes: launching local nodes ...
[roslaunch][INFO] 2020-11-09 02:42:22,335: ... preparing to launch node of type [map_server/map_server]
[roslaunch][INFO] 2020-11-09 02:42:22,335: create_node_process: package[map_server] type[map_server] machine[Machine(name[] env_loader[None] address[localhost] ssh_port[22] user[None] assignable[True] timeout[10.0])] master_uri[http://localhost:11311]
[roslaunch][INFO] 2020-11-09 02:42:22,335: process[map_server-1]: env[{'LC_NUMERIC': 'ko_KR.UTF-8', 'ROS_DISTRO': 'indigo', 'LC_MEASUREMENT': 'ko_KR.UTF-8', 'LESSOPEN': '| /usr/bin/lesspipe %s', 'SSH_CLIENT': '172.22.77.171 62709 22', 'CPATH': '/home/fetch/catkin_ws/devel/include:/opt/ros/indigo/include', 'LOGNAME': 'fetch', 'USER': 'fetch', 'HOME': '/home/fetch', 'LC_PAPER': 'ko_KR.UTF-8', 'PATH': '/opt/ros/indigo/bin:/usr/local/sbin:/usr/local/bin:/usr/sbin:/usr/bin:/sbin:/bin:/usr/games:/usr/local/games', 'CMAKE_PREFIX_PATH': '/home/fetch/catkin_ws/devel:/opt/ros/indigo', 'ROS_LOG_FILENAME': '/home/fetch/.ros/log/0949a3b4-226e-11eb-b873-000babe55698/roslaunch-freight1207-3851.log', 'LANG': 'en_US.UTF-8', 'TERM': 'xterm-256color', 'SHELL': '/bin/bash', 'LC_MONETARY': 'ko_KR.UTF-8', 'QT_QPA_PLATFORMTHEME': 'appmenu-qt5', 'DISPLAY': 'localhost:10.0', '_VIRTUALENVWRAPPER_API': ' mkvirtualenv rmvirtualenv lsvirtualenv showvirtualenv workon add2virtualenv cdsitepackages cdvirtualenv lssitepackages toggleglobalsitepackages cpvirtualenv setvirtualenvproject mkproject cdproject mktmpenv mkvirtualenv rmvirtualenv lsvirtualenv showvirtualenv workon add2virtualenv cdsitepackages cdvirtualenv lssitepackages toggleglobalsitepackages cpvirtualenv setvirtualenvproject mkproject cdproject mktmpenv', 'XDG_RUNTIME_DIR': '/run/user/1000', 'LC_ADDRESS': 'ko_KR.UTF-8', 'PYTHONPATH': '/home/fetch/catkin_ws/devel/lib/python2.7/dist-packages:/opt/ros/indigo/lib/python2.7/dist-packages', 'ROS_ROOT': '/opt/ros/indigo/share/ros', 'PKG_CONFIG_PATH': '/home/fetch/catkin_ws/devel/lib/pkgconfig:/opt/ros/indigo/lib/pkgconfig', 'ROS_PACKAGE_PATH': '/home/fetch/catkin_ws/src:/opt/ros/indigo/share:/opt/ros/indigo/stacks', 'XDG_SESSION_ID': '1', '_': '/opt/ros/indigo/bin/roslaunch', 'LC_IDENTIFICATION': 'ko_KR.UTF-8', 'LD_LIBRARY_PATH': '/home/fetch/catkin_ws/devel/lib:/opt/ros/indigo/lib', 'LS_COLORS': 'rs=0:di=01;34:ln=01;36:mh=00:pi=40;33:so=01;35:do=01;35:bd=40;33;01:cd=40;33;01:or=40;31;01:su=37;41:sg=30;43:ca=30;41:tw=30;42:ow=34;42:st=37;44:ex=01;32:*.tar=01;31:*.tgz=01;31:*.arj=01;31:*.taz=01;31:*.lzh=01;31:*.lzma=01;31:*.tlz=01;31:*.txz=01;31:*.zip=01;31:*.z=01;31:*.Z=01;31:*.dz=01;31:*.gz=01;31:*.lz=01;31:*.xz=01;31:*.bz2=01;31:*.bz=01;31:*.tbz=01;31:*.tbz2=01;31:*.tz=01;31:*.deb=01;31:*.rpm=01;31:*.jar=01;31:*.war=01;31:*.ear=01;31:*.sar=01;31:*.rar=01;31:*.ace=01;31:*.zoo=01;31:*.cpio=01;31:*.7z=01;31:*.rz=01;31:*.jpg=01;35:*.jpeg=01;35:*.gif=01;35:*.bmp=01;35:*.pbm=01;35:*.pgm=01;35:*.ppm=01;35:*.tga=01;35:*.xbm=01;35:*.xpm=01;35:*.tif=01;35:*.tiff=01;35:*.png=01;35:*.svg=01;35:*.svgz=01;35:*.mng=01;35:*.pcx=01;35:*.mov=01;35:*.mpg=01;35:*.mpeg=01;35:*.m2v=01;35:*.mkv=01;35:*.webm=01;35:*.ogm=01;35:*.mp4=01;35:*.m4v=01;35:*.mp4v=01;35:*.vob=01;35:*.qt=01;35:*.nuv=01;35:*.wmv=01;35:*.asf=01;35:*.rm=01;35:*.rmvb=01;35:*.flc=01;35:*.avi=01;35:*.fli=01;35:*.flv=01;35:*.gl=01;35:*.dl=01;35:*.xcf=01;35:*.xwd=01;35:*.yuv=01;35:*.cgm=01;35:*.emf=01;35:*.axv=01;35:*.anx=01;35:*.ogv=01;35:*.ogx=01;35:*.aac=00;36:*.au=00;36:*.flac=00;36:*.mid=00;36:*.midi=00;36:*.mka=00;36:*.mp3=00;36:*.mpc=00;36:*.ogg=00;36:*.ra=00;36:*.wav=00;36:*.axa=00;36:*.oga=00;36:*.spx=00;36:*.xspf=00;36:', 'LESSCLOSE': '/usr/bin/lesspipe %s %s', 'SSH_TTY': '/dev/pts/2', 'OLDPWD': '/opt/ros/indigo/share/rqt', 'ROSLISP_PACKAGE_DIRECTORIES': '/home/fetch/catkin_ws/devel/share/common-lisp', 'LC_TELEPHONE': 'ko_KR.UTF-8', 'VIRTUALENVWRAPPER_SCRIPT': '/usr/share/virtualenvwrapper/virtualenvwrapper.sh', 'SHLVL': '1', 'PWD': '/opt/ros/indigo/share', 'ROS_ETC_DIR': '/opt/ros/indigo/etc/ros', 'ROS_MASTER_URI': 'http://localhost:11311', 'LC_NAME': 'ko_KR.UTF-8', 'MAIL': '/var/mail/fetch', 'LC_TIME': 'ko_KR.UTF-8', 'SSH_CONNECTION': '172.22.77.171 62709 172.22.77.172 22'}]
[roslaunch][INFO] 2020-11-09 02:42:22,374: process[map_server-1]: args[[u'/opt/ros/indigo/lib/map_server/map_server', '/home/fetch/final_map.yaml', u'__name:=map_server']]
[roslaunch][INFO] 2020-11-09 02:42:22,374: ... created process [map_server-1]
[roslaunch.pmon][INFO] 2020-11-09 02:42:22,374: ProcessMonitor.register[map_server-1]
[roslaunch.pmon][INFO] 2020-11-09 02:42:22,374: ProcessMonitor.register[map_server-1] complete
[roslaunch][INFO] 2020-11-09 02:42:22,374: ... registered process [map_server-1]
[roslaunch][INFO] 2020-11-09 02:42:22,374: process[map_server-1]: starting os process
[roslaunch][INFO] 2020-11-09 02:42:22,374: process[map_server-1]: start w/ args [[u'/opt/ros/indigo/lib/map_server/map_server', '/home/fetch/final_map.yaml', u'__name:=map_server', u'__log:=/home/fetch/.ros/log/0949a3b4-226e-11eb-b873-000babe55698/map_server-1.log']]
[roslaunch][INFO] 2020-11-09 02:42:22,374: process[map_server-1]: cwd will be [/home/fetch/.ros]
[roslaunch][INFO] 2020-11-09 02:42:22,377: process[map_server-1]: started with pid [3869]
[roslaunch][INFO] 2020-11-09 02:42:22,377: ... successfully launched [map_server-1]
[roslaunch][INFO] 2020-11-09 02:42:22,377: ... preparing to launch node of type [rviz/rviz]
[roslaunch][INFO] 2020-11-09 02:42:22,377: create_node_process: package[rviz] type[rviz] machine[Machine(name[] env_loader[None] address[localhost] ssh_port[22] user[None] assignable[True] timeout[10.0])] master_uri[http://localhost:11311]
[roslaunch][INFO] 2020-11-09 02:42:22,377: process[rviz-2]: env[{'LC_NUMERIC': 'ko_KR.UTF-8', 'ROS_DISTRO': 'indigo', 'LC_MEASUREMENT': 'ko_KR.UTF-8', 'LESSOPEN': '| /usr/bin/lesspipe %s', 'SSH_CLIENT': '172.22.77.171 62709 22', 'CPATH': '/home/fetch/catkin_ws/devel/include:/opt/ros/indigo/include', 'LOGNAME': 'fetch', 'USER': 'fetch', 'HOME': '/home/fetch', 'LC_PAPER': 'ko_KR.UTF-8', 'PATH': '/opt/ros/indigo/bin:/usr/local/sbin:/usr/local/bin:/usr/sbin:/usr/bin:/sbin:/bin:/usr/games:/usr/local/games', 'CMAKE_PREFIX_PATH': '/home/fetch/catkin_ws/devel:/opt/ros/indigo', 'ROS_LOG_FILENAME': '/home/fetch/.ros/log/0949a3b4-226e-11eb-b873-000babe55698/roslaunch-freight1207-3851.log', 'LANG': 'en_US.UTF-8', 'TERM': 'xterm-256color', 'SHELL': '/bin/bash', 'LC_MONETARY': 'ko_KR.UTF-8', 'QT_QPA_PLATFORMTHEME': 'appmenu-qt5', 'DISPLAY': 'localhost:10.0', '_VIRTUALENVWRAPPER_API': ' mkvirtualenv rmvirtualenv lsvirtualenv showvirtualenv workon add2virtualenv cdsitepackages cdvirtualenv lssitepackages toggleglobalsitepackages cpvirtualenv setvirtualenvproject mkproject cdproject mktmpenv mkvirtualenv rmvirtualenv lsvirtualenv showvirtualenv workon add2virtualenv cdsitepackages cdvirtualenv lssitepackages toggleglobalsitepackages cpvirtualenv setvirtualenvproject mkproject cdproject mktmpenv', 'XDG_RUNTIME_DIR': '/run/user/1000', 'LC_ADDRESS': 'ko_KR.UTF-8', 'PYTHONPATH': '/home/fetch/catkin_ws/devel/lib/python2.7/dist-packages:/opt/ros/indigo/lib/python2.7/dist-packages', 'ROS_ROOT': '/opt/ros/indigo/share/ros', 'PKG_CONFIG_PATH': '/home/fetch/catkin_ws/devel/lib/pkgconfig:/opt/ros/indigo/lib/pkgconfig', 'ROS_PACKAGE_PATH': '/home/fetch/catkin_ws/src:/opt/ros/indigo/share:/opt/ros/indigo/stacks', 'XDG_SESSION_ID': '1', '_': '/opt/ros/indigo/bin/roslaunch', 'LC_IDENTIFICATION': 'ko_KR.UTF-8', 'LD_LIBRARY_PATH': '/home/fetch/catkin_ws/devel/lib:/opt/ros/indigo/lib', 'LS_COLORS': 'rs=0:di=01;34:ln=01;36:mh=00:pi=40;33:so=01;35:do=01;35:bd=40;33;01:cd=40;33;01:or=40;31;01:su=37;41:sg=30;43:ca=30;41:tw=30;42:ow=34;42:st=37;44:ex=01;32:*.tar=01;31:*.tgz=01;31:*.arj=01;31:*.taz=01;31:*.lzh=01;31:*.lzma=01;31:*.tlz=01;31:*.txz=01;31:*.zip=01;31:*.z=01;31:*.Z=01;31:*.dz=01;31:*.gz=01;31:*.lz=01;31:*.xz=01;31:*.bz2=01;31:*.bz=01;31:*.tbz=01;31:*.tbz2=01;31:*.tz=01;31:*.deb=01;31:*.rpm=01;31:*.jar=01;31:*.war=01;31:*.ear=01;31:*.sar=01;31:*.rar=01;31:*.ace=01;31:*.zoo=01;31:*.cpio=01;31:*.7z=01;31:*.rz=01;31:*.jpg=01;35:*.jpeg=01;35:*.gif=01;35:*.bmp=01;35:*.pbm=01;35:*.pgm=01;35:*.ppm=01;35:*.tga=01;35:*.xbm=01;35:*.xpm=01;35:*.tif=01;35:*.tiff=01;35:*.png=01;35:*.svg=01;35:*.svgz=01;35:*.mng=01;35:*.pcx=01;35:*.mov=01;35:*.mpg=01;35:*.mpeg=01;35:*.m2v=01;35:*.mkv=01;35:*.webm=01;35:*.ogm=01;35:*.mp4=01;35:*.m4v=01;35:*.mp4v=01;35:*.vob=01;35:*.qt=01;35:*.nuv=01;35:*.wmv=01;35:*.asf=01;35:*.rm=01;35:*.rmvb=01;35:*.flc=01;35:*.avi=01;35:*.fli=01;35:*.flv=01;35:*.gl=01;35:*.dl=01;35:*.xcf=01;35:*.xwd=01;35:*.yuv=01;35:*.cgm=01;35:*.emf=01;35:*.axv=01;35:*.anx=01;35:*.ogv=01;35:*.ogx=01;35:*.aac=00;36:*.au=00;36:*.flac=00;36:*.mid=00;36:*.midi=00;36:*.mka=00;36:*.mp3=00;36:*.mpc=00;36:*.ogg=00;36:*.ra=00;36:*.wav=00;36:*.axa=00;36:*.oga=00;36:*.spx=00;36:*.xspf=00;36:', 'LESSCLOSE': '/usr/bin/lesspipe %s %s', 'SSH_TTY': '/dev/pts/2', 'OLDPWD': '/opt/ros/indigo/share/rqt', 'ROSLISP_PACKAGE_DIRECTORIES': '/home/fetch/catkin_ws/devel/share/common-lisp', 'LC_TELEPHONE': 'ko_KR.UTF-8', 'VIRTUALENVWRAPPER_SCRIPT': '/usr/share/virtualenvwrapper/virtualenvwrapper.sh', 'SHLVL': '1', 'PWD': '/opt/ros/indigo/share', 'ROS_ETC_DIR': '/opt/ros/indigo/etc/ros', 'ROS_MASTER_URI': 'http://localhost:11311', 'LC_NAME': 'ko_KR.UTF-8', 'MAIL': '/var/mail/fetch', 'LC_TIME': 'ko_KR.UTF-8', 'SSH_CONNECTION': '172.22.77.171 62709 172.22.77.172 22'}]
[roslaunch][INFO] 2020-11-09 02:42:22,381: process[rviz-2]: args[[u'/opt/ros/indigo/lib/rviz/rviz', '/opt/ros/indigo/share/fetch_navigation/config/navigation.rviz', u'__name:=rviz']]
[roslaunch][INFO] 2020-11-09 02:42:22,382: ... created process [rviz-2]
[roslaunch.pmon][INFO] 2020-11-09 02:42:22,382: ProcessMonitor.register[rviz-2]
[roslaunch.pmon][INFO] 2020-11-09 02:42:22,382: ProcessMonitor.register[rviz-2] complete
[roslaunch][INFO] 2020-11-09 02:42:22,382: ... registered process [rviz-2]
[roslaunch][INFO] 2020-11-09 02:42:22,382: process[rviz-2]: starting os process
[roslaunch][INFO] 2020-11-09 02:42:22,382: process[rviz-2]: start w/ args [[u'/opt/ros/indigo/lib/rviz/rviz', '/opt/ros/indigo/share/fetch_navigation/config/navigation.rviz', u'__name:=rviz', u'__log:=/home/fetch/.ros/log/0949a3b4-226e-11eb-b873-000babe55698/rviz-2.log']]
[roslaunch][INFO] 2020-11-09 02:42:22,382: process[rviz-2]: cwd will be [/home/fetch/.ros]
[roslaunch][INFO] 2020-11-09 02:42:22,383: process[rviz-2]: started with pid [3870]
[roslaunch][INFO] 2020-11-09 02:42:22,384: ... successfully launched [rviz-2]
[roslaunch][INFO] 2020-11-09 02:42:22,384: ... preparing to launch node of type [amcl/amcl]
[roslaunch][INFO] 2020-11-09 02:42:22,384: create_node_process: package[amcl] type[amcl] machine[Machine(name[] env_loader[None] address[localhost] ssh_port[22] user[None] assignable[True] timeout[10.0])] master_uri[http://localhost:11311]
[roslaunch][INFO] 2020-11-09 02:42:22,384: process[amcl-3]: env[{'LC_NUMERIC': 'ko_KR.UTF-8', 'ROS_DISTRO': 'indigo', 'LC_MEASUREMENT': 'ko_KR.UTF-8', 'LESSOPEN': '| /usr/bin/lesspipe %s', 'SSH_CLIENT': '172.22.77.171 62709 22', 'CPATH': '/home/fetch/catkin_ws/devel/include:/opt/ros/indigo/include', 'LOGNAME': 'fetch', 'USER': 'fetch', 'HOME': '/home/fetch', 'LC_PAPER': 'ko_KR.UTF-8', 'PATH': '/opt/ros/indigo/bin:/usr/local/sbin:/usr/local/bin:/usr/sbin:/usr/bin:/sbin:/bin:/usr/games:/usr/local/games', 'CMAKE_PREFIX_PATH': '/home/fetch/catkin_ws/devel:/opt/ros/indigo', 'ROS_LOG_FILENAME': '/home/fetch/.ros/log/0949a3b4-226e-11eb-b873-000babe55698/roslaunch-freight1207-3851.log', 'LANG': 'en_US.UTF-8', 'TERM': 'xterm-256color', 'SHELL': '/bin/bash', 'LC_MONETARY': 'ko_KR.UTF-8', 'QT_QPA_PLATFORMTHEME': 'appmenu-qt5', 'DISPLAY': 'localhost:10.0', '_VIRTUALENVWRAPPER_API': ' mkvirtualenv rmvirtualenv lsvirtualenv showvirtualenv workon add2virtualenv cdsitepackages cdvirtualenv lssitepackages toggleglobalsitepackages cpvirtualenv setvirtualenvproject mkproject cdproject mktmpenv mkvirtualenv rmvirtualenv lsvirtualenv showvirtualenv workon add2virtualenv cdsitepackages cdvirtualenv lssitepackages toggleglobalsitepackages cpvirtualenv setvirtualenvproject mkproject cdproject mktmpenv', 'XDG_RUNTIME_DIR': '/run/user/1000', 'LC_ADDRESS': 'ko_KR.UTF-8', 'PYTHONPATH': '/home/fetch/catkin_ws/devel/lib/python2.7/dist-packages:/opt/ros/indigo/lib/python2.7/dist-packages', 'ROS_ROOT': '/opt/ros/indigo/share/ros', 'PKG_CONFIG_PATH': '/home/fetch/catkin_ws/devel/lib/pkgconfig:/opt/ros/indigo/lib/pkgconfig', 'ROS_PACKAGE_PATH': '/home/fetch/catkin_ws/src:/opt/ros/indigo/share:/opt/ros/indigo/stacks', 'XDG_SESSION_ID': '1', '_': '/opt/ros/indigo/bin/roslaunch', 'LC_IDENTIFICATION': 'ko_KR.UTF-8', 'LD_LIBRARY_PATH': '/home/fetch/catkin_ws/devel/lib:/opt/ros/indigo/lib', 'LS_COLORS': 'rs=0:di=01;34:ln=01;36:mh=00:pi=40;33:so=01;35:do=01;35:bd=40;33;01:cd=40;33;01:or=40;31;01:su=37;41:sg=30;43:ca=30;41:tw=30;42:ow=34;42:st=37;44:ex=01;32:*.tar=01;31:*.tgz=01;31:*.arj=01;31:*.taz=01;31:*.lzh=01;31:*.lzma=01;31:*.tlz=01;31:*.txz=01;31:*.zip=01;31:*.z=01;31:*.Z=01;31:*.dz=01;31:*.gz=01;31:*.lz=01;31:*.xz=01;31:*.bz2=01;31:*.bz=01;31:*.tbz=01;31:*.tbz2=01;31:*.tz=01;31:*.deb=01;31:*.rpm=01;31:*.jar=01;31:*.war=01;31:*.ear=01;31:*.sar=01;31:*.rar=01;31:*.ace=01;31:*.zoo=01;31:*.cpio=01;31:*.7z=01;31:*.rz=01;31:*.jpg=01;35:*.jpeg=01;35:*.gif=01;35:*.bmp=01;35:*.pbm=01;35:*.pgm=01;35:*.ppm=01;35:*.tga=01;35:*.xbm=01;35:*.xpm=01;35:*.tif=01;35:*.tiff=01;35:*.png=01;35:*.svg=01;35:*.svgz=01;35:*.mng=01;35:*.pcx=01;35:*.mov=01;35:*.mpg=01;35:*.mpeg=01;35:*.m2v=01;35:*.mkv=01;35:*.webm=01;35:*.ogm=01;35:*.mp4=01;35:*.m4v=01;35:*.mp4v=01;35:*.vob=01;35:*.qt=01;35:*.nuv=01;35:*.wmv=01;35:*.asf=01;35:*.rm=01;35:*.rmvb=01;35:*.flc=01;35:*.avi=01;35:*.fli=01;35:*.flv=01;35:*.gl=01;35:*.dl=01;35:*.xcf=01;35:*.xwd=01;35:*.yuv=01;35:*.cgm=01;35:*.emf=01;35:*.axv=01;35:*.anx=01;35:*.ogv=01;35:*.ogx=01;35:*.aac=00;36:*.au=00;36:*.flac=00;36:*.mid=00;36:*.midi=00;36:*.mka=00;36:*.mp3=00;36:*.mpc=00;36:*.ogg=00;36:*.ra=00;36:*.wav=00;36:*.axa=00;36:*.oga=00;36:*.spx=00;36:*.xspf=00;36:', 'LESSCLOSE': '/usr/bin/lesspipe %s %s', 'SSH_TTY': '/dev/pts/2', 'OLDPWD': '/opt/ros/indigo/share/rqt', 'ROSLISP_PACKAGE_DIRECTORIES': '/home/fetch/catkin_ws/devel/share/common-lisp', 'LC_TELEPHONE': 'ko_KR.UTF-8', 'VIRTUALENVWRAPPER_SCRIPT': '/usr/share/virtualenvwrapper/virtualenvwrapper.sh', 'SHLVL': '1', 'PWD': '/opt/ros/indigo/share', 'ROS_ETC_DIR': '/opt/ros/indigo/etc/ros', 'ROS_MASTER_URI': 'http://localhost:11311', 'LC_NAME': 'ko_KR.UTF-8', 'MAIL': '/var/mail/fetch', 'LC_TIME': 'ko_KR.UTF-8', 'SSH_CONNECTION': '172.22.77.171 62709 172.22.77.172 22'}]
[roslaunch][INFO] 2020-11-09 02:42:22,386: process[amcl-3]: args[[u'/opt/ros/indigo/lib/amcl/amcl', u'scan:=base_scan', u'map:=map', u'__name:=amcl']]
[roslaunch][INFO] 2020-11-09 02:42:22,386: ... created process [amcl-3]
[roslaunch.pmon][INFO] 2020-11-09 02:42:22,386: ProcessMonitor.register[amcl-3]
[roslaunch.pmon][INFO] 2020-11-09 02:42:22,386: ProcessMonitor.register[amcl-3] complete
[roslaunch][INFO] 2020-11-09 02:42:22,386: ... registered process [amcl-3]
[roslaunch][INFO] 2020-11-09 02:42:22,386: process[amcl-3]: starting os process
[roslaunch][INFO] 2020-11-09 02:42:22,386: process[amcl-3]: start w/ args [[u'/opt/ros/indigo/lib/amcl/amcl', u'scan:=base_scan', u'map:=map', u'__name:=amcl', u'__log:=/home/fetch/.ros/log/0949a3b4-226e-11eb-b873-000babe55698/amcl-3.log']]
[roslaunch][INFO] 2020-11-09 02:42:22,386: process[amcl-3]: cwd will be [/home/fetch/.ros]
[roslaunch][INFO] 2020-11-09 02:42:22,388: process[amcl-3]: started with pid [3871]
[roslaunch][INFO] 2020-11-09 02:42:22,388: ... successfully launched [amcl-3]
[roslaunch][INFO] 2020-11-09 02:42:22,388: ... preparing to launch node of type [move_base/move_base]
[roslaunch][INFO] 2020-11-09 02:42:22,388: create_node_process: package[move_base] type[move_base] machine[Machine(name[] env_loader[None] address[localhost] ssh_port[22] user[None] assignable[True] timeout[10.0])] master_uri[http://localhost:11311]
[roslaunch][INFO] 2020-11-09 02:42:22,388: process[move_base-4]: env[{'LC_NUMERIC': 'ko_KR.UTF-8', 'ROS_DISTRO': 'indigo', 'LC_MEASUREMENT': 'ko_KR.UTF-8', 'LESSOPEN': '| /usr/bin/lesspipe %s', 'SSH_CLIENT': '172.22.77.171 62709 22', 'CPATH': '/home/fetch/catkin_ws/devel/include:/opt/ros/indigo/include', 'LOGNAME': 'fetch', 'USER': 'fetch', 'HOME': '/home/fetch', 'LC_PAPER': 'ko_KR.UTF-8', 'PATH': '/opt/ros/indigo/bin:/usr/local/sbin:/usr/local/bin:/usr/sbin:/usr/bin:/sbin:/bin:/usr/games:/usr/local/games', 'CMAKE_PREFIX_PATH': '/home/fetch/catkin_ws/devel:/opt/ros/indigo', 'ROS_LOG_FILENAME': '/home/fetch/.ros/log/0949a3b4-226e-11eb-b873-000babe55698/roslaunch-freight1207-3851.log', 'LANG': 'en_US.UTF-8', 'TERM': 'xterm-256color', 'SHELL': '/bin/bash', 'LC_MONETARY': 'ko_KR.UTF-8', 'QT_QPA_PLATFORMTHEME': 'appmenu-qt5', 'DISPLAY': 'localhost:10.0', '_VIRTUALENVWRAPPER_API': ' mkvirtualenv rmvirtualenv lsvirtualenv showvirtualenv workon add2virtualenv cdsitepackages cdvirtualenv lssitepackages toggleglobalsitepackages cpvirtualenv setvirtualenvproject mkproject cdproject mktmpenv mkvirtualenv rmvirtualenv lsvirtualenv showvirtualenv workon add2virtualenv cdsitepackages cdvirtualenv lssitepackages toggleglobalsitepackages cpvirtualenv setvirtualenvproject mkproject cdproject mktmpenv', 'XDG_RUNTIME_DIR': '/run/user/1000', 'LC_ADDRESS': 'ko_KR.UTF-8', 'PYTHONPATH': '/home/fetch/catkin_ws/devel/lib/python2.7/dist-packages:/opt/ros/indigo/lib/python2.7/dist-packages', 'ROS_ROOT': '/opt/ros/indigo/share/ros', 'PKG_CONFIG_PATH': '/home/fetch/catkin_ws/devel/lib/pkgconfig:/opt/ros/indigo/lib/pkgconfig', 'ROS_PACKAGE_PATH': '/home/fetch/catkin_ws/src:/opt/ros/indigo/share:/opt/ros/indigo/stacks', 'XDG_SESSION_ID': '1', '_': '/opt/ros/indigo/bin/roslaunch', 'LC_IDENTIFICATION': 'ko_KR.UTF-8', 'LD_LIBRARY_PATH': '/home/fetch/catkin_ws/devel/lib:/opt/ros/indigo/lib', 'LS_COLORS': 'rs=0:di=01;34:ln=01;36:mh=00:pi=40;33:so=01;35:do=01;35:bd=40;33;01:cd=40;33;01:or=40;31;01:su=37;41:sg=30;43:ca=30;41:tw=30;42:ow=34;42:st=37;44:ex=01;32:*.tar=01;31:*.tgz=01;31:*.arj=01;31:*.taz=01;31:*.lzh=01;31:*.lzma=01;31:*.tlz=01;31:*.txz=01;31:*.zip=01;31:*.z=01;31:*.Z=01;31:*.dz=01;31:*.gz=01;31:*.lz=01;31:*.xz=01;31:*.bz2=01;31:*.bz=01;31:*.tbz=01;31:*.tbz2=01;31:*.tz=01;31:*.deb=01;31:*.rpm=01;31:*.jar=01;31:*.war=01;31:*.ear=01;31:*.sar=01;31:*.rar=01;31:*.ace=01;31:*.zoo=01;31:*.cpio=01;31:*.7z=01;31:*.rz=01;31:*.jpg=01;35:*.jpeg=01;35:*.gif=01;35:*.bmp=01;35:*.pbm=01;35:*.pgm=01;35:*.ppm=01;35:*.tga=01;35:*.xbm=01;35:*.xpm=01;35:*.tif=01;35:*.tiff=01;35:*.png=01;35:*.svg=01;35:*.svgz=01;35:*.mng=01;35:*.pcx=01;35:*.mov=01;35:*.mpg=01;35:*.mpeg=01;35:*.m2v=01;35:*.mkv=01;35:*.webm=01;35:*.ogm=01;35:*.mp4=01;35:*.m4v=01;35:*.mp4v=01;35:*.vob=01;35:*.qt=01;35:*.nuv=01;35:*.wmv=01;35:*.asf=01;35:*.rm=01;35:*.rmvb=01;35:*.flc=01;35:*.avi=01;35:*.fli=01;35:*.flv=01;35:*.gl=01;35:*.dl=01;35:*.xcf=01;35:*.xwd=01;35:*.yuv=01;35:*.cgm=01;35:*.emf=01;35:*.axv=01;35:*.anx=01;35:*.ogv=01;35:*.ogx=01;35:*.aac=00;36:*.au=00;36:*.flac=00;36:*.mid=00;36:*.midi=00;36:*.mka=00;36:*.mp3=00;36:*.mpc=00;36:*.ogg=00;36:*.ra=00;36:*.wav=00;36:*.axa=00;36:*.oga=00;36:*.spx=00;36:*.xspf=00;36:', 'LESSCLOSE': '/usr/bin/lesspipe %s %s', 'SSH_TTY': '/dev/pts/2', 'OLDPWD': '/opt/ros/indigo/share/rqt', 'ROSLISP_PACKAGE_DIRECTORIES': '/home/fetch/catkin_ws/devel/share/common-lisp', 'LC_TELEPHONE': 'ko_KR.UTF-8', 'VIRTUALENVWRAPPER_SCRIPT': '/usr/share/virtualenvwrapper/virtualenvwrapper.sh', 'SHLVL': '1', 'PWD': '/opt/ros/indigo/share', 'ROS_ETC_DIR': '/opt/ros/indigo/etc/ros', 'ROS_MASTER_URI': 'http://localhost:11311', 'LC_NAME': 'ko_KR.UTF-8', 'MAIL': '/var/mail/fetch', 'LC_TIME': 'ko_KR.UTF-8', 'SSH_CONNECTION': '172.22.77.171 62709 172.22.77.172 22'}]
[roslaunch][INFO] 2020-11-09 02:42:22,389: process[move_base-4]: args[[u'/opt/ros/indigo/lib/move_base/move_base', u'cmd_vel:=cmd_vel', u'odom:=odom', u'map:=map', u'__name:=move_base']]
[roslaunch][INFO] 2020-11-09 02:42:22,390: ... created process [move_base-4]
[roslaunch.pmon][INFO] 2020-11-09 02:42:22,390: ProcessMonitor.register[move_base-4]
[roslaunch.pmon][INFO] 2020-11-09 02:42:22,390: ProcessMonitor.register[move_base-4] complete
[roslaunch][INFO] 2020-11-09 02:42:22,390: ... registered process [move_base-4]
[roslaunch][INFO] 2020-11-09 02:42:22,390: process[move_base-4]: starting os process
[roslaunch][INFO] 2020-11-09 02:42:22,390: process[move_base-4]: start w/ args [[u'/opt/ros/indigo/lib/move_base/move_base', u'cmd_vel:=cmd_vel', u'odom:=odom', u'map:=map', u'__name:=move_base', u'__log:=/home/fetch/.ros/log/0949a3b4-226e-11eb-b873-000babe55698/move_base-4.log']]
[roslaunch][INFO] 2020-11-09 02:42:22,390: process[move_base-4]: cwd will be [/home/fetch/.ros]
[roslaunch][INFO] 2020-11-09 02:42:22,392: process[move_base-4]: started with pid [3872]
[roslaunch][INFO] 2020-11-09 02:42:22,392: ... successfully launched [move_base-4]
[roslaunch][INFO] 2020-11-09 02:42:22,392: ... launch_nodes complete
[roslaunch.pmon][INFO] 2020-11-09 02:42:22,392: registrations completed <ProcessMonitor(ProcessMonitor-1, started daemon 140435351160576)>
[roslaunch.parent][INFO] 2020-11-09 02:42:22,392: ... roslaunch parent running, waiting for process exit
[roslaunch][INFO] 2020-11-09 02:42:22,392: spin
[roslaunch][ERROR] 2020-11-09 02:42:22,400: [map_server-1] process has died [pid 3869, exit code -6, cmd /opt/ros/indigo/lib/map_server/map_server /home/fetch/final_map.yaml __name:=map_server __log:=/home/fetch/.ros/log/0949a3b4-226e-11eb-b873-000babe55698/map_server-1.log].
log file: /home/fetch/.ros/log/0949a3b4-226e-11eb-b873-000babe55698/map_server-1*.log
[roslaunch.pmon][INFO] 2020-11-09 02:42:22,400: ProcessMonitor.unregister[map_server-1] starting
[roslaunch.pmon][INFO] 2020-11-09 02:42:22,400: ProcessMonitor.unregister[map_server-1] complete
[roslaunch][ERROR] 2020-11-09 02:42:22,500: [amcl-3] process has died [pid 3871, exit code -6, cmd /opt/ros/indigo/lib/amcl/amcl scan:=base_scan map:=map __name:=amcl __log:=/home/fetch/.ros/log/0949a3b4-226e-11eb-b873-000babe55698/amcl-3.log].
log file: /home/fetch/.ros/log/0949a3b4-226e-11eb-b873-000babe55698/amcl-3*.log
[roslaunch][ERROR] 2020-11-09 02:42:22,501: [move_base-4] process has died [pid 3872, exit code -6, cmd /opt/ros/indigo/lib/move_base/move_base cmd_vel:=cmd_vel odom:=odom map:=map __name:=move_base __log:=/home/fetch/.ros/log/0949a3b4-226e-11eb-b873-000babe55698/move_base-4.log].
log file: /home/fetch/.ros/log/0949a3b4-226e-11eb-b873-000babe55698/move_base-4*.log
[roslaunch.pmon][INFO] 2020-11-09 02:42:22,501: ProcessMonitor.unregister[amcl-3] starting
[roslaunch.pmon][INFO] 2020-11-09 02:42:22,501: ProcessMonitor.unregister[amcl-3] complete
[roslaunch][INFO] 2020-11-09 02:42:22,501: [move_base-4] restarting process
[roslaunch][INFO] 2020-11-09 02:42:22,501: process[move_base-4]: restarting os process
[roslaunch][INFO] 2020-11-09 02:42:22,501: process[move_base-4]: start w/ args [[u'/opt/ros/indigo/lib/move_base/move_base', u'cmd_vel:=cmd_vel', u'odom:=odom', u'map:=map', u'__name:=move_base', u'__log:=/home/fetch/.ros/log/0949a3b4-226e-11eb-b873-000babe55698/move_base-4.log']]
[roslaunch][INFO] 2020-11-09 02:42:22,501: process[move_base-4]: cwd will be [/home/fetch/.ros]
[roslaunch][INFO] 2020-11-09 02:42:22,503: process[move_base-4]: started with pid [3873]
[roslaunch][ERROR] 2020-11-09 02:42:22,603: [move_base-4] process has died [pid 3873, exit code -6, cmd /opt/ros/indigo/lib/move_base/move_base cmd_vel:=cmd_vel odom:=odom map:=map __name:=move_base __log:=/home/fetch/.ros/log/0949a3b4-226e-11eb-b873-000babe55698/move_base-4.log].
log file: /home/fetch/.ros/log/0949a3b4-226e-11eb-b873-000babe55698/move_base-4*.log
[roslaunch][INFO] 2020-11-09 02:42:22,603: [move_base-4] restarting process
[roslaunch][INFO] 2020-11-09 02:42:22,603: process[move_base-4]: restarting os process
[roslaunch][INFO] 2020-11-09 02:42:22,603: process[move_base-4]: start w/ args [[u'/opt/ros/indigo/lib/move_base/move_base', u'cmd_vel:=cmd_vel', u'odom:=odom', u'map:=map', u'__name:=move_base', u'__log:=/home/fetch/.ros/log/0949a3b4-226e-11eb-b873-000babe55698/move_base-4.log']]
[roslaunch][INFO] 2020-11-09 02:42:22,603: process[move_base-4]: cwd will be [/home/fetch/.ros]
[roslaunch][INFO] 2020-11-09 02:42:22,605: process[move_base-4]: started with pid [3874]
[roslaunch][ERROR] 2020-11-09 02:42:22,705: [rviz-2] process has died [pid 3870, exit code -6, cmd /opt/ros/indigo/lib/rviz/rviz /opt/ros/indigo/share/fetch_navigation/config/navigation.rviz __name:=rviz __log:=/home/fetch/.ros/log/0949a3b4-226e-11eb-b873-000babe55698/rviz-2.log].
log file: /home/fetch/.ros/log/0949a3b4-226e-11eb-b873-000babe55698/rviz-2*.log
[roslaunch][ERROR] 2020-11-09 02:42:22,706: [move_base-4] process has died [pid 3874, exit code -6, cmd /opt/ros/indigo/lib/move_base/move_base cmd_vel:=cmd_vel odom:=odom map:=map __name:=move_base __log:=/home/fetch/.ros/log/0949a3b4-226e-11eb-b873-000babe55698/move_base-4.log].
log file: /home/fetch/.ros/log/0949a3b4-226e-11eb-b873-000babe55698/move_base-4*.log
[roslaunch.pmon][INFO] 2020-11-09 02:42:22,706: ProcessMonitor.unregister[rviz-2] starting
[roslaunch.pmon][INFO] 2020-11-09 02:42:22,706: ProcessMonitor.unregister[rviz-2] complete
[roslaunch][INFO] 2020-11-09 02:42:22,706: [move_base-4] restarting process
[roslaunch][INFO] 2020-11-09 02:42:22,706: process[move_base-4]: restarting os process
[roslaunch][INFO] 2020-11-09 02:42:22,706: process[move_base-4]: start w/ args [[u'/opt/ros/indigo/lib/move_base/move_base', u'cmd_vel:=cmd_vel', u'odom:=odom', u'map:=map', u'__name:=move_base', u'__log:=/home/fetch/.ros/log/0949a3b4-226e-11eb-b873-000babe55698/move_base-4.log']]
[roslaunch][INFO] 2020-11-09 02:42:22,706: process[move_base-4]: cwd will be [/home/fetch/.ros]
[roslaunch][INFO] 2020-11-09 02:42:22,708: process[move_base-4]: started with pid [3875]
[roslaunch][ERROR] 2020-11-09 02:42:22,808: [move_base-4] process has died [pid 3875, exit code -6, cmd /opt/ros/indigo/lib/move_base/move_base cmd_vel:=cmd_vel odom:=odom map:=map __name:=move_base __log:=/home/fetch/.ros/log/0949a3b4-226e-11eb-b873-000babe55698/move_base-4.log].
log file: /home/fetch/.ros/log/0949a3b4-226e-11eb-b873-000babe55698/move_base-4*.log
[roslaunch][INFO] 2020-11-09 02:42:22,808: [move_base-4] restarting process
[roslaunch][INFO] 2020-11-09 02:42:22,808: process[move_base-4]: restarting os process
[roslaunch][INFO] 2020-11-09 02:42:22,808: process[move_base-4]: start w/ args [[u'/opt/ros/indigo/lib/move_base/move_base', u'cmd_vel:=cmd_vel', u'odom:=odom', u'map:=map', u'__name:=move_base', u'__log:=/home/fetch/.ros/log/0949a3b4-226e-11eb-b873-000babe55698/move_base-4.log']]
[roslaunch][INFO] 2020-11-09 02:42:22,809: process[move_base-4]: cwd will be [/home/fetch/.ros]
[roslaunch][INFO] 2020-11-09 02:42:22,810: process[move_base-4]: started with pid [3876]
[roslaunch][ERROR] 2020-11-09 02:42:22,911: [move_base-4] process has died [pid 3876, exit code -6, cmd /opt/ros/indigo/lib/move_base/move_base cmd_vel:=cmd_vel odom:=odom map:=map __name:=move_base __log:=/home/fetch/.ros/log/0949a3b4-226e-11eb-b873-000babe55698/move_base-4.log].
log file: /home/fetch/.ros/log/0949a3b4-226e-11eb-b873-000babe55698/move_base-4*.log
[roslaunch][INFO] 2020-11-09 02:42:22,911: [move_base-4] restarting process
[roslaunch][INFO] 2020-11-09 02:42:22,911: process[move_base-4]: restarting os process
[roslaunch][INFO] 2020-11-09 02:42:22,911: process[move_base-4]: start w/ args [[u'/opt/ros/indigo/lib/move_base/move_base', u'cmd_vel:=cmd_vel', u'odom:=odom', u'map:=map', u'__name:=move_base', u'__log:=/home/fetch/.ros/log/0949a3b4-226e-11eb-b873-000babe55698/move_base-4.log']]
[roslaunch][INFO] 2020-11-09 02:42:22,911: process[move_base-4]: cwd will be [/home/fetch/.ros]
[roslaunch][INFO] 2020-11-09 02:42:22,913: process[move_base-4]: started with pid [3877]
[roslaunch][ERROR] 2020-11-09 02:42:23,013: [move_base-4] process has died [pid 3877, exit code -6, cmd /opt/ros/indigo/lib/move_base/move_base cmd_vel:=cmd_vel odom:=odom map:=map __name:=move_base __log:=/home/fetch/.ros/log/0949a3b4-226e-11eb-b873-000babe55698/move_base-4.log].
log file: /home/fetch/.ros/log/0949a3b4-226e-11eb-b873-000babe55698/move_base-4*.log
[roslaunch][INFO] 2020-11-09 02:42:23,013: [move_base-4] restarting process
[roslaunch][INFO] 2020-11-09 02:42:23,013: process[move_base-4]: restarting os process
[roslaunch][INFO] 2020-11-09 02:42:23,013: process[move_base-4]: start w/ args [[u'/opt/ros/indigo/lib/move_base/move_base', u'cmd_vel:=cmd_vel', u'odom:=odom', u'map:=map', u'__name:=move_base', u'__log:=/home/fetch/.ros/log/0949a3b4-226e-11eb-b873-000babe55698/move_base-4.log']]
[roslaunch][INFO] 2020-11-09 02:42:23,013: process[move_base-4]: cwd will be [/home/fetch/.ros]
[roslaunch][INFO] 2020-11-09 02:42:23,015: process[move_base-4]: started with pid [3878]
[roslaunch][ERROR] 2020-11-09 02:42:23,115: [move_base-4] process has died [pid 3878, exit code -6, cmd /opt/ros/indigo/lib/move_base/move_base cmd_vel:=cmd_vel odom:=odom map:=map __name:=move_base __log:=/home/fetch/.ros/log/0949a3b4-226e-11eb-b873-000babe55698/move_base-4.log].
log file: /home/fetch/.ros/log/0949a3b4-226e-11eb-b873-000babe55698/move_base-4*.log
[roslaunch][INFO] 2020-11-09 02:42:23,116: [move_base-4] restarting process
[roslaunch][INFO] 2020-11-09 02:42:23,116: process[move_base-4]: restarting os process
[roslaunch][INFO] 2020-11-09 02:42:23,116: process[move_base-4]: start w/ args [[u'/opt/ros/indigo/lib/move_base/move_base', u'cmd_vel:=cmd_vel', u'odom:=odom', u'map:=map', u'__name:=move_base', u'__log:=/home/fetch/.ros/log/0949a3b4-226e-11eb-b873-000babe55698/move_base-4.log']]
[roslaunch][INFO] 2020-11-09 02:42:23,116: process[move_base-4]: cwd will be [/home/fetch/.ros]
[roslaunch][INFO] 2020-11-09 02:42:23,117: process[move_base-4]: started with pid [3879]
[roslaunch][ERROR] 2020-11-09 02:42:23,218: [move_base-4] process has died [pid 3879, exit code -6, cmd /opt/ros/indigo/lib/move_base/move_base cmd_vel:=cmd_vel odom:=odom map:=map __name:=move_base __log:=/home/fetch/.ros/log/0949a3b4-226e-11eb-b873-000babe55698/move_base-4.log].
log file: /home/fetch/.ros/log/0949a3b4-226e-11eb-b873-000babe55698/move_base-4*.log
[roslaunch][INFO] 2020-11-09 02:42:23,218: [move_base-4] restarting process
[roslaunch][INFO] 2020-11-09 02:42:23,218: process[move_base-4]: restarting os process
[roslaunch][INFO] 2020-11-09 02:42:23,218: process[move_base-4]: start w/ args [[u'/opt/ros/indigo/lib/move_base/move_base', u'cmd_vel:=cmd_vel', u'odom:=odom', u'map:=map', u'__name:=move_base', u'__log:=/home/fetch/.ros/log/0949a3b4-226e-11eb-b873-000babe55698/move_base-4.log']]
[roslaunch][INFO] 2020-11-09 02:42:23,218: process[move_base-4]: cwd will be [/home/fetch/.ros]
[roslaunch][INFO] 2020-11-09 02:42:23,220: process[move_base-4]: started with pid [3880]
[roslaunch][ERROR] 2020-11-09 02:42:23,320: [move_base-4] process has died [pid 3880, exit code -6, cmd /opt/ros/indigo/lib/move_base/move_base cmd_vel:=cmd_vel odom:=odom map:=map __name:=move_base __log:=/home/fetch/.ros/log/0949a3b4-226e-11eb-b873-000babe55698/move_base-4.log].
log file: /home/fetch/.ros/log/0949a3b4-226e-11eb-b873-000babe55698/move_base-4*.log
[roslaunch][INFO] 2020-11-09 02:42:23,320: [move_base-4] restarting process
[roslaunch][INFO] 2020-11-09 02:42:23,320: process[move_base-4]: restarting os process
[roslaunch][INFO] 2020-11-09 02:42:23,321: process[move_base-4]: start w/ args [[u'/opt/ros/indigo/lib/move_base/move_base', u'cmd_vel:=cmd_vel', u'odom:=odom', u'map:=map', u'__name:=move_base', u'__log:=/home/fetch/.ros/log/0949a3b4-226e-11eb-b873-000babe55698/move_base-4.log']]
[roslaunch][INFO] 2020-11-09 02:42:23,321: process[move_base-4]: cwd will be [/home/fetch/.ros]
[roslaunch][INFO] 2020-11-09 02:42:23,322: process[move_base-4]: started with pid [3881]
[roslaunch][ERROR] 2020-11-09 02:42:23,423: [move_base-4] process has died [pid 3881, exit code -6, cmd /opt/ros/indigo/lib/move_base/move_base cmd_vel:=cmd_vel odom:=odom map:=map __name:=move_base __log:=/home/fetch/.ros/log/0949a3b4-226e-11eb-b873-000babe55698/move_base-4.log].
log file: /home/fetch/.ros/log/0949a3b4-226e-11eb-b873-000babe55698/move_base-4*.log
[roslaunch][INFO] 2020-11-09 02:42:23,423: [move_base-4] restarting process
[roslaunch][INFO] 2020-11-09 02:42:23,423: process[move_base-4]: restarting os process
[roslaunch][INFO] 2020-11-09 02:42:23,423: process[move_base-4]: start w/ args [[u'/opt/ros/indigo/lib/move_base/move_base', u'cmd_vel:=cmd_vel', u'odom:=odom', u'map:=map', u'__name:=move_base', u'__log:=/home/fetch/.ros/log/0949a3b4-226e-11eb-b873-000babe55698/move_base-4.log']]
[roslaunch][INFO] 2020-11-09 02:42:23,423: process[move_base-4]: cwd will be [/home/fetch/.ros]
[roslaunch][INFO] 2020-11-09 02:42:23,425: process[move_base-4]: started with pid [3882]
[roslaunch][ERROR] 2020-11-09 02:42:23,525: [move_base-4] process has died [pid 3882, exit code -6, cmd /opt/ros/indigo/lib/move_base/move_base cmd_vel:=cmd_vel odom:=odom map:=map __name:=move_base __log:=/home/fetch/.ros/log/0949a3b4-226e-11eb-b873-000babe55698/move_base-4.log].
log file: /home/fetch/.ros/log/0949a3b4-226e-11eb-b873-000babe55698/move_base-4*.log
[roslaunch][INFO] 2020-11-09 02:42:23,525: [move_base-4] restarting process
[roslaunch][INFO] 2020-11-09 02:42:23,525: process[move_base-4]: restarting os process
[roslaunch][INFO] 2020-11-09 02:42:23,526: process[move_base-4]: start w/ args [[u'/opt/ros/indigo/lib/move_base/move_base', u'cmd_vel:=cmd_vel', u'odom:=odom', u'map:=map', u'__name:=move_base', u'__log:=/home/fetch/.ros/log/0949a3b4-226e-11eb-b873-000babe55698/move_base-4.log']]
[roslaunch][INFO] 2020-11-09 02:42:23,526: process[move_base-4]: cwd will be [/home/fetch/.ros]
[roslaunch][INFO] 2020-11-09 02:42:23,528: process[move_base-4]: started with pid [3883]
[roslaunch][ERROR] 2020-11-09 02:42:23,628: [move_base-4] process has died [pid 3883, exit code -6, cmd /opt/ros/indigo/lib/move_base/move_base cmd_vel:=cmd_vel odom:=odom map:=map __name:=move_base __log:=/home/fetch/.ros/log/0949a3b4-226e-11eb-b873-000babe55698/move_base-4.log].
log file: /home/fetch/.ros/log/0949a3b4-226e-11eb-b873-000babe55698/move_base-4*.log
[roslaunch][INFO] 2020-11-09 02:42:23,628: [move_base-4] restarting process
[roslaunch][INFO] 2020-11-09 02:42:23,628: process[move_base-4]: restarting os process
[roslaunch][INFO] 2020-11-09 02:42:23,628: process[move_base-4]: start w/ args [[u'/opt/ros/indigo/lib/move_base/move_base', u'cmd_vel:=cmd_vel', u'odom:=odom', u'map:=map', u'__name:=move_base', u'__log:=/home/fetch/.ros/log/0949a3b4-226e-11eb-b873-000babe55698/move_base-4.log']]
[roslaunch][INFO] 2020-11-09 02:42:23,629: process[move_base-4]: cwd will be [/home/fetch/.ros]
[roslaunch][INFO] 2020-11-09 02:42:23,630: process[move_base-4]: started with pid [3884]
[roslaunch][ERROR] 2020-11-09 02:42:23,730: [move_base-4] process has died [pid 3884, exit code -6, cmd /opt/ros/indigo/lib/move_base/move_base cmd_vel:=cmd_vel odom:=odom map:=map __name:=move_base __log:=/home/fetch/.ros/log/0949a3b4-226e-11eb-b873-000babe55698/move_base-4.log].
log file: /home/fetch/.ros/log/0949a3b4-226e-11eb-b873-000babe55698/move_base-4*.log
[roslaunch][INFO] 2020-11-09 02:42:23,731: [move_base-4] restarting process
[roslaunch][INFO] 2020-11-09 02:42:23,731: process[move_base-4]: restarting os process
[roslaunch][INFO] 2020-11-09 02:42:23,731: process[move_base-4]: start w/ args [[u'/opt/ros/indigo/lib/move_base/move_base', u'cmd_vel:=cmd_vel', u'odom:=odom', u'map:=map', u'__name:=move_base', u'__log:=/home/fetch/.ros/log/0949a3b4-226e-11eb-b873-000babe55698/move_base-4.log']]
[roslaunch][INFO] 2020-11-09 02:42:23,731: process[move_base-4]: cwd will be [/home/fetch/.ros]
[roslaunch][INFO] 2020-11-09 02:42:23,732: process[move_base-4]: started with pid [3885]
[roslaunch][ERROR] 2020-11-09 02:42:23,833: [move_base-4] process has died [pid 3885, exit code -6, cmd /opt/ros/indigo/lib/move_base/move_base cmd_vel:=cmd_vel odom:=odom map:=map __name:=move_base __log:=/home/fetch/.ros/log/0949a3b4-226e-11eb-b873-000babe55698/move_base-4.log].
log file: /home/fetch/.ros/log/0949a3b4-226e-11eb-b873-000babe55698/move_base-4*.log
[roslaunch][INFO] 2020-11-09 02:42:23,833: [move_base-4] restarting process
[roslaunch][INFO] 2020-11-09 02:42:23,833: process[move_base-4]: restarting os process
[roslaunch][INFO] 2020-11-09 02:42:23,833: process[move_base-4]: start w/ args [[u'/opt/ros/indigo/lib/move_base/move_base', u'cmd_vel:=cmd_vel', u'odom:=odom', u'map:=map', u'__name:=move_base', u'__log:=/home/fetch/.ros/log/0949a3b4-226e-11eb-b873-000babe55698/move_base-4.log']]
[roslaunch][INFO] 2020-11-09 02:42:23,833: process[move_base-4]: cwd will be [/home/fetch/.ros]
[roslaunch][INFO] 2020-11-09 02:42:23,835: process[move_base-4]: started with pid [3886]
[roslaunch][ERROR] 2020-11-09 02:42:23,935: [move_base-4] process has died [pid 3886, exit code -6, cmd /opt/ros/indigo/lib/move_base/move_base cmd_vel:=cmd_vel odom:=odom map:=map __name:=move_base __log:=/home/fetch/.ros/log/0949a3b4-226e-11eb-b873-000babe55698/move_base-4.log].
log file: /home/fetch/.ros/log/0949a3b4-226e-11eb-b873-000babe55698/move_base-4*.log
[roslaunch][INFO] 2020-11-09 02:42:23,935: [move_base-4] restarting process
[roslaunch][INFO] 2020-11-09 02:42:23,935: process[move_base-4]: restarting os process
[roslaunch][INFO] 2020-11-09 02:42:23,936: process[move_base-4]: start w/ args [[u'/opt/ros/indigo/lib/move_base/move_base', u'cmd_vel:=cmd_vel', u'odom:=odom', u'map:=map', u'__name:=move_base', u'__log:=/home/fetch/.ros/log/0949a3b4-226e-11eb-b873-000babe55698/move_base-4.log']]
[roslaunch][INFO] 2020-11-09 02:42:23,936: process[move_base-4]: cwd will be [/home/fetch/.ros]
[roslaunch][INFO] 2020-11-09 02:42:23,937: process[move_base-4]: started with pid [3887]
[roslaunch][ERROR] 2020-11-09 02:42:24,038: [move_base-4] process has died [pid 3887, exit code -6, cmd /opt/ros/indigo/lib/move_base/move_base cmd_vel:=cmd_vel odom:=odom map:=map __name:=move_base __log:=/home/fetch/.ros/log/0949a3b4-226e-11eb-b873-000babe55698/move_base-4.log].
log file: /home/fetch/.ros/log/0949a3b4-226e-11eb-b873-000babe55698/move_base-4*.log
[roslaunch][INFO] 2020-11-09 02:42:24,038: [move_base-4] restarting process
[roslaunch][INFO] 2020-11-09 02:42:24,038: process[move_base-4]: restarting os process
[roslaunch][INFO] 2020-11-09 02:42:24,038: process[move_base-4]: start w/ args [[u'/opt/ros/indigo/lib/move_base/move_base', u'cmd_vel:=cmd_vel', u'odom:=odom', u'map:=map', u'__name:=move_base', u'__log:=/home/fetch/.ros/log/0949a3b4-226e-11eb-b873-000babe55698/move_base-4.log']]
[roslaunch][INFO] 2020-11-09 02:42:24,038: process[move_base-4]: cwd will be [/home/fetch/.ros]
[roslaunch][INFO] 2020-11-09 02:42:24,040: process[move_base-4]: started with pid [3888]
[roslaunch][ERROR] 2020-11-09 02:42:24,140: [move_base-4] process has died [pid 3888, exit code -6, cmd /opt/ros/indigo/lib/move_base/move_base cmd_vel:=cmd_vel odom:=odom map:=map __name:=move_base __log:=/home/fetch/.ros/log/0949a3b4-226e-11eb-b873-000babe55698/move_base-4.log].
log file: /home/fetch/.ros/log/0949a3b4-226e-11eb-b873-000babe55698/move_base-4*.log
[roslaunch][INFO] 2020-11-09 02:42:24,141: [move_base-4] restarting process
[roslaunch][INFO] 2020-11-09 02:42:24,141: process[move_base-4]: restarting os process
[roslaunch][INFO] 2020-11-09 02:42:24,141: process[move_base-4]: start w/ args [[u'/opt/ros/indigo/lib/move_base/move_base', u'cmd_vel:=cmd_vel', u'odom:=odom', u'map:=map', u'__name:=move_base', u'__log:=/home/fetch/.ros/log/0949a3b4-226e-11eb-b873-000babe55698/move_base-4.log']]
[roslaunch][INFO] 2020-11-09 02:42:24,141: process[move_base-4]: cwd will be [/home/fetch/.ros]
[roslaunch][INFO] 2020-11-09 02:42:24,142: process[move_base-4]: started with pid [3889]
[roslaunch][ERROR] 2020-11-09 02:42:24,243: [move_base-4] process has died [pid 3889, exit code -6, cmd /opt/ros/indigo/lib/move_base/move_base cmd_vel:=cmd_vel odom:=odom map:=map __name:=move_base __log:=/home/fetch/.ros/log/0949a3b4-226e-11eb-b873-000babe55698/move_base-4.log].
log file: /home/fetch/.ros/log/0949a3b4-226e-11eb-b873-000babe55698/move_base-4*.log
[roslaunch][INFO] 2020-11-09 02:42:24,243: [move_base-4] restarting process
[roslaunch][INFO] 2020-11-09 02:42:24,243: process[move_base-4]: restarting os process
[roslaunch][INFO] 2020-11-09 02:42:24,243: process[move_base-4]: start w/ args [[u'/opt/ros/indigo/lib/move_base/move_base', u'cmd_vel:=cmd_vel', u'odom:=odom', u'map:=map', u'__name:=move_base', u'__log:=/home/fetch/.ros/log/0949a3b4-226e-11eb-b873-000babe55698/move_base-4.log']]
[roslaunch][INFO] 2020-11-09 02:42:24,243: process[move_base-4]: cwd will be [/home/fetch/.ros]
[roslaunch][INFO] 2020-11-09 02:42:24,245: process[move_base-4]: started with pid [3890]
[roslaunch][ERROR] 2020-11-09 02:42:24,346: [move_base-4] process has died [pid 3890, exit code -6, cmd /opt/ros/indigo/lib/move_base/move_base cmd_vel:=cmd_vel odom:=odom map:=map __name:=move_base __log:=/home/fetch/.ros/log/0949a3b4-226e-11eb-b873-000babe55698/move_base-4.log].
log file: /home/fetch/.ros/log/0949a3b4-226e-11eb-b873-000babe55698/move_base-4*.log
[roslaunch][INFO] 2020-11-09 02:42:24,346: [move_base-4] restarting process
[roslaunch][INFO] 2020-11-09 02:42:24,346: process[move_base-4]: restarting os process
[roslaunch][INFO] 2020-11-09 02:42:24,346: process[move_base-4]: start w/ args [[u'/opt/ros/indigo/lib/move_base/move_base', u'cmd_vel:=cmd_vel', u'odom:=odom', u'map:=map', u'__name:=move_base', u'__log:=/home/fetch/.ros/log/0949a3b4-226e-11eb-b873-000babe55698/move_base-4.log']]
[roslaunch][INFO] 2020-11-09 02:42:24,346: process[move_base-4]: cwd will be [/home/fetch/.ros]
[roslaunch][INFO] 2020-11-09 02:42:24,348: process[move_base-4]: started with pid [3891]
[roslaunch][ERROR] 2020-11-09 02:42:24,448: [move_base-4] process has died [pid 3891, exit code -6, cmd /opt/ros/indigo/lib/move_base/move_base cmd_vel:=cmd_vel odom:=odom map:=map __name:=move_base __log:=/home/fetch/.ros/log/0949a3b4-226e-11eb-b873-000babe55698/move_base-4.log].
log file: /home/fetch/.ros/log/0949a3b4-226e-11eb-b873-000babe55698/move_base-4*.log
[roslaunch][INFO] 2020-11-09 02:42:24,448: [move_base-4] restarting process
[roslaunch][INFO] 2020-11-09 02:42:24,449: process[move_base-4]: restarting os process
[roslaunch][INFO] 2020-11-09 02:42:24,449: process[move_base-4]: start w/ args [[u'/opt/ros/indigo/lib/move_base/move_base', u'cmd_vel:=cmd_vel', u'odom:=odom', u'map:=map', u'__name:=move_base', u'__log:=/home/fetch/.ros/log/0949a3b4-226e-11eb-b873-000babe55698/move_base-4.log']]
[roslaunch][INFO] 2020-11-09 02:42:24,449: process[move_base-4]: cwd will be [/home/fetch/.ros]
[roslaunch][INFO] 2020-11-09 02:42:24,451: process[move_base-4]: started with pid [3892]
[roslaunch][ERROR] 2020-11-09 02:42:24,551: [move_base-4] process has died [pid 3892, exit code -6, cmd /opt/ros/indigo/lib/move_base/move_base cmd_vel:=cmd_vel odom:=odom map:=map __name:=move_base __log:=/home/fetch/.ros/log/0949a3b4-226e-11eb-b873-000babe55698/move_base-4.log].
log file: /home/fetch/.ros/log/0949a3b4-226e-11eb-b873-000babe55698/move_base-4*.log
[roslaunch][INFO] 2020-11-09 02:42:24,551: [move_base-4] restarting process
[roslaunch][INFO] 2020-11-09 02:42:24,551: process[move_base-4]: restarting os process
[roslaunch][INFO] 2020-11-09 02:42:24,551: process[move_base-4]: start w/ args [[u'/opt/ros/indigo/lib/move_base/move_base', u'cmd_vel:=cmd_vel', u'odom:=odom', u'map:=map', u'__name:=move_base', u'__log:=/home/fetch/.ros/log/0949a3b4-226e-11eb-b873-000babe55698/move_base-4.log']]
[roslaunch][INFO] 2020-11-09 02:42:24,552: process[move_base-4]: cwd will be [/home/fetch/.ros]
[roslaunch][INFO] 2020-11-09 02:42:24,553: process[move_base-4]: started with pid [3893]
[roslaunch][ERROR] 2020-11-09 02:42:24,654: [move_base-4] process has died [pid 3893, exit code -6, cmd /opt/ros/indigo/lib/move_base/move_base cmd_vel:=cmd_vel odom:=odom map:=map __name:=move_base __log:=/home/fetch/.ros/log/0949a3b4-226e-11eb-b873-000babe55698/move_base-4.log].
log file: /home/fetch/.ros/log/0949a3b4-226e-11eb-b873-000babe55698/move_base-4*.log
[roslaunch][INFO] 2020-11-09 02:42:24,654: [move_base-4] restarting process
[roslaunch][INFO] 2020-11-09 02:42:24,654: process[move_base-4]: restarting os process
[roslaunch][INFO] 2020-11-09 02:42:24,654: process[move_base-4]: start w/ args [[u'/opt/ros/indigo/lib/move_base/move_base', u'cmd_vel:=cmd_vel', u'odom:=odom', u'map:=map', u'__name:=move_base', u'__log:=/home/fetch/.ros/log/0949a3b4-226e-11eb-b873-000babe55698/move_base-4.log']]
[roslaunch][INFO] 2020-11-09 02:42:24,654: process[move_base-4]: cwd will be [/home/fetch/.ros]
[roslaunch][INFO] 2020-11-09 02:42:24,656: process[move_base-4]: started with pid [3894]
[roslaunch.pmon][INFO] 2020-11-09 02:42:24,695: ProcessMonitor.shutdown <ProcessMonitor(ProcessMonitor-1, started daemon 140435351160576)>
[roslaunch.pmon][INFO] 2020-11-09 02:42:24,756: ProcessMonitor._post_run <ProcessMonitor(ProcessMonitor-1, started daemon 140435351160576)>
[roslaunch.pmon][INFO] 2020-11-09 02:42:24,756: ProcessMonitor._post_run <ProcessMonitor(ProcessMonitor-1, started daemon 140435351160576)>: remaining procs are [<roslaunch.nodeprocess.LocalProcess object at 0x7fb9a7608a90>]
[roslaunch.pmon][INFO] 2020-11-09 02:42:24,756: ProcessMonitor exit: killing move_base-4
[roslaunch][INFO] 2020-11-09 02:42:24,756: [move_base-4] killing on exit
[roslaunch.pmon][INFO] 2020-11-09 02:42:24,757: ProcessMonitor exit: cleaning up data structures and signals
[roslaunch.pmon][INFO] 2020-11-09 02:42:24,757: ProcessMonitor exit: pmon has shutdown
[roslaunch][INFO] 2020-11-09 02:42:24,759: process monitor is done spinning, initiating full shutdown
[roslaunch][INFO] 2020-11-09 02:42:24,759: runner.stop()
[roslaunch][INFO] 2020-11-09 02:42:24,759: shutting down processing monitor...
[roslaunch][INFO] 2020-11-09 02:42:24,759: shutting down processing monitor <ProcessMonitor(ProcessMonitor-1, stopped daemon 140435351160576)>
[roslaunch.pmon][INFO] 2020-11-09 02:42:24,759: ProcessMonitor.shutdown <ProcessMonitor(ProcessMonitor-1, stopped daemon 140435351160576)>
[roslaunch][INFO] 2020-11-09 02:42:24,759: ... shutting down processing monitor complete
[roslaunch][INFO] 2020-11-09 02:42:24,759: done
[roslaunch.pmon][INFO] 2020-11-09 02:42:24,759: ProcessMonitor.shutdown <ProcessMonitor(ProcessMonitor-1, stopped daemon 140435351160576)>
[rospy.core][INFO] 2020-11-09 02:42:24,759: signal_shutdown [atexit]
