[roslaunch][INFO] 2020-11-09 03:25:02,468: Checking log directory for disk usage. This may take awhile.
Press Ctrl-C to interrupt
[roslaunch][INFO] 2020-11-09 03:25:02,473: Done checking log file disk usage. Usage is <1GB.
[roslaunch][INFO] 2020-11-09 03:25:02,473: roslaunch starting with args ['/opt/ros/indigo/bin/roslaunch', 'rosbridge_server', 'rosbridge_websocket.launch']
[roslaunch][INFO] 2020-11-09 03:25:02,473: roslaunch env is {'LC_NUMERIC': 'ko_KR.UTF-8', 'ROS_DISTRO': 'indigo', 'LESSOPEN': '| /usr/bin/lesspipe %s', 'SSH_CLIENT': '172.22.77.171 62721 22', 'CPATH': '/home/fetch/catkin_ws/devel/include:/opt/ros/indigo/include', 'LOGNAME': 'fetch', 'USER': 'fetch', 'HOME': '/home/fetch', 'LC_PAPER': 'ko_KR.UTF-8', 'PATH': '/opt/ros/indigo/bin:/usr/local/sbin:/usr/local/bin:/usr/sbin:/usr/bin:/sbin:/bin:/usr/games:/usr/local/games', 'VIRTUALENVWRAPPER_SCRIPT': '/usr/share/virtualenvwrapper/virtualenvwrapper.sh', 'LD_LIBRARY_PATH': '/home/fetch/catkin_ws/devel/lib:/opt/ros/indigo/lib', 'LANG': 'en_US.UTF-8', 'TERM': 'xterm-256color', 'SHELL': '/bin/bash', 'ROS_LOG_FILENAME': '/home/fetch/.ros/log/0949a3b4-226e-11eb-b873-000babe55698/roslaunch-freight1207-6961.log', 'LC_MONETARY': 'ko_KR.UTF-8', 'QT_QPA_PLATFORMTHEME': 'appmenu-qt5', 'ROS_ETC_DIR': '/opt/ros/indigo/etc/ros', 'DISPLAY': 'localhost:13.0', '_VIRTUALENVWRAPPER_API': ' mkvirtualenv rmvirtualenv lsvirtualenv showvirtualenv workon add2virtualenv cdsitepackages cdvirtualenv lssitepackages toggleglobalsitepackages cpvirtualenv setvirtualenvproject mkproject cdproject mktmpenv mkvirtualenv rmvirtualenv lsvirtualenv showvirtualenv workon add2virtualenv cdsitepackages cdvirtualenv lssitepackages toggleglobalsitepackages cpvirtualenv setvirtualenvproject mkproject cdproject mktmpenv', 'CMAKE_PREFIX_PATH': '/home/fetch/catkin_ws/devel:/opt/ros/indigo', 'XDG_RUNTIME_DIR': '/run/user/1000', 'LC_ADDRESS': 'ko_KR.UTF-8', 'PYTHONPATH': '/home/fetch/catkin_ws/devel/lib/python2.7/dist-packages:/opt/ros/indigo/lib/python2.7/dist-packages', 'SHLVL': '1', 'ROS_ROOT': '/opt/ros/indigo/share/ros', 'PKG_CONFIG_PATH': '/home/fetch/catkin_ws/devel/lib/pkgconfig:/opt/ros/indigo/lib/pkgconfig', 'ROS_PACKAGE_PATH': '/home/fetch/catkin_ws/src:/opt/ros/indigo/share:/opt/ros/indigo/stacks', 'XDG_SESSION_ID': '4', '_': '/opt/ros/indigo/bin/roslaunch', 'LC_IDENTIFICATION': 'ko_KR.UTF-8', 'SSH_CONNECTION': '172.22.77.171 62721 172.22.77.172 22', 'LESSCLOSE': '/usr/bin/lesspipe %s %s', 'SSH_TTY': '/dev/pts/29', 'OLDPWD': '/opt/ros/indigo/share', 'ROSLISP_PACKAGE_DIRECTORIES': '/home/fetch/catkin_ws/devel/share/common-lisp', 'LC_TELEPHONE': 'ko_KR.UTF-8', 'LC_MEASUREMENT': 'ko_KR.UTF-8', 'PWD': '/opt/ros/indigo/share/rviz', 'ROS_MASTER_URI': 'http://localhost:11311', 'LC_NAME': 'ko_KR.UTF-8', 'MAIL': '/var/mail/fetch', 'LC_TIME': 'ko_KR.UTF-8', 'LS_COLORS': 'rs=0:di=01;34:ln=01;36:mh=00:pi=40;33:so=01;35:do=01;35:bd=40;33;01:cd=40;33;01:or=40;31;01:su=37;41:sg=30;43:ca=30;41:tw=30;42:ow=34;42:st=37;44:ex=01;32:*.tar=01;31:*.tgz=01;31:*.arj=01;31:*.taz=01;31:*.lzh=01;31:*.lzma=01;31:*.tlz=01;31:*.txz=01;31:*.zip=01;31:*.z=01;31:*.Z=01;31:*.dz=01;31:*.gz=01;31:*.lz=01;31:*.xz=01;31:*.bz2=01;31:*.bz=01;31:*.tbz=01;31:*.tbz2=01;31:*.tz=01;31:*.deb=01;31:*.rpm=01;31:*.jar=01;31:*.war=01;31:*.ear=01;31:*.sar=01;31:*.rar=01;31:*.ace=01;31:*.zoo=01;31:*.cpio=01;31:*.7z=01;31:*.rz=01;31:*.jpg=01;35:*.jpeg=01;35:*.gif=01;35:*.bmp=01;35:*.pbm=01;35:*.pgm=01;35:*.ppm=01;35:*.tga=01;35:*.xbm=01;35:*.xpm=01;35:*.tif=01;35:*.tiff=01;35:*.png=01;35:*.svg=01;35:*.svgz=01;35:*.mng=01;35:*.pcx=01;35:*.mov=01;35:*.mpg=01;35:*.mpeg=01;35:*.m2v=01;35:*.mkv=01;35:*.webm=01;35:*.ogm=01;35:*.mp4=01;35:*.m4v=01;35:*.mp4v=01;35:*.vob=01;35:*.qt=01;35:*.nuv=01;35:*.wmv=01;35:*.asf=01;35:*.rm=01;35:*.rmvb=01;35:*.flc=01;35:*.avi=01;35:*.fli=01;35:*.flv=01;35:*.gl=01;35:*.dl=01;35:*.xcf=01;35:*.xwd=01;35:*.yuv=01;35:*.cgm=01;35:*.emf=01;35:*.axv=01;35:*.anx=01;35:*.ogv=01;35:*.ogx=01;35:*.aac=00;36:*.au=00;36:*.flac=00;36:*.mid=00;36:*.midi=00;36:*.mka=00;36:*.mp3=00;36:*.mpc=00;36:*.ogg=00;36:*.ra=00;36:*.wav=00;36:*.axa=00;36:*.oga=00;36:*.spx=00;36:*.xspf=00;36:'}
[roslaunch][INFO] 2020-11-09 03:25:02,473: starting in server mode
[roslaunch.parent][INFO] 2020-11-09 03:25:02,473: starting roslaunch parent run
[roslaunch][INFO] 2020-11-09 03:25:02,473: loading roscore config file /opt/ros/indigo/etc/ros/roscore.xml
[roslaunch][INFO] 2020-11-09 03:25:02,550: Added core node of type [rosout/rosout] in namespace [/]
[roslaunch.config][INFO] 2020-11-09 03:25:02,550: loading config file /home/fetch/catkin_ws/src/rosbridge_suite/rosbridge_server/launch/rosbridge_websocket.launch
[roslaunch][INFO] 2020-11-09 03:25:02,552: Added node of type [rosbridge_server/rosbridge_websocket] in namespace [/]
[roslaunch][INFO] 2020-11-09 03:25:02,553: Added node of type [rosapi/rosapi_node] in namespace [/]
[roslaunch][INFO] 2020-11-09 03:25:02,553: ... selected machine [] for node of type [rosbridge_server/rosbridge_websocket]
[roslaunch][INFO] 2020-11-09 03:25:02,553: ... selected machine [] for node of type [rosapi/rosapi_node]
[roslaunch.pmon][INFO] 2020-11-09 03:25:02,554: start_process_monitor: creating ProcessMonitor
[roslaunch.pmon][INFO] 2020-11-09 03:25:02,554: created process monitor <ProcessMonitor(ProcessMonitor-1, initial daemon)>
[roslaunch.pmon][INFO] 2020-11-09 03:25:02,554: start_process_monitor: ProcessMonitor started
[roslaunch.parent][INFO] 2020-11-09 03:25:02,554: starting parent XML-RPC server
[roslaunch.server][INFO] 2020-11-09 03:25:02,554: starting roslaunch XML-RPC server
[roslaunch.server][INFO] 2020-11-09 03:25:02,554: waiting for roslaunch XML-RPC server to initialize
[xmlrpc][INFO] 2020-11-09 03:25:02,554: XML-RPC server binding to 0.0.0.0:0
[xmlrpc][INFO] 2020-11-09 03:25:02,554: Started XML-RPC server [http://freight1207:49683/]
[xmlrpc][INFO] 2020-11-09 03:25:02,554: xml rpc node: starting XML-RPC server
[roslaunch][INFO] 2020-11-09 03:25:02,565: started roslaunch server http://freight1207:49683/
[roslaunch.parent][INFO] 2020-11-09 03:25:02,566: ... parent XML-RPC server started
[roslaunch][INFO] 2020-11-09 03:25:02,566: master.is_running[http://localhost:11311]
[roslaunch][INFO] 2020-11-09 03:25:02,567: master.is_running[http://localhost:11311]
[roslaunch][INFO] 2020-11-09 03:25:02,567: ROS_MASTER_URI=http://localhost:11311
[roslaunch][INFO] 2020-11-09 03:25:02,569: setting /roslaunch/uris/host_freight1207__49683' to http://freight1207:49683/
[roslaunch][INFO] 2020-11-09 03:25:02,570: load_parameters starting ...
[roslaunch][INFO] 2020-11-09 03:25:02,574: ... load_parameters complete
[roslaunch][INFO] 2020-11-09 03:25:02,574: launch_nodes: launching local nodes ...
[roslaunch][INFO] 2020-11-09 03:25:02,574: ... preparing to launch node of type [rosbridge_server/rosbridge_websocket]
[roslaunch][INFO] 2020-11-09 03:25:02,574: create_node_process: package[rosbridge_server] type[rosbridge_websocket] machine[Machine(name[] env_loader[None] address[localhost] ssh_port[22] user[None] assignable[True] timeout[10.0])] master_uri[http://localhost:11311]
[roslaunch][INFO] 2020-11-09 03:25:02,574: process[rosbridge_websocket-1]: env[{'LC_NUMERIC': 'ko_KR.UTF-8', 'ROS_DISTRO': 'indigo', 'LC_MEASUREMENT': 'ko_KR.UTF-8', 'LESSOPEN': '| /usr/bin/lesspipe %s', 'SSH_CLIENT': '172.22.77.171 62721 22', 'CPATH': '/home/fetch/catkin_ws/devel/include:/opt/ros/indigo/include', 'LOGNAME': 'fetch', 'USER': 'fetch', 'HOME': '/home/fetch', 'LC_PAPER': 'ko_KR.UTF-8', 'PATH': '/opt/ros/indigo/bin:/usr/local/sbin:/usr/local/bin:/usr/sbin:/usr/bin:/sbin:/bin:/usr/games:/usr/local/games', 'CMAKE_PREFIX_PATH': '/home/fetch/catkin_ws/devel:/opt/ros/indigo', 'ROS_LOG_FILENAME': '/home/fetch/.ros/log/0949a3b4-226e-11eb-b873-000babe55698/roslaunch-freight1207-6961.log', 'LANG': 'en_US.UTF-8', 'TERM': 'xterm-256color', 'SHELL': '/bin/bash', 'LC_MONETARY': 'ko_KR.UTF-8', 'QT_QPA_PLATFORMTHEME': 'appmenu-qt5', 'DISPLAY': 'localhost:13.0', '_VIRTUALENVWRAPPER_API': ' mkvirtualenv rmvirtualenv lsvirtualenv showvirtualenv workon add2virtualenv cdsitepackages cdvirtualenv lssitepackages toggleglobalsitepackages cpvirtualenv setvirtualenvproject mkproject cdproject mktmpenv mkvirtualenv rmvirtualenv lsvirtualenv showvirtualenv workon add2virtualenv cdsitepackages cdvirtualenv lssitepackages toggleglobalsitepackages cpvirtualenv setvirtualenvproject mkproject cdproject mktmpenv', 'XDG_RUNTIME_DIR': '/run/user/1000', 'LC_ADDRESS': 'ko_KR.UTF-8', 'PYTHONPATH': '/home/fetch/catkin_ws/devel/lib/python2.7/dist-packages:/opt/ros/indigo/lib/python2.7/dist-packages', 'ROS_ROOT': '/opt/ros/indigo/share/ros', 'PKG_CONFIG_PATH': '/home/fetch/catkin_ws/devel/lib/pkgconfig:/opt/ros/indigo/lib/pkgconfig', 'ROS_PACKAGE_PATH': '/home/fetch/catkin_ws/src:/opt/ros/indigo/share:/opt/ros/indigo/stacks', 'XDG_SESSION_ID': '4', '_': '/opt/ros/indigo/bin/roslaunch', 'LC_IDENTIFICATION': 'ko_KR.UTF-8', 'LD_LIBRARY_PATH': '/home/fetch/catkin_ws/devel/lib:/opt/ros/indigo/lib', 'LS_COLORS': 'rs=0:di=01;34:ln=01;36:mh=00:pi=40;33:so=01;35:do=01;35:bd=40;33;01:cd=40;33;01:or=40;31;01:su=37;41:sg=30;43:ca=30;41:tw=30;42:ow=34;42:st=37;44:ex=01;32:*.tar=01;31:*.tgz=01;31:*.arj=01;31:*.taz=01;31:*.lzh=01;31:*.lzma=01;31:*.tlz=01;31:*.txz=01;31:*.zip=01;31:*.z=01;31:*.Z=01;31:*.dz=01;31:*.gz=01;31:*.lz=01;31:*.xz=01;31:*.bz2=01;31:*.bz=01;31:*.tbz=01;31:*.tbz2=01;31:*.tz=01;31:*.deb=01;31:*.rpm=01;31:*.jar=01;31:*.war=01;31:*.ear=01;31:*.sar=01;31:*.rar=01;31:*.ace=01;31:*.zoo=01;31:*.cpio=01;31:*.7z=01;31:*.rz=01;31:*.jpg=01;35:*.jpeg=01;35:*.gif=01;35:*.bmp=01;35:*.pbm=01;35:*.pgm=01;35:*.ppm=01;35:*.tga=01;35:*.xbm=01;35:*.xpm=01;35:*.tif=01;35:*.tiff=01;35:*.png=01;35:*.svg=01;35:*.svgz=01;35:*.mng=01;35:*.pcx=01;35:*.mov=01;35:*.mpg=01;35:*.mpeg=01;35:*.m2v=01;35:*.mkv=01;35:*.webm=01;35:*.ogm=01;35:*.mp4=01;35:*.m4v=01;35:*.mp4v=01;35:*.vob=01;35:*.qt=01;35:*.nuv=01;35:*.wmv=01;35:*.asf=01;35:*.rm=01;35:*.rmvb=01;35:*.flc=01;35:*.avi=01;35:*.fli=01;35:*.flv=01;35:*.gl=01;35:*.dl=01;35:*.xcf=01;35:*.xwd=01;35:*.yuv=01;35:*.cgm=01;35:*.emf=01;35:*.axv=01;35:*.anx=01;35:*.ogv=01;35:*.ogx=01;35:*.aac=00;36:*.au=00;36:*.flac=00;36:*.mid=00;36:*.midi=00;36:*.mka=00;36:*.mp3=00;36:*.mpc=00;36:*.ogg=00;36:*.ra=00;36:*.wav=00;36:*.axa=00;36:*.oga=00;36:*.spx=00;36:*.xspf=00;36:', 'LESSCLOSE': '/usr/bin/lesspipe %s %s', 'SSH_TTY': '/dev/pts/29', 'OLDPWD': '/opt/ros/indigo/share', 'ROSLISP_PACKAGE_DIRECTORIES': '/home/fetch/catkin_ws/devel/share/common-lisp', 'LC_TELEPHONE': 'ko_KR.UTF-8', 'VIRTUALENVWRAPPER_SCRIPT': '/usr/share/virtualenvwrapper/virtualenvwrapper.sh', 'SHLVL': '1', 'PWD': '/opt/ros/indigo/share/rviz', 'ROS_ETC_DIR': '/opt/ros/indigo/etc/ros', 'ROS_MASTER_URI': 'http://localhost:11311', 'LC_NAME': 'ko_KR.UTF-8', 'MAIL': '/var/mail/fetch', 'LC_TIME': 'ko_KR.UTF-8', 'SSH_CONNECTION': '172.22.77.171 62721 172.22.77.172 22'}]
[roslaunch][INFO] 2020-11-09 03:25:02,612: process[rosbridge_websocket-1]: args[[u'/home/fetch/catkin_ws/src/rosbridge_suite/rosbridge_server/scripts/rosbridge_websocket', u'__name:=rosbridge_websocket']]
[roslaunch][INFO] 2020-11-09 03:25:02,612: ... created process [rosbridge_websocket-1]
[roslaunch.pmon][INFO] 2020-11-09 03:25:02,612: ProcessMonitor.register[rosbridge_websocket-1]
[roslaunch.pmon][INFO] 2020-11-09 03:25:02,612: ProcessMonitor.register[rosbridge_websocket-1] complete
[roslaunch][INFO] 2020-11-09 03:25:02,613: ... registered process [rosbridge_websocket-1]
[roslaunch][INFO] 2020-11-09 03:25:02,613: process[rosbridge_websocket-1]: starting os process
[roslaunch][INFO] 2020-11-09 03:25:02,613: process[rosbridge_websocket-1]: start w/ args [[u'/home/fetch/catkin_ws/src/rosbridge_suite/rosbridge_server/scripts/rosbridge_websocket', u'__name:=rosbridge_websocket', u'__log:=/home/fetch/.ros/log/0949a3b4-226e-11eb-b873-000babe55698/rosbridge_websocket-1.log']]
[roslaunch][INFO] 2020-11-09 03:25:02,613: process[rosbridge_websocket-1]: cwd will be [/home/fetch/.ros]
[roslaunch][INFO] 2020-11-09 03:25:02,614: process[rosbridge_websocket-1]: started with pid [6979]
[roslaunch][INFO] 2020-11-09 03:25:02,614: ... successfully launched [rosbridge_websocket-1]
[roslaunch][INFO] 2020-11-09 03:25:02,615: ... preparing to launch node of type [rosapi/rosapi_node]
[roslaunch][INFO] 2020-11-09 03:25:02,615: create_node_process: package[rosapi] type[rosapi_node] machine[Machine(name[] env_loader[None] address[localhost] ssh_port[22] user[None] assignable[True] timeout[10.0])] master_uri[http://localhost:11311]
[roslaunch][INFO] 2020-11-09 03:25:02,615: process[rosapi-2]: env[{'LC_NUMERIC': 'ko_KR.UTF-8', 'ROS_DISTRO': 'indigo', 'LC_MEASUREMENT': 'ko_KR.UTF-8', 'LESSOPEN': '| /usr/bin/lesspipe %s', 'SSH_CLIENT': '172.22.77.171 62721 22', 'CPATH': '/home/fetch/catkin_ws/devel/include:/opt/ros/indigo/include', 'LOGNAME': 'fetch', 'USER': 'fetch', 'HOME': '/home/fetch', 'LC_PAPER': 'ko_KR.UTF-8', 'PATH': '/opt/ros/indigo/bin:/usr/local/sbin:/usr/local/bin:/usr/sbin:/usr/bin:/sbin:/bin:/usr/games:/usr/local/games', 'CMAKE_PREFIX_PATH': '/home/fetch/catkin_ws/devel:/opt/ros/indigo', 'ROS_LOG_FILENAME': '/home/fetch/.ros/log/0949a3b4-226e-11eb-b873-000babe55698/roslaunch-freight1207-6961.log', 'LANG': 'en_US.UTF-8', 'TERM': 'xterm-256color', 'SHELL': '/bin/bash', 'LC_MONETARY': 'ko_KR.UTF-8', 'QT_QPA_PLATFORMTHEME': 'appmenu-qt5', 'DISPLAY': 'localhost:13.0', '_VIRTUALENVWRAPPER_API': ' mkvirtualenv rmvirtualenv lsvirtualenv showvirtualenv workon add2virtualenv cdsitepackages cdvirtualenv lssitepackages toggleglobalsitepackages cpvirtualenv setvirtualenvproject mkproject cdproject mktmpenv mkvirtualenv rmvirtualenv lsvirtualenv showvirtualenv workon add2virtualenv cdsitepackages cdvirtualenv lssitepackages toggleglobalsitepackages cpvirtualenv setvirtualenvproject mkproject cdproject mktmpenv', 'XDG_RUNTIME_DIR': '/run/user/1000', 'LC_ADDRESS': 'ko_KR.UTF-8', 'PYTHONPATH': '/home/fetch/catkin_ws/devel/lib/python2.7/dist-packages:/opt/ros/indigo/lib/python2.7/dist-packages', 'ROS_ROOT': '/opt/ros/indigo/share/ros', 'PKG_CONFIG_PATH': '/home/fetch/catkin_ws/devel/lib/pkgconfig:/opt/ros/indigo/lib/pkgconfig', 'ROS_PACKAGE_PATH': '/home/fetch/catkin_ws/src:/opt/ros/indigo/share:/opt/ros/indigo/stacks', 'XDG_SESSION_ID': '4', '_': '/opt/ros/indigo/bin/roslaunch', 'LC_IDENTIFICATION': 'ko_KR.UTF-8', 'LD_LIBRARY_PATH': '/home/fetch/catkin_ws/devel/lib:/opt/ros/indigo/lib', 'LS_COLORS': 'rs=0:di=01;34:ln=01;36:mh=00:pi=40;33:so=01;35:do=01;35:bd=40;33;01:cd=40;33;01:or=40;31;01:su=37;41:sg=30;43:ca=30;41:tw=30;42:ow=34;42:st=37;44:ex=01;32:*.tar=01;31:*.tgz=01;31:*.arj=01;31:*.taz=01;31:*.lzh=01;31:*.lzma=01;31:*.tlz=01;31:*.txz=01;31:*.zip=01;31:*.z=01;31:*.Z=01;31:*.dz=01;31:*.gz=01;31:*.lz=01;31:*.xz=01;31:*.bz2=01;31:*.bz=01;31:*.tbz=01;31:*.tbz2=01;31:*.tz=01;31:*.deb=01;31:*.rpm=01;31:*.jar=01;31:*.war=01;31:*.ear=01;31:*.sar=01;31:*.rar=01;31:*.ace=01;31:*.zoo=01;31:*.cpio=01;31:*.7z=01;31:*.rz=01;31:*.jpg=01;35:*.jpeg=01;35:*.gif=01;35:*.bmp=01;35:*.pbm=01;35:*.pgm=01;35:*.ppm=01;35:*.tga=01;35:*.xbm=01;35:*.xpm=01;35:*.tif=01;35:*.tiff=01;35:*.png=01;35:*.svg=01;35:*.svgz=01;35:*.mng=01;35:*.pcx=01;35:*.mov=01;35:*.mpg=01;35:*.mpeg=01;35:*.m2v=01;35:*.mkv=01;35:*.webm=01;35:*.ogm=01;35:*.mp4=01;35:*.m4v=01;35:*.mp4v=01;35:*.vob=01;35:*.qt=01;35:*.nuv=01;35:*.wmv=01;35:*.asf=01;35:*.rm=01;35:*.rmvb=01;35:*.flc=01;35:*.avi=01;35:*.fli=01;35:*.flv=01;35:*.gl=01;35:*.dl=01;35:*.xcf=01;35:*.xwd=01;35:*.yuv=01;35:*.cgm=01;35:*.emf=01;35:*.axv=01;35:*.anx=01;35:*.ogv=01;35:*.ogx=01;35:*.aac=00;36:*.au=00;36:*.flac=00;36:*.mid=00;36:*.midi=00;36:*.mka=00;36:*.mp3=00;36:*.mpc=00;36:*.ogg=00;36:*.ra=00;36:*.wav=00;36:*.axa=00;36:*.oga=00;36:*.spx=00;36:*.xspf=00;36:', 'LESSCLOSE': '/usr/bin/lesspipe %s %s', 'SSH_TTY': '/dev/pts/29', 'OLDPWD': '/opt/ros/indigo/share', 'ROSLISP_PACKAGE_DIRECTORIES': '/home/fetch/catkin_ws/devel/share/common-lisp', 'LC_TELEPHONE': 'ko_KR.UTF-8', 'VIRTUALENVWRAPPER_SCRIPT': '/usr/share/virtualenvwrapper/virtualenvwrapper.sh', 'SHLVL': '1', 'PWD': '/opt/ros/indigo/share/rviz', 'ROS_ETC_DIR': '/opt/ros/indigo/etc/ros', 'ROS_MASTER_URI': 'http://localhost:11311', 'LC_NAME': 'ko_KR.UTF-8', 'MAIL': '/var/mail/fetch', 'LC_TIME': 'ko_KR.UTF-8', 'SSH_CONNECTION': '172.22.77.171 62721 172.22.77.172 22'}]
[roslaunch][INFO] 2020-11-09 03:25:02,616: process[rosapi-2]: args[[u'/home/fetch/catkin_ws/src/rosbridge_suite/rosapi/scripts/rosapi_node', u'__name:=rosapi']]
[roslaunch][INFO] 2020-11-09 03:25:02,616: ... created process [rosapi-2]
[roslaunch.pmon][INFO] 2020-11-09 03:25:02,616: ProcessMonitor.register[rosapi-2]
[roslaunch.pmon][INFO] 2020-11-09 03:25:02,616: ProcessMonitor.register[rosapi-2] complete
[roslaunch][INFO] 2020-11-09 03:25:02,616: ... registered process [rosapi-2]
[roslaunch][INFO] 2020-11-09 03:25:02,616: process[rosapi-2]: starting os process
[roslaunch][INFO] 2020-11-09 03:25:02,616: process[rosapi-2]: start w/ args [[u'/home/fetch/catkin_ws/src/rosbridge_suite/rosapi/scripts/rosapi_node', u'__name:=rosapi', u'__log:=/home/fetch/.ros/log/0949a3b4-226e-11eb-b873-000babe55698/rosapi-2.log']]
[roslaunch][INFO] 2020-11-09 03:25:02,616: process[rosapi-2]: cwd will be [/home/fetch/.ros]
[roslaunch][INFO] 2020-11-09 03:25:02,618: process[rosapi-2]: started with pid [6980]
[roslaunch][INFO] 2020-11-09 03:25:02,618: ... successfully launched [rosapi-2]
[roslaunch][INFO] 2020-11-09 03:25:02,618: ... launch_nodes complete
[roslaunch.pmon][INFO] 2020-11-09 03:25:02,618: registrations completed <ProcessMonitor(ProcessMonitor-1, started daemon 139927100360448)>
[roslaunch.parent][INFO] 2020-11-09 03:25:02,618: ... roslaunch parent running, waiting for process exit
[roslaunch][INFO] 2020-11-09 03:25:02,618: spin
[roslaunch.pmon][INFO] 2020-11-09 06:04:16,112: ProcessMonitor.shutdown <ProcessMonitor(ProcessMonitor-1, started daemon 139927100360448)>
[roslaunch.pmon][INFO] 2020-11-09 06:04:16,116: ProcessMonitor._post_run <ProcessMonitor(ProcessMonitor-1, started daemon 139927100360448)>
[roslaunch.pmon][INFO] 2020-11-09 06:04:16,116: ProcessMonitor._post_run <ProcessMonitor(ProcessMonitor-1, started daemon 139927100360448)>: remaining procs are [<roslaunch.nodeprocess.LocalProcess object at 0x7f4351446f90>, <roslaunch.nodeprocess.LocalProcess object at 0x7f4351446cd0>]
[roslaunch.pmon][INFO] 2020-11-09 06:04:16,116: ProcessMonitor exit: killing rosapi-2
[roslaunch.pmon][INFO] 2020-11-09 06:04:16,117: ProcessMonitor exit: killing rosbridge_websocket-1
[roslaunch][INFO] 2020-11-09 06:04:16,117: [rosapi-2] killing on exit
[roslaunch][INFO] 2020-11-09 06:04:16,118: process[rosapi-2]: killing os process with pid[6980] pgid[6980]
[roslaunch][INFO] 2020-11-09 06:04:16,118: [rosbridge_websocket-1] killing on exit
[roslaunch][INFO] 2020-11-09 06:04:16,119: [rosapi-2] sending SIGINT to pgid [6980]
[roslaunch][INFO] 2020-11-09 06:04:16,119: [rosapi-2] sent SIGINT to pgid [6980]
[roslaunch][INFO] 2020-11-09 06:04:16,119: process[rosbridge_websocket-1]: killing os process with pid[6979] pgid[6979]
[roslaunch][INFO] 2020-11-09 06:04:16,120: [rosbridge_websocket-1] sending SIGINT to pgid [6979]
[roslaunch][INFO] 2020-11-09 06:04:16,120: [rosbridge_websocket-1] sent SIGINT to pgid [6979]
[roslaunch][INFO] 2020-11-09 06:04:16,320: process[rosapi-2]: SIGINT killed with return value 0
[roslaunch][INFO] 2020-11-09 06:04:16,321: process[rosbridge_websocket-1]: SIGINT killed with return value 0
[roslaunch.pmon][INFO] 2020-11-09 06:04:16,321: ProcessMonitor exit: cleaning up data structures and signals
[roslaunch.pmon][INFO] 2020-11-09 06:04:16,321: ProcessMonitor exit: pmon has shutdown
[roslaunch][INFO] 2020-11-09 06:04:16,324: process monitor is done spinning, initiating full shutdown
[roslaunch][INFO] 2020-11-09 06:04:16,325: runner.stop()
[roslaunch][INFO] 2020-11-09 06:04:16,325: shutting down processing monitor...
[roslaunch][INFO] 2020-11-09 06:04:16,325: shutting down processing monitor <ProcessMonitor(ProcessMonitor-1, stopped daemon 139927100360448)>
[roslaunch.pmon][INFO] 2020-11-09 06:04:16,325: ProcessMonitor.shutdown <ProcessMonitor(ProcessMonitor-1, stopped daemon 139927100360448)>
[roslaunch][INFO] 2020-11-09 06:04:16,325: ... shutting down processing monitor complete
[roslaunch][INFO] 2020-11-09 06:04:16,325: done
[roslaunch.pmon][INFO] 2020-11-09 06:04:16,325: ProcessMonitor.shutdown <ProcessMonitor(ProcessMonitor-1, stopped daemon 139927100360448)>
[rospy.core][INFO] 2020-11-09 06:04:16,325: signal_shutdown [atexit]
