[roslaunch][INFO] 2020-11-01 21:36:15,866: Checking log directory for disk usage. This may take awhile.
Press Ctrl-C to interrupt
[roslaunch][INFO] 2020-11-01 21:36:15,870: Done checking log file disk usage. Usage is <1GB.
[roslaunch][INFO] 2020-11-01 21:36:15,870: roslaunch starting with args ['/opt/ros/indigo/bin/roslaunch', 'fetch_navigation', 'freight_nav.launch']
[roslaunch][INFO] 2020-11-01 21:36:15,870: roslaunch env is {'ROS_DISTRO': 'indigo', 'NVM_CD_FLAGS': '', 'LESSOPEN': '| /usr/bin/lesspipe %s', 'SSH_CLIENT': '172.22.77.105 57804 22', 'CPATH': '/home/fetch/catkin_ws/devel/include:/opt/ros/indigo/include', 'LOGNAME': 'fetch', 'USER': 'fetch', 'NVM_DIR': '/home/fetch/.nvm', 'HOME': '/home/fetch', 'PATH': '/home/fetch/.nvm/versions/node/v10.15.3/bin:/opt/ros/indigo/bin:/usr/local/sbin:/usr/local/bin:/usr/sbin:/usr/bin:/sbin:/bin:/usr/games:/usr/local/games', 'VIRTUALENVWRAPPER_SCRIPT': '/usr/share/virtualenvwrapper/virtualenvwrapper.sh', 'LD_LIBRARY_PATH': '/home/fetch/catkin_ws/devel/lib:/opt/ros/indigo/lib', 'LANG': 'en_US.UTF-8', 'TERM': 'xterm-256color', 'SHELL': '/bin/bash', 'ROS_LOG_FILENAME': '/home/fetch/.ros/log/e399cadc-1ccc-11eb-82a7-000babe55698/roslaunch-freight1207-3858.log', 'SHLVL': '1', 'QT_QPA_PLATFORMTHEME': 'appmenu-qt5', 'ROS_ETC_DIR': '/opt/ros/indigo/etc/ros', 'DISPLAY': 'localhost:10.0', 'NVM_BIN': '/home/fetch/.nvm/versions/node/v10.15.3/bin', '_VIRTUALENVWRAPPER_API': ' mkvirtualenv rmvirtualenv lsvirtualenv showvirtualenv workon add2virtualenv cdsitepackages cdvirtualenv lssitepackages toggleglobalsitepackages cpvirtualenv setvirtualenvproject mkproject cdproject mktmpenv mkvirtualenv rmvirtualenv lsvirtualenv showvirtualenv workon add2virtualenv cdsitepackages cdvirtualenv lssitepackages toggleglobalsitepackages cpvirtualenv setvirtualenvproject mkproject cdproject mktmpenv', 'CMAKE_PREFIX_PATH': '/home/fetch/catkin_ws/devel:/opt/ros/indigo', 'XDG_RUNTIME_DIR': '/run/user/1000', 'PYTHONPATH': '/home/fetch/catkin_ws/devel/lib/python2.7/dist-packages:/opt/ros/indigo/lib/python2.7/dist-packages', 'ROS_ROOT': '/opt/ros/indigo/share/ros', 'PKG_CONFIG_PATH': '/home/fetch/catkin_ws/devel/lib/pkgconfig:/opt/ros/indigo/lib/pkgconfig', 'ROS_PACKAGE_PATH': '/home/fetch/catkin_ws/src:/opt/ros/indigo/share:/opt/ros/indigo/stacks', 'XDG_SESSION_ID': '1', '_': '/opt/ros/indigo/bin/roslaunch', 'SSH_CONNECTION': '172.22.77.105 57804 172.22.77.172 22', 'LESSCLOSE': '/usr/bin/lesspipe %s %s', 'SSH_TTY': '/dev/pts/1', 'OLDPWD': '/opt/ros/indigo/share/fetch_navigation', 'PWD': '/opt/ros/indigo/share/fetch_navigation/launch', 'ROS_MASTER_URI': 'http://localhost:11311', 'MAIL': '/var/mail/fetch', 'LS_COLORS': 'rs=0:di=01;34:ln=01;36:mh=00:pi=40;33:so=01;35:do=01;35:bd=40;33;01:cd=40;33;01:or=40;31;01:su=37;41:sg=30;43:ca=30;41:tw=30;42:ow=34;42:st=37;44:ex=01;32:*.tar=01;31:*.tgz=01;31:*.arj=01;31:*.taz=01;31:*.lzh=01;31:*.lzma=01;31:*.tlz=01;31:*.txz=01;31:*.zip=01;31:*.z=01;31:*.Z=01;31:*.dz=01;31:*.gz=01;31:*.lz=01;31:*.xz=01;31:*.bz2=01;31:*.bz=01;31:*.tbz=01;31:*.tbz2=01;31:*.tz=01;31:*.deb=01;31:*.rpm=01;31:*.jar=01;31:*.war=01;31:*.ear=01;31:*.sar=01;31:*.rar=01;31:*.ace=01;31:*.zoo=01;31:*.cpio=01;31:*.7z=01;31:*.rz=01;31:*.jpg=01;35:*.jpeg=01;35:*.gif=01;35:*.bmp=01;35:*.pbm=01;35:*.pgm=01;35:*.ppm=01;35:*.tga=01;35:*.xbm=01;35:*.xpm=01;35:*.tif=01;35:*.tiff=01;35:*.png=01;35:*.svg=01;35:*.svgz=01;35:*.mng=01;35:*.pcx=01;35:*.mov=01;35:*.mpg=01;35:*.mpeg=01;35:*.m2v=01;35:*.mkv=01;35:*.webm=01;35:*.ogm=01;35:*.mp4=01;35:*.m4v=01;35:*.mp4v=01;35:*.vob=01;35:*.qt=01;35:*.nuv=01;35:*.wmv=01;35:*.asf=01;35:*.rm=01;35:*.rmvb=01;35:*.flc=01;35:*.avi=01;35:*.fli=01;35:*.flv=01;35:*.gl=01;35:*.dl=01;35:*.xcf=01;35:*.xwd=01;35:*.yuv=01;35:*.cgm=01;35:*.emf=01;35:*.axv=01;35:*.anx=01;35:*.ogv=01;35:*.ogx=01;35:*.aac=00;36:*.au=00;36:*.flac=00;36:*.mid=00;36:*.midi=00;36:*.mka=00;36:*.mp3=00;36:*.mpc=00;36:*.ogg=00;36:*.ra=00;36:*.wav=00;36:*.axa=00;36:*.oga=00;36:*.spx=00;36:*.xspf=00;36:'}
[roslaunch][INFO] 2020-11-01 21:36:15,870: starting in server mode
[roslaunch.parent][INFO] 2020-11-01 21:36:15,870: starting roslaunch parent run
[roslaunch][INFO] 2020-11-01 21:36:15,870: loading roscore config file /opt/ros/indigo/etc/ros/roscore.xml
[roslaunch][INFO] 2020-11-01 21:36:15,939: Added core node of type [rosout/rosout] in namespace [/]
[roslaunch.config][INFO] 2020-11-01 21:36:15,940: loading config file /opt/ros/indigo/share/fetch_navigation/launch/freight_nav.launch
[roslaunch][INFO] 2020-11-01 21:36:15,971: Added node of type [map_server/map_server] in namespace [/]
[roslaunch][INFO] 2020-11-01 21:36:15,972: Added node of type [rviz/rviz] in namespace [/]
[roslaunch][INFO] 2020-11-01 21:36:15,978: Added node of type [amcl/amcl] in namespace [/]
[roslaunch][INFO] 2020-11-01 21:36:15,996: Added node of type [move_base/move_base] in namespace [/]
[roslaunch][INFO] 2020-11-01 21:36:15,996: ... selected machine [] for node of type [map_server/map_server]
[roslaunch][INFO] 2020-11-01 21:36:15,996: ... selected machine [] for node of type [rviz/rviz]
[roslaunch][INFO] 2020-11-01 21:36:15,996: ... selected machine [] for node of type [amcl/amcl]
[roslaunch][INFO] 2020-11-01 21:36:15,996: ... selected machine [] for node of type [move_base/move_base]
[roslaunch.pmon][INFO] 2020-11-01 21:36:15,997: start_process_monitor: creating ProcessMonitor
[roslaunch.pmon][INFO] 2020-11-01 21:36:15,997: created process monitor <ProcessMonitor(ProcessMonitor-1, initial daemon)>
[roslaunch.pmon][INFO] 2020-11-01 21:36:15,997: start_process_monitor: ProcessMonitor started
[roslaunch.parent][INFO] 2020-11-01 21:36:15,997: starting parent XML-RPC server
[roslaunch.server][INFO] 2020-11-01 21:36:15,998: starting roslaunch XML-RPC server
[roslaunch.server][INFO] 2020-11-01 21:36:15,998: waiting for roslaunch XML-RPC server to initialize
[xmlrpc][INFO] 2020-11-01 21:36:15,998: XML-RPC server binding to 0.0.0.0:0
[xmlrpc][INFO] 2020-11-01 21:36:15,998: Started XML-RPC server [http://freight1207:52041/]
[xmlrpc][INFO] 2020-11-01 21:36:15,998: xml rpc node: starting XML-RPC server
[roslaunch][INFO] 2020-11-01 21:36:16,009: started roslaunch server http://freight1207:52041/
[roslaunch.parent][INFO] 2020-11-01 21:36:16,009: ... parent XML-RPC server started
[roslaunch][INFO] 2020-11-01 21:36:16,010: master.is_running[http://localhost:11311]
[roslaunch][INFO] 2020-11-01 21:36:16,011: master.is_running[http://localhost:11311]
[roslaunch][INFO] 2020-11-01 21:36:16,011: ROS_MASTER_URI=http://localhost:11311
[roslaunch][INFO] 2020-11-01 21:36:16,013: setting /roslaunch/uris/host_freight1207__52041' to http://freight1207:52041/
[roslaunch][INFO] 2020-11-01 21:36:16,014: load_parameters starting ...
[roslaunch][INFO] 2020-11-01 21:36:16,033: ... load_parameters complete
[roslaunch][INFO] 2020-11-01 21:36:16,033: launch_nodes: launching local nodes ...
[roslaunch][INFO] 2020-11-01 21:36:16,034: ... preparing to launch node of type [map_server/map_server]
[roslaunch][INFO] 2020-11-01 21:36:16,034: create_node_process: package[map_server] type[map_server] machine[Machine(name[] env_loader[None] address[localhost] ssh_port[22] user[None] assignable[True] timeout[10.0])] master_uri[http://localhost:11311]
[roslaunch][INFO] 2020-11-01 21:36:16,034: process[map_server-1]: env[{'ROS_DISTRO': 'indigo', 'NVM_CD_FLAGS': '', 'LESSOPEN': '| /usr/bin/lesspipe %s', 'SSH_CLIENT': '172.22.77.105 57804 22', 'CPATH': '/home/fetch/catkin_ws/devel/include:/opt/ros/indigo/include', 'LOGNAME': 'fetch', 'USER': 'fetch', 'NVM_DIR': '/home/fetch/.nvm', 'HOME': '/home/fetch', 'PATH': '/home/fetch/.nvm/versions/node/v10.15.3/bin:/opt/ros/indigo/bin:/usr/local/sbin:/usr/local/bin:/usr/sbin:/usr/bin:/sbin:/bin:/usr/games:/usr/local/games', 'VIRTUALENVWRAPPER_SCRIPT': '/usr/share/virtualenvwrapper/virtualenvwrapper.sh', 'ROS_LOG_FILENAME': '/home/fetch/.ros/log/e399cadc-1ccc-11eb-82a7-000babe55698/roslaunch-freight1207-3858.log', 'LANG': 'en_US.UTF-8', 'TERM': 'xterm-256color', 'SHELL': '/bin/bash', 'SHLVL': '1', 'QT_QPA_PLATFORMTHEME': 'appmenu-qt5', 'DISPLAY': 'localhost:10.0', 'NVM_BIN': '/home/fetch/.nvm/versions/node/v10.15.3/bin', '_VIRTUALENVWRAPPER_API': ' mkvirtualenv rmvirtualenv lsvirtualenv showvirtualenv workon add2virtualenv cdsitepackages cdvirtualenv lssitepackages toggleglobalsitepackages cpvirtualenv setvirtualenvproject mkproject cdproject mktmpenv mkvirtualenv rmvirtualenv lsvirtualenv showvirtualenv workon add2virtualenv cdsitepackages cdvirtualenv lssitepackages toggleglobalsitepackages cpvirtualenv setvirtualenvproject mkproject cdproject mktmpenv', 'CMAKE_PREFIX_PATH': '/home/fetch/catkin_ws/devel:/opt/ros/indigo', 'XDG_RUNTIME_DIR': '/run/user/1000', 'PYTHONPATH': '/home/fetch/catkin_ws/devel/lib/python2.7/dist-packages:/opt/ros/indigo/lib/python2.7/dist-packages', 'ROS_ROOT': '/opt/ros/indigo/share/ros', 'PKG_CONFIG_PATH': '/home/fetch/catkin_ws/devel/lib/pkgconfig:/opt/ros/indigo/lib/pkgconfig', 'ROS_PACKAGE_PATH': '/home/fetch/catkin_ws/src:/opt/ros/indigo/share:/opt/ros/indigo/stacks', 'XDG_SESSION_ID': '1', '_': '/opt/ros/indigo/bin/roslaunch', 'LD_LIBRARY_PATH': '/home/fetch/catkin_ws/devel/lib:/opt/ros/indigo/lib', 'LS_COLORS': 'rs=0:di=01;34:ln=01;36:mh=00:pi=40;33:so=01;35:do=01;35:bd=40;33;01:cd=40;33;01:or=40;31;01:su=37;41:sg=30;43:ca=30;41:tw=30;42:ow=34;42:st=37;44:ex=01;32:*.tar=01;31:*.tgz=01;31:*.arj=01;31:*.taz=01;31:*.lzh=01;31:*.lzma=01;31:*.tlz=01;31:*.txz=01;31:*.zip=01;31:*.z=01;31:*.Z=01;31:*.dz=01;31:*.gz=01;31:*.lz=01;31:*.xz=01;31:*.bz2=01;31:*.bz=01;31:*.tbz=01;31:*.tbz2=01;31:*.tz=01;31:*.deb=01;31:*.rpm=01;31:*.jar=01;31:*.war=01;31:*.ear=01;31:*.sar=01;31:*.rar=01;31:*.ace=01;31:*.zoo=01;31:*.cpio=01;31:*.7z=01;31:*.rz=01;31:*.jpg=01;35:*.jpeg=01;35:*.gif=01;35:*.bmp=01;35:*.pbm=01;35:*.pgm=01;35:*.ppm=01;35:*.tga=01;35:*.xbm=01;35:*.xpm=01;35:*.tif=01;35:*.tiff=01;35:*.png=01;35:*.svg=01;35:*.svgz=01;35:*.mng=01;35:*.pcx=01;35:*.mov=01;35:*.mpg=01;35:*.mpeg=01;35:*.m2v=01;35:*.mkv=01;35:*.webm=01;35:*.ogm=01;35:*.mp4=01;35:*.m4v=01;35:*.mp4v=01;35:*.vob=01;35:*.qt=01;35:*.nuv=01;35:*.wmv=01;35:*.asf=01;35:*.rm=01;35:*.rmvb=01;35:*.flc=01;35:*.avi=01;35:*.fli=01;35:*.flv=01;35:*.gl=01;35:*.dl=01;35:*.xcf=01;35:*.xwd=01;35:*.yuv=01;35:*.cgm=01;35:*.emf=01;35:*.axv=01;35:*.anx=01;35:*.ogv=01;35:*.ogx=01;35:*.aac=00;36:*.au=00;36:*.flac=00;36:*.mid=00;36:*.midi=00;36:*.mka=00;36:*.mp3=00;36:*.mpc=00;36:*.ogg=00;36:*.ra=00;36:*.wav=00;36:*.axa=00;36:*.oga=00;36:*.spx=00;36:*.xspf=00;36:', 'LESSCLOSE': '/usr/bin/lesspipe %s %s', 'SSH_TTY': '/dev/pts/1', 'OLDPWD': '/opt/ros/indigo/share/fetch_navigation', 'PWD': '/opt/ros/indigo/share/fetch_navigation/launch', 'ROS_ETC_DIR': '/opt/ros/indigo/etc/ros', 'ROS_MASTER_URI': 'http://localhost:11311', 'MAIL': '/var/mail/fetch', 'SSH_CONNECTION': '172.22.77.105 57804 172.22.77.172 22'}]
[roslaunch][INFO] 2020-11-01 21:36:16,064: process[map_server-1]: args[[u'/opt/ros/indigo/lib/map_server/map_server', '/home/fetch/final_map.yaml', u'__name:=map_server']]
[roslaunch][INFO] 2020-11-01 21:36:16,065: ... created process [map_server-1]
[roslaunch.pmon][INFO] 2020-11-01 21:36:16,065: ProcessMonitor.register[map_server-1]
[roslaunch.pmon][INFO] 2020-11-01 21:36:16,065: ProcessMonitor.register[map_server-1] complete
[roslaunch][INFO] 2020-11-01 21:36:16,065: ... registered process [map_server-1]
[roslaunch][INFO] 2020-11-01 21:36:16,065: process[map_server-1]: starting os process
[roslaunch][INFO] 2020-11-01 21:36:16,065: process[map_server-1]: start w/ args [[u'/opt/ros/indigo/lib/map_server/map_server', '/home/fetch/final_map.yaml', u'__name:=map_server', u'__log:=/home/fetch/.ros/log/e399cadc-1ccc-11eb-82a7-000babe55698/map_server-1.log']]
[roslaunch][INFO] 2020-11-01 21:36:16,065: process[map_server-1]: cwd will be [/home/fetch/.ros]
[roslaunch][INFO] 2020-11-01 21:36:16,067: process[map_server-1]: started with pid [3876]
[roslaunch][INFO] 2020-11-01 21:36:16,067: ... successfully launched [map_server-1]
[roslaunch][INFO] 2020-11-01 21:36:16,067: ... preparing to launch node of type [rviz/rviz]
[roslaunch][INFO] 2020-11-01 21:36:16,067: create_node_process: package[rviz] type[rviz] machine[Machine(name[] env_loader[None] address[localhost] ssh_port[22] user[None] assignable[True] timeout[10.0])] master_uri[http://localhost:11311]
[roslaunch][INFO] 2020-11-01 21:36:16,068: process[rviz-2]: env[{'ROS_DISTRO': 'indigo', 'NVM_CD_FLAGS': '', 'LESSOPEN': '| /usr/bin/lesspipe %s', 'SSH_CLIENT': '172.22.77.105 57804 22', 'CPATH': '/home/fetch/catkin_ws/devel/include:/opt/ros/indigo/include', 'LOGNAME': 'fetch', 'USER': 'fetch', 'NVM_DIR': '/home/fetch/.nvm', 'HOME': '/home/fetch', 'PATH': '/home/fetch/.nvm/versions/node/v10.15.3/bin:/opt/ros/indigo/bin:/usr/local/sbin:/usr/local/bin:/usr/sbin:/usr/bin:/sbin:/bin:/usr/games:/usr/local/games', 'VIRTUALENVWRAPPER_SCRIPT': '/usr/share/virtualenvwrapper/virtualenvwrapper.sh', 'ROS_LOG_FILENAME': '/home/fetch/.ros/log/e399cadc-1ccc-11eb-82a7-000babe55698/roslaunch-freight1207-3858.log', 'LANG': 'en_US.UTF-8', 'TERM': 'xterm-256color', 'SHELL': '/bin/bash', 'SHLVL': '1', 'QT_QPA_PLATFORMTHEME': 'appmenu-qt5', 'DISPLAY': 'localhost:10.0', 'NVM_BIN': '/home/fetch/.nvm/versions/node/v10.15.3/bin', '_VIRTUALENVWRAPPER_API': ' mkvirtualenv rmvirtualenv lsvirtualenv showvirtualenv workon add2virtualenv cdsitepackages cdvirtualenv lssitepackages toggleglobalsitepackages cpvirtualenv setvirtualenvproject mkproject cdproject mktmpenv mkvirtualenv rmvirtualenv lsvirtualenv showvirtualenv workon add2virtualenv cdsitepackages cdvirtualenv lssitepackages toggleglobalsitepackages cpvirtualenv setvirtualenvproject mkproject cdproject mktmpenv', 'CMAKE_PREFIX_PATH': '/home/fetch/catkin_ws/devel:/opt/ros/indigo', 'XDG_RUNTIME_DIR': '/run/user/1000', 'PYTHONPATH': '/home/fetch/catkin_ws/devel/lib/python2.7/dist-packages:/opt/ros/indigo/lib/python2.7/dist-packages', 'ROS_ROOT': '/opt/ros/indigo/share/ros', 'PKG_CONFIG_PATH': '/home/fetch/catkin_ws/devel/lib/pkgconfig:/opt/ros/indigo/lib/pkgconfig', 'ROS_PACKAGE_PATH': '/home/fetch/catkin_ws/src:/opt/ros/indigo/share:/opt/ros/indigo/stacks', 'XDG_SESSION_ID': '1', '_': '/opt/ros/indigo/bin/roslaunch', 'LD_LIBRARY_PATH': '/home/fetch/catkin_ws/devel/lib:/opt/ros/indigo/lib', 'LS_COLORS': 'rs=0:di=01;34:ln=01;36:mh=00:pi=40;33:so=01;35:do=01;35:bd=40;33;01:cd=40;33;01:or=40;31;01:su=37;41:sg=30;43:ca=30;41:tw=30;42:ow=34;42:st=37;44:ex=01;32:*.tar=01;31:*.tgz=01;31:*.arj=01;31:*.taz=01;31:*.lzh=01;31:*.lzma=01;31:*.tlz=01;31:*.txz=01;31:*.zip=01;31:*.z=01;31:*.Z=01;31:*.dz=01;31:*.gz=01;31:*.lz=01;31:*.xz=01;31:*.bz2=01;31:*.bz=01;31:*.tbz=01;31:*.tbz2=01;31:*.tz=01;31:*.deb=01;31:*.rpm=01;31:*.jar=01;31:*.war=01;31:*.ear=01;31:*.sar=01;31:*.rar=01;31:*.ace=01;31:*.zoo=01;31:*.cpio=01;31:*.7z=01;31:*.rz=01;31:*.jpg=01;35:*.jpeg=01;35:*.gif=01;35:*.bmp=01;35:*.pbm=01;35:*.pgm=01;35:*.ppm=01;35:*.tga=01;35:*.xbm=01;35:*.xpm=01;35:*.tif=01;35:*.tiff=01;35:*.png=01;35:*.svg=01;35:*.svgz=01;35:*.mng=01;35:*.pcx=01;35:*.mov=01;35:*.mpg=01;35:*.mpeg=01;35:*.m2v=01;35:*.mkv=01;35:*.webm=01;35:*.ogm=01;35:*.mp4=01;35:*.m4v=01;35:*.mp4v=01;35:*.vob=01;35:*.qt=01;35:*.nuv=01;35:*.wmv=01;35:*.asf=01;35:*.rm=01;35:*.rmvb=01;35:*.flc=01;35:*.avi=01;35:*.fli=01;35:*.flv=01;35:*.gl=01;35:*.dl=01;35:*.xcf=01;35:*.xwd=01;35:*.yuv=01;35:*.cgm=01;35:*.emf=01;35:*.axv=01;35:*.anx=01;35:*.ogv=01;35:*.ogx=01;35:*.aac=00;36:*.au=00;36:*.flac=00;36:*.mid=00;36:*.midi=00;36:*.mka=00;36:*.mp3=00;36:*.mpc=00;36:*.ogg=00;36:*.ra=00;36:*.wav=00;36:*.axa=00;36:*.oga=00;36:*.spx=00;36:*.xspf=00;36:', 'LESSCLOSE': '/usr/bin/lesspipe %s %s', 'SSH_TTY': '/dev/pts/1', 'OLDPWD': '/opt/ros/indigo/share/fetch_navigation', 'PWD': '/opt/ros/indigo/share/fetch_navigation/launch', 'ROS_ETC_DIR': '/opt/ros/indigo/etc/ros', 'ROS_MASTER_URI': 'http://localhost:11311', 'MAIL': '/var/mail/fetch', 'SSH_CONNECTION': '172.22.77.105 57804 172.22.77.172 22'}]
[roslaunch][INFO] 2020-11-01 21:36:16,073: process[rviz-2]: args[[u'/opt/ros/indigo/lib/rviz/rviz', '/opt/ros/indigo/share/fetch_navigation/config/navigation.rviz', u'__name:=rviz']]
[roslaunch][INFO] 2020-11-01 21:36:16,073: ... created process [rviz-2]
[roslaunch.pmon][INFO] 2020-11-01 21:36:16,073: ProcessMonitor.register[rviz-2]
[roslaunch.pmon][INFO] 2020-11-01 21:36:16,074: ProcessMonitor.register[rviz-2] complete
[roslaunch][INFO] 2020-11-01 21:36:16,074: ... registered process [rviz-2]
[roslaunch][INFO] 2020-11-01 21:36:16,074: process[rviz-2]: starting os process
[roslaunch][INFO] 2020-11-01 21:36:16,074: process[rviz-2]: start w/ args [[u'/opt/ros/indigo/lib/rviz/rviz', '/opt/ros/indigo/share/fetch_navigation/config/navigation.rviz', u'__name:=rviz', u'__log:=/home/fetch/.ros/log/e399cadc-1ccc-11eb-82a7-000babe55698/rviz-2.log']]
[roslaunch][INFO] 2020-11-01 21:36:16,074: process[rviz-2]: cwd will be [/home/fetch/.ros]
[roslaunch][INFO] 2020-11-01 21:36:16,075: process[rviz-2]: started with pid [3877]
[roslaunch][INFO] 2020-11-01 21:36:16,075: ... successfully launched [rviz-2]
[roslaunch][INFO] 2020-11-01 21:36:16,076: ... preparing to launch node of type [amcl/amcl]
[roslaunch][INFO] 2020-11-01 21:36:16,076: create_node_process: package[amcl] type[amcl] machine[Machine(name[] env_loader[None] address[localhost] ssh_port[22] user[None] assignable[True] timeout[10.0])] master_uri[http://localhost:11311]
[roslaunch][INFO] 2020-11-01 21:36:16,076: process[amcl-3]: env[{'ROS_DISTRO': 'indigo', 'NVM_CD_FLAGS': '', 'LESSOPEN': '| /usr/bin/lesspipe %s', 'SSH_CLIENT': '172.22.77.105 57804 22', 'CPATH': '/home/fetch/catkin_ws/devel/include:/opt/ros/indigo/include', 'LOGNAME': 'fetch', 'USER': 'fetch', 'NVM_DIR': '/home/fetch/.nvm', 'HOME': '/home/fetch', 'PATH': '/home/fetch/.nvm/versions/node/v10.15.3/bin:/opt/ros/indigo/bin:/usr/local/sbin:/usr/local/bin:/usr/sbin:/usr/bin:/sbin:/bin:/usr/games:/usr/local/games', 'VIRTUALENVWRAPPER_SCRIPT': '/usr/share/virtualenvwrapper/virtualenvwrapper.sh', 'ROS_LOG_FILENAME': '/home/fetch/.ros/log/e399cadc-1ccc-11eb-82a7-000babe55698/roslaunch-freight1207-3858.log', 'LANG': 'en_US.UTF-8', 'TERM': 'xterm-256color', 'SHELL': '/bin/bash', 'SHLVL': '1', 'QT_QPA_PLATFORMTHEME': 'appmenu-qt5', 'DISPLAY': 'localhost:10.0', 'NVM_BIN': '/home/fetch/.nvm/versions/node/v10.15.3/bin', '_VIRTUALENVWRAPPER_API': ' mkvirtualenv rmvirtualenv lsvirtualenv showvirtualenv workon add2virtualenv cdsitepackages cdvirtualenv lssitepackages toggleglobalsitepackages cpvirtualenv setvirtualenvproject mkproject cdproject mktmpenv mkvirtualenv rmvirtualenv lsvirtualenv showvirtualenv workon add2virtualenv cdsitepackages cdvirtualenv lssitepackages toggleglobalsitepackages cpvirtualenv setvirtualenvproject mkproject cdproject mktmpenv', 'CMAKE_PREFIX_PATH': '/home/fetch/catkin_ws/devel:/opt/ros/indigo', 'XDG_RUNTIME_DIR': '/run/user/1000', 'PYTHONPATH': '/home/fetch/catkin_ws/devel/lib/python2.7/dist-packages:/opt/ros/indigo/lib/python2.7/dist-packages', 'ROS_ROOT': '/opt/ros/indigo/share/ros', 'PKG_CONFIG_PATH': '/home/fetch/catkin_ws/devel/lib/pkgconfig:/opt/ros/indigo/lib/pkgconfig', 'ROS_PACKAGE_PATH': '/home/fetch/catkin_ws/src:/opt/ros/indigo/share:/opt/ros/indigo/stacks', 'XDG_SESSION_ID': '1', '_': '/opt/ros/indigo/bin/roslaunch', 'LD_LIBRARY_PATH': '/home/fetch/catkin_ws/devel/lib:/opt/ros/indigo/lib', 'LS_COLORS': 'rs=0:di=01;34:ln=01;36:mh=00:pi=40;33:so=01;35:do=01;35:bd=40;33;01:cd=40;33;01:or=40;31;01:su=37;41:sg=30;43:ca=30;41:tw=30;42:ow=34;42:st=37;44:ex=01;32:*.tar=01;31:*.tgz=01;31:*.arj=01;31:*.taz=01;31:*.lzh=01;31:*.lzma=01;31:*.tlz=01;31:*.txz=01;31:*.zip=01;31:*.z=01;31:*.Z=01;31:*.dz=01;31:*.gz=01;31:*.lz=01;31:*.xz=01;31:*.bz2=01;31:*.bz=01;31:*.tbz=01;31:*.tbz2=01;31:*.tz=01;31:*.deb=01;31:*.rpm=01;31:*.jar=01;31:*.war=01;31:*.ear=01;31:*.sar=01;31:*.rar=01;31:*.ace=01;31:*.zoo=01;31:*.cpio=01;31:*.7z=01;31:*.rz=01;31:*.jpg=01;35:*.jpeg=01;35:*.gif=01;35:*.bmp=01;35:*.pbm=01;35:*.pgm=01;35:*.ppm=01;35:*.tga=01;35:*.xbm=01;35:*.xpm=01;35:*.tif=01;35:*.tiff=01;35:*.png=01;35:*.svg=01;35:*.svgz=01;35:*.mng=01;35:*.pcx=01;35:*.mov=01;35:*.mpg=01;35:*.mpeg=01;35:*.m2v=01;35:*.mkv=01;35:*.webm=01;35:*.ogm=01;35:*.mp4=01;35:*.m4v=01;35:*.mp4v=01;35:*.vob=01;35:*.qt=01;35:*.nuv=01;35:*.wmv=01;35:*.asf=01;35:*.rm=01;35:*.rmvb=01;35:*.flc=01;35:*.avi=01;35:*.fli=01;35:*.flv=01;35:*.gl=01;35:*.dl=01;35:*.xcf=01;35:*.xwd=01;35:*.yuv=01;35:*.cgm=01;35:*.emf=01;35:*.axv=01;35:*.anx=01;35:*.ogv=01;35:*.ogx=01;35:*.aac=00;36:*.au=00;36:*.flac=00;36:*.mid=00;36:*.midi=00;36:*.mka=00;36:*.mp3=00;36:*.mpc=00;36:*.ogg=00;36:*.ra=00;36:*.wav=00;36:*.axa=00;36:*.oga=00;36:*.spx=00;36:*.xspf=00;36:', 'LESSCLOSE': '/usr/bin/lesspipe %s %s', 'SSH_TTY': '/dev/pts/1', 'OLDPWD': '/opt/ros/indigo/share/fetch_navigation', 'PWD': '/opt/ros/indigo/share/fetch_navigation/launch', 'ROS_ETC_DIR': '/opt/ros/indigo/etc/ros', 'ROS_MASTER_URI': 'http://localhost:11311', 'MAIL': '/var/mail/fetch', 'SSH_CONNECTION': '172.22.77.105 57804 172.22.77.172 22'}]
[roslaunch][INFO] 2020-11-01 21:36:16,077: process[amcl-3]: args[[u'/opt/ros/indigo/lib/amcl/amcl', u'scan:=base_scan', u'map:=map', u'__name:=amcl']]
[roslaunch][INFO] 2020-11-01 21:36:16,077: ... created process [amcl-3]
[roslaunch.pmon][INFO] 2020-11-01 21:36:16,077: ProcessMonitor.register[amcl-3]
[roslaunch.pmon][INFO] 2020-11-01 21:36:16,077: ProcessMonitor.register[amcl-3] complete
[roslaunch][INFO] 2020-11-01 21:36:16,077: ... registered process [amcl-3]
[roslaunch][INFO] 2020-11-01 21:36:16,077: process[amcl-3]: starting os process
[roslaunch][INFO] 2020-11-01 21:36:16,078: process[amcl-3]: start w/ args [[u'/opt/ros/indigo/lib/amcl/amcl', u'scan:=base_scan', u'map:=map', u'__name:=amcl', u'__log:=/home/fetch/.ros/log/e399cadc-1ccc-11eb-82a7-000babe55698/amcl-3.log']]
[roslaunch][INFO] 2020-11-01 21:36:16,078: process[amcl-3]: cwd will be [/home/fetch/.ros]
[roslaunch][INFO] 2020-11-01 21:36:16,081: process[amcl-3]: started with pid [3878]
[roslaunch][INFO] 2020-11-01 21:36:16,081: ... successfully launched [amcl-3]
[roslaunch][INFO] 2020-11-01 21:36:16,081: ... preparing to launch node of type [move_base/move_base]
[roslaunch][INFO] 2020-11-01 21:36:16,081: create_node_process: package[move_base] type[move_base] machine[Machine(name[] env_loader[None] address[localhost] ssh_port[22] user[None] assignable[True] timeout[10.0])] master_uri[http://localhost:11311]
[roslaunch][INFO] 2020-11-01 21:36:16,081: process[move_base-4]: env[{'ROS_DISTRO': 'indigo', 'NVM_CD_FLAGS': '', 'LESSOPEN': '| /usr/bin/lesspipe %s', 'SSH_CLIENT': '172.22.77.105 57804 22', 'CPATH': '/home/fetch/catkin_ws/devel/include:/opt/ros/indigo/include', 'LOGNAME': 'fetch', 'USER': 'fetch', 'NVM_DIR': '/home/fetch/.nvm', 'HOME': '/home/fetch', 'PATH': '/home/fetch/.nvm/versions/node/v10.15.3/bin:/opt/ros/indigo/bin:/usr/local/sbin:/usr/local/bin:/usr/sbin:/usr/bin:/sbin:/bin:/usr/games:/usr/local/games', 'VIRTUALENVWRAPPER_SCRIPT': '/usr/share/virtualenvwrapper/virtualenvwrapper.sh', 'ROS_LOG_FILENAME': '/home/fetch/.ros/log/e399cadc-1ccc-11eb-82a7-000babe55698/roslaunch-freight1207-3858.log', 'LANG': 'en_US.UTF-8', 'TERM': 'xterm-256color', 'SHELL': '/bin/bash', 'SHLVL': '1', 'QT_QPA_PLATFORMTHEME': 'appmenu-qt5', 'DISPLAY': 'localhost:10.0', 'NVM_BIN': '/home/fetch/.nvm/versions/node/v10.15.3/bin', '_VIRTUALENVWRAPPER_API': ' mkvirtualenv rmvirtualenv lsvirtualenv showvirtualenv workon add2virtualenv cdsitepackages cdvirtualenv lssitepackages toggleglobalsitepackages cpvirtualenv setvirtualenvproject mkproject cdproject mktmpenv mkvirtualenv rmvirtualenv lsvirtualenv showvirtualenv workon add2virtualenv cdsitepackages cdvirtualenv lssitepackages toggleglobalsitepackages cpvirtualenv setvirtualenvproject mkproject cdproject mktmpenv', 'CMAKE_PREFIX_PATH': '/home/fetch/catkin_ws/devel:/opt/ros/indigo', 'XDG_RUNTIME_DIR': '/run/user/1000', 'PYTHONPATH': '/home/fetch/catkin_ws/devel/lib/python2.7/dist-packages:/opt/ros/indigo/lib/python2.7/dist-packages', 'ROS_ROOT': '/opt/ros/indigo/share/ros', 'PKG_CONFIG_PATH': '/home/fetch/catkin_ws/devel/lib/pkgconfig:/opt/ros/indigo/lib/pkgconfig', 'ROS_PACKAGE_PATH': '/home/fetch/catkin_ws/src:/opt/ros/indigo/share:/opt/ros/indigo/stacks', 'XDG_SESSION_ID': '1', '_': '/opt/ros/indigo/bin/roslaunch', 'LD_LIBRARY_PATH': '/home/fetch/catkin_ws/devel/lib:/opt/ros/indigo/lib', 'LS_COLORS': 'rs=0:di=01;34:ln=01;36:mh=00:pi=40;33:so=01;35:do=01;35:bd=40;33;01:cd=40;33;01:or=40;31;01:su=37;41:sg=30;43:ca=30;41:tw=30;42:ow=34;42:st=37;44:ex=01;32:*.tar=01;31:*.tgz=01;31:*.arj=01;31:*.taz=01;31:*.lzh=01;31:*.lzma=01;31:*.tlz=01;31:*.txz=01;31:*.zip=01;31:*.z=01;31:*.Z=01;31:*.dz=01;31:*.gz=01;31:*.lz=01;31:*.xz=01;31:*.bz2=01;31:*.bz=01;31:*.tbz=01;31:*.tbz2=01;31:*.tz=01;31:*.deb=01;31:*.rpm=01;31:*.jar=01;31:*.war=01;31:*.ear=01;31:*.sar=01;31:*.rar=01;31:*.ace=01;31:*.zoo=01;31:*.cpio=01;31:*.7z=01;31:*.rz=01;31:*.jpg=01;35:*.jpeg=01;35:*.gif=01;35:*.bmp=01;35:*.pbm=01;35:*.pgm=01;35:*.ppm=01;35:*.tga=01;35:*.xbm=01;35:*.xpm=01;35:*.tif=01;35:*.tiff=01;35:*.png=01;35:*.svg=01;35:*.svgz=01;35:*.mng=01;35:*.pcx=01;35:*.mov=01;35:*.mpg=01;35:*.mpeg=01;35:*.m2v=01;35:*.mkv=01;35:*.webm=01;35:*.ogm=01;35:*.mp4=01;35:*.m4v=01;35:*.mp4v=01;35:*.vob=01;35:*.qt=01;35:*.nuv=01;35:*.wmv=01;35:*.asf=01;35:*.rm=01;35:*.rmvb=01;35:*.flc=01;35:*.avi=01;35:*.fli=01;35:*.flv=01;35:*.gl=01;35:*.dl=01;35:*.xcf=01;35:*.xwd=01;35:*.yuv=01;35:*.cgm=01;35:*.emf=01;35:*.axv=01;35:*.anx=01;35:*.ogv=01;35:*.ogx=01;35:*.aac=00;36:*.au=00;36:*.flac=00;36:*.mid=00;36:*.midi=00;36:*.mka=00;36:*.mp3=00;36:*.mpc=00;36:*.ogg=00;36:*.ra=00;36:*.wav=00;36:*.axa=00;36:*.oga=00;36:*.spx=00;36:*.xspf=00;36:', 'LESSCLOSE': '/usr/bin/lesspipe %s %s', 'SSH_TTY': '/dev/pts/1', 'OLDPWD': '/opt/ros/indigo/share/fetch_navigation', 'PWD': '/opt/ros/indigo/share/fetch_navigation/launch', 'ROS_ETC_DIR': '/opt/ros/indigo/etc/ros', 'ROS_MASTER_URI': 'http://localhost:11311', 'MAIL': '/var/mail/fetch', 'SSH_CONNECTION': '172.22.77.105 57804 172.22.77.172 22'}]
[roslaunch][INFO] 2020-11-01 21:36:16,083: process[move_base-4]: args[[u'/opt/ros/indigo/lib/move_base/move_base', u'cmd_vel:=cmd_vel', u'odom:=odom', u'map:=map', u'__name:=move_base']]
[roslaunch][INFO] 2020-11-01 21:36:16,083: ... created process [move_base-4]
[roslaunch.pmon][INFO] 2020-11-01 21:36:16,083: ProcessMonitor.register[move_base-4]
[roslaunch.pmon][INFO] 2020-11-01 21:36:16,083: ProcessMonitor.register[move_base-4] complete
[roslaunch][INFO] 2020-11-01 21:36:16,083: ... registered process [move_base-4]
[roslaunch][INFO] 2020-11-01 21:36:16,083: process[move_base-4]: starting os process
[roslaunch][INFO] 2020-11-01 21:36:16,083: process[move_base-4]: start w/ args [[u'/opt/ros/indigo/lib/move_base/move_base', u'cmd_vel:=cmd_vel', u'odom:=odom', u'map:=map', u'__name:=move_base', u'__log:=/home/fetch/.ros/log/e399cadc-1ccc-11eb-82a7-000babe55698/move_base-4.log']]
[roslaunch][INFO] 2020-11-01 21:36:16,083: process[move_base-4]: cwd will be [/home/fetch/.ros]
[roslaunch][INFO] 2020-11-01 21:36:16,086: process[move_base-4]: started with pid [3879]
[roslaunch][INFO] 2020-11-01 21:36:16,086: ... successfully launched [move_base-4]
[roslaunch][INFO] 2020-11-01 21:36:16,086: ... launch_nodes complete
[roslaunch.pmon][INFO] 2020-11-01 21:36:16,086: registrations completed <ProcessMonitor(ProcessMonitor-1, started daemon 140211792566016)>
[roslaunch.parent][INFO] 2020-11-01 21:36:16,086: ... roslaunch parent running, waiting for process exit
[roslaunch][INFO] 2020-11-01 21:36:16,086: spin
[roslaunch.pmon][INFO] 2020-11-01 21:38:25,402: ProcessMonitor.shutdown <ProcessMonitor(ProcessMonitor-1, started daemon 140211792566016)>
[roslaunch.pmon][INFO] 2020-11-01 21:38:25,407: ProcessMonitor._post_run <ProcessMonitor(ProcessMonitor-1, started daemon 140211792566016)>
[roslaunch.pmon][INFO] 2020-11-01 21:38:25,407: ProcessMonitor._post_run <ProcessMonitor(ProcessMonitor-1, started daemon 140211792566016)>: remaining procs are [<roslaunch.nodeprocess.LocalProcess object at 0x7f859a386590>, <roslaunch.nodeprocess.LocalProcess object at 0x7f859a3867d0>, <roslaunch.nodeprocess.LocalProcess object at 0x7f859a386750>, <roslaunch.nodeprocess.LocalProcess object at 0x7f859893a350>]
[roslaunch.pmon][INFO] 2020-11-01 21:38:25,407: ProcessMonitor exit: killing move_base-4
[roslaunch][INFO] 2020-11-01 21:38:25,407: [move_base-4] killing on exit
[roslaunch][INFO] 2020-11-01 21:38:25,407: process[move_base-4]: killing os process with pid[3879] pgid[3879]
[roslaunch][INFO] 2020-11-01 21:38:25,407: [move_base-4] sending SIGINT to pgid [3879]
[roslaunch][INFO] 2020-11-01 21:38:25,407: [move_base-4] sent SIGINT to pgid [3879]
[roslaunch.pmon][INFO] 2020-11-01 21:38:25,407: ProcessMonitor exit: killing amcl-3
[roslaunch][INFO] 2020-11-01 21:38:25,408: [amcl-3] killing on exit
[roslaunch.pmon][INFO] 2020-11-01 21:38:25,408: ProcessMonitor exit: killing rviz-2
[roslaunch][INFO] 2020-11-01 21:38:25,408: process[amcl-3]: killing os process with pid[3878] pgid[3878]
[roslaunch][INFO] 2020-11-01 21:38:25,408: [rviz-2] killing on exit
[roslaunch][INFO] 2020-11-01 21:38:25,408: [amcl-3] sending SIGINT to pgid [3878]
[roslaunch.pmon][INFO] 2020-11-01 21:38:25,408: ProcessMonitor exit: killing map_server-1
[roslaunch][INFO] 2020-11-01 21:38:25,409: [amcl-3] sent SIGINT to pgid [3878]
[roslaunch][INFO] 2020-11-01 21:38:25,409: process[rviz-2]: killing os process with pid[3877] pgid[3877]
[roslaunch][INFO] 2020-11-01 21:38:25,409: [map_server-1] killing on exit
[roslaunch][INFO] 2020-11-01 21:38:25,410: [rviz-2] sending SIGINT to pgid [3877]
[roslaunch][INFO] 2020-11-01 21:38:25,410: process[map_server-1]: killing os process with pid[3876] pgid[3876]
[roslaunch][INFO] 2020-11-01 21:38:25,410: [rviz-2] sent SIGINT to pgid [3877]
[roslaunch][INFO] 2020-11-01 21:38:25,410: [map_server-1] sending SIGINT to pgid [3876]
[roslaunch][INFO] 2020-11-01 21:38:25,410: [map_server-1] sent SIGINT to pgid [3876]
[roslaunch][INFO] 2020-11-01 21:38:25,711: process[map_server-1]: SIGINT killed with return value 0
[roslaunch][INFO] 2020-11-01 21:38:25,810: process[amcl-3]: SIGINT killed with return value 0
[roslaunch][INFO] 2020-11-01 21:38:26,008: process[move_base-4]: SIGINT killed with return value 0
[roslaunch][INFO] 2020-11-01 21:38:27,013: process[rviz-2]: SIGINT killed with return value 0
[roslaunch.pmon][INFO] 2020-11-01 21:38:27,013: ProcessMonitor exit: cleaning up data structures and signals
[roslaunch.pmon][INFO] 2020-11-01 21:38:27,013: ProcessMonitor exit: pmon has shutdown
[roslaunch][INFO] 2020-11-01 21:38:27,019: process monitor is done spinning, initiating full shutdown
[roslaunch][INFO] 2020-11-01 21:38:27,019: runner.stop()
[roslaunch][INFO] 2020-11-01 21:38:27,019: shutting down processing monitor...
[roslaunch][INFO] 2020-11-01 21:38:27,019: shutting down processing monitor <ProcessMonitor(ProcessMonitor-1, stopped daemon 140211792566016)>
[roslaunch.pmon][INFO] 2020-11-01 21:38:27,019: ProcessMonitor.shutdown <ProcessMonitor(ProcessMonitor-1, stopped daemon 140211792566016)>
[roslaunch][INFO] 2020-11-01 21:38:27,019: ... shutting down processing monitor complete
[roslaunch][INFO] 2020-11-01 21:38:27,020: done
[roslaunch.pmon][INFO] 2020-11-01 21:38:27,020: ProcessMonitor.shutdown <ProcessMonitor(ProcessMonitor-1, stopped daemon 140211792566016)>
[rospy.core][INFO] 2020-11-01 21:38:27,020: signal_shutdown [atexit]
