[roslaunch][INFO] 2020-10-18 23:08:30,249: Checking log directory for disk usage. This may take awhile.
Press Ctrl-C to interrupt
[roslaunch][INFO] 2020-10-18 23:08:30,251: Done checking log file disk usage. Usage is <1GB.
[roslaunch][INFO] 2020-10-18 23:08:30,252: roslaunch starting with args ['/opt/ros/indigo/bin/roslaunch', 'fetch_navigation', 'freight_nav.launch', 'amcl_and_mapserver_a:=true', 'map_file_a:=uokmap.yaml']
[roslaunch][INFO] 2020-10-18 23:08:30,252: roslaunch env is {'ROS_DISTRO': 'indigo', 'LESSOPEN': '| /usr/bin/lesspipe %s', 'SSH_CLIENT': '192.168.30.25 63548 22', 'CPATH': '/home/fetch/catkin_ws/devel/include:/opt/ros/indigo/include', 'LOGNAME': 'fetch', 'USER': 'fetch', 'PATH': '/opt/ros/indigo/bin:/usr/local/sbin:/usr/local/bin:/usr/sbin:/usr/bin:/sbin:/bin:/usr/games:/usr/local/games', 'HOME': '/home/fetch', 'CMAKE_PREFIX_PATH': '/home/fetch/catkin_ws/devel:/opt/ros/indigo', 'LD_LIBRARY_PATH': '/home/fetch/catkin_ws/devel/lib:/opt/ros/indigo/lib:/opt/ros/indigo/lib/x86_64-linux-gnu', 'LANG': 'en_US.UTF-8', 'TERM': 'xterm-256color', 'SHELL': '/bin/bash', 'SHLVL': '1', 'QT_QPA_PLATFORMTHEME': 'appmenu-qt5', 'ROS_LOG_FILENAME': '/home/fetch/.ros/log/58f6d5d4-11cb-11eb-bbce-000babe55698/roslaunch-freight1207-25687.log', 'ROS_ETC_DIR': '/opt/ros/indigo/etc/ros', 'XDG_RUNTIME_DIR': '/run/user/1000', 'PYTHONPATH': '/home/fetch/catkin_ws/devel/lib/python2.7/dist-packages:/opt/ros/indigo/lib/python2.7/dist-packages', 'ROS_ROOT': '/opt/ros/indigo/share/ros', 'PKG_CONFIG_PATH': '/home/fetch/catkin_ws/devel/lib/pkgconfig:/opt/ros/indigo/lib/pkgconfig:/opt/ros/indigo/lib/x86_64-linux-gnu/pkgconfig', 'ROS_PACKAGE_PATH': '/home/fetch/catkin_ws/src:/opt/ros/indigo/share:/opt/ros/indigo/stacks', 'XDG_SESSION_ID': '7', '_': '/opt/ros/indigo/bin/roslaunch', 'SSH_CONNECTION': '192.168.30.25 63548 192.168.30.100 22', 'LESSCLOSE': '/usr/bin/lesspipe %s %s', 'SSH_TTY': '/dev/pts/0', 'OLDPWD': '/home', 'PWD': '/home/fetch', 'ROS_MASTER_URI': 'http://localhost:11311', 'MAIL': '/var/mail/fetch', 'LS_COLORS': 'rs=0:di=01;34:ln=01;36:mh=00:pi=40;33:so=01;35:do=01;35:bd=40;33;01:cd=40;33;01:or=40;31;01:su=37;41:sg=30;43:ca=30;41:tw=30;42:ow=34;42:st=37;44:ex=01;32:*.tar=01;31:*.tgz=01;31:*.arj=01;31:*.taz=01;31:*.lzh=01;31:*.lzma=01;31:*.tlz=01;31:*.txz=01;31:*.zip=01;31:*.z=01;31:*.Z=01;31:*.dz=01;31:*.gz=01;31:*.lz=01;31:*.xz=01;31:*.bz2=01;31:*.bz=01;31:*.tbz=01;31:*.tbz2=01;31:*.tz=01;31:*.deb=01;31:*.rpm=01;31:*.jar=01;31:*.war=01;31:*.ear=01;31:*.sar=01;31:*.rar=01;31:*.ace=01;31:*.zoo=01;31:*.cpio=01;31:*.7z=01;31:*.rz=01;31:*.jpg=01;35:*.jpeg=01;35:*.gif=01;35:*.bmp=01;35:*.pbm=01;35:*.pgm=01;35:*.ppm=01;35:*.tga=01;35:*.xbm=01;35:*.xpm=01;35:*.tif=01;35:*.tiff=01;35:*.png=01;35:*.svg=01;35:*.svgz=01;35:*.mng=01;35:*.pcx=01;35:*.mov=01;35:*.mpg=01;35:*.mpeg=01;35:*.m2v=01;35:*.mkv=01;35:*.webm=01;35:*.ogm=01;35:*.mp4=01;35:*.m4v=01;35:*.mp4v=01;35:*.vob=01;35:*.qt=01;35:*.nuv=01;35:*.wmv=01;35:*.asf=01;35:*.rm=01;35:*.rmvb=01;35:*.flc=01;35:*.avi=01;35:*.fli=01;35:*.flv=01;35:*.gl=01;35:*.dl=01;35:*.xcf=01;35:*.xwd=01;35:*.yuv=01;35:*.cgm=01;35:*.emf=01;35:*.axv=01;35:*.anx=01;35:*.ogv=01;35:*.ogx=01;35:*.aac=00;36:*.au=00;36:*.flac=00;36:*.mid=00;36:*.midi=00;36:*.mka=00;36:*.mp3=00;36:*.mpc=00;36:*.ogg=00;36:*.ra=00;36:*.wav=00;36:*.axa=00;36:*.oga=00;36:*.spx=00;36:*.xspf=00;36:'}
[roslaunch][INFO] 2020-10-18 23:08:30,252: starting in server mode
[roslaunch.parent][INFO] 2020-10-18 23:08:30,252: starting roslaunch parent run
[roslaunch][INFO] 2020-10-18 23:08:30,252: loading roscore config file /opt/ros/indigo/etc/ros/roscore.xml
[roslaunch][INFO] 2020-10-18 23:08:30,305: Added core node of type [rosout/rosout] in namespace [/]
[roslaunch.config][INFO] 2020-10-18 23:08:30,305: loading config file /opt/ros/indigo/share/fetch_navigation/launch/freight_nav.launch
[roslaunch][INFO] 2020-10-18 23:08:30,322: Added node of type [map_server/map_server] in namespace [/]
[roslaunch][INFO] 2020-10-18 23:08:30,327: Added node of type [amcl/amcl] in namespace [/]
[roslaunch][INFO] 2020-10-18 23:08:30,344: Added node of type [move_base/move_base] in namespace [/]
[roslaunch][INFO] 2020-10-18 23:08:30,344: ... selected machine [] for node of type [map_server/map_server]
[roslaunch][INFO] 2020-10-18 23:08:30,344: ... selected machine [] for node of type [amcl/amcl]
[roslaunch][INFO] 2020-10-18 23:08:30,344: ... selected machine [] for node of type [move_base/move_base]
[roslaunch.pmon][INFO] 2020-10-18 23:08:30,345: start_process_monitor: creating ProcessMonitor
[roslaunch.pmon][INFO] 2020-10-18 23:08:30,345: created process monitor <ProcessMonitor(ProcessMonitor-1, initial daemon)>
[roslaunch.pmon][INFO] 2020-10-18 23:08:30,345: start_process_monitor: ProcessMonitor started
[roslaunch.parent][INFO] 2020-10-18 23:08:30,345: starting parent XML-RPC server
[roslaunch.server][INFO] 2020-10-18 23:08:30,345: starting roslaunch XML-RPC server
[roslaunch.server][INFO] 2020-10-18 23:08:30,345: waiting for roslaunch XML-RPC server to initialize
[xmlrpc][INFO] 2020-10-18 23:08:30,345: XML-RPC server binding to 0.0.0.0:0
[xmlrpc][INFO] 2020-10-18 23:08:30,346: Started XML-RPC server [http://freight1207:36160/]
[xmlrpc][INFO] 2020-10-18 23:08:30,346: xml rpc node: starting XML-RPC server
[roslaunch][INFO] 2020-10-18 23:08:30,356: started roslaunch server http://freight1207:36160/
[roslaunch.parent][INFO] 2020-10-18 23:08:30,356: ... parent XML-RPC server started
[roslaunch][INFO] 2020-10-18 23:08:30,357: master.is_running[http://localhost:11311]
[roslaunch][INFO] 2020-10-18 23:08:30,358: master.is_running[http://localhost:11311]
[roslaunch][INFO] 2020-10-18 23:08:30,359: ROS_MASTER_URI=http://localhost:11311
[roslaunch][INFO] 2020-10-18 23:08:30,360: setting /roslaunch/uris/host_freight1207__36160' to http://freight1207:36160/
[roslaunch][INFO] 2020-10-18 23:08:30,362: load_parameters starting ...
[roslaunch][INFO] 2020-10-18 23:08:30,380: ... load_parameters complete
[roslaunch][INFO] 2020-10-18 23:08:30,380: launch_nodes: launching local nodes ...
[roslaunch][INFO] 2020-10-18 23:08:30,381: ... preparing to launch node of type [map_server/map_server]
[roslaunch][INFO] 2020-10-18 23:08:30,381: create_node_process: package[map_server] type[map_server] machine[Machine(name[] env_loader[None] address[localhost] ssh_port[22] user[None] assignable[True] timeout[10.0])] master_uri[http://localhost:11311]
[roslaunch][INFO] 2020-10-18 23:08:30,381: process[map_server-1]: env[{'ROS_DISTRO': 'indigo', 'LESSOPEN': '| /usr/bin/lesspipe %s', 'SSH_CLIENT': '192.168.30.25 63548 22', 'CPATH': '/home/fetch/catkin_ws/devel/include:/opt/ros/indigo/include', 'LOGNAME': 'fetch', 'USER': 'fetch', 'PATH': '/opt/ros/indigo/bin:/usr/local/sbin:/usr/local/bin:/usr/sbin:/usr/bin:/sbin:/bin:/usr/games:/usr/local/games', 'HOME': '/home/fetch', 'CMAKE_PREFIX_PATH': '/home/fetch/catkin_ws/devel:/opt/ros/indigo', 'ROS_LOG_FILENAME': '/home/fetch/.ros/log/58f6d5d4-11cb-11eb-bbce-000babe55698/roslaunch-freight1207-25687.log', 'LANG': 'en_US.UTF-8', 'TERM': 'xterm-256color', 'SHELL': '/bin/bash', 'SHLVL': '1', 'QT_QPA_PLATFORMTHEME': 'appmenu-qt5', 'LD_LIBRARY_PATH': '/home/fetch/catkin_ws/devel/lib:/opt/ros/indigo/lib:/opt/ros/indigo/lib/x86_64-linux-gnu', 'ROS_MASTER_URI': 'http://localhost:11311', 'XDG_RUNTIME_DIR': '/run/user/1000', 'PYTHONPATH': '/home/fetch/catkin_ws/devel/lib/python2.7/dist-packages:/opt/ros/indigo/lib/python2.7/dist-packages', 'ROS_ROOT': '/opt/ros/indigo/share/ros', 'PKG_CONFIG_PATH': '/home/fetch/catkin_ws/devel/lib/pkgconfig:/opt/ros/indigo/lib/pkgconfig:/opt/ros/indigo/lib/x86_64-linux-gnu/pkgconfig', 'ROS_PACKAGE_PATH': '/home/fetch/catkin_ws/src:/opt/ros/indigo/share:/opt/ros/indigo/stacks', 'XDG_SESSION_ID': '7', '_': '/opt/ros/indigo/bin/roslaunch', 'LS_COLORS': 'rs=0:di=01;34:ln=01;36:mh=00:pi=40;33:so=01;35:do=01;35:bd=40;33;01:cd=40;33;01:or=40;31;01:su=37;41:sg=30;43:ca=30;41:tw=30;42:ow=34;42:st=37;44:ex=01;32:*.tar=01;31:*.tgz=01;31:*.arj=01;31:*.taz=01;31:*.lzh=01;31:*.lzma=01;31:*.tlz=01;31:*.txz=01;31:*.zip=01;31:*.z=01;31:*.Z=01;31:*.dz=01;31:*.gz=01;31:*.lz=01;31:*.xz=01;31:*.bz2=01;31:*.bz=01;31:*.tbz=01;31:*.tbz2=01;31:*.tz=01;31:*.deb=01;31:*.rpm=01;31:*.jar=01;31:*.war=01;31:*.ear=01;31:*.sar=01;31:*.rar=01;31:*.ace=01;31:*.zoo=01;31:*.cpio=01;31:*.7z=01;31:*.rz=01;31:*.jpg=01;35:*.jpeg=01;35:*.gif=01;35:*.bmp=01;35:*.pbm=01;35:*.pgm=01;35:*.ppm=01;35:*.tga=01;35:*.xbm=01;35:*.xpm=01;35:*.tif=01;35:*.tiff=01;35:*.png=01;35:*.svg=01;35:*.svgz=01;35:*.mng=01;35:*.pcx=01;35:*.mov=01;35:*.mpg=01;35:*.mpeg=01;35:*.m2v=01;35:*.mkv=01;35:*.webm=01;35:*.ogm=01;35:*.mp4=01;35:*.m4v=01;35:*.mp4v=01;35:*.vob=01;35:*.qt=01;35:*.nuv=01;35:*.wmv=01;35:*.asf=01;35:*.rm=01;35:*.rmvb=01;35:*.flc=01;35:*.avi=01;35:*.fli=01;35:*.flv=01;35:*.gl=01;35:*.dl=01;35:*.xcf=01;35:*.xwd=01;35:*.yuv=01;35:*.cgm=01;35:*.emf=01;35:*.axv=01;35:*.anx=01;35:*.ogv=01;35:*.ogx=01;35:*.aac=00;36:*.au=00;36:*.flac=00;36:*.mid=00;36:*.midi=00;36:*.mka=00;36:*.mp3=00;36:*.mpc=00;36:*.ogg=00;36:*.ra=00;36:*.wav=00;36:*.axa=00;36:*.oga=00;36:*.spx=00;36:*.xspf=00;36:', 'LESSCLOSE': '/usr/bin/lesspipe %s %s', 'SSH_TTY': '/dev/pts/0', 'OLDPWD': '/home', 'PWD': '/home/fetch', 'ROS_ETC_DIR': '/opt/ros/indigo/etc/ros', 'MAIL': '/var/mail/fetch', 'SSH_CONNECTION': '192.168.30.25 63548 192.168.30.100 22'}]
[roslaunch][INFO] 2020-10-18 23:08:30,397: process[map_server-1]: args[[u'/opt/ros/indigo/lib/map_server/map_server', '/home/fetch/maps/uok03.yaml', u'__name:=map_server']]
[roslaunch][INFO] 2020-10-18 23:08:30,397: ... created process [map_server-1]
[roslaunch.pmon][INFO] 2020-10-18 23:08:30,397: ProcessMonitor.register[map_server-1]
[roslaunch.pmon][INFO] 2020-10-18 23:08:30,397: ProcessMonitor.register[map_server-1] complete
[roslaunch][INFO] 2020-10-18 23:08:30,397: ... registered process [map_server-1]
[roslaunch][INFO] 2020-10-18 23:08:30,397: process[map_server-1]: starting os process
[roslaunch][INFO] 2020-10-18 23:08:30,397: process[map_server-1]: start w/ args [[u'/opt/ros/indigo/lib/map_server/map_server', '/home/fetch/maps/uok03.yaml', u'__name:=map_server', u'__log:=/home/fetch/.ros/log/58f6d5d4-11cb-11eb-bbce-000babe55698/map_server-1.log']]
[roslaunch][INFO] 2020-10-18 23:08:30,397: process[map_server-1]: cwd will be [/home/fetch/.ros]
[roslaunch][INFO] 2020-10-18 23:08:30,399: process[map_server-1]: started with pid [25705]
[roslaunch][INFO] 2020-10-18 23:08:30,399: ... successfully launched [map_server-1]
[roslaunch][INFO] 2020-10-18 23:08:30,399: ... preparing to launch node of type [amcl/amcl]
[roslaunch][INFO] 2020-10-18 23:08:30,399: create_node_process: package[amcl] type[amcl] machine[Machine(name[] env_loader[None] address[localhost] ssh_port[22] user[None] assignable[True] timeout[10.0])] master_uri[http://localhost:11311]
[roslaunch][INFO] 2020-10-18 23:08:30,399: process[amcl-2]: env[{'ROS_DISTRO': 'indigo', 'LESSOPEN': '| /usr/bin/lesspipe %s', 'SSH_CLIENT': '192.168.30.25 63548 22', 'CPATH': '/home/fetch/catkin_ws/devel/include:/opt/ros/indigo/include', 'LOGNAME': 'fetch', 'USER': 'fetch', 'PATH': '/opt/ros/indigo/bin:/usr/local/sbin:/usr/local/bin:/usr/sbin:/usr/bin:/sbin:/bin:/usr/games:/usr/local/games', 'HOME': '/home/fetch', 'CMAKE_PREFIX_PATH': '/home/fetch/catkin_ws/devel:/opt/ros/indigo', 'ROS_LOG_FILENAME': '/home/fetch/.ros/log/58f6d5d4-11cb-11eb-bbce-000babe55698/roslaunch-freight1207-25687.log', 'LANG': 'en_US.UTF-8', 'TERM': 'xterm-256color', 'SHELL': '/bin/bash', 'SHLVL': '1', 'QT_QPA_PLATFORMTHEME': 'appmenu-qt5', 'LD_LIBRARY_PATH': '/home/fetch/catkin_ws/devel/lib:/opt/ros/indigo/lib:/opt/ros/indigo/lib/x86_64-linux-gnu', 'ROS_MASTER_URI': 'http://localhost:11311', 'XDG_RUNTIME_DIR': '/run/user/1000', 'PYTHONPATH': '/home/fetch/catkin_ws/devel/lib/python2.7/dist-packages:/opt/ros/indigo/lib/python2.7/dist-packages', 'ROS_ROOT': '/opt/ros/indigo/share/ros', 'PKG_CONFIG_PATH': '/home/fetch/catkin_ws/devel/lib/pkgconfig:/opt/ros/indigo/lib/pkgconfig:/opt/ros/indigo/lib/x86_64-linux-gnu/pkgconfig', 'ROS_PACKAGE_PATH': '/home/fetch/catkin_ws/src:/opt/ros/indigo/share:/opt/ros/indigo/stacks', 'XDG_SESSION_ID': '7', '_': '/opt/ros/indigo/bin/roslaunch', 'LS_COLORS': 'rs=0:di=01;34:ln=01;36:mh=00:pi=40;33:so=01;35:do=01;35:bd=40;33;01:cd=40;33;01:or=40;31;01:su=37;41:sg=30;43:ca=30;41:tw=30;42:ow=34;42:st=37;44:ex=01;32:*.tar=01;31:*.tgz=01;31:*.arj=01;31:*.taz=01;31:*.lzh=01;31:*.lzma=01;31:*.tlz=01;31:*.txz=01;31:*.zip=01;31:*.z=01;31:*.Z=01;31:*.dz=01;31:*.gz=01;31:*.lz=01;31:*.xz=01;31:*.bz2=01;31:*.bz=01;31:*.tbz=01;31:*.tbz2=01;31:*.tz=01;31:*.deb=01;31:*.rpm=01;31:*.jar=01;31:*.war=01;31:*.ear=01;31:*.sar=01;31:*.rar=01;31:*.ace=01;31:*.zoo=01;31:*.cpio=01;31:*.7z=01;31:*.rz=01;31:*.jpg=01;35:*.jpeg=01;35:*.gif=01;35:*.bmp=01;35:*.pbm=01;35:*.pgm=01;35:*.ppm=01;35:*.tga=01;35:*.xbm=01;35:*.xpm=01;35:*.tif=01;35:*.tiff=01;35:*.png=01;35:*.svg=01;35:*.svgz=01;35:*.mng=01;35:*.pcx=01;35:*.mov=01;35:*.mpg=01;35:*.mpeg=01;35:*.m2v=01;35:*.mkv=01;35:*.webm=01;35:*.ogm=01;35:*.mp4=01;35:*.m4v=01;35:*.mp4v=01;35:*.vob=01;35:*.qt=01;35:*.nuv=01;35:*.wmv=01;35:*.asf=01;35:*.rm=01;35:*.rmvb=01;35:*.flc=01;35:*.avi=01;35:*.fli=01;35:*.flv=01;35:*.gl=01;35:*.dl=01;35:*.xcf=01;35:*.xwd=01;35:*.yuv=01;35:*.cgm=01;35:*.emf=01;35:*.axv=01;35:*.anx=01;35:*.ogv=01;35:*.ogx=01;35:*.aac=00;36:*.au=00;36:*.flac=00;36:*.mid=00;36:*.midi=00;36:*.mka=00;36:*.mp3=00;36:*.mpc=00;36:*.ogg=00;36:*.ra=00;36:*.wav=00;36:*.axa=00;36:*.oga=00;36:*.spx=00;36:*.xspf=00;36:', 'LESSCLOSE': '/usr/bin/lesspipe %s %s', 'SSH_TTY': '/dev/pts/0', 'OLDPWD': '/home', 'PWD': '/home/fetch', 'ROS_ETC_DIR': '/opt/ros/indigo/etc/ros', 'MAIL': '/var/mail/fetch', 'SSH_CONNECTION': '192.168.30.25 63548 192.168.30.100 22'}]
[roslaunch][INFO] 2020-10-18 23:08:30,400: process[amcl-2]: args[[u'/opt/ros/indigo/lib/amcl/amcl', u'scan:=base_scan', u'map:=map', u'__name:=amcl']]
[roslaunch][INFO] 2020-10-18 23:08:30,400: ... created process [amcl-2]
[roslaunch.pmon][INFO] 2020-10-18 23:08:30,400: ProcessMonitor.register[amcl-2]
[roslaunch.pmon][INFO] 2020-10-18 23:08:30,400: ProcessMonitor.register[amcl-2] complete
[roslaunch][INFO] 2020-10-18 23:08:30,400: ... registered process [amcl-2]
[roslaunch][INFO] 2020-10-18 23:08:30,400: process[amcl-2]: starting os process
[roslaunch][INFO] 2020-10-18 23:08:30,400: process[amcl-2]: start w/ args [[u'/opt/ros/indigo/lib/amcl/amcl', u'scan:=base_scan', u'map:=map', u'__name:=amcl', u'__log:=/home/fetch/.ros/log/58f6d5d4-11cb-11eb-bbce-000babe55698/amcl-2.log']]
[roslaunch][INFO] 2020-10-18 23:08:30,400: process[amcl-2]: cwd will be [/home/fetch/.ros]
[roslaunch][INFO] 2020-10-18 23:08:30,403: process[amcl-2]: started with pid [25706]
[roslaunch][INFO] 2020-10-18 23:08:30,403: ... successfully launched [amcl-2]
[roslaunch][INFO] 2020-10-18 23:08:30,403: ... preparing to launch node of type [move_base/move_base]
[roslaunch][INFO] 2020-10-18 23:08:30,403: create_node_process: package[move_base] type[move_base] machine[Machine(name[] env_loader[None] address[localhost] ssh_port[22] user[None] assignable[True] timeout[10.0])] master_uri[http://localhost:11311]
[roslaunch][INFO] 2020-10-18 23:08:30,404: process[move_base-3]: env[{'ROS_DISTRO': 'indigo', 'LESSOPEN': '| /usr/bin/lesspipe %s', 'SSH_CLIENT': '192.168.30.25 63548 22', 'CPATH': '/home/fetch/catkin_ws/devel/include:/opt/ros/indigo/include', 'LOGNAME': 'fetch', 'USER': 'fetch', 'PATH': '/opt/ros/indigo/bin:/usr/local/sbin:/usr/local/bin:/usr/sbin:/usr/bin:/sbin:/bin:/usr/games:/usr/local/games', 'HOME': '/home/fetch', 'CMAKE_PREFIX_PATH': '/home/fetch/catkin_ws/devel:/opt/ros/indigo', 'ROS_LOG_FILENAME': '/home/fetch/.ros/log/58f6d5d4-11cb-11eb-bbce-000babe55698/roslaunch-freight1207-25687.log', 'LANG': 'en_US.UTF-8', 'TERM': 'xterm-256color', 'SHELL': '/bin/bash', 'SHLVL': '1', 'QT_QPA_PLATFORMTHEME': 'appmenu-qt5', 'LD_LIBRARY_PATH': '/home/fetch/catkin_ws/devel/lib:/opt/ros/indigo/lib:/opt/ros/indigo/lib/x86_64-linux-gnu', 'ROS_MASTER_URI': 'http://localhost:11311', 'XDG_RUNTIME_DIR': '/run/user/1000', 'PYTHONPATH': '/home/fetch/catkin_ws/devel/lib/python2.7/dist-packages:/opt/ros/indigo/lib/python2.7/dist-packages', 'ROS_ROOT': '/opt/ros/indigo/share/ros', 'PKG_CONFIG_PATH': '/home/fetch/catkin_ws/devel/lib/pkgconfig:/opt/ros/indigo/lib/pkgconfig:/opt/ros/indigo/lib/x86_64-linux-gnu/pkgconfig', 'ROS_PACKAGE_PATH': '/home/fetch/catkin_ws/src:/opt/ros/indigo/share:/opt/ros/indigo/stacks', 'XDG_SESSION_ID': '7', '_': '/opt/ros/indigo/bin/roslaunch', 'LS_COLORS': 'rs=0:di=01;34:ln=01;36:mh=00:pi=40;33:so=01;35:do=01;35:bd=40;33;01:cd=40;33;01:or=40;31;01:su=37;41:sg=30;43:ca=30;41:tw=30;42:ow=34;42:st=37;44:ex=01;32:*.tar=01;31:*.tgz=01;31:*.arj=01;31:*.taz=01;31:*.lzh=01;31:*.lzma=01;31:*.tlz=01;31:*.txz=01;31:*.zip=01;31:*.z=01;31:*.Z=01;31:*.dz=01;31:*.gz=01;31:*.lz=01;31:*.xz=01;31:*.bz2=01;31:*.bz=01;31:*.tbz=01;31:*.tbz2=01;31:*.tz=01;31:*.deb=01;31:*.rpm=01;31:*.jar=01;31:*.war=01;31:*.ear=01;31:*.sar=01;31:*.rar=01;31:*.ace=01;31:*.zoo=01;31:*.cpio=01;31:*.7z=01;31:*.rz=01;31:*.jpg=01;35:*.jpeg=01;35:*.gif=01;35:*.bmp=01;35:*.pbm=01;35:*.pgm=01;35:*.ppm=01;35:*.tga=01;35:*.xbm=01;35:*.xpm=01;35:*.tif=01;35:*.tiff=01;35:*.png=01;35:*.svg=01;35:*.svgz=01;35:*.mng=01;35:*.pcx=01;35:*.mov=01;35:*.mpg=01;35:*.mpeg=01;35:*.m2v=01;35:*.mkv=01;35:*.webm=01;35:*.ogm=01;35:*.mp4=01;35:*.m4v=01;35:*.mp4v=01;35:*.vob=01;35:*.qt=01;35:*.nuv=01;35:*.wmv=01;35:*.asf=01;35:*.rm=01;35:*.rmvb=01;35:*.flc=01;35:*.avi=01;35:*.fli=01;35:*.flv=01;35:*.gl=01;35:*.dl=01;35:*.xcf=01;35:*.xwd=01;35:*.yuv=01;35:*.cgm=01;35:*.emf=01;35:*.axv=01;35:*.anx=01;35:*.ogv=01;35:*.ogx=01;35:*.aac=00;36:*.au=00;36:*.flac=00;36:*.mid=00;36:*.midi=00;36:*.mka=00;36:*.mp3=00;36:*.mpc=00;36:*.ogg=00;36:*.ra=00;36:*.wav=00;36:*.axa=00;36:*.oga=00;36:*.spx=00;36:*.xspf=00;36:', 'LESSCLOSE': '/usr/bin/lesspipe %s %s', 'SSH_TTY': '/dev/pts/0', 'OLDPWD': '/home', 'PWD': '/home/fetch', 'ROS_ETC_DIR': '/opt/ros/indigo/etc/ros', 'MAIL': '/var/mail/fetch', 'SSH_CONNECTION': '192.168.30.25 63548 192.168.30.100 22'}]
[roslaunch][INFO] 2020-10-18 23:08:30,404: process[move_base-3]: args[[u'/opt/ros/indigo/lib/move_base/move_base', u'cmd_vel:=cmd_vel', u'odom:=odom', u'map:=map', u'__name:=move_base']]
[roslaunch][INFO] 2020-10-18 23:08:30,404: ... created process [move_base-3]
[roslaunch.pmon][INFO] 2020-10-18 23:08:30,404: ProcessMonitor.register[move_base-3]
[roslaunch.pmon][INFO] 2020-10-18 23:08:30,404: ProcessMonitor.register[move_base-3] complete
[roslaunch][INFO] 2020-10-18 23:08:30,404: ... registered process [move_base-3]
[roslaunch][INFO] 2020-10-18 23:08:30,404: process[move_base-3]: starting os process
[roslaunch][INFO] 2020-10-18 23:08:30,404: process[move_base-3]: start w/ args [[u'/opt/ros/indigo/lib/move_base/move_base', u'cmd_vel:=cmd_vel', u'odom:=odom', u'map:=map', u'__name:=move_base', u'__log:=/home/fetch/.ros/log/58f6d5d4-11cb-11eb-bbce-000babe55698/move_base-3.log']]
[roslaunch][INFO] 2020-10-18 23:08:30,405: process[move_base-3]: cwd will be [/home/fetch/.ros]
[roslaunch][INFO] 2020-10-18 23:08:30,406: process[move_base-3]: started with pid [25707]
[roslaunch][INFO] 2020-10-18 23:08:30,406: ... successfully launched [move_base-3]
[roslaunch][INFO] 2020-10-18 23:08:30,406: ... launch_nodes complete
[roslaunch.pmon][INFO] 2020-10-18 23:08:30,406: registrations completed <ProcessMonitor(ProcessMonitor-1, started daemon 140648040306432)>
[roslaunch.parent][INFO] 2020-10-18 23:08:30,406: ... roslaunch parent running, waiting for process exit
[roslaunch][INFO] 2020-10-18 23:08:30,406: spin
[roslaunch][INFO] 2020-10-18 23:08:31,647: [move_base-3] process has finished cleanly
log file: /home/fetch/.ros/log/58f6d5d4-11cb-11eb-bbce-000babe55698/move_base-3*.log
[roslaunch][INFO] 2020-10-18 23:08:31,648: [move_base-3] restarting process
[roslaunch][INFO] 2020-10-18 23:08:31,648: process[move_base-3]: restarting os process
[roslaunch][INFO] 2020-10-18 23:08:31,648: process[move_base-3]: start w/ args [[u'/opt/ros/indigo/lib/move_base/move_base', u'cmd_vel:=cmd_vel', u'odom:=odom', u'map:=map', u'__name:=move_base', u'__log:=/home/fetch/.ros/log/58f6d5d4-11cb-11eb-bbce-000babe55698/move_base-3.log']]
[roslaunch][INFO] 2020-10-18 23:08:31,648: process[move_base-3]: cwd will be [/home/fetch/.ros]
[roslaunch][INFO] 2020-10-18 23:08:31,649: process[move_base-3]: started with pid [27116]
[roslaunch][INFO] 2020-10-18 23:08:32,852: [move_base-3] process has finished cleanly
log file: /home/fetch/.ros/log/58f6d5d4-11cb-11eb-bbce-000babe55698/move_base-3*.log
[roslaunch][INFO] 2020-10-18 23:08:32,852: [move_base-3] restarting process
[roslaunch][INFO] 2020-10-18 23:08:32,852: process[move_base-3]: restarting os process
[roslaunch][INFO] 2020-10-18 23:08:32,852: process[move_base-3]: start w/ args [[u'/opt/ros/indigo/lib/move_base/move_base', u'cmd_vel:=cmd_vel', u'odom:=odom', u'map:=map', u'__name:=move_base', u'__log:=/home/fetch/.ros/log/58f6d5d4-11cb-11eb-bbce-000babe55698/move_base-3.log']]
[roslaunch][INFO] 2020-10-18 23:08:32,852: process[move_base-3]: cwd will be [/home/fetch/.ros]
[roslaunch][INFO] 2020-10-18 23:08:32,854: process[move_base-3]: started with pid [28226]
[roslaunch][INFO] 2020-10-18 23:08:34,056: [move_base-3] process has finished cleanly
log file: /home/fetch/.ros/log/58f6d5d4-11cb-11eb-bbce-000babe55698/move_base-3*.log
[roslaunch][INFO] 2020-10-18 23:08:34,056: [move_base-3] restarting process
[roslaunch][INFO] 2020-10-18 23:08:34,056: process[move_base-3]: restarting os process
[roslaunch][INFO] 2020-10-18 23:08:34,056: process[move_base-3]: start w/ args [[u'/opt/ros/indigo/lib/move_base/move_base', u'cmd_vel:=cmd_vel', u'odom:=odom', u'map:=map', u'__name:=move_base', u'__log:=/home/fetch/.ros/log/58f6d5d4-11cb-11eb-bbce-000babe55698/move_base-3.log']]
[roslaunch][INFO] 2020-10-18 23:08:34,056: process[move_base-3]: cwd will be [/home/fetch/.ros]
[roslaunch][INFO] 2020-10-18 23:08:34,058: process[move_base-3]: started with pid [29336]
[roslaunch][INFO] 2020-10-18 23:08:35,260: [move_base-3] process has finished cleanly
log file: /home/fetch/.ros/log/58f6d5d4-11cb-11eb-bbce-000babe55698/move_base-3*.log
[roslaunch][INFO] 2020-10-18 23:08:35,260: [move_base-3] restarting process
[roslaunch][INFO] 2020-10-18 23:08:35,261: process[move_base-3]: restarting os process
[roslaunch][INFO] 2020-10-18 23:08:35,261: process[move_base-3]: start w/ args [[u'/opt/ros/indigo/lib/move_base/move_base', u'cmd_vel:=cmd_vel', u'odom:=odom', u'map:=map', u'__name:=move_base', u'__log:=/home/fetch/.ros/log/58f6d5d4-11cb-11eb-bbce-000babe55698/move_base-3.log']]
[roslaunch][INFO] 2020-10-18 23:08:35,261: process[move_base-3]: cwd will be [/home/fetch/.ros]
[roslaunch][INFO] 2020-10-18 23:08:35,262: process[move_base-3]: started with pid [30446]
[roslaunch][INFO] 2020-10-18 23:08:36,464: [move_base-3] process has finished cleanly
log file: /home/fetch/.ros/log/58f6d5d4-11cb-11eb-bbce-000babe55698/move_base-3*.log
[roslaunch][INFO] 2020-10-18 23:08:36,465: [move_base-3] restarting process
[roslaunch][INFO] 2020-10-18 23:08:36,465: process[move_base-3]: restarting os process
[roslaunch][INFO] 2020-10-18 23:08:36,465: process[move_base-3]: start w/ args [[u'/opt/ros/indigo/lib/move_base/move_base', u'cmd_vel:=cmd_vel', u'odom:=odom', u'map:=map', u'__name:=move_base', u'__log:=/home/fetch/.ros/log/58f6d5d4-11cb-11eb-bbce-000babe55698/move_base-3.log']]
[roslaunch][INFO] 2020-10-18 23:08:36,465: process[move_base-3]: cwd will be [/home/fetch/.ros]
[roslaunch][INFO] 2020-10-18 23:08:36,466: process[move_base-3]: started with pid [31556]
[roslaunch][INFO] 2020-10-18 23:08:37,669: [move_base-3] process has finished cleanly
log file: /home/fetch/.ros/log/58f6d5d4-11cb-11eb-bbce-000babe55698/move_base-3*.log
[roslaunch][INFO] 2020-10-18 23:08:37,669: [move_base-3] restarting process
[roslaunch][INFO] 2020-10-18 23:08:37,669: process[move_base-3]: restarting os process
[roslaunch][INFO] 2020-10-18 23:08:37,669: process[move_base-3]: start w/ args [[u'/opt/ros/indigo/lib/move_base/move_base', u'cmd_vel:=cmd_vel', u'odom:=odom', u'map:=map', u'__name:=move_base', u'__log:=/home/fetch/.ros/log/58f6d5d4-11cb-11eb-bbce-000babe55698/move_base-3.log']]
[roslaunch][INFO] 2020-10-18 23:08:37,669: process[move_base-3]: cwd will be [/home/fetch/.ros]
[roslaunch][INFO] 2020-10-18 23:08:37,671: process[move_base-3]: started with pid [32666]
[roslaunch][INFO] 2020-10-18 23:08:38,873: [move_base-3] process has finished cleanly
log file: /home/fetch/.ros/log/58f6d5d4-11cb-11eb-bbce-000babe55698/move_base-3*.log
[roslaunch][INFO] 2020-10-18 23:08:38,873: [move_base-3] restarting process
[roslaunch][INFO] 2020-10-18 23:08:38,873: process[move_base-3]: restarting os process
[roslaunch][INFO] 2020-10-18 23:08:38,873: process[move_base-3]: start w/ args [[u'/opt/ros/indigo/lib/move_base/move_base', u'cmd_vel:=cmd_vel', u'odom:=odom', u'map:=map', u'__name:=move_base', u'__log:=/home/fetch/.ros/log/58f6d5d4-11cb-11eb-bbce-000babe55698/move_base-3.log']]
[roslaunch][INFO] 2020-10-18 23:08:38,873: process[move_base-3]: cwd will be [/home/fetch/.ros]
[roslaunch][INFO] 2020-10-18 23:08:38,875: process[move_base-3]: started with pid [1392]
[roslaunch][INFO] 2020-10-18 23:08:40,077: [move_base-3] process has finished cleanly
log file: /home/fetch/.ros/log/58f6d5d4-11cb-11eb-bbce-000babe55698/move_base-3*.log
[roslaunch][INFO] 2020-10-18 23:08:40,077: [move_base-3] restarting process
[roslaunch][INFO] 2020-10-18 23:08:40,077: process[move_base-3]: restarting os process
[roslaunch][INFO] 2020-10-18 23:08:40,077: process[move_base-3]: start w/ args [[u'/opt/ros/indigo/lib/move_base/move_base', u'cmd_vel:=cmd_vel', u'odom:=odom', u'map:=map', u'__name:=move_base', u'__log:=/home/fetch/.ros/log/58f6d5d4-11cb-11eb-bbce-000babe55698/move_base-3.log']]
[roslaunch][INFO] 2020-10-18 23:08:40,078: process[move_base-3]: cwd will be [/home/fetch/.ros]
[roslaunch][INFO] 2020-10-18 23:08:40,079: process[move_base-3]: started with pid [2690]
[roslaunch][INFO] 2020-10-18 23:08:41,281: [move_base-3] process has finished cleanly
log file: /home/fetch/.ros/log/58f6d5d4-11cb-11eb-bbce-000babe55698/move_base-3*.log
[roslaunch][INFO] 2020-10-18 23:08:41,282: [move_base-3] restarting process
[roslaunch][INFO] 2020-10-18 23:08:41,282: process[move_base-3]: restarting os process
[roslaunch][INFO] 2020-10-18 23:08:41,282: process[move_base-3]: start w/ args [[u'/opt/ros/indigo/lib/move_base/move_base', u'cmd_vel:=cmd_vel', u'odom:=odom', u'map:=map', u'__name:=move_base', u'__log:=/home/fetch/.ros/log/58f6d5d4-11cb-11eb-bbce-000babe55698/move_base-3.log']]
[roslaunch][INFO] 2020-10-18 23:08:41,282: process[move_base-3]: cwd will be [/home/fetch/.ros]
[roslaunch][INFO] 2020-10-18 23:08:41,283: process[move_base-3]: started with pid [3858]
[roslaunch][INFO] 2020-10-18 23:08:42,486: [move_base-3] process has finished cleanly
log file: /home/fetch/.ros/log/58f6d5d4-11cb-11eb-bbce-000babe55698/move_base-3*.log
[roslaunch][INFO] 2020-10-18 23:08:42,486: [move_base-3] restarting process
[roslaunch][INFO] 2020-10-18 23:08:42,486: process[move_base-3]: restarting os process
[roslaunch][INFO] 2020-10-18 23:08:42,486: process[move_base-3]: start w/ args [[u'/opt/ros/indigo/lib/move_base/move_base', u'cmd_vel:=cmd_vel', u'odom:=odom', u'map:=map', u'__name:=move_base', u'__log:=/home/fetch/.ros/log/58f6d5d4-11cb-11eb-bbce-000babe55698/move_base-3.log']]
[roslaunch][INFO] 2020-10-18 23:08:42,486: process[move_base-3]: cwd will be [/home/fetch/.ros]
[roslaunch][INFO] 2020-10-18 23:08:42,488: process[move_base-3]: started with pid [5005]
[roslaunch][INFO] 2020-10-18 23:08:43,690: [move_base-3] process has finished cleanly
log file: /home/fetch/.ros/log/58f6d5d4-11cb-11eb-bbce-000babe55698/move_base-3*.log
[roslaunch][INFO] 2020-10-18 23:08:43,690: [move_base-3] restarting process
[roslaunch][INFO] 2020-10-18 23:08:43,691: process[move_base-3]: restarting os process
[roslaunch][INFO] 2020-10-18 23:08:43,691: process[move_base-3]: start w/ args [[u'/opt/ros/indigo/lib/move_base/move_base', u'cmd_vel:=cmd_vel', u'odom:=odom', u'map:=map', u'__name:=move_base', u'__log:=/home/fetch/.ros/log/58f6d5d4-11cb-11eb-bbce-000babe55698/move_base-3.log']]
[roslaunch][INFO] 2020-10-18 23:08:43,691: process[move_base-3]: cwd will be [/home/fetch/.ros]
[roslaunch][INFO] 2020-10-18 23:08:43,693: process[move_base-3]: started with pid [6125]
[roslaunch][INFO] 2020-10-18 23:08:44,896: [move_base-3] process has finished cleanly
log file: /home/fetch/.ros/log/58f6d5d4-11cb-11eb-bbce-000babe55698/move_base-3*.log
[roslaunch][INFO] 2020-10-18 23:08:44,896: [move_base-3] restarting process
[roslaunch][INFO] 2020-10-18 23:08:44,896: process[move_base-3]: restarting os process
[roslaunch][INFO] 2020-10-18 23:08:44,896: process[move_base-3]: start w/ args [[u'/opt/ros/indigo/lib/move_base/move_base', u'cmd_vel:=cmd_vel', u'odom:=odom', u'map:=map', u'__name:=move_base', u'__log:=/home/fetch/.ros/log/58f6d5d4-11cb-11eb-bbce-000babe55698/move_base-3.log']]
[roslaunch][INFO] 2020-10-18 23:08:44,896: process[move_base-3]: cwd will be [/home/fetch/.ros]
[roslaunch][INFO] 2020-10-18 23:08:44,898: process[move_base-3]: started with pid [7252]
[roslaunch.pmon][INFO] 2020-10-18 23:09:12,542: ProcessMonitor.shutdown <ProcessMonitor(ProcessMonitor-1, started daemon 140648040306432)>
[roslaunch.pmon][INFO] 2020-10-18 23:09:12,569: ProcessMonitor._post_run <ProcessMonitor(ProcessMonitor-1, started daemon 140648040306432)>
[roslaunch.pmon][INFO] 2020-10-18 23:09:12,569: ProcessMonitor._post_run <ProcessMonitor(ProcessMonitor-1, started daemon 140648040306432)>: remaining procs are [<roslaunch.nodeprocess.LocalProcess object at 0x7feb2c9ced90>, <roslaunch.nodeprocess.LocalProcess object at 0x7feb2c9cee10>, <roslaunch.nodeprocess.LocalProcess object at 0x7feb2c9ce750>]
[roslaunch.pmon][INFO] 2020-10-18 23:09:12,570: ProcessMonitor exit: killing move_base-3
[roslaunch][INFO] 2020-10-18 23:09:12,571: [move_base-3] killing on exit
[roslaunch.pmon][INFO] 2020-10-18 23:09:12,571: ProcessMonitor exit: killing amcl-2
[roslaunch][INFO] 2020-10-18 23:09:12,572: [amcl-2] killing on exit
[roslaunch][INFO] 2020-10-18 23:09:12,573: process[move_base-3]: killing os process with pid[7252] pgid[7252]
[roslaunch.pmon][INFO] 2020-10-18 23:09:12,573: ProcessMonitor exit: killing map_server-1
[roslaunch][INFO] 2020-10-18 23:09:12,574: [move_base-3] sending SIGINT to pgid [7252]
[roslaunch][INFO] 2020-10-18 23:09:12,574: process[amcl-2]: killing os process with pid[25706] pgid[25706]
[roslaunch][INFO] 2020-10-18 23:09:12,575: [map_server-1] killing on exit
[roslaunch][INFO] 2020-10-18 23:09:12,575: [move_base-3] sent SIGINT to pgid [7252]
[roslaunch][INFO] 2020-10-18 23:09:12,576: [amcl-2] sending SIGINT to pgid [25706]
[roslaunch][INFO] 2020-10-18 23:09:12,577: process[map_server-1]: killing os process with pid[25705] pgid[25705]
[roslaunch][INFO] 2020-10-18 23:09:12,578: [amcl-2] sent SIGINT to pgid [25706]
[roslaunch][INFO] 2020-10-18 23:09:12,578: [map_server-1] sending SIGINT to pgid [25705]
[roslaunch][INFO] 2020-10-18 23:09:12,579: [map_server-1] sent SIGINT to pgid [25705]
[roslaunch][INFO] 2020-10-18 23:09:12,779: process[map_server-1]: SIGINT killed with return value 0
[roslaunch][INFO] 2020-10-18 23:09:12,979: process[amcl-2]: SIGINT killed with return value 0
[roslaunch][INFO] 2020-10-18 23:09:13,078: process[move_base-3]: SIGINT killed with return value 0
[roslaunch.pmon][INFO] 2020-10-18 23:09:13,078: ProcessMonitor exit: cleaning up data structures and signals
[roslaunch.pmon][INFO] 2020-10-18 23:09:13,078: ProcessMonitor exit: pmon has shutdown
[roslaunch][INFO] 2020-10-18 23:09:13,107: process monitor is done spinning, initiating full shutdown
[roslaunch][INFO] 2020-10-18 23:09:13,107: runner.stop()
[roslaunch][INFO] 2020-10-18 23:09:13,108: shutting down processing monitor...
[roslaunch][INFO] 2020-10-18 23:09:13,108: shutting down processing monitor <ProcessMonitor(ProcessMonitor-1, stopped daemon 140648040306432)>
[roslaunch.pmon][INFO] 2020-10-18 23:09:13,108: ProcessMonitor.shutdown <ProcessMonitor(ProcessMonitor-1, stopped daemon 140648040306432)>
[roslaunch][INFO] 2020-10-18 23:09:13,108: ... shutting down processing monitor complete
[roslaunch][INFO] 2020-10-18 23:09:13,108: done
[roslaunch.pmon][INFO] 2020-10-18 23:09:13,108: ProcessMonitor.shutdown <ProcessMonitor(ProcessMonitor-1, stopped daemon 140648040306432)>
[rospy.core][INFO] 2020-10-18 23:09:13,108: signal_shutdown [atexit]
