[roslaunch][INFO] 2020-10-18 23:09:31,293: Checking log directory for disk usage. This may take awhile.
Press Ctrl-C to interrupt
[roslaunch][INFO] 2020-10-18 23:09:31,295: Done checking log file disk usage. Usage is <1GB.
[roslaunch][INFO] 2020-10-18 23:09:31,295: roslaunch starting with args ['/opt/ros/indigo/bin/roslaunch', 'fetch_navigation', 'freight_nav.launch', 'amcl_and_mapserver_a:=true', 'map_file_a:=uokmap.yaml']
[roslaunch][INFO] 2020-10-18 23:09:31,295: roslaunch env is {'ROS_DISTRO': 'indigo', 'LESSOPEN': '| /usr/bin/lesspipe %s', 'SSH_CLIENT': '192.168.30.25 63548 22', 'CPATH': '/home/fetch/catkin_ws/devel/include:/opt/ros/indigo/include', 'LOGNAME': 'fetch', 'USER': 'fetch', 'PATH': '/opt/ros/indigo/bin:/usr/local/sbin:/usr/local/bin:/usr/sbin:/usr/bin:/sbin:/bin:/usr/games:/usr/local/games', 'HOME': '/home/fetch', 'CMAKE_PREFIX_PATH': '/home/fetch/catkin_ws/devel:/opt/ros/indigo', 'LD_LIBRARY_PATH': '/home/fetch/catkin_ws/devel/lib:/opt/ros/indigo/lib:/opt/ros/indigo/lib/x86_64-linux-gnu', 'LANG': 'en_US.UTF-8', 'TERM': 'xterm-256color', 'SHELL': '/bin/bash', 'SHLVL': '1', 'QT_QPA_PLATFORMTHEME': 'appmenu-qt5', 'ROS_LOG_FILENAME': '/home/fetch/.ros/log/58f6d5d4-11cb-11eb-bbce-000babe55698/roslaunch-freight1207-8121.log', 'ROS_ETC_DIR': '/opt/ros/indigo/etc/ros', 'XDG_RUNTIME_DIR': '/run/user/1000', 'PYTHONPATH': '/home/fetch/catkin_ws/devel/lib/python2.7/dist-packages:/opt/ros/indigo/lib/python2.7/dist-packages', 'ROS_ROOT': '/opt/ros/indigo/share/ros', 'PKG_CONFIG_PATH': '/home/fetch/catkin_ws/devel/lib/pkgconfig:/opt/ros/indigo/lib/pkgconfig:/opt/ros/indigo/lib/x86_64-linux-gnu/pkgconfig', 'ROS_PACKAGE_PATH': '/home/fetch/catkin_ws/src:/opt/ros/indigo/share:/opt/ros/indigo/stacks', 'XDG_SESSION_ID': '7', '_': '/opt/ros/indigo/bin/roslaunch', 'SSH_CONNECTION': '192.168.30.25 63548 192.168.30.100 22', 'LESSCLOSE': '/usr/bin/lesspipe %s %s', 'SSH_TTY': '/dev/pts/0', 'OLDPWD': '/home', 'PWD': '/home/fetch', 'ROS_MASTER_URI': 'http://localhost:11311', 'MAIL': '/var/mail/fetch', 'LS_COLORS': 'rs=0:di=01;34:ln=01;36:mh=00:pi=40;33:so=01;35:do=01;35:bd=40;33;01:cd=40;33;01:or=40;31;01:su=37;41:sg=30;43:ca=30;41:tw=30;42:ow=34;42:st=37;44:ex=01;32:*.tar=01;31:*.tgz=01;31:*.arj=01;31:*.taz=01;31:*.lzh=01;31:*.lzma=01;31:*.tlz=01;31:*.txz=01;31:*.zip=01;31:*.z=01;31:*.Z=01;31:*.dz=01;31:*.gz=01;31:*.lz=01;31:*.xz=01;31:*.bz2=01;31:*.bz=01;31:*.tbz=01;31:*.tbz2=01;31:*.tz=01;31:*.deb=01;31:*.rpm=01;31:*.jar=01;31:*.war=01;31:*.ear=01;31:*.sar=01;31:*.rar=01;31:*.ace=01;31:*.zoo=01;31:*.cpio=01;31:*.7z=01;31:*.rz=01;31:*.jpg=01;35:*.jpeg=01;35:*.gif=01;35:*.bmp=01;35:*.pbm=01;35:*.pgm=01;35:*.ppm=01;35:*.tga=01;35:*.xbm=01;35:*.xpm=01;35:*.tif=01;35:*.tiff=01;35:*.png=01;35:*.svg=01;35:*.svgz=01;35:*.mng=01;35:*.pcx=01;35:*.mov=01;35:*.mpg=01;35:*.mpeg=01;35:*.m2v=01;35:*.mkv=01;35:*.webm=01;35:*.ogm=01;35:*.mp4=01;35:*.m4v=01;35:*.mp4v=01;35:*.vob=01;35:*.qt=01;35:*.nuv=01;35:*.wmv=01;35:*.asf=01;35:*.rm=01;35:*.rmvb=01;35:*.flc=01;35:*.avi=01;35:*.fli=01;35:*.flv=01;35:*.gl=01;35:*.dl=01;35:*.xcf=01;35:*.xwd=01;35:*.yuv=01;35:*.cgm=01;35:*.emf=01;35:*.axv=01;35:*.anx=01;35:*.ogv=01;35:*.ogx=01;35:*.aac=00;36:*.au=00;36:*.flac=00;36:*.mid=00;36:*.midi=00;36:*.mka=00;36:*.mp3=00;36:*.mpc=00;36:*.ogg=00;36:*.ra=00;36:*.wav=00;36:*.axa=00;36:*.oga=00;36:*.spx=00;36:*.xspf=00;36:'}
[roslaunch][INFO] 2020-10-18 23:09:31,296: starting in server mode
[roslaunch.parent][INFO] 2020-10-18 23:09:31,296: starting roslaunch parent run
[roslaunch][INFO] 2020-10-18 23:09:31,296: loading roscore config file /opt/ros/indigo/etc/ros/roscore.xml
[roslaunch][INFO] 2020-10-18 23:09:31,347: Added core node of type [rosout/rosout] in namespace [/]
[roslaunch.config][INFO] 2020-10-18 23:09:31,347: loading config file /opt/ros/indigo/share/fetch_navigation/launch/freight_nav.launch
[roslaunch][INFO] 2020-10-18 23:09:31,364: Added node of type [map_server/map_server] in namespace [/]
[roslaunch][INFO] 2020-10-18 23:09:31,368: Added node of type [amcl/amcl] in namespace [/]
[roslaunch][INFO] 2020-10-18 23:09:31,384: Added node of type [move_base/move_base] in namespace [/]
[roslaunch][INFO] 2020-10-18 23:09:31,384: ... selected machine [] for node of type [map_server/map_server]
[roslaunch][INFO] 2020-10-18 23:09:31,384: ... selected machine [] for node of type [amcl/amcl]
[roslaunch][INFO] 2020-10-18 23:09:31,384: ... selected machine [] for node of type [move_base/move_base]
[roslaunch.pmon][INFO] 2020-10-18 23:09:31,385: start_process_monitor: creating ProcessMonitor
[roslaunch.pmon][INFO] 2020-10-18 23:09:31,385: created process monitor <ProcessMonitor(ProcessMonitor-1, initial daemon)>
[roslaunch.pmon][INFO] 2020-10-18 23:09:31,385: start_process_monitor: ProcessMonitor started
[roslaunch.parent][INFO] 2020-10-18 23:09:31,385: starting parent XML-RPC server
[roslaunch.server][INFO] 2020-10-18 23:09:31,385: starting roslaunch XML-RPC server
[roslaunch.server][INFO] 2020-10-18 23:09:31,385: waiting for roslaunch XML-RPC server to initialize
[xmlrpc][INFO] 2020-10-18 23:09:31,385: XML-RPC server binding to 0.0.0.0:0
[xmlrpc][INFO] 2020-10-18 23:09:31,386: Started XML-RPC server [http://freight1207:46322/]
[xmlrpc][INFO] 2020-10-18 23:09:31,386: xml rpc node: starting XML-RPC server
[roslaunch][INFO] 2020-10-18 23:09:31,396: started roslaunch server http://freight1207:46322/
[roslaunch.parent][INFO] 2020-10-18 23:09:31,396: ... parent XML-RPC server started
[roslaunch][INFO] 2020-10-18 23:09:31,397: master.is_running[http://localhost:11311]
[roslaunch][INFO] 2020-10-18 23:09:31,398: master.is_running[http://localhost:11311]
[roslaunch][INFO] 2020-10-18 23:09:31,399: ROS_MASTER_URI=http://localhost:11311
[roslaunch][INFO] 2020-10-18 23:09:31,400: setting /roslaunch/uris/host_freight1207__46322' to http://freight1207:46322/
[roslaunch][INFO] 2020-10-18 23:09:31,402: load_parameters starting ...
[roslaunch][INFO] 2020-10-18 23:09:31,419: ... load_parameters complete
[roslaunch][INFO] 2020-10-18 23:09:31,419: launch_nodes: launching local nodes ...
[roslaunch][INFO] 2020-10-18 23:09:31,419: ... preparing to launch node of type [map_server/map_server]
[roslaunch][INFO] 2020-10-18 23:09:31,419: create_node_process: package[map_server] type[map_server] machine[Machine(name[] env_loader[None] address[localhost] ssh_port[22] user[None] assignable[True] timeout[10.0])] master_uri[http://localhost:11311]
[roslaunch][INFO] 2020-10-18 23:09:31,419: process[map_server-1]: env[{'ROS_DISTRO': 'indigo', 'LESSOPEN': '| /usr/bin/lesspipe %s', 'SSH_CLIENT': '192.168.30.25 63548 22', 'CPATH': '/home/fetch/catkin_ws/devel/include:/opt/ros/indigo/include', 'LOGNAME': 'fetch', 'USER': 'fetch', 'PATH': '/opt/ros/indigo/bin:/usr/local/sbin:/usr/local/bin:/usr/sbin:/usr/bin:/sbin:/bin:/usr/games:/usr/local/games', 'HOME': '/home/fetch', 'CMAKE_PREFIX_PATH': '/home/fetch/catkin_ws/devel:/opt/ros/indigo', 'ROS_LOG_FILENAME': '/home/fetch/.ros/log/58f6d5d4-11cb-11eb-bbce-000babe55698/roslaunch-freight1207-8121.log', 'LANG': 'en_US.UTF-8', 'TERM': 'xterm-256color', 'SHELL': '/bin/bash', 'SHLVL': '1', 'QT_QPA_PLATFORMTHEME': 'appmenu-qt5', 'LD_LIBRARY_PATH': '/home/fetch/catkin_ws/devel/lib:/opt/ros/indigo/lib:/opt/ros/indigo/lib/x86_64-linux-gnu', 'ROS_MASTER_URI': 'http://localhost:11311', 'XDG_RUNTIME_DIR': '/run/user/1000', 'PYTHONPATH': '/home/fetch/catkin_ws/devel/lib/python2.7/dist-packages:/opt/ros/indigo/lib/python2.7/dist-packages', 'ROS_ROOT': '/opt/ros/indigo/share/ros', 'PKG_CONFIG_PATH': '/home/fetch/catkin_ws/devel/lib/pkgconfig:/opt/ros/indigo/lib/pkgconfig:/opt/ros/indigo/lib/x86_64-linux-gnu/pkgconfig', 'ROS_PACKAGE_PATH': '/home/fetch/catkin_ws/src:/opt/ros/indigo/share:/opt/ros/indigo/stacks', 'XDG_SESSION_ID': '7', '_': '/opt/ros/indigo/bin/roslaunch', 'LS_COLORS': 'rs=0:di=01;34:ln=01;36:mh=00:pi=40;33:so=01;35:do=01;35:bd=40;33;01:cd=40;33;01:or=40;31;01:su=37;41:sg=30;43:ca=30;41:tw=30;42:ow=34;42:st=37;44:ex=01;32:*.tar=01;31:*.tgz=01;31:*.arj=01;31:*.taz=01;31:*.lzh=01;31:*.lzma=01;31:*.tlz=01;31:*.txz=01;31:*.zip=01;31:*.z=01;31:*.Z=01;31:*.dz=01;31:*.gz=01;31:*.lz=01;31:*.xz=01;31:*.bz2=01;31:*.bz=01;31:*.tbz=01;31:*.tbz2=01;31:*.tz=01;31:*.deb=01;31:*.rpm=01;31:*.jar=01;31:*.war=01;31:*.ear=01;31:*.sar=01;31:*.rar=01;31:*.ace=01;31:*.zoo=01;31:*.cpio=01;31:*.7z=01;31:*.rz=01;31:*.jpg=01;35:*.jpeg=01;35:*.gif=01;35:*.bmp=01;35:*.pbm=01;35:*.pgm=01;35:*.ppm=01;35:*.tga=01;35:*.xbm=01;35:*.xpm=01;35:*.tif=01;35:*.tiff=01;35:*.png=01;35:*.svg=01;35:*.svgz=01;35:*.mng=01;35:*.pcx=01;35:*.mov=01;35:*.mpg=01;35:*.mpeg=01;35:*.m2v=01;35:*.mkv=01;35:*.webm=01;35:*.ogm=01;35:*.mp4=01;35:*.m4v=01;35:*.mp4v=01;35:*.vob=01;35:*.qt=01;35:*.nuv=01;35:*.wmv=01;35:*.asf=01;35:*.rm=01;35:*.rmvb=01;35:*.flc=01;35:*.avi=01;35:*.fli=01;35:*.flv=01;35:*.gl=01;35:*.dl=01;35:*.xcf=01;35:*.xwd=01;35:*.yuv=01;35:*.cgm=01;35:*.emf=01;35:*.axv=01;35:*.anx=01;35:*.ogv=01;35:*.ogx=01;35:*.aac=00;36:*.au=00;36:*.flac=00;36:*.mid=00;36:*.midi=00;36:*.mka=00;36:*.mp3=00;36:*.mpc=00;36:*.ogg=00;36:*.ra=00;36:*.wav=00;36:*.axa=00;36:*.oga=00;36:*.spx=00;36:*.xspf=00;36:', 'LESSCLOSE': '/usr/bin/lesspipe %s %s', 'SSH_TTY': '/dev/pts/0', 'OLDPWD': '/home', 'PWD': '/home/fetch', 'ROS_ETC_DIR': '/opt/ros/indigo/etc/ros', 'MAIL': '/var/mail/fetch', 'SSH_CONNECTION': '192.168.30.25 63548 192.168.30.100 22'}]
[roslaunch][INFO] 2020-10-18 23:09:31,435: process[map_server-1]: args[[u'/opt/ros/indigo/lib/map_server/map_server', '/home/fetch/maps/uok03.yaml', u'__name:=map_server']]
[roslaunch][INFO] 2020-10-18 23:09:31,435: ... created process [map_server-1]
[roslaunch.pmon][INFO] 2020-10-18 23:09:31,435: ProcessMonitor.register[map_server-1]
[roslaunch.pmon][INFO] 2020-10-18 23:09:31,435: ProcessMonitor.register[map_server-1] complete
[roslaunch][INFO] 2020-10-18 23:09:31,435: ... registered process [map_server-1]
[roslaunch][INFO] 2020-10-18 23:09:31,435: process[map_server-1]: starting os process
[roslaunch][INFO] 2020-10-18 23:09:31,435: process[map_server-1]: start w/ args [[u'/opt/ros/indigo/lib/map_server/map_server', '/home/fetch/maps/uok03.yaml', u'__name:=map_server', u'__log:=/home/fetch/.ros/log/58f6d5d4-11cb-11eb-bbce-000babe55698/map_server-1.log']]
[roslaunch][INFO] 2020-10-18 23:09:31,435: process[map_server-1]: cwd will be [/home/fetch/.ros]
[roslaunch][INFO] 2020-10-18 23:09:31,437: process[map_server-1]: started with pid [8139]
[roslaunch][INFO] 2020-10-18 23:09:31,437: ... successfully launched [map_server-1]
[roslaunch][INFO] 2020-10-18 23:09:31,437: ... preparing to launch node of type [amcl/amcl]
[roslaunch][INFO] 2020-10-18 23:09:31,437: create_node_process: package[amcl] type[amcl] machine[Machine(name[] env_loader[None] address[localhost] ssh_port[22] user[None] assignable[True] timeout[10.0])] master_uri[http://localhost:11311]
[roslaunch][INFO] 2020-10-18 23:09:31,438: process[amcl-2]: env[{'ROS_DISTRO': 'indigo', 'LESSOPEN': '| /usr/bin/lesspipe %s', 'SSH_CLIENT': '192.168.30.25 63548 22', 'CPATH': '/home/fetch/catkin_ws/devel/include:/opt/ros/indigo/include', 'LOGNAME': 'fetch', 'USER': 'fetch', 'PATH': '/opt/ros/indigo/bin:/usr/local/sbin:/usr/local/bin:/usr/sbin:/usr/bin:/sbin:/bin:/usr/games:/usr/local/games', 'HOME': '/home/fetch', 'CMAKE_PREFIX_PATH': '/home/fetch/catkin_ws/devel:/opt/ros/indigo', 'ROS_LOG_FILENAME': '/home/fetch/.ros/log/58f6d5d4-11cb-11eb-bbce-000babe55698/roslaunch-freight1207-8121.log', 'LANG': 'en_US.UTF-8', 'TERM': 'xterm-256color', 'SHELL': '/bin/bash', 'SHLVL': '1', 'QT_QPA_PLATFORMTHEME': 'appmenu-qt5', 'LD_LIBRARY_PATH': '/home/fetch/catkin_ws/devel/lib:/opt/ros/indigo/lib:/opt/ros/indigo/lib/x86_64-linux-gnu', 'ROS_MASTER_URI': 'http://localhost:11311', 'XDG_RUNTIME_DIR': '/run/user/1000', 'PYTHONPATH': '/home/fetch/catkin_ws/devel/lib/python2.7/dist-packages:/opt/ros/indigo/lib/python2.7/dist-packages', 'ROS_ROOT': '/opt/ros/indigo/share/ros', 'PKG_CONFIG_PATH': '/home/fetch/catkin_ws/devel/lib/pkgconfig:/opt/ros/indigo/lib/pkgconfig:/opt/ros/indigo/lib/x86_64-linux-gnu/pkgconfig', 'ROS_PACKAGE_PATH': '/home/fetch/catkin_ws/src:/opt/ros/indigo/share:/opt/ros/indigo/stacks', 'XDG_SESSION_ID': '7', '_': '/opt/ros/indigo/bin/roslaunch', 'LS_COLORS': 'rs=0:di=01;34:ln=01;36:mh=00:pi=40;33:so=01;35:do=01;35:bd=40;33;01:cd=40;33;01:or=40;31;01:su=37;41:sg=30;43:ca=30;41:tw=30;42:ow=34;42:st=37;44:ex=01;32:*.tar=01;31:*.tgz=01;31:*.arj=01;31:*.taz=01;31:*.lzh=01;31:*.lzma=01;31:*.tlz=01;31:*.txz=01;31:*.zip=01;31:*.z=01;31:*.Z=01;31:*.dz=01;31:*.gz=01;31:*.lz=01;31:*.xz=01;31:*.bz2=01;31:*.bz=01;31:*.tbz=01;31:*.tbz2=01;31:*.tz=01;31:*.deb=01;31:*.rpm=01;31:*.jar=01;31:*.war=01;31:*.ear=01;31:*.sar=01;31:*.rar=01;31:*.ace=01;31:*.zoo=01;31:*.cpio=01;31:*.7z=01;31:*.rz=01;31:*.jpg=01;35:*.jpeg=01;35:*.gif=01;35:*.bmp=01;35:*.pbm=01;35:*.pgm=01;35:*.ppm=01;35:*.tga=01;35:*.xbm=01;35:*.xpm=01;35:*.tif=01;35:*.tiff=01;35:*.png=01;35:*.svg=01;35:*.svgz=01;35:*.mng=01;35:*.pcx=01;35:*.mov=01;35:*.mpg=01;35:*.mpeg=01;35:*.m2v=01;35:*.mkv=01;35:*.webm=01;35:*.ogm=01;35:*.mp4=01;35:*.m4v=01;35:*.mp4v=01;35:*.vob=01;35:*.qt=01;35:*.nuv=01;35:*.wmv=01;35:*.asf=01;35:*.rm=01;35:*.rmvb=01;35:*.flc=01;35:*.avi=01;35:*.fli=01;35:*.flv=01;35:*.gl=01;35:*.dl=01;35:*.xcf=01;35:*.xwd=01;35:*.yuv=01;35:*.cgm=01;35:*.emf=01;35:*.axv=01;35:*.anx=01;35:*.ogv=01;35:*.ogx=01;35:*.aac=00;36:*.au=00;36:*.flac=00;36:*.mid=00;36:*.midi=00;36:*.mka=00;36:*.mp3=00;36:*.mpc=00;36:*.ogg=00;36:*.ra=00;36:*.wav=00;36:*.axa=00;36:*.oga=00;36:*.spx=00;36:*.xspf=00;36:', 'LESSCLOSE': '/usr/bin/lesspipe %s %s', 'SSH_TTY': '/dev/pts/0', 'OLDPWD': '/home', 'PWD': '/home/fetch', 'ROS_ETC_DIR': '/opt/ros/indigo/etc/ros', 'MAIL': '/var/mail/fetch', 'SSH_CONNECTION': '192.168.30.25 63548 192.168.30.100 22'}]
[roslaunch][INFO] 2020-10-18 23:09:31,438: process[amcl-2]: args[[u'/opt/ros/indigo/lib/amcl/amcl', u'scan:=base_scan', u'map:=map', u'__name:=amcl']]
[roslaunch][INFO] 2020-10-18 23:09:31,438: ... created process [amcl-2]
[roslaunch.pmon][INFO] 2020-10-18 23:09:31,438: ProcessMonitor.register[amcl-2]
[roslaunch.pmon][INFO] 2020-10-18 23:09:31,438: ProcessMonitor.register[amcl-2] complete
[roslaunch][INFO] 2020-10-18 23:09:31,438: ... registered process [amcl-2]
[roslaunch][INFO] 2020-10-18 23:09:31,438: process[amcl-2]: starting os process
[roslaunch][INFO] 2020-10-18 23:09:31,438: process[amcl-2]: start w/ args [[u'/opt/ros/indigo/lib/amcl/amcl', u'scan:=base_scan', u'map:=map', u'__name:=amcl', u'__log:=/home/fetch/.ros/log/58f6d5d4-11cb-11eb-bbce-000babe55698/amcl-2.log']]
[roslaunch][INFO] 2020-10-18 23:09:31,439: process[amcl-2]: cwd will be [/home/fetch/.ros]
[roslaunch][INFO] 2020-10-18 23:09:31,440: process[amcl-2]: started with pid [8140]
[roslaunch][INFO] 2020-10-18 23:09:31,440: ... successfully launched [amcl-2]
[roslaunch][INFO] 2020-10-18 23:09:31,440: ... preparing to launch node of type [move_base/move_base]
[roslaunch][INFO] 2020-10-18 23:09:31,440: create_node_process: package[move_base] type[move_base] machine[Machine(name[] env_loader[None] address[localhost] ssh_port[22] user[None] assignable[True] timeout[10.0])] master_uri[http://localhost:11311]
[roslaunch][INFO] 2020-10-18 23:09:31,440: process[move_base-3]: env[{'ROS_DISTRO': 'indigo', 'LESSOPEN': '| /usr/bin/lesspipe %s', 'SSH_CLIENT': '192.168.30.25 63548 22', 'CPATH': '/home/fetch/catkin_ws/devel/include:/opt/ros/indigo/include', 'LOGNAME': 'fetch', 'USER': 'fetch', 'PATH': '/opt/ros/indigo/bin:/usr/local/sbin:/usr/local/bin:/usr/sbin:/usr/bin:/sbin:/bin:/usr/games:/usr/local/games', 'HOME': '/home/fetch', 'CMAKE_PREFIX_PATH': '/home/fetch/catkin_ws/devel:/opt/ros/indigo', 'ROS_LOG_FILENAME': '/home/fetch/.ros/log/58f6d5d4-11cb-11eb-bbce-000babe55698/roslaunch-freight1207-8121.log', 'LANG': 'en_US.UTF-8', 'TERM': 'xterm-256color', 'SHELL': '/bin/bash', 'SHLVL': '1', 'QT_QPA_PLATFORMTHEME': 'appmenu-qt5', 'LD_LIBRARY_PATH': '/home/fetch/catkin_ws/devel/lib:/opt/ros/indigo/lib:/opt/ros/indigo/lib/x86_64-linux-gnu', 'ROS_MASTER_URI': 'http://localhost:11311', 'XDG_RUNTIME_DIR': '/run/user/1000', 'PYTHONPATH': '/home/fetch/catkin_ws/devel/lib/python2.7/dist-packages:/opt/ros/indigo/lib/python2.7/dist-packages', 'ROS_ROOT': '/opt/ros/indigo/share/ros', 'PKG_CONFIG_PATH': '/home/fetch/catkin_ws/devel/lib/pkgconfig:/opt/ros/indigo/lib/pkgconfig:/opt/ros/indigo/lib/x86_64-linux-gnu/pkgconfig', 'ROS_PACKAGE_PATH': '/home/fetch/catkin_ws/src:/opt/ros/indigo/share:/opt/ros/indigo/stacks', 'XDG_SESSION_ID': '7', '_': '/opt/ros/indigo/bin/roslaunch', 'LS_COLORS': 'rs=0:di=01;34:ln=01;36:mh=00:pi=40;33:so=01;35:do=01;35:bd=40;33;01:cd=40;33;01:or=40;31;01:su=37;41:sg=30;43:ca=30;41:tw=30;42:ow=34;42:st=37;44:ex=01;32:*.tar=01;31:*.tgz=01;31:*.arj=01;31:*.taz=01;31:*.lzh=01;31:*.lzma=01;31:*.tlz=01;31:*.txz=01;31:*.zip=01;31:*.z=01;31:*.Z=01;31:*.dz=01;31:*.gz=01;31:*.lz=01;31:*.xz=01;31:*.bz2=01;31:*.bz=01;31:*.tbz=01;31:*.tbz2=01;31:*.tz=01;31:*.deb=01;31:*.rpm=01;31:*.jar=01;31:*.war=01;31:*.ear=01;31:*.sar=01;31:*.rar=01;31:*.ace=01;31:*.zoo=01;31:*.cpio=01;31:*.7z=01;31:*.rz=01;31:*.jpg=01;35:*.jpeg=01;35:*.gif=01;35:*.bmp=01;35:*.pbm=01;35:*.pgm=01;35:*.ppm=01;35:*.tga=01;35:*.xbm=01;35:*.xpm=01;35:*.tif=01;35:*.tiff=01;35:*.png=01;35:*.svg=01;35:*.svgz=01;35:*.mng=01;35:*.pcx=01;35:*.mov=01;35:*.mpg=01;35:*.mpeg=01;35:*.m2v=01;35:*.mkv=01;35:*.webm=01;35:*.ogm=01;35:*.mp4=01;35:*.m4v=01;35:*.mp4v=01;35:*.vob=01;35:*.qt=01;35:*.nuv=01;35:*.wmv=01;35:*.asf=01;35:*.rm=01;35:*.rmvb=01;35:*.flc=01;35:*.avi=01;35:*.fli=01;35:*.flv=01;35:*.gl=01;35:*.dl=01;35:*.xcf=01;35:*.xwd=01;35:*.yuv=01;35:*.cgm=01;35:*.emf=01;35:*.axv=01;35:*.anx=01;35:*.ogv=01;35:*.ogx=01;35:*.aac=00;36:*.au=00;36:*.flac=00;36:*.mid=00;36:*.midi=00;36:*.mka=00;36:*.mp3=00;36:*.mpc=00;36:*.ogg=00;36:*.ra=00;36:*.wav=00;36:*.axa=00;36:*.oga=00;36:*.spx=00;36:*.xspf=00;36:', 'LESSCLOSE': '/usr/bin/lesspipe %s %s', 'SSH_TTY': '/dev/pts/0', 'OLDPWD': '/home', 'PWD': '/home/fetch', 'ROS_ETC_DIR': '/opt/ros/indigo/etc/ros', 'MAIL': '/var/mail/fetch', 'SSH_CONNECTION': '192.168.30.25 63548 192.168.30.100 22'}]
[roslaunch][INFO] 2020-10-18 23:09:31,441: process[move_base-3]: args[[u'/opt/ros/indigo/lib/move_base/move_base', u'cmd_vel:=cmd_vel', u'odom:=odom', u'map:=map', u'__name:=move_base']]
[roslaunch][INFO] 2020-10-18 23:09:31,441: ... created process [move_base-3]
[roslaunch.pmon][INFO] 2020-10-18 23:09:31,441: ProcessMonitor.register[move_base-3]
[roslaunch.pmon][INFO] 2020-10-18 23:09:31,441: ProcessMonitor.register[move_base-3] complete
[roslaunch][INFO] 2020-10-18 23:09:31,441: ... registered process [move_base-3]
[roslaunch][INFO] 2020-10-18 23:09:31,441: process[move_base-3]: starting os process
[roslaunch][INFO] 2020-10-18 23:09:31,441: process[move_base-3]: start w/ args [[u'/opt/ros/indigo/lib/move_base/move_base', u'cmd_vel:=cmd_vel', u'odom:=odom', u'map:=map', u'__name:=move_base', u'__log:=/home/fetch/.ros/log/58f6d5d4-11cb-11eb-bbce-000babe55698/move_base-3.log']]
[roslaunch][INFO] 2020-10-18 23:09:31,441: process[move_base-3]: cwd will be [/home/fetch/.ros]
[roslaunch][INFO] 2020-10-18 23:09:31,443: process[move_base-3]: started with pid [8141]
[roslaunch][INFO] 2020-10-18 23:09:31,443: ... successfully launched [move_base-3]
[roslaunch][INFO] 2020-10-18 23:09:31,443: ... launch_nodes complete
[roslaunch.pmon][INFO] 2020-10-18 23:09:31,444: registrations completed <ProcessMonitor(ProcessMonitor-1, started daemon 140013099128576)>
[roslaunch.parent][INFO] 2020-10-18 23:09:31,444: ... roslaunch parent running, waiting for process exit
[roslaunch][INFO] 2020-10-18 23:09:31,444: spin
[roslaunch.pmon][INFO] 2020-10-18 23:09:51,676: ProcessMonitor.shutdown <ProcessMonitor(ProcessMonitor-1, started daemon 140013099128576)>
[roslaunch.pmon][INFO] 2020-10-18 23:09:51,739: ProcessMonitor._post_run <ProcessMonitor(ProcessMonitor-1, started daemon 140013099128576)>
[roslaunch.pmon][INFO] 2020-10-18 23:09:51,740: ProcessMonitor._post_run <ProcessMonitor(ProcessMonitor-1, started daemon 140013099128576)>: remaining procs are [<roslaunch.nodeprocess.LocalProcess object at 0x7f57572b62d0>, <roslaunch.nodeprocess.LocalProcess object at 0x7f57572b6e10>, <roslaunch.nodeprocess.LocalProcess object at 0x7f57572b6750>]
[roslaunch.pmon][INFO] 2020-10-18 23:09:51,740: ProcessMonitor exit: killing move_base-3
[roslaunch.pmon][INFO] 2020-10-18 23:09:51,741: ProcessMonitor exit: killing amcl-2
[roslaunch][INFO] 2020-10-18 23:09:51,741: [move_base-3] killing on exit
[roslaunch.pmon][INFO] 2020-10-18 23:09:51,742: ProcessMonitor exit: killing map_server-1
[roslaunch][INFO] 2020-10-18 23:09:51,742: [amcl-2] killing on exit
[roslaunch][INFO] 2020-10-18 23:09:51,744: process[move_base-3]: killing os process with pid[8141] pgid[8141]
[roslaunch][INFO] 2020-10-18 23:09:51,744: [map_server-1] killing on exit
[roslaunch][INFO] 2020-10-18 23:09:51,744: [move_base-3] sending SIGINT to pgid [8141]
[roslaunch][INFO] 2020-10-18 23:09:51,745: process[amcl-2]: killing os process with pid[8140] pgid[8140]
[roslaunch][INFO] 2020-10-18 23:09:51,745: [move_base-3] sent SIGINT to pgid [8141]
[roslaunch][INFO] 2020-10-18 23:09:51,746: [amcl-2] sending SIGINT to pgid [8140]
[roslaunch][INFO] 2020-10-18 23:09:51,746: process[map_server-1]: killing os process with pid[8139] pgid[8139]
[roslaunch][INFO] 2020-10-18 23:09:51,747: [amcl-2] sent SIGINT to pgid [8140]
[roslaunch][INFO] 2020-10-18 23:09:51,747: [map_server-1] sending SIGINT to pgid [8139]
[roslaunch][INFO] 2020-10-18 23:09:51,748: [map_server-1] sent SIGINT to pgid [8139]
[roslaunch][INFO] 2020-10-18 23:09:51,948: process[amcl-2]: SIGINT killed with return value 0
[roslaunch][INFO] 2020-10-18 23:09:51,949: process[map_server-1]: SIGINT killed with return value 0
[roslaunch][INFO] 2020-10-18 23:09:52,247: process[move_base-3]: SIGINT killed with return value 0
[roslaunch.pmon][INFO] 2020-10-18 23:09:52,247: ProcessMonitor exit: cleaning up data structures and signals
[roslaunch.pmon][INFO] 2020-10-18 23:09:52,248: ProcessMonitor exit: pmon has shutdown
[roslaunch][INFO] 2020-10-18 23:09:52,292: process monitor is done spinning, initiating full shutdown
[roslaunch][INFO] 2020-10-18 23:09:52,292: runner.stop()
[roslaunch][INFO] 2020-10-18 23:09:52,293: shutting down processing monitor...
[roslaunch][INFO] 2020-10-18 23:09:52,293: shutting down processing monitor <ProcessMonitor(ProcessMonitor-1, stopped daemon 140013099128576)>
[roslaunch.pmon][INFO] 2020-10-18 23:09:52,293: ProcessMonitor.shutdown <ProcessMonitor(ProcessMonitor-1, stopped daemon 140013099128576)>
[roslaunch][INFO] 2020-10-18 23:09:52,293: ... shutting down processing monitor complete
[roslaunch][INFO] 2020-10-18 23:09:52,293: done
[roslaunch.pmon][INFO] 2020-10-18 23:09:52,293: ProcessMonitor.shutdown <ProcessMonitor(ProcessMonitor-1, stopped daemon 140013099128576)>
[rospy.core][INFO] 2020-10-18 23:09:52,293: signal_shutdown [atexit]
