[33m[ WARN] [1603087299.835846697]: Shutdown request received.[0m
[33m[ WARN] [1603087299.835894105]: Reason given for shutdown: [new node registered with same name][0m

SOPAS - Stopped streaming scan data.
sick_tim driver exiting.
[0m[ INFO] [1603087300.194609514]: Waiting 5 seconds for device to connect.[0m
[0m[ INFO] [1603087300.195019081]: Succesfully connected to 10.42.42.10:2112[0m
[33m[ WARN] [1603087300.243385062]: Shutdown request received.[0m
[33m[ WARN] [1603087300.243404227]: Reason given for shutdown: [new node registered with same name][0m

SOPAS - Stopped streaming scan data.
sick_tim driver exiting.
[0m[ INFO] [1603087300.599772608]: Waiting 5 seconds for device to connect.[0m
[0m[ INFO] [1603087300.600136897]: Succesfully connected to 10.42.42.10:2112[0m
[33m[ WARN] [1603087300.851985774]: Shutdown request received.[0m
[33m[ WARN] [1603087300.852005590]: Reason given for shutdown: [new node registered with same name][0m

SOPAS - Stopped streaming scan data.
sick_tim driver exiting.
[0m[ INFO] [1603087301.082632923]: Waiting 5 seconds for device to connect.[0m
[0m[ INFO] [1603087301.083024567]: Succesfully connected to 10.42.42.10:2112[0m
[33m[ WARN] [1603087301.365266823]: Shutdown request received.[0m
[33m[ WARN] [1603087301.365285780]: Reason given for shutdown: [new node registered with same name][0m

SOPAS - Stopped streaming scan data.
sick_tim driver exiting.
[0m[ INFO] [1603087301.600509475]: Waiting 5 seconds for device to connect.[0m
[0m[ INFO] [1603087301.600855064]: Succesfully connected to 10.42.42.10:2112[0m
[33m[ WARN] [1603087301.975078745]: Shutdown request received.[0m
[33m[ WARN] [1603087301.975099567]: Reason given for shutdown: [new node registered with same name][0m

SOPAS - Stopped streaming scan data.
sick_tim driver exiting.
[0m[ INFO] [1603087302.198927650]: Waiting 5 seconds for device to connect.[0m
[0m[ INFO] [1603087302.199302419]: Succesfully connected to 10.42.42.10:2112[0m
[33m[ WARN] [1603087302.386014277]: Shutdown request received.[0m
[33m[ WARN] [1603087302.386037236]: Reason given for shutdown: [new node registered with same name][0m

SOPAS - Stopped streaming scan data.
sick_tim driver exiting.
[0m[ INFO] [1603087302.606285782]: Waiting 5 seconds for device to connect.[0m
[0m[ INFO] [1603087302.606720550]: Succesfully connected to 10.42.42.10:2112[0m
[33m[ WARN] [1603087302.797909502]: Shutdown request received.[0m
[33m[ WARN] [1603087302.797936644]: Reason given for shutdown: [new node registered with same name][0m

SOPAS - Stopped streaming scan data.
sick_tim driver exiting.
[0m[ INFO] [1603087303.017314282]: Waiting 5 seconds for device to connect.[0m
[0m[ INFO] [1603087303.017675574]: Succesfully connected to 10.42.42.10:2112[0m
[33m[ WARN] [1603087303.207002302]: Shutdown request received.[0m
[33m[ WARN] [1603087303.207020928]: Reason given for shutdown: [new node registered with same name][0m

SOPAS - Stopped streaming scan data.
sick_tim driver exiting.
[0m[ INFO] [1603087303.425876281]: Waiting 5 seconds for device to connect.[0m
[0m[ INFO] [1603087303.426255968]: Succesfully connected to 10.42.42.10:2112[0m
[33m[ WARN] [1603087303.618070635]: Shutdown request received.[0m
[33m[ WARN] [1603087303.618090670]: Reason given for shutdown: [new node registered with same name][0m

SOPAS - Stopped streaming scan data.
sick_tim driver exiting.
[0m[ INFO] [1603087303.931294054]: Waiting 5 seconds for device to connect.[0m
[0m[ INFO] [1603087303.931673969]: Succesfully connected to 10.42.42.10:2112[0m
[33m[ WARN] [1603087304.126368421]: Shutdown request received.[0m
[33m[ WARN] [1603087304.126387187]: Reason given for shutdown: [new node registered with same name][0m

SOPAS - Stopped streaming scan data.
sick_tim driver exiting.
[0m[ INFO] [1603087304.324771487]: Waiting 5 seconds for device to connect.[0m
[0m[ INFO] [1603087304.325116709]: Succesfully connected to 10.42.42.10:2112[0m
[33m[ WARN] [1603087304.533410585]: Shutdown request received.[0m
[33m[ WARN] [1603087304.533430048]: Reason given for shutdown: [new node registered with same name][0m

SOPAS - Stopped streaming scan data.
sick_tim driver exiting.
[0m[ INFO] [1603087304.740653426]: Waiting 5 seconds for device to connect.[0m
[0m[ INFO] [1603087304.741009242]: Succesfully connected to 10.42.42.10:2112[0m
[33m[ WARN] [1603087304.939684760]: Shutdown request received.[0m
[33m[ WARN] [1603087304.939705694]: Reason given for shutdown: [new node registered with same name][0m

SOPAS - Stopped streaming scan data.
sick_tim driver exiting.
[0m[ INFO] [1603087305.146819929]: Waiting 5 seconds for device to connect.[0m
[0m[ INFO] [1603087305.147178128]: Succesfully connected to 10.42.42.10:2112[0m
[33m[ WARN] [1603087305.546027710]: Shutdown request received.[0m
[33m[ WARN] [1603087305.546054619]: Reason given for shutdown: [new node registered with same name][0m

SOPAS - Stopped streaming scan data.
sick_tim driver exiting.
[0m[ INFO] [1603087305.742620416]: Waiting 5 seconds for device to connect.[0m
[0m[ INFO] [1603087305.743015720]: Succesfully connected to 10.42.42.10:2112[0m
[33m[ WARN] [1603087306.052249479]: Shutdown request received.[0m
[33m[ WARN] [1603087306.052274401]: Reason given for shutdown: [new node registered with same name][0m

SOPAS - Stopped streaming scan data.
sick_tim driver exiting.
[0m[ INFO] [1603087306.248658333]: Waiting 5 seconds for device to connect.[0m
[0m[ INFO] [1603087306.249085172]: Succesfully connected to 10.42.42.10:2112[0m
[33m[ WARN] [1603087306.458556211]: Shutdown request received.[0m
[33m[ WARN] [1603087306.458577194]: Reason given for shutdown: [new node registered with same name][0m

SOPAS - Stopped streaming scan data.
sick_tim driver exiting.
[0m[ INFO] [1603087306.655481641]: Waiting 5 seconds for device to connect.[0m
[0m[ INFO] [1603087306.655921667]: Succesfully connected to 10.42.42.10:2112[0m
[33m[ WARN] [1603087306.864631121]: Shutdown request received.[0m
[33m[ WARN] [1603087306.864651466]: Reason given for shutdown: [new node registered with same name][0m

SOPAS - Stopped streaming scan data.
sick_tim driver exiting.
[0m[ INFO] [1603087307.060480792]: Waiting 5 seconds for device to connect.[0m
[0m[ INFO] [1603087307.060843311]: Succesfully connected to 10.42.42.10:2112[0m
[33m[ WARN] [1603087307.269933892]: Shutdown request received.[0m
[33m[ WARN] [1603087307.269953964]: Reason given for shutdown: [new node registered with same name][0m

SOPAS - Stopped streaming scan data.
sick_tim driver exiting.
[0m[ INFO] [1603087307.466035719]: Waiting 5 seconds for device to connect.[0m
[0m[ INFO] [1603087307.466379975]: Succesfully connected to 10.42.42.10:2112[0m
[33m[ WARN] [1603087307.676469600]: Shutdown request received.[0m
[33m[ WARN] [1603087307.676490958]: Reason given for shutdown: [new node registered with same name][0m

SOPAS - Stopped streaming scan data.
sick_tim driver exiting.
[0m[ INFO] [1603087307.872004032]: Waiting 5 seconds for device to connect.[0m
[0m[ INFO] [1603087307.872360188]: Succesfully connected to 10.42.42.10:2112[0m
[33m[ WARN] [1603087308.183155747]: Shutdown request received.[0m
[33m[ WARN] [1603087308.183173906]: Reason given for shutdown: [new node registered with same name][0m

SOPAS - Stopped streaming scan data.
sick_tim driver exiting.
[0m[ INFO] [1603087308.377946922]: Waiting 5 seconds for device to connect.[0m
[0m[ INFO] [1603087308.378377998]: Succesfully connected to 10.42.42.10:2112[0m
[33m[ WARN] [1603087308.688735301]: Shutdown request received.[0m
[33m[ WARN] [1603087308.688757675]: Reason given for shutdown: [new node registered with same name][0m

SOPAS - Stopped streaming scan data.
sick_tim driver exiting.
[0m[ INFO] [1603087308.985314775]: Waiting 5 seconds for device to connect.[0m
[0m[ INFO] [1603087308.985763275]: Succesfully connected to 10.42.42.10:2112[0m
[33m[ WARN] [1603087309.195987716]: Shutdown request received.[0m
[33m[ WARN] [1603087309.196005231]: Reason given for shutdown: [new node registered with same name][0m

SOPAS - Stopped streaming scan data.
sick_tim driver exiting.
[0m[ INFO] [1603087309.401440997]: Waiting 5 seconds for device to connect.[0m
[0m[ INFO] [1603087309.401803916]: Succesfully connected to 10.42.42.10:2112[0m
[33m[ WARN] [1603087309.599749069]: Shutdown request received.[0m
[33m[ WARN] [1603087309.599768470]: Reason given for shutdown: [new node registered with same name][0m

SOPAS - Stopped streaming scan data.
sick_tim driver exiting.
[0m[ INFO] [1603087309.797773944]: Waiting 5 seconds for device to connect.[0m
[0m[ INFO] [1603087309.798176102]: Succesfully connected to 10.42.42.10:2112[0m
[33m[ WARN] [1603087310.005872769]: Shutdown request received.[0m
[33m[ WARN] [1603087310.005914486]: Reason given for shutdown: [new node registered with same name][0m

SOPAS - Stopped streaming scan data.
sick_tim driver exiting.
[0m[ INFO] [1603087310.318324188]: Waiting 5 seconds for device to connect.[0m
[0m[ INFO] [1603087310.318835658]: Succesfully connected to 10.42.42.10:2112[0m
[33m[ WARN] [1603087310.612761772]: Shutdown request received.[0m
[33m[ WARN] [1603087310.612789158]: Reason given for shutdown: [new node registered with same name][0m

SOPAS - Stopped streaming scan data.
sick_tim driver exiting.
[0m[ INFO] [1603087310.810922942]: Waiting 5 seconds for device to connect.[0m
[0m[ INFO] [1603087310.811303050]: Succesfully connected to 10.42.42.10:2112[0m
[33m[ WARN] [1603087311.119345140]: Shutdown request received.[0m
[33m[ WARN] [1603087311.119364298]: Reason given for shutdown: [new node registered with same name][0m

SOPAS - Stopped streaming scan data.
sick_tim driver exiting.
[0m[ INFO] [1603087311.317388697]: Waiting 5 seconds for device to connect.[0m
[0m[ INFO] [1603087311.317789771]: Succesfully connected to 10.42.42.10:2112[0m
[33m[ WARN] [1603087311.625189426]: Shutdown request received.[0m
[33m[ WARN] [1603087311.625225837]: Reason given for shutdown: [new node registered with same name][0m

SOPAS - Stopped streaming scan data.
sick_tim driver exiting.
[0m[ INFO] [1603087311.823027741]: Waiting 5 seconds for device to connect.[0m
[0m[ INFO] [1603087311.823421192]: Succesfully connected to 10.42.42.10:2112[0m
[33m[ WARN] [1603087312.132835564]: Shutdown request received.[0m
[33m[ WARN] [1603087312.132863027]: Reason given for shutdown: [new node registered with same name][0m

SOPAS - Stopped streaming scan data.
sick_tim driver exiting.
[0m[ INFO] [1603087312.329021118]: Waiting 5 seconds for device to connect.[0m
[0m[ INFO] [1603087312.329381730]: Succesfully connected to 10.42.42.10:2112[0m
[33m[ WARN] [1603087312.539317793]: Shutdown request received.[0m
[33m[ WARN] [1603087312.539335432]: Reason given for shutdown: [new node registered with same name][0m

SOPAS - Stopped streaming scan data.
sick_tim driver exiting.
[0m[ INFO] [1603087312.734435073]: Waiting 5 seconds for device to connect.[0m
[0m[ INFO] [1603087312.734810273]: Succesfully connected to 10.42.42.10:2112[0m
[33m[ WARN] [1603087312.945613233]: Shutdown request received.[0m
[33m[ WARN] [1603087312.945639689]: Reason given for shutdown: [new node registered with same name][0m

SOPAS - Stopped streaming scan data.
sick_tim driver exiting.
[0m[ INFO] [1603087313.257446738]: Waiting 5 seconds for device to connect.[0m
[0m[ INFO] [1603087313.257796167]: Succesfully connected to 10.42.42.10:2112[0m
[33m[ WARN] [1603087313.552888119]: Shutdown request received.[0m
[33m[ WARN] [1603087313.552914959]: Reason given for shutdown: [new node registered with same name][0m

SOPAS - Stopped streaming scan data.
sick_tim driver exiting.
[0m[ INFO] [1603087313.850278097]: Waiting 5 seconds for device to connect.[0m
[0m[ INFO] [1603087313.850698999]: Succesfully connected to 10.42.42.10:2112[0m
[33m[ WARN] [1603087314.062225038]: Shutdown request received.[0m
[33m[ WARN] [1603087314.062244405]: Reason given for shutdown: [new node registered with same name][0m

SOPAS - Stopped streaming scan data.
sick_tim driver exiting.
[0m[ INFO] [1603087314.258319647]: Waiting 5 seconds for device to connect.[0m
[0m[ INFO] [1603087314.258695798]: Succesfully connected to 10.42.42.10:2112[0m
[33m[ WARN] [1603087314.467341172]: Shutdown request received.[0m
[33m[ WARN] [1603087314.467361528]: Reason given for shutdown: [new node registered with same name][0m

SOPAS - Stopped streaming scan data.
sick_tim driver exiting.
[0m[ INFO] [1603087314.664107938]: Waiting 5 seconds for device to connect.[0m
[0m[ INFO] [1603087314.664470433]: Succesfully connected to 10.42.42.10:2112[0m
[33m[ WARN] [1603087314.872959670]: Shutdown request received.[0m
[33m[ WARN] [1603087314.872978114]: Reason given for shutdown: [new node registered with same name][0m

SOPAS - Stopped streaming scan data.
sick_tim driver exiting.
[0m[ INFO] [1603087315.070060654]: Waiting 5 seconds for device to connect.[0m
[0m[ INFO] [1603087315.070424615]: Succesfully connected to 10.42.42.10:2112[0m
[33m[ WARN] [1603087315.381549448]: Shutdown request received.[0m
[33m[ WARN] [1603087315.381571963]: Reason given for shutdown: [new node registered with same name][0m

SOPAS - Stopped streaming scan data.
sick_tim driver exiting.
[0m[ INFO] [1603087315.576000103]: Waiting 5 seconds for device to connect.[0m
[0m[ INFO] [1603087315.576383756]: Succesfully connected to 10.42.42.10:2112[0m
[33m[ WARN] [1603087315.888002453]: Shutdown request received.[0m
[33m[ WARN] [1603087315.888024163]: Reason given for shutdown: [new node registered with same name][0m

SOPAS - Stopped streaming scan data.
sick_tim driver exiting.
[0m[ INFO] [1603087316.182212039]: Waiting 5 seconds for device to connect.[0m
[0m[ INFO] [1603087316.182615976]: Succesfully connected to 10.42.42.10:2112[0m
[33m[ WARN] [1603087316.494093926]: Shutdown request received.[0m
[33m[ WARN] [1603087316.494115018]: Reason given for shutdown: [new node registered with same name][0m

SOPAS - Stopped streaming scan data.
sick_tim driver exiting.
[0m[ INFO] [1603087316.700267314]: Waiting 5 seconds for device to connect.[0m
[0m[ INFO] [1603087316.700648196]: Succesfully connected to 10.42.42.10:2112[0m
[33m[ WARN] [1603087317.000499972]: Shutdown request received.[0m
[33m[ WARN] [1603087317.000524377]: Reason given for shutdown: [new node registered with same name][0m

SOPAS - Stopped streaming scan data.
sick_tim driver exiting.
[0m[ INFO] [1603087317.207252943]: Waiting 5 seconds for device to connect.[0m
[0m[ INFO] [1603087317.207607044]: Succesfully connected to 10.42.42.10:2112[0m
[33m[ WARN] [1603087317.406537507]: Shutdown request received.[0m
[33m[ WARN] [1603087317.406557414]: Reason given for shutdown: [new node registered with same name][0m

SOPAS - Stopped streaming scan data.
sick_tim driver exiting.
[0m[ INFO] [1603087317.614987241]: Waiting 5 seconds for device to connect.[0m
[0m[ INFO] [1603087317.615328185]: Succesfully connected to 10.42.42.10:2112[0m
[33m[ WARN] [1603087317.813681755]: Shutdown request received.[0m
[33m[ WARN] [1603087317.813701357]: Reason given for shutdown: [new node registered with same name][0m

SOPAS - Stopped streaming scan data.
sick_tim driver exiting.
[0m[ INFO] [1603087318.110755068]: Waiting 5 seconds for device to connect.[0m
[0m[ INFO] [1603087318.111139832]: Succesfully connected to 10.42.42.10:2112[0m
[33m[ WARN] [1603087318.421849740]: Shutdown request received.[0m
[33m[ WARN] [1603087318.421867993]: Reason given for shutdown: [new node registered with same name][0m

SOPAS - Stopped streaming scan data.
sick_tim driver exiting.
[0m[ INFO] [1603087318.718127248]: Waiting 5 seconds for device to connect.[0m
[0m[ INFO] [1603087318.718561681]: Succesfully connected to 10.42.42.10:2112[0m
[33m[ WARN] [1603087319.029538183]: Shutdown request received.[0m
[33m[ WARN] [1603087319.029558751]: Reason given for shutdown: [new node registered with same name][0m

SOPAS - Stopped streaming scan data.
sick_tim driver exiting.
[0m[ INFO] [1603087319.222664632]: Waiting 5 seconds for device to connect.[0m
[0m[ INFO] [1603087319.223026824]: Succesfully connected to 10.42.42.10:2112[0m
[33m[ WARN] [1603087319.534208963]: Shutdown request received.[0m
[33m[ WARN] [1603087319.534231207]: Reason given for shutdown: [new node registered with same name][0m

SOPAS - Stopped streaming scan data.
sick_tim driver exiting.
[0m[ INFO] [1603087319.739952328]: Waiting 5 seconds for device to connect.[0m
[0m[ INFO] [1603087319.740469442]: Succesfully connected to 10.42.42.10:2112[0m
[33m[ WARN] [1603087319.939306217]: Shutdown request received.[0m
[33m[ WARN] [1603087319.939331899]: Reason given for shutdown: [new node registered with same name][0m

SOPAS - Stopped streaming scan data.
sick_tim driver exiting.
[0m[ INFO] [1603087320.135618037]: Waiting 5 seconds for device to connect.[0m
[0m[ INFO] [1603087320.135946214]: Succesfully connected to 10.42.42.10:2112[0m
[33m[ WARN] [1603087320.345131095]: Shutdown request received.[0m
[33m[ WARN] [1603087320.345147246]: Reason given for shutdown: [new node registered with same name][0m

SOPAS - Stopped streaming scan data.
sick_tim driver exiting.
[0m[ INFO] [1603087320.541500777]: Waiting 5 seconds for device to connect.[0m
[0m[ INFO] [1603087320.541841678]: Succesfully connected to 10.42.42.10:2112[0m
[33m[ WARN] [1603087320.750652022]: Shutdown request received.[0m
[33m[ WARN] [1603087320.750669378]: Reason given for shutdown: [new node registered with same name][0m

SOPAS - Stopped streaming scan data.
sick_tim driver exiting.
[0m[ INFO] [1603087321.059669550]: Waiting 5 seconds for device to connect.[0m
[0m[ INFO] [1603087321.060015272]: Succesfully connected to 10.42.42.10:2112[0m
[33m[ WARN] [1603087321.357071957]: Shutdown request received.[0m
[33m[ WARN] [1603087321.357098733]: Reason given for shutdown: [new node registered with same name][0m

SOPAS - Stopped streaming scan data.
sick_tim driver exiting.
[0m[ INFO] [1603087321.558254393]: Waiting 5 seconds for device to connect.[0m
[0m[ INFO] [1603087321.558655633]: Succesfully connected to 10.42.42.10:2112[0m
[33m[ WARN] [1603087321.862415106]: Shutdown request received.[0m
[33m[ WARN] [1603087321.862434455]: Reason given for shutdown: [new node registered with same name][0m

SOPAS - Stopped streaming scan data.
sick_tim driver exiting.
[0m[ INFO] [1603087322.065099944]: Waiting 5 seconds for device to connect.[0m
[0m[ INFO] [1603087322.065485683]: Succesfully connected to 10.42.42.10:2112[0m
[33m[ WARN] [1603087322.267198102]: Shutdown request received.[0m
[33m[ WARN] [1603087322.267218336]: Reason given for shutdown: [new node registered with same name][0m

SOPAS - Stopped streaming scan data.
sick_tim driver exiting.
[0m[ INFO] [1603087322.473297805]: Waiting 5 seconds for device to connect.[0m
[0m[ INFO] [1603087322.473642358]: Succesfully connected to 10.42.42.10:2112[0m
[33m[ WARN] [1603087322.672313564]: Shutdown request received.[0m
[33m[ WARN] [1603087322.672333819]: Reason given for shutdown: [new node registered with same name][0m

SOPAS - Stopped streaming scan data.
sick_tim driver exiting.
[0m[ INFO] [1603087322.878347553]: Waiting 5 seconds for device to connect.[0m
[0m[ INFO] [1603087322.878699549]: Succesfully connected to 10.42.42.10:2112[0m
[33m[ WARN] [1603087323.077007198]: Shutdown request received.[0m
[33m[ WARN] [1603087323.077029725]: Reason given for shutdown: [new node registered with same name][0m

SOPAS - Stopped streaming scan data.
sick_tim driver exiting.
[0m[ INFO] [1603087323.380835511]: Waiting 5 seconds for device to connect.[0m
[0m[ INFO] [1603087323.381244640]: Succesfully connected to 10.42.42.10:2112[0m
[33m[ WARN] [1603087323.787025473]: Shutdown request received.[0m
[33m[ WARN] [1603087323.787043405]: Reason given for shutdown: [new node registered with same name][0m

SOPAS - Stopped streaming scan data.
sick_tim driver exiting.
[0m[ INFO] [1603087323.992417900]: Waiting 5 seconds for device to connect.[0m
[0m[ INFO] [1603087323.992761942]: Succesfully connected to 10.42.42.10:2112[0m

SOPAS - Stopped streaming scan data.
sick_tim driver exiting.
