[rospy.client][INFO] 2020-10-18 23:01:39,535: init_node, name[/software_runstop], pid[12095]
[xmlrpc][INFO] 2020-10-18 23:01:39,536: XML-RPC server binding to 0.0.0.0:0
[xmlrpc][INFO] 2020-10-18 23:01:39,536: Started XML-RPC server [http://freight1207:37755/]
[rospy.impl.masterslave][INFO] 2020-10-18 23:01:39,536: _ready: http://freight1207:37755/
[xmlrpc][INFO] 2020-10-18 23:01:39,536: xml rpc node: starting XML-RPC server
[rospy.registration][INFO] 2020-10-18 23:01:39,536: Registering with master node http://localhost:11311
[rospy.init][INFO] 2020-10-18 23:01:39,537: ROS Slave URI: [http://freight1207:37755/]
[rospy.init][INFO] 2020-10-18 23:01:39,537: registered with master
[rospy.rosout][INFO] 2020-10-18 23:01:39,537: initializing /rosout core topic
[rospy.rosout][INFO] 2020-10-18 23:01:39,588: connected to core topic /rosout
[rospy.simtime][INFO] 2020-10-18 23:01:39,619: /use_sim_time is not set, will not subscribe to simulated time [/clock] topic
[rospy.internal][INFO] 2020-10-18 23:01:39,914: topic[/robot_state] adding connection to [http://freight1207:52955/], count 0
[rospy.internal][INFO] 2020-10-18 23:01:39,937: topic[/rosout] adding connection to [/rosout], count 0
[rospy.core][INFO] 2020-10-18 23:02:04,068: signal_shutdown [signal-2]
[rospy.internal][INFO] 2020-10-18 23:02:04,071: topic[/rosout] removing connection to /rosout
[rospy.internal][INFO] 2020-10-18 23:02:04,071: topic[/robot_state] removing connection to http://freight1207:52955/
[rospy.impl.masterslave][INFO] 2020-10-18 23:02:04,071: signal-2
[rospy.internal][ERROR] 2020-10-18 23:02:04,071: Traceback (most recent call last):
  File "/opt/ros/indigo/lib/python2.7/dist-packages/rospy/impl/tcpros_base.py", line 698, in receive_once
    self.stat_bytes += recv_buff(sock, b, p.buff_size)
  File "/opt/ros/indigo/lib/python2.7/dist-packages/rospy/impl/tcpros_base.py", line 103, in recv_buff
    d = sock.recv(buff_size)
error: [Errno 104] Connection reset by peer

[rospy.core][INFO] 2020-10-18 23:02:04,187: signal_shutdown [atexit]
