[roslaunch][INFO] 2020-10-22 18:18:20,108: Checking log directory for disk usage. This may take awhile.
Press Ctrl-C to interrupt
[roslaunch][INFO] 2020-10-22 18:18:20,119: Done checking log file disk usage. Usage is <1GB.
[roslaunch][INFO] 2020-10-22 18:18:20,119: roslaunch starting with args ['/opt/ros/indigo/bin/roslaunch', 'fetch_navigation', 'freight_nav.launch']
[roslaunch][INFO] 2020-10-22 18:18:20,119: roslaunch env is {'ROS_DISTRO': 'indigo', 'LESSOPEN': '| /usr/bin/lesspipe %s', 'SSH_CLIENT': '192.168.30.25 49766 22', 'CPATH': '/home/fetch/catkin_ws/devel/include:/opt/ros/indigo/include', 'LOGNAME': 'fetch', 'USER': 'fetch', 'PATH': '/opt/ros/indigo/bin:/usr/local/sbin:/usr/local/bin:/usr/sbin:/usr/bin:/sbin:/bin:/usr/games:/usr/local/games', 'HOME': '/home/fetch', 'CMAKE_PREFIX_PATH': '/home/fetch/catkin_ws/devel:/opt/ros/indigo', 'LD_LIBRARY_PATH': '/home/fetch/catkin_ws/devel/lib:/opt/ros/indigo/lib', 'LANG': 'en_US.UTF-8', 'TERM': 'xterm-256color', 'SHELL': '/bin/bash', 'ROS_LOG_FILENAME': '/home/fetch/.ros/log/61843e1c-14cd-11eb-9d44-000babe55698/roslaunch-freight1207-3353.log', 'SHLVL': '1', 'QT_QPA_PLATFORMTHEME': 'appmenu-qt5', 'DISPLAY': 'localhost:10.0', 'ROS_ETC_DIR': '/opt/ros/indigo/etc/ros', 'XDG_RUNTIME_DIR': '/run/user/1000', 'PYTHONPATH': '/home/fetch/catkin_ws/devel/lib/python2.7/dist-packages:/opt/ros/indigo/lib/python2.7/dist-packages', 'ROS_ROOT': '/opt/ros/indigo/share/ros', 'PKG_CONFIG_PATH': '/home/fetch/catkin_ws/devel/lib/pkgconfig:/opt/ros/indigo/lib/pkgconfig', 'ROS_PACKAGE_PATH': '/home/fetch/catkin_ws/src:/opt/ros/indigo/share:/opt/ros/indigo/stacks', 'XDG_SESSION_ID': '1', '_': '/opt/ros/indigo/bin/roslaunch', 'SSH_CONNECTION': '192.168.30.25 49766 192.168.30.22 22', 'LESSCLOSE': '/usr/bin/lesspipe %s %s', 'SSH_TTY': '/dev/pts/1', 'PWD': '/home/fetch', 'ROS_MASTER_URI': 'http://localhost:11311', 'MAIL': '/var/mail/fetch', 'LS_COLORS': 'rs=0:di=01;34:ln=01;36:mh=00:pi=40;33:so=01;35:do=01;35:bd=40;33;01:cd=40;33;01:or=40;31;01:su=37;41:sg=30;43:ca=30;41:tw=30;42:ow=34;42:st=37;44:ex=01;32:*.tar=01;31:*.tgz=01;31:*.arj=01;31:*.taz=01;31:*.lzh=01;31:*.lzma=01;31:*.tlz=01;31:*.txz=01;31:*.zip=01;31:*.z=01;31:*.Z=01;31:*.dz=01;31:*.gz=01;31:*.lz=01;31:*.xz=01;31:*.bz2=01;31:*.bz=01;31:*.tbz=01;31:*.tbz2=01;31:*.tz=01;31:*.deb=01;31:*.rpm=01;31:*.jar=01;31:*.war=01;31:*.ear=01;31:*.sar=01;31:*.rar=01;31:*.ace=01;31:*.zoo=01;31:*.cpio=01;31:*.7z=01;31:*.rz=01;31:*.jpg=01;35:*.jpeg=01;35:*.gif=01;35:*.bmp=01;35:*.pbm=01;35:*.pgm=01;35:*.ppm=01;35:*.tga=01;35:*.xbm=01;35:*.xpm=01;35:*.tif=01;35:*.tiff=01;35:*.png=01;35:*.svg=01;35:*.svgz=01;35:*.mng=01;35:*.pcx=01;35:*.mov=01;35:*.mpg=01;35:*.mpeg=01;35:*.m2v=01;35:*.mkv=01;35:*.webm=01;35:*.ogm=01;35:*.mp4=01;35:*.m4v=01;35:*.mp4v=01;35:*.vob=01;35:*.qt=01;35:*.nuv=01;35:*.wmv=01;35:*.asf=01;35:*.rm=01;35:*.rmvb=01;35:*.flc=01;35:*.avi=01;35:*.fli=01;35:*.flv=01;35:*.gl=01;35:*.dl=01;35:*.xcf=01;35:*.xwd=01;35:*.yuv=01;35:*.cgm=01;35:*.emf=01;35:*.axv=01;35:*.anx=01;35:*.ogv=01;35:*.ogx=01;35:*.aac=00;36:*.au=00;36:*.flac=00;36:*.mid=00;36:*.midi=00;36:*.mka=00;36:*.mp3=00;36:*.mpc=00;36:*.ogg=00;36:*.ra=00;36:*.wav=00;36:*.axa=00;36:*.oga=00;36:*.spx=00;36:*.xspf=00;36:'}
[roslaunch][INFO] 2020-10-22 18:18:20,119: starting in server mode
[roslaunch.parent][INFO] 2020-10-22 18:18:20,120: starting roslaunch parent run
[roslaunch][INFO] 2020-10-22 18:18:20,120: loading roscore config file /opt/ros/indigo/etc/ros/roscore.xml
[roslaunch][INFO] 2020-10-22 18:18:20,185: Added core node of type [rosout/rosout] in namespace [/]
[roslaunch.config][INFO] 2020-10-22 18:18:20,185: loading config file /opt/ros/indigo/share/fetch_navigation/launch/freight_nav.launch
[roslaunch][INFO] 2020-10-22 18:18:20,206: Added node of type [map_server/map_server] in namespace [/]
[roslaunch][INFO] 2020-10-22 18:18:20,207: Added node of type [map_server/map_server] in namespace [/]
[roslaunch][INFO] 2020-10-22 18:18:20,212: Added node of type [amcl/amcl] in namespace [/]
[roslaunch][INFO] 2020-10-22 18:18:20,231: Added node of type [move_base/move_base] in namespace [/]
[roslaunch][INFO] 2020-10-22 18:18:20,231: ... selected machine [] for node of type [map_server/map_server]
[roslaunch][INFO] 2020-10-22 18:18:20,231: ... selected machine [] for node of type [map_server/map_server]
[roslaunch][INFO] 2020-10-22 18:18:20,231: ... selected machine [] for node of type [amcl/amcl]
[roslaunch][INFO] 2020-10-22 18:18:20,231: ... selected machine [] for node of type [move_base/move_base]
[roslaunch.pmon][INFO] 2020-10-22 18:18:20,232: start_process_monitor: creating ProcessMonitor
[roslaunch.pmon][INFO] 2020-10-22 18:18:20,232: created process monitor <ProcessMonitor(ProcessMonitor-1, initial daemon)>
[roslaunch.pmon][INFO] 2020-10-22 18:18:20,232: start_process_monitor: ProcessMonitor started
[roslaunch.parent][INFO] 2020-10-22 18:18:20,232: starting parent XML-RPC server
[roslaunch.server][INFO] 2020-10-22 18:18:20,232: starting roslaunch XML-RPC server
[roslaunch.server][INFO] 2020-10-22 18:18:20,232: waiting for roslaunch XML-RPC server to initialize
[xmlrpc][INFO] 2020-10-22 18:18:20,232: XML-RPC server binding to 0.0.0.0:0
[xmlrpc][INFO] 2020-10-22 18:18:20,232: Started XML-RPC server [http://freight1207:54597/]
[xmlrpc][INFO] 2020-10-22 18:18:20,233: xml rpc node: starting XML-RPC server
[roslaunch][INFO] 2020-10-22 18:18:20,243: started roslaunch server http://freight1207:54597/
[roslaunch.parent][INFO] 2020-10-22 18:18:20,243: ... parent XML-RPC server started
[roslaunch][INFO] 2020-10-22 18:18:20,244: master.is_running[http://localhost:11311]
[roslaunch][INFO] 2020-10-22 18:18:20,245: master.is_running[http://localhost:11311]
[roslaunch][INFO] 2020-10-22 18:18:20,246: ROS_MASTER_URI=http://localhost:11311
[roslaunch][INFO] 2020-10-22 18:18:20,247: setting /roslaunch/uris/host_freight1207__54597' to http://freight1207:54597/
[roslaunch][INFO] 2020-10-22 18:18:20,248: load_parameters starting ...
[roslaunch][INFO] 2020-10-22 18:18:20,267: ... load_parameters complete
[roslaunch][INFO] 2020-10-22 18:18:20,267: launch_nodes: launching local nodes ...
[roslaunch][INFO] 2020-10-22 18:18:20,267: ... preparing to launch node of type [map_server/map_server]
[roslaunch][INFO] 2020-10-22 18:18:20,267: create_node_process: package[map_server] type[map_server] machine[Machine(name[] env_loader[None] address[localhost] ssh_port[22] user[None] assignable[True] timeout[10.0])] master_uri[http://localhost:11311]
[roslaunch][INFO] 2020-10-22 18:18:20,267: process[map_server-1]: env[{'ROS_DISTRO': 'indigo', 'LESSOPEN': '| /usr/bin/lesspipe %s', 'SSH_CLIENT': '192.168.30.25 49766 22', 'CPATH': '/home/fetch/catkin_ws/devel/include:/opt/ros/indigo/include', 'LOGNAME': 'fetch', 'USER': 'fetch', 'PATH': '/opt/ros/indigo/bin:/usr/local/sbin:/usr/local/bin:/usr/sbin:/usr/bin:/sbin:/bin:/usr/games:/usr/local/games', 'HOME': '/home/fetch', 'CMAKE_PREFIX_PATH': '/home/fetch/catkin_ws/devel:/opt/ros/indigo', 'ROS_LOG_FILENAME': '/home/fetch/.ros/log/61843e1c-14cd-11eb-9d44-000babe55698/roslaunch-freight1207-3353.log', 'LANG': 'en_US.UTF-8', 'TERM': 'xterm-256color', 'SHELL': '/bin/bash', 'SHLVL': '1', 'QT_QPA_PLATFORMTHEME': 'appmenu-qt5', 'DISPLAY': 'localhost:10.0', 'ROS_MASTER_URI': 'http://localhost:11311', 'XDG_RUNTIME_DIR': '/run/user/1000', 'PYTHONPATH': '/home/fetch/catkin_ws/devel/lib/python2.7/dist-packages:/opt/ros/indigo/lib/python2.7/dist-packages', 'ROS_ROOT': '/opt/ros/indigo/share/ros', 'PKG_CONFIG_PATH': '/home/fetch/catkin_ws/devel/lib/pkgconfig:/opt/ros/indigo/lib/pkgconfig', 'ROS_PACKAGE_PATH': '/home/fetch/catkin_ws/src:/opt/ros/indigo/share:/opt/ros/indigo/stacks', 'XDG_SESSION_ID': '1', '_': '/opt/ros/indigo/bin/roslaunch', 'LD_LIBRARY_PATH': '/home/fetch/catkin_ws/devel/lib:/opt/ros/indigo/lib', 'LS_COLORS': 'rs=0:di=01;34:ln=01;36:mh=00:pi=40;33:so=01;35:do=01;35:bd=40;33;01:cd=40;33;01:or=40;31;01:su=37;41:sg=30;43:ca=30;41:tw=30;42:ow=34;42:st=37;44:ex=01;32:*.tar=01;31:*.tgz=01;31:*.arj=01;31:*.taz=01;31:*.lzh=01;31:*.lzma=01;31:*.tlz=01;31:*.txz=01;31:*.zip=01;31:*.z=01;31:*.Z=01;31:*.dz=01;31:*.gz=01;31:*.lz=01;31:*.xz=01;31:*.bz2=01;31:*.bz=01;31:*.tbz=01;31:*.tbz2=01;31:*.tz=01;31:*.deb=01;31:*.rpm=01;31:*.jar=01;31:*.war=01;31:*.ear=01;31:*.sar=01;31:*.rar=01;31:*.ace=01;31:*.zoo=01;31:*.cpio=01;31:*.7z=01;31:*.rz=01;31:*.jpg=01;35:*.jpeg=01;35:*.gif=01;35:*.bmp=01;35:*.pbm=01;35:*.pgm=01;35:*.ppm=01;35:*.tga=01;35:*.xbm=01;35:*.xpm=01;35:*.tif=01;35:*.tiff=01;35:*.png=01;35:*.svg=01;35:*.svgz=01;35:*.mng=01;35:*.pcx=01;35:*.mov=01;35:*.mpg=01;35:*.mpeg=01;35:*.m2v=01;35:*.mkv=01;35:*.webm=01;35:*.ogm=01;35:*.mp4=01;35:*.m4v=01;35:*.mp4v=01;35:*.vob=01;35:*.qt=01;35:*.nuv=01;35:*.wmv=01;35:*.asf=01;35:*.rm=01;35:*.rmvb=01;35:*.flc=01;35:*.avi=01;35:*.fli=01;35:*.flv=01;35:*.gl=01;35:*.dl=01;35:*.xcf=01;35:*.xwd=01;35:*.yuv=01;35:*.cgm=01;35:*.emf=01;35:*.axv=01;35:*.anx=01;35:*.ogv=01;35:*.ogx=01;35:*.aac=00;36:*.au=00;36:*.flac=00;36:*.mid=00;36:*.midi=00;36:*.mka=00;36:*.mp3=00;36:*.mpc=00;36:*.ogg=00;36:*.ra=00;36:*.wav=00;36:*.axa=00;36:*.oga=00;36:*.spx=00;36:*.xspf=00;36:', 'LESSCLOSE': '/usr/bin/lesspipe %s %s', 'SSH_TTY': '/dev/pts/1', 'PWD': '/home/fetch', 'ROS_ETC_DIR': '/opt/ros/indigo/etc/ros', 'MAIL': '/var/mail/fetch', 'SSH_CONNECTION': '192.168.30.25 49766 192.168.30.22 22'}]
[roslaunch][INFO] 2020-10-22 18:18:20,288: process[map_server-1]: args[[u'/opt/ros/indigo/lib/map_server/map_server', '/home/fetch/mapmap.yaml', u'__name:=map_server']]
[roslaunch][INFO] 2020-10-22 18:18:20,288: ... created process [map_server-1]
[roslaunch.pmon][INFO] 2020-10-22 18:18:20,288: ProcessMonitor.register[map_server-1]
[roslaunch.pmon][INFO] 2020-10-22 18:18:20,288: ProcessMonitor.register[map_server-1] complete
[roslaunch][INFO] 2020-10-22 18:18:20,288: ... registered process [map_server-1]
[roslaunch][INFO] 2020-10-22 18:18:20,288: process[map_server-1]: starting os process
[roslaunch][INFO] 2020-10-22 18:18:20,288: process[map_server-1]: start w/ args [[u'/opt/ros/indigo/lib/map_server/map_server', '/home/fetch/mapmap.yaml', u'__name:=map_server', u'__log:=/home/fetch/.ros/log/61843e1c-14cd-11eb-9d44-000babe55698/map_server-1.log']]
[roslaunch][INFO] 2020-10-22 18:18:20,289: process[map_server-1]: cwd will be [/home/fetch/.ros]
[roslaunch][INFO] 2020-10-22 18:18:20,291: process[map_server-1]: started with pid [3371]
[roslaunch][INFO] 2020-10-22 18:18:20,291: ... successfully launched [map_server-1]
[roslaunch][INFO] 2020-10-22 18:18:20,291: ... preparing to launch node of type [map_server/map_server]
[roslaunch][INFO] 2020-10-22 18:18:20,291: create_node_process: package[map_server] type[map_server] machine[Machine(name[] env_loader[None] address[localhost] ssh_port[22] user[None] assignable[True] timeout[10.0])] master_uri[http://localhost:11311]
[roslaunch][INFO] 2020-10-22 18:18:20,291: process[map_keepout_server-2]: env[{'ROS_DISTRO': 'indigo', 'LESSOPEN': '| /usr/bin/lesspipe %s', 'SSH_CLIENT': '192.168.30.25 49766 22', 'CPATH': '/home/fetch/catkin_ws/devel/include:/opt/ros/indigo/include', 'LOGNAME': 'fetch', 'USER': 'fetch', 'PATH': '/opt/ros/indigo/bin:/usr/local/sbin:/usr/local/bin:/usr/sbin:/usr/bin:/sbin:/bin:/usr/games:/usr/local/games', 'HOME': '/home/fetch', 'CMAKE_PREFIX_PATH': '/home/fetch/catkin_ws/devel:/opt/ros/indigo', 'ROS_LOG_FILENAME': '/home/fetch/.ros/log/61843e1c-14cd-11eb-9d44-000babe55698/roslaunch-freight1207-3353.log', 'LANG': 'en_US.UTF-8', 'TERM': 'xterm-256color', 'SHELL': '/bin/bash', 'SHLVL': '1', 'QT_QPA_PLATFORMTHEME': 'appmenu-qt5', 'DISPLAY': 'localhost:10.0', 'ROS_MASTER_URI': 'http://localhost:11311', 'XDG_RUNTIME_DIR': '/run/user/1000', 'PYTHONPATH': '/home/fetch/catkin_ws/devel/lib/python2.7/dist-packages:/opt/ros/indigo/lib/python2.7/dist-packages', 'ROS_ROOT': '/opt/ros/indigo/share/ros', 'PKG_CONFIG_PATH': '/home/fetch/catkin_ws/devel/lib/pkgconfig:/opt/ros/indigo/lib/pkgconfig', 'ROS_PACKAGE_PATH': '/home/fetch/catkin_ws/src:/opt/ros/indigo/share:/opt/ros/indigo/stacks', 'XDG_SESSION_ID': '1', '_': '/opt/ros/indigo/bin/roslaunch', 'LD_LIBRARY_PATH': '/home/fetch/catkin_ws/devel/lib:/opt/ros/indigo/lib', 'LS_COLORS': 'rs=0:di=01;34:ln=01;36:mh=00:pi=40;33:so=01;35:do=01;35:bd=40;33;01:cd=40;33;01:or=40;31;01:su=37;41:sg=30;43:ca=30;41:tw=30;42:ow=34;42:st=37;44:ex=01;32:*.tar=01;31:*.tgz=01;31:*.arj=01;31:*.taz=01;31:*.lzh=01;31:*.lzma=01;31:*.tlz=01;31:*.txz=01;31:*.zip=01;31:*.z=01;31:*.Z=01;31:*.dz=01;31:*.gz=01;31:*.lz=01;31:*.xz=01;31:*.bz2=01;31:*.bz=01;31:*.tbz=01;31:*.tbz2=01;31:*.tz=01;31:*.deb=01;31:*.rpm=01;31:*.jar=01;31:*.war=01;31:*.ear=01;31:*.sar=01;31:*.rar=01;31:*.ace=01;31:*.zoo=01;31:*.cpio=01;31:*.7z=01;31:*.rz=01;31:*.jpg=01;35:*.jpeg=01;35:*.gif=01;35:*.bmp=01;35:*.pbm=01;35:*.pgm=01;35:*.ppm=01;35:*.tga=01;35:*.xbm=01;35:*.xpm=01;35:*.tif=01;35:*.tiff=01;35:*.png=01;35:*.svg=01;35:*.svgz=01;35:*.mng=01;35:*.pcx=01;35:*.mov=01;35:*.mpg=01;35:*.mpeg=01;35:*.m2v=01;35:*.mkv=01;35:*.webm=01;35:*.ogm=01;35:*.mp4=01;35:*.m4v=01;35:*.mp4v=01;35:*.vob=01;35:*.qt=01;35:*.nuv=01;35:*.wmv=01;35:*.asf=01;35:*.rm=01;35:*.rmvb=01;35:*.flc=01;35:*.avi=01;35:*.fli=01;35:*.flv=01;35:*.gl=01;35:*.dl=01;35:*.xcf=01;35:*.xwd=01;35:*.yuv=01;35:*.cgm=01;35:*.emf=01;35:*.axv=01;35:*.anx=01;35:*.ogv=01;35:*.ogx=01;35:*.aac=00;36:*.au=00;36:*.flac=00;36:*.mid=00;36:*.midi=00;36:*.mka=00;36:*.mp3=00;36:*.mpc=00;36:*.ogg=00;36:*.ra=00;36:*.wav=00;36:*.axa=00;36:*.oga=00;36:*.spx=00;36:*.xspf=00;36:', 'LESSCLOSE': '/usr/bin/lesspipe %s %s', 'SSH_TTY': '/dev/pts/1', 'PWD': '/home/fetch', 'ROS_ETC_DIR': '/opt/ros/indigo/etc/ros', 'MAIL': '/var/mail/fetch', 'SSH_CONNECTION': '192.168.30.25 49766 192.168.30.22 22'}]
[roslaunch][INFO] 2020-10-22 18:18:20,292: process[map_keepout_server-2]: args[[u'/opt/ros/indigo/lib/map_server/map_server', '/opt/ros/indigo/share/fetch_maps/maps/3_1_16_keepout.yaml', u'map:=map_keepout', u'static_map:=static_map_keepout', u'__name:=map_keepout_server']]
[roslaunch][INFO] 2020-10-22 18:18:20,292: ... created process [map_keepout_server-2]
[roslaunch.pmon][INFO] 2020-10-22 18:18:20,292: ProcessMonitor.register[map_keepout_server-2]
[roslaunch.pmon][INFO] 2020-10-22 18:18:20,292: ProcessMonitor.register[map_keepout_server-2] complete
[roslaunch][INFO] 2020-10-22 18:18:20,292: ... registered process [map_keepout_server-2]
[roslaunch][INFO] 2020-10-22 18:18:20,292: process[map_keepout_server-2]: starting os process
[roslaunch][INFO] 2020-10-22 18:18:20,292: process[map_keepout_server-2]: start w/ args [[u'/opt/ros/indigo/lib/map_server/map_server', '/opt/ros/indigo/share/fetch_maps/maps/3_1_16_keepout.yaml', u'map:=map_keepout', u'static_map:=static_map_keepout', u'__name:=map_keepout_server', u'__log:=/home/fetch/.ros/log/61843e1c-14cd-11eb-9d44-000babe55698/map_keepout_server-2.log']]
[roslaunch][INFO] 2020-10-22 18:18:20,292: process[map_keepout_server-2]: cwd will be [/home/fetch/.ros]
[roslaunch][INFO] 2020-10-22 18:18:20,294: process[map_keepout_server-2]: started with pid [3372]
[roslaunch][INFO] 2020-10-22 18:18:20,294: ... successfully launched [map_keepout_server-2]
[roslaunch][INFO] 2020-10-22 18:18:20,294: ... preparing to launch node of type [amcl/amcl]
[roslaunch][INFO] 2020-10-22 18:18:20,294: create_node_process: package[amcl] type[amcl] machine[Machine(name[] env_loader[None] address[localhost] ssh_port[22] user[None] assignable[True] timeout[10.0])] master_uri[http://localhost:11311]
[roslaunch][INFO] 2020-10-22 18:18:20,294: process[amcl-3]: env[{'ROS_DISTRO': 'indigo', 'LESSOPEN': '| /usr/bin/lesspipe %s', 'SSH_CLIENT': '192.168.30.25 49766 22', 'CPATH': '/home/fetch/catkin_ws/devel/include:/opt/ros/indigo/include', 'LOGNAME': 'fetch', 'USER': 'fetch', 'PATH': '/opt/ros/indigo/bin:/usr/local/sbin:/usr/local/bin:/usr/sbin:/usr/bin:/sbin:/bin:/usr/games:/usr/local/games', 'HOME': '/home/fetch', 'CMAKE_PREFIX_PATH': '/home/fetch/catkin_ws/devel:/opt/ros/indigo', 'ROS_LOG_FILENAME': '/home/fetch/.ros/log/61843e1c-14cd-11eb-9d44-000babe55698/roslaunch-freight1207-3353.log', 'LANG': 'en_US.UTF-8', 'TERM': 'xterm-256color', 'SHELL': '/bin/bash', 'SHLVL': '1', 'QT_QPA_PLATFORMTHEME': 'appmenu-qt5', 'DISPLAY': 'localhost:10.0', 'ROS_MASTER_URI': 'http://localhost:11311', 'XDG_RUNTIME_DIR': '/run/user/1000', 'PYTHONPATH': '/home/fetch/catkin_ws/devel/lib/python2.7/dist-packages:/opt/ros/indigo/lib/python2.7/dist-packages', 'ROS_ROOT': '/opt/ros/indigo/share/ros', 'PKG_CONFIG_PATH': '/home/fetch/catkin_ws/devel/lib/pkgconfig:/opt/ros/indigo/lib/pkgconfig', 'ROS_PACKAGE_PATH': '/home/fetch/catkin_ws/src:/opt/ros/indigo/share:/opt/ros/indigo/stacks', 'XDG_SESSION_ID': '1', '_': '/opt/ros/indigo/bin/roslaunch', 'LD_LIBRARY_PATH': '/home/fetch/catkin_ws/devel/lib:/opt/ros/indigo/lib', 'LS_COLORS': 'rs=0:di=01;34:ln=01;36:mh=00:pi=40;33:so=01;35:do=01;35:bd=40;33;01:cd=40;33;01:or=40;31;01:su=37;41:sg=30;43:ca=30;41:tw=30;42:ow=34;42:st=37;44:ex=01;32:*.tar=01;31:*.tgz=01;31:*.arj=01;31:*.taz=01;31:*.lzh=01;31:*.lzma=01;31:*.tlz=01;31:*.txz=01;31:*.zip=01;31:*.z=01;31:*.Z=01;31:*.dz=01;31:*.gz=01;31:*.lz=01;31:*.xz=01;31:*.bz2=01;31:*.bz=01;31:*.tbz=01;31:*.tbz2=01;31:*.tz=01;31:*.deb=01;31:*.rpm=01;31:*.jar=01;31:*.war=01;31:*.ear=01;31:*.sar=01;31:*.rar=01;31:*.ace=01;31:*.zoo=01;31:*.cpio=01;31:*.7z=01;31:*.rz=01;31:*.jpg=01;35:*.jpeg=01;35:*.gif=01;35:*.bmp=01;35:*.pbm=01;35:*.pgm=01;35:*.ppm=01;35:*.tga=01;35:*.xbm=01;35:*.xpm=01;35:*.tif=01;35:*.tiff=01;35:*.png=01;35:*.svg=01;35:*.svgz=01;35:*.mng=01;35:*.pcx=01;35:*.mov=01;35:*.mpg=01;35:*.mpeg=01;35:*.m2v=01;35:*.mkv=01;35:*.webm=01;35:*.ogm=01;35:*.mp4=01;35:*.m4v=01;35:*.mp4v=01;35:*.vob=01;35:*.qt=01;35:*.nuv=01;35:*.wmv=01;35:*.asf=01;35:*.rm=01;35:*.rmvb=01;35:*.flc=01;35:*.avi=01;35:*.fli=01;35:*.flv=01;35:*.gl=01;35:*.dl=01;35:*.xcf=01;35:*.xwd=01;35:*.yuv=01;35:*.cgm=01;35:*.emf=01;35:*.axv=01;35:*.anx=01;35:*.ogv=01;35:*.ogx=01;35:*.aac=00;36:*.au=00;36:*.flac=00;36:*.mid=00;36:*.midi=00;36:*.mka=00;36:*.mp3=00;36:*.mpc=00;36:*.ogg=00;36:*.ra=00;36:*.wav=00;36:*.axa=00;36:*.oga=00;36:*.spx=00;36:*.xspf=00;36:', 'LESSCLOSE': '/usr/bin/lesspipe %s %s', 'SSH_TTY': '/dev/pts/1', 'PWD': '/home/fetch', 'ROS_ETC_DIR': '/opt/ros/indigo/etc/ros', 'MAIL': '/var/mail/fetch', 'SSH_CONNECTION': '192.168.30.25 49766 192.168.30.22 22'}]
[roslaunch][INFO] 2020-10-22 18:18:20,295: process[amcl-3]: args[[u'/opt/ros/indigo/lib/amcl/amcl', u'scan:=base_scan', u'map:=map', u'__name:=amcl']]
[roslaunch][INFO] 2020-10-22 18:18:20,295: ... created process [amcl-3]
[roslaunch.pmon][INFO] 2020-10-22 18:18:20,295: ProcessMonitor.register[amcl-3]
[roslaunch.pmon][INFO] 2020-10-22 18:18:20,295: ProcessMonitor.register[amcl-3] complete
[roslaunch][INFO] 2020-10-22 18:18:20,295: ... registered process [amcl-3]
[roslaunch][INFO] 2020-10-22 18:18:20,295: process[amcl-3]: starting os process
[roslaunch][INFO] 2020-10-22 18:18:20,296: process[amcl-3]: start w/ args [[u'/opt/ros/indigo/lib/amcl/amcl', u'scan:=base_scan', u'map:=map', u'__name:=amcl', u'__log:=/home/fetch/.ros/log/61843e1c-14cd-11eb-9d44-000babe55698/amcl-3.log']]
[roslaunch][INFO] 2020-10-22 18:18:20,296: process[amcl-3]: cwd will be [/home/fetch/.ros]
[roslaunch][INFO] 2020-10-22 18:18:20,298: process[amcl-3]: started with pid [3373]
[roslaunch][INFO] 2020-10-22 18:18:20,298: ... successfully launched [amcl-3]
[roslaunch][INFO] 2020-10-22 18:18:20,298: ... preparing to launch node of type [move_base/move_base]
[roslaunch][INFO] 2020-10-22 18:18:20,298: create_node_process: package[move_base] type[move_base] machine[Machine(name[] env_loader[None] address[localhost] ssh_port[22] user[None] assignable[True] timeout[10.0])] master_uri[http://localhost:11311]
[roslaunch][INFO] 2020-10-22 18:18:20,298: process[move_base-4]: env[{'ROS_DISTRO': 'indigo', 'LESSOPEN': '| /usr/bin/lesspipe %s', 'SSH_CLIENT': '192.168.30.25 49766 22', 'CPATH': '/home/fetch/catkin_ws/devel/include:/opt/ros/indigo/include', 'LOGNAME': 'fetch', 'USER': 'fetch', 'PATH': '/opt/ros/indigo/bin:/usr/local/sbin:/usr/local/bin:/usr/sbin:/usr/bin:/sbin:/bin:/usr/games:/usr/local/games', 'HOME': '/home/fetch', 'CMAKE_PREFIX_PATH': '/home/fetch/catkin_ws/devel:/opt/ros/indigo', 'ROS_LOG_FILENAME': '/home/fetch/.ros/log/61843e1c-14cd-11eb-9d44-000babe55698/roslaunch-freight1207-3353.log', 'LANG': 'en_US.UTF-8', 'TERM': 'xterm-256color', 'SHELL': '/bin/bash', 'SHLVL': '1', 'QT_QPA_PLATFORMTHEME': 'appmenu-qt5', 'DISPLAY': 'localhost:10.0', 'ROS_MASTER_URI': 'http://localhost:11311', 'XDG_RUNTIME_DIR': '/run/user/1000', 'PYTHONPATH': '/home/fetch/catkin_ws/devel/lib/python2.7/dist-packages:/opt/ros/indigo/lib/python2.7/dist-packages', 'ROS_ROOT': '/opt/ros/indigo/share/ros', 'PKG_CONFIG_PATH': '/home/fetch/catkin_ws/devel/lib/pkgconfig:/opt/ros/indigo/lib/pkgconfig', 'ROS_PACKAGE_PATH': '/home/fetch/catkin_ws/src:/opt/ros/indigo/share:/opt/ros/indigo/stacks', 'XDG_SESSION_ID': '1', '_': '/opt/ros/indigo/bin/roslaunch', 'LD_LIBRARY_PATH': '/home/fetch/catkin_ws/devel/lib:/opt/ros/indigo/lib', 'LS_COLORS': 'rs=0:di=01;34:ln=01;36:mh=00:pi=40;33:so=01;35:do=01;35:bd=40;33;01:cd=40;33;01:or=40;31;01:su=37;41:sg=30;43:ca=30;41:tw=30;42:ow=34;42:st=37;44:ex=01;32:*.tar=01;31:*.tgz=01;31:*.arj=01;31:*.taz=01;31:*.lzh=01;31:*.lzma=01;31:*.tlz=01;31:*.txz=01;31:*.zip=01;31:*.z=01;31:*.Z=01;31:*.dz=01;31:*.gz=01;31:*.lz=01;31:*.xz=01;31:*.bz2=01;31:*.bz=01;31:*.tbz=01;31:*.tbz2=01;31:*.tz=01;31:*.deb=01;31:*.rpm=01;31:*.jar=01;31:*.war=01;31:*.ear=01;31:*.sar=01;31:*.rar=01;31:*.ace=01;31:*.zoo=01;31:*.cpio=01;31:*.7z=01;31:*.rz=01;31:*.jpg=01;35:*.jpeg=01;35:*.gif=01;35:*.bmp=01;35:*.pbm=01;35:*.pgm=01;35:*.ppm=01;35:*.tga=01;35:*.xbm=01;35:*.xpm=01;35:*.tif=01;35:*.tiff=01;35:*.png=01;35:*.svg=01;35:*.svgz=01;35:*.mng=01;35:*.pcx=01;35:*.mov=01;35:*.mpg=01;35:*.mpeg=01;35:*.m2v=01;35:*.mkv=01;35:*.webm=01;35:*.ogm=01;35:*.mp4=01;35:*.m4v=01;35:*.mp4v=01;35:*.vob=01;35:*.qt=01;35:*.nuv=01;35:*.wmv=01;35:*.asf=01;35:*.rm=01;35:*.rmvb=01;35:*.flc=01;35:*.avi=01;35:*.fli=01;35:*.flv=01;35:*.gl=01;35:*.dl=01;35:*.xcf=01;35:*.xwd=01;35:*.yuv=01;35:*.cgm=01;35:*.emf=01;35:*.axv=01;35:*.anx=01;35:*.ogv=01;35:*.ogx=01;35:*.aac=00;36:*.au=00;36:*.flac=00;36:*.mid=00;36:*.midi=00;36:*.mka=00;36:*.mp3=00;36:*.mpc=00;36:*.ogg=00;36:*.ra=00;36:*.wav=00;36:*.axa=00;36:*.oga=00;36:*.spx=00;36:*.xspf=00;36:', 'LESSCLOSE': '/usr/bin/lesspipe %s %s', 'SSH_TTY': '/dev/pts/1', 'PWD': '/home/fetch', 'ROS_ETC_DIR': '/opt/ros/indigo/etc/ros', 'MAIL': '/var/mail/fetch', 'SSH_CONNECTION': '192.168.30.25 49766 192.168.30.22 22'}]
[roslaunch][INFO] 2020-10-22 18:18:20,300: process[move_base-4]: args[[u'/opt/ros/indigo/lib/move_base/move_base', u'cmd_vel:=cmd_vel', u'odom:=odom', u'map:=map_keepout', u'__name:=move_base']]
[roslaunch][INFO] 2020-10-22 18:18:20,300: ... created process [move_base-4]
[roslaunch.pmon][INFO] 2020-10-22 18:18:20,300: ProcessMonitor.register[move_base-4]
[roslaunch.pmon][INFO] 2020-10-22 18:18:20,300: ProcessMonitor.register[move_base-4] complete
[roslaunch][INFO] 2020-10-22 18:18:20,300: ... registered process [move_base-4]
[roslaunch][INFO] 2020-10-22 18:18:20,300: process[move_base-4]: starting os process
[roslaunch][INFO] 2020-10-22 18:18:20,300: process[move_base-4]: start w/ args [[u'/opt/ros/indigo/lib/move_base/move_base', u'cmd_vel:=cmd_vel', u'odom:=odom', u'map:=map_keepout', u'__name:=move_base', u'__log:=/home/fetch/.ros/log/61843e1c-14cd-11eb-9d44-000babe55698/move_base-4.log']]
[roslaunch][INFO] 2020-10-22 18:18:20,300: process[move_base-4]: cwd will be [/home/fetch/.ros]
[roslaunch][INFO] 2020-10-22 18:18:20,302: process[move_base-4]: started with pid [3374]
[roslaunch][INFO] 2020-10-22 18:18:20,303: ... successfully launched [move_base-4]
[roslaunch][INFO] 2020-10-22 18:18:20,303: ... launch_nodes complete
[roslaunch.pmon][INFO] 2020-10-22 18:18:20,303: registrations completed <ProcessMonitor(ProcessMonitor-1, started daemon 140262198744832)>
[roslaunch.parent][INFO] 2020-10-22 18:18:20,303: ... roslaunch parent running, waiting for process exit
[roslaunch][INFO] 2020-10-22 18:18:20,303: spin
[roslaunch.pmon][INFO] 2020-10-22 18:28:08,014: ProcessMonitor.shutdown <ProcessMonitor(ProcessMonitor-1, started daemon 140262198744832)>
[roslaunch.pmon][INFO] 2020-10-22 18:28:08,097: ProcessMonitor._post_run <ProcessMonitor(ProcessMonitor-1, started daemon 140262198744832)>
[roslaunch.pmon][INFO] 2020-10-22 18:28:08,097: ProcessMonitor._post_run <ProcessMonitor(ProcessMonitor-1, started daemon 140262198744832)>: remaining procs are [<roslaunch.nodeprocess.LocalProcess object at 0x7f9156a9f790>, <roslaunch.nodeprocess.LocalProcess object at 0x7f9156a9fdd0>, <roslaunch.nodeprocess.LocalProcess object at 0x7f9156a9f850>, <roslaunch.nodeprocess.LocalProcess object at 0x7f9156a9f590>]
[roslaunch.pmon][INFO] 2020-10-22 18:28:08,097: ProcessMonitor exit: killing move_base-4
[roslaunch][INFO] 2020-10-22 18:28:08,097: [move_base-4] killing on exit
[roslaunch.pmon][INFO] 2020-10-22 18:28:08,097: ProcessMonitor exit: killing amcl-3
[roslaunch.pmon][INFO] 2020-10-22 18:28:08,098: ProcessMonitor exit: killing map_keepout_server-2
[roslaunch.pmon][INFO] 2020-10-22 18:28:08,098: ProcessMonitor exit: killing map_server-1
[roslaunch][INFO] 2020-10-22 18:28:08,098: [amcl-3] killing on exit
[roslaunch][INFO] 2020-10-22 18:28:08,098: process[move_base-4]: killing os process with pid[3374] pgid[3374]
[roslaunch][INFO] 2020-10-22 18:28:08,098: [map_keepout_server-2] killing on exit
[roslaunch][INFO] 2020-10-22 18:28:08,098: [map_server-1] killing on exit
[roslaunch][INFO] 2020-10-22 18:28:08,098: [move_base-4] sending SIGINT to pgid [3374]
[roslaunch][INFO] 2020-10-22 18:28:08,099: process[amcl-3]: killing os process with pid[3373] pgid[3373]
[roslaunch][INFO] 2020-10-22 18:28:08,099: process[map_keepout_server-2]: killing os process with pid[3372] pgid[3372]
[roslaunch][INFO] 2020-10-22 18:28:08,099: process[map_server-1]: killing os process with pid[3371] pgid[3371]
[roslaunch][INFO] 2020-10-22 18:28:08,099: [move_base-4] sent SIGINT to pgid [3374]
[roslaunch][INFO] 2020-10-22 18:28:08,099: [amcl-3] sending SIGINT to pgid [3373]
[roslaunch][INFO] 2020-10-22 18:28:08,099: [map_keepout_server-2] sending SIGINT to pgid [3372]
[roslaunch][INFO] 2020-10-22 18:28:08,099: [map_server-1] sending SIGINT to pgid [3371]
[roslaunch][INFO] 2020-10-22 18:28:08,099: [amcl-3] sent SIGINT to pgid [3373]
[roslaunch][INFO] 2020-10-22 18:28:08,099: [map_keepout_server-2] sent SIGINT to pgid [3372]
[roslaunch][INFO] 2020-10-22 18:28:08,099: [map_server-1] sent SIGINT to pgid [3371]
[roslaunch][INFO] 2020-10-22 18:28:08,200: process[map_server-1]: SIGINT killed with return value 0
[roslaunch][INFO] 2020-10-22 18:28:08,300: process[map_keepout_server-2]: SIGINT killed with return value 0
[roslaunch][INFO] 2020-10-22 18:28:08,400: process[amcl-3]: SIGINT killed with return value 0
[roslaunch][INFO] 2020-10-22 18:28:08,500: process[move_base-4]: SIGINT killed with return value 0
[roslaunch.pmon][INFO] 2020-10-22 18:28:08,500: ProcessMonitor exit: cleaning up data structures and signals
[roslaunch.pmon][INFO] 2020-10-22 18:28:08,500: ProcessMonitor exit: pmon has shutdown
[roslaunch][INFO] 2020-10-22 18:28:08,528: process monitor is done spinning, initiating full shutdown
[roslaunch][INFO] 2020-10-22 18:28:08,529: runner.stop()
[roslaunch][INFO] 2020-10-22 18:28:08,529: shutting down processing monitor...
[roslaunch][INFO] 2020-10-22 18:28:08,529: shutting down processing monitor <ProcessMonitor(ProcessMonitor-1, stopped daemon 140262198744832)>
[roslaunch.pmon][INFO] 2020-10-22 18:28:08,529: ProcessMonitor.shutdown <ProcessMonitor(ProcessMonitor-1, stopped daemon 140262198744832)>
[roslaunch][INFO] 2020-10-22 18:28:08,529: ... shutting down processing monitor complete
[roslaunch][INFO] 2020-10-22 18:28:08,529: done
[roslaunch.pmon][INFO] 2020-10-22 18:28:08,529: ProcessMonitor.shutdown <ProcessMonitor(ProcessMonitor-1, stopped daemon 140262198744832)>
[rospy.core][INFO] 2020-10-22 18:28:08,529: signal_shutdown [atexit]
