[roslaunch][INFO] 2020-11-01 19:21:03,949: Checking log directory for disk usage. This may take awhile.
Press Ctrl-C to interrupt
[roslaunch][INFO] 2020-11-01 19:21:03,953: Done checking log file disk usage. Usage is <1GB.
[roslaunch][INFO] 2020-11-01 19:21:03,953: roslaunch starting with args ['/opt/ros/indigo/bin/roslaunch', 'rostful', 'rostful_server.launch']
[roslaunch][INFO] 2020-11-01 19:21:03,953: roslaunch env is {'MANDATORY_PATH': '/usr/share/gconf/ubuntu.mandatory.path', 'ROS_DISTRO': 'indigo', 'ROS_LOG_FILENAME': '/home/fetch/.ros/log/bbb0e8ea-1cac-11eb-b27f-000babe55698/roslaunch-freight1207-6161.log', 'XDG_GREETER_DATA_DIR': '/var/lib/lightdm-data/fetch', 'GNOME_DESKTOP_SESSION_ID': 'this-is-deprecated', 'NVM_CD_FLAGS': '', 'LESSOPEN': '| /usr/bin/lesspipe %s', 'PKG_CONFIG_PATH': '/home/fetch/catkin_ws/devel/lib/pkgconfig:/opt/ros/indigo/lib/pkgconfig', 'CPATH': '/home/fetch/catkin_ws/devel/include:/opt/ros/indigo/include', 'LOGNAME': 'fetch', 'WINDOWID': '56623115', 'NVM_DIR': '/home/fetch/.nvm', 'PATH': '/home/fetch/.nvm/versions/node/v10.15.3/bin:/opt/ros/indigo/bin:/usr/local/sbin:/usr/local/bin:/usr/sbin:/usr/bin:/sbin:/bin:/usr/games:/usr/local/games', 'XDG_VTNR': '7', 'GNOME_KEYRING_CONTROL': '/run/user/1000/keyring-fbyrJ9', 'VIRTUALENVWRAPPER_SCRIPT': '/usr/share/virtualenvwrapper/virtualenvwrapper.sh', 'LD_LIBRARY_PATH': '/home/fetch/catkin_ws/devel/lib:/opt/ros/indigo/lib', 'LANG': 'en_US.UTF-8', 'TERM': 'xterm-256color', 'SHELL': '/bin/bash', 'XDG_SESSION_PATH': '/org/freedesktop/DisplayManager/Session0', 'XAUTHORITY': '/home/fetch/.Xauthority', 'LANGUAGE': 'en_US', 'SESSION_MANAGER': 'local/freight1207:@/tmp/.ICE-unix/1500,unix/freight1207:/tmp/.ICE-unix/1500', 'SHLVL': '1', 'LESSCLOSE': '/usr/bin/lesspipe %s %s', 'QT_QPA_PLATFORMTHEME': 'appmenu-qt5', 'JOB': 'dbus', 'ROS_ETC_DIR': '/opt/ros/indigo/etc/ros', 'TEXTDOMAIN': 'im-config', 'NVM_BIN': '/home/fetch/.nvm/versions/node/v10.15.3/bin', 'QT4_IM_MODULE': 'xim', 'CLUTTER_IM_MODULE': 'xim', 'SESSION': 'ubuntu', 'SESSIONTYPE': 'gnome-session', 'XMODIFIERS': '@im=ibus', '_VIRTUALENVWRAPPER_API': ' mkvirtualenv rmvirtualenv lsvirtualenv showvirtualenv workon add2virtualenv cdsitepackages cdvirtualenv lssitepackages toggleglobalsitepackages cpvirtualenv setvirtualenvproject mkproject cdproject mktmpenv', 'GPG_AGENT_INFO': '/run/user/1000/keyring-fbyrJ9/gpg:0:1', 'HOME': '/home/fetch', 'SELINUX_INIT': 'YES', 'COMPIZ_BIN_PATH': '/usr/bin/', 'CMAKE_PREFIX_PATH': '/home/fetch/catkin_ws/devel:/opt/ros/indigo', 'XDG_RUNTIME_DIR': '/run/user/1000', 'INSTANCE': '', 'PYTHONPATH': '/home/fetch/catkin_ws/devel/lib/python2.7/dist-packages:/opt/ros/indigo/lib/python2.7/dist-packages', 'COMPIZ_CONFIG_PROFILE': 'ubuntu', 'SSH_AUTH_SOCK': '/run/user/1000/keyring-fbyrJ9/ssh', 'VTE_VERSION': '3409', 'ROS_ROOT': '/opt/ros/indigo/share/ros', 'GDMSESSION': 'ubuntu', 'IM_CONFIG_PHASE': '1', 'TEXTDOMAINDIR': '/usr/share/locale/', 'GNOME_KEYRING_PID': '', 'XDG_SEAT_PATH': '/org/freedesktop/DisplayManager/Seat0', 'ROS_PACKAGE_PATH': '/home/fetch/catkin_ws/src:/opt/ros/indigo/share:/opt/ros/indigo/stacks', 'XDG_CURRENT_DESKTOP': 'Unity', 'XDG_SESSION_ID': 'c2', 'DBUS_SESSION_BUS_ADDRESS': 'unix:abstract=/tmp/dbus-FacnLpG7PR', '_': '/opt/ros/indigo/bin/roslaunch', 'DEFAULTS_PATH': '/usr/share/gconf/ubuntu.default.path', 'GTK_IM_MODULE': 'ibus', 'DESKTOP_SESSION': 'ubuntu', 'UPSTART_SESSION': 'unix:abstract=/com/ubuntu/upstart-session/1000/1306', 'XDG_CONFIG_DIRS': '/etc/xdg/xdg-ubuntu:/usr/share/upstart/xdg:/etc/xdg', 'GTK_MODULES': 'overlay-scrollbar:unity-gtk-module', 'XDG_SEAT': 'seat0', 'OLDPWD': '/home/fetch/rosds_real_robot_connection', 'GDM_LANG': 'en_US', 'XDG_DATA_DIRS': '/usr/share/ubuntu:/usr/share/gnome:/usr/local/share/:/usr/share/', 'PWD': '/home/fetch', 'QT_IM_MODULE': 'ibus', 'ROS_MASTER_URI': 'http://localhost:11311', 'COLORTERM': 'gnome-terminal', 'DISPLAY': ':0', 'XDG_MENU_PREFIX': 'gnome-', 'LS_COLORS': 'rs=0:di=01;34:ln=01;36:mh=00:pi=40;33:so=01;35:do=01;35:bd=40;33;01:cd=40;33;01:or=40;31;01:su=37;41:sg=30;43:ca=30;41:tw=30;42:ow=34;42:st=37;44:ex=01;32:*.tar=01;31:*.tgz=01;31:*.arj=01;31:*.taz=01;31:*.lzh=01;31:*.lzma=01;31:*.tlz=01;31:*.txz=01;31:*.zip=01;31:*.z=01;31:*.Z=01;31:*.dz=01;31:*.gz=01;31:*.lz=01;31:*.xz=01;31:*.bz2=01;31:*.bz=01;31:*.tbz=01;31:*.tbz2=01;31:*.tz=01;31:*.deb=01;31:*.rpm=01;31:*.jar=01;31:*.war=01;31:*.ear=01;31:*.sar=01;31:*.rar=01;31:*.ace=01;31:*.zoo=01;31:*.cpio=01;31:*.7z=01;31:*.rz=01;31:*.jpg=01;35:*.jpeg=01;35:*.gif=01;35:*.bmp=01;35:*.pbm=01;35:*.pgm=01;35:*.ppm=01;35:*.tga=01;35:*.xbm=01;35:*.xpm=01;35:*.tif=01;35:*.tiff=01;35:*.png=01;35:*.svg=01;35:*.svgz=01;35:*.mng=01;35:*.pcx=01;35:*.mov=01;35:*.mpg=01;35:*.mpeg=01;35:*.m2v=01;35:*.mkv=01;35:*.webm=01;35:*.ogm=01;35:*.mp4=01;35:*.m4v=01;35:*.mp4v=01;35:*.vob=01;35:*.qt=01;35:*.nuv=01;35:*.wmv=01;35:*.asf=01;35:*.rm=01;35:*.rmvb=01;35:*.flc=01;35:*.avi=01;35:*.fli=01;35:*.flv=01;35:*.gl=01;35:*.dl=01;35:*.xcf=01;35:*.xwd=01;35:*.yuv=01;35:*.cgm=01;35:*.emf=01;35:*.axv=01;35:*.anx=01;35:*.ogv=01;35:*.ogx=01;35:*.aac=00;36:*.au=00;36:*.flac=00;36:*.mid=00;36:*.midi=00;36:*.mka=00;36:*.mp3=00;36:*.mpc=00;36:*.ogg=00;36:*.ra=00;36:*.wav=00;36:*.axa=00;36:*.oga=00;36:*.spx=00;36:*.xspf=00;36:', 'USER': 'fetch'}
[roslaunch][INFO] 2020-11-01 19:21:03,953: starting in server mode
[roslaunch.parent][INFO] 2020-11-01 19:21:03,953: starting roslaunch parent run
[roslaunch][INFO] 2020-11-01 19:21:03,953: loading roscore config file /opt/ros/indigo/etc/ros/roscore.xml
[roslaunch][INFO] 2020-11-01 19:21:04,023: Added core node of type [rosout/rosout] in namespace [/]
[roslaunch.config][INFO] 2020-11-01 19:21:04,023: loading config file /home/fetch/catkin_ws/src/rostful/rostful/launch/rostful_server.launch
[roslaunch][INFO] 2020-11-01 19:21:04,056: Added node of type [rostful/server] in namespace [/]
[roslaunch][INFO] 2020-11-01 19:21:04,056: ... selected machine [] for node of type [rostful/server]
[roslaunch.pmon][INFO] 2020-11-01 19:21:04,056: start_process_monitor: creating ProcessMonitor
[roslaunch.pmon][INFO] 2020-11-01 19:21:04,056: created process monitor <ProcessMonitor(ProcessMonitor-1, initial daemon)>
[roslaunch.pmon][INFO] 2020-11-01 19:21:04,057: start_process_monitor: ProcessMonitor started
[roslaunch.parent][INFO] 2020-11-01 19:21:04,057: starting parent XML-RPC server
[roslaunch.server][INFO] 2020-11-01 19:21:04,057: starting roslaunch XML-RPC server
[roslaunch.server][INFO] 2020-11-01 19:21:04,057: waiting for roslaunch XML-RPC server to initialize
[xmlrpc][INFO] 2020-11-01 19:21:04,057: XML-RPC server binding to 0.0.0.0:0
[xmlrpc][INFO] 2020-11-01 19:21:04,057: Started XML-RPC server [http://freight1207:52606/]
[xmlrpc][INFO] 2020-11-01 19:21:04,057: xml rpc node: starting XML-RPC server
[roslaunch][INFO] 2020-11-01 19:21:04,068: started roslaunch server http://freight1207:52606/
[roslaunch.parent][INFO] 2020-11-01 19:21:04,068: ... parent XML-RPC server started
[roslaunch][INFO] 2020-11-01 19:21:04,068: master.is_running[http://localhost:11311]
[roslaunch][INFO] 2020-11-01 19:21:04,069: master.is_running[http://localhost:11311]
[roslaunch][INFO] 2020-11-01 19:21:04,070: ROS_MASTER_URI=http://localhost:11311
[roslaunch][INFO] 2020-11-01 19:21:04,071: setting /roslaunch/uris/host_freight1207__52606' to http://freight1207:52606/
[roslaunch][INFO] 2020-11-01 19:21:04,072: load_parameters starting ...
[roslaunch][INFO] 2020-11-01 19:21:04,074: ... load_parameters complete
[roslaunch][INFO] 2020-11-01 19:21:04,074: launch_nodes: launching local nodes ...
[roslaunch][INFO] 2020-11-01 19:21:04,074: ... preparing to launch node of type [rostful/server]
[roslaunch][INFO] 2020-11-01 19:21:04,074: create_node_process: package[rostful] type[server] machine[Machine(name[] env_loader[None] address[localhost] ssh_port[22] user[None] assignable[True] timeout[10.0])] master_uri[http://localhost:11311]
[roslaunch][INFO] 2020-11-01 19:21:04,074: process[rostful_server-1]: env[{'QT_QPA_PLATFORMTHEME': 'appmenu-qt5', 'ROS_DISTRO': 'indigo', 'XDG_GREETER_DATA_DIR': '/var/lib/lightdm-data/fetch', 'GNOME_DESKTOP_SESSION_ID': 'this-is-deprecated', 'NVM_CD_FLAGS': '', 'LESSOPEN': '| /usr/bin/lesspipe %s', 'XDG_SEAT_PATH': '/org/freedesktop/DisplayManager/Seat0', 'CPATH': '/home/fetch/catkin_ws/devel/include:/opt/ros/indigo/include', 'LOGNAME': 'fetch', 'XDG_SEAT': 'seat0', 'NVM_DIR': '/home/fetch/.nvm', 'PATH': '/home/fetch/.nvm/versions/node/v10.15.3/bin:/opt/ros/indigo/bin:/usr/local/sbin:/usr/local/bin:/usr/sbin:/usr/bin:/sbin:/bin:/usr/games:/usr/local/games', 'XDG_VTNR': '7', 'GNOME_KEYRING_CONTROL': '/run/user/1000/keyring-fbyrJ9', 'VIRTUALENVWRAPPER_SCRIPT': '/usr/share/virtualenvwrapper/virtualenvwrapper.sh', 'LD_LIBRARY_PATH': '/home/fetch/catkin_ws/devel/lib:/opt/ros/indigo/lib', 'LANG': 'en_US.UTF-8', 'TERM': 'xterm-256color', 'SHELL': '/bin/bash', 'XDG_SESSION_PATH': '/org/freedesktop/DisplayManager/Session0', 'XAUTHORITY': '/home/fetch/.Xauthority', 'LANGUAGE': 'en_US', 'SESSION_MANAGER': 'local/freight1207:@/tmp/.ICE-unix/1500,unix/freight1207:/tmp/.ICE-unix/1500', 'SHLVL': '1', 'MANDATORY_PATH': '/usr/share/gconf/ubuntu.mandatory.path', 'CLUTTER_IM_MODULE': 'xim', 'ROS_LOG_FILENAME': '/home/fetch/.ros/log/bbb0e8ea-1cac-11eb-b27f-000babe55698/roslaunch-freight1207-6161.log', 'NVM_BIN': '/home/fetch/.nvm/versions/node/v10.15.3/bin', 'TEXTDOMAIN': 'im-config', 'JOB': 'dbus', 'WINDOWID': '56623115', 'SESSIONTYPE': 'gnome-session', 'XMODIFIERS': '@im=ibus', '_VIRTUALENVWRAPPER_API': ' mkvirtualenv rmvirtualenv lsvirtualenv showvirtualenv workon add2virtualenv cdsitepackages cdvirtualenv lssitepackages toggleglobalsitepackages cpvirtualenv setvirtualenvproject mkproject cdproject mktmpenv', 'GPG_AGENT_INFO': '/run/user/1000/keyring-fbyrJ9/gpg:0:1', 'HOME': '/home/fetch', 'QT4_IM_MODULE': 'xim', 'SELINUX_INIT': 'YES', 'SSH_AUTH_SOCK': '/run/user/1000/keyring-fbyrJ9/ssh', 'CMAKE_PREFIX_PATH': '/home/fetch/catkin_ws/devel:/opt/ros/indigo', 'XDG_RUNTIME_DIR': '/run/user/1000', 'GTK_IM_MODULE': 'ibus', 'PYTHONPATH': '/home/fetch/catkin_ws/devel/lib/python2.7/dist-packages:/opt/ros/indigo/lib/python2.7/dist-packages', 'COMPIZ_CONFIG_PROFILE': 'ubuntu', 'COMPIZ_BIN_PATH': '/usr/bin/', 'VTE_VERSION': '3409', 'ROS_ROOT': '/opt/ros/indigo/share/ros', 'GDMSESSION': 'ubuntu', 'IM_CONFIG_PHASE': '1', 'TEXTDOMAINDIR': '/usr/share/locale/', 'XDG_DATA_DIRS': '/usr/share/ubuntu:/usr/share/gnome:/usr/local/share/:/usr/share/', 'PKG_CONFIG_PATH': '/home/fetch/catkin_ws/devel/lib/pkgconfig:/opt/ros/indigo/lib/pkgconfig', 'ROS_PACKAGE_PATH': '/home/fetch/catkin_ws/src:/opt/ros/indigo/share:/opt/ros/indigo/stacks', 'XDG_CURRENT_DESKTOP': 'Unity', 'XDG_SESSION_ID': 'c2', 'DBUS_SESSION_BUS_ADDRESS': 'unix:abstract=/tmp/dbus-FacnLpG7PR', '_': '/opt/ros/indigo/bin/roslaunch', 'DEFAULTS_PATH': '/usr/share/gconf/ubuntu.default.path', 'SESSION': 'ubuntu', 'DESKTOP_SESSION': 'ubuntu', 'UPSTART_SESSION': 'unix:abstract=/com/ubuntu/upstart-session/1000/1306', 'LESSCLOSE': '/usr/bin/lesspipe %s %s', 'GNOME_KEYRING_PID': '', 'OLDPWD': '/home/fetch/rosds_real_robot_connection', 'LS_COLORS': 'rs=0:di=01;34:ln=01;36:mh=00:pi=40;33:so=01;35:do=01;35:bd=40;33;01:cd=40;33;01:or=40;31;01:su=37;41:sg=30;43:ca=30;41:tw=30;42:ow=34;42:st=37;44:ex=01;32:*.tar=01;31:*.tgz=01;31:*.arj=01;31:*.taz=01;31:*.lzh=01;31:*.lzma=01;31:*.tlz=01;31:*.txz=01;31:*.zip=01;31:*.z=01;31:*.Z=01;31:*.dz=01;31:*.gz=01;31:*.lz=01;31:*.xz=01;31:*.bz2=01;31:*.bz=01;31:*.tbz=01;31:*.tbz2=01;31:*.tz=01;31:*.deb=01;31:*.rpm=01;31:*.jar=01;31:*.war=01;31:*.ear=01;31:*.sar=01;31:*.rar=01;31:*.ace=01;31:*.zoo=01;31:*.cpio=01;31:*.7z=01;31:*.rz=01;31:*.jpg=01;35:*.jpeg=01;35:*.gif=01;35:*.bmp=01;35:*.pbm=01;35:*.pgm=01;35:*.ppm=01;35:*.tga=01;35:*.xbm=01;35:*.xpm=01;35:*.tif=01;35:*.tiff=01;35:*.png=01;35:*.svg=01;35:*.svgz=01;35:*.mng=01;35:*.pcx=01;35:*.mov=01;35:*.mpg=01;35:*.mpeg=01;35:*.m2v=01;35:*.mkv=01;35:*.webm=01;35:*.ogm=01;35:*.mp4=01;35:*.m4v=01;35:*.mp4v=01;35:*.vob=01;35:*.qt=01;35:*.nuv=01;35:*.wmv=01;35:*.asf=01;35:*.rm=01;35:*.rmvb=01;35:*.flc=01;35:*.avi=01;35:*.fli=01;35:*.flv=01;35:*.gl=01;35:*.dl=01;35:*.xcf=01;35:*.xwd=01;35:*.yuv=01;35:*.cgm=01;35:*.emf=01;35:*.axv=01;35:*.anx=01;35:*.ogv=01;35:*.ogx=01;35:*.aac=00;36:*.au=00;36:*.flac=00;36:*.mid=00;36:*.midi=00;36:*.mka=00;36:*.mp3=00;36:*.mpc=00;36:*.ogg=00;36:*.ra=00;36:*.wav=00;36:*.axa=00;36:*.oga=00;36:*.spx=00;36:*.xspf=00;36:', 'GDM_LANG': 'en_US', 'GTK_MODULES': 'overlay-scrollbar:unity-gtk-module', 'INSTANCE': '', 'PWD': '/home/fetch', 'QT_IM_MODULE': 'ibus', 'ROS_ETC_DIR': '/opt/ros/indigo/etc/ros', 'ROS_MASTER_URI': 'http://localhost:11311', 'COLORTERM': 'gnome-terminal', 'DISPLAY': ':0', 'XDG_MENU_PREFIX': 'gnome-', 'XDG_CONFIG_DIRS': '/etc/xdg/xdg-ubuntu:/usr/share/upstart/xdg:/etc/xdg', 'USER': 'fetch'}]
[roslaunch][INFO] 2020-11-01 19:21:04,107: process[rostful_server-1]: args[[u'/home/fetch/catkin_ws/src/rostful/rostful/scripts/server', '--host', '172.22.77.172', '-p', '8080', '--topics', '/local_control/goto', '/local_control/initialpose', '/local_control/cancel', '/local_control/initialpose', '/enable_software_runstop', '/remote_control', '/cmd_dock', '/cmd_undock', '/current/pose', u'__name:=rostful_server']]
[roslaunch][INFO] 2020-11-01 19:21:04,107: ... created process [rostful_server-1]
[roslaunch.pmon][INFO] 2020-11-01 19:21:04,107: ProcessMonitor.register[rostful_server-1]
[roslaunch.pmon][INFO] 2020-11-01 19:21:04,107: ProcessMonitor.register[rostful_server-1] complete
[roslaunch][INFO] 2020-11-01 19:21:04,107: ... registered process [rostful_server-1]
[roslaunch][INFO] 2020-11-01 19:21:04,108: process[rostful_server-1]: starting os process
[roslaunch][INFO] 2020-11-01 19:21:04,108: process[rostful_server-1]: start w/ args [[u'/home/fetch/catkin_ws/src/rostful/rostful/scripts/server', '--host', '172.22.77.172', '-p', '8080', '--topics', '/local_control/goto', '/local_control/initialpose', '/local_control/cancel', '/local_control/initialpose', '/enable_software_runstop', '/remote_control', '/cmd_dock', '/cmd_undock', '/current/pose', u'__name:=rostful_server', u'__log:=/home/fetch/.ros/log/bbb0e8ea-1cac-11eb-b27f-000babe55698/rostful_server-1.log']]
[roslaunch][INFO] 2020-11-01 19:21:04,108: process[rostful_server-1]: cwd will be [/home/fetch/.ros]
[roslaunch][INFO] 2020-11-01 19:21:04,109: process[rostful_server-1]: started with pid [6179]
[roslaunch][INFO] 2020-11-01 19:21:04,110: ... successfully launched [rostful_server-1]
[roslaunch][INFO] 2020-11-01 19:21:04,110: ... launch_nodes complete
[roslaunch.pmon][INFO] 2020-11-01 19:21:04,110: registrations completed <ProcessMonitor(ProcessMonitor-1, started daemon 140061423089408)>
[roslaunch.parent][INFO] 2020-11-01 19:21:04,110: ... roslaunch parent running, waiting for process exit
[roslaunch][INFO] 2020-11-01 19:21:04,110: spin
[roslaunch][ERROR] 2020-11-01 19:21:05,960: [rostful_server-1] process has died [pid 6179, exit code 1, cmd /home/fetch/catkin_ws/src/rostful/rostful/scripts/server --host 172.22.77.172 -p 8080 --topics /local_control/goto /local_control/initialpose /local_control/cancel /local_control/initialpose /enable_software_runstop /remote_control /cmd_dock /cmd_undock /current/pose __name:=rostful_server __log:=/home/fetch/.ros/log/bbb0e8ea-1cac-11eb-b27f-000babe55698/rostful_server-1.log].
log file: /home/fetch/.ros/log/bbb0e8ea-1cac-11eb-b27f-000babe55698/rostful_server-1*.log
[roslaunch.pmon][INFO] 2020-11-01 19:21:05,960: ProcessMonitor.unregister[rostful_server-1] starting
[roslaunch.pmon][INFO] 2020-11-01 19:21:05,960: ProcessMonitor.unregister[rostful_server-1] complete
[roslaunch][INFO] 2020-11-01 19:21:05,960: all processes on machine have died, roslaunch will exit
[roslaunch.pmon][INFO] 2020-11-01 19:21:06,060: ProcessMonitor._post_run <ProcessMonitor(ProcessMonitor-1, started daemon 140061423089408)>
[roslaunch.pmon][INFO] 2020-11-01 19:21:06,060: ProcessMonitor._post_run <ProcessMonitor(ProcessMonitor-1, started daemon 140061423089408)>: remaining procs are []
[roslaunch.pmon][INFO] 2020-11-01 19:21:06,061: ProcessMonitor exit: cleaning up data structures and signals
[roslaunch.pmon][INFO] 2020-11-01 19:21:06,061: ProcessMonitor exit: pmon has shutdown
[roslaunch][INFO] 2020-11-01 19:21:06,113: process monitor is done spinning, initiating full shutdown
[roslaunch][INFO] 2020-11-01 19:21:06,113: runner.stop()
[roslaunch][INFO] 2020-11-01 19:21:06,113: shutting down processing monitor...
[roslaunch][INFO] 2020-11-01 19:21:06,113: shutting down processing monitor <ProcessMonitor(ProcessMonitor-1, stopped daemon 140061423089408)>
[roslaunch.pmon][INFO] 2020-11-01 19:21:06,113: ProcessMonitor.shutdown <ProcessMonitor(ProcessMonitor-1, stopped daemon 140061423089408)>
[roslaunch][INFO] 2020-11-01 19:21:06,113: ... shutting down processing monitor complete
[roslaunch][INFO] 2020-11-01 19:21:06,113: done
[roslaunch.pmon][INFO] 2020-11-01 19:21:06,113: ProcessMonitor.shutdown <ProcessMonitor(ProcessMonitor-1, stopped daemon 140061423089408)>
[rospy.core][INFO] 2020-11-01 19:21:06,113: signal_shutdown [atexit]
