[roslaunch][INFO] 2020-10-29 23:03:47,790: Checking log directory for disk usage. This may take awhile.
Press Ctrl-C to interrupt
[roslaunch][INFO] 2020-10-29 23:03:47,793: Done checking log file disk usage. Usage is <1GB.
[roslaunch][INFO] 2020-10-29 23:03:47,793: roslaunch starting with args ['/opt/ros/indigo/bin/roslaunch', 'fetch_navigation', 'freight_nav.launch']
[roslaunch][INFO] 2020-10-29 23:03:47,793: roslaunch env is {'ROS_DISTRO': 'indigo', 'LESSOPEN': '| /usr/bin/lesspipe %s', 'SSH_CLIENT': '172.22.77.105 65330 22', 'CPATH': '/home/fetch/catkin_ws/devel/include:/opt/ros/indigo/include', 'LOGNAME': 'fetch', 'USER': 'fetch', 'HOME': '/home/fetch', 'PATH': '/opt/ros/indigo/bin:/usr/local/sbin:/usr/local/bin:/usr/sbin:/usr/bin:/sbin:/bin:/usr/games:/usr/local/games', 'VIRTUALENVWRAPPER_SCRIPT': '/usr/share/virtualenvwrapper/virtualenvwrapper.sh', 'LD_LIBRARY_PATH': '/home/fetch/catkin_ws/devel/lib:/opt/ros/indigo/lib', 'LANG': 'en_US.UTF-8', 'TERM': 'xterm-256color', 'SHELL': '/bin/bash', 'ROS_LOG_FILENAME': '/home/fetch/.ros/log/e60040d2-1a72-11eb-921d-000babe55698/roslaunch-freight1207-6233.log', 'SHLVL': '1', 'QT_QPA_PLATFORMTHEME': 'appmenu-qt5', 'ROS_ETC_DIR': '/opt/ros/indigo/etc/ros', 'DISPLAY': 'localhost:13.0', '_VIRTUALENVWRAPPER_API': ' mkvirtualenv rmvirtualenv lsvirtualenv showvirtualenv workon add2virtualenv cdsitepackages cdvirtualenv lssitepackages toggleglobalsitepackages cpvirtualenv setvirtualenvproject mkproject cdproject mktmpenv mkvirtualenv rmvirtualenv lsvirtualenv showvirtualenv workon add2virtualenv cdsitepackages cdvirtualenv lssitepackages toggleglobalsitepackages cpvirtualenv setvirtualenvproject mkproject cdproject mktmpenv', 'CMAKE_PREFIX_PATH': '/home/fetch/catkin_ws/devel:/opt/ros/indigo', 'XDG_RUNTIME_DIR': '/run/user/1000', 'PYTHONPATH': '/home/fetch/catkin_ws/devel/lib/python2.7/dist-packages:/opt/ros/indigo/lib/python2.7/dist-packages', 'ROS_ROOT': '/opt/ros/indigo/share/ros', 'PKG_CONFIG_PATH': '/home/fetch/catkin_ws/devel/lib/pkgconfig:/opt/ros/indigo/lib/pkgconfig', 'ROS_PACKAGE_PATH': '/home/fetch/catkin_ws/src:/opt/ros/indigo/share:/opt/ros/indigo/stacks', 'XDG_SESSION_ID': '4', '_': '/opt/ros/indigo/bin/roslaunch', 'SSH_CONNECTION': '172.22.77.105 65330 172.22.77.172 22', 'LESSCLOSE': '/usr/bin/lesspipe %s %s', 'SSH_TTY': '/dev/pts/29', 'OLDPWD': '/opt/ros/indigo/share/fetch_navigation', 'PWD': '/opt/ros/indigo/share/fetch_navigation/launch', 'ROS_MASTER_URI': 'http://localhost:11311', 'MAIL': '/var/mail/fetch', 'LS_COLORS': 'rs=0:di=01;34:ln=01;36:mh=00:pi=40;33:so=01;35:do=01;35:bd=40;33;01:cd=40;33;01:or=40;31;01:su=37;41:sg=30;43:ca=30;41:tw=30;42:ow=34;42:st=37;44:ex=01;32:*.tar=01;31:*.tgz=01;31:*.arj=01;31:*.taz=01;31:*.lzh=01;31:*.lzma=01;31:*.tlz=01;31:*.txz=01;31:*.zip=01;31:*.z=01;31:*.Z=01;31:*.dz=01;31:*.gz=01;31:*.lz=01;31:*.xz=01;31:*.bz2=01;31:*.bz=01;31:*.tbz=01;31:*.tbz2=01;31:*.tz=01;31:*.deb=01;31:*.rpm=01;31:*.jar=01;31:*.war=01;31:*.ear=01;31:*.sar=01;31:*.rar=01;31:*.ace=01;31:*.zoo=01;31:*.cpio=01;31:*.7z=01;31:*.rz=01;31:*.jpg=01;35:*.jpeg=01;35:*.gif=01;35:*.bmp=01;35:*.pbm=01;35:*.pgm=01;35:*.ppm=01;35:*.tga=01;35:*.xbm=01;35:*.xpm=01;35:*.tif=01;35:*.tiff=01;35:*.png=01;35:*.svg=01;35:*.svgz=01;35:*.mng=01;35:*.pcx=01;35:*.mov=01;35:*.mpg=01;35:*.mpeg=01;35:*.m2v=01;35:*.mkv=01;35:*.webm=01;35:*.ogm=01;35:*.mp4=01;35:*.m4v=01;35:*.mp4v=01;35:*.vob=01;35:*.qt=01;35:*.nuv=01;35:*.wmv=01;35:*.asf=01;35:*.rm=01;35:*.rmvb=01;35:*.flc=01;35:*.avi=01;35:*.fli=01;35:*.flv=01;35:*.gl=01;35:*.dl=01;35:*.xcf=01;35:*.xwd=01;35:*.yuv=01;35:*.cgm=01;35:*.emf=01;35:*.axv=01;35:*.anx=01;35:*.ogv=01;35:*.ogx=01;35:*.aac=00;36:*.au=00;36:*.flac=00;36:*.mid=00;36:*.midi=00;36:*.mka=00;36:*.mp3=00;36:*.mpc=00;36:*.ogg=00;36:*.ra=00;36:*.wav=00;36:*.axa=00;36:*.oga=00;36:*.spx=00;36:*.xspf=00;36:'}
[roslaunch][INFO] 2020-10-29 23:03:47,793: starting in server mode
[roslaunch.parent][INFO] 2020-10-29 23:03:47,793: starting roslaunch parent run
[roslaunch][INFO] 2020-10-29 23:03:47,793: loading roscore config file /opt/ros/indigo/etc/ros/roscore.xml
[roslaunch][INFO] 2020-10-29 23:03:47,862: Added core node of type [rosout/rosout] in namespace [/]
[roslaunch.config][INFO] 2020-10-29 23:03:47,862: loading config file /opt/ros/indigo/share/fetch_navigation/launch/freight_nav.launch
[roslaunch][INFO] 2020-10-29 23:03:47,893: Added node of type [map_server/map_server] in namespace [/]
[roslaunch][INFO] 2020-10-29 23:03:47,894: Added node of type [rviz/rviz] in namespace [/]
[roslaunch][INFO] 2020-10-29 23:03:47,899: Added node of type [amcl/amcl] in namespace [/]
[roslaunch][INFO] 2020-10-29 23:03:47,916: Added node of type [move_base/move_base] in namespace [/]
[roslaunch][INFO] 2020-10-29 23:03:47,916: ... selected machine [] for node of type [map_server/map_server]
[roslaunch][INFO] 2020-10-29 23:03:47,916: ... selected machine [] for node of type [rviz/rviz]
[roslaunch][INFO] 2020-10-29 23:03:47,916: ... selected machine [] for node of type [amcl/amcl]
[roslaunch][INFO] 2020-10-29 23:03:47,916: ... selected machine [] for node of type [move_base/move_base]
[roslaunch.pmon][INFO] 2020-10-29 23:03:47,917: start_process_monitor: creating ProcessMonitor
[roslaunch.pmon][INFO] 2020-10-29 23:03:47,917: created process monitor <ProcessMonitor(ProcessMonitor-1, initial daemon)>
[roslaunch.pmon][INFO] 2020-10-29 23:03:47,917: start_process_monitor: ProcessMonitor started
[roslaunch.parent][INFO] 2020-10-29 23:03:47,917: starting parent XML-RPC server
[roslaunch.server][INFO] 2020-10-29 23:03:47,917: starting roslaunch XML-RPC server
[roslaunch.server][INFO] 2020-10-29 23:03:47,917: waiting for roslaunch XML-RPC server to initialize
[xmlrpc][INFO] 2020-10-29 23:03:47,917: XML-RPC server binding to 0.0.0.0:0
[xmlrpc][INFO] 2020-10-29 23:03:47,918: Started XML-RPC server [http://freight1207:33263/]
[xmlrpc][INFO] 2020-10-29 23:03:47,918: xml rpc node: starting XML-RPC server
[roslaunch][INFO] 2020-10-29 23:03:47,928: started roslaunch server http://freight1207:33263/
[roslaunch.parent][INFO] 2020-10-29 23:03:47,929: ... parent XML-RPC server started
[roslaunch][INFO] 2020-10-29 23:03:47,929: master.is_running[http://localhost:11311]
[roslaunch][INFO] 2020-10-29 23:03:47,930: master.is_running[http://localhost:11311]
[roslaunch][INFO] 2020-10-29 23:03:47,931: ROS_MASTER_URI=http://localhost:11311
[roslaunch][INFO] 2020-10-29 23:03:47,932: setting /roslaunch/uris/host_freight1207__33263' to http://freight1207:33263/
[roslaunch][INFO] 2020-10-29 23:03:47,933: load_parameters starting ...
[roslaunch][INFO] 2020-10-29 23:03:47,952: ... load_parameters complete
[roslaunch][INFO] 2020-10-29 23:03:47,952: launch_nodes: launching local nodes ...
[roslaunch][INFO] 2020-10-29 23:03:47,952: ... preparing to launch node of type [map_server/map_server]
[roslaunch][INFO] 2020-10-29 23:03:47,952: create_node_process: package[map_server] type[map_server] machine[Machine(name[] env_loader[None] address[localhost] ssh_port[22] user[None] assignable[True] timeout[10.0])] master_uri[http://localhost:11311]
[roslaunch][INFO] 2020-10-29 23:03:47,952: process[map_server-1]: env[{'ROS_DISTRO': 'indigo', 'LESSOPEN': '| /usr/bin/lesspipe %s', 'SSH_CLIENT': '172.22.77.105 65330 22', 'CPATH': '/home/fetch/catkin_ws/devel/include:/opt/ros/indigo/include', 'LOGNAME': 'fetch', 'USER': 'fetch', 'HOME': '/home/fetch', 'PATH': '/opt/ros/indigo/bin:/usr/local/sbin:/usr/local/bin:/usr/sbin:/usr/bin:/sbin:/bin:/usr/games:/usr/local/games', 'CMAKE_PREFIX_PATH': '/home/fetch/catkin_ws/devel:/opt/ros/indigo', 'ROS_LOG_FILENAME': '/home/fetch/.ros/log/e60040d2-1a72-11eb-921d-000babe55698/roslaunch-freight1207-6233.log', 'LANG': 'en_US.UTF-8', 'TERM': 'xterm-256color', 'SHELL': '/bin/bash', 'SHLVL': '1', 'QT_QPA_PLATFORMTHEME': 'appmenu-qt5', 'DISPLAY': 'localhost:13.0', '_VIRTUALENVWRAPPER_API': ' mkvirtualenv rmvirtualenv lsvirtualenv showvirtualenv workon add2virtualenv cdsitepackages cdvirtualenv lssitepackages toggleglobalsitepackages cpvirtualenv setvirtualenvproject mkproject cdproject mktmpenv mkvirtualenv rmvirtualenv lsvirtualenv showvirtualenv workon add2virtualenv cdsitepackages cdvirtualenv lssitepackages toggleglobalsitepackages cpvirtualenv setvirtualenvproject mkproject cdproject mktmpenv', 'XDG_RUNTIME_DIR': '/run/user/1000', 'PYTHONPATH': '/home/fetch/catkin_ws/devel/lib/python2.7/dist-packages:/opt/ros/indigo/lib/python2.7/dist-packages', 'ROS_ROOT': '/opt/ros/indigo/share/ros', 'PKG_CONFIG_PATH': '/home/fetch/catkin_ws/devel/lib/pkgconfig:/opt/ros/indigo/lib/pkgconfig', 'ROS_PACKAGE_PATH': '/home/fetch/catkin_ws/src:/opt/ros/indigo/share:/opt/ros/indigo/stacks', 'XDG_SESSION_ID': '4', '_': '/opt/ros/indigo/bin/roslaunch', 'LD_LIBRARY_PATH': '/home/fetch/catkin_ws/devel/lib:/opt/ros/indigo/lib', 'LS_COLORS': 'rs=0:di=01;34:ln=01;36:mh=00:pi=40;33:so=01;35:do=01;35:bd=40;33;01:cd=40;33;01:or=40;31;01:su=37;41:sg=30;43:ca=30;41:tw=30;42:ow=34;42:st=37;44:ex=01;32:*.tar=01;31:*.tgz=01;31:*.arj=01;31:*.taz=01;31:*.lzh=01;31:*.lzma=01;31:*.tlz=01;31:*.txz=01;31:*.zip=01;31:*.z=01;31:*.Z=01;31:*.dz=01;31:*.gz=01;31:*.lz=01;31:*.xz=01;31:*.bz2=01;31:*.bz=01;31:*.tbz=01;31:*.tbz2=01;31:*.tz=01;31:*.deb=01;31:*.rpm=01;31:*.jar=01;31:*.war=01;31:*.ear=01;31:*.sar=01;31:*.rar=01;31:*.ace=01;31:*.zoo=01;31:*.cpio=01;31:*.7z=01;31:*.rz=01;31:*.jpg=01;35:*.jpeg=01;35:*.gif=01;35:*.bmp=01;35:*.pbm=01;35:*.pgm=01;35:*.ppm=01;35:*.tga=01;35:*.xbm=01;35:*.xpm=01;35:*.tif=01;35:*.tiff=01;35:*.png=01;35:*.svg=01;35:*.svgz=01;35:*.mng=01;35:*.pcx=01;35:*.mov=01;35:*.mpg=01;35:*.mpeg=01;35:*.m2v=01;35:*.mkv=01;35:*.webm=01;35:*.ogm=01;35:*.mp4=01;35:*.m4v=01;35:*.mp4v=01;35:*.vob=01;35:*.qt=01;35:*.nuv=01;35:*.wmv=01;35:*.asf=01;35:*.rm=01;35:*.rmvb=01;35:*.flc=01;35:*.avi=01;35:*.fli=01;35:*.flv=01;35:*.gl=01;35:*.dl=01;35:*.xcf=01;35:*.xwd=01;35:*.yuv=01;35:*.cgm=01;35:*.emf=01;35:*.axv=01;35:*.anx=01;35:*.ogv=01;35:*.ogx=01;35:*.aac=00;36:*.au=00;36:*.flac=00;36:*.mid=00;36:*.midi=00;36:*.mka=00;36:*.mp3=00;36:*.mpc=00;36:*.ogg=00;36:*.ra=00;36:*.wav=00;36:*.axa=00;36:*.oga=00;36:*.spx=00;36:*.xspf=00;36:', 'LESSCLOSE': '/usr/bin/lesspipe %s %s', 'SSH_TTY': '/dev/pts/29', 'OLDPWD': '/opt/ros/indigo/share/fetch_navigation', 'VIRTUALENVWRAPPER_SCRIPT': '/usr/share/virtualenvwrapper/virtualenvwrapper.sh', 'PWD': '/opt/ros/indigo/share/fetch_navigation/launch', 'ROS_ETC_DIR': '/opt/ros/indigo/etc/ros', 'ROS_MASTER_URI': 'http://localhost:11311', 'MAIL': '/var/mail/fetch', 'SSH_CONNECTION': '172.22.77.105 65330 172.22.77.172 22'}]
[roslaunch][INFO] 2020-10-29 23:03:47,983: process[map_server-1]: args[[u'/opt/ros/indigo/lib/map_server/map_server', '/home/fetch/wifitestmap.yaml', u'__name:=map_server']]
[roslaunch][INFO] 2020-10-29 23:03:47,983: ... created process [map_server-1]
[roslaunch.pmon][INFO] 2020-10-29 23:03:47,983: ProcessMonitor.register[map_server-1]
[roslaunch.pmon][INFO] 2020-10-29 23:03:47,984: ProcessMonitor.register[map_server-1] complete
[roslaunch][INFO] 2020-10-29 23:03:47,984: ... registered process [map_server-1]
[roslaunch][INFO] 2020-10-29 23:03:47,984: process[map_server-1]: starting os process
[roslaunch][INFO] 2020-10-29 23:03:47,984: process[map_server-1]: start w/ args [[u'/opt/ros/indigo/lib/map_server/map_server', '/home/fetch/wifitestmap.yaml', u'__name:=map_server', u'__log:=/home/fetch/.ros/log/e60040d2-1a72-11eb-921d-000babe55698/map_server-1.log']]
[roslaunch][INFO] 2020-10-29 23:03:47,984: process[map_server-1]: cwd will be [/home/fetch/.ros]
[roslaunch][INFO] 2020-10-29 23:03:47,986: process[map_server-1]: started with pid [6251]
[roslaunch][INFO] 2020-10-29 23:03:47,986: ... successfully launched [map_server-1]
[roslaunch][INFO] 2020-10-29 23:03:47,986: ... preparing to launch node of type [rviz/rviz]
[roslaunch][INFO] 2020-10-29 23:03:47,986: create_node_process: package[rviz] type[rviz] machine[Machine(name[] env_loader[None] address[localhost] ssh_port[22] user[None] assignable[True] timeout[10.0])] master_uri[http://localhost:11311]
[roslaunch][INFO] 2020-10-29 23:03:47,986: process[rviz-2]: env[{'ROS_DISTRO': 'indigo', 'LESSOPEN': '| /usr/bin/lesspipe %s', 'SSH_CLIENT': '172.22.77.105 65330 22', 'CPATH': '/home/fetch/catkin_ws/devel/include:/opt/ros/indigo/include', 'LOGNAME': 'fetch', 'USER': 'fetch', 'HOME': '/home/fetch', 'PATH': '/opt/ros/indigo/bin:/usr/local/sbin:/usr/local/bin:/usr/sbin:/usr/bin:/sbin:/bin:/usr/games:/usr/local/games', 'CMAKE_PREFIX_PATH': '/home/fetch/catkin_ws/devel:/opt/ros/indigo', 'ROS_LOG_FILENAME': '/home/fetch/.ros/log/e60040d2-1a72-11eb-921d-000babe55698/roslaunch-freight1207-6233.log', 'LANG': 'en_US.UTF-8', 'TERM': 'xterm-256color', 'SHELL': '/bin/bash', 'SHLVL': '1', 'QT_QPA_PLATFORMTHEME': 'appmenu-qt5', 'DISPLAY': 'localhost:13.0', '_VIRTUALENVWRAPPER_API': ' mkvirtualenv rmvirtualenv lsvirtualenv showvirtualenv workon add2virtualenv cdsitepackages cdvirtualenv lssitepackages toggleglobalsitepackages cpvirtualenv setvirtualenvproject mkproject cdproject mktmpenv mkvirtualenv rmvirtualenv lsvirtualenv showvirtualenv workon add2virtualenv cdsitepackages cdvirtualenv lssitepackages toggleglobalsitepackages cpvirtualenv setvirtualenvproject mkproject cdproject mktmpenv', 'XDG_RUNTIME_DIR': '/run/user/1000', 'PYTHONPATH': '/home/fetch/catkin_ws/devel/lib/python2.7/dist-packages:/opt/ros/indigo/lib/python2.7/dist-packages', 'ROS_ROOT': '/opt/ros/indigo/share/ros', 'PKG_CONFIG_PATH': '/home/fetch/catkin_ws/devel/lib/pkgconfig:/opt/ros/indigo/lib/pkgconfig', 'ROS_PACKAGE_PATH': '/home/fetch/catkin_ws/src:/opt/ros/indigo/share:/opt/ros/indigo/stacks', 'XDG_SESSION_ID': '4', '_': '/opt/ros/indigo/bin/roslaunch', 'LD_LIBRARY_PATH': '/home/fetch/catkin_ws/devel/lib:/opt/ros/indigo/lib', 'LS_COLORS': 'rs=0:di=01;34:ln=01;36:mh=00:pi=40;33:so=01;35:do=01;35:bd=40;33;01:cd=40;33;01:or=40;31;01:su=37;41:sg=30;43:ca=30;41:tw=30;42:ow=34;42:st=37;44:ex=01;32:*.tar=01;31:*.tgz=01;31:*.arj=01;31:*.taz=01;31:*.lzh=01;31:*.lzma=01;31:*.tlz=01;31:*.txz=01;31:*.zip=01;31:*.z=01;31:*.Z=01;31:*.dz=01;31:*.gz=01;31:*.lz=01;31:*.xz=01;31:*.bz2=01;31:*.bz=01;31:*.tbz=01;31:*.tbz2=01;31:*.tz=01;31:*.deb=01;31:*.rpm=01;31:*.jar=01;31:*.war=01;31:*.ear=01;31:*.sar=01;31:*.rar=01;31:*.ace=01;31:*.zoo=01;31:*.cpio=01;31:*.7z=01;31:*.rz=01;31:*.jpg=01;35:*.jpeg=01;35:*.gif=01;35:*.bmp=01;35:*.pbm=01;35:*.pgm=01;35:*.ppm=01;35:*.tga=01;35:*.xbm=01;35:*.xpm=01;35:*.tif=01;35:*.tiff=01;35:*.png=01;35:*.svg=01;35:*.svgz=01;35:*.mng=01;35:*.pcx=01;35:*.mov=01;35:*.mpg=01;35:*.mpeg=01;35:*.m2v=01;35:*.mkv=01;35:*.webm=01;35:*.ogm=01;35:*.mp4=01;35:*.m4v=01;35:*.mp4v=01;35:*.vob=01;35:*.qt=01;35:*.nuv=01;35:*.wmv=01;35:*.asf=01;35:*.rm=01;35:*.rmvb=01;35:*.flc=01;35:*.avi=01;35:*.fli=01;35:*.flv=01;35:*.gl=01;35:*.dl=01;35:*.xcf=01;35:*.xwd=01;35:*.yuv=01;35:*.cgm=01;35:*.emf=01;35:*.axv=01;35:*.anx=01;35:*.ogv=01;35:*.ogx=01;35:*.aac=00;36:*.au=00;36:*.flac=00;36:*.mid=00;36:*.midi=00;36:*.mka=00;36:*.mp3=00;36:*.mpc=00;36:*.ogg=00;36:*.ra=00;36:*.wav=00;36:*.axa=00;36:*.oga=00;36:*.spx=00;36:*.xspf=00;36:', 'LESSCLOSE': '/usr/bin/lesspipe %s %s', 'SSH_TTY': '/dev/pts/29', 'OLDPWD': '/opt/ros/indigo/share/fetch_navigation', 'VIRTUALENVWRAPPER_SCRIPT': '/usr/share/virtualenvwrapper/virtualenvwrapper.sh', 'PWD': '/opt/ros/indigo/share/fetch_navigation/launch', 'ROS_ETC_DIR': '/opt/ros/indigo/etc/ros', 'ROS_MASTER_URI': 'http://localhost:11311', 'MAIL': '/var/mail/fetch', 'SSH_CONNECTION': '172.22.77.105 65330 172.22.77.172 22'}]
[roslaunch][INFO] 2020-10-29 23:03:47,988: process[rviz-2]: args[[u'/opt/ros/indigo/lib/rviz/rviz', '/opt/ros/indigo/share/fetch_navigation/config/navigation.rviz', u'__name:=rviz']]
[roslaunch][INFO] 2020-10-29 23:03:47,988: ... created process [rviz-2]
[roslaunch.pmon][INFO] 2020-10-29 23:03:47,988: ProcessMonitor.register[rviz-2]
[roslaunch.pmon][INFO] 2020-10-29 23:03:47,988: ProcessMonitor.register[rviz-2] complete
[roslaunch][INFO] 2020-10-29 23:03:47,988: ... registered process [rviz-2]
[roslaunch][INFO] 2020-10-29 23:03:47,988: process[rviz-2]: starting os process
[roslaunch][INFO] 2020-10-29 23:03:47,988: process[rviz-2]: start w/ args [[u'/opt/ros/indigo/lib/rviz/rviz', '/opt/ros/indigo/share/fetch_navigation/config/navigation.rviz', u'__name:=rviz', u'__log:=/home/fetch/.ros/log/e60040d2-1a72-11eb-921d-000babe55698/rviz-2.log']]
[roslaunch][INFO] 2020-10-29 23:03:47,988: process[rviz-2]: cwd will be [/home/fetch/.ros]
[roslaunch][INFO] 2020-10-29 23:03:47,990: process[rviz-2]: started with pid [6252]
[roslaunch][INFO] 2020-10-29 23:03:47,990: ... successfully launched [rviz-2]
[roslaunch][INFO] 2020-10-29 23:03:47,990: ... preparing to launch node of type [amcl/amcl]
[roslaunch][INFO] 2020-10-29 23:03:47,991: create_node_process: package[amcl] type[amcl] machine[Machine(name[] env_loader[None] address[localhost] ssh_port[22] user[None] assignable[True] timeout[10.0])] master_uri[http://localhost:11311]
[roslaunch][INFO] 2020-10-29 23:03:47,991: process[amcl-3]: env[{'ROS_DISTRO': 'indigo', 'LESSOPEN': '| /usr/bin/lesspipe %s', 'SSH_CLIENT': '172.22.77.105 65330 22', 'CPATH': '/home/fetch/catkin_ws/devel/include:/opt/ros/indigo/include', 'LOGNAME': 'fetch', 'USER': 'fetch', 'HOME': '/home/fetch', 'PATH': '/opt/ros/indigo/bin:/usr/local/sbin:/usr/local/bin:/usr/sbin:/usr/bin:/sbin:/bin:/usr/games:/usr/local/games', 'CMAKE_PREFIX_PATH': '/home/fetch/catkin_ws/devel:/opt/ros/indigo', 'ROS_LOG_FILENAME': '/home/fetch/.ros/log/e60040d2-1a72-11eb-921d-000babe55698/roslaunch-freight1207-6233.log', 'LANG': 'en_US.UTF-8', 'TERM': 'xterm-256color', 'SHELL': '/bin/bash', 'SHLVL': '1', 'QT_QPA_PLATFORMTHEME': 'appmenu-qt5', 'DISPLAY': 'localhost:13.0', '_VIRTUALENVWRAPPER_API': ' mkvirtualenv rmvirtualenv lsvirtualenv showvirtualenv workon add2virtualenv cdsitepackages cdvirtualenv lssitepackages toggleglobalsitepackages cpvirtualenv setvirtualenvproject mkproject cdproject mktmpenv mkvirtualenv rmvirtualenv lsvirtualenv showvirtualenv workon add2virtualenv cdsitepackages cdvirtualenv lssitepackages toggleglobalsitepackages cpvirtualenv setvirtualenvproject mkproject cdproject mktmpenv', 'XDG_RUNTIME_DIR': '/run/user/1000', 'PYTHONPATH': '/home/fetch/catkin_ws/devel/lib/python2.7/dist-packages:/opt/ros/indigo/lib/python2.7/dist-packages', 'ROS_ROOT': '/opt/ros/indigo/share/ros', 'PKG_CONFIG_PATH': '/home/fetch/catkin_ws/devel/lib/pkgconfig:/opt/ros/indigo/lib/pkgconfig', 'ROS_PACKAGE_PATH': '/home/fetch/catkin_ws/src:/opt/ros/indigo/share:/opt/ros/indigo/stacks', 'XDG_SESSION_ID': '4', '_': '/opt/ros/indigo/bin/roslaunch', 'LD_LIBRARY_PATH': '/home/fetch/catkin_ws/devel/lib:/opt/ros/indigo/lib', 'LS_COLORS': 'rs=0:di=01;34:ln=01;36:mh=00:pi=40;33:so=01;35:do=01;35:bd=40;33;01:cd=40;33;01:or=40;31;01:su=37;41:sg=30;43:ca=30;41:tw=30;42:ow=34;42:st=37;44:ex=01;32:*.tar=01;31:*.tgz=01;31:*.arj=01;31:*.taz=01;31:*.lzh=01;31:*.lzma=01;31:*.tlz=01;31:*.txz=01;31:*.zip=01;31:*.z=01;31:*.Z=01;31:*.dz=01;31:*.gz=01;31:*.lz=01;31:*.xz=01;31:*.bz2=01;31:*.bz=01;31:*.tbz=01;31:*.tbz2=01;31:*.tz=01;31:*.deb=01;31:*.rpm=01;31:*.jar=01;31:*.war=01;31:*.ear=01;31:*.sar=01;31:*.rar=01;31:*.ace=01;31:*.zoo=01;31:*.cpio=01;31:*.7z=01;31:*.rz=01;31:*.jpg=01;35:*.jpeg=01;35:*.gif=01;35:*.bmp=01;35:*.pbm=01;35:*.pgm=01;35:*.ppm=01;35:*.tga=01;35:*.xbm=01;35:*.xpm=01;35:*.tif=01;35:*.tiff=01;35:*.png=01;35:*.svg=01;35:*.svgz=01;35:*.mng=01;35:*.pcx=01;35:*.mov=01;35:*.mpg=01;35:*.mpeg=01;35:*.m2v=01;35:*.mkv=01;35:*.webm=01;35:*.ogm=01;35:*.mp4=01;35:*.m4v=01;35:*.mp4v=01;35:*.vob=01;35:*.qt=01;35:*.nuv=01;35:*.wmv=01;35:*.asf=01;35:*.rm=01;35:*.rmvb=01;35:*.flc=01;35:*.avi=01;35:*.fli=01;35:*.flv=01;35:*.gl=01;35:*.dl=01;35:*.xcf=01;35:*.xwd=01;35:*.yuv=01;35:*.cgm=01;35:*.emf=01;35:*.axv=01;35:*.anx=01;35:*.ogv=01;35:*.ogx=01;35:*.aac=00;36:*.au=00;36:*.flac=00;36:*.mid=00;36:*.midi=00;36:*.mka=00;36:*.mp3=00;36:*.mpc=00;36:*.ogg=00;36:*.ra=00;36:*.wav=00;36:*.axa=00;36:*.oga=00;36:*.spx=00;36:*.xspf=00;36:', 'LESSCLOSE': '/usr/bin/lesspipe %s %s', 'SSH_TTY': '/dev/pts/29', 'OLDPWD': '/opt/ros/indigo/share/fetch_navigation', 'VIRTUALENVWRAPPER_SCRIPT': '/usr/share/virtualenvwrapper/virtualenvwrapper.sh', 'PWD': '/opt/ros/indigo/share/fetch_navigation/launch', 'ROS_ETC_DIR': '/opt/ros/indigo/etc/ros', 'ROS_MASTER_URI': 'http://localhost:11311', 'MAIL': '/var/mail/fetch', 'SSH_CONNECTION': '172.22.77.105 65330 172.22.77.172 22'}]
[roslaunch][INFO] 2020-10-29 23:03:47,991: process[amcl-3]: args[[u'/opt/ros/indigo/lib/amcl/amcl', u'scan:=base_scan', u'map:=map', u'__name:=amcl']]
[roslaunch][INFO] 2020-10-29 23:03:47,991: ... created process [amcl-3]
[roslaunch.pmon][INFO] 2020-10-29 23:03:47,991: ProcessMonitor.register[amcl-3]
[roslaunch.pmon][INFO] 2020-10-29 23:03:47,991: ProcessMonitor.register[amcl-3] complete
[roslaunch][INFO] 2020-10-29 23:03:47,991: ... registered process [amcl-3]
[roslaunch][INFO] 2020-10-29 23:03:47,992: process[amcl-3]: starting os process
[roslaunch][INFO] 2020-10-29 23:03:47,992: process[amcl-3]: start w/ args [[u'/opt/ros/indigo/lib/amcl/amcl', u'scan:=base_scan', u'map:=map', u'__name:=amcl', u'__log:=/home/fetch/.ros/log/e60040d2-1a72-11eb-921d-000babe55698/amcl-3.log']]
[roslaunch][INFO] 2020-10-29 23:03:47,992: process[amcl-3]: cwd will be [/home/fetch/.ros]
[roslaunch][INFO] 2020-10-29 23:03:47,993: process[amcl-3]: started with pid [6253]
[roslaunch][INFO] 2020-10-29 23:03:47,994: ... successfully launched [amcl-3]
[roslaunch][INFO] 2020-10-29 23:03:47,994: ... preparing to launch node of type [move_base/move_base]
[roslaunch][INFO] 2020-10-29 23:03:47,994: create_node_process: package[move_base] type[move_base] machine[Machine(name[] env_loader[None] address[localhost] ssh_port[22] user[None] assignable[True] timeout[10.0])] master_uri[http://localhost:11311]
[roslaunch][INFO] 2020-10-29 23:03:47,994: process[move_base-4]: env[{'ROS_DISTRO': 'indigo', 'LESSOPEN': '| /usr/bin/lesspipe %s', 'SSH_CLIENT': '172.22.77.105 65330 22', 'CPATH': '/home/fetch/catkin_ws/devel/include:/opt/ros/indigo/include', 'LOGNAME': 'fetch', 'USER': 'fetch', 'HOME': '/home/fetch', 'PATH': '/opt/ros/indigo/bin:/usr/local/sbin:/usr/local/bin:/usr/sbin:/usr/bin:/sbin:/bin:/usr/games:/usr/local/games', 'CMAKE_PREFIX_PATH': '/home/fetch/catkin_ws/devel:/opt/ros/indigo', 'ROS_LOG_FILENAME': '/home/fetch/.ros/log/e60040d2-1a72-11eb-921d-000babe55698/roslaunch-freight1207-6233.log', 'LANG': 'en_US.UTF-8', 'TERM': 'xterm-256color', 'SHELL': '/bin/bash', 'SHLVL': '1', 'QT_QPA_PLATFORMTHEME': 'appmenu-qt5', 'DISPLAY': 'localhost:13.0', '_VIRTUALENVWRAPPER_API': ' mkvirtualenv rmvirtualenv lsvirtualenv showvirtualenv workon add2virtualenv cdsitepackages cdvirtualenv lssitepackages toggleglobalsitepackages cpvirtualenv setvirtualenvproject mkproject cdproject mktmpenv mkvirtualenv rmvirtualenv lsvirtualenv showvirtualenv workon add2virtualenv cdsitepackages cdvirtualenv lssitepackages toggleglobalsitepackages cpvirtualenv setvirtualenvproject mkproject cdproject mktmpenv', 'XDG_RUNTIME_DIR': '/run/user/1000', 'PYTHONPATH': '/home/fetch/catkin_ws/devel/lib/python2.7/dist-packages:/opt/ros/indigo/lib/python2.7/dist-packages', 'ROS_ROOT': '/opt/ros/indigo/share/ros', 'PKG_CONFIG_PATH': '/home/fetch/catkin_ws/devel/lib/pkgconfig:/opt/ros/indigo/lib/pkgconfig', 'ROS_PACKAGE_PATH': '/home/fetch/catkin_ws/src:/opt/ros/indigo/share:/opt/ros/indigo/stacks', 'XDG_SESSION_ID': '4', '_': '/opt/ros/indigo/bin/roslaunch', 'LD_LIBRARY_PATH': '/home/fetch/catkin_ws/devel/lib:/opt/ros/indigo/lib', 'LS_COLORS': 'rs=0:di=01;34:ln=01;36:mh=00:pi=40;33:so=01;35:do=01;35:bd=40;33;01:cd=40;33;01:or=40;31;01:su=37;41:sg=30;43:ca=30;41:tw=30;42:ow=34;42:st=37;44:ex=01;32:*.tar=01;31:*.tgz=01;31:*.arj=01;31:*.taz=01;31:*.lzh=01;31:*.lzma=01;31:*.tlz=01;31:*.txz=01;31:*.zip=01;31:*.z=01;31:*.Z=01;31:*.dz=01;31:*.gz=01;31:*.lz=01;31:*.xz=01;31:*.bz2=01;31:*.bz=01;31:*.tbz=01;31:*.tbz2=01;31:*.tz=01;31:*.deb=01;31:*.rpm=01;31:*.jar=01;31:*.war=01;31:*.ear=01;31:*.sar=01;31:*.rar=01;31:*.ace=01;31:*.zoo=01;31:*.cpio=01;31:*.7z=01;31:*.rz=01;31:*.jpg=01;35:*.jpeg=01;35:*.gif=01;35:*.bmp=01;35:*.pbm=01;35:*.pgm=01;35:*.ppm=01;35:*.tga=01;35:*.xbm=01;35:*.xpm=01;35:*.tif=01;35:*.tiff=01;35:*.png=01;35:*.svg=01;35:*.svgz=01;35:*.mng=01;35:*.pcx=01;35:*.mov=01;35:*.mpg=01;35:*.mpeg=01;35:*.m2v=01;35:*.mkv=01;35:*.webm=01;35:*.ogm=01;35:*.mp4=01;35:*.m4v=01;35:*.mp4v=01;35:*.vob=01;35:*.qt=01;35:*.nuv=01;35:*.wmv=01;35:*.asf=01;35:*.rm=01;35:*.rmvb=01;35:*.flc=01;35:*.avi=01;35:*.fli=01;35:*.flv=01;35:*.gl=01;35:*.dl=01;35:*.xcf=01;35:*.xwd=01;35:*.yuv=01;35:*.cgm=01;35:*.emf=01;35:*.axv=01;35:*.anx=01;35:*.ogv=01;35:*.ogx=01;35:*.aac=00;36:*.au=00;36:*.flac=00;36:*.mid=00;36:*.midi=00;36:*.mka=00;36:*.mp3=00;36:*.mpc=00;36:*.ogg=00;36:*.ra=00;36:*.wav=00;36:*.axa=00;36:*.oga=00;36:*.spx=00;36:*.xspf=00;36:', 'LESSCLOSE': '/usr/bin/lesspipe %s %s', 'SSH_TTY': '/dev/pts/29', 'OLDPWD': '/opt/ros/indigo/share/fetch_navigation', 'VIRTUALENVWRAPPER_SCRIPT': '/usr/share/virtualenvwrapper/virtualenvwrapper.sh', 'PWD': '/opt/ros/indigo/share/fetch_navigation/launch', 'ROS_ETC_DIR': '/opt/ros/indigo/etc/ros', 'ROS_MASTER_URI': 'http://localhost:11311', 'MAIL': '/var/mail/fetch', 'SSH_CONNECTION': '172.22.77.105 65330 172.22.77.172 22'}]
[roslaunch][INFO] 2020-10-29 23:03:47,995: process[move_base-4]: args[[u'/opt/ros/indigo/lib/move_base/move_base', u'cmd_vel:=cmd_vel', u'odom:=odom', u'map:=map', u'__name:=move_base']]
[roslaunch][INFO] 2020-10-29 23:03:47,995: ... created process [move_base-4]
[roslaunch.pmon][INFO] 2020-10-29 23:03:47,995: ProcessMonitor.register[move_base-4]
[roslaunch.pmon][INFO] 2020-10-29 23:03:47,995: ProcessMonitor.register[move_base-4] complete
[roslaunch][INFO] 2020-10-29 23:03:47,995: ... registered process [move_base-4]
[roslaunch][INFO] 2020-10-29 23:03:47,995: process[move_base-4]: starting os process
[roslaunch][INFO] 2020-10-29 23:03:47,995: process[move_base-4]: start w/ args [[u'/opt/ros/indigo/lib/move_base/move_base', u'cmd_vel:=cmd_vel', u'odom:=odom', u'map:=map', u'__name:=move_base', u'__log:=/home/fetch/.ros/log/e60040d2-1a72-11eb-921d-000babe55698/move_base-4.log']]
[roslaunch][INFO] 2020-10-29 23:03:47,995: process[move_base-4]: cwd will be [/home/fetch/.ros]
[roslaunch][INFO] 2020-10-29 23:03:47,997: process[move_base-4]: started with pid [6255]
[roslaunch][INFO] 2020-10-29 23:03:47,997: ... successfully launched [move_base-4]
[roslaunch][INFO] 2020-10-29 23:03:47,997: ... launch_nodes complete
[roslaunch.pmon][INFO] 2020-10-29 23:03:47,998: registrations completed <ProcessMonitor(ProcessMonitor-1, started daemon 140220309042944)>
[roslaunch.parent][INFO] 2020-10-29 23:03:47,998: ... roslaunch parent running, waiting for process exit
[roslaunch][INFO] 2020-10-29 23:03:47,998: spin
[roslaunch][INFO] 2020-10-29 23:23:05,293: [map_server-1] process has finished cleanly
log file: /home/fetch/.ros/log/e60040d2-1a72-11eb-921d-000babe55698/map_server-1*.log
[roslaunch.pmon][INFO] 2020-10-29 23:23:05,293: ProcessMonitor.unregister[map_server-1] starting
[roslaunch.pmon][INFO] 2020-10-29 23:23:05,293: ProcessMonitor.unregister[map_server-1] complete
[roslaunch][INFO] 2020-10-29 23:23:05,393: [amcl-3] process has finished cleanly
log file: /home/fetch/.ros/log/e60040d2-1a72-11eb-921d-000babe55698/amcl-3*.log
[roslaunch.pmon][INFO] 2020-10-29 23:23:05,393: ProcessMonitor.unregister[amcl-3] starting
[roslaunch.pmon][INFO] 2020-10-29 23:23:05,394: ProcessMonitor.unregister[amcl-3] complete
[roslaunch][INFO] 2020-10-29 23:23:06,595: [rviz-2] process has finished cleanly
log file: /home/fetch/.ros/log/e60040d2-1a72-11eb-921d-000babe55698/rviz-2*.log
[roslaunch.pmon][INFO] 2020-10-29 23:23:06,595: ProcessMonitor.unregister[rviz-2] starting
[roslaunch.pmon][INFO] 2020-10-29 23:23:06,595: ProcessMonitor.unregister[rviz-2] complete
[roslaunch.pmon][INFO] 2020-10-29 23:25:00,853: ProcessMonitor.shutdown <ProcessMonitor(ProcessMonitor-1, started daemon 140220309042944)>
[roslaunch.pmon][INFO] 2020-10-29 23:25:00,869: ProcessMonitor._post_run <ProcessMonitor(ProcessMonitor-1, started daemon 140220309042944)>
[roslaunch.pmon][INFO] 2020-10-29 23:25:00,869: ProcessMonitor._post_run <ProcessMonitor(ProcessMonitor-1, started daemon 140220309042944)>: remaining procs are [<roslaunch.nodeprocess.LocalProcess object at 0x7f879433a350>]
[roslaunch.pmon][INFO] 2020-10-29 23:25:00,870: ProcessMonitor exit: killing move_base-4
[roslaunch][INFO] 2020-10-29 23:25:00,870: [move_base-4] killing on exit
[roslaunch][INFO] 2020-10-29 23:25:00,870: process[move_base-4]: killing os process with pid[6255] pgid[6255]
[roslaunch][INFO] 2020-10-29 23:25:00,870: [move_base-4] sending SIGINT to pgid [6255]
[roslaunch][INFO] 2020-10-29 23:25:00,871: [move_base-4] sent SIGINT to pgid [6255]
[roslaunch][INFO] 2020-10-29 23:25:01,271: process[move_base-4]: SIGINT killed with return value 0
[roslaunch.pmon][INFO] 2020-10-29 23:25:01,272: ProcessMonitor exit: cleaning up data structures and signals
[roslaunch.pmon][INFO] 2020-10-29 23:25:01,272: ProcessMonitor exit: pmon has shutdown
[roslaunch][INFO] 2020-10-29 23:25:01,317: process monitor is done spinning, initiating full shutdown
[roslaunch][INFO] 2020-10-29 23:25:01,317: runner.stop()
[roslaunch][INFO] 2020-10-29 23:25:01,317: shutting down processing monitor...
[roslaunch][INFO] 2020-10-29 23:25:01,317: shutting down processing monitor <ProcessMonitor(ProcessMonitor-1, stopped daemon 140220309042944)>
[roslaunch.pmon][INFO] 2020-10-29 23:25:01,317: ProcessMonitor.shutdown <ProcessMonitor(ProcessMonitor-1, stopped daemon 140220309042944)>
[roslaunch][INFO] 2020-10-29 23:25:01,317: ... shutting down processing monitor complete
[roslaunch][INFO] 2020-10-29 23:25:01,317: done
[roslaunch.pmon][INFO] 2020-10-29 23:25:01,317: ProcessMonitor.shutdown <ProcessMonitor(ProcessMonitor-1, stopped daemon 140220309042944)>
[rospy.core][INFO] 2020-10-29 23:25:01,317: signal_shutdown [atexit]
