[roslaunch][INFO] 2020-10-29 23:28:38,272: Checking log directory for disk usage. This may take awhile.
Press Ctrl-C to interrupt
[roslaunch][INFO] 2020-10-29 23:28:38,275: Done checking log file disk usage. Usage is <1GB.
[roslaunch][INFO] 2020-10-29 23:28:38,275: roslaunch starting with args ['/opt/ros/indigo/bin/roslaunch', 'rostful', 'rostful_server.launch']
[roslaunch][INFO] 2020-10-29 23:28:38,275: roslaunch env is {'ROS_DISTRO': 'indigo', 'LESSOPEN': '| /usr/bin/lesspipe %s', 'SSH_CLIENT': '172.22.77.105 65106 22', 'CPATH': '/home/fetch/catkin_ws/devel/include:/opt/ros/indigo/include', 'LOGNAME': 'fetch', 'USER': 'fetch', 'HOME': '/home/fetch', 'PATH': '/opt/ros/indigo/bin:/usr/local/sbin:/usr/local/bin:/usr/sbin:/usr/bin:/sbin:/bin:/usr/games:/usr/local/games', 'VIRTUALENVWRAPPER_SCRIPT': '/usr/share/virtualenvwrapper/virtualenvwrapper.sh', 'LD_LIBRARY_PATH': '/home/fetch/catkin_ws/devel/lib:/opt/ros/indigo/lib', 'LANG': 'en_US.UTF-8', 'TERM': 'xterm-256color', 'SHELL': '/bin/bash', 'ROS_LOG_FILENAME': '/home/fetch/.ros/log/e60040d2-1a72-11eb-921d-000babe55698/roslaunch-freight1207-13107.log', 'SHLVL': '1', 'QT_QPA_PLATFORMTHEME': 'appmenu-qt5', 'ROS_ETC_DIR': '/opt/ros/indigo/etc/ros', 'DISPLAY': 'localhost:12.0', '_VIRTUALENVWRAPPER_API': ' mkvirtualenv rmvirtualenv lsvirtualenv showvirtualenv workon add2virtualenv cdsitepackages cdvirtualenv lssitepackages toggleglobalsitepackages cpvirtualenv setvirtualenvproject mkproject cdproject mktmpenv mkvirtualenv rmvirtualenv lsvirtualenv showvirtualenv workon add2virtualenv cdsitepackages cdvirtualenv lssitepackages toggleglobalsitepackages cpvirtualenv setvirtualenvproject mkproject cdproject mktmpenv', 'CMAKE_PREFIX_PATH': '/home/fetch/catkin_ws/devel:/opt/ros/indigo', 'XDG_RUNTIME_DIR': '/run/user/1000', 'PYTHONPATH': '/home/fetch/catkin_ws/devel/lib/python2.7/dist-packages:/opt/ros/indigo/lib/python2.7/dist-packages', 'ROS_ROOT': '/opt/ros/indigo/share/ros', 'PKG_CONFIG_PATH': '/home/fetch/catkin_ws/devel/lib/pkgconfig:/opt/ros/indigo/lib/pkgconfig', 'ROS_PACKAGE_PATH': '/home/fetch/catkin_ws/src:/opt/ros/indigo/share:/opt/ros/indigo/stacks', 'XDG_SESSION_ID': '3', '_': '/opt/ros/indigo/bin/roslaunch', 'SSH_CONNECTION': '172.22.77.105 65106 172.22.77.172 22', 'LESSCLOSE': '/usr/bin/lesspipe %s %s', 'SSH_TTY': '/dev/pts/5', 'OLDPWD': '/home/fetch/catkin_ws/src/rostful/rostful', 'PWD': '/home/fetch/catkin_ws/src/rostful/rostful/launch', 'ROS_MASTER_URI': 'http://localhost:11311', 'MAIL': '/var/mail/fetch', 'LS_COLORS': 'rs=0:di=01;34:ln=01;36:mh=00:pi=40;33:so=01;35:do=01;35:bd=40;33;01:cd=40;33;01:or=40;31;01:su=37;41:sg=30;43:ca=30;41:tw=30;42:ow=34;42:st=37;44:ex=01;32:*.tar=01;31:*.tgz=01;31:*.arj=01;31:*.taz=01;31:*.lzh=01;31:*.lzma=01;31:*.tlz=01;31:*.txz=01;31:*.zip=01;31:*.z=01;31:*.Z=01;31:*.dz=01;31:*.gz=01;31:*.lz=01;31:*.xz=01;31:*.bz2=01;31:*.bz=01;31:*.tbz=01;31:*.tbz2=01;31:*.tz=01;31:*.deb=01;31:*.rpm=01;31:*.jar=01;31:*.war=01;31:*.ear=01;31:*.sar=01;31:*.rar=01;31:*.ace=01;31:*.zoo=01;31:*.cpio=01;31:*.7z=01;31:*.rz=01;31:*.jpg=01;35:*.jpeg=01;35:*.gif=01;35:*.bmp=01;35:*.pbm=01;35:*.pgm=01;35:*.ppm=01;35:*.tga=01;35:*.xbm=01;35:*.xpm=01;35:*.tif=01;35:*.tiff=01;35:*.png=01;35:*.svg=01;35:*.svgz=01;35:*.mng=01;35:*.pcx=01;35:*.mov=01;35:*.mpg=01;35:*.mpeg=01;35:*.m2v=01;35:*.mkv=01;35:*.webm=01;35:*.ogm=01;35:*.mp4=01;35:*.m4v=01;35:*.mp4v=01;35:*.vob=01;35:*.qt=01;35:*.nuv=01;35:*.wmv=01;35:*.asf=01;35:*.rm=01;35:*.rmvb=01;35:*.flc=01;35:*.avi=01;35:*.fli=01;35:*.flv=01;35:*.gl=01;35:*.dl=01;35:*.xcf=01;35:*.xwd=01;35:*.yuv=01;35:*.cgm=01;35:*.emf=01;35:*.axv=01;35:*.anx=01;35:*.ogv=01;35:*.ogx=01;35:*.aac=00;36:*.au=00;36:*.flac=00;36:*.mid=00;36:*.midi=00;36:*.mka=00;36:*.mp3=00;36:*.mpc=00;36:*.ogg=00;36:*.ra=00;36:*.wav=00;36:*.axa=00;36:*.oga=00;36:*.spx=00;36:*.xspf=00;36:'}
[roslaunch][INFO] 2020-10-29 23:28:38,276: starting in server mode
[roslaunch.parent][INFO] 2020-10-29 23:28:38,276: starting roslaunch parent run
[roslaunch][INFO] 2020-10-29 23:28:38,276: loading roscore config file /opt/ros/indigo/etc/ros/roscore.xml
[roslaunch][INFO] 2020-10-29 23:28:38,343: Added core node of type [rosout/rosout] in namespace [/]
[roslaunch.config][INFO] 2020-10-29 23:28:38,344: loading config file /home/fetch/catkin_ws/src/rostful/rostful/launch/rostful_server.launch
[roslaunch][INFO] 2020-10-29 23:28:38,345: Added node of type [rostful/server] in namespace [/]
[roslaunch][INFO] 2020-10-29 23:28:38,380: Added node of type [amcl/amcl] in namespace [/]
[roslaunch][INFO] 2020-10-29 23:28:38,380: ... selected machine [] for node of type [rostful/server]
[roslaunch][INFO] 2020-10-29 23:28:38,380: ... selected machine [] for node of type [amcl/amcl]
[roslaunch.pmon][INFO] 2020-10-29 23:28:38,381: start_process_monitor: creating ProcessMonitor
[roslaunch.pmon][INFO] 2020-10-29 23:28:38,381: created process monitor <ProcessMonitor(ProcessMonitor-1, initial daemon)>
[roslaunch.pmon][INFO] 2020-10-29 23:28:38,381: start_process_monitor: ProcessMonitor started
[roslaunch.parent][INFO] 2020-10-29 23:28:38,381: starting parent XML-RPC server
[roslaunch.server][INFO] 2020-10-29 23:28:38,381: starting roslaunch XML-RPC server
[roslaunch.server][INFO] 2020-10-29 23:28:38,381: waiting for roslaunch XML-RPC server to initialize
[xmlrpc][INFO] 2020-10-29 23:28:38,382: XML-RPC server binding to 0.0.0.0:0
[xmlrpc][INFO] 2020-10-29 23:28:38,382: Started XML-RPC server [http://freight1207:53312/]
[xmlrpc][INFO] 2020-10-29 23:28:38,382: xml rpc node: starting XML-RPC server
[roslaunch][INFO] 2020-10-29 23:28:38,392: started roslaunch server http://freight1207:53312/
[roslaunch.parent][INFO] 2020-10-29 23:28:38,393: ... parent XML-RPC server started
[roslaunch][INFO] 2020-10-29 23:28:38,393: master.is_running[http://localhost:11311]
[roslaunch][INFO] 2020-10-29 23:28:38,394: master.is_running[http://localhost:11311]
[roslaunch][INFO] 2020-10-29 23:28:38,394: ROS_MASTER_URI=http://localhost:11311
[roslaunch][INFO] 2020-10-29 23:28:38,396: setting /roslaunch/uris/host_freight1207__53312' to http://freight1207:53312/
[roslaunch][INFO] 2020-10-29 23:28:38,397: load_parameters starting ...
[roslaunch][INFO] 2020-10-29 23:28:38,403: ... load_parameters complete
[roslaunch][INFO] 2020-10-29 23:28:38,403: launch_nodes: launching local nodes ...
[roslaunch][INFO] 2020-10-29 23:28:38,403: ... preparing to launch node of type [rostful/server]
[roslaunch][INFO] 2020-10-29 23:28:38,404: create_node_process: package[rostful] type[server] machine[Machine(name[] env_loader[None] address[localhost] ssh_port[22] user[None] assignable[True] timeout[10.0])] master_uri[http://localhost:11311]
[roslaunch][INFO] 2020-10-29 23:28:38,404: process[rostful_server-1]: env[{'ROS_DISTRO': 'indigo', 'LESSOPEN': '| /usr/bin/lesspipe %s', 'SSH_CLIENT': '172.22.77.105 65106 22', 'CPATH': '/home/fetch/catkin_ws/devel/include:/opt/ros/indigo/include', 'LOGNAME': 'fetch', 'USER': 'fetch', 'HOME': '/home/fetch', 'PATH': '/opt/ros/indigo/bin:/usr/local/sbin:/usr/local/bin:/usr/sbin:/usr/bin:/sbin:/bin:/usr/games:/usr/local/games', 'CMAKE_PREFIX_PATH': '/home/fetch/catkin_ws/devel:/opt/ros/indigo', 'ROS_LOG_FILENAME': '/home/fetch/.ros/log/e60040d2-1a72-11eb-921d-000babe55698/roslaunch-freight1207-13107.log', 'LANG': 'en_US.UTF-8', 'TERM': 'xterm-256color', 'SHELL': '/bin/bash', 'SHLVL': '1', 'QT_QPA_PLATFORMTHEME': 'appmenu-qt5', 'DISPLAY': 'localhost:12.0', '_VIRTUALENVWRAPPER_API': ' mkvirtualenv rmvirtualenv lsvirtualenv showvirtualenv workon add2virtualenv cdsitepackages cdvirtualenv lssitepackages toggleglobalsitepackages cpvirtualenv setvirtualenvproject mkproject cdproject mktmpenv mkvirtualenv rmvirtualenv lsvirtualenv showvirtualenv workon add2virtualenv cdsitepackages cdvirtualenv lssitepackages toggleglobalsitepackages cpvirtualenv setvirtualenvproject mkproject cdproject mktmpenv', 'XDG_RUNTIME_DIR': '/run/user/1000', 'PYTHONPATH': '/home/fetch/catkin_ws/devel/lib/python2.7/dist-packages:/opt/ros/indigo/lib/python2.7/dist-packages', 'ROS_ROOT': '/opt/ros/indigo/share/ros', 'PKG_CONFIG_PATH': '/home/fetch/catkin_ws/devel/lib/pkgconfig:/opt/ros/indigo/lib/pkgconfig', 'ROS_PACKAGE_PATH': '/home/fetch/catkin_ws/src:/opt/ros/indigo/share:/opt/ros/indigo/stacks', 'XDG_SESSION_ID': '3', '_': '/opt/ros/indigo/bin/roslaunch', 'LD_LIBRARY_PATH': '/home/fetch/catkin_ws/devel/lib:/opt/ros/indigo/lib', 'LS_COLORS': 'rs=0:di=01;34:ln=01;36:mh=00:pi=40;33:so=01;35:do=01;35:bd=40;33;01:cd=40;33;01:or=40;31;01:su=37;41:sg=30;43:ca=30;41:tw=30;42:ow=34;42:st=37;44:ex=01;32:*.tar=01;31:*.tgz=01;31:*.arj=01;31:*.taz=01;31:*.lzh=01;31:*.lzma=01;31:*.tlz=01;31:*.txz=01;31:*.zip=01;31:*.z=01;31:*.Z=01;31:*.dz=01;31:*.gz=01;31:*.lz=01;31:*.xz=01;31:*.bz2=01;31:*.bz=01;31:*.tbz=01;31:*.tbz2=01;31:*.tz=01;31:*.deb=01;31:*.rpm=01;31:*.jar=01;31:*.war=01;31:*.ear=01;31:*.sar=01;31:*.rar=01;31:*.ace=01;31:*.zoo=01;31:*.cpio=01;31:*.7z=01;31:*.rz=01;31:*.jpg=01;35:*.jpeg=01;35:*.gif=01;35:*.bmp=01;35:*.pbm=01;35:*.pgm=01;35:*.ppm=01;35:*.tga=01;35:*.xbm=01;35:*.xpm=01;35:*.tif=01;35:*.tiff=01;35:*.png=01;35:*.svg=01;35:*.svgz=01;35:*.mng=01;35:*.pcx=01;35:*.mov=01;35:*.mpg=01;35:*.mpeg=01;35:*.m2v=01;35:*.mkv=01;35:*.webm=01;35:*.ogm=01;35:*.mp4=01;35:*.m4v=01;35:*.mp4v=01;35:*.vob=01;35:*.qt=01;35:*.nuv=01;35:*.wmv=01;35:*.asf=01;35:*.rm=01;35:*.rmvb=01;35:*.flc=01;35:*.avi=01;35:*.fli=01;35:*.flv=01;35:*.gl=01;35:*.dl=01;35:*.xcf=01;35:*.xwd=01;35:*.yuv=01;35:*.cgm=01;35:*.emf=01;35:*.axv=01;35:*.anx=01;35:*.ogv=01;35:*.ogx=01;35:*.aac=00;36:*.au=00;36:*.flac=00;36:*.mid=00;36:*.midi=00;36:*.mka=00;36:*.mp3=00;36:*.mpc=00;36:*.ogg=00;36:*.ra=00;36:*.wav=00;36:*.axa=00;36:*.oga=00;36:*.spx=00;36:*.xspf=00;36:', 'LESSCLOSE': '/usr/bin/lesspipe %s %s', 'SSH_TTY': '/dev/pts/5', 'OLDPWD': '/home/fetch/catkin_ws/src/rostful/rostful', 'VIRTUALENVWRAPPER_SCRIPT': '/usr/share/virtualenvwrapper/virtualenvwrapper.sh', 'PWD': '/home/fetch/catkin_ws/src/rostful/rostful/launch', 'ROS_ETC_DIR': '/opt/ros/indigo/etc/ros', 'ROS_MASTER_URI': 'http://localhost:11311', 'MAIL': '/var/mail/fetch', 'SSH_CONNECTION': '172.22.77.105 65106 172.22.77.172 22'}]
[roslaunch][INFO] 2020-10-29 23:28:38,435: process[rostful_server-1]: args[[u'/home/fetch/catkin_ws/src/rostful/rostful/scripts/server', '--host', '172.22.77.172', '-p', '8080', '--topics', '/local_control/goto', '/local_control/initialpose', '/local_control/cancel', '/local_control/initialpose', '/enable_software_runstop', '/remote_control', '/cmd_dock', '/cmd_undock', '/current/pose', u'__name:=rostful_server']]
[roslaunch][INFO] 2020-10-29 23:28:38,436: ... created process [rostful_server-1]
[roslaunch.pmon][INFO] 2020-10-29 23:28:38,436: ProcessMonitor.register[rostful_server-1]
[roslaunch.pmon][INFO] 2020-10-29 23:28:38,436: ProcessMonitor.register[rostful_server-1] complete
[roslaunch][INFO] 2020-10-29 23:28:38,436: ... registered process [rostful_server-1]
[roslaunch][INFO] 2020-10-29 23:28:38,436: process[rostful_server-1]: starting os process
[roslaunch][INFO] 2020-10-29 23:28:38,436: process[rostful_server-1]: start w/ args [[u'/home/fetch/catkin_ws/src/rostful/rostful/scripts/server', '--host', '172.22.77.172', '-p', '8080', '--topics', '/local_control/goto', '/local_control/initialpose', '/local_control/cancel', '/local_control/initialpose', '/enable_software_runstop', '/remote_control', '/cmd_dock', '/cmd_undock', '/current/pose', u'__name:=rostful_server', u'__log:=/home/fetch/.ros/log/e60040d2-1a72-11eb-921d-000babe55698/rostful_server-1.log']]
[roslaunch][INFO] 2020-10-29 23:28:38,436: process[rostful_server-1]: cwd will be [/home/fetch/.ros]
[roslaunch][INFO] 2020-10-29 23:28:38,437: process[rostful_server-1]: started with pid [13125]
[roslaunch][INFO] 2020-10-29 23:28:38,438: ... successfully launched [rostful_server-1]
[roslaunch][INFO] 2020-10-29 23:28:38,438: ... preparing to launch node of type [amcl/amcl]
[roslaunch][INFO] 2020-10-29 23:28:38,438: create_node_process: package[amcl] type[amcl] machine[Machine(name[] env_loader[None] address[localhost] ssh_port[22] user[None] assignable[True] timeout[10.0])] master_uri[http://localhost:11311]
[roslaunch][INFO] 2020-10-29 23:28:38,438: process[amcl-2]: env[{'ROS_DISTRO': 'indigo', 'LESSOPEN': '| /usr/bin/lesspipe %s', 'SSH_CLIENT': '172.22.77.105 65106 22', 'CPATH': '/home/fetch/catkin_ws/devel/include:/opt/ros/indigo/include', 'LOGNAME': 'fetch', 'USER': 'fetch', 'HOME': '/home/fetch', 'PATH': '/opt/ros/indigo/bin:/usr/local/sbin:/usr/local/bin:/usr/sbin:/usr/bin:/sbin:/bin:/usr/games:/usr/local/games', 'CMAKE_PREFIX_PATH': '/home/fetch/catkin_ws/devel:/opt/ros/indigo', 'ROS_LOG_FILENAME': '/home/fetch/.ros/log/e60040d2-1a72-11eb-921d-000babe55698/roslaunch-freight1207-13107.log', 'LANG': 'en_US.UTF-8', 'TERM': 'xterm-256color', 'SHELL': '/bin/bash', 'SHLVL': '1', 'QT_QPA_PLATFORMTHEME': 'appmenu-qt5', 'DISPLAY': 'localhost:12.0', '_VIRTUALENVWRAPPER_API': ' mkvirtualenv rmvirtualenv lsvirtualenv showvirtualenv workon add2virtualenv cdsitepackages cdvirtualenv lssitepackages toggleglobalsitepackages cpvirtualenv setvirtualenvproject mkproject cdproject mktmpenv mkvirtualenv rmvirtualenv lsvirtualenv showvirtualenv workon add2virtualenv cdsitepackages cdvirtualenv lssitepackages toggleglobalsitepackages cpvirtualenv setvirtualenvproject mkproject cdproject mktmpenv', 'XDG_RUNTIME_DIR': '/run/user/1000', 'PYTHONPATH': '/home/fetch/catkin_ws/devel/lib/python2.7/dist-packages:/opt/ros/indigo/lib/python2.7/dist-packages', 'ROS_ROOT': '/opt/ros/indigo/share/ros', 'PKG_CONFIG_PATH': '/home/fetch/catkin_ws/devel/lib/pkgconfig:/opt/ros/indigo/lib/pkgconfig', 'ROS_PACKAGE_PATH': '/home/fetch/catkin_ws/src:/opt/ros/indigo/share:/opt/ros/indigo/stacks', 'XDG_SESSION_ID': '3', '_': '/opt/ros/indigo/bin/roslaunch', 'LD_LIBRARY_PATH': '/home/fetch/catkin_ws/devel/lib:/opt/ros/indigo/lib', 'LS_COLORS': 'rs=0:di=01;34:ln=01;36:mh=00:pi=40;33:so=01;35:do=01;35:bd=40;33;01:cd=40;33;01:or=40;31;01:su=37;41:sg=30;43:ca=30;41:tw=30;42:ow=34;42:st=37;44:ex=01;32:*.tar=01;31:*.tgz=01;31:*.arj=01;31:*.taz=01;31:*.lzh=01;31:*.lzma=01;31:*.tlz=01;31:*.txz=01;31:*.zip=01;31:*.z=01;31:*.Z=01;31:*.dz=01;31:*.gz=01;31:*.lz=01;31:*.xz=01;31:*.bz2=01;31:*.bz=01;31:*.tbz=01;31:*.tbz2=01;31:*.tz=01;31:*.deb=01;31:*.rpm=01;31:*.jar=01;31:*.war=01;31:*.ear=01;31:*.sar=01;31:*.rar=01;31:*.ace=01;31:*.zoo=01;31:*.cpio=01;31:*.7z=01;31:*.rz=01;31:*.jpg=01;35:*.jpeg=01;35:*.gif=01;35:*.bmp=01;35:*.pbm=01;35:*.pgm=01;35:*.ppm=01;35:*.tga=01;35:*.xbm=01;35:*.xpm=01;35:*.tif=01;35:*.tiff=01;35:*.png=01;35:*.svg=01;35:*.svgz=01;35:*.mng=01;35:*.pcx=01;35:*.mov=01;35:*.mpg=01;35:*.mpeg=01;35:*.m2v=01;35:*.mkv=01;35:*.webm=01;35:*.ogm=01;35:*.mp4=01;35:*.m4v=01;35:*.mp4v=01;35:*.vob=01;35:*.qt=01;35:*.nuv=01;35:*.wmv=01;35:*.asf=01;35:*.rm=01;35:*.rmvb=01;35:*.flc=01;35:*.avi=01;35:*.fli=01;35:*.flv=01;35:*.gl=01;35:*.dl=01;35:*.xcf=01;35:*.xwd=01;35:*.yuv=01;35:*.cgm=01;35:*.emf=01;35:*.axv=01;35:*.anx=01;35:*.ogv=01;35:*.ogx=01;35:*.aac=00;36:*.au=00;36:*.flac=00;36:*.mid=00;36:*.midi=00;36:*.mka=00;36:*.mp3=00;36:*.mpc=00;36:*.ogg=00;36:*.ra=00;36:*.wav=00;36:*.axa=00;36:*.oga=00;36:*.spx=00;36:*.xspf=00;36:', 'LESSCLOSE': '/usr/bin/lesspipe %s %s', 'SSH_TTY': '/dev/pts/5', 'OLDPWD': '/home/fetch/catkin_ws/src/rostful/rostful', 'VIRTUALENVWRAPPER_SCRIPT': '/usr/share/virtualenvwrapper/virtualenvwrapper.sh', 'PWD': '/home/fetch/catkin_ws/src/rostful/rostful/launch', 'ROS_ETC_DIR': '/opt/ros/indigo/etc/ros', 'ROS_MASTER_URI': 'http://localhost:11311', 'MAIL': '/var/mail/fetch', 'SSH_CONNECTION': '172.22.77.105 65106 172.22.77.172 22'}]
[roslaunch][INFO] 2020-10-29 23:28:38,439: process[amcl-2]: args[[u'/opt/ros/indigo/lib/amcl/amcl', u'scan:=base_scan', u'map:=map', u'__name:=amcl']]
[roslaunch][INFO] 2020-10-29 23:28:38,439: ... created process [amcl-2]
[roslaunch.pmon][INFO] 2020-10-29 23:28:38,439: ProcessMonitor.register[amcl-2]
[roslaunch.pmon][INFO] 2020-10-29 23:28:38,439: ProcessMonitor.register[amcl-2] complete
[roslaunch][INFO] 2020-10-29 23:28:38,439: ... registered process [amcl-2]
[roslaunch][INFO] 2020-10-29 23:28:38,439: process[amcl-2]: starting os process
[roslaunch][INFO] 2020-10-29 23:28:38,439: process[amcl-2]: start w/ args [[u'/opt/ros/indigo/lib/amcl/amcl', u'scan:=base_scan', u'map:=map', u'__name:=amcl', u'__log:=/home/fetch/.ros/log/e60040d2-1a72-11eb-921d-000babe55698/amcl-2.log']]
[roslaunch][INFO] 2020-10-29 23:28:38,439: process[amcl-2]: cwd will be [/home/fetch/.ros]
[roslaunch][INFO] 2020-10-29 23:28:38,441: process[amcl-2]: started with pid [13126]
[roslaunch][INFO] 2020-10-29 23:28:38,441: ... successfully launched [amcl-2]
[roslaunch][INFO] 2020-10-29 23:28:38,441: ... launch_nodes complete
[roslaunch.pmon][INFO] 2020-10-29 23:28:38,441: registrations completed <ProcessMonitor(ProcessMonitor-1, started daemon 140280719275776)>
[roslaunch.parent][INFO] 2020-10-29 23:28:38,441: ... roslaunch parent running, waiting for process exit
[roslaunch][INFO] 2020-10-29 23:28:38,441: spin
[roslaunch.pmon][INFO] 2020-10-29 23:34:43,650: ProcessMonitor.shutdown <ProcessMonitor(ProcessMonitor-1, started daemon 140280719275776)>
[roslaunch.pmon][INFO] 2020-10-29 23:34:43,684: ProcessMonitor._post_run <ProcessMonitor(ProcessMonitor-1, started daemon 140280719275776)>
[roslaunch.pmon][INFO] 2020-10-29 23:34:43,684: ProcessMonitor._post_run <ProcessMonitor(ProcessMonitor-1, started daemon 140280719275776)>: remaining procs are [<roslaunch.nodeprocess.LocalProcess object at 0x7f95a693f1d0>, <roslaunch.nodeprocess.LocalProcess object at 0x7f95a6983fd0>]
[roslaunch.pmon][INFO] 2020-10-29 23:34:43,685: ProcessMonitor exit: killing amcl-2
[roslaunch.pmon][INFO] 2020-10-29 23:34:43,685: ProcessMonitor exit: killing rostful_server-1
[roslaunch][INFO] 2020-10-29 23:34:43,686: [amcl-2] killing on exit
[roslaunch][INFO] 2020-10-29 23:34:43,686: [rostful_server-1] killing on exit
[roslaunch.pmon][INFO] 2020-10-29 23:34:43,687: ProcessMonitor exit: cleaning up data structures and signals
[roslaunch.pmon][INFO] 2020-10-29 23:34:43,687: ProcessMonitor exit: pmon has shutdown
[roslaunch][INFO] 2020-10-29 23:34:43,715: process monitor is done spinning, initiating full shutdown
[roslaunch][INFO] 2020-10-29 23:34:43,715: runner.stop()
[roslaunch][INFO] 2020-10-29 23:34:43,716: shutting down processing monitor...
[roslaunch][INFO] 2020-10-29 23:34:43,716: shutting down processing monitor <ProcessMonitor(ProcessMonitor-1, stopped daemon 140280719275776)>
[roslaunch.pmon][INFO] 2020-10-29 23:34:43,716: ProcessMonitor.shutdown <ProcessMonitor(ProcessMonitor-1, stopped daemon 140280719275776)>
[roslaunch][INFO] 2020-10-29 23:34:43,716: ... shutting down processing monitor complete
[roslaunch][INFO] 2020-10-29 23:34:43,716: done
[roslaunch.pmon][INFO] 2020-10-29 23:34:43,716: ProcessMonitor.shutdown <ProcessMonitor(ProcessMonitor-1, stopped daemon 140280719275776)>
[rospy.core][INFO] 2020-10-29 23:34:43,716: signal_shutdown [atexit]
