[roslaunch][INFO] 2020-10-29 23:23:04,919: Checking log directory for disk usage. This may take awhile.
Press Ctrl-C to interrupt
[roslaunch][INFO] 2020-10-29 23:23:04,922: Done checking log file disk usage. Usage is <1GB.
[roslaunch][INFO] 2020-10-29 23:23:04,922: roslaunch starting with args ['/opt/ros/indigo/bin/roslaunch', 'rostful', 'rostful_server.launch']
[roslaunch][INFO] 2020-10-29 23:23:04,922: roslaunch env is {'ROS_DISTRO': 'indigo', 'LESSOPEN': '| /usr/bin/lesspipe %s', 'SSH_CLIENT': '172.22.77.105 65081 22', 'CPATH': '/home/fetch/catkin_ws/devel/include:/opt/ros/indigo/include', 'LOGNAME': 'fetch', 'USER': 'fetch', 'HOME': '/home/fetch', 'PATH': '/opt/ros/indigo/bin:/usr/local/sbin:/usr/local/bin:/usr/sbin:/usr/bin:/sbin:/bin:/usr/games:/usr/local/games', 'VIRTUALENVWRAPPER_SCRIPT': '/usr/share/virtualenvwrapper/virtualenvwrapper.sh', 'LD_LIBRARY_PATH': '/home/fetch/catkin_ws/devel/lib:/opt/ros/indigo/lib', 'LANG': 'en_US.UTF-8', 'TERM': 'xterm-256color', 'SHELL': '/bin/bash', 'ROS_LOG_FILENAME': '/home/fetch/.ros/log/e60040d2-1a72-11eb-921d-000babe55698/roslaunch-freight1207-11279.log', 'SHLVL': '1', 'QT_QPA_PLATFORMTHEME': 'appmenu-qt5', 'ROS_ETC_DIR': '/opt/ros/indigo/etc/ros', 'DISPLAY': 'localhost:10.0', '_VIRTUALENVWRAPPER_API': ' mkvirtualenv rmvirtualenv lsvirtualenv showvirtualenv workon add2virtualenv cdsitepackages cdvirtualenv lssitepackages toggleglobalsitepackages cpvirtualenv setvirtualenvproject mkproject cdproject mktmpenv mkvirtualenv rmvirtualenv lsvirtualenv showvirtualenv workon add2virtualenv cdsitepackages cdvirtualenv lssitepackages toggleglobalsitepackages cpvirtualenv setvirtualenvproject mkproject cdproject mktmpenv', 'CMAKE_PREFIX_PATH': '/home/fetch/catkin_ws/devel:/opt/ros/indigo', 'XDG_RUNTIME_DIR': '/run/user/1000', 'PYTHONPATH': '/home/fetch/catkin_ws/devel/lib/python2.7/dist-packages:/opt/ros/indigo/lib/python2.7/dist-packages', 'ROS_ROOT': '/opt/ros/indigo/share/ros', 'PKG_CONFIG_PATH': '/home/fetch/catkin_ws/devel/lib/pkgconfig:/opt/ros/indigo/lib/pkgconfig', 'ROS_PACKAGE_PATH': '/home/fetch/catkin_ws/src:/opt/ros/indigo/share:/opt/ros/indigo/stacks', 'XDG_SESSION_ID': '1', '_': '/opt/ros/indigo/bin/roslaunch', 'SSH_CONNECTION': '172.22.77.105 65081 172.22.77.172 22', 'LESSCLOSE': '/usr/bin/lesspipe %s %s', 'SSH_TTY': '/dev/pts/1', 'OLDPWD': '/home/fetch/catkin_ws/src/rostful/rostful', 'PWD': '/home/fetch/catkin_ws/src/rostful/rostful/launch', 'ROS_MASTER_URI': 'http://localhost:11311', 'MAIL': '/var/mail/fetch', 'LS_COLORS': 'rs=0:di=01;34:ln=01;36:mh=00:pi=40;33:so=01;35:do=01;35:bd=40;33;01:cd=40;33;01:or=40;31;01:su=37;41:sg=30;43:ca=30;41:tw=30;42:ow=34;42:st=37;44:ex=01;32:*.tar=01;31:*.tgz=01;31:*.arj=01;31:*.taz=01;31:*.lzh=01;31:*.lzma=01;31:*.tlz=01;31:*.txz=01;31:*.zip=01;31:*.z=01;31:*.Z=01;31:*.dz=01;31:*.gz=01;31:*.lz=01;31:*.xz=01;31:*.bz2=01;31:*.bz=01;31:*.tbz=01;31:*.tbz2=01;31:*.tz=01;31:*.deb=01;31:*.rpm=01;31:*.jar=01;31:*.war=01;31:*.ear=01;31:*.sar=01;31:*.rar=01;31:*.ace=01;31:*.zoo=01;31:*.cpio=01;31:*.7z=01;31:*.rz=01;31:*.jpg=01;35:*.jpeg=01;35:*.gif=01;35:*.bmp=01;35:*.pbm=01;35:*.pgm=01;35:*.ppm=01;35:*.tga=01;35:*.xbm=01;35:*.xpm=01;35:*.tif=01;35:*.tiff=01;35:*.png=01;35:*.svg=01;35:*.svgz=01;35:*.mng=01;35:*.pcx=01;35:*.mov=01;35:*.mpg=01;35:*.mpeg=01;35:*.m2v=01;35:*.mkv=01;35:*.webm=01;35:*.ogm=01;35:*.mp4=01;35:*.m4v=01;35:*.mp4v=01;35:*.vob=01;35:*.qt=01;35:*.nuv=01;35:*.wmv=01;35:*.asf=01;35:*.rm=01;35:*.rmvb=01;35:*.flc=01;35:*.avi=01;35:*.fli=01;35:*.flv=01;35:*.gl=01;35:*.dl=01;35:*.xcf=01;35:*.xwd=01;35:*.yuv=01;35:*.cgm=01;35:*.emf=01;35:*.axv=01;35:*.anx=01;35:*.ogv=01;35:*.ogx=01;35:*.aac=00;36:*.au=00;36:*.flac=00;36:*.mid=00;36:*.midi=00;36:*.mka=00;36:*.mp3=00;36:*.mpc=00;36:*.ogg=00;36:*.ra=00;36:*.wav=00;36:*.axa=00;36:*.oga=00;36:*.spx=00;36:*.xspf=00;36:'}
[roslaunch][INFO] 2020-10-29 23:23:04,922: starting in server mode
[roslaunch.parent][INFO] 2020-10-29 23:23:04,922: starting roslaunch parent run
[roslaunch][INFO] 2020-10-29 23:23:04,922: loading roscore config file /opt/ros/indigo/etc/ros/roscore.xml
[roslaunch][INFO] 2020-10-29 23:23:04,996: Added core node of type [rosout/rosout] in namespace [/]
[roslaunch.config][INFO] 2020-10-29 23:23:04,996: loading config file /home/fetch/catkin_ws/src/rostful/rostful/launch/rostful_server.launch
[roslaunch][INFO] 2020-10-29 23:23:04,997: Added node of type [rostful/server] in namespace [/]
[roslaunch][INFO] 2020-10-29 23:23:05,029: Added node of type [map_server/map_server] in namespace [/]
[roslaunch][INFO] 2020-10-29 23:23:05,030: Added node of type [rviz/rviz] in namespace [/]
[roslaunch][INFO] 2020-10-29 23:23:05,035: Added node of type [amcl/amcl] in namespace [/]
[roslaunch][INFO] 2020-10-29 23:23:05,035: ... selected machine [] for node of type [rostful/server]
[roslaunch][INFO] 2020-10-29 23:23:05,035: ... selected machine [] for node of type [map_server/map_server]
[roslaunch][INFO] 2020-10-29 23:23:05,035: ... selected machine [] for node of type [rviz/rviz]
[roslaunch][INFO] 2020-10-29 23:23:05,035: ... selected machine [] for node of type [amcl/amcl]
[roslaunch.pmon][INFO] 2020-10-29 23:23:05,036: start_process_monitor: creating ProcessMonitor
[roslaunch.pmon][INFO] 2020-10-29 23:23:05,036: created process monitor <ProcessMonitor(ProcessMonitor-1, initial daemon)>
[roslaunch.pmon][INFO] 2020-10-29 23:23:05,036: start_process_monitor: ProcessMonitor started
[roslaunch.parent][INFO] 2020-10-29 23:23:05,036: starting parent XML-RPC server
[roslaunch.server][INFO] 2020-10-29 23:23:05,036: starting roslaunch XML-RPC server
[roslaunch.server][INFO] 2020-10-29 23:23:05,036: waiting for roslaunch XML-RPC server to initialize
[xmlrpc][INFO] 2020-10-29 23:23:05,036: XML-RPC server binding to 0.0.0.0:0
[xmlrpc][INFO] 2020-10-29 23:23:05,037: Started XML-RPC server [http://freight1207:33310/]
[xmlrpc][INFO] 2020-10-29 23:23:05,037: xml rpc node: starting XML-RPC server
[roslaunch][INFO] 2020-10-29 23:23:05,047: started roslaunch server http://freight1207:33310/
[roslaunch.parent][INFO] 2020-10-29 23:23:05,048: ... parent XML-RPC server started
[roslaunch][INFO] 2020-10-29 23:23:05,048: master.is_running[http://localhost:11311]
[roslaunch][INFO] 2020-10-29 23:23:05,049: master.is_running[http://localhost:11311]
[roslaunch][INFO] 2020-10-29 23:23:05,049: ROS_MASTER_URI=http://localhost:11311
[roslaunch][INFO] 2020-10-29 23:23:05,051: setting /roslaunch/uris/host_freight1207__33310' to http://freight1207:33310/
[roslaunch][INFO] 2020-10-29 23:23:05,052: load_parameters starting ...
[roslaunch][INFO] 2020-10-29 23:23:05,058: ... load_parameters complete
[roslaunch][INFO] 2020-10-29 23:23:05,058: launch_nodes: launching local nodes ...
[roslaunch][INFO] 2020-10-29 23:23:05,058: ... preparing to launch node of type [rostful/server]
[roslaunch][INFO] 2020-10-29 23:23:05,058: create_node_process: package[rostful] type[server] machine[Machine(name[] env_loader[None] address[localhost] ssh_port[22] user[None] assignable[True] timeout[10.0])] master_uri[http://localhost:11311]
[roslaunch][INFO] 2020-10-29 23:23:05,058: process[rostful_server-1]: env[{'ROS_DISTRO': 'indigo', 'LESSOPEN': '| /usr/bin/lesspipe %s', 'SSH_CLIENT': '172.22.77.105 65081 22', 'CPATH': '/home/fetch/catkin_ws/devel/include:/opt/ros/indigo/include', 'LOGNAME': 'fetch', 'USER': 'fetch', 'HOME': '/home/fetch', 'PATH': '/opt/ros/indigo/bin:/usr/local/sbin:/usr/local/bin:/usr/sbin:/usr/bin:/sbin:/bin:/usr/games:/usr/local/games', 'CMAKE_PREFIX_PATH': '/home/fetch/catkin_ws/devel:/opt/ros/indigo', 'ROS_LOG_FILENAME': '/home/fetch/.ros/log/e60040d2-1a72-11eb-921d-000babe55698/roslaunch-freight1207-11279.log', 'LANG': 'en_US.UTF-8', 'TERM': 'xterm-256color', 'SHELL': '/bin/bash', 'SHLVL': '1', 'QT_QPA_PLATFORMTHEME': 'appmenu-qt5', 'DISPLAY': 'localhost:10.0', '_VIRTUALENVWRAPPER_API': ' mkvirtualenv rmvirtualenv lsvirtualenv showvirtualenv workon add2virtualenv cdsitepackages cdvirtualenv lssitepackages toggleglobalsitepackages cpvirtualenv setvirtualenvproject mkproject cdproject mktmpenv mkvirtualenv rmvirtualenv lsvirtualenv showvirtualenv workon add2virtualenv cdsitepackages cdvirtualenv lssitepackages toggleglobalsitepackages cpvirtualenv setvirtualenvproject mkproject cdproject mktmpenv', 'XDG_RUNTIME_DIR': '/run/user/1000', 'PYTHONPATH': '/home/fetch/catkin_ws/devel/lib/python2.7/dist-packages:/opt/ros/indigo/lib/python2.7/dist-packages', 'ROS_ROOT': '/opt/ros/indigo/share/ros', 'PKG_CONFIG_PATH': '/home/fetch/catkin_ws/devel/lib/pkgconfig:/opt/ros/indigo/lib/pkgconfig', 'ROS_PACKAGE_PATH': '/home/fetch/catkin_ws/src:/opt/ros/indigo/share:/opt/ros/indigo/stacks', 'XDG_SESSION_ID': '1', '_': '/opt/ros/indigo/bin/roslaunch', 'LD_LIBRARY_PATH': '/home/fetch/catkin_ws/devel/lib:/opt/ros/indigo/lib', 'LS_COLORS': 'rs=0:di=01;34:ln=01;36:mh=00:pi=40;33:so=01;35:do=01;35:bd=40;33;01:cd=40;33;01:or=40;31;01:su=37;41:sg=30;43:ca=30;41:tw=30;42:ow=34;42:st=37;44:ex=01;32:*.tar=01;31:*.tgz=01;31:*.arj=01;31:*.taz=01;31:*.lzh=01;31:*.lzma=01;31:*.tlz=01;31:*.txz=01;31:*.zip=01;31:*.z=01;31:*.Z=01;31:*.dz=01;31:*.gz=01;31:*.lz=01;31:*.xz=01;31:*.bz2=01;31:*.bz=01;31:*.tbz=01;31:*.tbz2=01;31:*.tz=01;31:*.deb=01;31:*.rpm=01;31:*.jar=01;31:*.war=01;31:*.ear=01;31:*.sar=01;31:*.rar=01;31:*.ace=01;31:*.zoo=01;31:*.cpio=01;31:*.7z=01;31:*.rz=01;31:*.jpg=01;35:*.jpeg=01;35:*.gif=01;35:*.bmp=01;35:*.pbm=01;35:*.pgm=01;35:*.ppm=01;35:*.tga=01;35:*.xbm=01;35:*.xpm=01;35:*.tif=01;35:*.tiff=01;35:*.png=01;35:*.svg=01;35:*.svgz=01;35:*.mng=01;35:*.pcx=01;35:*.mov=01;35:*.mpg=01;35:*.mpeg=01;35:*.m2v=01;35:*.mkv=01;35:*.webm=01;35:*.ogm=01;35:*.mp4=01;35:*.m4v=01;35:*.mp4v=01;35:*.vob=01;35:*.qt=01;35:*.nuv=01;35:*.wmv=01;35:*.asf=01;35:*.rm=01;35:*.rmvb=01;35:*.flc=01;35:*.avi=01;35:*.fli=01;35:*.flv=01;35:*.gl=01;35:*.dl=01;35:*.xcf=01;35:*.xwd=01;35:*.yuv=01;35:*.cgm=01;35:*.emf=01;35:*.axv=01;35:*.anx=01;35:*.ogv=01;35:*.ogx=01;35:*.aac=00;36:*.au=00;36:*.flac=00;36:*.mid=00;36:*.midi=00;36:*.mka=00;36:*.mp3=00;36:*.mpc=00;36:*.ogg=00;36:*.ra=00;36:*.wav=00;36:*.axa=00;36:*.oga=00;36:*.spx=00;36:*.xspf=00;36:', 'LESSCLOSE': '/usr/bin/lesspipe %s %s', 'SSH_TTY': '/dev/pts/1', 'OLDPWD': '/home/fetch/catkin_ws/src/rostful/rostful', 'VIRTUALENVWRAPPER_SCRIPT': '/usr/share/virtualenvwrapper/virtualenvwrapper.sh', 'PWD': '/home/fetch/catkin_ws/src/rostful/rostful/launch', 'ROS_ETC_DIR': '/opt/ros/indigo/etc/ros', 'ROS_MASTER_URI': 'http://localhost:11311', 'MAIL': '/var/mail/fetch', 'SSH_CONNECTION': '172.22.77.105 65081 172.22.77.172 22'}]
[roslaunch][INFO] 2020-10-29 23:23:05,089: process[rostful_server-1]: args[[u'/home/fetch/catkin_ws/src/rostful/rostful/scripts/server', '--host', '172.22.77.172', '-p', '8080', '--topics', '/local_control/goto', '/local_control/initialpose', '/local_control/cancel', '/local_control/initialpose', '/enable_software_runstop', '/remote_control', '/cmd_dock', '/cmd_undock', '/current/pose', u'__name:=rostful_server']]
[roslaunch][INFO] 2020-10-29 23:23:05,089: ... created process [rostful_server-1]
[roslaunch.pmon][INFO] 2020-10-29 23:23:05,089: ProcessMonitor.register[rostful_server-1]
[roslaunch.pmon][INFO] 2020-10-29 23:23:05,089: ProcessMonitor.register[rostful_server-1] complete
[roslaunch][INFO] 2020-10-29 23:23:05,089: ... registered process [rostful_server-1]
[roslaunch][INFO] 2020-10-29 23:23:05,089: process[rostful_server-1]: starting os process
[roslaunch][INFO] 2020-10-29 23:23:05,089: process[rostful_server-1]: start w/ args [[u'/home/fetch/catkin_ws/src/rostful/rostful/scripts/server', '--host', '172.22.77.172', '-p', '8080', '--topics', '/local_control/goto', '/local_control/initialpose', '/local_control/cancel', '/local_control/initialpose', '/enable_software_runstop', '/remote_control', '/cmd_dock', '/cmd_undock', '/current/pose', u'__name:=rostful_server', u'__log:=/home/fetch/.ros/log/e60040d2-1a72-11eb-921d-000babe55698/rostful_server-1.log']]
[roslaunch][INFO] 2020-10-29 23:23:05,089: process[rostful_server-1]: cwd will be [/home/fetch/.ros]
[roslaunch][INFO] 2020-10-29 23:23:05,091: process[rostful_server-1]: started with pid [11297]
[roslaunch][INFO] 2020-10-29 23:23:05,091: ... successfully launched [rostful_server-1]
[roslaunch][INFO] 2020-10-29 23:23:05,091: ... preparing to launch node of type [map_server/map_server]
[roslaunch][INFO] 2020-10-29 23:23:05,091: create_node_process: package[map_server] type[map_server] machine[Machine(name[] env_loader[None] address[localhost] ssh_port[22] user[None] assignable[True] timeout[10.0])] master_uri[http://localhost:11311]
[roslaunch][INFO] 2020-10-29 23:23:05,091: process[map_server-2]: env[{'ROS_DISTRO': 'indigo', 'LESSOPEN': '| /usr/bin/lesspipe %s', 'SSH_CLIENT': '172.22.77.105 65081 22', 'CPATH': '/home/fetch/catkin_ws/devel/include:/opt/ros/indigo/include', 'LOGNAME': 'fetch', 'USER': 'fetch', 'HOME': '/home/fetch', 'PATH': '/opt/ros/indigo/bin:/usr/local/sbin:/usr/local/bin:/usr/sbin:/usr/bin:/sbin:/bin:/usr/games:/usr/local/games', 'CMAKE_PREFIX_PATH': '/home/fetch/catkin_ws/devel:/opt/ros/indigo', 'ROS_LOG_FILENAME': '/home/fetch/.ros/log/e60040d2-1a72-11eb-921d-000babe55698/roslaunch-freight1207-11279.log', 'LANG': 'en_US.UTF-8', 'TERM': 'xterm-256color', 'SHELL': '/bin/bash', 'SHLVL': '1', 'QT_QPA_PLATFORMTHEME': 'appmenu-qt5', 'DISPLAY': 'localhost:10.0', '_VIRTUALENVWRAPPER_API': ' mkvirtualenv rmvirtualenv lsvirtualenv showvirtualenv workon add2virtualenv cdsitepackages cdvirtualenv lssitepackages toggleglobalsitepackages cpvirtualenv setvirtualenvproject mkproject cdproject mktmpenv mkvirtualenv rmvirtualenv lsvirtualenv showvirtualenv workon add2virtualenv cdsitepackages cdvirtualenv lssitepackages toggleglobalsitepackages cpvirtualenv setvirtualenvproject mkproject cdproject mktmpenv', 'XDG_RUNTIME_DIR': '/run/user/1000', 'PYTHONPATH': '/home/fetch/catkin_ws/devel/lib/python2.7/dist-packages:/opt/ros/indigo/lib/python2.7/dist-packages', 'ROS_ROOT': '/opt/ros/indigo/share/ros', 'PKG_CONFIG_PATH': '/home/fetch/catkin_ws/devel/lib/pkgconfig:/opt/ros/indigo/lib/pkgconfig', 'ROS_PACKAGE_PATH': '/home/fetch/catkin_ws/src:/opt/ros/indigo/share:/opt/ros/indigo/stacks', 'XDG_SESSION_ID': '1', '_': '/opt/ros/indigo/bin/roslaunch', 'LD_LIBRARY_PATH': '/home/fetch/catkin_ws/devel/lib:/opt/ros/indigo/lib', 'LS_COLORS': 'rs=0:di=01;34:ln=01;36:mh=00:pi=40;33:so=01;35:do=01;35:bd=40;33;01:cd=40;33;01:or=40;31;01:su=37;41:sg=30;43:ca=30;41:tw=30;42:ow=34;42:st=37;44:ex=01;32:*.tar=01;31:*.tgz=01;31:*.arj=01;31:*.taz=01;31:*.lzh=01;31:*.lzma=01;31:*.tlz=01;31:*.txz=01;31:*.zip=01;31:*.z=01;31:*.Z=01;31:*.dz=01;31:*.gz=01;31:*.lz=01;31:*.xz=01;31:*.bz2=01;31:*.bz=01;31:*.tbz=01;31:*.tbz2=01;31:*.tz=01;31:*.deb=01;31:*.rpm=01;31:*.jar=01;31:*.war=01;31:*.ear=01;31:*.sar=01;31:*.rar=01;31:*.ace=01;31:*.zoo=01;31:*.cpio=01;31:*.7z=01;31:*.rz=01;31:*.jpg=01;35:*.jpeg=01;35:*.gif=01;35:*.bmp=01;35:*.pbm=01;35:*.pgm=01;35:*.ppm=01;35:*.tga=01;35:*.xbm=01;35:*.xpm=01;35:*.tif=01;35:*.tiff=01;35:*.png=01;35:*.svg=01;35:*.svgz=01;35:*.mng=01;35:*.pcx=01;35:*.mov=01;35:*.mpg=01;35:*.mpeg=01;35:*.m2v=01;35:*.mkv=01;35:*.webm=01;35:*.ogm=01;35:*.mp4=01;35:*.m4v=01;35:*.mp4v=01;35:*.vob=01;35:*.qt=01;35:*.nuv=01;35:*.wmv=01;35:*.asf=01;35:*.rm=01;35:*.rmvb=01;35:*.flc=01;35:*.avi=01;35:*.fli=01;35:*.flv=01;35:*.gl=01;35:*.dl=01;35:*.xcf=01;35:*.xwd=01;35:*.yuv=01;35:*.cgm=01;35:*.emf=01;35:*.axv=01;35:*.anx=01;35:*.ogv=01;35:*.ogx=01;35:*.aac=00;36:*.au=00;36:*.flac=00;36:*.mid=00;36:*.midi=00;36:*.mka=00;36:*.mp3=00;36:*.mpc=00;36:*.ogg=00;36:*.ra=00;36:*.wav=00;36:*.axa=00;36:*.oga=00;36:*.spx=00;36:*.xspf=00;36:', 'LESSCLOSE': '/usr/bin/lesspipe %s %s', 'SSH_TTY': '/dev/pts/1', 'OLDPWD': '/home/fetch/catkin_ws/src/rostful/rostful', 'VIRTUALENVWRAPPER_SCRIPT': '/usr/share/virtualenvwrapper/virtualenvwrapper.sh', 'PWD': '/home/fetch/catkin_ws/src/rostful/rostful/launch', 'ROS_ETC_DIR': '/opt/ros/indigo/etc/ros', 'ROS_MASTER_URI': 'http://localhost:11311', 'MAIL': '/var/mail/fetch', 'SSH_CONNECTION': '172.22.77.105 65081 172.22.77.172 22'}]
[roslaunch][INFO] 2020-10-29 23:23:05,092: process[map_server-2]: args[[u'/opt/ros/indigo/lib/map_server/map_server', '/home/fetch/2nd.yaml', u'__name:=map_server']]
[roslaunch][INFO] 2020-10-29 23:23:05,092: ... created process [map_server-2]
[roslaunch.pmon][INFO] 2020-10-29 23:23:05,092: ProcessMonitor.register[map_server-2]
[roslaunch.pmon][INFO] 2020-10-29 23:23:05,092: ProcessMonitor.register[map_server-2] complete
[roslaunch][INFO] 2020-10-29 23:23:05,092: ... registered process [map_server-2]
[roslaunch][INFO] 2020-10-29 23:23:05,092: process[map_server-2]: starting os process
[roslaunch][INFO] 2020-10-29 23:23:05,092: process[map_server-2]: start w/ args [[u'/opt/ros/indigo/lib/map_server/map_server', '/home/fetch/2nd.yaml', u'__name:=map_server', u'__log:=/home/fetch/.ros/log/e60040d2-1a72-11eb-921d-000babe55698/map_server-2.log']]
[roslaunch][INFO] 2020-10-29 23:23:05,092: process[map_server-2]: cwd will be [/home/fetch/.ros]
[roslaunch][INFO] 2020-10-29 23:23:05,094: process[map_server-2]: started with pid [11298]
[roslaunch][INFO] 2020-10-29 23:23:05,094: ... successfully launched [map_server-2]
[roslaunch][INFO] 2020-10-29 23:23:05,094: ... preparing to launch node of type [rviz/rviz]
[roslaunch][INFO] 2020-10-29 23:23:05,094: create_node_process: package[rviz] type[rviz] machine[Machine(name[] env_loader[None] address[localhost] ssh_port[22] user[None] assignable[True] timeout[10.0])] master_uri[http://localhost:11311]
[roslaunch][INFO] 2020-10-29 23:23:05,094: process[rviz-3]: env[{'ROS_DISTRO': 'indigo', 'LESSOPEN': '| /usr/bin/lesspipe %s', 'SSH_CLIENT': '172.22.77.105 65081 22', 'CPATH': '/home/fetch/catkin_ws/devel/include:/opt/ros/indigo/include', 'LOGNAME': 'fetch', 'USER': 'fetch', 'HOME': '/home/fetch', 'PATH': '/opt/ros/indigo/bin:/usr/local/sbin:/usr/local/bin:/usr/sbin:/usr/bin:/sbin:/bin:/usr/games:/usr/local/games', 'CMAKE_PREFIX_PATH': '/home/fetch/catkin_ws/devel:/opt/ros/indigo', 'ROS_LOG_FILENAME': '/home/fetch/.ros/log/e60040d2-1a72-11eb-921d-000babe55698/roslaunch-freight1207-11279.log', 'LANG': 'en_US.UTF-8', 'TERM': 'xterm-256color', 'SHELL': '/bin/bash', 'SHLVL': '1', 'QT_QPA_PLATFORMTHEME': 'appmenu-qt5', 'DISPLAY': 'localhost:10.0', '_VIRTUALENVWRAPPER_API': ' mkvirtualenv rmvirtualenv lsvirtualenv showvirtualenv workon add2virtualenv cdsitepackages cdvirtualenv lssitepackages toggleglobalsitepackages cpvirtualenv setvirtualenvproject mkproject cdproject mktmpenv mkvirtualenv rmvirtualenv lsvirtualenv showvirtualenv workon add2virtualenv cdsitepackages cdvirtualenv lssitepackages toggleglobalsitepackages cpvirtualenv setvirtualenvproject mkproject cdproject mktmpenv', 'XDG_RUNTIME_DIR': '/run/user/1000', 'PYTHONPATH': '/home/fetch/catkin_ws/devel/lib/python2.7/dist-packages:/opt/ros/indigo/lib/python2.7/dist-packages', 'ROS_ROOT': '/opt/ros/indigo/share/ros', 'PKG_CONFIG_PATH': '/home/fetch/catkin_ws/devel/lib/pkgconfig:/opt/ros/indigo/lib/pkgconfig', 'ROS_PACKAGE_PATH': '/home/fetch/catkin_ws/src:/opt/ros/indigo/share:/opt/ros/indigo/stacks', 'XDG_SESSION_ID': '1', '_': '/opt/ros/indigo/bin/roslaunch', 'LD_LIBRARY_PATH': '/home/fetch/catkin_ws/devel/lib:/opt/ros/indigo/lib', 'LS_COLORS': 'rs=0:di=01;34:ln=01;36:mh=00:pi=40;33:so=01;35:do=01;35:bd=40;33;01:cd=40;33;01:or=40;31;01:su=37;41:sg=30;43:ca=30;41:tw=30;42:ow=34;42:st=37;44:ex=01;32:*.tar=01;31:*.tgz=01;31:*.arj=01;31:*.taz=01;31:*.lzh=01;31:*.lzma=01;31:*.tlz=01;31:*.txz=01;31:*.zip=01;31:*.z=01;31:*.Z=01;31:*.dz=01;31:*.gz=01;31:*.lz=01;31:*.xz=01;31:*.bz2=01;31:*.bz=01;31:*.tbz=01;31:*.tbz2=01;31:*.tz=01;31:*.deb=01;31:*.rpm=01;31:*.jar=01;31:*.war=01;31:*.ear=01;31:*.sar=01;31:*.rar=01;31:*.ace=01;31:*.zoo=01;31:*.cpio=01;31:*.7z=01;31:*.rz=01;31:*.jpg=01;35:*.jpeg=01;35:*.gif=01;35:*.bmp=01;35:*.pbm=01;35:*.pgm=01;35:*.ppm=01;35:*.tga=01;35:*.xbm=01;35:*.xpm=01;35:*.tif=01;35:*.tiff=01;35:*.png=01;35:*.svg=01;35:*.svgz=01;35:*.mng=01;35:*.pcx=01;35:*.mov=01;35:*.mpg=01;35:*.mpeg=01;35:*.m2v=01;35:*.mkv=01;35:*.webm=01;35:*.ogm=01;35:*.mp4=01;35:*.m4v=01;35:*.mp4v=01;35:*.vob=01;35:*.qt=01;35:*.nuv=01;35:*.wmv=01;35:*.asf=01;35:*.rm=01;35:*.rmvb=01;35:*.flc=01;35:*.avi=01;35:*.fli=01;35:*.flv=01;35:*.gl=01;35:*.dl=01;35:*.xcf=01;35:*.xwd=01;35:*.yuv=01;35:*.cgm=01;35:*.emf=01;35:*.axv=01;35:*.anx=01;35:*.ogv=01;35:*.ogx=01;35:*.aac=00;36:*.au=00;36:*.flac=00;36:*.mid=00;36:*.midi=00;36:*.mka=00;36:*.mp3=00;36:*.mpc=00;36:*.ogg=00;36:*.ra=00;36:*.wav=00;36:*.axa=00;36:*.oga=00;36:*.spx=00;36:*.xspf=00;36:', 'LESSCLOSE': '/usr/bin/lesspipe %s %s', 'SSH_TTY': '/dev/pts/1', 'OLDPWD': '/home/fetch/catkin_ws/src/rostful/rostful', 'VIRTUALENVWRAPPER_SCRIPT': '/usr/share/virtualenvwrapper/virtualenvwrapper.sh', 'PWD': '/home/fetch/catkin_ws/src/rostful/rostful/launch', 'ROS_ETC_DIR': '/opt/ros/indigo/etc/ros', 'ROS_MASTER_URI': 'http://localhost:11311', 'MAIL': '/var/mail/fetch', 'SSH_CONNECTION': '172.22.77.105 65081 172.22.77.172 22'}]
[roslaunch][INFO] 2020-10-29 23:23:05,096: process[rviz-3]: args[[u'/opt/ros/indigo/lib/rviz/rviz', '/opt/ros/indigo/share/fetch_navigation/config/navigation.rviz', u'__name:=rviz']]
[roslaunch][INFO] 2020-10-29 23:23:05,096: ... created process [rviz-3]
[roslaunch.pmon][INFO] 2020-10-29 23:23:05,096: ProcessMonitor.register[rviz-3]
[roslaunch.pmon][INFO] 2020-10-29 23:23:05,096: ProcessMonitor.register[rviz-3] complete
[roslaunch][INFO] 2020-10-29 23:23:05,096: ... registered process [rviz-3]
[roslaunch][INFO] 2020-10-29 23:23:05,096: process[rviz-3]: starting os process
[roslaunch][INFO] 2020-10-29 23:23:05,097: process[rviz-3]: start w/ args [[u'/opt/ros/indigo/lib/rviz/rviz', '/opt/ros/indigo/share/fetch_navigation/config/navigation.rviz', u'__name:=rviz', u'__log:=/home/fetch/.ros/log/e60040d2-1a72-11eb-921d-000babe55698/rviz-3.log']]
[roslaunch][INFO] 2020-10-29 23:23:05,097: process[rviz-3]: cwd will be [/home/fetch/.ros]
[roslaunch][INFO] 2020-10-29 23:23:05,098: process[rviz-3]: started with pid [11299]
[roslaunch][INFO] 2020-10-29 23:23:05,098: ... successfully launched [rviz-3]
[roslaunch][INFO] 2020-10-29 23:23:05,098: ... preparing to launch node of type [amcl/amcl]
[roslaunch][INFO] 2020-10-29 23:23:05,098: create_node_process: package[amcl] type[amcl] machine[Machine(name[] env_loader[None] address[localhost] ssh_port[22] user[None] assignable[True] timeout[10.0])] master_uri[http://localhost:11311]
[roslaunch][INFO] 2020-10-29 23:23:05,099: process[amcl-4]: env[{'ROS_DISTRO': 'indigo', 'LESSOPEN': '| /usr/bin/lesspipe %s', 'SSH_CLIENT': '172.22.77.105 65081 22', 'CPATH': '/home/fetch/catkin_ws/devel/include:/opt/ros/indigo/include', 'LOGNAME': 'fetch', 'USER': 'fetch', 'HOME': '/home/fetch', 'PATH': '/opt/ros/indigo/bin:/usr/local/sbin:/usr/local/bin:/usr/sbin:/usr/bin:/sbin:/bin:/usr/games:/usr/local/games', 'CMAKE_PREFIX_PATH': '/home/fetch/catkin_ws/devel:/opt/ros/indigo', 'ROS_LOG_FILENAME': '/home/fetch/.ros/log/e60040d2-1a72-11eb-921d-000babe55698/roslaunch-freight1207-11279.log', 'LANG': 'en_US.UTF-8', 'TERM': 'xterm-256color', 'SHELL': '/bin/bash', 'SHLVL': '1', 'QT_QPA_PLATFORMTHEME': 'appmenu-qt5', 'DISPLAY': 'localhost:10.0', '_VIRTUALENVWRAPPER_API': ' mkvirtualenv rmvirtualenv lsvirtualenv showvirtualenv workon add2virtualenv cdsitepackages cdvirtualenv lssitepackages toggleglobalsitepackages cpvirtualenv setvirtualenvproject mkproject cdproject mktmpenv mkvirtualenv rmvirtualenv lsvirtualenv showvirtualenv workon add2virtualenv cdsitepackages cdvirtualenv lssitepackages toggleglobalsitepackages cpvirtualenv setvirtualenvproject mkproject cdproject mktmpenv', 'XDG_RUNTIME_DIR': '/run/user/1000', 'PYTHONPATH': '/home/fetch/catkin_ws/devel/lib/python2.7/dist-packages:/opt/ros/indigo/lib/python2.7/dist-packages', 'ROS_ROOT': '/opt/ros/indigo/share/ros', 'PKG_CONFIG_PATH': '/home/fetch/catkin_ws/devel/lib/pkgconfig:/opt/ros/indigo/lib/pkgconfig', 'ROS_PACKAGE_PATH': '/home/fetch/catkin_ws/src:/opt/ros/indigo/share:/opt/ros/indigo/stacks', 'XDG_SESSION_ID': '1', '_': '/opt/ros/indigo/bin/roslaunch', 'LD_LIBRARY_PATH': '/home/fetch/catkin_ws/devel/lib:/opt/ros/indigo/lib', 'LS_COLORS': 'rs=0:di=01;34:ln=01;36:mh=00:pi=40;33:so=01;35:do=01;35:bd=40;33;01:cd=40;33;01:or=40;31;01:su=37;41:sg=30;43:ca=30;41:tw=30;42:ow=34;42:st=37;44:ex=01;32:*.tar=01;31:*.tgz=01;31:*.arj=01;31:*.taz=01;31:*.lzh=01;31:*.lzma=01;31:*.tlz=01;31:*.txz=01;31:*.zip=01;31:*.z=01;31:*.Z=01;31:*.dz=01;31:*.gz=01;31:*.lz=01;31:*.xz=01;31:*.bz2=01;31:*.bz=01;31:*.tbz=01;31:*.tbz2=01;31:*.tz=01;31:*.deb=01;31:*.rpm=01;31:*.jar=01;31:*.war=01;31:*.ear=01;31:*.sar=01;31:*.rar=01;31:*.ace=01;31:*.zoo=01;31:*.cpio=01;31:*.7z=01;31:*.rz=01;31:*.jpg=01;35:*.jpeg=01;35:*.gif=01;35:*.bmp=01;35:*.pbm=01;35:*.pgm=01;35:*.ppm=01;35:*.tga=01;35:*.xbm=01;35:*.xpm=01;35:*.tif=01;35:*.tiff=01;35:*.png=01;35:*.svg=01;35:*.svgz=01;35:*.mng=01;35:*.pcx=01;35:*.mov=01;35:*.mpg=01;35:*.mpeg=01;35:*.m2v=01;35:*.mkv=01;35:*.webm=01;35:*.ogm=01;35:*.mp4=01;35:*.m4v=01;35:*.mp4v=01;35:*.vob=01;35:*.qt=01;35:*.nuv=01;35:*.wmv=01;35:*.asf=01;35:*.rm=01;35:*.rmvb=01;35:*.flc=01;35:*.avi=01;35:*.fli=01;35:*.flv=01;35:*.gl=01;35:*.dl=01;35:*.xcf=01;35:*.xwd=01;35:*.yuv=01;35:*.cgm=01;35:*.emf=01;35:*.axv=01;35:*.anx=01;35:*.ogv=01;35:*.ogx=01;35:*.aac=00;36:*.au=00;36:*.flac=00;36:*.mid=00;36:*.midi=00;36:*.mka=00;36:*.mp3=00;36:*.mpc=00;36:*.ogg=00;36:*.ra=00;36:*.wav=00;36:*.axa=00;36:*.oga=00;36:*.spx=00;36:*.xspf=00;36:', 'LESSCLOSE': '/usr/bin/lesspipe %s %s', 'SSH_TTY': '/dev/pts/1', 'OLDPWD': '/home/fetch/catkin_ws/src/rostful/rostful', 'VIRTUALENVWRAPPER_SCRIPT': '/usr/share/virtualenvwrapper/virtualenvwrapper.sh', 'PWD': '/home/fetch/catkin_ws/src/rostful/rostful/launch', 'ROS_ETC_DIR': '/opt/ros/indigo/etc/ros', 'ROS_MASTER_URI': 'http://localhost:11311', 'MAIL': '/var/mail/fetch', 'SSH_CONNECTION': '172.22.77.105 65081 172.22.77.172 22'}]
[roslaunch][INFO] 2020-10-29 23:23:05,099: process[amcl-4]: args[[u'/opt/ros/indigo/lib/amcl/amcl', u'scan:=base_scan', u'map:=map', u'__name:=amcl']]
[roslaunch][INFO] 2020-10-29 23:23:05,100: ... created process [amcl-4]
[roslaunch.pmon][INFO] 2020-10-29 23:23:05,100: ProcessMonitor.register[amcl-4]
[roslaunch.pmon][INFO] 2020-10-29 23:23:05,100: ProcessMonitor.register[amcl-4] complete
[roslaunch][INFO] 2020-10-29 23:23:05,100: ... registered process [amcl-4]
[roslaunch][INFO] 2020-10-29 23:23:05,100: process[amcl-4]: starting os process
[roslaunch][INFO] 2020-10-29 23:23:05,100: process[amcl-4]: start w/ args [[u'/opt/ros/indigo/lib/amcl/amcl', u'scan:=base_scan', u'map:=map', u'__name:=amcl', u'__log:=/home/fetch/.ros/log/e60040d2-1a72-11eb-921d-000babe55698/amcl-4.log']]
[roslaunch][INFO] 2020-10-29 23:23:05,100: process[amcl-4]: cwd will be [/home/fetch/.ros]
[roslaunch][INFO] 2020-10-29 23:23:05,110: process[amcl-4]: started with pid [11300]
[roslaunch][INFO] 2020-10-29 23:23:05,110: ... successfully launched [amcl-4]
[roslaunch][INFO] 2020-10-29 23:23:05,110: ... launch_nodes complete
[roslaunch.pmon][INFO] 2020-10-29 23:23:05,110: registrations completed <ProcessMonitor(ProcessMonitor-1, started daemon 140005918127872)>
[roslaunch.parent][INFO] 2020-10-29 23:23:05,110: ... roslaunch parent running, waiting for process exit
[roslaunch][INFO] 2020-10-29 23:23:05,110: spin
[roslaunch][ERROR] 2020-10-29 23:23:07,039: [rostful_server-1] process has died [pid 11297, exit code 1, cmd /home/fetch/catkin_ws/src/rostful/rostful/scripts/server --host 172.22.77.172 -p 8080 --topics /local_control/goto /local_control/initialpose /local_control/cancel /local_control/initialpose /enable_software_runstop /remote_control /cmd_dock /cmd_undock /current/pose __name:=rostful_server __log:=/home/fetch/.ros/log/e60040d2-1a72-11eb-921d-000babe55698/rostful_server-1.log].
log file: /home/fetch/.ros/log/e60040d2-1a72-11eb-921d-000babe55698/rostful_server-1*.log
[roslaunch.pmon][INFO] 2020-10-29 23:23:07,039: ProcessMonitor.unregister[rostful_server-1] starting
[roslaunch.pmon][INFO] 2020-10-29 23:23:07,039: ProcessMonitor.unregister[rostful_server-1] complete
[roslaunch.pmon][INFO] 2020-10-29 23:23:26,261: ProcessMonitor.shutdown <ProcessMonitor(ProcessMonitor-1, started daemon 140005918127872)>
[roslaunch.pmon][INFO] 2020-10-29 23:23:26,268: ProcessMonitor._post_run <ProcessMonitor(ProcessMonitor-1, started daemon 140005918127872)>
[roslaunch.pmon][INFO] 2020-10-29 23:23:26,269: ProcessMonitor._post_run <ProcessMonitor(ProcessMonitor-1, started daemon 140005918127872)>: remaining procs are [<roslaunch.nodeprocess.LocalProcess object at 0x7f55ab284110>, <roslaunch.nodeprocess.LocalProcess object at 0x7f55a9823990>, <roslaunch.nodeprocess.LocalProcess object at 0x7f55a9823bd0>]
[roslaunch.pmon][INFO] 2020-10-29 23:23:26,269: ProcessMonitor exit: killing amcl-4
[roslaunch][INFO] 2020-10-29 23:23:26,269: [amcl-4] killing on exit
[roslaunch.pmon][INFO] 2020-10-29 23:23:26,269: ProcessMonitor exit: killing rviz-3
[roslaunch][INFO] 2020-10-29 23:23:26,269: process[amcl-4]: killing os process with pid[11300] pgid[11300]
[roslaunch.pmon][INFO] 2020-10-29 23:23:26,270: ProcessMonitor exit: killing map_server-2
[roslaunch][INFO] 2020-10-29 23:23:26,270: [rviz-3] killing on exit
[roslaunch][INFO] 2020-10-29 23:23:26,270: [amcl-4] sending SIGINT to pgid [11300]
[roslaunch][INFO] 2020-10-29 23:23:26,270: [map_server-2] killing on exit
[roslaunch][INFO] 2020-10-29 23:23:26,270: process[rviz-3]: killing os process with pid[11299] pgid[11299]
[roslaunch][INFO] 2020-10-29 23:23:26,270: [amcl-4] sent SIGINT to pgid [11300]
[roslaunch][INFO] 2020-10-29 23:23:26,271: process[map_server-2]: killing os process with pid[11298] pgid[11298]
[roslaunch][INFO] 2020-10-29 23:23:26,271: [rviz-3] sending SIGINT to pgid [11299]
[roslaunch][INFO] 2020-10-29 23:23:26,271: [map_server-2] sending SIGINT to pgid [11298]
[roslaunch][INFO] 2020-10-29 23:23:26,271: [rviz-3] sent SIGINT to pgid [11299]
[roslaunch][INFO] 2020-10-29 23:23:26,271: [map_server-2] sent SIGINT to pgid [11298]
[roslaunch][INFO] 2020-10-29 23:23:26,472: process[map_server-2]: SIGINT killed with return value 0
[roslaunch][INFO] 2020-10-29 23:23:26,671: process[amcl-4]: SIGINT killed with return value 0
[roslaunch][INFO] 2020-10-29 23:23:26,972: process[rviz-3]: SIGINT killed with return value 0
[roslaunch.pmon][INFO] 2020-10-29 23:23:26,973: ProcessMonitor exit: cleaning up data structures and signals
[roslaunch.pmon][INFO] 2020-10-29 23:23:26,973: ProcessMonitor exit: pmon has shutdown
[roslaunch][INFO] 2020-10-29 23:23:26,976: process monitor is done spinning, initiating full shutdown
[roslaunch][INFO] 2020-10-29 23:23:26,976: runner.stop()
[roslaunch][INFO] 2020-10-29 23:23:26,976: shutting down processing monitor...
[roslaunch][INFO] 2020-10-29 23:23:26,976: shutting down processing monitor <ProcessMonitor(ProcessMonitor-1, stopped daemon 140005918127872)>
[roslaunch.pmon][INFO] 2020-10-29 23:23:26,976: ProcessMonitor.shutdown <ProcessMonitor(ProcessMonitor-1, stopped daemon 140005918127872)>
[roslaunch][INFO] 2020-10-29 23:23:26,976: ... shutting down processing monitor complete
[roslaunch][INFO] 2020-10-29 23:23:26,976: done
[roslaunch.pmon][INFO] 2020-10-29 23:23:26,976: ProcessMonitor.shutdown <ProcessMonitor(ProcessMonitor-1, stopped daemon 140005918127872)>
[rospy.core][INFO] 2020-10-29 23:23:26,976: signal_shutdown [atexit]
