[rosmaster.main][INFO] 2020-10-19 21:58:19,070: initialization complete, waiting for shutdown
[rosmaster.main][INFO] 2020-10-19 21:58:19,070: Starting ROS Master Node
[xmlrpc][INFO] 2020-10-19 21:58:19,070: XML-RPC server binding to 0.0.0.0:11311
[xmlrpc][INFO] 2020-10-19 21:58:19,071: Started XML-RPC server [http://freight1207:11311/]
[xmlrpc][INFO] 2020-10-19 21:58:19,071: xml rpc node: starting XML-RPC server
[rosmaster.master][INFO] 2020-10-19 21:58:19,071: Master initialized: port[11311], uri[http://freight1207:11311/]
[rosmaster.master][INFO] 2020-10-19 21:58:19,095: +PARAM [/run_id] by /roslaunch
[rosmaster.master][INFO] 2020-10-19 21:58:19,095: +PARAM [/roslaunch/uris/host_freight1207__46233] by /roslaunch
[rosmaster.master][INFO] 2020-10-19 21:58:19,124: +SERVICE [/rosout/get_loggers] /rosout http://freight1207:35424/
[rosmaster.master][INFO] 2020-10-19 21:58:19,125: +SERVICE [/rosout/set_logger_level] /rosout http://freight1207:35424/
[rosmaster.master][INFO] 2020-10-19 21:58:19,131: +PARAM [/move_base/global_costmap/obstacles/base_scan/raytrace_range] by /roslaunch
[rosmaster.master][INFO] 2020-10-19 21:58:19,131: +PARAM [/amcl/gui_publish_rate] by /roslaunch
[rosmaster.master][INFO] 2020-10-19 21:58:19,131: +PARAM [/move_base/TrajectoryPlannerROS/vx_samples] by /roslaunch
[rosmaster.master][INFO] 2020-10-19 21:58:19,131: +PARAM [/amcl/save_pose_rate] by /roslaunch
[rosmaster.master][INFO] 2020-10-19 21:58:19,131: +PARAM [/amcl/recovery_alpha_slow] by /roslaunch
[rosmaster.master][INFO] 2020-10-19 21:58:19,131: +PARAM [/move_base/TrajectoryPlannerROS/heading_scoring_timestep] by /roslaunch
[rosmaster.master][INFO] 2020-10-19 21:58:19,131: +PARAM [/move_base/TrajectoryPlannerROS/sim_time] by /roslaunch
[rosmaster.master][INFO] 2020-10-19 21:58:19,132: +PARAM [/move_base/local_costmap/transform_tolerance] by /roslaunch
[rosmaster.master][INFO] 2020-10-19 21:58:19,132: +PARAM [/move_base/TrajectoryPlannerROS/min_vel_y] by /roslaunch
[rosmaster.master][INFO] 2020-10-19 21:58:19,132: +PUB [/rosout_agg] /rosout http://freight1207:35424/
[rosmaster.master][INFO] 2020-10-19 21:58:19,132: +PARAM [/move_base/global_costmap/obstacles/base_scan/min_obstacle_height] by /roslaunch
[rosmaster.master][INFO] 2020-10-19 21:58:19,132: +PARAM [/move_base/local_costmap/height] by /roslaunch
[rosmaster.master][INFO] 2020-10-19 21:58:19,133: +PARAM [/amcl/laser_max_range] by /roslaunch
[rosmaster.master][INFO] 2020-10-19 21:58:19,133: +PARAM [/amcl/laser_z_rand] by /roslaunch
[rosmaster.master][INFO] 2020-10-19 21:58:19,133: +PARAM [/move_base/planner_frequency] by /roslaunch
[rosmaster.master][INFO] 2020-10-19 21:58:19,133: +PARAM [/move_base/TrajectoryPlannerROS/gdist_scale] by /roslaunch
[rosmaster.master][INFO] 2020-10-19 21:58:19,133: +PARAM [/move_base/controller_patience] by /roslaunch
[rosmaster.master][INFO] 2020-10-19 21:58:19,134: +PARAM [/move_base/local_costmap/robot_radius] by /roslaunch
[rosmaster.master][INFO] 2020-10-19 21:58:19,134: +PARAM [/move_base/local_costmap/inflater/inflation_radius] by /roslaunch
[rosmaster.master][INFO] 2020-10-19 21:58:19,134: +PARAM [/move_base/local_costmap/obstacles/base_scan/clearing] by /roslaunch
[rosmaster.master][INFO] 2020-10-19 21:58:19,134: +PARAM [/move_base/local_costmap/resolution] by /roslaunch
[rosmaster.master][INFO] 2020-10-19 21:58:19,135: +PARAM [/move_base/TrajectoryPlannerROS/holonomic_robot] by /roslaunch
[rosmaster.master][INFO] 2020-10-19 21:58:19,135: +PARAM [/move_base/global_costmap/plugins] by /roslaunch
[rosmaster.master][INFO] 2020-10-19 21:58:19,135: +PARAM [/move_base/local_costmap/obstacles/base_scan/min_obstacle_height] by /roslaunch
[rosmaster.master][INFO] 2020-10-19 21:58:19,135: +PARAM [/move_base/global_costmap/obstacles/observation_sources] by /roslaunch
[rosmaster.master][INFO] 2020-10-19 21:58:19,135: +PARAM [/move_base/global_costmap/publish_frequency] by /roslaunch
[rosmaster.master][INFO] 2020-10-19 21:58:19,136: +SUB [/rosout] /rosout http://freight1207:35424/
[rosmaster.master][INFO] 2020-10-19 21:58:19,136: +PARAM [/move_base/conservative_reset/reset_distance] by /roslaunch
[rosmaster.master][INFO] 2020-10-19 21:58:19,136: +PARAM [/move_base/global_costmap/inflater/inflation_radius] by /roslaunch
[rosmaster.master][INFO] 2020-10-19 21:58:19,136: +PARAM [/move_base/local_costmap/width] by /roslaunch
[rosmaster.master][INFO] 2020-10-19 21:58:19,136: +PARAM [/move_base/TrajectoryPlannerROS/max_vel_y] by /roslaunch
[rosmaster.master][INFO] 2020-10-19 21:58:19,136: +PARAM [/move_base/TrajectoryPlannerROS/max_vel_x] by /roslaunch
[rosmaster.master][INFO] 2020-10-19 21:58:19,136: +PARAM [/move_base/local_costmap/rolling_window] by /roslaunch
[rosmaster.master][INFO] 2020-10-19 21:58:19,136: +PARAM [/move_base/NavfnROS/allow_unknown] by /roslaunch
[rosmaster.master][INFO] 2020-10-19 21:58:19,136: +PARAM [/move_base/controller_frequency] by /roslaunch
[rosmaster.master][INFO] 2020-10-19 21:58:19,136: +PARAM [/move_base/TrajectoryPlannerROS/heading_scoring] by /roslaunch
[rosmaster.master][INFO] 2020-10-19 21:58:19,136: +PARAM [/amcl/laser_max_beams] by /roslaunch
[rosmaster.master][INFO] 2020-10-19 21:58:19,136: +PARAM [/move_base/oscillation_timeout] by /roslaunch
[rosmaster.master][INFO] 2020-10-19 21:58:19,136: +PARAM [/move_base/TrajectoryPlannerROS/oscillation_reset_dist] by /roslaunch
[rosmaster.master][INFO] 2020-10-19 21:58:19,137: +PARAM [/amcl/laser_model_type] by /roslaunch
[rosmaster.master][INFO] 2020-10-19 21:58:19,137: +PARAM [/move_base/global_costmap/obstacles/base_scan/clearing] by /roslaunch
[rosmaster.master][INFO] 2020-10-19 21:58:19,137: +PARAM [/amcl/odom_model_type] by /roslaunch
[rosmaster.master][INFO] 2020-10-19 21:58:19,137: +PARAM [/amcl/laser_sigma_hit] by /roslaunch
[rosmaster.master][INFO] 2020-10-19 21:58:19,137: +PARAM [/amcl/recovery_alpha_fast] by /roslaunch
[rosmaster.master][INFO] 2020-10-19 21:58:19,137: +PARAM [/amcl/transform_tolerance] by /roslaunch
[rosmaster.master][INFO] 2020-10-19 21:58:19,137: +PARAM [/move_base/aggressive_reset/reset_distance] by /roslaunch
[rosmaster.master][INFO] 2020-10-19 21:58:19,137: +PARAM [/move_base/base_global_planner] by /roslaunch
[rosmaster.master][INFO] 2020-10-19 21:58:19,137: +PARAM [/move_base/TrajectoryPlannerROS/occdist_scale] by /roslaunch
[rosmaster.master][INFO] 2020-10-19 21:58:19,137: +PARAM [/move_base/TrajectoryPlannerROS/acc_lim_y] by /roslaunch
[rosmaster.master][INFO] 2020-10-19 21:58:19,137: +PARAM [/rosdistro] by /roslaunch
[rosmaster.master][INFO] 2020-10-19 21:58:19,137: +PARAM [/move_base/TrajectoryPlannerROS/acc_lim_x] by /roslaunch
[rosmaster.master][INFO] 2020-10-19 21:58:19,137: +PARAM [/move_base/oscillation_distance] by /roslaunch
[rosmaster.master][INFO] 2020-10-19 21:58:19,137: +PARAM [/amcl/odom_alpha4] by /roslaunch
[rosmaster.master][INFO] 2020-10-19 21:58:19,137: +PARAM [/move_base/local_costmap/obstacles/base_scan/obstacle_range] by /roslaunch
[rosmaster.master][INFO] 2020-10-19 21:58:19,137: +PARAM [/amcl/odom_alpha1] by /roslaunch
[rosmaster.master][INFO] 2020-10-19 21:58:19,137: +PARAM [/amcl/odom_alpha2] by /roslaunch
[rosmaster.master][INFO] 2020-10-19 21:58:19,138: +PARAM [/amcl/odom_alpha3] by /roslaunch
[rosmaster.master][INFO] 2020-10-19 21:58:19,138: +PARAM [/amcl/odom_frame_id] by /roslaunch
[rosmaster.master][INFO] 2020-10-19 21:58:19,138: +PARAM [/move_base/local_costmap/obstacles/base_scan/raytrace_range] by /roslaunch
[rosmaster.master][INFO] 2020-10-19 21:58:19,138: +PARAM [/move_base/TrajectoryPlannerROS/min_vel_theta] by /roslaunch
[rosmaster.master][INFO] 2020-10-19 21:58:19,138: +PARAM [/move_base/rotate_recovery/sim_granularity] by /roslaunch
[rosmaster.master][INFO] 2020-10-19 21:58:19,138: +PARAM [/move_base/TrajectoryPlannerROS/angular_sim_granularity] by /roslaunch
[rosmaster.master][INFO] 2020-10-19 21:58:19,138: +PARAM [/move_base/global_costmap/static_map] by /roslaunch
[rosmaster.master][INFO] 2020-10-19 21:58:19,138: +PARAM [/move_base/local_costmap/inflater/robot_radius] by /roslaunch
[rosmaster.master][INFO] 2020-10-19 21:58:19,138: +PARAM [/move_base/local_costmap/obstacles/base_scan/marking] by /roslaunch
[rosmaster.master][INFO] 2020-10-19 21:58:19,138: +PARAM [/move_base/global_costmap/inflater/robot_radius] by /roslaunch
[rosmaster.master][INFO] 2020-10-19 21:58:19,138: +PARAM [/move_base/TrajectoryPlannerROS/dwa] by /roslaunch
[rosmaster.master][INFO] 2020-10-19 21:58:19,138: +PARAM [/amcl/max_particles] by /roslaunch
[rosmaster.master][INFO] 2020-10-19 21:58:19,138: +PARAM [/move_base/global_costmap/obstacles/base_scan/marking] by /roslaunch
[rosmaster.master][INFO] 2020-10-19 21:58:19,138: +PARAM [/move_base/TrajectoryPlannerROS/min_vel_x] by /roslaunch
[rosmaster.master][INFO] 2020-10-19 21:58:19,138: +PARAM [/amcl/min_particles] by /roslaunch
[rosmaster.master][INFO] 2020-10-19 21:58:19,138: +PARAM [/move_base/global_costmap/robot_base_frame] by /roslaunch
[rosmaster.master][INFO] 2020-10-19 21:58:19,138: +PARAM [/move_base/recovery_behaviors] by /roslaunch
[rosmaster.master][INFO] 2020-10-19 21:58:19,138: +PARAM [/amcl/global_frame_id] by /roslaunch
[rosmaster.master][INFO] 2020-10-19 21:58:19,139: +PARAM [/move_base/NavfnROS/visualize_potential] by /roslaunch
[rosmaster.master][INFO] 2020-10-19 21:58:19,139: +PARAM [/amcl/laser_min_range] by /roslaunch
[rosmaster.master][INFO] 2020-10-19 21:58:19,139: +PARAM [/move_base/local_costmap/plugins] by /roslaunch
[rosmaster.master][INFO] 2020-10-19 21:58:19,139: +PARAM [/move_base/local_costmap/publish_frequency] by /roslaunch
[rosmaster.master][INFO] 2020-10-19 21:58:19,139: +PARAM [/move_base/local_costmap/obstacles/base_scan/max_obstacle_height] by /roslaunch
[rosmaster.master][INFO] 2020-10-19 21:58:19,139: +PARAM [/move_base/TrajectoryPlannerROS/acc_lim_theta] by /roslaunch
[rosmaster.master][INFO] 2020-10-19 21:58:19,139: +PARAM [/move_base/global_costmap/robot_radius] by /roslaunch
[rosmaster.master][INFO] 2020-10-19 21:58:19,139: +PARAM [/move_base/global_costmap/update_frequency] by /roslaunch
[rosmaster.master][INFO] 2020-10-19 21:58:19,139: +PARAM [/amcl/kld_err] by /roslaunch
[rosmaster.master][INFO] 2020-10-19 21:58:19,139: +PARAM [/amcl/resample_interval] by /roslaunch
[rosmaster.master][INFO] 2020-10-19 21:58:19,139: +PARAM [/move_base/global_costmap/obstacles/base_scan/max_obstacle_height] by /roslaunch
[rosmaster.master][INFO] 2020-10-19 21:58:19,139: +PARAM [/move_base/TrajectoryPlannerROS/latch_xy_goal_tolerance] by /roslaunch
[rosmaster.master][INFO] 2020-10-19 21:58:19,139: +PARAM [/move_base/TrajectoryPlannerROS/heading_lookahead] by /roslaunch
[rosmaster.master][INFO] 2020-10-19 21:58:19,139: +PARAM [/move_base/NavfnROS/default_tolerance] by /roslaunch
[rosmaster.master][INFO] 2020-10-19 21:58:19,139: +PARAM [/move_base/TrajectoryPlannerROS/yaw_goal_tolerance] by /roslaunch
[rosmaster.master][INFO] 2020-10-19 21:58:19,139: +PARAM [/move_base/TrajectoryPlannerROS/publish_cost_grid_pc] by /roslaunch
[rosmaster.master][INFO] 2020-10-19 21:58:19,139: +PARAM [/move_base/local_costmap/obstacles/observation_sources] by /roslaunch
[rosmaster.master][INFO] 2020-10-19 21:58:19,139: +PARAM [/move_base/local_costmap/obstacles/base_scan/data_type] by /roslaunch
[rosmaster.master][INFO] 2020-10-19 21:58:19,139: +PARAM [/amcl/laser_likelihood_max_dist] by /roslaunch
[rosmaster.master][INFO] 2020-10-19 21:58:19,140: +PARAM [/move_base/global_costmap/obstacles/base_scan/data_type] by /roslaunch
[rosmaster.master][INFO] 2020-10-19 21:58:19,140: +PARAM [/move_base/TrajectoryPlannerROS/max_vel_theta] by /roslaunch
[rosmaster.master][INFO] 2020-10-19 21:58:19,140: +PARAM [/amcl/laser_z_hit] by /roslaunch
[rosmaster.master][INFO] 2020-10-19 21:58:19,140: +PARAM [/move_base/local_costmap/robot_base_frame] by /roslaunch
[rosmaster.master][INFO] 2020-10-19 21:58:19,140: +PARAM [/move_base/TrajectoryPlannerROS/xy_goal_tolerance] by /roslaunch
[rosmaster.master][INFO] 2020-10-19 21:58:19,140: +PARAM [/move_base/global_costmap/transform_tolerance] by /roslaunch
[rosmaster.master][INFO] 2020-10-19 21:58:19,140: +PARAM [/move_base/TrajectoryPlannerROS/pdist_scale] by /roslaunch
[rosmaster.master][INFO] 2020-10-19 21:58:19,140: +PARAM [/move_base/TrajectoryPlannerROS/sim_granularity] by /roslaunch
[rosmaster.master][INFO] 2020-10-19 21:58:19,140: +PARAM [/move_base/local_costmap/obstacles/base_scan/topic] by /roslaunch
[rosmaster.master][INFO] 2020-10-19 21:58:19,140: +PARAM [/move_base/global_costmap/obstacles/base_scan/obstacle_range] by /roslaunch
[rosmaster.master][INFO] 2020-10-19 21:58:19,140: +PARAM [/move_base/TrajectoryPlannerROS/vtheta_samples] by /roslaunch
[rosmaster.master][INFO] 2020-10-19 21:58:19,140: +PARAM [/move_base/TrajectoryPlannerROS/meter_scoring] by /roslaunch
[rosmaster.master][INFO] 2020-10-19 21:58:19,140: +PARAM [/move_base/NavfnROS/planner_window_y] by /roslaunch
[rosmaster.master][INFO] 2020-10-19 21:58:19,140: +PARAM [/move_base/NavfnROS/planner_window_x] by /roslaunch
[rosmaster.master][INFO] 2020-10-19 21:58:19,140: +PARAM [/amcl/use_map_topic] by /roslaunch
[rosmaster.master][INFO] 2020-10-19 21:58:19,140: +PARAM [/amcl/base_frame_id] by /roslaunch
[rosmaster.master][INFO] 2020-10-19 21:58:19,140: +PARAM [/rosversion] by /roslaunch
[rosmaster.master][INFO] 2020-10-19 21:58:19,140: +PARAM [/move_base/local_costmap/global_frame] by /roslaunch
[rosmaster.master][INFO] 2020-10-19 21:58:19,140: +PARAM [/move_base/global_costmap/global_frame] by /roslaunch
[rosmaster.master][INFO] 2020-10-19 21:58:19,140: +PARAM [/move_base/global_costmap/obstacles/base_scan/topic] by /roslaunch
[rosmaster.master][INFO] 2020-10-19 21:58:19,141: +PARAM [/amcl/kld_z] by /roslaunch
[rosmaster.master][INFO] 2020-10-19 21:58:19,141: +PARAM [/move_base/rotate_recovery/frequency] by /roslaunch
[rosmaster.master][INFO] 2020-10-19 21:58:19,141: +PARAM [/move_base/base_local_planner] by /roslaunch
[rosmaster.master][INFO] 2020-10-19 21:58:19,141: +PARAM [/move_base/planner_patience] by /roslaunch
[rosmaster.master][INFO] 2020-10-19 21:58:19,141: +PARAM [/amcl/update_min_a] by /roslaunch
[rosmaster.master][INFO] 2020-10-19 21:58:19,141: +PARAM [/amcl/update_min_d] by /roslaunch
[rosmaster.master][INFO] 2020-10-19 21:58:19,141: +PARAM [/move_base/TrajectoryPlannerROS/min_in_place_vel_theta] by /roslaunch
[rosmaster.master][INFO] 2020-10-19 21:58:19,141: +PARAM [/move_base/recovery_behavior_enabled] by /roslaunch
[rosmaster.master][INFO] 2020-10-19 21:58:19,158: +PUB [/rosout] /map_server http://freight1207:36376/
[rosmaster.master][INFO] 2020-10-19 21:58:19,159: +SERVICE [/map_server/get_loggers] /map_server http://freight1207:36376/
[rosmaster.master][INFO] 2020-10-19 21:58:19,159: +SERVICE [/map_server/set_logger_level] /map_server http://freight1207:36376/
[rosmaster.master][INFO] 2020-10-19 21:58:19,162: +SERVICE [/static_map] /map_server http://freight1207:36376/
[rosmaster.master][INFO] 2020-10-19 21:58:19,163: +PUB [/map_metadata] /map_server http://freight1207:36376/
[rosmaster.master][INFO] 2020-10-19 21:58:19,164: +PUB [/map] /map_server http://freight1207:36376/
[rosmaster.master][INFO] 2020-10-19 21:58:19,164: +PUB [/rosout] /map_keepout_server http://freight1207:58358/
[rosmaster.master][INFO] 2020-10-19 21:58:19,164: +SERVICE [/map_keepout_server/get_loggers] /map_keepout_server http://freight1207:58358/
[rosmaster.master][INFO] 2020-10-19 21:58:19,165: +SERVICE [/map_keepout_server/set_logger_level] /map_keepout_server http://freight1207:58358/
[rosmaster.master][INFO] 2020-10-19 21:58:19,169: +PUB [/rosout] /amcl http://freight1207:58691/
[rosmaster.master][INFO] 2020-10-19 21:58:19,169: +PUB [/rosout] /move_base http://freight1207:45254/
[rosmaster.master][INFO] 2020-10-19 21:58:19,170: +SERVICE [/amcl/get_loggers] /amcl http://freight1207:58691/
[rosmaster.master][INFO] 2020-10-19 21:58:19,170: +SERVICE [/move_base/get_loggers] /move_base http://freight1207:45254/
[rosmaster.master][INFO] 2020-10-19 21:58:19,170: publisherUpdate[/rosout] -> http://freight1207:35424/
[rosmaster.master][INFO] 2020-10-19 21:58:19,171: +SERVICE [/amcl/set_logger_level] /amcl http://freight1207:58691/
[rosmaster.master][INFO] 2020-10-19 21:58:19,171: +SERVICE [/move_base/set_logger_level] /move_base http://freight1207:45254/
[rosmaster.master][INFO] 2020-10-19 21:58:19,172: publisherUpdate[/rosout] -> http://freight1207:35424/
[rosmaster.master][INFO] 2020-10-19 21:58:19,173: publisherUpdate[/rosout] -> http://freight1207:35424/
[rosmaster.master][INFO] 2020-10-19 21:58:19,174: publisherUpdate[/rosout] -> http://freight1207:35424/
[rosmaster.master][INFO] 2020-10-19 21:58:19,178: +SUB [/tf] /move_base http://freight1207:45254/
[rosmaster.master][INFO] 2020-10-19 21:58:19,182: +SUB [/tf_static] /move_base http://freight1207:45254/
[rosmaster.master][INFO] 2020-10-19 21:58:19,189: +SERVICE [/static_map_keepout] /map_keepout_server http://freight1207:58358/
[rosmaster.master][INFO] 2020-10-19 21:58:19,190: +PUB [/map_metadata] /map_keepout_server http://freight1207:58358/
[rosmaster.master][INFO] 2020-10-19 21:58:19,191: +PUB [/map_keepout] /map_keepout_server http://freight1207:58358/
[rosmaster.master][INFO] 2020-10-19 21:58:19,209: +PUB [/cmd_vel] /move_base http://freight1207:45254/
[rosmaster.master][INFO] 2020-10-19 21:58:19,211: +PUB [/move_base/current_goal] /move_base http://freight1207:45254/
[rosmaster.master][INFO] 2020-10-19 21:58:19,211: +PUB [/move_base/goal] /move_base http://freight1207:45254/
[rosmaster.master][INFO] 2020-10-19 21:58:19,212: +PUB [/tf] /amcl http://freight1207:58691/
[rosmaster.master][INFO] 2020-10-19 21:58:19,215: +SUB [/move_base_simple/goal] /move_base http://freight1207:45254/
[rosmaster.master][INFO] 2020-10-19 21:58:19,216: +SUB [/tf] /amcl http://freight1207:58691/
[rosmaster.master][INFO] 2020-10-19 21:58:19,220: +SUB [/tf_static] /amcl http://freight1207:58691/
[rosmaster.master][INFO] 2020-10-19 21:58:19,221: +PUB [/amcl_pose] /amcl http://freight1207:58691/
[rosmaster.master][INFO] 2020-10-19 21:58:19,222: +PUB [/particlecloud] /amcl http://freight1207:58691/
[rosmaster.master][INFO] 2020-10-19 21:58:19,222: +SERVICE [/global_localization] /amcl http://freight1207:58691/
[rosmaster.master][INFO] 2020-10-19 21:58:19,223: +SERVICE [/request_nomotion_update] /amcl http://freight1207:58691/
[rosmaster.master][INFO] 2020-10-19 21:58:19,224: +SERVICE [/set_map] /amcl http://freight1207:58691/
[rosmaster.master][INFO] 2020-10-19 21:58:19,227: +SUB [/base_scan] /amcl http://freight1207:58691/
[rosmaster.master][INFO] 2020-10-19 21:58:19,229: +SUB [/initialpose] /amcl http://freight1207:58691/
[rosmaster.master][INFO] 2020-10-19 21:58:19,247: +SERVICE [/amcl/set_parameters] /amcl http://freight1207:58691/
[rosmaster.master][INFO] 2020-10-19 21:58:19,248: +PUB [/amcl/parameter_descriptions] /amcl http://freight1207:58691/
[rosmaster.master][INFO] 2020-10-19 21:58:19,248: +PUB [/amcl/parameter_updates] /amcl http://freight1207:58691/
[rosmaster.master][INFO] 2020-10-19 21:58:19,262: +PARAM [/amcl/min_particles] by /amcl
[rosmaster.master][INFO] 2020-10-19 21:58:19,262: +PARAM [/amcl/max_particles] by /amcl
[rosmaster.master][INFO] 2020-10-19 21:58:19,263: +PARAM [/amcl/kld_err] by /amcl
[rosmaster.master][INFO] 2020-10-19 21:58:19,263: +PARAM [/amcl/kld_z] by /amcl
[rosmaster.master][INFO] 2020-10-19 21:58:19,264: +PARAM [/amcl/update_min_d] by /amcl
[rosmaster.master][INFO] 2020-10-19 21:58:19,264: +PARAM [/amcl/update_min_a] by /amcl
[rosmaster.master][INFO] 2020-10-19 21:58:19,265: +PARAM [/amcl/resample_interval] by /amcl
[rosmaster.master][INFO] 2020-10-19 21:58:19,265: +PARAM [/amcl/transform_tolerance] by /amcl
[rosmaster.master][INFO] 2020-10-19 21:58:19,266: +PARAM [/amcl/recovery_alpha_slow] by /amcl
[rosmaster.master][INFO] 2020-10-19 21:58:19,266: +PARAM [/amcl/recovery_alpha_fast] by /amcl
[rosmaster.master][INFO] 2020-10-19 21:58:19,266: +PARAM [/amcl/do_beamskip] by /amcl
[rosmaster.master][INFO] 2020-10-19 21:58:19,267: +PARAM [/amcl/beam_skip_distance] by /amcl
[rosmaster.master][INFO] 2020-10-19 21:58:19,267: +PARAM [/amcl/beam_skip_threshold] by /amcl
[rosmaster.master][INFO] 2020-10-19 21:58:19,268: +PARAM [/amcl/tf_broadcast] by /amcl
[rosmaster.master][INFO] 2020-10-19 21:58:19,268: +PARAM [/amcl/gui_publish_rate] by /amcl
[rosmaster.master][INFO] 2020-10-19 21:58:19,269: +PARAM [/amcl/save_pose_rate] by /amcl
[rosmaster.master][INFO] 2020-10-19 21:58:19,269: +PARAM [/amcl/use_map_topic] by /amcl
[rosmaster.master][INFO] 2020-10-19 21:58:19,270: +PARAM [/amcl/first_map_only] by /amcl
[rosmaster.master][INFO] 2020-10-19 21:58:19,270: +PARAM [/amcl/laser_min_range] by /amcl
[rosmaster.master][INFO] 2020-10-19 21:58:19,271: +PARAM [/amcl/laser_max_range] by /amcl
[rosmaster.master][INFO] 2020-10-19 21:58:19,271: publisherUpdate[/tf] -> http://freight1207:45254/
[rosmaster.master][INFO] 2020-10-19 21:58:19,271: +PARAM [/amcl/laser_max_beams] by /amcl
[rosmaster.master][INFO] 2020-10-19 21:58:19,272: +PARAM [/amcl/laser_z_hit] by /amcl
[rosmaster.master][INFO] 2020-10-19 21:58:19,272: +PARAM [/amcl/laser_z_short] by /amcl
[rosmaster.master][INFO] 2020-10-19 21:58:19,273: +PARAM [/amcl/laser_z_max] by /amcl
[rosmaster.master][INFO] 2020-10-19 21:58:19,273: +PARAM [/amcl/laser_z_rand] by /amcl
[rosmaster.master][INFO] 2020-10-19 21:58:19,274: +PARAM [/amcl/laser_sigma_hit] by /amcl
[rosmaster.master][INFO] 2020-10-19 21:58:19,274: +PARAM [/amcl/laser_lambda_short] by /amcl
[rosmaster.master][INFO] 2020-10-19 21:58:19,274: +PARAM [/amcl/laser_likelihood_max_dist] by /amcl
[rosmaster.master][INFO] 2020-10-19 21:58:19,275: +PARAM [/amcl/laser_model_type] by /amcl
[rosmaster.master][INFO] 2020-10-19 21:58:19,275: +PARAM [/amcl/odom_model_type] by /amcl
[rosmaster.master][INFO] 2020-10-19 21:58:19,276: +PARAM [/amcl/odom_alpha1] by /amcl
[rosmaster.master][INFO] 2020-10-19 21:58:19,276: +PARAM [/amcl/odom_alpha2] by /amcl
[rosmaster.master][INFO] 2020-10-19 21:58:19,276: +PARAM [/amcl/odom_alpha3] by /amcl
[rosmaster.master][INFO] 2020-10-19 21:58:19,277: +PARAM [/amcl/odom_alpha4] by /amcl
[rosmaster.master][INFO] 2020-10-19 21:58:19,277: +PARAM [/amcl/odom_alpha5] by /amcl
[rosmaster.master][INFO] 2020-10-19 21:58:19,278: +PARAM [/amcl/odom_frame_id] by /amcl
[rosmaster.master][INFO] 2020-10-19 21:58:19,278: +PARAM [/amcl/base_frame_id] by /amcl
[rosmaster.master][INFO] 2020-10-19 21:58:19,278: +PARAM [/amcl/global_frame_id] by /amcl
[rosmaster.master][INFO] 2020-10-19 21:58:19,279: +PARAM [/amcl/restore_defaults] by /amcl
[rosmaster.master][INFO] 2020-10-19 21:58:19,279: +PARAM [/amcl/min_particles] by /amcl
[rosmaster.master][INFO] 2020-10-19 21:58:19,279: +PARAM [/amcl/max_particles] by /amcl
[rosmaster.master][INFO] 2020-10-19 21:58:19,280: +PARAM [/amcl/kld_err] by /amcl
[rosmaster.master][INFO] 2020-10-19 21:58:19,280: +PARAM [/amcl/kld_z] by /amcl
[rosmaster.master][INFO] 2020-10-19 21:58:19,281: +PARAM [/amcl/update_min_d] by /amcl
[rosmaster.master][INFO] 2020-10-19 21:58:19,281: +PARAM [/amcl/update_min_a] by /amcl
[rosmaster.master][INFO] 2020-10-19 21:58:19,282: +PARAM [/amcl/resample_interval] by /amcl
[rosmaster.master][INFO] 2020-10-19 21:58:19,282: +PARAM [/amcl/transform_tolerance] by /amcl
[rosmaster.master][INFO] 2020-10-19 21:58:19,283: +PARAM [/amcl/recovery_alpha_slow] by /amcl
[rosmaster.master][INFO] 2020-10-19 21:58:19,283: +PARAM [/amcl/recovery_alpha_fast] by /amcl
[rosmaster.master][INFO] 2020-10-19 21:58:19,283: +PARAM [/amcl/do_beamskip] by /amcl
[rosmaster.master][INFO] 2020-10-19 21:58:19,284: +PARAM [/amcl/beam_skip_distance] by /amcl
[rosmaster.master][INFO] 2020-10-19 21:58:19,284: +PARAM [/amcl/beam_skip_threshold] by /amcl
[rosmaster.master][INFO] 2020-10-19 21:58:19,285: +PARAM [/amcl/tf_broadcast] by /amcl
[rosmaster.master][INFO] 2020-10-19 21:58:19,285: +PARAM [/amcl/gui_publish_rate] by /amcl
[rosmaster.master][INFO] 2020-10-19 21:58:19,285: +PARAM [/amcl/save_pose_rate] by /amcl
[rosmaster.master][INFO] 2020-10-19 21:58:19,286: +PARAM [/amcl/use_map_topic] by /amcl
[rosmaster.master][INFO] 2020-10-19 21:58:19,286: +PARAM [/amcl/first_map_only] by /amcl
[rosmaster.master][INFO] 2020-10-19 21:58:19,287: +PARAM [/amcl/laser_min_range] by /amcl
[rosmaster.master][INFO] 2020-10-19 21:58:19,287: +PARAM [/amcl/laser_max_range] by /amcl
[rosmaster.master][INFO] 2020-10-19 21:58:19,287: +PARAM [/amcl/laser_max_beams] by /amcl
[rosmaster.master][INFO] 2020-10-19 21:58:19,288: +PARAM [/amcl/laser_z_hit] by /amcl
[rosmaster.master][INFO] 2020-10-19 21:58:19,288: +PARAM [/amcl/laser_z_short] by /amcl
[rosmaster.master][INFO] 2020-10-19 21:58:19,289: +PARAM [/amcl/laser_z_max] by /amcl
[rosmaster.master][INFO] 2020-10-19 21:58:19,289: +PARAM [/amcl/laser_z_rand] by /amcl
[rosmaster.master][INFO] 2020-10-19 21:58:19,290: +PARAM [/amcl/laser_sigma_hit] by /amcl
[rosmaster.master][INFO] 2020-10-19 21:58:19,290: +PARAM [/amcl/laser_lambda_short] by /amcl
[rosmaster.master][INFO] 2020-10-19 21:58:19,290: +PARAM [/amcl/laser_likelihood_max_dist] by /amcl
[rosmaster.master][INFO] 2020-10-19 21:58:19,291: +PARAM [/amcl/laser_model_type] by /amcl
[rosmaster.master][INFO] 2020-10-19 21:58:19,291: +PARAM [/amcl/odom_model_type] by /amcl
[rosmaster.master][INFO] 2020-10-19 21:58:19,292: +PARAM [/amcl/odom_alpha1] by /amcl
[rosmaster.master][INFO] 2020-10-19 21:58:19,292: +PARAM [/amcl/odom_alpha2] by /amcl
[rosmaster.master][INFO] 2020-10-19 21:58:19,293: +PARAM [/amcl/odom_alpha3] by /amcl
[rosmaster.master][INFO] 2020-10-19 21:58:19,293: +PARAM [/amcl/odom_alpha4] by /amcl
[rosmaster.master][INFO] 2020-10-19 21:58:19,294: +PARAM [/amcl/odom_alpha5] by /amcl
[rosmaster.master][INFO] 2020-10-19 21:58:19,294: +PARAM [/amcl/odom_frame_id] by /amcl
[rosmaster.master][INFO] 2020-10-19 21:58:19,294: +PARAM [/amcl/base_frame_id] by /amcl
[rosmaster.master][INFO] 2020-10-19 21:58:19,295: +PARAM [/amcl/global_frame_id] by /amcl
[rosmaster.master][INFO] 2020-10-19 21:58:19,295: +PARAM [/amcl/restore_defaults] by /amcl
[rosmaster.master][INFO] 2020-10-19 21:58:41,218: +PARAM [/amcl/initial_pose_x] by /amcl
[rosmaster.master][INFO] 2020-10-19 21:58:41,219: +PARAM [/amcl/initial_pose_y] by /amcl
[rosmaster.master][INFO] 2020-10-19 21:58:41,220: +PARAM [/amcl/initial_pose_a] by /amcl
[rosmaster.master][INFO] 2020-10-19 21:58:41,220: +PARAM [/amcl/initial_cov_xx] by /amcl
[rosmaster.master][INFO] 2020-10-19 21:58:41,221: +PARAM [/amcl/initial_cov_yy] by /amcl
[rosmaster.master][INFO] 2020-10-19 21:58:41,221: +PARAM [/amcl/initial_cov_aa] by /amcl
[rosmaster.master][INFO] 2020-10-19 21:58:41,303: -PUB [/rosout] /amcl http://freight1207:58691/
[rosmaster.master][INFO] 2020-10-19 21:58:41,304: -PUB [/tf] /amcl http://freight1207:58691/
[rosmaster.master][INFO] 2020-10-19 21:58:41,304: -PUB [/amcl_pose] /amcl http://freight1207:58691/
[rosmaster.master][INFO] 2020-10-19 21:58:41,305: -PUB [/particlecloud] /amcl http://freight1207:58691/
[rosmaster.master][INFO] 2020-10-19 21:58:41,305: -PUB [/amcl/parameter_descriptions] /amcl http://freight1207:58691/
[rosmaster.master][INFO] 2020-10-19 21:58:41,306: -PUB [/amcl/parameter_updates] /amcl http://freight1207:58691/
[rosmaster.master][INFO] 2020-10-19 21:58:41,306: -SUB [/tf] /amcl http://freight1207:58691/
[rosmaster.master][INFO] 2020-10-19 21:58:41,307: -SUB [/tf_static] /amcl http://freight1207:58691/
[rosmaster.master][INFO] 2020-10-19 21:58:41,307: -SUB [/base_scan] /amcl http://freight1207:58691/
[rosmaster.master][INFO] 2020-10-19 21:58:41,307: -SUB [/initialpose] /amcl http://freight1207:58691/
[rosmaster.master][INFO] 2020-10-19 21:58:41,308: -SERVICE [/amcl/get_loggers] /amcl rosrpc://freight1207:37490
[rosmaster.master][INFO] 2020-10-19 21:58:41,308: -SERVICE [/amcl/set_logger_level] /amcl rosrpc://freight1207:37490
[rosmaster.master][INFO] 2020-10-19 21:58:41,309: -SERVICE [/global_localization] /amcl rosrpc://freight1207:37490
[rosmaster.master][INFO] 2020-10-19 21:58:41,309: -SERVICE [/request_nomotion_update] /amcl rosrpc://freight1207:37490
[rosmaster.master][INFO] 2020-10-19 21:58:41,310: -SERVICE [/set_map] /amcl rosrpc://freight1207:37490
[rosmaster.master][INFO] 2020-10-19 21:58:41,310: -SERVICE [/amcl/set_parameters] /amcl rosrpc://freight1207:37490
[rosmaster.master][INFO] 2020-10-19 21:58:41,401: publisherUpdate[/rosout] -> http://freight1207:35424/
[rosmaster.master][INFO] 2020-10-19 21:58:41,401: publisherUpdate[/tf] -> http://freight1207:45254/
[rosmaster.master][INFO] 2020-10-19 21:58:41,401: publisherUpdate[/tf] -> http://freight1207:58691/
[rosmaster.threadpool][ERROR] 2020-10-19 21:58:41,403: Traceback (most recent call last):
  File "/opt/ros/indigo/lib/python2.7/dist-packages/rosmaster/threadpool.py", line 218, in run
    result = cmd(*args)
  File "/opt/ros/indigo/lib/python2.7/dist-packages/rosmaster/master_api.py", line 208, in publisher_update_task
    xmlrpcapi(api).publisherUpdate('/master', topic, pub_uris)
  File "/usr/lib/python2.7/xmlrpclib.py", line 1233, in __call__
    return self.__send(self.__name, args)
  File "/usr/lib/python2.7/xmlrpclib.py", line 1587, in __request
    verbose=self.__verbose
  File "/usr/lib/python2.7/xmlrpclib.py", line 1273, in request
    return self.single_request(host, handler, request_body, verbose)
  File "/usr/lib/python2.7/xmlrpclib.py", line 1306, in single_request
    return self.parse_response(response)
  File "/usr/lib/python2.7/xmlrpclib.py", line 1482, in parse_response
    return u.close()
  File "/usr/lib/python2.7/xmlrpclib.py", line 794, in close
    raise Fault(**self._stack[0])
Fault: <Fault -1: 'publisherUpdate: unknown method name'>

[rosmaster.master][INFO] 2020-10-19 21:58:41,403: -PUB [/rosout] /map_server http://freight1207:36376/
[rosmaster.master][INFO] 2020-10-19 21:58:41,404: -PUB [/rosout] /map_keepout_server http://freight1207:58358/
[rosmaster.master][INFO] 2020-10-19 21:58:41,404: -PUB [/map_metadata] /map_server http://freight1207:36376/
[rosmaster.master][INFO] 2020-10-19 21:58:41,404: -PUB [/map_metadata] /map_keepout_server http://freight1207:58358/
[rosmaster.master][INFO] 2020-10-19 21:58:41,405: -PUB [/map] /map_server http://freight1207:36376/
[rosmaster.master][INFO] 2020-10-19 21:58:41,405: -PUB [/map_keepout] /map_keepout_server http://freight1207:58358/
[rosmaster.master][INFO] 2020-10-19 21:58:41,406: -SERVICE [/map_server/get_loggers] /map_server rosrpc://freight1207:45158
[rosmaster.master][INFO] 2020-10-19 21:58:41,406: -SERVICE [/map_keepout_server/get_loggers] /map_keepout_server rosrpc://freight1207:38956
[rosmaster.master][INFO] 2020-10-19 21:58:41,407: -SERVICE [/map_server/set_logger_level] /map_server rosrpc://freight1207:45158
[rosmaster.master][INFO] 2020-10-19 21:58:41,407: -SERVICE [/map_keepout_server/set_logger_level] /map_keepout_server rosrpc://freight1207:38956
[rosmaster.master][INFO] 2020-10-19 21:58:41,408: -SERVICE [/static_map] /map_server rosrpc://freight1207:45158
[rosmaster.master][INFO] 2020-10-19 21:58:41,408: -SERVICE [/static_map_keepout] /map_keepout_server rosrpc://freight1207:38956
[rosmaster.master][INFO] 2020-10-19 21:58:41,502: -PUB [/rosout] /move_base http://freight1207:45254/
[rosmaster.master][INFO] 2020-10-19 21:58:41,502: publisherUpdate[/rosout] -> http://freight1207:35424/
[rosmaster.master][INFO] 2020-10-19 21:58:41,503: publisherUpdate[/rosout] -> http://freight1207:35424/
[rosmaster.master][INFO] 2020-10-19 21:58:41,503: -PUB [/cmd_vel] /move_base http://freight1207:45254/
[rosmaster.master][INFO] 2020-10-19 21:58:41,504: publisherUpdate[/rosout] -> http://freight1207:35424/
[rosmaster.master][INFO] 2020-10-19 21:58:41,504: -PUB [/move_base/current_goal] /move_base http://freight1207:45254/
[rosmaster.master][INFO] 2020-10-19 21:58:41,505: -PUB [/move_base/goal] /move_base http://freight1207:45254/
[rosmaster.master][INFO] 2020-10-19 21:58:41,505: -SUB [/tf] /move_base http://freight1207:45254/
[rosmaster.master][INFO] 2020-10-19 21:58:41,506: -SUB [/tf_static] /move_base http://freight1207:45254/
[rosmaster.master][INFO] 2020-10-19 21:58:41,506: -SUB [/move_base_simple/goal] /move_base http://freight1207:45254/
[rosmaster.master][INFO] 2020-10-19 21:58:41,506: -SERVICE [/move_base/get_loggers] /move_base rosrpc://freight1207:43685
[rosmaster.master][INFO] 2020-10-19 21:58:41,507: -SERVICE [/move_base/set_logger_level] /move_base rosrpc://freight1207:43685
[rosmaster.master][INFO] 2020-10-19 21:58:41,544: +PARAM [/move_base/global_costmap/static_map/enabled] by /move_base
[rosmaster.master][INFO] 2020-10-19 21:58:41,544: +PARAM [/move_base/global_costmap/static_map/enabled] by /move_base
[rosmaster.master][INFO] 2020-10-19 21:58:41,557: +PARAM [/move_base/global_costmap/obstacles/enabled] by /move_base
[rosmaster.master][INFO] 2020-10-19 21:58:41,557: +PARAM [/move_base/global_costmap/obstacles/footprint_clearing_enabled] by /move_base
[rosmaster.master][INFO] 2020-10-19 21:58:41,558: +PARAM [/move_base/global_costmap/obstacles/max_obstacle_height] by /move_base
[rosmaster.master][INFO] 2020-10-19 21:58:41,558: +PARAM [/move_base/global_costmap/obstacles/origin_z] by /move_base
[rosmaster.master][INFO] 2020-10-19 21:58:41,559: +PARAM [/move_base/global_costmap/obstacles/z_resolution] by /move_base
[rosmaster.master][INFO] 2020-10-19 21:58:41,559: +PARAM [/move_base/global_costmap/obstacles/z_voxels] by /move_base
[rosmaster.master][INFO] 2020-10-19 21:58:41,559: +PARAM [/move_base/global_costmap/obstacles/unknown_threshold] by /move_base
[rosmaster.master][INFO] 2020-10-19 21:58:41,560: +PARAM [/move_base/global_costmap/obstacles/mark_threshold] by /move_base
[rosmaster.master][INFO] 2020-10-19 21:58:41,560: +PARAM [/move_base/global_costmap/obstacles/combination_method] by /move_base
[rosmaster.master][INFO] 2020-10-19 21:58:41,561: +PARAM [/move_base/global_costmap/obstacles/enabled] by /move_base
[rosmaster.master][INFO] 2020-10-19 21:58:41,561: +PARAM [/move_base/global_costmap/obstacles/footprint_clearing_enabled] by /move_base
[rosmaster.master][INFO] 2020-10-19 21:58:41,561: +PARAM [/move_base/global_costmap/obstacles/max_obstacle_height] by /move_base
[rosmaster.master][INFO] 2020-10-19 21:58:41,562: +PARAM [/move_base/global_costmap/obstacles/origin_z] by /move_base
[rosmaster.master][INFO] 2020-10-19 21:58:41,562: +PARAM [/move_base/global_costmap/obstacles/z_resolution] by /move_base
[rosmaster.master][INFO] 2020-10-19 21:58:41,563: +PARAM [/move_base/global_costmap/obstacles/z_voxels] by /move_base
[rosmaster.master][INFO] 2020-10-19 21:58:41,563: +PARAM [/move_base/global_costmap/obstacles/unknown_threshold] by /move_base
[rosmaster.master][INFO] 2020-10-19 21:58:41,564: +PARAM [/move_base/global_costmap/obstacles/mark_threshold] by /move_base
[rosmaster.master][INFO] 2020-10-19 21:58:41,564: +PARAM [/move_base/global_costmap/obstacles/combination_method] by /move_base
[rosmaster.master][INFO] 2020-10-19 21:58:41,566: +PARAM [/move_base/global_costmap/inflater/enabled] by /move_base
[rosmaster.master][INFO] 2020-10-19 21:58:41,566: +PARAM [/move_base/global_costmap/inflater/cost_scaling_factor] by /move_base
[rosmaster.master][INFO] 2020-10-19 21:58:41,567: +PARAM [/move_base/global_costmap/inflater/inflation_radius] by /move_base
[rosmaster.master][INFO] 2020-10-19 21:58:41,567: +PARAM [/move_base/global_costmap/inflater/enabled] by /move_base
[rosmaster.master][INFO] 2020-10-19 21:58:41,568: +PARAM [/move_base/global_costmap/inflater/cost_scaling_factor] by /move_base
[rosmaster.master][INFO] 2020-10-19 21:58:41,568: +PARAM [/move_base/global_costmap/inflater/inflation_radius] by /move_base
[rosmaster.master][INFO] 2020-10-19 21:58:41,572: +PARAM [/move_base/global_costmap/robot_radius] by /move_base
[rosmaster.master][INFO] 2020-10-19 21:58:41,576: +PARAM [/move_base/global_costmap/transform_tolerance] by /move_base
[rosmaster.master][INFO] 2020-10-19 21:58:41,577: +PARAM [/move_base/global_costmap/update_frequency] by /move_base
[rosmaster.master][INFO] 2020-10-19 21:58:41,577: +PARAM [/move_base/global_costmap/publish_frequency] by /move_base
[rosmaster.master][INFO] 2020-10-19 21:58:41,578: +PARAM [/move_base/global_costmap/width] by /move_base
[rosmaster.master][INFO] 2020-10-19 21:58:41,578: +PARAM [/move_base/global_costmap/height] by /move_base
[rosmaster.master][INFO] 2020-10-19 21:58:41,579: +PARAM [/move_base/global_costmap/resolution] by /move_base
[rosmaster.master][INFO] 2020-10-19 21:58:41,579: +PARAM [/move_base/global_costmap/origin_x] by /move_base
[rosmaster.master][INFO] 2020-10-19 21:58:41,580: +PARAM [/move_base/global_costmap/origin_y] by /move_base
[rosmaster.master][INFO] 2020-10-19 21:58:41,580: +PARAM [/move_base/global_costmap/footprint] by /move_base
[rosmaster.master][INFO] 2020-10-19 21:58:41,581: +PARAM [/move_base/global_costmap/robot_radius] by /move_base
[rosmaster.master][INFO] 2020-10-19 21:58:41,581: +PARAM [/move_base/global_costmap/footprint_padding] by /move_base
[rosmaster.master][INFO] 2020-10-19 21:58:41,582: +PARAM [/move_base/global_costmap/transform_tolerance] by /move_base
[rosmaster.master][INFO] 2020-10-19 21:58:41,582: +PARAM [/move_base/global_costmap/update_frequency] by /move_base
[rosmaster.master][INFO] 2020-10-19 21:58:41,583: +PARAM [/move_base/global_costmap/publish_frequency] by /move_base
[rosmaster.master][INFO] 2020-10-19 21:58:41,583: +PARAM [/move_base/global_costmap/width] by /move_base
[rosmaster.master][INFO] 2020-10-19 21:58:41,584: +PARAM [/move_base/global_costmap/height] by /move_base
[rosmaster.master][INFO] 2020-10-19 21:58:41,584: +PARAM [/move_base/global_costmap/resolution] by /move_base
[rosmaster.master][INFO] 2020-10-19 21:58:41,584: +PARAM [/move_base/global_costmap/origin_x] by /move_base
[rosmaster.master][INFO] 2020-10-19 21:58:41,585: +PARAM [/move_base/global_costmap/origin_y] by /move_base
[rosmaster.master][INFO] 2020-10-19 21:58:41,585: +PARAM [/move_base/global_costmap/footprint] by /move_base
[rosmaster.master][INFO] 2020-10-19 21:58:41,586: +PARAM [/move_base/global_costmap/robot_radius] by /move_base
[rosmaster.master][INFO] 2020-10-19 21:58:41,586: +PARAM [/move_base/global_costmap/footprint_padding] by /move_base
[rosmaster.master][INFO] 2020-10-19 21:58:41,648: +PARAM [/move_base/local_costmap/obstacles/enabled] by /move_base
[rosmaster.master][INFO] 2020-10-19 21:58:41,648: +PARAM [/move_base/local_costmap/obstacles/footprint_clearing_enabled] by /move_base
[rosmaster.master][INFO] 2020-10-19 21:58:41,649: +PARAM [/move_base/local_costmap/obstacles/max_obstacle_height] by /move_base
[rosmaster.master][INFO] 2020-10-19 21:58:41,649: +PARAM [/move_base/local_costmap/obstacles/origin_z] by /move_base
[rosmaster.master][INFO] 2020-10-19 21:58:41,650: +PARAM [/move_base/local_costmap/obstacles/z_resolution] by /move_base
[rosmaster.master][INFO] 2020-10-19 21:58:41,650: +PARAM [/move_base/local_costmap/obstacles/z_voxels] by /move_base
[rosmaster.master][INFO] 2020-10-19 21:58:41,650: +PARAM [/move_base/local_costmap/obstacles/unknown_threshold] by /move_base
[rosmaster.master][INFO] 2020-10-19 21:58:41,651: +PARAM [/move_base/local_costmap/obstacles/mark_threshold] by /move_base
[rosmaster.master][INFO] 2020-10-19 21:58:41,651: +PARAM [/move_base/local_costmap/obstacles/combination_method] by /move_base
[rosmaster.master][INFO] 2020-10-19 21:58:41,651: +PARAM [/move_base/local_costmap/obstacles/enabled] by /move_base
[rosmaster.master][INFO] 2020-10-19 21:58:41,652: +PARAM [/move_base/local_costmap/obstacles/footprint_clearing_enabled] by /move_base
[rosmaster.master][INFO] 2020-10-19 21:58:41,652: +PARAM [/move_base/local_costmap/obstacles/max_obstacle_height] by /move_base
[rosmaster.master][INFO] 2020-10-19 21:58:41,653: +PARAM [/move_base/local_costmap/obstacles/origin_z] by /move_base
[rosmaster.master][INFO] 2020-10-19 21:58:41,653: +PARAM [/move_base/local_costmap/obstacles/z_resolution] by /move_base
[rosmaster.master][INFO] 2020-10-19 21:58:41,653: +PARAM [/move_base/local_costmap/obstacles/z_voxels] by /move_base
[rosmaster.master][INFO] 2020-10-19 21:58:41,654: +PARAM [/move_base/local_costmap/obstacles/unknown_threshold] by /move_base
[rosmaster.master][INFO] 2020-10-19 21:58:41,654: +PARAM [/move_base/local_costmap/obstacles/mark_threshold] by /move_base
[rosmaster.master][INFO] 2020-10-19 21:58:41,655: +PARAM [/move_base/local_costmap/obstacles/combination_method] by /move_base
[rosmaster.master][INFO] 2020-10-19 21:58:41,656: +PARAM [/move_base/local_costmap/inflater/enabled] by /move_base
[rosmaster.master][INFO] 2020-10-19 21:58:41,657: +PARAM [/move_base/local_costmap/inflater/cost_scaling_factor] by /move_base
[rosmaster.master][INFO] 2020-10-19 21:58:41,657: +PARAM [/move_base/local_costmap/inflater/inflation_radius] by /move_base
[rosmaster.master][INFO] 2020-10-19 21:58:41,658: +PARAM [/move_base/local_costmap/inflater/enabled] by /move_base
[rosmaster.master][INFO] 2020-10-19 21:58:41,658: +PARAM [/move_base/local_costmap/inflater/cost_scaling_factor] by /move_base
[rosmaster.master][INFO] 2020-10-19 21:58:41,658: +PARAM [/move_base/local_costmap/inflater/inflation_radius] by /move_base
[rosmaster.master][INFO] 2020-10-19 21:58:41,662: +PARAM [/move_base/local_costmap/robot_radius] by /move_base
[rosmaster.master][INFO] 2020-10-19 21:58:41,667: +PARAM [/move_base/local_costmap/transform_tolerance] by /move_base
[rosmaster.master][INFO] 2020-10-19 21:58:41,667: +PARAM [/move_base/local_costmap/update_frequency] by /move_base
[rosmaster.master][INFO] 2020-10-19 21:58:41,667: +PARAM [/move_base/local_costmap/publish_frequency] by /move_base
[rosmaster.master][INFO] 2020-10-19 21:58:41,668: +PARAM [/move_base/local_costmap/width] by /move_base
[rosmaster.master][INFO] 2020-10-19 21:58:41,668: +PARAM [/move_base/local_costmap/height] by /move_base
[rosmaster.master][INFO] 2020-10-19 21:58:41,669: +PARAM [/move_base/local_costmap/resolution] by /move_base
[rosmaster.master][INFO] 2020-10-19 21:58:41,669: +PARAM [/move_base/local_costmap/origin_x] by /move_base
[rosmaster.master][INFO] 2020-10-19 21:58:41,670: +PARAM [/move_base/local_costmap/origin_y] by /move_base
[rosmaster.master][INFO] 2020-10-19 21:58:41,670: +PARAM [/move_base/local_costmap/footprint] by /move_base
[rosmaster.master][INFO] 2020-10-19 21:58:41,670: +PARAM [/move_base/local_costmap/robot_radius] by /move_base
[rosmaster.master][INFO] 2020-10-19 21:58:41,671: +PARAM [/move_base/local_costmap/footprint_padding] by /move_base
[rosmaster.master][INFO] 2020-10-19 21:58:41,672: +PARAM [/move_base/local_costmap/transform_tolerance] by /move_base
[rosmaster.master][INFO] 2020-10-19 21:58:41,672: +PARAM [/move_base/local_costmap/update_frequency] by /move_base
[rosmaster.master][INFO] 2020-10-19 21:58:41,673: +PARAM [/move_base/local_costmap/publish_frequency] by /move_base
[rosmaster.master][INFO] 2020-10-19 21:58:41,673: +PARAM [/move_base/local_costmap/width] by /move_base
[rosmaster.master][INFO] 2020-10-19 21:58:41,673: +PARAM [/move_base/local_costmap/height] by /move_base
[rosmaster.master][INFO] 2020-10-19 21:58:41,674: +PARAM [/move_base/local_costmap/resolution] by /move_base
[rosmaster.master][INFO] 2020-10-19 21:58:41,674: +PARAM [/move_base/local_costmap/origin_x] by /move_base
[rosmaster.master][INFO] 2020-10-19 21:58:41,675: +PARAM [/move_base/local_costmap/origin_y] by /move_base
[rosmaster.master][INFO] 2020-10-19 21:58:41,675: +PARAM [/move_base/local_costmap/footprint] by /move_base
[rosmaster.master][INFO] 2020-10-19 21:58:41,676: +PARAM [/move_base/local_costmap/robot_radius] by /move_base
[rosmaster.master][INFO] 2020-10-19 21:58:41,676: +PARAM [/move_base/local_costmap/footprint_padding] by /move_base
[rosmaster.master][INFO] 2020-10-19 21:58:41,731: +PARAM [/move_base/TrajectoryPlannerROS/acc_lim_x] by /move_base
[rosmaster.master][INFO] 2020-10-19 21:58:41,732: +PARAM [/move_base/TrajectoryPlannerROS/acc_lim_y] by /move_base
[rosmaster.master][INFO] 2020-10-19 21:58:41,732: +PARAM [/move_base/TrajectoryPlannerROS/acc_lim_theta] by /move_base
[rosmaster.master][INFO] 2020-10-19 21:58:41,733: +PARAM [/move_base/TrajectoryPlannerROS/max_vel_x] by /move_base
[rosmaster.master][INFO] 2020-10-19 21:58:41,733: +PARAM [/move_base/TrajectoryPlannerROS/min_vel_x] by /move_base
[rosmaster.master][INFO] 2020-10-19 21:58:41,734: +PARAM [/move_base/TrajectoryPlannerROS/max_vel_theta] by /move_base
[rosmaster.master][INFO] 2020-10-19 21:58:41,734: +PARAM [/move_base/TrajectoryPlannerROS/min_vel_theta] by /move_base
[rosmaster.master][INFO] 2020-10-19 21:58:41,734: +PARAM [/move_base/TrajectoryPlannerROS/min_in_place_vel_theta] by /move_base
[rosmaster.master][INFO] 2020-10-19 21:58:41,735: +PARAM [/move_base/TrajectoryPlannerROS/sim_time] by /move_base
[rosmaster.master][INFO] 2020-10-19 21:58:41,735: +PARAM [/move_base/TrajectoryPlannerROS/sim_granularity] by /move_base
[rosmaster.master][INFO] 2020-10-19 21:58:41,736: +PARAM [/move_base/TrajectoryPlannerROS/angular_sim_granularity] by /move_base
[rosmaster.master][INFO] 2020-10-19 21:58:41,736: +PARAM [/move_base/TrajectoryPlannerROS/pdist_scale] by /move_base
[rosmaster.master][INFO] 2020-10-19 21:58:41,737: +PARAM [/move_base/TrajectoryPlannerROS/gdist_scale] by /move_base
[rosmaster.master][INFO] 2020-10-19 21:58:41,737: +PARAM [/move_base/TrajectoryPlannerROS/occdist_scale] by /move_base
[rosmaster.master][INFO] 2020-10-19 21:58:41,737: +PARAM [/move_base/TrajectoryPlannerROS/oscillation_reset_dist] by /move_base
[rosmaster.master][INFO] 2020-10-19 21:58:41,738: +PARAM [/move_base/TrajectoryPlannerROS/escape_reset_dist] by /move_base
[rosmaster.master][INFO] 2020-10-19 21:58:41,738: +PARAM [/move_base/TrajectoryPlannerROS/escape_reset_theta] by /move_base
[rosmaster.master][INFO] 2020-10-19 21:58:41,739: +PARAM [/move_base/TrajectoryPlannerROS/vx_samples] by /move_base
[rosmaster.master][INFO] 2020-10-19 21:58:41,739: +PARAM [/move_base/TrajectoryPlannerROS/vtheta_samples] by /move_base
[rosmaster.master][INFO] 2020-10-19 21:58:41,740: +PARAM [/move_base/TrajectoryPlannerROS/heading_lookahead] by /move_base
[rosmaster.master][INFO] 2020-10-19 21:58:41,740: +PARAM [/move_base/TrajectoryPlannerROS/holonomic_robot] by /move_base
[rosmaster.master][INFO] 2020-10-19 21:58:41,741: +PARAM [/move_base/TrajectoryPlannerROS/escape_vel] by /move_base
[rosmaster.master][INFO] 2020-10-19 21:58:41,741: +PARAM [/move_base/TrajectoryPlannerROS/dwa] by /move_base
[rosmaster.master][INFO] 2020-10-19 21:58:41,741: +PARAM [/move_base/TrajectoryPlannerROS/heading_scoring] by /move_base
[rosmaster.master][INFO] 2020-10-19 21:58:41,742: +PARAM [/move_base/TrajectoryPlannerROS/heading_scoring_timestep] by /move_base
[rosmaster.master][INFO] 2020-10-19 21:58:41,742: +PARAM [/move_base/TrajectoryPlannerROS/simple_attractor] by /move_base
[rosmaster.master][INFO] 2020-10-19 21:58:41,743: +PARAM [/move_base/TrajectoryPlannerROS/y_vels] by /move_base
[rosmaster.master][INFO] 2020-10-19 21:58:41,743: +PARAM [/move_base/TrajectoryPlannerROS/restore_defaults] by /move_base
[rosmaster.master][INFO] 2020-10-19 21:58:41,744: +PARAM [/move_base/TrajectoryPlannerROS/acc_lim_x] by /move_base
[rosmaster.master][INFO] 2020-10-19 21:58:41,744: +PARAM [/move_base/TrajectoryPlannerROS/acc_lim_y] by /move_base
[rosmaster.master][INFO] 2020-10-19 21:58:41,745: +PARAM [/move_base/TrajectoryPlannerROS/acc_lim_theta] by /move_base
[rosmaster.master][INFO] 2020-10-19 21:58:41,745: +PARAM [/move_base/TrajectoryPlannerROS/max_vel_x] by /move_base
[rosmaster.master][INFO] 2020-10-19 21:58:41,745: +PARAM [/move_base/TrajectoryPlannerROS/min_vel_x] by /move_base
[rosmaster.master][INFO] 2020-10-19 21:58:41,746: +PARAM [/move_base/TrajectoryPlannerROS/max_vel_theta] by /move_base
[rosmaster.master][INFO] 2020-10-19 21:58:41,746: +PARAM [/move_base/TrajectoryPlannerROS/min_vel_theta] by /move_base
[rosmaster.master][INFO] 2020-10-19 21:58:41,747: +PARAM [/move_base/TrajectoryPlannerROS/min_in_place_vel_theta] by /move_base
[rosmaster.master][INFO] 2020-10-19 21:58:41,747: +PARAM [/move_base/TrajectoryPlannerROS/sim_time] by /move_base
[rosmaster.master][INFO] 2020-10-19 21:58:41,748: +PARAM [/move_base/TrajectoryPlannerROS/sim_granularity] by /move_base
[rosmaster.master][INFO] 2020-10-19 21:58:41,748: +PARAM [/move_base/TrajectoryPlannerROS/angular_sim_granularity] by /move_base
[rosmaster.master][INFO] 2020-10-19 21:58:41,748: +PARAM [/move_base/TrajectoryPlannerROS/pdist_scale] by /move_base
[rosmaster.master][INFO] 2020-10-19 21:58:41,749: +PARAM [/move_base/TrajectoryPlannerROS/gdist_scale] by /move_base
[rosmaster.master][INFO] 2020-10-19 21:58:41,749: +PARAM [/move_base/TrajectoryPlannerROS/occdist_scale] by /move_base
[rosmaster.master][INFO] 2020-10-19 21:58:41,750: +PARAM [/move_base/TrajectoryPlannerROS/oscillation_reset_dist] by /move_base
[rosmaster.master][INFO] 2020-10-19 21:58:41,750: +PARAM [/move_base/TrajectoryPlannerROS/escape_reset_dist] by /move_base
[rosmaster.master][INFO] 2020-10-19 21:58:41,751: +PARAM [/move_base/TrajectoryPlannerROS/escape_reset_theta] by /move_base
[rosmaster.master][INFO] 2020-10-19 21:58:41,751: +PARAM [/move_base/TrajectoryPlannerROS/vx_samples] by /move_base
[rosmaster.master][INFO] 2020-10-19 21:58:41,751: +PARAM [/move_base/TrajectoryPlannerROS/vtheta_samples] by /move_base
[rosmaster.master][INFO] 2020-10-19 21:58:41,752: +PARAM [/move_base/TrajectoryPlannerROS/heading_lookahead] by /move_base
[rosmaster.master][INFO] 2020-10-19 21:58:41,752: +PARAM [/move_base/TrajectoryPlannerROS/holonomic_robot] by /move_base
[rosmaster.master][INFO] 2020-10-19 21:58:41,753: +PARAM [/move_base/TrajectoryPlannerROS/escape_vel] by /move_base
[rosmaster.master][INFO] 2020-10-19 21:58:41,753: +PARAM [/move_base/TrajectoryPlannerROS/dwa] by /move_base
[rosmaster.master][INFO] 2020-10-19 21:58:41,754: +PARAM [/move_base/TrajectoryPlannerROS/heading_scoring] by /move_base
[rosmaster.master][INFO] 2020-10-19 21:58:41,754: +PARAM [/move_base/TrajectoryPlannerROS/heading_scoring_timestep] by /move_base
[rosmaster.master][INFO] 2020-10-19 21:58:41,755: +PARAM [/move_base/TrajectoryPlannerROS/simple_attractor] by /move_base
[rosmaster.master][INFO] 2020-10-19 21:58:41,755: +PARAM [/move_base/TrajectoryPlannerROS/y_vels] by /move_base
[rosmaster.master][INFO] 2020-10-19 21:58:41,755: +PARAM [/move_base/TrajectoryPlannerROS/restore_defaults] by /move_base
[rosmaster.master][INFO] 2020-10-19 21:58:41,810: +PARAM [/move_base/base_global_planner] by /move_base
[rosmaster.master][INFO] 2020-10-19 21:58:41,810: +PARAM [/move_base/base_local_planner] by /move_base
[rosmaster.master][INFO] 2020-10-19 21:58:41,811: +PARAM [/move_base/planner_frequency] by /move_base
[rosmaster.master][INFO] 2020-10-19 21:58:41,811: +PARAM [/move_base/controller_frequency] by /move_base
[rosmaster.master][INFO] 2020-10-19 21:58:41,812: +PARAM [/move_base/planner_patience] by /move_base
[rosmaster.master][INFO] 2020-10-19 21:58:41,812: +PARAM [/move_base/controller_patience] by /move_base
[rosmaster.master][INFO] 2020-10-19 21:58:41,812: +PARAM [/move_base/max_planning_retries] by /move_base
[rosmaster.master][INFO] 2020-10-19 21:58:41,813: +PARAM [/move_base/conservative_reset_dist] by /move_base
[rosmaster.master][INFO] 2020-10-19 21:58:41,813: +PARAM [/move_base/recovery_behavior_enabled] by /move_base
[rosmaster.master][INFO] 2020-10-19 21:58:41,814: +PARAM [/move_base/clearing_rotation_allowed] by /move_base
[rosmaster.master][INFO] 2020-10-19 21:58:41,814: +PARAM [/move_base/shutdown_costmaps] by /move_base
[rosmaster.master][INFO] 2020-10-19 21:58:41,815: +PARAM [/move_base/oscillation_timeout] by /move_base
[rosmaster.master][INFO] 2020-10-19 21:58:41,815: +PARAM [/move_base/oscillation_distance] by /move_base
[rosmaster.master][INFO] 2020-10-19 21:58:41,815: +PARAM [/move_base/restore_defaults] by /move_base
[rosmaster.master][INFO] 2020-10-19 21:58:41,816: +PARAM [/move_base/base_global_planner] by /move_base
[rosmaster.master][INFO] 2020-10-19 21:58:41,816: +PARAM [/move_base/base_local_planner] by /move_base
[rosmaster.master][INFO] 2020-10-19 21:58:41,817: +PARAM [/move_base/planner_frequency] by /move_base
[rosmaster.master][INFO] 2020-10-19 21:58:41,817: +PARAM [/move_base/controller_frequency] by /move_base
[rosmaster.master][INFO] 2020-10-19 21:58:41,817: +PARAM [/move_base/planner_patience] by /move_base
[rosmaster.master][INFO] 2020-10-19 21:58:41,818: +PARAM [/move_base/controller_patience] by /move_base
[rosmaster.master][INFO] 2020-10-19 21:58:41,818: +PARAM [/move_base/max_planning_retries] by /move_base
[rosmaster.master][INFO] 2020-10-19 21:58:41,819: +PARAM [/move_base/conservative_reset_dist] by /move_base
[rosmaster.master][INFO] 2020-10-19 21:58:41,819: +PARAM [/move_base/recovery_behavior_enabled] by /move_base
[rosmaster.master][INFO] 2020-10-19 21:58:41,820: +PARAM [/move_base/clearing_rotation_allowed] by /move_base
[rosmaster.master][INFO] 2020-10-19 21:58:41,820: +PARAM [/move_base/shutdown_costmaps] by /move_base
[rosmaster.master][INFO] 2020-10-19 21:58:41,820: +PARAM [/move_base/oscillation_timeout] by /move_base
[rosmaster.master][INFO] 2020-10-19 21:58:41,821: +PARAM [/move_base/oscillation_distance] by /move_base
[rosmaster.master][INFO] 2020-10-19 21:58:41,821: +PARAM [/move_base/restore_defaults] by /move_base
[rosmaster.master][INFO] 2020-10-19 21:58:42,105: -PUB [/rosout_agg] /rosout http://freight1207:35424/
[rosmaster.master][INFO] 2020-10-19 21:58:42,106: -SUB [/rosout] /rosout http://freight1207:35424/
[rosmaster.master][INFO] 2020-10-19 21:58:42,106: -SERVICE [/rosout/get_loggers] /rosout rosrpc://freight1207:34536
[rosmaster.master][INFO] 2020-10-19 21:58:42,107: -SERVICE [/rosout/set_logger_level] /rosout rosrpc://freight1207:34536
[rosmaster.main][INFO] 2020-10-19 21:58:42,119: keyboard interrupt, will exit
[rosmaster.main][INFO] 2020-10-19 21:58:42,120: stopping master...
[rospy.core][INFO] 2020-10-19 21:58:42,120: signal_shutdown [atexit]
