[roslaunch][INFO] 2020-10-27 17:18:29,904: Checking log directory for disk usage. This may take awhile.
Press Ctrl-C to interrupt
[roslaunch][INFO] 2020-10-27 17:18:29,916: Done checking log file disk usage. Usage is <1GB.
[roslaunch][INFO] 2020-10-27 17:18:29,916: roslaunch starting with args ['/opt/ros/indigo/bin/roslaunch', 'gaitech_remote_control', 'remote_control.launch']
[roslaunch][INFO] 2020-10-27 17:18:29,916: roslaunch env is {'LC_NUMERIC': 'ko_KR.UTF-8', 'ROS_DISTRO': 'indigo', 'LESSOPEN': '| /usr/bin/lesspipe %s', 'SSH_CLIENT': '192.168.70.13 56645 22', 'CPATH': '/home/fetch/catkin_ws/devel/include:/opt/ros/indigo/include', 'LOGNAME': 'fetch', 'USER': 'fetch', 'HOME': '/home/fetch', 'LC_PAPER': 'ko_KR.UTF-8', 'PATH': '/opt/ros/indigo/bin:/usr/local/sbin:/usr/local/bin:/usr/sbin:/usr/bin:/sbin:/bin:/usr/games:/usr/local/games', 'CMAKE_PREFIX_PATH': '/home/fetch/catkin_ws/devel:/opt/ros/indigo', 'LD_LIBRARY_PATH': '/home/fetch/catkin_ws/devel/lib:/opt/ros/indigo/lib', 'LANG': 'en_US.UTF-8', 'TERM': 'xterm-256color', 'SHELL': '/bin/bash', 'ROS_LOG_FILENAME': '/home/fetch/.ros/log/2c5c80ee-18b2-11eb-bb3c-000babe55698/roslaunch-freight1207-6175.log', 'LC_MONETARY': 'ko_KR.UTF-8', 'QT_QPA_PLATFORMTHEME': 'appmenu-qt5', 'DISPLAY': 'localhost:10.0', 'ROS_ETC_DIR': '/opt/ros/indigo/etc/ros', 'XDG_RUNTIME_DIR': '/run/user/1000', 'LC_ADDRESS': 'ko_KR.UTF-8', 'PYTHONPATH': '/home/fetch/catkin_ws/devel/lib/python2.7/dist-packages:/opt/ros/indigo/lib/python2.7/dist-packages', 'SHLVL': '1', 'ROS_ROOT': '/opt/ros/indigo/share/ros', 'PKG_CONFIG_PATH': '/home/fetch/catkin_ws/devel/lib/pkgconfig:/opt/ros/indigo/lib/pkgconfig', 'ROS_PACKAGE_PATH': '/home/fetch/catkin_ws/src:/opt/ros/indigo/share:/opt/ros/indigo/stacks', 'XDG_SESSION_ID': '1', '_': '/opt/ros/indigo/bin/roslaunch', 'LC_IDENTIFICATION': 'ko_KR.UTF-8', 'SSH_CONNECTION': '192.168.70.13 56645 192.168.70.5 22', 'LESSCLOSE': '/usr/bin/lesspipe %s %s', 'SSH_TTY': '/dev/pts/2', 'LC_TELEPHONE': 'ko_KR.UTF-8', 'LC_MEASUREMENT': 'ko_KR.UTF-8', 'PWD': '/home/fetch', 'ROS_MASTER_URI': 'http://localhost:11311', 'LC_NAME': 'ko_KR.UTF-8', 'MAIL': '/var/mail/fetch', 'LC_TIME': 'ko_KR.UTF-8', 'LS_COLORS': 'rs=0:di=01;34:ln=01;36:mh=00:pi=40;33:so=01;35:do=01;35:bd=40;33;01:cd=40;33;01:or=40;31;01:su=37;41:sg=30;43:ca=30;41:tw=30;42:ow=34;42:st=37;44:ex=01;32:*.tar=01;31:*.tgz=01;31:*.arj=01;31:*.taz=01;31:*.lzh=01;31:*.lzma=01;31:*.tlz=01;31:*.txz=01;31:*.zip=01;31:*.z=01;31:*.Z=01;31:*.dz=01;31:*.gz=01;31:*.lz=01;31:*.xz=01;31:*.bz2=01;31:*.bz=01;31:*.tbz=01;31:*.tbz2=01;31:*.tz=01;31:*.deb=01;31:*.rpm=01;31:*.jar=01;31:*.war=01;31:*.ear=01;31:*.sar=01;31:*.rar=01;31:*.ace=01;31:*.zoo=01;31:*.cpio=01;31:*.7z=01;31:*.rz=01;31:*.jpg=01;35:*.jpeg=01;35:*.gif=01;35:*.bmp=01;35:*.pbm=01;35:*.pgm=01;35:*.ppm=01;35:*.tga=01;35:*.xbm=01;35:*.xpm=01;35:*.tif=01;35:*.tiff=01;35:*.png=01;35:*.svg=01;35:*.svgz=01;35:*.mng=01;35:*.pcx=01;35:*.mov=01;35:*.mpg=01;35:*.mpeg=01;35:*.m2v=01;35:*.mkv=01;35:*.webm=01;35:*.ogm=01;35:*.mp4=01;35:*.m4v=01;35:*.mp4v=01;35:*.vob=01;35:*.qt=01;35:*.nuv=01;35:*.wmv=01;35:*.asf=01;35:*.rm=01;35:*.rmvb=01;35:*.flc=01;35:*.avi=01;35:*.fli=01;35:*.flv=01;35:*.gl=01;35:*.dl=01;35:*.xcf=01;35:*.xwd=01;35:*.yuv=01;35:*.cgm=01;35:*.emf=01;35:*.axv=01;35:*.anx=01;35:*.ogv=01;35:*.ogx=01;35:*.aac=00;36:*.au=00;36:*.flac=00;36:*.mid=00;36:*.midi=00;36:*.mka=00;36:*.mp3=00;36:*.mpc=00;36:*.ogg=00;36:*.ra=00;36:*.wav=00;36:*.axa=00;36:*.oga=00;36:*.spx=00;36:*.xspf=00;36:'}
[roslaunch][INFO] 2020-10-27 17:18:29,916: starting in server mode
[roslaunch.parent][INFO] 2020-10-27 17:18:29,916: starting roslaunch parent run
[roslaunch][INFO] 2020-10-27 17:18:29,916: loading roscore config file /opt/ros/indigo/etc/ros/roscore.xml
[roslaunch][INFO] 2020-10-27 17:18:29,982: Added core node of type [rosout/rosout] in namespace [/]
[roslaunch.config][INFO] 2020-10-27 17:18:29,982: loading config file /home/fetch/catkin_ws/src/gaitech_remote_control/launch/remote_control.launch
[roslaunch][INFO] 2020-10-27 17:18:29,983: Added node of type [gaitech_remote_control/remote_control_node] in namespace [/]
[roslaunch][INFO] 2020-10-27 17:18:29,983: ... selected machine [] for node of type [gaitech_remote_control/remote_control_node]
[roslaunch.pmon][INFO] 2020-10-27 17:18:29,984: start_process_monitor: creating ProcessMonitor
[roslaunch.pmon][INFO] 2020-10-27 17:18:29,984: created process monitor <ProcessMonitor(ProcessMonitor-1, initial daemon)>
[roslaunch.pmon][INFO] 2020-10-27 17:18:29,984: start_process_monitor: ProcessMonitor started
[roslaunch.parent][INFO] 2020-10-27 17:18:29,984: starting parent XML-RPC server
[roslaunch.server][INFO] 2020-10-27 17:18:29,984: starting roslaunch XML-RPC server
[roslaunch.server][INFO] 2020-10-27 17:18:29,984: waiting for roslaunch XML-RPC server to initialize
[xmlrpc][INFO] 2020-10-27 17:18:29,984: XML-RPC server binding to 0.0.0.0:0
[xmlrpc][INFO] 2020-10-27 17:18:29,984: Started XML-RPC server [http://freight1207:43381/]
[xmlrpc][INFO] 2020-10-27 17:18:29,985: xml rpc node: starting XML-RPC server
[roslaunch][INFO] 2020-10-27 17:18:29,995: started roslaunch server http://freight1207:43381/
[roslaunch.parent][INFO] 2020-10-27 17:18:29,996: ... parent XML-RPC server started
[roslaunch][INFO] 2020-10-27 17:18:29,996: master.is_running[http://localhost:11311]
[roslaunch][INFO] 2020-10-27 17:18:29,997: master.is_running[http://localhost:11311]
[roslaunch][INFO] 2020-10-27 17:18:29,997: ROS_MASTER_URI=http://localhost:11311
[roslaunch][INFO] 2020-10-27 17:18:29,999: setting /roslaunch/uris/host_freight1207__43381' to http://freight1207:43381/
[roslaunch][INFO] 2020-10-27 17:18:30,000: load_parameters starting ...
[roslaunch][INFO] 2020-10-27 17:18:30,002: ... load_parameters complete
[roslaunch][INFO] 2020-10-27 17:18:30,002: launch_nodes: launching local nodes ...
[roslaunch][INFO] 2020-10-27 17:18:30,002: ... preparing to launch node of type [gaitech_remote_control/remote_control_node]
[roslaunch][INFO] 2020-10-27 17:18:30,002: create_node_process: package[gaitech_remote_control] type[remote_control_node] machine[Machine(name[] env_loader[None] address[localhost] ssh_port[22] user[None] assignable[True] timeout[10.0])] master_uri[http://localhost:11311]
[roslaunch][INFO] 2020-10-27 17:18:30,002: process[remote_control-1]: env[{'LC_NUMERIC': 'ko_KR.UTF-8', 'ROS_DISTRO': 'indigo', 'LC_MEASUREMENT': 'ko_KR.UTF-8', 'LESSOPEN': '| /usr/bin/lesspipe %s', 'SSH_CLIENT': '192.168.70.13 56645 22', 'CPATH': '/home/fetch/catkin_ws/devel/include:/opt/ros/indigo/include', 'LOGNAME': 'fetch', 'USER': 'fetch', 'HOME': '/home/fetch', 'LC_PAPER': 'ko_KR.UTF-8', 'PATH': '/opt/ros/indigo/bin:/usr/local/sbin:/usr/local/bin:/usr/sbin:/usr/bin:/sbin:/bin:/usr/games:/usr/local/games', 'CMAKE_PREFIX_PATH': '/home/fetch/catkin_ws/devel:/opt/ros/indigo', 'ROS_LOG_FILENAME': '/home/fetch/.ros/log/2c5c80ee-18b2-11eb-bb3c-000babe55698/roslaunch-freight1207-6175.log', 'LANG': 'en_US.UTF-8', 'TERM': 'xterm-256color', 'SHELL': '/bin/bash', 'LC_MONETARY': 'ko_KR.UTF-8', 'QT_QPA_PLATFORMTHEME': 'appmenu-qt5', 'DISPLAY': 'localhost:10.0', 'ROS_MASTER_URI': 'http://localhost:11311', 'XDG_RUNTIME_DIR': '/run/user/1000', 'LC_ADDRESS': 'ko_KR.UTF-8', 'PYTHONPATH': '/home/fetch/catkin_ws/devel/lib/python2.7/dist-packages:/opt/ros/indigo/lib/python2.7/dist-packages', 'ROS_ROOT': '/opt/ros/indigo/share/ros', 'PKG_CONFIG_PATH': '/home/fetch/catkin_ws/devel/lib/pkgconfig:/opt/ros/indigo/lib/pkgconfig', 'ROS_PACKAGE_PATH': '/home/fetch/catkin_ws/src:/opt/ros/indigo/share:/opt/ros/indigo/stacks', 'XDG_SESSION_ID': '1', '_': '/opt/ros/indigo/bin/roslaunch', 'LC_IDENTIFICATION': 'ko_KR.UTF-8', 'LD_LIBRARY_PATH': '/home/fetch/catkin_ws/devel/lib:/opt/ros/indigo/lib', 'LS_COLORS': 'rs=0:di=01;34:ln=01;36:mh=00:pi=40;33:so=01;35:do=01;35:bd=40;33;01:cd=40;33;01:or=40;31;01:su=37;41:sg=30;43:ca=30;41:tw=30;42:ow=34;42:st=37;44:ex=01;32:*.tar=01;31:*.tgz=01;31:*.arj=01;31:*.taz=01;31:*.lzh=01;31:*.lzma=01;31:*.tlz=01;31:*.txz=01;31:*.zip=01;31:*.z=01;31:*.Z=01;31:*.dz=01;31:*.gz=01;31:*.lz=01;31:*.xz=01;31:*.bz2=01;31:*.bz=01;31:*.tbz=01;31:*.tbz2=01;31:*.tz=01;31:*.deb=01;31:*.rpm=01;31:*.jar=01;31:*.war=01;31:*.ear=01;31:*.sar=01;31:*.rar=01;31:*.ace=01;31:*.zoo=01;31:*.cpio=01;31:*.7z=01;31:*.rz=01;31:*.jpg=01;35:*.jpeg=01;35:*.gif=01;35:*.bmp=01;35:*.pbm=01;35:*.pgm=01;35:*.ppm=01;35:*.tga=01;35:*.xbm=01;35:*.xpm=01;35:*.tif=01;35:*.tiff=01;35:*.png=01;35:*.svg=01;35:*.svgz=01;35:*.mng=01;35:*.pcx=01;35:*.mov=01;35:*.mpg=01;35:*.mpeg=01;35:*.m2v=01;35:*.mkv=01;35:*.webm=01;35:*.ogm=01;35:*.mp4=01;35:*.m4v=01;35:*.mp4v=01;35:*.vob=01;35:*.qt=01;35:*.nuv=01;35:*.wmv=01;35:*.asf=01;35:*.rm=01;35:*.rmvb=01;35:*.flc=01;35:*.avi=01;35:*.fli=01;35:*.flv=01;35:*.gl=01;35:*.dl=01;35:*.xcf=01;35:*.xwd=01;35:*.yuv=01;35:*.cgm=01;35:*.emf=01;35:*.axv=01;35:*.anx=01;35:*.ogv=01;35:*.ogx=01;35:*.aac=00;36:*.au=00;36:*.flac=00;36:*.mid=00;36:*.midi=00;36:*.mka=00;36:*.mp3=00;36:*.mpc=00;36:*.ogg=00;36:*.ra=00;36:*.wav=00;36:*.axa=00;36:*.oga=00;36:*.spx=00;36:*.xspf=00;36:', 'LESSCLOSE': '/usr/bin/lesspipe %s %s', 'SSH_TTY': '/dev/pts/2', 'LC_TELEPHONE': 'ko_KR.UTF-8', 'SHLVL': '1', 'PWD': '/home/fetch', 'ROS_ETC_DIR': '/opt/ros/indigo/etc/ros', 'LC_NAME': 'ko_KR.UTF-8', 'MAIL': '/var/mail/fetch', 'LC_TIME': 'ko_KR.UTF-8', 'SSH_CONNECTION': '192.168.70.13 56645 192.168.70.5 22'}]
[roslaunch][INFO] 2020-10-27 17:18:30,024: process[remote_control-1]: args[[u'/home/fetch/catkin_ws/devel/lib/gaitech_remote_control/remote_control_node', u'__name:=remote_control']]
[roslaunch][INFO] 2020-10-27 17:18:30,024: ... created process [remote_control-1]
[roslaunch.pmon][INFO] 2020-10-27 17:18:30,024: ProcessMonitor.register[remote_control-1]
[roslaunch.pmon][INFO] 2020-10-27 17:18:30,024: ProcessMonitor.register[remote_control-1] complete
[roslaunch][INFO] 2020-10-27 17:18:30,024: ... registered process [remote_control-1]
[roslaunch][INFO] 2020-10-27 17:18:30,025: process[remote_control-1]: starting os process
[roslaunch][INFO] 2020-10-27 17:18:30,025: process[remote_control-1]: start w/ args [[u'/home/fetch/catkin_ws/devel/lib/gaitech_remote_control/remote_control_node', u'__name:=remote_control', u'__log:=/home/fetch/.ros/log/2c5c80ee-18b2-11eb-bb3c-000babe55698/remote_control-1.log']]
[roslaunch][INFO] 2020-10-27 17:18:30,025: process[remote_control-1]: cwd will be [/home/fetch/.ros]
[roslaunch][INFO] 2020-10-27 17:18:30,027: process[remote_control-1]: started with pid [6193]
[roslaunch][INFO] 2020-10-27 17:18:30,027: ... successfully launched [remote_control-1]
[roslaunch][INFO] 2020-10-27 17:18:30,027: ... launch_nodes complete
[roslaunch.pmon][INFO] 2020-10-27 17:18:30,027: registrations completed <ProcessMonitor(ProcessMonitor-1, started daemon 140476327311104)>
[roslaunch.parent][INFO] 2020-10-27 17:18:30,027: ... roslaunch parent running, waiting for process exit
[roslaunch][INFO] 2020-10-27 17:18:30,027: spin
[roslaunch][ERROR] 2020-10-27 17:18:30,084: [remote_control-1] process has died [pid 6193, exit code -6, cmd /home/fetch/catkin_ws/devel/lib/gaitech_remote_control/remote_control_node __name:=remote_control __log:=/home/fetch/.ros/log/2c5c80ee-18b2-11eb-bb3c-000babe55698/remote_control-1.log].
log file: /home/fetch/.ros/log/2c5c80ee-18b2-11eb-bb3c-000babe55698/remote_control-1*.log
[roslaunch.pmon][INFO] 2020-10-27 17:18:30,084: ProcessMonitor.unregister[remote_control-1] starting
[roslaunch.pmon][INFO] 2020-10-27 17:18:30,084: ProcessMonitor.unregister[remote_control-1] complete
[roslaunch][INFO] 2020-10-27 17:18:30,085: all processes on machine have died, roslaunch will exit
[roslaunch.pmon][INFO] 2020-10-27 17:18:30,185: ProcessMonitor._post_run <ProcessMonitor(ProcessMonitor-1, started daemon 140476327311104)>
[roslaunch.pmon][INFO] 2020-10-27 17:18:30,185: ProcessMonitor._post_run <ProcessMonitor(ProcessMonitor-1, started daemon 140476327311104)>: remaining procs are []
[roslaunch.pmon][INFO] 2020-10-27 17:18:30,186: ProcessMonitor exit: cleaning up data structures and signals
[roslaunch.pmon][INFO] 2020-10-27 17:18:30,186: ProcessMonitor exit: pmon has shutdown
[roslaunch][INFO] 2020-10-27 17:18:30,228: process monitor is done spinning, initiating full shutdown
[roslaunch][INFO] 2020-10-27 17:18:30,228: runner.stop()
[roslaunch][INFO] 2020-10-27 17:18:30,228: shutting down processing monitor...
[roslaunch][INFO] 2020-10-27 17:18:30,228: shutting down processing monitor <ProcessMonitor(ProcessMonitor-1, stopped daemon 140476327311104)>
[roslaunch.pmon][INFO] 2020-10-27 17:18:30,228: ProcessMonitor.shutdown <ProcessMonitor(ProcessMonitor-1, stopped daemon 140476327311104)>
[roslaunch][INFO] 2020-10-27 17:18:30,228: ... shutting down processing monitor complete
[roslaunch][INFO] 2020-10-27 17:18:30,228: done
[roslaunch.pmon][INFO] 2020-10-27 17:18:30,228: ProcessMonitor.shutdown <ProcessMonitor(ProcessMonitor-1, stopped daemon 140476327311104)>
[rospy.core][INFO] 2020-10-27 17:18:30,228: signal_shutdown [atexit]
