[roslaunch][INFO] 2020-10-20 17:46:56,964: Checking log directory for disk usage. This may take awhile.
Press Ctrl-C to interrupt
[roslaunch][INFO] 2020-10-20 17:46:56,967: Done checking log file disk usage. Usage is <1GB.
[roslaunch][INFO] 2020-10-20 17:46:56,967: roslaunch starting with args ['roscore', '--core']
[roslaunch][INFO] 2020-10-20 17:46:56,967: roslaunch env is {'LC_NUMERIC': 'ko_KR.UTF-8', 'ROS_DISTRO': 'indigo', 'LESSOPEN': '| /usr/bin/lesspipe %s', 'SSH_CLIENT': '192.168.30.25 52559 22', 'CPATH': '/home/fetch/catkin_ws/devel/include:/opt/ros/indigo/include', 'LOGNAME': 'fetch', 'USER': 'fetch', 'HOME': '/home/fetch', 'LC_PAPER': 'ko_KR.UTF-8', 'PATH': '/opt/ros/indigo/bin:/usr/local/sbin:/usr/local/bin:/usr/sbin:/usr/bin:/sbin:/bin:/usr/games:/usr/local/games', 'CMAKE_PREFIX_PATH': '/home/fetch/catkin_ws/devel:/opt/ros/indigo', 'LD_LIBRARY_PATH': '/home/fetch/catkin_ws/devel/lib:/opt/ros/indigo/lib', 'LANG': 'en_US.UTF-8', 'TERM': 'xterm-256color', 'SHELL': '/bin/bash', 'LC_MONETARY': 'ko_KR.UTF-8', 'QT_QPA_PLATFORMTHEME': 'appmenu-qt5', 'ROS_LOG_FILENAME': '/home/fetch/.ros/log/ebc1c524-1336-11eb-a910-000babe55698/roslaunch-freight1207-6976.log', 'ROS_ETC_DIR': '/opt/ros/indigo/etc/ros', 'XDG_RUNTIME_DIR': '/run/user/1000', 'LC_ADDRESS': 'ko_KR.UTF-8', 'PYTHONPATH': '/home/fetch/catkin_ws/devel/lib/python2.7/dist-packages:/opt/ros/indigo/lib/python2.7/dist-packages', 'SHLVL': '1', 'ROS_ROOT': '/opt/ros/indigo/share/ros', 'PKG_CONFIG_PATH': '/home/fetch/catkin_ws/devel/lib/pkgconfig:/opt/ros/indigo/lib/pkgconfig', 'ROS_PACKAGE_PATH': '/home/fetch/catkin_ws/src:/opt/ros/indigo/share:/opt/ros/indigo/stacks', 'XDG_SESSION_ID': '3', '_': '/opt/ros/indigo/bin/roscore', 'LC_IDENTIFICATION': 'ko_KR.UTF-8', 'SSH_CONNECTION': '192.168.30.25 52559 192.168.30.22 22', 'LESSCLOSE': '/usr/bin/lesspipe %s %s', 'SSH_TTY': '/dev/pts/4', 'OLDPWD': '/home/fetch/catkin_ws/devel', 'LC_TELEPHONE': 'ko_KR.UTF-8', 'LC_MEASUREMENT': 'ko_KR.UTF-8', 'PWD': '/home/fetch', 'ROS_MASTER_URI': 'http://mia:11311/', 'LC_NAME': 'ko_KR.UTF-8', 'MAIL': '/var/mail/fetch', 'LC_TIME': 'ko_KR.UTF-8', 'LS_COLORS': 'rs=0:di=01;34:ln=01;36:mh=00:pi=40;33:so=01;35:do=01;35:bd=40;33;01:cd=40;33;01:or=40;31;01:su=37;41:sg=30;43:ca=30;41:tw=30;42:ow=34;42:st=37;44:ex=01;32:*.tar=01;31:*.tgz=01;31:*.arj=01;31:*.taz=01;31:*.lzh=01;31:*.lzma=01;31:*.tlz=01;31:*.txz=01;31:*.zip=01;31:*.z=01;31:*.Z=01;31:*.dz=01;31:*.gz=01;31:*.lz=01;31:*.xz=01;31:*.bz2=01;31:*.bz=01;31:*.tbz=01;31:*.tbz2=01;31:*.tz=01;31:*.deb=01;31:*.rpm=01;31:*.jar=01;31:*.war=01;31:*.ear=01;31:*.sar=01;31:*.rar=01;31:*.ace=01;31:*.zoo=01;31:*.cpio=01;31:*.7z=01;31:*.rz=01;31:*.jpg=01;35:*.jpeg=01;35:*.gif=01;35:*.bmp=01;35:*.pbm=01;35:*.pgm=01;35:*.ppm=01;35:*.tga=01;35:*.xbm=01;35:*.xpm=01;35:*.tif=01;35:*.tiff=01;35:*.png=01;35:*.svg=01;35:*.svgz=01;35:*.mng=01;35:*.pcx=01;35:*.mov=01;35:*.mpg=01;35:*.mpeg=01;35:*.m2v=01;35:*.mkv=01;35:*.webm=01;35:*.ogm=01;35:*.mp4=01;35:*.m4v=01;35:*.mp4v=01;35:*.vob=01;35:*.qt=01;35:*.nuv=01;35:*.wmv=01;35:*.asf=01;35:*.rm=01;35:*.rmvb=01;35:*.flc=01;35:*.avi=01;35:*.fli=01;35:*.flv=01;35:*.gl=01;35:*.dl=01;35:*.xcf=01;35:*.xwd=01;35:*.yuv=01;35:*.cgm=01;35:*.emf=01;35:*.axv=01;35:*.anx=01;35:*.ogv=01;35:*.ogx=01;35:*.aac=00;36:*.au=00;36:*.flac=00;36:*.mid=00;36:*.midi=00;36:*.mka=00;36:*.mp3=00;36:*.mpc=00;36:*.ogg=00;36:*.ra=00;36:*.wav=00;36:*.axa=00;36:*.oga=00;36:*.spx=00;36:*.xspf=00;36:'}
[roslaunch][INFO] 2020-10-20 17:46:56,967: starting in server mode
[roslaunch.parent][INFO] 2020-10-20 17:46:56,967: starting roslaunch parent run
[roslaunch][INFO] 2020-10-20 17:46:56,967: loading roscore config file /opt/ros/indigo/etc/ros/roscore.xml
[roslaunch][INFO] 2020-10-20 17:46:57,024: Added core node of type [rosout/rosout] in namespace [/]
[roslaunch.pmon][INFO] 2020-10-20 17:46:57,024: start_process_monitor: creating ProcessMonitor
[roslaunch.pmon][INFO] 2020-10-20 17:46:57,025: created process monitor <ProcessMonitor(ProcessMonitor-1, initial daemon)>
[roslaunch.pmon][INFO] 2020-10-20 17:46:57,025: start_process_monitor: ProcessMonitor started
[roslaunch.parent][INFO] 2020-10-20 17:46:57,025: starting parent XML-RPC server
[roslaunch.server][INFO] 2020-10-20 17:46:57,025: starting roslaunch XML-RPC server
[roslaunch.server][INFO] 2020-10-20 17:46:57,025: waiting for roslaunch XML-RPC server to initialize
[xmlrpc][INFO] 2020-10-20 17:46:57,025: XML-RPC server binding to 0.0.0.0:0
[xmlrpc][INFO] 2020-10-20 17:46:57,025: Started XML-RPC server [http://freight1207:33013/]
[xmlrpc][INFO] 2020-10-20 17:46:57,026: xml rpc node: starting XML-RPC server
[roslaunch][INFO] 2020-10-20 17:46:57,036: started roslaunch server http://freight1207:33013/
[roslaunch.parent][INFO] 2020-10-20 17:46:57,036: ... parent XML-RPC server started
[roslaunch][INFO] 2020-10-20 17:46:57,037: master.is_running[http://freight1207:11311/]
[roslaunch][ERROR] 2020-10-20 17:46:57,037: roscore cannot run as another roscore/master is already running. 
Please kill other roscore/master processes before relaunching.
The ROS_MASTER_URI is http://freight1207:11311/
[roslaunch][ERROR] 2020-10-20 17:46:57,038: The traceback for the exception was written to the log file
[roslaunch][ERROR] 2020-10-20 17:46:57,038: Traceback (most recent call last):
  File "/opt/ros/indigo/lib/python2.7/dist-packages/roslaunch/__init__.py", line 307, in main
    p.start()
  File "/opt/ros/indigo/lib/python2.7/dist-packages/roslaunch/parent.py", line 279, in start
    self.runner.launch()
  File "/opt/ros/indigo/lib/python2.7/dist-packages/roslaunch/launch.py", line 654, in launch
    self._setup()
  File "/opt/ros/indigo/lib/python2.7/dist-packages/roslaunch/launch.py", line 630, in _setup
    self._launch_master()
  File "/opt/ros/indigo/lib/python2.7/dist-packages/roslaunch/launch.py", line 391, in _launch_master
    raise RLException("roscore cannot run as another roscore/master is already running. \nPlease kill other roscore/master processes before relaunching.\nThe ROS_MASTER_URI is %s"%(m.uri))
RLException: roscore cannot run as another roscore/master is already running. 
Please kill other roscore/master processes before relaunching.
The ROS_MASTER_URI is http://freight1207:11311/

[rospy.core][INFO] 2020-10-20 17:46:57,038: signal_shutdown [atexit]
