[roslaunch][INFO] 2020-10-25 20:01:39,009: Checking log directory for disk usage. This may take awhile.
Press Ctrl-C to interrupt
[roslaunch][INFO] 2020-10-25 20:01:39,020: Done checking log file disk usage. Usage is <1GB.
[roslaunch][INFO] 2020-10-25 20:01:39,020: roslaunch starting with args ['/opt/ros/indigo/bin/roslaunch', 'fetch_navigation', 'freight_nav.launch']
[roslaunch][INFO] 2020-10-25 20:01:39,020: roslaunch env is {'ROS_DISTRO': 'indigo', 'LESSOPEN': '| /usr/bin/lesspipe %s', 'SSH_CLIENT': '192.168.70.3 59139 22', 'CPATH': '/home/fetch/catkin_ws/devel/include:/opt/ros/indigo/include', 'LOGNAME': 'fetch', 'USER': 'fetch', 'PATH': '/opt/ros/indigo/bin:/usr/local/sbin:/usr/local/bin:/usr/sbin:/usr/bin:/sbin:/bin:/usr/games:/usr/local/games', 'HOME': '/home/fetch', 'CMAKE_PREFIX_PATH': '/home/fetch/catkin_ws/devel:/opt/ros/indigo', 'LD_LIBRARY_PATH': '/home/fetch/catkin_ws/devel/lib:/opt/ros/indigo/lib', 'LANG': 'en_US.UTF-8', 'TERM': 'xterm-256color', 'SHELL': '/bin/bash', 'ROS_LOG_FILENAME': '/home/fetch/.ros/log/05289d0e-1737-11eb-b0c3-000babe55698/roslaunch-freight1207-3486.log', 'SHLVL': '1', 'QT_QPA_PLATFORMTHEME': 'appmenu-qt5', 'DISPLAY': 'localhost:10.0', 'ROS_ETC_DIR': '/opt/ros/indigo/etc/ros', 'XDG_RUNTIME_DIR': '/run/user/1000', 'PYTHONPATH': '/home/fetch/catkin_ws/devel/lib/python2.7/dist-packages:/opt/ros/indigo/lib/python2.7/dist-packages', 'ROS_ROOT': '/opt/ros/indigo/share/ros', 'PKG_CONFIG_PATH': '/home/fetch/catkin_ws/devel/lib/pkgconfig:/opt/ros/indigo/lib/pkgconfig', 'ROS_PACKAGE_PATH': '/home/fetch/catkin_ws/src:/opt/ros/indigo/share:/opt/ros/indigo/stacks', 'XDG_SESSION_ID': '1', '_': '/opt/ros/indigo/bin/roslaunch', 'SSH_CONNECTION': '192.168.70.3 59139 192.168.70.5 22', 'LESSCLOSE': '/usr/bin/lesspipe %s %s', 'SSH_TTY': '/dev/pts/1', 'PWD': '/home/fetch', 'ROS_MASTER_URI': 'http://localhost:11311', 'MAIL': '/var/mail/fetch', 'LS_COLORS': 'rs=0:di=01;34:ln=01;36:mh=00:pi=40;33:so=01;35:do=01;35:bd=40;33;01:cd=40;33;01:or=40;31;01:su=37;41:sg=30;43:ca=30;41:tw=30;42:ow=34;42:st=37;44:ex=01;32:*.tar=01;31:*.tgz=01;31:*.arj=01;31:*.taz=01;31:*.lzh=01;31:*.lzma=01;31:*.tlz=01;31:*.txz=01;31:*.zip=01;31:*.z=01;31:*.Z=01;31:*.dz=01;31:*.gz=01;31:*.lz=01;31:*.xz=01;31:*.bz2=01;31:*.bz=01;31:*.tbz=01;31:*.tbz2=01;31:*.tz=01;31:*.deb=01;31:*.rpm=01;31:*.jar=01;31:*.war=01;31:*.ear=01;31:*.sar=01;31:*.rar=01;31:*.ace=01;31:*.zoo=01;31:*.cpio=01;31:*.7z=01;31:*.rz=01;31:*.jpg=01;35:*.jpeg=01;35:*.gif=01;35:*.bmp=01;35:*.pbm=01;35:*.pgm=01;35:*.ppm=01;35:*.tga=01;35:*.xbm=01;35:*.xpm=01;35:*.tif=01;35:*.tiff=01;35:*.png=01;35:*.svg=01;35:*.svgz=01;35:*.mng=01;35:*.pcx=01;35:*.mov=01;35:*.mpg=01;35:*.mpeg=01;35:*.m2v=01;35:*.mkv=01;35:*.webm=01;35:*.ogm=01;35:*.mp4=01;35:*.m4v=01;35:*.mp4v=01;35:*.vob=01;35:*.qt=01;35:*.nuv=01;35:*.wmv=01;35:*.asf=01;35:*.rm=01;35:*.rmvb=01;35:*.flc=01;35:*.avi=01;35:*.fli=01;35:*.flv=01;35:*.gl=01;35:*.dl=01;35:*.xcf=01;35:*.xwd=01;35:*.yuv=01;35:*.cgm=01;35:*.emf=01;35:*.axv=01;35:*.anx=01;35:*.ogv=01;35:*.ogx=01;35:*.aac=00;36:*.au=00;36:*.flac=00;36:*.mid=00;36:*.midi=00;36:*.mka=00;36:*.mp3=00;36:*.mpc=00;36:*.ogg=00;36:*.ra=00;36:*.wav=00;36:*.axa=00;36:*.oga=00;36:*.spx=00;36:*.xspf=00;36:'}
[roslaunch][INFO] 2020-10-25 20:01:39,021: starting in server mode
[roslaunch.parent][INFO] 2020-10-25 20:01:39,021: starting roslaunch parent run
[roslaunch][INFO] 2020-10-25 20:01:39,021: loading roscore config file /opt/ros/indigo/etc/ros/roscore.xml
[roslaunch][INFO] 2020-10-25 20:01:39,085: Added core node of type [rosout/rosout] in namespace [/]
[roslaunch.config][INFO] 2020-10-25 20:01:39,086: loading config file /opt/ros/indigo/share/fetch_navigation/launch/freight_nav.launch
[roslaunch][INFO] 2020-10-25 20:01:39,107: Added node of type [map_server/map_server] in namespace [/]
[roslaunch][INFO] 2020-10-25 20:01:39,108: Added node of type [rviz/rviz] in namespace [/]
[roslaunch][INFO] 2020-10-25 20:01:39,113: Added node of type [amcl/amcl] in namespace [/]
[roslaunch][INFO] 2020-10-25 20:01:39,132: Added node of type [move_base/move_base] in namespace [/]
[roslaunch][INFO] 2020-10-25 20:01:39,132: ... selected machine [] for node of type [map_server/map_server]
[roslaunch][INFO] 2020-10-25 20:01:39,132: ... selected machine [] for node of type [rviz/rviz]
[roslaunch][INFO] 2020-10-25 20:01:39,132: ... selected machine [] for node of type [amcl/amcl]
[roslaunch][INFO] 2020-10-25 20:01:39,132: ... selected machine [] for node of type [move_base/move_base]
[roslaunch.pmon][INFO] 2020-10-25 20:01:39,132: start_process_monitor: creating ProcessMonitor
[roslaunch.pmon][INFO] 2020-10-25 20:01:39,133: created process monitor <ProcessMonitor(ProcessMonitor-1, initial daemon)>
[roslaunch.pmon][INFO] 2020-10-25 20:01:39,133: start_process_monitor: ProcessMonitor started
[roslaunch.parent][INFO] 2020-10-25 20:01:39,133: starting parent XML-RPC server
[roslaunch.server][INFO] 2020-10-25 20:01:39,133: starting roslaunch XML-RPC server
[roslaunch.server][INFO] 2020-10-25 20:01:39,133: waiting for roslaunch XML-RPC server to initialize
[xmlrpc][INFO] 2020-10-25 20:01:39,133: XML-RPC server binding to 0.0.0.0:0
[xmlrpc][INFO] 2020-10-25 20:01:39,133: Started XML-RPC server [http://freight1207:43423/]
[xmlrpc][INFO] 2020-10-25 20:01:39,133: xml rpc node: starting XML-RPC server
[roslaunch][INFO] 2020-10-25 20:01:39,144: started roslaunch server http://freight1207:43423/
[roslaunch.parent][INFO] 2020-10-25 20:01:39,144: ... parent XML-RPC server started
[roslaunch][INFO] 2020-10-25 20:01:39,145: master.is_running[http://localhost:11311]
[roslaunch][INFO] 2020-10-25 20:01:39,146: master.is_running[http://localhost:11311]
[roslaunch][INFO] 2020-10-25 20:01:39,147: ROS_MASTER_URI=http://localhost:11311
[roslaunch][INFO] 2020-10-25 20:01:39,148: setting /roslaunch/uris/host_freight1207__43423' to http://freight1207:43423/
[roslaunch][INFO] 2020-10-25 20:01:39,149: load_parameters starting ...
[roslaunch][INFO] 2020-10-25 20:01:39,168: ... load_parameters complete
[roslaunch][INFO] 2020-10-25 20:01:39,168: launch_nodes: launching local nodes ...
[roslaunch][INFO] 2020-10-25 20:01:39,168: ... preparing to launch node of type [map_server/map_server]
[roslaunch][INFO] 2020-10-25 20:01:39,168: create_node_process: package[map_server] type[map_server] machine[Machine(name[] env_loader[None] address[localhost] ssh_port[22] user[None] assignable[True] timeout[10.0])] master_uri[http://localhost:11311]
[roslaunch][INFO] 2020-10-25 20:01:39,168: process[map_server-1]: env[{'ROS_DISTRO': 'indigo', 'LESSOPEN': '| /usr/bin/lesspipe %s', 'SSH_CLIENT': '192.168.70.3 59139 22', 'CPATH': '/home/fetch/catkin_ws/devel/include:/opt/ros/indigo/include', 'LOGNAME': 'fetch', 'USER': 'fetch', 'PATH': '/opt/ros/indigo/bin:/usr/local/sbin:/usr/local/bin:/usr/sbin:/usr/bin:/sbin:/bin:/usr/games:/usr/local/games', 'HOME': '/home/fetch', 'CMAKE_PREFIX_PATH': '/home/fetch/catkin_ws/devel:/opt/ros/indigo', 'ROS_LOG_FILENAME': '/home/fetch/.ros/log/05289d0e-1737-11eb-b0c3-000babe55698/roslaunch-freight1207-3486.log', 'LANG': 'en_US.UTF-8', 'TERM': 'xterm-256color', 'SHELL': '/bin/bash', 'SHLVL': '1', 'QT_QPA_PLATFORMTHEME': 'appmenu-qt5', 'DISPLAY': 'localhost:10.0', 'ROS_MASTER_URI': 'http://localhost:11311', 'XDG_RUNTIME_DIR': '/run/user/1000', 'PYTHONPATH': '/home/fetch/catkin_ws/devel/lib/python2.7/dist-packages:/opt/ros/indigo/lib/python2.7/dist-packages', 'ROS_ROOT': '/opt/ros/indigo/share/ros', 'PKG_CONFIG_PATH': '/home/fetch/catkin_ws/devel/lib/pkgconfig:/opt/ros/indigo/lib/pkgconfig', 'ROS_PACKAGE_PATH': '/home/fetch/catkin_ws/src:/opt/ros/indigo/share:/opt/ros/indigo/stacks', 'XDG_SESSION_ID': '1', '_': '/opt/ros/indigo/bin/roslaunch', 'LD_LIBRARY_PATH': '/home/fetch/catkin_ws/devel/lib:/opt/ros/indigo/lib', 'LS_COLORS': 'rs=0:di=01;34:ln=01;36:mh=00:pi=40;33:so=01;35:do=01;35:bd=40;33;01:cd=40;33;01:or=40;31;01:su=37;41:sg=30;43:ca=30;41:tw=30;42:ow=34;42:st=37;44:ex=01;32:*.tar=01;31:*.tgz=01;31:*.arj=01;31:*.taz=01;31:*.lzh=01;31:*.lzma=01;31:*.tlz=01;31:*.txz=01;31:*.zip=01;31:*.z=01;31:*.Z=01;31:*.dz=01;31:*.gz=01;31:*.lz=01;31:*.xz=01;31:*.bz2=01;31:*.bz=01;31:*.tbz=01;31:*.tbz2=01;31:*.tz=01;31:*.deb=01;31:*.rpm=01;31:*.jar=01;31:*.war=01;31:*.ear=01;31:*.sar=01;31:*.rar=01;31:*.ace=01;31:*.zoo=01;31:*.cpio=01;31:*.7z=01;31:*.rz=01;31:*.jpg=01;35:*.jpeg=01;35:*.gif=01;35:*.bmp=01;35:*.pbm=01;35:*.pgm=01;35:*.ppm=01;35:*.tga=01;35:*.xbm=01;35:*.xpm=01;35:*.tif=01;35:*.tiff=01;35:*.png=01;35:*.svg=01;35:*.svgz=01;35:*.mng=01;35:*.pcx=01;35:*.mov=01;35:*.mpg=01;35:*.mpeg=01;35:*.m2v=01;35:*.mkv=01;35:*.webm=01;35:*.ogm=01;35:*.mp4=01;35:*.m4v=01;35:*.mp4v=01;35:*.vob=01;35:*.qt=01;35:*.nuv=01;35:*.wmv=01;35:*.asf=01;35:*.rm=01;35:*.rmvb=01;35:*.flc=01;35:*.avi=01;35:*.fli=01;35:*.flv=01;35:*.gl=01;35:*.dl=01;35:*.xcf=01;35:*.xwd=01;35:*.yuv=01;35:*.cgm=01;35:*.emf=01;35:*.axv=01;35:*.anx=01;35:*.ogv=01;35:*.ogx=01;35:*.aac=00;36:*.au=00;36:*.flac=00;36:*.mid=00;36:*.midi=00;36:*.mka=00;36:*.mp3=00;36:*.mpc=00;36:*.ogg=00;36:*.ra=00;36:*.wav=00;36:*.axa=00;36:*.oga=00;36:*.spx=00;36:*.xspf=00;36:', 'LESSCLOSE': '/usr/bin/lesspipe %s %s', 'SSH_TTY': '/dev/pts/1', 'PWD': '/home/fetch', 'ROS_ETC_DIR': '/opt/ros/indigo/etc/ros', 'MAIL': '/var/mail/fetch', 'SSH_CONNECTION': '192.168.70.3 59139 192.168.70.5 22'}]
[roslaunch][INFO] 2020-10-25 20:01:39,189: process[map_server-1]: args[[u'/opt/ros/indigo/lib/map_server/map_server', '/home/fetch/mapmap.yaml', u'__name:=map_server']]
[roslaunch][INFO] 2020-10-25 20:01:39,189: ... created process [map_server-1]
[roslaunch.pmon][INFO] 2020-10-25 20:01:39,189: ProcessMonitor.register[map_server-1]
[roslaunch.pmon][INFO] 2020-10-25 20:01:39,189: ProcessMonitor.register[map_server-1] complete
[roslaunch][INFO] 2020-10-25 20:01:39,189: ... registered process [map_server-1]
[roslaunch][INFO] 2020-10-25 20:01:39,189: process[map_server-1]: starting os process
[roslaunch][INFO] 2020-10-25 20:01:39,189: process[map_server-1]: start w/ args [[u'/opt/ros/indigo/lib/map_server/map_server', '/home/fetch/mapmap.yaml', u'__name:=map_server', u'__log:=/home/fetch/.ros/log/05289d0e-1737-11eb-b0c3-000babe55698/map_server-1.log']]
[roslaunch][INFO] 2020-10-25 20:01:39,189: process[map_server-1]: cwd will be [/home/fetch/.ros]
[roslaunch][INFO] 2020-10-25 20:01:39,191: process[map_server-1]: started with pid [3504]
[roslaunch][INFO] 2020-10-25 20:01:39,192: ... successfully launched [map_server-1]
[roslaunch][INFO] 2020-10-25 20:01:39,192: ... preparing to launch node of type [rviz/rviz]
[roslaunch][INFO] 2020-10-25 20:01:39,192: create_node_process: package[rviz] type[rviz] machine[Machine(name[] env_loader[None] address[localhost] ssh_port[22] user[None] assignable[True] timeout[10.0])] master_uri[http://localhost:11311]
[roslaunch][INFO] 2020-10-25 20:01:39,192: process[rviz-2]: env[{'ROS_DISTRO': 'indigo', 'LESSOPEN': '| /usr/bin/lesspipe %s', 'SSH_CLIENT': '192.168.70.3 59139 22', 'CPATH': '/home/fetch/catkin_ws/devel/include:/opt/ros/indigo/include', 'LOGNAME': 'fetch', 'USER': 'fetch', 'PATH': '/opt/ros/indigo/bin:/usr/local/sbin:/usr/local/bin:/usr/sbin:/usr/bin:/sbin:/bin:/usr/games:/usr/local/games', 'HOME': '/home/fetch', 'CMAKE_PREFIX_PATH': '/home/fetch/catkin_ws/devel:/opt/ros/indigo', 'ROS_LOG_FILENAME': '/home/fetch/.ros/log/05289d0e-1737-11eb-b0c3-000babe55698/roslaunch-freight1207-3486.log', 'LANG': 'en_US.UTF-8', 'TERM': 'xterm-256color', 'SHELL': '/bin/bash', 'SHLVL': '1', 'QT_QPA_PLATFORMTHEME': 'appmenu-qt5', 'DISPLAY': 'localhost:10.0', 'ROS_MASTER_URI': 'http://localhost:11311', 'XDG_RUNTIME_DIR': '/run/user/1000', 'PYTHONPATH': '/home/fetch/catkin_ws/devel/lib/python2.7/dist-packages:/opt/ros/indigo/lib/python2.7/dist-packages', 'ROS_ROOT': '/opt/ros/indigo/share/ros', 'PKG_CONFIG_PATH': '/home/fetch/catkin_ws/devel/lib/pkgconfig:/opt/ros/indigo/lib/pkgconfig', 'ROS_PACKAGE_PATH': '/home/fetch/catkin_ws/src:/opt/ros/indigo/share:/opt/ros/indigo/stacks', 'XDG_SESSION_ID': '1', '_': '/opt/ros/indigo/bin/roslaunch', 'LD_LIBRARY_PATH': '/home/fetch/catkin_ws/devel/lib:/opt/ros/indigo/lib', 'LS_COLORS': 'rs=0:di=01;34:ln=01;36:mh=00:pi=40;33:so=01;35:do=01;35:bd=40;33;01:cd=40;33;01:or=40;31;01:su=37;41:sg=30;43:ca=30;41:tw=30;42:ow=34;42:st=37;44:ex=01;32:*.tar=01;31:*.tgz=01;31:*.arj=01;31:*.taz=01;31:*.lzh=01;31:*.lzma=01;31:*.tlz=01;31:*.txz=01;31:*.zip=01;31:*.z=01;31:*.Z=01;31:*.dz=01;31:*.gz=01;31:*.lz=01;31:*.xz=01;31:*.bz2=01;31:*.bz=01;31:*.tbz=01;31:*.tbz2=01;31:*.tz=01;31:*.deb=01;31:*.rpm=01;31:*.jar=01;31:*.war=01;31:*.ear=01;31:*.sar=01;31:*.rar=01;31:*.ace=01;31:*.zoo=01;31:*.cpio=01;31:*.7z=01;31:*.rz=01;31:*.jpg=01;35:*.jpeg=01;35:*.gif=01;35:*.bmp=01;35:*.pbm=01;35:*.pgm=01;35:*.ppm=01;35:*.tga=01;35:*.xbm=01;35:*.xpm=01;35:*.tif=01;35:*.tiff=01;35:*.png=01;35:*.svg=01;35:*.svgz=01;35:*.mng=01;35:*.pcx=01;35:*.mov=01;35:*.mpg=01;35:*.mpeg=01;35:*.m2v=01;35:*.mkv=01;35:*.webm=01;35:*.ogm=01;35:*.mp4=01;35:*.m4v=01;35:*.mp4v=01;35:*.vob=01;35:*.qt=01;35:*.nuv=01;35:*.wmv=01;35:*.asf=01;35:*.rm=01;35:*.rmvb=01;35:*.flc=01;35:*.avi=01;35:*.fli=01;35:*.flv=01;35:*.gl=01;35:*.dl=01;35:*.xcf=01;35:*.xwd=01;35:*.yuv=01;35:*.cgm=01;35:*.emf=01;35:*.axv=01;35:*.anx=01;35:*.ogv=01;35:*.ogx=01;35:*.aac=00;36:*.au=00;36:*.flac=00;36:*.mid=00;36:*.midi=00;36:*.mka=00;36:*.mp3=00;36:*.mpc=00;36:*.ogg=00;36:*.ra=00;36:*.wav=00;36:*.axa=00;36:*.oga=00;36:*.spx=00;36:*.xspf=00;36:', 'LESSCLOSE': '/usr/bin/lesspipe %s %s', 'SSH_TTY': '/dev/pts/1', 'PWD': '/home/fetch', 'ROS_ETC_DIR': '/opt/ros/indigo/etc/ros', 'MAIL': '/var/mail/fetch', 'SSH_CONNECTION': '192.168.70.3 59139 192.168.70.5 22'}]
[roslaunch][INFO] 2020-10-25 20:01:39,194: process[rviz-2]: args[[u'/opt/ros/indigo/lib/rviz/rviz', '/opt/ros/indigo/share/fetch_navigation/config/navigation.rviz', u'__name:=rviz']]
[roslaunch][INFO] 2020-10-25 20:01:39,194: ... created process [rviz-2]
[roslaunch.pmon][INFO] 2020-10-25 20:01:39,194: ProcessMonitor.register[rviz-2]
[roslaunch.pmon][INFO] 2020-10-25 20:01:39,194: ProcessMonitor.register[rviz-2] complete
[roslaunch][INFO] 2020-10-25 20:01:39,194: ... registered process [rviz-2]
[roslaunch][INFO] 2020-10-25 20:01:39,194: process[rviz-2]: starting os process
[roslaunch][INFO] 2020-10-25 20:01:39,194: process[rviz-2]: start w/ args [[u'/opt/ros/indigo/lib/rviz/rviz', '/opt/ros/indigo/share/fetch_navigation/config/navigation.rviz', u'__name:=rviz', u'__log:=/home/fetch/.ros/log/05289d0e-1737-11eb-b0c3-000babe55698/rviz-2.log']]
[roslaunch][INFO] 2020-10-25 20:01:39,194: process[rviz-2]: cwd will be [/home/fetch/.ros]
[roslaunch][INFO] 2020-10-25 20:01:39,196: process[rviz-2]: started with pid [3505]
[roslaunch][INFO] 2020-10-25 20:01:39,196: ... successfully launched [rviz-2]
[roslaunch][INFO] 2020-10-25 20:01:39,196: ... preparing to launch node of type [amcl/amcl]
[roslaunch][INFO] 2020-10-25 20:01:39,196: create_node_process: package[amcl] type[amcl] machine[Machine(name[] env_loader[None] address[localhost] ssh_port[22] user[None] assignable[True] timeout[10.0])] master_uri[http://localhost:11311]
[roslaunch][INFO] 2020-10-25 20:01:39,196: process[amcl-3]: env[{'ROS_DISTRO': 'indigo', 'LESSOPEN': '| /usr/bin/lesspipe %s', 'SSH_CLIENT': '192.168.70.3 59139 22', 'CPATH': '/home/fetch/catkin_ws/devel/include:/opt/ros/indigo/include', 'LOGNAME': 'fetch', 'USER': 'fetch', 'PATH': '/opt/ros/indigo/bin:/usr/local/sbin:/usr/local/bin:/usr/sbin:/usr/bin:/sbin:/bin:/usr/games:/usr/local/games', 'HOME': '/home/fetch', 'CMAKE_PREFIX_PATH': '/home/fetch/catkin_ws/devel:/opt/ros/indigo', 'ROS_LOG_FILENAME': '/home/fetch/.ros/log/05289d0e-1737-11eb-b0c3-000babe55698/roslaunch-freight1207-3486.log', 'LANG': 'en_US.UTF-8', 'TERM': 'xterm-256color', 'SHELL': '/bin/bash', 'SHLVL': '1', 'QT_QPA_PLATFORMTHEME': 'appmenu-qt5', 'DISPLAY': 'localhost:10.0', 'ROS_MASTER_URI': 'http://localhost:11311', 'XDG_RUNTIME_DIR': '/run/user/1000', 'PYTHONPATH': '/home/fetch/catkin_ws/devel/lib/python2.7/dist-packages:/opt/ros/indigo/lib/python2.7/dist-packages', 'ROS_ROOT': '/opt/ros/indigo/share/ros', 'PKG_CONFIG_PATH': '/home/fetch/catkin_ws/devel/lib/pkgconfig:/opt/ros/indigo/lib/pkgconfig', 'ROS_PACKAGE_PATH': '/home/fetch/catkin_ws/src:/opt/ros/indigo/share:/opt/ros/indigo/stacks', 'XDG_SESSION_ID': '1', '_': '/opt/ros/indigo/bin/roslaunch', 'LD_LIBRARY_PATH': '/home/fetch/catkin_ws/devel/lib:/opt/ros/indigo/lib', 'LS_COLORS': 'rs=0:di=01;34:ln=01;36:mh=00:pi=40;33:so=01;35:do=01;35:bd=40;33;01:cd=40;33;01:or=40;31;01:su=37;41:sg=30;43:ca=30;41:tw=30;42:ow=34;42:st=37;44:ex=01;32:*.tar=01;31:*.tgz=01;31:*.arj=01;31:*.taz=01;31:*.lzh=01;31:*.lzma=01;31:*.tlz=01;31:*.txz=01;31:*.zip=01;31:*.z=01;31:*.Z=01;31:*.dz=01;31:*.gz=01;31:*.lz=01;31:*.xz=01;31:*.bz2=01;31:*.bz=01;31:*.tbz=01;31:*.tbz2=01;31:*.tz=01;31:*.deb=01;31:*.rpm=01;31:*.jar=01;31:*.war=01;31:*.ear=01;31:*.sar=01;31:*.rar=01;31:*.ace=01;31:*.zoo=01;31:*.cpio=01;31:*.7z=01;31:*.rz=01;31:*.jpg=01;35:*.jpeg=01;35:*.gif=01;35:*.bmp=01;35:*.pbm=01;35:*.pgm=01;35:*.ppm=01;35:*.tga=01;35:*.xbm=01;35:*.xpm=01;35:*.tif=01;35:*.tiff=01;35:*.png=01;35:*.svg=01;35:*.svgz=01;35:*.mng=01;35:*.pcx=01;35:*.mov=01;35:*.mpg=01;35:*.mpeg=01;35:*.m2v=01;35:*.mkv=01;35:*.webm=01;35:*.ogm=01;35:*.mp4=01;35:*.m4v=01;35:*.mp4v=01;35:*.vob=01;35:*.qt=01;35:*.nuv=01;35:*.wmv=01;35:*.asf=01;35:*.rm=01;35:*.rmvb=01;35:*.flc=01;35:*.avi=01;35:*.fli=01;35:*.flv=01;35:*.gl=01;35:*.dl=01;35:*.xcf=01;35:*.xwd=01;35:*.yuv=01;35:*.cgm=01;35:*.emf=01;35:*.axv=01;35:*.anx=01;35:*.ogv=01;35:*.ogx=01;35:*.aac=00;36:*.au=00;36:*.flac=00;36:*.mid=00;36:*.midi=00;36:*.mka=00;36:*.mp3=00;36:*.mpc=00;36:*.ogg=00;36:*.ra=00;36:*.wav=00;36:*.axa=00;36:*.oga=00;36:*.spx=00;36:*.xspf=00;36:', 'LESSCLOSE': '/usr/bin/lesspipe %s %s', 'SSH_TTY': '/dev/pts/1', 'PWD': '/home/fetch', 'ROS_ETC_DIR': '/opt/ros/indigo/etc/ros', 'MAIL': '/var/mail/fetch', 'SSH_CONNECTION': '192.168.70.3 59139 192.168.70.5 22'}]
[roslaunch][INFO] 2020-10-25 20:01:39,197: process[amcl-3]: args[[u'/opt/ros/indigo/lib/amcl/amcl', u'scan:=base_scan', u'map:=map', u'__name:=amcl']]
[roslaunch][INFO] 2020-10-25 20:01:39,197: ... created process [amcl-3]
[roslaunch.pmon][INFO] 2020-10-25 20:01:39,197: ProcessMonitor.register[amcl-3]
[roslaunch.pmon][INFO] 2020-10-25 20:01:39,197: ProcessMonitor.register[amcl-3] complete
[roslaunch][INFO] 2020-10-25 20:01:39,197: ... registered process [amcl-3]
[roslaunch][INFO] 2020-10-25 20:01:39,197: process[amcl-3]: starting os process
[roslaunch][INFO] 2020-10-25 20:01:39,198: process[amcl-3]: start w/ args [[u'/opt/ros/indigo/lib/amcl/amcl', u'scan:=base_scan', u'map:=map', u'__name:=amcl', u'__log:=/home/fetch/.ros/log/05289d0e-1737-11eb-b0c3-000babe55698/amcl-3.log']]
[roslaunch][INFO] 2020-10-25 20:01:39,198: process[amcl-3]: cwd will be [/home/fetch/.ros]
[roslaunch][INFO] 2020-10-25 20:01:39,200: process[amcl-3]: started with pid [3506]
[roslaunch][INFO] 2020-10-25 20:01:39,200: ... successfully launched [amcl-3]
[roslaunch][INFO] 2020-10-25 20:01:39,200: ... preparing to launch node of type [move_base/move_base]
[roslaunch][INFO] 2020-10-25 20:01:39,200: create_node_process: package[move_base] type[move_base] machine[Machine(name[] env_loader[None] address[localhost] ssh_port[22] user[None] assignable[True] timeout[10.0])] master_uri[http://localhost:11311]
[roslaunch][INFO] 2020-10-25 20:01:39,200: process[move_base-4]: env[{'ROS_DISTRO': 'indigo', 'LESSOPEN': '| /usr/bin/lesspipe %s', 'SSH_CLIENT': '192.168.70.3 59139 22', 'CPATH': '/home/fetch/catkin_ws/devel/include:/opt/ros/indigo/include', 'LOGNAME': 'fetch', 'USER': 'fetch', 'PATH': '/opt/ros/indigo/bin:/usr/local/sbin:/usr/local/bin:/usr/sbin:/usr/bin:/sbin:/bin:/usr/games:/usr/local/games', 'HOME': '/home/fetch', 'CMAKE_PREFIX_PATH': '/home/fetch/catkin_ws/devel:/opt/ros/indigo', 'ROS_LOG_FILENAME': '/home/fetch/.ros/log/05289d0e-1737-11eb-b0c3-000babe55698/roslaunch-freight1207-3486.log', 'LANG': 'en_US.UTF-8', 'TERM': 'xterm-256color', 'SHELL': '/bin/bash', 'SHLVL': '1', 'QT_QPA_PLATFORMTHEME': 'appmenu-qt5', 'DISPLAY': 'localhost:10.0', 'ROS_MASTER_URI': 'http://localhost:11311', 'XDG_RUNTIME_DIR': '/run/user/1000', 'PYTHONPATH': '/home/fetch/catkin_ws/devel/lib/python2.7/dist-packages:/opt/ros/indigo/lib/python2.7/dist-packages', 'ROS_ROOT': '/opt/ros/indigo/share/ros', 'PKG_CONFIG_PATH': '/home/fetch/catkin_ws/devel/lib/pkgconfig:/opt/ros/indigo/lib/pkgconfig', 'ROS_PACKAGE_PATH': '/home/fetch/catkin_ws/src:/opt/ros/indigo/share:/opt/ros/indigo/stacks', 'XDG_SESSION_ID': '1', '_': '/opt/ros/indigo/bin/roslaunch', 'LD_LIBRARY_PATH': '/home/fetch/catkin_ws/devel/lib:/opt/ros/indigo/lib', 'LS_COLORS': 'rs=0:di=01;34:ln=01;36:mh=00:pi=40;33:so=01;35:do=01;35:bd=40;33;01:cd=40;33;01:or=40;31;01:su=37;41:sg=30;43:ca=30;41:tw=30;42:ow=34;42:st=37;44:ex=01;32:*.tar=01;31:*.tgz=01;31:*.arj=01;31:*.taz=01;31:*.lzh=01;31:*.lzma=01;31:*.tlz=01;31:*.txz=01;31:*.zip=01;31:*.z=01;31:*.Z=01;31:*.dz=01;31:*.gz=01;31:*.lz=01;31:*.xz=01;31:*.bz2=01;31:*.bz=01;31:*.tbz=01;31:*.tbz2=01;31:*.tz=01;31:*.deb=01;31:*.rpm=01;31:*.jar=01;31:*.war=01;31:*.ear=01;31:*.sar=01;31:*.rar=01;31:*.ace=01;31:*.zoo=01;31:*.cpio=01;31:*.7z=01;31:*.rz=01;31:*.jpg=01;35:*.jpeg=01;35:*.gif=01;35:*.bmp=01;35:*.pbm=01;35:*.pgm=01;35:*.ppm=01;35:*.tga=01;35:*.xbm=01;35:*.xpm=01;35:*.tif=01;35:*.tiff=01;35:*.png=01;35:*.svg=01;35:*.svgz=01;35:*.mng=01;35:*.pcx=01;35:*.mov=01;35:*.mpg=01;35:*.mpeg=01;35:*.m2v=01;35:*.mkv=01;35:*.webm=01;35:*.ogm=01;35:*.mp4=01;35:*.m4v=01;35:*.mp4v=01;35:*.vob=01;35:*.qt=01;35:*.nuv=01;35:*.wmv=01;35:*.asf=01;35:*.rm=01;35:*.rmvb=01;35:*.flc=01;35:*.avi=01;35:*.fli=01;35:*.flv=01;35:*.gl=01;35:*.dl=01;35:*.xcf=01;35:*.xwd=01;35:*.yuv=01;35:*.cgm=01;35:*.emf=01;35:*.axv=01;35:*.anx=01;35:*.ogv=01;35:*.ogx=01;35:*.aac=00;36:*.au=00;36:*.flac=00;36:*.mid=00;36:*.midi=00;36:*.mka=00;36:*.mp3=00;36:*.mpc=00;36:*.ogg=00;36:*.ra=00;36:*.wav=00;36:*.axa=00;36:*.oga=00;36:*.spx=00;36:*.xspf=00;36:', 'LESSCLOSE': '/usr/bin/lesspipe %s %s', 'SSH_TTY': '/dev/pts/1', 'PWD': '/home/fetch', 'ROS_ETC_DIR': '/opt/ros/indigo/etc/ros', 'MAIL': '/var/mail/fetch', 'SSH_CONNECTION': '192.168.70.3 59139 192.168.70.5 22'}]
[roslaunch][INFO] 2020-10-25 20:01:39,202: process[move_base-4]: args[[u'/opt/ros/indigo/lib/move_base/move_base', u'cmd_vel:=cmd_vel', u'odom:=odom', u'map:=map', u'__name:=move_base']]
[roslaunch][INFO] 2020-10-25 20:01:39,202: ... created process [move_base-4]
[roslaunch.pmon][INFO] 2020-10-25 20:01:39,202: ProcessMonitor.register[move_base-4]
[roslaunch.pmon][INFO] 2020-10-25 20:01:39,202: ProcessMonitor.register[move_base-4] complete
[roslaunch][INFO] 2020-10-25 20:01:39,202: ... registered process [move_base-4]
[roslaunch][INFO] 2020-10-25 20:01:39,203: process[move_base-4]: starting os process
[roslaunch][INFO] 2020-10-25 20:01:39,203: process[move_base-4]: start w/ args [[u'/opt/ros/indigo/lib/move_base/move_base', u'cmd_vel:=cmd_vel', u'odom:=odom', u'map:=map', u'__name:=move_base', u'__log:=/home/fetch/.ros/log/05289d0e-1737-11eb-b0c3-000babe55698/move_base-4.log']]
[roslaunch][INFO] 2020-10-25 20:01:39,203: process[move_base-4]: cwd will be [/home/fetch/.ros]
[roslaunch][INFO] 2020-10-25 20:01:39,205: process[move_base-4]: started with pid [3507]
[roslaunch][INFO] 2020-10-25 20:01:39,205: ... successfully launched [move_base-4]
[roslaunch][INFO] 2020-10-25 20:01:39,206: ... launch_nodes complete
[roslaunch.pmon][INFO] 2020-10-25 20:01:39,206: registrations completed <ProcessMonitor(ProcessMonitor-1, started daemon 140509440349952)>
[roslaunch.parent][INFO] 2020-10-25 20:01:39,206: ... roslaunch parent running, waiting for process exit
[roslaunch][INFO] 2020-10-25 20:01:39,206: spin
[roslaunch][INFO] 2020-10-25 20:11:36,685: [map_server-1] process has finished cleanly
log file: /home/fetch/.ros/log/05289d0e-1737-11eb-b0c3-000babe55698/map_server-1*.log
[roslaunch.pmon][INFO] 2020-10-25 20:11:36,685: ProcessMonitor.unregister[map_server-1] starting
[roslaunch.pmon][INFO] 2020-10-25 20:11:36,685: ProcessMonitor.unregister[map_server-1] complete
[roslaunch][INFO] 2020-10-25 20:11:36,785: [amcl-3] process has finished cleanly
log file: /home/fetch/.ros/log/05289d0e-1737-11eb-b0c3-000babe55698/amcl-3*.log
[roslaunch.pmon][INFO] 2020-10-25 20:11:36,785: ProcessMonitor.unregister[amcl-3] starting
[roslaunch.pmon][INFO] 2020-10-25 20:11:36,786: ProcessMonitor.unregister[amcl-3] complete
[roslaunch][INFO] 2020-10-25 20:11:36,886: [move_base-4] process has finished cleanly
log file: /home/fetch/.ros/log/05289d0e-1737-11eb-b0c3-000babe55698/move_base-4*.log
[roslaunch][INFO] 2020-10-25 20:11:36,886: [move_base-4] restarting process
[roslaunch][INFO] 2020-10-25 20:11:36,886: process[move_base-4]: restarting os process
[roslaunch][INFO] 2020-10-25 20:11:36,886: process[move_base-4]: start w/ args [[u'/opt/ros/indigo/lib/move_base/move_base', u'cmd_vel:=cmd_vel', u'odom:=odom', u'map:=map', u'__name:=move_base', u'__log:=/home/fetch/.ros/log/05289d0e-1737-11eb-b0c3-000babe55698/move_base-4.log']]
[roslaunch][INFO] 2020-10-25 20:11:36,886: process[move_base-4]: cwd will be [/home/fetch/.ros]
[roslaunch][INFO] 2020-10-25 20:11:36,888: process[move_base-4]: started with pid [7000]
[roslaunch][INFO] 2020-10-25 20:11:37,990: [move_base-4] process has finished cleanly
log file: /home/fetch/.ros/log/05289d0e-1737-11eb-b0c3-000babe55698/move_base-4*.log
[roslaunch][INFO] 2020-10-25 20:11:37,990: [move_base-4] restarting process
[roslaunch][INFO] 2020-10-25 20:11:37,990: process[move_base-4]: restarting os process
[roslaunch][INFO] 2020-10-25 20:11:37,990: process[move_base-4]: start w/ args [[u'/opt/ros/indigo/lib/move_base/move_base', u'cmd_vel:=cmd_vel', u'odom:=odom', u'map:=map', u'__name:=move_base', u'__log:=/home/fetch/.ros/log/05289d0e-1737-11eb-b0c3-000babe55698/move_base-4.log']]
[roslaunch][INFO] 2020-10-25 20:11:37,990: process[move_base-4]: cwd will be [/home/fetch/.ros]
[roslaunch][INFO] 2020-10-25 20:11:37,992: process[move_base-4]: started with pid [8116]
[roslaunch][INFO] 2020-10-25 20:11:39,093: [move_base-4] process has finished cleanly
log file: /home/fetch/.ros/log/05289d0e-1737-11eb-b0c3-000babe55698/move_base-4*.log
[roslaunch][INFO] 2020-10-25 20:11:39,094: [move_base-4] restarting process
[roslaunch][INFO] 2020-10-25 20:11:39,094: process[move_base-4]: restarting os process
[roslaunch][INFO] 2020-10-25 20:11:39,094: process[move_base-4]: start w/ args [[u'/opt/ros/indigo/lib/move_base/move_base', u'cmd_vel:=cmd_vel', u'odom:=odom', u'map:=map', u'__name:=move_base', u'__log:=/home/fetch/.ros/log/05289d0e-1737-11eb-b0c3-000babe55698/move_base-4.log']]
[roslaunch][INFO] 2020-10-25 20:11:39,094: process[move_base-4]: cwd will be [/home/fetch/.ros]
[roslaunch][INFO] 2020-10-25 20:11:39,095: process[move_base-4]: started with pid [9227]
[roslaunch][INFO] 2020-10-25 20:11:40,298: [move_base-4] process has finished cleanly
log file: /home/fetch/.ros/log/05289d0e-1737-11eb-b0c3-000babe55698/move_base-4*.log
[roslaunch][INFO] 2020-10-25 20:11:40,298: [move_base-4] restarting process
[roslaunch][INFO] 2020-10-25 20:11:40,298: process[move_base-4]: restarting os process
[roslaunch][INFO] 2020-10-25 20:11:40,298: process[move_base-4]: start w/ args [[u'/opt/ros/indigo/lib/move_base/move_base', u'cmd_vel:=cmd_vel', u'odom:=odom', u'map:=map', u'__name:=move_base', u'__log:=/home/fetch/.ros/log/05289d0e-1737-11eb-b0c3-000babe55698/move_base-4.log']]
[roslaunch][INFO] 2020-10-25 20:11:40,298: process[move_base-4]: cwd will be [/home/fetch/.ros]
[roslaunch][INFO] 2020-10-25 20:11:40,300: process[move_base-4]: started with pid [10343]
[roslaunch][INFO] 2020-10-25 20:11:41,401: [move_base-4] process has finished cleanly
log file: /home/fetch/.ros/log/05289d0e-1737-11eb-b0c3-000babe55698/move_base-4*.log
[roslaunch][INFO] 2020-10-25 20:11:41,402: [move_base-4] restarting process
[roslaunch][INFO] 2020-10-25 20:11:41,402: process[move_base-4]: restarting os process
[roslaunch][INFO] 2020-10-25 20:11:41,402: process[move_base-4]: start w/ args [[u'/opt/ros/indigo/lib/move_base/move_base', u'cmd_vel:=cmd_vel', u'odom:=odom', u'map:=map', u'__name:=move_base', u'__log:=/home/fetch/.ros/log/05289d0e-1737-11eb-b0c3-000babe55698/move_base-4.log']]
[roslaunch][INFO] 2020-10-25 20:11:41,402: process[move_base-4]: cwd will be [/home/fetch/.ros]
[roslaunch][INFO] 2020-10-25 20:11:41,403: process[move_base-4]: started with pid [11483]
[roslaunch][INFO] 2020-10-25 20:11:42,505: [move_base-4] process has finished cleanly
log file: /home/fetch/.ros/log/05289d0e-1737-11eb-b0c3-000babe55698/move_base-4*.log
[roslaunch][INFO] 2020-10-25 20:11:42,505: [move_base-4] restarting process
[roslaunch][INFO] 2020-10-25 20:11:42,506: process[move_base-4]: restarting os process
[roslaunch][INFO] 2020-10-25 20:11:42,506: process[move_base-4]: start w/ args [[u'/opt/ros/indigo/lib/move_base/move_base', u'cmd_vel:=cmd_vel', u'odom:=odom', u'map:=map', u'__name:=move_base', u'__log:=/home/fetch/.ros/log/05289d0e-1737-11eb-b0c3-000babe55698/move_base-4.log']]
[roslaunch][INFO] 2020-10-25 20:11:42,506: process[move_base-4]: cwd will be [/home/fetch/.ros]
[roslaunch][INFO] 2020-10-25 20:11:42,507: process[move_base-4]: started with pid [12593]
[roslaunch][INFO] 2020-10-25 20:11:43,609: [move_base-4] process has finished cleanly
log file: /home/fetch/.ros/log/05289d0e-1737-11eb-b0c3-000babe55698/move_base-4*.log
[roslaunch][INFO] 2020-10-25 20:11:43,609: [move_base-4] restarting process
[roslaunch][INFO] 2020-10-25 20:11:43,609: process[move_base-4]: restarting os process
[roslaunch][INFO] 2020-10-25 20:11:43,609: process[move_base-4]: start w/ args [[u'/opt/ros/indigo/lib/move_base/move_base', u'cmd_vel:=cmd_vel', u'odom:=odom', u'map:=map', u'__name:=move_base', u'__log:=/home/fetch/.ros/log/05289d0e-1737-11eb-b0c3-000babe55698/move_base-4.log']]
[roslaunch][INFO] 2020-10-25 20:11:43,609: process[move_base-4]: cwd will be [/home/fetch/.ros]
[roslaunch][INFO] 2020-10-25 20:11:43,611: process[move_base-4]: started with pid [13709]
[roslaunch][INFO] 2020-10-25 20:11:44,713: [move_base-4] process has finished cleanly
log file: /home/fetch/.ros/log/05289d0e-1737-11eb-b0c3-000babe55698/move_base-4*.log
[roslaunch][INFO] 2020-10-25 20:11:44,713: [move_base-4] restarting process
[roslaunch][INFO] 2020-10-25 20:11:44,713: process[move_base-4]: restarting os process
[roslaunch][INFO] 2020-10-25 20:11:44,713: process[move_base-4]: start w/ args [[u'/opt/ros/indigo/lib/move_base/move_base', u'cmd_vel:=cmd_vel', u'odom:=odom', u'map:=map', u'__name:=move_base', u'__log:=/home/fetch/.ros/log/05289d0e-1737-11eb-b0c3-000babe55698/move_base-4.log']]
[roslaunch][INFO] 2020-10-25 20:11:44,713: process[move_base-4]: cwd will be [/home/fetch/.ros]
[roslaunch][INFO] 2020-10-25 20:11:44,717: process[move_base-4]: started with pid [14820]
[roslaunch][INFO] 2020-10-25 20:11:45,819: [move_base-4] process has finished cleanly
log file: /home/fetch/.ros/log/05289d0e-1737-11eb-b0c3-000babe55698/move_base-4*.log
[roslaunch][INFO] 2020-10-25 20:11:45,819: [move_base-4] restarting process
[roslaunch][INFO] 2020-10-25 20:11:45,819: process[move_base-4]: restarting os process
[roslaunch][INFO] 2020-10-25 20:11:45,819: process[move_base-4]: start w/ args [[u'/opt/ros/indigo/lib/move_base/move_base', u'cmd_vel:=cmd_vel', u'odom:=odom', u'map:=map', u'__name:=move_base', u'__log:=/home/fetch/.ros/log/05289d0e-1737-11eb-b0c3-000babe55698/move_base-4.log']]
[roslaunch][INFO] 2020-10-25 20:11:45,819: process[move_base-4]: cwd will be [/home/fetch/.ros]
[roslaunch][INFO] 2020-10-25 20:11:45,821: process[move_base-4]: started with pid [15940]
[roslaunch][INFO] 2020-10-25 20:11:47,023: [move_base-4] process has finished cleanly
log file: /home/fetch/.ros/log/05289d0e-1737-11eb-b0c3-000babe55698/move_base-4*.log
[roslaunch][INFO] 2020-10-25 20:11:47,023: [move_base-4] restarting process
[roslaunch][INFO] 2020-10-25 20:11:47,023: process[move_base-4]: restarting os process
[roslaunch][INFO] 2020-10-25 20:11:47,023: process[move_base-4]: start w/ args [[u'/opt/ros/indigo/lib/move_base/move_base', u'cmd_vel:=cmd_vel', u'odom:=odom', u'map:=map', u'__name:=move_base', u'__log:=/home/fetch/.ros/log/05289d0e-1737-11eb-b0c3-000babe55698/move_base-4.log']]
[roslaunch][INFO] 2020-10-25 20:11:47,023: process[move_base-4]: cwd will be [/home/fetch/.ros]
[roslaunch][INFO] 2020-10-25 20:11:47,025: process[move_base-4]: started with pid [17054]
[roslaunch][INFO] 2020-10-25 20:11:48,127: [rviz-2] process has finished cleanly
log file: /home/fetch/.ros/log/05289d0e-1737-11eb-b0c3-000babe55698/rviz-2*.log
[roslaunch][INFO] 2020-10-25 20:11:48,127: [move_base-4] process has finished cleanly
log file: /home/fetch/.ros/log/05289d0e-1737-11eb-b0c3-000babe55698/move_base-4*.log
[roslaunch.pmon][INFO] 2020-10-25 20:11:48,127: ProcessMonitor.unregister[rviz-2] starting
[roslaunch.pmon][INFO] 2020-10-25 20:11:48,127: ProcessMonitor.unregister[rviz-2] complete
[roslaunch][INFO] 2020-10-25 20:11:48,127: [move_base-4] restarting process
[roslaunch][INFO] 2020-10-25 20:11:48,127: process[move_base-4]: restarting os process
[roslaunch][INFO] 2020-10-25 20:11:48,127: process[move_base-4]: start w/ args [[u'/opt/ros/indigo/lib/move_base/move_base', u'cmd_vel:=cmd_vel', u'odom:=odom', u'map:=map', u'__name:=move_base', u'__log:=/home/fetch/.ros/log/05289d0e-1737-11eb-b0c3-000babe55698/move_base-4.log']]
[roslaunch][INFO] 2020-10-25 20:11:48,128: process[move_base-4]: cwd will be [/home/fetch/.ros]
[roslaunch][INFO] 2020-10-25 20:11:48,129: process[move_base-4]: started with pid [18191]
[roslaunch][INFO] 2020-10-25 20:11:49,331: [move_base-4] process has finished cleanly
log file: /home/fetch/.ros/log/05289d0e-1737-11eb-b0c3-000babe55698/move_base-4*.log
[roslaunch][INFO] 2020-10-25 20:11:49,331: [move_base-4] restarting process
[roslaunch][INFO] 2020-10-25 20:11:49,331: process[move_base-4]: restarting os process
[roslaunch][INFO] 2020-10-25 20:11:49,331: process[move_base-4]: start w/ args [[u'/opt/ros/indigo/lib/move_base/move_base', u'cmd_vel:=cmd_vel', u'odom:=odom', u'map:=map', u'__name:=move_base', u'__log:=/home/fetch/.ros/log/05289d0e-1737-11eb-b0c3-000babe55698/move_base-4.log']]
[roslaunch][INFO] 2020-10-25 20:11:49,331: process[move_base-4]: cwd will be [/home/fetch/.ros]
[roslaunch][INFO] 2020-10-25 20:11:49,333: process[move_base-4]: started with pid [19337]
[roslaunch][INFO] 2020-10-25 20:11:50,535: [move_base-4] process has finished cleanly
log file: /home/fetch/.ros/log/05289d0e-1737-11eb-b0c3-000babe55698/move_base-4*.log
[roslaunch][INFO] 2020-10-25 20:11:50,535: [move_base-4] restarting process
[roslaunch][INFO] 2020-10-25 20:11:50,535: process[move_base-4]: restarting os process
[roslaunch][INFO] 2020-10-25 20:11:50,535: process[move_base-4]: start w/ args [[u'/opt/ros/indigo/lib/move_base/move_base', u'cmd_vel:=cmd_vel', u'odom:=odom', u'map:=map', u'__name:=move_base', u'__log:=/home/fetch/.ros/log/05289d0e-1737-11eb-b0c3-000babe55698/move_base-4.log']]
[roslaunch][INFO] 2020-10-25 20:11:50,535: process[move_base-4]: cwd will be [/home/fetch/.ros]
[roslaunch][INFO] 2020-10-25 20:11:50,537: process[move_base-4]: started with pid [20447]
[roslaunch][INFO] 2020-10-25 20:11:51,639: [move_base-4] process has finished cleanly
log file: /home/fetch/.ros/log/05289d0e-1737-11eb-b0c3-000babe55698/move_base-4*.log
[roslaunch][INFO] 2020-10-25 20:11:51,639: [move_base-4] restarting process
[roslaunch][INFO] 2020-10-25 20:11:51,639: process[move_base-4]: restarting os process
[roslaunch][INFO] 2020-10-25 20:11:51,639: process[move_base-4]: start w/ args [[u'/opt/ros/indigo/lib/move_base/move_base', u'cmd_vel:=cmd_vel', u'odom:=odom', u'map:=map', u'__name:=move_base', u'__log:=/home/fetch/.ros/log/05289d0e-1737-11eb-b0c3-000babe55698/move_base-4.log']]
[roslaunch][INFO] 2020-10-25 20:11:51,639: process[move_base-4]: cwd will be [/home/fetch/.ros]
[roslaunch][INFO] 2020-10-25 20:11:51,641: process[move_base-4]: started with pid [21563]
[roslaunch][INFO] 2020-10-25 20:11:52,843: [move_base-4] process has finished cleanly
log file: /home/fetch/.ros/log/05289d0e-1737-11eb-b0c3-000babe55698/move_base-4*.log
[roslaunch][INFO] 2020-10-25 20:11:52,843: [move_base-4] restarting process
[roslaunch][INFO] 2020-10-25 20:11:52,843: process[move_base-4]: restarting os process
[roslaunch][INFO] 2020-10-25 20:11:52,843: process[move_base-4]: start w/ args [[u'/opt/ros/indigo/lib/move_base/move_base', u'cmd_vel:=cmd_vel', u'odom:=odom', u'map:=map', u'__name:=move_base', u'__log:=/home/fetch/.ros/log/05289d0e-1737-11eb-b0c3-000babe55698/move_base-4.log']]
[roslaunch][INFO] 2020-10-25 20:11:52,843: process[move_base-4]: cwd will be [/home/fetch/.ros]
[roslaunch][INFO] 2020-10-25 20:11:52,845: process[move_base-4]: started with pid [22674]
[roslaunch][INFO] 2020-10-25 20:11:54,047: [move_base-4] process has finished cleanly
log file: /home/fetch/.ros/log/05289d0e-1737-11eb-b0c3-000babe55698/move_base-4*.log
[roslaunch][INFO] 2020-10-25 20:11:54,047: [move_base-4] restarting process
[roslaunch][INFO] 2020-10-25 20:11:54,047: process[move_base-4]: restarting os process
[roslaunch][INFO] 2020-10-25 20:11:54,047: process[move_base-4]: start w/ args [[u'/opt/ros/indigo/lib/move_base/move_base', u'cmd_vel:=cmd_vel', u'odom:=odom', u'map:=map', u'__name:=move_base', u'__log:=/home/fetch/.ros/log/05289d0e-1737-11eb-b0c3-000babe55698/move_base-4.log']]
[roslaunch][INFO] 2020-10-25 20:11:54,047: process[move_base-4]: cwd will be [/home/fetch/.ros]
[roslaunch][INFO] 2020-10-25 20:11:54,049: process[move_base-4]: started with pid [23790]
[roslaunch][INFO] 2020-10-25 20:11:55,251: [move_base-4] process has finished cleanly
log file: /home/fetch/.ros/log/05289d0e-1737-11eb-b0c3-000babe55698/move_base-4*.log
[roslaunch][INFO] 2020-10-25 20:11:55,251: [move_base-4] restarting process
[roslaunch][INFO] 2020-10-25 20:11:55,251: process[move_base-4]: restarting os process
[roslaunch][INFO] 2020-10-25 20:11:55,251: process[move_base-4]: start w/ args [[u'/opt/ros/indigo/lib/move_base/move_base', u'cmd_vel:=cmd_vel', u'odom:=odom', u'map:=map', u'__name:=move_base', u'__log:=/home/fetch/.ros/log/05289d0e-1737-11eb-b0c3-000babe55698/move_base-4.log']]
[roslaunch][INFO] 2020-10-25 20:11:55,251: process[move_base-4]: cwd will be [/home/fetch/.ros]
[roslaunch][INFO] 2020-10-25 20:11:55,253: process[move_base-4]: started with pid [24900]
[roslaunch][INFO] 2020-10-25 20:11:56,455: [move_base-4] process has finished cleanly
log file: /home/fetch/.ros/log/05289d0e-1737-11eb-b0c3-000babe55698/move_base-4*.log
[roslaunch][INFO] 2020-10-25 20:11:56,455: [move_base-4] restarting process
[roslaunch][INFO] 2020-10-25 20:11:56,456: process[move_base-4]: restarting os process
[roslaunch][INFO] 2020-10-25 20:11:56,456: process[move_base-4]: start w/ args [[u'/opt/ros/indigo/lib/move_base/move_base', u'cmd_vel:=cmd_vel', u'odom:=odom', u'map:=map', u'__name:=move_base', u'__log:=/home/fetch/.ros/log/05289d0e-1737-11eb-b0c3-000babe55698/move_base-4.log']]
[roslaunch][INFO] 2020-10-25 20:11:56,456: process[move_base-4]: cwd will be [/home/fetch/.ros]
[roslaunch][INFO] 2020-10-25 20:11:56,457: process[move_base-4]: started with pid [26016]
[roslaunch][INFO] 2020-10-25 20:11:57,659: [move_base-4] process has finished cleanly
log file: /home/fetch/.ros/log/05289d0e-1737-11eb-b0c3-000babe55698/move_base-4*.log
[roslaunch][INFO] 2020-10-25 20:11:57,660: [move_base-4] restarting process
[roslaunch][INFO] 2020-10-25 20:11:57,660: process[move_base-4]: restarting os process
[roslaunch][INFO] 2020-10-25 20:11:57,660: process[move_base-4]: start w/ args [[u'/opt/ros/indigo/lib/move_base/move_base', u'cmd_vel:=cmd_vel', u'odom:=odom', u'map:=map', u'__name:=move_base', u'__log:=/home/fetch/.ros/log/05289d0e-1737-11eb-b0c3-000babe55698/move_base-4.log']]
[roslaunch][INFO] 2020-10-25 20:11:57,660: process[move_base-4]: cwd will be [/home/fetch/.ros]
[roslaunch][INFO] 2020-10-25 20:11:57,661: process[move_base-4]: started with pid [27132]
[roslaunch][INFO] 2020-10-25 20:11:58,863: [move_base-4] process has finished cleanly
log file: /home/fetch/.ros/log/05289d0e-1737-11eb-b0c3-000babe55698/move_base-4*.log
[roslaunch][INFO] 2020-10-25 20:11:58,864: [move_base-4] restarting process
[roslaunch][INFO] 2020-10-25 20:11:58,864: process[move_base-4]: restarting os process
[roslaunch][INFO] 2020-10-25 20:11:58,864: process[move_base-4]: start w/ args [[u'/opt/ros/indigo/lib/move_base/move_base', u'cmd_vel:=cmd_vel', u'odom:=odom', u'map:=map', u'__name:=move_base', u'__log:=/home/fetch/.ros/log/05289d0e-1737-11eb-b0c3-000babe55698/move_base-4.log']]
[roslaunch][INFO] 2020-10-25 20:11:58,864: process[move_base-4]: cwd will be [/home/fetch/.ros]
[roslaunch][INFO] 2020-10-25 20:11:58,865: process[move_base-4]: started with pid [28242]
[roslaunch][INFO] 2020-10-25 20:12:00,067: [move_base-4] process has finished cleanly
log file: /home/fetch/.ros/log/05289d0e-1737-11eb-b0c3-000babe55698/move_base-4*.log
[roslaunch][INFO] 2020-10-25 20:12:00,068: [move_base-4] restarting process
[roslaunch][INFO] 2020-10-25 20:12:00,068: process[move_base-4]: restarting os process
[roslaunch][INFO] 2020-10-25 20:12:00,068: process[move_base-4]: start w/ args [[u'/opt/ros/indigo/lib/move_base/move_base', u'cmd_vel:=cmd_vel', u'odom:=odom', u'map:=map', u'__name:=move_base', u'__log:=/home/fetch/.ros/log/05289d0e-1737-11eb-b0c3-000babe55698/move_base-4.log']]
[roslaunch][INFO] 2020-10-25 20:12:00,068: process[move_base-4]: cwd will be [/home/fetch/.ros]
[roslaunch][INFO] 2020-10-25 20:12:00,069: process[move_base-4]: started with pid [29359]
[roslaunch][INFO] 2020-10-25 20:12:01,271: [move_base-4] process has finished cleanly
log file: /home/fetch/.ros/log/05289d0e-1737-11eb-b0c3-000babe55698/move_base-4*.log
[roslaunch][INFO] 2020-10-25 20:12:01,272: [move_base-4] restarting process
[roslaunch][INFO] 2020-10-25 20:12:01,272: process[move_base-4]: restarting os process
[roslaunch][INFO] 2020-10-25 20:12:01,272: process[move_base-4]: start w/ args [[u'/opt/ros/indigo/lib/move_base/move_base', u'cmd_vel:=cmd_vel', u'odom:=odom', u'map:=map', u'__name:=move_base', u'__log:=/home/fetch/.ros/log/05289d0e-1737-11eb-b0c3-000babe55698/move_base-4.log']]
[roslaunch][INFO] 2020-10-25 20:12:01,272: process[move_base-4]: cwd will be [/home/fetch/.ros]
[roslaunch][INFO] 2020-10-25 20:12:01,273: process[move_base-4]: started with pid [30469]
[roslaunch][INFO] 2020-10-25 20:12:02,475: [move_base-4] process has finished cleanly
log file: /home/fetch/.ros/log/05289d0e-1737-11eb-b0c3-000babe55698/move_base-4*.log
[roslaunch][INFO] 2020-10-25 20:12:02,475: [move_base-4] restarting process
[roslaunch][INFO] 2020-10-25 20:12:02,475: process[move_base-4]: restarting os process
[roslaunch][INFO] 2020-10-25 20:12:02,476: process[move_base-4]: start w/ args [[u'/opt/ros/indigo/lib/move_base/move_base', u'cmd_vel:=cmd_vel', u'odom:=odom', u'map:=map', u'__name:=move_base', u'__log:=/home/fetch/.ros/log/05289d0e-1737-11eb-b0c3-000babe55698/move_base-4.log']]
[roslaunch][INFO] 2020-10-25 20:12:02,476: process[move_base-4]: cwd will be [/home/fetch/.ros]
[roslaunch][INFO] 2020-10-25 20:12:02,477: process[move_base-4]: started with pid [31585]
[roslaunch][INFO] 2020-10-25 20:12:03,679: [move_base-4] process has finished cleanly
log file: /home/fetch/.ros/log/05289d0e-1737-11eb-b0c3-000babe55698/move_base-4*.log
[roslaunch][INFO] 2020-10-25 20:12:03,679: [move_base-4] restarting process
[roslaunch][INFO] 2020-10-25 20:12:03,679: process[move_base-4]: restarting os process
[roslaunch][INFO] 2020-10-25 20:12:03,679: process[move_base-4]: start w/ args [[u'/opt/ros/indigo/lib/move_base/move_base', u'cmd_vel:=cmd_vel', u'odom:=odom', u'map:=map', u'__name:=move_base', u'__log:=/home/fetch/.ros/log/05289d0e-1737-11eb-b0c3-000babe55698/move_base-4.log']]
[roslaunch][INFO] 2020-10-25 20:12:03,680: process[move_base-4]: cwd will be [/home/fetch/.ros]
[roslaunch][INFO] 2020-10-25 20:12:03,681: process[move_base-4]: started with pid [32695]
[roslaunch][INFO] 2020-10-25 20:12:04,883: [move_base-4] process has finished cleanly
log file: /home/fetch/.ros/log/05289d0e-1737-11eb-b0c3-000babe55698/move_base-4*.log
[roslaunch][INFO] 2020-10-25 20:12:04,883: [move_base-4] restarting process
[roslaunch][INFO] 2020-10-25 20:12:04,883: process[move_base-4]: restarting os process
[roslaunch][INFO] 2020-10-25 20:12:04,883: process[move_base-4]: start w/ args [[u'/opt/ros/indigo/lib/move_base/move_base', u'cmd_vel:=cmd_vel', u'odom:=odom', u'map:=map', u'__name:=move_base', u'__log:=/home/fetch/.ros/log/05289d0e-1737-11eb-b0c3-000babe55698/move_base-4.log']]
[roslaunch][INFO] 2020-10-25 20:12:04,884: process[move_base-4]: cwd will be [/home/fetch/.ros]
[roslaunch][INFO] 2020-10-25 20:12:04,885: process[move_base-4]: started with pid [1440]
[roslaunch][INFO] 2020-10-25 20:12:06,087: [move_base-4] process has finished cleanly
log file: /home/fetch/.ros/log/05289d0e-1737-11eb-b0c3-000babe55698/move_base-4*.log
[roslaunch][INFO] 2020-10-25 20:12:06,087: [move_base-4] restarting process
[roslaunch][INFO] 2020-10-25 20:12:06,087: process[move_base-4]: restarting os process
[roslaunch][INFO] 2020-10-25 20:12:06,088: process[move_base-4]: start w/ args [[u'/opt/ros/indigo/lib/move_base/move_base', u'cmd_vel:=cmd_vel', u'odom:=odom', u'map:=map', u'__name:=move_base', u'__log:=/home/fetch/.ros/log/05289d0e-1737-11eb-b0c3-000babe55698/move_base-4.log']]
[roslaunch][INFO] 2020-10-25 20:12:06,088: process[move_base-4]: cwd will be [/home/fetch/.ros]
[roslaunch][INFO] 2020-10-25 20:12:06,089: process[move_base-4]: started with pid [2796]
[roslaunch][INFO] 2020-10-25 20:12:07,291: [move_base-4] process has finished cleanly
log file: /home/fetch/.ros/log/05289d0e-1737-11eb-b0c3-000babe55698/move_base-4*.log
[roslaunch][INFO] 2020-10-25 20:12:07,291: [move_base-4] restarting process
[roslaunch][INFO] 2020-10-25 20:12:07,291: process[move_base-4]: restarting os process
[roslaunch][INFO] 2020-10-25 20:12:07,292: process[move_base-4]: start w/ args [[u'/opt/ros/indigo/lib/move_base/move_base', u'cmd_vel:=cmd_vel', u'odom:=odom', u'map:=map', u'__name:=move_base', u'__log:=/home/fetch/.ros/log/05289d0e-1737-11eb-b0c3-000babe55698/move_base-4.log']]
[roslaunch][INFO] 2020-10-25 20:12:07,292: process[move_base-4]: cwd will be [/home/fetch/.ros]
[roslaunch][INFO] 2020-10-25 20:12:07,293: process[move_base-4]: started with pid [3941]
[roslaunch][INFO] 2020-10-25 20:12:08,495: [move_base-4] process has finished cleanly
log file: /home/fetch/.ros/log/05289d0e-1737-11eb-b0c3-000babe55698/move_base-4*.log
[roslaunch][INFO] 2020-10-25 20:12:08,495: [move_base-4] restarting process
[roslaunch][INFO] 2020-10-25 20:12:08,496: process[move_base-4]: restarting os process
[roslaunch][INFO] 2020-10-25 20:12:08,496: process[move_base-4]: start w/ args [[u'/opt/ros/indigo/lib/move_base/move_base', u'cmd_vel:=cmd_vel', u'odom:=odom', u'map:=map', u'__name:=move_base', u'__log:=/home/fetch/.ros/log/05289d0e-1737-11eb-b0c3-000babe55698/move_base-4.log']]
[roslaunch][INFO] 2020-10-25 20:12:08,496: process[move_base-4]: cwd will be [/home/fetch/.ros]
[roslaunch][INFO] 2020-10-25 20:12:08,497: process[move_base-4]: started with pid [5060]
[roslaunch][INFO] 2020-10-25 20:12:09,699: [move_base-4] process has finished cleanly
log file: /home/fetch/.ros/log/05289d0e-1737-11eb-b0c3-000babe55698/move_base-4*.log
[roslaunch][INFO] 2020-10-25 20:12:09,699: [move_base-4] restarting process
[roslaunch][INFO] 2020-10-25 20:12:09,699: process[move_base-4]: restarting os process
[roslaunch][INFO] 2020-10-25 20:12:09,700: process[move_base-4]: start w/ args [[u'/opt/ros/indigo/lib/move_base/move_base', u'cmd_vel:=cmd_vel', u'odom:=odom', u'map:=map', u'__name:=move_base', u'__log:=/home/fetch/.ros/log/05289d0e-1737-11eb-b0c3-000babe55698/move_base-4.log']]
[roslaunch][INFO] 2020-10-25 20:12:09,700: process[move_base-4]: cwd will be [/home/fetch/.ros]
[roslaunch][INFO] 2020-10-25 20:12:09,701: process[move_base-4]: started with pid [6181]
[roslaunch][INFO] 2020-10-25 20:12:10,803: [move_base-4] process has finished cleanly
log file: /home/fetch/.ros/log/05289d0e-1737-11eb-b0c3-000babe55698/move_base-4*.log
[roslaunch][INFO] 2020-10-25 20:12:10,803: [move_base-4] restarting process
[roslaunch][INFO] 2020-10-25 20:12:10,803: process[move_base-4]: restarting os process
[roslaunch][INFO] 2020-10-25 20:12:10,803: process[move_base-4]: start w/ args [[u'/opt/ros/indigo/lib/move_base/move_base', u'cmd_vel:=cmd_vel', u'odom:=odom', u'map:=map', u'__name:=move_base', u'__log:=/home/fetch/.ros/log/05289d0e-1737-11eb-b0c3-000babe55698/move_base-4.log']]
[roslaunch][INFO] 2020-10-25 20:12:10,803: process[move_base-4]: cwd will be [/home/fetch/.ros]
[roslaunch][INFO] 2020-10-25 20:12:10,805: process[move_base-4]: started with pid [7321]
[roslaunch][INFO] 2020-10-25 20:12:12,007: [move_base-4] process has finished cleanly
log file: /home/fetch/.ros/log/05289d0e-1737-11eb-b0c3-000babe55698/move_base-4*.log
[roslaunch][INFO] 2020-10-25 20:12:12,007: [move_base-4] restarting process
[roslaunch][INFO] 2020-10-25 20:12:12,007: process[move_base-4]: restarting os process
[roslaunch][INFO] 2020-10-25 20:12:12,008: process[move_base-4]: start w/ args [[u'/opt/ros/indigo/lib/move_base/move_base', u'cmd_vel:=cmd_vel', u'odom:=odom', u'map:=map', u'__name:=move_base', u'__log:=/home/fetch/.ros/log/05289d0e-1737-11eb-b0c3-000babe55698/move_base-4.log']]
[roslaunch][INFO] 2020-10-25 20:12:12,008: process[move_base-4]: cwd will be [/home/fetch/.ros]
[roslaunch][INFO] 2020-10-25 20:12:12,009: process[move_base-4]: started with pid [8437]
[roslaunch][INFO] 2020-10-25 20:12:13,111: [move_base-4] process has finished cleanly
log file: /home/fetch/.ros/log/05289d0e-1737-11eb-b0c3-000babe55698/move_base-4*.log
[roslaunch][INFO] 2020-10-25 20:12:13,111: [move_base-4] restarting process
[roslaunch][INFO] 2020-10-25 20:12:13,111: process[move_base-4]: restarting os process
[roslaunch][INFO] 2020-10-25 20:12:13,112: process[move_base-4]: start w/ args [[u'/opt/ros/indigo/lib/move_base/move_base', u'cmd_vel:=cmd_vel', u'odom:=odom', u'map:=map', u'__name:=move_base', u'__log:=/home/fetch/.ros/log/05289d0e-1737-11eb-b0c3-000babe55698/move_base-4.log']]
[roslaunch][INFO] 2020-10-25 20:12:13,112: process[move_base-4]: cwd will be [/home/fetch/.ros]
[roslaunch][INFO] 2020-10-25 20:12:13,113: process[move_base-4]: started with pid [9547]
[roslaunch][INFO] 2020-10-25 20:12:14,215: [move_base-4] process has finished cleanly
log file: /home/fetch/.ros/log/05289d0e-1737-11eb-b0c3-000babe55698/move_base-4*.log
[roslaunch][INFO] 2020-10-25 20:12:14,215: [move_base-4] restarting process
[roslaunch][INFO] 2020-10-25 20:12:14,215: process[move_base-4]: restarting os process
[roslaunch][INFO] 2020-10-25 20:12:14,215: process[move_base-4]: start w/ args [[u'/opt/ros/indigo/lib/move_base/move_base', u'cmd_vel:=cmd_vel', u'odom:=odom', u'map:=map', u'__name:=move_base', u'__log:=/home/fetch/.ros/log/05289d0e-1737-11eb-b0c3-000babe55698/move_base-4.log']]
[roslaunch][INFO] 2020-10-25 20:12:14,215: process[move_base-4]: cwd will be [/home/fetch/.ros]
[roslaunch][INFO] 2020-10-25 20:12:14,217: process[move_base-4]: started with pid [10663]
[roslaunch][INFO] 2020-10-25 20:12:15,319: [move_base-4] process has finished cleanly
log file: /home/fetch/.ros/log/05289d0e-1737-11eb-b0c3-000babe55698/move_base-4*.log
[roslaunch][INFO] 2020-10-25 20:12:15,319: [move_base-4] restarting process
[roslaunch][INFO] 2020-10-25 20:12:15,319: process[move_base-4]: restarting os process
[roslaunch][INFO] 2020-10-25 20:12:15,319: process[move_base-4]: start w/ args [[u'/opt/ros/indigo/lib/move_base/move_base', u'cmd_vel:=cmd_vel', u'odom:=odom', u'map:=map', u'__name:=move_base', u'__log:=/home/fetch/.ros/log/05289d0e-1737-11eb-b0c3-000babe55698/move_base-4.log']]
[roslaunch][INFO] 2020-10-25 20:12:15,319: process[move_base-4]: cwd will be [/home/fetch/.ros]
[roslaunch][INFO] 2020-10-25 20:12:15,321: process[move_base-4]: started with pid [11778]
[roslaunch][INFO] 2020-10-25 20:12:16,423: [move_base-4] process has finished cleanly
log file: /home/fetch/.ros/log/05289d0e-1737-11eb-b0c3-000babe55698/move_base-4*.log
[roslaunch][INFO] 2020-10-25 20:12:16,423: [move_base-4] restarting process
[roslaunch][INFO] 2020-10-25 20:12:16,423: process[move_base-4]: restarting os process
[roslaunch][INFO] 2020-10-25 20:12:16,423: process[move_base-4]: start w/ args [[u'/opt/ros/indigo/lib/move_base/move_base', u'cmd_vel:=cmd_vel', u'odom:=odom', u'map:=map', u'__name:=move_base', u'__log:=/home/fetch/.ros/log/05289d0e-1737-11eb-b0c3-000babe55698/move_base-4.log']]
[roslaunch][INFO] 2020-10-25 20:12:16,423: process[move_base-4]: cwd will be [/home/fetch/.ros]
[roslaunch][INFO] 2020-10-25 20:12:16,425: process[move_base-4]: started with pid [12895]
[roslaunch][INFO] 2020-10-25 20:12:17,527: [move_base-4] process has finished cleanly
log file: /home/fetch/.ros/log/05289d0e-1737-11eb-b0c3-000babe55698/move_base-4*.log
[roslaunch][INFO] 2020-10-25 20:12:17,527: [move_base-4] restarting process
[roslaunch][INFO] 2020-10-25 20:12:17,527: process[move_base-4]: restarting os process
[roslaunch][INFO] 2020-10-25 20:12:17,527: process[move_base-4]: start w/ args [[u'/opt/ros/indigo/lib/move_base/move_base', u'cmd_vel:=cmd_vel', u'odom:=odom', u'map:=map', u'__name:=move_base', u'__log:=/home/fetch/.ros/log/05289d0e-1737-11eb-b0c3-000babe55698/move_base-4.log']]
[roslaunch][INFO] 2020-10-25 20:12:17,527: process[move_base-4]: cwd will be [/home/fetch/.ros]
[roslaunch][INFO] 2020-10-25 20:12:17,529: process[move_base-4]: started with pid [14005]
[roslaunch][INFO] 2020-10-25 20:12:18,730: [move_base-4] process has finished cleanly
log file: /home/fetch/.ros/log/05289d0e-1737-11eb-b0c3-000babe55698/move_base-4*.log
[roslaunch][INFO] 2020-10-25 20:12:18,731: [move_base-4] restarting process
[roslaunch][INFO] 2020-10-25 20:12:18,731: process[move_base-4]: restarting os process
[roslaunch][INFO] 2020-10-25 20:12:18,731: process[move_base-4]: start w/ args [[u'/opt/ros/indigo/lib/move_base/move_base', u'cmd_vel:=cmd_vel', u'odom:=odom', u'map:=map', u'__name:=move_base', u'__log:=/home/fetch/.ros/log/05289d0e-1737-11eb-b0c3-000babe55698/move_base-4.log']]
[roslaunch][INFO] 2020-10-25 20:12:18,731: process[move_base-4]: cwd will be [/home/fetch/.ros]
[roslaunch][INFO] 2020-10-25 20:12:18,732: process[move_base-4]: started with pid [15121]
[roslaunch][INFO] 2020-10-25 20:12:19,834: [move_base-4] process has finished cleanly
log file: /home/fetch/.ros/log/05289d0e-1737-11eb-b0c3-000babe55698/move_base-4*.log
[roslaunch][INFO] 2020-10-25 20:12:19,834: [move_base-4] restarting process
[roslaunch][INFO] 2020-10-25 20:12:19,834: process[move_base-4]: restarting os process
[roslaunch][INFO] 2020-10-25 20:12:19,835: process[move_base-4]: start w/ args [[u'/opt/ros/indigo/lib/move_base/move_base', u'cmd_vel:=cmd_vel', u'odom:=odom', u'map:=map', u'__name:=move_base', u'__log:=/home/fetch/.ros/log/05289d0e-1737-11eb-b0c3-000babe55698/move_base-4.log']]
[roslaunch][INFO] 2020-10-25 20:12:19,835: process[move_base-4]: cwd will be [/home/fetch/.ros]
[roslaunch][INFO] 2020-10-25 20:12:19,836: process[move_base-4]: started with pid [16235]
[roslaunch][INFO] 2020-10-25 20:12:21,038: [move_base-4] process has finished cleanly
log file: /home/fetch/.ros/log/05289d0e-1737-11eb-b0c3-000babe55698/move_base-4*.log
[roslaunch][INFO] 2020-10-25 20:12:21,038: [move_base-4] restarting process
[roslaunch][INFO] 2020-10-25 20:12:21,038: process[move_base-4]: restarting os process
[roslaunch][INFO] 2020-10-25 20:12:21,039: process[move_base-4]: start w/ args [[u'/opt/ros/indigo/lib/move_base/move_base', u'cmd_vel:=cmd_vel', u'odom:=odom', u'map:=map', u'__name:=move_base', u'__log:=/home/fetch/.ros/log/05289d0e-1737-11eb-b0c3-000babe55698/move_base-4.log']]
[roslaunch][INFO] 2020-10-25 20:12:21,039: process[move_base-4]: cwd will be [/home/fetch/.ros]
[roslaunch][INFO] 2020-10-25 20:12:21,040: process[move_base-4]: started with pid [17355]
[roslaunch][INFO] 2020-10-25 20:12:22,142: [move_base-4] process has finished cleanly
log file: /home/fetch/.ros/log/05289d0e-1737-11eb-b0c3-000babe55698/move_base-4*.log
[roslaunch][INFO] 2020-10-25 20:12:22,142: [move_base-4] restarting process
[roslaunch][INFO] 2020-10-25 20:12:22,142: process[move_base-4]: restarting os process
[roslaunch][INFO] 2020-10-25 20:12:22,142: process[move_base-4]: start w/ args [[u'/opt/ros/indigo/lib/move_base/move_base', u'cmd_vel:=cmd_vel', u'odom:=odom', u'map:=map', u'__name:=move_base', u'__log:=/home/fetch/.ros/log/05289d0e-1737-11eb-b0c3-000babe55698/move_base-4.log']]
[roslaunch][INFO] 2020-10-25 20:12:22,143: process[move_base-4]: cwd will be [/home/fetch/.ros]
[roslaunch][INFO] 2020-10-25 20:12:22,144: process[move_base-4]: started with pid [18467]
[roslaunch][INFO] 2020-10-25 20:12:23,246: [move_base-4] process has finished cleanly
log file: /home/fetch/.ros/log/05289d0e-1737-11eb-b0c3-000babe55698/move_base-4*.log
[roslaunch][INFO] 2020-10-25 20:12:23,246: [move_base-4] restarting process
[roslaunch][INFO] 2020-10-25 20:12:23,246: process[move_base-4]: restarting os process
[roslaunch][INFO] 2020-10-25 20:12:23,246: process[move_base-4]: start w/ args [[u'/opt/ros/indigo/lib/move_base/move_base', u'cmd_vel:=cmd_vel', u'odom:=odom', u'map:=map', u'__name:=move_base', u'__log:=/home/fetch/.ros/log/05289d0e-1737-11eb-b0c3-000babe55698/move_base-4.log']]
[roslaunch][INFO] 2020-10-25 20:12:23,246: process[move_base-4]: cwd will be [/home/fetch/.ros]
[roslaunch][INFO] 2020-10-25 20:12:23,248: process[move_base-4]: started with pid [19584]
[roslaunch][INFO] 2020-10-25 20:12:24,450: [move_base-4] process has finished cleanly
log file: /home/fetch/.ros/log/05289d0e-1737-11eb-b0c3-000babe55698/move_base-4*.log
[roslaunch][INFO] 2020-10-25 20:12:24,450: [move_base-4] restarting process
[roslaunch][INFO] 2020-10-25 20:12:24,450: process[move_base-4]: restarting os process
[roslaunch][INFO] 2020-10-25 20:12:24,450: process[move_base-4]: start w/ args [[u'/opt/ros/indigo/lib/move_base/move_base', u'cmd_vel:=cmd_vel', u'odom:=odom', u'map:=map', u'__name:=move_base', u'__log:=/home/fetch/.ros/log/05289d0e-1737-11eb-b0c3-000babe55698/move_base-4.log']]
[roslaunch][INFO] 2020-10-25 20:12:24,450: process[move_base-4]: cwd will be [/home/fetch/.ros]
[roslaunch][INFO] 2020-10-25 20:12:24,452: process[move_base-4]: started with pid [20700]
[roslaunch][INFO] 2020-10-25 20:12:25,554: [move_base-4] process has finished cleanly
log file: /home/fetch/.ros/log/05289d0e-1737-11eb-b0c3-000babe55698/move_base-4*.log
[roslaunch][INFO] 2020-10-25 20:12:25,554: [move_base-4] restarting process
[roslaunch][INFO] 2020-10-25 20:12:25,554: process[move_base-4]: restarting os process
[roslaunch][INFO] 2020-10-25 20:12:25,554: process[move_base-4]: start w/ args [[u'/opt/ros/indigo/lib/move_base/move_base', u'cmd_vel:=cmd_vel', u'odom:=odom', u'map:=map', u'__name:=move_base', u'__log:=/home/fetch/.ros/log/05289d0e-1737-11eb-b0c3-000babe55698/move_base-4.log']]
[roslaunch][INFO] 2020-10-25 20:12:25,554: process[move_base-4]: cwd will be [/home/fetch/.ros]
[roslaunch][INFO] 2020-10-25 20:12:25,556: process[move_base-4]: started with pid [21810]
[roslaunch][INFO] 2020-10-25 20:12:26,657: [move_base-4] process has finished cleanly
log file: /home/fetch/.ros/log/05289d0e-1737-11eb-b0c3-000babe55698/move_base-4*.log
[roslaunch][INFO] 2020-10-25 20:12:26,658: [move_base-4] restarting process
[roslaunch][INFO] 2020-10-25 20:12:26,658: process[move_base-4]: restarting os process
[roslaunch][INFO] 2020-10-25 20:12:26,658: process[move_base-4]: start w/ args [[u'/opt/ros/indigo/lib/move_base/move_base', u'cmd_vel:=cmd_vel', u'odom:=odom', u'map:=map', u'__name:=move_base', u'__log:=/home/fetch/.ros/log/05289d0e-1737-11eb-b0c3-000babe55698/move_base-4.log']]
[roslaunch][INFO] 2020-10-25 20:12:26,658: process[move_base-4]: cwd will be [/home/fetch/.ros]
[roslaunch][INFO] 2020-10-25 20:12:26,659: process[move_base-4]: started with pid [22926]
[roslaunch][INFO] 2020-10-25 20:12:27,761: [move_base-4] process has finished cleanly
log file: /home/fetch/.ros/log/05289d0e-1737-11eb-b0c3-000babe55698/move_base-4*.log
[roslaunch][INFO] 2020-10-25 20:12:27,761: [move_base-4] restarting process
[roslaunch][INFO] 2020-10-25 20:12:27,762: process[move_base-4]: restarting os process
[roslaunch][INFO] 2020-10-25 20:12:27,762: process[move_base-4]: start w/ args [[u'/opt/ros/indigo/lib/move_base/move_base', u'cmd_vel:=cmd_vel', u'odom:=odom', u'map:=map', u'__name:=move_base', u'__log:=/home/fetch/.ros/log/05289d0e-1737-11eb-b0c3-000babe55698/move_base-4.log']]
[roslaunch][INFO] 2020-10-25 20:12:27,762: process[move_base-4]: cwd will be [/home/fetch/.ros]
[roslaunch][INFO] 2020-10-25 20:12:27,763: process[move_base-4]: started with pid [24036]
[roslaunch][INFO] 2020-10-25 20:12:28,865: [move_base-4] process has finished cleanly
log file: /home/fetch/.ros/log/05289d0e-1737-11eb-b0c3-000babe55698/move_base-4*.log
[roslaunch][INFO] 2020-10-25 20:12:28,865: [move_base-4] restarting process
[roslaunch][INFO] 2020-10-25 20:12:28,866: process[move_base-4]: restarting os process
[roslaunch][INFO] 2020-10-25 20:12:28,866: process[move_base-4]: start w/ args [[u'/opt/ros/indigo/lib/move_base/move_base', u'cmd_vel:=cmd_vel', u'odom:=odom', u'map:=map', u'__name:=move_base', u'__log:=/home/fetch/.ros/log/05289d0e-1737-11eb-b0c3-000babe55698/move_base-4.log']]
[roslaunch][INFO] 2020-10-25 20:12:28,866: process[move_base-4]: cwd will be [/home/fetch/.ros]
[roslaunch][INFO] 2020-10-25 20:12:28,867: process[move_base-4]: started with pid [25152]
[roslaunch][INFO] 2020-10-25 20:12:30,069: [move_base-4] process has finished cleanly
log file: /home/fetch/.ros/log/05289d0e-1737-11eb-b0c3-000babe55698/move_base-4*.log
[roslaunch][INFO] 2020-10-25 20:12:30,069: [move_base-4] restarting process
[roslaunch][INFO] 2020-10-25 20:12:30,069: process[move_base-4]: restarting os process
[roslaunch][INFO] 2020-10-25 20:12:30,070: process[move_base-4]: start w/ args [[u'/opt/ros/indigo/lib/move_base/move_base', u'cmd_vel:=cmd_vel', u'odom:=odom', u'map:=map', u'__name:=move_base', u'__log:=/home/fetch/.ros/log/05289d0e-1737-11eb-b0c3-000babe55698/move_base-4.log']]
[roslaunch][INFO] 2020-10-25 20:12:30,070: process[move_base-4]: cwd will be [/home/fetch/.ros]
[roslaunch][INFO] 2020-10-25 20:12:30,071: process[move_base-4]: started with pid [26262]
[roslaunch][INFO] 2020-10-25 20:12:31,173: [move_base-4] process has finished cleanly
log file: /home/fetch/.ros/log/05289d0e-1737-11eb-b0c3-000babe55698/move_base-4*.log
[roslaunch][INFO] 2020-10-25 20:12:31,173: [move_base-4] restarting process
[roslaunch][INFO] 2020-10-25 20:12:31,173: process[move_base-4]: restarting os process
[roslaunch][INFO] 2020-10-25 20:12:31,173: process[move_base-4]: start w/ args [[u'/opt/ros/indigo/lib/move_base/move_base', u'cmd_vel:=cmd_vel', u'odom:=odom', u'map:=map', u'__name:=move_base', u'__log:=/home/fetch/.ros/log/05289d0e-1737-11eb-b0c3-000babe55698/move_base-4.log']]
[roslaunch][INFO] 2020-10-25 20:12:31,173: process[move_base-4]: cwd will be [/home/fetch/.ros]
[roslaunch][INFO] 2020-10-25 20:12:31,175: process[move_base-4]: started with pid [27378]
[roslaunch][INFO] 2020-10-25 20:12:32,377: [move_base-4] process has finished cleanly
log file: /home/fetch/.ros/log/05289d0e-1737-11eb-b0c3-000babe55698/move_base-4*.log
[roslaunch][INFO] 2020-10-25 20:12:32,377: [move_base-4] restarting process
[roslaunch][INFO] 2020-10-25 20:12:32,377: process[move_base-4]: restarting os process
[roslaunch][INFO] 2020-10-25 20:12:32,377: process[move_base-4]: start w/ args [[u'/opt/ros/indigo/lib/move_base/move_base', u'cmd_vel:=cmd_vel', u'odom:=odom', u'map:=map', u'__name:=move_base', u'__log:=/home/fetch/.ros/log/05289d0e-1737-11eb-b0c3-000babe55698/move_base-4.log']]
[roslaunch][INFO] 2020-10-25 20:12:32,377: process[move_base-4]: cwd will be [/home/fetch/.ros]
[roslaunch][INFO] 2020-10-25 20:12:32,379: process[move_base-4]: started with pid [28488]
[roslaunch][INFO] 2020-10-25 20:12:33,481: [move_base-4] process has finished cleanly
log file: /home/fetch/.ros/log/05289d0e-1737-11eb-b0c3-000babe55698/move_base-4*.log
[roslaunch][INFO] 2020-10-25 20:12:33,481: [move_base-4] restarting process
[roslaunch][INFO] 2020-10-25 20:12:33,481: process[move_base-4]: restarting os process
[roslaunch][INFO] 2020-10-25 20:12:33,481: process[move_base-4]: start w/ args [[u'/opt/ros/indigo/lib/move_base/move_base', u'cmd_vel:=cmd_vel', u'odom:=odom', u'map:=map', u'__name:=move_base', u'__log:=/home/fetch/.ros/log/05289d0e-1737-11eb-b0c3-000babe55698/move_base-4.log']]
[roslaunch][INFO] 2020-10-25 20:12:33,481: process[move_base-4]: cwd will be [/home/fetch/.ros]
[roslaunch][INFO] 2020-10-25 20:12:33,483: process[move_base-4]: started with pid [29604]
[roslaunch][INFO] 2020-10-25 20:12:34,685: [move_base-4] process has finished cleanly
log file: /home/fetch/.ros/log/05289d0e-1737-11eb-b0c3-000babe55698/move_base-4*.log
[roslaunch][INFO] 2020-10-25 20:12:34,685: [move_base-4] restarting process
[roslaunch][INFO] 2020-10-25 20:12:34,685: process[move_base-4]: restarting os process
[roslaunch][INFO] 2020-10-25 20:12:34,685: process[move_base-4]: start w/ args [[u'/opt/ros/indigo/lib/move_base/move_base', u'cmd_vel:=cmd_vel', u'odom:=odom', u'map:=map', u'__name:=move_base', u'__log:=/home/fetch/.ros/log/05289d0e-1737-11eb-b0c3-000babe55698/move_base-4.log']]
[roslaunch][INFO] 2020-10-25 20:12:34,685: process[move_base-4]: cwd will be [/home/fetch/.ros]
[roslaunch][INFO] 2020-10-25 20:12:34,687: process[move_base-4]: started with pid [30720]
[roslaunch][INFO] 2020-10-25 20:12:35,789: [move_base-4] process has finished cleanly
log file: /home/fetch/.ros/log/05289d0e-1737-11eb-b0c3-000babe55698/move_base-4*.log
[roslaunch][INFO] 2020-10-25 20:12:35,789: [move_base-4] restarting process
[roslaunch][INFO] 2020-10-25 20:12:35,789: process[move_base-4]: restarting os process
[roslaunch][INFO] 2020-10-25 20:12:35,789: process[move_base-4]: start w/ args [[u'/opt/ros/indigo/lib/move_base/move_base', u'cmd_vel:=cmd_vel', u'odom:=odom', u'map:=map', u'__name:=move_base', u'__log:=/home/fetch/.ros/log/05289d0e-1737-11eb-b0c3-000babe55698/move_base-4.log']]
[roslaunch][INFO] 2020-10-25 20:12:35,789: process[move_base-4]: cwd will be [/home/fetch/.ros]
[roslaunch][INFO] 2020-10-25 20:12:35,791: process[move_base-4]: started with pid [31830]
[roslaunch][INFO] 2020-10-25 20:12:36,893: [move_base-4] process has finished cleanly
log file: /home/fetch/.ros/log/05289d0e-1737-11eb-b0c3-000babe55698/move_base-4*.log
[roslaunch][INFO] 2020-10-25 20:12:36,893: [move_base-4] restarting process
[roslaunch][INFO] 2020-10-25 20:12:36,893: process[move_base-4]: restarting os process
[roslaunch][INFO] 2020-10-25 20:12:36,893: process[move_base-4]: start w/ args [[u'/opt/ros/indigo/lib/move_base/move_base', u'cmd_vel:=cmd_vel', u'odom:=odom', u'map:=map', u'__name:=move_base', u'__log:=/home/fetch/.ros/log/05289d0e-1737-11eb-b0c3-000babe55698/move_base-4.log']]
[roslaunch][INFO] 2020-10-25 20:12:36,893: process[move_base-4]: cwd will be [/home/fetch/.ros]
[roslaunch][INFO] 2020-10-25 20:12:36,895: process[move_base-4]: started with pid [491]
[roslaunch][INFO] 2020-10-25 20:12:37,996: [move_base-4] process has finished cleanly
log file: /home/fetch/.ros/log/05289d0e-1737-11eb-b0c3-000babe55698/move_base-4*.log
[roslaunch][INFO] 2020-10-25 20:12:37,997: [move_base-4] restarting process
[roslaunch][INFO] 2020-10-25 20:12:37,997: process[move_base-4]: restarting os process
[roslaunch][INFO] 2020-10-25 20:12:37,997: process[move_base-4]: start w/ args [[u'/opt/ros/indigo/lib/move_base/move_base', u'cmd_vel:=cmd_vel', u'odom:=odom', u'map:=map', u'__name:=move_base', u'__log:=/home/fetch/.ros/log/05289d0e-1737-11eb-b0c3-000babe55698/move_base-4.log']]
[roslaunch][INFO] 2020-10-25 20:12:37,997: process[move_base-4]: cwd will be [/home/fetch/.ros]
[roslaunch][INFO] 2020-10-25 20:12:37,999: process[move_base-4]: started with pid [1805]
[roslaunch][INFO] 2020-10-25 20:12:39,200: [move_base-4] process has finished cleanly
log file: /home/fetch/.ros/log/05289d0e-1737-11eb-b0c3-000babe55698/move_base-4*.log
[roslaunch][INFO] 2020-10-25 20:12:39,201: [move_base-4] restarting process
[roslaunch][INFO] 2020-10-25 20:12:39,201: process[move_base-4]: restarting os process
[roslaunch][INFO] 2020-10-25 20:12:39,201: process[move_base-4]: start w/ args [[u'/opt/ros/indigo/lib/move_base/move_base', u'cmd_vel:=cmd_vel', u'odom:=odom', u'map:=map', u'__name:=move_base', u'__log:=/home/fetch/.ros/log/05289d0e-1737-11eb-b0c3-000babe55698/move_base-4.log']]
[roslaunch][INFO] 2020-10-25 20:12:39,201: process[move_base-4]: cwd will be [/home/fetch/.ros]
[roslaunch][INFO] 2020-10-25 20:12:39,202: process[move_base-4]: started with pid [3062]
[roslaunch][INFO] 2020-10-25 20:12:40,304: [move_base-4] process has finished cleanly
log file: /home/fetch/.ros/log/05289d0e-1737-11eb-b0c3-000babe55698/move_base-4*.log
[roslaunch][INFO] 2020-10-25 20:12:40,305: [move_base-4] restarting process
[roslaunch][INFO] 2020-10-25 20:12:40,305: process[move_base-4]: restarting os process
[roslaunch][INFO] 2020-10-25 20:12:40,305: process[move_base-4]: start w/ args [[u'/opt/ros/indigo/lib/move_base/move_base', u'cmd_vel:=cmd_vel', u'odom:=odom', u'map:=map', u'__name:=move_base', u'__log:=/home/fetch/.ros/log/05289d0e-1737-11eb-b0c3-000babe55698/move_base-4.log']]
[roslaunch][INFO] 2020-10-25 20:12:40,305: process[move_base-4]: cwd will be [/home/fetch/.ros]
[roslaunch][INFO] 2020-10-25 20:12:40,306: process[move_base-4]: started with pid [4186]
[roslaunch][INFO] 2020-10-25 20:12:41,508: [move_base-4] process has finished cleanly
log file: /home/fetch/.ros/log/05289d0e-1737-11eb-b0c3-000babe55698/move_base-4*.log
[roslaunch][INFO] 2020-10-25 20:12:41,509: [move_base-4] restarting process
[roslaunch][INFO] 2020-10-25 20:12:41,509: process[move_base-4]: restarting os process
[roslaunch][INFO] 2020-10-25 20:12:41,509: process[move_base-4]: start w/ args [[u'/opt/ros/indigo/lib/move_base/move_base', u'cmd_vel:=cmd_vel', u'odom:=odom', u'map:=map', u'__name:=move_base', u'__log:=/home/fetch/.ros/log/05289d0e-1737-11eb-b0c3-000babe55698/move_base-4.log']]
[roslaunch][INFO] 2020-10-25 20:12:41,509: process[move_base-4]: cwd will be [/home/fetch/.ros]
[roslaunch][INFO] 2020-10-25 20:12:41,510: process[move_base-4]: started with pid [5305]
[roslaunch][INFO] 2020-10-25 20:12:42,612: [move_base-4] process has finished cleanly
log file: /home/fetch/.ros/log/05289d0e-1737-11eb-b0c3-000babe55698/move_base-4*.log
[roslaunch][INFO] 2020-10-25 20:12:42,613: [move_base-4] restarting process
[roslaunch][INFO] 2020-10-25 20:12:42,613: process[move_base-4]: restarting os process
[roslaunch][INFO] 2020-10-25 20:12:42,613: process[move_base-4]: start w/ args [[u'/opt/ros/indigo/lib/move_base/move_base', u'cmd_vel:=cmd_vel', u'odom:=odom', u'map:=map', u'__name:=move_base', u'__log:=/home/fetch/.ros/log/05289d0e-1737-11eb-b0c3-000babe55698/move_base-4.log']]
[roslaunch][INFO] 2020-10-25 20:12:42,613: process[move_base-4]: cwd will be [/home/fetch/.ros]
[roslaunch][INFO] 2020-10-25 20:12:42,614: process[move_base-4]: started with pid [6428]
[roslaunch][INFO] 2020-10-25 20:12:43,716: [move_base-4] process has finished cleanly
log file: /home/fetch/.ros/log/05289d0e-1737-11eb-b0c3-000babe55698/move_base-4*.log
[roslaunch][INFO] 2020-10-25 20:12:43,716: [move_base-4] restarting process
[roslaunch][INFO] 2020-10-25 20:12:43,716: process[move_base-4]: restarting os process
[roslaunch][INFO] 2020-10-25 20:12:43,717: process[move_base-4]: start w/ args [[u'/opt/ros/indigo/lib/move_base/move_base', u'cmd_vel:=cmd_vel', u'odom:=odom', u'map:=map', u'__name:=move_base', u'__log:=/home/fetch/.ros/log/05289d0e-1737-11eb-b0c3-000babe55698/move_base-4.log']]
[roslaunch][INFO] 2020-10-25 20:12:43,717: process[move_base-4]: cwd will be [/home/fetch/.ros]
[roslaunch][INFO] 2020-10-25 20:12:43,718: process[move_base-4]: started with pid [7565]
[roslaunch][INFO] 2020-10-25 20:12:44,920: [move_base-4] process has finished cleanly
log file: /home/fetch/.ros/log/05289d0e-1737-11eb-b0c3-000babe55698/move_base-4*.log
[roslaunch][INFO] 2020-10-25 20:12:44,920: [move_base-4] restarting process
[roslaunch][INFO] 2020-10-25 20:12:44,920: process[move_base-4]: restarting os process
[roslaunch][INFO] 2020-10-25 20:12:44,920: process[move_base-4]: start w/ args [[u'/opt/ros/indigo/lib/move_base/move_base', u'cmd_vel:=cmd_vel', u'odom:=odom', u'map:=map', u'__name:=move_base', u'__log:=/home/fetch/.ros/log/05289d0e-1737-11eb-b0c3-000babe55698/move_base-4.log']]
[roslaunch][INFO] 2020-10-25 20:12:44,920: process[move_base-4]: cwd will be [/home/fetch/.ros]
[roslaunch][INFO] 2020-10-25 20:12:44,922: process[move_base-4]: started with pid [8675]
[roslaunch][INFO] 2020-10-25 20:12:46,024: [move_base-4] process has finished cleanly
log file: /home/fetch/.ros/log/05289d0e-1737-11eb-b0c3-000babe55698/move_base-4*.log
[roslaunch][INFO] 2020-10-25 20:12:46,024: [move_base-4] restarting process
[roslaunch][INFO] 2020-10-25 20:12:46,024: process[move_base-4]: restarting os process
[roslaunch][INFO] 2020-10-25 20:12:46,024: process[move_base-4]: start w/ args [[u'/opt/ros/indigo/lib/move_base/move_base', u'cmd_vel:=cmd_vel', u'odom:=odom', u'map:=map', u'__name:=move_base', u'__log:=/home/fetch/.ros/log/05289d0e-1737-11eb-b0c3-000babe55698/move_base-4.log']]
[roslaunch][INFO] 2020-10-25 20:12:46,024: process[move_base-4]: cwd will be [/home/fetch/.ros]
[roslaunch][INFO] 2020-10-25 20:12:46,026: process[move_base-4]: started with pid [9791]
[roslaunch][INFO] 2020-10-25 20:12:47,228: [move_base-4] process has finished cleanly
log file: /home/fetch/.ros/log/05289d0e-1737-11eb-b0c3-000babe55698/move_base-4*.log
[roslaunch][INFO] 2020-10-25 20:12:47,228: [move_base-4] restarting process
[roslaunch][INFO] 2020-10-25 20:12:47,228: process[move_base-4]: restarting os process
[roslaunch][INFO] 2020-10-25 20:12:47,228: process[move_base-4]: start w/ args [[u'/opt/ros/indigo/lib/move_base/move_base', u'cmd_vel:=cmd_vel', u'odom:=odom', u'map:=map', u'__name:=move_base', u'__log:=/home/fetch/.ros/log/05289d0e-1737-11eb-b0c3-000babe55698/move_base-4.log']]
[roslaunch][INFO] 2020-10-25 20:12:47,228: process[move_base-4]: cwd will be [/home/fetch/.ros]
[roslaunch][INFO] 2020-10-25 20:12:47,230: process[move_base-4]: started with pid [10907]
[roslaunch][INFO] 2020-10-25 20:12:48,332: [move_base-4] process has finished cleanly
log file: /home/fetch/.ros/log/05289d0e-1737-11eb-b0c3-000babe55698/move_base-4*.log
[roslaunch][INFO] 2020-10-25 20:12:48,332: [move_base-4] restarting process
[roslaunch][INFO] 2020-10-25 20:12:48,332: process[move_base-4]: restarting os process
[roslaunch][INFO] 2020-10-25 20:12:48,332: process[move_base-4]: start w/ args [[u'/opt/ros/indigo/lib/move_base/move_base', u'cmd_vel:=cmd_vel', u'odom:=odom', u'map:=map', u'__name:=move_base', u'__log:=/home/fetch/.ros/log/05289d0e-1737-11eb-b0c3-000babe55698/move_base-4.log']]
[roslaunch][INFO] 2020-10-25 20:12:48,332: process[move_base-4]: cwd will be [/home/fetch/.ros]
[roslaunch][INFO] 2020-10-25 20:12:48,337: process[move_base-4]: started with pid [12022]
[roslaunch][INFO] 2020-10-25 20:12:49,539: [move_base-4] process has finished cleanly
log file: /home/fetch/.ros/log/05289d0e-1737-11eb-b0c3-000babe55698/move_base-4*.log
[roslaunch][INFO] 2020-10-25 20:12:49,539: [move_base-4] restarting process
[roslaunch][INFO] 2020-10-25 20:12:49,539: process[move_base-4]: restarting os process
[roslaunch][INFO] 2020-10-25 20:12:49,539: process[move_base-4]: start w/ args [[u'/opt/ros/indigo/lib/move_base/move_base', u'cmd_vel:=cmd_vel', u'odom:=odom', u'map:=map', u'__name:=move_base', u'__log:=/home/fetch/.ros/log/05289d0e-1737-11eb-b0c3-000babe55698/move_base-4.log']]
[roslaunch][INFO] 2020-10-25 20:12:49,540: process[move_base-4]: cwd will be [/home/fetch/.ros]
[roslaunch][INFO] 2020-10-25 20:12:49,541: process[move_base-4]: started with pid [13138]
[roslaunch][INFO] 2020-10-25 20:12:50,743: [move_base-4] process has finished cleanly
log file: /home/fetch/.ros/log/05289d0e-1737-11eb-b0c3-000babe55698/move_base-4*.log
[roslaunch][INFO] 2020-10-25 20:12:50,743: [move_base-4] restarting process
[roslaunch][INFO] 2020-10-25 20:12:50,743: process[move_base-4]: restarting os process
[roslaunch][INFO] 2020-10-25 20:12:50,743: process[move_base-4]: start w/ args [[u'/opt/ros/indigo/lib/move_base/move_base', u'cmd_vel:=cmd_vel', u'odom:=odom', u'map:=map', u'__name:=move_base', u'__log:=/home/fetch/.ros/log/05289d0e-1737-11eb-b0c3-000babe55698/move_base-4.log']]
[roslaunch][INFO] 2020-10-25 20:12:50,743: process[move_base-4]: cwd will be [/home/fetch/.ros]
[roslaunch][INFO] 2020-10-25 20:12:50,745: process[move_base-4]: started with pid [14248]
[roslaunch][INFO] 2020-10-25 20:12:51,947: [move_base-4] process has finished cleanly
log file: /home/fetch/.ros/log/05289d0e-1737-11eb-b0c3-000babe55698/move_base-4*.log
[roslaunch][INFO] 2020-10-25 20:12:51,947: [move_base-4] restarting process
[roslaunch][INFO] 2020-10-25 20:12:51,947: process[move_base-4]: restarting os process
[roslaunch][INFO] 2020-10-25 20:12:51,948: process[move_base-4]: start w/ args [[u'/opt/ros/indigo/lib/move_base/move_base', u'cmd_vel:=cmd_vel', u'odom:=odom', u'map:=map', u'__name:=move_base', u'__log:=/home/fetch/.ros/log/05289d0e-1737-11eb-b0c3-000babe55698/move_base-4.log']]
[roslaunch][INFO] 2020-10-25 20:12:51,948: process[move_base-4]: cwd will be [/home/fetch/.ros]
[roslaunch][INFO] 2020-10-25 20:12:51,949: process[move_base-4]: started with pid [15368]
[roslaunch][INFO] 2020-10-25 20:12:53,151: [move_base-4] process has finished cleanly
log file: /home/fetch/.ros/log/05289d0e-1737-11eb-b0c3-000babe55698/move_base-4*.log
[roslaunch][INFO] 2020-10-25 20:12:53,152: [move_base-4] restarting process
[roslaunch][INFO] 2020-10-25 20:12:53,152: process[move_base-4]: restarting os process
[roslaunch][INFO] 2020-10-25 20:12:53,152: process[move_base-4]: start w/ args [[u'/opt/ros/indigo/lib/move_base/move_base', u'cmd_vel:=cmd_vel', u'odom:=odom', u'map:=map', u'__name:=move_base', u'__log:=/home/fetch/.ros/log/05289d0e-1737-11eb-b0c3-000babe55698/move_base-4.log']]
[roslaunch][INFO] 2020-10-25 20:12:53,152: process[move_base-4]: cwd will be [/home/fetch/.ros]
[roslaunch][INFO] 2020-10-25 20:12:53,153: process[move_base-4]: started with pid [16478]
[roslaunch][INFO] 2020-10-25 20:12:54,356: [move_base-4] process has finished cleanly
log file: /home/fetch/.ros/log/05289d0e-1737-11eb-b0c3-000babe55698/move_base-4*.log
[roslaunch][INFO] 2020-10-25 20:12:54,356: [move_base-4] restarting process
[roslaunch][INFO] 2020-10-25 20:12:54,356: process[move_base-4]: restarting os process
[roslaunch][INFO] 2020-10-25 20:12:54,356: process[move_base-4]: start w/ args [[u'/opt/ros/indigo/lib/move_base/move_base', u'cmd_vel:=cmd_vel', u'odom:=odom', u'map:=map', u'__name:=move_base', u'__log:=/home/fetch/.ros/log/05289d0e-1737-11eb-b0c3-000babe55698/move_base-4.log']]
[roslaunch][INFO] 2020-10-25 20:12:54,356: process[move_base-4]: cwd will be [/home/fetch/.ros]
[roslaunch][INFO] 2020-10-25 20:12:54,357: process[move_base-4]: started with pid [17598]
[roslaunch][INFO] 2020-10-25 20:12:55,459: [move_base-4] process has finished cleanly
log file: /home/fetch/.ros/log/05289d0e-1737-11eb-b0c3-000babe55698/move_base-4*.log
[roslaunch][INFO] 2020-10-25 20:12:55,459: [move_base-4] restarting process
[roslaunch][INFO] 2020-10-25 20:12:55,459: process[move_base-4]: restarting os process
[roslaunch][INFO] 2020-10-25 20:12:55,459: process[move_base-4]: start w/ args [[u'/opt/ros/indigo/lib/move_base/move_base', u'cmd_vel:=cmd_vel', u'odom:=odom', u'map:=map', u'__name:=move_base', u'__log:=/home/fetch/.ros/log/05289d0e-1737-11eb-b0c3-000babe55698/move_base-4.log']]
[roslaunch][INFO] 2020-10-25 20:12:55,460: process[move_base-4]: cwd will be [/home/fetch/.ros]
[roslaunch][INFO] 2020-10-25 20:12:55,461: process[move_base-4]: started with pid [18716]
[roslaunch][INFO] 2020-10-25 20:12:56,563: [move_base-4] process has finished cleanly
log file: /home/fetch/.ros/log/05289d0e-1737-11eb-b0c3-000babe55698/move_base-4*.log
[roslaunch][INFO] 2020-10-25 20:12:56,563: [move_base-4] restarting process
[roslaunch][INFO] 2020-10-25 20:12:56,563: process[move_base-4]: restarting os process
[roslaunch][INFO] 2020-10-25 20:12:56,563: process[move_base-4]: start w/ args [[u'/opt/ros/indigo/lib/move_base/move_base', u'cmd_vel:=cmd_vel', u'odom:=odom', u'map:=map', u'__name:=move_base', u'__log:=/home/fetch/.ros/log/05289d0e-1737-11eb-b0c3-000babe55698/move_base-4.log']]
[roslaunch][INFO] 2020-10-25 20:12:56,563: process[move_base-4]: cwd will be [/home/fetch/.ros]
[roslaunch][INFO] 2020-10-25 20:12:56,565: process[move_base-4]: started with pid [19827]
[roslaunch][INFO] 2020-10-25 20:12:57,767: [move_base-4] process has finished cleanly
log file: /home/fetch/.ros/log/05289d0e-1737-11eb-b0c3-000babe55698/move_base-4*.log
[roslaunch][INFO] 2020-10-25 20:12:57,767: [move_base-4] restarting process
[roslaunch][INFO] 2020-10-25 20:12:57,767: process[move_base-4]: restarting os process
[roslaunch][INFO] 2020-10-25 20:12:57,768: process[move_base-4]: start w/ args [[u'/opt/ros/indigo/lib/move_base/move_base', u'cmd_vel:=cmd_vel', u'odom:=odom', u'map:=map', u'__name:=move_base', u'__log:=/home/fetch/.ros/log/05289d0e-1737-11eb-b0c3-000babe55698/move_base-4.log']]
[roslaunch][INFO] 2020-10-25 20:12:57,768: process[move_base-4]: cwd will be [/home/fetch/.ros]
[roslaunch][INFO] 2020-10-25 20:12:57,769: process[move_base-4]: started with pid [20943]
[roslaunch][INFO] 2020-10-25 20:12:58,871: [move_base-4] process has finished cleanly
log file: /home/fetch/.ros/log/05289d0e-1737-11eb-b0c3-000babe55698/move_base-4*.log
[roslaunch][INFO] 2020-10-25 20:12:58,871: [move_base-4] restarting process
[roslaunch][INFO] 2020-10-25 20:12:58,871: process[move_base-4]: restarting os process
[roslaunch][INFO] 2020-10-25 20:12:58,871: process[move_base-4]: start w/ args [[u'/opt/ros/indigo/lib/move_base/move_base', u'cmd_vel:=cmd_vel', u'odom:=odom', u'map:=map', u'__name:=move_base', u'__log:=/home/fetch/.ros/log/05289d0e-1737-11eb-b0c3-000babe55698/move_base-4.log']]
[roslaunch][INFO] 2020-10-25 20:12:58,872: process[move_base-4]: cwd will be [/home/fetch/.ros]
[roslaunch][INFO] 2020-10-25 20:12:58,873: process[move_base-4]: started with pid [22053]
[roslaunch][INFO] 2020-10-25 20:13:00,075: [move_base-4] process has finished cleanly
log file: /home/fetch/.ros/log/05289d0e-1737-11eb-b0c3-000babe55698/move_base-4*.log
[roslaunch][INFO] 2020-10-25 20:13:00,075: [move_base-4] restarting process
[roslaunch][INFO] 2020-10-25 20:13:00,075: process[move_base-4]: restarting os process
[roslaunch][INFO] 2020-10-25 20:13:00,076: process[move_base-4]: start w/ args [[u'/opt/ros/indigo/lib/move_base/move_base', u'cmd_vel:=cmd_vel', u'odom:=odom', u'map:=map', u'__name:=move_base', u'__log:=/home/fetch/.ros/log/05289d0e-1737-11eb-b0c3-000babe55698/move_base-4.log']]
[roslaunch][INFO] 2020-10-25 20:13:00,076: process[move_base-4]: cwd will be [/home/fetch/.ros]
[roslaunch][INFO] 2020-10-25 20:13:00,077: process[move_base-4]: started with pid [23169]
[roslaunch][INFO] 2020-10-25 20:13:01,279: [move_base-4] process has finished cleanly
log file: /home/fetch/.ros/log/05289d0e-1737-11eb-b0c3-000babe55698/move_base-4*.log
[roslaunch][INFO] 2020-10-25 20:13:01,279: [move_base-4] restarting process
[roslaunch][INFO] 2020-10-25 20:13:01,279: process[move_base-4]: restarting os process
[roslaunch][INFO] 2020-10-25 20:13:01,280: process[move_base-4]: start w/ args [[u'/opt/ros/indigo/lib/move_base/move_base', u'cmd_vel:=cmd_vel', u'odom:=odom', u'map:=map', u'__name:=move_base', u'__log:=/home/fetch/.ros/log/05289d0e-1737-11eb-b0c3-000babe55698/move_base-4.log']]
[roslaunch][INFO] 2020-10-25 20:13:01,280: process[move_base-4]: cwd will be [/home/fetch/.ros]
[roslaunch][INFO] 2020-10-25 20:13:01,281: process[move_base-4]: started with pid [24279]
[roslaunch][INFO] 2020-10-25 20:13:02,383: [move_base-4] process has finished cleanly
log file: /home/fetch/.ros/log/05289d0e-1737-11eb-b0c3-000babe55698/move_base-4*.log
[roslaunch][INFO] 2020-10-25 20:13:02,383: [move_base-4] restarting process
[roslaunch][INFO] 2020-10-25 20:13:02,383: process[move_base-4]: restarting os process
[roslaunch][INFO] 2020-10-25 20:13:02,383: process[move_base-4]: start w/ args [[u'/opt/ros/indigo/lib/move_base/move_base', u'cmd_vel:=cmd_vel', u'odom:=odom', u'map:=map', u'__name:=move_base', u'__log:=/home/fetch/.ros/log/05289d0e-1737-11eb-b0c3-000babe55698/move_base-4.log']]
[roslaunch][INFO] 2020-10-25 20:13:02,384: process[move_base-4]: cwd will be [/home/fetch/.ros]
[roslaunch][INFO] 2020-10-25 20:13:02,385: process[move_base-4]: started with pid [25395]
[roslaunch][INFO] 2020-10-25 20:13:03,487: [move_base-4] process has finished cleanly
log file: /home/fetch/.ros/log/05289d0e-1737-11eb-b0c3-000babe55698/move_base-4*.log
[roslaunch][INFO] 2020-10-25 20:13:03,487: [move_base-4] restarting process
[roslaunch][INFO] 2020-10-25 20:13:03,487: process[move_base-4]: restarting os process
[roslaunch][INFO] 2020-10-25 20:13:03,487: process[move_base-4]: start w/ args [[u'/opt/ros/indigo/lib/move_base/move_base', u'cmd_vel:=cmd_vel', u'odom:=odom', u'map:=map', u'__name:=move_base', u'__log:=/home/fetch/.ros/log/05289d0e-1737-11eb-b0c3-000babe55698/move_base-4.log']]
[roslaunch][INFO] 2020-10-25 20:13:03,487: process[move_base-4]: cwd will be [/home/fetch/.ros]
[roslaunch][INFO] 2020-10-25 20:13:03,489: process[move_base-4]: started with pid [26505]
[roslaunch][INFO] 2020-10-25 20:13:04,691: [move_base-4] process has finished cleanly
log file: /home/fetch/.ros/log/05289d0e-1737-11eb-b0c3-000babe55698/move_base-4*.log
[roslaunch][INFO] 2020-10-25 20:13:04,691: [move_base-4] restarting process
[roslaunch][INFO] 2020-10-25 20:13:04,691: process[move_base-4]: restarting os process
[roslaunch][INFO] 2020-10-25 20:13:04,691: process[move_base-4]: start w/ args [[u'/opt/ros/indigo/lib/move_base/move_base', u'cmd_vel:=cmd_vel', u'odom:=odom', u'map:=map', u'__name:=move_base', u'__log:=/home/fetch/.ros/log/05289d0e-1737-11eb-b0c3-000babe55698/move_base-4.log']]
[roslaunch][INFO] 2020-10-25 20:13:04,692: process[move_base-4]: cwd will be [/home/fetch/.ros]
[roslaunch][INFO] 2020-10-25 20:13:04,693: process[move_base-4]: started with pid [27621]
[roslaunch][INFO] 2020-10-25 20:13:05,795: [move_base-4] process has finished cleanly
log file: /home/fetch/.ros/log/05289d0e-1737-11eb-b0c3-000babe55698/move_base-4*.log
[roslaunch][INFO] 2020-10-25 20:13:05,795: [move_base-4] restarting process
[roslaunch][INFO] 2020-10-25 20:13:05,795: process[move_base-4]: restarting os process
[roslaunch][INFO] 2020-10-25 20:13:05,795: process[move_base-4]: start w/ args [[u'/opt/ros/indigo/lib/move_base/move_base', u'cmd_vel:=cmd_vel', u'odom:=odom', u'map:=map', u'__name:=move_base', u'__log:=/home/fetch/.ros/log/05289d0e-1737-11eb-b0c3-000babe55698/move_base-4.log']]
[roslaunch][INFO] 2020-10-25 20:13:05,795: process[move_base-4]: cwd will be [/home/fetch/.ros]
[roslaunch][INFO] 2020-10-25 20:13:05,797: process[move_base-4]: started with pid [28737]
[roslaunch][INFO] 2020-10-25 20:13:06,899: [move_base-4] process has finished cleanly
log file: /home/fetch/.ros/log/05289d0e-1737-11eb-b0c3-000babe55698/move_base-4*.log
[roslaunch][INFO] 2020-10-25 20:13:06,899: [move_base-4] restarting process
[roslaunch][INFO] 2020-10-25 20:13:06,899: process[move_base-4]: restarting os process
[roslaunch][INFO] 2020-10-25 20:13:06,899: process[move_base-4]: start w/ args [[u'/opt/ros/indigo/lib/move_base/move_base', u'cmd_vel:=cmd_vel', u'odom:=odom', u'map:=map', u'__name:=move_base', u'__log:=/home/fetch/.ros/log/05289d0e-1737-11eb-b0c3-000babe55698/move_base-4.log']]
[roslaunch][INFO] 2020-10-25 20:13:06,899: process[move_base-4]: cwd will be [/home/fetch/.ros]
[roslaunch][INFO] 2020-10-25 20:13:06,901: process[move_base-4]: started with pid [29847]
[roslaunch][INFO] 2020-10-25 20:13:08,002: [move_base-4] process has finished cleanly
log file: /home/fetch/.ros/log/05289d0e-1737-11eb-b0c3-000babe55698/move_base-4*.log
[roslaunch][INFO] 2020-10-25 20:13:08,003: [move_base-4] restarting process
[roslaunch][INFO] 2020-10-25 20:13:08,003: process[move_base-4]: restarting os process
[roslaunch][INFO] 2020-10-25 20:13:08,003: process[move_base-4]: start w/ args [[u'/opt/ros/indigo/lib/move_base/move_base', u'cmd_vel:=cmd_vel', u'odom:=odom', u'map:=map', u'__name:=move_base', u'__log:=/home/fetch/.ros/log/05289d0e-1737-11eb-b0c3-000babe55698/move_base-4.log']]
[roslaunch][INFO] 2020-10-25 20:13:08,003: process[move_base-4]: cwd will be [/home/fetch/.ros]
[roslaunch][INFO] 2020-10-25 20:13:08,004: process[move_base-4]: started with pid [30963]
[roslaunch][INFO] 2020-10-25 20:13:09,206: [move_base-4] process has finished cleanly
log file: /home/fetch/.ros/log/05289d0e-1737-11eb-b0c3-000babe55698/move_base-4*.log
[roslaunch][INFO] 2020-10-25 20:13:09,207: [move_base-4] restarting process
[roslaunch][INFO] 2020-10-25 20:13:09,207: process[move_base-4]: restarting os process
[roslaunch][INFO] 2020-10-25 20:13:09,207: process[move_base-4]: start w/ args [[u'/opt/ros/indigo/lib/move_base/move_base', u'cmd_vel:=cmd_vel', u'odom:=odom', u'map:=map', u'__name:=move_base', u'__log:=/home/fetch/.ros/log/05289d0e-1737-11eb-b0c3-000babe55698/move_base-4.log']]
[roslaunch][INFO] 2020-10-25 20:13:09,207: process[move_base-4]: cwd will be [/home/fetch/.ros]
[roslaunch][INFO] 2020-10-25 20:13:09,208: process[move_base-4]: started with pid [32073]
[roslaunch][INFO] 2020-10-25 20:13:10,410: [move_base-4] process has finished cleanly
log file: /home/fetch/.ros/log/05289d0e-1737-11eb-b0c3-000babe55698/move_base-4*.log
[roslaunch][INFO] 2020-10-25 20:13:10,410: [move_base-4] restarting process
[roslaunch][INFO] 2020-10-25 20:13:10,411: process[move_base-4]: restarting os process
[roslaunch][INFO] 2020-10-25 20:13:10,411: process[move_base-4]: start w/ args [[u'/opt/ros/indigo/lib/move_base/move_base', u'cmd_vel:=cmd_vel', u'odom:=odom', u'map:=map', u'__name:=move_base', u'__log:=/home/fetch/.ros/log/05289d0e-1737-11eb-b0c3-000babe55698/move_base-4.log']]
[roslaunch][INFO] 2020-10-25 20:13:10,411: process[move_base-4]: cwd will be [/home/fetch/.ros]
[roslaunch][INFO] 2020-10-25 20:13:10,412: process[move_base-4]: started with pid [749]
[roslaunch][INFO] 2020-10-25 20:13:11,514: [move_base-4] process has finished cleanly
log file: /home/fetch/.ros/log/05289d0e-1737-11eb-b0c3-000babe55698/move_base-4*.log
[roslaunch][INFO] 2020-10-25 20:13:11,514: [move_base-4] restarting process
[roslaunch][INFO] 2020-10-25 20:13:11,514: process[move_base-4]: restarting os process
[roslaunch][INFO] 2020-10-25 20:13:11,514: process[move_base-4]: start w/ args [[u'/opt/ros/indigo/lib/move_base/move_base', u'cmd_vel:=cmd_vel', u'odom:=odom', u'map:=map', u'__name:=move_base', u'__log:=/home/fetch/.ros/log/05289d0e-1737-11eb-b0c3-000babe55698/move_base-4.log']]
[roslaunch][INFO] 2020-10-25 20:13:11,514: process[move_base-4]: cwd will be [/home/fetch/.ros]
[roslaunch][INFO] 2020-10-25 20:13:11,516: process[move_base-4]: started with pid [2103]
[roslaunch][INFO] 2020-10-25 20:13:12,618: [move_base-4] process has finished cleanly
log file: /home/fetch/.ros/log/05289d0e-1737-11eb-b0c3-000babe55698/move_base-4*.log
[roslaunch][INFO] 2020-10-25 20:13:12,618: [move_base-4] restarting process
[roslaunch][INFO] 2020-10-25 20:13:12,618: process[move_base-4]: restarting os process
[roslaunch][INFO] 2020-10-25 20:13:12,618: process[move_base-4]: start w/ args [[u'/opt/ros/indigo/lib/move_base/move_base', u'cmd_vel:=cmd_vel', u'odom:=odom', u'map:=map', u'__name:=move_base', u'__log:=/home/fetch/.ros/log/05289d0e-1737-11eb-b0c3-000babe55698/move_base-4.log']]
[roslaunch][INFO] 2020-10-25 20:13:12,618: process[move_base-4]: cwd will be [/home/fetch/.ros]
[roslaunch][INFO] 2020-10-25 20:13:12,620: process[move_base-4]: started with pid [3309]
[roslaunch][INFO] 2020-10-25 20:13:13,822: [move_base-4] process has finished cleanly
log file: /home/fetch/.ros/log/05289d0e-1737-11eb-b0c3-000babe55698/move_base-4*.log
[roslaunch][INFO] 2020-10-25 20:13:13,822: [move_base-4] restarting process
[roslaunch][INFO] 2020-10-25 20:13:13,822: process[move_base-4]: restarting os process
[roslaunch][INFO] 2020-10-25 20:13:13,822: process[move_base-4]: start w/ args [[u'/opt/ros/indigo/lib/move_base/move_base', u'cmd_vel:=cmd_vel', u'odom:=odom', u'map:=map', u'__name:=move_base', u'__log:=/home/fetch/.ros/log/05289d0e-1737-11eb-b0c3-000babe55698/move_base-4.log']]
[roslaunch][INFO] 2020-10-25 20:13:13,822: process[move_base-4]: cwd will be [/home/fetch/.ros]
[roslaunch][INFO] 2020-10-25 20:13:13,824: process[move_base-4]: started with pid [4433]
[roslaunch][INFO] 2020-10-25 20:13:15,026: [move_base-4] process has finished cleanly
log file: /home/fetch/.ros/log/05289d0e-1737-11eb-b0c3-000babe55698/move_base-4*.log
[roslaunch][INFO] 2020-10-25 20:13:15,026: [move_base-4] restarting process
[roslaunch][INFO] 2020-10-25 20:13:15,026: process[move_base-4]: restarting os process
[roslaunch][INFO] 2020-10-25 20:13:15,026: process[move_base-4]: start w/ args [[u'/opt/ros/indigo/lib/move_base/move_base', u'cmd_vel:=cmd_vel', u'odom:=odom', u'map:=map', u'__name:=move_base', u'__log:=/home/fetch/.ros/log/05289d0e-1737-11eb-b0c3-000babe55698/move_base-4.log']]
[roslaunch][INFO] 2020-10-25 20:13:15,026: process[move_base-4]: cwd will be [/home/fetch/.ros]
[roslaunch][INFO] 2020-10-25 20:13:15,028: process[move_base-4]: started with pid [5552]
[roslaunch.pmon][INFO] 2020-10-25 20:13:23,707: ProcessMonitor.shutdown <ProcessMonitor(ProcessMonitor-1, started daemon 140509440349952)>
[roslaunch.pmon][INFO] 2020-10-25 20:13:23,741: ProcessMonitor._post_run <ProcessMonitor(ProcessMonitor-1, started daemon 140509440349952)>
[roslaunch.pmon][INFO] 2020-10-25 20:13:23,741: ProcessMonitor._post_run <ProcessMonitor(ProcessMonitor-1, started daemon 140509440349952)>: remaining procs are [<roslaunch.nodeprocess.LocalProcess object at 0x7fcae769b990>]
[roslaunch.pmon][INFO] 2020-10-25 20:13:23,741: ProcessMonitor exit: killing move_base-4
[roslaunch][INFO] 2020-10-25 20:13:23,742: [move_base-4] killing on exit
[roslaunch][INFO] 2020-10-25 20:13:23,742: process[move_base-4]: killing os process with pid[5552] pgid[5552]
[roslaunch][INFO] 2020-10-25 20:13:23,742: [move_base-4] sending SIGINT to pgid [5552]
[roslaunch][INFO] 2020-10-25 20:13:23,742: [move_base-4] sent SIGINT to pgid [5552]
[roslaunch][INFO] 2020-10-25 20:13:24,343: process[move_base-4]: SIGINT killed with return value 0
[roslaunch.pmon][INFO] 2020-10-25 20:13:24,343: ProcessMonitor exit: cleaning up data structures and signals
[roslaunch.pmon][INFO] 2020-10-25 20:13:24,343: ProcessMonitor exit: pmon has shutdown
[roslaunch][INFO] 2020-10-25 20:13:24,372: process monitor is done spinning, initiating full shutdown
[roslaunch][INFO] 2020-10-25 20:13:24,372: runner.stop()
[roslaunch][INFO] 2020-10-25 20:13:24,372: shutting down processing monitor...
[roslaunch][INFO] 2020-10-25 20:13:24,372: shutting down processing monitor <ProcessMonitor(ProcessMonitor-1, stopped daemon 140509440349952)>
[roslaunch.pmon][INFO] 2020-10-25 20:13:24,372: ProcessMonitor.shutdown <ProcessMonitor(ProcessMonitor-1, stopped daemon 140509440349952)>
[roslaunch][INFO] 2020-10-25 20:13:24,372: ... shutting down processing monitor complete
[roslaunch][INFO] 2020-10-25 20:13:24,372: done
[roslaunch.pmon][INFO] 2020-10-25 20:13:24,372: ProcessMonitor.shutdown <ProcessMonitor(ProcessMonitor-1, stopped daemon 140509440349952)>
[rospy.core][INFO] 2020-10-25 20:13:24,372: signal_shutdown [atexit]
