[roslaunch][INFO] 2020-11-02 17:39:53,901: Checking log directory for disk usage. This may take awhile.
Press Ctrl-C to interrupt
[roslaunch][INFO] 2020-11-02 17:39:53,905: Done checking log file disk usage. Usage is <1GB.
[roslaunch][INFO] 2020-11-02 17:39:53,905: roslaunch starting with args ['/opt/ros/indigo/bin/roslaunch', 'robot_local_control', 'robot_local_control.launch']
[roslaunch][INFO] 2020-11-02 17:39:53,905: roslaunch env is {'ROS_DISTRO': 'indigo', 'NVM_CD_FLAGS': '', 'LESSOPEN': '| /usr/bin/lesspipe %s', 'SSH_CLIENT': '172.22.77.105 50555 22', 'CPATH': '/home/fetch/catkin_ws/devel/include:/opt/ros/indigo/include', 'LOGNAME': 'fetch', 'USER': 'fetch', 'NVM_DIR': '/home/fetch/.nvm', 'PATH': '/home/fetch/.nvm/versions/node/v10.15.3/bin:/opt/ros/indigo/bin:/usr/local/sbin:/usr/local/bin:/usr/sbin:/usr/bin:/sbin:/bin:/usr/games:/usr/local/games', 'HOME': '/home/fetch', 'VIRTUALENVWRAPPER_SCRIPT': '/usr/share/virtualenvwrapper/virtualenvwrapper.sh', 'LD_LIBRARY_PATH': '/home/fetch/catkin_ws/devel/lib:/opt/ros/indigo/lib', 'LANG': 'en_US.UTF-8', 'TERM': 'xterm-256color', 'SHELL': '/bin/bash', 'ROS_LOG_FILENAME': '/home/fetch/.ros/log/cb78f646-1d74-11eb-aee0-000babe55698/roslaunch-freight1207-9564.log', 'SHLVL': '1', 'QT_QPA_PLATFORMTHEME': 'appmenu-qt5', 'ROS_ETC_DIR': '/opt/ros/indigo/etc/ros', 'DISPLAY': 'localhost:12.0', 'NVM_BIN': '/home/fetch/.nvm/versions/node/v10.15.3/bin', '_VIRTUALENVWRAPPER_API': ' mkvirtualenv rmvirtualenv lsvirtualenv showvirtualenv workon add2virtualenv cdsitepackages cdvirtualenv lssitepackages toggleglobalsitepackages cpvirtualenv setvirtualenvproject mkproject cdproject mktmpenv mkvirtualenv rmvirtualenv lsvirtualenv showvirtualenv workon add2virtualenv cdsitepackages cdvirtualenv lssitepackages toggleglobalsitepackages cpvirtualenv setvirtualenvproject mkproject cdproject mktmpenv', 'CMAKE_PREFIX_PATH': '/home/fetch/catkin_ws/devel:/opt/ros/indigo', 'XDG_RUNTIME_DIR': '/run/user/1000', 'PYTHONPATH': '/home/fetch/catkin_ws/devel/lib/python2.7/dist-packages:/opt/ros/indigo/lib/python2.7/dist-packages', 'ROS_ROOT': '/opt/ros/indigo/share/ros', 'PKG_CONFIG_PATH': '/home/fetch/catkin_ws/devel/lib/pkgconfig:/opt/ros/indigo/lib/pkgconfig', 'ROS_PACKAGE_PATH': '/home/fetch/catkin_ws/src:/opt/ros/indigo/share:/opt/ros/indigo/stacks', 'XDG_SESSION_ID': '3', '_': '/opt/ros/indigo/bin/roslaunch', 'SSH_CONNECTION': '172.22.77.105 50555 172.22.77.172 22', 'LESSCLOSE': '/usr/bin/lesspipe %s %s', 'SSH_TTY': '/dev/pts/5', 'OLDPWD': '/home/fetch/catkin_ws', 'PWD': '/home/fetch/catkin_ws/src', 'ROS_MASTER_URI': 'http://localhost:11311', 'MAIL': '/var/mail/fetch', 'LS_COLORS': 'rs=0:di=01;34:ln=01;36:mh=00:pi=40;33:so=01;35:do=01;35:bd=40;33;01:cd=40;33;01:or=40;31;01:su=37;41:sg=30;43:ca=30;41:tw=30;42:ow=34;42:st=37;44:ex=01;32:*.tar=01;31:*.tgz=01;31:*.arj=01;31:*.taz=01;31:*.lzh=01;31:*.lzma=01;31:*.tlz=01;31:*.txz=01;31:*.zip=01;31:*.z=01;31:*.Z=01;31:*.dz=01;31:*.gz=01;31:*.lz=01;31:*.xz=01;31:*.bz2=01;31:*.bz=01;31:*.tbz=01;31:*.tbz2=01;31:*.tz=01;31:*.deb=01;31:*.rpm=01;31:*.jar=01;31:*.war=01;31:*.ear=01;31:*.sar=01;31:*.rar=01;31:*.ace=01;31:*.zoo=01;31:*.cpio=01;31:*.7z=01;31:*.rz=01;31:*.jpg=01;35:*.jpeg=01;35:*.gif=01;35:*.bmp=01;35:*.pbm=01;35:*.pgm=01;35:*.ppm=01;35:*.tga=01;35:*.xbm=01;35:*.xpm=01;35:*.tif=01;35:*.tiff=01;35:*.png=01;35:*.svg=01;35:*.svgz=01;35:*.mng=01;35:*.pcx=01;35:*.mov=01;35:*.mpg=01;35:*.mpeg=01;35:*.m2v=01;35:*.mkv=01;35:*.webm=01;35:*.ogm=01;35:*.mp4=01;35:*.m4v=01;35:*.mp4v=01;35:*.vob=01;35:*.qt=01;35:*.nuv=01;35:*.wmv=01;35:*.asf=01;35:*.rm=01;35:*.rmvb=01;35:*.flc=01;35:*.avi=01;35:*.fli=01;35:*.flv=01;35:*.gl=01;35:*.dl=01;35:*.xcf=01;35:*.xwd=01;35:*.yuv=01;35:*.cgm=01;35:*.emf=01;35:*.axv=01;35:*.anx=01;35:*.ogv=01;35:*.ogx=01;35:*.aac=00;36:*.au=00;36:*.flac=00;36:*.mid=00;36:*.midi=00;36:*.mka=00;36:*.mp3=00;36:*.mpc=00;36:*.ogg=00;36:*.ra=00;36:*.wav=00;36:*.axa=00;36:*.oga=00;36:*.spx=00;36:*.xspf=00;36:'}
[roslaunch][INFO] 2020-11-02 17:39:53,905: starting in server mode
[roslaunch.parent][INFO] 2020-11-02 17:39:53,905: starting roslaunch parent run
[roslaunch][INFO] 2020-11-02 17:39:53,905: loading roscore config file /opt/ros/indigo/etc/ros/roscore.xml
[roslaunch][INFO] 2020-11-02 17:39:53,974: Added core node of type [rosout/rosout] in namespace [/]
[roslaunch.config][INFO] 2020-11-02 17:39:53,974: loading config file /home/fetch/catkin_ws/src/robot_local_control/launch/robot_local_control.launch
[roslaunch][INFO] 2020-11-02 17:39:53,976: Added node of type [robot_local_control/local_control_navigation] in namespace [/]
[roslaunch][INFO] 2020-11-02 17:39:53,976: Added node of type [robot_local_control/local_control_initialpose] in namespace [/]
[roslaunch][INFO] 2020-11-02 17:39:53,976: Added node of type [robot_local_control/robot_pose_publisher] in namespace [/]
[roslaunch][INFO] 2020-11-02 17:39:53,976: ... selected machine [] for node of type [robot_local_control/local_control_navigation]
[roslaunch][INFO] 2020-11-02 17:39:53,977: ... selected machine [] for node of type [robot_local_control/local_control_initialpose]
[roslaunch][INFO] 2020-11-02 17:39:53,977: ... selected machine [] for node of type [robot_local_control/robot_pose_publisher]
[roslaunch.pmon][INFO] 2020-11-02 17:39:53,977: start_process_monitor: creating ProcessMonitor
[roslaunch.pmon][INFO] 2020-11-02 17:39:53,977: created process monitor <ProcessMonitor(ProcessMonitor-1, initial daemon)>
[roslaunch.pmon][INFO] 2020-11-02 17:39:53,978: start_process_monitor: ProcessMonitor started
[roslaunch.parent][INFO] 2020-11-02 17:39:53,978: starting parent XML-RPC server
[roslaunch.server][INFO] 2020-11-02 17:39:53,978: starting roslaunch XML-RPC server
[roslaunch.server][INFO] 2020-11-02 17:39:53,978: waiting for roslaunch XML-RPC server to initialize
[xmlrpc][INFO] 2020-11-02 17:39:53,978: XML-RPC server binding to 0.0.0.0:0
[xmlrpc][INFO] 2020-11-02 17:39:53,978: Started XML-RPC server [http://freight1207:57013/]
[xmlrpc][INFO] 2020-11-02 17:39:53,978: xml rpc node: starting XML-RPC server
[roslaunch][INFO] 2020-11-02 17:39:53,989: started roslaunch server http://freight1207:57013/
[roslaunch.parent][INFO] 2020-11-02 17:39:53,989: ... parent XML-RPC server started
[roslaunch][INFO] 2020-11-02 17:39:53,989: master.is_running[http://localhost:11311]
[roslaunch][INFO] 2020-11-02 17:39:53,990: master.is_running[http://localhost:11311]
[roslaunch][INFO] 2020-11-02 17:39:53,991: ROS_MASTER_URI=http://localhost:11311
[roslaunch][INFO] 2020-11-02 17:39:53,992: setting /roslaunch/uris/host_freight1207__57013' to http://freight1207:57013/
[roslaunch][INFO] 2020-11-02 17:39:53,994: load_parameters starting ...
[roslaunch][INFO] 2020-11-02 17:39:53,995: ... load_parameters complete
[roslaunch][INFO] 2020-11-02 17:39:53,995: launch_nodes: launching local nodes ...
[roslaunch][INFO] 2020-11-02 17:39:53,996: ... preparing to launch node of type [robot_local_control/local_control_navigation]
[roslaunch][INFO] 2020-11-02 17:39:53,996: create_node_process: package[robot_local_control] type[local_control_navigation] machine[Machine(name[] env_loader[None] address[localhost] ssh_port[22] user[None] assignable[True] timeout[10.0])] master_uri[http://localhost:11311]
[roslaunch][INFO] 2020-11-02 17:39:53,996: process[local_control_navigation-1]: env[{'ROS_DISTRO': 'indigo', 'NVM_CD_FLAGS': '', 'LESSOPEN': '| /usr/bin/lesspipe %s', 'SSH_CLIENT': '172.22.77.105 50555 22', 'CPATH': '/home/fetch/catkin_ws/devel/include:/opt/ros/indigo/include', 'LOGNAME': 'fetch', 'USER': 'fetch', 'NVM_DIR': '/home/fetch/.nvm', 'PATH': '/home/fetch/.nvm/versions/node/v10.15.3/bin:/opt/ros/indigo/bin:/usr/local/sbin:/usr/local/bin:/usr/sbin:/usr/bin:/sbin:/bin:/usr/games:/usr/local/games', 'HOME': '/home/fetch', 'VIRTUALENVWRAPPER_SCRIPT': '/usr/share/virtualenvwrapper/virtualenvwrapper.sh', 'ROS_LOG_FILENAME': '/home/fetch/.ros/log/cb78f646-1d74-11eb-aee0-000babe55698/roslaunch-freight1207-9564.log', 'LANG': 'en_US.UTF-8', 'TERM': 'xterm-256color', 'SHELL': '/bin/bash', 'SHLVL': '1', 'QT_QPA_PLATFORMTHEME': 'appmenu-qt5', 'DISPLAY': 'localhost:12.0', 'NVM_BIN': '/home/fetch/.nvm/versions/node/v10.15.3/bin', '_VIRTUALENVWRAPPER_API': ' mkvirtualenv rmvirtualenv lsvirtualenv showvirtualenv workon add2virtualenv cdsitepackages cdvirtualenv lssitepackages toggleglobalsitepackages cpvirtualenv setvirtualenvproject mkproject cdproject mktmpenv mkvirtualenv rmvirtualenv lsvirtualenv showvirtualenv workon add2virtualenv cdsitepackages cdvirtualenv lssitepackages toggleglobalsitepackages cpvirtualenv setvirtualenvproject mkproject cdproject mktmpenv', 'CMAKE_PREFIX_PATH': '/home/fetch/catkin_ws/devel:/opt/ros/indigo', 'XDG_RUNTIME_DIR': '/run/user/1000', 'PYTHONPATH': '/home/fetch/catkin_ws/devel/lib/python2.7/dist-packages:/opt/ros/indigo/lib/python2.7/dist-packages', 'ROS_ROOT': '/opt/ros/indigo/share/ros', 'PKG_CONFIG_PATH': '/home/fetch/catkin_ws/devel/lib/pkgconfig:/opt/ros/indigo/lib/pkgconfig', 'ROS_PACKAGE_PATH': '/home/fetch/catkin_ws/src:/opt/ros/indigo/share:/opt/ros/indigo/stacks', 'XDG_SESSION_ID': '3', '_': '/opt/ros/indigo/bin/roslaunch', 'LD_LIBRARY_PATH': '/home/fetch/catkin_ws/devel/lib:/opt/ros/indigo/lib', 'LS_COLORS': 'rs=0:di=01;34:ln=01;36:mh=00:pi=40;33:so=01;35:do=01;35:bd=40;33;01:cd=40;33;01:or=40;31;01:su=37;41:sg=30;43:ca=30;41:tw=30;42:ow=34;42:st=37;44:ex=01;32:*.tar=01;31:*.tgz=01;31:*.arj=01;31:*.taz=01;31:*.lzh=01;31:*.lzma=01;31:*.tlz=01;31:*.txz=01;31:*.zip=01;31:*.z=01;31:*.Z=01;31:*.dz=01;31:*.gz=01;31:*.lz=01;31:*.xz=01;31:*.bz2=01;31:*.bz=01;31:*.tbz=01;31:*.tbz2=01;31:*.tz=01;31:*.deb=01;31:*.rpm=01;31:*.jar=01;31:*.war=01;31:*.ear=01;31:*.sar=01;31:*.rar=01;31:*.ace=01;31:*.zoo=01;31:*.cpio=01;31:*.7z=01;31:*.rz=01;31:*.jpg=01;35:*.jpeg=01;35:*.gif=01;35:*.bmp=01;35:*.pbm=01;35:*.pgm=01;35:*.ppm=01;35:*.tga=01;35:*.xbm=01;35:*.xpm=01;35:*.tif=01;35:*.tiff=01;35:*.png=01;35:*.svg=01;35:*.svgz=01;35:*.mng=01;35:*.pcx=01;35:*.mov=01;35:*.mpg=01;35:*.mpeg=01;35:*.m2v=01;35:*.mkv=01;35:*.webm=01;35:*.ogm=01;35:*.mp4=01;35:*.m4v=01;35:*.mp4v=01;35:*.vob=01;35:*.qt=01;35:*.nuv=01;35:*.wmv=01;35:*.asf=01;35:*.rm=01;35:*.rmvb=01;35:*.flc=01;35:*.avi=01;35:*.fli=01;35:*.flv=01;35:*.gl=01;35:*.dl=01;35:*.xcf=01;35:*.xwd=01;35:*.yuv=01;35:*.cgm=01;35:*.emf=01;35:*.axv=01;35:*.anx=01;35:*.ogv=01;35:*.ogx=01;35:*.aac=00;36:*.au=00;36:*.flac=00;36:*.mid=00;36:*.midi=00;36:*.mka=00;36:*.mp3=00;36:*.mpc=00;36:*.ogg=00;36:*.ra=00;36:*.wav=00;36:*.axa=00;36:*.oga=00;36:*.spx=00;36:*.xspf=00;36:', 'LESSCLOSE': '/usr/bin/lesspipe %s %s', 'SSH_TTY': '/dev/pts/5', 'OLDPWD': '/home/fetch/catkin_ws', 'PWD': '/home/fetch/catkin_ws/src', 'ROS_ETC_DIR': '/opt/ros/indigo/etc/ros', 'ROS_MASTER_URI': 'http://localhost:11311', 'MAIL': '/var/mail/fetch', 'SSH_CONNECTION': '172.22.77.105 50555 172.22.77.172 22'}]
[roslaunch][INFO] 2020-11-02 17:39:54,027: process[local_control_navigation-1]: args[[u'/home/fetch/catkin_ws/devel/lib/robot_local_control/local_control_navigation', u'__name:=local_control_navigation']]
[roslaunch][INFO] 2020-11-02 17:39:54,027: ... created process [local_control_navigation-1]
[roslaunch.pmon][INFO] 2020-11-02 17:39:54,027: ProcessMonitor.register[local_control_navigation-1]
[roslaunch.pmon][INFO] 2020-11-02 17:39:54,027: ProcessMonitor.register[local_control_navigation-1] complete
[roslaunch][INFO] 2020-11-02 17:39:54,028: ... registered process [local_control_navigation-1]
[roslaunch][INFO] 2020-11-02 17:39:54,028: process[local_control_navigation-1]: starting os process
[roslaunch][INFO] 2020-11-02 17:39:54,028: process[local_control_navigation-1]: start w/ args [[u'/home/fetch/catkin_ws/devel/lib/robot_local_control/local_control_navigation', u'__name:=local_control_navigation', u'__log:=/home/fetch/.ros/log/cb78f646-1d74-11eb-aee0-000babe55698/local_control_navigation-1.log']]
[roslaunch][INFO] 2020-11-02 17:39:54,028: process[local_control_navigation-1]: cwd will be [/home/fetch/.ros]
[roslaunch][INFO] 2020-11-02 17:39:54,030: process[local_control_navigation-1]: started with pid [9582]
[roslaunch][INFO] 2020-11-02 17:39:54,030: ... successfully launched [local_control_navigation-1]
[roslaunch][INFO] 2020-11-02 17:39:54,030: ... preparing to launch node of type [robot_local_control/local_control_initialpose]
[roslaunch][INFO] 2020-11-02 17:39:54,031: create_node_process: package[robot_local_control] type[local_control_initialpose] machine[Machine(name[] env_loader[None] address[localhost] ssh_port[22] user[None] assignable[True] timeout[10.0])] master_uri[http://localhost:11311]
[roslaunch][INFO] 2020-11-02 17:39:54,031: process[local_control_initialpose-2]: env[{'ROS_DISTRO': 'indigo', 'NVM_CD_FLAGS': '', 'LESSOPEN': '| /usr/bin/lesspipe %s', 'SSH_CLIENT': '172.22.77.105 50555 22', 'CPATH': '/home/fetch/catkin_ws/devel/include:/opt/ros/indigo/include', 'LOGNAME': 'fetch', 'USER': 'fetch', 'NVM_DIR': '/home/fetch/.nvm', 'PATH': '/home/fetch/.nvm/versions/node/v10.15.3/bin:/opt/ros/indigo/bin:/usr/local/sbin:/usr/local/bin:/usr/sbin:/usr/bin:/sbin:/bin:/usr/games:/usr/local/games', 'HOME': '/home/fetch', 'VIRTUALENVWRAPPER_SCRIPT': '/usr/share/virtualenvwrapper/virtualenvwrapper.sh', 'ROS_LOG_FILENAME': '/home/fetch/.ros/log/cb78f646-1d74-11eb-aee0-000babe55698/roslaunch-freight1207-9564.log', 'LANG': 'en_US.UTF-8', 'TERM': 'xterm-256color', 'SHELL': '/bin/bash', 'SHLVL': '1', 'QT_QPA_PLATFORMTHEME': 'appmenu-qt5', 'DISPLAY': 'localhost:12.0', 'NVM_BIN': '/home/fetch/.nvm/versions/node/v10.15.3/bin', '_VIRTUALENVWRAPPER_API': ' mkvirtualenv rmvirtualenv lsvirtualenv showvirtualenv workon add2virtualenv cdsitepackages cdvirtualenv lssitepackages toggleglobalsitepackages cpvirtualenv setvirtualenvproject mkproject cdproject mktmpenv mkvirtualenv rmvirtualenv lsvirtualenv showvirtualenv workon add2virtualenv cdsitepackages cdvirtualenv lssitepackages toggleglobalsitepackages cpvirtualenv setvirtualenvproject mkproject cdproject mktmpenv', 'CMAKE_PREFIX_PATH': '/home/fetch/catkin_ws/devel:/opt/ros/indigo', 'XDG_RUNTIME_DIR': '/run/user/1000', 'PYTHONPATH': '/home/fetch/catkin_ws/devel/lib/python2.7/dist-packages:/opt/ros/indigo/lib/python2.7/dist-packages', 'ROS_ROOT': '/opt/ros/indigo/share/ros', 'PKG_CONFIG_PATH': '/home/fetch/catkin_ws/devel/lib/pkgconfig:/opt/ros/indigo/lib/pkgconfig', 'ROS_PACKAGE_PATH': '/home/fetch/catkin_ws/src:/opt/ros/indigo/share:/opt/ros/indigo/stacks', 'XDG_SESSION_ID': '3', '_': '/opt/ros/indigo/bin/roslaunch', 'LD_LIBRARY_PATH': '/home/fetch/catkin_ws/devel/lib:/opt/ros/indigo/lib', 'LS_COLORS': 'rs=0:di=01;34:ln=01;36:mh=00:pi=40;33:so=01;35:do=01;35:bd=40;33;01:cd=40;33;01:or=40;31;01:su=37;41:sg=30;43:ca=30;41:tw=30;42:ow=34;42:st=37;44:ex=01;32:*.tar=01;31:*.tgz=01;31:*.arj=01;31:*.taz=01;31:*.lzh=01;31:*.lzma=01;31:*.tlz=01;31:*.txz=01;31:*.zip=01;31:*.z=01;31:*.Z=01;31:*.dz=01;31:*.gz=01;31:*.lz=01;31:*.xz=01;31:*.bz2=01;31:*.bz=01;31:*.tbz=01;31:*.tbz2=01;31:*.tz=01;31:*.deb=01;31:*.rpm=01;31:*.jar=01;31:*.war=01;31:*.ear=01;31:*.sar=01;31:*.rar=01;31:*.ace=01;31:*.zoo=01;31:*.cpio=01;31:*.7z=01;31:*.rz=01;31:*.jpg=01;35:*.jpeg=01;35:*.gif=01;35:*.bmp=01;35:*.pbm=01;35:*.pgm=01;35:*.ppm=01;35:*.tga=01;35:*.xbm=01;35:*.xpm=01;35:*.tif=01;35:*.tiff=01;35:*.png=01;35:*.svg=01;35:*.svgz=01;35:*.mng=01;35:*.pcx=01;35:*.mov=01;35:*.mpg=01;35:*.mpeg=01;35:*.m2v=01;35:*.mkv=01;35:*.webm=01;35:*.ogm=01;35:*.mp4=01;35:*.m4v=01;35:*.mp4v=01;35:*.vob=01;35:*.qt=01;35:*.nuv=01;35:*.wmv=01;35:*.asf=01;35:*.rm=01;35:*.rmvb=01;35:*.flc=01;35:*.avi=01;35:*.fli=01;35:*.flv=01;35:*.gl=01;35:*.dl=01;35:*.xcf=01;35:*.xwd=01;35:*.yuv=01;35:*.cgm=01;35:*.emf=01;35:*.axv=01;35:*.anx=01;35:*.ogv=01;35:*.ogx=01;35:*.aac=00;36:*.au=00;36:*.flac=00;36:*.mid=00;36:*.midi=00;36:*.mka=00;36:*.mp3=00;36:*.mpc=00;36:*.ogg=00;36:*.ra=00;36:*.wav=00;36:*.axa=00;36:*.oga=00;36:*.spx=00;36:*.xspf=00;36:', 'LESSCLOSE': '/usr/bin/lesspipe %s %s', 'SSH_TTY': '/dev/pts/5', 'OLDPWD': '/home/fetch/catkin_ws', 'PWD': '/home/fetch/catkin_ws/src', 'ROS_ETC_DIR': '/opt/ros/indigo/etc/ros', 'ROS_MASTER_URI': 'http://localhost:11311', 'MAIL': '/var/mail/fetch', 'SSH_CONNECTION': '172.22.77.105 50555 172.22.77.172 22'}]
[roslaunch][INFO] 2020-11-02 17:39:54,031: process[local_control_initialpose-2]: args[[u'/home/fetch/catkin_ws/devel/lib/robot_local_control/local_control_initialpose', u'__name:=local_control_initialpose']]
[roslaunch][INFO] 2020-11-02 17:39:54,031: ... created process [local_control_initialpose-2]
[roslaunch.pmon][INFO] 2020-11-02 17:39:54,031: ProcessMonitor.register[local_control_initialpose-2]
[roslaunch.pmon][INFO] 2020-11-02 17:39:54,032: ProcessMonitor.register[local_control_initialpose-2] complete
[roslaunch][INFO] 2020-11-02 17:39:54,032: ... registered process [local_control_initialpose-2]
[roslaunch][INFO] 2020-11-02 17:39:54,032: process[local_control_initialpose-2]: starting os process
[roslaunch][INFO] 2020-11-02 17:39:54,032: process[local_control_initialpose-2]: start w/ args [[u'/home/fetch/catkin_ws/devel/lib/robot_local_control/local_control_initialpose', u'__name:=local_control_initialpose', u'__log:=/home/fetch/.ros/log/cb78f646-1d74-11eb-aee0-000babe55698/local_control_initialpose-2.log']]
[roslaunch][INFO] 2020-11-02 17:39:54,032: process[local_control_initialpose-2]: cwd will be [/home/fetch/.ros]
[roslaunch][INFO] 2020-11-02 17:39:54,034: process[local_control_initialpose-2]: started with pid [9583]
[roslaunch][INFO] 2020-11-02 17:39:54,034: ... successfully launched [local_control_initialpose-2]
[roslaunch][INFO] 2020-11-02 17:39:54,034: ... preparing to launch node of type [robot_local_control/robot_pose_publisher]
[roslaunch][INFO] 2020-11-02 17:39:54,034: create_node_process: package[robot_local_control] type[robot_pose_publisher] machine[Machine(name[] env_loader[None] address[localhost] ssh_port[22] user[None] assignable[True] timeout[10.0])] master_uri[http://localhost:11311]
[roslaunch][INFO] 2020-11-02 17:39:54,034: process[robot_pose_publisher-3]: env[{'ROS_DISTRO': 'indigo', 'NVM_CD_FLAGS': '', 'LESSOPEN': '| /usr/bin/lesspipe %s', 'SSH_CLIENT': '172.22.77.105 50555 22', 'CPATH': '/home/fetch/catkin_ws/devel/include:/opt/ros/indigo/include', 'LOGNAME': 'fetch', 'USER': 'fetch', 'NVM_DIR': '/home/fetch/.nvm', 'PATH': '/home/fetch/.nvm/versions/node/v10.15.3/bin:/opt/ros/indigo/bin:/usr/local/sbin:/usr/local/bin:/usr/sbin:/usr/bin:/sbin:/bin:/usr/games:/usr/local/games', 'HOME': '/home/fetch', 'VIRTUALENVWRAPPER_SCRIPT': '/usr/share/virtualenvwrapper/virtualenvwrapper.sh', 'ROS_LOG_FILENAME': '/home/fetch/.ros/log/cb78f646-1d74-11eb-aee0-000babe55698/roslaunch-freight1207-9564.log', 'LANG': 'en_US.UTF-8', 'TERM': 'xterm-256color', 'SHELL': '/bin/bash', 'SHLVL': '1', 'QT_QPA_PLATFORMTHEME': 'appmenu-qt5', 'DISPLAY': 'localhost:12.0', 'NVM_BIN': '/home/fetch/.nvm/versions/node/v10.15.3/bin', '_VIRTUALENVWRAPPER_API': ' mkvirtualenv rmvirtualenv lsvirtualenv showvirtualenv workon add2virtualenv cdsitepackages cdvirtualenv lssitepackages toggleglobalsitepackages cpvirtualenv setvirtualenvproject mkproject cdproject mktmpenv mkvirtualenv rmvirtualenv lsvirtualenv showvirtualenv workon add2virtualenv cdsitepackages cdvirtualenv lssitepackages toggleglobalsitepackages cpvirtualenv setvirtualenvproject mkproject cdproject mktmpenv', 'CMAKE_PREFIX_PATH': '/home/fetch/catkin_ws/devel:/opt/ros/indigo', 'XDG_RUNTIME_DIR': '/run/user/1000', 'PYTHONPATH': '/home/fetch/catkin_ws/devel/lib/python2.7/dist-packages:/opt/ros/indigo/lib/python2.7/dist-packages', 'ROS_ROOT': '/opt/ros/indigo/share/ros', 'PKG_CONFIG_PATH': '/home/fetch/catkin_ws/devel/lib/pkgconfig:/opt/ros/indigo/lib/pkgconfig', 'ROS_PACKAGE_PATH': '/home/fetch/catkin_ws/src:/opt/ros/indigo/share:/opt/ros/indigo/stacks', 'XDG_SESSION_ID': '3', '_': '/opt/ros/indigo/bin/roslaunch', 'LD_LIBRARY_PATH': '/home/fetch/catkin_ws/devel/lib:/opt/ros/indigo/lib', 'LS_COLORS': 'rs=0:di=01;34:ln=01;36:mh=00:pi=40;33:so=01;35:do=01;35:bd=40;33;01:cd=40;33;01:or=40;31;01:su=37;41:sg=30;43:ca=30;41:tw=30;42:ow=34;42:st=37;44:ex=01;32:*.tar=01;31:*.tgz=01;31:*.arj=01;31:*.taz=01;31:*.lzh=01;31:*.lzma=01;31:*.tlz=01;31:*.txz=01;31:*.zip=01;31:*.z=01;31:*.Z=01;31:*.dz=01;31:*.gz=01;31:*.lz=01;31:*.xz=01;31:*.bz2=01;31:*.bz=01;31:*.tbz=01;31:*.tbz2=01;31:*.tz=01;31:*.deb=01;31:*.rpm=01;31:*.jar=01;31:*.war=01;31:*.ear=01;31:*.sar=01;31:*.rar=01;31:*.ace=01;31:*.zoo=01;31:*.cpio=01;31:*.7z=01;31:*.rz=01;31:*.jpg=01;35:*.jpeg=01;35:*.gif=01;35:*.bmp=01;35:*.pbm=01;35:*.pgm=01;35:*.ppm=01;35:*.tga=01;35:*.xbm=01;35:*.xpm=01;35:*.tif=01;35:*.tiff=01;35:*.png=01;35:*.svg=01;35:*.svgz=01;35:*.mng=01;35:*.pcx=01;35:*.mov=01;35:*.mpg=01;35:*.mpeg=01;35:*.m2v=01;35:*.mkv=01;35:*.webm=01;35:*.ogm=01;35:*.mp4=01;35:*.m4v=01;35:*.mp4v=01;35:*.vob=01;35:*.qt=01;35:*.nuv=01;35:*.wmv=01;35:*.asf=01;35:*.rm=01;35:*.rmvb=01;35:*.flc=01;35:*.avi=01;35:*.fli=01;35:*.flv=01;35:*.gl=01;35:*.dl=01;35:*.xcf=01;35:*.xwd=01;35:*.yuv=01;35:*.cgm=01;35:*.emf=01;35:*.axv=01;35:*.anx=01;35:*.ogv=01;35:*.ogx=01;35:*.aac=00;36:*.au=00;36:*.flac=00;36:*.mid=00;36:*.midi=00;36:*.mka=00;36:*.mp3=00;36:*.mpc=00;36:*.ogg=00;36:*.ra=00;36:*.wav=00;36:*.axa=00;36:*.oga=00;36:*.spx=00;36:*.xspf=00;36:', 'LESSCLOSE': '/usr/bin/lesspipe %s %s', 'SSH_TTY': '/dev/pts/5', 'OLDPWD': '/home/fetch/catkin_ws', 'PWD': '/home/fetch/catkin_ws/src', 'ROS_ETC_DIR': '/opt/ros/indigo/etc/ros', 'ROS_MASTER_URI': 'http://localhost:11311', 'MAIL': '/var/mail/fetch', 'SSH_CONNECTION': '172.22.77.105 50555 172.22.77.172 22'}]
[roslaunch][INFO] 2020-11-02 17:39:54,035: process[robot_pose_publisher-3]: args[[u'/home/fetch/catkin_ws/devel/lib/robot_local_control/robot_pose_publisher', u'__name:=robot_pose_publisher']]
[roslaunch][INFO] 2020-11-02 17:39:54,035: ... created process [robot_pose_publisher-3]
[roslaunch.pmon][INFO] 2020-11-02 17:39:54,035: ProcessMonitor.register[robot_pose_publisher-3]
[roslaunch.pmon][INFO] 2020-11-02 17:39:54,035: ProcessMonitor.register[robot_pose_publisher-3] complete
[roslaunch][INFO] 2020-11-02 17:39:54,035: ... registered process [robot_pose_publisher-3]
[roslaunch][INFO] 2020-11-02 17:39:54,035: process[robot_pose_publisher-3]: starting os process
[roslaunch][INFO] 2020-11-02 17:39:54,036: process[robot_pose_publisher-3]: start w/ args [[u'/home/fetch/catkin_ws/devel/lib/robot_local_control/robot_pose_publisher', u'__name:=robot_pose_publisher', u'__log:=/home/fetch/.ros/log/cb78f646-1d74-11eb-aee0-000babe55698/robot_pose_publisher-3.log']]
[roslaunch][INFO] 2020-11-02 17:39:54,036: process[robot_pose_publisher-3]: cwd will be [/home/fetch/.ros]
[roslaunch][INFO] 2020-11-02 17:39:54,039: process[robot_pose_publisher-3]: started with pid [9585]
[roslaunch][INFO] 2020-11-02 17:39:54,039: ... successfully launched [robot_pose_publisher-3]
[roslaunch][INFO] 2020-11-02 17:39:54,039: ... launch_nodes complete
[roslaunch.pmon][INFO] 2020-11-02 17:39:54,039: registrations completed <ProcessMonitor(ProcessMonitor-1, started daemon 140242158343936)>
[roslaunch.parent][INFO] 2020-11-02 17:39:54,039: ... roslaunch parent running, waiting for process exit
[roslaunch][INFO] 2020-11-02 17:39:54,039: spin
[roslaunch.pmon][INFO] 2020-11-02 17:39:54,716: ProcessMonitor.shutdown <ProcessMonitor(ProcessMonitor-1, started daemon 140242158343936)>
[roslaunch.pmon][INFO] 2020-11-02 17:39:54,779: ProcessMonitor._post_run <ProcessMonitor(ProcessMonitor-1, started daemon 140242158343936)>
[roslaunch.pmon][INFO] 2020-11-02 17:39:54,779: ProcessMonitor._post_run <ProcessMonitor(ProcessMonitor-1, started daemon 140242158343936)>: remaining procs are [<roslaunch.nodeprocess.LocalProcess object at 0x7f8cac2fd710>, <roslaunch.nodeprocess.LocalProcess object at 0x7f8cac2fd650>, <roslaunch.nodeprocess.LocalProcess object at 0x7f8cac2fd6d0>]
[roslaunch.pmon][INFO] 2020-11-02 17:39:54,779: ProcessMonitor exit: killing robot_pose_publisher-3
[roslaunch][INFO] 2020-11-02 17:39:54,779: [robot_pose_publisher-3] killing on exit
[roslaunch.pmon][INFO] 2020-11-02 17:39:54,780: ProcessMonitor exit: killing local_control_initialpose-2
[roslaunch.pmon][INFO] 2020-11-02 17:39:54,780: ProcessMonitor exit: killing local_control_navigation-1
[roslaunch][INFO] 2020-11-02 17:39:54,780: process[robot_pose_publisher-3]: killing os process with pid[9585] pgid[9585]
[roslaunch][INFO] 2020-11-02 17:39:54,780: [local_control_initialpose-2] killing on exit
[roslaunch][INFO] 2020-11-02 17:39:54,780: [local_control_navigation-1] killing on exit
[roslaunch][INFO] 2020-11-02 17:39:54,780: [robot_pose_publisher-3] sending SIGINT to pgid [9585]
[roslaunch][INFO] 2020-11-02 17:39:54,781: process[local_control_initialpose-2]: killing os process with pid[9583] pgid[9583]
[roslaunch][INFO] 2020-11-02 17:39:54,781: process[local_control_navigation-1]: killing os process with pid[9582] pgid[9582]
[roslaunch][INFO] 2020-11-02 17:39:54,781: [local_control_initialpose-2] sending SIGINT to pgid [9583]
[roslaunch][INFO] 2020-11-02 17:39:54,781: [robot_pose_publisher-3] sent SIGINT to pgid [9585]
[roslaunch][INFO] 2020-11-02 17:39:54,781: [local_control_navigation-1] sending SIGINT to pgid [9582]
[roslaunch][INFO] 2020-11-02 17:39:54,781: [local_control_initialpose-2] sent SIGINT to pgid [9583]
[roslaunch][INFO] 2020-11-02 17:39:54,781: [local_control_navigation-1] sent SIGINT to pgid [9582]
[roslaunch][INFO] 2020-11-02 17:39:54,981: process[robot_pose_publisher-3]: SIGINT killed with return value 0
[roslaunch][INFO] 2020-11-02 17:39:54,982: process[local_control_initialpose-2]: SIGINT killed with return value 0
[roslaunch][INFO] 2020-11-02 17:39:55,082: process[local_control_navigation-1]: SIGINT killed with return value 0
[roslaunch.pmon][INFO] 2020-11-02 17:39:55,082: ProcessMonitor exit: cleaning up data structures and signals
[roslaunch.pmon][INFO] 2020-11-02 17:39:55,082: ProcessMonitor exit: pmon has shutdown
[roslaunch][INFO] 2020-11-02 17:39:55,131: process monitor is done spinning, initiating full shutdown
[roslaunch][INFO] 2020-11-02 17:39:55,131: runner.stop()
[roslaunch][INFO] 2020-11-02 17:39:55,131: shutting down processing monitor...
[roslaunch][INFO] 2020-11-02 17:39:55,131: shutting down processing monitor <ProcessMonitor(ProcessMonitor-1, stopped daemon 140242158343936)>
[roslaunch.pmon][INFO] 2020-11-02 17:39:55,131: ProcessMonitor.shutdown <ProcessMonitor(ProcessMonitor-1, stopped daemon 140242158343936)>
[roslaunch][INFO] 2020-11-02 17:39:55,131: ... shutting down processing monitor complete
[roslaunch][INFO] 2020-11-02 17:39:55,131: done
[roslaunch.pmon][INFO] 2020-11-02 17:39:55,131: ProcessMonitor.shutdown <ProcessMonitor(ProcessMonitor-1, stopped daemon 140242158343936)>
[rospy.core][INFO] 2020-11-02 17:39:55,131: signal_shutdown [atexit]
