[0m[ INFO] [1604651246.683358270]: rviz version 1.11.18[0m
[0m[ INFO] [1604651246.683392595]: compiled against Qt version 4.8.6[0m
[0m[ INFO] [1604651246.683400204]: compiled against OGRE version 1.8.1 (Byatis)[0m
[0m[ INFO] [1604651247.193866494]: Stereo is NOT SUPPORTED[0m
[0m[ INFO] [1604651247.193926719]: OpenGl version: 3 (GLSL 1.3).[0m
[33m[ WARN] [1604651393.300497593]: MessageFilter [target=map ]: Discarding message from [/move_base] due to empty frame_id.  This message will only print once.[0m
[33m[ WARN] [1604651393.300578217]: Invalid argument passed to canTransform argument source_frame in tf2 frame_ids cannot be empty[0m
[33m[ WARN] [1604651393.300640246]: Invalid argument passed to canTransform argument source_frame in tf2 frame_ids cannot be empty[0m
[33m[ WARN] [1604651393.300669203]: Invalid argument passed to canTransform argument source_frame in tf2 frame_ids cannot be empty[0m
[33m[ WARN] [1604651393.300687748]: Invalid argument passed to canTransform argument source_frame in tf2 frame_ids cannot be empty[0m
[33m[ WARN] [1604651393.300704154]: Invalid argument passed to canTransform argument source_frame in tf2 frame_ids cannot be empty[0m
[33m[ WARN] [1604651393.300719908]: Invalid argument passed to canTransform argument source_frame in tf2 frame_ids cannot be empty[0m
[33m[ WARN] [1604651393.300735441]: Invalid argument passed to canTransform argument source_frame in tf2 frame_ids cannot be empty[0m
[33m[ WARN] [1604651393.300751217]: Invalid argument passed to canTransform argument source_frame in tf2 frame_ids cannot be empty[0m
[33m[ WARN] [1604651393.300767696]: Invalid argument passed to canTransform argument source_frame in tf2 frame_ids cannot be empty[0m
[33m[ WARN] [1604651393.300784474]: Invalid argument passed to canTransform argument source_frame in tf2 frame_ids cannot be empty[0m
[33m[ WARN] [1604651395.733157382]: Invalid argument passed to canTransform argument source_frame in tf2 frame_ids cannot be empty[0m
[33m[ WARN] [1604651395.733210213]: Invalid argument passed to canTransform argument source_frame in tf2 frame_ids cannot be empty[0m
[33m[ WARN] [1604651395.733247019]: Invalid argument passed to canTransform argument source_frame in tf2 frame_ids cannot be empty[0m
[33m[ WARN] [1604651395.733261960]: Invalid argument passed to canTransform argument source_frame in tf2 frame_ids cannot be empty[0m
[33m[ WARN] [1604651395.733278241]: Invalid argument passed to canTransform argument source_frame in tf2 frame_ids cannot be empty[0m
[33m[ WARN] [1604651395.733295436]: Invalid argument passed to canTransform argument source_frame in tf2 frame_ids cannot be empty[0m
[33m[ WARN] [1604651395.733311648]: Invalid argument passed to canTransform argument source_frame in tf2 frame_ids cannot be empty[0m
[33m[ WARN] [1604651395.733327785]: Invalid argument passed to canTransform argument source_frame in tf2 frame_ids cannot be empty[0m
[33m[ WARN] [1604651395.733343804]: Invalid argument passed to canTransform argument source_frame in tf2 frame_ids cannot be empty[0m
[33m[ WARN] [1604651395.733360216]: Invalid argument passed to canTransform argument source_frame in tf2 frame_ids cannot be empty[0m
[33m[ WARN] [1604651397.301343472]: Invalid argument passed to canTransform argument source_frame in tf2 frame_ids cannot be empty[0m
[33m[ WARN] [1604651397.301400558]: Invalid argument passed to canTransform argument source_frame in tf2 frame_ids cannot be empty[0m
[33m[ WARN] [1604651397.301419606]: Invalid argument passed to canTransform argument source_frame in tf2 frame_ids cannot be empty[0m
[33m[ WARN] [1604651397.301436320]: Invalid argument passed to canTransform argument source_frame in tf2 frame_ids cannot be empty[0m
[33m[ WARN] [1604651397.301450118]: Invalid argument passed to canTransform argument source_frame in tf2 frame_ids cannot be empty[0m
[33m[ WARN] [1604651397.301482594]: Invalid argument passed to canTransform argument source_frame in tf2 frame_ids cannot be empty[0m
[33m[ WARN] [1604651397.301497808]: Invalid argument passed to canTransform argument source_frame in tf2 frame_ids cannot be empty[0m
[33m[ WARN] [1604651397.301536620]: Invalid argument passed to canTransform argument source_frame in tf2 frame_ids cannot be empty[0m
[33m[ WARN] [1604651397.301553023]: Invalid argument passed to canTransform argument source_frame in tf2 frame_ids cannot be empty[0m
[33m[ WARN] [1604651397.301568417]: Invalid argument passed to canTransform argument source_frame in tf2 frame_ids cannot be empty[0m
[33m[ WARN] [1604651398.993168037]: Invalid argument passed to canTransform argument source_frame in tf2 frame_ids cannot be empty[0m
[33m[ WARN] [1604651398.993216363]: Invalid argument passed to canTransform argument source_frame in tf2 frame_ids cannot be empty[0m
[33m[ WARN] [1604651398.993235985]: Invalid argument passed to canTransform argument source_frame in tf2 frame_ids cannot be empty[0m
[33m[ WARN] [1604651398.993252738]: Invalid argument passed to canTransform argument source_frame in tf2 frame_ids cannot be empty[0m
[33m[ WARN] [1604651398.993270394]: Invalid argument passed to canTransform argument source_frame in tf2 frame_ids cannot be empty[0m
[33m[ WARN] [1604651398.993286437]: Invalid argument passed to canTransform argument source_frame in tf2 frame_ids cannot be empty[0m
[33m[ WARN] [1604651398.993302096]: Invalid argument passed to canTransform argument source_frame in tf2 frame_ids cannot be empty[0m
[33m[ WARN] [1604651398.993318353]: Invalid argument passed to canTransform argument source_frame in tf2 frame_ids cannot be empty[0m
[33m[ WARN] [1604651398.993333911]: Invalid argument passed to canTransform argument source_frame in tf2 frame_ids cannot be empty[0m
[33m[ WARN] [1604651398.993349303]: Invalid argument passed to canTransform argument source_frame in tf2 frame_ids cannot be empty[0m
[33m[ WARN] [1604651400.761285259]: Invalid argument passed to canTransform argument source_frame in tf2 frame_ids cannot be empty[0m
[33m[ WARN] [1604651400.761336902]: Invalid argument passed to canTransform argument source_frame in tf2 frame_ids cannot be empty[0m
[33m[ WARN] [1604651400.761355580]: Invalid argument passed to canTransform argument source_frame in tf2 frame_ids cannot be empty[0m
[33m[ WARN] [1604651400.761372524]: Invalid argument passed to canTransform argument source_frame in tf2 frame_ids cannot be empty[0m
[33m[ WARN] [1604651400.761395715]: Invalid argument passed to canTransform argument source_frame in tf2 frame_ids cannot be empty[0m
[33m[ WARN] [1604651400.761418909]: Invalid argument passed to canTransform argument source_frame in tf2 frame_ids cannot be empty[0m
[33m[ WARN] [1604651400.761433826]: Invalid argument passed to canTransform argument source_frame in tf2 frame_ids cannot be empty[0m
[33m[ WARN] [1604651400.761450254]: Invalid argument passed to canTransform argument source_frame in tf2 frame_ids cannot be empty[0m
[33m[ WARN] [1604651400.761467976]: Invalid argument passed to canTransform argument source_frame in tf2 frame_ids cannot be empty[0m
[33m[ WARN] [1604651400.761483942]: Invalid argument passed to canTransform argument source_frame in tf2 frame_ids cannot be empty[0m
[33m[ WARN] [1604651402.002829726]: Invalid argument passed to canTransform argument source_frame in tf2 frame_ids cannot be empty[0m
[33m[ WARN] [1604651402.002889364]: Invalid argument passed to canTransform argument source_frame in tf2 frame_ids cannot be empty[0m
[33m[ WARN] [1604651402.002915144]: Invalid argument passed to canTransform argument source_frame in tf2 frame_ids cannot be empty[0m
[33m[ WARN] [1604651402.002932563]: Invalid argument passed to canTransform argument source_frame in tf2 frame_ids cannot be empty[0m
[33m[ WARN] [1604651402.002956172]: Invalid argument passed to canTransform argument source_frame in tf2 frame_ids cannot be empty[0m
[33m[ WARN] [1604651402.002979092]: Invalid argument passed to canTransform argument source_frame in tf2 frame_ids cannot be empty[0m
[33m[ WARN] [1604651402.002997015]: Invalid argument pa